WARNING: An illegal reflective access operation has occurred
WARNING: Illegal reflective access by com.google.inject.internal.cglib.core.$ReflectUtils$1 (file:/usr/share/maven/lib/guice.jar) to method java.lang.ClassLoader.defineClass(java.lang.String,byte[],int,int,java.security.ProtectionDomain)
WARNING: Please consider reporting this to the maintainers of com.google.inject.internal.cglib.core.$ReflectUtils$1
WARNING: Use --illegal-access=warn to enable warnings of further illegal reflective access operations
WARNING: All illegal access operations will be denied in a future release
[INFO] Scanning for projects...
[WARNING] 
[WARNING] Some problems were encountered while building the effective model for cn.wensiqun:asmsupport-third:jar:0.4.4
[WARNING] 'build.plugins.plugin.version' for org.apache.maven.plugins:maven-source-plugin is missing. @ cn.wensiqun:asmsupport:0.4.4, /home/codegex/Documents/workspace/rbugs/experiment/top100repos/asmsupport/pom.xml, line 158, column 12
[WARNING] 
[WARNING] Some problems were encountered while building the effective model for cn.wensiqun:asmsupport-standard:jar:0.4.4
[WARNING] 'build.plugins.plugin.version' for org.apache.maven.plugins:maven-source-plugin is missing. @ cn.wensiqun:asmsupport:0.4.4, /home/codegex/Documents/workspace/rbugs/experiment/top100repos/asmsupport/pom.xml, line 158, column 12
[WARNING] 
[WARNING] Some problems were encountered while building the effective model for cn.wensiqun:asmsupport-core:jar:0.4.4
[WARNING] 'build.plugins.plugin.version' for org.apache.maven.plugins:maven-source-plugin is missing. @ cn.wensiqun:asmsupport:0.4.4, /home/codegex/Documents/workspace/rbugs/experiment/top100repos/asmsupport/pom.xml, line 158, column 12
[WARNING] 
[WARNING] Some problems were encountered while building the effective model for cn.wensiqun:asmsupport-client:jar:0.4.4
[WARNING] 'build.plugins.plugin.version' for org.apache.maven.plugins:maven-source-plugin is missing. @ cn.wensiqun:asmsupport:0.4.4, /home/codegex/Documents/workspace/rbugs/experiment/top100repos/asmsupport/pom.xml, line 158, column 12
[WARNING] 
[WARNING] Some problems were encountered while building the effective model for cn.wensiqun:asmsupport-grammar:jar:0.4.4
[WARNING] 'build.plugins.plugin.version' for org.apache.maven.plugins:maven-source-plugin is missing. @ cn.wensiqun:asmsupport:0.4.4, /home/codegex/Documents/workspace/rbugs/experiment/top100repos/asmsupport/pom.xml, line 158, column 12
[WARNING] 
[WARNING] Some problems were encountered while building the effective model for cn.wensiqun:asmsupport-issues:jar:0.4.4
[WARNING] 'build.plugins.plugin.version' for org.apache.maven.plugins:maven-source-plugin is missing. @ cn.wensiqun:asmsupport:0.4.4, /home/codegex/Documents/workspace/rbugs/experiment/top100repos/asmsupport/pom.xml, line 158, column 12
[WARNING] 
[WARNING] Some problems were encountered while building the effective model for cn.wensiqun:asmsupport-sample:jar:0.4.4
[WARNING] 'build.plugins.plugin.version' for org.apache.maven.plugins:maven-source-plugin is missing. @ cn.wensiqun:asmsupport:0.4.4, /home/codegex/Documents/workspace/rbugs/experiment/top100repos/asmsupport/pom.xml, line 158, column 12
[WARNING] 
[WARNING] Some problems were encountered while building the effective model for cn.wensiqun:asmsupport-lesson:jar:0.4.4
[WARNING] 'build.plugins.plugin.version' for org.apache.maven.plugins:maven-surefire-plugin is missing. @ line 29, column 21
[WARNING] 'build.plugins.plugin.version' for org.apache.maven.plugins:maven-source-plugin is missing. @ cn.wensiqun:asmsupport:0.4.4, /home/codegex/Documents/workspace/rbugs/experiment/top100repos/asmsupport/pom.xml, line 158, column 12
[WARNING] 
[WARNING] Some problems were encountered while building the effective model for cn.wensiqun:asmsupport:pom:0.4.4
[WARNING] 'build.plugins.plugin.version' for org.apache.maven.plugins:maven-source-plugin is missing. @ line 158, column 12
[WARNING] 
[WARNING] It is highly recommended to fix these problems because they threaten the stability of your build.
[WARNING] 
[WARNING] For this reason, future Maven versions might no longer support building such malformed projects.
[WARNING] 
[INFO] ------------------------------------------------------------------------
[INFO] Reactor Build Order:
[INFO] 
[INFO] asmsupport                                                         [pom]
[INFO] asmsupport-third                                                   [jar]
[INFO] asmsupport-standard                                                [jar]
[INFO] asmsupport-core                                                    [jar]
[INFO] asmsupport-client                                                  [jar]
[INFO] asmsupport-grammar                                                 [jar]
[INFO] asmsupport-issues                                                  [jar]
[INFO] asmsupport-sample                                                  [jar]
[INFO] asmsupport-lesson                                                  [jar]
[INFO] 
[INFO] -----------------------< cn.wensiqun:asmsupport >-----------------------
[INFO] Building asmsupport 0.4.4                                          [1/9]
[INFO] --------------------------------[ pom ]---------------------------------
[INFO] 
[INFO] >>> spotbugs-maven-plugin:4.2.3-SNAPSHOT:check (default-cli) > :spotbugs @ asmsupport >>>
[INFO] 
[INFO] --- spotbugs-maven-plugin:4.2.3-SNAPSHOT:spotbugs (spotbugs) @ asmsupport ---
[INFO] 
[INFO] <<< spotbugs-maven-plugin:4.2.3-SNAPSHOT:check (default-cli) < :spotbugs @ asmsupport <<<
[INFO] 
[INFO] 
[INFO] --- spotbugs-maven-plugin:4.2.3-SNAPSHOT:check (default-cli) @ asmsupport ---
[INFO] 
[INFO] --------------------< cn.wensiqun:asmsupport-third >--------------------
[INFO] Building asmsupport-third 0.4.4                                    [2/9]
[INFO] --------------------------------[ jar ]---------------------------------
[INFO] 
[INFO] >>> spotbugs-maven-plugin:4.2.3-SNAPSHOT:check (default-cli) > :spotbugs @ asmsupport-third >>>
[INFO] 
[INFO] --- spotbugs-maven-plugin:4.2.3-SNAPSHOT:spotbugs (spotbugs) @ asmsupport-third ---
[INFO] Fork Value is true
     [java] Loading edu.umd.cs.findbugs.plugins.core
     [java] Registering detector: edu.umd.cs.findbugs.detect.OverridingMethodsMustInvokeSuperDetector
     [java] Registering detector: edu.umd.cs.findbugs.detect.FindRoughConstants
     [java] Registering detector: edu.umd.cs.findbugs.detect.FunctionsThatMightBeMistakenForProcedures
     [java] Registering detector: edu.umd.cs.findbugs.detect.NoteSuppressedWarnings
     [java] Registering detector: edu.umd.cs.findbugs.detect.NoteAnnotationRetention
     [java] Registering detector: edu.umd.cs.findbugs.detect.NoteDirectlyRelevantTypeQualifiers
     [java] Registering detector: edu.umd.cs.findbugs.detect.BuildInterproceduralCallGraph
     [java] Registering detector: edu.umd.cs.findbugs.detect.BuildObligationPolicyDatabase
     [java] Registering detector: edu.umd.cs.findbugs.detect.SynchronizeAndNullCheckField
     [java] Registering detector: edu.umd.cs.findbugs.detect.InitializeNonnullFieldsInConstructor
     [java] Registering detector: edu.umd.cs.findbugs.detect.BooleanReturnNull
     [java] Registering detector: edu.umd.cs.findbugs.detect.OptionalReturnNull
     [java] Registering detector: edu.umd.cs.findbugs.detect.NoteJCIPAnnotation
     [java] Registering detector: edu.umd.cs.findbugs.detect.Methods
     [java] Registering detector: edu.umd.cs.findbugs.detect.ReflectiveClasses
     [java] Registering detector: edu.umd.cs.findbugs.detect.CalledMethods
     [java] Registering detector: edu.umd.cs.findbugs.detect.FindNoSideEffectMethods
     [java] Registering detector: edu.umd.cs.findbugs.detect.BuildStringPassthruGraph
     [java] Registering detector: edu.umd.cs.findbugs.detect.ConfusionBetweenInheritedAndOuterMethod
     [java] Registering detector: edu.umd.cs.findbugs.detect.SynchronizationOnSharedBuiltinConstant
     [java] Registering detector: edu.umd.cs.findbugs.detect.NoteCheckReturnValueAnnotations
     [java] Registering detector: edu.umd.cs.findbugs.detect.FieldItemSummary
     [java] Registering detector: edu.umd.cs.findbugs.detect.NoteNonNullAnnotations
     [java] Registering detector: edu.umd.cs.findbugs.detect.NoteUnconditionalParamDerefs
     [java] Registering detector: edu.umd.cs.findbugs.detect.NoteNonnullReturnValues
     [java] Registering detector: edu.umd.cs.findbugs.detect.SynchronizeOnClassLiteralNotGetClass
     [java] Registering detector: edu.umd.cs.findbugs.detect.InfiniteRecursiveLoop
     [java] Registering detector: edu.umd.cs.findbugs.detect.InfiniteLoop
     [java] Registering detector: edu.umd.cs.findbugs.detect.VolatileUsage
     [java] Registering detector: edu.umd.cs.findbugs.detect.InheritanceUnsafeGetResource
     [java] Registering detector: edu.umd.cs.findbugs.detect.EmptyZipFileEntry
     [java] Registering detector: edu.umd.cs.findbugs.detect.DoInsideDoPrivileged
     [java] Registering detector: edu.umd.cs.findbugs.detect.HugeSharedStringConstants
     [java] Registering detector: edu.umd.cs.findbugs.detect.FinalizerNullsFields
     [java] Registering detector: edu.umd.cs.findbugs.detect.MutableEnum
     [java] Registering detector: edu.umd.cs.findbugs.detect.InconsistentAnnotations
     [java] Registering detector: edu.umd.cs.findbugs.detect.RepeatedConditionals
     [java] Registering detector: edu.umd.cs.findbugs.detect.RedundantConditions
     [java] Registering detector: edu.umd.cs.findbugs.detect.CallToUnsupportedMethod
     [java] Registering detector: edu.umd.cs.findbugs.detect.FormatStringChecker
     [java] Registering detector: edu.umd.cs.findbugs.detect.LostLoggerDueToWeakReference
     [java] Registering detector: edu.umd.cs.findbugs.detect.TestingGround
     [java] Registering detector: edu.umd.cs.findbugs.detect.TestingGround2
     [java] Registering detector: edu.umd.cs.findbugs.detect.NoiseNullDeref
     [java] Registering detector: edu.umd.cs.findbugs.detect.Noise
     [java] Registering detector: edu.umd.cs.findbugs.detect.EqualsOperandShouldHaveClassCompatibleWithThis
     [java] Registering detector: edu.umd.cs.findbugs.detect.ResolveAllReferences
     [java] Registering detector: edu.umd.cs.findbugs.detect.CheckImmutableAnnotation
     [java] Registering detector: edu.umd.cs.findbugs.detect.DontCatchIllegalMonitorStateException
     [java] Registering detector: edu.umd.cs.findbugs.detect.FindFloatMath
     [java] Registering detector: edu.umd.cs.findbugs.detect.CloneIdiom
     [java] Registering detector: edu.umd.cs.findbugs.detect.ComparatorIdiom
     [java] Registering detector: edu.umd.cs.findbugs.detect.FindFieldSelfAssignment
     [java] Registering detector: edu.umd.cs.findbugs.detect.FindSelfComparison
     [java] Registering detector: edu.umd.cs.findbugs.detect.FindSelfComparison2
     [java] Registering detector: edu.umd.cs.findbugs.detect.DroppedException
     [java] Registering detector: edu.umd.cs.findbugs.detect.LoadOfKnownNullValue
     [java] Registering detector: edu.umd.cs.findbugs.detect.DumbMethodInvocations
     [java] Registering detector: edu.umd.cs.findbugs.detect.URLProblems
     [java] Registering detector: edu.umd.cs.findbugs.detect.CovariantArrayAssignment
     [java] Registering detector: edu.umd.cs.findbugs.detect.DumbMethods
     [java] Registering detector: edu.umd.cs.findbugs.detect.NumberConstructor
     [java] Registering detector: edu.umd.cs.findbugs.detect.FindSqlInjection
     [java] Registering detector: edu.umd.cs.findbugs.detect.FindDoubleCheck
     [java] Registering detector: edu.umd.cs.findbugs.detect.FindFinalizeInvocations
     [java] Registering detector: edu.umd.cs.findbugs.detect.FindHEmismatch
     [java] Registering detector: edu.umd.cs.findbugs.detect.OverridingEqualsNotSymmetrical
     [java] Registering detector: edu.umd.cs.findbugs.detect.FindNakedNotify
     [java] Registering detector: edu.umd.cs.findbugs.detect.FindReturnRef
     [java] Registering detector: edu.umd.cs.findbugs.detect.FindRunInvocations
     [java] Registering detector: edu.umd.cs.findbugs.detect.SwitchFallthrough
     [java] Registering detector: edu.umd.cs.findbugs.detect.FindSpinLoop
     [java] Registering detector: edu.umd.cs.findbugs.detect.FindNonShortCircuit
     [java] Registering detector: edu.umd.cs.findbugs.detect.FindTwoLockWait
     [java] Registering detector: edu.umd.cs.findbugs.detect.FindUnconditionalWait
     [java] Registering detector: edu.umd.cs.findbugs.detect.FindUninitializedGet
     [java] Registering detector: edu.umd.cs.findbugs.detect.DontUseEnum
     [java] Registering detector: edu.umd.cs.findbugs.detect.FindUnsyncGet
     [java] Registering detector: edu.umd.cs.findbugs.detect.InitializationChain
     [java] Registering detector: edu.umd.cs.findbugs.detect.IteratorIdioms
     [java] Registering detector: edu.umd.cs.findbugs.detect.PreferZeroLengthArrays
     [java] Registering detector: edu.umd.cs.findbugs.detect.SynchronizingOnContentsOfFieldToProtectField
     [java] Registering detector: edu.umd.cs.findbugs.detect.MutableLock
     [java] Registering detector: edu.umd.cs.findbugs.detect.FindUselessObjects
     [java] Registering detector: edu.umd.cs.findbugs.detect.MutableStaticFields
     [java] Registering detector: edu.umd.cs.findbugs.detect.Naming
     [java] Registering detector: edu.umd.cs.findbugs.detect.ReadReturnShouldBeChecked
     [java] Registering detector: edu.umd.cs.findbugs.detect.SerializableIdiom
     [java] Registering detector: edu.umd.cs.findbugs.detect.StartInConstructor
     [java] Registering detector: edu.umd.cs.findbugs.detect.FindBadForLoop
     [java] Registering detector: edu.umd.cs.findbugs.detect.ExplicitSerialization
     [java] Registering detector: edu.umd.cs.findbugs.detect.UnreadFields
     [java] Registering detector: edu.umd.cs.findbugs.detect.WaitInLoop
     [java] Registering detector: edu.umd.cs.findbugs.detect.FindComparatorProblems
     [java] Registering detector: edu.umd.cs.findbugs.detect.FindNullDeref
     [java] Registering detector: edu.umd.cs.findbugs.detect.FindNullDerefsInvolvingNonShortCircuitEvaluation
     [java] Registering detector: edu.umd.cs.findbugs.detect.FindOpenStream
     [java] Registering detector: edu.umd.cs.findbugs.detect.FindUselessControlFlow
     [java] Registering detector: edu.umd.cs.findbugs.detect.FindUnreleasedLock
     [java] Registering detector: edu.umd.cs.findbugs.detect.FindRefComparison
     [java] Registering detector: edu.umd.cs.findbugs.detect.FindMismatchedWaitOrNotify
     [java] Registering detector: edu.umd.cs.findbugs.detect.FindEmptySynchronizedBlock
     [java] Registering detector: edu.umd.cs.findbugs.detect.FindInconsistentSync2
     [java] Registering detector: edu.umd.cs.findbugs.detect.FindLocalSelfAssignment2
     [java] Registering detector: edu.umd.cs.findbugs.detect.IncompatMask
     [java] Registering detector: edu.umd.cs.findbugs.detect.LazyInit
     [java] Registering detector: edu.umd.cs.findbugs.detect.FindJSR166LockMonitorenter
     [java] Registering detector: edu.umd.cs.findbugs.detect.FindUncalledPrivateMethods
     [java] Registering detector: edu.umd.cs.findbugs.detect.UncallableMethodOfAnonymousClass
     [java] Registering detector: edu.umd.cs.findbugs.detect.StringConcatenation
     [java] Registering detector: edu.umd.cs.findbugs.detect.InefficientInitializationInsideLoop
     [java] Registering detector: edu.umd.cs.findbugs.detect.InefficientIndexOf
     [java] Registering detector: edu.umd.cs.findbugs.detect.InefficientToArray
     [java] Registering detector: edu.umd.cs.findbugs.detect.InvalidJUnitTest
     [java] Registering detector: edu.umd.cs.findbugs.detect.BadlyOverriddenAdapter
     [java] Registering detector: edu.umd.cs.findbugs.detect.BadResultSetAccess
     [java] Registering detector: edu.umd.cs.findbugs.detect.SuperfluousInstanceOf
     [java] Registering detector: edu.umd.cs.findbugs.detect.BadAppletConstructor
     [java] Registering detector: edu.umd.cs.findbugs.detect.SuspiciousThreadInterrupted
     [java] Registering detector: edu.umd.cs.findbugs.detect.FindDeadLocalStores
     [java] Registering detector: edu.umd.cs.findbugs.detect.FindMaskedFields
     [java] Registering detector: edu.umd.cs.findbugs.detect.WrongMapIterator
     [java] Registering detector: edu.umd.cs.findbugs.detect.InstantiateStaticClass
     [java] Registering detector: edu.umd.cs.findbugs.detect.RuntimeExceptionCapture
     [java] Registering detector: edu.umd.cs.findbugs.detect.FindFloatEquality
     [java] Registering detector: edu.umd.cs.findbugs.detect.FindUnsatisfiedObligation
     [java] Registering detector: edu.umd.cs.findbugs.detect.UnnecessaryMath
     [java] Registering detector: edu.umd.cs.findbugs.detect.FindCircularDependencies
     [java] Registering detector: edu.umd.cs.findbugs.detect.RedundantInterfaces
     [java] Registering detector: edu.umd.cs.findbugs.detect.MultithreadedInstanceAccess
     [java] Registering detector: edu.umd.cs.findbugs.detect.PublicSemaphores
     [java] Registering detector: edu.umd.cs.findbugs.detect.BadUseOfReturnValue
     [java] Registering detector: edu.umd.cs.findbugs.detect.MethodReturnCheck
     [java] Registering detector: edu.umd.cs.findbugs.detect.IDivResultCastToDouble
     [java] Registering detector: edu.umd.cs.findbugs.detect.FindBadCast2
     [java] Registering detector: edu.umd.cs.findbugs.detect.FindUseOfNonSerializableValue
     [java] Registering detector: edu.umd.cs.findbugs.detect.FindNonSerializableStoreIntoSession
     [java] Registering detector: edu.umd.cs.findbugs.detect.FindNonSerializableValuePassedToWriteObject
     [java] Registering detector: edu.umd.cs.findbugs.detect.BadSyntaxForRegularExpression
     [java] Registering detector: edu.umd.cs.findbugs.detect.VarArgsProblems
     [java] Registering detector: edu.umd.cs.findbugs.detect.FindPuzzlers
     [java] Registering detector: edu.umd.cs.findbugs.detect.IntCast2LongAsInstant
     [java] Registering detector: edu.umd.cs.findbugs.detect.FindSleepWithLockHeld
     [java] Registering detector: edu.umd.cs.findbugs.detect.InefficientMemberAccess
     [java] Registering detector: edu.umd.cs.findbugs.detect.DuplicateBranches
     [java] Registering detector: edu.umd.cs.findbugs.detect.XMLFactoryBypass
     [java] Registering detector: edu.umd.cs.findbugs.detect.UselessSubclassMethod
     [java] Registering detector: edu.umd.cs.findbugs.detect.ConfusedInheritance
     [java] Registering detector: edu.umd.cs.findbugs.detect.QuestionableBooleanAssignment
     [java] Registering detector: edu.umd.cs.findbugs.detect.TrainUnconditionalDerefParams
     [java] Registering detector: edu.umd.cs.findbugs.detect.TrainLongInstantfParams
     [java] Registering detector: edu.umd.cs.findbugs.detect.TrainFieldStoreTypes
     [java] Registering detector: edu.umd.cs.findbugs.detect.TrainNonNullAnnotations
     [java] Registering detector: edu.umd.cs.findbugs.detect.CheckCalls
     [java] Registering detector: edu.umd.cs.findbugs.detect.FindBugsSummaryStats
     [java] Registering detector: edu.umd.cs.findbugs.detect.AppendingToAnObjectOutputStream
     [java] Registering detector: edu.umd.cs.findbugs.detect.TestASM
     [java] Registering detector: edu.umd.cs.findbugs.detect.FindUnrelatedTypesInGenericContainer
     [java] Registering detector: edu.umd.cs.findbugs.detect.StaticCalendarDetector
     [java] Registering detector: edu.umd.cs.findbugs.detect.TestDataflowAnalysis
     [java] Registering detector: edu.umd.cs.findbugs.detect.CheckTypeQualifiers
     [java] Registering detector: edu.umd.cs.findbugs.detect.CrossSiteScripting
     [java] Registering detector: edu.umd.cs.findbugs.detect.DontIgnoreResultOfPutIfAbsent
     [java] Registering detector: edu.umd.cs.findbugs.detect.ReadOfInstanceFieldInMethodInvokedByConstructorInSuperclass
     [java] Registering detector: edu.umd.cs.findbugs.detect.AtomicityProblem
     [java] Registering detector: edu.umd.cs.findbugs.detect.CheckExpectedWarnings
     [java] Registering detector: edu.umd.cs.findbugs.detect.DefaultEncodingDetector
     [java] Registering detector: edu.umd.cs.findbugs.detect.CheckRelaxingNullnessAnnotation
     [java] Registering detector: edu.umd.cs.findbugs.detect.DontAssertInstanceofInTests
     [java] Scanning archives (0 / 1)Scanning archives (1 / 1)31 classes scannedAdding referenced classes
     [java] Added 0 referenced classes
     [java] Total of 12 packages
     [java]   cn/wensiqun/asmsupport/utils/collections/MapLooper
     [java]   java/lang/Integer
     [java]   java/lang/StringBuilder
     [java]   java/util/ConcurrentModificationException
     [java]   java/util/ImmutableCollections$AbstractImmutableMap
     [java]   cn/wensiqun/asmsupport/org/objectweb/asm/ClassVisitor
     [java]   java/lang/reflect/Constructor
     [java]   cn/wensiqun/asmsupport/org/objectweb/asm/Frame
     [java]   java/util/Collection
     [java]   cn/wensiqun/asmsupport/org/objectweb/asm/AnnotationVisitor
     [java]   jdk/internal/reflect/ReflectionFactory$GetReflectionFactoryAction
     [java]   cn/wensiqun/asmsupport/org/objectweb/asm/Item
     [java]   java/lang/reflect/Method
     [java]   java/lang/Throwable
     [java]   java/lang/SafeVarargs
     [java]   java/lang/Exception
     [java]   cn/wensiqun/asmsupport/utils/Modifiers
     [java]   java/lang/reflect/Modifier
     [java]   java/util/Iterator
     [java]   cn/wensiqun/asmsupport/utils/collections/LinkedMultiValueMap
     [java]   cn/wensiqun/asmsupport/utils/ASConstants
     [java]   java/util/ImmutableCollections
     [java]   jdk/internal/reflect/ReflectionFactory
     [java]   java/lang/Void
     [java]   cn/wensiqun/asmsupport/org/objectweb/asm/Attribute
     [java]   cn/wensiqun/asmsupport/org/objectweb/asm/Context
     [java]   cn/wensiqun/asmsupport/org/objectweb/asm/FieldWriter
     [java]   java/util/Map
     [java]   cn/wensiqun/asmsupport/utils/lang/ArrayUtils
     [java]   cn/wensiqun/asmsupport/utils/collections/MultiValueMap
     [java]   java/lang/Object
     [java]   java/io/Serializable
     [java]   java/util/KeyValueHolder
     [java]   java/util/LinkedHashMap
     [java]   java/lang/IllegalStateException
     [java]   cn/wensiqun/asmsupport/org/objectweb/asm/Type
     [java]   java/lang/RuntimeException
     [java]   java/util/UUID
     [java]   java/util/StringJoiner
     [java]   java/lang/Double
     [java]   java/util/List
     [java]   cn/wensiqun/asmsupport/org/objectweb/asm/Edge
     [java]   java/lang/System
     [java]   java/util/ImmutableCollections$MapN
     [java]   java/lang/Boolean
     [java]   java/lang/InterruptedException
     [java]   java/lang/reflect/Array
     [java]   cn/wensiqun/asmsupport/org/objectweb/asm/FieldVisitor
     [java]   java/lang/Float
     [java]   cn/wensiqun/asmsupport/utils/collections/CollectionUtils
     [java]   java/lang/StringBuffer
     [java]   java/lang/reflect/ReflectAccess
     [java]   cn/wensiqun/asmsupport/utils/lang/InterfaceLooper
     [java]   java/lang/Short
     [java]   cn/wensiqun/asmsupport/org/objectweb/asm/TypePath
     [java]   java/io/InputStream
     [java]   java/util/Set
     [java]   java/lang/String
     [java]   java/lang/Character
     [java]   cn/wensiqun/asmsupport/org/objectweb/asm/Opcodes
     [java]   java/lang/ClassNotFoundException
     [java]   cn/wensiqun/asmsupport/org/objectweb/asm/AnnotationWriter
     [java]   java/io/IOException
     [java]   cn/wensiqun/asmsupport/org/objectweb/asm/Label
     [java]   java/util/ImmutableCollections$Map1
     [java]   cn/wensiqun/asmsupport/utils/lang/StringUtils
     [java]   java/lang/Math
     [java]   java/security/AccessController
     [java]   cn/wensiqun/asmsupport/org/objectweb/asm/Handler
     [java]   cn/wensiqun/asmsupport/org/objectweb/asm/MethodVisitor
     [java]   java/lang/Byte
     [java]   cn/wensiqun/asmsupport/org/objectweb/asm/ClassReader
     [java]   java/util/function/Function
     [java]   java/util/Map$Entry
     [java]   java/lang/IllegalArgumentException
     [java]   java/lang/Long
     [java]   cn/wensiqun/asmsupport/org/objectweb/asm/MethodWriter
     [java]   java/lang/CloneNotSupportedException
     [java]   java/lang/CharSequence
     [java]   cn/wensiqun/asmsupport/org/objectweb/asm/Handle
     [java]   cn/wensiqun/asmsupport/org/objectweb/asm/ByteVector
     [java]   cn/wensiqun/asmsupport/org/objectweb/asm/ClassWriter
     [java]   java/util/LinkedList
     [java]   java/util/function/BiConsumer
     [java]   cn/wensiqun/asmsupport/utils/lang/ClassUtils
     [java]   jdk/internal/HotSpotIntrinsicCandidate
     [java]   java/lang/Class
     [java]   java/util/Objects
     [java]   java/lang/ClassLoader
     [java]   java/lang/Deprecated
     [java]   java/util/function/BiFunction
     [java] Adding plugin edu.umd.cs.findbugs.plugins.core to execution plan
     [java] Dependences force enabling of edu.umd.cs.findbugs.detect.FieldItemSummary
     [java] Dependences force enabling of edu.umd.cs.findbugs.detect.NoteSuppressedWarnings
     [java] Dependences force enabling of edu.umd.cs.findbugs.detect.EqualsOperandShouldHaveClassCompatibleWithThis
     [java] Dependences force enabling of edu.umd.cs.findbugs.detect.FunctionsThatMightBeMistakenForProcedures
     [java] Dependences force enabling of edu.umd.cs.findbugs.detect.FindNoSideEffectMethods
     [java] Dependences force enabling of edu.umd.cs.findbugs.detect.NoteCheckReturnValueAnnotations
     [java] Dependences force enabling of edu.umd.cs.findbugs.detect.NoteAnnotationRetention
     [java] Dependences force enabling of edu.umd.cs.findbugs.detect.FindBugsSummaryStats
     [java] 2 passes in execution plan
     [java] 2 analysis passes to perform     0 : Pass 0: 91 classesXFactory cached methods: 2064/2064
     [java] Descriptor factory: 1703/2064/10477
     [java] Pass 1: Analyzing classes (0 / 91) - 00% complete     0 0/2  0/91 cn/wensiqun/asmsupport/utils/collections/MapLooper
     [java] Pass 1: Analyzing classes (1 / 91) - 01% complete     0 0/2  1/91 java/lang/Integer
     [java] Pass 1: Analyzing classes (2 / 91) - 02% complete     0 0/2  2/91 java/lang/StringBuilder
     [java] Pass 1: Analyzing classes (3 / 91) - 03% complete     0 0/2  3/91 java/util/ConcurrentModificationException
     [java] Pass 1: Analyzing classes (4 / 91) - 04% complete     0 0/2  4/91 java/util/ImmutableCollections$AbstractImmutableMap
     [java] Pass 1: Analyzing classes (5 / 91) - 05% complete     0 0/2  5/91 cn/wensiqun/asmsupport/org/objectweb/asm/ClassVisitor
     [java] Pass 1: Analyzing classes (6 / 91) - 06% complete     0 0/2  6/91 java/lang/reflect/Constructor
     [java] Pass 1: Analyzing classes (7 / 91) - 07% complete     0 0/2  7/91 cn/wensiqun/asmsupport/org/objectweb/asm/Frame
     [java] Pass 1: Analyzing classes (8 / 91) - 08% complete     0 0/2  8/91 java/util/Collection
     [java] Pass 1: Analyzing classes (9 / 91) - 09% complete     0 0/2  9/91 cn/wensiqun/asmsupport/org/objectweb/asm/AnnotationVisitor
     [java] Pass 1: Analyzing classes (10 / 91) - 10% complete     0 0/2  10/91 jdk/internal/reflect/ReflectionFactory$GetReflectionFactoryAction
     [java] Pass 1: Analyzing classes (11 / 91) - 12% complete     0 0/2  11/91 cn/wensiqun/asmsupport/org/objectweb/asm/Item
     [java] Pass 1: Analyzing classes (12 / 91) - 13% complete     0 0/2  12/91 java/lang/reflect/Method
     [java] Pass 1: Analyzing classes (13 / 91) - 14% complete     0 0/2  13/91 java/lang/Throwable
     [java] Pass 1: Analyzing classes (14 / 91) - 15% complete     0 0/2  14/91 java/lang/SafeVarargs
     [java] Pass 1: Analyzing classes (15 / 91) - 16% complete     0 0/2  15/91 java/lang/Exception
     [java] Pass 1: Analyzing classes (16 / 91) - 17% complete     0 0/2  16/91 cn/wensiqun/asmsupport/utils/Modifiers
     [java] Pass 1: Analyzing classes (17 / 91) - 18% complete     0 0/2  17/91 java/lang/reflect/Modifier
     [java] Pass 1: Analyzing classes (18 / 91) - 19% complete     0 0/2  18/91 java/util/Iterator
     [java] Pass 1: Analyzing classes (19 / 91) - 20% complete     0 0/2  19/91 cn/wensiqun/asmsupport/utils/collections/LinkedMultiValueMap
     [java] Pass 1: Analyzing classes (20 / 91) - 21% complete     0 0/2  20/91 cn/wensiqun/asmsupport/utils/ASConstants
     [java] Pass 1: Analyzing classes (21 / 91) - 23% complete     0 0/2  21/91 java/util/ImmutableCollections
     [java] Pass 1: Analyzing classes (22 / 91) - 24% complete     0 0/2  22/91 jdk/internal/reflect/ReflectionFactory
     [java] Pass 1: Analyzing classes (23 / 91) - 25% complete     0 0/2  23/91 java/lang/Void
     [java] Pass 1: Analyzing classes (24 / 91) - 26% complete     0 0/2  24/91 cn/wensiqun/asmsupport/org/objectweb/asm/Attribute
     [java] Pass 1: Analyzing classes (25 / 91) - 27% complete     0 0/2  25/91 cn/wensiqun/asmsupport/org/objectweb/asm/Context
     [java] Pass 1: Analyzing classes (26 / 91) - 28% complete     0 0/2  26/91 cn/wensiqun/asmsupport/org/objectweb/asm/FieldWriter
     [java] Pass 1: Analyzing classes (27 / 91) - 29% complete     0 0/2  27/91 java/util/Map
     [java] Pass 1: Analyzing classes (28 / 91) - 30% complete     0 0/2  28/91 cn/wensiqun/asmsupport/utils/lang/ArrayUtils
     [java] Pass 1: Analyzing classes (29 / 91) - 31% complete     0 0/2  29/91 cn/wensiqun/asmsupport/utils/collections/MultiValueMap
     [java] Pass 1: Analyzing classes (30 / 91) - 32% complete     0 0/2  30/91 java/lang/Object
     [java] Pass 1: Analyzing classes (31 / 91) - 34% complete     0 0/2  31/91 java/io/Serializable
     [java] Pass 1: Analyzing classes (32 / 91) - 35% complete     0 0/2  32/91 java/util/KeyValueHolder
     [java] Pass 1: Analyzing classes (33 / 91) - 36% complete     0 0/2  33/91 java/util/LinkedHashMap
     [java] Pass 1: Analyzing classes (34 / 91) - 37% complete     0 0/2  34/91 java/lang/IllegalStateException
     [java] Pass 1: Analyzing classes (35 / 91) - 38% complete     0 0/2  35/91 cn/wensiqun/asmsupport/org/objectweb/asm/Type
     [java] Pass 1: Analyzing classes (36 / 91) - 39% complete     0 0/2  36/91 java/lang/RuntimeException
     [java] Pass 1: Analyzing classes (37 / 91) - 40% complete     0 0/2  37/91 java/util/UUID
     [java] Pass 1: Analyzing classes (38 / 91) - 41% complete     0 0/2  38/91 java/util/StringJoiner
     [java] Pass 1: Analyzing classes (39 / 91) - 42% complete     0 0/2  39/91 java/lang/Double
     [java] Pass 1: Analyzing classes (40 / 91) - 43% complete     0 0/2  40/91 java/util/List
     [java] Pass 1: Analyzing classes (41 / 91) - 45% complete     0 0/2  41/91 cn/wensiqun/asmsupport/org/objectweb/asm/Edge
     [java] Pass 1: Analyzing classes (42 / 91) - 46% complete     0 0/2  42/91 java/lang/System
     [java] Pass 1: Analyzing classes (43 / 91) - 47% complete     0 0/2  43/91 java/util/ImmutableCollections$MapN
     [java] Pass 1: Analyzing classes (44 / 91) - 48% complete     0 0/2  44/91 java/lang/Boolean
     [java] Pass 1: Analyzing classes (45 / 91) - 49% complete     0 0/2  45/91 java/lang/InterruptedException
     [java] Pass 1: Analyzing classes (46 / 91) - 50% complete     0 0/2  46/91 java/lang/reflect/Array
     [java] Pass 1: Analyzing classes (47 / 91) - 51% complete     0 0/2  47/91 cn/wensiqun/asmsupport/org/objectweb/asm/FieldVisitor
     [java] Pass 1: Analyzing classes (48 / 91) - 52% complete     0 0/2  48/91 java/lang/Float
     [java] Pass 1: Analyzing classes (49 / 91) - 53% complete     0 0/2  49/91 cn/wensiqun/asmsupport/utils/collections/CollectionUtils
     [java] Pass 1: Analyzing classes (50 / 91) - 54% complete     0 0/2  50/91 java/lang/StringBuffer
     [java] Pass 1: Analyzing classes (51 / 91) - 56% complete     0 0/2  51/91 java/lang/reflect/ReflectAccess
     [java] Pass 1: Analyzing classes (52 / 91) - 57% complete     0 0/2  52/91 cn/wensiqun/asmsupport/utils/lang/InterfaceLooper
     [java] Pass 1: Analyzing classes (53 / 91) - 58% complete     0 0/2  53/91 java/lang/Short
     [java] Pass 1: Analyzing classes (54 / 91) - 59% complete     0 0/2  54/91 cn/wensiqun/asmsupport/org/objectweb/asm/TypePath
     [java] Pass 1: Analyzing classes (55 / 91) - 60% complete     0 0/2  55/91 java/io/InputStream
     [java] Pass 1: Analyzing classes (56 / 91) - 61% complete     0 0/2  56/91 java/util/Set
     [java] Pass 1: Analyzing classes (57 / 91) - 62% complete     0 0/2  57/91 java/lang/String
     [java] Pass 1: Analyzing classes (58 / 91) - 63% complete     0 0/2  58/91 java/lang/Character
     [java] Pass 1: Analyzing classes (59 / 91) - 64% complete     0 0/2  59/91 cn/wensiqun/asmsupport/org/objectweb/asm/Opcodes
     [java] Pass 1: Analyzing classes (60 / 91) - 65% complete     0 0/2  60/91 java/lang/ClassNotFoundException
     [java] Pass 1: Analyzing classes (61 / 91) - 67% complete     0 0/2  61/91 cn/wensiqun/asmsupport/org/objectweb/asm/AnnotationWriter
     [java] Pass 1: Analyzing classes (62 / 91) - 68% complete     0 0/2  62/91 java/io/IOException
     [java] Pass 1: Analyzing classes (63 / 91) - 69% complete     0 0/2  63/91 cn/wensiqun/asmsupport/org/objectweb/asm/Label
     [java] Pass 1: Analyzing classes (64 / 91) - 70% complete     0 0/2  64/91 java/util/ImmutableCollections$Map1
     [java] Pass 1: Analyzing classes (65 / 91) - 71% complete     0 0/2  65/91 cn/wensiqun/asmsupport/utils/lang/StringUtils
     [java] Pass 1: Analyzing classes (66 / 91) - 72% complete     0 0/2  66/91 java/lang/Math
     [java] Pass 1: Analyzing classes (67 / 91) - 73% complete     0 0/2  67/91 java/security/AccessController
     [java] Pass 1: Analyzing classes (68 / 91) - 74% complete     0 0/2  68/91 cn/wensiqun/asmsupport/org/objectweb/asm/Handler
     [java] Pass 1: Analyzing classes (69 / 91) - 75% complete     0 0/2  69/91 cn/wensiqun/asmsupport/org/objectweb/asm/MethodVisitor
     [java] Pass 1: Analyzing classes (70 / 91) - 76% complete     0 0/2  70/91 java/lang/Byte
     [java] Pass 1: Analyzing classes (71 / 91) - 78% complete     0 0/2  71/91 cn/wensiqun/asmsupport/org/objectweb/asm/ClassReader
     [java] Pass 1: Analyzing classes (72 / 91) - 79% complete     0 0/2  72/91 java/util/function/Function
     [java] Pass 1: Analyzing classes (73 / 91) - 80% complete     0 0/2  73/91 java/util/Map$Entry
     [java] Pass 1: Analyzing classes (74 / 91) - 81% complete     0 0/2  74/91 java/lang/IllegalArgumentException
     [java] Pass 1: Analyzing classes (75 / 91) - 82% complete     0 0/2  75/91 java/lang/Long
     [java] Pass 1: Analyzing classes (76 / 91) - 83% complete     0 0/2  76/91 cn/wensiqun/asmsupport/org/objectweb/asm/MethodWriter
     [java] Pass 1: Analyzing classes (77 / 91) - 84% complete     0 0/2  77/91 java/lang/CloneNotSupportedException
     [java] Pass 1: Analyzing classes (78 / 91) - 85% complete     0 0/2  78/91 java/lang/CharSequence
     [java] Pass 1: Analyzing classes (79 / 91) - 86% complete     0 0/2  79/91 cn/wensiqun/asmsupport/org/objectweb/asm/Handle
     [java] Pass 1: Analyzing classes (80 / 91) - 87% complete     0 0/2  80/91 cn/wensiqun/asmsupport/org/objectweb/asm/ByteVector
     [java] Pass 1: Analyzing classes (81 / 91) - 89% complete     0 0/2  81/91 cn/wensiqun/asmsupport/org/objectweb/asm/ClassWriter
     [java] Pass 1: Analyzing classes (82 / 91) - 90% complete     0 0/2  82/91 java/util/LinkedList
     [java] Pass 1: Analyzing classes (83 / 91) - 91% complete     0 0/2  83/91 java/util/function/BiConsumer
     [java] Pass 1: Analyzing classes (84 / 91) - 92% complete     0 0/2  84/91 cn/wensiqun/asmsupport/utils/lang/ClassUtils
     [java] Pass 1: Analyzing classes (85 / 91) - 93% complete     0 0/2  85/91 jdk/internal/HotSpotIntrinsicCandidate
     [java] Pass 1: Analyzing classes (86 / 91) - 94% complete     0 0/2  86/91 java/lang/Class
     [java] Pass 1: Analyzing classes (87 / 91) - 95% complete     0 0/2  87/91 java/util/Objects
     [java] Pass 1: Analyzing classes (88 / 91) - 96% complete     0 0/2  88/91 java/lang/ClassLoader
     [java] Pass 1: Analyzing classes (89 / 91) - 97% complete     0 0/2  89/91 java/lang/Deprecated
     [java] Pass 1: Analyzing classes (90 / 91) - 98% complete     0 0/2  90/91 java/util/function/BiFunction
     [java] Pass 1: Analyzing classes (91 / 91) - 100% complete     0 : Pass 1: 31 classes
     [java] XFactory cached methods: 2064/2682
     [java] Descriptor factory: 1703/2064/11867
     [java] Pass 2: Analyzing classes (0 / 31) - 00% complete     0 1/2  0/31 cn/wensiqun/asmsupport/utils/collections/MapLooper
     [java] Pass 2: Analyzing classes (1 / 31) - 03% complete      41 usecs/byte      62 msec    1511 bytes  1 pass cn/wensiqun/asmsupport/utils/collections/MapLooper     0 1/2  1/31 cn/wensiqun/asmsupport/org/objectweb/asm/FieldVisitor
     [java] Pass 2: Analyzing classes (2 / 31) - 06% complete     0 1/2  2/31 cn/wensiqun/asmsupport/utils/collections/CollectionUtils
     [java] Pass 2: Analyzing classes (3 / 31) - 09% complete     0 1/2  3/31 cn/wensiqun/asmsupport/utils/lang/InterfaceLooper
     [java] Pass 2: Analyzing classes (4 / 31) - 12% complete     0 1/2  4/31 cn/wensiqun/asmsupport/org/objectweb/asm/ClassVisitor
     [java] Pass 2: Analyzing classes (5 / 31) - 16% complete     0 1/2  5/31 cn/wensiqun/asmsupport/org/objectweb/asm/TypePath
     [java] Pass 2: Analyzing classes (6 / 31) - 19% complete     0 1/2  6/31 cn/wensiqun/asmsupport/org/objectweb/asm/AnnotationVisitor
     [java] Pass 2: Analyzing classes (7 / 31) - 22% complete     0 1/2  7/31 cn/wensiqun/asmsupport/org/objectweb/asm/Opcodes
     [java] Pass 2: Analyzing classes (8 / 31) - 25% complete     0 1/2  8/31 cn/wensiqun/asmsupport/org/objectweb/asm/Item
     [java] Pass 2: Analyzing classes (9 / 31) - 29% complete     0 1/2  9/31 cn/wensiqun/asmsupport/utils/lang/StringUtils
     [java] Pass 2: Analyzing classes (10 / 31) - 32% complete     0 1/2  10/31 cn/wensiqun/asmsupport/utils/Modifiers
     [java] Pass 2: Analyzing classes (11 / 31) - 35% complete     0 1/2  11/31 cn/wensiqun/asmsupport/org/objectweb/asm/Handler
     [java] Pass 2: Analyzing classes (12 / 31) - 38% complete     0 1/2  12/31 cn/wensiqun/asmsupport/utils/collections/LinkedMultiValueMap
     [java] Pass 2: Analyzing classes (13 / 31) - 41% complete     0 1/2  13/31 cn/wensiqun/asmsupport/org/objectweb/asm/MethodVisitor
     [java] Pass 2: Analyzing classes (14 / 31) - 45% complete     0 1/2  14/31 cn/wensiqun/asmsupport/utils/ASConstants
     [java] Pass 2: Analyzing classes (15 / 31) - 48% complete     0 1/2  15/31 cn/wensiqun/asmsupport/org/objectweb/asm/Context
     [java] Pass 2: Analyzing classes (16 / 31) - 51% complete     0 1/2  16/31 cn/wensiqun/asmsupport/utils/lang/ArrayUtils
     [java] Pass 2: Analyzing classes (17 / 31) - 54% complete     0 1/2  17/31 cn/wensiqun/asmsupport/utils/collections/MultiValueMap
     [java] Pass 2: Analyzing classes (18 / 31) - 58% complete     0 1/2  18/31 cn/wensiqun/asmsupport/org/objectweb/asm/Handle
     [java] Pass 2: Analyzing classes (19 / 31) - 61% complete     0 1/2  19/31 cn/wensiqun/asmsupport/org/objectweb/asm/ByteVector
     [java] Pass 2: Analyzing classes (20 / 31) - 64% complete     0 1/2  20/31 cn/wensiqun/asmsupport/utils/lang/ClassUtils
     [java] Pass 2: Analyzing classes (21 / 31) - 67% complete     0 1/2  21/31 cn/wensiqun/asmsupport/org/objectweb/asm/Type
     [java] Pass 2: Analyzing classes (22 / 31) - 70% complete     0 1/2  22/31 cn/wensiqun/asmsupport/org/objectweb/asm/Edge
     [java] Pass 2: Analyzing classes (23 / 31) - 74% complete     0 1/2  23/31 cn/wensiqun/asmsupport/org/objectweb/asm/AnnotationWriter
     [java] Pass 2: Analyzing classes (24 / 31) - 77% complete     0 1/2  24/31 cn/wensiqun/asmsupport/org/objectweb/asm/Label
     [java] Pass 2: Analyzing classes (25 / 31) - 80% complete     0 1/2  25/31 cn/wensiqun/asmsupport/org/objectweb/asm/Attribute
     [java] Pass 2: Analyzing classes (26 / 31) - 83% complete     0 1/2  26/31 cn/wensiqun/asmsupport/org/objectweb/asm/ClassReader
     [java] Pass 2: Analyzing classes (27 / 31) - 87% complete     1 1/2  27/31 cn/wensiqun/asmsupport/org/objectweb/asm/ClassWriter
     [java] Pass 2: Analyzing classes (28 / 31) - 90% complete     1 1/2  28/31 cn/wensiqun/asmsupport/org/objectweb/asm/Frame
     [java] Pass 2: Analyzing classes (29 / 31) - 93% complete     1 1/2  29/31 cn/wensiqun/asmsupport/org/objectweb/asm/MethodWriter
     [java] Pass 2: Analyzing classes (30 / 31) - 96% complete     1 1/2  30/31 cn/wensiqun/asmsupport/org/objectweb/asm/FieldWriter
     [java] Pass 2: Analyzing classes (31 / 31) - 100% completeDone with analysis
     [java] Analysis completed
[INFO] Done SpotBugs Analysis....
[INFO] 
[INFO] <<< spotbugs-maven-plugin:4.2.3-SNAPSHOT:check (default-cli) < :spotbugs @ asmsupport-third <<<
[INFO] 
[INFO] 
[INFO] --- spotbugs-maven-plugin:4.2.3-SNAPSHOT:check (default-cli) @ asmsupport-third ---
[INFO] BugInstance size is 1
[INFO] Error size is 0
[INFO] Total bugs: 1
[ERROR] Medium: Comparison of String objects using == or != in cn.wensiqun.asmsupport.org.objectweb.asm.ClassReader.readMethod(ClassVisitor, Context, int) [cn.wensiqun.asmsupport.org.objectweb.asm.ClassReader] At ClassReader.java:[line 931] ES_COMPARING_STRINGS_WITH_EQ
[INFO] 


To see bug detail using the Spotbugs GUI, use the following command "mvn spotbugs:gui"



[INFO] 
[INFO] ------------------< cn.wensiqun:asmsupport-standard >-------------------
[INFO] Building asmsupport-standard 0.4.4                                 [3/9]
[INFO] --------------------------------[ jar ]---------------------------------
[INFO] 
[INFO] >>> spotbugs-maven-plugin:4.2.3-SNAPSHOT:check (default-cli) > :spotbugs @ asmsupport-standard >>>
[INFO] Downloading from central: https://repo.maven.apache.org/maven2/cn/wensiqun/asmsupport-third/0.4.4/asmsupport-third-0.4.4.jar
[INFO] 
[INFO] --------------------< cn.wensiqun:asmsupport-core >---------------------
[INFO] Building asmsupport-core 0.4.4                                     [4/9]
[INFO] --------------------------------[ jar ]---------------------------------
[INFO] 
[INFO] >>> spotbugs-maven-plugin:4.2.3-SNAPSHOT:check (default-cli) > :spotbugs @ asmsupport-core >>>
[INFO] Downloading from central: https://repo.maven.apache.org/maven2/cn/wensiqun/asmsupport-standard/0.4.4/asmsupport-standard-0.4.4.jar
[INFO] 
[INFO] -------------------< cn.wensiqun:asmsupport-client >--------------------
[INFO] Building asmsupport-client 0.4.4                                   [5/9]
[INFO] --------------------------------[ jar ]---------------------------------
[INFO] 
[INFO] >>> spotbugs-maven-plugin:4.2.3-SNAPSHOT:check (default-cli) > :spotbugs @ asmsupport-client >>>
[INFO] Downloading from central: https://repo.maven.apache.org/maven2/cn/wensiqun/asmsupport-core/0.4.4/asmsupport-core-0.4.4.jar
[INFO] 
[INFO] -------------------< cn.wensiqun:asmsupport-grammar >-------------------
[INFO] Building asmsupport-grammar 0.4.4                                  [6/9]
[INFO] --------------------------------[ jar ]---------------------------------
[INFO] 
[INFO] >>> spotbugs-maven-plugin:4.2.3-SNAPSHOT:check (default-cli) > :spotbugs @ asmsupport-grammar >>>
[INFO] Downloading from central: https://repo.maven.apache.org/maven2/cn/wensiqun/asmsupport-client/0.4.4/asmsupport-client-0.4.4.jar
[INFO] 
[INFO] -------------------< cn.wensiqun:asmsupport-issues >--------------------
[INFO] Building asmsupport-issues 0.4.4                                   [7/9]
[INFO] --------------------------------[ jar ]---------------------------------
[INFO] 
[INFO] >>> spotbugs-maven-plugin:4.2.3-SNAPSHOT:check (default-cli) > :spotbugs @ asmsupport-issues >>>
[INFO] 
[INFO] -------------------< cn.wensiqun:asmsupport-sample >--------------------
[INFO] Building asmsupport-sample 0.4.4                                   [8/9]
[INFO] --------------------------------[ jar ]---------------------------------
[INFO] 
[INFO] >>> spotbugs-maven-plugin:4.2.3-SNAPSHOT:check (default-cli) > :spotbugs @ asmsupport-sample >>>
[INFO] 
[INFO] -------------------< cn.wensiqun:asmsupport-lesson >--------------------
[INFO] Building asmsupport-lesson 0.4.4                                   [9/9]
[INFO] --------------------------------[ jar ]---------------------------------
[INFO] 
[INFO] >>> spotbugs-maven-plugin:4.2.3-SNAPSHOT:check (default-cli) > :spotbugs @ asmsupport-lesson >>>
[INFO] ------------------------------------------------------------------------
[INFO] Reactor Summary for asmsupport 0.4.4:
[INFO] 
[INFO] asmsupport ......................................... SUCCESS [  0.960 s]
[INFO] asmsupport-third ................................... FAILURE [  3.073 s]
[INFO] asmsupport-standard ................................ FAILURE [  1.202 s]
[INFO] asmsupport-core .................................... FAILURE [  0.847 s]
[INFO] asmsupport-client .................................. FAILURE [  0.757 s]
[INFO] asmsupport-grammar ................................. FAILURE [  0.749 s]
[INFO] asmsupport-issues .................................. FAILURE [  0.004 s]
[INFO] asmsupport-sample .................................. FAILURE [  0.002 s]
[INFO] asmsupport-lesson .................................. FAILURE [  0.002 s]
[INFO] ------------------------------------------------------------------------
[INFO] BUILD FAILURE
[INFO] ------------------------------------------------------------------------
[INFO] Total time:  7.732 s
[INFO] Finished at: 2021-03-29T14:30:59+08:00
[INFO] ------------------------------------------------------------------------
[ERROR] Failed to execute goal com.github.spotbugs:spotbugs-maven-plugin:4.2.3-SNAPSHOT:check (default-cli) on project asmsupport-third: failed with 1 bugs and 0 errors -> [Help 1]
[ERROR] Failed to execute goal on project asmsupport-standard: Could not resolve dependencies for project cn.wensiqun:asmsupport-standard:jar:0.4.4: Could not find artifact cn.wensiqun:asmsupport-third:jar:0.4.4 in central (https://repo.maven.apache.org/maven2) -> [Help 2]
[ERROR] Failed to execute goal on project asmsupport-core: Could not resolve dependencies for project cn.wensiqun:asmsupport-core:jar:0.4.4: The following artifacts could not be resolved: cn.wensiqun:asmsupport-standard:jar:0.4.4, cn.wensiqun:asmsupport-third:jar:0.4.4: Could not find artifact cn.wensiqun:asmsupport-standard:jar:0.4.4 in central (https://repo.maven.apache.org/maven2) -> [Help 2]
[ERROR] Failed to execute goal on project asmsupport-client: Could not resolve dependencies for project cn.wensiqun:asmsupport-client:jar:0.4.4: The following artifacts could not be resolved: cn.wensiqun:asmsupport-core:jar:0.4.4, cn.wensiqun:asmsupport-standard:jar:0.4.4, cn.wensiqun:asmsupport-third:jar:0.4.4: Could not find artifact cn.wensiqun:asmsupport-core:jar:0.4.4 in central (https://repo.maven.apache.org/maven2) -> [Help 2]
[ERROR] Failed to execute goal on project asmsupport-grammar: Could not resolve dependencies for project cn.wensiqun:asmsupport-grammar:jar:0.4.4: The following artifacts could not be resolved: cn.wensiqun:asmsupport-client:jar:0.4.4, cn.wensiqun:asmsupport-core:jar:0.4.4, cn.wensiqun:asmsupport-standard:jar:0.4.4, cn.wensiqun:asmsupport-third:jar:0.4.4: Could not find artifact cn.wensiqun:asmsupport-client:jar:0.4.4 in central (https://repo.maven.apache.org/maven2) -> [Help 2]
[ERROR] Failed to execute goal on project asmsupport-issues: Could not resolve dependencies for project cn.wensiqun:asmsupport-issues:jar:0.4.4: The following artifacts could not be resolved: cn.wensiqun:asmsupport-client:jar:0.4.4, cn.wensiqun:asmsupport-core:jar:0.4.4, cn.wensiqun:asmsupport-standard:jar:0.4.4, cn.wensiqun:asmsupport-third:jar:0.4.4: Failure to find cn.wensiqun:asmsupport-client:jar:0.4.4 in https://repo.maven.apache.org/maven2 was cached in the local repository, resolution will not be reattempted until the update interval of central has elapsed or updates are forced -> [Help 2]
[ERROR] Failed to execute goal on project asmsupport-sample: Could not resolve dependencies for project cn.wensiqun:asmsupport-sample:jar:0.4.4: The following artifacts could not be resolved: cn.wensiqun:asmsupport-client:jar:0.4.4, cn.wensiqun:asmsupport-core:jar:0.4.4, cn.wensiqun:asmsupport-standard:jar:0.4.4, cn.wensiqun:asmsupport-third:jar:0.4.4: Failure to find cn.wensiqun:asmsupport-client:jar:0.4.4 in https://repo.maven.apache.org/maven2 was cached in the local repository, resolution will not be reattempted until the update interval of central has elapsed or updates are forced -> [Help 2]
[ERROR] Failed to execute goal on project asmsupport-lesson: Could not resolve dependencies for project cn.wensiqun:asmsupport-lesson:jar:0.4.4: The following artifacts could not be resolved: cn.wensiqun:asmsupport-client:jar:0.4.4, cn.wensiqun:asmsupport-core:jar:0.4.4, cn.wensiqun:asmsupport-standard:jar:0.4.4, cn.wensiqun:asmsupport-third:jar:0.4.4: Failure to find cn.wensiqun:asmsupport-client:jar:0.4.4 in https://repo.maven.apache.org/maven2 was cached in the local repository, resolution will not be reattempted until the update interval of central has elapsed or updates are forced -> [Help 2]
[ERROR] 
[ERROR] To see the full stack trace of the errors, re-run Maven with the -e switch.
[ERROR] Re-run Maven using the -X switch to enable full debug logging.
[ERROR] 
[ERROR] For more information about the errors and possible solutions, please read the following articles:
[ERROR] [Help 1] http://cwiki.apache.org/confluence/display/MAVEN/MojoExecutionException
[ERROR] [Help 2] http://cwiki.apache.org/confluence/display/MAVEN/DependencyResolutionException
[ERROR] 
[ERROR] After correcting the problems, you can resume the build with the command
[ERROR]   mvn <args> -rf :asmsupport-third
[INFO] Build failures were ignored.
