WARNING: An illegal reflective access operation has occurred
WARNING: Illegal reflective access by com.google.inject.internal.cglib.core.$ReflectUtils$1 (file:/usr/share/maven/lib/guice.jar) to method java.lang.ClassLoader.defineClass(java.lang.String,byte[],int,int,java.security.ProtectionDomain)
WARNING: Please consider reporting this to the maintainers of com.google.inject.internal.cglib.core.$ReflectUtils$1
WARNING: Use --illegal-access=warn to enable warnings of further illegal reflective access operations
WARNING: All illegal access operations will be denied in a future release
[INFO] Scanning for projects...
[INFO] 
[INFO] -------------< com.github.jnidzwetzki:bitfinex-v2-wss-api >-------------
[INFO] Building Bitfinex v2 WSS API 0.7.8-snapshot
[INFO] --------------------------------[ jar ]---------------------------------
[INFO] 
[INFO] >>> spotbugs-maven-plugin:4.2.3-SNAPSHOT:check (default-cli) > :spotbugs @ bitfinex-v2-wss-api >>>
[INFO] 
[INFO] --- spotbugs-maven-plugin:4.2.3-SNAPSHOT:spotbugs (spotbugs) @ bitfinex-v2-wss-api ---
[INFO] Fork Value is true
     [java] Loading edu.umd.cs.findbugs.plugins.core
     [java] Registering detector: edu.umd.cs.findbugs.detect.OverridingMethodsMustInvokeSuperDetector
     [java] Registering detector: edu.umd.cs.findbugs.detect.FindRoughConstants
     [java] Registering detector: edu.umd.cs.findbugs.detect.FunctionsThatMightBeMistakenForProcedures
     [java] Registering detector: edu.umd.cs.findbugs.detect.NoteSuppressedWarnings
     [java] Registering detector: edu.umd.cs.findbugs.detect.NoteAnnotationRetention
     [java] Registering detector: edu.umd.cs.findbugs.detect.NoteDirectlyRelevantTypeQualifiers
     [java] Registering detector: edu.umd.cs.findbugs.detect.BuildInterproceduralCallGraph
     [java] Registering detector: edu.umd.cs.findbugs.detect.BuildObligationPolicyDatabase
     [java] Registering detector: edu.umd.cs.findbugs.detect.SynchronizeAndNullCheckField
     [java] Registering detector: edu.umd.cs.findbugs.detect.InitializeNonnullFieldsInConstructor
     [java] Registering detector: edu.umd.cs.findbugs.detect.BooleanReturnNull
     [java] Registering detector: edu.umd.cs.findbugs.detect.OptionalReturnNull
     [java] Registering detector: edu.umd.cs.findbugs.detect.NoteJCIPAnnotation
     [java] Registering detector: edu.umd.cs.findbugs.detect.Methods
     [java] Registering detector: edu.umd.cs.findbugs.detect.ReflectiveClasses
     [java] Registering detector: edu.umd.cs.findbugs.detect.CalledMethods
     [java] Registering detector: edu.umd.cs.findbugs.detect.FindNoSideEffectMethods
     [java] Registering detector: edu.umd.cs.findbugs.detect.BuildStringPassthruGraph
     [java] Registering detector: edu.umd.cs.findbugs.detect.ConfusionBetweenInheritedAndOuterMethod
     [java] Registering detector: edu.umd.cs.findbugs.detect.SynchronizationOnSharedBuiltinConstant
     [java] Registering detector: edu.umd.cs.findbugs.detect.NoteCheckReturnValueAnnotations
     [java] Registering detector: edu.umd.cs.findbugs.detect.FieldItemSummary
     [java] Registering detector: edu.umd.cs.findbugs.detect.NoteNonNullAnnotations
     [java] Registering detector: edu.umd.cs.findbugs.detect.NoteUnconditionalParamDerefs
     [java] Registering detector: edu.umd.cs.findbugs.detect.NoteNonnullReturnValues
     [java] Registering detector: edu.umd.cs.findbugs.detect.SynchronizeOnClassLiteralNotGetClass
     [java] Registering detector: edu.umd.cs.findbugs.detect.InfiniteRecursiveLoop
     [java] Registering detector: edu.umd.cs.findbugs.detect.InfiniteLoop
     [java] Registering detector: edu.umd.cs.findbugs.detect.VolatileUsage
     [java] Registering detector: edu.umd.cs.findbugs.detect.InheritanceUnsafeGetResource
     [java] Registering detector: edu.umd.cs.findbugs.detect.EmptyZipFileEntry
     [java] Registering detector: edu.umd.cs.findbugs.detect.DoInsideDoPrivileged
     [java] Registering detector: edu.umd.cs.findbugs.detect.HugeSharedStringConstants
     [java] Registering detector: edu.umd.cs.findbugs.detect.FinalizerNullsFields
     [java] Registering detector: edu.umd.cs.findbugs.detect.MutableEnum
     [java] Registering detector: edu.umd.cs.findbugs.detect.InconsistentAnnotations
     [java] Registering detector: edu.umd.cs.findbugs.detect.RepeatedConditionals
     [java] Registering detector: edu.umd.cs.findbugs.detect.RedundantConditions
     [java] Registering detector: edu.umd.cs.findbugs.detect.CallToUnsupportedMethod
     [java] Registering detector: edu.umd.cs.findbugs.detect.FormatStringChecker
     [java] Registering detector: edu.umd.cs.findbugs.detect.LostLoggerDueToWeakReference
     [java] Registering detector: edu.umd.cs.findbugs.detect.TestingGround
     [java] Registering detector: edu.umd.cs.findbugs.detect.TestingGround2
     [java] Registering detector: edu.umd.cs.findbugs.detect.NoiseNullDeref
     [java] Registering detector: edu.umd.cs.findbugs.detect.Noise
     [java] Registering detector: edu.umd.cs.findbugs.detect.EqualsOperandShouldHaveClassCompatibleWithThis
     [java] Registering detector: edu.umd.cs.findbugs.detect.ResolveAllReferences
     [java] Registering detector: edu.umd.cs.findbugs.detect.CheckImmutableAnnotation
     [java] Registering detector: edu.umd.cs.findbugs.detect.DontCatchIllegalMonitorStateException
     [java] Registering detector: edu.umd.cs.findbugs.detect.FindFloatMath
     [java] Registering detector: edu.umd.cs.findbugs.detect.CloneIdiom
     [java] Registering detector: edu.umd.cs.findbugs.detect.ComparatorIdiom
     [java] Registering detector: edu.umd.cs.findbugs.detect.FindFieldSelfAssignment
     [java] Registering detector: edu.umd.cs.findbugs.detect.FindSelfComparison
     [java] Registering detector: edu.umd.cs.findbugs.detect.FindSelfComparison2
     [java] Registering detector: edu.umd.cs.findbugs.detect.DroppedException
     [java] Registering detector: edu.umd.cs.findbugs.detect.LoadOfKnownNullValue
     [java] Registering detector: edu.umd.cs.findbugs.detect.DumbMethodInvocations
     [java] Registering detector: edu.umd.cs.findbugs.detect.URLProblems
     [java] Registering detector: edu.umd.cs.findbugs.detect.CovariantArrayAssignment
     [java] Registering detector: edu.umd.cs.findbugs.detect.DumbMethods
     [java] Registering detector: edu.umd.cs.findbugs.detect.NumberConstructor
     [java] Registering detector: edu.umd.cs.findbugs.detect.FindSqlInjection
     [java] Registering detector: edu.umd.cs.findbugs.detect.FindDoubleCheck
     [java] Registering detector: edu.umd.cs.findbugs.detect.FindFinalizeInvocations
     [java] Registering detector: edu.umd.cs.findbugs.detect.FindHEmismatch
     [java] Registering detector: edu.umd.cs.findbugs.detect.OverridingEqualsNotSymmetrical
     [java] Registering detector: edu.umd.cs.findbugs.detect.FindNakedNotify
     [java] Registering detector: edu.umd.cs.findbugs.detect.FindReturnRef
     [java] Registering detector: edu.umd.cs.findbugs.detect.FindRunInvocations
     [java] Registering detector: edu.umd.cs.findbugs.detect.SwitchFallthrough
     [java] Registering detector: edu.umd.cs.findbugs.detect.FindSpinLoop
     [java] Registering detector: edu.umd.cs.findbugs.detect.FindNonShortCircuit
     [java] Registering detector: edu.umd.cs.findbugs.detect.FindTwoLockWait
     [java] Registering detector: edu.umd.cs.findbugs.detect.FindUnconditionalWait
     [java] Registering detector: edu.umd.cs.findbugs.detect.FindUninitializedGet
     [java] Registering detector: edu.umd.cs.findbugs.detect.DontUseEnum
     [java] Registering detector: edu.umd.cs.findbugs.detect.FindUnsyncGet
     [java] Registering detector: edu.umd.cs.findbugs.detect.InitializationChain
     [java] Registering detector: edu.umd.cs.findbugs.detect.IteratorIdioms
     [java] Registering detector: edu.umd.cs.findbugs.detect.PreferZeroLengthArrays
     [java] Registering detector: edu.umd.cs.findbugs.detect.SynchronizingOnContentsOfFieldToProtectField
     [java] Registering detector: edu.umd.cs.findbugs.detect.MutableLock
     [java] Registering detector: edu.umd.cs.findbugs.detect.FindUselessObjects
     [java] Registering detector: edu.umd.cs.findbugs.detect.MutableStaticFields
     [java] Registering detector: edu.umd.cs.findbugs.detect.Naming
     [java] Registering detector: edu.umd.cs.findbugs.detect.ReadReturnShouldBeChecked
     [java] Registering detector: edu.umd.cs.findbugs.detect.SerializableIdiom
     [java] Registering detector: edu.umd.cs.findbugs.detect.StartInConstructor
     [java] Registering detector: edu.umd.cs.findbugs.detect.FindBadForLoop
     [java] Registering detector: edu.umd.cs.findbugs.detect.ExplicitSerialization
     [java] Registering detector: edu.umd.cs.findbugs.detect.UnreadFields
     [java] Registering detector: edu.umd.cs.findbugs.detect.WaitInLoop
     [java] Registering detector: edu.umd.cs.findbugs.detect.FindComparatorProblems
     [java] Registering detector: edu.umd.cs.findbugs.detect.FindNullDeref
     [java] Registering detector: edu.umd.cs.findbugs.detect.FindNullDerefsInvolvingNonShortCircuitEvaluation
     [java] Registering detector: edu.umd.cs.findbugs.detect.FindOpenStream
     [java] Registering detector: edu.umd.cs.findbugs.detect.FindUselessControlFlow
     [java] Registering detector: edu.umd.cs.findbugs.detect.FindUnreleasedLock
     [java] Registering detector: edu.umd.cs.findbugs.detect.FindRefComparison
     [java] Registering detector: edu.umd.cs.findbugs.detect.FindMismatchedWaitOrNotify
     [java] Registering detector: edu.umd.cs.findbugs.detect.FindEmptySynchronizedBlock
     [java] Registering detector: edu.umd.cs.findbugs.detect.FindInconsistentSync2
     [java] Registering detector: edu.umd.cs.findbugs.detect.FindLocalSelfAssignment2
     [java] Registering detector: edu.umd.cs.findbugs.detect.IncompatMask
     [java] Registering detector: edu.umd.cs.findbugs.detect.LazyInit
     [java] Registering detector: edu.umd.cs.findbugs.detect.FindJSR166LockMonitorenter
     [java] Registering detector: edu.umd.cs.findbugs.detect.FindUncalledPrivateMethods
     [java] Registering detector: edu.umd.cs.findbugs.detect.UncallableMethodOfAnonymousClass
     [java] Registering detector: edu.umd.cs.findbugs.detect.StringConcatenation
     [java] Registering detector: edu.umd.cs.findbugs.detect.InefficientInitializationInsideLoop
     [java] Registering detector: edu.umd.cs.findbugs.detect.InefficientIndexOf
     [java] Registering detector: edu.umd.cs.findbugs.detect.InefficientToArray
     [java] Registering detector: edu.umd.cs.findbugs.detect.InvalidJUnitTest
     [java] Registering detector: edu.umd.cs.findbugs.detect.BadlyOverriddenAdapter
     [java] Registering detector: edu.umd.cs.findbugs.detect.BadResultSetAccess
     [java] Registering detector: edu.umd.cs.findbugs.detect.SuperfluousInstanceOf
     [java] Registering detector: edu.umd.cs.findbugs.detect.BadAppletConstructor
     [java] Registering detector: edu.umd.cs.findbugs.detect.SuspiciousThreadInterrupted
     [java] Registering detector: edu.umd.cs.findbugs.detect.FindDeadLocalStores
     [java] Registering detector: edu.umd.cs.findbugs.detect.FindMaskedFields
     [java] Registering detector: edu.umd.cs.findbugs.detect.WrongMapIterator
     [java] Registering detector: edu.umd.cs.findbugs.detect.InstantiateStaticClass
     [java] Registering detector: edu.umd.cs.findbugs.detect.RuntimeExceptionCapture
     [java] Registering detector: edu.umd.cs.findbugs.detect.FindFloatEquality
     [java] Registering detector: edu.umd.cs.findbugs.detect.FindUnsatisfiedObligation
     [java] Registering detector: edu.umd.cs.findbugs.detect.UnnecessaryMath
     [java] Registering detector: edu.umd.cs.findbugs.detect.FindCircularDependencies
     [java] Registering detector: edu.umd.cs.findbugs.detect.RedundantInterfaces
     [java] Registering detector: edu.umd.cs.findbugs.detect.MultithreadedInstanceAccess
     [java] Registering detector: edu.umd.cs.findbugs.detect.PublicSemaphores
     [java] Registering detector: edu.umd.cs.findbugs.detect.BadUseOfReturnValue
     [java] Registering detector: edu.umd.cs.findbugs.detect.MethodReturnCheck
     [java] Registering detector: edu.umd.cs.findbugs.detect.IDivResultCastToDouble
     [java] Registering detector: edu.umd.cs.findbugs.detect.FindBadCast2
     [java] Registering detector: edu.umd.cs.findbugs.detect.FindUseOfNonSerializableValue
     [java] Registering detector: edu.umd.cs.findbugs.detect.FindNonSerializableStoreIntoSession
     [java] Registering detector: edu.umd.cs.findbugs.detect.FindNonSerializableValuePassedToWriteObject
     [java] Registering detector: edu.umd.cs.findbugs.detect.BadSyntaxForRegularExpression
     [java] Registering detector: edu.umd.cs.findbugs.detect.VarArgsProblems
     [java] Registering detector: edu.umd.cs.findbugs.detect.FindPuzzlers
     [java] Registering detector: edu.umd.cs.findbugs.detect.IntCast2LongAsInstant
     [java] Registering detector: edu.umd.cs.findbugs.detect.FindSleepWithLockHeld
     [java] Registering detector: edu.umd.cs.findbugs.detect.InefficientMemberAccess
     [java] Registering detector: edu.umd.cs.findbugs.detect.DuplicateBranches
     [java] Registering detector: edu.umd.cs.findbugs.detect.XMLFactoryBypass
     [java] Registering detector: edu.umd.cs.findbugs.detect.UselessSubclassMethod
     [java] Registering detector: edu.umd.cs.findbugs.detect.ConfusedInheritance
     [java] Registering detector: edu.umd.cs.findbugs.detect.QuestionableBooleanAssignment
     [java] Registering detector: edu.umd.cs.findbugs.detect.TrainUnconditionalDerefParams
     [java] Registering detector: edu.umd.cs.findbugs.detect.TrainLongInstantfParams
     [java] Registering detector: edu.umd.cs.findbugs.detect.TrainFieldStoreTypes
     [java] Registering detector: edu.umd.cs.findbugs.detect.TrainNonNullAnnotations
     [java] Registering detector: edu.umd.cs.findbugs.detect.CheckCalls
     [java] Registering detector: edu.umd.cs.findbugs.detect.FindBugsSummaryStats
     [java] Registering detector: edu.umd.cs.findbugs.detect.AppendingToAnObjectOutputStream
     [java] Registering detector: edu.umd.cs.findbugs.detect.TestASM
     [java] Registering detector: edu.umd.cs.findbugs.detect.FindUnrelatedTypesInGenericContainer
     [java] Registering detector: edu.umd.cs.findbugs.detect.StaticCalendarDetector
     [java] Registering detector: edu.umd.cs.findbugs.detect.TestDataflowAnalysis
     [java] Registering detector: edu.umd.cs.findbugs.detect.CheckTypeQualifiers
     [java] Registering detector: edu.umd.cs.findbugs.detect.CrossSiteScripting
     [java] Registering detector: edu.umd.cs.findbugs.detect.DontIgnoreResultOfPutIfAbsent
     [java] Registering detector: edu.umd.cs.findbugs.detect.ReadOfInstanceFieldInMethodInvokedByConstructorInSuperclass
     [java] Registering detector: edu.umd.cs.findbugs.detect.AtomicityProblem
     [java] Registering detector: edu.umd.cs.findbugs.detect.CheckExpectedWarnings
     [java] Registering detector: edu.umd.cs.findbugs.detect.DefaultEncodingDetector
     [java] Registering detector: edu.umd.cs.findbugs.detect.CheckRelaxingNullnessAnnotation
     [java] Registering detector: edu.umd.cs.findbugs.detect.DontAssertInstanceofInTests
     [java] Scanning archives (0 / 15)Scanning archives (1 / 15)Scanning archives (2 / 15)Scanning archives (3 / 15)Scanning archives (4 / 15)Scanning archives (5 / 15)Scanning archives (6 / 15)Scanning archives (7 / 15)Scanning archives (8 / 15)Scanning archives (9 / 15)Scanning archives (10 / 15)Scanning archives (11 / 15)Scanning archives (12 / 15)Scanning archives (13 / 15)Scanning archives (14 / 15)Scanning archives (15 / 15)108 classes scannedAdding referenced classes
     [java] Added 2 referenced classes
     [java] Total of 44 packages
     [java]   com/github/jnidzwetzki/bitfinex/v2/callback/channel/OrderbookHandler
     [java]   java/lang/StringBuilder
     [java]   com/google/common/base/Throwables
     [java]   java/lang/invoke/CallSite
     [java]   com/github/jnidzwetzki/bitfinex/v2/command/SubscribeTickerCommand
     [java]   java/lang/Runnable
     [java]   com/github/jnidzwetzki/bitfinex/v2/callback/channel/TickHandler
     [java]   com/github/jnidzwetzki/bitfinex/v2/entity/BitfinexPosition
     [java]   java/util/stream/Collectors
     [java]   java/util/concurrent/ConcurrentHashMap
     [java]   com/github/jnidzwetzki/bitfinex/v2/symbol/BitfinexExecutedTradeSymbol
     [java]   com/github/jnidzwetzki/bitfinex/v2/manager/ConnectionFeatureManager
     [java]   com/github/jnidzwetzki/bitfinex/v2/symbol/BitfinexTickerSymbol
     [java]   com/github/jnidzwetzki/bitfinex/v2/manager/AbstractManager
     [java]   java/lang/Thread
     [java]   com/github/jnidzwetzki/bitfinex/v2/BitfinexConnectionStateEnum
     [java]   javax/websocket/OnOpen
     [java]   [Lcom/github/jnidzwetzki/bitfinex/v2/symbol/BitfinexOrderBookSymbol$Frequency;
     [java]   com/google/common/io/ByteSource
     [java]   com/google/common/annotations/Beta
     [java]   com/github/jnidzwetzki/bitfinex/v2/callback/channel/account/info/OrderHandler
     [java]   com/google/common/io/CharSource
     [java]   com/github/jnidzwetzki/bitfinex/v2/PooledBitfinexApiBroker
     [java]   java/io/BufferedInputStream
     [java]   java/lang/Object
     [java]   javax/websocket/Session
     [java]   java/io/Serializable
     [java]   java/util/Queue
     [java]   javax/websocket/RemoteEndpoint$Async
     [java]   java/lang/IllegalStateException
     [java]   java/net/URLConnection
     [java]   com/github/jnidzwetzki/bitfinex/v2/util/EventsInTimeslotManager
     [java]   [Lcom/github/jnidzwetzki/bitfinex/v2/SequenceNumberAuditor$ErrorPolicy;
     [java]   java/util/stream/Stream
     [java]   java/lang/FunctionalInterface
     [java]   com/github/jnidzwetzki/bitfinex/v2/callback/channel/account/info/MyExecutedTradeHandler
     [java]   com/github/jnidzwetzki/bitfinex/v2/BitfinexConnectionFeature
     [java]   com/google/common/collect/HashBasedTable
     [java]   com/github/jnidzwetzki/bitfinex/v2/symbol/BitfinexOrderBookSymbol$Frequency
     [java]   com/github/jnidzwetzki/bitfinex/v2/manager/QuoteManager
     [java]   java/util/TreeSet
     [java]   java/util/regex/Matcher
     [java]   com/google/common/base/Stopwatch
     [java]   [Lcom/github/jnidzwetzki/bitfinex/v2/entity/currency/BitfinexCurrencyType;
     [java]   com/google/common/io/ByteStreams
     [java]   java/lang/NullPointerException
     [java]   java/io/IOException
     [java]   javax/websocket/OnClose
     [java]   java/io/Closeable
     [java]   com/github/jnidzwetzki/bitfinex/v2/callback/command/ConfCallback
     [java]   java/util/function/BinaryOperator
     [java]   com/github/jnidzwetzki/bitfinex/v2/BitfinexApiCallbackRegistry
     [java]   java/util/function/Function
     [java]   java/lang/Throwable$PrintStreamOrWriter
     [java]   java/lang/Throwable$SentinelHolder
     [java]   org/json/JSONArray
     [java]   com/google/common/annotations/GwtIncompatible
     [java]   java/util/concurrent/TimeUnit
     [java]   com/github/jnidzwetzki/bitfinex/v2/entity/currency/BitfinexCurrencyPair
     [java]   java/util/function/Consumer
     [java]   java/lang/Long
     [java]   com/github/jnidzwetzki/bitfinex/v2/manager/SimpleCallbackManager
     [java]   [Lcom/github/jnidzwetzki/bitfinex/v2/entity/BitfinexPositionFundingType;
     [java]   com/github/jnidzwetzki/bitfinex/v2/manager/FutureOperationRegistry
     [java]   java/io/OutputStream
     [java]   com/google/common/collect/Sets
     [java]   [Lcom/github/jnidzwetzki/bitfinex/v2/entity/BitfinexOrderFlag;
     [java]   com/google/common/util/concurrent/MoreExecutors
     [java]   com/google/common/annotations/VisibleForTesting
     [java]   java/util/function/BiConsumer
     [java]   com/google/common/collect/Lists
     [java]   jdk/internal/HotSpotIntrinsicCandidate
     [java]   com/google/common/io/ByteSink
     [java]   com/github/jnidzwetzki/bitfinex/v2/callback/command/SubscribedCallback
     [java]   com/google/common/base/Charsets
     [java]   com/github/jnidzwetzki/bitfinex/v2/HeartbeatThread
     [java]   javax/websocket/OnMessage
     [java]   com/github/jnidzwetzki/bitfinex/v2/manager/TradeManager
     [java]   com/github/jnidzwetzki/bitfinex/v2/command/OrderCancelAllCommand
     [java]   com/github/jnidzwetzki/bitfinex/v2/command/OrderCancelCommand
     [java]   com/github/jnidzwetzki/bitfinex/v2/manager/OrderManager
     [java]   com/github/jnidzwetzki/bitfinex/v2/callback/channel/account/info/NotificationHandler
     [java]   com/github/jnidzwetzki/bitfinex/v2/entity/BitfinexExecutedTrade
     [java]   java/io/ObjectOutputStream
     [java]   com/github/jnidzwetzki/bitfinex/v2/callback/channel/account/info/PositionHandler
     [java]   javax/websocket/ClientEndpoint
     [java]   java/util/regex/Pattern
     [java]   com/github/jnidzwetzki/bitfinex/v2/callback/command/AuthCallback
     [java]   com/github/jnidzwetzki/bitfinex/v2/symbol/BitfinexOrderBookSymbol
     [java]   java/util/function/Predicate
     [java]   com/github/jnidzwetzki/bitfinex/v2/entity/BitfinexSubmittedOrderStatus
     [java]   java/lang/Throwable
     [java]   com/github/jnidzwetzki/bitfinex/v2/callback/command/CommandCallbackHandler
     [java]   java/lang/Exception
     [java]   java/util/concurrent/ExecutorService
     [java]   java/util/stream/Collector
     [java]   com/google/common/base/Strings
     [java]   com/google/common/io/ByteSource$AsCharSource
     [java]   java/util/IdentityHashMap
     [java]   com/github/jnidzwetzki/bitfinex/v2/command/SetConnectionFeaturesCommand
     [java]   com/github/jnidzwetzki/bitfinex/v2/callback/command/ErrorCallback
     [java]   com/google/common/io/BaseEncoding
     [java]   com/github/jnidzwetzki/bitfinex/v2/command/OrderUpdateCommand
     [java]   com/google/common/hash/Hasher
     [java]   java/util/concurrent/TimeoutException
     [java]   com/github/jnidzwetzki/bitfinex/v2/SequenceNumberAuditor$ErrorPolicy
     [java]   java/util/List
     [java]   java/util/concurrent/ExecutionException
     [java]   com/github/jnidzwetzki/bitfinex/v2/entity/currency/BitfinexCurrencyType
     [java]   java/lang/InterruptedException
     [java]   com/github/jnidzwetzki/bitfinex/v2/entity/BitfinexWallet$Type
     [java]   com/github/jnidzwetzki/bitfinex/v2/manager/WalletManager
     [java]   org/json/JSONException
     [java]   java/io/InputStream
     [java]   com/github/jnidzwetzki/bitfinex/v2/entity/BitfinexWallet
     [java]   java/lang/String
     [java]   javax/websocket/CloseReason$CloseCode
     [java]   java/lang/ClassNotFoundException
     [java]   java/lang/invoke/LambdaMetafactory
     [java]   [Lcom/github/jnidzwetzki/bitfinex/v2/BitfinexConnectionStateEnum;
     [java]   java/util/HashSet
     [java]   com/github/jnidzwetzki/bitfinex/v2/command/PingCommand
     [java]   com/github/jnidzwetzki/bitfinex/v2/util/BitfinexStreamSymbolToChannelIdResolverAware
     [java]   com/github/jnidzwetzki/bitfinex/v2/entity/currency/BitfinexFundingCurrency
     [java]   java/lang/NoSuchFieldError
     [java]   java/lang/Math
     [java]   com/github/jnidzwetzki/bitfinex/v2/manager/RawOrderbookManager
     [java]   java/net/URL
     [java]   java/util/Map$Entry
     [java]   com/google/common/io/ByteSource$ConcatenatedByteSource
     [java]   java/lang/Enum
     [java]   java/lang/CloneNotSupportedException
     [java]   java/lang/CharSequence
     [java]   com/github/jnidzwetzki/bitfinex/v2/SequenceNumberAuditor
     [java]   java/util/function/Supplier
     [java]   com/github/jnidzwetzki/bitfinex/v2/exception/BitfinexCommandException
     [java]   com/github/jnidzwetzki/bitfinex/v2/symbol/BitfinexOrderBookSymbol$Precision
     [java]   java/net/URI
     [java]   [Lcom/github/jnidzwetzki/bitfinex/v2/symbol/BitfinexOrderBookSymbol$Precision;
     [java]   java/lang/Class
     [java]   java/util/Objects
     [java]   com/github/jnidzwetzki/bitfinex/v2/command/OrderCancelGroupCommand
     [java]   java/lang/Integer
     [java]   com/github/jnidzwetzki/bitfinex/v2/callback/command/UnsubscribedCallback
     [java]   java/lang/Comparable
     [java]   com/github/jnidzwetzki/bitfinex/v2/entity/BitfinexMyExecutedTrade
     [java]   java/util/concurrent/Future
     [java]   java/lang/Throwable$WrappedPrintStream
     [java]   org/bboxdb/commons/Retryer
     [java]   org/slf4j/LoggerFactory
     [java]   com/github/jnidzwetzki/bitfinex/v2/command/BitfinexCommand
     [java]   com/github/jnidzwetzki/bitfinex/v2/manager/BiConsumerCallbackManager
     [java]   com/google/errorprone/annotations/CanIgnoreReturnValue
     [java]   java/util/Arrays
     [java]   com/github/jnidzwetzki/bitfinex/v2/callback/channel/account/info/WalletHandler
     [java]   javax/websocket/RemoteEndpoint
     [java]   com/github/jnidzwetzki/bitfinex/v2/callback/channel/HeartbeatHandler
     [java]   java/io/ObjectInputStream
     [java]   com/github/jnidzwetzki/bitfinex/v2/callback/channel/CandlestickHandler
     [java]   java/util/Iterator
     [java]   com/github/jnidzwetzki/bitfinex/v2/entity/BitfinexTick
     [java]   javax/crypto/Mac
     [java]   org/json/JSONTokener
     [java]   com/google/common/io/ByteSource$ByteArrayByteSource
     [java]   java/lang/invoke/MethodType
     [java]   java/util/Map
     [java]   java/util/concurrent/ConcurrentLinkedQueue
     [java]   java/util/concurrent/Callable
     [java]   java/io/ObjectStreamException
     [java]   com/github/jnidzwetzki/bitfinex/v2/entity/BitfinexCandleTimeFrame
     [java]   [Ljava/lang/StackTraceElement;
     [java]   com/github/jnidzwetzki/bitfinex/v2/symbol/BitfinexAccountSymbol
     [java]   com/github/jnidzwetzki/bitfinex/v2/entity/BitfinexBalanceUpdate
     [java]   com/github/jnidzwetzki/bitfinex/v2/WebsocketClientEndpoint
     [java]   com/github/jnidzwetzki/bitfinex/v2/util/BitfinexCurrencyFactory
     [java]   com/github/jnidzwetzki/bitfinex/v2/BitfinexOrderBuilder
     [java]   java/lang/invoke/MethodHandles
     [java]   [Lcom/github/jnidzwetzki/bitfinex/v2/entity/BitfinexOrderType;
     [java]   java/lang/System
     [java]   com/github/jnidzwetzki/bitfinex/v2/callback/channel/account/info/BalanceInfoHandler
     [java]   com/github/jnidzwetzki/bitfinex/v2/command/BitfinexCommands
     [java]   java/lang/ClassCastException
     [java]   com/github/jnidzwetzki/bitfinex/v2/entity/currency/BitfinexInstrument
     [java]   com/github/jnidzwetzki/bitfinex/v2/BitfinexApiCallbackListeners
     [java]   java/lang/Boolean
     [java]   java/nio/charset/Charset
     [java]   javax/websocket/ContainerProvider
     [java]   javax/websocket/WebSocketContainer
     [java]   java/security/Key
     [java]   org/bboxdb/commons/concurrent/ExceptionSafeRunnable
     [java]   com/github/jnidzwetzki/bitfinex/v2/symbol/BitfinexStreamSymbol
     [java]   com/github/jnidzwetzki/bitfinex/v2/command/UnsubscribeChannelCommand
     [java]   com/github/jnidzwetzki/bitfinex/v2/BitfinexWebsocketClient
     [java]   com/github/jnidzwetzki/bitfinex/v2/symbol/BitfinexFundingSymbol
     [java]   com/github/jnidzwetzki/bitfinex/v2/entity/BitfinexOrderFlag
     [java]   org/bboxdb/commons/Pair
     [java]   com/github/jnidzwetzki/bitfinex/v2/SequenceNumberAuditor$1
     [java]   com/github/jnidzwetzki/bitfinex/v2/BitfinexClientFactory
     [java]   java/lang/Number
     [java]   java/util/concurrent/ConcurrentHashMap$KeySetView
     [java]   java/lang/AutoCloseable
     [java]   java/lang/IllegalArgumentException
     [java]   com/google/common/io/Closer
     [java]   com/github/jnidzwetzki/bitfinex/v2/entity/BitfinexOrderType
     [java]   javax/crypto/spec/SecretKeySpec
     [java]   com/github/jnidzwetzki/bitfinex/v2/command/AuthCommand
     [java]   [Lcom/github/jnidzwetzki/bitfinex/v2/entity/BitfinexPositionStatus;
     [java]   java/lang/invoke/MethodHandle
     [java]   java/util/concurrent/CountDownLatch
     [java]   java/util/Optional
     [java]   java/math/BigDecimal
     [java]   com/github/jnidzwetzki/bitfinex/v2/manager/FutureOperation
     [java]   java/lang/StackTraceElement
     [java]   java/lang/Deprecated
     [java]   java/io/StreamCorruptedException
     [java]   com/google/common/base/Preconditions
     [java]   javax/websocket/CloseReason
     [java]   java/util/concurrent/CopyOnWriteArrayList
     [java]   com/github/jnidzwetzki/bitfinex/v2/callback/channel/ChannelCallbackHandler
     [java]   com/github/jnidzwetzki/bitfinex/v2/symbol/BitfinexSymbols
     [java]   java/util/ArrayList
     [java]   javax/websocket/CloseReason$CloseCodes
     [java]   java/util/Collection
     [java]   com/github/jnidzwetzki/bitfinex/v2/manager/OrderbookManager
     [java]   com/github/jnidzwetzki/bitfinex/v2/entity/BitfinexPositionStatus
     [java]   [Lcom/github/jnidzwetzki/bitfinex/v2/BitfinexConnectionFeature;
     [java]   com/google/common/io/ByteProcessor
     [java]   com/github/jnidzwetzki/bitfinex/v2/command/SubscribeTradesCommand
     [java]   java/util/concurrent/atomic/AtomicLong
     [java]   com/github/jnidzwetzki/bitfinex/v2/command/OrderNewCommand
     [java]   javax/websocket/DeploymentException
     [java]   com/github/jnidzwetzki/bitfinex/v2/command/BitfinexOrderCommand
     [java]   java/io/InvalidObjectException
     [java]   com/google/common/io/ByteSource$EmptyByteSource
     [java]   org/json/JSONObject
     [java]   [Lcom/github/jnidzwetzki/bitfinex/v2/entity/BitfinexSubmittedOrderStatus;
     [java]   java/util/concurrent/atomic/AtomicInteger
     [java]   com/google/common/hash/HashFunction
     [java]   com/github/jnidzwetzki/bitfinex/v2/manager/PositionManager
     [java]   com/github/jnidzwetzki/bitfinex/v2/entity/BitfinexOrderBookEntry
     [java]   java/lang/AssertionError
     [java]   com/github/jnidzwetzki/bitfinex/v2/command/SubscribeCommand
     [java]   java/util/Collections
     [java]   com/github/jnidzwetzki/bitfinex/v2/entity/BitfinexOrder
     [java]   java/lang/RuntimeException
     [java]   com/github/jnidzwetzki/bitfinex/v2/entity/currency/BitfinexCurrencyPair$1
     [java]   com/github/jnidzwetzki/bitfinex/v2/callback/command/ConnectionHeartbeatCallback
     [java]   java/lang/invoke/MethodHandles$Lookup
     [java]   com/google/common/collect/Table
     [java]   java/util/HashMap
     [java]   org/slf4j/Logger
     [java]   com/github/jnidzwetzki/bitfinex/v2/BitfinexWebsocketConfiguration
     [java]   javax/websocket/OnError
     [java]   java/lang/Throwable$WrappedPrintWriter
     [java]   com/github/jnidzwetzki/bitfinex/v2/command/SubscribeCandlesCommand
     [java]   com/github/jnidzwetzki/bitfinex/v2/exception/BitfinexClientException
     [java]   [Lcom/github/jnidzwetzki/bitfinex/v2/entity/BitfinexCandleTimeFrame;
     [java]   com/github/jnidzwetzki/bitfinex/v2/symbol/BitfinexCandlestickSymbol
     [java]   java/util/Set
     [java]   com/github/jnidzwetzki/bitfinex/v2/callback/command/DoNothingCommandCallback
     [java]   com/google/common/io/ByteSource$SlicedByteSource
     [java]   com/google/common/hash/Funnels
     [java]   java/util/Comparator
     [java]   com/google/common/collect/ImmutableList
     [java]   com/github/jnidzwetzki/bitfinex/v2/command/SubscribeOrderbookCommand
     [java]   com/github/jnidzwetzki/bitfinex/v2/SimpleBitfinexApiBroker
     [java]   com/github/jnidzwetzki/bitfinex/v2/command/OrderMultiCommand
     [java]   com/github/jnidzwetzki/bitfinex/v2/callback/channel/DoNothingHandler
     [java]   com/google/common/base/Optional
     [java]   com/github/jnidzwetzki/bitfinex/v2/entity/BitfinexCandle
     [java]   java/net/HttpURLConnection
     [java]   com/github/jnidzwetzki/bitfinex/v2/entity/BitfinexApiKeyPermissions
     [java]   com/github/jnidzwetzki/bitfinex/v2/callback/channel/ExecutedTradeHandler
     [java]   com/github/jnidzwetzki/bitfinex/v2/callback/channel/AccountInfoHandler
     [java]   com/google/common/util/concurrent/ListeningExecutorService
     [java]   com/github/jnidzwetzki/bitfinex/v2/entity/BitfinexPositionFundingType
     [java]   com/github/jnidzwetzki/bitfinex/v2/command/CalculateCommand
     [java]   [Lcom/github/jnidzwetzki/bitfinex/v2/entity/BitfinexWallet$Type;
     [java]   com/github/jnidzwetzki/bitfinex/v2/entity/BitfinexSubmittedOrder
     [java]   com/github/jnidzwetzki/bitfinex/v2/callback/channel/RawOrderbookHandler
     [java] Adding plugin edu.umd.cs.findbugs.plugins.core to execution plan
     [java] Dependences force enabling of edu.umd.cs.findbugs.detect.FieldItemSummary
     [java] Dependences force enabling of edu.umd.cs.findbugs.detect.NoteSuppressedWarnings
     [java] Dependences force enabling of edu.umd.cs.findbugs.detect.EqualsOperandShouldHaveClassCompatibleWithThis
     [java] Dependences force enabling of edu.umd.cs.findbugs.detect.FunctionsThatMightBeMistakenForProcedures
     [java] Dependences force enabling of edu.umd.cs.findbugs.detect.FindNoSideEffectMethods
     [java] Dependences force enabling of edu.umd.cs.findbugs.detect.NoteCheckReturnValueAnnotations
     [java] Dependences force enabling of edu.umd.cs.findbugs.detect.BuildStringPassthruGraph
     [java] Dependences force enabling of edu.umd.cs.findbugs.detect.NoteAnnotationRetention
     [java] Dependences force enabling of edu.umd.cs.findbugs.detect.FindBugsSummaryStats
     [java] 2 passes in execution plan
     [java] 2 analysis passes to perform     0 : Pass 0: 266 classesXFactory cached methods: 5073/5073
     [java] Descriptor factory: 4482/5073/13256
     [java] Pass 1: Analyzing classes (0 / 266) - 00% complete     0 0/2  0/266 com/github/jnidzwetzki/bitfinex/v2/callback/channel/OrderbookHandler
     [java] Pass 1: Analyzing classes (1 / 266) - 00% complete     0 0/2  1/266 java/lang/StringBuilder
     [java] Pass 1: Analyzing classes (2 / 266) - 00% complete     0 0/2  2/266 com/google/common/base/Throwables
     [java] Pass 1: Analyzing classes (3 / 266) - 01% complete     0 0/2  3/266 java/lang/invoke/CallSite
     [java] Pass 1: Analyzing classes (4 / 266) - 01% complete     0 0/2  4/266 com/github/jnidzwetzki/bitfinex/v2/command/SubscribeTickerCommand
     [java] Pass 1: Analyzing classes (5 / 266) - 01% complete     0 0/2  5/266 java/lang/Runnable
     [java] Pass 1: Analyzing classes (6 / 266) - 02% complete     0 0/2  6/266 com/github/jnidzwetzki/bitfinex/v2/callback/channel/TickHandler
     [java] Pass 1: Analyzing classes (7 / 266) - 02% complete     0 0/2  7/266 com/github/jnidzwetzki/bitfinex/v2/entity/BitfinexPosition
     [java] Pass 1: Analyzing classes (8 / 266) - 03% complete     0 0/2  8/266 java/util/stream/Collectors
     [java] Pass 1: Analyzing classes (9 / 266) - 03% complete     0 0/2  9/266 java/util/concurrent/ConcurrentHashMap
     [java] Pass 1: Analyzing classes (10 / 266) - 03% complete     0 0/2  10/266 com/github/jnidzwetzki/bitfinex/v2/symbol/BitfinexExecutedTradeSymbol
     [java] Pass 1: Analyzing classes (11 / 266) - 04% complete     0 0/2  11/266 com/github/jnidzwetzki/bitfinex/v2/manager/ConnectionFeatureManager
     [java] Pass 1: Analyzing classes (12 / 266) - 04% complete     0 0/2  12/266 com/github/jnidzwetzki/bitfinex/v2/symbol/BitfinexTickerSymbol
     [java] Pass 1: Analyzing classes (13 / 266) - 04% complete     0 0/2  13/266 com/github/jnidzwetzki/bitfinex/v2/manager/AbstractManager
     [java] Pass 1: Analyzing classes (14 / 266) - 05% complete     0 0/2  14/266 java/lang/Thread
     [java] Pass 1: Analyzing classes (15 / 266) - 05% complete     0 0/2  15/266 com/github/jnidzwetzki/bitfinex/v2/BitfinexConnectionStateEnum
     [java] Pass 1: Analyzing classes (16 / 266) - 06% complete     0 0/2  16/266 javax/websocket/OnOpen
     [java] Pass 1: Analyzing classes (17 / 266) - 06% complete     0 0/2  17/266 com/google/common/io/ByteSource
     [java] Pass 1: Analyzing classes (18 / 266) - 06% complete     0 0/2  18/266 com/google/common/annotations/Beta
     [java] Pass 1: Analyzing classes (19 / 266) - 07% complete     0 0/2  19/266 com/github/jnidzwetzki/bitfinex/v2/callback/channel/account/info/OrderHandler
     [java] Pass 1: Analyzing classes (20 / 266) - 07% complete     0 0/2  20/266 com/google/common/io/CharSource
     [java] Pass 1: Analyzing classes (21 / 266) - 07% complete     0 0/2  21/266 com/github/jnidzwetzki/bitfinex/v2/PooledBitfinexApiBroker
     [java] Pass 1: Analyzing classes (22 / 266) - 08% complete     0 0/2  22/266 java/io/BufferedInputStream
     [java] Pass 1: Analyzing classes (23 / 266) - 08% complete     0 0/2  23/266 java/lang/Object
     [java] Pass 1: Analyzing classes (24 / 266) - 09% complete     0 0/2  24/266 javax/websocket/Session
     [java] Pass 1: Analyzing classes (25 / 266) - 09% complete     0 0/2  25/266 java/io/Serializable
     [java] Pass 1: Analyzing classes (26 / 266) - 09% complete     0 0/2  26/266 java/util/Queue
     [java] Pass 1: Analyzing classes (27 / 266) - 10% complete     0 0/2  27/266 javax/websocket/RemoteEndpoint$Async
     [java] Pass 1: Analyzing classes (28 / 266) - 10% complete     0 0/2  28/266 java/lang/IllegalStateException
     [java] Pass 1: Analyzing classes (29 / 266) - 10% complete     0 0/2  29/266 java/net/URLConnection
     [java] Pass 1: Analyzing classes (30 / 266) - 11% complete     0 0/2  30/266 com/github/jnidzwetzki/bitfinex/v2/util/EventsInTimeslotManager
     [java] Pass 1: Analyzing classes (31 / 266) - 11% complete     0 0/2  31/266 java/util/stream/Stream
     [java] Pass 1: Analyzing classes (32 / 266) - 12% complete     0 0/2  32/266 java/lang/FunctionalInterface
     [java] Pass 1: Analyzing classes (33 / 266) - 12% complete     0 0/2  33/266 com/github/jnidzwetzki/bitfinex/v2/callback/channel/account/info/MyExecutedTradeHandler
     [java] Pass 1: Analyzing classes (34 / 266) - 12% complete     0 0/2  34/266 com/github/jnidzwetzki/bitfinex/v2/BitfinexConnectionFeature
     [java] Pass 1: Analyzing classes (35 / 266) - 13% complete     0 0/2  35/266 com/google/common/collect/HashBasedTable
     [java] Pass 1: Analyzing classes (36 / 266) - 13% complete     0 0/2  36/266 com/github/jnidzwetzki/bitfinex/v2/symbol/BitfinexOrderBookSymbol$Frequency
     [java] Pass 1: Analyzing classes (37 / 266) - 13% complete     0 0/2  37/266 com/github/jnidzwetzki/bitfinex/v2/manager/QuoteManager
     [java] Pass 1: Analyzing classes (38 / 266) - 14% complete     0 0/2  38/266 java/util/TreeSet
     [java] Pass 1: Analyzing classes (39 / 266) - 14% complete     0 0/2  39/266 java/util/regex/Matcher
     [java] Pass 1: Analyzing classes (40 / 266) - 15% complete     0 0/2  40/266 com/google/common/base/Stopwatch
     [java] Pass 1: Analyzing classes (41 / 266) - 15% complete     0 0/2  41/266 com/google/common/io/ByteStreams
     [java] Pass 1: Analyzing classes (42 / 266) - 15% complete     0 0/2  42/266 java/lang/NullPointerException
     [java] Pass 1: Analyzing classes (43 / 266) - 16% complete     0 0/2  43/266 java/io/IOException
     [java] Pass 1: Analyzing classes (44 / 266) - 16% complete     0 0/2  44/266 javax/websocket/OnClose
     [java] Pass 1: Analyzing classes (45 / 266) - 16% complete     0 0/2  45/266 java/io/Closeable
     [java] Pass 1: Analyzing classes (46 / 266) - 17% complete     0 0/2  46/266 com/github/jnidzwetzki/bitfinex/v2/callback/command/ConfCallback
     [java] Pass 1: Analyzing classes (47 / 266) - 17% complete     0 0/2  47/266 java/util/function/BinaryOperator
     [java] Pass 1: Analyzing classes (48 / 266) - 18% complete     0 0/2  48/266 com/github/jnidzwetzki/bitfinex/v2/BitfinexApiCallbackRegistry
     [java] Pass 1: Analyzing classes (49 / 266) - 18% complete     0 0/2  49/266 java/util/function/Function
     [java] Pass 1: Analyzing classes (50 / 266) - 18% complete     0 0/2  50/266 java/lang/Throwable$PrintStreamOrWriter
     [java] Pass 1: Analyzing classes (51 / 266) - 19% complete     0 0/2  51/266 java/lang/Throwable$SentinelHolder
     [java] Pass 1: Analyzing classes (52 / 266) - 19% complete     0 0/2  52/266 org/json/JSONArray
     [java] Pass 1: Analyzing classes (53 / 266) - 19% complete     0 0/2  53/266 com/google/common/annotations/GwtIncompatible
     [java] Pass 1: Analyzing classes (54 / 266) - 20% complete     0 0/2  54/266 java/util/concurrent/TimeUnit
     [java] Pass 1: Analyzing classes (55 / 266) - 20% complete     0 0/2  55/266 com/github/jnidzwetzki/bitfinex/v2/entity/currency/BitfinexCurrencyPair
     [java] Pass 1: Analyzing classes (56 / 266) - 21% complete     0 0/2  56/266 java/util/function/Consumer
     [java] Pass 1: Analyzing classes (57 / 266) - 21% complete     0 0/2  57/266 java/lang/Long
     [java] Pass 1: Analyzing classes (58 / 266) - 21% complete     0 0/2  58/266 com/github/jnidzwetzki/bitfinex/v2/manager/SimpleCallbackManager
     [java] Pass 1: Analyzing classes (59 / 266) - 22% complete     0 0/2  59/266 com/github/jnidzwetzki/bitfinex/v2/manager/FutureOperationRegistry
     [java] Pass 1: Analyzing classes (60 / 266) - 22% complete     0 0/2  60/266 java/io/OutputStream
     [java] Pass 1: Analyzing classes (61 / 266) - 22% complete     0 0/2  61/266 com/google/common/collect/Sets
     [java] Pass 1: Analyzing classes (62 / 266) - 23% complete     0 0/2  62/266 com/google/common/util/concurrent/MoreExecutors
     [java] Pass 1: Analyzing classes (63 / 266) - 23% complete     0 0/2  63/266 com/google/common/annotations/VisibleForTesting
     [java] Pass 1: Analyzing classes (64 / 266) - 24% complete     0 0/2  64/266 java/util/function/BiConsumer
     [java] Pass 1: Analyzing classes (65 / 266) - 24% complete     0 0/2  65/266 com/google/common/collect/Lists
     [java] Pass 1: Analyzing classes (66 / 266) - 24% complete     0 0/2  66/266 jdk/internal/HotSpotIntrinsicCandidate
     [java] Pass 1: Analyzing classes (67 / 266) - 25% complete     0 0/2  67/266 com/google/common/io/ByteSink
     [java] Pass 1: Analyzing classes (68 / 266) - 25% complete     0 0/2  68/266 com/github/jnidzwetzki/bitfinex/v2/callback/command/SubscribedCallback
     [java] Pass 1: Analyzing classes (69 / 266) - 25% complete     0 0/2  69/266 com/google/common/base/Charsets
     [java] Pass 1: Analyzing classes (70 / 266) - 26% complete     0 0/2  70/266 com/github/jnidzwetzki/bitfinex/v2/HeartbeatThread
     [java] Pass 1: Analyzing classes (71 / 266) - 26% complete     0 0/2  71/266 javax/websocket/OnMessage
     [java] Pass 1: Analyzing classes (72 / 266) - 27% complete     0 0/2  72/266 com/github/jnidzwetzki/bitfinex/v2/manager/TradeManager
     [java] Pass 1: Analyzing classes (73 / 266) - 27% complete     0 0/2  73/266 com/github/jnidzwetzki/bitfinex/v2/command/OrderCancelAllCommand
     [java] Pass 1: Analyzing classes (74 / 266) - 27% complete     0 0/2  74/266 com/github/jnidzwetzki/bitfinex/v2/command/OrderCancelCommand
     [java] Pass 1: Analyzing classes (75 / 266) - 28% complete     0 0/2  75/266 com/github/jnidzwetzki/bitfinex/v2/manager/OrderManager
     [java] Pass 1: Analyzing classes (76 / 266) - 28% complete     0 0/2  76/266 com/github/jnidzwetzki/bitfinex/v2/callback/channel/account/info/NotificationHandler
     [java] Pass 1: Analyzing classes (77 / 266) - 28% complete     0 0/2  77/266 com/github/jnidzwetzki/bitfinex/v2/entity/BitfinexExecutedTrade
     [java] Pass 1: Analyzing classes (78 / 266) - 29% complete     0 0/2  78/266 java/io/ObjectOutputStream
     [java] Pass 1: Analyzing classes (79 / 266) - 29% complete     0 0/2  79/266 com/github/jnidzwetzki/bitfinex/v2/callback/channel/account/info/PositionHandler
     [java] Pass 1: Analyzing classes (80 / 266) - 30% complete     0 0/2  80/266 javax/websocket/ClientEndpoint
     [java] Pass 1: Analyzing classes (81 / 266) - 30% complete     0 0/2  81/266 java/util/regex/Pattern
     [java] Pass 1: Analyzing classes (82 / 266) - 30% complete     0 0/2  82/266 com/github/jnidzwetzki/bitfinex/v2/callback/command/AuthCallback
     [java] Pass 1: Analyzing classes (83 / 266) - 31% complete     0 0/2  83/266 com/github/jnidzwetzki/bitfinex/v2/symbol/BitfinexOrderBookSymbol
     [java] Pass 1: Analyzing classes (84 / 266) - 31% complete     0 0/2  84/266 java/util/function/Predicate
     [java] Pass 1: Analyzing classes (85 / 266) - 31% complete     0 0/2  85/266 com/github/jnidzwetzki/bitfinex/v2/entity/BitfinexSubmittedOrderStatus
     [java] Pass 1: Analyzing classes (86 / 266) - 32% complete     0 0/2  86/266 java/lang/Throwable
     [java] Pass 1: Analyzing classes (87 / 266) - 32% complete     0 0/2  87/266 com/github/jnidzwetzki/bitfinex/v2/callback/command/CommandCallbackHandler
     [java] Pass 1: Analyzing classes (88 / 266) - 33% complete     0 0/2  88/266 java/lang/Exception
     [java] Pass 1: Analyzing classes (89 / 266) - 33% complete     0 0/2  89/266 java/util/concurrent/ExecutorService
     [java] Pass 1: Analyzing classes (90 / 266) - 33% complete     0 0/2  90/266 java/util/stream/Collector
     [java] Pass 1: Analyzing classes (91 / 266) - 34% complete     0 0/2  91/266 com/google/common/base/Strings
     [java] Pass 1: Analyzing classes (92 / 266) - 34% complete     0 0/2  92/266 com/google/common/io/ByteSource$AsCharSource
     [java] Pass 1: Analyzing classes (93 / 266) - 34% complete     0 0/2  93/266 java/util/IdentityHashMap
     [java] Pass 1: Analyzing classes (94 / 266) - 35% complete     0 0/2  94/266 com/github/jnidzwetzki/bitfinex/v2/command/SetConnectionFeaturesCommand
     [java] Pass 1: Analyzing classes (95 / 266) - 35% complete     0 0/2  95/266 com/github/jnidzwetzki/bitfinex/v2/callback/command/ErrorCallback
     [java] Pass 1: Analyzing classes (96 / 266) - 36% complete     0 0/2  96/266 com/google/common/io/BaseEncoding
     [java] Pass 1: Analyzing classes (97 / 266) - 36% complete     0 0/2  97/266 com/github/jnidzwetzki/bitfinex/v2/command/OrderUpdateCommand
     [java] Pass 1: Analyzing classes (98 / 266) - 36% complete     0 0/2  98/266 com/google/common/hash/Hasher
     [java] Pass 1: Analyzing classes (99 / 266) - 37% complete     0 0/2  99/266 java/util/concurrent/TimeoutException
     [java] Pass 1: Analyzing classes (100 / 266) - 37% complete     0 0/2  100/266 com/github/jnidzwetzki/bitfinex/v2/SequenceNumberAuditor$ErrorPolicy
     [java] Pass 1: Analyzing classes (101 / 266) - 37% complete     0 0/2  101/266 java/util/List
     [java] Pass 1: Analyzing classes (102 / 266) - 38% complete     0 0/2  102/266 java/util/concurrent/ExecutionException
     [java] Pass 1: Analyzing classes (103 / 266) - 38% complete     0 0/2  103/266 com/github/jnidzwetzki/bitfinex/v2/entity/currency/BitfinexCurrencyType
     [java] Pass 1: Analyzing classes (104 / 266) - 39% complete     0 0/2  104/266 java/lang/InterruptedException
     [java] Pass 1: Analyzing classes (105 / 266) - 39% complete     0 0/2  105/266 com/github/jnidzwetzki/bitfinex/v2/entity/BitfinexWallet$Type
     [java] Pass 1: Analyzing classes (106 / 266) - 39% complete     0 0/2  106/266 com/github/jnidzwetzki/bitfinex/v2/manager/WalletManager
     [java] Pass 1: Analyzing classes (107 / 266) - 40% complete     0 0/2  107/266 org/json/JSONException
     [java] Pass 1: Analyzing classes (108 / 266) - 40% complete     0 0/2  108/266 java/io/InputStream
     [java] Pass 1: Analyzing classes (109 / 266) - 40% complete     0 0/2  109/266 com/github/jnidzwetzki/bitfinex/v2/entity/BitfinexWallet
     [java] Pass 1: Analyzing classes (110 / 266) - 41% complete     0 0/2  110/266 java/lang/String
     [java] Pass 1: Analyzing classes (111 / 266) - 41% complete     0 0/2  111/266 javax/websocket/CloseReason$CloseCode
     [java] Pass 1: Analyzing classes (112 / 266) - 42% complete     0 0/2  112/266 java/lang/ClassNotFoundException
     [java] Pass 1: Analyzing classes (113 / 266) - 42% complete     0 0/2  113/266 java/lang/invoke/LambdaMetafactory
     [java] Pass 1: Analyzing classes (114 / 266) - 42% complete     0 0/2  114/266 java/util/HashSet
     [java] Pass 1: Analyzing classes (115 / 266) - 43% complete     0 0/2  115/266 com/github/jnidzwetzki/bitfinex/v2/command/PingCommand
     [java] Pass 1: Analyzing classes (116 / 266) - 43% complete     0 0/2  116/266 com/github/jnidzwetzki/bitfinex/v2/util/BitfinexStreamSymbolToChannelIdResolverAware
     [java] Pass 1: Analyzing classes (117 / 266) - 43% complete     0 0/2  117/266 com/github/jnidzwetzki/bitfinex/v2/entity/currency/BitfinexFundingCurrency
     [java] Pass 1: Analyzing classes (118 / 266) - 44% complete     0 0/2  118/266 java/lang/NoSuchFieldError
     [java] Pass 1: Analyzing classes (119 / 266) - 44% complete     0 0/2  119/266 java/lang/Math
     [java] Pass 1: Analyzing classes (120 / 266) - 45% complete     0 0/2  120/266 com/github/jnidzwetzki/bitfinex/v2/manager/RawOrderbookManager
     [java] Pass 1: Analyzing classes (121 / 266) - 45% complete     0 0/2  121/266 java/net/URL
     [java] Pass 1: Analyzing classes (122 / 266) - 45% complete     0 0/2  122/266 java/util/Map$Entry
     [java] Pass 1: Analyzing classes (123 / 266) - 46% complete     0 0/2  123/266 com/google/common/io/ByteSource$ConcatenatedByteSource
     [java] Pass 1: Analyzing classes (124 / 266) - 46% complete     0 0/2  124/266 java/lang/Enum
     [java] Pass 1: Analyzing classes (125 / 266) - 46% complete     0 0/2  125/266 java/lang/CloneNotSupportedException
     [java] Pass 1: Analyzing classes (126 / 266) - 47% complete     0 0/2  126/266 java/lang/CharSequence
     [java] Pass 1: Analyzing classes (127 / 266) - 47% complete     0 0/2  127/266 com/github/jnidzwetzki/bitfinex/v2/SequenceNumberAuditor
     [java] Pass 1: Analyzing classes (128 / 266) - 48% complete     0 0/2  128/266 java/util/function/Supplier
     [java] Pass 1: Analyzing classes (129 / 266) - 48% complete     0 0/2  129/266 com/github/jnidzwetzki/bitfinex/v2/exception/BitfinexCommandException
     [java] Pass 1: Analyzing classes (130 / 266) - 48% complete     0 0/2  130/266 com/github/jnidzwetzki/bitfinex/v2/symbol/BitfinexOrderBookSymbol$Precision
     [java] Pass 1: Analyzing classes (131 / 266) - 49% complete     0 0/2  131/266 java/net/URI
     [java] Pass 1: Analyzing classes (132 / 266) - 49% complete     0 0/2  132/266 java/lang/Class
     [java] Pass 1: Analyzing classes (133 / 266) - 50% complete     0 0/2  133/266 java/util/Objects
     [java] Pass 1: Analyzing classes (134 / 266) - 50% complete     0 0/2  134/266 com/github/jnidzwetzki/bitfinex/v2/command/OrderCancelGroupCommand
     [java] Pass 1: Analyzing classes (135 / 266) - 50% complete     0 0/2  135/266 java/lang/Integer
     [java] Pass 1: Analyzing classes (136 / 266) - 51% complete     0 0/2  136/266 com/github/jnidzwetzki/bitfinex/v2/callback/command/UnsubscribedCallback
     [java] Pass 1: Analyzing classes (137 / 266) - 51% complete     0 0/2  137/266 java/lang/Comparable
     [java] Pass 1: Analyzing classes (138 / 266) - 51% complete     0 0/2  138/266 com/github/jnidzwetzki/bitfinex/v2/entity/BitfinexMyExecutedTrade
     [java] Pass 1: Analyzing classes (139 / 266) - 52% complete     0 0/2  139/266 java/util/concurrent/Future
     [java] Pass 1: Analyzing classes (140 / 266) - 52% complete     0 0/2  140/266 java/lang/Throwable$WrappedPrintStream
     [java] Pass 1: Analyzing classes (141 / 266) - 53% complete     0 0/2  141/266 org/bboxdb/commons/Retryer
     [java] Pass 1: Analyzing classes (142 / 266) - 53% complete     0 0/2  142/266 org/slf4j/LoggerFactory
     [java] Pass 1: Analyzing classes (143 / 266) - 53% complete     0 0/2  143/266 com/github/jnidzwetzki/bitfinex/v2/command/BitfinexCommand
     [java] Pass 1: Analyzing classes (144 / 266) - 54% complete     0 0/2  144/266 com/github/jnidzwetzki/bitfinex/v2/manager/BiConsumerCallbackManager
     [java] Pass 1: Analyzing classes (145 / 266) - 54% complete     0 0/2  145/266 com/google/errorprone/annotations/CanIgnoreReturnValue
     [java] Pass 1: Analyzing classes (146 / 266) - 54% complete     0 0/2  146/266 java/util/Arrays
     [java] Pass 1: Analyzing classes (147 / 266) - 55% complete     0 0/2  147/266 com/github/jnidzwetzki/bitfinex/v2/callback/channel/account/info/WalletHandler
     [java] Pass 1: Analyzing classes (148 / 266) - 55% complete     0 0/2  148/266 javax/websocket/RemoteEndpoint
     [java] Pass 1: Analyzing classes (149 / 266) - 56% complete     0 0/2  149/266 com/github/jnidzwetzki/bitfinex/v2/callback/channel/HeartbeatHandler
     [java] Pass 1: Analyzing classes (150 / 266) - 56% complete     0 0/2  150/266 java/io/ObjectInputStream
     [java] Pass 1: Analyzing classes (151 / 266) - 56% complete     0 0/2  151/266 com/github/jnidzwetzki/bitfinex/v2/callback/channel/CandlestickHandler
     [java] Pass 1: Analyzing classes (152 / 266) - 57% complete     0 0/2  152/266 java/util/Iterator
     [java] Pass 1: Analyzing classes (153 / 266) - 57% complete     0 0/2  153/266 com/github/jnidzwetzki/bitfinex/v2/entity/BitfinexTick
     [java] Pass 1: Analyzing classes (154 / 266) - 57% complete     0 0/2  154/266 javax/crypto/Mac
     [java] Pass 1: Analyzing classes (155 / 266) - 58% complete     0 0/2  155/266 org/json/JSONTokener
     [java] Pass 1: Analyzing classes (156 / 266) - 58% complete     0 0/2  156/266 com/google/common/io/ByteSource$ByteArrayByteSource
     [java] Pass 1: Analyzing classes (157 / 266) - 59% complete     0 0/2  157/266 java/lang/invoke/MethodType
     [java] Pass 1: Analyzing classes (158 / 266) - 59% complete     0 0/2  158/266 java/util/Map
     [java] Pass 1: Analyzing classes (159 / 266) - 59% complete     0 0/2  159/266 java/util/concurrent/ConcurrentLinkedQueue
     [java] Pass 1: Analyzing classes (160 / 266) - 60% complete     0 0/2  160/266 java/util/concurrent/Callable
     [java] Pass 1: Analyzing classes (161 / 266) - 60% complete     0 0/2  161/266 java/io/ObjectStreamException
     [java] Pass 1: Analyzing classes (162 / 266) - 60% complete     0 0/2  162/266 com/github/jnidzwetzki/bitfinex/v2/entity/BitfinexCandleTimeFrame
     [java] Pass 1: Analyzing classes (163 / 266) - 61% complete     0 0/2  163/266 com/github/jnidzwetzki/bitfinex/v2/symbol/BitfinexAccountSymbol
     [java] Pass 1: Analyzing classes (164 / 266) - 61% complete     0 0/2  164/266 com/github/jnidzwetzki/bitfinex/v2/entity/BitfinexBalanceUpdate
     [java] Pass 1: Analyzing classes (165 / 266) - 62% complete     0 0/2  165/266 com/github/jnidzwetzki/bitfinex/v2/WebsocketClientEndpoint
     [java] Pass 1: Analyzing classes (166 / 266) - 62% complete     0 0/2  166/266 com/github/jnidzwetzki/bitfinex/v2/util/BitfinexCurrencyFactory
     [java] Pass 1: Analyzing classes (167 / 266) - 62% complete     0 0/2  167/266 com/github/jnidzwetzki/bitfinex/v2/BitfinexOrderBuilder
     [java] Pass 1: Analyzing classes (168 / 266) - 63% complete     0 0/2  168/266 java/lang/invoke/MethodHandles
     [java] Pass 1: Analyzing classes (169 / 266) - 63% complete     0 0/2  169/266 java/lang/System
     [java] Pass 1: Analyzing classes (170 / 266) - 63% complete     0 0/2  170/266 com/github/jnidzwetzki/bitfinex/v2/callback/channel/account/info/BalanceInfoHandler
     [java] Pass 1: Analyzing classes (171 / 266) - 64% complete     0 0/2  171/266 com/github/jnidzwetzki/bitfinex/v2/command/BitfinexCommands
     [java] Pass 1: Analyzing classes (172 / 266) - 64% complete     0 0/2  172/266 java/lang/ClassCastException
     [java] Pass 1: Analyzing classes (173 / 266) - 65% complete     0 0/2  173/266 com/github/jnidzwetzki/bitfinex/v2/entity/currency/BitfinexInstrument
     [java] Pass 1: Analyzing classes (174 / 266) - 65% complete     0 0/2  174/266 com/github/jnidzwetzki/bitfinex/v2/BitfinexApiCallbackListeners
     [java] Pass 1: Analyzing classes (175 / 266) - 65% complete     0 0/2  175/266 java/lang/Boolean
     [java] Pass 1: Analyzing classes (176 / 266) - 66% complete     0 0/2  176/266 java/nio/charset/Charset
     [java] Pass 1: Analyzing classes (177 / 266) - 66% complete     0 0/2  177/266 javax/websocket/ContainerProvider
     [java] Pass 1: Analyzing classes (178 / 266) - 66% complete     0 0/2  178/266 javax/websocket/WebSocketContainer
     [java] Pass 1: Analyzing classes (179 / 266) - 67% complete     0 0/2  179/266 java/security/Key
     [java] Pass 1: Analyzing classes (180 / 266) - 67% complete     0 0/2  180/266 org/bboxdb/commons/concurrent/ExceptionSafeRunnable
     [java] Pass 1: Analyzing classes (181 / 266) - 68% complete     0 0/2  181/266 com/github/jnidzwetzki/bitfinex/v2/symbol/BitfinexStreamSymbol
     [java] Pass 1: Analyzing classes (182 / 266) - 68% complete     0 0/2  182/266 com/github/jnidzwetzki/bitfinex/v2/command/UnsubscribeChannelCommand
     [java] Pass 1: Analyzing classes (183 / 266) - 68% complete     0 0/2  183/266 com/github/jnidzwetzki/bitfinex/v2/BitfinexWebsocketClient
     [java] Pass 1: Analyzing classes (184 / 266) - 69% complete     0 0/2  184/266 com/github/jnidzwetzki/bitfinex/v2/symbol/BitfinexFundingSymbol
     [java] Pass 1: Analyzing classes (185 / 266) - 69% complete     0 0/2  185/266 com/github/jnidzwetzki/bitfinex/v2/entity/BitfinexOrderFlag
     [java] Pass 1: Analyzing classes (186 / 266) - 69% complete     0 0/2  186/266 org/bboxdb/commons/Pair
     [java] Pass 1: Analyzing classes (187 / 266) - 70% complete     0 0/2  187/266 com/github/jnidzwetzki/bitfinex/v2/SequenceNumberAuditor$1
     [java] Pass 1: Analyzing classes (188 / 266) - 70% complete     0 0/2  188/266 com/github/jnidzwetzki/bitfinex/v2/BitfinexClientFactory
     [java] Pass 1: Analyzing classes (189 / 266) - 71% complete     0 0/2  189/266 java/lang/Number
     [java] Pass 1: Analyzing classes (190 / 266) - 71% complete     0 0/2  190/266 java/util/concurrent/ConcurrentHashMap$KeySetView
     [java] Pass 1: Analyzing classes (191 / 266) - 71% complete     0 0/2  191/266 java/lang/AutoCloseable
     [java] Pass 1: Analyzing classes (192 / 266) - 72% complete     0 0/2  192/266 java/lang/IllegalArgumentException
     [java] Pass 1: Analyzing classes (193 / 266) - 72% complete     0 0/2  193/266 com/google/common/io/Closer
     [java] Pass 1: Analyzing classes (194 / 266) - 72% complete     0 0/2  194/266 com/github/jnidzwetzki/bitfinex/v2/entity/BitfinexOrderType
     [java] Pass 1: Analyzing classes (195 / 266) - 73% complete     0 0/2  195/266 javax/crypto/spec/SecretKeySpec
     [java] Pass 1: Analyzing classes (196 / 266) - 73% complete     0 0/2  196/266 com/github/jnidzwetzki/bitfinex/v2/command/AuthCommand
     [java] Pass 1: Analyzing classes (197 / 266) - 74% complete     0 0/2  197/266 java/lang/invoke/MethodHandle
     [java] Pass 1: Analyzing classes (198 / 266) - 74% complete     0 0/2  198/266 java/util/concurrent/CountDownLatch
     [java] Pass 1: Analyzing classes (199 / 266) - 74% complete     0 0/2  199/266 java/util/Optional
     [java] Pass 1: Analyzing classes (200 / 266) - 75% complete     0 0/2  200/266 java/math/BigDecimal
     [java] Pass 1: Analyzing classes (201 / 266) - 75% complete     0 0/2  201/266 com/github/jnidzwetzki/bitfinex/v2/manager/FutureOperation
     [java] Pass 1: Analyzing classes (202 / 266) - 75% complete     0 0/2  202/266 java/lang/StackTraceElement
     [java] Pass 1: Analyzing classes (203 / 266) - 76% complete     0 0/2  203/266 java/lang/Deprecated
     [java] Pass 1: Analyzing classes (204 / 266) - 76% complete     0 0/2  204/266 java/io/StreamCorruptedException
     [java] Pass 1: Analyzing classes (205 / 266) - 77% complete     0 0/2  205/266 com/google/common/base/Preconditions
     [java] Pass 1: Analyzing classes (206 / 266) - 77% complete     0 0/2  206/266 javax/websocket/CloseReason
     [java] Pass 1: Analyzing classes (207 / 266) - 77% complete     0 0/2  207/266 java/util/concurrent/CopyOnWriteArrayList
     [java] Pass 1: Analyzing classes (208 / 266) - 78% complete     0 0/2  208/266 com/github/jnidzwetzki/bitfinex/v2/callback/channel/ChannelCallbackHandler
     [java] Pass 1: Analyzing classes (209 / 266) - 78% complete     0 0/2  209/266 com/github/jnidzwetzki/bitfinex/v2/symbol/BitfinexSymbols
     [java] Pass 1: Analyzing classes (210 / 266) - 78% complete     0 0/2  210/266 java/util/ArrayList
     [java] Pass 1: Analyzing classes (211 / 266) - 79% complete     0 0/2  211/266 javax/websocket/CloseReason$CloseCodes
     [java] Pass 1: Analyzing classes (212 / 266) - 79% complete     0 0/2  212/266 java/util/Collection
     [java] Pass 1: Analyzing classes (213 / 266) - 80% complete     0 0/2  213/266 com/github/jnidzwetzki/bitfinex/v2/manager/OrderbookManager
     [java] Pass 1: Analyzing classes (214 / 266) - 80% complete     0 0/2  214/266 com/github/jnidzwetzki/bitfinex/v2/entity/BitfinexPositionStatus
     [java] Pass 1: Analyzing classes (215 / 266) - 80% complete     0 0/2  215/266 com/google/common/io/ByteProcessor
     [java] Pass 1: Analyzing classes (216 / 266) - 81% complete     0 0/2  216/266 com/github/jnidzwetzki/bitfinex/v2/command/SubscribeTradesCommand
     [java] Pass 1: Analyzing classes (217 / 266) - 81% complete     0 0/2  217/266 java/util/concurrent/atomic/AtomicLong
     [java] Pass 1: Analyzing classes (218 / 266) - 81% complete     0 0/2  218/266 com/github/jnidzwetzki/bitfinex/v2/command/OrderNewCommand
     [java] Pass 1: Analyzing classes (219 / 266) - 82% complete     0 0/2  219/266 javax/websocket/DeploymentException
     [java] Pass 1: Analyzing classes (220 / 266) - 82% complete     0 0/2  220/266 com/github/jnidzwetzki/bitfinex/v2/command/BitfinexOrderCommand
     [java] Pass 1: Analyzing classes (221 / 266) - 83% complete     0 0/2  221/266 java/io/InvalidObjectException
     [java] Pass 1: Analyzing classes (222 / 266) - 83% complete     0 0/2  222/266 com/google/common/io/ByteSource$EmptyByteSource
     [java] Pass 1: Analyzing classes (223 / 266) - 83% complete     0 0/2  223/266 org/json/JSONObject
     [java] Pass 1: Analyzing classes (224 / 266) - 84% complete     0 0/2  224/266 java/util/concurrent/atomic/AtomicInteger
     [java] Pass 1: Analyzing classes (225 / 266) - 84% complete     0 0/2  225/266 com/google/common/hash/HashFunction
     [java] Pass 1: Analyzing classes (226 / 266) - 84% complete     0 0/2  226/266 com/github/jnidzwetzki/bitfinex/v2/manager/PositionManager
     [java] Pass 1: Analyzing classes (227 / 266) - 85% complete     0 0/2  227/266 com/github/jnidzwetzki/bitfinex/v2/entity/BitfinexOrderBookEntry
     [java] Pass 1: Analyzing classes (228 / 266) - 85% complete     0 0/2  228/266 java/lang/AssertionError
     [java] Pass 1: Analyzing classes (229 / 266) - 86% complete     0 0/2  229/266 com/github/jnidzwetzki/bitfinex/v2/command/SubscribeCommand
     [java] Pass 1: Analyzing classes (230 / 266) - 86% complete     0 0/2  230/266 java/util/Collections
     [java] Pass 1: Analyzing classes (231 / 266) - 86% complete     0 0/2  231/266 com/github/jnidzwetzki/bitfinex/v2/entity/BitfinexOrder
     [java] Pass 1: Analyzing classes (232 / 266) - 87% complete     0 0/2  232/266 java/lang/RuntimeException
     [java] Pass 1: Analyzing classes (233 / 266) - 87% complete     0 0/2  233/266 com/github/jnidzwetzki/bitfinex/v2/entity/currency/BitfinexCurrencyPair$1
     [java] Pass 1: Analyzing classes (234 / 266) - 87% complete     0 0/2  234/266 com/github/jnidzwetzki/bitfinex/v2/callback/command/ConnectionHeartbeatCallback
     [java] Pass 1: Analyzing classes (235 / 266) - 88% complete     0 0/2  235/266 java/lang/invoke/MethodHandles$Lookup
     [java] Pass 1: Analyzing classes (236 / 266) - 88% complete     0 0/2  236/266 com/google/common/collect/Table
     [java] Pass 1: Analyzing classes (237 / 266) - 89% complete     0 0/2  237/266 java/util/HashMap
     [java] Pass 1: Analyzing classes (238 / 266) - 89% complete     0 0/2  238/266 org/slf4j/Logger
     [java] Pass 1: Analyzing classes (239 / 266) - 89% complete     0 0/2  239/266 com/github/jnidzwetzki/bitfinex/v2/BitfinexWebsocketConfiguration
     [java] Pass 1: Analyzing classes (240 / 266) - 90% complete     0 0/2  240/266 javax/websocket/OnError
     [java] Pass 1: Analyzing classes (241 / 266) - 90% complete     0 0/2  241/266 java/lang/Throwable$WrappedPrintWriter
     [java] Pass 1: Analyzing classes (242 / 266) - 90% complete     0 0/2  242/266 com/github/jnidzwetzki/bitfinex/v2/command/SubscribeCandlesCommand
     [java] Pass 1: Analyzing classes (243 / 266) - 91% complete     0 0/2  243/266 com/github/jnidzwetzki/bitfinex/v2/exception/BitfinexClientException
     [java] Pass 1: Analyzing classes (244 / 266) - 91% complete     0 0/2  244/266 com/github/jnidzwetzki/bitfinex/v2/symbol/BitfinexCandlestickSymbol
     [java] Pass 1: Analyzing classes (245 / 266) - 92% complete     0 0/2  245/266 java/util/Set
     [java] Pass 1: Analyzing classes (246 / 266) - 92% complete     0 0/2  246/266 com/github/jnidzwetzki/bitfinex/v2/callback/command/DoNothingCommandCallback
     [java] Pass 1: Analyzing classes (247 / 266) - 92% complete     0 0/2  247/266 com/google/common/io/ByteSource$SlicedByteSource
     [java] Pass 1: Analyzing classes (248 / 266) - 93% complete     0 0/2  248/266 com/google/common/hash/Funnels
     [java] Pass 1: Analyzing classes (249 / 266) - 93% complete     0 0/2  249/266 java/util/Comparator
     [java] Pass 1: Analyzing classes (250 / 266) - 93% complete     0 0/2  250/266 com/google/common/collect/ImmutableList
     [java] Pass 1: Analyzing classes (251 / 266) - 94% complete     0 0/2  251/266 com/github/jnidzwetzki/bitfinex/v2/command/SubscribeOrderbookCommand
     [java] Pass 1: Analyzing classes (252 / 266) - 94% complete     0 0/2  252/266 com/github/jnidzwetzki/bitfinex/v2/SimpleBitfinexApiBroker
     [java] Pass 1: Analyzing classes (253 / 266) - 95% complete     0 0/2  253/266 com/github/jnidzwetzki/bitfinex/v2/command/OrderMultiCommand
     [java] Pass 1: Analyzing classes (254 / 266) - 95% complete     0 0/2  254/266 com/github/jnidzwetzki/bitfinex/v2/callback/channel/DoNothingHandler
     [java] Pass 1: Analyzing classes (255 / 266) - 95% complete     0 0/2  255/266 com/google/common/base/Optional
     [java] Pass 1: Analyzing classes (256 / 266) - 96% complete     0 0/2  256/266 com/github/jnidzwetzki/bitfinex/v2/entity/BitfinexCandle
     [java] Pass 1: Analyzing classes (257 / 266) - 96% complete     0 0/2  257/266 java/net/HttpURLConnection
     [java] Pass 1: Analyzing classes (258 / 266) - 96% complete     0 0/2  258/266 com/github/jnidzwetzki/bitfinex/v2/entity/BitfinexApiKeyPermissions
     [java] Pass 1: Analyzing classes (259 / 266) - 97% complete     0 0/2  259/266 com/github/jnidzwetzki/bitfinex/v2/callback/channel/ExecutedTradeHandler
     [java] Pass 1: Analyzing classes (260 / 266) - 97% complete     0 0/2  260/266 com/github/jnidzwetzki/bitfinex/v2/callback/channel/AccountInfoHandler
     [java] Pass 1: Analyzing classes (261 / 266) - 98% complete     0 0/2  261/266 com/google/common/util/concurrent/ListeningExecutorService
     [java] Pass 1: Analyzing classes (262 / 266) - 98% complete     0 0/2  262/266 com/github/jnidzwetzki/bitfinex/v2/entity/BitfinexPositionFundingType
     [java] Pass 1: Analyzing classes (263 / 266) - 98% complete     0 0/2  263/266 com/github/jnidzwetzki/bitfinex/v2/command/CalculateCommand
     [java] Pass 1: Analyzing classes (264 / 266) - 99% complete     0 0/2  264/266 com/github/jnidzwetzki/bitfinex/v2/entity/BitfinexSubmittedOrder
     [java] Pass 1: Analyzing classes (265 / 266) - 99% complete     0 0/2  265/266 com/github/jnidzwetzki/bitfinex/v2/callback/channel/RawOrderbookHandler
     [java] Pass 1: Analyzing classes (266 / 266) - 100% complete     0 : Pass 1: 108 classes
     [java] XFactory cached methods: 5073/6571
     [java] Descriptor factory: 4482/5073/16874
     [java] Pass 2: Analyzing classes (0 / 108) - 00% complete     0 1/2  0/108 com/github/jnidzwetzki/bitfinex/v2/callback/command/UnsubscribedCallback
     [java] Pass 2: Analyzing classes (1 / 108) - 00% complete      33 usecs/byte      46 msec    1401 bytes  1 pass com/github/jnidzwetzki/bitfinex/v2/callback/command/UnsubscribedCallback     0 1/2  1/108 com/github/jnidzwetzki/bitfinex/v2/command/BitfinexCommand
     [java] Pass 2: Analyzing classes (2 / 108) - 01% complete     0 1/2  2/108 com/github/jnidzwetzki/bitfinex/v2/entity/BitfinexPosition
     [java] Pass 2: Analyzing classes (3 / 108) - 02% complete     0 1/2  3/108 com/github/jnidzwetzki/bitfinex/v2/callback/channel/HeartbeatHandler
     [java] Pass 2: Analyzing classes (4 / 108) - 03% complete     0 1/2  4/108 com/github/jnidzwetzki/bitfinex/v2/manager/AbstractManager
     [java] Pass 2: Analyzing classes (5 / 108) - 04% complete     0 1/2  5/108 com/github/jnidzwetzki/bitfinex/v2/BitfinexConnectionStateEnum
     [java] Pass 2: Analyzing classes (6 / 108) - 05% complete     0 1/2  6/108 com/github/jnidzwetzki/bitfinex/v2/entity/BitfinexTick
     [java] Pass 2: Analyzing classes (7 / 108) - 06% complete     0 1/2  7/108 com/github/jnidzwetzki/bitfinex/v2/entity/BitfinexCandleTimeFrame
     [java] Pass 2: Analyzing classes (8 / 108) - 07% complete     0 1/2  8/108 com/github/jnidzwetzki/bitfinex/v2/entity/BitfinexBalanceUpdate
     [java] Pass 2: Analyzing classes (9 / 108) - 08% complete     0 1/2  9/108 com/github/jnidzwetzki/bitfinex/v2/symbol/BitfinexAccountSymbol
     [java] Pass 2: Analyzing classes (10 / 108) - 09% complete     1 1/2  10/108 com/github/jnidzwetzki/bitfinex/v2/WebsocketClientEndpoint
     [java] Pass 2: Analyzing classes (11 / 108) - 10% complete     1 1/2  11/108 com/github/jnidzwetzki/bitfinex/v2/util/EventsInTimeslotManager
     [java] Pass 2: Analyzing classes (12 / 108) - 11% complete     1 1/2  12/108 com/github/jnidzwetzki/bitfinex/v2/callback/channel/account/info/BalanceInfoHandler
     [java] Pass 2: Analyzing classes (13 / 108) - 12% complete     1 1/2  13/108 com/github/jnidzwetzki/bitfinex/v2/entity/currency/BitfinexInstrument
     [java] Pass 2: Analyzing classes (14 / 108) - 12% complete     1 1/2  14/108 com/github/jnidzwetzki/bitfinex/v2/BitfinexApiCallbackListeners
     [java] Pass 2: Analyzing classes (15 / 108) - 13% complete     1 1/2  15/108 com/github/jnidzwetzki/bitfinex/v2/BitfinexConnectionFeature
     [java] Pass 2: Analyzing classes (16 / 108) - 14% complete     1 1/2  16/108 com/github/jnidzwetzki/bitfinex/v2/symbol/BitfinexOrderBookSymbol$Frequency
     [java] Pass 2: Analyzing classes (17 / 108) - 15% complete     1 1/2  17/108 com/github/jnidzwetzki/bitfinex/v2/symbol/BitfinexStreamSymbol
     [java] Pass 2: Analyzing classes (18 / 108) - 16% complete     1 1/2  18/108 com/github/jnidzwetzki/bitfinex/v2/command/UnsubscribeChannelCommand
     [java] Pass 2: Analyzing classes (19 / 108) - 17% complete     1 1/2  19/108 com/github/jnidzwetzki/bitfinex/v2/BitfinexWebsocketClient
     [java] Pass 2: Analyzing classes (20 / 108) - 18% complete     1 1/2  20/108 com/github/jnidzwetzki/bitfinex/v2/entity/BitfinexOrderFlag
     [java] Pass 2: Analyzing classes (21 / 108) - 19% complete     1 1/2  21/108 com/github/jnidzwetzki/bitfinex/v2/callback/command/ConfCallback
     [java] Pass 2: Analyzing classes (22 / 108) - 20% complete     1 1/2  22/108 com/github/jnidzwetzki/bitfinex/v2/BitfinexApiCallbackRegistry
     [java] Pass 2: Analyzing classes (23 / 108) - 21% complete     1 1/2  23/108 com/github/jnidzwetzki/bitfinex/v2/entity/BitfinexOrderType
     [java] Pass 2: Analyzing classes (24 / 108) - 22% complete     1 1/2  24/108 com/github/jnidzwetzki/bitfinex/v2/manager/SimpleCallbackManager
     [java] Pass 2: Analyzing classes (25 / 108) - 23% complete     1 1/2  25/108 com/github/jnidzwetzki/bitfinex/v2/manager/FutureOperation
     [java] Pass 2: Analyzing classes (26 / 108) - 24% complete     1 1/2  26/108 com/github/jnidzwetzki/bitfinex/v2/command/OrderCancelAllCommand
     [java] Pass 2: Analyzing classes (27 / 108) - 25% complete     1 1/2  27/108 com/github/jnidzwetzki/bitfinex/v2/command/OrderCancelCommand
     [java] Pass 2: Analyzing classes (28 / 108) - 25% complete     1 1/2  28/108 com/github/jnidzwetzki/bitfinex/v2/entity/BitfinexExecutedTrade
     [java] Pass 2: Analyzing classes (29 / 108) - 26% complete     1 1/2  29/108 com/github/jnidzwetzki/bitfinex/v2/callback/channel/ChannelCallbackHandler
     [java] Pass 2: Analyzing classes (30 / 108) - 27% complete     1 1/2  30/108 com/github/jnidzwetzki/bitfinex/v2/entity/BitfinexPositionStatus
     [java] Pass 2: Analyzing classes (31 / 108) - 28% complete     1 1/2  31/108 com/github/jnidzwetzki/bitfinex/v2/callback/command/AuthCallback
     [java] Pass 2: Analyzing classes (32 / 108) - 29% complete     1 1/2  32/108 com/github/jnidzwetzki/bitfinex/v2/entity/BitfinexSubmittedOrderStatus
     [java] Pass 2: Analyzing classes (33 / 108) - 30% complete     1 1/2  33/108 com/github/jnidzwetzki/bitfinex/v2/command/BitfinexOrderCommand
     [java] Pass 2: Analyzing classes (34 / 108) - 31% complete     1 1/2  34/108 com/github/jnidzwetzki/bitfinex/v2/callback/command/CommandCallbackHandler
     [java] Pass 2: Analyzing classes (35 / 108) - 32% complete     1 1/2  35/108 com/github/jnidzwetzki/bitfinex/v2/entity/BitfinexOrderBookEntry
     [java] Pass 2: Analyzing classes (36 / 108) - 33% complete     1 1/2  36/108 com/github/jnidzwetzki/bitfinex/v2/command/SetConnectionFeaturesCommand
     [java] Pass 2: Analyzing classes (37 / 108) - 34% complete     1 1/2  37/108 com/github/jnidzwetzki/bitfinex/v2/callback/command/ErrorCallback
     [java] Pass 2: Analyzing classes (38 / 108) - 35% complete     1 1/2  38/108 com/github/jnidzwetzki/bitfinex/v2/command/SubscribeCommand
     [java] Pass 2: Analyzing classes (39 / 108) - 36% complete     1 1/2  39/108 com/github/jnidzwetzki/bitfinex/v2/entity/BitfinexOrder
     [java] Pass 2: Analyzing classes (40 / 108) - 37% complete     1 1/2  40/108 com/github/jnidzwetzki/bitfinex/v2/SequenceNumberAuditor$ErrorPolicy
     [java] Pass 2: Analyzing classes (41 / 108) - 37% complete     1 1/2  41/108 com/github/jnidzwetzki/bitfinex/v2/entity/currency/BitfinexCurrencyPair$1
     [java] Pass 2: Analyzing classes (42 / 108) - 38% complete     1 1/2  42/108 com/github/jnidzwetzki/bitfinex/v2/callback/command/ConnectionHeartbeatCallback
     [java] Pass 2: Analyzing classes (43 / 108) - 39% complete     1 1/2  43/108 com/github/jnidzwetzki/bitfinex/v2/entity/currency/BitfinexCurrencyType
     [java] Pass 2: Analyzing classes (44 / 108) - 40% complete     1 1/2  44/108 com/github/jnidzwetzki/bitfinex/v2/entity/BitfinexWallet$Type
     [java] Pass 2: Analyzing classes (45 / 108) - 41% complete     1 1/2  45/108 com/github/jnidzwetzki/bitfinex/v2/BitfinexWebsocketConfiguration
     [java] Pass 2: Analyzing classes (46 / 108) - 42% complete     1 1/2  46/108 com/github/jnidzwetzki/bitfinex/v2/exception/BitfinexClientException
     [java] Pass 2: Analyzing classes (47 / 108) - 43% complete     1 1/2  47/108 com/github/jnidzwetzki/bitfinex/v2/entity/BitfinexWallet
     [java] Pass 2: Analyzing classes (48 / 108) - 44% complete     1 1/2  48/108 com/github/jnidzwetzki/bitfinex/v2/callback/command/DoNothingCommandCallback
     [java] Pass 2: Analyzing classes (49 / 108) - 45% complete     1 1/2  49/108 com/github/jnidzwetzki/bitfinex/v2/command/PingCommand
     [java] Pass 2: Analyzing classes (50 / 108) - 46% complete     1 1/2  50/108 com/github/jnidzwetzki/bitfinex/v2/util/BitfinexStreamSymbolToChannelIdResolverAware
     [java] Pass 2: Analyzing classes (51 / 108) - 47% complete     1 1/2  51/108 com/github/jnidzwetzki/bitfinex/v2/entity/currency/BitfinexFundingCurrency
     [java] Pass 2: Analyzing classes (52 / 108) - 48% complete     1 1/2  52/108 com/github/jnidzwetzki/bitfinex/v2/command/OrderMultiCommand
     [java] Pass 2: Analyzing classes (53 / 108) - 49% complete     1 1/2  53/108 com/github/jnidzwetzki/bitfinex/v2/callback/channel/DoNothingHandler
     [java] Pass 2: Analyzing classes (54 / 108) - 50% complete     1 1/2  54/108 com/github/jnidzwetzki/bitfinex/v2/entity/BitfinexCandle
     [java] Pass 2: Analyzing classes (55 / 108) - 50% complete     1 1/2  55/108 com/github/jnidzwetzki/bitfinex/v2/entity/BitfinexApiKeyPermissions
     [java] Pass 2: Analyzing classes (56 / 108) - 51% complete     1 1/2  56/108 com/github/jnidzwetzki/bitfinex/v2/callback/channel/ExecutedTradeHandler
     [java] Pass 2: Analyzing classes (57 / 108) - 52% complete     1 1/2  57/108 com/github/jnidzwetzki/bitfinex/v2/SequenceNumberAuditor
     [java] Pass 2: Analyzing classes (58 / 108) - 53% complete     1 1/2  58/108 com/github/jnidzwetzki/bitfinex/v2/entity/BitfinexPositionFundingType
     [java] Pass 2: Analyzing classes (59 / 108) - 54% complete     1 1/2  59/108 com/github/jnidzwetzki/bitfinex/v2/exception/BitfinexCommandException
     [java] Pass 2: Analyzing classes (60 / 108) - 55% complete     1 1/2  60/108 com/github/jnidzwetzki/bitfinex/v2/symbol/BitfinexOrderBookSymbol$Precision
     [java] Pass 2: Analyzing classes (61 / 108) - 56% complete     1 1/2  61/108 com/github/jnidzwetzki/bitfinex/v2/command/CalculateCommand
     [java] Pass 2: Analyzing classes (62 / 108) - 57% complete     1 1/2  62/108 com/github/jnidzwetzki/bitfinex/v2/entity/BitfinexSubmittedOrder
     [java] Pass 2: Analyzing classes (63 / 108) - 58% complete     1 1/2  63/108 com/github/jnidzwetzki/bitfinex/v2/callback/channel/RawOrderbookHandler
     [java] Pass 2: Analyzing classes (64 / 108) - 59% complete     1 1/2  64/108 com/github/jnidzwetzki/bitfinex/v2/command/OrderCancelGroupCommand
     [java] Pass 2: Analyzing classes (65 / 108) - 60% complete     1 1/2  65/108 com/github/jnidzwetzki/bitfinex/v2/callback/channel/OrderbookHandler
     [java] Pass 2: Analyzing classes (66 / 108) - 61% complete     1 1/2  66/108 com/github/jnidzwetzki/bitfinex/v2/entity/BitfinexMyExecutedTrade
     [java] Pass 2: Analyzing classes (67 / 108) - 62% complete     1 1/2  67/108 com/github/jnidzwetzki/bitfinex/v2/manager/BiConsumerCallbackManager
     [java] Pass 2: Analyzing classes (68 / 108) - 62% complete     1 1/2  68/108 com/github/jnidzwetzki/bitfinex/v2/callback/channel/TickHandler
     [java] Pass 2: Analyzing classes (69 / 108) - 63% complete     1 1/2  69/108 com/github/jnidzwetzki/bitfinex/v2/callback/channel/account/info/WalletHandler
     [java] Pass 2: Analyzing classes (70 / 108) - 64% complete     1 1/2  70/108 com/github/jnidzwetzki/bitfinex/v2/manager/ConnectionFeatureManager
     [java] Pass 2: Analyzing classes (71 / 108) - 65% complete     1 1/2  71/108 com/github/jnidzwetzki/bitfinex/v2/callback/channel/CandlestickHandler
     [java] Pass 2: Analyzing classes (72 / 108) - 66% complete     1 1/2  72/108 com/github/jnidzwetzki/bitfinex/v2/entity/currency/BitfinexCurrencyPair
     [java] Pass 2: Analyzing classes (73 / 108) - 67% complete     1 1/2  73/108 com/github/jnidzwetzki/bitfinex/v2/manager/FutureOperationRegistry
     [java] Pass 2: Analyzing classes (74 / 108) - 68% complete     1 1/2  74/108 com/github/jnidzwetzki/bitfinex/v2/command/AuthCommand
     [java] Pass 2: Analyzing classes (75 / 108) - 69% complete     1 1/2  75/108 com/github/jnidzwetzki/bitfinex/v2/manager/TradeManager
     [java] Pass 2: Analyzing classes (76 / 108) - 70% complete     1 1/2  76/108 com/github/jnidzwetzki/bitfinex/v2/callback/channel/account/info/NotificationHandler
     [java] Pass 2: Analyzing classes (77 / 108) - 71% complete     1 1/2  77/108 com/github/jnidzwetzki/bitfinex/v2/callback/channel/account/info/PositionHandler
     [java] Pass 2: Analyzing classes (78 / 108) - 72% complete     1 1/2  78/108 com/github/jnidzwetzki/bitfinex/v2/symbol/BitfinexOrderBookSymbol
     [java] Pass 2: Analyzing classes (79 / 108) - 73% complete     1 1/2  79/108 com/github/jnidzwetzki/bitfinex/v2/command/OrderNewCommand
     [java] Pass 2: Analyzing classes (80 / 108) - 74% complete     1 1/2  80/108 com/github/jnidzwetzki/bitfinex/v2/manager/PositionManager
     [java] Pass 2: Analyzing classes (81 / 108) - 75% complete     1 1/2  81/108 com/github/jnidzwetzki/bitfinex/v2/command/OrderUpdateCommand
     [java] Pass 2: Analyzing classes (82 / 108) - 75% complete     1 1/2  82/108 com/github/jnidzwetzki/bitfinex/v2/manager/WalletManager
     [java] Pass 2: Analyzing classes (83 / 108) - 76% complete     1 1/2  83/108 com/github/jnidzwetzki/bitfinex/v2/symbol/BitfinexCandlestickSymbol
     [java] Pass 2: Analyzing classes (84 / 108) - 77% complete     1 1/2  84/108 com/github/jnidzwetzki/bitfinex/v2/command/SubscribeOrderbookCommand
     [java] Pass 2: Analyzing classes (85 / 108) - 78% complete     1 1/2  85/108 com/github/jnidzwetzki/bitfinex/v2/manager/RawOrderbookManager
     [java] Pass 2: Analyzing classes (86 / 108) - 79% complete     1 1/2  86/108 com/github/jnidzwetzki/bitfinex/v2/symbol/BitfinexExecutedTradeSymbol
     [java] Pass 2: Analyzing classes (87 / 108) - 80% complete     1 1/2  87/108 com/github/jnidzwetzki/bitfinex/v2/callback/channel/account/info/OrderHandler
     [java] Pass 2: Analyzing classes (88 / 108) - 81% complete     1 1/2  88/108 com/github/jnidzwetzki/bitfinex/v2/util/BitfinexCurrencyFactory
     [java] Pass 2: Analyzing classes (89 / 108) - 82% complete     1 1/2  89/108 com/github/jnidzwetzki/bitfinex/v2/callback/channel/account/info/MyExecutedTradeHandler
     [java] Pass 2: Analyzing classes (90 / 108) - 83% complete     1 1/2  90/108 com/github/jnidzwetzki/bitfinex/v2/symbol/BitfinexSymbols
     [java] Pass 2: Analyzing classes (91 / 108) - 84% complete     1 1/2  91/108 com/github/jnidzwetzki/bitfinex/v2/manager/OrderbookManager
     [java] Pass 2: Analyzing classes (92 / 108) - 85% complete     1 1/2  92/108 com/github/jnidzwetzki/bitfinex/v2/command/SubscribeTradesCommand
     [java] Pass 2: Analyzing classes (93 / 108) - 86% complete     1 1/2  93/108 com/github/jnidzwetzki/bitfinex/v2/command/SubscribeCandlesCommand
     [java] Pass 2: Analyzing classes (94 / 108) - 87% complete     1 1/2  94/108 com/github/jnidzwetzki/bitfinex/v2/symbol/BitfinexTickerSymbol
     [java] Pass 2: Analyzing classes (95 / 108) - 87% complete     1 1/2  95/108 com/github/jnidzwetzki/bitfinex/v2/command/SubscribeTickerCommand
     [java] Pass 2: Analyzing classes (96 / 108) - 88% complete     1 1/2  96/108 com/github/jnidzwetzki/bitfinex/v2/manager/QuoteManager
     [java] Pass 2: Analyzing classes (97 / 108) - 89% complete     1 1/2  97/108 com/github/jnidzwetzki/bitfinex/v2/command/BitfinexCommands
     [java] Pass 2: Analyzing classes (98 / 108) - 90% complete     1 1/2  98/108 com/github/jnidzwetzki/bitfinex/v2/manager/OrderManager
     [java] Pass 2: Analyzing classes (99 / 108) - 91% complete     1 1/2  99/108 com/github/jnidzwetzki/bitfinex/v2/HeartbeatThread
     [java] Pass 2: Analyzing classes (100 / 108) - 92% complete     1 1/2  100/108 com/github/jnidzwetzki/bitfinex/v2/callback/command/SubscribedCallback
     [java] Pass 2: Analyzing classes (101 / 108) - 93% complete     1 1/2  101/108 com/github/jnidzwetzki/bitfinex/v2/callback/channel/AccountInfoHandler
     [java] Pass 2: Analyzing classes (102 / 108) - 94% complete     1 1/2  102/108 com/github/jnidzwetzki/bitfinex/v2/SimpleBitfinexApiBroker
     [java] Pass 2: Analyzing classes (103 / 108) - 95% complete     1 1/2  103/108 com/github/jnidzwetzki/bitfinex/v2/PooledBitfinexApiBroker
     [java] Pass 2: Analyzing classes (104 / 108) - 96% complete     1 1/2  104/108 com/github/jnidzwetzki/bitfinex/v2/BitfinexClientFactory
     [java] Pass 2: Analyzing classes (105 / 108) - 97% complete     1 1/2  105/108 com/github/jnidzwetzki/bitfinex/v2/SequenceNumberAuditor$1
     [java] Pass 2: Analyzing classes (106 / 108) - 98% complete     1 1/2  106/108 com/github/jnidzwetzki/bitfinex/v2/symbol/BitfinexFundingSymbol
     [java] Pass 2: Analyzing classes (107 / 108) - 99% complete     1 1/2  107/108 com/github/jnidzwetzki/bitfinex/v2/BitfinexOrderBuilder
     [java] Pass 2: Analyzing classes (108 / 108) - 100% completeDone with analysis
     [java] Analysis completed
[INFO] Done SpotBugs Analysis....
[INFO] 
[INFO] <<< spotbugs-maven-plugin:4.2.3-SNAPSHOT:check (default-cli) < :spotbugs @ bitfinex-v2-wss-api <<<
[INFO] 
[INFO] 
[INFO] --- spotbugs-maven-plugin:4.2.3-SNAPSHOT:check (default-cli) @ bitfinex-v2-wss-api ---
[INFO] BugInstance size is 1
[INFO] Error size is 0
[INFO] Total bugs: 1
[ERROR] Low: com.github.jnidzwetzki.bitfinex.v2.entity.currency.BitfinexCurrencyPair.parsePair(String) uses String.indexOf(String) instead of String.indexOf(int) [com.github.jnidzwetzki.bitfinex.v2.entity.currency.BitfinexCurrencyPair] At BitfinexCurrencyPair.java:[line 107] IIO_INEFFICIENT_INDEX_OF
[INFO] 


To see bug detail using the Spotbugs GUI, use the following command "mvn spotbugs:gui"



[INFO] ------------------------------------------------------------------------
[INFO] BUILD FAILURE
[INFO] ------------------------------------------------------------------------
[INFO] Total time:  4.532 s
[INFO] Finished at: 2022-01-16T12:09:21+08:00
[INFO] ------------------------------------------------------------------------
[ERROR] Failed to execute goal com.github.spotbugs:spotbugs-maven-plugin:4.2.3-SNAPSHOT:check (default-cli) on project bitfinex-v2-wss-api: failed with 1 bugs and 0 errors -> [Help 1]
[ERROR] 
[ERROR] To see the full stack trace of the errors, re-run Maven with the -e switch.
[ERROR] Re-run Maven using the -X switch to enable full debug logging.
[ERROR] 
[ERROR] For more information about the errors and possible solutions, please read the following articles:
[ERROR] [Help 1] http://cwiki.apache.org/confluence/display/MAVEN/MojoExecutionException
[INFO] Build failures were ignored.
