WARNING: An illegal reflective access operation has occurred
WARNING: Illegal reflective access by com.google.inject.internal.cglib.core.$ReflectUtils$1 (file:/usr/share/maven/lib/guice.jar) to method java.lang.ClassLoader.defineClass(java.lang.String,byte[],int,int,java.security.ProtectionDomain)
WARNING: Please consider reporting this to the maintainers of com.google.inject.internal.cglib.core.$ReflectUtils$1
WARNING: Use --illegal-access=warn to enable warnings of further illegal reflective access operations
WARNING: All illegal access operations will be denied in a future release
[INFO] Scanning for projects...
[INFO] Inspecting build with total of 1 modules...
[INFO] Installing Nexus Staging features:
[INFO]   ... total of 1 executions of maven-deploy-plugin replaced with nexus-staging-maven-plugin
[INFO] 
[INFO] ------------------< com.gluonhq:client-maven-plugin >-------------------
[INFO] Building client-maven-plugin Maven Mojo 0.1.39-SNAPSHOT
[INFO] ----------------------------[ maven-plugin ]----------------------------
[INFO] 
[INFO] >>> spotbugs-maven-plugin:4.2.3-SNAPSHOT:check (default-cli) > :spotbugs @ client-maven-plugin >>>
[INFO] Downloading from snapshot: https://oss.sonatype.org/content/repositories/snapshots/com/gluonhq/substrate/0.0.37-SNAPSHOT/maven-metadata.xml
[INFO] Downloading from gluon-releases: https://nexus.gluonhq.com/nexus/content/repositories/releases/com/gluonhq/substrate/0.0.37-SNAPSHOT/maven-metadata.xml
[INFO] Downloading from gluon-snapshots: https://nexus.gluonhq.com/nexus/content/repositories/public-snapshots/com/gluonhq/substrate/0.0.37-SNAPSHOT/maven-metadata.xml
[INFO] Downloaded from snapshot: https://oss.sonatype.org/content/repositories/snapshots/com/gluonhq/substrate/0.0.37-SNAPSHOT/maven-metadata.xml (1.4 kB at 951 B/s)
[INFO] 
[INFO] --- spotbugs-maven-plugin:4.2.3-SNAPSHOT:spotbugs (spotbugs) @ client-maven-plugin ---
[INFO] Fork Value is true
     [java] Loading edu.umd.cs.findbugs.plugins.core
     [java] Registering detector: edu.umd.cs.findbugs.detect.OverridingMethodsMustInvokeSuperDetector
     [java] Registering detector: edu.umd.cs.findbugs.detect.FindRoughConstants
     [java] Registering detector: edu.umd.cs.findbugs.detect.FunctionsThatMightBeMistakenForProcedures
     [java] Registering detector: edu.umd.cs.findbugs.detect.NoteSuppressedWarnings
     [java] Registering detector: edu.umd.cs.findbugs.detect.NoteAnnotationRetention
     [java] Registering detector: edu.umd.cs.findbugs.detect.NoteDirectlyRelevantTypeQualifiers
     [java] Registering detector: edu.umd.cs.findbugs.detect.BuildInterproceduralCallGraph
     [java] Registering detector: edu.umd.cs.findbugs.detect.BuildObligationPolicyDatabase
     [java] Registering detector: edu.umd.cs.findbugs.detect.SynchronizeAndNullCheckField
     [java] Registering detector: edu.umd.cs.findbugs.detect.InitializeNonnullFieldsInConstructor
     [java] Registering detector: edu.umd.cs.findbugs.detect.BooleanReturnNull
     [java] Registering detector: edu.umd.cs.findbugs.detect.OptionalReturnNull
     [java] Registering detector: edu.umd.cs.findbugs.detect.NoteJCIPAnnotation
     [java] Registering detector: edu.umd.cs.findbugs.detect.Methods
     [java] Registering detector: edu.umd.cs.findbugs.detect.ReflectiveClasses
     [java] Registering detector: edu.umd.cs.findbugs.detect.CalledMethods
     [java] Registering detector: edu.umd.cs.findbugs.detect.FindNoSideEffectMethods
     [java] Registering detector: edu.umd.cs.findbugs.detect.BuildStringPassthruGraph
     [java] Registering detector: edu.umd.cs.findbugs.detect.ConfusionBetweenInheritedAndOuterMethod
     [java] Registering detector: edu.umd.cs.findbugs.detect.SynchronizationOnSharedBuiltinConstant
     [java] Registering detector: edu.umd.cs.findbugs.detect.NoteCheckReturnValueAnnotations
     [java] Registering detector: edu.umd.cs.findbugs.detect.FieldItemSummary
     [java] Registering detector: edu.umd.cs.findbugs.detect.NoteNonNullAnnotations
     [java] Registering detector: edu.umd.cs.findbugs.detect.NoteUnconditionalParamDerefs
     [java] Registering detector: edu.umd.cs.findbugs.detect.NoteNonnullReturnValues
     [java] Registering detector: edu.umd.cs.findbugs.detect.SynchronizeOnClassLiteralNotGetClass
     [java] Registering detector: edu.umd.cs.findbugs.detect.InfiniteRecursiveLoop
     [java] Registering detector: edu.umd.cs.findbugs.detect.InfiniteLoop
     [java] Registering detector: edu.umd.cs.findbugs.detect.VolatileUsage
     [java] Registering detector: edu.umd.cs.findbugs.detect.InheritanceUnsafeGetResource
     [java] Registering detector: edu.umd.cs.findbugs.detect.EmptyZipFileEntry
     [java] Registering detector: edu.umd.cs.findbugs.detect.DoInsideDoPrivileged
     [java] Registering detector: edu.umd.cs.findbugs.detect.HugeSharedStringConstants
     [java] Registering detector: edu.umd.cs.findbugs.detect.FinalizerNullsFields
     [java] Registering detector: edu.umd.cs.findbugs.detect.MutableEnum
     [java] Registering detector: edu.umd.cs.findbugs.detect.InconsistentAnnotations
     [java] Registering detector: edu.umd.cs.findbugs.detect.RepeatedConditionals
     [java] Registering detector: edu.umd.cs.findbugs.detect.RedundantConditions
     [java] Registering detector: edu.umd.cs.findbugs.detect.CallToUnsupportedMethod
     [java] Registering detector: edu.umd.cs.findbugs.detect.FormatStringChecker
     [java] Registering detector: edu.umd.cs.findbugs.detect.LostLoggerDueToWeakReference
     [java] Registering detector: edu.umd.cs.findbugs.detect.TestingGround
     [java] Registering detector: edu.umd.cs.findbugs.detect.TestingGround2
     [java] Registering detector: edu.umd.cs.findbugs.detect.NoiseNullDeref
     [java] Registering detector: edu.umd.cs.findbugs.detect.Noise
     [java] Registering detector: edu.umd.cs.findbugs.detect.EqualsOperandShouldHaveClassCompatibleWithThis
     [java] Registering detector: edu.umd.cs.findbugs.detect.ResolveAllReferences
     [java] Registering detector: edu.umd.cs.findbugs.detect.CheckImmutableAnnotation
     [java] Registering detector: edu.umd.cs.findbugs.detect.DontCatchIllegalMonitorStateException
     [java] Registering detector: edu.umd.cs.findbugs.detect.FindFloatMath
     [java] Registering detector: edu.umd.cs.findbugs.detect.CloneIdiom
     [java] Registering detector: edu.umd.cs.findbugs.detect.ComparatorIdiom
     [java] Registering detector: edu.umd.cs.findbugs.detect.FindFieldSelfAssignment
     [java] Registering detector: edu.umd.cs.findbugs.detect.FindSelfComparison
     [java] Registering detector: edu.umd.cs.findbugs.detect.FindSelfComparison2
     [java] Registering detector: edu.umd.cs.findbugs.detect.DroppedException
     [java] Registering detector: edu.umd.cs.findbugs.detect.LoadOfKnownNullValue
     [java] Registering detector: edu.umd.cs.findbugs.detect.DumbMethodInvocations
     [java] Registering detector: edu.umd.cs.findbugs.detect.URLProblems
     [java] Registering detector: edu.umd.cs.findbugs.detect.CovariantArrayAssignment
     [java] Registering detector: edu.umd.cs.findbugs.detect.DumbMethods
     [java] Registering detector: edu.umd.cs.findbugs.detect.NumberConstructor
     [java] Registering detector: edu.umd.cs.findbugs.detect.FindSqlInjection
     [java] Registering detector: edu.umd.cs.findbugs.detect.FindDoubleCheck
     [java] Registering detector: edu.umd.cs.findbugs.detect.FindFinalizeInvocations
     [java] Registering detector: edu.umd.cs.findbugs.detect.FindHEmismatch
     [java] Registering detector: edu.umd.cs.findbugs.detect.OverridingEqualsNotSymmetrical
     [java] Registering detector: edu.umd.cs.findbugs.detect.FindNakedNotify
     [java] Registering detector: edu.umd.cs.findbugs.detect.FindReturnRef
     [java] Registering detector: edu.umd.cs.findbugs.detect.FindRunInvocations
     [java] Registering detector: edu.umd.cs.findbugs.detect.SwitchFallthrough
     [java] Registering detector: edu.umd.cs.findbugs.detect.FindSpinLoop
     [java] Registering detector: edu.umd.cs.findbugs.detect.FindNonShortCircuit
     [java] Registering detector: edu.umd.cs.findbugs.detect.FindTwoLockWait
     [java] Registering detector: edu.umd.cs.findbugs.detect.FindUnconditionalWait
     [java] Registering detector: edu.umd.cs.findbugs.detect.FindUninitializedGet
     [java] Registering detector: edu.umd.cs.findbugs.detect.DontUseEnum
     [java] Registering detector: edu.umd.cs.findbugs.detect.FindUnsyncGet
     [java] Registering detector: edu.umd.cs.findbugs.detect.InitializationChain
     [java] Registering detector: edu.umd.cs.findbugs.detect.IteratorIdioms
     [java] Registering detector: edu.umd.cs.findbugs.detect.PreferZeroLengthArrays
     [java] Registering detector: edu.umd.cs.findbugs.detect.SynchronizingOnContentsOfFieldToProtectField
     [java] Registering detector: edu.umd.cs.findbugs.detect.MutableLock
     [java] Registering detector: edu.umd.cs.findbugs.detect.FindUselessObjects
     [java] Registering detector: edu.umd.cs.findbugs.detect.MutableStaticFields
     [java] Registering detector: edu.umd.cs.findbugs.detect.Naming
     [java] Registering detector: edu.umd.cs.findbugs.detect.ReadReturnShouldBeChecked
     [java] Registering detector: edu.umd.cs.findbugs.detect.SerializableIdiom
     [java] Registering detector: edu.umd.cs.findbugs.detect.StartInConstructor
     [java] Registering detector: edu.umd.cs.findbugs.detect.FindBadForLoop
     [java] Registering detector: edu.umd.cs.findbugs.detect.ExplicitSerialization
     [java] Registering detector: edu.umd.cs.findbugs.detect.UnreadFields
     [java] Registering detector: edu.umd.cs.findbugs.detect.WaitInLoop
     [java] Registering detector: edu.umd.cs.findbugs.detect.FindComparatorProblems
     [java] Registering detector: edu.umd.cs.findbugs.detect.FindNullDeref
     [java] Registering detector: edu.umd.cs.findbugs.detect.FindNullDerefsInvolvingNonShortCircuitEvaluation
     [java] Registering detector: edu.umd.cs.findbugs.detect.FindOpenStream
     [java] Registering detector: edu.umd.cs.findbugs.detect.FindUselessControlFlow
     [java] Registering detector: edu.umd.cs.findbugs.detect.FindUnreleasedLock
     [java] Registering detector: edu.umd.cs.findbugs.detect.FindRefComparison
     [java] Registering detector: edu.umd.cs.findbugs.detect.FindMismatchedWaitOrNotify
     [java] Registering detector: edu.umd.cs.findbugs.detect.FindEmptySynchronizedBlock
     [java] Registering detector: edu.umd.cs.findbugs.detect.FindInconsistentSync2
     [java] Registering detector: edu.umd.cs.findbugs.detect.FindLocalSelfAssignment2
     [java] Registering detector: edu.umd.cs.findbugs.detect.IncompatMask
     [java] Registering detector: edu.umd.cs.findbugs.detect.LazyInit
     [java] Registering detector: edu.umd.cs.findbugs.detect.FindJSR166LockMonitorenter
     [java] Registering detector: edu.umd.cs.findbugs.detect.FindUncalledPrivateMethods
     [java] Registering detector: edu.umd.cs.findbugs.detect.UncallableMethodOfAnonymousClass
     [java] Registering detector: edu.umd.cs.findbugs.detect.StringConcatenation
     [java] Registering detector: edu.umd.cs.findbugs.detect.InefficientInitializationInsideLoop
     [java] Registering detector: edu.umd.cs.findbugs.detect.InefficientIndexOf
     [java] Registering detector: edu.umd.cs.findbugs.detect.InefficientToArray
     [java] Registering detector: edu.umd.cs.findbugs.detect.InvalidJUnitTest
     [java] Registering detector: edu.umd.cs.findbugs.detect.BadlyOverriddenAdapter
     [java] Registering detector: edu.umd.cs.findbugs.detect.BadResultSetAccess
     [java] Registering detector: edu.umd.cs.findbugs.detect.SuperfluousInstanceOf
     [java] Registering detector: edu.umd.cs.findbugs.detect.BadAppletConstructor
     [java] Registering detector: edu.umd.cs.findbugs.detect.SuspiciousThreadInterrupted
     [java] Registering detector: edu.umd.cs.findbugs.detect.FindDeadLocalStores
     [java] Registering detector: edu.umd.cs.findbugs.detect.FindMaskedFields
     [java] Registering detector: edu.umd.cs.findbugs.detect.WrongMapIterator
     [java] Registering detector: edu.umd.cs.findbugs.detect.InstantiateStaticClass
     [java] Registering detector: edu.umd.cs.findbugs.detect.RuntimeExceptionCapture
     [java] Registering detector: edu.umd.cs.findbugs.detect.FindFloatEquality
     [java] Registering detector: edu.umd.cs.findbugs.detect.FindUnsatisfiedObligation
     [java] Registering detector: edu.umd.cs.findbugs.detect.UnnecessaryMath
     [java] Registering detector: edu.umd.cs.findbugs.detect.FindCircularDependencies
     [java] Registering detector: edu.umd.cs.findbugs.detect.RedundantInterfaces
     [java] Registering detector: edu.umd.cs.findbugs.detect.MultithreadedInstanceAccess
     [java] Registering detector: edu.umd.cs.findbugs.detect.PublicSemaphores
     [java] Registering detector: edu.umd.cs.findbugs.detect.BadUseOfReturnValue
     [java] Registering detector: edu.umd.cs.findbugs.detect.MethodReturnCheck
     [java] Registering detector: edu.umd.cs.findbugs.detect.IDivResultCastToDouble
     [java] Registering detector: edu.umd.cs.findbugs.detect.FindBadCast2
     [java] Registering detector: edu.umd.cs.findbugs.detect.FindUseOfNonSerializableValue
     [java] Registering detector: edu.umd.cs.findbugs.detect.FindNonSerializableStoreIntoSession
     [java] Registering detector: edu.umd.cs.findbugs.detect.FindNonSerializableValuePassedToWriteObject
     [java] Registering detector: edu.umd.cs.findbugs.detect.BadSyntaxForRegularExpression
     [java] Registering detector: edu.umd.cs.findbugs.detect.VarArgsProblems
     [java] Registering detector: edu.umd.cs.findbugs.detect.FindPuzzlers
     [java] Registering detector: edu.umd.cs.findbugs.detect.IntCast2LongAsInstant
     [java] Registering detector: edu.umd.cs.findbugs.detect.FindSleepWithLockHeld
     [java] Registering detector: edu.umd.cs.findbugs.detect.InefficientMemberAccess
     [java] Registering detector: edu.umd.cs.findbugs.detect.DuplicateBranches
     [java] Registering detector: edu.umd.cs.findbugs.detect.XMLFactoryBypass
     [java] Registering detector: edu.umd.cs.findbugs.detect.UselessSubclassMethod
     [java] Registering detector: edu.umd.cs.findbugs.detect.ConfusedInheritance
     [java] Registering detector: edu.umd.cs.findbugs.detect.QuestionableBooleanAssignment
     [java] Registering detector: edu.umd.cs.findbugs.detect.TrainUnconditionalDerefParams
     [java] Registering detector: edu.umd.cs.findbugs.detect.TrainLongInstantfParams
     [java] Registering detector: edu.umd.cs.findbugs.detect.TrainFieldStoreTypes
     [java] Registering detector: edu.umd.cs.findbugs.detect.TrainNonNullAnnotations
     [java] Registering detector: edu.umd.cs.findbugs.detect.CheckCalls
     [java] Registering detector: edu.umd.cs.findbugs.detect.FindBugsSummaryStats
     [java] Registering detector: edu.umd.cs.findbugs.detect.AppendingToAnObjectOutputStream
     [java] Registering detector: edu.umd.cs.findbugs.detect.TestASM
     [java] Registering detector: edu.umd.cs.findbugs.detect.FindUnrelatedTypesInGenericContainer
     [java] Registering detector: edu.umd.cs.findbugs.detect.StaticCalendarDetector
     [java] Registering detector: edu.umd.cs.findbugs.detect.TestDataflowAnalysis
     [java] Registering detector: edu.umd.cs.findbugs.detect.CheckTypeQualifiers
     [java] Registering detector: edu.umd.cs.findbugs.detect.CrossSiteScripting
     [java] Registering detector: edu.umd.cs.findbugs.detect.DontIgnoreResultOfPutIfAbsent
     [java] Registering detector: edu.umd.cs.findbugs.detect.ReadOfInstanceFieldInMethodInvokedByConstructorInSuperclass
     [java] Registering detector: edu.umd.cs.findbugs.detect.AtomicityProblem
     [java] Registering detector: edu.umd.cs.findbugs.detect.CheckExpectedWarnings
     [java] Registering detector: edu.umd.cs.findbugs.detect.DefaultEncodingDetector
     [java] Registering detector: edu.umd.cs.findbugs.detect.CheckRelaxingNullnessAnnotation
     [java] Registering detector: edu.umd.cs.findbugs.detect.DontAssertInstanceofInTests
     [java] Scanning archives (0 / 57)Scanning archives (1 / 57)Scanning archives (2 / 57)Scanning archives (3 / 57)Scanning archives (4 / 57)Scanning archives (5 / 57)Scanning archives (6 / 57)Scanning archives (7 / 57)Scanning archives (8 / 57)Scanning archives (9 / 57)Scanning archives (10 / 57)Scanning archives (11 / 57)Scanning archives (12 / 57)Scanning archives (13 / 57)Scanning archives (14 / 57)Scanning archives (15 / 57)Scanning archives (16 / 57)Scanning archives (17 / 57)Scanning archives (18 / 57)Scanning archives (19 / 57)Scanning archives (20 / 57)Scanning archives (21 / 57)Scanning archives (22 / 57)Scanning archives (23 / 57)Scanning archives (24 / 57)Scanning archives (25 / 57)Scanning archives (26 / 57)Scanning archives (27 / 57)Scanning archives (28 / 57)Scanning archives (29 / 57)Scanning archives (30 / 57)Scanning archives (31 / 57)Scanning archives (32 / 57)Scanning archives (33 / 57)Scanning archives (34 / 57)Scanning archives (35 / 57)Scanning archives (36 / 57)Scanning archives (37 / 57)Scanning archives (38 / 57)Scanning archives (39 / 57)Scanning archives (40 / 57)Scanning archives (41 / 57)Scanning archives (42 / 57)Scanning archives (43 / 57)Scanning archives (44 / 57)Scanning archives (45 / 57)Scanning archives (46 / 57)Scanning archives (47 / 57)Scanning archives (48 / 57)Scanning archives (49 / 57)Scanning archives (50 / 57)Scanning archives (51 / 57)Scanning archives (52 / 57)Scanning archives (53 / 57)Scanning archives (54 / 57)Scanning archives (55 / 57)Scanning archives (56 / 57)Scanning archives (57 / 57)14 classes scannedAdding referenced classes
     [java] Added 5 referenced classes
     [java] Total of 53 packages
     [java]   java/lang/StringBuilder
     [java]   java/lang/invoke/CallSite
     [java]   org/eclipse/aether/graph/Dependency
     [java]   java/lang/Runnable
     [java]   org/apache/maven/shared/invoker/MavenInvocationException
     [java]   java/nio/file/Path
     [java]   org/eclipse/aether/connector/basic/BasicRepositoryConnectorFactory
     [java]   java/util/stream/Collectors
     [java]   org/apache/maven/plugins/annotations/Mojo
     [java]   org/eclipse/aether/repository/RemoteRepository$Builder
     [java]   org/eclipse/aether/impl/UpdateCheckManager
     [java]   com/gluonhq/substrate/SubstrateDispatcher
     [java]   org/eclipse/aether/artifact/Artifact
     [java]   org/eclipse/aether/internal/impl/slf4j/Slf4jLoggerFactory
     [java]   org/apache/maven/plugins/annotations/LifecyclePhase
     [java]   org/eclipse/aether/internal/impl/DefaultInstaller
     [java]   java/lang/Object
     [java]   java/io/Serializable
     [java]   java/lang/IllegalStateException
     [java]   org/eclipse/aether/spi/connector/transport/TransporterFactory
     [java]   org/codehaus/plexus/util/xml/Xpp3Dom
     [java]   java/util/stream/Stream
     [java]   org/apache/maven/plugins/annotations/Component
     [java]   org/eclipse/aether/transport/file/FileTransporterFactory
     [java]   org/eclipse/aether/internal/impl/DefaultRepositoryConnectorProvider
     [java]   org/eclipse/aether/RepositorySystemSession
     [java]   org/eclipse/aether/collection/CollectRequest
     [java]   org/eclipse/aether/artifact/DefaultArtifact
     [java]   java/lang/NullPointerException
     [java]   java/io/IOException
     [java]   org/eclipse/aether/resolution/ArtifactResult
     [java]   org/eclipse/aether/spi/localrepo/LocalRepositoryManagerFactory
     [java]   java/util/function/Function
     [java]   java/util/function/Consumer
     [java]   java/io/OutputStream
     [java]   org/eclipse/aether/impl/UpdatePolicyAnalyzer
     [java]   org/eclipse/aether/spi/connector/RepositoryConnectorFactory
     [java]   org/eclipse/aether/internal/impl/DefaultArtifactResolver
     [java]   jdk/internal/HotSpotIntrinsicCandidate
     [java]   com/gluonhq/ReleaseConfiguration
     [java]   org/apache/commons/exec/ShutdownHookProcessDestroyer
     [java]   org/eclipse/aether/resolution/DependencyRequest
     [java]   org/apache/maven/plugin/Mojo
     [java]   com/gluonhq/NativeRunAgentMojo
     [java]   org/apache/maven/execution/MavenSession
     [java]   org/eclipse/aether/spi/connector/layout/RepositoryLayoutFactory
     [java]   org/eclipse/aether/internal/impl/DefaultTransporterProvider
     [java]   org/apache/maven/artifact/handler/ArtifactHandler
     [java]   org/apache/maven/shared/invoker/InvocationResult
     [java]   java/io/Writer
     [java]   org/apache/maven/plugins/annotations/ResolutionScope
     [java]   org/eclipse/aether/spi/connector/checksum/ChecksumPolicyProvider
     [java]   com/gluonhq/substrate/Constants
     [java]   org/eclipse/aether/internal/impl/DefaultSyncContextFactory
     [java]   org/eclipse/aether/internal/impl/DefaultRepositoryEventDispatcher
     [java]   java/util/function/Predicate
     [java]   java/lang/Throwable
     [java]   org/eclipse/aether/impl/LocalRepositoryProvider
     [java]   java/lang/Exception
     [java]   java/util/stream/Collector
     [java]   org/apache/maven/project/MavenProject
     [java]   com/gluonhq/NativeCompileMojo
     [java]   com/gluonhq/attach/AttachArtifactResolver
     [java]   org/eclipse/aether/util/artifact/JavaScopes
     [java]   org/eclipse/aether/impl/RemoteRepositoryManager
     [java]   com/gluonhq/NativeBuildMojo
     [java]   org/eclipse/aether/resolution/DependencyResult
     [java]   org/eclipse/aether/internal/impl/Maven2RepositoryLayoutFactory
     [java]   com/gluonhq/substrate/Constants$Profile
     [java]   org/apache/maven/repository/RepositorySystem
     [java]   java/util/List
     [java]   org/eclipse/aether/DefaultRepositorySystemSession
     [java]   org/apache/maven/plugin/AbstractMojo
     [java]   java/io/FileOutputStream
     [java]   org/apache/maven/plugin/MojoFailureException
     [java]   java/lang/InterruptedException
     [java]   java/io/InputStream
     [java]   [Lcom/gluonhq/attach/AttachService;
     [java]   org/apache/maven/execution/MavenExecutionRequest
     [java]   java/lang/String
     [java]   java/lang/ClassNotFoundException
     [java]   org/eclipse/aether/internal/impl/DefaultRepositoryLayoutProvider
     [java]   java/lang/invoke/LambdaMetafactory
     [java]   org/apache/maven/repository/internal/MavenRepositorySystemUtils
     [java]   org/eclipse/aether/resolution/ArtifactResolutionException
     [java]   org/eclipse/aether/impl/RepositoryEventDispatcher
     [java]   org/apache/maven/plugin/ContextEnabled
     [java]   org/eclipse/aether/internal/impl/DefaultUpdateCheckManager
     [java]   java/lang/Enum
     [java]   java/lang/CloneNotSupportedException
     [java]   org/eclipse/aether/internal/impl/DefaultUpdatePolicyAnalyzer
     [java]   org/eclipse/aether/graph/DependencyFilter
     [java]   java/lang/CharSequence
     [java]   org/eclipse/aether/spi/io/FileProcessor
     [java]   org/apache/maven/model/Model
     [java]   java/util/function/Supplier
     [java]   org/apache/maven/model/io/xpp3/MavenXpp3Writer
     [java]   java/util/Objects
     [java]   java/lang/Class
     [java]   org/eclipse/aether/resolution/ArtifactRequest
     [java]   java/lang/Integer
     [java]   org/eclipse/aether/internal/impl/DefaultRepositorySystem
     [java]   org/apache/maven/artifact/Artifact
     [java]   org/apache/maven/plugins/annotations/Parameter
     [java]   java/lang/Comparable
     [java]   java/io/OutputStreamWriter
     [java]   org/eclipse/aether/internal/impl/DefaultOfflineController
     [java]   org/apache/maven/plugin/MojoExecutionException
     [java]   org/apache/maven/plugin/logging/Log
     [java]   org/apache/commons/exec/ProcessDestroyer
     [java]   com/gluonhq/NativeLinkMojo
     [java]   java/util/Arrays
     [java]   org/eclipse/aether/impl/DependencyCollector
     [java]   java/io/File
     [java]   org/eclipse/aether/internal/impl/DefaultDeployer
     [java]   org/eclipse/aether/spi/locator/ServiceLocator
     [java]   org/eclipse/aether/impl/OfflineController
     [java]   java/util/Iterator
     [java]   com/gluonhq/utils/MavenArtifactResolver
     [java]   java/lang/invoke/MethodType
     [java]   org/eclipse/aether/repository/RepositoryPolicy
     [java]   java/util/Map
     [java]   java/io/ObjectStreamException
     [java]   org/eclipse/aether/impl/MetadataResolver
     [java]   org/apache/maven/model/Profile
     [java]   java/lang/invoke/MethodHandles
     [java]   java/io/BufferedWriter
     [java]   org/apache/maven/model/RepositoryPolicy
     [java]   java/lang/System
     [java]   java/lang/ClassCastException
     [java]   com/gluonhq/utils/MavenArtifactResolver$1
     [java]   com/gluonhq/attach/AttachService
     [java]   org/eclipse/aether/internal/impl/collect/DefaultDependencyCollector
     [java]   org/eclipse/aether/impl/RepositoryConnectorProvider
     [java]   org/eclipse/aether/internal/impl/DefaultRemoteRepositoryManager
     [java]   com/gluonhq/attach/AttachServiceDefinition
     [java]   org/eclipse/aether/internal/impl/DefaultFileProcessor
     [java]   org/eclipse/aether/RepositorySystem
     [java]   com/gluonhq/substrate/ProjectConfiguration
     [java]   com/gluonhq/substrate/model/Triplet
     [java]   java/lang/IllegalArgumentException
     [java]   com/gluonhq/NativeRunMojo
     [java]   org/apache/maven/model/Repository
     [java]   org/eclipse/aether/spi/connector/layout/RepositoryLayoutProvider
     [java]   java/lang/invoke/MethodHandle
     [java]   java/util/Optional
     [java]   org/eclipse/aether/repository/RemoteRepository
     [java]   java/lang/Deprecated
     [java]   org/eclipse/aether/internal/impl/SimpleLocalRepositoryManagerFactory
     [java]   java/util/logging/Level
     [java]   org/apache/maven/model/Dependency
     [java]   java/util/ArrayList
     [java]   org/apache/maven/shared/invoker/Invoker
     [java]   java/util/Collection
     [java]   org/eclipse/aether/impl/Deployer
     [java]   java/util/Properties
     [java]   java/lang/invoke/StringConcatFactory
     [java]   org/eclipse/aether/internal/impl/DefaultLocalRepositoryProvider
     [java]   org/apache/maven/shared/invoker/InvocationRequest
     [java]   java/util/Locale
     [java]   java/io/InvalidObjectException
     [java]   org/eclipse/aether/transport/http/HttpTransporterFactory
     [java]   org/apache/maven/model/Build
     [java]   org/eclipse/aether/impl/DefaultServiceLocator$Entry
     [java]   org/eclipse/aether/impl/ArtifactResolver
     [java]   com/gluonhq/NativePackageMojo
     [java]   org/eclipse/aether/resolution/DependencyResolutionException
     [java]   java/util/Collections
     [java]   org/apache/maven/shared/invoker/DefaultInvocationRequest
     [java]   org/eclipse/aether/internal/impl/EnhancedLocalRepositoryManagerFactory
     [java]   java/lang/RuntimeException
     [java]   org/eclipse/aether/spi/connector/transport/TransporterProvider
     [java]   org/apache/maven/artifact/DefaultArtifact
     [java]   org/eclipse/aether/impl/Installer
     [java]   java/lang/invoke/MethodHandles$Lookup
     [java]   com/gluonhq/substrate/model/ReleaseConfiguration
     [java]   java/util/HashMap
     [java]   java/io/FileInputStream
     [java]   org/eclipse/aether/impl/DefaultServiceLocator
     [java]   org/eclipse/aether/impl/DefaultServiceLocator$ErrorHandler
     [java]   org/eclipse/aether/spi/log/LoggerFactory
     [java]   org/eclipse/aether/repository/LocalRepositoryManager
     [java]   com/gluonhq/NativeInstallMojo
     [java]   java/util/Set
     [java]   org/eclipse/aether/internal/impl/DefaultMetadataResolver
     [java]   java/util/Comparator
     [java]   java/util/logging/Logger
     [java]   org/apache/maven/model/Plugin
     [java]   org/eclipse/aether/util/filter/DependencyFilterUtils
     [java]   org/apache/maven/model/io/xpp3/MavenXpp3Reader
     [java]   org/eclipse/aether/internal/impl/DefaultChecksumPolicyProvider
     [java]   org/apache/maven/plugins/annotations/Execute
     [java]   org/codehaus/plexus/util/cli/CommandLineException
     [java]   org/eclipse/aether/impl/SyncContextFactory
     [java]   com/gluonhq/NativeBaseMojo
     [java]   org/eclipse/aether/repository/LocalRepository
     [java]   java/util/LinkedList
     [java]   org/apache/maven/artifact/handler/DefaultArtifactHandler
     [java]   org/apache/maven/plugin/logging/SystemStreamLog
     [java]   org/apache/maven/shared/invoker/DefaultInvoker
     [java] Adding plugin edu.umd.cs.findbugs.plugins.core to execution plan
     [java] Dependences force enabling of edu.umd.cs.findbugs.detect.FieldItemSummary
     [java] Dependences force enabling of edu.umd.cs.findbugs.detect.NoteSuppressedWarnings
     [java] Dependences force enabling of edu.umd.cs.findbugs.detect.EqualsOperandShouldHaveClassCompatibleWithThis
     [java] Dependences force enabling of edu.umd.cs.findbugs.detect.NoteAnnotationRetention
     [java] Dependences force enabling of edu.umd.cs.findbugs.detect.FunctionsThatMightBeMistakenForProcedures
     [java] Dependences force enabling of edu.umd.cs.findbugs.detect.FindNoSideEffectMethods
     [java] Dependences force enabling of edu.umd.cs.findbugs.detect.NoteCheckReturnValueAnnotations
     [java] Dependences force enabling of edu.umd.cs.findbugs.detect.FindBugsSummaryStats
     [java] 2 passes in execution plan
     [java] 2 analysis passes to perform     0 : Pass 0: 199 classesXFactory cached methods: 4180/4180
     [java] Descriptor factory: 3690/4180/12464
     [java] Pass 1: Analyzing classes (0 / 199) - 00% complete     0 0/2  0/199 java/lang/StringBuilder
     [java] Pass 1: Analyzing classes (1 / 199) - 00% complete     0 0/2  1/199 java/lang/invoke/CallSite
     [java] Pass 1: Analyzing classes (2 / 199) - 01% complete     0 0/2  2/199 org/eclipse/aether/graph/Dependency
     [java] Pass 1: Analyzing classes (3 / 199) - 01% complete     0 0/2  3/199 java/lang/Runnable
     [java] Pass 1: Analyzing classes (4 / 199) - 02% complete     0 0/2  4/199 org/apache/maven/shared/invoker/MavenInvocationException
     [java] Pass 1: Analyzing classes (5 / 199) - 02% complete     0 0/2  5/199 java/nio/file/Path
     [java] Pass 1: Analyzing classes (6 / 199) - 03% complete     0 0/2  6/199 org/eclipse/aether/connector/basic/BasicRepositoryConnectorFactory
     [java] Pass 1: Analyzing classes (7 / 199) - 03% complete     0 0/2  7/199 java/util/stream/Collectors
     [java] Pass 1: Analyzing classes (8 / 199) - 04% complete     0 0/2  8/199 org/apache/maven/plugins/annotations/Mojo
     [java] Pass 1: Analyzing classes (9 / 199) - 04% complete     0 0/2  9/199 org/eclipse/aether/repository/RemoteRepository$Builder
     [java] Pass 1: Analyzing classes (10 / 199) - 05% complete     0 0/2  10/199 org/eclipse/aether/impl/UpdateCheckManager
     [java] Pass 1: Analyzing classes (11 / 199) - 05% complete     0 0/2  11/199 com/gluonhq/substrate/SubstrateDispatcher
     [java] Pass 1: Analyzing classes (12 / 199) - 06% complete     0 0/2  12/199 org/eclipse/aether/artifact/Artifact
     [java] Pass 1: Analyzing classes (13 / 199) - 06% complete     0 0/2  13/199 org/eclipse/aether/internal/impl/slf4j/Slf4jLoggerFactory
     [java] Pass 1: Analyzing classes (14 / 199) - 07% complete     0 0/2  14/199 org/apache/maven/plugins/annotations/LifecyclePhase
     [java] Pass 1: Analyzing classes (15 / 199) - 07% complete     0 0/2  15/199 org/eclipse/aether/internal/impl/DefaultInstaller
     [java] Pass 1: Analyzing classes (16 / 199) - 08% complete     0 0/2  16/199 java/lang/Object
     [java] Pass 1: Analyzing classes (17 / 199) - 08% complete     0 0/2  17/199 java/io/Serializable
     [java] Pass 1: Analyzing classes (18 / 199) - 09% complete     0 0/2  18/199 java/lang/IllegalStateException
     [java] Pass 1: Analyzing classes (19 / 199) - 09% complete     0 0/2  19/199 org/eclipse/aether/spi/connector/transport/TransporterFactory
     [java] Pass 1: Analyzing classes (20 / 199) - 10% complete     0 0/2  20/199 org/codehaus/plexus/util/xml/Xpp3Dom
     [java] Pass 1: Analyzing classes (21 / 199) - 10% complete     0 0/2  21/199 java/util/stream/Stream
     [java] Pass 1: Analyzing classes (22 / 199) - 11% complete     0 0/2  22/199 org/apache/maven/plugins/annotations/Component
     [java] Pass 1: Analyzing classes (23 / 199) - 11% complete     0 0/2  23/199 org/eclipse/aether/transport/file/FileTransporterFactory
     [java] Pass 1: Analyzing classes (24 / 199) - 12% complete     0 0/2  24/199 org/eclipse/aether/internal/impl/DefaultRepositoryConnectorProvider
     [java] Pass 1: Analyzing classes (25 / 199) - 12% complete     0 0/2  25/199 org/eclipse/aether/RepositorySystemSession
     [java] Pass 1: Analyzing classes (26 / 199) - 13% complete     0 0/2  26/199 org/eclipse/aether/collection/CollectRequest
     [java] Pass 1: Analyzing classes (27 / 199) - 13% complete     0 0/2  27/199 org/eclipse/aether/artifact/DefaultArtifact
     [java] Pass 1: Analyzing classes (28 / 199) - 14% complete     0 0/2  28/199 java/lang/NullPointerException
     [java] Pass 1: Analyzing classes (29 / 199) - 14% complete     0 0/2  29/199 java/io/IOException
     [java] Pass 1: Analyzing classes (30 / 199) - 15% complete     0 0/2  30/199 org/eclipse/aether/resolution/ArtifactResult
     [java] Pass 1: Analyzing classes (31 / 199) - 15% complete     0 0/2  31/199 org/eclipse/aether/spi/localrepo/LocalRepositoryManagerFactory
     [java] Pass 1: Analyzing classes (32 / 199) - 16% complete     0 0/2  32/199 java/util/function/Function
     [java] Pass 1: Analyzing classes (33 / 199) - 16% complete     0 0/2  33/199 java/util/function/Consumer
     [java] Pass 1: Analyzing classes (34 / 199) - 17% complete     0 0/2  34/199 java/io/OutputStream
     [java] Pass 1: Analyzing classes (35 / 199) - 17% complete     0 0/2  35/199 org/eclipse/aether/impl/UpdatePolicyAnalyzer
     [java] Pass 1: Analyzing classes (36 / 199) - 18% complete     0 0/2  36/199 org/eclipse/aether/spi/connector/RepositoryConnectorFactory
     [java] Pass 1: Analyzing classes (37 / 199) - 18% complete     0 0/2  37/199 org/eclipse/aether/internal/impl/DefaultArtifactResolver
     [java] Pass 1: Analyzing classes (38 / 199) - 19% complete     0 0/2  38/199 jdk/internal/HotSpotIntrinsicCandidate
     [java] Pass 1: Analyzing classes (39 / 199) - 19% complete     0 0/2  39/199 com/gluonhq/ReleaseConfiguration
     [java] Pass 1: Analyzing classes (40 / 199) - 20% complete     0 0/2  40/199 org/apache/commons/exec/ShutdownHookProcessDestroyer
     [java] Pass 1: Analyzing classes (41 / 199) - 20% complete     0 0/2  41/199 org/eclipse/aether/resolution/DependencyRequest
     [java] Pass 1: Analyzing classes (42 / 199) - 21% complete     0 0/2  42/199 org/apache/maven/plugin/Mojo
     [java] Pass 1: Analyzing classes (43 / 199) - 21% complete     0 0/2  43/199 com/gluonhq/NativeRunAgentMojo
     [java] Pass 1: Analyzing classes (44 / 199) - 22% complete     0 0/2  44/199 org/apache/maven/execution/MavenSession
     [java] Pass 1: Analyzing classes (45 / 199) - 22% complete     0 0/2  45/199 org/eclipse/aether/spi/connector/layout/RepositoryLayoutFactory
     [java] Pass 1: Analyzing classes (46 / 199) - 23% complete     0 0/2  46/199 org/eclipse/aether/internal/impl/DefaultTransporterProvider
     [java] Pass 1: Analyzing classes (47 / 199) - 23% complete     0 0/2  47/199 org/apache/maven/artifact/handler/ArtifactHandler
     [java] Pass 1: Analyzing classes (48 / 199) - 24% complete     0 0/2  48/199 org/apache/maven/shared/invoker/InvocationResult
     [java] Pass 1: Analyzing classes (49 / 199) - 24% complete     0 0/2  49/199 java/io/Writer
     [java] Pass 1: Analyzing classes (50 / 199) - 25% complete     0 0/2  50/199 org/apache/maven/plugins/annotations/ResolutionScope
     [java] Pass 1: Analyzing classes (51 / 199) - 25% complete     0 0/2  51/199 org/eclipse/aether/spi/connector/checksum/ChecksumPolicyProvider
     [java] Pass 1: Analyzing classes (52 / 199) - 26% complete     0 0/2  52/199 com/gluonhq/substrate/Constants
     [java] Pass 1: Analyzing classes (53 / 199) - 26% complete     0 0/2  53/199 org/eclipse/aether/internal/impl/DefaultSyncContextFactory
     [java] Pass 1: Analyzing classes (54 / 199) - 27% complete     0 0/2  54/199 org/eclipse/aether/internal/impl/DefaultRepositoryEventDispatcher
     [java] Pass 1: Analyzing classes (55 / 199) - 27% complete     0 0/2  55/199 java/util/function/Predicate
     [java] Pass 1: Analyzing classes (56 / 199) - 28% complete     0 0/2  56/199 java/lang/Throwable
     [java] Pass 1: Analyzing classes (57 / 199) - 28% complete     0 0/2  57/199 org/eclipse/aether/impl/LocalRepositoryProvider
     [java] Pass 1: Analyzing classes (58 / 199) - 29% complete     0 0/2  58/199 java/lang/Exception
     [java] Pass 1: Analyzing classes (59 / 199) - 29% complete     0 0/2  59/199 java/util/stream/Collector
     [java] Pass 1: Analyzing classes (60 / 199) - 30% complete     0 0/2  60/199 org/apache/maven/project/MavenProject
     [java] Pass 1: Analyzing classes (61 / 199) - 30% complete     0 0/2  61/199 com/gluonhq/NativeCompileMojo
     [java] Pass 1: Analyzing classes (62 / 199) - 31% complete     0 0/2  62/199 com/gluonhq/attach/AttachArtifactResolver
     [java] Pass 1: Analyzing classes (63 / 199) - 31% complete     0 0/2  63/199 org/eclipse/aether/util/artifact/JavaScopes
     [java] Pass 1: Analyzing classes (64 / 199) - 32% complete     0 0/2  64/199 org/eclipse/aether/impl/RemoteRepositoryManager
     [java] Pass 1: Analyzing classes (65 / 199) - 32% complete     0 0/2  65/199 com/gluonhq/NativeBuildMojo
     [java] Pass 1: Analyzing classes (66 / 199) - 33% complete     0 0/2  66/199 org/eclipse/aether/resolution/DependencyResult
     [java] Pass 1: Analyzing classes (67 / 199) - 33% complete     0 0/2  67/199 org/eclipse/aether/internal/impl/Maven2RepositoryLayoutFactory
     [java] Pass 1: Analyzing classes (68 / 199) - 34% complete     0 0/2  68/199 com/gluonhq/substrate/Constants$Profile
     [java] Pass 1: Analyzing classes (69 / 199) - 34% complete     0 0/2  69/199 org/apache/maven/repository/RepositorySystem
     [java] Pass 1: Analyzing classes (70 / 199) - 35% complete     0 0/2  70/199 java/util/List
     [java] Pass 1: Analyzing classes (71 / 199) - 35% complete     0 0/2  71/199 org/eclipse/aether/DefaultRepositorySystemSession
     [java] Pass 1: Analyzing classes (72 / 199) - 36% complete     0 0/2  72/199 org/apache/maven/plugin/AbstractMojo
     [java] Pass 1: Analyzing classes (73 / 199) - 36% complete     0 0/2  73/199 java/io/FileOutputStream
     [java] Pass 1: Analyzing classes (74 / 199) - 37% complete     0 0/2  74/199 org/apache/maven/plugin/MojoFailureException
     [java] Pass 1: Analyzing classes (75 / 199) - 37% complete     0 0/2  75/199 java/lang/InterruptedException
     [java] Pass 1: Analyzing classes (76 / 199) - 38% complete     0 0/2  76/199 java/io/InputStream
     [java] Pass 1: Analyzing classes (77 / 199) - 38% complete     0 0/2  77/199 org/apache/maven/execution/MavenExecutionRequest
     [java] Pass 1: Analyzing classes (78 / 199) - 39% complete     0 0/2  78/199 java/lang/String
     [java] Pass 1: Analyzing classes (79 / 199) - 39% complete     0 0/2  79/199 java/lang/ClassNotFoundException
     [java] Pass 1: Analyzing classes (80 / 199) - 40% complete     0 0/2  80/199 org/eclipse/aether/internal/impl/DefaultRepositoryLayoutProvider
     [java] Pass 1: Analyzing classes (81 / 199) - 40% complete     0 0/2  81/199 java/lang/invoke/LambdaMetafactory
     [java] Pass 1: Analyzing classes (82 / 199) - 41% complete     0 0/2  82/199 org/apache/maven/repository/internal/MavenRepositorySystemUtils
     [java] Pass 1: Analyzing classes (83 / 199) - 41% complete     0 0/2  83/199 org/eclipse/aether/resolution/ArtifactResolutionException
     [java] Pass 1: Analyzing classes (84 / 199) - 42% complete     0 0/2  84/199 org/eclipse/aether/impl/RepositoryEventDispatcher
     [java] Pass 1: Analyzing classes (85 / 199) - 42% complete     0 0/2  85/199 org/apache/maven/plugin/ContextEnabled
     [java] Pass 1: Analyzing classes (86 / 199) - 43% complete     0 0/2  86/199 org/eclipse/aether/internal/impl/DefaultUpdateCheckManager
     [java] Pass 1: Analyzing classes (87 / 199) - 43% complete     0 0/2  87/199 java/lang/Enum
     [java] Pass 1: Analyzing classes (88 / 199) - 44% complete     0 0/2  88/199 java/lang/CloneNotSupportedException
     [java] Pass 1: Analyzing classes (89 / 199) - 44% complete     0 0/2  89/199 org/eclipse/aether/internal/impl/DefaultUpdatePolicyAnalyzer
     [java] Pass 1: Analyzing classes (90 / 199) - 45% complete     0 0/2  90/199 org/eclipse/aether/graph/DependencyFilter
     [java] Pass 1: Analyzing classes (91 / 199) - 45% complete     0 0/2  91/199 java/lang/CharSequence
     [java] Pass 1: Analyzing classes (92 / 199) - 46% complete     0 0/2  92/199 org/eclipse/aether/spi/io/FileProcessor
     [java] Pass 1: Analyzing classes (93 / 199) - 46% complete     0 0/2  93/199 org/apache/maven/model/Model
     [java] Pass 1: Analyzing classes (94 / 199) - 47% complete     0 0/2  94/199 java/util/function/Supplier
     [java] Pass 1: Analyzing classes (95 / 199) - 47% complete     0 0/2  95/199 org/apache/maven/model/io/xpp3/MavenXpp3Writer
     [java] Pass 1: Analyzing classes (96 / 199) - 48% complete     0 0/2  96/199 java/util/Objects
     [java] Pass 1: Analyzing classes (97 / 199) - 48% complete     0 0/2  97/199 java/lang/Class
     [java] Pass 1: Analyzing classes (98 / 199) - 49% complete     0 0/2  98/199 org/eclipse/aether/resolution/ArtifactRequest
     [java] Pass 1: Analyzing classes (99 / 199) - 49% complete     0 0/2  99/199 java/lang/Integer
     [java] Pass 1: Analyzing classes (100 / 199) - 50% complete     0 0/2  100/199 org/eclipse/aether/internal/impl/DefaultRepositorySystem
     [java] Pass 1: Analyzing classes (101 / 199) - 50% complete     0 0/2  101/199 org/apache/maven/artifact/Artifact
     [java] Pass 1: Analyzing classes (102 / 199) - 51% complete     0 0/2  102/199 org/apache/maven/plugins/annotations/Parameter
     [java] Pass 1: Analyzing classes (103 / 199) - 51% complete     0 0/2  103/199 java/lang/Comparable
     [java] Pass 1: Analyzing classes (104 / 199) - 52% complete     0 0/2  104/199 java/io/OutputStreamWriter
     [java] Pass 1: Analyzing classes (105 / 199) - 52% complete     0 0/2  105/199 org/eclipse/aether/internal/impl/DefaultOfflineController
     [java] Pass 1: Analyzing classes (106 / 199) - 53% complete     0 0/2  106/199 org/apache/maven/plugin/MojoExecutionException
     [java] Pass 1: Analyzing classes (107 / 199) - 53% complete     0 0/2  107/199 org/apache/maven/plugin/logging/Log
     [java] Pass 1: Analyzing classes (108 / 199) - 54% complete     0 0/2  108/199 org/apache/commons/exec/ProcessDestroyer
     [java] Pass 1: Analyzing classes (109 / 199) - 54% complete     0 0/2  109/199 com/gluonhq/NativeLinkMojo
     [java] Pass 1: Analyzing classes (110 / 199) - 55% complete     0 0/2  110/199 java/util/Arrays
     [java] Pass 1: Analyzing classes (111 / 199) - 55% complete     0 0/2  111/199 org/eclipse/aether/impl/DependencyCollector
     [java] Pass 1: Analyzing classes (112 / 199) - 56% complete     0 0/2  112/199 java/io/File
     [java] Pass 1: Analyzing classes (113 / 199) - 56% complete     0 0/2  113/199 org/eclipse/aether/internal/impl/DefaultDeployer
     [java] Pass 1: Analyzing classes (114 / 199) - 57% complete     0 0/2  114/199 org/eclipse/aether/spi/locator/ServiceLocator
     [java] Pass 1: Analyzing classes (115 / 199) - 57% complete     0 0/2  115/199 org/eclipse/aether/impl/OfflineController
     [java] Pass 1: Analyzing classes (116 / 199) - 58% complete     0 0/2  116/199 java/util/Iterator
     [java] Pass 1: Analyzing classes (117 / 199) - 58% complete     0 0/2  117/199 com/gluonhq/utils/MavenArtifactResolver
     [java] Pass 1: Analyzing classes (118 / 199) - 59% complete     0 0/2  118/199 java/lang/invoke/MethodType
     [java] Pass 1: Analyzing classes (119 / 199) - 59% complete     0 0/2  119/199 org/eclipse/aether/repository/RepositoryPolicy
     [java] Pass 1: Analyzing classes (120 / 199) - 60% complete     0 0/2  120/199 java/util/Map
     [java] Pass 1: Analyzing classes (121 / 199) - 60% complete     0 0/2  121/199 java/io/ObjectStreamException
     [java] Pass 1: Analyzing classes (122 / 199) - 61% complete     0 0/2  122/199 org/eclipse/aether/impl/MetadataResolver
     [java] Pass 1: Analyzing classes (123 / 199) - 61% complete     0 0/2  123/199 org/apache/maven/model/Profile
     [java] Pass 1: Analyzing classes (124 / 199) - 62% complete     0 0/2  124/199 java/lang/invoke/MethodHandles
     [java] Pass 1: Analyzing classes (125 / 199) - 62% complete     0 0/2  125/199 java/io/BufferedWriter
     [java] Pass 1: Analyzing classes (126 / 199) - 63% complete     0 0/2  126/199 org/apache/maven/model/RepositoryPolicy
     [java] Pass 1: Analyzing classes (127 / 199) - 63% complete     0 0/2  127/199 java/lang/System
     [java] Pass 1: Analyzing classes (128 / 199) - 64% complete     0 0/2  128/199 java/lang/ClassCastException
     [java] Pass 1: Analyzing classes (129 / 199) - 64% complete     0 0/2  129/199 com/gluonhq/utils/MavenArtifactResolver$1
     [java] Pass 1: Analyzing classes (130 / 199) - 65% complete     0 0/2  130/199 com/gluonhq/attach/AttachService
     [java] Pass 1: Analyzing classes (131 / 199) - 65% complete     0 0/2  131/199 org/eclipse/aether/internal/impl/collect/DefaultDependencyCollector
     [java] Pass 1: Analyzing classes (132 / 199) - 66% complete     0 0/2  132/199 org/eclipse/aether/impl/RepositoryConnectorProvider
     [java] Pass 1: Analyzing classes (133 / 199) - 66% complete     0 0/2  133/199 org/eclipse/aether/internal/impl/DefaultRemoteRepositoryManager
     [java] Pass 1: Analyzing classes (134 / 199) - 67% complete     0 0/2  134/199 com/gluonhq/attach/AttachServiceDefinition
     [java] Pass 1: Analyzing classes (135 / 199) - 67% complete     0 0/2  135/199 org/eclipse/aether/internal/impl/DefaultFileProcessor
     [java] Pass 1: Analyzing classes (136 / 199) - 68% complete     0 0/2  136/199 org/eclipse/aether/RepositorySystem
     [java] Pass 1: Analyzing classes (137 / 199) - 68% complete     0 0/2  137/199 com/gluonhq/substrate/ProjectConfiguration
     [java] Pass 1: Analyzing classes (138 / 199) - 69% complete     0 0/2  138/199 com/gluonhq/substrate/model/Triplet
     [java] Pass 1: Analyzing classes (139 / 199) - 69% complete     0 0/2  139/199 java/lang/IllegalArgumentException
     [java] Pass 1: Analyzing classes (140 / 199) - 70% complete     0 0/2  140/199 com/gluonhq/NativeRunMojo
     [java] Pass 1: Analyzing classes (141 / 199) - 70% complete     0 0/2  141/199 org/apache/maven/model/Repository
     [java] Pass 1: Analyzing classes (142 / 199) - 71% complete     0 0/2  142/199 org/eclipse/aether/spi/connector/layout/RepositoryLayoutProvider
     [java] Pass 1: Analyzing classes (143 / 199) - 71% complete     0 0/2  143/199 java/lang/invoke/MethodHandle
     [java] Pass 1: Analyzing classes (144 / 199) - 72% complete     0 0/2  144/199 java/util/Optional
     [java] Pass 1: Analyzing classes (145 / 199) - 72% complete     0 0/2  145/199 org/eclipse/aether/repository/RemoteRepository
     [java] Pass 1: Analyzing classes (146 / 199) - 73% complete     0 0/2  146/199 java/lang/Deprecated
     [java] Pass 1: Analyzing classes (147 / 199) - 73% complete     0 0/2  147/199 org/eclipse/aether/internal/impl/SimpleLocalRepositoryManagerFactory
     [java] Pass 1: Analyzing classes (148 / 199) - 74% complete     0 0/2  148/199 java/util/logging/Level
     [java] Pass 1: Analyzing classes (149 / 199) - 74% complete     0 0/2  149/199 org/apache/maven/model/Dependency
     [java] Pass 1: Analyzing classes (150 / 199) - 75% complete     0 0/2  150/199 java/util/ArrayList
     [java] Pass 1: Analyzing classes (151 / 199) - 75% complete     0 0/2  151/199 org/apache/maven/shared/invoker/Invoker
     [java] Pass 1: Analyzing classes (152 / 199) - 76% complete     0 0/2  152/199 java/util/Collection
     [java] Pass 1: Analyzing classes (153 / 199) - 76% complete     0 0/2  153/199 org/eclipse/aether/impl/Deployer
     [java] Pass 1: Analyzing classes (154 / 199) - 77% complete     0 0/2  154/199 java/util/Properties
     [java] Pass 1: Analyzing classes (155 / 199) - 77% complete     0 0/2  155/199 java/lang/invoke/StringConcatFactory
     [java] Pass 1: Analyzing classes (156 / 199) - 78% complete     0 0/2  156/199 org/eclipse/aether/internal/impl/DefaultLocalRepositoryProvider
     [java] Pass 1: Analyzing classes (157 / 199) - 78% complete     0 0/2  157/199 org/apache/maven/shared/invoker/InvocationRequest
     [java] Pass 1: Analyzing classes (158 / 199) - 79% complete     0 0/2  158/199 java/util/Locale
     [java] Pass 1: Analyzing classes (159 / 199) - 79% complete     0 0/2  159/199 java/io/InvalidObjectException
     [java] Pass 1: Analyzing classes (160 / 199) - 80% complete     0 0/2  160/199 org/eclipse/aether/transport/http/HttpTransporterFactory
     [java] Pass 1: Analyzing classes (161 / 199) - 80% complete     0 0/2  161/199 org/apache/maven/model/Build
     [java] Pass 1: Analyzing classes (162 / 199) - 81% complete     0 0/2  162/199 org/eclipse/aether/impl/DefaultServiceLocator$Entry
     [java] Pass 1: Analyzing classes (163 / 199) - 81% complete     0 0/2  163/199 org/eclipse/aether/impl/ArtifactResolver
     [java] Pass 1: Analyzing classes (164 / 199) - 82% complete     0 0/2  164/199 com/gluonhq/NativePackageMojo
     [java] Pass 1: Analyzing classes (165 / 199) - 82% complete     0 0/2  165/199 org/eclipse/aether/resolution/DependencyResolutionException
     [java] Pass 1: Analyzing classes (166 / 199) - 83% complete     0 0/2  166/199 java/util/Collections
     [java] Pass 1: Analyzing classes (167 / 199) - 83% complete     0 0/2  167/199 org/apache/maven/shared/invoker/DefaultInvocationRequest
     [java] Pass 1: Analyzing classes (168 / 199) - 84% complete     0 0/2  168/199 org/eclipse/aether/internal/impl/EnhancedLocalRepositoryManagerFactory
     [java] Pass 1: Analyzing classes (169 / 199) - 84% complete     0 0/2  169/199 java/lang/RuntimeException
     [java] Pass 1: Analyzing classes (170 / 199) - 85% complete     0 0/2  170/199 org/eclipse/aether/spi/connector/transport/TransporterProvider
     [java] Pass 1: Analyzing classes (171 / 199) - 85% complete     0 0/2  171/199 org/apache/maven/artifact/DefaultArtifact
     [java] Pass 1: Analyzing classes (172 / 199) - 86% complete     0 0/2  172/199 org/eclipse/aether/impl/Installer
     [java] Pass 1: Analyzing classes (173 / 199) - 86% complete     0 0/2  173/199 java/lang/invoke/MethodHandles$Lookup
     [java] Pass 1: Analyzing classes (174 / 199) - 87% complete     0 0/2  174/199 com/gluonhq/substrate/model/ReleaseConfiguration
     [java] Pass 1: Analyzing classes (175 / 199) - 87% complete     0 0/2  175/199 java/util/HashMap
     [java] Pass 1: Analyzing classes (176 / 199) - 88% complete     0 0/2  176/199 java/io/FileInputStream
     [java] Pass 1: Analyzing classes (177 / 199) - 88% complete     0 0/2  177/199 org/eclipse/aether/impl/DefaultServiceLocator
     [java] Pass 1: Analyzing classes (178 / 199) - 89% complete     0 0/2  178/199 org/eclipse/aether/impl/DefaultServiceLocator$ErrorHandler
     [java] Pass 1: Analyzing classes (179 / 199) - 89% complete     0 0/2  179/199 org/eclipse/aether/spi/log/LoggerFactory
     [java] Pass 1: Analyzing classes (180 / 199) - 90% complete     0 0/2  180/199 org/eclipse/aether/repository/LocalRepositoryManager
     [java] Pass 1: Analyzing classes (181 / 199) - 90% complete     0 0/2  181/199 com/gluonhq/NativeInstallMojo
     [java] Pass 1: Analyzing classes (182 / 199) - 91% complete     0 0/2  182/199 java/util/Set
     [java] Pass 1: Analyzing classes (183 / 199) - 91% complete     0 0/2  183/199 org/eclipse/aether/internal/impl/DefaultMetadataResolver
     [java] Pass 1: Analyzing classes (184 / 199) - 92% complete     0 0/2  184/199 java/util/Comparator
     [java] Pass 1: Analyzing classes (185 / 199) - 92% complete     0 0/2  185/199 java/util/logging/Logger
     [java] Pass 1: Analyzing classes (186 / 199) - 93% complete     0 0/2  186/199 org/apache/maven/model/Plugin
     [java] Pass 1: Analyzing classes (187 / 199) - 93% complete     0 0/2  187/199 org/eclipse/aether/util/filter/DependencyFilterUtils
     [java] Pass 1: Analyzing classes (188 / 199) - 94% complete     0 0/2  188/199 org/apache/maven/model/io/xpp3/MavenXpp3Reader
     [java] Pass 1: Analyzing classes (189 / 199) - 94% complete     0 0/2  189/199 org/eclipse/aether/internal/impl/DefaultChecksumPolicyProvider
     [java] Pass 1: Analyzing classes (190 / 199) - 95% complete     0 0/2  190/199 org/apache/maven/plugins/annotations/Execute
     [java] Pass 1: Analyzing classes (191 / 199) - 95% complete     0 0/2  191/199 org/codehaus/plexus/util/cli/CommandLineException
     [java] Pass 1: Analyzing classes (192 / 199) - 96% complete     0 0/2  192/199 org/eclipse/aether/impl/SyncContextFactory
     [java] Pass 1: Analyzing classes (193 / 199) - 96% complete     0 0/2  193/199 com/gluonhq/NativeBaseMojo
     [java] Pass 1: Analyzing classes (194 / 199) - 97% complete     0 0/2  194/199 org/eclipse/aether/repository/LocalRepository
     [java] Pass 1: Analyzing classes (195 / 199) - 97% complete     0 0/2  195/199 java/util/LinkedList
     [java] Pass 1: Analyzing classes (196 / 199) - 98% complete     0 0/2  196/199 org/apache/maven/artifact/handler/DefaultArtifactHandler
     [java] Pass 1: Analyzing classes (197 / 199) - 98% complete     0 0/2  197/199 org/apache/maven/plugin/logging/SystemStreamLog
     [java] Pass 1: Analyzing classes (198 / 199) - 99% complete     0 0/2  198/199 org/apache/maven/shared/invoker/DefaultInvoker
     [java] Pass 1: Analyzing classes (199 / 199) - 100% complete     0 : Pass 1: 14 classes
     [java] XFactory cached methods: 4180/5726
     [java] Descriptor factory: 3690/4180/16099
     [java] Pass 2: Analyzing classes (0 / 14) - 00% complete     0 1/2  0/14 com/gluonhq/utils/MavenArtifactResolver$1
     [java] Pass 2: Analyzing classes (1 / 14) - 07% complete      37 usecs/byte      47 msec    1254 bytes  1 pass com/gluonhq/utils/MavenArtifactResolver$1     0 1/2  1/14 com/gluonhq/utils/MavenArtifactResolver
     [java] Pass 2: Analyzing classes (2 / 14) - 14% complete     0 1/2  2/14 com/gluonhq/attach/AttachService
     [java] Pass 2: Analyzing classes (3 / 14) - 21% complete     0 1/2  3/14 com/gluonhq/NativeRunMojo
     [java] Pass 2: Analyzing classes (4 / 14) - 28% complete     0 1/2  4/14 com/gluonhq/NativeCompileMojo
     [java] Pass 2: Analyzing classes (5 / 14) - 35% complete     0 1/2  5/14 com/gluonhq/attach/AttachServiceDefinition
     [java] Pass 2: Analyzing classes (6 / 14) - 42% complete     0 1/2  6/14 com/gluonhq/NativeInstallMojo
     [java] Pass 2: Analyzing classes (7 / 14) - 50% complete     0 1/2  7/14 com/gluonhq/NativePackageMojo
     [java] Pass 2: Analyzing classes (8 / 14) - 57% complete     0 1/2  8/14 com/gluonhq/NativeLinkMojo
     [java] Pass 2: Analyzing classes (9 / 14) - 64% complete     0 1/2  9/14 com/gluonhq/NativeBuildMojo
     [java] Pass 2: Analyzing classes (10 / 14) - 71% complete     1 1/2  10/14 com/gluonhq/ReleaseConfiguration
     [java] Pass 2: Analyzing classes (11 / 14) - 78% complete     1 1/2  11/14 com/gluonhq/NativeRunAgentMojo
     [java] Pass 2: Analyzing classes (12 / 14) - 85% complete     1 1/2  12/14 com/gluonhq/attach/AttachArtifactResolver
     [java] Pass 2: Analyzing classes (13 / 14) - 92% complete     1 1/2  13/14 com/gluonhq/NativeBaseMojo
     [java] Pass 2: Analyzing classes (14 / 14) - 100% completeDone with analysis
     [java] Analysis completed
[INFO] Done SpotBugs Analysis....
[INFO] 
[INFO] <<< spotbugs-maven-plugin:4.2.3-SNAPSHOT:check (default-cli) < :spotbugs @ client-maven-plugin <<<
[INFO] 
[INFO] 
[INFO] --- spotbugs-maven-plugin:4.2.3-SNAPSHOT:check (default-cli) @ client-maven-plugin ---
[INFO] BugInstance size is 0
[INFO] Error size is 0
[INFO] No errors/warnings found
[INFO] ------------------------------------------------------------------------
[INFO] BUILD SUCCESS
[INFO] ------------------------------------------------------------------------
[INFO] Total time:  6.006 s
[INFO] Finished at: 2021-03-29T14:25:49+08:00
[INFO] ------------------------------------------------------------------------
