WARNING: An illegal reflective access operation has occurred
WARNING: Illegal reflective access by com.google.inject.internal.cglib.core.$ReflectUtils$1 (file:/usr/share/maven/lib/guice.jar) to method java.lang.ClassLoader.defineClass(java.lang.String,byte[],int,int,java.security.ProtectionDomain)
WARNING: Please consider reporting this to the maintainers of com.google.inject.internal.cglib.core.$ReflectUtils$1
WARNING: Use --illegal-access=warn to enable warnings of further illegal reflective access operations
WARNING: All illegal access operations will be denied in a future release
[INFO] Scanning for projects...
[INFO] 
[INFO] -----------------------< com.flyer:flyer-maker >------------------------
[INFO] Building flyer-maker 0.0.1
[INFO] --------------------------------[ jar ]---------------------------------
[INFO] 
[INFO] >>> spotbugs-maven-plugin:4.2.3-SNAPSHOT:check (default-cli) > :spotbugs @ flyer-maker >>>
[INFO] 
[INFO] --- spotbugs-maven-plugin:4.2.3-SNAPSHOT:spotbugs (spotbugs) @ flyer-maker ---
[INFO] Fork Value is true
     [java] Loading edu.umd.cs.findbugs.plugins.core
     [java] Registering detector: edu.umd.cs.findbugs.detect.OverridingMethodsMustInvokeSuperDetector
     [java] Registering detector: edu.umd.cs.findbugs.detect.FindRoughConstants
     [java] Registering detector: edu.umd.cs.findbugs.detect.FunctionsThatMightBeMistakenForProcedures
     [java] Registering detector: edu.umd.cs.findbugs.detect.NoteSuppressedWarnings
     [java] Registering detector: edu.umd.cs.findbugs.detect.NoteAnnotationRetention
     [java] Registering detector: edu.umd.cs.findbugs.detect.NoteDirectlyRelevantTypeQualifiers
     [java] Registering detector: edu.umd.cs.findbugs.detect.BuildInterproceduralCallGraph
     [java] Registering detector: edu.umd.cs.findbugs.detect.BuildObligationPolicyDatabase
     [java] Registering detector: edu.umd.cs.findbugs.detect.SynchronizeAndNullCheckField
     [java] Registering detector: edu.umd.cs.findbugs.detect.InitializeNonnullFieldsInConstructor
     [java] Registering detector: edu.umd.cs.findbugs.detect.BooleanReturnNull
     [java] Registering detector: edu.umd.cs.findbugs.detect.OptionalReturnNull
     [java] Registering detector: edu.umd.cs.findbugs.detect.NoteJCIPAnnotation
     [java] Registering detector: edu.umd.cs.findbugs.detect.Methods
     [java] Registering detector: edu.umd.cs.findbugs.detect.ReflectiveClasses
     [java] Registering detector: edu.umd.cs.findbugs.detect.CalledMethods
     [java] Registering detector: edu.umd.cs.findbugs.detect.FindNoSideEffectMethods
     [java] Registering detector: edu.umd.cs.findbugs.detect.BuildStringPassthruGraph
     [java] Registering detector: edu.umd.cs.findbugs.detect.ConfusionBetweenInheritedAndOuterMethod
     [java] Registering detector: edu.umd.cs.findbugs.detect.SynchronizationOnSharedBuiltinConstant
     [java] Registering detector: edu.umd.cs.findbugs.detect.NoteCheckReturnValueAnnotations
     [java] Registering detector: edu.umd.cs.findbugs.detect.FieldItemSummary
     [java] Registering detector: edu.umd.cs.findbugs.detect.NoteNonNullAnnotations
     [java] Registering detector: edu.umd.cs.findbugs.detect.NoteUnconditionalParamDerefs
     [java] Registering detector: edu.umd.cs.findbugs.detect.NoteNonnullReturnValues
     [java] Registering detector: edu.umd.cs.findbugs.detect.SynchronizeOnClassLiteralNotGetClass
     [java] Registering detector: edu.umd.cs.findbugs.detect.InfiniteRecursiveLoop
     [java] Registering detector: edu.umd.cs.findbugs.detect.InfiniteLoop
     [java] Registering detector: edu.umd.cs.findbugs.detect.VolatileUsage
     [java] Registering detector: edu.umd.cs.findbugs.detect.InheritanceUnsafeGetResource
     [java] Registering detector: edu.umd.cs.findbugs.detect.EmptyZipFileEntry
     [java] Registering detector: edu.umd.cs.findbugs.detect.DoInsideDoPrivileged
     [java] Registering detector: edu.umd.cs.findbugs.detect.HugeSharedStringConstants
     [java] Registering detector: edu.umd.cs.findbugs.detect.FinalizerNullsFields
     [java] Registering detector: edu.umd.cs.findbugs.detect.MutableEnum
     [java] Registering detector: edu.umd.cs.findbugs.detect.InconsistentAnnotations
     [java] Registering detector: edu.umd.cs.findbugs.detect.RepeatedConditionals
     [java] Registering detector: edu.umd.cs.findbugs.detect.RedundantConditions
     [java] Registering detector: edu.umd.cs.findbugs.detect.CallToUnsupportedMethod
     [java] Registering detector: edu.umd.cs.findbugs.detect.FormatStringChecker
     [java] Registering detector: edu.umd.cs.findbugs.detect.LostLoggerDueToWeakReference
     [java] Registering detector: edu.umd.cs.findbugs.detect.TestingGround
     [java] Registering detector: edu.umd.cs.findbugs.detect.TestingGround2
     [java] Registering detector: edu.umd.cs.findbugs.detect.NoiseNullDeref
     [java] Registering detector: edu.umd.cs.findbugs.detect.Noise
     [java] Registering detector: edu.umd.cs.findbugs.detect.EqualsOperandShouldHaveClassCompatibleWithThis
     [java] Registering detector: edu.umd.cs.findbugs.detect.ResolveAllReferences
     [java] Registering detector: edu.umd.cs.findbugs.detect.CheckImmutableAnnotation
     [java] Registering detector: edu.umd.cs.findbugs.detect.DontCatchIllegalMonitorStateException
     [java] Registering detector: edu.umd.cs.findbugs.detect.FindFloatMath
     [java] Registering detector: edu.umd.cs.findbugs.detect.CloneIdiom
     [java] Registering detector: edu.umd.cs.findbugs.detect.ComparatorIdiom
     [java] Registering detector: edu.umd.cs.findbugs.detect.FindFieldSelfAssignment
     [java] Registering detector: edu.umd.cs.findbugs.detect.FindSelfComparison
     [java] Registering detector: edu.umd.cs.findbugs.detect.FindSelfComparison2
     [java] Registering detector: edu.umd.cs.findbugs.detect.DroppedException
     [java] Registering detector: edu.umd.cs.findbugs.detect.LoadOfKnownNullValue
     [java] Registering detector: edu.umd.cs.findbugs.detect.DumbMethodInvocations
     [java] Registering detector: edu.umd.cs.findbugs.detect.URLProblems
     [java] Registering detector: edu.umd.cs.findbugs.detect.CovariantArrayAssignment
     [java] Registering detector: edu.umd.cs.findbugs.detect.DumbMethods
     [java] Registering detector: edu.umd.cs.findbugs.detect.NumberConstructor
     [java] Registering detector: edu.umd.cs.findbugs.detect.FindSqlInjection
     [java] Registering detector: edu.umd.cs.findbugs.detect.FindDoubleCheck
     [java] Registering detector: edu.umd.cs.findbugs.detect.FindFinalizeInvocations
     [java] Registering detector: edu.umd.cs.findbugs.detect.FindHEmismatch
     [java] Registering detector: edu.umd.cs.findbugs.detect.OverridingEqualsNotSymmetrical
     [java] Registering detector: edu.umd.cs.findbugs.detect.FindNakedNotify
     [java] Registering detector: edu.umd.cs.findbugs.detect.FindReturnRef
     [java] Registering detector: edu.umd.cs.findbugs.detect.FindRunInvocations
     [java] Registering detector: edu.umd.cs.findbugs.detect.SwitchFallthrough
     [java] Registering detector: edu.umd.cs.findbugs.detect.FindSpinLoop
     [java] Registering detector: edu.umd.cs.findbugs.detect.FindNonShortCircuit
     [java] Registering detector: edu.umd.cs.findbugs.detect.FindTwoLockWait
     [java] Registering detector: edu.umd.cs.findbugs.detect.FindUnconditionalWait
     [java] Registering detector: edu.umd.cs.findbugs.detect.FindUninitializedGet
     [java] Registering detector: edu.umd.cs.findbugs.detect.DontUseEnum
     [java] Registering detector: edu.umd.cs.findbugs.detect.FindUnsyncGet
     [java] Registering detector: edu.umd.cs.findbugs.detect.InitializationChain
     [java] Registering detector: edu.umd.cs.findbugs.detect.IteratorIdioms
     [java] Registering detector: edu.umd.cs.findbugs.detect.PreferZeroLengthArrays
     [java] Registering detector: edu.umd.cs.findbugs.detect.SynchronizingOnContentsOfFieldToProtectField
     [java] Registering detector: edu.umd.cs.findbugs.detect.MutableLock
     [java] Registering detector: edu.umd.cs.findbugs.detect.FindUselessObjects
     [java] Registering detector: edu.umd.cs.findbugs.detect.MutableStaticFields
     [java] Registering detector: edu.umd.cs.findbugs.detect.Naming
     [java] Registering detector: edu.umd.cs.findbugs.detect.ReadReturnShouldBeChecked
     [java] Registering detector: edu.umd.cs.findbugs.detect.SerializableIdiom
     [java] Registering detector: edu.umd.cs.findbugs.detect.StartInConstructor
     [java] Registering detector: edu.umd.cs.findbugs.detect.FindBadForLoop
     [java] Registering detector: edu.umd.cs.findbugs.detect.ExplicitSerialization
     [java] Registering detector: edu.umd.cs.findbugs.detect.UnreadFields
     [java] Registering detector: edu.umd.cs.findbugs.detect.WaitInLoop
     [java] Registering detector: edu.umd.cs.findbugs.detect.FindComparatorProblems
     [java] Registering detector: edu.umd.cs.findbugs.detect.FindNullDeref
     [java] Registering detector: edu.umd.cs.findbugs.detect.FindNullDerefsInvolvingNonShortCircuitEvaluation
     [java] Registering detector: edu.umd.cs.findbugs.detect.FindOpenStream
     [java] Registering detector: edu.umd.cs.findbugs.detect.FindUselessControlFlow
     [java] Registering detector: edu.umd.cs.findbugs.detect.FindUnreleasedLock
     [java] Registering detector: edu.umd.cs.findbugs.detect.FindRefComparison
     [java] Registering detector: edu.umd.cs.findbugs.detect.FindMismatchedWaitOrNotify
     [java] Registering detector: edu.umd.cs.findbugs.detect.FindEmptySynchronizedBlock
     [java] Registering detector: edu.umd.cs.findbugs.detect.FindInconsistentSync2
     [java] Registering detector: edu.umd.cs.findbugs.detect.FindLocalSelfAssignment2
     [java] Registering detector: edu.umd.cs.findbugs.detect.IncompatMask
     [java] Registering detector: edu.umd.cs.findbugs.detect.LazyInit
     [java] Registering detector: edu.umd.cs.findbugs.detect.FindJSR166LockMonitorenter
     [java] Registering detector: edu.umd.cs.findbugs.detect.FindUncalledPrivateMethods
     [java] Registering detector: edu.umd.cs.findbugs.detect.UncallableMethodOfAnonymousClass
     [java] Registering detector: edu.umd.cs.findbugs.detect.StringConcatenation
     [java] Registering detector: edu.umd.cs.findbugs.detect.InefficientInitializationInsideLoop
     [java] Registering detector: edu.umd.cs.findbugs.detect.InefficientIndexOf
     [java] Registering detector: edu.umd.cs.findbugs.detect.InefficientToArray
     [java] Registering detector: edu.umd.cs.findbugs.detect.InvalidJUnitTest
     [java] Registering detector: edu.umd.cs.findbugs.detect.BadlyOverriddenAdapter
     [java] Registering detector: edu.umd.cs.findbugs.detect.BadResultSetAccess
     [java] Registering detector: edu.umd.cs.findbugs.detect.SuperfluousInstanceOf
     [java] Registering detector: edu.umd.cs.findbugs.detect.BadAppletConstructor
     [java] Registering detector: edu.umd.cs.findbugs.detect.SuspiciousThreadInterrupted
     [java] Registering detector: edu.umd.cs.findbugs.detect.FindDeadLocalStores
     [java] Registering detector: edu.umd.cs.findbugs.detect.FindMaskedFields
     [java] Registering detector: edu.umd.cs.findbugs.detect.WrongMapIterator
     [java] Registering detector: edu.umd.cs.findbugs.detect.InstantiateStaticClass
     [java] Registering detector: edu.umd.cs.findbugs.detect.RuntimeExceptionCapture
     [java] Registering detector: edu.umd.cs.findbugs.detect.FindFloatEquality
     [java] Registering detector: edu.umd.cs.findbugs.detect.FindUnsatisfiedObligation
     [java] Registering detector: edu.umd.cs.findbugs.detect.UnnecessaryMath
     [java] Registering detector: edu.umd.cs.findbugs.detect.FindCircularDependencies
     [java] Registering detector: edu.umd.cs.findbugs.detect.RedundantInterfaces
     [java] Registering detector: edu.umd.cs.findbugs.detect.MultithreadedInstanceAccess
     [java] Registering detector: edu.umd.cs.findbugs.detect.PublicSemaphores
     [java] Registering detector: edu.umd.cs.findbugs.detect.BadUseOfReturnValue
     [java] Registering detector: edu.umd.cs.findbugs.detect.MethodReturnCheck
     [java] Registering detector: edu.umd.cs.findbugs.detect.IDivResultCastToDouble
     [java] Registering detector: edu.umd.cs.findbugs.detect.FindBadCast2
     [java] Registering detector: edu.umd.cs.findbugs.detect.FindUseOfNonSerializableValue
     [java] Registering detector: edu.umd.cs.findbugs.detect.FindNonSerializableStoreIntoSession
     [java] Registering detector: edu.umd.cs.findbugs.detect.FindNonSerializableValuePassedToWriteObject
     [java] Registering detector: edu.umd.cs.findbugs.detect.BadSyntaxForRegularExpression
     [java] Registering detector: edu.umd.cs.findbugs.detect.VarArgsProblems
     [java] Registering detector: edu.umd.cs.findbugs.detect.FindPuzzlers
     [java] Registering detector: edu.umd.cs.findbugs.detect.IntCast2LongAsInstant
     [java] Registering detector: edu.umd.cs.findbugs.detect.FindSleepWithLockHeld
     [java] Registering detector: edu.umd.cs.findbugs.detect.InefficientMemberAccess
     [java] Registering detector: edu.umd.cs.findbugs.detect.DuplicateBranches
     [java] Registering detector: edu.umd.cs.findbugs.detect.XMLFactoryBypass
     [java] Registering detector: edu.umd.cs.findbugs.detect.UselessSubclassMethod
     [java] Registering detector: edu.umd.cs.findbugs.detect.ConfusedInheritance
     [java] Registering detector: edu.umd.cs.findbugs.detect.QuestionableBooleanAssignment
     [java] Registering detector: edu.umd.cs.findbugs.detect.TrainUnconditionalDerefParams
     [java] Registering detector: edu.umd.cs.findbugs.detect.TrainLongInstantfParams
     [java] Registering detector: edu.umd.cs.findbugs.detect.TrainFieldStoreTypes
     [java] Registering detector: edu.umd.cs.findbugs.detect.TrainNonNullAnnotations
     [java] Registering detector: edu.umd.cs.findbugs.detect.CheckCalls
     [java] Registering detector: edu.umd.cs.findbugs.detect.FindBugsSummaryStats
     [java] Registering detector: edu.umd.cs.findbugs.detect.AppendingToAnObjectOutputStream
     [java] Registering detector: edu.umd.cs.findbugs.detect.TestASM
     [java] Registering detector: edu.umd.cs.findbugs.detect.FindUnrelatedTypesInGenericContainer
     [java] Registering detector: edu.umd.cs.findbugs.detect.StaticCalendarDetector
     [java] Registering detector: edu.umd.cs.findbugs.detect.TestDataflowAnalysis
     [java] Registering detector: edu.umd.cs.findbugs.detect.CheckTypeQualifiers
     [java] Registering detector: edu.umd.cs.findbugs.detect.CrossSiteScripting
     [java] Registering detector: edu.umd.cs.findbugs.detect.DontIgnoreResultOfPutIfAbsent
     [java] Registering detector: edu.umd.cs.findbugs.detect.ReadOfInstanceFieldInMethodInvokedByConstructorInSuperclass
     [java] Registering detector: edu.umd.cs.findbugs.detect.AtomicityProblem
     [java] Registering detector: edu.umd.cs.findbugs.detect.CheckExpectedWarnings
     [java] Registering detector: edu.umd.cs.findbugs.detect.DefaultEncodingDetector
     [java] Registering detector: edu.umd.cs.findbugs.detect.CheckRelaxingNullnessAnnotation
     [java] Registering detector: edu.umd.cs.findbugs.detect.DontAssertInstanceofInTests
     [java] Scanning archives (0 / 8)Scanning archives (1 / 8)Scanning archives (2 / 8)Scanning archives (3 / 8)Scanning archives (4 / 8)Scanning archives (5 / 8)Scanning archives (6 / 8)Scanning archives (7 / 8)Scanning archives (8 / 8)18 classes scannedAdding referenced classes
     [java] Added 0 referenced classes
     [java] Total of 18 packages
     [java]   com/flyer/maker/generator/impl/BootRestGenerator
     [java]   java/sql/DriverManager
     [java]   com/flyer/maker/generator/impl/MvcRestGenerator
     [java]   java/lang/Integer
     [java]   java/lang/StringBuilder
     [java]   java/sql/SQLException
     [java]   freemarker/template/TemplateModelException
     [java]   java/io/Writer
     [java]   org/apache/commons/cli/CommandLine
     [java]   org/apache/commons/cli/HelpFormatter
     [java]   java/io/OutputStreamWriter
     [java]   java/util/ArrayList
     [java]   com/flyer/maker/generator/impl/MvcPageGenerator
     [java]   com/flyer/maker/base/Clazz
     [java]   org/apache/commons/cli/Option$Builder
     [java]   org/slf4j/LoggerFactory
     [java]   java/io/PrintStream
     [java]   org/apache/commons/cli/Options
     [java]   org/apache/commons/io/FileUtils
     [java]   org/apache/commons/cli/Option
     [java]   com/flyer/maker/base/Config
     [java]   java/util/Properties
     [java]   freemarker/template/Template
     [java]   com/flyer/maker/base/Field
     [java]   freemarker/template/Version
     [java]   com/flyer/maker/generator/impl/BootPageGenerator
     [java]   java/lang/Throwable
     [java]   java/io/File
     [java]   java/util/Locale
     [java]   java/lang/Thread
     [java]   java/sql/ResultSet
     [java]   java/lang/Exception
     [java]   java/util/Iterator
     [java]   com/flyer/maker/generator/impl/BaseGenerator
     [java]   java/util/Map
     [java]   org/apache/commons/cli/CommandLineParser
     [java]   java/lang/Object
     [java]   java/lang/RuntimeException
     [java]   com/flyer/maker/utils/DBUtil
     [java]   java/util/List
     [java]   java/lang/System
     [java]   com/flyer/maker/parser/impl/MySQLParser
     [java]   com/flyer/maker/App
     [java]   com/flyer/maker/utils/GU
     [java]   java/lang/Boolean
     [java]   java/sql/Connection
     [java]   java/io/FileOutputStream
     [java]   java/lang/InterruptedException
     [java]   java/util/HashMap
     [java]   java/io/FileInputStream
     [java]   org/slf4j/Logger
     [java]   org/apache/commons/cli/DefaultParser
     [java]   java/io/InputStream
     [java]   java/util/Set
     [java]   java/lang/String
     [java]   java/lang/ClassNotFoundException
     [java]   com/flyer/maker/parser/Parser
     [java]   freemarker/template/TemplateException
     [java]   java/io/IOException
     [java]   java/util/HashSet
     [java]   com/flyer/maker/generator/GeneratorFactory
     [java]   com/flyer/maker/base/ConfigSupport
     [java]   freemarker/template/Configuration
     [java]   com/flyer/maker/utils/FormatUtil
     [java]   java/sql/Statement
     [java]   com/flyer/maker/freemarker/FreemarkerConfig
     [java]   java/lang/IllegalArgumentException
     [java]   com/flyer/maker/generator/Generator
     [java]   java/lang/Long
     [java]   java/lang/CloneNotSupportedException
     [java]   java/lang/CharSequence
     [java]   java/io/OutputStream
     [java]   org/apache/commons/lang3/StringUtils
     [java]   jdk/internal/HotSpotIntrinsicCandidate
     [java]   java/lang/Class
     [java]   java/lang/ClassLoader
     [java]   java/lang/Deprecated
     [java] Adding plugin edu.umd.cs.findbugs.plugins.core to execution plan
     [java] Dependences force enabling of edu.umd.cs.findbugs.detect.FieldItemSummary
     [java] Dependences force enabling of edu.umd.cs.findbugs.detect.NoteSuppressedWarnings
     [java] Dependences force enabling of edu.umd.cs.findbugs.detect.NoteAnnotationRetention
     [java] Dependences force enabling of edu.umd.cs.findbugs.detect.BuildStringPassthruGraph
     [java] Dependences force enabling of edu.umd.cs.findbugs.detect.EqualsOperandShouldHaveClassCompatibleWithThis
     [java] Dependences force enabling of edu.umd.cs.findbugs.detect.FunctionsThatMightBeMistakenForProcedures
     [java] Dependences force enabling of edu.umd.cs.findbugs.detect.FindNoSideEffectMethods
     [java] Dependences force enabling of edu.umd.cs.findbugs.detect.NoteCheckReturnValueAnnotations
     [java] Dependences force enabling of edu.umd.cs.findbugs.detect.FindBugsSummaryStats
     [java] 2 passes in execution plan
     [java] 2 analysis passes to perform     0 : Pass 0: 77 classesXFactory cached methods: 2696/2696
     [java] Descriptor factory: 2379/2696/11153
     [java] Pass 1: Analyzing classes (0 / 77) - 00% complete     0 0/2  0/77 com/flyer/maker/generator/impl/BootRestGenerator
     [java] Pass 1: Analyzing classes (1 / 77) - 01% complete     0 0/2  1/77 java/sql/DriverManager
     [java] Pass 1: Analyzing classes (2 / 77) - 02% complete     0 0/2  2/77 com/flyer/maker/generator/impl/MvcRestGenerator
     [java] Pass 1: Analyzing classes (3 / 77) - 03% complete     0 0/2  3/77 java/lang/Integer
     [java] Pass 1: Analyzing classes (4 / 77) - 05% complete     0 0/2  4/77 java/lang/StringBuilder
     [java] Pass 1: Analyzing classes (5 / 77) - 06% complete     0 0/2  5/77 java/sql/SQLException
     [java] Pass 1: Analyzing classes (6 / 77) - 07% complete     0 0/2  6/77 freemarker/template/TemplateModelException
     [java] Pass 1: Analyzing classes (7 / 77) - 09% complete     0 0/2  7/77 java/io/Writer
     [java] Pass 1: Analyzing classes (8 / 77) - 10% complete     0 0/2  8/77 org/apache/commons/cli/CommandLine
     [java] Pass 1: Analyzing classes (9 / 77) - 11% complete     0 0/2  9/77 org/apache/commons/cli/HelpFormatter
     [java] Pass 1: Analyzing classes (10 / 77) - 12% complete     0 0/2  10/77 java/io/OutputStreamWriter
     [java] Pass 1: Analyzing classes (11 / 77) - 14% complete     0 0/2  11/77 java/util/ArrayList
     [java] Pass 1: Analyzing classes (12 / 77) - 15% complete     0 0/2  12/77 com/flyer/maker/generator/impl/MvcPageGenerator
     [java] Pass 1: Analyzing classes (13 / 77) - 16% complete     0 0/2  13/77 com/flyer/maker/base/Clazz
     [java] Pass 1: Analyzing classes (14 / 77) - 18% complete     0 0/2  14/77 org/apache/commons/cli/Option$Builder
     [java] Pass 1: Analyzing classes (15 / 77) - 19% complete     0 0/2  15/77 org/slf4j/LoggerFactory
     [java] Pass 1: Analyzing classes (16 / 77) - 20% complete     0 0/2  16/77 java/io/PrintStream
     [java] Pass 1: Analyzing classes (17 / 77) - 22% complete     0 0/2  17/77 org/apache/commons/cli/Options
     [java] Pass 1: Analyzing classes (18 / 77) - 23% complete     0 0/2  18/77 org/apache/commons/io/FileUtils
     [java] Pass 1: Analyzing classes (19 / 77) - 24% complete     0 0/2  19/77 org/apache/commons/cli/Option
     [java] Pass 1: Analyzing classes (20 / 77) - 25% complete     0 0/2  20/77 com/flyer/maker/base/Config
     [java] Pass 1: Analyzing classes (21 / 77) - 27% complete     0 0/2  21/77 java/util/Properties
     [java] Pass 1: Analyzing classes (22 / 77) - 28% complete     0 0/2  22/77 freemarker/template/Template
     [java] Pass 1: Analyzing classes (23 / 77) - 29% complete     0 0/2  23/77 com/flyer/maker/base/Field
     [java] Pass 1: Analyzing classes (24 / 77) - 31% complete     0 0/2  24/77 freemarker/template/Version
     [java] Pass 1: Analyzing classes (25 / 77) - 32% complete     0 0/2  25/77 com/flyer/maker/generator/impl/BootPageGenerator
     [java] Pass 1: Analyzing classes (26 / 77) - 33% complete     0 0/2  26/77 java/lang/Throwable
     [java] Pass 1: Analyzing classes (27 / 77) - 35% complete     0 0/2  27/77 java/io/File
     [java] Pass 1: Analyzing classes (28 / 77) - 36% complete     0 0/2  28/77 java/util/Locale
     [java] Pass 1: Analyzing classes (29 / 77) - 37% complete     0 0/2  29/77 java/lang/Thread
     [java] Pass 1: Analyzing classes (30 / 77) - 38% complete     0 0/2  30/77 java/sql/ResultSet
     [java] Pass 1: Analyzing classes (31 / 77) - 40% complete     0 0/2  31/77 java/lang/Exception
     [java] Pass 1: Analyzing classes (32 / 77) - 41% complete     0 0/2  32/77 java/util/Iterator
     [java] Pass 1: Analyzing classes (33 / 77) - 42% complete     0 0/2  33/77 com/flyer/maker/generator/impl/BaseGenerator
     [java] Pass 1: Analyzing classes (34 / 77) - 44% complete     0 0/2  34/77 java/util/Map
     [java] Pass 1: Analyzing classes (35 / 77) - 45% complete     0 0/2  35/77 org/apache/commons/cli/CommandLineParser
     [java] Pass 1: Analyzing classes (36 / 77) - 46% complete     0 0/2  36/77 java/lang/Object
     [java] Pass 1: Analyzing classes (37 / 77) - 48% complete     0 0/2  37/77 java/lang/RuntimeException
     [java] Pass 1: Analyzing classes (38 / 77) - 49% complete     0 0/2  38/77 com/flyer/maker/utils/DBUtil
     [java] Pass 1: Analyzing classes (39 / 77) - 50% complete     0 0/2  39/77 java/util/List
     [java] Pass 1: Analyzing classes (40 / 77) - 51% complete     0 0/2  40/77 java/lang/System
     [java] Pass 1: Analyzing classes (41 / 77) - 53% complete     0 0/2  41/77 com/flyer/maker/parser/impl/MySQLParser
     [java] Pass 1: Analyzing classes (42 / 77) - 54% complete     0 0/2  42/77 com/flyer/maker/App
     [java] Pass 1: Analyzing classes (43 / 77) - 55% complete     0 0/2  43/77 com/flyer/maker/utils/GU
     [java] Pass 1: Analyzing classes (44 / 77) - 57% complete     0 0/2  44/77 java/lang/Boolean
     [java] Pass 1: Analyzing classes (45 / 77) - 58% complete     0 0/2  45/77 java/sql/Connection
     [java] Pass 1: Analyzing classes (46 / 77) - 59% complete     0 0/2  46/77 java/io/FileOutputStream
     [java] Pass 1: Analyzing classes (47 / 77) - 61% complete     0 0/2  47/77 java/lang/InterruptedException
     [java] Pass 1: Analyzing classes (48 / 77) - 62% complete     0 0/2  48/77 java/util/HashMap
     [java] Pass 1: Analyzing classes (49 / 77) - 63% complete     0 0/2  49/77 java/io/FileInputStream
     [java] Pass 1: Analyzing classes (50 / 77) - 64% complete     0 0/2  50/77 org/slf4j/Logger
     [java] Pass 1: Analyzing classes (51 / 77) - 66% complete     0 0/2  51/77 org/apache/commons/cli/DefaultParser
     [java] Pass 1: Analyzing classes (52 / 77) - 67% complete     0 0/2  52/77 java/io/InputStream
     [java] Pass 1: Analyzing classes (53 / 77) - 68% complete     0 0/2  53/77 java/util/Set
     [java] Pass 1: Analyzing classes (54 / 77) - 70% complete     0 0/2  54/77 java/lang/String
     [java] Pass 1: Analyzing classes (55 / 77) - 71% complete     0 0/2  55/77 java/lang/ClassNotFoundException
     [java] Pass 1: Analyzing classes (56 / 77) - 72% complete     0 0/2  56/77 com/flyer/maker/parser/Parser
     [java] Pass 1: Analyzing classes (57 / 77) - 74% complete     0 0/2  57/77 freemarker/template/TemplateException
     [java] Pass 1: Analyzing classes (58 / 77) - 75% complete     0 0/2  58/77 java/io/IOException
     [java] Pass 1: Analyzing classes (59 / 77) - 76% complete     0 0/2  59/77 java/util/HashSet
     [java] Pass 1: Analyzing classes (60 / 77) - 77% complete     0 0/2  60/77 com/flyer/maker/generator/GeneratorFactory
     [java] Pass 1: Analyzing classes (61 / 77) - 79% complete     0 0/2  61/77 com/flyer/maker/base/ConfigSupport
     [java] Pass 1: Analyzing classes (62 / 77) - 80% complete     0 0/2  62/77 freemarker/template/Configuration
     [java] Pass 1: Analyzing classes (63 / 77) - 81% complete     0 0/2  63/77 com/flyer/maker/utils/FormatUtil
     [java] Pass 1: Analyzing classes (64 / 77) - 83% complete     0 0/2  64/77 java/sql/Statement
     [java] Pass 1: Analyzing classes (65 / 77) - 84% complete     0 0/2  65/77 com/flyer/maker/freemarker/FreemarkerConfig
     [java] Pass 1: Analyzing classes (66 / 77) - 85% complete     0 0/2  66/77 java/lang/IllegalArgumentException
     [java] Pass 1: Analyzing classes (67 / 77) - 87% complete     0 0/2  67/77 com/flyer/maker/generator/Generator
     [java] Pass 1: Analyzing classes (68 / 77) - 88% complete     0 0/2  68/77 java/lang/Long
     [java] Pass 1: Analyzing classes (69 / 77) - 89% complete     0 0/2  69/77 java/lang/CloneNotSupportedException
     [java] Pass 1: Analyzing classes (70 / 77) - 90% complete     0 0/2  70/77 java/lang/CharSequence
     [java] Pass 1: Analyzing classes (71 / 77) - 92% complete     0 0/2  71/77 java/io/OutputStream
     [java] Pass 1: Analyzing classes (72 / 77) - 93% complete     0 0/2  72/77 org/apache/commons/lang3/StringUtils
     [java] Pass 1: Analyzing classes (73 / 77) - 94% complete     0 0/2  73/77 jdk/internal/HotSpotIntrinsicCandidate
     [java] Pass 1: Analyzing classes (74 / 77) - 96% complete     0 0/2  74/77 java/lang/Class
     [java] Pass 1: Analyzing classes (75 / 77) - 97% complete     0 0/2  75/77 java/lang/ClassLoader
     [java] Pass 1: Analyzing classes (76 / 77) - 98% complete     0 0/2  76/77 java/lang/Deprecated
     [java] Pass 1: Analyzing classes (77 / 77) - 100% complete     0 : Pass 1: 18 classes
     [java] XFactory cached methods: 2696/3588
     [java] Descriptor factory: 2379/2696/13239
     [java] Pass 2: Analyzing classes (0 / 18) - 00% complete     0 1/2  0/18 com/flyer/maker/utils/FormatUtil
     [java] Pass 2: Analyzing classes (1 / 18) - 05% complete      40 usecs/byte      61 msec    1499 bytes  1 pass com/flyer/maker/utils/FormatUtil     0 1/2  1/18 com/flyer/maker/freemarker/FreemarkerConfig
     [java] Pass 2: Analyzing classes (2 / 18) - 11% complete     0 1/2  2/18 com/flyer/maker/generator/Generator
     [java] Pass 2: Analyzing classes (3 / 18) - 16% complete     0 1/2  3/18 com/flyer/maker/base/Clazz
     [java] Pass 2: Analyzing classes (4 / 18) - 22% complete     0 1/2  4/18 com/flyer/maker/generator/impl/MvcPageGenerator
     [java] Pass 2: Analyzing classes (5 / 18) - 27% complete     0 1/2  5/18 com/flyer/maker/base/Config
     [java] Pass 2: Analyzing classes (6 / 18) - 33% complete     0 1/2  6/18 com/flyer/maker/base/Field
     [java] Pass 2: Analyzing classes (7 / 18) - 38% complete     0 1/2  7/18 com/flyer/maker/generator/impl/BootPageGenerator
     [java] Pass 2: Analyzing classes (8 / 18) - 44% complete     0 1/2  8/18 com/flyer/maker/parser/Parser
     [java] Pass 2: Analyzing classes (9 / 18) - 50% complete     0 1/2  9/18 com/flyer/maker/utils/DBUtil
     [java] Pass 2: Analyzing classes (10 / 18) - 55% complete     0 1/2  10/18 com/flyer/maker/generator/GeneratorFactory
     [java] Pass 2: Analyzing classes (11 / 18) - 61% complete     0 1/2  11/18 com/flyer/maker/base/ConfigSupport
     [java] Pass 2: Analyzing classes (12 / 18) - 66% complete     0 1/2  12/18 com/flyer/maker/parser/impl/MySQLParser
     [java] Pass 2: Analyzing classes (13 / 18) - 72% complete     0 1/2  13/18 com/flyer/maker/utils/GU
     [java] Pass 2: Analyzing classes (14 / 18) - 77% complete     0 1/2  14/18 com/flyer/maker/generator/impl/BaseGenerator
     [java] Pass 2: Analyzing classes (15 / 18) - 83% complete     0 1/2  15/18 com/flyer/maker/App
     [java] Pass 2: Analyzing classes (16 / 18) - 88% complete     0 1/2  16/18 com/flyer/maker/generator/impl/MvcRestGenerator
     [java] Pass 2: Analyzing classes (17 / 18) - 94% complete     0 1/2  17/18 com/flyer/maker/generator/impl/BootRestGenerator
     [java] Pass 2: Analyzing classes (18 / 18) - 100% completeDone with analysis
     [java] Analysis completed
[INFO] Done SpotBugs Analysis....
[INFO] 
[INFO] <<< spotbugs-maven-plugin:4.2.3-SNAPSHOT:check (default-cli) < :spotbugs @ flyer-maker <<<
[INFO] 
[INFO] 
[INFO] --- spotbugs-maven-plugin:4.2.3-SNAPSHOT:check (default-cli) @ flyer-maker ---
[INFO] BugInstance size is 0
[INFO] Error size is 0
[INFO] No errors/warnings found
[INFO] ------------------------------------------------------------------------
[INFO] BUILD SUCCESS
[INFO] ------------------------------------------------------------------------
[INFO] Total time:  3.777 s
[INFO] Finished at: 2022-01-16T12:05:24+08:00
[INFO] ------------------------------------------------------------------------
