WARNING: An illegal reflective access operation has occurred
WARNING: Illegal reflective access by com.google.inject.internal.cglib.core.$ReflectUtils$1 (file:/usr/share/maven/lib/guice.jar) to method java.lang.ClassLoader.defineClass(java.lang.String,byte[],int,int,java.security.ProtectionDomain)
WARNING: Please consider reporting this to the maintainers of com.google.inject.internal.cglib.core.$ReflectUtils$1
WARNING: Use --illegal-access=warn to enable warnings of further illegal reflective access operations
WARNING: All illegal access operations will be denied in a future release
[INFO] Scanning for projects...
[WARNING] 
[WARNING] Some problems were encountered while building the effective model for com.darkprograms.speech:java-speech-api:jar:1.13.0-SNAPSHOT
[WARNING] 'build.plugins.plugin.version' for org.apache.maven.plugins:maven-source-plugin is missing. @ line 103, column 17
[WARNING] 'build.plugins.plugin.version' for org.apache.maven.plugins:maven-javadoc-plugin is missing. @ line 115, column 17
[WARNING] 
[WARNING] It is highly recommended to fix these problems because they threaten the stability of your build.
[WARNING] 
[WARNING] For this reason, future Maven versions might no longer support building such malformed projects.
[WARNING] 
[INFO] 
[INFO] --------------< com.darkprograms.speech:java-speech-api >---------------
[INFO] Building java-speech-api 1.13.0-SNAPSHOT
[INFO] --------------------------------[ jar ]---------------------------------
[INFO] 
[INFO] >>> spotbugs-maven-plugin:4.2.3-SNAPSHOT:check (default-cli) > :spotbugs @ java-speech-api >>>
[INFO] 
[INFO] --- spotbugs-maven-plugin:4.2.3-SNAPSHOT:spotbugs (spotbugs) @ java-speech-api ---
[INFO] Fork Value is true
     [java] Loading edu.umd.cs.findbugs.plugins.core
     [java] Registering detector: edu.umd.cs.findbugs.detect.OverridingMethodsMustInvokeSuperDetector
     [java] Registering detector: edu.umd.cs.findbugs.detect.FindRoughConstants
     [java] Registering detector: edu.umd.cs.findbugs.detect.FunctionsThatMightBeMistakenForProcedures
     [java] Registering detector: edu.umd.cs.findbugs.detect.NoteSuppressedWarnings
     [java] Registering detector: edu.umd.cs.findbugs.detect.NoteAnnotationRetention
     [java] Registering detector: edu.umd.cs.findbugs.detect.NoteDirectlyRelevantTypeQualifiers
     [java] Registering detector: edu.umd.cs.findbugs.detect.BuildInterproceduralCallGraph
     [java] Registering detector: edu.umd.cs.findbugs.detect.BuildObligationPolicyDatabase
     [java] Registering detector: edu.umd.cs.findbugs.detect.SynchronizeAndNullCheckField
     [java] Registering detector: edu.umd.cs.findbugs.detect.InitializeNonnullFieldsInConstructor
     [java] Registering detector: edu.umd.cs.findbugs.detect.BooleanReturnNull
     [java] Registering detector: edu.umd.cs.findbugs.detect.OptionalReturnNull
     [java] Registering detector: edu.umd.cs.findbugs.detect.NoteJCIPAnnotation
     [java] Registering detector: edu.umd.cs.findbugs.detect.Methods
     [java] Registering detector: edu.umd.cs.findbugs.detect.ReflectiveClasses
     [java] Registering detector: edu.umd.cs.findbugs.detect.CalledMethods
     [java] Registering detector: edu.umd.cs.findbugs.detect.FindNoSideEffectMethods
     [java] Registering detector: edu.umd.cs.findbugs.detect.BuildStringPassthruGraph
     [java] Registering detector: edu.umd.cs.findbugs.detect.ConfusionBetweenInheritedAndOuterMethod
     [java] Registering detector: edu.umd.cs.findbugs.detect.SynchronizationOnSharedBuiltinConstant
     [java] Registering detector: edu.umd.cs.findbugs.detect.NoteCheckReturnValueAnnotations
     [java] Registering detector: edu.umd.cs.findbugs.detect.FieldItemSummary
     [java] Registering detector: edu.umd.cs.findbugs.detect.NoteNonNullAnnotations
     [java] Registering detector: edu.umd.cs.findbugs.detect.NoteUnconditionalParamDerefs
     [java] Registering detector: edu.umd.cs.findbugs.detect.NoteNonnullReturnValues
     [java] Registering detector: edu.umd.cs.findbugs.detect.SynchronizeOnClassLiteralNotGetClass
     [java] Registering detector: edu.umd.cs.findbugs.detect.InfiniteRecursiveLoop
     [java] Registering detector: edu.umd.cs.findbugs.detect.InfiniteLoop
     [java] Registering detector: edu.umd.cs.findbugs.detect.VolatileUsage
     [java] Registering detector: edu.umd.cs.findbugs.detect.InheritanceUnsafeGetResource
     [java] Registering detector: edu.umd.cs.findbugs.detect.EmptyZipFileEntry
     [java] Registering detector: edu.umd.cs.findbugs.detect.DoInsideDoPrivileged
     [java] Registering detector: edu.umd.cs.findbugs.detect.HugeSharedStringConstants
     [java] Registering detector: edu.umd.cs.findbugs.detect.FinalizerNullsFields
     [java] Registering detector: edu.umd.cs.findbugs.detect.MutableEnum
     [java] Registering detector: edu.umd.cs.findbugs.detect.InconsistentAnnotations
     [java] Registering detector: edu.umd.cs.findbugs.detect.RepeatedConditionals
     [java] Registering detector: edu.umd.cs.findbugs.detect.RedundantConditions
     [java] Registering detector: edu.umd.cs.findbugs.detect.CallToUnsupportedMethod
     [java] Registering detector: edu.umd.cs.findbugs.detect.FormatStringChecker
     [java] Registering detector: edu.umd.cs.findbugs.detect.LostLoggerDueToWeakReference
     [java] Registering detector: edu.umd.cs.findbugs.detect.TestingGround
     [java] Registering detector: edu.umd.cs.findbugs.detect.TestingGround2
     [java] Registering detector: edu.umd.cs.findbugs.detect.NoiseNullDeref
     [java] Registering detector: edu.umd.cs.findbugs.detect.Noise
     [java] Registering detector: edu.umd.cs.findbugs.detect.EqualsOperandShouldHaveClassCompatibleWithThis
     [java] Registering detector: edu.umd.cs.findbugs.detect.ResolveAllReferences
     [java] Registering detector: edu.umd.cs.findbugs.detect.CheckImmutableAnnotation
     [java] Registering detector: edu.umd.cs.findbugs.detect.DontCatchIllegalMonitorStateException
     [java] Registering detector: edu.umd.cs.findbugs.detect.FindFloatMath
     [java] Registering detector: edu.umd.cs.findbugs.detect.CloneIdiom
     [java] Registering detector: edu.umd.cs.findbugs.detect.ComparatorIdiom
     [java] Registering detector: edu.umd.cs.findbugs.detect.FindFieldSelfAssignment
     [java] Registering detector: edu.umd.cs.findbugs.detect.FindSelfComparison
     [java] Registering detector: edu.umd.cs.findbugs.detect.FindSelfComparison2
     [java] Registering detector: edu.umd.cs.findbugs.detect.DroppedException
     [java] Registering detector: edu.umd.cs.findbugs.detect.LoadOfKnownNullValue
     [java] Registering detector: edu.umd.cs.findbugs.detect.DumbMethodInvocations
     [java] Registering detector: edu.umd.cs.findbugs.detect.URLProblems
     [java] Registering detector: edu.umd.cs.findbugs.detect.CovariantArrayAssignment
     [java] Registering detector: edu.umd.cs.findbugs.detect.DumbMethods
     [java] Registering detector: edu.umd.cs.findbugs.detect.NumberConstructor
     [java] Registering detector: edu.umd.cs.findbugs.detect.FindSqlInjection
     [java] Registering detector: edu.umd.cs.findbugs.detect.FindDoubleCheck
     [java] Registering detector: edu.umd.cs.findbugs.detect.FindFinalizeInvocations
     [java] Registering detector: edu.umd.cs.findbugs.detect.FindHEmismatch
     [java] Registering detector: edu.umd.cs.findbugs.detect.OverridingEqualsNotSymmetrical
     [java] Registering detector: edu.umd.cs.findbugs.detect.FindNakedNotify
     [java] Registering detector: edu.umd.cs.findbugs.detect.FindReturnRef
     [java] Registering detector: edu.umd.cs.findbugs.detect.FindRunInvocations
     [java] Registering detector: edu.umd.cs.findbugs.detect.SwitchFallthrough
     [java] Registering detector: edu.umd.cs.findbugs.detect.FindSpinLoop
     [java] Registering detector: edu.umd.cs.findbugs.detect.FindNonShortCircuit
     [java] Registering detector: edu.umd.cs.findbugs.detect.FindTwoLockWait
     [java] Registering detector: edu.umd.cs.findbugs.detect.FindUnconditionalWait
     [java] Registering detector: edu.umd.cs.findbugs.detect.FindUninitializedGet
     [java] Registering detector: edu.umd.cs.findbugs.detect.DontUseEnum
     [java] Registering detector: edu.umd.cs.findbugs.detect.FindUnsyncGet
     [java] Registering detector: edu.umd.cs.findbugs.detect.InitializationChain
     [java] Registering detector: edu.umd.cs.findbugs.detect.IteratorIdioms
     [java] Registering detector: edu.umd.cs.findbugs.detect.PreferZeroLengthArrays
     [java] Registering detector: edu.umd.cs.findbugs.detect.SynchronizingOnContentsOfFieldToProtectField
     [java] Registering detector: edu.umd.cs.findbugs.detect.MutableLock
     [java] Registering detector: edu.umd.cs.findbugs.detect.FindUselessObjects
     [java] Registering detector: edu.umd.cs.findbugs.detect.MutableStaticFields
     [java] Registering detector: edu.umd.cs.findbugs.detect.Naming
     [java] Registering detector: edu.umd.cs.findbugs.detect.ReadReturnShouldBeChecked
     [java] Registering detector: edu.umd.cs.findbugs.detect.SerializableIdiom
     [java] Registering detector: edu.umd.cs.findbugs.detect.StartInConstructor
     [java] Registering detector: edu.umd.cs.findbugs.detect.FindBadForLoop
     [java] Registering detector: edu.umd.cs.findbugs.detect.ExplicitSerialization
     [java] Registering detector: edu.umd.cs.findbugs.detect.UnreadFields
     [java] Registering detector: edu.umd.cs.findbugs.detect.WaitInLoop
     [java] Registering detector: edu.umd.cs.findbugs.detect.FindComparatorProblems
     [java] Registering detector: edu.umd.cs.findbugs.detect.FindNullDeref
     [java] Registering detector: edu.umd.cs.findbugs.detect.FindNullDerefsInvolvingNonShortCircuitEvaluation
     [java] Registering detector: edu.umd.cs.findbugs.detect.FindOpenStream
     [java] Registering detector: edu.umd.cs.findbugs.detect.FindUselessControlFlow
     [java] Registering detector: edu.umd.cs.findbugs.detect.FindUnreleasedLock
     [java] Registering detector: edu.umd.cs.findbugs.detect.FindRefComparison
     [java] Registering detector: edu.umd.cs.findbugs.detect.FindMismatchedWaitOrNotify
     [java] Registering detector: edu.umd.cs.findbugs.detect.FindEmptySynchronizedBlock
     [java] Registering detector: edu.umd.cs.findbugs.detect.FindInconsistentSync2
     [java] Registering detector: edu.umd.cs.findbugs.detect.FindLocalSelfAssignment2
     [java] Registering detector: edu.umd.cs.findbugs.detect.IncompatMask
     [java] Registering detector: edu.umd.cs.findbugs.detect.LazyInit
     [java] Registering detector: edu.umd.cs.findbugs.detect.FindJSR166LockMonitorenter
     [java] Registering detector: edu.umd.cs.findbugs.detect.FindUncalledPrivateMethods
     [java] Registering detector: edu.umd.cs.findbugs.detect.UncallableMethodOfAnonymousClass
     [java] Registering detector: edu.umd.cs.findbugs.detect.StringConcatenation
     [java] Registering detector: edu.umd.cs.findbugs.detect.InefficientInitializationInsideLoop
     [java] Registering detector: edu.umd.cs.findbugs.detect.InefficientIndexOf
     [java] Registering detector: edu.umd.cs.findbugs.detect.InefficientToArray
     [java] Registering detector: edu.umd.cs.findbugs.detect.InvalidJUnitTest
     [java] Registering detector: edu.umd.cs.findbugs.detect.BadlyOverriddenAdapter
     [java] Registering detector: edu.umd.cs.findbugs.detect.BadResultSetAccess
     [java] Registering detector: edu.umd.cs.findbugs.detect.SuperfluousInstanceOf
     [java] Registering detector: edu.umd.cs.findbugs.detect.BadAppletConstructor
     [java] Registering detector: edu.umd.cs.findbugs.detect.SuspiciousThreadInterrupted
     [java] Registering detector: edu.umd.cs.findbugs.detect.FindDeadLocalStores
     [java] Registering detector: edu.umd.cs.findbugs.detect.FindMaskedFields
     [java] Registering detector: edu.umd.cs.findbugs.detect.WrongMapIterator
     [java] Registering detector: edu.umd.cs.findbugs.detect.InstantiateStaticClass
     [java] Registering detector: edu.umd.cs.findbugs.detect.RuntimeExceptionCapture
     [java] Registering detector: edu.umd.cs.findbugs.detect.FindFloatEquality
     [java] Registering detector: edu.umd.cs.findbugs.detect.FindUnsatisfiedObligation
     [java] Registering detector: edu.umd.cs.findbugs.detect.UnnecessaryMath
     [java] Registering detector: edu.umd.cs.findbugs.detect.FindCircularDependencies
     [java] Registering detector: edu.umd.cs.findbugs.detect.RedundantInterfaces
     [java] Registering detector: edu.umd.cs.findbugs.detect.MultithreadedInstanceAccess
     [java] Registering detector: edu.umd.cs.findbugs.detect.PublicSemaphores
     [java] Registering detector: edu.umd.cs.findbugs.detect.BadUseOfReturnValue
     [java] Registering detector: edu.umd.cs.findbugs.detect.MethodReturnCheck
     [java] Registering detector: edu.umd.cs.findbugs.detect.IDivResultCastToDouble
     [java] Registering detector: edu.umd.cs.findbugs.detect.FindBadCast2
     [java] Registering detector: edu.umd.cs.findbugs.detect.FindUseOfNonSerializableValue
     [java] Registering detector: edu.umd.cs.findbugs.detect.FindNonSerializableStoreIntoSession
     [java] Registering detector: edu.umd.cs.findbugs.detect.FindNonSerializableValuePassedToWriteObject
     [java] Registering detector: edu.umd.cs.findbugs.detect.BadSyntaxForRegularExpression
     [java] Registering detector: edu.umd.cs.findbugs.detect.VarArgsProblems
     [java] Registering detector: edu.umd.cs.findbugs.detect.FindPuzzlers
     [java] Registering detector: edu.umd.cs.findbugs.detect.IntCast2LongAsInstant
     [java] Registering detector: edu.umd.cs.findbugs.detect.FindSleepWithLockHeld
     [java] Registering detector: edu.umd.cs.findbugs.detect.InefficientMemberAccess
     [java] Registering detector: edu.umd.cs.findbugs.detect.DuplicateBranches
     [java] Registering detector: edu.umd.cs.findbugs.detect.XMLFactoryBypass
     [java] Registering detector: edu.umd.cs.findbugs.detect.UselessSubclassMethod
     [java] Registering detector: edu.umd.cs.findbugs.detect.ConfusedInheritance
     [java] Registering detector: edu.umd.cs.findbugs.detect.QuestionableBooleanAssignment
     [java] Registering detector: edu.umd.cs.findbugs.detect.TrainUnconditionalDerefParams
     [java] Registering detector: edu.umd.cs.findbugs.detect.TrainLongInstantfParams
     [java] Registering detector: edu.umd.cs.findbugs.detect.TrainFieldStoreTypes
     [java] Registering detector: edu.umd.cs.findbugs.detect.TrainNonNullAnnotations
     [java] Registering detector: edu.umd.cs.findbugs.detect.CheckCalls
     [java] Registering detector: edu.umd.cs.findbugs.detect.FindBugsSummaryStats
     [java] Registering detector: edu.umd.cs.findbugs.detect.AppendingToAnObjectOutputStream
     [java] Registering detector: edu.umd.cs.findbugs.detect.TestASM
     [java] Registering detector: edu.umd.cs.findbugs.detect.FindUnrelatedTypesInGenericContainer
     [java] Registering detector: edu.umd.cs.findbugs.detect.StaticCalendarDetector
     [java] Registering detector: edu.umd.cs.findbugs.detect.TestDataflowAnalysis
     [java] Registering detector: edu.umd.cs.findbugs.detect.CheckTypeQualifiers
     [java] Registering detector: edu.umd.cs.findbugs.detect.CrossSiteScripting
     [java] Registering detector: edu.umd.cs.findbugs.detect.DontIgnoreResultOfPutIfAbsent
     [java] Registering detector: edu.umd.cs.findbugs.detect.ReadOfInstanceFieldInMethodInvokedByConstructorInSuperclass
     [java] Registering detector: edu.umd.cs.findbugs.detect.AtomicityProblem
     [java] Registering detector: edu.umd.cs.findbugs.detect.CheckExpectedWarnings
     [java] Registering detector: edu.umd.cs.findbugs.detect.DefaultEncodingDetector
     [java] Registering detector: edu.umd.cs.findbugs.detect.CheckRelaxingNullnessAnnotation
     [java] Registering detector: edu.umd.cs.findbugs.detect.DontAssertInstanceofInTests
     [java] Scanning archives (0 / 6)Scanning archives (1 / 6)Scanning archives (2 / 6)Scanning archives (3 / 6)Scanning archives (4 / 6)Scanning archives (5 / 6)Scanning archives (6 / 6)25 classes scannedAdding referenced classes
     [java] Added 5 referenced classes
     [java] Total of 29 packages
     [java]   java/lang/Integer
     [java]   java/lang/StringBuilder
     [java]   com/darkprograms/speech/synthesiser/Synthesiser
     [java]   java/lang/ThreadGroup
     [java]   javax/sound/sampled/TargetDataLine
     [java]   java/lang/Comparable
     [java]   java/io/Flushable
     [java]   java/util/concurrent/Future
     [java]   java/lang/Runnable
     [java]   java/io/PrintStream
     [java]   java/io/BufferedOutputStream
     [java]   java/nio/file/Path
     [java]   java/lang/ref/ReferenceQueue
     [java]   jdk/internal/reflect/CallerSensitive
     [java]   java/io/FilterOutputStream
     [java]   java/lang/SecurityManager
     [java]   java/io/Reader
     [java]   java/io/File
     [java]   java/lang/Thread
     [java]   javax/sound/sampled/AudioSystem
     [java]   java/util/Iterator
     [java]   [Lcom/darkprograms/speech/recognizer/Recognizer$Languages;
     [java]   javax/sound/sampled/AudioInputStream
     [java]   java/util/concurrent/Executors
     [java]   net/sourceforge/javaflacencoder/StreamConfiguration
     [java]   java/util/concurrent/Callable
     [java]   java/util/Map
     [java]   java/io/ObjectStreamException
     [java]   java/io/OutputStream$1
     [java]   java/lang/Object
     [java]   java/io/Serializable
     [java]   com/darkprograms/speech/microphone/Microphone
     [java]   java/util/LinkedHashSet
     [java]   java/net/URLConnection
     [java]   java/util/Enumeration
     [java]   net/sourceforge/javaflacencoder/FLACOutputStream
     [java]   com/darkprograms/speech/microphone/MicrophoneAnalyzer
     [java]   java/lang/Double
     [java]   java/lang/System
     [java]   java/lang/ClassCastException
     [java]   com/darkprograms/speech/recognizer/RecognizerChunked
     [java]   sun/security/util/SecurityConstants
     [java]   java/nio/charset/Charset
     [java]   java/lang/Boolean
     [java]   java/lang/FunctionalInterface
     [java]   javax/sound/sampled/DataLine
     [java]   java/lang/Thread$Caches
     [java]   com/darkprograms/speech/synthesiser/SynthesiserV2
     [java]   javax/net/ssl/HttpsURLConnection
     [java]   java/nio/file/Files
     [java]   javax/sound/sampled/Line$Info
     [java]   jdk/internal/reflect/Reflection
     [java]   java/io/InputStreamReader
     [java]   java/lang/NullPointerException
     [java]   java/io/IOException
     [java]   java/io/Closeable
     [java]   java/security/AccessController
     [java]   jdk/internal/misc/VM
     [java]   javax/sound/sampled/LineUnavailableException
     [java]   com/darkprograms/speech/synthesiser/BaseSynthsiser$MP3DataFetcher
     [java]   org/json/JSONArray
     [java]   java/lang/AutoCloseable
     [java]   java/nio/ByteOrder
     [java]   java/lang/ref/Reference
     [java]   java/lang/IndexOutOfBoundsException
     [java]   java/lang/ThreadLocal
     [java]   java/lang/IllegalArgumentException
     [java]   java/lang/Thread$State
     [java]   com/darkprograms/speech/recognizer/RecognizerChunked$1
     [java]   com/darkprograms/speech/recognizer/Recognizer$Languages
     [java]   sun/nio/ch/Interruptible
     [java]   java/lang/Long
     [java]   java/io/OutputStream
     [java]   com/darkprograms/speech/microphone/Microphone$CaptureThread
     [java]   jdk/internal/HotSpotIntrinsicCandidate
     [java]   java/nio/channels/FileChannel$MapMode
     [java]   java/lang/StackTraceElement
     [java]   java/lang/Deprecated
     [java]   java/lang/ClassLoader
     [java]   com/darkprograms/speech/util/ChunkedOutputStream
     [java]   java/util/Scanner
     [java]   com/darkprograms/speech/microphone/Microphone$CaptureState
     [java]   java/util/ArrayList
     [java]   java/lang/ThreadLocal$ThreadLocalMap
     [java]   net/sourceforge/javaflacencoder/FLACEncoder
     [java]   java/lang/Thread$1
     [java]   java/util/Collection
     [java]   java/io/SequenceInputStream
     [java]   java/lang/Throwable
     [java]   java/nio/channels/FileChannel
     [java]   java/io/UnsupportedEncodingException
     [java]   java/util/Locale
     [java]   java/lang/Exception
     [java]   java/util/concurrent/ExecutorService
     [java]   java/io/InvalidObjectException
     [java]   jdk/internal/misc/TerminatingThreadLocal
     [java]   org/json/JSONObject
     [java]   javax/sound/sampled/AudioFormat
     [java]   net/sourceforge/javaflacencoder/FLACFileOutputStream
     [java]   java/io/BufferedReader
     [java]   javax/sound/sampled/AudioFileFormat$Type
     [java]   javax/sound/sampled/DataLine$Info
     [java]   com/darkprograms/speech/recognizer/GSpeechResponseListener
     [java]   java/net/URLEncoder
     [java]   com/darkprograms/speech/recognizer/GSpeechDuplex
     [java]   java/util/Collections
     [java]   com/darkprograms/speech/recognizer/GSpeechDuplex$3
     [java]   com/darkprograms/speech/recognizer/GSpeechDuplex$2
     [java]   java/lang/RuntimeException
     [java]   com/darkprograms/speech/recognizer/GSpeechDuplex$1
     [java]   java/util/List
     [java]   java/util/concurrent/ExecutionException
     [java]   java/nio/MappedByteBuffer
     [java]   jdk/internal/vm/annotation/Contended
     [java]   com/darkprograms/speech/synthesiser/BaseSynthsiser
     [java]   java/lang/InterruptedException
     [java]   java/net/MalformedURLException
     [java]   java/util/HashMap
     [java]   net/sourceforge/javaflacencoder/FLACFileWriter
     [java]   java/io/FileInputStream
     [java]   javax/xml/ws/http/HTTPException
     [java]   [Lcom/darkprograms/speech/microphone/Microphone$CaptureState;
     [java]   java/io/InputStream
     [java]   java/nio/ByteBuffer
     [java]   java/util/Set
     [java]   java/lang/String
     [java]   java/lang/Character
     [java]   java/lang/ClassNotFoundException
     [java]   com/darkprograms/speech/util/Complex
     [java]   com/darkprograms/speech/microphone/Microphone$1
     [java]   java/lang/Thread$WeakClassKey
     [java]   com/darkprograms/speech/util/FFT
     [java]   java/lang/RuntimePermission
     [java]   java/lang/Math
     [java]   com/darkprograms/speech/recognizer/FlacEncoder
     [java]   java/lang/ThreadDeath
     [java]   java/net/URL
     [java]   java/net/HttpURLConnection
     [java]   java/security/AccessControlContext
     [java]   com/darkprograms/speech/util/StringUtil
     [java]   java/lang/Enum
     [java]   java/lang/CloneNotSupportedException
     [java]   java/lang/Thread$UncaughtExceptionHandler
     [java]   java/lang/CharSequence
     [java]   javax/sound/sampled/AudioFileFormat
     [java]   com/darkprograms/speech/recognizer/Recognizer
     [java]   com/darkprograms/speech/translator/GoogleTranslate
     [java]   java/util/concurrent/ConcurrentMap
     [java]   java/lang/IllegalThreadStateException
     [java]   java/lang/Class
     [java]   javax/sound/sampled/Line
     [java]   java/util/Objects
     [java]   com/darkprograms/speech/recognizer/GoogleResponse
     [java] Adding plugin edu.umd.cs.findbugs.plugins.core to execution plan
     [java] Dependences force enabling of edu.umd.cs.findbugs.detect.FieldItemSummary
     [java] Dependences force enabling of edu.umd.cs.findbugs.detect.NoteSuppressedWarnings
     [java] Dependences force enabling of edu.umd.cs.findbugs.detect.EqualsOperandShouldHaveClassCompatibleWithThis
     [java] Dependences force enabling of edu.umd.cs.findbugs.detect.NoteAnnotationRetention
     [java] Dependences force enabling of edu.umd.cs.findbugs.detect.FunctionsThatMightBeMistakenForProcedures
     [java] Dependences force enabling of edu.umd.cs.findbugs.detect.FindNoSideEffectMethods
     [java] Dependences force enabling of edu.umd.cs.findbugs.detect.NoteCheckReturnValueAnnotations
     [java] Dependences force enabling of edu.umd.cs.findbugs.detect.FindBugsSummaryStats
     [java] 2 passes in execution plan
     [java] 2 analysis passes to perform     0 : Pass 0: 151 classesXFactory cached methods: 3101/3101
     [java] Descriptor factory: 2533/3101/11307
     [java] Pass 1: Analyzing classes (0 / 151) - 00% complete     0 0/2  0/151 java/lang/Integer
     [java] Pass 1: Analyzing classes (1 / 151) - 00% complete     0 0/2  1/151 java/lang/StringBuilder
     [java] Pass 1: Analyzing classes (2 / 151) - 01% complete     0 0/2  2/151 com/darkprograms/speech/synthesiser/Synthesiser
     [java] Pass 1: Analyzing classes (3 / 151) - 01% complete     0 0/2  3/151 java/lang/ThreadGroup
     [java] Pass 1: Analyzing classes (4 / 151) - 02% complete     0 0/2  4/151 javax/sound/sampled/TargetDataLine
     [java] Pass 1: Analyzing classes (5 / 151) - 03% complete     0 0/2  5/151 java/lang/Comparable
     [java] Pass 1: Analyzing classes (6 / 151) - 03% complete     0 0/2  6/151 java/io/Flushable
     [java] Pass 1: Analyzing classes (7 / 151) - 04% complete     0 0/2  7/151 java/util/concurrent/Future
     [java] Pass 1: Analyzing classes (8 / 151) - 05% complete     0 0/2  8/151 java/lang/Runnable
     [java] Pass 1: Analyzing classes (9 / 151) - 05% complete     0 0/2  9/151 java/io/PrintStream
     [java] Pass 1: Analyzing classes (10 / 151) - 06% complete     0 0/2  10/151 java/io/BufferedOutputStream
     [java] Pass 1: Analyzing classes (11 / 151) - 07% complete     0 0/2  11/151 java/nio/file/Path
     [java] Pass 1: Analyzing classes (12 / 151) - 07% complete     0 0/2  12/151 java/lang/ref/ReferenceQueue
     [java] Pass 1: Analyzing classes (13 / 151) - 08% complete     0 0/2  13/151 jdk/internal/reflect/CallerSensitive
     [java] Pass 1: Analyzing classes (14 / 151) - 09% complete     0 0/2  14/151 java/io/FilterOutputStream
     [java] Pass 1: Analyzing classes (15 / 151) - 09% complete     0 0/2  15/151 java/lang/SecurityManager
     [java] Pass 1: Analyzing classes (16 / 151) - 10% complete     0 0/2  16/151 java/io/Reader
     [java] Pass 1: Analyzing classes (17 / 151) - 11% complete     0 0/2  17/151 java/io/File
     [java] Pass 1: Analyzing classes (18 / 151) - 11% complete     0 0/2  18/151 java/lang/Thread
     [java] Pass 1: Analyzing classes (19 / 151) - 12% complete     0 0/2  19/151 javax/sound/sampled/AudioSystem
     [java] Pass 1: Analyzing classes (20 / 151) - 13% complete     0 0/2  20/151 java/util/Iterator
     [java] Pass 1: Analyzing classes (21 / 151) - 13% complete     0 0/2  21/151 javax/sound/sampled/AudioInputStream
     [java] Pass 1: Analyzing classes (22 / 151) - 14% complete     0 0/2  22/151 java/util/concurrent/Executors
     [java] Pass 1: Analyzing classes (23 / 151) - 15% complete     0 0/2  23/151 net/sourceforge/javaflacencoder/StreamConfiguration
     [java] Pass 1: Analyzing classes (24 / 151) - 15% complete     0 0/2  24/151 java/util/concurrent/Callable
     [java] Pass 1: Analyzing classes (25 / 151) - 16% complete     0 0/2  25/151 java/util/Map
     [java] Pass 1: Analyzing classes (26 / 151) - 17% complete     0 0/2  26/151 java/io/ObjectStreamException
     [java] Pass 1: Analyzing classes (27 / 151) - 17% complete     0 0/2  27/151 java/io/OutputStream$1
     [java] Pass 1: Analyzing classes (28 / 151) - 18% complete     0 0/2  28/151 java/lang/Object
     [java] Pass 1: Analyzing classes (29 / 151) - 19% complete     0 0/2  29/151 java/io/Serializable
     [java] Pass 1: Analyzing classes (30 / 151) - 19% complete     0 0/2  30/151 com/darkprograms/speech/microphone/Microphone
     [java] Pass 1: Analyzing classes (31 / 151) - 20% complete     0 0/2  31/151 java/util/LinkedHashSet
     [java] Pass 1: Analyzing classes (32 / 151) - 21% complete     0 0/2  32/151 java/net/URLConnection
     [java] Pass 1: Analyzing classes (33 / 151) - 21% complete     0 0/2  33/151 java/util/Enumeration
     [java] Pass 1: Analyzing classes (34 / 151) - 22% complete     0 0/2  34/151 net/sourceforge/javaflacencoder/FLACOutputStream
     [java] Pass 1: Analyzing classes (35 / 151) - 23% complete     0 0/2  35/151 com/darkprograms/speech/microphone/MicrophoneAnalyzer
     [java] Pass 1: Analyzing classes (36 / 151) - 23% complete     0 0/2  36/151 java/lang/Double
     [java] Pass 1: Analyzing classes (37 / 151) - 24% complete     0 0/2  37/151 java/lang/System
     [java] Pass 1: Analyzing classes (38 / 151) - 25% complete     0 0/2  38/151 java/lang/ClassCastException
     [java] Pass 1: Analyzing classes (39 / 151) - 25% complete     0 0/2  39/151 com/darkprograms/speech/recognizer/RecognizerChunked
     [java] Pass 1: Analyzing classes (40 / 151) - 26% complete     0 0/2  40/151 sun/security/util/SecurityConstants
     [java] Pass 1: Analyzing classes (41 / 151) - 27% complete     0 0/2  41/151 java/nio/charset/Charset
     [java] Pass 1: Analyzing classes (42 / 151) - 27% complete     0 0/2  42/151 java/lang/Boolean
     [java] Pass 1: Analyzing classes (43 / 151) - 28% complete     0 0/2  43/151 java/lang/FunctionalInterface
     [java] Pass 1: Analyzing classes (44 / 151) - 29% complete     0 0/2  44/151 javax/sound/sampled/DataLine
     [java] Pass 1: Analyzing classes (45 / 151) - 29% complete     0 0/2  45/151 java/lang/Thread$Caches
     [java] Pass 1: Analyzing classes (46 / 151) - 30% complete     0 0/2  46/151 com/darkprograms/speech/synthesiser/SynthesiserV2
     [java] Pass 1: Analyzing classes (47 / 151) - 31% complete     0 0/2  47/151 javax/net/ssl/HttpsURLConnection
     [java] Pass 1: Analyzing classes (48 / 151) - 31% complete     0 0/2  48/151 java/nio/file/Files
     [java] Pass 1: Analyzing classes (49 / 151) - 32% complete     0 0/2  49/151 javax/sound/sampled/Line$Info
     [java] Pass 1: Analyzing classes (50 / 151) - 33% complete     0 0/2  50/151 jdk/internal/reflect/Reflection
     [java] Pass 1: Analyzing classes (51 / 151) - 33% complete     0 0/2  51/151 java/io/InputStreamReader
     [java] Pass 1: Analyzing classes (52 / 151) - 34% complete     0 0/2  52/151 java/lang/NullPointerException
     [java] Pass 1: Analyzing classes (53 / 151) - 35% complete     0 0/2  53/151 java/io/IOException
     [java] Pass 1: Analyzing classes (54 / 151) - 35% complete     0 0/2  54/151 java/io/Closeable
     [java] Pass 1: Analyzing classes (55 / 151) - 36% complete     0 0/2  55/151 java/security/AccessController
     [java] Pass 1: Analyzing classes (56 / 151) - 37% complete     0 0/2  56/151 jdk/internal/misc/VM
     [java] Pass 1: Analyzing classes (57 / 151) - 37% complete     0 0/2  57/151 javax/sound/sampled/LineUnavailableException
     [java] Pass 1: Analyzing classes (58 / 151) - 38% complete     0 0/2  58/151 com/darkprograms/speech/synthesiser/BaseSynthsiser$MP3DataFetcher
     [java] Pass 1: Analyzing classes (59 / 151) - 39% complete     0 0/2  59/151 org/json/JSONArray
     [java] Pass 1: Analyzing classes (60 / 151) - 39% complete     0 0/2  60/151 java/lang/AutoCloseable
     [java] Pass 1: Analyzing classes (61 / 151) - 40% complete     0 0/2  61/151 java/nio/ByteOrder
     [java] Pass 1: Analyzing classes (62 / 151) - 41% complete     0 0/2  62/151 java/lang/ref/Reference
     [java] Pass 1: Analyzing classes (63 / 151) - 41% complete     0 0/2  63/151 java/lang/IndexOutOfBoundsException
     [java] Pass 1: Analyzing classes (64 / 151) - 42% complete     0 0/2  64/151 java/lang/ThreadLocal
     [java] Pass 1: Analyzing classes (65 / 151) - 43% complete     0 0/2  65/151 java/lang/IllegalArgumentException
     [java] Pass 1: Analyzing classes (66 / 151) - 43% complete     0 0/2  66/151 java/lang/Thread$State
     [java] Pass 1: Analyzing classes (67 / 151) - 44% complete     0 0/2  67/151 com/darkprograms/speech/recognizer/RecognizerChunked$1
     [java] Pass 1: Analyzing classes (68 / 151) - 45% complete     0 0/2  68/151 com/darkprograms/speech/recognizer/Recognizer$Languages
     [java] Pass 1: Analyzing classes (69 / 151) - 45% complete     0 0/2  69/151 sun/nio/ch/Interruptible
     [java] Pass 1: Analyzing classes (70 / 151) - 46% complete     0 0/2  70/151 java/lang/Long
     [java] Pass 1: Analyzing classes (71 / 151) - 47% complete     0 0/2  71/151 java/io/OutputStream
     [java] Pass 1: Analyzing classes (72 / 151) - 47% complete     0 0/2  72/151 com/darkprograms/speech/microphone/Microphone$CaptureThread
     [java] Pass 1: Analyzing classes (73 / 151) - 48% complete     0 0/2  73/151 jdk/internal/HotSpotIntrinsicCandidate
     [java] Pass 1: Analyzing classes (74 / 151) - 49% complete     0 0/2  74/151 java/nio/channels/FileChannel$MapMode
     [java] Pass 1: Analyzing classes (75 / 151) - 49% complete     0 0/2  75/151 java/lang/StackTraceElement
     [java] Pass 1: Analyzing classes (76 / 151) - 50% complete     0 0/2  76/151 java/lang/Deprecated
     [java] Pass 1: Analyzing classes (77 / 151) - 50% complete     0 0/2  77/151 java/lang/ClassLoader
     [java] Pass 1: Analyzing classes (78 / 151) - 51% complete     0 0/2  78/151 com/darkprograms/speech/util/ChunkedOutputStream
     [java] Pass 1: Analyzing classes (79 / 151) - 52% complete     0 0/2  79/151 java/util/Scanner
     [java] Pass 1: Analyzing classes (80 / 151) - 52% complete     0 0/2  80/151 com/darkprograms/speech/microphone/Microphone$CaptureState
     [java] Pass 1: Analyzing classes (81 / 151) - 53% complete     0 0/2  81/151 java/util/ArrayList
     [java] Pass 1: Analyzing classes (82 / 151) - 54% complete     0 0/2  82/151 java/lang/ThreadLocal$ThreadLocalMap
     [java] Pass 1: Analyzing classes (83 / 151) - 54% complete     0 0/2  83/151 net/sourceforge/javaflacencoder/FLACEncoder
     [java] Pass 1: Analyzing classes (84 / 151) - 55% complete     0 0/2  84/151 java/lang/Thread$1
     [java] Pass 1: Analyzing classes (85 / 151) - 56% complete     0 0/2  85/151 java/util/Collection
     [java] Pass 1: Analyzing classes (86 / 151) - 56% complete     0 0/2  86/151 java/io/SequenceInputStream
     [java] Pass 1: Analyzing classes (87 / 151) - 57% complete     0 0/2  87/151 java/lang/Throwable
     [java] Pass 1: Analyzing classes (88 / 151) - 58% complete     0 0/2  88/151 java/nio/channels/FileChannel
     [java] Pass 1: Analyzing classes (89 / 151) - 58% complete     0 0/2  89/151 java/io/UnsupportedEncodingException
     [java] Pass 1: Analyzing classes (90 / 151) - 59% complete     0 0/2  90/151 java/util/Locale
     [java] Pass 1: Analyzing classes (91 / 151) - 60% complete     0 0/2  91/151 java/lang/Exception
     [java] Pass 1: Analyzing classes (92 / 151) - 60% complete     0 0/2  92/151 java/util/concurrent/ExecutorService
     [java] Pass 1: Analyzing classes (93 / 151) - 61% complete     0 0/2  93/151 java/io/InvalidObjectException
     [java] Pass 1: Analyzing classes (94 / 151) - 62% complete     0 0/2  94/151 jdk/internal/misc/TerminatingThreadLocal
     [java] Pass 1: Analyzing classes (95 / 151) - 62% complete     0 0/2  95/151 org/json/JSONObject
     [java] Pass 1: Analyzing classes (96 / 151) - 63% complete     0 0/2  96/151 javax/sound/sampled/AudioFormat
     [java] Pass 1: Analyzing classes (97 / 151) - 64% complete     0 0/2  97/151 net/sourceforge/javaflacencoder/FLACFileOutputStream
     [java] Pass 1: Analyzing classes (98 / 151) - 64% complete     0 0/2  98/151 java/io/BufferedReader
     [java] Pass 1: Analyzing classes (99 / 151) - 65% complete     0 0/2  99/151 javax/sound/sampled/AudioFileFormat$Type
     [java] Pass 1: Analyzing classes (100 / 151) - 66% complete     0 0/2  100/151 javax/sound/sampled/DataLine$Info
     [java] Pass 1: Analyzing classes (101 / 151) - 66% complete     0 0/2  101/151 com/darkprograms/speech/recognizer/GSpeechResponseListener
     [java] Pass 1: Analyzing classes (102 / 151) - 67% complete     0 0/2  102/151 java/net/URLEncoder
     [java] Pass 1: Analyzing classes (103 / 151) - 68% complete     0 0/2  103/151 com/darkprograms/speech/recognizer/GSpeechDuplex
     [java] Pass 1: Analyzing classes (104 / 151) - 68% complete     0 0/2  104/151 java/util/Collections
     [java] Pass 1: Analyzing classes (105 / 151) - 69% complete     0 0/2  105/151 com/darkprograms/speech/recognizer/GSpeechDuplex$3
     [java] Pass 1: Analyzing classes (106 / 151) - 70% complete     0 0/2  106/151 com/darkprograms/speech/recognizer/GSpeechDuplex$2
     [java] Pass 1: Analyzing classes (107 / 151) - 70% complete     0 0/2  107/151 java/lang/RuntimeException
     [java] Pass 1: Analyzing classes (108 / 151) - 71% complete     0 0/2  108/151 com/darkprograms/speech/recognizer/GSpeechDuplex$1
     [java] Pass 1: Analyzing classes (109 / 151) - 72% complete     0 0/2  109/151 java/util/List
     [java] Pass 1: Analyzing classes (110 / 151) - 72% complete     0 0/2  110/151 java/util/concurrent/ExecutionException
     [java] Pass 1: Analyzing classes (111 / 151) - 73% complete     0 0/2  111/151 java/nio/MappedByteBuffer
     [java] Pass 1: Analyzing classes (112 / 151) - 74% complete     0 0/2  112/151 jdk/internal/vm/annotation/Contended
     [java] Pass 1: Analyzing classes (113 / 151) - 74% complete     0 0/2  113/151 com/darkprograms/speech/synthesiser/BaseSynthsiser
     [java] Pass 1: Analyzing classes (114 / 151) - 75% complete     0 0/2  114/151 java/lang/InterruptedException
     [java] Pass 1: Analyzing classes (115 / 151) - 76% complete     0 0/2  115/151 java/net/MalformedURLException
     [java] Pass 1: Analyzing classes (116 / 151) - 76% complete     0 0/2  116/151 java/util/HashMap
     [java] Pass 1: Analyzing classes (117 / 151) - 77% complete     0 0/2  117/151 net/sourceforge/javaflacencoder/FLACFileWriter
     [java] Pass 1: Analyzing classes (118 / 151) - 78% complete     0 0/2  118/151 java/io/FileInputStream
     [java] Pass 1: Analyzing classes (119 / 151) - 78% complete     0 0/2  119/151 javax/xml/ws/http/HTTPException
     [java] Pass 1: Analyzing classes (120 / 151) - 79% complete     0 0/2  120/151 java/io/InputStream
     [java] Pass 1: Analyzing classes (121 / 151) - 80% complete     0 0/2  121/151 java/nio/ByteBuffer
     [java] Pass 1: Analyzing classes (122 / 151) - 80% complete     0 0/2  122/151 java/util/Set
     [java] Pass 1: Analyzing classes (123 / 151) - 81% complete     0 0/2  123/151 java/lang/String
     [java] Pass 1: Analyzing classes (124 / 151) - 82% complete     0 0/2  124/151 java/lang/Character
     [java] Pass 1: Analyzing classes (125 / 151) - 82% complete     0 0/2  125/151 java/lang/ClassNotFoundException
     [java] Pass 1: Analyzing classes (126 / 151) - 83% complete     0 0/2  126/151 com/darkprograms/speech/util/Complex
     [java] Pass 1: Analyzing classes (127 / 151) - 84% complete     0 0/2  127/151 com/darkprograms/speech/microphone/Microphone$1
     [java] Pass 1: Analyzing classes (128 / 151) - 84% complete     0 0/2  128/151 java/lang/Thread$WeakClassKey
     [java] Pass 1: Analyzing classes (129 / 151) - 85% complete     0 0/2  129/151 com/darkprograms/speech/util/FFT
     [java] Pass 1: Analyzing classes (130 / 151) - 86% complete     0 0/2  130/151 java/lang/RuntimePermission
     [java] Pass 1: Analyzing classes (131 / 151) - 86% complete     0 0/2  131/151 java/lang/Math
     [java] Pass 1: Analyzing classes (132 / 151) - 87% complete     0 0/2  132/151 com/darkprograms/speech/recognizer/FlacEncoder
     [java] Pass 1: Analyzing classes (133 / 151) - 88% complete     0 0/2  133/151 java/lang/ThreadDeath
     [java] Pass 1: Analyzing classes (134 / 151) - 88% complete     0 0/2  134/151 java/net/URL
     [java] Pass 1: Analyzing classes (135 / 151) - 89% complete     0 0/2  135/151 java/net/HttpURLConnection
     [java] Pass 1: Analyzing classes (136 / 151) - 90% complete     0 0/2  136/151 java/security/AccessControlContext
     [java] Pass 1: Analyzing classes (137 / 151) - 90% complete     0 0/2  137/151 com/darkprograms/speech/util/StringUtil
     [java] Pass 1: Analyzing classes (138 / 151) - 91% complete     0 0/2  138/151 java/lang/Enum
     [java] Pass 1: Analyzing classes (139 / 151) - 92% complete     0 0/2  139/151 java/lang/CloneNotSupportedException
     [java] Pass 1: Analyzing classes (140 / 151) - 92% complete     0 0/2  140/151 java/lang/Thread$UncaughtExceptionHandler
     [java] Pass 1: Analyzing classes (141 / 151) - 93% complete     0 0/2  141/151 java/lang/CharSequence
     [java] Pass 1: Analyzing classes (142 / 151) - 94% complete     0 0/2  142/151 javax/sound/sampled/AudioFileFormat
     [java] Pass 1: Analyzing classes (143 / 151) - 94% complete     0 0/2  143/151 com/darkprograms/speech/recognizer/Recognizer
     [java] Pass 1: Analyzing classes (144 / 151) - 95% complete     0 0/2  144/151 com/darkprograms/speech/translator/GoogleTranslate
     [java] Pass 1: Analyzing classes (145 / 151) - 96% complete     0 0/2  145/151 java/util/concurrent/ConcurrentMap
     [java] Pass 1: Analyzing classes (146 / 151) - 96% complete     0 0/2  146/151 java/lang/IllegalThreadStateException
     [java] Pass 1: Analyzing classes (147 / 151) - 97% complete     0 0/2  147/151 java/lang/Class
     [java] Pass 1: Analyzing classes (148 / 151) - 98% complete     0 0/2  148/151 javax/sound/sampled/Line
     [java] Pass 1: Analyzing classes (149 / 151) - 98% complete     0 0/2  149/151 java/util/Objects
     [java] Pass 1: Analyzing classes (150 / 151) - 99% complete     0 0/2  150/151 com/darkprograms/speech/recognizer/GoogleResponse
     [java] Pass 1: Analyzing classes (151 / 151) - 100% complete     0 : Pass 1: 25 classes
     [java] XFactory cached methods: 3101/4137
     [java] Descriptor factory: 2533/3101/13641
     [java] Pass 2: Analyzing classes (0 / 25) - 00% complete     0 1/2  0/25 com/darkprograms/speech/util/ChunkedOutputStream
     [java] Pass 2: Analyzing classes (1 / 25) - 04% complete      25 usecs/byte      77 msec    3008 bytes  1 pass com/darkprograms/speech/util/ChunkedOutputStream     0 1/2  1/25 com/darkprograms/speech/microphone/Microphone$CaptureState
     [java] Pass 2: Analyzing classes (2 / 25) - 08% complete     0 1/2  2/25 com/darkprograms/speech/synthesiser/Synthesiser
     [java] Pass 2: Analyzing classes (3 / 25) - 12% complete     0 1/2  3/25 com/darkprograms/speech/synthesiser/SynthesiserV2
     [java] Pass 2: Analyzing classes (4 / 25) - 16% complete     0 1/2  4/25 com/darkprograms/speech/util/Complex
     [java] Pass 2: Analyzing classes (5 / 25) - 20% complete     0 1/2  5/25 com/darkprograms/speech/microphone/Microphone$1
     [java] Pass 2: Analyzing classes (6 / 25) - 24% complete     0 1/2  6/25 com/darkprograms/speech/util/FFT
     [java] Pass 2: Analyzing classes (7 / 25) - 28% complete     0 1/2  7/25 com/darkprograms/speech/recognizer/FlacEncoder
     [java] Pass 2: Analyzing classes (8 / 25) - 32% complete     0 1/2  8/25 com/darkprograms/speech/synthesiser/BaseSynthsiser$MP3DataFetcher
     [java] Pass 2: Analyzing classes (9 / 25) - 36% complete     0 1/2  9/25 com/darkprograms/speech/recognizer/Recognizer$Languages
     [java] Pass 2: Analyzing classes (10 / 25) - 40% complete     0 1/2  10/25 com/darkprograms/speech/recognizer/RecognizerChunked$1
     [java] Pass 2: Analyzing classes (11 / 25) - 44% complete     0 1/2  11/25 com/darkprograms/speech/util/StringUtil
     [java] Pass 2: Analyzing classes (12 / 25) - 48% complete     0 1/2  12/25 com/darkprograms/speech/microphone/Microphone$CaptureThread
     [java] Pass 2: Analyzing classes (13 / 25) - 52% complete     0 1/2  13/25 com/darkprograms/speech/recognizer/GSpeechResponseListener
     [java] Pass 2: Analyzing classes (14 / 25) - 56% complete     0 1/2  14/25 com/darkprograms/speech/translator/GoogleTranslate
     [java] Pass 2: Analyzing classes (15 / 25) - 60% complete     0 1/2  15/25 com/darkprograms/speech/microphone/Microphone
     [java] Pass 2: Analyzing classes (16 / 25) - 64% complete     0 1/2  16/25 com/darkprograms/speech/recognizer/GSpeechDuplex$3
     [java] Pass 2: Analyzing classes (17 / 25) - 68% complete     0 1/2  17/25 com/darkprograms/speech/recognizer/GSpeechDuplex$2
     [java] Pass 2: Analyzing classes (18 / 25) - 72% complete     0 1/2  18/25 com/darkprograms/speech/recognizer/GSpeechDuplex$1
     [java] Pass 2: Analyzing classes (19 / 25) - 76% complete     0 1/2  19/25 com/darkprograms/speech/microphone/MicrophoneAnalyzer
     [java] Pass 2: Analyzing classes (20 / 25) - 80% complete     0 1/2  20/25 com/darkprograms/speech/recognizer/GoogleResponse
     [java] Pass 2: Analyzing classes (21 / 25) - 84% complete     0 1/2  21/25 com/darkprograms/speech/recognizer/GSpeechDuplex
     [java] Pass 2: Analyzing classes (22 / 25) - 88% complete     0 1/2  22/25 com/darkprograms/speech/recognizer/Recognizer
     [java] Pass 2: Analyzing classes (23 / 25) - 92% complete     1 1/2  23/25 com/darkprograms/speech/synthesiser/BaseSynthsiser
     [java] Pass 2: Analyzing classes (24 / 25) - 96% complete     1 1/2  24/25 com/darkprograms/speech/recognizer/RecognizerChunked
     [java] Pass 2: Analyzing classes (25 / 25) - 100% completeDone with analysis
     [java] Analysis completed
[INFO] Done SpotBugs Analysis....
[INFO] 
[INFO] <<< spotbugs-maven-plugin:4.2.3-SNAPSHOT:check (default-cli) < :spotbugs @ java-speech-api <<<
[INFO] 
[INFO] 
[INFO] --- spotbugs-maven-plugin:4.2.3-SNAPSHOT:check (default-cli) @ java-speech-api ---
[INFO] BugInstance size is 0
[INFO] Error size is 0
[INFO] No errors/warnings found
[INFO] ------------------------------------------------------------------------
[INFO] BUILD SUCCESS
[INFO] ------------------------------------------------------------------------
[INFO] Total time:  3.631 s
[INFO] Finished at: 2021-03-29T14:29:58+08:00
[INFO] ------------------------------------------------------------------------
