WARNING: An illegal reflective access operation has occurred
WARNING: Illegal reflective access by com.google.inject.internal.cglib.core.$ReflectUtils$1 (file:/usr/share/maven/lib/guice.jar) to method java.lang.ClassLoader.defineClass(java.lang.String,byte[],int,int,java.security.ProtectionDomain)
WARNING: Please consider reporting this to the maintainers of com.google.inject.internal.cglib.core.$ReflectUtils$1
WARNING: Use --illegal-access=warn to enable warnings of further illegal reflective access operations
WARNING: All illegal access operations will be denied in a future release
[INFO] Scanning for projects...
[INFO] 
[INFO] ------------------< org.glassfish:javaee-javascript >-------------------
[INFO] Building javaee-javascript 1.0-SNAPSHOT
[INFO] --------------------------------[ war ]---------------------------------
[INFO] 
[INFO] >>> spotbugs-maven-plugin:4.2.3-SNAPSHOT:check (default-cli) > :spotbugs @ javaee-javascript >>>
[INFO] 
[INFO] --- spotbugs-maven-plugin:4.2.3-SNAPSHOT:spotbugs (spotbugs) @ javaee-javascript ---
[INFO] Fork Value is true
     [java] Loading edu.umd.cs.findbugs.plugins.core
     [java] Registering detector: edu.umd.cs.findbugs.detect.OverridingMethodsMustInvokeSuperDetector
     [java] Registering detector: edu.umd.cs.findbugs.detect.FindRoughConstants
     [java] Registering detector: edu.umd.cs.findbugs.detect.FunctionsThatMightBeMistakenForProcedures
     [java] Registering detector: edu.umd.cs.findbugs.detect.NoteSuppressedWarnings
     [java] Registering detector: edu.umd.cs.findbugs.detect.NoteAnnotationRetention
     [java] Registering detector: edu.umd.cs.findbugs.detect.NoteDirectlyRelevantTypeQualifiers
     [java] Registering detector: edu.umd.cs.findbugs.detect.BuildInterproceduralCallGraph
     [java] Registering detector: edu.umd.cs.findbugs.detect.BuildObligationPolicyDatabase
     [java] Registering detector: edu.umd.cs.findbugs.detect.SynchronizeAndNullCheckField
     [java] Registering detector: edu.umd.cs.findbugs.detect.InitializeNonnullFieldsInConstructor
     [java] Registering detector: edu.umd.cs.findbugs.detect.BooleanReturnNull
     [java] Registering detector: edu.umd.cs.findbugs.detect.OptionalReturnNull
     [java] Registering detector: edu.umd.cs.findbugs.detect.NoteJCIPAnnotation
     [java] Registering detector: edu.umd.cs.findbugs.detect.Methods
     [java] Registering detector: edu.umd.cs.findbugs.detect.ReflectiveClasses
     [java] Registering detector: edu.umd.cs.findbugs.detect.CalledMethods
     [java] Registering detector: edu.umd.cs.findbugs.detect.FindNoSideEffectMethods
     [java] Registering detector: edu.umd.cs.findbugs.detect.BuildStringPassthruGraph
     [java] Registering detector: edu.umd.cs.findbugs.detect.ConfusionBetweenInheritedAndOuterMethod
     [java] Registering detector: edu.umd.cs.findbugs.detect.SynchronizationOnSharedBuiltinConstant
     [java] Registering detector: edu.umd.cs.findbugs.detect.NoteCheckReturnValueAnnotations
     [java] Registering detector: edu.umd.cs.findbugs.detect.FieldItemSummary
     [java] Registering detector: edu.umd.cs.findbugs.detect.NoteNonNullAnnotations
     [java] Registering detector: edu.umd.cs.findbugs.detect.NoteUnconditionalParamDerefs
     [java] Registering detector: edu.umd.cs.findbugs.detect.NoteNonnullReturnValues
     [java] Registering detector: edu.umd.cs.findbugs.detect.SynchronizeOnClassLiteralNotGetClass
     [java] Registering detector: edu.umd.cs.findbugs.detect.InfiniteRecursiveLoop
     [java] Registering detector: edu.umd.cs.findbugs.detect.InfiniteLoop
     [java] Registering detector: edu.umd.cs.findbugs.detect.VolatileUsage
     [java] Registering detector: edu.umd.cs.findbugs.detect.InheritanceUnsafeGetResource
     [java] Registering detector: edu.umd.cs.findbugs.detect.EmptyZipFileEntry
     [java] Registering detector: edu.umd.cs.findbugs.detect.DoInsideDoPrivileged
     [java] Registering detector: edu.umd.cs.findbugs.detect.HugeSharedStringConstants
     [java] Registering detector: edu.umd.cs.findbugs.detect.FinalizerNullsFields
     [java] Registering detector: edu.umd.cs.findbugs.detect.MutableEnum
     [java] Registering detector: edu.umd.cs.findbugs.detect.InconsistentAnnotations
     [java] Registering detector: edu.umd.cs.findbugs.detect.RepeatedConditionals
     [java] Registering detector: edu.umd.cs.findbugs.detect.RedundantConditions
     [java] Registering detector: edu.umd.cs.findbugs.detect.CallToUnsupportedMethod
     [java] Registering detector: edu.umd.cs.findbugs.detect.FormatStringChecker
     [java] Registering detector: edu.umd.cs.findbugs.detect.LostLoggerDueToWeakReference
     [java] Registering detector: edu.umd.cs.findbugs.detect.TestingGround
     [java] Registering detector: edu.umd.cs.findbugs.detect.TestingGround2
     [java] Registering detector: edu.umd.cs.findbugs.detect.NoiseNullDeref
     [java] Registering detector: edu.umd.cs.findbugs.detect.Noise
     [java] Registering detector: edu.umd.cs.findbugs.detect.EqualsOperandShouldHaveClassCompatibleWithThis
     [java] Registering detector: edu.umd.cs.findbugs.detect.ResolveAllReferences
     [java] Registering detector: edu.umd.cs.findbugs.detect.CheckImmutableAnnotation
     [java] Registering detector: edu.umd.cs.findbugs.detect.DontCatchIllegalMonitorStateException
     [java] Registering detector: edu.umd.cs.findbugs.detect.FindFloatMath
     [java] Registering detector: edu.umd.cs.findbugs.detect.CloneIdiom
     [java] Registering detector: edu.umd.cs.findbugs.detect.ComparatorIdiom
     [java] Registering detector: edu.umd.cs.findbugs.detect.FindFieldSelfAssignment
     [java] Registering detector: edu.umd.cs.findbugs.detect.FindSelfComparison
     [java] Registering detector: edu.umd.cs.findbugs.detect.FindSelfComparison2
     [java] Registering detector: edu.umd.cs.findbugs.detect.DroppedException
     [java] Registering detector: edu.umd.cs.findbugs.detect.LoadOfKnownNullValue
     [java] Registering detector: edu.umd.cs.findbugs.detect.DumbMethodInvocations
     [java] Registering detector: edu.umd.cs.findbugs.detect.URLProblems
     [java] Registering detector: edu.umd.cs.findbugs.detect.CovariantArrayAssignment
     [java] Registering detector: edu.umd.cs.findbugs.detect.DumbMethods
     [java] Registering detector: edu.umd.cs.findbugs.detect.NumberConstructor
     [java] Registering detector: edu.umd.cs.findbugs.detect.FindSqlInjection
     [java] Registering detector: edu.umd.cs.findbugs.detect.FindDoubleCheck
     [java] Registering detector: edu.umd.cs.findbugs.detect.FindFinalizeInvocations
     [java] Registering detector: edu.umd.cs.findbugs.detect.FindHEmismatch
     [java] Registering detector: edu.umd.cs.findbugs.detect.OverridingEqualsNotSymmetrical
     [java] Registering detector: edu.umd.cs.findbugs.detect.FindNakedNotify
     [java] Registering detector: edu.umd.cs.findbugs.detect.FindReturnRef
     [java] Registering detector: edu.umd.cs.findbugs.detect.FindRunInvocations
     [java] Registering detector: edu.umd.cs.findbugs.detect.SwitchFallthrough
     [java] Registering detector: edu.umd.cs.findbugs.detect.FindSpinLoop
     [java] Registering detector: edu.umd.cs.findbugs.detect.FindNonShortCircuit
     [java] Registering detector: edu.umd.cs.findbugs.detect.FindTwoLockWait
     [java] Registering detector: edu.umd.cs.findbugs.detect.FindUnconditionalWait
     [java] Registering detector: edu.umd.cs.findbugs.detect.FindUninitializedGet
     [java] Registering detector: edu.umd.cs.findbugs.detect.DontUseEnum
     [java] Registering detector: edu.umd.cs.findbugs.detect.FindUnsyncGet
     [java] Registering detector: edu.umd.cs.findbugs.detect.InitializationChain
     [java] Registering detector: edu.umd.cs.findbugs.detect.IteratorIdioms
     [java] Registering detector: edu.umd.cs.findbugs.detect.PreferZeroLengthArrays
     [java] Registering detector: edu.umd.cs.findbugs.detect.SynchronizingOnContentsOfFieldToProtectField
     [java] Registering detector: edu.umd.cs.findbugs.detect.MutableLock
     [java] Registering detector: edu.umd.cs.findbugs.detect.FindUselessObjects
     [java] Registering detector: edu.umd.cs.findbugs.detect.MutableStaticFields
     [java] Registering detector: edu.umd.cs.findbugs.detect.Naming
     [java] Registering detector: edu.umd.cs.findbugs.detect.ReadReturnShouldBeChecked
     [java] Registering detector: edu.umd.cs.findbugs.detect.SerializableIdiom
     [java] Registering detector: edu.umd.cs.findbugs.detect.StartInConstructor
     [java] Registering detector: edu.umd.cs.findbugs.detect.FindBadForLoop
     [java] Registering detector: edu.umd.cs.findbugs.detect.ExplicitSerialization
     [java] Registering detector: edu.umd.cs.findbugs.detect.UnreadFields
     [java] Registering detector: edu.umd.cs.findbugs.detect.WaitInLoop
     [java] Registering detector: edu.umd.cs.findbugs.detect.FindComparatorProblems
     [java] Registering detector: edu.umd.cs.findbugs.detect.FindNullDeref
     [java] Registering detector: edu.umd.cs.findbugs.detect.FindNullDerefsInvolvingNonShortCircuitEvaluation
     [java] Registering detector: edu.umd.cs.findbugs.detect.FindOpenStream
     [java] Registering detector: edu.umd.cs.findbugs.detect.FindUselessControlFlow
     [java] Registering detector: edu.umd.cs.findbugs.detect.FindUnreleasedLock
     [java] Registering detector: edu.umd.cs.findbugs.detect.FindRefComparison
     [java] Registering detector: edu.umd.cs.findbugs.detect.FindMismatchedWaitOrNotify
     [java] Registering detector: edu.umd.cs.findbugs.detect.FindEmptySynchronizedBlock
     [java] Registering detector: edu.umd.cs.findbugs.detect.FindInconsistentSync2
     [java] Registering detector: edu.umd.cs.findbugs.detect.FindLocalSelfAssignment2
     [java] Registering detector: edu.umd.cs.findbugs.detect.IncompatMask
     [java] Registering detector: edu.umd.cs.findbugs.detect.LazyInit
     [java] Registering detector: edu.umd.cs.findbugs.detect.FindJSR166LockMonitorenter
     [java] Registering detector: edu.umd.cs.findbugs.detect.FindUncalledPrivateMethods
     [java] Registering detector: edu.umd.cs.findbugs.detect.UncallableMethodOfAnonymousClass
     [java] Registering detector: edu.umd.cs.findbugs.detect.StringConcatenation
     [java] Registering detector: edu.umd.cs.findbugs.detect.InefficientInitializationInsideLoop
     [java] Registering detector: edu.umd.cs.findbugs.detect.InefficientIndexOf
     [java] Registering detector: edu.umd.cs.findbugs.detect.InefficientToArray
     [java] Registering detector: edu.umd.cs.findbugs.detect.InvalidJUnitTest
     [java] Registering detector: edu.umd.cs.findbugs.detect.BadlyOverriddenAdapter
     [java] Registering detector: edu.umd.cs.findbugs.detect.BadResultSetAccess
     [java] Registering detector: edu.umd.cs.findbugs.detect.SuperfluousInstanceOf
     [java] Registering detector: edu.umd.cs.findbugs.detect.BadAppletConstructor
     [java] Registering detector: edu.umd.cs.findbugs.detect.SuspiciousThreadInterrupted
     [java] Registering detector: edu.umd.cs.findbugs.detect.FindDeadLocalStores
     [java] Registering detector: edu.umd.cs.findbugs.detect.FindMaskedFields
     [java] Registering detector: edu.umd.cs.findbugs.detect.WrongMapIterator
     [java] Registering detector: edu.umd.cs.findbugs.detect.InstantiateStaticClass
     [java] Registering detector: edu.umd.cs.findbugs.detect.RuntimeExceptionCapture
     [java] Registering detector: edu.umd.cs.findbugs.detect.FindFloatEquality
     [java] Registering detector: edu.umd.cs.findbugs.detect.FindUnsatisfiedObligation
     [java] Registering detector: edu.umd.cs.findbugs.detect.UnnecessaryMath
     [java] Registering detector: edu.umd.cs.findbugs.detect.FindCircularDependencies
     [java] Registering detector: edu.umd.cs.findbugs.detect.RedundantInterfaces
     [java] Registering detector: edu.umd.cs.findbugs.detect.MultithreadedInstanceAccess
     [java] Registering detector: edu.umd.cs.findbugs.detect.PublicSemaphores
     [java] Registering detector: edu.umd.cs.findbugs.detect.BadUseOfReturnValue
     [java] Registering detector: edu.umd.cs.findbugs.detect.MethodReturnCheck
     [java] Registering detector: edu.umd.cs.findbugs.detect.IDivResultCastToDouble
     [java] Registering detector: edu.umd.cs.findbugs.detect.FindBadCast2
     [java] Registering detector: edu.umd.cs.findbugs.detect.FindUseOfNonSerializableValue
     [java] Registering detector: edu.umd.cs.findbugs.detect.FindNonSerializableStoreIntoSession
     [java] Registering detector: edu.umd.cs.findbugs.detect.FindNonSerializableValuePassedToWriteObject
     [java] Registering detector: edu.umd.cs.findbugs.detect.BadSyntaxForRegularExpression
     [java] Registering detector: edu.umd.cs.findbugs.detect.VarArgsProblems
     [java] Registering detector: edu.umd.cs.findbugs.detect.FindPuzzlers
     [java] Registering detector: edu.umd.cs.findbugs.detect.IntCast2LongAsInstant
     [java] Registering detector: edu.umd.cs.findbugs.detect.FindSleepWithLockHeld
     [java] Registering detector: edu.umd.cs.findbugs.detect.InefficientMemberAccess
     [java] Registering detector: edu.umd.cs.findbugs.detect.DuplicateBranches
     [java] Registering detector: edu.umd.cs.findbugs.detect.XMLFactoryBypass
     [java] Registering detector: edu.umd.cs.findbugs.detect.UselessSubclassMethod
     [java] Registering detector: edu.umd.cs.findbugs.detect.ConfusedInheritance
     [java] Registering detector: edu.umd.cs.findbugs.detect.QuestionableBooleanAssignment
     [java] Registering detector: edu.umd.cs.findbugs.detect.TrainUnconditionalDerefParams
     [java] Registering detector: edu.umd.cs.findbugs.detect.TrainLongInstantfParams
     [java] Registering detector: edu.umd.cs.findbugs.detect.TrainFieldStoreTypes
     [java] Registering detector: edu.umd.cs.findbugs.detect.TrainNonNullAnnotations
     [java] Registering detector: edu.umd.cs.findbugs.detect.CheckCalls
     [java] Registering detector: edu.umd.cs.findbugs.detect.FindBugsSummaryStats
     [java] Registering detector: edu.umd.cs.findbugs.detect.AppendingToAnObjectOutputStream
     [java] Registering detector: edu.umd.cs.findbugs.detect.TestASM
     [java] Registering detector: edu.umd.cs.findbugs.detect.FindUnrelatedTypesInGenericContainer
     [java] Registering detector: edu.umd.cs.findbugs.detect.StaticCalendarDetector
     [java] Registering detector: edu.umd.cs.findbugs.detect.TestDataflowAnalysis
     [java] Registering detector: edu.umd.cs.findbugs.detect.CheckTypeQualifiers
     [java] Registering detector: edu.umd.cs.findbugs.detect.CrossSiteScripting
     [java] Registering detector: edu.umd.cs.findbugs.detect.DontIgnoreResultOfPutIfAbsent
     [java] Registering detector: edu.umd.cs.findbugs.detect.ReadOfInstanceFieldInMethodInvokedByConstructorInSuperclass
     [java] Registering detector: edu.umd.cs.findbugs.detect.AtomicityProblem
     [java] Registering detector: edu.umd.cs.findbugs.detect.CheckExpectedWarnings
     [java] Registering detector: edu.umd.cs.findbugs.detect.DefaultEncodingDetector
     [java] Registering detector: edu.umd.cs.findbugs.detect.CheckRelaxingNullnessAnnotation
     [java] Registering detector: edu.umd.cs.findbugs.detect.DontAssertInstanceofInTests
     [java] Scanning archives (0 / 24)Scanning archives (1 / 24)Scanning archives (2 / 24)Scanning archives (3 / 24)Scanning archives (4 / 24)Scanning archives (5 / 24)Scanning archives (6 / 24)Scanning archives (7 / 24)Scanning archives (8 / 24)Scanning archives (9 / 24)Scanning archives (10 / 24)Scanning archives (11 / 24)Scanning archives (12 / 24)Scanning archives (13 / 24)Scanning archives (14 / 24)Scanning archives (15 / 24)Scanning archives (16 / 24)Scanning archives (17 / 24)Scanning archives (18 / 24)Scanning archives (19 / 24)Scanning archives (20 / 24)Scanning archives (21 / 24)Scanning archives (22 / 24)Scanning archives (23 / 24)Scanning archives (24 / 24)10 classes scannedAdding referenced classes
     [java] Added 0 referenced classes
     [java] Total of 23 packages
     [java]   javax/xml/bind/annotation/XmlRootElement
     [java]   java/lang/Integer
     [java]   javax/websocket/Decoder$TextStream
     [java]   java/lang/StringBuilder
     [java]   org/glassfish/javaee/javascript/backend/todo/JsonMoxyConfigurationContextResolver
     [java]   java/util/logging/Level
     [java]   org/glassfish/javaee/javascript/backend/chat/ChatServer
     [java]   java/io/StringReader
     [java]   org/glassfish/javaee/javascript/backend/todo/ToDoResource
     [java]   javax/validation/ConstraintViolation
     [java]   javax/ws/rs/PUT
     [java]   org/glassfish/jersey/server/ServerProperties
     [java]   javax/persistence/NamedQuery
     [java]   javax/json/Json
     [java]   javax/validation/constraints/NotNull
     [java]   javax/xml/bind/annotation/XmlTransient
     [java]   javax/websocket/Encoder$BinaryStream
     [java]   javax/websocket/RemoteEndpoint
     [java]   javax/json/JsonObjectBuilder
     [java]   javax/websocket/Encoder$Text
     [java]   java/io/Reader
     [java]   javax/ejb/Singleton
     [java]   javax/websocket/Decoder$BinaryStream
     [java]   java/lang/Throwable
     [java]   javax/json/JsonObject
     [java]   java/lang/Exception
     [java]   javax/ws/rs/PathParam
     [java]   java/util/Iterator
     [java]   javax/websocket/OnOpen
     [java]   org/glassfish/javaee/javascript/backend/todo/DefaultToDoItemRepository
     [java]   javax/ws/rs/ext/Provider
     [java]   java/util/Map
     [java]   javax/websocket/Encoder$TextStream
     [java]   javax/ws/rs/ext/ContextResolver
     [java]   java/lang/Object
     [java]   java/io/Serializable
     [java]   javax/websocket/Session
     [java]   javax/ws/rs/GET
     [java]   java/util/Collections
     [java]   javax/websocket/DecodeException
     [java]   javax/persistence/Entity
     [java]   javax/validation/ConstraintViolationException
     [java]   java/util/List
     [java]   javax/persistence/Id
     [java]   javax/websocket/Decoder$Text
     [java]   javax/enterprise/context/ApplicationScoped
     [java]   java/lang/Boolean
     [java]   javax/websocket/Decoder
     [java]   java/util/HashMap
     [java]   java/lang/InterruptedException
     [java]   javax/websocket/EncodeException
     [java]   javax/websocket/OnError
     [java]   javax/ws/rs/DELETE
     [java]   java/util/Date
     [java]   javax/validation/Valid
     [java]   java/util/Set
     [java]   java/lang/String
     [java]   javax/websocket/Encoder
     [java]   javax/json/JsonReader
     [java]   javax/persistence/PersistenceContext
     [java]   java/util/logging/Logger
     [java]   java/text/SimpleDateFormat
     [java]   javax/persistence/TypedQuery
     [java]   java/io/IOException
     [java]   javax/ws/rs/core/Application
     [java]   org/glassfish/javaee/javascript/backend/todo/ToDoService
     [java]   javax/websocket/OnClose
     [java]   javax/ws/rs/Consumes
     [java]   java/util/HashSet
     [java]   javax/ws/rs/Path
     [java]   javax/persistence/EntityManager
     [java]   javax/persistence/Table
     [java]   javax/websocket/Decoder$Binary
     [java]   javax/persistence/GeneratedValue
     [java]   org/glassfish/javaee/javascript/backend/chat/ChatMessage
     [java]   java/lang/IllegalArgumentException
     [java]   org/glassfish/javaee/javascript/backend/todo/ToDoItem
     [java]   org/glassfish/javaee/javascript/backend/todo/RestConfiguration
     [java]   javax/validation/constraints/Size
     [java]   java/lang/Long
     [java]   javax/ws/rs/ApplicationPath
     [java]   java/lang/CloneNotSupportedException
     [java]   javax/ws/rs/POST
     [java]   org/glassfish/javaee/javascript/backend/todo/DefaultToDoService
     [java]   javax/websocket/RemoteEndpoint$Basic
     [java]   javax/ws/rs/Produces
     [java]   org/glassfish/javaee/javascript/backend/todo/ToDoItemRepository
     [java]   javax/ejb/Stateless
     [java]   jdk/internal/HotSpotIntrinsicCandidate
     [java]   javax/websocket/server/ServerEndpoint
     [java]   java/lang/Class
     [java]   javax/inject/Inject
     [java]   javax/websocket/OnMessage
     [java]   org/glassfish/jersey/moxy/json/MoxyJsonConfig
     [java]   java/lang/Deprecated
     [java]   javax/websocket/Encoder$Binary
     [java] Adding plugin edu.umd.cs.findbugs.plugins.core to execution plan
     [java] Dependences force enabling of edu.umd.cs.findbugs.detect.FieldItemSummary
     [java] Dependences force enabling of edu.umd.cs.findbugs.detect.NoteSuppressedWarnings
     [java] Dependences force enabling of edu.umd.cs.findbugs.detect.EqualsOperandShouldHaveClassCompatibleWithThis
     [java] Dependences force enabling of edu.umd.cs.findbugs.detect.NoteAnnotationRetention
     [java] Dependences force enabling of edu.umd.cs.findbugs.detect.FunctionsThatMightBeMistakenForProcedures
     [java] Dependences force enabling of edu.umd.cs.findbugs.detect.FindNoSideEffectMethods
     [java] Dependences force enabling of edu.umd.cs.findbugs.detect.NoteCheckReturnValueAnnotations
     [java] Dependences force enabling of edu.umd.cs.findbugs.detect.BuildStringPassthruGraph
     [java] Dependences force enabling of edu.umd.cs.findbugs.detect.FindBugsSummaryStats
     [java] 2 passes in execution plan
     [java] 2 analysis passes to perform     0 : Pass 0: 96 classesXFactory cached methods: 1345/1345
     [java] Descriptor factory: 1063/1345/9837
     [java] Pass 1: Analyzing classes (0 / 96) - 00% complete     0 0/2  0/96 javax/xml/bind/annotation/XmlRootElement
     [java] Pass 1: Analyzing classes (1 / 96) - 01% complete     0 0/2  1/96 java/lang/Integer
     [java] Pass 1: Analyzing classes (2 / 96) - 02% complete     0 0/2  2/96 javax/websocket/Decoder$TextStream
     [java] Pass 1: Analyzing classes (3 / 96) - 03% complete     0 0/2  3/96 java/lang/StringBuilder
     [java] Pass 1: Analyzing classes (4 / 96) - 04% complete     0 0/2  4/96 org/glassfish/javaee/javascript/backend/todo/JsonMoxyConfigurationContextResolver
     [java] Pass 1: Analyzing classes (5 / 96) - 05% complete     0 0/2  5/96 java/util/logging/Level
     [java] Pass 1: Analyzing classes (6 / 96) - 06% complete     0 0/2  6/96 org/glassfish/javaee/javascript/backend/chat/ChatServer
     [java] Pass 1: Analyzing classes (7 / 96) - 07% complete     0 0/2  7/96 java/io/StringReader
     [java] Pass 1: Analyzing classes (8 / 96) - 08% complete     0 0/2  8/96 org/glassfish/javaee/javascript/backend/todo/ToDoResource
     [java] Pass 1: Analyzing classes (9 / 96) - 09% complete     0 0/2  9/96 javax/validation/ConstraintViolation
     [java] Pass 1: Analyzing classes (10 / 96) - 10% complete     0 0/2  10/96 javax/ws/rs/PUT
     [java] Pass 1: Analyzing classes (11 / 96) - 11% complete     0 0/2  11/96 org/glassfish/jersey/server/ServerProperties
     [java] Pass 1: Analyzing classes (12 / 96) - 12% complete     0 0/2  12/96 javax/persistence/NamedQuery
     [java] Pass 1: Analyzing classes (13 / 96) - 13% complete     0 0/2  13/96 javax/json/Json
     [java] Pass 1: Analyzing classes (14 / 96) - 14% complete     0 0/2  14/96 javax/validation/constraints/NotNull
     [java] Pass 1: Analyzing classes (15 / 96) - 15% complete     0 0/2  15/96 javax/xml/bind/annotation/XmlTransient
     [java] Pass 1: Analyzing classes (16 / 96) - 16% complete     0 0/2  16/96 javax/websocket/Encoder$BinaryStream
     [java] Pass 1: Analyzing classes (17 / 96) - 17% complete     0 0/2  17/96 javax/websocket/RemoteEndpoint
     [java] Pass 1: Analyzing classes (18 / 96) - 18% complete     0 0/2  18/96 javax/json/JsonObjectBuilder
     [java] Pass 1: Analyzing classes (19 / 96) - 19% complete     0 0/2  19/96 javax/websocket/Encoder$Text
     [java] Pass 1: Analyzing classes (20 / 96) - 20% complete     0 0/2  20/96 java/io/Reader
     [java] Pass 1: Analyzing classes (21 / 96) - 21% complete     0 0/2  21/96 javax/ejb/Singleton
     [java] Pass 1: Analyzing classes (22 / 96) - 22% complete     0 0/2  22/96 javax/websocket/Decoder$BinaryStream
     [java] Pass 1: Analyzing classes (23 / 96) - 23% complete     0 0/2  23/96 java/lang/Throwable
     [java] Pass 1: Analyzing classes (24 / 96) - 25% complete     0 0/2  24/96 javax/json/JsonObject
     [java] Pass 1: Analyzing classes (25 / 96) - 26% complete     0 0/2  25/96 java/lang/Exception
     [java] Pass 1: Analyzing classes (26 / 96) - 27% complete     0 0/2  26/96 javax/ws/rs/PathParam
     [java] Pass 1: Analyzing classes (27 / 96) - 28% complete     0 0/2  27/96 java/util/Iterator
     [java] Pass 1: Analyzing classes (28 / 96) - 29% complete     0 0/2  28/96 javax/websocket/OnOpen
     [java] Pass 1: Analyzing classes (29 / 96) - 30% complete     0 0/2  29/96 org/glassfish/javaee/javascript/backend/todo/DefaultToDoItemRepository
     [java] Pass 1: Analyzing classes (30 / 96) - 31% complete     0 0/2  30/96 javax/ws/rs/ext/Provider
     [java] Pass 1: Analyzing classes (31 / 96) - 32% complete     0 0/2  31/96 java/util/Map
     [java] Pass 1: Analyzing classes (32 / 96) - 33% complete     0 0/2  32/96 javax/websocket/Encoder$TextStream
     [java] Pass 1: Analyzing classes (33 / 96) - 34% complete     0 0/2  33/96 javax/ws/rs/ext/ContextResolver
     [java] Pass 1: Analyzing classes (34 / 96) - 35% complete     0 0/2  34/96 java/lang/Object
     [java] Pass 1: Analyzing classes (35 / 96) - 36% complete     0 0/2  35/96 java/io/Serializable
     [java] Pass 1: Analyzing classes (36 / 96) - 37% complete     0 0/2  36/96 javax/websocket/Session
     [java] Pass 1: Analyzing classes (37 / 96) - 38% complete     0 0/2  37/96 javax/ws/rs/GET
     [java] Pass 1: Analyzing classes (38 / 96) - 39% complete     0 0/2  38/96 java/util/Collections
     [java] Pass 1: Analyzing classes (39 / 96) - 40% complete     0 0/2  39/96 javax/websocket/DecodeException
     [java] Pass 1: Analyzing classes (40 / 96) - 41% complete     0 0/2  40/96 javax/persistence/Entity
     [java] Pass 1: Analyzing classes (41 / 96) - 42% complete     0 0/2  41/96 javax/validation/ConstraintViolationException
     [java] Pass 1: Analyzing classes (42 / 96) - 43% complete     0 0/2  42/96 java/util/List
     [java] Pass 1: Analyzing classes (43 / 96) - 44% complete     0 0/2  43/96 javax/persistence/Id
     [java] Pass 1: Analyzing classes (44 / 96) - 45% complete     0 0/2  44/96 javax/websocket/Decoder$Text
     [java] Pass 1: Analyzing classes (45 / 96) - 46% complete     0 0/2  45/96 javax/enterprise/context/ApplicationScoped
     [java] Pass 1: Analyzing classes (46 / 96) - 47% complete     0 0/2  46/96 java/lang/Boolean
     [java] Pass 1: Analyzing classes (47 / 96) - 48% complete     0 0/2  47/96 javax/websocket/Decoder
     [java] Pass 1: Analyzing classes (48 / 96) - 50% complete     0 0/2  48/96 java/util/HashMap
     [java] Pass 1: Analyzing classes (49 / 96) - 51% complete     0 0/2  49/96 java/lang/InterruptedException
     [java] Pass 1: Analyzing classes (50 / 96) - 52% complete     0 0/2  50/96 javax/websocket/EncodeException
     [java] Pass 1: Analyzing classes (51 / 96) - 53% complete     0 0/2  51/96 javax/websocket/OnError
     [java] Pass 1: Analyzing classes (52 / 96) - 54% complete     0 0/2  52/96 javax/ws/rs/DELETE
     [java] Pass 1: Analyzing classes (53 / 96) - 55% complete     0 0/2  53/96 java/util/Date
     [java] Pass 1: Analyzing classes (54 / 96) - 56% complete     0 0/2  54/96 javax/validation/Valid
     [java] Pass 1: Analyzing classes (55 / 96) - 57% complete     0 0/2  55/96 java/util/Set
     [java] Pass 1: Analyzing classes (56 / 96) - 58% complete     0 0/2  56/96 java/lang/String
     [java] Pass 1: Analyzing classes (57 / 96) - 59% complete     0 0/2  57/96 javax/websocket/Encoder
     [java] Pass 1: Analyzing classes (58 / 96) - 60% complete     0 0/2  58/96 javax/json/JsonReader
     [java] Pass 1: Analyzing classes (59 / 96) - 61% complete     0 0/2  59/96 javax/persistence/PersistenceContext
     [java] Pass 1: Analyzing classes (60 / 96) - 62% complete     0 0/2  60/96 java/util/logging/Logger
     [java] Pass 1: Analyzing classes (61 / 96) - 63% complete     0 0/2  61/96 java/text/SimpleDateFormat
     [java] Pass 1: Analyzing classes (62 / 96) - 64% complete     0 0/2  62/96 javax/persistence/TypedQuery
     [java] Pass 1: Analyzing classes (63 / 96) - 65% complete     0 0/2  63/96 java/io/IOException
     [java] Pass 1: Analyzing classes (64 / 96) - 66% complete     0 0/2  64/96 javax/ws/rs/core/Application
     [java] Pass 1: Analyzing classes (65 / 96) - 67% complete     0 0/2  65/96 org/glassfish/javaee/javascript/backend/todo/ToDoService
     [java] Pass 1: Analyzing classes (66 / 96) - 68% complete     0 0/2  66/96 javax/websocket/OnClose
     [java] Pass 1: Analyzing classes (67 / 96) - 69% complete     0 0/2  67/96 javax/ws/rs/Consumes
     [java] Pass 1: Analyzing classes (68 / 96) - 70% complete     0 0/2  68/96 java/util/HashSet
     [java] Pass 1: Analyzing classes (69 / 96) - 71% complete     0 0/2  69/96 javax/ws/rs/Path
     [java] Pass 1: Analyzing classes (70 / 96) - 72% complete     0 0/2  70/96 javax/persistence/EntityManager
     [java] Pass 1: Analyzing classes (71 / 96) - 73% complete     0 0/2  71/96 javax/persistence/Table
     [java] Pass 1: Analyzing classes (72 / 96) - 75% complete     0 0/2  72/96 javax/websocket/Decoder$Binary
     [java] Pass 1: Analyzing classes (73 / 96) - 76% complete     0 0/2  73/96 javax/persistence/GeneratedValue
     [java] Pass 1: Analyzing classes (74 / 96) - 77% complete     0 0/2  74/96 org/glassfish/javaee/javascript/backend/chat/ChatMessage
     [java] Pass 1: Analyzing classes (75 / 96) - 78% complete     0 0/2  75/96 java/lang/IllegalArgumentException
     [java] Pass 1: Analyzing classes (76 / 96) - 79% complete     0 0/2  76/96 org/glassfish/javaee/javascript/backend/todo/ToDoItem
     [java] Pass 1: Analyzing classes (77 / 96) - 80% complete     0 0/2  77/96 org/glassfish/javaee/javascript/backend/todo/RestConfiguration
     [java] Pass 1: Analyzing classes (78 / 96) - 81% complete     0 0/2  78/96 javax/validation/constraints/Size
     [java] Pass 1: Analyzing classes (79 / 96) - 82% complete     0 0/2  79/96 java/lang/Long
     [java] Pass 1: Analyzing classes (80 / 96) - 83% complete     0 0/2  80/96 javax/ws/rs/ApplicationPath
     [java] Pass 1: Analyzing classes (81 / 96) - 84% complete     0 0/2  81/96 java/lang/CloneNotSupportedException
     [java] Pass 1: Analyzing classes (82 / 96) - 85% complete     0 0/2  82/96 javax/ws/rs/POST
     [java] Pass 1: Analyzing classes (83 / 96) - 86% complete     0 0/2  83/96 org/glassfish/javaee/javascript/backend/todo/DefaultToDoService
     [java] Pass 1: Analyzing classes (84 / 96) - 87% complete     0 0/2  84/96 javax/websocket/RemoteEndpoint$Basic
     [java] Pass 1: Analyzing classes (85 / 96) - 88% complete     0 0/2  85/96 javax/ws/rs/Produces
     [java] Pass 1: Analyzing classes (86 / 96) - 89% complete     0 0/2  86/96 org/glassfish/javaee/javascript/backend/todo/ToDoItemRepository
     [java] Pass 1: Analyzing classes (87 / 96) - 90% complete     0 0/2  87/96 javax/ejb/Stateless
     [java] Pass 1: Analyzing classes (88 / 96) - 91% complete     0 0/2  88/96 jdk/internal/HotSpotIntrinsicCandidate
     [java] Pass 1: Analyzing classes (89 / 96) - 92% complete     0 0/2  89/96 javax/websocket/server/ServerEndpoint
     [java] Pass 1: Analyzing classes (90 / 96) - 93% complete     0 0/2  90/96 java/lang/Class
     [java] Pass 1: Analyzing classes (91 / 96) - 94% complete     0 0/2  91/96 javax/inject/Inject
     [java] Pass 1: Analyzing classes (92 / 96) - 95% complete     0 0/2  92/96 javax/websocket/OnMessage
     [java] Pass 1: Analyzing classes (93 / 96) - 96% complete     0 0/2  93/96 org/glassfish/jersey/moxy/json/MoxyJsonConfig
     [java] Pass 1: Analyzing classes (94 / 96) - 97% complete     0 0/2  94/96 java/lang/Deprecated
     [java] Pass 1: Analyzing classes (95 / 96) - 98% complete     0 0/2  95/96 javax/websocket/Encoder$Binary
     [java] Pass 1: Analyzing classes (96 / 96) - 100% complete     0 : Pass 1: 10 classes
     [java] XFactory cached methods: 1345/1970
     [java] Descriptor factory: 1063/1345/11266
     [java] Pass 2: Analyzing classes (0 / 10) - 00% complete     0 1/2  0/10 org/glassfish/javaee/javascript/backend/todo/JsonMoxyConfigurationContextResolver
     [java] Pass 2: Analyzing classes (1 / 10) - 10% complete      26 usecs/byte      47 msec    1787 bytes  1 pass org/glassfish/javaee/javascript/backend/todo/JsonMoxyConfigurationContextResolver     0 1/2  1/10 org/glassfish/javaee/javascript/backend/todo/DefaultToDoItemRepository
     [java] Pass 2: Analyzing classes (2 / 10) - 20% complete     0 1/2  2/10 org/glassfish/javaee/javascript/backend/chat/ChatServer
     [java] Pass 2: Analyzing classes (3 / 10) - 30% complete     0 1/2  3/10 org/glassfish/javaee/javascript/backend/chat/ChatMessage
     [java] Pass 2: Analyzing classes (4 / 10) - 40% complete     0 1/2  4/10 org/glassfish/javaee/javascript/backend/todo/ToDoItemRepository
     [java] Pass 2: Analyzing classes (5 / 10) - 50% complete     0 1/2  5/10 org/glassfish/javaee/javascript/backend/todo/ToDoItem
     [java] Pass 2: Analyzing classes (6 / 10) - 60% complete     0 1/2  6/10 org/glassfish/javaee/javascript/backend/todo/RestConfiguration
     [java] Pass 2: Analyzing classes (7 / 10) - 70% complete     0 1/2  7/10 org/glassfish/javaee/javascript/backend/todo/ToDoResource
     [java] Pass 2: Analyzing classes (8 / 10) - 80% complete     0 1/2  8/10 org/glassfish/javaee/javascript/backend/todo/ToDoService
     [java] Pass 2: Analyzing classes (9 / 10) - 90% complete     0 1/2  9/10 org/glassfish/javaee/javascript/backend/todo/DefaultToDoService
     [java] Pass 2: Analyzing classes (10 / 10) - 100% completeDone with analysis
     [java] Analysis completed
[INFO] Done SpotBugs Analysis....
[INFO] 
[INFO] <<< spotbugs-maven-plugin:4.2.3-SNAPSHOT:check (default-cli) < :spotbugs @ javaee-javascript <<<
[INFO] 
[INFO] 
[INFO] --- spotbugs-maven-plugin:4.2.3-SNAPSHOT:check (default-cli) @ javaee-javascript ---
[INFO] BugInstance size is 0
[INFO] Error size is 0
[INFO] No errors/warnings found
[INFO] ------------------------------------------------------------------------
[INFO] BUILD SUCCESS
[INFO] ------------------------------------------------------------------------
[INFO] Total time:  3.183 s
[INFO] Finished at: 2022-01-16T12:09:00+08:00
[INFO] ------------------------------------------------------------------------
