WARNING: An illegal reflective access operation has occurred
WARNING: Illegal reflective access by com.google.inject.internal.cglib.core.$ReflectUtils$1 (file:/usr/share/maven/lib/guice.jar) to method java.lang.ClassLoader.defineClass(java.lang.String,byte[],int,int,java.security.ProtectionDomain)
WARNING: Please consider reporting this to the maintainers of com.google.inject.internal.cglib.core.$ReflectUtils$1
WARNING: Use --illegal-access=warn to enable warnings of further illegal reflective access operations
WARNING: All illegal access operations will be denied in a future release
[INFO] Scanning for projects...
[WARNING] The project com.fasterxml.uuid:java-uuid-generator:bundle:4.0.2-SNAPSHOT uses prerequisites which is only intended for maven-plugin projects but not for non maven-plugin projects. For such purposes you should use the maven-enforcer-plugin. See https://maven.apache.org/enforcer/enforcer-rules/requireMavenVersion.html
[INFO] 
[INFO] ---------------< com.fasterxml.uuid:java-uuid-generator >---------------
[INFO] Building Java UUID Generator 4.0.2-SNAPSHOT
[INFO] -------------------------------[ bundle ]-------------------------------
[INFO] 
[INFO] >>> spotbugs-maven-plugin:4.2.3-SNAPSHOT:check (default-cli) > :spotbugs @ java-uuid-generator >>>
[INFO] 
[INFO] --- spotbugs-maven-plugin:4.2.3-SNAPSHOT:spotbugs (spotbugs) @ java-uuid-generator ---
[INFO] Fork Value is true
     [java] Loading edu.umd.cs.findbugs.plugins.core
     [java] Registering detector: edu.umd.cs.findbugs.detect.OverridingMethodsMustInvokeSuperDetector
     [java] Registering detector: edu.umd.cs.findbugs.detect.FindRoughConstants
     [java] Registering detector: edu.umd.cs.findbugs.detect.FunctionsThatMightBeMistakenForProcedures
     [java] Registering detector: edu.umd.cs.findbugs.detect.NoteSuppressedWarnings
     [java] Registering detector: edu.umd.cs.findbugs.detect.NoteAnnotationRetention
     [java] Registering detector: edu.umd.cs.findbugs.detect.NoteDirectlyRelevantTypeQualifiers
     [java] Registering detector: edu.umd.cs.findbugs.detect.BuildInterproceduralCallGraph
     [java] Registering detector: edu.umd.cs.findbugs.detect.BuildObligationPolicyDatabase
     [java] Registering detector: edu.umd.cs.findbugs.detect.SynchronizeAndNullCheckField
     [java] Registering detector: edu.umd.cs.findbugs.detect.InitializeNonnullFieldsInConstructor
     [java] Registering detector: edu.umd.cs.findbugs.detect.BooleanReturnNull
     [java] Registering detector: edu.umd.cs.findbugs.detect.OptionalReturnNull
     [java] Registering detector: edu.umd.cs.findbugs.detect.NoteJCIPAnnotation
     [java] Registering detector: edu.umd.cs.findbugs.detect.Methods
     [java] Registering detector: edu.umd.cs.findbugs.detect.ReflectiveClasses
     [java] Registering detector: edu.umd.cs.findbugs.detect.CalledMethods
     [java] Registering detector: edu.umd.cs.findbugs.detect.FindNoSideEffectMethods
     [java] Registering detector: edu.umd.cs.findbugs.detect.BuildStringPassthruGraph
     [java] Registering detector: edu.umd.cs.findbugs.detect.ConfusionBetweenInheritedAndOuterMethod
     [java] Registering detector: edu.umd.cs.findbugs.detect.SynchronizationOnSharedBuiltinConstant
     [java] Registering detector: edu.umd.cs.findbugs.detect.NoteCheckReturnValueAnnotations
     [java] Registering detector: edu.umd.cs.findbugs.detect.FieldItemSummary
     [java] Registering detector: edu.umd.cs.findbugs.detect.NoteNonNullAnnotations
     [java] Registering detector: edu.umd.cs.findbugs.detect.NoteUnconditionalParamDerefs
     [java] Registering detector: edu.umd.cs.findbugs.detect.NoteNonnullReturnValues
     [java] Registering detector: edu.umd.cs.findbugs.detect.SynchronizeOnClassLiteralNotGetClass
     [java] Registering detector: edu.umd.cs.findbugs.detect.InfiniteRecursiveLoop
     [java] Registering detector: edu.umd.cs.findbugs.detect.InfiniteLoop
     [java] Registering detector: edu.umd.cs.findbugs.detect.VolatileUsage
     [java] Registering detector: edu.umd.cs.findbugs.detect.InheritanceUnsafeGetResource
     [java] Registering detector: edu.umd.cs.findbugs.detect.EmptyZipFileEntry
     [java] Registering detector: edu.umd.cs.findbugs.detect.DoInsideDoPrivileged
     [java] Registering detector: edu.umd.cs.findbugs.detect.HugeSharedStringConstants
     [java] Registering detector: edu.umd.cs.findbugs.detect.FinalizerNullsFields
     [java] Registering detector: edu.umd.cs.findbugs.detect.MutableEnum
     [java] Registering detector: edu.umd.cs.findbugs.detect.InconsistentAnnotations
     [java] Registering detector: edu.umd.cs.findbugs.detect.RepeatedConditionals
     [java] Registering detector: edu.umd.cs.findbugs.detect.RedundantConditions
     [java] Registering detector: edu.umd.cs.findbugs.detect.CallToUnsupportedMethod
     [java] Registering detector: edu.umd.cs.findbugs.detect.FormatStringChecker
     [java] Registering detector: edu.umd.cs.findbugs.detect.LostLoggerDueToWeakReference
     [java] Registering detector: edu.umd.cs.findbugs.detect.TestingGround
     [java] Registering detector: edu.umd.cs.findbugs.detect.TestingGround2
     [java] Registering detector: edu.umd.cs.findbugs.detect.NoiseNullDeref
     [java] Registering detector: edu.umd.cs.findbugs.detect.Noise
     [java] Registering detector: edu.umd.cs.findbugs.detect.EqualsOperandShouldHaveClassCompatibleWithThis
     [java] Registering detector: edu.umd.cs.findbugs.detect.ResolveAllReferences
     [java] Registering detector: edu.umd.cs.findbugs.detect.CheckImmutableAnnotation
     [java] Registering detector: edu.umd.cs.findbugs.detect.DontCatchIllegalMonitorStateException
     [java] Registering detector: edu.umd.cs.findbugs.detect.FindFloatMath
     [java] Registering detector: edu.umd.cs.findbugs.detect.CloneIdiom
     [java] Registering detector: edu.umd.cs.findbugs.detect.ComparatorIdiom
     [java] Registering detector: edu.umd.cs.findbugs.detect.FindFieldSelfAssignment
     [java] Registering detector: edu.umd.cs.findbugs.detect.FindSelfComparison
     [java] Registering detector: edu.umd.cs.findbugs.detect.FindSelfComparison2
     [java] Registering detector: edu.umd.cs.findbugs.detect.DroppedException
     [java] Registering detector: edu.umd.cs.findbugs.detect.LoadOfKnownNullValue
     [java] Registering detector: edu.umd.cs.findbugs.detect.DumbMethodInvocations
     [java] Registering detector: edu.umd.cs.findbugs.detect.URLProblems
     [java] Registering detector: edu.umd.cs.findbugs.detect.CovariantArrayAssignment
     [java] Registering detector: edu.umd.cs.findbugs.detect.DumbMethods
     [java] Registering detector: edu.umd.cs.findbugs.detect.NumberConstructor
     [java] Registering detector: edu.umd.cs.findbugs.detect.FindSqlInjection
     [java] Registering detector: edu.umd.cs.findbugs.detect.FindDoubleCheck
     [java] Registering detector: edu.umd.cs.findbugs.detect.FindFinalizeInvocations
     [java] Registering detector: edu.umd.cs.findbugs.detect.FindHEmismatch
     [java] Registering detector: edu.umd.cs.findbugs.detect.OverridingEqualsNotSymmetrical
     [java] Registering detector: edu.umd.cs.findbugs.detect.FindNakedNotify
     [java] Registering detector: edu.umd.cs.findbugs.detect.FindReturnRef
     [java] Registering detector: edu.umd.cs.findbugs.detect.FindRunInvocations
     [java] Registering detector: edu.umd.cs.findbugs.detect.SwitchFallthrough
     [java] Registering detector: edu.umd.cs.findbugs.detect.FindSpinLoop
     [java] Registering detector: edu.umd.cs.findbugs.detect.FindNonShortCircuit
     [java] Registering detector: edu.umd.cs.findbugs.detect.FindTwoLockWait
     [java] Registering detector: edu.umd.cs.findbugs.detect.FindUnconditionalWait
     [java] Registering detector: edu.umd.cs.findbugs.detect.FindUninitializedGet
     [java] Registering detector: edu.umd.cs.findbugs.detect.DontUseEnum
     [java] Registering detector: edu.umd.cs.findbugs.detect.FindUnsyncGet
     [java] Registering detector: edu.umd.cs.findbugs.detect.InitializationChain
     [java] Registering detector: edu.umd.cs.findbugs.detect.IteratorIdioms
     [java] Registering detector: edu.umd.cs.findbugs.detect.PreferZeroLengthArrays
     [java] Registering detector: edu.umd.cs.findbugs.detect.SynchronizingOnContentsOfFieldToProtectField
     [java] Registering detector: edu.umd.cs.findbugs.detect.MutableLock
     [java] Registering detector: edu.umd.cs.findbugs.detect.FindUselessObjects
     [java] Registering detector: edu.umd.cs.findbugs.detect.MutableStaticFields
     [java] Registering detector: edu.umd.cs.findbugs.detect.Naming
     [java] Registering detector: edu.umd.cs.findbugs.detect.ReadReturnShouldBeChecked
     [java] Registering detector: edu.umd.cs.findbugs.detect.SerializableIdiom
     [java] Registering detector: edu.umd.cs.findbugs.detect.StartInConstructor
     [java] Registering detector: edu.umd.cs.findbugs.detect.FindBadForLoop
     [java] Registering detector: edu.umd.cs.findbugs.detect.ExplicitSerialization
     [java] Registering detector: edu.umd.cs.findbugs.detect.UnreadFields
     [java] Registering detector: edu.umd.cs.findbugs.detect.WaitInLoop
     [java] Registering detector: edu.umd.cs.findbugs.detect.FindComparatorProblems
     [java] Registering detector: edu.umd.cs.findbugs.detect.FindNullDeref
     [java] Registering detector: edu.umd.cs.findbugs.detect.FindNullDerefsInvolvingNonShortCircuitEvaluation
     [java] Registering detector: edu.umd.cs.findbugs.detect.FindOpenStream
     [java] Registering detector: edu.umd.cs.findbugs.detect.FindUselessControlFlow
     [java] Registering detector: edu.umd.cs.findbugs.detect.FindUnreleasedLock
     [java] Registering detector: edu.umd.cs.findbugs.detect.FindRefComparison
     [java] Registering detector: edu.umd.cs.findbugs.detect.FindMismatchedWaitOrNotify
     [java] Registering detector: edu.umd.cs.findbugs.detect.FindEmptySynchronizedBlock
     [java] Registering detector: edu.umd.cs.findbugs.detect.FindInconsistentSync2
     [java] Registering detector: edu.umd.cs.findbugs.detect.FindLocalSelfAssignment2
     [java] Registering detector: edu.umd.cs.findbugs.detect.IncompatMask
     [java] Registering detector: edu.umd.cs.findbugs.detect.LazyInit
     [java] Registering detector: edu.umd.cs.findbugs.detect.FindJSR166LockMonitorenter
     [java] Registering detector: edu.umd.cs.findbugs.detect.FindUncalledPrivateMethods
     [java] Registering detector: edu.umd.cs.findbugs.detect.UncallableMethodOfAnonymousClass
     [java] Registering detector: edu.umd.cs.findbugs.detect.StringConcatenation
     [java] Registering detector: edu.umd.cs.findbugs.detect.InefficientInitializationInsideLoop
     [java] Registering detector: edu.umd.cs.findbugs.detect.InefficientIndexOf
     [java] Registering detector: edu.umd.cs.findbugs.detect.InefficientToArray
     [java] Registering detector: edu.umd.cs.findbugs.detect.InvalidJUnitTest
     [java] Registering detector: edu.umd.cs.findbugs.detect.BadlyOverriddenAdapter
     [java] Registering detector: edu.umd.cs.findbugs.detect.BadResultSetAccess
     [java] Registering detector: edu.umd.cs.findbugs.detect.SuperfluousInstanceOf
     [java] Registering detector: edu.umd.cs.findbugs.detect.BadAppletConstructor
     [java] Registering detector: edu.umd.cs.findbugs.detect.SuspiciousThreadInterrupted
     [java] Registering detector: edu.umd.cs.findbugs.detect.FindDeadLocalStores
     [java] Registering detector: edu.umd.cs.findbugs.detect.FindMaskedFields
     [java] Registering detector: edu.umd.cs.findbugs.detect.WrongMapIterator
     [java] Registering detector: edu.umd.cs.findbugs.detect.InstantiateStaticClass
     [java] Registering detector: edu.umd.cs.findbugs.detect.RuntimeExceptionCapture
     [java] Registering detector: edu.umd.cs.findbugs.detect.FindFloatEquality
     [java] Registering detector: edu.umd.cs.findbugs.detect.FindUnsatisfiedObligation
     [java] Registering detector: edu.umd.cs.findbugs.detect.UnnecessaryMath
     [java] Registering detector: edu.umd.cs.findbugs.detect.FindCircularDependencies
     [java] Registering detector: edu.umd.cs.findbugs.detect.RedundantInterfaces
     [java] Registering detector: edu.umd.cs.findbugs.detect.MultithreadedInstanceAccess
     [java] Registering detector: edu.umd.cs.findbugs.detect.PublicSemaphores
     [java] Registering detector: edu.umd.cs.findbugs.detect.BadUseOfReturnValue
     [java] Registering detector: edu.umd.cs.findbugs.detect.MethodReturnCheck
     [java] Registering detector: edu.umd.cs.findbugs.detect.IDivResultCastToDouble
     [java] Registering detector: edu.umd.cs.findbugs.detect.FindBadCast2
     [java] Registering detector: edu.umd.cs.findbugs.detect.FindUseOfNonSerializableValue
     [java] Registering detector: edu.umd.cs.findbugs.detect.FindNonSerializableStoreIntoSession
     [java] Registering detector: edu.umd.cs.findbugs.detect.FindNonSerializableValuePassedToWriteObject
     [java] Registering detector: edu.umd.cs.findbugs.detect.BadSyntaxForRegularExpression
     [java] Registering detector: edu.umd.cs.findbugs.detect.VarArgsProblems
     [java] Registering detector: edu.umd.cs.findbugs.detect.FindPuzzlers
     [java] Registering detector: edu.umd.cs.findbugs.detect.IntCast2LongAsInstant
     [java] Registering detector: edu.umd.cs.findbugs.detect.FindSleepWithLockHeld
     [java] Registering detector: edu.umd.cs.findbugs.detect.InefficientMemberAccess
     [java] Registering detector: edu.umd.cs.findbugs.detect.DuplicateBranches
     [java] Registering detector: edu.umd.cs.findbugs.detect.XMLFactoryBypass
     [java] Registering detector: edu.umd.cs.findbugs.detect.UselessSubclassMethod
     [java] Registering detector: edu.umd.cs.findbugs.detect.ConfusedInheritance
     [java] Registering detector: edu.umd.cs.findbugs.detect.QuestionableBooleanAssignment
     [java] Registering detector: edu.umd.cs.findbugs.detect.TrainUnconditionalDerefParams
     [java] Registering detector: edu.umd.cs.findbugs.detect.TrainLongInstantfParams
     [java] Registering detector: edu.umd.cs.findbugs.detect.TrainFieldStoreTypes
     [java] Registering detector: edu.umd.cs.findbugs.detect.TrainNonNullAnnotations
     [java] Registering detector: edu.umd.cs.findbugs.detect.CheckCalls
     [java] Registering detector: edu.umd.cs.findbugs.detect.FindBugsSummaryStats
     [java] Registering detector: edu.umd.cs.findbugs.detect.AppendingToAnObjectOutputStream
     [java] Registering detector: edu.umd.cs.findbugs.detect.TestASM
     [java] Registering detector: edu.umd.cs.findbugs.detect.FindUnrelatedTypesInGenericContainer
     [java] Registering detector: edu.umd.cs.findbugs.detect.StaticCalendarDetector
     [java] Registering detector: edu.umd.cs.findbugs.detect.TestDataflowAnalysis
     [java] Registering detector: edu.umd.cs.findbugs.detect.CheckTypeQualifiers
     [java] Registering detector: edu.umd.cs.findbugs.detect.CrossSiteScripting
     [java] Registering detector: edu.umd.cs.findbugs.detect.DontIgnoreResultOfPutIfAbsent
     [java] Registering detector: edu.umd.cs.findbugs.detect.ReadOfInstanceFieldInMethodInvokedByConstructorInSuperclass
     [java] Registering detector: edu.umd.cs.findbugs.detect.AtomicityProblem
     [java] Registering detector: edu.umd.cs.findbugs.detect.CheckExpectedWarnings
     [java] Registering detector: edu.umd.cs.findbugs.detect.DefaultEncodingDetector
     [java] Registering detector: edu.umd.cs.findbugs.detect.CheckRelaxingNullnessAnnotation
     [java] Registering detector: edu.umd.cs.findbugs.detect.DontAssertInstanceofInTests
     [java] Scanning archives (0 / 2)Scanning archives (1 / 2)Scanning archives (2 / 2)21 classes scannedAdding referenced classes
     [java] Added 0 referenced classes
     [java] Total of 18 packages
     [java]   java/lang/Integer
     [java]   java/lang/StringBuilder
     [java]   java/util/Random
     [java]   java/lang/Error
     [java]   com/fasterxml/uuid/impl/NameBasedGenerator
     [java]   com/fasterxml/uuid/StringArgGenerator
     [java]   java/lang/Comparable
     [java]   com/fasterxml/uuid/Generators
     [java]   java/util/function/ToIntFunction
     [java]   org/slf4j/LoggerFactory
     [java]   java/io/PrintStream
     [java]   com/fasterxml/uuid/EthernetAddress
     [java]   com/fasterxml/uuid/UUIDType
     [java]   java/io/RandomAccessFile
     [java]   com/fasterxml/uuid/impl/TimeBasedGenerator
     [java]   java/lang/Throwable
     [java]   java/io/File
     [java]   java/nio/channels/FileChannel
     [java]   java/lang/Thread
     [java]   java/util/Comparators$NaturalOrderComparator
     [java]   java/security/Provider
     [java]   java/util/function/ToLongFunction
     [java]   java/lang/Exception
     [java]   java/io/InvalidObjectException
     [java]   com/fasterxml/uuid/UUIDGenerator
     [java]   com/fasterxml/uuid/UUIDClock
     [java]   java/util/Iterator
     [java]   java/lang/Cloneable
     [java]   java/security/NoSuchAlgorithmException
     [java]   com/fasterxml/uuid/TimestampSynchronizer
     [java]   java/security/SecureRandom
     [java]   [Lcom/fasterxml/uuid/UUIDType;
     [java]   java/util/Map
     [java]   java/io/ObjectStreamException
     [java]   com/fasterxml/uuid/impl/UUIDUtil
     [java]   java/lang/Object
     [java]   java/io/Serializable
     [java]   java/nio/channels/FileLock
     [java]   java/lang/NumberFormatException
     [java]   java/util/Collections
     [java]   java/util/Comparators
     [java]   java/lang/invoke/MethodHandles
     [java]   java/util/Enumeration
     [java]   java/lang/RuntimeException
     [java]   java/lang/invoke/SerializedLambda
     [java]   java/util/UUID
     [java]   java/lang/Double
     [java]   com/fasterxml/uuid/ext/FileBasedTimestampSynchronizer
     [java]   java/lang/System
     [java]   java/lang/ClassCastException
     [java]   java/util/Comparators$NullComparator
     [java]   java/lang/invoke/MethodHandles$Lookup
     [java]   test/FileSyncTest
     [java]   java/nio/charset/Charset
     [java]   java/lang/InterruptedException
     [java]   java/util/HashMap
     [java]   java/lang/FunctionalInterface
     [java]   org/slf4j/Logger
     [java]   com/fasterxml/uuid/impl/RandomBasedGenerator
     [java]   com/fasterxml/uuid/Jug
     [java]   java/nio/ByteBuffer
     [java]   java/util/Set
     [java]   java/lang/String
     [java]   com/fasterxml/uuid/UUIDComparator
     [java]   java/lang/Character
     [java]   java/lang/ClassNotFoundException
     [java]   java/lang/invoke/LambdaMetafactory
     [java]   java/util/Comparator
     [java]   java/lang/NullPointerException
     [java]   java/io/IOException
     [java]   java/net/SocketException
     [java]   com/fasterxml/uuid/UUIDTimer
     [java]   com/fasterxml/uuid/impl/GeneratorImplBase
     [java]   java/util/function/ToDoubleFunction
     [java]   java/util/function/Function
     [java]   java/lang/IndexOutOfBoundsException
     [java]   java/util/Map$Entry
     [java]   com/fasterxml/uuid/impl/RandomBasedGenerator$LazyRandom
     [java]   java/lang/IllegalArgumentException
     [java]   java/net/NetworkInterface
     [java]   java/lang/Enum
     [java]   java/lang/Long
     [java]   java/lang/CloneNotSupportedException
     [java]   com/fasterxml/uuid/NoArgGenerator
     [java]   perf/MeasurePerformance
     [java]   com/fasterxml/uuid/ext/LockedFile
     [java]   java/security/MessageDigest
     [java]   jdk/internal/HotSpotIntrinsicCandidate
     [java]   java/lang/Class
     [java]   java/util/Objects
     [java]   java/lang/Deprecated
     [java] Adding plugin edu.umd.cs.findbugs.plugins.core to execution plan
     [java] Dependences force enabling of edu.umd.cs.findbugs.detect.FieldItemSummary
     [java] Dependences force enabling of edu.umd.cs.findbugs.detect.NoteSuppressedWarnings
     [java] Dependences force enabling of edu.umd.cs.findbugs.detect.NoteAnnotationRetention
     [java] Dependences force enabling of edu.umd.cs.findbugs.detect.FunctionsThatMightBeMistakenForProcedures
     [java] Dependences force enabling of edu.umd.cs.findbugs.detect.FindNoSideEffectMethods
     [java] Dependences force enabling of edu.umd.cs.findbugs.detect.NoteCheckReturnValueAnnotations
     [java] Dependences force enabling of edu.umd.cs.findbugs.detect.EqualsOperandShouldHaveClassCompatibleWithThis
     [java] Dependences force enabling of edu.umd.cs.findbugs.detect.FindBugsSummaryStats
     [java] 2 passes in execution plan
     [java] 2 analysis passes to perform     0 : Pass 0: 90 classesXFactory cached methods: 2044/2044
     [java] Descriptor factory: 1636/2044/10410
     [java] Pass 1: Analyzing classes (0 / 90) - 00% complete     0 0/2  0/90 java/lang/Integer
     [java] Pass 1: Analyzing classes (1 / 90) - 01% complete     0 0/2  1/90 java/lang/StringBuilder
     [java] Pass 1: Analyzing classes (2 / 90) - 02% complete     0 0/2  2/90 java/util/Random
     [java] Pass 1: Analyzing classes (3 / 90) - 03% complete     0 0/2  3/90 java/lang/Error
     [java] Pass 1: Analyzing classes (4 / 90) - 04% complete     0 0/2  4/90 com/fasterxml/uuid/impl/NameBasedGenerator
     [java] Pass 1: Analyzing classes (5 / 90) - 05% complete     0 0/2  5/90 com/fasterxml/uuid/StringArgGenerator
     [java] Pass 1: Analyzing classes (6 / 90) - 06% complete     0 0/2  6/90 java/lang/Comparable
     [java] Pass 1: Analyzing classes (7 / 90) - 07% complete     0 0/2  7/90 com/fasterxml/uuid/Generators
     [java] Pass 1: Analyzing classes (8 / 90) - 08% complete     0 0/2  8/90 java/util/function/ToIntFunction
     [java] Pass 1: Analyzing classes (9 / 90) - 10% complete     0 0/2  9/90 org/slf4j/LoggerFactory
     [java] Pass 1: Analyzing classes (10 / 90) - 11% complete     0 0/2  10/90 java/io/PrintStream
     [java] Pass 1: Analyzing classes (11 / 90) - 12% complete     0 0/2  11/90 com/fasterxml/uuid/EthernetAddress
     [java] Pass 1: Analyzing classes (12 / 90) - 13% complete     0 0/2  12/90 com/fasterxml/uuid/UUIDType
     [java] Pass 1: Analyzing classes (13 / 90) - 14% complete     0 0/2  13/90 java/io/RandomAccessFile
     [java] Pass 1: Analyzing classes (14 / 90) - 15% complete     0 0/2  14/90 com/fasterxml/uuid/impl/TimeBasedGenerator
     [java] Pass 1: Analyzing classes (15 / 90) - 16% complete     0 0/2  15/90 java/lang/Throwable
     [java] Pass 1: Analyzing classes (16 / 90) - 17% complete     0 0/2  16/90 java/io/File
     [java] Pass 1: Analyzing classes (17 / 90) - 18% complete     0 0/2  17/90 java/nio/channels/FileChannel
     [java] Pass 1: Analyzing classes (18 / 90) - 20% complete     0 0/2  18/90 java/lang/Thread
     [java] Pass 1: Analyzing classes (19 / 90) - 21% complete     0 0/2  19/90 java/util/Comparators$NaturalOrderComparator
     [java] Pass 1: Analyzing classes (20 / 90) - 22% complete     0 0/2  20/90 java/security/Provider
     [java] Pass 1: Analyzing classes (21 / 90) - 23% complete     0 0/2  21/90 java/util/function/ToLongFunction
     [java] Pass 1: Analyzing classes (22 / 90) - 24% complete     0 0/2  22/90 java/lang/Exception
     [java] Pass 1: Analyzing classes (23 / 90) - 25% complete     0 0/2  23/90 java/io/InvalidObjectException
     [java] Pass 1: Analyzing classes (24 / 90) - 26% complete     0 0/2  24/90 com/fasterxml/uuid/UUIDGenerator
     [java] Pass 1: Analyzing classes (25 / 90) - 27% complete     0 0/2  25/90 com/fasterxml/uuid/UUIDClock
     [java] Pass 1: Analyzing classes (26 / 90) - 28% complete     0 0/2  26/90 java/util/Iterator
     [java] Pass 1: Analyzing classes (27 / 90) - 30% complete     0 0/2  27/90 java/lang/Cloneable
     [java] Pass 1: Analyzing classes (28 / 90) - 31% complete     0 0/2  28/90 java/security/NoSuchAlgorithmException
     [java] Pass 1: Analyzing classes (29 / 90) - 32% complete     0 0/2  29/90 com/fasterxml/uuid/TimestampSynchronizer
     [java] Pass 1: Analyzing classes (30 / 90) - 33% complete     0 0/2  30/90 java/security/SecureRandom
     [java] Pass 1: Analyzing classes (31 / 90) - 34% complete     0 0/2  31/90 java/util/Map
     [java] Pass 1: Analyzing classes (32 / 90) - 35% complete     0 0/2  32/90 java/io/ObjectStreamException
     [java] Pass 1: Analyzing classes (33 / 90) - 36% complete     0 0/2  33/90 com/fasterxml/uuid/impl/UUIDUtil
     [java] Pass 1: Analyzing classes (34 / 90) - 37% complete     0 0/2  34/90 java/lang/Object
     [java] Pass 1: Analyzing classes (35 / 90) - 38% complete     0 0/2  35/90 java/io/Serializable
     [java] Pass 1: Analyzing classes (36 / 90) - 40% complete     0 0/2  36/90 java/nio/channels/FileLock
     [java] Pass 1: Analyzing classes (37 / 90) - 41% complete     0 0/2  37/90 java/lang/NumberFormatException
     [java] Pass 1: Analyzing classes (38 / 90) - 42% complete     0 0/2  38/90 java/util/Collections
     [java] Pass 1: Analyzing classes (39 / 90) - 43% complete     0 0/2  39/90 java/util/Comparators
     [java] Pass 1: Analyzing classes (40 / 90) - 44% complete     0 0/2  40/90 java/lang/invoke/MethodHandles
     [java] Pass 1: Analyzing classes (41 / 90) - 45% complete     0 0/2  41/90 java/util/Enumeration
     [java] Pass 1: Analyzing classes (42 / 90) - 46% complete     0 0/2  42/90 java/lang/RuntimeException
     [java] Pass 1: Analyzing classes (43 / 90) - 47% complete     0 0/2  43/90 java/lang/invoke/SerializedLambda
     [java] Pass 1: Analyzing classes (44 / 90) - 48% complete     0 0/2  44/90 java/util/UUID
     [java] Pass 1: Analyzing classes (45 / 90) - 50% complete     0 0/2  45/90 java/lang/Double
     [java] Pass 1: Analyzing classes (46 / 90) - 51% complete     0 0/2  46/90 com/fasterxml/uuid/ext/FileBasedTimestampSynchronizer
     [java] Pass 1: Analyzing classes (47 / 90) - 52% complete     0 0/2  47/90 java/lang/System
     [java] Pass 1: Analyzing classes (48 / 90) - 53% complete     0 0/2  48/90 java/lang/ClassCastException
     [java] Pass 1: Analyzing classes (49 / 90) - 54% complete     0 0/2  49/90 java/util/Comparators$NullComparator
     [java] Pass 1: Analyzing classes (50 / 90) - 55% complete     0 0/2  50/90 java/lang/invoke/MethodHandles$Lookup
     [java] Pass 1: Analyzing classes (51 / 90) - 56% complete     0 0/2  51/90 test/FileSyncTest
     [java] Pass 1: Analyzing classes (52 / 90) - 57% complete     0 0/2  52/90 java/nio/charset/Charset
     [java] Pass 1: Analyzing classes (53 / 90) - 58% complete     0 0/2  53/90 java/lang/InterruptedException
     [java] Pass 1: Analyzing classes (54 / 90) - 60% complete     0 0/2  54/90 java/util/HashMap
     [java] Pass 1: Analyzing classes (55 / 90) - 61% complete     0 0/2  55/90 java/lang/FunctionalInterface
     [java] Pass 1: Analyzing classes (56 / 90) - 62% complete     0 0/2  56/90 org/slf4j/Logger
     [java] Pass 1: Analyzing classes (57 / 90) - 63% complete     0 0/2  57/90 com/fasterxml/uuid/impl/RandomBasedGenerator
     [java] Pass 1: Analyzing classes (58 / 90) - 64% complete     0 0/2  58/90 com/fasterxml/uuid/Jug
     [java] Pass 1: Analyzing classes (59 / 90) - 65% complete     0 0/2  59/90 java/nio/ByteBuffer
     [java] Pass 1: Analyzing classes (60 / 90) - 66% complete     0 0/2  60/90 java/util/Set
     [java] Pass 1: Analyzing classes (61 / 90) - 67% complete     0 0/2  61/90 java/lang/String
     [java] Pass 1: Analyzing classes (62 / 90) - 68% complete     0 0/2  62/90 com/fasterxml/uuid/UUIDComparator
     [java] Pass 1: Analyzing classes (63 / 90) - 70% complete     0 0/2  63/90 java/lang/Character
     [java] Pass 1: Analyzing classes (64 / 90) - 71% complete     0 0/2  64/90 java/lang/ClassNotFoundException
     [java] Pass 1: Analyzing classes (65 / 90) - 72% complete     0 0/2  65/90 java/lang/invoke/LambdaMetafactory
     [java] Pass 1: Analyzing classes (66 / 90) - 73% complete     0 0/2  66/90 java/util/Comparator
     [java] Pass 1: Analyzing classes (67 / 90) - 74% complete     0 0/2  67/90 java/lang/NullPointerException
     [java] Pass 1: Analyzing classes (68 / 90) - 75% complete     0 0/2  68/90 java/io/IOException
     [java] Pass 1: Analyzing classes (69 / 90) - 76% complete     0 0/2  69/90 java/net/SocketException
     [java] Pass 1: Analyzing classes (70 / 90) - 77% complete     0 0/2  70/90 com/fasterxml/uuid/UUIDTimer
     [java] Pass 1: Analyzing classes (71 / 90) - 78% complete     0 0/2  71/90 com/fasterxml/uuid/impl/GeneratorImplBase
     [java] Pass 1: Analyzing classes (72 / 90) - 80% complete     0 0/2  72/90 java/util/function/ToDoubleFunction
     [java] Pass 1: Analyzing classes (73 / 90) - 81% complete     0 0/2  73/90 java/util/function/Function
     [java] Pass 1: Analyzing classes (74 / 90) - 82% complete     0 0/2  74/90 java/lang/IndexOutOfBoundsException
     [java] Pass 1: Analyzing classes (75 / 90) - 83% complete     0 0/2  75/90 java/util/Map$Entry
     [java] Pass 1: Analyzing classes (76 / 90) - 84% complete     0 0/2  76/90 com/fasterxml/uuid/impl/RandomBasedGenerator$LazyRandom
     [java] Pass 1: Analyzing classes (77 / 90) - 85% complete     0 0/2  77/90 java/lang/IllegalArgumentException
     [java] Pass 1: Analyzing classes (78 / 90) - 86% complete     0 0/2  78/90 java/net/NetworkInterface
     [java] Pass 1: Analyzing classes (79 / 90) - 87% complete     0 0/2  79/90 java/lang/Enum
     [java] Pass 1: Analyzing classes (80 / 90) - 88% complete     0 0/2  80/90 java/lang/Long
     [java] Pass 1: Analyzing classes (81 / 90) - 90% complete     0 0/2  81/90 java/lang/CloneNotSupportedException
     [java] Pass 1: Analyzing classes (82 / 90) - 91% complete     0 0/2  82/90 com/fasterxml/uuid/NoArgGenerator
     [java] Pass 1: Analyzing classes (83 / 90) - 92% complete     0 0/2  83/90 perf/MeasurePerformance
     [java] Pass 1: Analyzing classes (84 / 90) - 93% complete     0 0/2  84/90 com/fasterxml/uuid/ext/LockedFile
     [java] Pass 1: Analyzing classes (85 / 90) - 94% complete     0 0/2  85/90 java/security/MessageDigest
     [java] Pass 1: Analyzing classes (86 / 90) - 95% complete     0 0/2  86/90 jdk/internal/HotSpotIntrinsicCandidate
     [java] Pass 1: Analyzing classes (87 / 90) - 96% complete     0 0/2  87/90 java/lang/Class
     [java] Pass 1: Analyzing classes (88 / 90) - 97% complete     0 0/2  88/90 java/util/Objects
     [java] Pass 1: Analyzing classes (89 / 90) - 98% complete     0 0/2  89/90 java/lang/Deprecated
     [java] Pass 1: Analyzing classes (90 / 90) - 100% complete     0 : Pass 1: 21 classes
     [java] XFactory cached methods: 2044/2965
     [java] Descriptor factory: 1636/2044/12470
     [java] Pass 2: Analyzing classes (0 / 21) - 00% complete     0 1/2  0/21 com/fasterxml/uuid/impl/GeneratorImplBase
     [java] Pass 2: Analyzing classes (1 / 21) - 04% complete     114 usecs/byte      37 msec     324 bytes  1 pass com/fasterxml/uuid/impl/GeneratorImplBase     0 1/2  1/21 com/fasterxml/uuid/UUIDGenerator
     [java] Pass 2: Analyzing classes (2 / 21) - 09% complete     0 1/2  2/21 com/fasterxml/uuid/UUIDClock
     [java] Pass 2: Analyzing classes (3 / 21) - 14% complete     0 1/2  3/21 com/fasterxml/uuid/StringArgGenerator
     [java] Pass 2: Analyzing classes (4 / 21) - 19% complete     0 1/2  4/21 com/fasterxml/uuid/impl/RandomBasedGenerator$LazyRandom
     [java] Pass 2: Analyzing classes (5 / 21) - 23% complete     0 1/2  5/21 com/fasterxml/uuid/TimestampSynchronizer
     [java] Pass 2: Analyzing classes (6 / 21) - 28% complete     0 1/2  6/21 com/fasterxml/uuid/NoArgGenerator
     [java] Pass 2: Analyzing classes (7 / 21) - 33% complete     0 1/2  7/21 com/fasterxml/uuid/UUIDType
     [java] Pass 2: Analyzing classes (8 / 21) - 38% complete     0 1/2  8/21 com/fasterxml/uuid/EthernetAddress
     [java] Pass 2: Analyzing classes (9 / 21) - 42% complete     0 1/2  9/21 com/fasterxml/uuid/impl/UUIDUtil
     [java] Pass 2: Analyzing classes (10 / 21) - 47% complete     0 1/2  10/21 com/fasterxml/uuid/ext/LockedFile
     [java] Pass 2: Analyzing classes (11 / 21) - 52% complete     0 1/2  11/21 com/fasterxml/uuid/UUIDComparator
     [java] Pass 2: Analyzing classes (12 / 21) - 57% complete     0 1/2  12/21 com/fasterxml/uuid/impl/TimeBasedGenerator
     [java] Pass 2: Analyzing classes (13 / 21) - 61% complete     0 1/2  13/21 com/fasterxml/uuid/UUIDTimer
     [java] Pass 2: Analyzing classes (14 / 21) - 66% complete     0 1/2  14/21 com/fasterxml/uuid/ext/FileBasedTimestampSynchronizer
     [java] Pass 2: Analyzing classes (15 / 21) - 71% complete     0 1/2  15/21 com/fasterxml/uuid/impl/NameBasedGenerator
     [java] Pass 2: Analyzing classes (16 / 21) - 76% complete     0 1/2  16/21 com/fasterxml/uuid/impl/RandomBasedGenerator
     [java] Pass 2: Analyzing classes (17 / 21) - 80% complete     0 1/2  17/21 com/fasterxml/uuid/Generators
     [java] Pass 2: Analyzing classes (18 / 21) - 85% complete     0 1/2  18/21 perf/MeasurePerformance
     [java] Pass 2: Analyzing classes (19 / 21) - 90% complete     0 1/2  19/21 com/fasterxml/uuid/Jug
     [java] Pass 2: Analyzing classes (20 / 21) - 95% complete     0 1/2  20/21 test/FileSyncTest
     [java] Pass 2: Analyzing classes (21 / 21) - 100% completeDone with analysis
     [java] Analysis completed
[INFO] Done SpotBugs Analysis....
[INFO] 
[INFO] <<< spotbugs-maven-plugin:4.2.3-SNAPSHOT:check (default-cli) < :spotbugs @ java-uuid-generator <<<
[INFO] 
[INFO] 
[INFO] --- spotbugs-maven-plugin:4.2.3-SNAPSHOT:check (default-cli) @ java-uuid-generator ---
[INFO] BugInstance size is 0
[INFO] Error size is 0
[INFO] No errors/warnings found
[INFO] ------------------------------------------------------------------------
[INFO] BUILD SUCCESS
[INFO] ------------------------------------------------------------------------
[INFO] Total time:  3.885 s
[INFO] Finished at: 2021-03-29T14:23:22+08:00
[INFO] ------------------------------------------------------------------------
