WARNING: An illegal reflective access operation has occurred
WARNING: Illegal reflective access by com.google.inject.internal.cglib.core.$ReflectUtils$1 (file:/usr/share/maven/lib/guice.jar) to method java.lang.ClassLoader.defineClass(java.lang.String,byte[],int,int,java.security.ProtectionDomain)
WARNING: Please consider reporting this to the maintainers of com.google.inject.internal.cglib.core.$ReflectUtils$1
WARNING: Use --illegal-access=warn to enable warnings of further illegal reflective access operations
WARNING: All illegal access operations will be denied in a future release
[INFO] Scanning for projects...
[WARNING] 
[WARNING] Some problems were encountered while building the effective model for com.alibaba.nacos:nacos-spring-context:jar:1.0.1
[WARNING] 'build.plugins.plugin.version' for io.spring.javaformat:spring-javaformat-maven-plugin is missing. @ com.alibaba.nacos:nacos-spring-parent:1.0.1, /home/codegex/Documents/workspace/rbugs/experiment/top100repos/nacos-spring-project/pom.xml, line 314, column 21
[WARNING] 'build.plugins.plugin.version' for org.apache.maven.plugins:maven-checkstyle-plugin is missing. @ com.alibaba.nacos:nacos-spring-parent:1.0.1, /home/codegex/Documents/workspace/rbugs/experiment/top100repos/nacos-spring-project/pom.xml, line 318, column 21
[WARNING] 'build.plugins.plugin.version' for org.apache.maven.plugins:maven-source-plugin is missing. @ com.alibaba.nacos:nacos-spring-parent:1.0.1, /home/codegex/Documents/workspace/rbugs/experiment/top100repos/nacos-spring-project/pom.xml, line 322, column 21
[WARNING] 'build.plugins.plugin.version' for org.apache.maven.plugins:maven-javadoc-plugin is missing. @ com.alibaba.nacos:nacos-spring-parent:1.0.1, /home/codegex/Documents/workspace/rbugs/experiment/top100repos/nacos-spring-project/pom.xml, line 281, column 21
[WARNING] 'build.plugins.plugin.version' for org.apache.maven.plugins:maven-eclipse-plugin is missing. @ com.alibaba.nacos:nacos-spring-parent:1.0.1, /home/codegex/Documents/workspace/rbugs/experiment/top100repos/nacos-spring-project/pom.xml, line 293, column 21
[WARNING] 
[WARNING] Some problems were encountered while building the effective model for com.alibaba.nacos:nacos-embedded-webserver:jar:1.0.1
[WARNING] 'build.plugins.plugin.version' for io.spring.javaformat:spring-javaformat-maven-plugin is missing. @ com.alibaba.nacos:nacos-spring-parent:1.0.1, /home/codegex/Documents/workspace/rbugs/experiment/top100repos/nacos-spring-project/pom.xml, line 314, column 21
[WARNING] 'build.plugins.plugin.version' for org.apache.maven.plugins:maven-checkstyle-plugin is missing. @ com.alibaba.nacos:nacos-spring-parent:1.0.1, /home/codegex/Documents/workspace/rbugs/experiment/top100repos/nacos-spring-project/pom.xml, line 318, column 21
[WARNING] 'build.plugins.plugin.version' for org.apache.maven.plugins:maven-source-plugin is missing. @ com.alibaba.nacos:nacos-spring-parent:1.0.1, /home/codegex/Documents/workspace/rbugs/experiment/top100repos/nacos-spring-project/pom.xml, line 322, column 21
[WARNING] 'build.plugins.plugin.version' for org.apache.maven.plugins:maven-javadoc-plugin is missing. @ com.alibaba.nacos:nacos-spring-parent:1.0.1, /home/codegex/Documents/workspace/rbugs/experiment/top100repos/nacos-spring-project/pom.xml, line 281, column 21
[WARNING] 'build.plugins.plugin.version' for org.apache.maven.plugins:maven-eclipse-plugin is missing. @ com.alibaba.nacos:nacos-spring-parent:1.0.1, /home/codegex/Documents/workspace/rbugs/experiment/top100repos/nacos-spring-project/pom.xml, line 293, column 21
[WARNING] 
[WARNING] Some problems were encountered while building the effective model for com.alibaba.nacos:nacos-spring-webmvc-sample:war:1.0.1
[WARNING] 'build.plugins.plugin.version' for io.spring.javaformat:spring-javaformat-maven-plugin is missing. @ com.alibaba.nacos:nacos-spring-parent:1.0.1, /home/codegex/Documents/workspace/rbugs/experiment/top100repos/nacos-spring-project/pom.xml, line 314, column 21
[WARNING] 'build.plugins.plugin.version' for org.apache.maven.plugins:maven-checkstyle-plugin is missing. @ com.alibaba.nacos:nacos-spring-parent:1.0.1, /home/codegex/Documents/workspace/rbugs/experiment/top100repos/nacos-spring-project/pom.xml, line 318, column 21
[WARNING] 'build.plugins.plugin.version' for org.apache.maven.plugins:maven-source-plugin is missing. @ com.alibaba.nacos:nacos-spring-parent:1.0.1, /home/codegex/Documents/workspace/rbugs/experiment/top100repos/nacos-spring-project/pom.xml, line 322, column 21
[WARNING] 'build.plugins.plugin.version' for org.apache.maven.plugins:maven-javadoc-plugin is missing. @ com.alibaba.nacos:nacos-spring-parent:1.0.1, /home/codegex/Documents/workspace/rbugs/experiment/top100repos/nacos-spring-project/pom.xml, line 281, column 21
[WARNING] 'build.plugins.plugin.version' for org.apache.maven.plugins:maven-deploy-plugin is missing. @ com.alibaba.nacos:nacos-spring-samples:1.0.1, /home/codegex/Documents/workspace/rbugs/experiment/top100repos/nacos-spring-project/nacos-spring-samples/pom.xml, line 36, column 21
[WARNING] 'build.plugins.plugin.version' for org.apache.maven.plugins:maven-eclipse-plugin is missing. @ com.alibaba.nacos:nacos-spring-parent:1.0.1, /home/codegex/Documents/workspace/rbugs/experiment/top100repos/nacos-spring-project/pom.xml, line 293, column 21
[WARNING] The expression ${artifactId} is deprecated. Please use ${project.artifactId} instead.
[WARNING] 
[WARNING] Some problems were encountered while building the effective model for com.alibaba.nacos:nacos-spring-samples:pom:1.0.1
[WARNING] 'build.plugins.plugin.version' for io.spring.javaformat:spring-javaformat-maven-plugin is missing. @ com.alibaba.nacos:nacos-spring-parent:1.0.1, /home/codegex/Documents/workspace/rbugs/experiment/top100repos/nacos-spring-project/pom.xml, line 314, column 21
[WARNING] 'build.plugins.plugin.version' for org.apache.maven.plugins:maven-checkstyle-plugin is missing. @ com.alibaba.nacos:nacos-spring-parent:1.0.1, /home/codegex/Documents/workspace/rbugs/experiment/top100repos/nacos-spring-project/pom.xml, line 318, column 21
[WARNING] 'build.plugins.plugin.version' for org.apache.maven.plugins:maven-source-plugin is missing. @ com.alibaba.nacos:nacos-spring-parent:1.0.1, /home/codegex/Documents/workspace/rbugs/experiment/top100repos/nacos-spring-project/pom.xml, line 322, column 21
[WARNING] 'build.plugins.plugin.version' for org.apache.maven.plugins:maven-javadoc-plugin is missing. @ com.alibaba.nacos:nacos-spring-parent:1.0.1, /home/codegex/Documents/workspace/rbugs/experiment/top100repos/nacos-spring-project/pom.xml, line 281, column 21
[WARNING] 'build.plugins.plugin.version' for org.apache.maven.plugins:maven-deploy-plugin is missing. @ line 36, column 21
[WARNING] 'build.plugins.plugin.version' for org.apache.maven.plugins:maven-eclipse-plugin is missing. @ com.alibaba.nacos:nacos-spring-parent:1.0.1, /home/codegex/Documents/workspace/rbugs/experiment/top100repos/nacos-spring-project/pom.xml, line 293, column 21
[WARNING] 
[WARNING] Some problems were encountered while building the effective model for com.alibaba.nacos:nacos-spring-parent:pom:1.0.1
[WARNING] 'build.plugins.plugin.version' for io.spring.javaformat:spring-javaformat-maven-plugin is missing. @ line 314, column 21
[WARNING] 'build.plugins.plugin.version' for org.apache.maven.plugins:maven-checkstyle-plugin is missing. @ line 318, column 21
[WARNING] 'build.plugins.plugin.version' for org.apache.maven.plugins:maven-source-plugin is missing. @ line 322, column 21
[WARNING] 'build.plugins.plugin.version' for org.apache.maven.plugins:maven-javadoc-plugin is missing. @ line 281, column 21
[WARNING] 'build.plugins.plugin.version' for org.apache.maven.plugins:maven-eclipse-plugin is missing. @ line 293, column 21
[WARNING] 
[WARNING] It is highly recommended to fix these problems because they threaten the stability of your build.
[WARNING] 
[WARNING] For this reason, future Maven versions might no longer support building such malformed projects.
[WARNING] 
[INFO] ------------------------------------------------------------------------
[INFO] Reactor Build Order:
[INFO] 
[INFO] Alibaba Nacos :: Spring :: POM                                     [pom]
[INFO] Alibaba Nacos :: Samples :: Embedded Web Server                    [jar]
[INFO] Alibaba Nacos :: Spring :: Context                                 [jar]
[INFO] Alibaba Nacos :: Samples :: POM                                    [pom]
[INFO] Alibaba Nacos :: Samples :: Spring Web MVC                         [war]
[INFO] 
[INFO] ---------------< com.alibaba.nacos:nacos-spring-parent >----------------
[INFO] Building Alibaba Nacos :: Spring :: POM 1.0.1                      [1/5]
[INFO] --------------------------------[ pom ]---------------------------------
[INFO] 
[INFO] >>> spotbugs-maven-plugin:4.2.3-SNAPSHOT:check (default-cli) > :spotbugs @ nacos-spring-parent >>>
[INFO] 
[INFO] --- spotbugs-maven-plugin:4.2.3-SNAPSHOT:spotbugs (spotbugs) @ nacos-spring-parent ---
[INFO] 
[INFO] <<< spotbugs-maven-plugin:4.2.3-SNAPSHOT:check (default-cli) < :spotbugs @ nacos-spring-parent <<<
[INFO] 
[INFO] 
[INFO] --- spotbugs-maven-plugin:4.2.3-SNAPSHOT:check (default-cli) @ nacos-spring-parent ---
[INFO] 
[INFO] -------------< com.alibaba.nacos:nacos-embedded-webserver >-------------
[INFO] Building Alibaba Nacos :: Samples :: Embedded Web Server 1.0.1     [2/5]
[INFO] --------------------------------[ jar ]---------------------------------
[INFO] 
[INFO] >>> spotbugs-maven-plugin:4.2.3-SNAPSHOT:check (default-cli) > :spotbugs @ nacos-embedded-webserver >>>
[INFO] 
[INFO] --- spotbugs-maven-plugin:4.2.3-SNAPSHOT:spotbugs (spotbugs) @ nacos-embedded-webserver ---
[INFO] Fork Value is true
     [java] Loading edu.umd.cs.findbugs.plugins.core
     [java] Registering detector: edu.umd.cs.findbugs.detect.OverridingMethodsMustInvokeSuperDetector
     [java] Registering detector: edu.umd.cs.findbugs.detect.FindRoughConstants
     [java] Registering detector: edu.umd.cs.findbugs.detect.FunctionsThatMightBeMistakenForProcedures
     [java] Registering detector: edu.umd.cs.findbugs.detect.NoteSuppressedWarnings
     [java] Registering detector: edu.umd.cs.findbugs.detect.NoteAnnotationRetention
     [java] Registering detector: edu.umd.cs.findbugs.detect.NoteDirectlyRelevantTypeQualifiers
     [java] Registering detector: edu.umd.cs.findbugs.detect.BuildInterproceduralCallGraph
     [java] Registering detector: edu.umd.cs.findbugs.detect.BuildObligationPolicyDatabase
     [java] Registering detector: edu.umd.cs.findbugs.detect.SynchronizeAndNullCheckField
     [java] Registering detector: edu.umd.cs.findbugs.detect.InitializeNonnullFieldsInConstructor
     [java] Registering detector: edu.umd.cs.findbugs.detect.BooleanReturnNull
     [java] Registering detector: edu.umd.cs.findbugs.detect.OptionalReturnNull
     [java] Registering detector: edu.umd.cs.findbugs.detect.NoteJCIPAnnotation
     [java] Registering detector: edu.umd.cs.findbugs.detect.Methods
     [java] Registering detector: edu.umd.cs.findbugs.detect.ReflectiveClasses
     [java] Registering detector: edu.umd.cs.findbugs.detect.CalledMethods
     [java] Registering detector: edu.umd.cs.findbugs.detect.FindNoSideEffectMethods
     [java] Registering detector: edu.umd.cs.findbugs.detect.BuildStringPassthruGraph
     [java] Registering detector: edu.umd.cs.findbugs.detect.ConfusionBetweenInheritedAndOuterMethod
     [java] Registering detector: edu.umd.cs.findbugs.detect.SynchronizationOnSharedBuiltinConstant
     [java] Registering detector: edu.umd.cs.findbugs.detect.NoteCheckReturnValueAnnotations
     [java] Registering detector: edu.umd.cs.findbugs.detect.FieldItemSummary
     [java] Registering detector: edu.umd.cs.findbugs.detect.NoteNonNullAnnotations
     [java] Registering detector: edu.umd.cs.findbugs.detect.NoteUnconditionalParamDerefs
     [java] Registering detector: edu.umd.cs.findbugs.detect.NoteNonnullReturnValues
     [java] Registering detector: edu.umd.cs.findbugs.detect.SynchronizeOnClassLiteralNotGetClass
     [java] Registering detector: edu.umd.cs.findbugs.detect.InfiniteRecursiveLoop
     [java] Registering detector: edu.umd.cs.findbugs.detect.InfiniteLoop
     [java] Registering detector: edu.umd.cs.findbugs.detect.VolatileUsage
     [java] Registering detector: edu.umd.cs.findbugs.detect.InheritanceUnsafeGetResource
     [java] Registering detector: edu.umd.cs.findbugs.detect.EmptyZipFileEntry
     [java] Registering detector: edu.umd.cs.findbugs.detect.DoInsideDoPrivileged
     [java] Registering detector: edu.umd.cs.findbugs.detect.HugeSharedStringConstants
     [java] Registering detector: edu.umd.cs.findbugs.detect.FinalizerNullsFields
     [java] Registering detector: edu.umd.cs.findbugs.detect.MutableEnum
     [java] Registering detector: edu.umd.cs.findbugs.detect.InconsistentAnnotations
     [java] Registering detector: edu.umd.cs.findbugs.detect.RepeatedConditionals
     [java] Registering detector: edu.umd.cs.findbugs.detect.RedundantConditions
     [java] Registering detector: edu.umd.cs.findbugs.detect.CallToUnsupportedMethod
     [java] Registering detector: edu.umd.cs.findbugs.detect.FormatStringChecker
     [java] Registering detector: edu.umd.cs.findbugs.detect.LostLoggerDueToWeakReference
     [java] Registering detector: edu.umd.cs.findbugs.detect.TestingGround
     [java] Registering detector: edu.umd.cs.findbugs.detect.TestingGround2
     [java] Registering detector: edu.umd.cs.findbugs.detect.NoiseNullDeref
     [java] Registering detector: edu.umd.cs.findbugs.detect.Noise
     [java] Registering detector: edu.umd.cs.findbugs.detect.EqualsOperandShouldHaveClassCompatibleWithThis
     [java] Registering detector: edu.umd.cs.findbugs.detect.ResolveAllReferences
     [java] Registering detector: edu.umd.cs.findbugs.detect.CheckImmutableAnnotation
     [java] Registering detector: edu.umd.cs.findbugs.detect.DontCatchIllegalMonitorStateException
     [java] Registering detector: edu.umd.cs.findbugs.detect.FindFloatMath
     [java] Registering detector: edu.umd.cs.findbugs.detect.CloneIdiom
     [java] Registering detector: edu.umd.cs.findbugs.detect.ComparatorIdiom
     [java] Registering detector: edu.umd.cs.findbugs.detect.FindFieldSelfAssignment
     [java] Registering detector: edu.umd.cs.findbugs.detect.FindSelfComparison
     [java] Registering detector: edu.umd.cs.findbugs.detect.FindSelfComparison2
     [java] Registering detector: edu.umd.cs.findbugs.detect.DroppedException
     [java] Registering detector: edu.umd.cs.findbugs.detect.LoadOfKnownNullValue
     [java] Registering detector: edu.umd.cs.findbugs.detect.DumbMethodInvocations
     [java] Registering detector: edu.umd.cs.findbugs.detect.URLProblems
     [java] Registering detector: edu.umd.cs.findbugs.detect.CovariantArrayAssignment
     [java] Registering detector: edu.umd.cs.findbugs.detect.DumbMethods
     [java] Registering detector: edu.umd.cs.findbugs.detect.NumberConstructor
     [java] Registering detector: edu.umd.cs.findbugs.detect.FindSqlInjection
     [java] Registering detector: edu.umd.cs.findbugs.detect.FindDoubleCheck
     [java] Registering detector: edu.umd.cs.findbugs.detect.FindFinalizeInvocations
     [java] Registering detector: edu.umd.cs.findbugs.detect.FindHEmismatch
     [java] Registering detector: edu.umd.cs.findbugs.detect.OverridingEqualsNotSymmetrical
     [java] Registering detector: edu.umd.cs.findbugs.detect.FindNakedNotify
     [java] Registering detector: edu.umd.cs.findbugs.detect.FindReturnRef
     [java] Registering detector: edu.umd.cs.findbugs.detect.FindRunInvocations
     [java] Registering detector: edu.umd.cs.findbugs.detect.SwitchFallthrough
     [java] Registering detector: edu.umd.cs.findbugs.detect.FindSpinLoop
     [java] Registering detector: edu.umd.cs.findbugs.detect.FindNonShortCircuit
     [java] Registering detector: edu.umd.cs.findbugs.detect.FindTwoLockWait
     [java] Registering detector: edu.umd.cs.findbugs.detect.FindUnconditionalWait
     [java] Registering detector: edu.umd.cs.findbugs.detect.FindUninitializedGet
     [java] Registering detector: edu.umd.cs.findbugs.detect.DontUseEnum
     [java] Registering detector: edu.umd.cs.findbugs.detect.FindUnsyncGet
     [java] Registering detector: edu.umd.cs.findbugs.detect.InitializationChain
     [java] Registering detector: edu.umd.cs.findbugs.detect.IteratorIdioms
     [java] Registering detector: edu.umd.cs.findbugs.detect.PreferZeroLengthArrays
     [java] Registering detector: edu.umd.cs.findbugs.detect.SynchronizingOnContentsOfFieldToProtectField
     [java] Registering detector: edu.umd.cs.findbugs.detect.MutableLock
     [java] Registering detector: edu.umd.cs.findbugs.detect.FindUselessObjects
     [java] Registering detector: edu.umd.cs.findbugs.detect.MutableStaticFields
     [java] Registering detector: edu.umd.cs.findbugs.detect.Naming
     [java] Registering detector: edu.umd.cs.findbugs.detect.ReadReturnShouldBeChecked
     [java] Registering detector: edu.umd.cs.findbugs.detect.SerializableIdiom
     [java] Registering detector: edu.umd.cs.findbugs.detect.StartInConstructor
     [java] Registering detector: edu.umd.cs.findbugs.detect.FindBadForLoop
     [java] Registering detector: edu.umd.cs.findbugs.detect.ExplicitSerialization
     [java] Registering detector: edu.umd.cs.findbugs.detect.UnreadFields
     [java] Registering detector: edu.umd.cs.findbugs.detect.WaitInLoop
     [java] Registering detector: edu.umd.cs.findbugs.detect.FindComparatorProblems
     [java] Registering detector: edu.umd.cs.findbugs.detect.FindNullDeref
     [java] Registering detector: edu.umd.cs.findbugs.detect.FindNullDerefsInvolvingNonShortCircuitEvaluation
     [java] Registering detector: edu.umd.cs.findbugs.detect.FindOpenStream
     [java] Registering detector: edu.umd.cs.findbugs.detect.FindUselessControlFlow
     [java] Registering detector: edu.umd.cs.findbugs.detect.FindUnreleasedLock
     [java] Registering detector: edu.umd.cs.findbugs.detect.FindRefComparison
     [java] Registering detector: edu.umd.cs.findbugs.detect.FindMismatchedWaitOrNotify
     [java] Registering detector: edu.umd.cs.findbugs.detect.FindEmptySynchronizedBlock
     [java] Registering detector: edu.umd.cs.findbugs.detect.FindInconsistentSync2
     [java] Registering detector: edu.umd.cs.findbugs.detect.FindLocalSelfAssignment2
     [java] Registering detector: edu.umd.cs.findbugs.detect.IncompatMask
     [java] Registering detector: edu.umd.cs.findbugs.detect.LazyInit
     [java] Registering detector: edu.umd.cs.findbugs.detect.FindJSR166LockMonitorenter
     [java] Registering detector: edu.umd.cs.findbugs.detect.FindUncalledPrivateMethods
     [java] Registering detector: edu.umd.cs.findbugs.detect.UncallableMethodOfAnonymousClass
     [java] Registering detector: edu.umd.cs.findbugs.detect.StringConcatenation
     [java] Registering detector: edu.umd.cs.findbugs.detect.InefficientInitializationInsideLoop
     [java] Registering detector: edu.umd.cs.findbugs.detect.InefficientIndexOf
     [java] Registering detector: edu.umd.cs.findbugs.detect.InefficientToArray
     [java] Registering detector: edu.umd.cs.findbugs.detect.InvalidJUnitTest
     [java] Registering detector: edu.umd.cs.findbugs.detect.BadlyOverriddenAdapter
     [java] Registering detector: edu.umd.cs.findbugs.detect.BadResultSetAccess
     [java] Registering detector: edu.umd.cs.findbugs.detect.SuperfluousInstanceOf
     [java] Registering detector: edu.umd.cs.findbugs.detect.BadAppletConstructor
     [java] Registering detector: edu.umd.cs.findbugs.detect.SuspiciousThreadInterrupted
     [java] Registering detector: edu.umd.cs.findbugs.detect.FindDeadLocalStores
     [java] Registering detector: edu.umd.cs.findbugs.detect.FindMaskedFields
     [java] Registering detector: edu.umd.cs.findbugs.detect.WrongMapIterator
     [java] Registering detector: edu.umd.cs.findbugs.detect.InstantiateStaticClass
     [java] Registering detector: edu.umd.cs.findbugs.detect.RuntimeExceptionCapture
     [java] Registering detector: edu.umd.cs.findbugs.detect.FindFloatEquality
     [java] Registering detector: edu.umd.cs.findbugs.detect.FindUnsatisfiedObligation
     [java] Registering detector: edu.umd.cs.findbugs.detect.UnnecessaryMath
     [java] Registering detector: edu.umd.cs.findbugs.detect.FindCircularDependencies
     [java] Registering detector: edu.umd.cs.findbugs.detect.RedundantInterfaces
     [java] Registering detector: edu.umd.cs.findbugs.detect.MultithreadedInstanceAccess
     [java] Registering detector: edu.umd.cs.findbugs.detect.PublicSemaphores
     [java] Registering detector: edu.umd.cs.findbugs.detect.BadUseOfReturnValue
     [java] Registering detector: edu.umd.cs.findbugs.detect.MethodReturnCheck
     [java] Registering detector: edu.umd.cs.findbugs.detect.IDivResultCastToDouble
     [java] Registering detector: edu.umd.cs.findbugs.detect.FindBadCast2
     [java] Registering detector: edu.umd.cs.findbugs.detect.FindUseOfNonSerializableValue
     [java] Registering detector: edu.umd.cs.findbugs.detect.FindNonSerializableStoreIntoSession
     [java] Registering detector: edu.umd.cs.findbugs.detect.FindNonSerializableValuePassedToWriteObject
     [java] Registering detector: edu.umd.cs.findbugs.detect.BadSyntaxForRegularExpression
     [java] Registering detector: edu.umd.cs.findbugs.detect.VarArgsProblems
     [java] Registering detector: edu.umd.cs.findbugs.detect.FindPuzzlers
     [java] Registering detector: edu.umd.cs.findbugs.detect.IntCast2LongAsInstant
     [java] Registering detector: edu.umd.cs.findbugs.detect.FindSleepWithLockHeld
     [java] Registering detector: edu.umd.cs.findbugs.detect.InefficientMemberAccess
     [java] Registering detector: edu.umd.cs.findbugs.detect.DuplicateBranches
     [java] Registering detector: edu.umd.cs.findbugs.detect.XMLFactoryBypass
     [java] Registering detector: edu.umd.cs.findbugs.detect.UselessSubclassMethod
     [java] Registering detector: edu.umd.cs.findbugs.detect.ConfusedInheritance
     [java] Registering detector: edu.umd.cs.findbugs.detect.QuestionableBooleanAssignment
     [java] Registering detector: edu.umd.cs.findbugs.detect.TrainUnconditionalDerefParams
     [java] Registering detector: edu.umd.cs.findbugs.detect.TrainLongInstantfParams
     [java] Registering detector: edu.umd.cs.findbugs.detect.TrainFieldStoreTypes
     [java] Registering detector: edu.umd.cs.findbugs.detect.TrainNonNullAnnotations
     [java] Registering detector: edu.umd.cs.findbugs.detect.CheckCalls
     [java] Registering detector: edu.umd.cs.findbugs.detect.FindBugsSummaryStats
     [java] Registering detector: edu.umd.cs.findbugs.detect.AppendingToAnObjectOutputStream
     [java] Registering detector: edu.umd.cs.findbugs.detect.TestASM
     [java] Registering detector: edu.umd.cs.findbugs.detect.FindUnrelatedTypesInGenericContainer
     [java] Registering detector: edu.umd.cs.findbugs.detect.StaticCalendarDetector
     [java] Registering detector: edu.umd.cs.findbugs.detect.TestDataflowAnalysis
     [java] Registering detector: edu.umd.cs.findbugs.detect.CheckTypeQualifiers
     [java] Registering detector: edu.umd.cs.findbugs.detect.CrossSiteScripting
     [java] Registering detector: edu.umd.cs.findbugs.detect.DontIgnoreResultOfPutIfAbsent
     [java] Registering detector: edu.umd.cs.findbugs.detect.ReadOfInstanceFieldInMethodInvokedByConstructorInSuperclass
     [java] Registering detector: edu.umd.cs.findbugs.detect.AtomicityProblem
     [java] Registering detector: edu.umd.cs.findbugs.detect.CheckExpectedWarnings
     [java] Registering detector: edu.umd.cs.findbugs.detect.DefaultEncodingDetector
     [java] Registering detector: edu.umd.cs.findbugs.detect.CheckRelaxingNullnessAnnotation
     [java] Registering detector: edu.umd.cs.findbugs.detect.DontAssertInstanceofInTests
     [java] Scanning archives (0 / 26)Scanning archives (1 / 26)Scanning archives (2 / 26)Scanning archives (3 / 26)Scanning archives (4 / 26)Scanning archives (5 / 26)Scanning archives (6 / 26)Scanning archives (7 / 26)Scanning archives (8 / 26)Scanning archives (9 / 26)Scanning archives (10 / 26)Scanning archives (11 / 26)Scanning archives (12 / 26)Scanning archives (13 / 26)Scanning archives (14 / 26)Scanning archives (15 / 26)Scanning archives (16 / 26)Scanning archives (17 / 26)Scanning archives (18 / 26)Scanning archives (19 / 26)Scanning archives (20 / 26)Scanning archives (21 / 26)Scanning archives (22 / 26)Scanning archives (23 / 26)Scanning archives (24 / 26)Scanning archives (25 / 26)Scanning archives (26 / 26)6 classes scannedAdding referenced classes
     [java] Added 1 referenced classes
     [java] Total of 16 packages
     [java]   java/lang/Integer
     [java]   java/lang/StringBuilder
     [java]   com/sun/net/httpserver/HttpHandler
     [java]   java/util/concurrent/ScheduledExecutorService
     [java]   java/util/concurrent/Future
     [java]   java/util/ArrayList
     [java]   com/alibaba/nacos/embedded/web/server/EmbeddedNacosHttpServer
     [java]   org/slf4j/LoggerFactory
     [java]   java/lang/Runnable
     [java]   java/io/PrintStream
     [java]   java/util/Collection
     [java]   java/util/Properties
     [java]   com/sun/net/httpserver/HttpContext
     [java]   java/net/InetSocketAddress
     [java]   java/lang/Throwable
     [java]   java/lang/Thread
     [java]   java/util/concurrent/ExecutorService
     [java]   java/util/Iterator
     [java]   com/alibaba/nacos/embedded/web/server/EmbeddedNacosHttpServer$1
     [java]   com/alibaba/nacos/client/utils/ParamUtil
     [java]   java/util/EventListener
     [java]   java/util/concurrent/Executors
     [java]   java/util/Map
     [java]   com/alibaba/nacos/embedded/web/servlet/EmbeddedNacosHttpServerListener
     [java]   java/lang/Object
     [java]   java/net/URLEncoder
     [java]   java/util/concurrent/ScheduledFuture
     [java]   java/lang/RuntimeException
     [java]   java/util/List
     [java]   java/lang/System
     [java]   com/alibaba/nacos/embedded/web/server/NacosConfigHttpHandler$1
     [java]   com/alibaba/nacos/embedded/web/server/NacosConfigHttpHandler
     [java]   java/net/URLDecoder
     [java]   java/nio/charset/Charset
     [java]   java/util/HashMap
     [java]   java/lang/InterruptedException
     [java]   java/lang/FunctionalInterface
     [java]   org/slf4j/Logger
     [java]   java/util/Date
     [java]   java/io/InputStream
     [java]   java/util/Set
     [java]   java/lang/String
     [java]   com/sun/net/httpserver/HttpServer
     [java]   com/sun/net/httpserver/HttpExchange
     [java]   java/io/IOException
     [java]   java/util/HashSet
     [java]   com/alibaba/nacos/api/common/Constants
     [java]   com/alibaba/nacos/embedded/web/server/NacosConfigHttpHandler$LongPolling
     [java]   org/springframework/util/StringUtils
     [java]   java/util/concurrent/TimeUnit
     [java]   java/lang/IllegalArgumentException
     [java]   java/lang/CloneNotSupportedException
     [java]   java/io/OutputStream
     [java]   org/springframework/util/StreamUtils
     [java]   java/net/URI
     [java]   com/alibaba/nacos/common/utils/MD5Utils
     [java]   jdk/internal/HotSpotIntrinsicCandidate
     [java]   java/lang/Class
     [java]   javax/servlet/ServletContextListener
     [java]   java/lang/Deprecated
     [java] Adding plugin edu.umd.cs.findbugs.plugins.core to execution plan
     [java] Dependences force enabling of edu.umd.cs.findbugs.detect.FieldItemSummary
     [java] Dependences force enabling of edu.umd.cs.findbugs.detect.NoteSuppressedWarnings
     [java] Dependences force enabling of edu.umd.cs.findbugs.detect.EqualsOperandShouldHaveClassCompatibleWithThis
     [java] Dependences force enabling of edu.umd.cs.findbugs.detect.FunctionsThatMightBeMistakenForProcedures
     [java] Dependences force enabling of edu.umd.cs.findbugs.detect.FindNoSideEffectMethods
     [java] Dependences force enabling of edu.umd.cs.findbugs.detect.NoteCheckReturnValueAnnotations
     [java] Dependences force enabling of edu.umd.cs.findbugs.detect.NoteAnnotationRetention
     [java] Dependences force enabling of edu.umd.cs.findbugs.detect.FindBugsSummaryStats
     [java] 2 passes in execution plan
     [java] 2 analysis passes to perform     0 : Pass 0: 60 classesXFactory cached methods: 1487/1487
     [java] Descriptor factory: 1202/1487/9976
     [java] Pass 1: Analyzing classes (0 / 60) - 00% complete     0 0/2  0/60 java/lang/Integer
     [java] Pass 1: Analyzing classes (1 / 60) - 01% complete     0 0/2  1/60 java/lang/StringBuilder
     [java] Pass 1: Analyzing classes (2 / 60) - 03% complete     0 0/2  2/60 com/sun/net/httpserver/HttpHandler
     [java] Pass 1: Analyzing classes (3 / 60) - 05% complete     0 0/2  3/60 java/util/concurrent/ScheduledExecutorService
     [java] Pass 1: Analyzing classes (4 / 60) - 06% complete     0 0/2  4/60 java/util/concurrent/Future
     [java] Pass 1: Analyzing classes (5 / 60) - 08% complete     0 0/2  5/60 java/util/ArrayList
     [java] Pass 1: Analyzing classes (6 / 60) - 10% complete     0 0/2  6/60 com/alibaba/nacos/embedded/web/server/EmbeddedNacosHttpServer
     [java] Pass 1: Analyzing classes (7 / 60) - 11% complete     0 0/2  7/60 org/slf4j/LoggerFactory
     [java] Pass 1: Analyzing classes (8 / 60) - 13% complete     0 0/2  8/60 java/lang/Runnable
     [java] Pass 1: Analyzing classes (9 / 60) - 15% complete     0 0/2  9/60 java/io/PrintStream
     [java] Pass 1: Analyzing classes (10 / 60) - 16% complete     0 0/2  10/60 java/util/Collection
     [java] Pass 1: Analyzing classes (11 / 60) - 18% complete     0 0/2  11/60 java/util/Properties
     [java] Pass 1: Analyzing classes (12 / 60) - 20% complete     0 0/2  12/60 com/sun/net/httpserver/HttpContext
     [java] Pass 1: Analyzing classes (13 / 60) - 21% complete     0 0/2  13/60 java/net/InetSocketAddress
     [java] Pass 1: Analyzing classes (14 / 60) - 23% complete     0 0/2  14/60 java/lang/Throwable
     [java] Pass 1: Analyzing classes (15 / 60) - 25% complete     0 0/2  15/60 java/lang/Thread
     [java] Pass 1: Analyzing classes (16 / 60) - 26% complete     0 0/2  16/60 java/util/concurrent/ExecutorService
     [java] Pass 1: Analyzing classes (17 / 60) - 28% complete     0 0/2  17/60 java/util/Iterator
     [java] Pass 1: Analyzing classes (18 / 60) - 30% complete     0 0/2  18/60 com/alibaba/nacos/embedded/web/server/EmbeddedNacosHttpServer$1
     [java] Pass 1: Analyzing classes (19 / 60) - 31% complete     0 0/2  19/60 com/alibaba/nacos/client/utils/ParamUtil
     [java] Pass 1: Analyzing classes (20 / 60) - 33% complete     0 0/2  20/60 java/util/EventListener
     [java] Pass 1: Analyzing classes (21 / 60) - 35% complete     0 0/2  21/60 java/util/concurrent/Executors
     [java] Pass 1: Analyzing classes (22 / 60) - 36% complete     0 0/2  22/60 java/util/Map
     [java] Pass 1: Analyzing classes (23 / 60) - 38% complete     0 0/2  23/60 com/alibaba/nacos/embedded/web/servlet/EmbeddedNacosHttpServerListener
     [java] Pass 1: Analyzing classes (24 / 60) - 40% complete     0 0/2  24/60 java/lang/Object
     [java] Pass 1: Analyzing classes (25 / 60) - 41% complete     0 0/2  25/60 java/net/URLEncoder
     [java] Pass 1: Analyzing classes (26 / 60) - 43% complete     0 0/2  26/60 java/util/concurrent/ScheduledFuture
     [java] Pass 1: Analyzing classes (27 / 60) - 45% complete     0 0/2  27/60 java/lang/RuntimeException
     [java] Pass 1: Analyzing classes (28 / 60) - 46% complete     0 0/2  28/60 java/util/List
     [java] Pass 1: Analyzing classes (29 / 60) - 48% complete     0 0/2  29/60 java/lang/System
     [java] Pass 1: Analyzing classes (30 / 60) - 50% complete     0 0/2  30/60 com/alibaba/nacos/embedded/web/server/NacosConfigHttpHandler$1
     [java] Pass 1: Analyzing classes (31 / 60) - 51% complete     0 0/2  31/60 com/alibaba/nacos/embedded/web/server/NacosConfigHttpHandler
     [java] Pass 1: Analyzing classes (32 / 60) - 53% complete     0 0/2  32/60 java/net/URLDecoder
     [java] Pass 1: Analyzing classes (33 / 60) - 55% complete     0 0/2  33/60 java/nio/charset/Charset
     [java] Pass 1: Analyzing classes (34 / 60) - 56% complete     0 0/2  34/60 java/util/HashMap
     [java] Pass 1: Analyzing classes (35 / 60) - 58% complete     0 0/2  35/60 java/lang/InterruptedException
     [java] Pass 1: Analyzing classes (36 / 60) - 60% complete     0 0/2  36/60 java/lang/FunctionalInterface
     [java] Pass 1: Analyzing classes (37 / 60) - 61% complete     0 0/2  37/60 org/slf4j/Logger
     [java] Pass 1: Analyzing classes (38 / 60) - 63% complete     0 0/2  38/60 java/util/Date
     [java] Pass 1: Analyzing classes (39 / 60) - 65% complete     0 0/2  39/60 java/io/InputStream
     [java] Pass 1: Analyzing classes (40 / 60) - 66% complete     0 0/2  40/60 java/util/Set
     [java] Pass 1: Analyzing classes (41 / 60) - 68% complete     0 0/2  41/60 java/lang/String
     [java] Pass 1: Analyzing classes (42 / 60) - 70% complete     0 0/2  42/60 com/sun/net/httpserver/HttpServer
     [java] Pass 1: Analyzing classes (43 / 60) - 71% complete     0 0/2  43/60 com/sun/net/httpserver/HttpExchange
     [java] Pass 1: Analyzing classes (44 / 60) - 73% complete     0 0/2  44/60 java/io/IOException
     [java] Pass 1: Analyzing classes (45 / 60) - 75% complete     0 0/2  45/60 java/util/HashSet
     [java] Pass 1: Analyzing classes (46 / 60) - 76% complete     0 0/2  46/60 com/alibaba/nacos/api/common/Constants
     [java] Pass 1: Analyzing classes (47 / 60) - 78% complete     0 0/2  47/60 com/alibaba/nacos/embedded/web/server/NacosConfigHttpHandler$LongPolling
     [java] Pass 1: Analyzing classes (48 / 60) - 80% complete     0 0/2  48/60 org/springframework/util/StringUtils
     [java] Pass 1: Analyzing classes (49 / 60) - 81% complete     0 0/2  49/60 java/util/concurrent/TimeUnit
     [java] Pass 1: Analyzing classes (50 / 60) - 83% complete     0 0/2  50/60 java/lang/IllegalArgumentException
     [java] Pass 1: Analyzing classes (51 / 60) - 85% complete     0 0/2  51/60 java/lang/CloneNotSupportedException
     [java] Pass 1: Analyzing classes (52 / 60) - 86% complete     0 0/2  52/60 java/io/OutputStream
     [java] Pass 1: Analyzing classes (53 / 60) - 88% complete     0 0/2  53/60 org/springframework/util/StreamUtils
     [java] Pass 1: Analyzing classes (54 / 60) - 90% complete     0 0/2  54/60 java/net/URI
     [java] Pass 1: Analyzing classes (55 / 60) - 91% complete     0 0/2  55/60 com/alibaba/nacos/common/utils/MD5Utils
     [java] Pass 1: Analyzing classes (56 / 60) - 93% complete     0 0/2  56/60 jdk/internal/HotSpotIntrinsicCandidate
     [java] Pass 1: Analyzing classes (57 / 60) - 95% complete     0 0/2  57/60 java/lang/Class
     [java] Pass 1: Analyzing classes (58 / 60) - 96% complete     0 0/2  58/60 javax/servlet/ServletContextListener
     [java] Pass 1: Analyzing classes (59 / 60) - 98% complete     0 0/2  59/60 java/lang/Deprecated
     [java] Pass 1: Analyzing classes (60 / 60) - 100% complete     0 : Pass 1: 6 classes
     [java] XFactory cached methods: 1487/2140
     [java] Descriptor factory: 1202/1487/11509
     [java] Pass 2: Analyzing classes (0 / 6) - 00% complete     0 1/2  0/6 com/alibaba/nacos/embedded/web/server/NacosConfigHttpHandler$LongPolling
     [java] Pass 2: Analyzing classes (1 / 6) - 16% complete      36 usecs/byte      40 msec    1089 bytes  1 pass com/alibaba/nacos/embedded/web/server/NacosConfigHttpHandler$LongPolling     0 1/2  1/6 com/alibaba/nacos/embedded/web/server/EmbeddedNacosHttpServer$1
     [java] Pass 2: Analyzing classes (2 / 6) - 33% complete     0 1/2  2/6 com/alibaba/nacos/embedded/web/server/NacosConfigHttpHandler
     [java] Pass 2: Analyzing classes (3 / 6) - 50% complete     0 1/2  3/6 com/alibaba/nacos/embedded/web/server/EmbeddedNacosHttpServer
     [java] Pass 2: Analyzing classes (4 / 6) - 66% complete     0 1/2  4/6 com/alibaba/nacos/embedded/web/server/NacosConfigHttpHandler$1
     [java] Pass 2: Analyzing classes (5 / 6) - 83% complete     0 1/2  5/6 com/alibaba/nacos/embedded/web/servlet/EmbeddedNacosHttpServerListener
     [java] Pass 2: Analyzing classes (6 / 6) - 100% completeDone with analysis
     [java] Analysis completed
[INFO] Done SpotBugs Analysis....
[INFO] 
[INFO] <<< spotbugs-maven-plugin:4.2.3-SNAPSHOT:check (default-cli) < :spotbugs @ nacos-embedded-webserver <<<
[INFO] 
[INFO] 
[INFO] --- spotbugs-maven-plugin:4.2.3-SNAPSHOT:check (default-cli) @ nacos-embedded-webserver ---
[INFO] BugInstance size is 0
[INFO] Error size is 0
[INFO] No errors/warnings found
[INFO] 
[INFO] ---------------< com.alibaba.nacos:nacos-spring-context >---------------
[INFO] Building Alibaba Nacos :: Spring :: Context 1.0.1                  [3/5]
[INFO] --------------------------------[ jar ]---------------------------------
[INFO] 
[INFO] >>> spotbugs-maven-plugin:4.2.3-SNAPSHOT:check (default-cli) > :spotbugs @ nacos-spring-context >>>
[INFO] Downloading from central: https://repo.maven.apache.org/maven2/com/alibaba/nacos/nacos-embedded-webserver/1.0.1/nacos-embedded-webserver-1.0.1.jar
[INFO] 
[INFO] ---------------< com.alibaba.nacos:nacos-spring-samples >---------------
[INFO] Building Alibaba Nacos :: Samples :: POM 1.0.1                     [4/5]
[INFO] --------------------------------[ pom ]---------------------------------
[INFO] 
[INFO] >>> spotbugs-maven-plugin:4.2.3-SNAPSHOT:check (default-cli) > :spotbugs @ nacos-spring-samples >>>
[INFO] 
[INFO] --- spotbugs-maven-plugin:4.2.3-SNAPSHOT:spotbugs (spotbugs) @ nacos-spring-samples ---
[INFO] 
[INFO] <<< spotbugs-maven-plugin:4.2.3-SNAPSHOT:check (default-cli) < :spotbugs @ nacos-spring-samples <<<
[INFO] 
[INFO] 
[INFO] --- spotbugs-maven-plugin:4.2.3-SNAPSHOT:check (default-cli) @ nacos-spring-samples ---
[INFO] 
[INFO] ------------< com.alibaba.nacos:nacos-spring-webmvc-sample >------------
[INFO] Building Alibaba Nacos :: Samples :: Spring Web MVC 1.0.1          [5/5]
[INFO] --------------------------------[ war ]---------------------------------
[INFO] 
[INFO] >>> spotbugs-maven-plugin:4.2.3-SNAPSHOT:check (default-cli) > :spotbugs @ nacos-spring-webmvc-sample >>>
[INFO] Downloading from central: https://repo.maven.apache.org/maven2/com/alibaba/nacos/nacos-spring-context/1.0.1/nacos-spring-context-1.0.1.jar
[INFO] ------------------------------------------------------------------------
[INFO] Reactor Summary for Alibaba Nacos :: Spring :: POM 1.0.1:
[INFO] 
[INFO] Alibaba Nacos :: Spring :: POM ..................... SUCCESS [  0.898 s]
[INFO] Alibaba Nacos :: Samples :: Embedded Web Server .... SUCCESS [  2.183 s]
[INFO] Alibaba Nacos :: Spring :: Context ................. FAILURE [  1.083 s]
[INFO] Alibaba Nacos :: Samples :: POM .................... SUCCESS [  0.009 s]
[INFO] Alibaba Nacos :: Samples :: Spring Web MVC ......... FAILURE [  0.768 s]
[INFO] ------------------------------------------------------------------------
[INFO] BUILD FAILURE
[INFO] ------------------------------------------------------------------------
[INFO] Total time:  5.152 s
[INFO] Finished at: 2021-03-29T14:31:47+08:00
[INFO] ------------------------------------------------------------------------
[ERROR] Failed to execute goal on project nacos-spring-context: Could not resolve dependencies for project com.alibaba.nacos:nacos-spring-context:jar:1.0.1: Could not find artifact com.alibaba.nacos:nacos-embedded-webserver:jar:1.0.1 in central (https://repo.maven.apache.org/maven2) -> [Help 1]
[ERROR] Failed to execute goal on project nacos-spring-webmvc-sample: Could not resolve dependencies for project com.alibaba.nacos:nacos-spring-webmvc-sample:war:1.0.1: The following artifacts could not be resolved: com.alibaba.nacos:nacos-spring-context:jar:1.0.1, com.alibaba.nacos:nacos-embedded-webserver:jar:1.0.1: Could not find artifact com.alibaba.nacos:nacos-spring-context:jar:1.0.1 in central (https://repo.maven.apache.org/maven2) -> [Help 1]
[ERROR] 
[ERROR] To see the full stack trace of the errors, re-run Maven with the -e switch.
[ERROR] Re-run Maven using the -X switch to enable full debug logging.
[ERROR] 
[ERROR] For more information about the errors and possible solutions, please read the following articles:
[ERROR] [Help 1] http://cwiki.apache.org/confluence/display/MAVEN/DependencyResolutionException
[ERROR] 
[ERROR] After correcting the problems, you can resume the build with the command
[ERROR]   mvn <args> -rf :nacos-spring-context
[INFO] Build failures were ignored.
