WARNING: An illegal reflective access operation has occurred
WARNING: Illegal reflective access by com.google.inject.internal.cglib.core.$ReflectUtils$1 (file:/usr/share/maven/lib/guice.jar) to method java.lang.ClassLoader.defineClass(java.lang.String,byte[],int,int,java.security.ProtectionDomain)
WARNING: Please consider reporting this to the maintainers of com.google.inject.internal.cglib.core.$ReflectUtils$1
WARNING: Use --illegal-access=warn to enable warnings of further illegal reflective access operations
WARNING: All illegal access operations will be denied in a future release
[INFO] Scanning for projects...
[INFO] 
[INFO] ---------------------< com.github.houbb:opencc4j >----------------------
[INFO] Building opencc4j 1.6.0
[INFO] --------------------------------[ jar ]---------------------------------
[INFO] 
[INFO] >>> spotbugs-maven-plugin:4.2.3-SNAPSHOT:check (default-cli) > :spotbugs @ opencc4j >>>
[INFO] 
[INFO] --- spotbugs-maven-plugin:4.2.3-SNAPSHOT:spotbugs (spotbugs) @ opencc4j ---
[INFO] Fork Value is true
     [java] Loading edu.umd.cs.findbugs.plugins.core
     [java] Registering detector: edu.umd.cs.findbugs.detect.OverridingMethodsMustInvokeSuperDetector
     [java] Registering detector: edu.umd.cs.findbugs.detect.FindRoughConstants
     [java] Registering detector: edu.umd.cs.findbugs.detect.FunctionsThatMightBeMistakenForProcedures
     [java] Registering detector: edu.umd.cs.findbugs.detect.NoteSuppressedWarnings
     [java] Registering detector: edu.umd.cs.findbugs.detect.NoteAnnotationRetention
     [java] Registering detector: edu.umd.cs.findbugs.detect.NoteDirectlyRelevantTypeQualifiers
     [java] Registering detector: edu.umd.cs.findbugs.detect.BuildInterproceduralCallGraph
     [java] Registering detector: edu.umd.cs.findbugs.detect.BuildObligationPolicyDatabase
     [java] Registering detector: edu.umd.cs.findbugs.detect.SynchronizeAndNullCheckField
     [java] Registering detector: edu.umd.cs.findbugs.detect.InitializeNonnullFieldsInConstructor
     [java] Registering detector: edu.umd.cs.findbugs.detect.BooleanReturnNull
     [java] Registering detector: edu.umd.cs.findbugs.detect.OptionalReturnNull
     [java] Registering detector: edu.umd.cs.findbugs.detect.NoteJCIPAnnotation
     [java] Registering detector: edu.umd.cs.findbugs.detect.Methods
     [java] Registering detector: edu.umd.cs.findbugs.detect.ReflectiveClasses
     [java] Registering detector: edu.umd.cs.findbugs.detect.CalledMethods
     [java] Registering detector: edu.umd.cs.findbugs.detect.FindNoSideEffectMethods
     [java] Registering detector: edu.umd.cs.findbugs.detect.BuildStringPassthruGraph
     [java] Registering detector: edu.umd.cs.findbugs.detect.ConfusionBetweenInheritedAndOuterMethod
     [java] Registering detector: edu.umd.cs.findbugs.detect.SynchronizationOnSharedBuiltinConstant
     [java] Registering detector: edu.umd.cs.findbugs.detect.NoteCheckReturnValueAnnotations
     [java] Registering detector: edu.umd.cs.findbugs.detect.FieldItemSummary
     [java] Registering detector: edu.umd.cs.findbugs.detect.NoteNonNullAnnotations
     [java] Registering detector: edu.umd.cs.findbugs.detect.NoteUnconditionalParamDerefs
     [java] Registering detector: edu.umd.cs.findbugs.detect.NoteNonnullReturnValues
     [java] Registering detector: edu.umd.cs.findbugs.detect.SynchronizeOnClassLiteralNotGetClass
     [java] Registering detector: edu.umd.cs.findbugs.detect.InfiniteRecursiveLoop
     [java] Registering detector: edu.umd.cs.findbugs.detect.InfiniteLoop
     [java] Registering detector: edu.umd.cs.findbugs.detect.VolatileUsage
     [java] Registering detector: edu.umd.cs.findbugs.detect.InheritanceUnsafeGetResource
     [java] Registering detector: edu.umd.cs.findbugs.detect.EmptyZipFileEntry
     [java] Registering detector: edu.umd.cs.findbugs.detect.DoInsideDoPrivileged
     [java] Registering detector: edu.umd.cs.findbugs.detect.HugeSharedStringConstants
     [java] Registering detector: edu.umd.cs.findbugs.detect.FinalizerNullsFields
     [java] Registering detector: edu.umd.cs.findbugs.detect.MutableEnum
     [java] Registering detector: edu.umd.cs.findbugs.detect.InconsistentAnnotations
     [java] Registering detector: edu.umd.cs.findbugs.detect.RepeatedConditionals
     [java] Registering detector: edu.umd.cs.findbugs.detect.RedundantConditions
     [java] Registering detector: edu.umd.cs.findbugs.detect.CallToUnsupportedMethod
     [java] Registering detector: edu.umd.cs.findbugs.detect.FormatStringChecker
     [java] Registering detector: edu.umd.cs.findbugs.detect.LostLoggerDueToWeakReference
     [java] Registering detector: edu.umd.cs.findbugs.detect.TestingGround
     [java] Registering detector: edu.umd.cs.findbugs.detect.TestingGround2
     [java] Registering detector: edu.umd.cs.findbugs.detect.NoiseNullDeref
     [java] Registering detector: edu.umd.cs.findbugs.detect.Noise
     [java] Registering detector: edu.umd.cs.findbugs.detect.EqualsOperandShouldHaveClassCompatibleWithThis
     [java] Registering detector: edu.umd.cs.findbugs.detect.ResolveAllReferences
     [java] Registering detector: edu.umd.cs.findbugs.detect.CheckImmutableAnnotation
     [java] Registering detector: edu.umd.cs.findbugs.detect.DontCatchIllegalMonitorStateException
     [java] Registering detector: edu.umd.cs.findbugs.detect.FindFloatMath
     [java] Registering detector: edu.umd.cs.findbugs.detect.CloneIdiom
     [java] Registering detector: edu.umd.cs.findbugs.detect.ComparatorIdiom
     [java] Registering detector: edu.umd.cs.findbugs.detect.FindFieldSelfAssignment
     [java] Registering detector: edu.umd.cs.findbugs.detect.FindSelfComparison
     [java] Registering detector: edu.umd.cs.findbugs.detect.FindSelfComparison2
     [java] Registering detector: edu.umd.cs.findbugs.detect.DroppedException
     [java] Registering detector: edu.umd.cs.findbugs.detect.LoadOfKnownNullValue
     [java] Registering detector: edu.umd.cs.findbugs.detect.DumbMethodInvocations
     [java] Registering detector: edu.umd.cs.findbugs.detect.URLProblems
     [java] Registering detector: edu.umd.cs.findbugs.detect.CovariantArrayAssignment
     [java] Registering detector: edu.umd.cs.findbugs.detect.DumbMethods
     [java] Registering detector: edu.umd.cs.findbugs.detect.NumberConstructor
     [java] Registering detector: edu.umd.cs.findbugs.detect.FindSqlInjection
     [java] Registering detector: edu.umd.cs.findbugs.detect.FindDoubleCheck
     [java] Registering detector: edu.umd.cs.findbugs.detect.FindFinalizeInvocations
     [java] Registering detector: edu.umd.cs.findbugs.detect.FindHEmismatch
     [java] Registering detector: edu.umd.cs.findbugs.detect.OverridingEqualsNotSymmetrical
     [java] Registering detector: edu.umd.cs.findbugs.detect.FindNakedNotify
     [java] Registering detector: edu.umd.cs.findbugs.detect.FindReturnRef
     [java] Registering detector: edu.umd.cs.findbugs.detect.FindRunInvocations
     [java] Registering detector: edu.umd.cs.findbugs.detect.SwitchFallthrough
     [java] Registering detector: edu.umd.cs.findbugs.detect.FindSpinLoop
     [java] Registering detector: edu.umd.cs.findbugs.detect.FindNonShortCircuit
     [java] Registering detector: edu.umd.cs.findbugs.detect.FindTwoLockWait
     [java] Registering detector: edu.umd.cs.findbugs.detect.FindUnconditionalWait
     [java] Registering detector: edu.umd.cs.findbugs.detect.FindUninitializedGet
     [java] Registering detector: edu.umd.cs.findbugs.detect.DontUseEnum
     [java] Registering detector: edu.umd.cs.findbugs.detect.FindUnsyncGet
     [java] Registering detector: edu.umd.cs.findbugs.detect.InitializationChain
     [java] Registering detector: edu.umd.cs.findbugs.detect.IteratorIdioms
     [java] Registering detector: edu.umd.cs.findbugs.detect.PreferZeroLengthArrays
     [java] Registering detector: edu.umd.cs.findbugs.detect.SynchronizingOnContentsOfFieldToProtectField
     [java] Registering detector: edu.umd.cs.findbugs.detect.MutableLock
     [java] Registering detector: edu.umd.cs.findbugs.detect.FindUselessObjects
     [java] Registering detector: edu.umd.cs.findbugs.detect.MutableStaticFields
     [java] Registering detector: edu.umd.cs.findbugs.detect.Naming
     [java] Registering detector: edu.umd.cs.findbugs.detect.ReadReturnShouldBeChecked
     [java] Registering detector: edu.umd.cs.findbugs.detect.SerializableIdiom
     [java] Registering detector: edu.umd.cs.findbugs.detect.StartInConstructor
     [java] Registering detector: edu.umd.cs.findbugs.detect.FindBadForLoop
     [java] Registering detector: edu.umd.cs.findbugs.detect.ExplicitSerialization
     [java] Registering detector: edu.umd.cs.findbugs.detect.UnreadFields
     [java] Registering detector: edu.umd.cs.findbugs.detect.WaitInLoop
     [java] Registering detector: edu.umd.cs.findbugs.detect.FindComparatorProblems
     [java] Registering detector: edu.umd.cs.findbugs.detect.FindNullDeref
     [java] Registering detector: edu.umd.cs.findbugs.detect.FindNullDerefsInvolvingNonShortCircuitEvaluation
     [java] Registering detector: edu.umd.cs.findbugs.detect.FindOpenStream
     [java] Registering detector: edu.umd.cs.findbugs.detect.FindUselessControlFlow
     [java] Registering detector: edu.umd.cs.findbugs.detect.FindUnreleasedLock
     [java] Registering detector: edu.umd.cs.findbugs.detect.FindRefComparison
     [java] Registering detector: edu.umd.cs.findbugs.detect.FindMismatchedWaitOrNotify
     [java] Registering detector: edu.umd.cs.findbugs.detect.FindEmptySynchronizedBlock
     [java] Registering detector: edu.umd.cs.findbugs.detect.FindInconsistentSync2
     [java] Registering detector: edu.umd.cs.findbugs.detect.FindLocalSelfAssignment2
     [java] Registering detector: edu.umd.cs.findbugs.detect.IncompatMask
     [java] Registering detector: edu.umd.cs.findbugs.detect.LazyInit
     [java] Registering detector: edu.umd.cs.findbugs.detect.FindJSR166LockMonitorenter
     [java] Registering detector: edu.umd.cs.findbugs.detect.FindUncalledPrivateMethods
     [java] Registering detector: edu.umd.cs.findbugs.detect.UncallableMethodOfAnonymousClass
     [java] Registering detector: edu.umd.cs.findbugs.detect.StringConcatenation
     [java] Registering detector: edu.umd.cs.findbugs.detect.InefficientInitializationInsideLoop
     [java] Registering detector: edu.umd.cs.findbugs.detect.InefficientIndexOf
     [java] Registering detector: edu.umd.cs.findbugs.detect.InefficientToArray
     [java] Registering detector: edu.umd.cs.findbugs.detect.InvalidJUnitTest
     [java] Registering detector: edu.umd.cs.findbugs.detect.BadlyOverriddenAdapter
     [java] Registering detector: edu.umd.cs.findbugs.detect.BadResultSetAccess
     [java] Registering detector: edu.umd.cs.findbugs.detect.SuperfluousInstanceOf
     [java] Registering detector: edu.umd.cs.findbugs.detect.BadAppletConstructor
     [java] Registering detector: edu.umd.cs.findbugs.detect.SuspiciousThreadInterrupted
     [java] Registering detector: edu.umd.cs.findbugs.detect.FindDeadLocalStores
     [java] Registering detector: edu.umd.cs.findbugs.detect.FindMaskedFields
     [java] Registering detector: edu.umd.cs.findbugs.detect.WrongMapIterator
     [java] Registering detector: edu.umd.cs.findbugs.detect.InstantiateStaticClass
     [java] Registering detector: edu.umd.cs.findbugs.detect.RuntimeExceptionCapture
     [java] Registering detector: edu.umd.cs.findbugs.detect.FindFloatEquality
     [java] Registering detector: edu.umd.cs.findbugs.detect.FindUnsatisfiedObligation
     [java] Registering detector: edu.umd.cs.findbugs.detect.UnnecessaryMath
     [java] Registering detector: edu.umd.cs.findbugs.detect.FindCircularDependencies
     [java] Registering detector: edu.umd.cs.findbugs.detect.RedundantInterfaces
     [java] Registering detector: edu.umd.cs.findbugs.detect.MultithreadedInstanceAccess
     [java] Registering detector: edu.umd.cs.findbugs.detect.PublicSemaphores
     [java] Registering detector: edu.umd.cs.findbugs.detect.BadUseOfReturnValue
     [java] Registering detector: edu.umd.cs.findbugs.detect.MethodReturnCheck
     [java] Registering detector: edu.umd.cs.findbugs.detect.IDivResultCastToDouble
     [java] Registering detector: edu.umd.cs.findbugs.detect.FindBadCast2
     [java] Registering detector: edu.umd.cs.findbugs.detect.FindUseOfNonSerializableValue
     [java] Registering detector: edu.umd.cs.findbugs.detect.FindNonSerializableStoreIntoSession
     [java] Registering detector: edu.umd.cs.findbugs.detect.FindNonSerializableValuePassedToWriteObject
     [java] Registering detector: edu.umd.cs.findbugs.detect.BadSyntaxForRegularExpression
     [java] Registering detector: edu.umd.cs.findbugs.detect.VarArgsProblems
     [java] Registering detector: edu.umd.cs.findbugs.detect.FindPuzzlers
     [java] Registering detector: edu.umd.cs.findbugs.detect.IntCast2LongAsInstant
     [java] Registering detector: edu.umd.cs.findbugs.detect.FindSleepWithLockHeld
     [java] Registering detector: edu.umd.cs.findbugs.detect.InefficientMemberAccess
     [java] Registering detector: edu.umd.cs.findbugs.detect.DuplicateBranches
     [java] Registering detector: edu.umd.cs.findbugs.detect.XMLFactoryBypass
     [java] Registering detector: edu.umd.cs.findbugs.detect.UselessSubclassMethod
     [java] Registering detector: edu.umd.cs.findbugs.detect.ConfusedInheritance
     [java] Registering detector: edu.umd.cs.findbugs.detect.QuestionableBooleanAssignment
     [java] Registering detector: edu.umd.cs.findbugs.detect.TrainUnconditionalDerefParams
     [java] Registering detector: edu.umd.cs.findbugs.detect.TrainLongInstantfParams
     [java] Registering detector: edu.umd.cs.findbugs.detect.TrainFieldStoreTypes
     [java] Registering detector: edu.umd.cs.findbugs.detect.TrainNonNullAnnotations
     [java] Registering detector: edu.umd.cs.findbugs.detect.CheckCalls
     [java] Registering detector: edu.umd.cs.findbugs.detect.FindBugsSummaryStats
     [java] Registering detector: edu.umd.cs.findbugs.detect.AppendingToAnObjectOutputStream
     [java] Registering detector: edu.umd.cs.findbugs.detect.TestASM
     [java] Registering detector: edu.umd.cs.findbugs.detect.FindUnrelatedTypesInGenericContainer
     [java] Registering detector: edu.umd.cs.findbugs.detect.StaticCalendarDetector
     [java] Registering detector: edu.umd.cs.findbugs.detect.TestDataflowAnalysis
     [java] Registering detector: edu.umd.cs.findbugs.detect.CheckTypeQualifiers
     [java] Registering detector: edu.umd.cs.findbugs.detect.CrossSiteScripting
     [java] Registering detector: edu.umd.cs.findbugs.detect.DontIgnoreResultOfPutIfAbsent
     [java] Registering detector: edu.umd.cs.findbugs.detect.ReadOfInstanceFieldInMethodInvokedByConstructorInSuperclass
     [java] Registering detector: edu.umd.cs.findbugs.detect.AtomicityProblem
     [java] Registering detector: edu.umd.cs.findbugs.detect.CheckExpectedWarnings
     [java] Registering detector: edu.umd.cs.findbugs.detect.DefaultEncodingDetector
     [java] Registering detector: edu.umd.cs.findbugs.detect.CheckRelaxingNullnessAnnotation
     [java] Registering detector: edu.umd.cs.findbugs.detect.DontAssertInstanceofInTests
     [java] Scanning archives (0 / 6)Scanning archives (1 / 6)Scanning archives (2 / 6)Scanning archives (3 / 6)Scanning archives (4 / 6)Scanning archives (5 / 6)Scanning archives (6 / 6)28 classes scannedAdding referenced classes
     [java] Added 2 referenced classes
     [java] Total of 35 packages
     [java]   com/github/houbb/opencc4j/support/convert/context/impl/DefaultUnitConvertContext
     [java]   java/lang/Integer
     [java]   java/io/StreamCorruptedException
     [java]   java/lang/StringBuilder
     [java]   java/util/ArrayList
     [java]   java/io/ObjectOutputStream
     [java]   java/lang/Throwable$WrappedPrintStream
     [java]   com/github/houbb/opencc4j/support/segment/impl/FastForwardSegment
     [java]   java/io/PrintStream
     [java]   com/github/houbb/nlp/common/constant/NlpConst
     [java]   java/util/Collection
     [java]   com/huaban/analysis/jieba/JiebaSegmenter
     [java]   com/github/houbb/heaven/annotation/ThreadSafe
     [java]   com/github/houbb/opencc4j/support/convert/core/impl/DefaultUnitConvert
     [java]   com/github/houbb/opencc4j/support/datamap/impl/DataMapDefault
     [java]   com/github/houbb/nlp/common/segment/ICommonSegment
     [java]   com/github/houbb/opencc4j/support/data/impl/TSPhraseData
     [java]   java/io/Reader
     [java]   java/lang/Throwable
     [java]   java/io/ObjectInputStream
     [java]   java/lang/Thread
     [java]   com/github/houbb/heaven/util/util/CollectionUtil
     [java]   com/github/houbb/opencc4j/support/segment/impl/Segments
     [java]   com/github/houbb/heaven/util/lang/StringUtil
     [java]   java/lang/Exception
     [java]   java/util/Iterator
     [java]   com/github/houbb/opencc4j/util/ZhConverterUtil
     [java]   com/github/houbb/heaven/util/guava/Guavas
     [java]   com/github/houbb/opencc4j/support/data/impl/STCharData
     [java]   com/github/houbb/opencc4j/core/impl/ZhConvertBootstrap
     [java]   java/util/Map
     [java]   java/io/BufferedReader
     [java]   java/util/IdentityHashMap
     [java]   com/github/houbb/opencc4j/support/segment/impl/AbstractSegment
     [java]   com/github/houbb/heaven/util/common/ArgUtil
     [java]   [Ljava/lang/StackTraceElement;
     [java]   java/lang/Object
     [java]   java/io/Serializable
     [java]   java/lang/AssertionError
     [java]   java/util/Collections
     [java]   com/github/houbb/opencc4j/support/data/Data
     [java]   java/lang/IllegalStateException
     [java]   com/github/houbb/opencc4j/constant/AppConstant
     [java]   java/lang/RuntimeException
     [java]   java/util/List
     [java]   com/github/houbb/opencc4j/support/convert/context/UnitConvertContext
     [java]   com/github/houbb/opencc4j/model/data/DataInfo
     [java]   java/lang/System
     [java]   com/github/houbb/opencc4j/support/data/impl/AbstractData
     [java]   java/nio/charset/Charset
     [java]   java/lang/Boolean
     [java]   com/github/houbb/heaven/support/instance/impl/Instances
     [java]   java/util/HashMap
     [java]   java/lang/InterruptedException
     [java]   com/github/houbb/opencc4j/support/data/impl/STPhraseData
     [java]   com/github/houbb/opencc4j/support/segment/impl/CharSegment
     [java]   java/lang/Throwable$WrappedPrintWriter
     [java]   com/github/houbb/opencc4j/support/data/impl/TSCharData
     [java]   com/github/houbb/opencc4j/support/data/impl/DataUtil
     [java]   java/io/InputStream
     [java]   java/util/Set
     [java]   com/github/houbb/nlp/common/dfa/tree/ITrieTreeMap
     [java]   com/github/houbb/nlp/common/dfa/tree/impl/AbstractTrieTreeMap
     [java]   java/lang/String
     [java]   java/lang/Character
     [java]   com/github/houbb/opencc4j/support/data/impl/OpenccDatas
     [java]   com/github/houbb/heaven/util/util/MapUtil
     [java]   java/lang/ClassNotFoundException
     [java]   java/io/InputStreamReader
     [java]   java/lang/NullPointerException
     [java]   java/io/IOException
     [java]   com/github/houbb/opencc4j/support/segment/trie/OpenccTrieTreeMap
     [java]   com/github/houbb/opencc4j/exception/Opencc4jRuntimeException
     [java]   com/github/houbb/opencc4j/core/ZhConvert
     [java]   com/github/houbb/heaven/util/lang/ObjectUtil
     [java]   com/github/houbb/opencc4j/support/datamap/impl/DataMaps
     [java]   java/lang/Math
     [java]   java/lang/Throwable$PrintStreamOrWriter
     [java]   java/lang/Throwable$SentinelHolder
     [java]   java/lang/IllegalArgumentException
     [java]   java/lang/CloneNotSupportedException
     [java]   com/github/houbb/opencc4j/support/segment/Segment
     [java]   com/github/houbb/nlp/common/dfa/tree/impl/DefaultTrieTreeMap
     [java]   com/github/houbb/nlp/common/segment/impl/CommonSegments
     [java]   com/github/houbb/opencc4j/support/datamap/IDataMap
     [java]   com/github/houbb/opencc4j/support/convert/core/UnitConvert
     [java]   jdk/internal/HotSpotIntrinsicCandidate
     [java]   java/lang/Class
     [java]   java/util/Objects
     [java]   com/github/houbb/opencc4j/support/segment/impl/HuaBanSegment
     [java]   java/lang/StackTraceElement
     [java]   java/lang/Deprecated
     [java] Adding plugin edu.umd.cs.findbugs.plugins.core to execution plan
     [java] Dependences force enabling of edu.umd.cs.findbugs.detect.FieldItemSummary
     [java] Dependences force enabling of edu.umd.cs.findbugs.detect.NoteSuppressedWarnings
     [java] Dependences force enabling of edu.umd.cs.findbugs.detect.EqualsOperandShouldHaveClassCompatibleWithThis
     [java] Dependences force enabling of edu.umd.cs.findbugs.detect.NoteAnnotationRetention
     [java] Dependences force enabling of edu.umd.cs.findbugs.detect.BuildStringPassthruGraph
     [java] Dependences force enabling of edu.umd.cs.findbugs.detect.FunctionsThatMightBeMistakenForProcedures
     [java] Dependences force enabling of edu.umd.cs.findbugs.detect.FindNoSideEffectMethods
     [java] Dependences force enabling of edu.umd.cs.findbugs.detect.NoteCheckReturnValueAnnotations
     [java] Dependences force enabling of edu.umd.cs.findbugs.detect.FindBugsSummaryStats
     [java] 2 passes in execution plan
     [java] 2 analysis passes to perform     0 : Pass 0: 91 classesXFactory cached methods: 1827/1827
     [java] Descriptor factory: 1506/1827/10280
     [java] Pass 1: Analyzing classes (0 / 91) - 00% complete     0 0/2  0/91 com/github/houbb/opencc4j/support/convert/context/impl/DefaultUnitConvertContext
     [java] Pass 1: Analyzing classes (1 / 91) - 01% complete     0 0/2  1/91 java/lang/Integer
     [java] Pass 1: Analyzing classes (2 / 91) - 02% complete     0 0/2  2/91 java/io/StreamCorruptedException
     [java] Pass 1: Analyzing classes (3 / 91) - 03% complete     0 0/2  3/91 java/lang/StringBuilder
     [java] Pass 1: Analyzing classes (4 / 91) - 04% complete     0 0/2  4/91 java/util/ArrayList
     [java] Pass 1: Analyzing classes (5 / 91) - 05% complete     0 0/2  5/91 java/io/ObjectOutputStream
     [java] Pass 1: Analyzing classes (6 / 91) - 06% complete     0 0/2  6/91 java/lang/Throwable$WrappedPrintStream
     [java] Pass 1: Analyzing classes (7 / 91) - 07% complete     0 0/2  7/91 com/github/houbb/opencc4j/support/segment/impl/FastForwardSegment
     [java] Pass 1: Analyzing classes (8 / 91) - 08% complete     0 0/2  8/91 java/io/PrintStream
     [java] Pass 1: Analyzing classes (9 / 91) - 09% complete     0 0/2  9/91 com/github/houbb/nlp/common/constant/NlpConst
     [java] Pass 1: Analyzing classes (10 / 91) - 10% complete     0 0/2  10/91 java/util/Collection
     [java] Pass 1: Analyzing classes (11 / 91) - 12% complete     0 0/2  11/91 com/huaban/analysis/jieba/JiebaSegmenter
     [java] Pass 1: Analyzing classes (12 / 91) - 13% complete     0 0/2  12/91 com/github/houbb/heaven/annotation/ThreadSafe
     [java] Pass 1: Analyzing classes (13 / 91) - 14% complete     0 0/2  13/91 com/github/houbb/opencc4j/support/convert/core/impl/DefaultUnitConvert
     [java] Pass 1: Analyzing classes (14 / 91) - 15% complete     0 0/2  14/91 com/github/houbb/opencc4j/support/datamap/impl/DataMapDefault
     [java] Pass 1: Analyzing classes (15 / 91) - 16% complete     0 0/2  15/91 com/github/houbb/nlp/common/segment/ICommonSegment
     [java] Pass 1: Analyzing classes (16 / 91) - 17% complete     0 0/2  16/91 com/github/houbb/opencc4j/support/data/impl/TSPhraseData
     [java] Pass 1: Analyzing classes (17 / 91) - 18% complete     0 0/2  17/91 java/io/Reader
     [java] Pass 1: Analyzing classes (18 / 91) - 19% complete     0 0/2  18/91 java/lang/Throwable
     [java] Pass 1: Analyzing classes (19 / 91) - 20% complete     0 0/2  19/91 java/io/ObjectInputStream
     [java] Pass 1: Analyzing classes (20 / 91) - 21% complete     0 0/2  20/91 java/lang/Thread
     [java] Pass 1: Analyzing classes (21 / 91) - 23% complete     0 0/2  21/91 com/github/houbb/heaven/util/util/CollectionUtil
     [java] Pass 1: Analyzing classes (22 / 91) - 24% complete     0 0/2  22/91 com/github/houbb/opencc4j/support/segment/impl/Segments
     [java] Pass 1: Analyzing classes (23 / 91) - 25% complete     0 0/2  23/91 com/github/houbb/heaven/util/lang/StringUtil
     [java] Pass 1: Analyzing classes (24 / 91) - 26% complete     0 0/2  24/91 java/lang/Exception
     [java] Pass 1: Analyzing classes (25 / 91) - 27% complete     0 0/2  25/91 java/util/Iterator
     [java] Pass 1: Analyzing classes (26 / 91) - 28% complete     0 0/2  26/91 com/github/houbb/opencc4j/util/ZhConverterUtil
     [java] Pass 1: Analyzing classes (27 / 91) - 29% complete     0 0/2  27/91 com/github/houbb/heaven/util/guava/Guavas
     [java] Pass 1: Analyzing classes (28 / 91) - 30% complete     0 0/2  28/91 com/github/houbb/opencc4j/support/data/impl/STCharData
     [java] Pass 1: Analyzing classes (29 / 91) - 31% complete     0 0/2  29/91 com/github/houbb/opencc4j/core/impl/ZhConvertBootstrap
     [java] Pass 1: Analyzing classes (30 / 91) - 32% complete     0 0/2  30/91 java/util/Map
     [java] Pass 1: Analyzing classes (31 / 91) - 34% complete     0 0/2  31/91 java/io/BufferedReader
     [java] Pass 1: Analyzing classes (32 / 91) - 35% complete     0 0/2  32/91 java/util/IdentityHashMap
     [java] Pass 1: Analyzing classes (33 / 91) - 36% complete     0 0/2  33/91 com/github/houbb/opencc4j/support/segment/impl/AbstractSegment
     [java] Pass 1: Analyzing classes (34 / 91) - 37% complete     0 0/2  34/91 com/github/houbb/heaven/util/common/ArgUtil
     [java] Pass 1: Analyzing classes (35 / 91) - 38% complete     0 0/2  35/91 java/lang/Object
     [java] Pass 1: Analyzing classes (36 / 91) - 39% complete     0 0/2  36/91 java/io/Serializable
     [java] Pass 1: Analyzing classes (37 / 91) - 40% complete     0 0/2  37/91 java/lang/AssertionError
     [java] Pass 1: Analyzing classes (38 / 91) - 41% complete     0 0/2  38/91 java/util/Collections
     [java] Pass 1: Analyzing classes (39 / 91) - 42% complete     0 0/2  39/91 com/github/houbb/opencc4j/support/data/Data
     [java] Pass 1: Analyzing classes (40 / 91) - 43% complete     0 0/2  40/91 java/lang/IllegalStateException
     [java] Pass 1: Analyzing classes (41 / 91) - 45% complete     0 0/2  41/91 com/github/houbb/opencc4j/constant/AppConstant
     [java] Pass 1: Analyzing classes (42 / 91) - 46% complete     0 0/2  42/91 java/lang/RuntimeException
     [java] Pass 1: Analyzing classes (43 / 91) - 47% complete     0 0/2  43/91 java/util/List
     [java] Pass 1: Analyzing classes (44 / 91) - 48% complete     0 0/2  44/91 com/github/houbb/opencc4j/support/convert/context/UnitConvertContext
     [java] Pass 1: Analyzing classes (45 / 91) - 49% complete     0 0/2  45/91 com/github/houbb/opencc4j/model/data/DataInfo
     [java] Pass 1: Analyzing classes (46 / 91) - 50% complete     0 0/2  46/91 java/lang/System
     [java] Pass 1: Analyzing classes (47 / 91) - 51% complete     0 0/2  47/91 com/github/houbb/opencc4j/support/data/impl/AbstractData
     [java] Pass 1: Analyzing classes (48 / 91) - 52% complete     0 0/2  48/91 java/nio/charset/Charset
     [java] Pass 1: Analyzing classes (49 / 91) - 53% complete     0 0/2  49/91 java/lang/Boolean
     [java] Pass 1: Analyzing classes (50 / 91) - 54% complete     0 0/2  50/91 com/github/houbb/heaven/support/instance/impl/Instances
     [java] Pass 1: Analyzing classes (51 / 91) - 56% complete     0 0/2  51/91 java/util/HashMap
     [java] Pass 1: Analyzing classes (52 / 91) - 57% complete     0 0/2  52/91 java/lang/InterruptedException
     [java] Pass 1: Analyzing classes (53 / 91) - 58% complete     0 0/2  53/91 com/github/houbb/opencc4j/support/data/impl/STPhraseData
     [java] Pass 1: Analyzing classes (54 / 91) - 59% complete     0 0/2  54/91 com/github/houbb/opencc4j/support/segment/impl/CharSegment
     [java] Pass 1: Analyzing classes (55 / 91) - 60% complete     0 0/2  55/91 java/lang/Throwable$WrappedPrintWriter
     [java] Pass 1: Analyzing classes (56 / 91) - 61% complete     0 0/2  56/91 com/github/houbb/opencc4j/support/data/impl/TSCharData
     [java] Pass 1: Analyzing classes (57 / 91) - 62% complete     0 0/2  57/91 com/github/houbb/opencc4j/support/data/impl/DataUtil
     [java] Pass 1: Analyzing classes (58 / 91) - 63% complete     0 0/2  58/91 java/io/InputStream
     [java] Pass 1: Analyzing classes (59 / 91) - 64% complete     0 0/2  59/91 java/util/Set
     [java] Pass 1: Analyzing classes (60 / 91) - 65% complete     0 0/2  60/91 com/github/houbb/nlp/common/dfa/tree/ITrieTreeMap
     [java] Pass 1: Analyzing classes (61 / 91) - 67% complete     0 0/2  61/91 com/github/houbb/nlp/common/dfa/tree/impl/AbstractTrieTreeMap
     [java] Pass 1: Analyzing classes (62 / 91) - 68% complete     0 0/2  62/91 java/lang/String
     [java] Pass 1: Analyzing classes (63 / 91) - 69% complete     0 0/2  63/91 java/lang/Character
     [java] Pass 1: Analyzing classes (64 / 91) - 70% complete     0 0/2  64/91 com/github/houbb/opencc4j/support/data/impl/OpenccDatas
     [java] Pass 1: Analyzing classes (65 / 91) - 71% complete     0 0/2  65/91 com/github/houbb/heaven/util/util/MapUtil
     [java] Pass 1: Analyzing classes (66 / 91) - 72% complete     0 0/2  66/91 java/lang/ClassNotFoundException
     [java] Pass 1: Analyzing classes (67 / 91) - 73% complete     0 0/2  67/91 java/io/InputStreamReader
     [java] Pass 1: Analyzing classes (68 / 91) - 74% complete     0 0/2  68/91 java/lang/NullPointerException
     [java] Pass 1: Analyzing classes (69 / 91) - 75% complete     0 0/2  69/91 java/io/IOException
     [java] Pass 1: Analyzing classes (70 / 91) - 76% complete     0 0/2  70/91 com/github/houbb/opencc4j/support/segment/trie/OpenccTrieTreeMap
     [java] Pass 1: Analyzing classes (71 / 91) - 78% complete     0 0/2  71/91 com/github/houbb/opencc4j/exception/Opencc4jRuntimeException
     [java] Pass 1: Analyzing classes (72 / 91) - 79% complete     0 0/2  72/91 com/github/houbb/opencc4j/core/ZhConvert
     [java] Pass 1: Analyzing classes (73 / 91) - 80% complete     0 0/2  73/91 com/github/houbb/heaven/util/lang/ObjectUtil
     [java] Pass 1: Analyzing classes (74 / 91) - 81% complete     0 0/2  74/91 com/github/houbb/opencc4j/support/datamap/impl/DataMaps
     [java] Pass 1: Analyzing classes (75 / 91) - 82% complete     0 0/2  75/91 java/lang/Math
     [java] Pass 1: Analyzing classes (76 / 91) - 83% complete     0 0/2  76/91 java/lang/Throwable$PrintStreamOrWriter
     [java] Pass 1: Analyzing classes (77 / 91) - 84% complete     0 0/2  77/91 java/lang/Throwable$SentinelHolder
     [java] Pass 1: Analyzing classes (78 / 91) - 85% complete     0 0/2  78/91 java/lang/IllegalArgumentException
     [java] Pass 1: Analyzing classes (79 / 91) - 86% complete     0 0/2  79/91 java/lang/CloneNotSupportedException
     [java] Pass 1: Analyzing classes (80 / 91) - 87% complete     0 0/2  80/91 com/github/houbb/opencc4j/support/segment/Segment
     [java] Pass 1: Analyzing classes (81 / 91) - 89% complete     0 0/2  81/91 com/github/houbb/nlp/common/dfa/tree/impl/DefaultTrieTreeMap
     [java] Pass 1: Analyzing classes (82 / 91) - 90% complete     0 0/2  82/91 com/github/houbb/nlp/common/segment/impl/CommonSegments
     [java] Pass 1: Analyzing classes (83 / 91) - 91% complete     0 0/2  83/91 com/github/houbb/opencc4j/support/datamap/IDataMap
     [java] Pass 1: Analyzing classes (84 / 91) - 92% complete     0 0/2  84/91 com/github/houbb/opencc4j/support/convert/core/UnitConvert
     [java] Pass 1: Analyzing classes (85 / 91) - 93% complete     0 0/2  85/91 jdk/internal/HotSpotIntrinsicCandidate
     [java] Pass 1: Analyzing classes (86 / 91) - 94% complete     0 0/2  86/91 java/lang/Class
     [java] Pass 1: Analyzing classes (87 / 91) - 95% complete     0 0/2  87/91 java/util/Objects
     [java] Pass 1: Analyzing classes (88 / 91) - 96% complete     0 0/2  88/91 com/github/houbb/opencc4j/support/segment/impl/HuaBanSegment
     [java] Pass 1: Analyzing classes (89 / 91) - 97% complete     0 0/2  89/91 java/lang/StackTraceElement
     [java] Pass 1: Analyzing classes (90 / 91) - 98% complete     0 0/2  90/91 java/lang/Deprecated
     [java] Pass 1: Analyzing classes (91 / 91) - 100% complete     0 : Pass 1: 28 classes
     [java] XFactory cached methods: 1827/2569
     [java] Descriptor factory: 1506/1827/12032
     [java] Pass 2: Analyzing classes (0 / 28) - 00% complete     0 1/2  0/28 com/github/houbb/opencc4j/support/convert/context/impl/DefaultUnitConvertContext
     [java] Pass 2: Analyzing classes (1 / 28) - 03% complete      28 usecs/byte      43 msec    1537 bytes  1 pass com/github/houbb/opencc4j/support/convert/context/impl/DefaultUnitConvertContext     0 1/2  1/28 com/github/houbb/opencc4j/support/data/impl/AbstractData
     [java] Pass 2: Analyzing classes (2 / 28) - 07% complete     0 1/2  2/28 com/github/houbb/opencc4j/support/segment/impl/CharSegment
     [java] Pass 2: Analyzing classes (3 / 28) - 10% complete     0 1/2  3/28 com/github/houbb/opencc4j/support/segment/impl/FastForwardSegment
     [java] Pass 2: Analyzing classes (4 / 28) - 14% complete     0 1/2  4/28 com/github/houbb/opencc4j/support/convert/core/impl/DefaultUnitConvert
     [java] Pass 2: Analyzing classes (5 / 28) - 17% complete     0 1/2  5/28 com/github/houbb/opencc4j/support/data/impl/OpenccDatas
     [java] Pass 2: Analyzing classes (6 / 28) - 21% complete     0 1/2  6/28 com/github/houbb/opencc4j/exception/Opencc4jRuntimeException
     [java] Pass 2: Analyzing classes (7 / 28) - 25% complete     0 1/2  7/28 com/github/houbb/opencc4j/core/ZhConvert
     [java] Pass 2: Analyzing classes (8 / 28) - 28% complete     0 1/2  8/28 com/github/houbb/opencc4j/support/datamap/impl/DataMaps
     [java] Pass 2: Analyzing classes (9 / 28) - 32% complete     0 1/2  9/28 com/github/houbb/opencc4j/support/segment/impl/Segments
     [java] Pass 2: Analyzing classes (10 / 28) - 35% complete     0 1/2  10/28 com/github/houbb/opencc4j/core/impl/ZhConvertBootstrap
     [java] Pass 2: Analyzing classes (11 / 28) - 39% complete     0 1/2  11/28 com/github/houbb/opencc4j/support/segment/impl/AbstractSegment
     [java] Pass 2: Analyzing classes (12 / 28) - 42% complete     0 1/2  12/28 com/github/houbb/opencc4j/support/segment/Segment
     [java] Pass 2: Analyzing classes (13 / 28) - 46% complete     0 1/2  13/28 com/github/houbb/opencc4j/support/datamap/IDataMap
     [java] Pass 2: Analyzing classes (14 / 28) - 50% complete     0 1/2  14/28 com/github/houbb/opencc4j/support/data/Data
     [java] Pass 2: Analyzing classes (15 / 28) - 53% complete     0 1/2  15/28 com/github/houbb/opencc4j/support/convert/core/UnitConvert
     [java] Pass 2: Analyzing classes (16 / 28) - 57% complete     0 1/2  16/28 com/github/houbb/opencc4j/constant/AppConstant
     [java] Pass 2: Analyzing classes (17 / 28) - 60% complete     0 1/2  17/28 com/github/houbb/opencc4j/support/segment/impl/HuaBanSegment
     [java] Pass 2: Analyzing classes (18 / 28) - 64% complete     0 1/2  18/28 com/github/houbb/opencc4j/support/convert/context/UnitConvertContext
     [java] Pass 2: Analyzing classes (19 / 28) - 67% complete     0 1/2  19/28 com/github/houbb/opencc4j/model/data/DataInfo
     [java] Pass 2: Analyzing classes (20 / 28) - 71% complete     0 1/2  20/28 com/github/houbb/opencc4j/support/data/impl/DataUtil
     [java] Pass 2: Analyzing classes (21 / 28) - 75% complete     0 1/2  21/28 com/github/houbb/opencc4j/support/data/impl/STCharData
     [java] Pass 2: Analyzing classes (22 / 28) - 78% complete     0 1/2  22/28 com/github/houbb/opencc4j/util/ZhConverterUtil
     [java] Pass 2: Analyzing classes (23 / 28) - 82% complete     0 1/2  23/28 com/github/houbb/opencc4j/support/data/impl/TSPhraseData
     [java] Pass 2: Analyzing classes (24 / 28) - 85% complete     0 1/2  24/28 com/github/houbb/opencc4j/support/segment/trie/OpenccTrieTreeMap
     [java] Pass 2: Analyzing classes (25 / 28) - 89% complete     0 1/2  25/28 com/github/houbb/opencc4j/support/datamap/impl/DataMapDefault
     [java] Pass 2: Analyzing classes (26 / 28) - 92% complete     0 1/2  26/28 com/github/houbb/opencc4j/support/data/impl/TSCharData
     [java] Pass 2: Analyzing classes (27 / 28) - 96% complete     0 1/2  27/28 com/github/houbb/opencc4j/support/data/impl/STPhraseData
     [java] Pass 2: Analyzing classes (28 / 28) - 100% completeDone with analysis
     [java] Analysis completed
[INFO] Done SpotBugs Analysis....
[INFO] 
[INFO] <<< spotbugs-maven-plugin:4.2.3-SNAPSHOT:check (default-cli) < :spotbugs @ opencc4j <<<
[INFO] 
[INFO] 
[INFO] --- spotbugs-maven-plugin:4.2.3-SNAPSHOT:check (default-cli) @ opencc4j ---
[INFO] BugInstance size is 0
[INFO] Error size is 0
[INFO] No errors/warnings found
[INFO] ------------------------------------------------------------------------
[INFO] BUILD SUCCESS
[INFO] ------------------------------------------------------------------------
[INFO] Total time:  3.428 s
[INFO] Finished at: 2022-01-16T12:07:08+08:00
[INFO] ------------------------------------------------------------------------
