WARNING: An illegal reflective access operation has occurred
WARNING: Illegal reflective access by com.google.inject.internal.cglib.core.$ReflectUtils$1 (file:/usr/share/maven/lib/guice.jar) to method java.lang.ClassLoader.defineClass(java.lang.String,byte[],int,int,java.security.ProtectionDomain)
WARNING: Please consider reporting this to the maintainers of com.google.inject.internal.cglib.core.$ReflectUtils$1
WARNING: Use --illegal-access=warn to enable warnings of further illegal reflective access operations
WARNING: All illegal access operations will be denied in a future release
[INFO] Scanning for projects...
[INFO] 
[INFO] --< org.learning.by.example.reactive.microservices:reactive-ms-example >--
[INFO] Building reactive-ms-example 1.1.2
[INFO] --------------------------------[ jar ]---------------------------------
[INFO] 
[INFO] >>> spotbugs-maven-plugin:4.2.3-SNAPSHOT:check (default-cli) > :spotbugs @ reactive-ms-example >>>
[INFO] 
[INFO] --- spotbugs-maven-plugin:4.2.3-SNAPSHOT:spotbugs (spotbugs) @ reactive-ms-example ---
[INFO] Fork Value is true
     [java] Loading edu.umd.cs.findbugs.plugins.core
     [java] Registering detector: edu.umd.cs.findbugs.detect.OverridingMethodsMustInvokeSuperDetector
     [java] Registering detector: edu.umd.cs.findbugs.detect.FindRoughConstants
     [java] Registering detector: edu.umd.cs.findbugs.detect.FunctionsThatMightBeMistakenForProcedures
     [java] Registering detector: edu.umd.cs.findbugs.detect.NoteSuppressedWarnings
     [java] Registering detector: edu.umd.cs.findbugs.detect.NoteAnnotationRetention
     [java] Registering detector: edu.umd.cs.findbugs.detect.NoteDirectlyRelevantTypeQualifiers
     [java] Registering detector: edu.umd.cs.findbugs.detect.BuildInterproceduralCallGraph
     [java] Registering detector: edu.umd.cs.findbugs.detect.BuildObligationPolicyDatabase
     [java] Registering detector: edu.umd.cs.findbugs.detect.SynchronizeAndNullCheckField
     [java] Registering detector: edu.umd.cs.findbugs.detect.InitializeNonnullFieldsInConstructor
     [java] Registering detector: edu.umd.cs.findbugs.detect.BooleanReturnNull
     [java] Registering detector: edu.umd.cs.findbugs.detect.OptionalReturnNull
     [java] Registering detector: edu.umd.cs.findbugs.detect.NoteJCIPAnnotation
     [java] Registering detector: edu.umd.cs.findbugs.detect.Methods
     [java] Registering detector: edu.umd.cs.findbugs.detect.ReflectiveClasses
     [java] Registering detector: edu.umd.cs.findbugs.detect.CalledMethods
     [java] Registering detector: edu.umd.cs.findbugs.detect.FindNoSideEffectMethods
     [java] Registering detector: edu.umd.cs.findbugs.detect.BuildStringPassthruGraph
     [java] Registering detector: edu.umd.cs.findbugs.detect.ConfusionBetweenInheritedAndOuterMethod
     [java] Registering detector: edu.umd.cs.findbugs.detect.SynchronizationOnSharedBuiltinConstant
     [java] Registering detector: edu.umd.cs.findbugs.detect.NoteCheckReturnValueAnnotations
     [java] Registering detector: edu.umd.cs.findbugs.detect.FieldItemSummary
     [java] Registering detector: edu.umd.cs.findbugs.detect.NoteNonNullAnnotations
     [java] Registering detector: edu.umd.cs.findbugs.detect.NoteUnconditionalParamDerefs
     [java] Registering detector: edu.umd.cs.findbugs.detect.NoteNonnullReturnValues
     [java] Registering detector: edu.umd.cs.findbugs.detect.SynchronizeOnClassLiteralNotGetClass
     [java] Registering detector: edu.umd.cs.findbugs.detect.InfiniteRecursiveLoop
     [java] Registering detector: edu.umd.cs.findbugs.detect.InfiniteLoop
     [java] Registering detector: edu.umd.cs.findbugs.detect.VolatileUsage
     [java] Registering detector: edu.umd.cs.findbugs.detect.InheritanceUnsafeGetResource
     [java] Registering detector: edu.umd.cs.findbugs.detect.EmptyZipFileEntry
     [java] Registering detector: edu.umd.cs.findbugs.detect.DoInsideDoPrivileged
     [java] Registering detector: edu.umd.cs.findbugs.detect.HugeSharedStringConstants
     [java] Registering detector: edu.umd.cs.findbugs.detect.FinalizerNullsFields
     [java] Registering detector: edu.umd.cs.findbugs.detect.MutableEnum
     [java] Registering detector: edu.umd.cs.findbugs.detect.InconsistentAnnotations
     [java] Registering detector: edu.umd.cs.findbugs.detect.RepeatedConditionals
     [java] Registering detector: edu.umd.cs.findbugs.detect.RedundantConditions
     [java] Registering detector: edu.umd.cs.findbugs.detect.CallToUnsupportedMethod
     [java] Registering detector: edu.umd.cs.findbugs.detect.FormatStringChecker
     [java] Registering detector: edu.umd.cs.findbugs.detect.LostLoggerDueToWeakReference
     [java] Registering detector: edu.umd.cs.findbugs.detect.TestingGround
     [java] Registering detector: edu.umd.cs.findbugs.detect.TestingGround2
     [java] Registering detector: edu.umd.cs.findbugs.detect.NoiseNullDeref
     [java] Registering detector: edu.umd.cs.findbugs.detect.Noise
     [java] Registering detector: edu.umd.cs.findbugs.detect.EqualsOperandShouldHaveClassCompatibleWithThis
     [java] Registering detector: edu.umd.cs.findbugs.detect.ResolveAllReferences
     [java] Registering detector: edu.umd.cs.findbugs.detect.CheckImmutableAnnotation
     [java] Registering detector: edu.umd.cs.findbugs.detect.DontCatchIllegalMonitorStateException
     [java] Registering detector: edu.umd.cs.findbugs.detect.FindFloatMath
     [java] Registering detector: edu.umd.cs.findbugs.detect.CloneIdiom
     [java] Registering detector: edu.umd.cs.findbugs.detect.ComparatorIdiom
     [java] Registering detector: edu.umd.cs.findbugs.detect.FindFieldSelfAssignment
     [java] Registering detector: edu.umd.cs.findbugs.detect.FindSelfComparison
     [java] Registering detector: edu.umd.cs.findbugs.detect.FindSelfComparison2
     [java] Registering detector: edu.umd.cs.findbugs.detect.DroppedException
     [java] Registering detector: edu.umd.cs.findbugs.detect.LoadOfKnownNullValue
     [java] Registering detector: edu.umd.cs.findbugs.detect.DumbMethodInvocations
     [java] Registering detector: edu.umd.cs.findbugs.detect.URLProblems
     [java] Registering detector: edu.umd.cs.findbugs.detect.CovariantArrayAssignment
     [java] Registering detector: edu.umd.cs.findbugs.detect.DumbMethods
     [java] Registering detector: edu.umd.cs.findbugs.detect.NumberConstructor
     [java] Registering detector: edu.umd.cs.findbugs.detect.FindSqlInjection
     [java] Registering detector: edu.umd.cs.findbugs.detect.FindDoubleCheck
     [java] Registering detector: edu.umd.cs.findbugs.detect.FindFinalizeInvocations
     [java] Registering detector: edu.umd.cs.findbugs.detect.FindHEmismatch
     [java] Registering detector: edu.umd.cs.findbugs.detect.OverridingEqualsNotSymmetrical
     [java] Registering detector: edu.umd.cs.findbugs.detect.FindNakedNotify
     [java] Registering detector: edu.umd.cs.findbugs.detect.FindReturnRef
     [java] Registering detector: edu.umd.cs.findbugs.detect.FindRunInvocations
     [java] Registering detector: edu.umd.cs.findbugs.detect.SwitchFallthrough
     [java] Registering detector: edu.umd.cs.findbugs.detect.FindSpinLoop
     [java] Registering detector: edu.umd.cs.findbugs.detect.FindNonShortCircuit
     [java] Registering detector: edu.umd.cs.findbugs.detect.FindTwoLockWait
     [java] Registering detector: edu.umd.cs.findbugs.detect.FindUnconditionalWait
     [java] Registering detector: edu.umd.cs.findbugs.detect.FindUninitializedGet
     [java] Registering detector: edu.umd.cs.findbugs.detect.DontUseEnum
     [java] Registering detector: edu.umd.cs.findbugs.detect.FindUnsyncGet
     [java] Registering detector: edu.umd.cs.findbugs.detect.InitializationChain
     [java] Registering detector: edu.umd.cs.findbugs.detect.IteratorIdioms
     [java] Registering detector: edu.umd.cs.findbugs.detect.PreferZeroLengthArrays
     [java] Registering detector: edu.umd.cs.findbugs.detect.SynchronizingOnContentsOfFieldToProtectField
     [java] Registering detector: edu.umd.cs.findbugs.detect.MutableLock
     [java] Registering detector: edu.umd.cs.findbugs.detect.FindUselessObjects
     [java] Registering detector: edu.umd.cs.findbugs.detect.MutableStaticFields
     [java] Registering detector: edu.umd.cs.findbugs.detect.Naming
     [java] Registering detector: edu.umd.cs.findbugs.detect.ReadReturnShouldBeChecked
     [java] Registering detector: edu.umd.cs.findbugs.detect.SerializableIdiom
     [java] Registering detector: edu.umd.cs.findbugs.detect.StartInConstructor
     [java] Registering detector: edu.umd.cs.findbugs.detect.FindBadForLoop
     [java] Registering detector: edu.umd.cs.findbugs.detect.ExplicitSerialization
     [java] Registering detector: edu.umd.cs.findbugs.detect.UnreadFields
     [java] Registering detector: edu.umd.cs.findbugs.detect.WaitInLoop
     [java] Registering detector: edu.umd.cs.findbugs.detect.FindComparatorProblems
     [java] Registering detector: edu.umd.cs.findbugs.detect.FindNullDeref
     [java] Registering detector: edu.umd.cs.findbugs.detect.FindNullDerefsInvolvingNonShortCircuitEvaluation
     [java] Registering detector: edu.umd.cs.findbugs.detect.FindOpenStream
     [java] Registering detector: edu.umd.cs.findbugs.detect.FindUselessControlFlow
     [java] Registering detector: edu.umd.cs.findbugs.detect.FindUnreleasedLock
     [java] Registering detector: edu.umd.cs.findbugs.detect.FindRefComparison
     [java] Registering detector: edu.umd.cs.findbugs.detect.FindMismatchedWaitOrNotify
     [java] Registering detector: edu.umd.cs.findbugs.detect.FindEmptySynchronizedBlock
     [java] Registering detector: edu.umd.cs.findbugs.detect.FindInconsistentSync2
     [java] Registering detector: edu.umd.cs.findbugs.detect.FindLocalSelfAssignment2
     [java] Registering detector: edu.umd.cs.findbugs.detect.IncompatMask
     [java] Registering detector: edu.umd.cs.findbugs.detect.LazyInit
     [java] Registering detector: edu.umd.cs.findbugs.detect.FindJSR166LockMonitorenter
     [java] Registering detector: edu.umd.cs.findbugs.detect.FindUncalledPrivateMethods
     [java] Registering detector: edu.umd.cs.findbugs.detect.UncallableMethodOfAnonymousClass
     [java] Registering detector: edu.umd.cs.findbugs.detect.StringConcatenation
     [java] Registering detector: edu.umd.cs.findbugs.detect.InefficientInitializationInsideLoop
     [java] Registering detector: edu.umd.cs.findbugs.detect.InefficientIndexOf
     [java] Registering detector: edu.umd.cs.findbugs.detect.InefficientToArray
     [java] Registering detector: edu.umd.cs.findbugs.detect.InvalidJUnitTest
     [java] Registering detector: edu.umd.cs.findbugs.detect.BadlyOverriddenAdapter
     [java] Registering detector: edu.umd.cs.findbugs.detect.BadResultSetAccess
     [java] Registering detector: edu.umd.cs.findbugs.detect.SuperfluousInstanceOf
     [java] Registering detector: edu.umd.cs.findbugs.detect.BadAppletConstructor
     [java] Registering detector: edu.umd.cs.findbugs.detect.SuspiciousThreadInterrupted
     [java] Registering detector: edu.umd.cs.findbugs.detect.FindDeadLocalStores
     [java] Registering detector: edu.umd.cs.findbugs.detect.FindMaskedFields
     [java] Registering detector: edu.umd.cs.findbugs.detect.WrongMapIterator
     [java] Registering detector: edu.umd.cs.findbugs.detect.InstantiateStaticClass
     [java] Registering detector: edu.umd.cs.findbugs.detect.RuntimeExceptionCapture
     [java] Registering detector: edu.umd.cs.findbugs.detect.FindFloatEquality
     [java] Registering detector: edu.umd.cs.findbugs.detect.FindUnsatisfiedObligation
     [java] Registering detector: edu.umd.cs.findbugs.detect.UnnecessaryMath
     [java] Registering detector: edu.umd.cs.findbugs.detect.FindCircularDependencies
     [java] Registering detector: edu.umd.cs.findbugs.detect.RedundantInterfaces
     [java] Registering detector: edu.umd.cs.findbugs.detect.MultithreadedInstanceAccess
     [java] Registering detector: edu.umd.cs.findbugs.detect.PublicSemaphores
     [java] Registering detector: edu.umd.cs.findbugs.detect.BadUseOfReturnValue
     [java] Registering detector: edu.umd.cs.findbugs.detect.MethodReturnCheck
     [java] Registering detector: edu.umd.cs.findbugs.detect.IDivResultCastToDouble
     [java] Registering detector: edu.umd.cs.findbugs.detect.FindBadCast2
     [java] Registering detector: edu.umd.cs.findbugs.detect.FindUseOfNonSerializableValue
     [java] Registering detector: edu.umd.cs.findbugs.detect.FindNonSerializableStoreIntoSession
     [java] Registering detector: edu.umd.cs.findbugs.detect.FindNonSerializableValuePassedToWriteObject
     [java] Registering detector: edu.umd.cs.findbugs.detect.BadSyntaxForRegularExpression
     [java] Registering detector: edu.umd.cs.findbugs.detect.VarArgsProblems
     [java] Registering detector: edu.umd.cs.findbugs.detect.FindPuzzlers
     [java] Registering detector: edu.umd.cs.findbugs.detect.IntCast2LongAsInstant
     [java] Registering detector: edu.umd.cs.findbugs.detect.FindSleepWithLockHeld
     [java] Registering detector: edu.umd.cs.findbugs.detect.InefficientMemberAccess
     [java] Registering detector: edu.umd.cs.findbugs.detect.DuplicateBranches
     [java] Registering detector: edu.umd.cs.findbugs.detect.XMLFactoryBypass
     [java] Registering detector: edu.umd.cs.findbugs.detect.UselessSubclassMethod
     [java] Registering detector: edu.umd.cs.findbugs.detect.ConfusedInheritance
     [java] Registering detector: edu.umd.cs.findbugs.detect.QuestionableBooleanAssignment
     [java] Registering detector: edu.umd.cs.findbugs.detect.TrainUnconditionalDerefParams
     [java] Registering detector: edu.umd.cs.findbugs.detect.TrainLongInstantfParams
     [java] Registering detector: edu.umd.cs.findbugs.detect.TrainFieldStoreTypes
     [java] Registering detector: edu.umd.cs.findbugs.detect.TrainNonNullAnnotations
     [java] Registering detector: edu.umd.cs.findbugs.detect.CheckCalls
     [java] Registering detector: edu.umd.cs.findbugs.detect.FindBugsSummaryStats
     [java] Registering detector: edu.umd.cs.findbugs.detect.AppendingToAnObjectOutputStream
     [java] Registering detector: edu.umd.cs.findbugs.detect.TestASM
     [java] Registering detector: edu.umd.cs.findbugs.detect.FindUnrelatedTypesInGenericContainer
     [java] Registering detector: edu.umd.cs.findbugs.detect.StaticCalendarDetector
     [java] Registering detector: edu.umd.cs.findbugs.detect.TestDataflowAnalysis
     [java] Registering detector: edu.umd.cs.findbugs.detect.CheckTypeQualifiers
     [java] Registering detector: edu.umd.cs.findbugs.detect.CrossSiteScripting
     [java] Registering detector: edu.umd.cs.findbugs.detect.DontIgnoreResultOfPutIfAbsent
     [java] Registering detector: edu.umd.cs.findbugs.detect.ReadOfInstanceFieldInMethodInvokedByConstructorInSuperclass
     [java] Registering detector: edu.umd.cs.findbugs.detect.AtomicityProblem
     [java] Registering detector: edu.umd.cs.findbugs.detect.CheckExpectedWarnings
     [java] Registering detector: edu.umd.cs.findbugs.detect.DefaultEncodingDetector
     [java] Registering detector: edu.umd.cs.findbugs.detect.CheckRelaxingNullnessAnnotation
     [java] Registering detector: edu.umd.cs.findbugs.detect.DontAssertInstanceofInTests
     [java] Scanning archives (0 / 49)Scanning archives (1 / 49)Scanning archives (2 / 49)Scanning archives (3 / 49)Scanning archives (4 / 49)Scanning archives (5 / 49)Scanning archives (6 / 49)Scanning archives (7 / 49)Scanning archives (8 / 49)Scanning archives (9 / 49)Scanning archives (10 / 49)Scanning archives (11 / 49)Scanning archives (12 / 49)Scanning archives (13 / 49)Scanning archives (14 / 49)Scanning archives (15 / 49)Scanning archives (16 / 49)Scanning archives (17 / 49)Scanning archives (18 / 49)Scanning archives (19 / 49)Scanning archives (20 / 49)Scanning archives (21 / 49)Scanning archives (22 / 49)Scanning archives (23 / 49)Scanning archives (24 / 49)Scanning archives (25 / 49)Scanning archives (26 / 49)Scanning archives (27 / 49)Scanning archives (28 / 49)Scanning archives (29 / 49)Scanning archives (30 / 49)Scanning archives (31 / 49)Scanning archives (32 / 49)Scanning archives (33 / 49)Scanning archives (34 / 49)Scanning archives (35 / 49)Scanning archives (36 / 49)Scanning archives (37 / 49)Scanning archives (38 / 49)Scanning archives (39 / 49)Scanning archives (40 / 49)Scanning archives (41 / 49)Scanning archives (42 / 49)Scanning archives (43 / 49)Scanning archives (44 / 49)Scanning archives (45 / 49)Scanning archives (46 / 49)Scanning archives (47 / 49)Scanning archives (48 / 49)Scanning archives (49 / 49)35 classes scannedAdding referenced classes
     [java] Added 1 referenced classes
     [java] Total of 27 packages
     [java]   org/reactivestreams/Publisher
     [java]   java/lang/Integer
     [java]   java/lang/StringBuilder
     [java]   java/lang/invoke/CallSite
     [java]   org/learning/by/example/reactive/microservices/exceptions/GeoLocationNotFoundException
     [java]   java/lang/Throwable$WrappedPrintStream
     [java]   org/slf4j/LoggerFactory
     [java]   org/learning/by/example/reactive/microservices/application/ApplicationConfig
     [java]   org/learning/by/example/reactive/microservices/exceptions/GetGeoLocationException
     [java]   org/learning/by/example/reactive/microservices/model/GeoLocationResponse$Result
     [java]   org/springframework/web/reactive/function/server/ServerResponse
     [java]   java/io/ObjectInputStream
     [java]   java/lang/Thread
     [java]   org/springframework/context/annotation/Configuration
     [java]   java/util/Iterator
     [java]   org/springframework/context/ConfigurableApplicationContext
     [java]   java/lang/invoke/MethodType
     [java]   org/learning/by/example/reactive/microservices/services/SunriseSunsetServiceImpl
     [java]   org/learning/by/example/reactive/microservices/model/GeoLocationResponse$Result$Geometry$Bounds
     [java]   [Ljava/lang/StackTraceElement;
     [java]   java/lang/Object
     [java]   java/io/Serializable
     [java]   org/learning/by/example/reactive/microservices/handlers/ThrowableTranslator
     [java]   java/lang/invoke/MethodHandles
     [java]   java/lang/IllegalStateException
     [java]   org/springframework/core/io/Resource
     [java]   org/learning/by/example/reactive/microservices/model/LocationRequest
     [java]   java/lang/Double
     [java]   java/lang/System
     [java]   org/learning/by/example/reactive/microservices/model/GeoTimesResponse$Results
     [java]   org/springframework/boot/SpringApplication
     [java]   org/learning/by/example/reactive/microservices/model/GeoLocationResponse$Result$Geometry$Bounds$Southwest
     [java]   org/learning/by/example/reactive/microservices/model/GeoTimesResponse
     [java]   org/learning/by/example/reactive/microservices/exceptions/InvalidParametersException
     [java]   org/springframework/http/HttpStatus
     [java]   java/lang/NullPointerException
     [java]   java/io/IOException
     [java]   org/learning/by/example/reactive/microservices/model/GeoLocationResponse$Result$Geometry$Viewport$Northeast
     [java]   org/springframework/boot/autoconfigure/SpringBootApplication
     [java]   com/fasterxml/jackson/annotation/JsonProperty
     [java]   org/learning/by/example/reactive/microservices/services/GeoLocationServiceImpl
     [java]   org/springframework/beans/factory/annotation/Value
     [java]   java/util/function/Function
     [java]   java/lang/Throwable$PrintStreamOrWriter
     [java]   java/lang/Throwable$SentinelHolder
     [java]   java/lang/IllegalArgumentException
     [java]   org/springframework/web/reactive/function/server/RequestPredicates
     [java]   java/lang/invoke/MethodHandle
     [java]   org/springframework/web/reactive/function/server/RequestPredicate
     [java]   org/springframework/web/reactive/function/server/RouterFunctions
     [java]   jdk/internal/HotSpotIntrinsicCandidate
     [java]   org/learning/by/example/reactive/microservices/handlers/ApiHandler
     [java]   org/springframework/web/reactive/config/EnableWebFlux
     [java]   org/learning/by/example/reactive/microservices/model/SunriseSunset
     [java]   java/lang/StackTraceElement
     [java]   java/util/function/BiFunction
     [java]   java/lang/Deprecated
     [java]   org/springframework/web/reactive/function/server/ServerResponse$BodyBuilder
     [java]   java/io/StreamCorruptedException
     [java]   org/learning/by/example/reactive/microservices/model/GeoLocationResponse$Result$Geometry$Viewport
     [java]   java/util/ArrayList
     [java]   java/io/ObjectOutputStream
     [java]   org/learning/by/example/reactive/microservices/routers/ApiRouter
     [java]   com/fasterxml/jackson/annotation/JsonCreator
     [java]   org/learning/by/example/reactive/microservices/model/GeoLocationResponse$Result$Geometry$Location
     [java]   org/springframework/context/annotation/Bean
     [java]   org/learning/by/example/reactive/microservices/model/GeoLocationResponse$Result$Geometry
     [java]   java/lang/Throwable
     [java]   org/springframework/web/reactive/function/client/WebClient$RequestHeadersSpec
     [java]   org/springframework/web/reactive/function/server/RouterFunction
     [java]   java/lang/Exception
     [java]   org/learning/by/example/reactive/microservices/model/GeoLocationResponse$Result$Address_component
     [java]   org/learning/by/example/reactive/microservices/application/ReactiveMsApplication
     [java]   org/learning/by/example/reactive/microservices/services/SunriseSunsetService
     [java]   java/util/IdentityHashMap
     [java]   java/lang/AssertionError
     [java]   java/util/Collections
     [java]   java/util/List
     [java]   java/lang/invoke/MethodHandles$Lookup
     [java]   reactor/core/publisher/Mono
     [java]   org/springframework/core/io/ClassPathResource
     [java]   org/springframework/http/MediaType
     [java]   java/lang/InterruptedException
     [java]   org/slf4j/Logger
     [java]   org/learning/by/example/reactive/microservices/model/GeoLocationResponse
     [java]   org/springframework/web/reactive/function/client/ClientResponse
     [java]   org/springframework/web/reactive/function/server/ServerRequest
     [java]   org/learning/by/example/reactive/microservices/routers/MainRouter
     [java]   java/lang/Throwable$WrappedPrintWriter
     [java]   org/learning/by/example/reactive/microservices/model/GeoLocationResponse$Result$Geometry$Viewport$Southwest
     [java]   java/util/Set
     [java]   java/lang/String
     [java]   java/lang/ClassNotFoundException
     [java]   java/lang/invoke/LambdaMetafactory
     [java]   org/springframework/web/reactive/function/server/HandlerFunction
     [java]   org/learning/by/example/reactive/microservices/model/LocationResponse
     [java]   org/learning/by/example/reactive/microservices/services/GeoLocationService
     [java]   org/learning/by/example/reactive/microservices/handlers/ErrorHandler
     [java]   org/learning/by/example/reactive/microservices/exceptions/GetSunriseSunsetException
     [java]   java/lang/Math
     [java]   org/learning/by/example/reactive/microservices/model/ErrorResponse
     [java]   org/learning/by/example/reactive/microservices/routers/StaticRouter
     [java]   org/learning/by/example/reactive/microservices/model/GeographicCoordinates
     [java]   java/lang/CloneNotSupportedException
     [java]   org/springframework/web/reactive/function/client/WebClient
     [java]   org/springframework/web/reactive/function/client/WebClient$RequestHeadersUriSpec
     [java]   org/learning/by/example/reactive/microservices/exceptions/PathNotFoundException
     [java]   org/learning/by/example/reactive/microservices/model/GeoLocationResponse$Result$Geometry$Bounds$Northeast
     [java]   java/lang/Class
     [java]   java/util/Objects
     [java] Adding plugin edu.umd.cs.findbugs.plugins.core to execution plan
     [java] Dependences force enabling of edu.umd.cs.findbugs.detect.FieldItemSummary
     [java] Dependences force enabling of edu.umd.cs.findbugs.detect.NoteSuppressedWarnings
     [java] Dependences force enabling of edu.umd.cs.findbugs.detect.FunctionsThatMightBeMistakenForProcedures
     [java] Dependences force enabling of edu.umd.cs.findbugs.detect.FindNoSideEffectMethods
     [java] Dependences force enabling of edu.umd.cs.findbugs.detect.NoteCheckReturnValueAnnotations
     [java] Dependences force enabling of edu.umd.cs.findbugs.detect.EqualsOperandShouldHaveClassCompatibleWithThis
     [java] Dependences force enabling of edu.umd.cs.findbugs.detect.NoteAnnotationRetention
     [java] Dependences force enabling of edu.umd.cs.findbugs.detect.BuildStringPassthruGraph
     [java] Dependences force enabling of edu.umd.cs.findbugs.detect.FindBugsSummaryStats
     [java] 2 passes in execution plan
     [java] 2 analysis passes to perform     0 : Pass 0: 109 classesXFactory cached methods: 2197/2197
     [java] Descriptor factory: 1863/2197/10637
     [java] Pass 1: Analyzing classes (0 / 109) - 00% complete     0 0/2  0/109 org/reactivestreams/Publisher
     [java] Pass 1: Analyzing classes (1 / 109) - 00% complete     0 0/2  1/109 java/lang/Integer
     [java] Pass 1: Analyzing classes (2 / 109) - 01% complete     0 0/2  2/109 java/lang/StringBuilder
     [java] Pass 1: Analyzing classes (3 / 109) - 02% complete     0 0/2  3/109 java/lang/invoke/CallSite
     [java] Pass 1: Analyzing classes (4 / 109) - 03% complete     0 0/2  4/109 org/learning/by/example/reactive/microservices/exceptions/GeoLocationNotFoundException
     [java] Pass 1: Analyzing classes (5 / 109) - 04% complete     0 0/2  5/109 java/lang/Throwable$WrappedPrintStream
     [java] Pass 1: Analyzing classes (6 / 109) - 05% complete     0 0/2  6/109 org/slf4j/LoggerFactory
     [java] Pass 1: Analyzing classes (7 / 109) - 06% complete     0 0/2  7/109 org/learning/by/example/reactive/microservices/application/ApplicationConfig
     [java] Pass 1: Analyzing classes (8 / 109) - 07% complete     0 0/2  8/109 org/learning/by/example/reactive/microservices/exceptions/GetGeoLocationException
     [java] Pass 1: Analyzing classes (9 / 109) - 08% complete     0 0/2  9/109 org/learning/by/example/reactive/microservices/model/GeoLocationResponse$Result
     [java] Pass 1: Analyzing classes (10 / 109) - 09% complete     0 0/2  10/109 org/springframework/web/reactive/function/server/ServerResponse
     [java] Pass 1: Analyzing classes (11 / 109) - 10% complete     0 0/2  11/109 java/io/ObjectInputStream
     [java] Pass 1: Analyzing classes (12 / 109) - 11% complete     0 0/2  12/109 java/lang/Thread
     [java] Pass 1: Analyzing classes (13 / 109) - 11% complete     0 0/2  13/109 org/springframework/context/annotation/Configuration
     [java] Pass 1: Analyzing classes (14 / 109) - 12% complete     0 0/2  14/109 java/util/Iterator
     [java] Pass 1: Analyzing classes (15 / 109) - 13% complete     0 0/2  15/109 org/springframework/context/ConfigurableApplicationContext
     [java] Pass 1: Analyzing classes (16 / 109) - 14% complete     0 0/2  16/109 java/lang/invoke/MethodType
     [java] Pass 1: Analyzing classes (17 / 109) - 15% complete     0 0/2  17/109 org/learning/by/example/reactive/microservices/services/SunriseSunsetServiceImpl
     [java] Pass 1: Analyzing classes (18 / 109) - 16% complete     0 0/2  18/109 org/learning/by/example/reactive/microservices/model/GeoLocationResponse$Result$Geometry$Bounds
     [java] Pass 1: Analyzing classes (19 / 109) - 17% complete     0 0/2  19/109 java/lang/Object
     [java] Pass 1: Analyzing classes (20 / 109) - 18% complete     0 0/2  20/109 java/io/Serializable
     [java] Pass 1: Analyzing classes (21 / 109) - 19% complete     0 0/2  21/109 org/learning/by/example/reactive/microservices/handlers/ThrowableTranslator
     [java] Pass 1: Analyzing classes (22 / 109) - 20% complete     0 0/2  22/109 java/lang/invoke/MethodHandles
     [java] Pass 1: Analyzing classes (23 / 109) - 21% complete     0 0/2  23/109 java/lang/IllegalStateException
     [java] Pass 1: Analyzing classes (24 / 109) - 22% complete     0 0/2  24/109 org/springframework/core/io/Resource
     [java] Pass 1: Analyzing classes (25 / 109) - 22% complete     0 0/2  25/109 org/learning/by/example/reactive/microservices/model/LocationRequest
     [java] Pass 1: Analyzing classes (26 / 109) - 23% complete     0 0/2  26/109 java/lang/Double
     [java] Pass 1: Analyzing classes (27 / 109) - 24% complete     0 0/2  27/109 java/lang/System
     [java] Pass 1: Analyzing classes (28 / 109) - 25% complete     0 0/2  28/109 org/learning/by/example/reactive/microservices/model/GeoTimesResponse$Results
     [java] Pass 1: Analyzing classes (29 / 109) - 26% complete     0 0/2  29/109 org/springframework/boot/SpringApplication
     [java] Pass 1: Analyzing classes (30 / 109) - 27% complete     0 0/2  30/109 org/learning/by/example/reactive/microservices/model/GeoLocationResponse$Result$Geometry$Bounds$Southwest
     [java] Pass 1: Analyzing classes (31 / 109) - 28% complete     0 0/2  31/109 org/learning/by/example/reactive/microservices/model/GeoTimesResponse
     [java] Pass 1: Analyzing classes (32 / 109) - 29% complete     0 0/2  32/109 org/learning/by/example/reactive/microservices/exceptions/InvalidParametersException
     [java] Pass 1: Analyzing classes (33 / 109) - 30% complete     0 0/2  33/109 org/springframework/http/HttpStatus
     [java] Pass 1: Analyzing classes (34 / 109) - 31% complete     0 0/2  34/109 java/lang/NullPointerException
     [java] Pass 1: Analyzing classes (35 / 109) - 32% complete     0 0/2  35/109 java/io/IOException
     [java] Pass 1: Analyzing classes (36 / 109) - 33% complete     0 0/2  36/109 org/learning/by/example/reactive/microservices/model/GeoLocationResponse$Result$Geometry$Viewport$Northeast
     [java] Pass 1: Analyzing classes (37 / 109) - 33% complete     0 0/2  37/109 org/springframework/boot/autoconfigure/SpringBootApplication
     [java] Pass 1: Analyzing classes (38 / 109) - 34% complete     0 0/2  38/109 com/fasterxml/jackson/annotation/JsonProperty
     [java] Pass 1: Analyzing classes (39 / 109) - 35% complete     0 0/2  39/109 org/learning/by/example/reactive/microservices/services/GeoLocationServiceImpl
     [java] Pass 1: Analyzing classes (40 / 109) - 36% complete     0 0/2  40/109 org/springframework/beans/factory/annotation/Value
     [java] Pass 1: Analyzing classes (41 / 109) - 37% complete     0 0/2  41/109 java/util/function/Function
     [java] Pass 1: Analyzing classes (42 / 109) - 38% complete     0 0/2  42/109 java/lang/Throwable$PrintStreamOrWriter
     [java] Pass 1: Analyzing classes (43 / 109) - 39% complete     0 0/2  43/109 java/lang/Throwable$SentinelHolder
     [java] Pass 1: Analyzing classes (44 / 109) - 40% complete     0 0/2  44/109 java/lang/IllegalArgumentException
     [java] Pass 1: Analyzing classes (45 / 109) - 41% complete     0 0/2  45/109 org/springframework/web/reactive/function/server/RequestPredicates
     [java] Pass 1: Analyzing classes (46 / 109) - 42% complete     0 0/2  46/109 java/lang/invoke/MethodHandle
     [java] Pass 1: Analyzing classes (47 / 109) - 43% complete     0 0/2  47/109 org/springframework/web/reactive/function/server/RequestPredicate
     [java] Pass 1: Analyzing classes (48 / 109) - 44% complete     0 0/2  48/109 org/springframework/web/reactive/function/server/RouterFunctions
     [java] Pass 1: Analyzing classes (49 / 109) - 44% complete     0 0/2  49/109 jdk/internal/HotSpotIntrinsicCandidate
     [java] Pass 1: Analyzing classes (50 / 109) - 45% complete     0 0/2  50/109 org/learning/by/example/reactive/microservices/handlers/ApiHandler
     [java] Pass 1: Analyzing classes (51 / 109) - 46% complete     0 0/2  51/109 org/springframework/web/reactive/config/EnableWebFlux
     [java] Pass 1: Analyzing classes (52 / 109) - 47% complete     0 0/2  52/109 org/learning/by/example/reactive/microservices/model/SunriseSunset
     [java] Pass 1: Analyzing classes (53 / 109) - 48% complete     0 0/2  53/109 java/lang/StackTraceElement
     [java] Pass 1: Analyzing classes (54 / 109) - 49% complete     0 0/2  54/109 java/util/function/BiFunction
     [java] Pass 1: Analyzing classes (55 / 109) - 50% complete     0 0/2  55/109 java/lang/Deprecated
     [java] Pass 1: Analyzing classes (56 / 109) - 51% complete     0 0/2  56/109 org/springframework/web/reactive/function/server/ServerResponse$BodyBuilder
     [java] Pass 1: Analyzing classes (57 / 109) - 52% complete     0 0/2  57/109 java/io/StreamCorruptedException
     [java] Pass 1: Analyzing classes (58 / 109) - 53% complete     0 0/2  58/109 org/learning/by/example/reactive/microservices/model/GeoLocationResponse$Result$Geometry$Viewport
     [java] Pass 1: Analyzing classes (59 / 109) - 54% complete     0 0/2  59/109 java/util/ArrayList
     [java] Pass 1: Analyzing classes (60 / 109) - 55% complete     0 0/2  60/109 java/io/ObjectOutputStream
     [java] Pass 1: Analyzing classes (61 / 109) - 55% complete     0 0/2  61/109 org/learning/by/example/reactive/microservices/routers/ApiRouter
     [java] Pass 1: Analyzing classes (62 / 109) - 56% complete     0 0/2  62/109 com/fasterxml/jackson/annotation/JsonCreator
     [java] Pass 1: Analyzing classes (63 / 109) - 57% complete     0 0/2  63/109 org/learning/by/example/reactive/microservices/model/GeoLocationResponse$Result$Geometry$Location
     [java] Pass 1: Analyzing classes (64 / 109) - 58% complete     0 0/2  64/109 org/springframework/context/annotation/Bean
     [java] Pass 1: Analyzing classes (65 / 109) - 59% complete     0 0/2  65/109 org/learning/by/example/reactive/microservices/model/GeoLocationResponse$Result$Geometry
     [java] Pass 1: Analyzing classes (66 / 109) - 60% complete     0 0/2  66/109 java/lang/Throwable
     [java] Pass 1: Analyzing classes (67 / 109) - 61% complete     0 0/2  67/109 org/springframework/web/reactive/function/client/WebClient$RequestHeadersSpec
     [java] Pass 1: Analyzing classes (68 / 109) - 62% complete     0 0/2  68/109 org/springframework/web/reactive/function/server/RouterFunction
     [java] Pass 1: Analyzing classes (69 / 109) - 63% complete     0 0/2  69/109 java/lang/Exception
     [java] Pass 1: Analyzing classes (70 / 109) - 64% complete     0 0/2  70/109 org/learning/by/example/reactive/microservices/model/GeoLocationResponse$Result$Address_component
     [java] Pass 1: Analyzing classes (71 / 109) - 65% complete     0 0/2  71/109 org/learning/by/example/reactive/microservices/application/ReactiveMsApplication
     [java] Pass 1: Analyzing classes (72 / 109) - 66% complete     0 0/2  72/109 org/learning/by/example/reactive/microservices/services/SunriseSunsetService
     [java] Pass 1: Analyzing classes (73 / 109) - 66% complete     0 0/2  73/109 java/util/IdentityHashMap
     [java] Pass 1: Analyzing classes (74 / 109) - 67% complete     0 0/2  74/109 java/lang/AssertionError
     [java] Pass 1: Analyzing classes (75 / 109) - 68% complete     0 0/2  75/109 java/util/Collections
     [java] Pass 1: Analyzing classes (76 / 109) - 69% complete     0 0/2  76/109 java/util/List
     [java] Pass 1: Analyzing classes (77 / 109) - 70% complete     0 0/2  77/109 java/lang/invoke/MethodHandles$Lookup
     [java] Pass 1: Analyzing classes (78 / 109) - 71% complete     0 0/2  78/109 reactor/core/publisher/Mono
     [java] Pass 1: Analyzing classes (79 / 109) - 72% complete     0 0/2  79/109 org/springframework/core/io/ClassPathResource
     [java] Pass 1: Analyzing classes (80 / 109) - 73% complete     0 0/2  80/109 org/springframework/http/MediaType
     [java] Pass 1: Analyzing classes (81 / 109) - 74% complete     0 0/2  81/109 java/lang/InterruptedException
     [java] Pass 1: Analyzing classes (82 / 109) - 75% complete     0 0/2  82/109 org/slf4j/Logger
     [java] Pass 1: Analyzing classes (83 / 109) - 76% complete     0 0/2  83/109 org/learning/by/example/reactive/microservices/model/GeoLocationResponse
     [java] Pass 1: Analyzing classes (84 / 109) - 77% complete     0 0/2  84/109 org/springframework/web/reactive/function/client/ClientResponse
     [java] Pass 1: Analyzing classes (85 / 109) - 77% complete     0 0/2  85/109 org/springframework/web/reactive/function/server/ServerRequest
     [java] Pass 1: Analyzing classes (86 / 109) - 78% complete     0 0/2  86/109 org/learning/by/example/reactive/microservices/routers/MainRouter
     [java] Pass 1: Analyzing classes (87 / 109) - 79% complete     0 0/2  87/109 java/lang/Throwable$WrappedPrintWriter
     [java] Pass 1: Analyzing classes (88 / 109) - 80% complete     0 0/2  88/109 org/learning/by/example/reactive/microservices/model/GeoLocationResponse$Result$Geometry$Viewport$Southwest
     [java] Pass 1: Analyzing classes (89 / 109) - 81% complete     0 0/2  89/109 java/util/Set
     [java] Pass 1: Analyzing classes (90 / 109) - 82% complete     0 0/2  90/109 java/lang/String
     [java] Pass 1: Analyzing classes (91 / 109) - 83% complete     0 0/2  91/109 java/lang/ClassNotFoundException
     [java] Pass 1: Analyzing classes (92 / 109) - 84% complete     0 0/2  92/109 java/lang/invoke/LambdaMetafactory
     [java] Pass 1: Analyzing classes (93 / 109) - 85% complete     0 0/2  93/109 org/springframework/web/reactive/function/server/HandlerFunction
     [java] Pass 1: Analyzing classes (94 / 109) - 86% complete     0 0/2  94/109 org/learning/by/example/reactive/microservices/model/LocationResponse
     [java] Pass 1: Analyzing classes (95 / 109) - 87% complete     0 0/2  95/109 org/learning/by/example/reactive/microservices/services/GeoLocationService
     [java] Pass 1: Analyzing classes (96 / 109) - 88% complete     0 0/2  96/109 org/learning/by/example/reactive/microservices/handlers/ErrorHandler
     [java] Pass 1: Analyzing classes (97 / 109) - 88% complete     0 0/2  97/109 org/learning/by/example/reactive/microservices/exceptions/GetSunriseSunsetException
     [java] Pass 1: Analyzing classes (98 / 109) - 89% complete     0 0/2  98/109 java/lang/Math
     [java] Pass 1: Analyzing classes (99 / 109) - 90% complete     0 0/2  99/109 org/learning/by/example/reactive/microservices/model/ErrorResponse
     [java] Pass 1: Analyzing classes (100 / 109) - 91% complete     0 0/2  100/109 org/learning/by/example/reactive/microservices/routers/StaticRouter
     [java] Pass 1: Analyzing classes (101 / 109) - 92% complete     0 0/2  101/109 org/learning/by/example/reactive/microservices/model/GeographicCoordinates
     [java] Pass 1: Analyzing classes (102 / 109) - 93% complete     0 0/2  102/109 java/lang/CloneNotSupportedException
     [java] Pass 1: Analyzing classes (103 / 109) - 94% complete     0 0/2  103/109 org/springframework/web/reactive/function/client/WebClient
     [java] Pass 1: Analyzing classes (104 / 109) - 95% complete     0 0/2  104/109 org/springframework/web/reactive/function/client/WebClient$RequestHeadersUriSpec
     [java] Pass 1: Analyzing classes (105 / 109) - 96% complete     0 0/2  105/109 org/learning/by/example/reactive/microservices/exceptions/PathNotFoundException
     [java] Pass 1: Analyzing classes (106 / 109) - 97% complete     0 0/2  106/109 org/learning/by/example/reactive/microservices/model/GeoLocationResponse$Result$Geometry$Bounds$Northeast
     [java] Pass 1: Analyzing classes (107 / 109) - 98% complete     0 0/2  107/109 java/lang/Class
     [java] Pass 1: Analyzing classes (108 / 109) - 99% complete     0 0/2  108/109 java/util/Objects
     [java] Pass 1: Analyzing classes (109 / 109) - 100% complete     0 : Pass 1: 35 classes
     [java] XFactory cached methods: 2197/3286
     [java] Descriptor factory: 1863/2197/13192
     [java] Pass 2: Analyzing classes (0 / 35) - 00% complete     0 1/2  0/35 org/learning/by/example/reactive/microservices/model/GeoTimesResponse$Results
     [java] Pass 2: Analyzing classes (1 / 35) - 02% complete      24 usecs/byte      44 msec    1820 bytes  1 pass org/learning/by/example/reactive/microservices/model/GeoTimesResponse$Results     0 1/2  1/35 org/learning/by/example/reactive/microservices/model/GeoLocationResponse$Result$Geometry$Viewport
     [java] Pass 2: Analyzing classes (2 / 35) - 05% complete     0 1/2  2/35 org/learning/by/example/reactive/microservices/exceptions/GeoLocationNotFoundException
     [java] Pass 2: Analyzing classes (3 / 35) - 08% complete     0 1/2  3/35 org/learning/by/example/reactive/microservices/model/GeoLocationResponse
     [java] Pass 2: Analyzing classes (4 / 35) - 11% complete     0 1/2  4/35 org/learning/by/example/reactive/microservices/routers/ApiRouter
     [java] Pass 2: Analyzing classes (5 / 35) - 14% complete     0 1/2  5/35 org/learning/by/example/reactive/microservices/model/GeoLocationResponse$Result$Geometry$Viewport$Southwest
     [java] Pass 2: Analyzing classes (6 / 35) - 17% complete     0 1/2  6/35 org/learning/by/example/reactive/microservices/model/GeoLocationResponse$Result$Geometry$Bounds$Southwest
     [java] Pass 2: Analyzing classes (7 / 35) - 20% complete     0 1/2  7/35 org/learning/by/example/reactive/microservices/model/GeoLocationResponse$Result$Geometry$Location
     [java] Pass 2: Analyzing classes (8 / 35) - 22% complete     0 1/2  8/35 org/learning/by/example/reactive/microservices/model/GeoTimesResponse
     [java] Pass 2: Analyzing classes (9 / 35) - 25% complete     0 1/2  9/35 org/learning/by/example/reactive/microservices/exceptions/GetGeoLocationException
     [java] Pass 2: Analyzing classes (10 / 35) - 28% complete     0 1/2  10/35 org/learning/by/example/reactive/microservices/exceptions/InvalidParametersException
     [java] Pass 2: Analyzing classes (11 / 35) - 31% complete     0 1/2  11/35 org/learning/by/example/reactive/microservices/model/LocationResponse
     [java] Pass 2: Analyzing classes (12 / 35) - 34% complete     0 1/2  12/35 org/learning/by/example/reactive/microservices/model/GeoLocationResponse$Result
     [java] Pass 2: Analyzing classes (13 / 35) - 37% complete     0 1/2  13/35 org/learning/by/example/reactive/microservices/services/GeoLocationService
     [java] Pass 2: Analyzing classes (14 / 35) - 40% complete     0 1/2  14/35 org/learning/by/example/reactive/microservices/model/GeoLocationResponse$Result$Geometry$Viewport$Northeast
     [java] Pass 2: Analyzing classes (15 / 35) - 42% complete     0 1/2  15/35 org/learning/by/example/reactive/microservices/model/GeoLocationResponse$Result$Geometry
     [java] Pass 2: Analyzing classes (16 / 35) - 45% complete     0 1/2  16/35 org/learning/by/example/reactive/microservices/services/GeoLocationServiceImpl
     [java] Pass 2: Analyzing classes (17 / 35) - 48% complete     0 1/2  17/35 org/learning/by/example/reactive/microservices/exceptions/GetSunriseSunsetException
     [java] Pass 2: Analyzing classes (18 / 35) - 51% complete     0 1/2  18/35 org/learning/by/example/reactive/microservices/model/ErrorResponse
     [java] Pass 2: Analyzing classes (19 / 35) - 54% complete     0 1/2  19/35 org/learning/by/example/reactive/microservices/routers/StaticRouter
     [java] Pass 2: Analyzing classes (20 / 35) - 57% complete     0 1/2  20/35 org/learning/by/example/reactive/microservices/model/GeographicCoordinates
     [java] Pass 2: Analyzing classes (21 / 35) - 60% complete     0 1/2  21/35 org/learning/by/example/reactive/microservices/model/GeoLocationResponse$Result$Address_component
     [java] Pass 2: Analyzing classes (22 / 35) - 62% complete     0 1/2  22/35 org/learning/by/example/reactive/microservices/application/ReactiveMsApplication
     [java] Pass 2: Analyzing classes (23 / 35) - 65% complete     0 1/2  23/35 org/learning/by/example/reactive/microservices/model/GeoLocationResponse$Result$Geometry$Bounds
     [java] Pass 2: Analyzing classes (24 / 35) - 68% complete     0 1/2  24/35 org/learning/by/example/reactive/microservices/services/SunriseSunsetService
     [java] Pass 2: Analyzing classes (25 / 35) - 71% complete     0 1/2  25/35 org/learning/by/example/reactive/microservices/handlers/ThrowableTranslator
     [java] Pass 2: Analyzing classes (26 / 35) - 74% complete     0 1/2  26/35 org/learning/by/example/reactive/microservices/exceptions/PathNotFoundException
     [java] Pass 2: Analyzing classes (27 / 35) - 77% complete     0 1/2  27/35 org/learning/by/example/reactive/microservices/model/GeoLocationResponse$Result$Geometry$Bounds$Northeast
     [java] Pass 2: Analyzing classes (28 / 35) - 80% complete     0 1/2  28/35 org/learning/by/example/reactive/microservices/handlers/ApiHandler
     [java] Pass 2: Analyzing classes (29 / 35) - 82% complete     0 1/2  29/35 org/learning/by/example/reactive/microservices/model/LocationRequest
     [java] Pass 2: Analyzing classes (30 / 35) - 85% complete     0 1/2  30/35 org/learning/by/example/reactive/microservices/model/SunriseSunset
     [java] Pass 2: Analyzing classes (31 / 35) - 88% complete     0 1/2  31/35 org/learning/by/example/reactive/microservices/routers/MainRouter
     [java] Pass 2: Analyzing classes (32 / 35) - 91% complete     0 1/2  32/35 org/learning/by/example/reactive/microservices/services/SunriseSunsetServiceImpl
     [java] Pass 2: Analyzing classes (33 / 35) - 94% complete     0 1/2  33/35 org/learning/by/example/reactive/microservices/handlers/ErrorHandler
     [java] Pass 2: Analyzing classes (34 / 35) - 97% complete     0 1/2  34/35 org/learning/by/example/reactive/microservices/application/ApplicationConfig
     [java] Pass 2: Analyzing classes (35 / 35) - 100% completeDone with analysis
     [java] Analysis completed
[INFO] Done SpotBugs Analysis....
[INFO] 
[INFO] <<< spotbugs-maven-plugin:4.2.3-SNAPSHOT:check (default-cli) < :spotbugs @ reactive-ms-example <<<
[INFO] 
[INFO] 
[INFO] --- spotbugs-maven-plugin:4.2.3-SNAPSHOT:check (default-cli) @ reactive-ms-example ---
[INFO] BugInstance size is 0
[INFO] Error size is 0
[INFO] No errors/warnings found
[INFO] ------------------------------------------------------------------------
[INFO] BUILD SUCCESS
[INFO] ------------------------------------------------------------------------
[INFO] Total time:  3.567 s
[INFO] Finished at: 2022-01-16T12:06:40+08:00
[INFO] ------------------------------------------------------------------------
