WARNING: An illegal reflective access operation has occurred
WARNING: Illegal reflective access by com.google.inject.internal.cglib.core.$ReflectUtils$1 (file:/usr/share/maven/lib/guice.jar) to method java.lang.ClassLoader.defineClass(java.lang.String,byte[],int,int,java.security.ProtectionDomain)
WARNING: Please consider reporting this to the maintainers of com.google.inject.internal.cglib.core.$ReflectUtils$1
WARNING: Use --illegal-access=warn to enable warnings of further illegal reflective access operations
WARNING: All illegal access operations will be denied in a future release
[INFO] Scanning for projects...
[INFO] 
[INFO] ------------------< pl.jpetryk.redditbot:reddit-bot >-------------------
[INFO] Building reddit-bot 0.1-SNAPSHOT
[INFO] --------------------------------[ jar ]---------------------------------
[INFO] 
[INFO] >>> spotbugs-maven-plugin:4.2.3-SNAPSHOT:check (default-cli) > :spotbugs @ reddit-bot >>>
[INFO] 
[INFO] --- spotbugs-maven-plugin:4.2.3-SNAPSHOT:spotbugs (spotbugs) @ reddit-bot ---
[INFO] Fork Value is true
     [java] Loading edu.umd.cs.findbugs.plugins.core
     [java] Registering detector: edu.umd.cs.findbugs.detect.OverridingMethodsMustInvokeSuperDetector
     [java] Registering detector: edu.umd.cs.findbugs.detect.FindRoughConstants
     [java] Registering detector: edu.umd.cs.findbugs.detect.FunctionsThatMightBeMistakenForProcedures
     [java] Registering detector: edu.umd.cs.findbugs.detect.NoteSuppressedWarnings
     [java] Registering detector: edu.umd.cs.findbugs.detect.NoteAnnotationRetention
     [java] Registering detector: edu.umd.cs.findbugs.detect.NoteDirectlyRelevantTypeQualifiers
     [java] Registering detector: edu.umd.cs.findbugs.detect.BuildInterproceduralCallGraph
     [java] Registering detector: edu.umd.cs.findbugs.detect.BuildObligationPolicyDatabase
     [java] Registering detector: edu.umd.cs.findbugs.detect.SynchronizeAndNullCheckField
     [java] Registering detector: edu.umd.cs.findbugs.detect.InitializeNonnullFieldsInConstructor
     [java] Registering detector: edu.umd.cs.findbugs.detect.BooleanReturnNull
     [java] Registering detector: edu.umd.cs.findbugs.detect.OptionalReturnNull
     [java] Registering detector: edu.umd.cs.findbugs.detect.NoteJCIPAnnotation
     [java] Registering detector: edu.umd.cs.findbugs.detect.Methods
     [java] Registering detector: edu.umd.cs.findbugs.detect.ReflectiveClasses
     [java] Registering detector: edu.umd.cs.findbugs.detect.CalledMethods
     [java] Registering detector: edu.umd.cs.findbugs.detect.FindNoSideEffectMethods
     [java] Registering detector: edu.umd.cs.findbugs.detect.BuildStringPassthruGraph
     [java] Registering detector: edu.umd.cs.findbugs.detect.ConfusionBetweenInheritedAndOuterMethod
     [java] Registering detector: edu.umd.cs.findbugs.detect.SynchronizationOnSharedBuiltinConstant
     [java] Registering detector: edu.umd.cs.findbugs.detect.NoteCheckReturnValueAnnotations
     [java] Registering detector: edu.umd.cs.findbugs.detect.FieldItemSummary
     [java] Registering detector: edu.umd.cs.findbugs.detect.NoteNonNullAnnotations
     [java] Registering detector: edu.umd.cs.findbugs.detect.NoteUnconditionalParamDerefs
     [java] Registering detector: edu.umd.cs.findbugs.detect.NoteNonnullReturnValues
     [java] Registering detector: edu.umd.cs.findbugs.detect.SynchronizeOnClassLiteralNotGetClass
     [java] Registering detector: edu.umd.cs.findbugs.detect.InfiniteRecursiveLoop
     [java] Registering detector: edu.umd.cs.findbugs.detect.InfiniteLoop
     [java] Registering detector: edu.umd.cs.findbugs.detect.VolatileUsage
     [java] Registering detector: edu.umd.cs.findbugs.detect.InheritanceUnsafeGetResource
     [java] Registering detector: edu.umd.cs.findbugs.detect.EmptyZipFileEntry
     [java] Registering detector: edu.umd.cs.findbugs.detect.DoInsideDoPrivileged
     [java] Registering detector: edu.umd.cs.findbugs.detect.HugeSharedStringConstants
     [java] Registering detector: edu.umd.cs.findbugs.detect.FinalizerNullsFields
     [java] Registering detector: edu.umd.cs.findbugs.detect.MutableEnum
     [java] Registering detector: edu.umd.cs.findbugs.detect.InconsistentAnnotations
     [java] Registering detector: edu.umd.cs.findbugs.detect.RepeatedConditionals
     [java] Registering detector: edu.umd.cs.findbugs.detect.RedundantConditions
     [java] Registering detector: edu.umd.cs.findbugs.detect.CallToUnsupportedMethod
     [java] Registering detector: edu.umd.cs.findbugs.detect.FormatStringChecker
     [java] Registering detector: edu.umd.cs.findbugs.detect.LostLoggerDueToWeakReference
     [java] Registering detector: edu.umd.cs.findbugs.detect.TestingGround
     [java] Registering detector: edu.umd.cs.findbugs.detect.TestingGround2
     [java] Registering detector: edu.umd.cs.findbugs.detect.NoiseNullDeref
     [java] Registering detector: edu.umd.cs.findbugs.detect.Noise
     [java] Registering detector: edu.umd.cs.findbugs.detect.EqualsOperandShouldHaveClassCompatibleWithThis
     [java] Registering detector: edu.umd.cs.findbugs.detect.ResolveAllReferences
     [java] Registering detector: edu.umd.cs.findbugs.detect.CheckImmutableAnnotation
     [java] Registering detector: edu.umd.cs.findbugs.detect.DontCatchIllegalMonitorStateException
     [java] Registering detector: edu.umd.cs.findbugs.detect.FindFloatMath
     [java] Registering detector: edu.umd.cs.findbugs.detect.CloneIdiom
     [java] Registering detector: edu.umd.cs.findbugs.detect.ComparatorIdiom
     [java] Registering detector: edu.umd.cs.findbugs.detect.FindFieldSelfAssignment
     [java] Registering detector: edu.umd.cs.findbugs.detect.FindSelfComparison
     [java] Registering detector: edu.umd.cs.findbugs.detect.FindSelfComparison2
     [java] Registering detector: edu.umd.cs.findbugs.detect.DroppedException
     [java] Registering detector: edu.umd.cs.findbugs.detect.LoadOfKnownNullValue
     [java] Registering detector: edu.umd.cs.findbugs.detect.DumbMethodInvocations
     [java] Registering detector: edu.umd.cs.findbugs.detect.URLProblems
     [java] Registering detector: edu.umd.cs.findbugs.detect.CovariantArrayAssignment
     [java] Registering detector: edu.umd.cs.findbugs.detect.DumbMethods
     [java] Registering detector: edu.umd.cs.findbugs.detect.NumberConstructor
     [java] Registering detector: edu.umd.cs.findbugs.detect.FindSqlInjection
     [java] Registering detector: edu.umd.cs.findbugs.detect.FindDoubleCheck
     [java] Registering detector: edu.umd.cs.findbugs.detect.FindFinalizeInvocations
     [java] Registering detector: edu.umd.cs.findbugs.detect.FindHEmismatch
     [java] Registering detector: edu.umd.cs.findbugs.detect.OverridingEqualsNotSymmetrical
     [java] Registering detector: edu.umd.cs.findbugs.detect.FindNakedNotify
     [java] Registering detector: edu.umd.cs.findbugs.detect.FindReturnRef
     [java] Registering detector: edu.umd.cs.findbugs.detect.FindRunInvocations
     [java] Registering detector: edu.umd.cs.findbugs.detect.SwitchFallthrough
     [java] Registering detector: edu.umd.cs.findbugs.detect.FindSpinLoop
     [java] Registering detector: edu.umd.cs.findbugs.detect.FindNonShortCircuit
     [java] Registering detector: edu.umd.cs.findbugs.detect.FindTwoLockWait
     [java] Registering detector: edu.umd.cs.findbugs.detect.FindUnconditionalWait
     [java] Registering detector: edu.umd.cs.findbugs.detect.FindUninitializedGet
     [java] Registering detector: edu.umd.cs.findbugs.detect.DontUseEnum
     [java] Registering detector: edu.umd.cs.findbugs.detect.FindUnsyncGet
     [java] Registering detector: edu.umd.cs.findbugs.detect.InitializationChain
     [java] Registering detector: edu.umd.cs.findbugs.detect.IteratorIdioms
     [java] Registering detector: edu.umd.cs.findbugs.detect.PreferZeroLengthArrays
     [java] Registering detector: edu.umd.cs.findbugs.detect.SynchronizingOnContentsOfFieldToProtectField
     [java] Registering detector: edu.umd.cs.findbugs.detect.MutableLock
     [java] Registering detector: edu.umd.cs.findbugs.detect.FindUselessObjects
     [java] Registering detector: edu.umd.cs.findbugs.detect.MutableStaticFields
     [java] Registering detector: edu.umd.cs.findbugs.detect.Naming
     [java] Registering detector: edu.umd.cs.findbugs.detect.ReadReturnShouldBeChecked
     [java] Registering detector: edu.umd.cs.findbugs.detect.SerializableIdiom
     [java] Registering detector: edu.umd.cs.findbugs.detect.StartInConstructor
     [java] Registering detector: edu.umd.cs.findbugs.detect.FindBadForLoop
     [java] Registering detector: edu.umd.cs.findbugs.detect.ExplicitSerialization
     [java] Registering detector: edu.umd.cs.findbugs.detect.UnreadFields
     [java] Registering detector: edu.umd.cs.findbugs.detect.WaitInLoop
     [java] Registering detector: edu.umd.cs.findbugs.detect.FindComparatorProblems
     [java] Registering detector: edu.umd.cs.findbugs.detect.FindNullDeref
     [java] Registering detector: edu.umd.cs.findbugs.detect.FindNullDerefsInvolvingNonShortCircuitEvaluation
     [java] Registering detector: edu.umd.cs.findbugs.detect.FindOpenStream
     [java] Registering detector: edu.umd.cs.findbugs.detect.FindUselessControlFlow
     [java] Registering detector: edu.umd.cs.findbugs.detect.FindUnreleasedLock
     [java] Registering detector: edu.umd.cs.findbugs.detect.FindRefComparison
     [java] Registering detector: edu.umd.cs.findbugs.detect.FindMismatchedWaitOrNotify
     [java] Registering detector: edu.umd.cs.findbugs.detect.FindEmptySynchronizedBlock
     [java] Registering detector: edu.umd.cs.findbugs.detect.FindInconsistentSync2
     [java] Registering detector: edu.umd.cs.findbugs.detect.FindLocalSelfAssignment2
     [java] Registering detector: edu.umd.cs.findbugs.detect.IncompatMask
     [java] Registering detector: edu.umd.cs.findbugs.detect.LazyInit
     [java] Registering detector: edu.umd.cs.findbugs.detect.FindJSR166LockMonitorenter
     [java] Registering detector: edu.umd.cs.findbugs.detect.FindUncalledPrivateMethods
     [java] Registering detector: edu.umd.cs.findbugs.detect.UncallableMethodOfAnonymousClass
     [java] Registering detector: edu.umd.cs.findbugs.detect.StringConcatenation
     [java] Registering detector: edu.umd.cs.findbugs.detect.InefficientInitializationInsideLoop
     [java] Registering detector: edu.umd.cs.findbugs.detect.InefficientIndexOf
     [java] Registering detector: edu.umd.cs.findbugs.detect.InefficientToArray
     [java] Registering detector: edu.umd.cs.findbugs.detect.InvalidJUnitTest
     [java] Registering detector: edu.umd.cs.findbugs.detect.BadlyOverriddenAdapter
     [java] Registering detector: edu.umd.cs.findbugs.detect.BadResultSetAccess
     [java] Registering detector: edu.umd.cs.findbugs.detect.SuperfluousInstanceOf
     [java] Registering detector: edu.umd.cs.findbugs.detect.BadAppletConstructor
     [java] Registering detector: edu.umd.cs.findbugs.detect.SuspiciousThreadInterrupted
     [java] Registering detector: edu.umd.cs.findbugs.detect.FindDeadLocalStores
     [java] Registering detector: edu.umd.cs.findbugs.detect.FindMaskedFields
     [java] Registering detector: edu.umd.cs.findbugs.detect.WrongMapIterator
     [java] Registering detector: edu.umd.cs.findbugs.detect.InstantiateStaticClass
     [java] Registering detector: edu.umd.cs.findbugs.detect.RuntimeExceptionCapture
     [java] Registering detector: edu.umd.cs.findbugs.detect.FindFloatEquality
     [java] Registering detector: edu.umd.cs.findbugs.detect.FindUnsatisfiedObligation
     [java] Registering detector: edu.umd.cs.findbugs.detect.UnnecessaryMath
     [java] Registering detector: edu.umd.cs.findbugs.detect.FindCircularDependencies
     [java] Registering detector: edu.umd.cs.findbugs.detect.RedundantInterfaces
     [java] Registering detector: edu.umd.cs.findbugs.detect.MultithreadedInstanceAccess
     [java] Registering detector: edu.umd.cs.findbugs.detect.PublicSemaphores
     [java] Registering detector: edu.umd.cs.findbugs.detect.BadUseOfReturnValue
     [java] Registering detector: edu.umd.cs.findbugs.detect.MethodReturnCheck
     [java] Registering detector: edu.umd.cs.findbugs.detect.IDivResultCastToDouble
     [java] Registering detector: edu.umd.cs.findbugs.detect.FindBadCast2
     [java] Registering detector: edu.umd.cs.findbugs.detect.FindUseOfNonSerializableValue
     [java] Registering detector: edu.umd.cs.findbugs.detect.FindNonSerializableStoreIntoSession
     [java] Registering detector: edu.umd.cs.findbugs.detect.FindNonSerializableValuePassedToWriteObject
     [java] Registering detector: edu.umd.cs.findbugs.detect.BadSyntaxForRegularExpression
     [java] Registering detector: edu.umd.cs.findbugs.detect.VarArgsProblems
     [java] Registering detector: edu.umd.cs.findbugs.detect.FindPuzzlers
     [java] Registering detector: edu.umd.cs.findbugs.detect.IntCast2LongAsInstant
     [java] Registering detector: edu.umd.cs.findbugs.detect.FindSleepWithLockHeld
     [java] Registering detector: edu.umd.cs.findbugs.detect.InefficientMemberAccess
     [java] Registering detector: edu.umd.cs.findbugs.detect.DuplicateBranches
     [java] Registering detector: edu.umd.cs.findbugs.detect.XMLFactoryBypass
     [java] Registering detector: edu.umd.cs.findbugs.detect.UselessSubclassMethod
     [java] Registering detector: edu.umd.cs.findbugs.detect.ConfusedInheritance
     [java] Registering detector: edu.umd.cs.findbugs.detect.QuestionableBooleanAssignment
     [java] Registering detector: edu.umd.cs.findbugs.detect.TrainUnconditionalDerefParams
     [java] Registering detector: edu.umd.cs.findbugs.detect.TrainLongInstantfParams
     [java] Registering detector: edu.umd.cs.findbugs.detect.TrainFieldStoreTypes
     [java] Registering detector: edu.umd.cs.findbugs.detect.TrainNonNullAnnotations
     [java] Registering detector: edu.umd.cs.findbugs.detect.CheckCalls
     [java] Registering detector: edu.umd.cs.findbugs.detect.FindBugsSummaryStats
     [java] Registering detector: edu.umd.cs.findbugs.detect.AppendingToAnObjectOutputStream
     [java] Registering detector: edu.umd.cs.findbugs.detect.TestASM
     [java] Registering detector: edu.umd.cs.findbugs.detect.FindUnrelatedTypesInGenericContainer
     [java] Registering detector: edu.umd.cs.findbugs.detect.StaticCalendarDetector
     [java] Registering detector: edu.umd.cs.findbugs.detect.TestDataflowAnalysis
     [java] Registering detector: edu.umd.cs.findbugs.detect.CheckTypeQualifiers
     [java] Registering detector: edu.umd.cs.findbugs.detect.CrossSiteScripting
     [java] Registering detector: edu.umd.cs.findbugs.detect.DontIgnoreResultOfPutIfAbsent
     [java] Registering detector: edu.umd.cs.findbugs.detect.ReadOfInstanceFieldInMethodInvokedByConstructorInSuperclass
     [java] Registering detector: edu.umd.cs.findbugs.detect.AtomicityProblem
     [java] Registering detector: edu.umd.cs.findbugs.detect.CheckExpectedWarnings
     [java] Registering detector: edu.umd.cs.findbugs.detect.DefaultEncodingDetector
     [java] Registering detector: edu.umd.cs.findbugs.detect.CheckRelaxingNullnessAnnotation
     [java] Registering detector: edu.umd.cs.findbugs.detect.DontAssertInstanceofInTests
     [java] Scanning archives (0 / 17)Scanning archives (1 / 17)Scanning archives (2 / 17)Scanning archives (3 / 17)Scanning archives (4 / 17)Scanning archives (5 / 17)Scanning archives (6 / 17)Scanning archives (7 / 17)Scanning archives (8 / 17)Scanning archives (9 / 17)Scanning archives (10 / 17)Scanning archives (11 / 17)Scanning archives (12 / 17)Scanning archives (13 / 17)Scanning archives (14 / 17)Scanning archives (15 / 17)Scanning archives (16 / 17)Scanning archives (17 / 17)35 classes scannedAdding referenced classes
     [java] Added 1 referenced classes
     [java] Total of 40 packages
     [java]   java/lang/Integer
     [java]   java/lang/StringBuilder
     [java]   com/google/common/collect/Multimap
     [java]   pl/jpetryk/redditbot/connectors/ImgurConnectorInterface
     [java]   twitter4j/User
     [java]   pl/jpetryk/redditbot/exceptions/ImgurException
     [java]   java/lang/invoke/CallSite
     [java]   java/io/OutputStreamWriter
     [java]   pl/jpetryk/redditbot/BotModule
     [java]   org/apache/log4j/Layout
     [java]   java/lang/Throwable$WrappedPrintStream
     [java]   java/lang/reflect/TypeVariable
     [java]   twitter4j/Status
     [java]   okhttp3/OkHttpClient
     [java]   java/lang/Runnable
     [java]   [Ljava/lang/reflect/Type;
     [java]   java/util/stream/Collectors
     [java]   java/util/Arrays
     [java]   pl/jpetryk/redditbot/exceptions/TwitterApiException
     [java]   pl/jpetryk/redditbot/connectors/CustomRedditConnector
     [java]   pl/jpetryk/redditbot/connectors/RedditConnectorInterface
     [java]   java/lang/reflect/Method
     [java]   org/apache/log4j/Appender
     [java]   java/lang/Readable
     [java]   okhttp3/ResponseBody
     [java]   java/io/Reader
     [java]   java/io/ObjectInputStream
     [java]   java/lang/Thread
     [java]   java/util/Iterator
     [java]   java/lang/reflect/GenericArrayType
     [java]   com/google/inject/Binder
     [java]   java/lang/invoke/MethodType
     [java]   com/google/inject/Injector
     [java]   java/util/concurrent/Executors
     [java]   java/util/Map
     [java]   [Ljava/lang/StackTraceElement;
     [java]   java/lang/Object
     [java]   java/io/Serializable
     [java]   javax/inject/Named
     [java]   okhttp3/MediaType
     [java]   java/util/Queue
     [java]   java/util/LinkedHashSet
     [java]   com/google/inject/binder/ScopedBindingBuilder
     [java]   com/google/common/io/CharStreams
     [java]   java/util/LinkedHashMap
     [java]   java/lang/invoke/MethodHandles
     [java]   java/net/URLConnection
     [java]   java/lang/IllegalStateException
     [java]   pl/jpetryk/redditbot/model/Tweet$1
     [java]   java/lang/System
     [java]   pl/jpetryk/redditbot/model/Buffer
     [java]   java/lang/reflect/ParameterizedType
     [java]   java/util/stream/Stream
     [java]   java/lang/FunctionalInterface
     [java]   com/google/inject/name/Named
     [java]   com/google/inject/internal/util/$Preconditions
     [java]   java/util/regex/Matcher
     [java]   java/lang/Iterable
     [java]   java/util/Date
     [java]   pl/jpetryk/redditbot/connectors/TwitterConnectorInterface
     [java]   java/io/InputStreamReader
     [java]   com/google/inject/name/Names
     [java]   java/lang/NullPointerException
     [java]   java/io/IOException
     [java]   pl/jpetryk/redditbot/model/TweetWithRehostedImages
     [java]   pl/jpetryk/redditbot/utils/RedditPrefixes
     [java]   java/util/function/Function
     [java]   java/lang/Throwable$PrintStreamOrWriter
     [java]   java/lang/Throwable$SentinelHolder
     [java]   java/lang/annotation/Annotation
     [java]   pl/jpetryk/redditbot/model/Comment
     [java]   pl/jpetryk/redditbot/Runner
     [java]   java/lang/IllegalArgumentException
     [java]   java/util/function/Consumer
     [java]   twitter4j/URLEntity
     [java]   java/lang/Long
     [java]   twitter4j/Twitter
     [java]   java/lang/reflect/WildcardType
     [java]   java/io/OutputStream
     [java]   java/lang/invoke/MethodHandle
     [java]   com/google/common/annotations/VisibleForTesting
     [java]   org/apache/log4j/PatternLayout
     [java]   com/google/inject/binder/AnnotatedBindingBuilder
     [java]   pl/jpetryk/redditbot/model/PostCommentResult
     [java]   jdk/internal/HotSpotIntrinsicCandidate
     [java]   pl/jpetryk/redditbot/utils/PropertiesReader
     [java]   pl/jpetryk/redditbot/utils/RequireUtils
     [java]   com/google/common/collect/HashMultimap
     [java]   okhttp3/Request
     [java]   javax/inject/Inject
     [java]   pl/jpetryk/redditbot/BotModule$1
     [java]   java/lang/StackTraceElement
     [java]   java/lang/ClassLoader
     [java]   java/lang/Deprecated
     [java]   twitter4j/TwitterException
     [java]   pl/jpetryk/redditbot/model/Comment$1
     [java]   java/io/StreamCorruptedException
     [java]   org/codehaus/jackson/map/ObjectMapper
     [java]   pl/jpetryk/redditbot/parser/BaseCommentParser
     [java]   com/google/inject/AbstractModule
     [java]   java/util/ArrayList
     [java]   java/io/ObjectOutputStream
     [java]   com/google/inject/util/Types
     [java]   java/lang/reflect/Type
     [java]   pl/jpetryk/redditbot/bot/impl/TweetsInCommentsBot
     [java]   java/lang/reflect/Constructor
     [java]   java/util/Collection
     [java]   twitter4j/conf/ConfigurationBuilder
     [java]   org/apache/log4j/FileAppender
     [java]   java/util/regex/Pattern
     [java]   java/util/Properties
     [java]   pl/jpetryk/redditbot/utils/ResponseCommentCreator
     [java]   java/util/function/Predicate
     [java]   okhttp3/Response
     [java]   java/lang/Throwable
     [java]   pl/jpetryk/redditbot/utils/FormattingUtils
     [java]   pl/jpetryk/redditbot/exceptions/RedditApiException
     [java]   com/google/common/collect/ImmutableMultimap
     [java]   java/lang/Exception
     [java]   java/util/concurrent/ExecutorService
     [java]   java/lang/reflect/Field
     [java]   org/codehaus/jackson/map/PropertyNamingStrategy
     [java]   java/util/stream/Collector
     [java]   org/json/JSONObject
     [java]   com/google/inject/internal/MoreTypes
     [java]   pl/jpetryk/redditbot/model/Authorization
     [java]   pl/jpetryk/redditbot/model/Comment$Builder
     [java]   java/io/BufferedReader
     [java]   java/util/IdentityHashMap
     [java]   okhttp3/Request$Builder
     [java]   com/google/inject/internal/util/$ImmutableList
     [java]   java/net/URLEncoder
     [java]   java/lang/AssertionError
     [java]   java/util/Collections
     [java]   pl/jpetryk/redditbot/exceptions/NetworkConnectionException
     [java]   com/google/common/collect/ImmutableMap
     [java]   com/google/inject/Inject
     [java]   java/lang/RuntimeException
     [java]   pl/jpetryk/redditbot/connectors/ImgurConnector
     [java]   java/util/List
     [java]   java/lang/invoke/MethodHandles$Lookup
     [java]   twitter4j/conf/Configuration
     [java]   org/joda/time/DateTime
     [java]   pl/jpetryk/redditbot/model/RehostedImageEntity
     [java]   java/net/MalformedURLException
     [java]   java/util/HashMap
     [java]   java/lang/InterruptedException
     [java]   org/apache/log4j/Level
     [java]   pl/jpetryk/redditbot/model/Tweet$Builder
     [java]   org/json/JSONException
     [java]   okhttp3/Call
     [java]   com/google/inject/Guice
     [java]   java/lang/Throwable$WrappedPrintWriter
     [java]   com/google/inject/TypeLiteral
     [java]   java/io/InputStream
     [java]   java/util/Set
     [java]   java/lang/String
     [java]   pl/jpetryk/redditbot/utils/ResponseCommentCreatorInterface
     [java]   pl/jpetryk/redditbot/bot/AbstractRedditBot
     [java]   java/lang/ClassNotFoundException
     [java]   java/lang/invoke/LambdaMetafactory
     [java]   okhttp3/Credentials
     [java]   java/lang/Math
     [java]   twitter4j/TwitterFactory
     [java]   twitter4j/RateLimitStatus
     [java]   twitter4j/MediaEntity
     [java]   java/net/URL
     [java]   java/net/HttpURLConnection
     [java]   com/google/inject/binder/ConstantBindingBuilder
     [java]   java/util/Map$Entry
     [java]   pl/jpetryk/redditbot/parser/CommentParser
     [java]   org/codehaus/jackson/JsonNode
     [java]   pl/jpetryk/redditbot/model/ProcessCommentResult
     [java]   com/google/inject/binder/AnnotatedConstantBindingBuilder
     [java]   org/joda/time/DateTimeZone
     [java]   java/lang/CloneNotSupportedException
     [java]   org/apache/log4j/Logger
     [java]   java/lang/CharSequence
     [java]   pl/jpetryk/redditbot/connectors/Twitter4JConnector
     [java]   com/google/common/collect/EvictingQueue
     [java]   pl/jpetryk/redditbot/model/Tweet
     [java]   java/lang/Class
     [java]   java/util/Objects
     [java]   okhttp3/RequestBody
     [java]   com/google/inject/Module
     [java] Adding plugin edu.umd.cs.findbugs.plugins.core to execution plan
     [java] Dependences force enabling of edu.umd.cs.findbugs.detect.FieldItemSummary
     [java] Dependences force enabling of edu.umd.cs.findbugs.detect.NoteSuppressedWarnings
     [java] Dependences force enabling of edu.umd.cs.findbugs.detect.EqualsOperandShouldHaveClassCompatibleWithThis
     [java] Dependences force enabling of edu.umd.cs.findbugs.detect.FunctionsThatMightBeMistakenForProcedures
     [java] Dependences force enabling of edu.umd.cs.findbugs.detect.FindNoSideEffectMethods
     [java] Dependences force enabling of edu.umd.cs.findbugs.detect.NoteCheckReturnValueAnnotations
     [java] Dependences force enabling of edu.umd.cs.findbugs.detect.NoteAnnotationRetention
     [java] Dependences force enabling of edu.umd.cs.findbugs.detect.FindBugsSummaryStats
     [java] 2 passes in execution plan
     [java] 2 analysis passes to perform     0 : Pass 0: 183 classesXFactory cached methods: 4324/4324
     [java] Descriptor factory: 3772/4324/12546
     [java] Pass 1: Analyzing classes (0 / 183) - 00% complete     0 0/2  0/183 java/lang/Integer
     [java] Pass 1: Analyzing classes (1 / 183) - 00% complete     0 0/2  1/183 java/lang/StringBuilder
     [java] Pass 1: Analyzing classes (2 / 183) - 01% complete     0 0/2  2/183 com/google/common/collect/Multimap
     [java] Pass 1: Analyzing classes (3 / 183) - 01% complete     0 0/2  3/183 pl/jpetryk/redditbot/connectors/ImgurConnectorInterface
     [java] Pass 1: Analyzing classes (4 / 183) - 02% complete     0 0/2  4/183 twitter4j/User
     [java] Pass 1: Analyzing classes (5 / 183) - 02% complete     0 0/2  5/183 pl/jpetryk/redditbot/exceptions/ImgurException
     [java] Pass 1: Analyzing classes (6 / 183) - 03% complete     0 0/2  6/183 java/lang/invoke/CallSite
     [java] Pass 1: Analyzing classes (7 / 183) - 03% complete     0 0/2  7/183 java/io/OutputStreamWriter
     [java] Pass 1: Analyzing classes (8 / 183) - 04% complete     0 0/2  8/183 pl/jpetryk/redditbot/BotModule
     [java] Pass 1: Analyzing classes (9 / 183) - 04% complete     0 0/2  9/183 org/apache/log4j/Layout
     [java] Pass 1: Analyzing classes (10 / 183) - 05% complete     0 0/2  10/183 java/lang/Throwable$WrappedPrintStream
     [java] Pass 1: Analyzing classes (11 / 183) - 06% complete     0 0/2  11/183 java/lang/reflect/TypeVariable
     [java] Pass 1: Analyzing classes (12 / 183) - 06% complete     0 0/2  12/183 twitter4j/Status
     [java] Pass 1: Analyzing classes (13 / 183) - 07% complete     0 0/2  13/183 okhttp3/OkHttpClient
     [java] Pass 1: Analyzing classes (14 / 183) - 07% complete     0 0/2  14/183 java/lang/Runnable
     [java] Pass 1: Analyzing classes (15 / 183) - 08% complete     0 0/2  15/183 java/util/stream/Collectors
     [java] Pass 1: Analyzing classes (16 / 183) - 08% complete     0 0/2  16/183 java/util/Arrays
     [java] Pass 1: Analyzing classes (17 / 183) - 09% complete     0 0/2  17/183 pl/jpetryk/redditbot/exceptions/TwitterApiException
     [java] Pass 1: Analyzing classes (18 / 183) - 09% complete     0 0/2  18/183 pl/jpetryk/redditbot/connectors/CustomRedditConnector
     [java] Pass 1: Analyzing classes (19 / 183) - 10% complete     0 0/2  19/183 pl/jpetryk/redditbot/connectors/RedditConnectorInterface
     [java] Pass 1: Analyzing classes (20 / 183) - 10% complete     0 0/2  20/183 java/lang/reflect/Method
     [java] Pass 1: Analyzing classes (21 / 183) - 11% complete     0 0/2  21/183 org/apache/log4j/Appender
     [java] Pass 1: Analyzing classes (22 / 183) - 12% complete     0 0/2  22/183 java/lang/Readable
     [java] Pass 1: Analyzing classes (23 / 183) - 12% complete     0 0/2  23/183 okhttp3/ResponseBody
     [java] Pass 1: Analyzing classes (24 / 183) - 13% complete     0 0/2  24/183 java/io/Reader
     [java] Pass 1: Analyzing classes (25 / 183) - 13% complete     0 0/2  25/183 java/io/ObjectInputStream
     [java] Pass 1: Analyzing classes (26 / 183) - 14% complete     0 0/2  26/183 java/lang/Thread
     [java] Pass 1: Analyzing classes (27 / 183) - 14% complete     0 0/2  27/183 java/util/Iterator
     [java] Pass 1: Analyzing classes (28 / 183) - 15% complete     0 0/2  28/183 java/lang/reflect/GenericArrayType
     [java] Pass 1: Analyzing classes (29 / 183) - 15% complete     0 0/2  29/183 com/google/inject/Binder
     [java] Pass 1: Analyzing classes (30 / 183) - 16% complete     0 0/2  30/183 java/lang/invoke/MethodType
     [java] Pass 1: Analyzing classes (31 / 183) - 16% complete     0 0/2  31/183 com/google/inject/Injector
     [java] Pass 1: Analyzing classes (32 / 183) - 17% complete     0 0/2  32/183 java/util/concurrent/Executors
     [java] Pass 1: Analyzing classes (33 / 183) - 18% complete     0 0/2  33/183 java/util/Map
     [java] Pass 1: Analyzing classes (34 / 183) - 18% complete     0 0/2  34/183 java/lang/Object
     [java] Pass 1: Analyzing classes (35 / 183) - 19% complete     0 0/2  35/183 java/io/Serializable
     [java] Pass 1: Analyzing classes (36 / 183) - 19% complete     0 0/2  36/183 javax/inject/Named
     [java] Pass 1: Analyzing classes (37 / 183) - 20% complete     0 0/2  37/183 okhttp3/MediaType
     [java] Pass 1: Analyzing classes (38 / 183) - 20% complete     0 0/2  38/183 java/util/Queue
     [java] Pass 1: Analyzing classes (39 / 183) - 21% complete     0 0/2  39/183 java/util/LinkedHashSet
     [java] Pass 1: Analyzing classes (40 / 183) - 21% complete     0 0/2  40/183 com/google/inject/binder/ScopedBindingBuilder
     [java] Pass 1: Analyzing classes (41 / 183) - 22% complete     0 0/2  41/183 com/google/common/io/CharStreams
     [java] Pass 1: Analyzing classes (42 / 183) - 22% complete     0 0/2  42/183 java/util/LinkedHashMap
     [java] Pass 1: Analyzing classes (43 / 183) - 23% complete     0 0/2  43/183 java/lang/invoke/MethodHandles
     [java] Pass 1: Analyzing classes (44 / 183) - 24% complete     0 0/2  44/183 java/net/URLConnection
     [java] Pass 1: Analyzing classes (45 / 183) - 24% complete     0 0/2  45/183 java/lang/IllegalStateException
     [java] Pass 1: Analyzing classes (46 / 183) - 25% complete     0 0/2  46/183 pl/jpetryk/redditbot/model/Tweet$1
     [java] Pass 1: Analyzing classes (47 / 183) - 25% complete     0 0/2  47/183 java/lang/System
     [java] Pass 1: Analyzing classes (48 / 183) - 26% complete     0 0/2  48/183 pl/jpetryk/redditbot/model/Buffer
     [java] Pass 1: Analyzing classes (49 / 183) - 26% complete     0 0/2  49/183 java/lang/reflect/ParameterizedType
     [java] Pass 1: Analyzing classes (50 / 183) - 27% complete     0 0/2  50/183 java/util/stream/Stream
     [java] Pass 1: Analyzing classes (51 / 183) - 27% complete     0 0/2  51/183 java/lang/FunctionalInterface
     [java] Pass 1: Analyzing classes (52 / 183) - 28% complete     0 0/2  52/183 com/google/inject/name/Named
     [java] Pass 1: Analyzing classes (53 / 183) - 28% complete     0 0/2  53/183 com/google/inject/internal/util/$Preconditions
     [java] Pass 1: Analyzing classes (54 / 183) - 29% complete     0 0/2  54/183 java/util/regex/Matcher
     [java] Pass 1: Analyzing classes (55 / 183) - 30% complete     0 0/2  55/183 java/lang/Iterable
     [java] Pass 1: Analyzing classes (56 / 183) - 30% complete     0 0/2  56/183 java/util/Date
     [java] Pass 1: Analyzing classes (57 / 183) - 31% complete     0 0/2  57/183 pl/jpetryk/redditbot/connectors/TwitterConnectorInterface
     [java] Pass 1: Analyzing classes (58 / 183) - 31% complete     0 0/2  58/183 java/io/InputStreamReader
     [java] Pass 1: Analyzing classes (59 / 183) - 32% complete     0 0/2  59/183 com/google/inject/name/Names
     [java] Pass 1: Analyzing classes (60 / 183) - 32% complete     0 0/2  60/183 java/lang/NullPointerException
     [java] Pass 1: Analyzing classes (61 / 183) - 33% complete     0 0/2  61/183 java/io/IOException
     [java] Pass 1: Analyzing classes (62 / 183) - 33% complete     0 0/2  62/183 pl/jpetryk/redditbot/model/TweetWithRehostedImages
     [java] Pass 1: Analyzing classes (63 / 183) - 34% complete     0 0/2  63/183 pl/jpetryk/redditbot/utils/RedditPrefixes
     [java] Pass 1: Analyzing classes (64 / 183) - 34% complete     0 0/2  64/183 java/util/function/Function
     [java] Pass 1: Analyzing classes (65 / 183) - 35% complete     0 0/2  65/183 java/lang/Throwable$PrintStreamOrWriter
     [java] Pass 1: Analyzing classes (66 / 183) - 36% complete     0 0/2  66/183 java/lang/Throwable$SentinelHolder
     [java] Pass 1: Analyzing classes (67 / 183) - 36% complete     0 0/2  67/183 java/lang/annotation/Annotation
     [java] Pass 1: Analyzing classes (68 / 183) - 37% complete     0 0/2  68/183 pl/jpetryk/redditbot/model/Comment
     [java] Pass 1: Analyzing classes (69 / 183) - 37% complete     0 0/2  69/183 pl/jpetryk/redditbot/Runner
     [java] Pass 1: Analyzing classes (70 / 183) - 38% complete     0 0/2  70/183 java/lang/IllegalArgumentException
     [java] Pass 1: Analyzing classes (71 / 183) - 38% complete     0 0/2  71/183 java/util/function/Consumer
     [java] Pass 1: Analyzing classes (72 / 183) - 39% complete     0 0/2  72/183 twitter4j/URLEntity
     [java] Pass 1: Analyzing classes (73 / 183) - 39% complete     0 0/2  73/183 java/lang/Long
     [java] Pass 1: Analyzing classes (74 / 183) - 40% complete     0 0/2  74/183 twitter4j/Twitter
     [java] Pass 1: Analyzing classes (75 / 183) - 40% complete     0 0/2  75/183 java/lang/reflect/WildcardType
     [java] Pass 1: Analyzing classes (76 / 183) - 41% complete     0 0/2  76/183 java/io/OutputStream
     [java] Pass 1: Analyzing classes (77 / 183) - 42% complete     0 0/2  77/183 java/lang/invoke/MethodHandle
     [java] Pass 1: Analyzing classes (78 / 183) - 42% complete     0 0/2  78/183 com/google/common/annotations/VisibleForTesting
     [java] Pass 1: Analyzing classes (79 / 183) - 43% complete     0 0/2  79/183 org/apache/log4j/PatternLayout
     [java] Pass 1: Analyzing classes (80 / 183) - 43% complete     0 0/2  80/183 com/google/inject/binder/AnnotatedBindingBuilder
     [java] Pass 1: Analyzing classes (81 / 183) - 44% complete     0 0/2  81/183 pl/jpetryk/redditbot/model/PostCommentResult
     [java] Pass 1: Analyzing classes (82 / 183) - 44% complete     0 0/2  82/183 jdk/internal/HotSpotIntrinsicCandidate
     [java] Pass 1: Analyzing classes (83 / 183) - 45% complete     0 0/2  83/183 pl/jpetryk/redditbot/utils/PropertiesReader
     [java] Pass 1: Analyzing classes (84 / 183) - 45% complete     0 0/2  84/183 pl/jpetryk/redditbot/utils/RequireUtils
     [java] Pass 1: Analyzing classes (85 / 183) - 46% complete     0 0/2  85/183 com/google/common/collect/HashMultimap
     [java] Pass 1: Analyzing classes (86 / 183) - 46% complete     0 0/2  86/183 okhttp3/Request
     [java] Pass 1: Analyzing classes (87 / 183) - 47% complete     0 0/2  87/183 javax/inject/Inject
     [java] Pass 1: Analyzing classes (88 / 183) - 48% complete     0 0/2  88/183 pl/jpetryk/redditbot/BotModule$1
     [java] Pass 1: Analyzing classes (89 / 183) - 48% complete     0 0/2  89/183 java/lang/StackTraceElement
     [java] Pass 1: Analyzing classes (90 / 183) - 49% complete     0 0/2  90/183 java/lang/ClassLoader
     [java] Pass 1: Analyzing classes (91 / 183) - 49% complete     0 0/2  91/183 java/lang/Deprecated
     [java] Pass 1: Analyzing classes (92 / 183) - 50% complete     0 0/2  92/183 twitter4j/TwitterException
     [java] Pass 1: Analyzing classes (93 / 183) - 50% complete     0 0/2  93/183 pl/jpetryk/redditbot/model/Comment$1
     [java] Pass 1: Analyzing classes (94 / 183) - 51% complete     0 0/2  94/183 java/io/StreamCorruptedException
     [java] Pass 1: Analyzing classes (95 / 183) - 51% complete     0 0/2  95/183 org/codehaus/jackson/map/ObjectMapper
     [java] Pass 1: Analyzing classes (96 / 183) - 52% complete     0 0/2  96/183 pl/jpetryk/redditbot/parser/BaseCommentParser
     [java] Pass 1: Analyzing classes (97 / 183) - 53% complete     0 0/2  97/183 com/google/inject/AbstractModule
     [java] Pass 1: Analyzing classes (98 / 183) - 53% complete     0 0/2  98/183 java/util/ArrayList
     [java] Pass 1: Analyzing classes (99 / 183) - 54% complete     0 0/2  99/183 java/io/ObjectOutputStream
     [java] Pass 1: Analyzing classes (100 / 183) - 54% complete     0 0/2  100/183 com/google/inject/util/Types
     [java] Pass 1: Analyzing classes (101 / 183) - 55% complete     0 0/2  101/183 java/lang/reflect/Type
     [java] Pass 1: Analyzing classes (102 / 183) - 55% complete     0 0/2  102/183 pl/jpetryk/redditbot/bot/impl/TweetsInCommentsBot
     [java] Pass 1: Analyzing classes (103 / 183) - 56% complete     0 0/2  103/183 java/lang/reflect/Constructor
     [java] Pass 1: Analyzing classes (104 / 183) - 56% complete     0 0/2  104/183 java/util/Collection
     [java] Pass 1: Analyzing classes (105 / 183) - 57% complete     0 0/2  105/183 twitter4j/conf/ConfigurationBuilder
     [java] Pass 1: Analyzing classes (106 / 183) - 57% complete     0 0/2  106/183 org/apache/log4j/FileAppender
     [java] Pass 1: Analyzing classes (107 / 183) - 58% complete     0 0/2  107/183 java/util/regex/Pattern
     [java] Pass 1: Analyzing classes (108 / 183) - 59% complete     0 0/2  108/183 java/util/Properties
     [java] Pass 1: Analyzing classes (109 / 183) - 59% complete     0 0/2  109/183 pl/jpetryk/redditbot/utils/ResponseCommentCreator
     [java] Pass 1: Analyzing classes (110 / 183) - 60% complete     0 0/2  110/183 java/util/function/Predicate
     [java] Pass 1: Analyzing classes (111 / 183) - 60% complete     0 0/2  111/183 okhttp3/Response
     [java] Pass 1: Analyzing classes (112 / 183) - 61% complete     0 0/2  112/183 java/lang/Throwable
     [java] Pass 1: Analyzing classes (113 / 183) - 61% complete     0 0/2  113/183 pl/jpetryk/redditbot/utils/FormattingUtils
     [java] Pass 1: Analyzing classes (114 / 183) - 62% complete     0 0/2  114/183 pl/jpetryk/redditbot/exceptions/RedditApiException
     [java] Pass 1: Analyzing classes (115 / 183) - 62% complete     0 0/2  115/183 com/google/common/collect/ImmutableMultimap
     [java] Pass 1: Analyzing classes (116 / 183) - 63% complete     0 0/2  116/183 java/lang/Exception
     [java] Pass 1: Analyzing classes (117 / 183) - 63% complete     0 0/2  117/183 java/util/concurrent/ExecutorService
     [java] Pass 1: Analyzing classes (118 / 183) - 64% complete     0 0/2  118/183 java/lang/reflect/Field
     [java] Pass 1: Analyzing classes (119 / 183) - 65% complete     0 0/2  119/183 org/codehaus/jackson/map/PropertyNamingStrategy
     [java] Pass 1: Analyzing classes (120 / 183) - 65% complete     0 0/2  120/183 java/util/stream/Collector
     [java] Pass 1: Analyzing classes (121 / 183) - 66% complete     0 0/2  121/183 org/json/JSONObject
     [java] Pass 1: Analyzing classes (122 / 183) - 66% complete     0 0/2  122/183 com/google/inject/internal/MoreTypes
     [java] Pass 1: Analyzing classes (123 / 183) - 67% complete     0 0/2  123/183 pl/jpetryk/redditbot/model/Authorization
     [java] Pass 1: Analyzing classes (124 / 183) - 67% complete     0 0/2  124/183 pl/jpetryk/redditbot/model/Comment$Builder
     [java] Pass 1: Analyzing classes (125 / 183) - 68% complete     0 0/2  125/183 java/io/BufferedReader
     [java] Pass 1: Analyzing classes (126 / 183) - 68% complete     0 0/2  126/183 java/util/IdentityHashMap
     [java] Pass 1: Analyzing classes (127 / 183) - 69% complete     0 0/2  127/183 okhttp3/Request$Builder
     [java] Pass 1: Analyzing classes (128 / 183) - 69% complete     0 0/2  128/183 com/google/inject/internal/util/$ImmutableList
     [java] Pass 1: Analyzing classes (129 / 183) - 70% complete     0 0/2  129/183 java/net/URLEncoder
     [java] Pass 1: Analyzing classes (130 / 183) - 71% complete     0 0/2  130/183 java/lang/AssertionError
     [java] Pass 1: Analyzing classes (131 / 183) - 71% complete     0 0/2  131/183 java/util/Collections
     [java] Pass 1: Analyzing classes (132 / 183) - 72% complete     0 0/2  132/183 pl/jpetryk/redditbot/exceptions/NetworkConnectionException
     [java] Pass 1: Analyzing classes (133 / 183) - 72% complete     0 0/2  133/183 com/google/common/collect/ImmutableMap
     [java] Pass 1: Analyzing classes (134 / 183) - 73% complete     0 0/2  134/183 com/google/inject/Inject
     [java] Pass 1: Analyzing classes (135 / 183) - 73% complete     0 0/2  135/183 java/lang/RuntimeException
     [java] Pass 1: Analyzing classes (136 / 183) - 74% complete     0 0/2  136/183 pl/jpetryk/redditbot/connectors/ImgurConnector
     [java] Pass 1: Analyzing classes (137 / 183) - 74% complete     0 0/2  137/183 java/util/List
     [java] Pass 1: Analyzing classes (138 / 183) - 75% complete     0 0/2  138/183 java/lang/invoke/MethodHandles$Lookup
     [java] Pass 1: Analyzing classes (139 / 183) - 75% complete     0 0/2  139/183 twitter4j/conf/Configuration
     [java] Pass 1: Analyzing classes (140 / 183) - 76% complete     0 0/2  140/183 org/joda/time/DateTime
     [java] Pass 1: Analyzing classes (141 / 183) - 77% complete     0 0/2  141/183 pl/jpetryk/redditbot/model/RehostedImageEntity
     [java] Pass 1: Analyzing classes (142 / 183) - 77% complete     0 0/2  142/183 java/net/MalformedURLException
     [java] Pass 1: Analyzing classes (143 / 183) - 78% complete     0 0/2  143/183 java/util/HashMap
     [java] Pass 1: Analyzing classes (144 / 183) - 78% complete     0 0/2  144/183 java/lang/InterruptedException
     [java] Pass 1: Analyzing classes (145 / 183) - 79% complete     0 0/2  145/183 org/apache/log4j/Level
     [java] Pass 1: Analyzing classes (146 / 183) - 79% complete     0 0/2  146/183 pl/jpetryk/redditbot/model/Tweet$Builder
     [java] Pass 1: Analyzing classes (147 / 183) - 80% complete     0 0/2  147/183 org/json/JSONException
     [java] Pass 1: Analyzing classes (148 / 183) - 80% complete     0 0/2  148/183 okhttp3/Call
     [java] Pass 1: Analyzing classes (149 / 183) - 81% complete     0 0/2  149/183 com/google/inject/Guice
     [java] Pass 1: Analyzing classes (150 / 183) - 81% complete     0 0/2  150/183 java/lang/Throwable$WrappedPrintWriter
     [java] Pass 1: Analyzing classes (151 / 183) - 82% complete     0 0/2  151/183 com/google/inject/TypeLiteral
     [java] Pass 1: Analyzing classes (152 / 183) - 83% complete     0 0/2  152/183 java/io/InputStream
     [java] Pass 1: Analyzing classes (153 / 183) - 83% complete     0 0/2  153/183 java/util/Set
     [java] Pass 1: Analyzing classes (154 / 183) - 84% complete     0 0/2  154/183 java/lang/String
     [java] Pass 1: Analyzing classes (155 / 183) - 84% complete     0 0/2  155/183 pl/jpetryk/redditbot/utils/ResponseCommentCreatorInterface
     [java] Pass 1: Analyzing classes (156 / 183) - 85% complete     0 0/2  156/183 pl/jpetryk/redditbot/bot/AbstractRedditBot
     [java] Pass 1: Analyzing classes (157 / 183) - 85% complete     0 0/2  157/183 java/lang/ClassNotFoundException
     [java] Pass 1: Analyzing classes (158 / 183) - 86% complete     0 0/2  158/183 java/lang/invoke/LambdaMetafactory
     [java] Pass 1: Analyzing classes (159 / 183) - 86% complete     0 0/2  159/183 okhttp3/Credentials
     [java] Pass 1: Analyzing classes (160 / 183) - 87% complete     0 0/2  160/183 java/lang/Math
     [java] Pass 1: Analyzing classes (161 / 183) - 87% complete     0 0/2  161/183 twitter4j/TwitterFactory
     [java] Pass 1: Analyzing classes (162 / 183) - 88% complete     0 0/2  162/183 twitter4j/RateLimitStatus
     [java] Pass 1: Analyzing classes (163 / 183) - 89% complete     0 0/2  163/183 twitter4j/MediaEntity
     [java] Pass 1: Analyzing classes (164 / 183) - 89% complete     0 0/2  164/183 java/net/URL
     [java] Pass 1: Analyzing classes (165 / 183) - 90% complete     0 0/2  165/183 java/net/HttpURLConnection
     [java] Pass 1: Analyzing classes (166 / 183) - 90% complete     0 0/2  166/183 com/google/inject/binder/ConstantBindingBuilder
     [java] Pass 1: Analyzing classes (167 / 183) - 91% complete     0 0/2  167/183 java/util/Map$Entry
     [java] Pass 1: Analyzing classes (168 / 183) - 91% complete     0 0/2  168/183 pl/jpetryk/redditbot/parser/CommentParser
     [java] Pass 1: Analyzing classes (169 / 183) - 92% complete     0 0/2  169/183 org/codehaus/jackson/JsonNode
     [java] Pass 1: Analyzing classes (170 / 183) - 92% complete     0 0/2  170/183 pl/jpetryk/redditbot/model/ProcessCommentResult
     [java] Pass 1: Analyzing classes (171 / 183) - 93% complete     0 0/2  171/183 com/google/inject/binder/AnnotatedConstantBindingBuilder
     [java] Pass 1: Analyzing classes (172 / 183) - 93% complete     0 0/2  172/183 org/joda/time/DateTimeZone
     [java] Pass 1: Analyzing classes (173 / 183) - 94% complete     0 0/2  173/183 java/lang/CloneNotSupportedException
     [java] Pass 1: Analyzing classes (174 / 183) - 95% complete     0 0/2  174/183 org/apache/log4j/Logger
     [java] Pass 1: Analyzing classes (175 / 183) - 95% complete     0 0/2  175/183 java/lang/CharSequence
     [java] Pass 1: Analyzing classes (176 / 183) - 96% complete     0 0/2  176/183 pl/jpetryk/redditbot/connectors/Twitter4JConnector
     [java] Pass 1: Analyzing classes (177 / 183) - 96% complete     0 0/2  177/183 com/google/common/collect/EvictingQueue
     [java] Pass 1: Analyzing classes (178 / 183) - 97% complete     0 0/2  178/183 pl/jpetryk/redditbot/model/Tweet
     [java] Pass 1: Analyzing classes (179 / 183) - 97% complete     0 0/2  179/183 java/lang/Class
     [java] Pass 1: Analyzing classes (180 / 183) - 98% complete     0 0/2  180/183 java/util/Objects
     [java] Pass 1: Analyzing classes (181 / 183) - 98% complete     0 0/2  181/183 okhttp3/RequestBody
     [java] Pass 1: Analyzing classes (182 / 183) - 99% complete     0 0/2  182/183 com/google/inject/Module
     [java] Pass 1: Analyzing classes (183 / 183) - 100% complete     0 : Pass 1: 35 classes
     [java] XFactory cached methods: 4324/5926
     [java] Descriptor factory: 3772/4324/16529
     [java] Pass 2: Analyzing classes (0 / 35) - 00% complete     0 1/2  0/35 pl/jpetryk/redditbot/model/Comment$1
     [java] Pass 2: Analyzing classes (1 / 35) - 02% complete     0 1/2  1/35 pl/jpetryk/redditbot/connectors/ImgurConnectorInterface
     [java] Pass 2: Analyzing classes (2 / 35) - 05% complete     0 1/2  2/35 pl/jpetryk/redditbot/model/RehostedImageEntity
     [java] Pass 2: Analyzing classes (3 / 35) - 08% complete      56 usecs/byte      38 msec     684 bytes  1 pass pl/jpetryk/redditbot/model/RehostedImageEntity     0 1/2  3/35 pl/jpetryk/redditbot/exceptions/ImgurException
     [java] Pass 2: Analyzing classes (4 / 35) - 11% complete     0 1/2  4/35 pl/jpetryk/redditbot/model/Tweet$Builder
     [java] Pass 2: Analyzing classes (5 / 35) - 14% complete     0 1/2  5/35 pl/jpetryk/redditbot/utils/ResponseCommentCreatorInterface
     [java] Pass 2: Analyzing classes (6 / 35) - 17% complete     0 1/2  6/35 pl/jpetryk/redditbot/exceptions/TwitterApiException
     [java] Pass 2: Analyzing classes (7 / 35) - 20% complete     0 1/2  7/35 pl/jpetryk/redditbot/connectors/TwitterConnectorInterface
     [java] Pass 2: Analyzing classes (8 / 35) - 22% complete     0 1/2  8/35 pl/jpetryk/redditbot/connectors/RedditConnectorInterface
     [java] Pass 2: Analyzing classes (9 / 35) - 25% complete     0 1/2  9/35 pl/jpetryk/redditbot/utils/FormattingUtils
     [java] Pass 2: Analyzing classes (10 / 35) - 28% complete     0 1/2  10/35 pl/jpetryk/redditbot/exceptions/RedditApiException
     [java] Pass 2: Analyzing classes (11 / 35) - 31% complete     0 1/2  11/35 pl/jpetryk/redditbot/utils/RedditPrefixes
     [java] Pass 2: Analyzing classes (12 / 35) - 34% complete     0 1/2  12/35 pl/jpetryk/redditbot/model/Comment
     [java] Pass 2: Analyzing classes (13 / 35) - 37% complete     0 1/2  13/35 pl/jpetryk/redditbot/model/Comment$Builder
     [java] Pass 2: Analyzing classes (14 / 35) - 40% complete     0 1/2  14/35 pl/jpetryk/redditbot/model/Authorization
     [java] Pass 2: Analyzing classes (15 / 35) - 42% complete     0 1/2  15/35 pl/jpetryk/redditbot/parser/CommentParser
     [java] Pass 2: Analyzing classes (16 / 35) - 45% complete     0 1/2  16/35 pl/jpetryk/redditbot/model/ProcessCommentResult
     [java] Pass 2: Analyzing classes (17 / 35) - 48% complete     0 1/2  17/35 pl/jpetryk/redditbot/model/PostCommentResult
     [java] Pass 2: Analyzing classes (18 / 35) - 51% complete     0 1/2  18/35 pl/jpetryk/redditbot/exceptions/NetworkConnectionException
     [java] Pass 2: Analyzing classes (19 / 35) - 54% complete     0 1/2  19/35 pl/jpetryk/redditbot/utils/PropertiesReader
     [java] Pass 2: Analyzing classes (20 / 35) - 57% complete     0 1/2  20/35 pl/jpetryk/redditbot/utils/RequireUtils
     [java] Pass 2: Analyzing classes (21 / 35) - 60% complete     0 1/2  21/35 pl/jpetryk/redditbot/model/Tweet
     [java] Pass 2: Analyzing classes (22 / 35) - 62% complete     0 1/2  22/35 pl/jpetryk/redditbot/connectors/ImgurConnector
     [java] Pass 2: Analyzing classes (23 / 35) - 65% complete     0 1/2  23/35 pl/jpetryk/redditbot/BotModule$1
     [java] Pass 2: Analyzing classes (24 / 35) - 68% complete     0 1/2  24/35 pl/jpetryk/redditbot/model/Tweet$1
     [java] Pass 2: Analyzing classes (25 / 35) - 71% complete     0 1/2  25/35 pl/jpetryk/redditbot/model/Buffer
     [java] Pass 2: Analyzing classes (26 / 35) - 74% complete     0 1/2  26/35 pl/jpetryk/redditbot/connectors/Twitter4JConnector
     [java] Pass 2: Analyzing classes (27 / 35) - 77% complete     0 1/2  27/35 pl/jpetryk/redditbot/Runner
     [java] Pass 2: Analyzing classes (28 / 35) - 80% complete     0 1/2  28/35 pl/jpetryk/redditbot/model/TweetWithRehostedImages
     [java] Pass 2: Analyzing classes (29 / 35) - 82% complete     0 1/2  29/35 pl/jpetryk/redditbot/connectors/CustomRedditConnector
     [java] Pass 2: Analyzing classes (30 / 35) - 85% complete     1 1/2  30/35 pl/jpetryk/redditbot/utils/ResponseCommentCreator
     [java] Pass 2: Analyzing classes (31 / 35) - 88% complete     1 1/2  31/35 pl/jpetryk/redditbot/bot/AbstractRedditBot
     [java] Pass 2: Analyzing classes (32 / 35) - 91% complete     1 1/2  32/35 pl/jpetryk/redditbot/bot/impl/TweetsInCommentsBot
     [java] Pass 2: Analyzing classes (33 / 35) - 94% complete     1 1/2  33/35 pl/jpetryk/redditbot/BotModule
     [java] Pass 2: Analyzing classes (34 / 35) - 97% complete     1 1/2  34/35 pl/jpetryk/redditbot/parser/BaseCommentParser
     [java] Pass 2: Analyzing classes (35 / 35) - 100% completeDone with analysis
     [java] Analysis completed
[INFO] Done SpotBugs Analysis....
[INFO] 
[INFO] <<< spotbugs-maven-plugin:4.2.3-SNAPSHOT:check (default-cli) < :spotbugs @ reddit-bot <<<
[INFO] 
[INFO] 
[INFO] --- spotbugs-maven-plugin:4.2.3-SNAPSHOT:check (default-cli) @ reddit-bot ---
[INFO] BugInstance size is 0
[INFO] Error size is 0
[INFO] No errors/warnings found
[INFO] ------------------------------------------------------------------------
[INFO] BUILD SUCCESS
[INFO] ------------------------------------------------------------------------
[INFO] Total time:  3.783 s
[INFO] Finished at: 2021-03-29T14:30:50+08:00
[INFO] ------------------------------------------------------------------------
