WARNING: An illegal reflective access operation has occurred
WARNING: Illegal reflective access by com.google.inject.internal.cglib.core.$ReflectUtils$1 (file:/usr/share/maven/lib/guice.jar) to method java.lang.ClassLoader.defineClass(java.lang.String,byte[],int,int,java.security.ProtectionDomain)
WARNING: Please consider reporting this to the maintainers of com.google.inject.internal.cglib.core.$ReflectUtils$1
WARNING: Use --illegal-access=warn to enable warnings of further illegal reflective access operations
WARNING: All illegal access operations will be denied in a future release
[INFO] Scanning for projects...
[INFO] 
[INFO] --< com.kaleidosoftlabs:spring-angularjs-java-webapp-template-project >--
[INFO] Building spring-angularjs-java-webapp-template-project 1.0-SNAPSHOT
[INFO] --------------------------------[ war ]---------------------------------
[INFO] 
[INFO] >>> spotbugs-maven-plugin:4.2.3-SNAPSHOT:check (default-cli) > :spotbugs @ spring-angularjs-java-webapp-template-project >>>
[INFO] 
[INFO] --- spotbugs-maven-plugin:4.2.3-SNAPSHOT:spotbugs (spotbugs) @ spring-angularjs-java-webapp-template-project ---
[INFO] Fork Value is true
     [java] Loading edu.umd.cs.findbugs.plugins.core
     [java] Registering detector: edu.umd.cs.findbugs.detect.OverridingMethodsMustInvokeSuperDetector
     [java] Registering detector: edu.umd.cs.findbugs.detect.FindRoughConstants
     [java] Registering detector: edu.umd.cs.findbugs.detect.FunctionsThatMightBeMistakenForProcedures
     [java] Registering detector: edu.umd.cs.findbugs.detect.NoteSuppressedWarnings
     [java] Registering detector: edu.umd.cs.findbugs.detect.NoteAnnotationRetention
     [java] Registering detector: edu.umd.cs.findbugs.detect.NoteDirectlyRelevantTypeQualifiers
     [java] Registering detector: edu.umd.cs.findbugs.detect.BuildInterproceduralCallGraph
     [java] Registering detector: edu.umd.cs.findbugs.detect.BuildObligationPolicyDatabase
     [java] Registering detector: edu.umd.cs.findbugs.detect.SynchronizeAndNullCheckField
     [java] Registering detector: edu.umd.cs.findbugs.detect.InitializeNonnullFieldsInConstructor
     [java] Registering detector: edu.umd.cs.findbugs.detect.BooleanReturnNull
     [java] Registering detector: edu.umd.cs.findbugs.detect.OptionalReturnNull
     [java] Registering detector: edu.umd.cs.findbugs.detect.NoteJCIPAnnotation
     [java] Registering detector: edu.umd.cs.findbugs.detect.Methods
     [java] Registering detector: edu.umd.cs.findbugs.detect.ReflectiveClasses
     [java] Registering detector: edu.umd.cs.findbugs.detect.CalledMethods
     [java] Registering detector: edu.umd.cs.findbugs.detect.FindNoSideEffectMethods
     [java] Registering detector: edu.umd.cs.findbugs.detect.BuildStringPassthruGraph
     [java] Registering detector: edu.umd.cs.findbugs.detect.ConfusionBetweenInheritedAndOuterMethod
     [java] Registering detector: edu.umd.cs.findbugs.detect.SynchronizationOnSharedBuiltinConstant
     [java] Registering detector: edu.umd.cs.findbugs.detect.NoteCheckReturnValueAnnotations
     [java] Registering detector: edu.umd.cs.findbugs.detect.FieldItemSummary
     [java] Registering detector: edu.umd.cs.findbugs.detect.NoteNonNullAnnotations
     [java] Registering detector: edu.umd.cs.findbugs.detect.NoteUnconditionalParamDerefs
     [java] Registering detector: edu.umd.cs.findbugs.detect.NoteNonnullReturnValues
     [java] Registering detector: edu.umd.cs.findbugs.detect.SynchronizeOnClassLiteralNotGetClass
     [java] Registering detector: edu.umd.cs.findbugs.detect.InfiniteRecursiveLoop
     [java] Registering detector: edu.umd.cs.findbugs.detect.InfiniteLoop
     [java] Registering detector: edu.umd.cs.findbugs.detect.VolatileUsage
     [java] Registering detector: edu.umd.cs.findbugs.detect.InheritanceUnsafeGetResource
     [java] Registering detector: edu.umd.cs.findbugs.detect.EmptyZipFileEntry
     [java] Registering detector: edu.umd.cs.findbugs.detect.DoInsideDoPrivileged
     [java] Registering detector: edu.umd.cs.findbugs.detect.HugeSharedStringConstants
     [java] Registering detector: edu.umd.cs.findbugs.detect.FinalizerNullsFields
     [java] Registering detector: edu.umd.cs.findbugs.detect.MutableEnum
     [java] Registering detector: edu.umd.cs.findbugs.detect.InconsistentAnnotations
     [java] Registering detector: edu.umd.cs.findbugs.detect.RepeatedConditionals
     [java] Registering detector: edu.umd.cs.findbugs.detect.RedundantConditions
     [java] Registering detector: edu.umd.cs.findbugs.detect.CallToUnsupportedMethod
     [java] Registering detector: edu.umd.cs.findbugs.detect.FormatStringChecker
     [java] Registering detector: edu.umd.cs.findbugs.detect.LostLoggerDueToWeakReference
     [java] Registering detector: edu.umd.cs.findbugs.detect.TestingGround
     [java] Registering detector: edu.umd.cs.findbugs.detect.TestingGround2
     [java] Registering detector: edu.umd.cs.findbugs.detect.NoiseNullDeref
     [java] Registering detector: edu.umd.cs.findbugs.detect.Noise
     [java] Registering detector: edu.umd.cs.findbugs.detect.EqualsOperandShouldHaveClassCompatibleWithThis
     [java] Registering detector: edu.umd.cs.findbugs.detect.ResolveAllReferences
     [java] Registering detector: edu.umd.cs.findbugs.detect.CheckImmutableAnnotation
     [java] Registering detector: edu.umd.cs.findbugs.detect.DontCatchIllegalMonitorStateException
     [java] Registering detector: edu.umd.cs.findbugs.detect.FindFloatMath
     [java] Registering detector: edu.umd.cs.findbugs.detect.CloneIdiom
     [java] Registering detector: edu.umd.cs.findbugs.detect.ComparatorIdiom
     [java] Registering detector: edu.umd.cs.findbugs.detect.FindFieldSelfAssignment
     [java] Registering detector: edu.umd.cs.findbugs.detect.FindSelfComparison
     [java] Registering detector: edu.umd.cs.findbugs.detect.FindSelfComparison2
     [java] Registering detector: edu.umd.cs.findbugs.detect.DroppedException
     [java] Registering detector: edu.umd.cs.findbugs.detect.LoadOfKnownNullValue
     [java] Registering detector: edu.umd.cs.findbugs.detect.DumbMethodInvocations
     [java] Registering detector: edu.umd.cs.findbugs.detect.URLProblems
     [java] Registering detector: edu.umd.cs.findbugs.detect.CovariantArrayAssignment
     [java] Registering detector: edu.umd.cs.findbugs.detect.DumbMethods
     [java] Registering detector: edu.umd.cs.findbugs.detect.NumberConstructor
     [java] Registering detector: edu.umd.cs.findbugs.detect.FindSqlInjection
     [java] Registering detector: edu.umd.cs.findbugs.detect.FindDoubleCheck
     [java] Registering detector: edu.umd.cs.findbugs.detect.FindFinalizeInvocations
     [java] Registering detector: edu.umd.cs.findbugs.detect.FindHEmismatch
     [java] Registering detector: edu.umd.cs.findbugs.detect.OverridingEqualsNotSymmetrical
     [java] Registering detector: edu.umd.cs.findbugs.detect.FindNakedNotify
     [java] Registering detector: edu.umd.cs.findbugs.detect.FindReturnRef
     [java] Registering detector: edu.umd.cs.findbugs.detect.FindRunInvocations
     [java] Registering detector: edu.umd.cs.findbugs.detect.SwitchFallthrough
     [java] Registering detector: edu.umd.cs.findbugs.detect.FindSpinLoop
     [java] Registering detector: edu.umd.cs.findbugs.detect.FindNonShortCircuit
     [java] Registering detector: edu.umd.cs.findbugs.detect.FindTwoLockWait
     [java] Registering detector: edu.umd.cs.findbugs.detect.FindUnconditionalWait
     [java] Registering detector: edu.umd.cs.findbugs.detect.FindUninitializedGet
     [java] Registering detector: edu.umd.cs.findbugs.detect.DontUseEnum
     [java] Registering detector: edu.umd.cs.findbugs.detect.FindUnsyncGet
     [java] Registering detector: edu.umd.cs.findbugs.detect.InitializationChain
     [java] Registering detector: edu.umd.cs.findbugs.detect.IteratorIdioms
     [java] Registering detector: edu.umd.cs.findbugs.detect.PreferZeroLengthArrays
     [java] Registering detector: edu.umd.cs.findbugs.detect.SynchronizingOnContentsOfFieldToProtectField
     [java] Registering detector: edu.umd.cs.findbugs.detect.MutableLock
     [java] Registering detector: edu.umd.cs.findbugs.detect.FindUselessObjects
     [java] Registering detector: edu.umd.cs.findbugs.detect.MutableStaticFields
     [java] Registering detector: edu.umd.cs.findbugs.detect.Naming
     [java] Registering detector: edu.umd.cs.findbugs.detect.ReadReturnShouldBeChecked
     [java] Registering detector: edu.umd.cs.findbugs.detect.SerializableIdiom
     [java] Registering detector: edu.umd.cs.findbugs.detect.StartInConstructor
     [java] Registering detector: edu.umd.cs.findbugs.detect.FindBadForLoop
     [java] Registering detector: edu.umd.cs.findbugs.detect.ExplicitSerialization
     [java] Registering detector: edu.umd.cs.findbugs.detect.UnreadFields
     [java] Registering detector: edu.umd.cs.findbugs.detect.WaitInLoop
     [java] Registering detector: edu.umd.cs.findbugs.detect.FindComparatorProblems
     [java] Registering detector: edu.umd.cs.findbugs.detect.FindNullDeref
     [java] Registering detector: edu.umd.cs.findbugs.detect.FindNullDerefsInvolvingNonShortCircuitEvaluation
     [java] Registering detector: edu.umd.cs.findbugs.detect.FindOpenStream
     [java] Registering detector: edu.umd.cs.findbugs.detect.FindUselessControlFlow
     [java] Registering detector: edu.umd.cs.findbugs.detect.FindUnreleasedLock
     [java] Registering detector: edu.umd.cs.findbugs.detect.FindRefComparison
     [java] Registering detector: edu.umd.cs.findbugs.detect.FindMismatchedWaitOrNotify
     [java] Registering detector: edu.umd.cs.findbugs.detect.FindEmptySynchronizedBlock
     [java] Registering detector: edu.umd.cs.findbugs.detect.FindInconsistentSync2
     [java] Registering detector: edu.umd.cs.findbugs.detect.FindLocalSelfAssignment2
     [java] Registering detector: edu.umd.cs.findbugs.detect.IncompatMask
     [java] Registering detector: edu.umd.cs.findbugs.detect.LazyInit
     [java] Registering detector: edu.umd.cs.findbugs.detect.FindJSR166LockMonitorenter
     [java] Registering detector: edu.umd.cs.findbugs.detect.FindUncalledPrivateMethods
     [java] Registering detector: edu.umd.cs.findbugs.detect.UncallableMethodOfAnonymousClass
     [java] Registering detector: edu.umd.cs.findbugs.detect.StringConcatenation
     [java] Registering detector: edu.umd.cs.findbugs.detect.InefficientInitializationInsideLoop
     [java] Registering detector: edu.umd.cs.findbugs.detect.InefficientIndexOf
     [java] Registering detector: edu.umd.cs.findbugs.detect.InefficientToArray
     [java] Registering detector: edu.umd.cs.findbugs.detect.InvalidJUnitTest
     [java] Registering detector: edu.umd.cs.findbugs.detect.BadlyOverriddenAdapter
     [java] Registering detector: edu.umd.cs.findbugs.detect.BadResultSetAccess
     [java] Registering detector: edu.umd.cs.findbugs.detect.SuperfluousInstanceOf
     [java] Registering detector: edu.umd.cs.findbugs.detect.BadAppletConstructor
     [java] Registering detector: edu.umd.cs.findbugs.detect.SuspiciousThreadInterrupted
     [java] Registering detector: edu.umd.cs.findbugs.detect.FindDeadLocalStores
     [java] Registering detector: edu.umd.cs.findbugs.detect.FindMaskedFields
     [java] Registering detector: edu.umd.cs.findbugs.detect.WrongMapIterator
     [java] Registering detector: edu.umd.cs.findbugs.detect.InstantiateStaticClass
     [java] Registering detector: edu.umd.cs.findbugs.detect.RuntimeExceptionCapture
     [java] Registering detector: edu.umd.cs.findbugs.detect.FindFloatEquality
     [java] Registering detector: edu.umd.cs.findbugs.detect.FindUnsatisfiedObligation
     [java] Registering detector: edu.umd.cs.findbugs.detect.UnnecessaryMath
     [java] Registering detector: edu.umd.cs.findbugs.detect.FindCircularDependencies
     [java] Registering detector: edu.umd.cs.findbugs.detect.RedundantInterfaces
     [java] Registering detector: edu.umd.cs.findbugs.detect.MultithreadedInstanceAccess
     [java] Registering detector: edu.umd.cs.findbugs.detect.PublicSemaphores
     [java] Registering detector: edu.umd.cs.findbugs.detect.BadUseOfReturnValue
     [java] Registering detector: edu.umd.cs.findbugs.detect.MethodReturnCheck
     [java] Registering detector: edu.umd.cs.findbugs.detect.IDivResultCastToDouble
     [java] Registering detector: edu.umd.cs.findbugs.detect.FindBadCast2
     [java] Registering detector: edu.umd.cs.findbugs.detect.FindUseOfNonSerializableValue
     [java] Registering detector: edu.umd.cs.findbugs.detect.FindNonSerializableStoreIntoSession
     [java] Registering detector: edu.umd.cs.findbugs.detect.FindNonSerializableValuePassedToWriteObject
     [java] Registering detector: edu.umd.cs.findbugs.detect.BadSyntaxForRegularExpression
     [java] Registering detector: edu.umd.cs.findbugs.detect.VarArgsProblems
     [java] Registering detector: edu.umd.cs.findbugs.detect.FindPuzzlers
     [java] Registering detector: edu.umd.cs.findbugs.detect.IntCast2LongAsInstant
     [java] Registering detector: edu.umd.cs.findbugs.detect.FindSleepWithLockHeld
     [java] Registering detector: edu.umd.cs.findbugs.detect.InefficientMemberAccess
     [java] Registering detector: edu.umd.cs.findbugs.detect.DuplicateBranches
     [java] Registering detector: edu.umd.cs.findbugs.detect.XMLFactoryBypass
     [java] Registering detector: edu.umd.cs.findbugs.detect.UselessSubclassMethod
     [java] Registering detector: edu.umd.cs.findbugs.detect.ConfusedInheritance
     [java] Registering detector: edu.umd.cs.findbugs.detect.QuestionableBooleanAssignment
     [java] Registering detector: edu.umd.cs.findbugs.detect.TrainUnconditionalDerefParams
     [java] Registering detector: edu.umd.cs.findbugs.detect.TrainLongInstantfParams
     [java] Registering detector: edu.umd.cs.findbugs.detect.TrainFieldStoreTypes
     [java] Registering detector: edu.umd.cs.findbugs.detect.TrainNonNullAnnotations
     [java] Registering detector: edu.umd.cs.findbugs.detect.CheckCalls
     [java] Registering detector: edu.umd.cs.findbugs.detect.FindBugsSummaryStats
     [java] Registering detector: edu.umd.cs.findbugs.detect.AppendingToAnObjectOutputStream
     [java] Registering detector: edu.umd.cs.findbugs.detect.TestASM
     [java] Registering detector: edu.umd.cs.findbugs.detect.FindUnrelatedTypesInGenericContainer
     [java] Registering detector: edu.umd.cs.findbugs.detect.StaticCalendarDetector
     [java] Registering detector: edu.umd.cs.findbugs.detect.TestDataflowAnalysis
     [java] Registering detector: edu.umd.cs.findbugs.detect.CheckTypeQualifiers
     [java] Registering detector: edu.umd.cs.findbugs.detect.CrossSiteScripting
     [java] Registering detector: edu.umd.cs.findbugs.detect.DontIgnoreResultOfPutIfAbsent
     [java] Registering detector: edu.umd.cs.findbugs.detect.ReadOfInstanceFieldInMethodInvokedByConstructorInSuperclass
     [java] Registering detector: edu.umd.cs.findbugs.detect.AtomicityProblem
     [java] Registering detector: edu.umd.cs.findbugs.detect.CheckExpectedWarnings
     [java] Registering detector: edu.umd.cs.findbugs.detect.DefaultEncodingDetector
     [java] Registering detector: edu.umd.cs.findbugs.detect.CheckRelaxingNullnessAnnotation
     [java] Registering detector: edu.umd.cs.findbugs.detect.DontAssertInstanceofInTests
     [java] Scanning archives (0 / 75)Scanning archives (1 / 75)Scanning archives (2 / 75)Scanning archives (3 / 75)Scanning archives (4 / 75)Scanning archives (5 / 75)Scanning archives (6 / 75)Scanning archives (7 / 75)Scanning archives (8 / 75)Scanning archives (9 / 75)Scanning archives (10 / 75)Scanning archives (11 / 75)Scanning archives (12 / 75)Scanning archives (13 / 75)Scanning archives (14 / 75)Scanning archives (15 / 75)Scanning archives (16 / 75)Scanning archives (17 / 75)Scanning archives (18 / 75)Scanning archives (19 / 75)Scanning archives (20 / 75)Scanning archives (21 / 75)Scanning archives (22 / 75)Scanning archives (23 / 75)Scanning archives (24 / 75)Scanning archives (25 / 75)Scanning archives (26 / 75)Scanning archives (27 / 75)Scanning archives (28 / 75)Scanning archives (29 / 75)Scanning archives (30 / 75)Scanning archives (31 / 75)Scanning archives (32 / 75)Scanning archives (33 / 75)Scanning archives (34 / 75)Scanning archives (35 / 75)Scanning archives (36 / 75)Scanning archives (37 / 75)Scanning archives (38 / 75)Scanning archives (39 / 75)Scanning archives (40 / 75)Scanning archives (41 / 75)Scanning archives (42 / 75)Scanning archives (43 / 75)Scanning archives (44 / 75)Scanning archives (45 / 75)Scanning archives (46 / 75)Scanning archives (47 / 75)Scanning archives (48 / 75)Scanning archives (49 / 75)Scanning archives (50 / 75)Scanning archives (51 / 75)Scanning archives (52 / 75)Scanning archives (53 / 75)Scanning archives (54 / 75)Scanning archives (55 / 75)Scanning archives (56 / 75)Scanning archives (57 / 75)Scanning archives (58 / 75)Scanning archives (59 / 75)Scanning archives (60 / 75)Scanning archives (61 / 75)Scanning archives (62 / 75)Scanning archives (63 / 75)Scanning archives (64 / 75)Scanning archives (65 / 75)Scanning archives (66 / 75)Scanning archives (67 / 75)Scanning archives (68 / 75)Scanning archives (69 / 75)Scanning archives (70 / 75)Scanning archives (71 / 75)Scanning archives (72 / 75)Scanning archives (73 / 75)Scanning archives (74 / 75)Scanning archives (75 / 75)Ignoring unreadable or non-existent file /home/codegex/.m2/repository/com/mchange/c3p0/0.9.2.1/mchange-commons-java-0.2.3.4.jarIgnoring unreadable or non-existent file /home/codegex/.m2/repository/javax/mail/mail/1.4/activation.jar
     [java] 68 classes scanned
     [java] Adding referenced classes
     [java] Added 18 referenced classes
     [java] Total of 96 packages
     [java]   javax/crypto/BadPaddingException
     [java]   java/lang/StringBuilder
     [java]   javax/annotation/PostConstruct
     [java]   java/security/spec/KeySpec
     [java]   org/springframework/web/context/support/XmlWebApplicationContext
     [java]   yourwebproject2/core/tool/AdminUserTool
     [java]   org/springframework/beans/factory/annotation/Autowired
     [java]   org/springframework/web/context/support/WebApplicationContextUtils
     [java]   yourwebproject2/model/entity/User
     [java]   java/security/spec/InvalidKeySpecException
     [java]   org/springframework/context/support/ClassPathXmlApplicationContext
     [java]   yourwebproject2/model/entity/User$Role
     [java]   java/lang/reflect/Method
     [java]   java/lang/Thread
     [java]   java/util/Comparators$NaturalOrderComparator
     [java]   java/security/spec/AlgorithmParameterSpec
     [java]   yourwebproject2/model/dto/UserDTO
     [java]   javax/persistence/Column
     [java]   yourwebproject2/auth/AuthenticationFailedException
     [java]   org/springframework/context/ConfigurableApplicationContext
     [java]   java/util/concurrent/Executors
     [java]   org/springframework/stereotype/Component
     [java]   javax/crypto/SecretKey
     [java]   org/springframework/web/context/request/ServletRequestAttributes
     [java]   org/springframework/beans/factory/Aware
     [java]   java/io/Serializable
     [java]   java/lang/Object
     [java]   org/hibernate/Criteria
     [java]   org/springframework/web/context/request/RequestAttributes
     [java]   java/lang/IllegalStateException
     [java]   java/util/LinkedHashMap
     [java]   org/springframework/core/OrderComparator
     [java]   org/springframework/web/servlet/FrameworkServlet$1
     [java]   javax/persistence/InheritanceType
     [java]   org/springframework/core/io/Resource
     [java]   org/springframework/web/context/WebApplicationContext
     [java]   org/apache/commons/codec/binary/Hex
     [java]   yourwebproject2/framework/data/BaseJPAServiceImpl
     [java]   org/springframework/web/servlet/RequestToViewNameTranslator
     [java]   yourwebproject2/service/impl/CategoryServiceImpl
     [java]   yourwebproject2/framework/data/Entity
     [java]   javax/persistence/Id
     [java]   org/springframework/context/i18n/SimpleLocaleContext
     [java]   org/springframework/http/HttpMethod
     [java]   org/springframework/web/servlet/NoHandlerFoundException
     [java]   org/springframework/beans/PropertyAccessorFactory
     [java]   yourwebproject2/model/entity/MailerJob
     [java]   org/apache/commons/lang/Validate
     [java]   java/lang/FunctionalInterface
     [java]   yourwebproject2/framework/servlet/BaseDispatcherServlet
     [java]   java/util/regex/Matcher
     [java]   org/springframework/transaction/annotation/Transactional
     [java]   javax/servlet/ServletConfig
     [java]   java/util/Date
     [java]   org/apache/commons/codec/DecoderException
     [java]   org/springframework/web/bind/annotation/RequestMethod
     [java]   javax/persistence/Temporal
     [java]   org/springframework/beans/factory/BeanFactoryUtils
     [java]   org/springframework/http/HttpStatus
     [java]   org/springframework/security/web/csrf/CsrfToken
     [java]   javax/crypto/NoSuchPaddingException
     [java]   java/lang/NullPointerException
     [java]   java/io/IOException
     [java]   org/springframework/security/core/authority/SimpleGrantedAuthority
     [java]   yourwebproject2/framework/controller/BaseController
     [java]   org/springframework/stereotype/Service
     [java]   org/springframework/stereotype/Repository
     [java]   java/util/function/ToDoubleFunction
     [java]   org/springframework/util/StringUtils
     [java]   javax/transaction/Transactional
     [java]   java/util/function/Function
     [java]   java/lang/Throwable$PrintStreamOrWriter
     [java]   java/lang/Throwable$SentinelHolder
     [java]   yourwebproject2/unusedspringsecurity/RESTAuthenticationEntryPoint
     [java]   yourwebproject2/servlet/YourWebAppDispatcherServlet
     [java]   io/jsonwebtoken/Jws
     [java]   yourwebproject2/controller/UserController
     [java]   yourwebproject2/model/dto/CategoryDTO
     [java]   java/lang/Long
     [java]   yourwebproject2/service/UserService
     [java]   [Lyourwebproject2/model/entity/Job$Status;
     [java]   yourwebproject2/framework/data/JPAEntity
     [java]   org/springframework/http/server/ServletServerHttpRequest
     [java]   javax/servlet/ServletInputStream
     [java]   org/springframework/web/bind/annotation/PathVariable
     [java]   org/springframework/context/EnvironmentAware
     [java]   org/springframework/security/core/AuthenticationException
     [java]   jdk/internal/HotSpotIntrinsicCandidate
     [java]   yourwebproject2/interceptor/WebAppMetricsInterceptor
     [java]   javax/servlet/ServletRequest
     [java]   yourwebproject2/unusedspringsecurity/token/TokenAuthenticationService
     [java]   yourwebproject2/core/AbstractJobSchedulingWorker
     [java]   org/springframework/util/ClassUtils
     [java]   org/apache/commons/logging/Log
     [java]   javax/servlet/ServletOutputStream
     [java]   java/util/Scanner
     [java]   yourwebproject2/unusedspringsecurity/CSRFHeaderFilter
     [java]   org/springframework/web/multipart/MultipartResolver
     [java]   org/apache/commons/lang/StringUtils
     [java]   yourwebproject2/model/repository/CategoryRepository
     [java]   org/springframework/beans/factory/config/AutowireCapableBeanFactory
     [java]   java/io/ObjectOutputStream
     [java]   org/springframework/security/authentication/AccountStatusUserDetailsChecker
     [java]   org/springframework/web/context/request/async/WebAsyncManager
     [java]   org/springframework/beans/factory/InitializingBean
     [java]   javax/persistence/FetchType
     [java]   org/hibernate/criterion/Order
     [java]   javax/persistence/MappedSuperclass
     [java]   org/hibernate/validator/constraints/Email
     [java]   java/util/regex/Pattern
     [java]   yourwebproject2/framework/data/BaseService
     [java]   org/springframework/web/servlet/FrameworkServlet
     [java]   org/springframework/web/context/ServletContextAware
     [java]   yourwebproject2/framework/api/APIResponse
     [java]   javax/servlet/FilterConfig
     [java]   org/springframework/core/io/support/PropertiesLoaderUtils
     [java]   java/lang/Throwable
     [java]   javax/crypto/SecretKeyFactory
     [java]   java/security/Principal
     [java]   yourwebproject2/unusedspringsecurity/UserDetailsServiceImpl
     [java]   org/springframework/web/servlet/DispatcherServlet$1
     [java]   java/lang/Exception
     [java]   java/util/concurrent/ExecutorService
     [java]   org/springframework/web/servlet/ThemeResolver
     [java]   org/springframework/web/context/ConfigurableWebApplicationContext
     [java]   org/hibernate/FlushMode
     [java]   yourwebproject2/model/repository/impl/JobRepositoryImpl
     [java]   org/hibernate/criterion/Criterion
     [java]   yourwebproject2/controller/CategoryController
     [java]   java/util/IdentityHashMap
     [java]   javax/crypto/Cipher
     [java]   yourwebproject2/model/repository/JobRepository
     [java]   java/util/ResourceBundle
     [java]   java/security/InvalidAlgorithmParameterException
     [java]   org/springframework/security/core/userdetails/UsernameNotFoundException
     [java]   com/fasterxml/jackson/annotation/JsonInclude
     [java]   java/util/Comparators
     [java]   java/lang/invoke/SerializedLambda
     [java]   java/util/List
     [java]   yourwebproject2/service/MailJobService
     [java]   yourwebproject2/framework/data/BaseJPARepository
     [java]   yourwebproject2/controller/JobController
     [java]   javax/xml/bind/annotation/XmlElement
     [java]   org/springframework/core/io/ClassPathResource
     [java]   java/lang/InterruptedException
     [java]   org/springframework/context/event/ContextRefreshedEvent
     [java]   org/springframework/security/core/Authentication
     [java]   org/springframework/web/servlet/HttpServletBean$ServletConfigPropertyValues
     [java]   org/springframework/context/ApplicationContextException
     [java]   java/io/InputStream
     [java]   org/codehaus/jackson/annotate/JsonIgnore
     [java]   java/lang/String
     [java]   java/lang/ClassNotFoundException
     [java]   java/lang/invoke/LambdaMetafactory
     [java]   javax/persistence/OneToOne
     [java]   org/springframework/web/multipart/MultipartException
     [java]   java/util/HashSet
     [java]   com/fasterxml/jackson/annotation/JsonInclude$Include
     [java]   org/springframework/ui/context/ThemeSource
     [java]   org/springframework/web/multipart/MultipartHttpServletRequest
     [java]   java/lang/Math
     [java]   javax/servlet/http/HttpServletResponse
     [java]   org/hibernate/Query
     [java]   javax/persistence/GeneratedValue
     [java]   org/springframework/core/annotation/AnnotationAwareOrderComparator
     [java]   org/springframework/core/env/ConfigurableEnvironment
     [java]   org/springframework/web/servlet/FrameworkServlet$RequestBindingInterceptor
     [java]   java/lang/Enum
     [java]   java/lang/CloneNotSupportedException
     [java]   io/jsonwebtoken/JwtBuilder
     [java]   org/springframework/core/env/EnvironmentCapable
     [java]   java/lang/CharSequence
     [java]   java/lang/LinkageError
     [java]   yourwebproject2/service/JobService
     [java]   io/jsonwebtoken/Jwts
     [java]   javax/servlet/ServletContext
     [java]   org/springframework/util/ObjectUtils
     [java]   yourwebproject2/framework/exception/NotFoundException
     [java]   java/lang/Class
     [java]   yourwebproject2/core/YourWebProjectJobCoreDaemon
     [java]   java/util/Objects
     [java]   org/springframework/security/core/userdetails/UserDetailsService
     [java]   org/springframework/web/bind/annotation/ControllerAdvice
     [java]   java/lang/Integer
     [java]   org/springframework/web/bind/annotation/ResponseBody
     [java]   org/springframework/web/servlet/HandlerExecutionChain
     [java]   java/lang/Comparable
     [java]   yourwebproject2/unusedspringsecurity/UserDetailsServiceImpl$1
     [java]   javax/servlet/http/Cookie
     [java]   org/springframework/stereotype/Controller
     [java]   yourwebproject2/service/CategoryService
     [java]   java/util/concurrent/Future
     [java]   org/springframework/web/servlet/HandlerExceptionResolver
     [java]   java/lang/Throwable$WrappedPrintStream
     [java]   yourwebproject2/model/dto/JobDTO
     [java]   org/slf4j/LoggerFactory
     [java]   java/io/PrintStream
     [java]   javax/validation/constraints/NotNull
     [java]   org/springframework/web/context/support/ServletContextResourceLoader
     [java]   org/springframework/web/util/WebUtils
     [java]   yourwebproject2/core/MailSendingTask
     [java]   javax/servlet/FilterChain
     [java]   yourwebproject2/framework/exception/EmailNotFoundException
     [java]   org/springframework/web/filter/GenericFilterBean$FilterConfigPropertyValues
     [java]   javax/crypto/spec/PBEKeySpec
     [java]   java/io/ObjectInputStream
     [java]   java/util/function/ToLongFunction
     [java]   java/util/Iterator
     [java]   org/springframework/web/bind/annotation/ExceptionHandler
     [java]   yourwebproject2/interceptor/WebAppExceptionAdvice
     [java]   java/text/MessageFormat
     [java]   java/security/NoSuchAlgorithmException
     [java]   yourwebproject2/core/NewJobSchedulingWorker
     [java]   java/util/Map
     [java]   java/util/concurrent/Callable
     [java]   yourwebproject2/model/entity/Job
     [java]   java/io/ObjectStreamException
     [java]   [Ljava/lang/StackTraceElement;
     [java]   javax/servlet/http/HttpServlet
     [java]   javax/persistence/ManyToOne
     [java]   org/springframework/core/GenericTypeResolver
     [java]   yourwebproject2/framework/api/APIResponse$ExceptionAPIResponse
     [java]   org/hibernate/criterion/Restrictions
     [java]   java/lang/invoke/MethodHandles
     [java]   org/springframework/web/servlet/ModelAndView
     [java]   java/util/Enumeration
     [java]   yourwebproject2/framework/data/BaseHibernateJPARepository
     [java]   yourwebproject2/unusedspringsecurity/UserRole
     [java]   java/lang/Double
     [java]   java/lang/System
     [java]   org/springframework/web/bind/annotation/RequestBody
     [java]   yourwebproject2/core/RetryJobSchedulingWorker
     [java]   java/lang/ClassCastException
     [java]   java/util/Comparators$NullComparator
     [java]   org/springframework/web/servlet/View
     [java]   org/springframework/core/io/ResourceEditor
     [java]   java/lang/Boolean
     [java]   java/security/Key
     [java]   org/springframework/web/servlet/AsyncHandlerInterceptor
     [java]   org/springframework/web/servlet/FlashMapManager
     [java]   io/jsonwebtoken/SignatureAlgorithm
     [java]   [Lyourwebproject2/model/entity/User$Role;
     [java]   yourwebproject2/auth/JWTTokenAuthFilter
     [java]   java/security/InvalidKeyException
     [java]   yourwebproject2/service/impl/UserServiceImpl
     [java]   yourwebproject2/model/repository/impl/UserRepositoryImpl
     [java]   yourwebproject2/unusedspringsecurity/token/TokenHandler
     [java]   org/apache/commons/logging/LogFactory
     [java]   javax/servlet/Filter
     [java]   javax/persistence/Table
     [java]   org/springframework/web/servlet/FlashMap
     [java]   org/hibernate/SessionFactory
     [java]   javax/servlet/ServletException
     [java]   org/springframework/security/core/userdetails/UserDetails
     [java]   java/lang/IllegalArgumentException
     [java]   yourwebproject2/auth/CORSFilter
     [java]   javax/crypto/spec/SecretKeySpec
     [java]   yourwebproject2/model/entity/helper/CategoryPriorityComparator
     [java]   org/springframework/context/ApplicationContext
     [java]   org/springframework/context/i18n/LocaleContextHolder
     [java]   org/springframework/web/context/request/async/WebAsyncUtils
     [java]   org/springframework/web/util/NestedServletException
     [java]   org/springframework/web/servlet/FrameworkServlet$ContextRefreshListener
     [java]   javax/crypto/IllegalBlockSizeException
     [java]   org/springframework/scheduling/annotation/Scheduled
     [java]   io/jsonwebtoken/Claims
     [java]   org/springframework/web/servlet/ViewResolver
     [java]   yourwebproject2/unusedspringsecurity/token/TokenUserAuthentication
     [java]   org/springframework/web/filter/GenericFilterBean
     [java]   java/lang/StackTraceElement
     [java]   java/lang/Deprecated
     [java]   org/springframework/web/servlet/DispatcherServlet
     [java]   java/io/StreamCorruptedException
     [java]   java/lang/Error
     [java]   yourwebproject2/model/repository/UserRepository
     [java]   yourwebproject2/model/entity/Job$Status
     [java]   javax/servlet/ServletResponse
     [java]   org/springframework/context/ApplicationContextInitializer
     [java]   org/springframework/web/context/support/ServletRequestHandledEvent
     [java]   org/springframework/web/servlet/HandlerAdapter
     [java]   java/util/ArrayList
     [java]   java/util/function/ToIntFunction
     [java]   org/springframework/web/servlet/HandlerMapping
     [java]   org/springframework/web/context/ContextLoader
     [java]   org/springframework/security/core/userdetails/User
     [java]   yourwebproject2/service/impl/MailJobServiceImpl
     [java]   yourwebproject2/unusedspringsecurity/token/StatelessAuthenticationFilter
     [java]   org/springframework/beans/BeanUtils
     [java]   javax/crypto/spec/IvParameterSpec
     [java]   java/util/Collection
     [java]   com/fasterxml/jackson/annotation/JsonIgnore
     [java]   org/springframework/beans/BeanWrapper
     [java]   org/springframework/context/ApplicationContextAware
     [java]   java/util/Properties
     [java]   javax/servlet/GenericServlet
     [java]   javax/servlet/Servlet
     [java]   org/springframework/web/context/request/ServletWebRequest
     [java]   org/springframework/util/Assert
     [java]   org/springframework/core/annotation/Order
     [java]   yourwebproject2/model/entity/MailerJob$MailType
     [java]   [Lyourwebproject2/model/entity/MailerJob$MailType;
     [java]   java/io/UnsupportedEncodingException
     [java]   yourwebproject2/auth/AuthCredentialsMissingException
     [java]   org/hibernate/criterion/SimpleExpression
     [java]   java/util/Locale
     [java]   java/io/InvalidObjectException
     [java]   org/json/JSONObject
     [java]   org/springframework/beans/factory/DisposableBean
     [java]   org/springframework/context/event/SourceFilteringListener
     [java]   yourwebproject2/controller/ErrorController
     [java]   yourwebproject2/core/tool/CategoryTool
     [java]   org/springframework/web/servlet/LocaleResolver
     [java]   org/springframework/beans/factory/BeanInitializationException
     [java]   org/springframework/web/filter/OncePerRequestFilter
     [java]   yourwebproject2/model/repository/impl/CategoryRepositoryImpl
     [java]   javax/servlet/http/NoBodyResponse
     [java]   org/springframework/web/servlet/HandlerInterceptor
     [java]   java/lang/NumberFormatException
     [java]   java/lang/AssertionError
     [java]   java/util/Collections
     [java]   javax/persistence/Entity
     [java]   org/springframework/web/bind/annotation/RequestMapping
     [java]   org/springframework/security/web/AuthenticationEntryPoint
     [java]   java/lang/RuntimeException
     [java]   org/springframework/beans/factory/BeanNameAware
     [java]   org/hibernate/validator/constraints/NotBlank
     [java]   yourwebproject2/core/JobExecutionThread
     [java]   org/hibernate/Session
     [java]   java/lang/invoke/MethodHandles$Lookup
     [java]   java/util/HashMap
     [java]   javax/security/auth/Subject
     [java]   yourwebproject2/model/entity/Category
     [java]   org/slf4j/Logger
     [java]   org/springframework/web/servlet/HttpServletBean
     [java]   org/springframework/security/core/context/SecurityContext
     [java]   java/lang/Throwable$WrappedPrintWriter
     [java]   yourwebproject2/service/impl/JobServiceImpl
     [java]   javax/persistence/GenerationType
     [java]   javax/persistence/Index
     [java]   org/springframework/web/context/request/RequestContextHolder
     [java]   java/util/Set
     [java]   org/springframework/web/servlet/LocaleContextResolver
     [java]   org/springframework/security/core/context/SecurityContextHolder
     [java]   java/util/Comparator
     [java]   javax/persistence/TemporalType
     [java]   org/springframework/web/servlet/ModelAndViewDefiningException
     [java]   org/apache/commons/lang/exception/ExceptionUtils
     [java]   org/springframework/security/crypto/bcrypt/BCryptPasswordEncoder
     [java]   org/springframework/context/i18n/LocaleContext
     [java]   org/springframework/beans/factory/NoSuchBeanDefinitionException
     [java]   javax/persistence/Inheritance
     [java]   yourwebproject2/unusedspringsecurity/RESTAuthFilter
     [java]   org/springframework/web/context/support/StandardServletEnvironment
     [java]   yourwebproject2/unusedspringsecurity/UserDetailsService
     [java]   io/jsonwebtoken/JwtParser
     [java]   yourwebproject2/unusedspringsecurity/token/TokenUserService
     [java]   org/apache/commons/codec/binary/Base64
     [java]   org/springframework/beans/BeansException
     [java]   java/util/LinkedList
     [java]   javax/servlet/http/HttpServletRequest
     [java]   org/springframework/security/crypto/codec/Base64
     [java]   org/springframework/web/context/ConfigurableWebEnvironment
     [java]   org/springframework/web/servlet/handler/HandlerInterceptorAdapter
     [java]   javax/persistence/JoinColumn
     [java] Adding plugin edu.umd.cs.findbugs.plugins.core to execution plan
     [java] Dependences force enabling of edu.umd.cs.findbugs.detect.FieldItemSummary
     [java] Dependences force enabling of edu.umd.cs.findbugs.detect.NoteSuppressedWarnings
     [java] Dependences force enabling of edu.umd.cs.findbugs.detect.FunctionsThatMightBeMistakenForProcedures
     [java] Dependences force enabling of edu.umd.cs.findbugs.detect.FindNoSideEffectMethods
     [java] Dependences force enabling of edu.umd.cs.findbugs.detect.NoteCheckReturnValueAnnotations
     [java] Dependences force enabling of edu.umd.cs.findbugs.detect.BuildStringPassthruGraph
     [java] Dependences force enabling of edu.umd.cs.findbugs.detect.EqualsOperandShouldHaveClassCompatibleWithThis
     [java] Dependences force enabling of edu.umd.cs.findbugs.detect.NoteAnnotationRetention
     [java] Dependences force enabling of edu.umd.cs.findbugs.detect.FindBugsSummaryStats
     [java] 2 passes in execution plan
     [java] 2 analysis passes to perform     0 : Pass 0: 360 classesXFactory cached methods: 5094/5094
     [java] Descriptor factory: 4595/5094/13369
     [java] Pass 1: Analyzing classes (0 / 360) - 00% complete     0 0/2  0/360 javax/crypto/BadPaddingException
     [java] Pass 1: Analyzing classes (1 / 360) - 00% complete     0 0/2  1/360 java/lang/StringBuilder
     [java] Pass 1: Analyzing classes (2 / 360) - 00% complete     0 0/2  2/360 javax/annotation/PostConstruct
     [java] Pass 1: Analyzing classes (3 / 360) - 00% complete     0 0/2  3/360 java/security/spec/KeySpec
     [java] Pass 1: Analyzing classes (4 / 360) - 01% complete     0 0/2  4/360 org/springframework/web/context/support/XmlWebApplicationContext
     [java] Pass 1: Analyzing classes (5 / 360) - 01% complete     0 0/2  5/360 yourwebproject2/core/tool/AdminUserTool
     [java] Pass 1: Analyzing classes (6 / 360) - 01% complete     0 0/2  6/360 org/springframework/beans/factory/annotation/Autowired
     [java] Pass 1: Analyzing classes (7 / 360) - 01% complete     0 0/2  7/360 org/springframework/web/context/support/WebApplicationContextUtils
     [java] Pass 1: Analyzing classes (8 / 360) - 02% complete     0 0/2  8/360 yourwebproject2/model/entity/User
     [java] Pass 1: Analyzing classes (9 / 360) - 02% complete     0 0/2  9/360 java/security/spec/InvalidKeySpecException
     [java] Pass 1: Analyzing classes (10 / 360) - 02% complete     0 0/2  10/360 org/springframework/context/support/ClassPathXmlApplicationContext
     [java] Pass 1: Analyzing classes (11 / 360) - 03% complete     0 0/2  11/360 yourwebproject2/model/entity/User$Role
     [java] Pass 1: Analyzing classes (12 / 360) - 03% complete     0 0/2  12/360 java/lang/reflect/Method
     [java] Pass 1: Analyzing classes (13 / 360) - 03% complete     0 0/2  13/360 java/lang/Thread
     [java] Pass 1: Analyzing classes (14 / 360) - 03% complete     0 0/2  14/360 java/util/Comparators$NaturalOrderComparator
     [java] Pass 1: Analyzing classes (15 / 360) - 04% complete     0 0/2  15/360 java/security/spec/AlgorithmParameterSpec
     [java] Pass 1: Analyzing classes (16 / 360) - 04% complete     0 0/2  16/360 yourwebproject2/model/dto/UserDTO
     [java] Pass 1: Analyzing classes (17 / 360) - 04% complete     0 0/2  17/360 javax/persistence/Column
     [java] Pass 1: Analyzing classes (18 / 360) - 05% complete     0 0/2  18/360 yourwebproject2/auth/AuthenticationFailedException
     [java] Pass 1: Analyzing classes (19 / 360) - 05% complete     0 0/2  19/360 org/springframework/context/ConfigurableApplicationContext
     [java] Pass 1: Analyzing classes (20 / 360) - 05% complete     0 0/2  20/360 java/util/concurrent/Executors
     [java] Pass 1: Analyzing classes (21 / 360) - 05% complete     0 0/2  21/360 org/springframework/stereotype/Component
     [java] Pass 1: Analyzing classes (22 / 360) - 06% complete     0 0/2  22/360 javax/crypto/SecretKey
     [java] Pass 1: Analyzing classes (23 / 360) - 06% complete     0 0/2  23/360 org/springframework/web/context/request/ServletRequestAttributes
     [java] Pass 1: Analyzing classes (24 / 360) - 06% complete     0 0/2  24/360 org/springframework/beans/factory/Aware
     [java] Pass 1: Analyzing classes (25 / 360) - 06% complete     0 0/2  25/360 java/io/Serializable
     [java] Pass 1: Analyzing classes (26 / 360) - 07% complete     0 0/2  26/360 java/lang/Object
     [java] Pass 1: Analyzing classes (27 / 360) - 07% complete     0 0/2  27/360 org/hibernate/Criteria
     [java] Pass 1: Analyzing classes (28 / 360) - 07% complete     0 0/2  28/360 org/springframework/web/context/request/RequestAttributes
     [java] Pass 1: Analyzing classes (29 / 360) - 08% complete     0 0/2  29/360 java/lang/IllegalStateException
     [java] Pass 1: Analyzing classes (30 / 360) - 08% complete     0 0/2  30/360 java/util/LinkedHashMap
     [java] Pass 1: Analyzing classes (31 / 360) - 08% complete     0 0/2  31/360 org/springframework/core/OrderComparator
     [java] Pass 1: Analyzing classes (32 / 360) - 08% complete     0 0/2  32/360 org/springframework/web/servlet/FrameworkServlet$1
     [java] Pass 1: Analyzing classes (33 / 360) - 09% complete     0 0/2  33/360 javax/persistence/InheritanceType
     [java] Pass 1: Analyzing classes (34 / 360) - 09% complete     0 0/2  34/360 org/springframework/core/io/Resource
     [java] Pass 1: Analyzing classes (35 / 360) - 09% complete     0 0/2  35/360 org/springframework/web/context/WebApplicationContext
     [java] Pass 1: Analyzing classes (36 / 360) - 10% complete     0 0/2  36/360 org/apache/commons/codec/binary/Hex
     [java] Pass 1: Analyzing classes (37 / 360) - 10% complete     0 0/2  37/360 yourwebproject2/framework/data/BaseJPAServiceImpl
     [java] Pass 1: Analyzing classes (38 / 360) - 10% complete     0 0/2  38/360 org/springframework/web/servlet/RequestToViewNameTranslator
     [java] Pass 1: Analyzing classes (39 / 360) - 10% complete     0 0/2  39/360 yourwebproject2/service/impl/CategoryServiceImpl
     [java] Pass 1: Analyzing classes (40 / 360) - 11% complete     0 0/2  40/360 yourwebproject2/framework/data/Entity
     [java] Pass 1: Analyzing classes (41 / 360) - 11% complete     0 0/2  41/360 javax/persistence/Id
     [java] Pass 1: Analyzing classes (42 / 360) - 11% complete     0 0/2  42/360 org/springframework/context/i18n/SimpleLocaleContext
     [java] Pass 1: Analyzing classes (43 / 360) - 11% complete     0 0/2  43/360 org/springframework/http/HttpMethod
     [java] Pass 1: Analyzing classes (44 / 360) - 12% complete     0 0/2  44/360 org/springframework/web/servlet/NoHandlerFoundException
     [java] Pass 1: Analyzing classes (45 / 360) - 12% complete     0 0/2  45/360 org/springframework/beans/PropertyAccessorFactory
     [java] Pass 1: Analyzing classes (46 / 360) - 12% complete     0 0/2  46/360 yourwebproject2/model/entity/MailerJob
     [java] Pass 1: Analyzing classes (47 / 360) - 13% complete     0 0/2  47/360 org/apache/commons/lang/Validate
     [java] Pass 1: Analyzing classes (48 / 360) - 13% complete     0 0/2  48/360 java/lang/FunctionalInterface
     [java] Pass 1: Analyzing classes (49 / 360) - 13% complete     0 0/2  49/360 yourwebproject2/framework/servlet/BaseDispatcherServlet
     [java] Pass 1: Analyzing classes (50 / 360) - 13% complete     0 0/2  50/360 java/util/regex/Matcher
     [java] Pass 1: Analyzing classes (51 / 360) - 14% complete     0 0/2  51/360 org/springframework/transaction/annotation/Transactional
     [java] Pass 1: Analyzing classes (52 / 360) - 14% complete     0 0/2  52/360 javax/servlet/ServletConfig
     [java] Pass 1: Analyzing classes (53 / 360) - 14% complete     0 0/2  53/360 java/util/Date
     [java] Pass 1: Analyzing classes (54 / 360) - 15% complete     0 0/2  54/360 org/apache/commons/codec/DecoderException
     [java] Pass 1: Analyzing classes (55 / 360) - 15% complete     0 0/2  55/360 org/springframework/web/bind/annotation/RequestMethod
     [java] Pass 1: Analyzing classes (56 / 360) - 15% complete     0 0/2  56/360 javax/persistence/Temporal
     [java] Pass 1: Analyzing classes (57 / 360) - 15% complete     0 0/2  57/360 org/springframework/beans/factory/BeanFactoryUtils
     [java] Pass 1: Analyzing classes (58 / 360) - 16% complete     0 0/2  58/360 org/springframework/http/HttpStatus
     [java] Pass 1: Analyzing classes (59 / 360) - 16% complete     0 0/2  59/360 org/springframework/security/web/csrf/CsrfToken
     [java] Pass 1: Analyzing classes (60 / 360) - 16% complete     0 0/2  60/360 javax/crypto/NoSuchPaddingException
     [java] Pass 1: Analyzing classes (61 / 360) - 16% complete     0 0/2  61/360 java/lang/NullPointerException
     [java] Pass 1: Analyzing classes (62 / 360) - 17% complete     0 0/2  62/360 java/io/IOException
     [java] Pass 1: Analyzing classes (63 / 360) - 17% complete     0 0/2  63/360 org/springframework/security/core/authority/SimpleGrantedAuthority
     [java] Pass 1: Analyzing classes (64 / 360) - 17% complete     0 0/2  64/360 yourwebproject2/framework/controller/BaseController
     [java] Pass 1: Analyzing classes (65 / 360) - 18% complete     0 0/2  65/360 org/springframework/stereotype/Service
     [java] Pass 1: Analyzing classes (66 / 360) - 18% complete     0 0/2  66/360 org/springframework/stereotype/Repository
     [java] Pass 1: Analyzing classes (67 / 360) - 18% complete     0 0/2  67/360 java/util/function/ToDoubleFunction
     [java] Pass 1: Analyzing classes (68 / 360) - 18% complete     0 0/2  68/360 org/springframework/util/StringUtils
     [java] Pass 1: Analyzing classes (69 / 360) - 19% complete     0 0/2  69/360 javax/transaction/Transactional
     [java] Pass 1: Analyzing classes (70 / 360) - 19% complete     0 0/2  70/360 java/util/function/Function
     [java] Pass 1: Analyzing classes (71 / 360) - 19% complete     0 0/2  71/360 java/lang/Throwable$PrintStreamOrWriter
     [java] Pass 1: Analyzing classes (72 / 360) - 20% complete     0 0/2  72/360 java/lang/Throwable$SentinelHolder
     [java] Pass 1: Analyzing classes (73 / 360) - 20% complete     0 0/2  73/360 yourwebproject2/unusedspringsecurity/RESTAuthenticationEntryPoint
     [java] Pass 1: Analyzing classes (74 / 360) - 20% complete     0 0/2  74/360 yourwebproject2/servlet/YourWebAppDispatcherServlet
     [java] Pass 1: Analyzing classes (75 / 360) - 20% complete     0 0/2  75/360 io/jsonwebtoken/Jws
     [java] Pass 1: Analyzing classes (76 / 360) - 21% complete     0 0/2  76/360 yourwebproject2/controller/UserController
     [java] Pass 1: Analyzing classes (77 / 360) - 21% complete     0 0/2  77/360 yourwebproject2/model/dto/CategoryDTO
     [java] Pass 1: Analyzing classes (78 / 360) - 21% complete     0 0/2  78/360 java/lang/Long
     [java] Pass 1: Analyzing classes (79 / 360) - 21% complete     0 0/2  79/360 yourwebproject2/service/UserService
     [java] Pass 1: Analyzing classes (80 / 360) - 22% complete     0 0/2  80/360 yourwebproject2/framework/data/JPAEntity
     [java] Pass 1: Analyzing classes (81 / 360) - 22% complete     0 0/2  81/360 org/springframework/http/server/ServletServerHttpRequest
     [java] Pass 1: Analyzing classes (82 / 360) - 22% complete     0 0/2  82/360 javax/servlet/ServletInputStream
     [java] Pass 1: Analyzing classes (83 / 360) - 23% complete     0 0/2  83/360 org/springframework/web/bind/annotation/PathVariable
     [java] Pass 1: Analyzing classes (84 / 360) - 23% complete     0 0/2  84/360 org/springframework/context/EnvironmentAware
     [java] Pass 1: Analyzing classes (85 / 360) - 23% complete     0 0/2  85/360 org/springframework/security/core/AuthenticationException
     [java] Pass 1: Analyzing classes (86 / 360) - 23% complete     0 0/2  86/360 jdk/internal/HotSpotIntrinsicCandidate
     [java] Pass 1: Analyzing classes (87 / 360) - 24% complete     0 0/2  87/360 yourwebproject2/interceptor/WebAppMetricsInterceptor
     [java] Pass 1: Analyzing classes (88 / 360) - 24% complete     0 0/2  88/360 javax/servlet/ServletRequest
     [java] Pass 1: Analyzing classes (89 / 360) - 24% complete     0 0/2  89/360 yourwebproject2/unusedspringsecurity/token/TokenAuthenticationService
     [java] Pass 1: Analyzing classes (90 / 360) - 25% complete     0 0/2  90/360 yourwebproject2/core/AbstractJobSchedulingWorker
     [java] Pass 1: Analyzing classes (91 / 360) - 25% complete     0 0/2  91/360 org/springframework/util/ClassUtils
     [java] Pass 1: Analyzing classes (92 / 360) - 25% complete     0 0/2  92/360 org/apache/commons/logging/Log
     [java] Pass 1: Analyzing classes (93 / 360) - 25% complete     0 0/2  93/360 javax/servlet/ServletOutputStream
     [java] Pass 1: Analyzing classes (94 / 360) - 26% complete     0 0/2  94/360 java/util/Scanner
     [java] Pass 1: Analyzing classes (95 / 360) - 26% complete     0 0/2  95/360 yourwebproject2/unusedspringsecurity/CSRFHeaderFilter
     [java] Pass 1: Analyzing classes (96 / 360) - 26% complete     0 0/2  96/360 org/springframework/web/multipart/MultipartResolver
     [java] Pass 1: Analyzing classes (97 / 360) - 26% complete     0 0/2  97/360 org/apache/commons/lang/StringUtils
     [java] Pass 1: Analyzing classes (98 / 360) - 27% complete     0 0/2  98/360 yourwebproject2/model/repository/CategoryRepository
     [java] Pass 1: Analyzing classes (99 / 360) - 27% complete     0 0/2  99/360 org/springframework/beans/factory/config/AutowireCapableBeanFactory
     [java] Pass 1: Analyzing classes (100 / 360) - 27% complete     0 0/2  100/360 java/io/ObjectOutputStream
     [java] Pass 1: Analyzing classes (101 / 360) - 28% complete     0 0/2  101/360 org/springframework/security/authentication/AccountStatusUserDetailsChecker
     [java] Pass 1: Analyzing classes (102 / 360) - 28% complete     0 0/2  102/360 org/springframework/web/context/request/async/WebAsyncManager
     [java] Pass 1: Analyzing classes (103 / 360) - 28% complete     0 0/2  103/360 org/springframework/beans/factory/InitializingBean
     [java] Pass 1: Analyzing classes (104 / 360) - 28% complete     0 0/2  104/360 javax/persistence/FetchType
     [java] Pass 1: Analyzing classes (105 / 360) - 29% complete     0 0/2  105/360 org/hibernate/criterion/Order
     [java] Pass 1: Analyzing classes (106 / 360) - 29% complete     0 0/2  106/360 javax/persistence/MappedSuperclass
     [java] Pass 1: Analyzing classes (107 / 360) - 29% complete     0 0/2  107/360 org/hibernate/validator/constraints/Email
     [java] Pass 1: Analyzing classes (108 / 360) - 30% complete     0 0/2  108/360 java/util/regex/Pattern
     [java] Pass 1: Analyzing classes (109 / 360) - 30% complete     0 0/2  109/360 yourwebproject2/framework/data/BaseService
     [java] Pass 1: Analyzing classes (110 / 360) - 30% complete     0 0/2  110/360 org/springframework/web/servlet/FrameworkServlet
     [java] Pass 1: Analyzing classes (111 / 360) - 30% complete     0 0/2  111/360 org/springframework/web/context/ServletContextAware
     [java] Pass 1: Analyzing classes (112 / 360) - 31% complete     0 0/2  112/360 yourwebproject2/framework/api/APIResponse
     [java] Pass 1: Analyzing classes (113 / 360) - 31% complete     0 0/2  113/360 javax/servlet/FilterConfig
     [java] Pass 1: Analyzing classes (114 / 360) - 31% complete     0 0/2  114/360 org/springframework/core/io/support/PropertiesLoaderUtils
     [java] Pass 1: Analyzing classes (115 / 360) - 31% complete     0 0/2  115/360 java/lang/Throwable
     [java] Pass 1: Analyzing classes (116 / 360) - 32% complete     0 0/2  116/360 javax/crypto/SecretKeyFactory
     [java] Pass 1: Analyzing classes (117 / 360) - 32% complete     0 0/2  117/360 java/security/Principal
     [java] Pass 1: Analyzing classes (118 / 360) - 32% complete     0 0/2  118/360 yourwebproject2/unusedspringsecurity/UserDetailsServiceImpl
     [java] Pass 1: Analyzing classes (119 / 360) - 33% complete     0 0/2  119/360 org/springframework/web/servlet/DispatcherServlet$1
     [java] Pass 1: Analyzing classes (120 / 360) - 33% complete     0 0/2  120/360 java/lang/Exception
     [java] Pass 1: Analyzing classes (121 / 360) - 33% complete     0 0/2  121/360 java/util/concurrent/ExecutorService
     [java] Pass 1: Analyzing classes (122 / 360) - 33% complete     0 0/2  122/360 org/springframework/web/servlet/ThemeResolver
     [java] Pass 1: Analyzing classes (123 / 360) - 34% complete     0 0/2  123/360 org/springframework/web/context/ConfigurableWebApplicationContext
     [java] Pass 1: Analyzing classes (124 / 360) - 34% complete     0 0/2  124/360 org/hibernate/FlushMode
     [java] Pass 1: Analyzing classes (125 / 360) - 34% complete     0 0/2  125/360 yourwebproject2/model/repository/impl/JobRepositoryImpl
     [java] Pass 1: Analyzing classes (126 / 360) - 35% complete     0 0/2  126/360 org/hibernate/criterion/Criterion
     [java] Pass 1: Analyzing classes (127 / 360) - 35% complete     0 0/2  127/360 yourwebproject2/controller/CategoryController
     [java] Pass 1: Analyzing classes (128 / 360) - 35% complete     0 0/2  128/360 java/util/IdentityHashMap
     [java] Pass 1: Analyzing classes (129 / 360) - 35% complete     0 0/2  129/360 javax/crypto/Cipher
     [java] Pass 1: Analyzing classes (130 / 360) - 36% complete     0 0/2  130/360 yourwebproject2/model/repository/JobRepository
     [java] Pass 1: Analyzing classes (131 / 360) - 36% complete     0 0/2  131/360 java/util/ResourceBundle
     [java] Pass 1: Analyzing classes (132 / 360) - 36% complete     0 0/2  132/360 java/security/InvalidAlgorithmParameterException
     [java] Pass 1: Analyzing classes (133 / 360) - 36% complete     0 0/2  133/360 org/springframework/security/core/userdetails/UsernameNotFoundException
     [java] Pass 1: Analyzing classes (134 / 360) - 37% complete     0 0/2  134/360 com/fasterxml/jackson/annotation/JsonInclude
     [java] Pass 1: Analyzing classes (135 / 360) - 37% complete     0 0/2  135/360 java/util/Comparators
     [java] Pass 1: Analyzing classes (136 / 360) - 37% complete     0 0/2  136/360 java/lang/invoke/SerializedLambda
     [java] Pass 1: Analyzing classes (137 / 360) - 38% complete     0 0/2  137/360 java/util/List
     [java] Pass 1: Analyzing classes (138 / 360) - 38% complete     0 0/2  138/360 yourwebproject2/service/MailJobService
     [java] Pass 1: Analyzing classes (139 / 360) - 38% complete     0 0/2  139/360 yourwebproject2/framework/data/BaseJPARepository
     [java] Pass 1: Analyzing classes (140 / 360) - 38% complete     0 0/2  140/360 yourwebproject2/controller/JobController
     [java] Pass 1: Analyzing classes (141 / 360) - 39% complete     0 0/2  141/360 javax/xml/bind/annotation/XmlElement
     [java] Pass 1: Analyzing classes (142 / 360) - 39% complete     0 0/2  142/360 org/springframework/core/io/ClassPathResource
     [java] Pass 1: Analyzing classes (143 / 360) - 39% complete     0 0/2  143/360 java/lang/InterruptedException
     [java] Pass 1: Analyzing classes (144 / 360) - 40% complete     0 0/2  144/360 org/springframework/context/event/ContextRefreshedEvent
     [java] Pass 1: Analyzing classes (145 / 360) - 40% complete     0 0/2  145/360 org/springframework/security/core/Authentication
     [java] Pass 1: Analyzing classes (146 / 360) - 40% complete     0 0/2  146/360 org/springframework/web/servlet/HttpServletBean$ServletConfigPropertyValues
     [java] Pass 1: Analyzing classes (147 / 360) - 40% complete     0 0/2  147/360 org/springframework/context/ApplicationContextException
     [java] Pass 1: Analyzing classes (148 / 360) - 41% complete     0 0/2  148/360 java/io/InputStream
     [java] Pass 1: Analyzing classes (149 / 360) - 41% complete     0 0/2  149/360 org/codehaus/jackson/annotate/JsonIgnore
     [java] Pass 1: Analyzing classes (150 / 360) - 41% complete     0 0/2  150/360 java/lang/String
     [java] Pass 1: Analyzing classes (151 / 360) - 41% complete     0 0/2  151/360 java/lang/ClassNotFoundException
     [java] Pass 1: Analyzing classes (152 / 360) - 42% complete     0 0/2  152/360 java/lang/invoke/LambdaMetafactory
     [java] Pass 1: Analyzing classes (153 / 360) - 42% complete     0 0/2  153/360 javax/persistence/OneToOne
     [java] Pass 1: Analyzing classes (154 / 360) - 42% complete     0 0/2  154/360 org/springframework/web/multipart/MultipartException
     [java] Pass 1: Analyzing classes (155 / 360) - 43% complete     0 0/2  155/360 java/util/HashSet
     [java] Pass 1: Analyzing classes (156 / 360) - 43% complete     0 0/2  156/360 com/fasterxml/jackson/annotation/JsonInclude$Include
     [java] Pass 1: Analyzing classes (157 / 360) - 43% complete     0 0/2  157/360 org/springframework/ui/context/ThemeSource
     [java] Pass 1: Analyzing classes (158 / 360) - 43% complete     0 0/2  158/360 org/springframework/web/multipart/MultipartHttpServletRequest
     [java] Pass 1: Analyzing classes (159 / 360) - 44% complete     0 0/2  159/360 java/lang/Math
     [java] Pass 1: Analyzing classes (160 / 360) - 44% complete     0 0/2  160/360 javax/servlet/http/HttpServletResponse
     [java] Pass 1: Analyzing classes (161 / 360) - 44% complete     0 0/2  161/360 org/hibernate/Query
     [java] Pass 1: Analyzing classes (162 / 360) - 45% complete     0 0/2  162/360 javax/persistence/GeneratedValue
     [java] Pass 1: Analyzing classes (163 / 360) - 45% complete     0 0/2  163/360 org/springframework/core/annotation/AnnotationAwareOrderComparator
     [java] Pass 1: Analyzing classes (164 / 360) - 45% complete     0 0/2  164/360 org/springframework/core/env/ConfigurableEnvironment
     [java] Pass 1: Analyzing classes (165 / 360) - 45% complete     0 0/2  165/360 org/springframework/web/servlet/FrameworkServlet$RequestBindingInterceptor
     [java] Pass 1: Analyzing classes (166 / 360) - 46% complete     0 0/2  166/360 java/lang/Enum
     [java] Pass 1: Analyzing classes (167 / 360) - 46% complete     0 0/2  167/360 java/lang/CloneNotSupportedException
     [java] Pass 1: Analyzing classes (168 / 360) - 46% complete     0 0/2  168/360 io/jsonwebtoken/JwtBuilder
     [java] Pass 1: Analyzing classes (169 / 360) - 46% complete     0 0/2  169/360 org/springframework/core/env/EnvironmentCapable
     [java] Pass 1: Analyzing classes (170 / 360) - 47% complete     0 0/2  170/360 java/lang/CharSequence
     [java] Pass 1: Analyzing classes (171 / 360) - 47% complete     0 0/2  171/360 java/lang/LinkageError
     [java] Pass 1: Analyzing classes (172 / 360) - 47% complete     0 0/2  172/360 yourwebproject2/service/JobService
     [java] Pass 1: Analyzing classes (173 / 360) - 48% complete     0 0/2  173/360 io/jsonwebtoken/Jwts
     [java] Pass 1: Analyzing classes (174 / 360) - 48% complete     0 0/2  174/360 javax/servlet/ServletContext
     [java] Pass 1: Analyzing classes (175 / 360) - 48% complete     0 0/2  175/360 org/springframework/util/ObjectUtils
     [java] Pass 1: Analyzing classes (176 / 360) - 48% complete     0 0/2  176/360 yourwebproject2/framework/exception/NotFoundException
     [java] Pass 1: Analyzing classes (177 / 360) - 49% complete     0 0/2  177/360 java/lang/Class
     [java] Pass 1: Analyzing classes (178 / 360) - 49% complete     0 0/2  178/360 yourwebproject2/core/YourWebProjectJobCoreDaemon
     [java] Pass 1: Analyzing classes (179 / 360) - 49% complete     0 0/2  179/360 java/util/Objects
     [java] Pass 1: Analyzing classes (180 / 360) - 50% complete     0 0/2  180/360 org/springframework/security/core/userdetails/UserDetailsService
     [java] Pass 1: Analyzing classes (181 / 360) - 50% complete     0 0/2  181/360 org/springframework/web/bind/annotation/ControllerAdvice
     [java] Pass 1: Analyzing classes (182 / 360) - 50% complete     0 0/2  182/360 java/lang/Integer
     [java] Pass 1: Analyzing classes (183 / 360) - 50% complete     0 0/2  183/360 org/springframework/web/bind/annotation/ResponseBody
     [java] Pass 1: Analyzing classes (184 / 360) - 51% complete     0 0/2  184/360 org/springframework/web/servlet/HandlerExecutionChain
     [java] Pass 1: Analyzing classes (185 / 360) - 51% complete     0 0/2  185/360 java/lang/Comparable
     [java] Pass 1: Analyzing classes (186 / 360) - 51% complete     0 0/2  186/360 yourwebproject2/unusedspringsecurity/UserDetailsServiceImpl$1
     [java] Pass 1: Analyzing classes (187 / 360) - 51% complete     0 0/2  187/360 javax/servlet/http/Cookie
     [java] Pass 1: Analyzing classes (188 / 360) - 52% complete     0 0/2  188/360 org/springframework/stereotype/Controller
     [java] Pass 1: Analyzing classes (189 / 360) - 52% complete     0 0/2  189/360 yourwebproject2/service/CategoryService
     [java] Pass 1: Analyzing classes (190 / 360) - 52% complete     0 0/2  190/360 java/util/concurrent/Future
     [java] Pass 1: Analyzing classes (191 / 360) - 53% complete     0 0/2  191/360 org/springframework/web/servlet/HandlerExceptionResolver
     [java] Pass 1: Analyzing classes (192 / 360) - 53% complete     0 0/2  192/360 java/lang/Throwable$WrappedPrintStream
     [java] Pass 1: Analyzing classes (193 / 360) - 53% complete     0 0/2  193/360 yourwebproject2/model/dto/JobDTO
     [java] Pass 1: Analyzing classes (194 / 360) - 53% complete     0 0/2  194/360 org/slf4j/LoggerFactory
     [java] Pass 1: Analyzing classes (195 / 360) - 54% complete     0 0/2  195/360 java/io/PrintStream
     [java] Pass 1: Analyzing classes (196 / 360) - 54% complete     0 0/2  196/360 javax/validation/constraints/NotNull
     [java] Pass 1: Analyzing classes (197 / 360) - 54% complete     0 0/2  197/360 org/springframework/web/context/support/ServletContextResourceLoader
     [java] Pass 1: Analyzing classes (198 / 360) - 55% complete     0 0/2  198/360 org/springframework/web/util/WebUtils
     [java] Pass 1: Analyzing classes (199 / 360) - 55% complete     0 0/2  199/360 yourwebproject2/core/MailSendingTask
     [java] Pass 1: Analyzing classes (200 / 360) - 55% complete     0 0/2  200/360 javax/servlet/FilterChain
     [java] Pass 1: Analyzing classes (201 / 360) - 55% complete     0 0/2  201/360 yourwebproject2/framework/exception/EmailNotFoundException
     [java] Pass 1: Analyzing classes (202 / 360) - 56% complete     0 0/2  202/360 org/springframework/web/filter/GenericFilterBean$FilterConfigPropertyValues
     [java] Pass 1: Analyzing classes (203 / 360) - 56% complete     0 0/2  203/360 javax/crypto/spec/PBEKeySpec
     [java] Pass 1: Analyzing classes (204 / 360) - 56% complete     0 0/2  204/360 java/io/ObjectInputStream
     [java] Pass 1: Analyzing classes (205 / 360) - 56% complete     0 0/2  205/360 java/util/function/ToLongFunction
     [java] Pass 1: Analyzing classes (206 / 360) - 57% complete     0 0/2  206/360 java/util/Iterator
     [java] Pass 1: Analyzing classes (207 / 360) - 57% complete     0 0/2  207/360 org/springframework/web/bind/annotation/ExceptionHandler
     [java] Pass 1: Analyzing classes (208 / 360) - 57% complete     0 0/2  208/360 yourwebproject2/interceptor/WebAppExceptionAdvice
     [java] Pass 1: Analyzing classes (209 / 360) - 58% complete     0 0/2  209/360 java/text/MessageFormat
     [java] Pass 1: Analyzing classes (210 / 360) - 58% complete     0 0/2  210/360 java/security/NoSuchAlgorithmException
     [java] Pass 1: Analyzing classes (211 / 360) - 58% complete     0 0/2  211/360 yourwebproject2/core/NewJobSchedulingWorker
     [java] Pass 1: Analyzing classes (212 / 360) - 58% complete     0 0/2  212/360 java/util/Map
     [java] Pass 1: Analyzing classes (213 / 360) - 59% complete     0 0/2  213/360 java/util/concurrent/Callable
     [java] Pass 1: Analyzing classes (214 / 360) - 59% complete     0 0/2  214/360 yourwebproject2/model/entity/Job
     [java] Pass 1: Analyzing classes (215 / 360) - 59% complete     0 0/2  215/360 java/io/ObjectStreamException
     [java] Pass 1: Analyzing classes (216 / 360) - 60% complete     0 0/2  216/360 javax/servlet/http/HttpServlet
     [java] Pass 1: Analyzing classes (217 / 360) - 60% complete     0 0/2  217/360 javax/persistence/ManyToOne
     [java] Pass 1: Analyzing classes (218 / 360) - 60% complete     0 0/2  218/360 org/springframework/core/GenericTypeResolver
     [java] Pass 1: Analyzing classes (219 / 360) - 60% complete     0 0/2  219/360 yourwebproject2/framework/api/APIResponse$ExceptionAPIResponse
     [java] Pass 1: Analyzing classes (220 / 360) - 61% complete     0 0/2  220/360 org/hibernate/criterion/Restrictions
     [java] Pass 1: Analyzing classes (221 / 360) - 61% complete     0 0/2  221/360 java/lang/invoke/MethodHandles
     [java] Pass 1: Analyzing classes (222 / 360) - 61% complete     0 0/2  222/360 org/springframework/web/servlet/ModelAndView
     [java] Pass 1: Analyzing classes (223 / 360) - 61% complete     0 0/2  223/360 java/util/Enumeration
     [java] Pass 1: Analyzing classes (224 / 360) - 62% complete     0 0/2  224/360 yourwebproject2/framework/data/BaseHibernateJPARepository
     [java] Pass 1: Analyzing classes (225 / 360) - 62% complete     0 0/2  225/360 yourwebproject2/unusedspringsecurity/UserRole
     [java] Pass 1: Analyzing classes (226 / 360) - 62% complete     0 0/2  226/360 java/lang/Double
     [java] Pass 1: Analyzing classes (227 / 360) - 63% complete     0 0/2  227/360 java/lang/System
     [java] Pass 1: Analyzing classes (228 / 360) - 63% complete     0 0/2  228/360 org/springframework/web/bind/annotation/RequestBody
     [java] Pass 1: Analyzing classes (229 / 360) - 63% complete     0 0/2  229/360 yourwebproject2/core/RetryJobSchedulingWorker
     [java] Pass 1: Analyzing classes (230 / 360) - 63% complete     0 0/2  230/360 java/lang/ClassCastException
     [java] Pass 1: Analyzing classes (231 / 360) - 64% complete     0 0/2  231/360 java/util/Comparators$NullComparator
     [java] Pass 1: Analyzing classes (232 / 360) - 64% complete     0 0/2  232/360 org/springframework/web/servlet/View
     [java] Pass 1: Analyzing classes (233 / 360) - 64% complete     0 0/2  233/360 org/springframework/core/io/ResourceEditor
     [java] Pass 1: Analyzing classes (234 / 360) - 65% complete     0 0/2  234/360 java/lang/Boolean
     [java] Pass 1: Analyzing classes (235 / 360) - 65% complete     0 0/2  235/360 java/security/Key
     [java] Pass 1: Analyzing classes (236 / 360) - 65% complete     0 0/2  236/360 org/springframework/web/servlet/AsyncHandlerInterceptor
     [java] Pass 1: Analyzing classes (237 / 360) - 65% complete     0 0/2  237/360 org/springframework/web/servlet/FlashMapManager
     [java] Pass 1: Analyzing classes (238 / 360) - 66% complete     0 0/2  238/360 io/jsonwebtoken/SignatureAlgorithm
     [java] Pass 1: Analyzing classes (239 / 360) - 66% complete     0 0/2  239/360 yourwebproject2/auth/JWTTokenAuthFilter
     [java] Pass 1: Analyzing classes (240 / 360) - 66% complete     0 0/2  240/360 java/security/InvalidKeyException
     [java] Pass 1: Analyzing classes (241 / 360) - 66% complete     0 0/2  241/360 yourwebproject2/service/impl/UserServiceImpl
     [java] Pass 1: Analyzing classes (242 / 360) - 67% complete     0 0/2  242/360 yourwebproject2/model/repository/impl/UserRepositoryImpl
     [java] Pass 1: Analyzing classes (243 / 360) - 67% complete     0 0/2  243/360 yourwebproject2/unusedspringsecurity/token/TokenHandler
     [java] Pass 1: Analyzing classes (244 / 360) - 67% complete     0 0/2  244/360 org/apache/commons/logging/LogFactory
     [java] Pass 1: Analyzing classes (245 / 360) - 68% complete     0 0/2  245/360 javax/servlet/Filter
     [java] Pass 1: Analyzing classes (246 / 360) - 68% complete     0 0/2  246/360 javax/persistence/Table
     [java] Pass 1: Analyzing classes (247 / 360) - 68% complete     0 0/2  247/360 org/springframework/web/servlet/FlashMap
     [java] Pass 1: Analyzing classes (248 / 360) - 68% complete     0 0/2  248/360 org/hibernate/SessionFactory
     [java] Pass 1: Analyzing classes (249 / 360) - 69% complete     0 0/2  249/360 javax/servlet/ServletException
     [java] Pass 1: Analyzing classes (250 / 360) - 69% complete     0 0/2  250/360 org/springframework/security/core/userdetails/UserDetails
     [java] Pass 1: Analyzing classes (251 / 360) - 69% complete     0 0/2  251/360 java/lang/IllegalArgumentException
     [java] Pass 1: Analyzing classes (252 / 360) - 70% complete     0 0/2  252/360 yourwebproject2/auth/CORSFilter
     [java] Pass 1: Analyzing classes (253 / 360) - 70% complete     0 0/2  253/360 javax/crypto/spec/SecretKeySpec
     [java] Pass 1: Analyzing classes (254 / 360) - 70% complete     0 0/2  254/360 yourwebproject2/model/entity/helper/CategoryPriorityComparator
     [java] Pass 1: Analyzing classes (255 / 360) - 70% complete     0 0/2  255/360 org/springframework/context/ApplicationContext
     [java] Pass 1: Analyzing classes (256 / 360) - 71% complete     0 0/2  256/360 org/springframework/context/i18n/LocaleContextHolder
     [java] Pass 1: Analyzing classes (257 / 360) - 71% complete     0 0/2  257/360 org/springframework/web/context/request/async/WebAsyncUtils
     [java] Pass 1: Analyzing classes (258 / 360) - 71% complete     0 0/2  258/360 org/springframework/web/util/NestedServletException
     [java] Pass 1: Analyzing classes (259 / 360) - 71% complete     0 0/2  259/360 org/springframework/web/servlet/FrameworkServlet$ContextRefreshListener
     [java] Pass 1: Analyzing classes (260 / 360) - 72% complete     0 0/2  260/360 javax/crypto/IllegalBlockSizeException
     [java] Pass 1: Analyzing classes (261 / 360) - 72% complete     0 0/2  261/360 org/springframework/scheduling/annotation/Scheduled
     [java] Pass 1: Analyzing classes (262 / 360) - 72% complete     0 0/2  262/360 io/jsonwebtoken/Claims
     [java] Pass 1: Analyzing classes (263 / 360) - 73% complete     0 0/2  263/360 org/springframework/web/servlet/ViewResolver
     [java] Pass 1: Analyzing classes (264 / 360) - 73% complete     0 0/2  264/360 yourwebproject2/unusedspringsecurity/token/TokenUserAuthentication
     [java] Pass 1: Analyzing classes (265 / 360) - 73% complete     0 0/2  265/360 org/springframework/web/filter/GenericFilterBean
     [java] Pass 1: Analyzing classes (266 / 360) - 73% complete     0 0/2  266/360 java/lang/StackTraceElement
     [java] Pass 1: Analyzing classes (267 / 360) - 74% complete     0 0/2  267/360 java/lang/Deprecated
     [java] Pass 1: Analyzing classes (268 / 360) - 74% complete     0 0/2  268/360 org/springframework/web/servlet/DispatcherServlet
     [java] Pass 1: Analyzing classes (269 / 360) - 74% complete     0 0/2  269/360 java/io/StreamCorruptedException
     [java] Pass 1: Analyzing classes (270 / 360) - 75% complete     0 0/2  270/360 java/lang/Error
     [java] Pass 1: Analyzing classes (271 / 360) - 75% complete     0 0/2  271/360 yourwebproject2/model/repository/UserRepository
     [java] Pass 1: Analyzing classes (272 / 360) - 75% complete     0 0/2  272/360 yourwebproject2/model/entity/Job$Status
     [java] Pass 1: Analyzing classes (273 / 360) - 75% complete     0 0/2  273/360 javax/servlet/ServletResponse
     [java] Pass 1: Analyzing classes (274 / 360) - 76% complete     0 0/2  274/360 org/springframework/context/ApplicationContextInitializer
     [java] Pass 1: Analyzing classes (275 / 360) - 76% complete     0 0/2  275/360 org/springframework/web/context/support/ServletRequestHandledEvent
     [java] Pass 1: Analyzing classes (276 / 360) - 76% complete     0 0/2  276/360 org/springframework/web/servlet/HandlerAdapter
     [java] Pass 1: Analyzing classes (277 / 360) - 76% complete     0 0/2  277/360 java/util/ArrayList
     [java] Pass 1: Analyzing classes (278 / 360) - 77% complete     0 0/2  278/360 java/util/function/ToIntFunction
     [java] Pass 1: Analyzing classes (279 / 360) - 77% complete     0 0/2  279/360 org/springframework/web/servlet/HandlerMapping
     [java] Pass 1: Analyzing classes (280 / 360) - 77% complete     0 0/2  280/360 org/springframework/web/context/ContextLoader
     [java] Pass 1: Analyzing classes (281 / 360) - 78% complete     0 0/2  281/360 org/springframework/security/core/userdetails/User
     [java] Pass 1: Analyzing classes (282 / 360) - 78% complete     0 0/2  282/360 yourwebproject2/service/impl/MailJobServiceImpl
     [java] Pass 1: Analyzing classes (283 / 360) - 78% complete     0 0/2  283/360 yourwebproject2/unusedspringsecurity/token/StatelessAuthenticationFilter
     [java] Pass 1: Analyzing classes (284 / 360) - 78% complete     0 0/2  284/360 org/springframework/beans/BeanUtils
     [java] Pass 1: Analyzing classes (285 / 360) - 79% complete     0 0/2  285/360 javax/crypto/spec/IvParameterSpec
     [java] Pass 1: Analyzing classes (286 / 360) - 79% complete     0 0/2  286/360 java/util/Collection
     [java] Pass 1: Analyzing classes (287 / 360) - 79% complete     0 0/2  287/360 com/fasterxml/jackson/annotation/JsonIgnore
     [java] Pass 1: Analyzing classes (288 / 360) - 80% complete     0 0/2  288/360 org/springframework/beans/BeanWrapper
     [java] Pass 1: Analyzing classes (289 / 360) - 80% complete     0 0/2  289/360 org/springframework/context/ApplicationContextAware
     [java] Pass 1: Analyzing classes (290 / 360) - 80% complete     0 0/2  290/360 java/util/Properties
     [java] Pass 1: Analyzing classes (291 / 360) - 80% complete     0 0/2  291/360 javax/servlet/GenericServlet
     [java] Pass 1: Analyzing classes (292 / 360) - 81% complete     0 0/2  292/360 javax/servlet/Servlet
     [java] Pass 1: Analyzing classes (293 / 360) - 81% complete     0 0/2  293/360 org/springframework/web/context/request/ServletWebRequest
     [java] Pass 1: Analyzing classes (294 / 360) - 81% complete     0 0/2  294/360 org/springframework/util/Assert
     [java] Pass 1: Analyzing classes (295 / 360) - 81% complete     0 0/2  295/360 org/springframework/core/annotation/Order
     [java] Pass 1: Analyzing classes (296 / 360) - 82% complete     0 0/2  296/360 yourwebproject2/model/entity/MailerJob$MailType
     [java] Pass 1: Analyzing classes (297 / 360) - 82% complete     0 0/2  297/360 java/io/UnsupportedEncodingException
     [java] Pass 1: Analyzing classes (298 / 360) - 82% complete     0 0/2  298/360 yourwebproject2/auth/AuthCredentialsMissingException
     [java] Pass 1: Analyzing classes (299 / 360) - 83% complete     0 0/2  299/360 org/hibernate/criterion/SimpleExpression
     [java] Pass 1: Analyzing classes (300 / 360) - 83% complete     0 0/2  300/360 java/util/Locale
     [java] Pass 1: Analyzing classes (301 / 360) - 83% complete     0 0/2  301/360 java/io/InvalidObjectException
     [java] Pass 1: Analyzing classes (302 / 360) - 83% complete     0 0/2  302/360 org/json/JSONObject
     [java] Pass 1: Analyzing classes (303 / 360) - 84% complete     0 0/2  303/360 org/springframework/beans/factory/DisposableBean
     [java] Pass 1: Analyzing classes (304 / 360) - 84% complete     0 0/2  304/360 org/springframework/context/event/SourceFilteringListener
     [java] Pass 1: Analyzing classes (305 / 360) - 84% complete     0 0/2  305/360 yourwebproject2/controller/ErrorController
     [java] Pass 1: Analyzing classes (306 / 360) - 85% complete     0 0/2  306/360 yourwebproject2/core/tool/CategoryTool
     [java] Pass 1: Analyzing classes (307 / 360) - 85% complete     0 0/2  307/360 org/springframework/web/servlet/LocaleResolver
     [java] Pass 1: Analyzing classes (308 / 360) - 85% complete     0 0/2  308/360 org/springframework/beans/factory/BeanInitializationException
     [java] Pass 1: Analyzing classes (309 / 360) - 85% complete     0 0/2  309/360 org/springframework/web/filter/OncePerRequestFilter
     [java] Pass 1: Analyzing classes (310 / 360) - 86% complete     0 0/2  310/360 yourwebproject2/model/repository/impl/CategoryRepositoryImpl
     [java] Pass 1: Analyzing classes (311 / 360) - 86% complete     0 0/2  311/360 javax/servlet/http/NoBodyResponse
     [java] Pass 1: Analyzing classes (312 / 360) - 86% complete     0 0/2  312/360 org/springframework/web/servlet/HandlerInterceptor
     [java] Pass 1: Analyzing classes (313 / 360) - 86% complete     0 0/2  313/360 java/lang/NumberFormatException
     [java] Pass 1: Analyzing classes (314 / 360) - 87% complete     0 0/2  314/360 java/lang/AssertionError
     [java] Pass 1: Analyzing classes (315 / 360) - 87% complete     0 0/2  315/360 java/util/Collections
     [java] Pass 1: Analyzing classes (316 / 360) - 87% complete     0 0/2  316/360 javax/persistence/Entity
     [java] Pass 1: Analyzing classes (317 / 360) - 88% complete     0 0/2  317/360 org/springframework/web/bind/annotation/RequestMapping
     [java] Pass 1: Analyzing classes (318 / 360) - 88% complete     0 0/2  318/360 org/springframework/security/web/AuthenticationEntryPoint
     [java] Pass 1: Analyzing classes (319 / 360) - 88% complete     0 0/2  319/360 java/lang/RuntimeException
     [java] Pass 1: Analyzing classes (320 / 360) - 88% complete     0 0/2  320/360 org/springframework/beans/factory/BeanNameAware
     [java] Pass 1: Analyzing classes (321 / 360) - 89% complete     0 0/2  321/360 org/hibernate/validator/constraints/NotBlank
     [java] Pass 1: Analyzing classes (322 / 360) - 89% complete     0 0/2  322/360 yourwebproject2/core/JobExecutionThread
     [java] Pass 1: Analyzing classes (323 / 360) - 89% complete     0 0/2  323/360 org/hibernate/Session
     [java] Pass 1: Analyzing classes (324 / 360) - 90% complete     0 0/2  324/360 java/lang/invoke/MethodHandles$Lookup
     [java] Pass 1: Analyzing classes (325 / 360) - 90% complete     0 0/2  325/360 java/util/HashMap
     [java] Pass 1: Analyzing classes (326 / 360) - 90% complete     0 0/2  326/360 javax/security/auth/Subject
     [java] Pass 1: Analyzing classes (327 / 360) - 90% complete     0 0/2  327/360 yourwebproject2/model/entity/Category
     [java] Pass 1: Analyzing classes (328 / 360) - 91% complete     0 0/2  328/360 org/slf4j/Logger
     [java] Pass 1: Analyzing classes (329 / 360) - 91% complete     0 0/2  329/360 org/springframework/web/servlet/HttpServletBean
     [java] Pass 1: Analyzing classes (330 / 360) - 91% complete     0 0/2  330/360 org/springframework/security/core/context/SecurityContext
     [java] Pass 1: Analyzing classes (331 / 360) - 91% complete     0 0/2  331/360 java/lang/Throwable$WrappedPrintWriter
     [java] Pass 1: Analyzing classes (332 / 360) - 92% complete     0 0/2  332/360 yourwebproject2/service/impl/JobServiceImpl
     [java] Pass 1: Analyzing classes (333 / 360) - 92% complete     0 0/2  333/360 javax/persistence/GenerationType
     [java] Pass 1: Analyzing classes (334 / 360) - 92% complete     0 0/2  334/360 javax/persistence/Index
     [java] Pass 1: Analyzing classes (335 / 360) - 93% complete     0 0/2  335/360 org/springframework/web/context/request/RequestContextHolder
     [java] Pass 1: Analyzing classes (336 / 360) - 93% complete     0 0/2  336/360 java/util/Set
     [java] Pass 1: Analyzing classes (337 / 360) - 93% complete     0 0/2  337/360 org/springframework/web/servlet/LocaleContextResolver
     [java] Pass 1: Analyzing classes (338 / 360) - 93% complete     0 0/2  338/360 org/springframework/security/core/context/SecurityContextHolder
     [java] Pass 1: Analyzing classes (339 / 360) - 94% complete     0 0/2  339/360 java/util/Comparator
     [java] Pass 1: Analyzing classes (340 / 360) - 94% complete     0 0/2  340/360 javax/persistence/TemporalType
     [java] Pass 1: Analyzing classes (341 / 360) - 94% complete     0 0/2  341/360 org/springframework/web/servlet/ModelAndViewDefiningException
     [java] Pass 1: Analyzing classes (342 / 360) - 95% complete     0 0/2  342/360 org/apache/commons/lang/exception/ExceptionUtils
     [java] Pass 1: Analyzing classes (343 / 360) - 95% complete     0 0/2  343/360 org/springframework/security/crypto/bcrypt/BCryptPasswordEncoder
     [java] Pass 1: Analyzing classes (344 / 360) - 95% complete     0 0/2  344/360 org/springframework/context/i18n/LocaleContext
     [java] Pass 1: Analyzing classes (345 / 360) - 95% complete     0 0/2  345/360 org/springframework/beans/factory/NoSuchBeanDefinitionException
     [java] Pass 1: Analyzing classes (346 / 360) - 96% complete     0 0/2  346/360 javax/persistence/Inheritance
     [java] Pass 1: Analyzing classes (347 / 360) - 96% complete     0 0/2  347/360 yourwebproject2/unusedspringsecurity/RESTAuthFilter
     [java] Pass 1: Analyzing classes (348 / 360) - 96% complete     0 0/2  348/360 org/springframework/web/context/support/StandardServletEnvironment
     [java] Pass 1: Analyzing classes (349 / 360) - 96% complete     0 0/2  349/360 yourwebproject2/unusedspringsecurity/UserDetailsService
     [java] Pass 1: Analyzing classes (350 / 360) - 97% complete     0 0/2  350/360 io/jsonwebtoken/JwtParser
     [java] Pass 1: Analyzing classes (351 / 360) - 97% complete     0 0/2  351/360 yourwebproject2/unusedspringsecurity/token/TokenUserService
     [java] Pass 1: Analyzing classes (352 / 360) - 97% complete     0 0/2  352/360 org/apache/commons/codec/binary/Base64
     [java] Pass 1: Analyzing classes (353 / 360) - 98% complete     0 0/2  353/360 org/springframework/beans/BeansException
     [java] Pass 1: Analyzing classes (354 / 360) - 98% complete     0 0/2  354/360 java/util/LinkedList
     [java] Pass 1: Analyzing classes (355 / 360) - 98% complete     0 0/2  355/360 javax/servlet/http/HttpServletRequest
     [java] Pass 1: Analyzing classes (356 / 360) - 98% complete     0 0/2  356/360 org/springframework/security/crypto/codec/Base64
     [java] Pass 1: Analyzing classes (357 / 360) - 99% complete     0 0/2  357/360 org/springframework/web/context/ConfigurableWebEnvironment
     [java] Pass 1: Analyzing classes (358 / 360) - 99% complete     0 0/2  358/360 org/springframework/web/servlet/handler/HandlerInterceptorAdapter
     [java] Pass 1: Analyzing classes (359 / 360) - 99% complete     0 0/2  359/360 javax/persistence/JoinColumn
     [java] Pass 1: Analyzing classes (360 / 360) - 100% complete     0 : Pass 1: 68 classes
     [java] XFactory cached methods: 5094/6721
     [java] Descriptor factory: 4595/5094/17207
     [java] Pass 2: Analyzing classes (0 / 68) - 00% complete     0 1/2  0/68 yourwebproject2/model/repository/UserRepository
     [java] Pass 2: Analyzing classes (1 / 68) - 01% complete     0 1/2  1/68 yourwebproject2/unusedspringsecurity/CSRFHeaderFilter
     [java] Pass 2: Analyzing classes (2 / 68) - 02% complete      28 usecs/byte      57 msec    2028 bytes  1 pass yourwebproject2/unusedspringsecurity/CSRFHeaderFilter     0 1/2  2/68 yourwebproject2/model/entity/Job$Status
     [java] Pass 2: Analyzing classes (3 / 68) - 04% complete     0 1/2  3/68 yourwebproject2/model/repository/CategoryRepository
     [java] Pass 2: Analyzing classes (4 / 68) - 05% complete     0 1/2  4/68 yourwebproject2/unusedspringsecurity/UserDetailsServiceImpl$1
     [java] Pass 2: Analyzing classes (5 / 68) - 07% complete     0 1/2  5/68 yourwebproject2/service/CategoryService
     [java] Pass 2: Analyzing classes (6 / 68) - 08% complete     0 1/2  6/68 yourwebproject2/core/tool/AdminUserTool
     [java] Pass 2: Analyzing classes (7 / 68) - 10% complete     0 1/2  7/68 yourwebproject2/model/dto/JobDTO
     [java] Pass 2: Analyzing classes (8 / 68) - 11% complete     0 1/2  8/68 yourwebproject2/service/impl/MailJobServiceImpl
     [java] Pass 2: Analyzing classes (9 / 68) - 13% complete     0 1/2  9/68 yourwebproject2/framework/data/BaseService
     [java] Pass 2: Analyzing classes (10 / 68) - 14% complete     0 1/2  10/68 yourwebproject2/model/entity/User
     [java] Pass 2: Analyzing classes (11 / 68) - 16% complete     1 1/2  11/68 yourwebproject2/model/entity/User$Role
     [java] Pass 2: Analyzing classes (12 / 68) - 17% complete     1 1/2  12/68 yourwebproject2/core/MailSendingTask
     [java] Pass 2: Analyzing classes (13 / 68) - 19% complete     1 1/2  13/68 yourwebproject2/model/entity/MailerJob$MailType
     [java] Pass 2: Analyzing classes (14 / 68) - 20% complete     1 1/2  14/68 yourwebproject2/framework/exception/EmailNotFoundException
     [java] Pass 2: Analyzing classes (15 / 68) - 22% complete     1 1/2  15/68 yourwebproject2/auth/AuthCredentialsMissingException
     [java] Pass 2: Analyzing classes (16 / 68) - 23% complete     1 1/2  16/68 yourwebproject2/model/dto/UserDTO
     [java] Pass 2: Analyzing classes (17 / 68) - 25% complete     1 1/2  17/68 yourwebproject2/auth/AuthenticationFailedException
     [java] Pass 2: Analyzing classes (18 / 68) - 26% complete     1 1/2  18/68 yourwebproject2/model/repository/impl/JobRepositoryImpl
     [java] Pass 2: Analyzing classes (19 / 68) - 27% complete     1 1/2  19/68 yourwebproject2/model/entity/Job
     [java] Pass 2: Analyzing classes (20 / 68) - 29% complete     1 1/2  20/68 yourwebproject2/model/repository/impl/CategoryRepositoryImpl
     [java] Pass 2: Analyzing classes (21 / 68) - 30% complete     1 1/2  21/68 yourwebproject2/model/repository/JobRepository
     [java] Pass 2: Analyzing classes (22 / 68) - 32% complete     1 1/2  22/68 yourwebproject2/framework/api/APIResponse$ExceptionAPIResponse
     [java] Pass 2: Analyzing classes (23 / 68) - 33% complete     1 1/2  23/68 yourwebproject2/framework/data/BaseHibernateJPARepository
     [java] Pass 2: Analyzing classes (24 / 68) - 35% complete     1 1/2  24/68 yourwebproject2/unusedspringsecurity/UserRole
     [java] Pass 2: Analyzing classes (25 / 68) - 36% complete     1 1/2  25/68 yourwebproject2/framework/data/BaseJPAServiceImpl
     [java] Pass 2: Analyzing classes (26 / 68) - 38% complete     1 1/2  26/68 yourwebproject2/framework/data/Entity
     [java] Pass 2: Analyzing classes (27 / 68) - 39% complete     1 1/2  27/68 yourwebproject2/service/MailJobService
     [java] Pass 2: Analyzing classes (28 / 68) - 41% complete     1 1/2  28/68 yourwebproject2/framework/data/BaseJPARepository
     [java] Pass 2: Analyzing classes (29 / 68) - 42% complete     1 1/2  29/68 yourwebproject2/core/JobExecutionThread
     [java] Pass 2: Analyzing classes (30 / 68) - 44% complete     1 1/2  30/68 yourwebproject2/model/entity/MailerJob
     [java] Pass 2: Analyzing classes (31 / 68) - 45% complete     1 1/2  31/68 yourwebproject2/framework/servlet/BaseDispatcherServlet
     [java] Pass 2: Analyzing classes (32 / 68) - 47% complete     1 1/2  32/68 yourwebproject2/model/entity/Category
     [java] Pass 2: Analyzing classes (33 / 68) - 48% complete     1 1/2  33/68 yourwebproject2/service/impl/JobServiceImpl
     [java] Pass 2: Analyzing classes (34 / 68) - 50% complete     1 1/2  34/68 yourwebproject2/auth/JWTTokenAuthFilter
     [java] Pass 2: Analyzing classes (35 / 68) - 51% complete     1 1/2  35/68 yourwebproject2/service/impl/UserServiceImpl
     [java] Pass 2: Analyzing classes (36 / 68) - 52% complete     1 1/2  36/68 yourwebproject2/model/repository/impl/UserRepositoryImpl
     [java] Pass 2: Analyzing classes (37 / 68) - 54% complete     1 1/2  37/68 yourwebproject2/framework/controller/BaseController
     [java] Pass 2: Analyzing classes (38 / 68) - 55% complete     1 1/2  38/68 yourwebproject2/unusedspringsecurity/RESTAuthenticationEntryPoint
     [java] Pass 2: Analyzing classes (39 / 68) - 57% complete     1 1/2  39/68 yourwebproject2/servlet/YourWebAppDispatcherServlet
     [java] Pass 2: Analyzing classes (40 / 68) - 58% complete     1 1/2  40/68 yourwebproject2/auth/CORSFilter
     [java] Pass 2: Analyzing classes (41 / 68) - 60% complete     1 1/2  41/68 yourwebproject2/model/dto/CategoryDTO
     [java] Pass 2: Analyzing classes (42 / 68) - 61% complete     1 1/2  42/68 yourwebproject2/unusedspringsecurity/RESTAuthFilter
     [java] Pass 2: Analyzing classes (43 / 68) - 63% complete     1 1/2  43/68 yourwebproject2/model/entity/helper/CategoryPriorityComparator
     [java] Pass 2: Analyzing classes (44 / 68) - 64% complete     1 1/2  44/68 yourwebproject2/unusedspringsecurity/UserDetailsService
     [java] Pass 2: Analyzing classes (45 / 68) - 66% complete     1 1/2  45/68 yourwebproject2/service/UserService
     [java] Pass 2: Analyzing classes (46 / 68) - 67% complete     1 1/2  46/68 yourwebproject2/framework/data/JPAEntity
     [java] Pass 2: Analyzing classes (47 / 68) - 69% complete     1 1/2  47/68 yourwebproject2/unusedspringsecurity/token/TokenUserService
     [java] Pass 2: Analyzing classes (48 / 68) - 70% complete     1 1/2  48/68 yourwebproject2/service/JobService
     [java] Pass 2: Analyzing classes (49 / 68) - 72% complete     1 1/2  49/68 yourwebproject2/framework/exception/NotFoundException
     [java] Pass 2: Analyzing classes (50 / 68) - 73% complete     1 1/2  50/68 yourwebproject2/interceptor/WebAppMetricsInterceptor
     [java] Pass 2: Analyzing classes (51 / 68) - 75% complete     1 1/2  51/68 yourwebproject2/core/YourWebProjectJobCoreDaemon
     [java] Pass 2: Analyzing classes (52 / 68) - 76% complete     1 1/2  52/68 yourwebproject2/unusedspringsecurity/token/TokenUserAuthentication
     [java] Pass 2: Analyzing classes (53 / 68) - 77% complete     1 1/2  53/68 yourwebproject2/core/AbstractJobSchedulingWorker
     [java] Pass 2: Analyzing classes (54 / 68) - 79% complete     1 1/2  54/68 yourwebproject2/framework/api/APIResponse
     [java] Pass 2: Analyzing classes (55 / 68) - 80% complete     1 1/2  55/68 yourwebproject2/unusedspringsecurity/token/TokenHandler
     [java] Pass 2: Analyzing classes (56 / 68) - 82% complete     1 1/2  56/68 yourwebproject2/unusedspringsecurity/token/TokenAuthenticationService
     [java] Pass 2: Analyzing classes (57 / 68) - 83% complete     1 1/2  57/68 yourwebproject2/controller/UserController
     [java] Pass 2: Analyzing classes (58 / 68) - 85% complete     1 1/2  58/68 yourwebproject2/controller/JobController
     [java] Pass 2: Analyzing classes (59 / 68) - 86% complete     1 1/2  59/68 yourwebproject2/core/RetryJobSchedulingWorker
     [java] Pass 2: Analyzing classes (60 / 68) - 88% complete     1 1/2  60/68 yourwebproject2/service/impl/CategoryServiceImpl
     [java] Pass 2: Analyzing classes (61 / 68) - 89% complete     1 1/2  61/68 yourwebproject2/controller/CategoryController
     [java] Pass 2: Analyzing classes (62 / 68) - 91% complete     1 1/2  62/68 yourwebproject2/core/tool/CategoryTool
     [java] Pass 2: Analyzing classes (63 / 68) - 92% complete     1 1/2  63/68 yourwebproject2/controller/ErrorController
     [java] Pass 2: Analyzing classes (64 / 68) - 94% complete     1 1/2  64/68 yourwebproject2/core/NewJobSchedulingWorker
     [java] Pass 2: Analyzing classes (65 / 68) - 95% complete     1 1/2  65/68 yourwebproject2/interceptor/WebAppExceptionAdvice
     [java] Pass 2: Analyzing classes (66 / 68) - 97% complete     1 1/2  66/68 yourwebproject2/unusedspringsecurity/UserDetailsServiceImpl
     [java] Pass 2: Analyzing classes (67 / 68) - 98% complete     1 1/2  67/68 yourwebproject2/unusedspringsecurity/token/StatelessAuthenticationFilter
     [java] Pass 2: Analyzing classes (68 / 68) - 100% completeDone with analysis
     [java] Analysis completed
[INFO] Done SpotBugs Analysis....
[INFO] 
[INFO] <<< spotbugs-maven-plugin:4.2.3-SNAPSHOT:check (default-cli) < :spotbugs @ spring-angularjs-java-webapp-template-project <<<
[INFO] 
[INFO] 
[INFO] --- spotbugs-maven-plugin:4.2.3-SNAPSHOT:check (default-cli) @ spring-angularjs-java-webapp-template-project ---
[INFO] BugInstance size is 2
[INFO] Error size is 0
[INFO] Total bugs: 2
[ERROR] Low: Comparison of String objects using == or != in yourwebproject2.auth.CORSFilter.doFilter(ServletRequest, ServletResponse, FilterChain) [yourwebproject2.auth.CORSFilter] At CORSFilter.java:[line 28] ES_COMPARING_STRINGS_WITH_EQ
[ERROR] Medium: The class name yourwebproject2.unusedspringsecurity.UserDetailsService shadows the simple name of implemented interface org.springframework.security.core.userdetails.UserDetailsService [yourwebproject2.unusedspringsecurity.UserDetailsService] In UserDetailsService.java NM_SAME_SIMPLE_NAME_AS_INTERFACE
[INFO] 


To see bug detail using the Spotbugs GUI, use the following command "mvn spotbugs:gui"



[INFO] ------------------------------------------------------------------------
[INFO] BUILD FAILURE
[INFO] ------------------------------------------------------------------------
[INFO] Total time:  4.244 s
[INFO] Finished at: 2022-01-16T12:10:39+08:00
[INFO] ------------------------------------------------------------------------
[ERROR] Failed to execute goal com.github.spotbugs:spotbugs-maven-plugin:4.2.3-SNAPSHOT:check (default-cli) on project spring-angularjs-java-webapp-template-project: failed with 2 bugs and 0 errors -> [Help 1]
[ERROR] 
[ERROR] To see the full stack trace of the errors, re-run Maven with the -e switch.
[ERROR] Re-run Maven using the -X switch to enable full debug logging.
[ERROR] 
[ERROR] For more information about the errors and possible solutions, please read the following articles:
[ERROR] [Help 1] http://cwiki.apache.org/confluence/display/MAVEN/MojoExecutionException
[INFO] Build failures were ignored.
