WARNING: An illegal reflective access operation has occurred
WARNING: Illegal reflective access by com.google.inject.internal.cglib.core.$ReflectUtils$1 (file:/usr/share/maven/lib/guice.jar) to method java.lang.ClassLoader.defineClass(java.lang.String,byte[],int,int,java.security.ProtectionDomain)
WARNING: Please consider reporting this to the maintainers of com.google.inject.internal.cglib.core.$ReflectUtils$1
WARNING: Use --illegal-access=warn to enable warnings of further illegal reflective access operations
WARNING: All illegal access operations will be denied in a future release
[INFO] Scanning for projects...
[INFO] 
[INFO] ---------< com.jeroenreijn:spring-comparing-template-engines >----------
[INFO] Building template-engines 0.7.0-SNAPSHOT
[INFO] --------------------------------[ war ]---------------------------------
[INFO] 
[INFO] >>> spotbugs-maven-plugin:4.2.3-SNAPSHOT:check (default-cli) > :spotbugs @ spring-comparing-template-engines >>>
[INFO] Downloading from central: https://repo.maven.apache.org/maven2/com/x5dev/chunk-templates/maven-metadata.xml
[INFO] Downloading from sonatype-nexus-snapshots: https://oss.sonatype.org/content/repositories/snapshots/com/x5dev/chunk-templates/maven-metadata.xml
[INFO] Downloaded from central: https://repo.maven.apache.org/maven2/com/x5dev/chunk-templates/maven-metadata.xml (1.3 kB at 992 B/s)
[INFO] Downloading from central: https://repo.maven.apache.org/maven2/org/scala-lang/scala-library/2.11.12/scala-library-2.11.12.pom
[INFO] Downloaded from central: https://repo.maven.apache.org/maven2/org/scala-lang/scala-library/2.11.12/scala-library-2.11.12.pom (0 B at 0 B/s)
[INFO] Downloading from central: https://repo.maven.apache.org/maven2/org/scala-lang/scala-library/2.11.12/scala-library-2.11.12.jar
[INFO] Downloaded from central: https://repo.maven.apache.org/maven2/org/scala-lang/scala-library/2.11.12/scala-library-2.11.12.jar (0 B at 0 B/s)
[INFO] 
[INFO] --- spotbugs-maven-plugin:4.2.3-SNAPSHOT:spotbugs (spotbugs) @ spring-comparing-template-engines ---
[INFO] Fork Value is true
     [java] Loading edu.umd.cs.findbugs.plugins.core
     [java] Registering detector: edu.umd.cs.findbugs.detect.OverridingMethodsMustInvokeSuperDetector
     [java] Registering detector: edu.umd.cs.findbugs.detect.FindRoughConstants
     [java] Registering detector: edu.umd.cs.findbugs.detect.FunctionsThatMightBeMistakenForProcedures
     [java] Registering detector: edu.umd.cs.findbugs.detect.NoteSuppressedWarnings
     [java] Registering detector: edu.umd.cs.findbugs.detect.NoteAnnotationRetention
     [java] Registering detector: edu.umd.cs.findbugs.detect.NoteDirectlyRelevantTypeQualifiers
     [java] Registering detector: edu.umd.cs.findbugs.detect.BuildInterproceduralCallGraph
     [java] Registering detector: edu.umd.cs.findbugs.detect.BuildObligationPolicyDatabase
     [java] Registering detector: edu.umd.cs.findbugs.detect.SynchronizeAndNullCheckField
     [java] Registering detector: edu.umd.cs.findbugs.detect.InitializeNonnullFieldsInConstructor
     [java] Registering detector: edu.umd.cs.findbugs.detect.BooleanReturnNull
     [java] Registering detector: edu.umd.cs.findbugs.detect.OptionalReturnNull
     [java] Registering detector: edu.umd.cs.findbugs.detect.NoteJCIPAnnotation
     [java] Registering detector: edu.umd.cs.findbugs.detect.Methods
     [java] Registering detector: edu.umd.cs.findbugs.detect.ReflectiveClasses
     [java] Registering detector: edu.umd.cs.findbugs.detect.CalledMethods
     [java] Registering detector: edu.umd.cs.findbugs.detect.FindNoSideEffectMethods
     [java] Registering detector: edu.umd.cs.findbugs.detect.BuildStringPassthruGraph
     [java] Registering detector: edu.umd.cs.findbugs.detect.ConfusionBetweenInheritedAndOuterMethod
     [java] Registering detector: edu.umd.cs.findbugs.detect.SynchronizationOnSharedBuiltinConstant
     [java] Registering detector: edu.umd.cs.findbugs.detect.NoteCheckReturnValueAnnotations
     [java] Registering detector: edu.umd.cs.findbugs.detect.FieldItemSummary
     [java] Registering detector: edu.umd.cs.findbugs.detect.NoteNonNullAnnotations
     [java] Registering detector: edu.umd.cs.findbugs.detect.NoteUnconditionalParamDerefs
     [java] Registering detector: edu.umd.cs.findbugs.detect.NoteNonnullReturnValues
     [java] Registering detector: edu.umd.cs.findbugs.detect.SynchronizeOnClassLiteralNotGetClass
     [java] Registering detector: edu.umd.cs.findbugs.detect.InfiniteRecursiveLoop
     [java] Registering detector: edu.umd.cs.findbugs.detect.InfiniteLoop
     [java] Registering detector: edu.umd.cs.findbugs.detect.VolatileUsage
     [java] Registering detector: edu.umd.cs.findbugs.detect.InheritanceUnsafeGetResource
     [java] Registering detector: edu.umd.cs.findbugs.detect.EmptyZipFileEntry
     [java] Registering detector: edu.umd.cs.findbugs.detect.DoInsideDoPrivileged
     [java] Registering detector: edu.umd.cs.findbugs.detect.HugeSharedStringConstants
     [java] Registering detector: edu.umd.cs.findbugs.detect.FinalizerNullsFields
     [java] Registering detector: edu.umd.cs.findbugs.detect.MutableEnum
     [java] Registering detector: edu.umd.cs.findbugs.detect.InconsistentAnnotations
     [java] Registering detector: edu.umd.cs.findbugs.detect.RepeatedConditionals
     [java] Registering detector: edu.umd.cs.findbugs.detect.RedundantConditions
     [java] Registering detector: edu.umd.cs.findbugs.detect.CallToUnsupportedMethod
     [java] Registering detector: edu.umd.cs.findbugs.detect.FormatStringChecker
     [java] Registering detector: edu.umd.cs.findbugs.detect.LostLoggerDueToWeakReference
     [java] Registering detector: edu.umd.cs.findbugs.detect.TestingGround
     [java] Registering detector: edu.umd.cs.findbugs.detect.TestingGround2
     [java] Registering detector: edu.umd.cs.findbugs.detect.NoiseNullDeref
     [java] Registering detector: edu.umd.cs.findbugs.detect.Noise
     [java] Registering detector: edu.umd.cs.findbugs.detect.EqualsOperandShouldHaveClassCompatibleWithThis
     [java] Registering detector: edu.umd.cs.findbugs.detect.ResolveAllReferences
     [java] Registering detector: edu.umd.cs.findbugs.detect.CheckImmutableAnnotation
     [java] Registering detector: edu.umd.cs.findbugs.detect.DontCatchIllegalMonitorStateException
     [java] Registering detector: edu.umd.cs.findbugs.detect.FindFloatMath
     [java] Registering detector: edu.umd.cs.findbugs.detect.CloneIdiom
     [java] Registering detector: edu.umd.cs.findbugs.detect.ComparatorIdiom
     [java] Registering detector: edu.umd.cs.findbugs.detect.FindFieldSelfAssignment
     [java] Registering detector: edu.umd.cs.findbugs.detect.FindSelfComparison
     [java] Registering detector: edu.umd.cs.findbugs.detect.FindSelfComparison2
     [java] Registering detector: edu.umd.cs.findbugs.detect.DroppedException
     [java] Registering detector: edu.umd.cs.findbugs.detect.LoadOfKnownNullValue
     [java] Registering detector: edu.umd.cs.findbugs.detect.DumbMethodInvocations
     [java] Registering detector: edu.umd.cs.findbugs.detect.URLProblems
     [java] Registering detector: edu.umd.cs.findbugs.detect.CovariantArrayAssignment
     [java] Registering detector: edu.umd.cs.findbugs.detect.DumbMethods
     [java] Registering detector: edu.umd.cs.findbugs.detect.NumberConstructor
     [java] Registering detector: edu.umd.cs.findbugs.detect.FindSqlInjection
     [java] Registering detector: edu.umd.cs.findbugs.detect.FindDoubleCheck
     [java] Registering detector: edu.umd.cs.findbugs.detect.FindFinalizeInvocations
     [java] Registering detector: edu.umd.cs.findbugs.detect.FindHEmismatch
     [java] Registering detector: edu.umd.cs.findbugs.detect.OverridingEqualsNotSymmetrical
     [java] Registering detector: edu.umd.cs.findbugs.detect.FindNakedNotify
     [java] Registering detector: edu.umd.cs.findbugs.detect.FindReturnRef
     [java] Registering detector: edu.umd.cs.findbugs.detect.FindRunInvocations
     [java] Registering detector: edu.umd.cs.findbugs.detect.SwitchFallthrough
     [java] Registering detector: edu.umd.cs.findbugs.detect.FindSpinLoop
     [java] Registering detector: edu.umd.cs.findbugs.detect.FindNonShortCircuit
     [java] Registering detector: edu.umd.cs.findbugs.detect.FindTwoLockWait
     [java] Registering detector: edu.umd.cs.findbugs.detect.FindUnconditionalWait
     [java] Registering detector: edu.umd.cs.findbugs.detect.FindUninitializedGet
     [java] Registering detector: edu.umd.cs.findbugs.detect.DontUseEnum
     [java] Registering detector: edu.umd.cs.findbugs.detect.FindUnsyncGet
     [java] Registering detector: edu.umd.cs.findbugs.detect.InitializationChain
     [java] Registering detector: edu.umd.cs.findbugs.detect.IteratorIdioms
     [java] Registering detector: edu.umd.cs.findbugs.detect.PreferZeroLengthArrays
     [java] Registering detector: edu.umd.cs.findbugs.detect.SynchronizingOnContentsOfFieldToProtectField
     [java] Registering detector: edu.umd.cs.findbugs.detect.MutableLock
     [java] Registering detector: edu.umd.cs.findbugs.detect.FindUselessObjects
     [java] Registering detector: edu.umd.cs.findbugs.detect.MutableStaticFields
     [java] Registering detector: edu.umd.cs.findbugs.detect.Naming
     [java] Registering detector: edu.umd.cs.findbugs.detect.ReadReturnShouldBeChecked
     [java] Registering detector: edu.umd.cs.findbugs.detect.SerializableIdiom
     [java] Registering detector: edu.umd.cs.findbugs.detect.StartInConstructor
     [java] Registering detector: edu.umd.cs.findbugs.detect.FindBadForLoop
     [java] Registering detector: edu.umd.cs.findbugs.detect.ExplicitSerialization
     [java] Registering detector: edu.umd.cs.findbugs.detect.UnreadFields
     [java] Registering detector: edu.umd.cs.findbugs.detect.WaitInLoop
     [java] Registering detector: edu.umd.cs.findbugs.detect.FindComparatorProblems
     [java] Registering detector: edu.umd.cs.findbugs.detect.FindNullDeref
     [java] Registering detector: edu.umd.cs.findbugs.detect.FindNullDerefsInvolvingNonShortCircuitEvaluation
     [java] Registering detector: edu.umd.cs.findbugs.detect.FindOpenStream
     [java] Registering detector: edu.umd.cs.findbugs.detect.FindUselessControlFlow
     [java] Registering detector: edu.umd.cs.findbugs.detect.FindUnreleasedLock
     [java] Registering detector: edu.umd.cs.findbugs.detect.FindRefComparison
     [java] Registering detector: edu.umd.cs.findbugs.detect.FindMismatchedWaitOrNotify
     [java] Registering detector: edu.umd.cs.findbugs.detect.FindEmptySynchronizedBlock
     [java] Registering detector: edu.umd.cs.findbugs.detect.FindInconsistentSync2
     [java] Registering detector: edu.umd.cs.findbugs.detect.FindLocalSelfAssignment2
     [java] Registering detector: edu.umd.cs.findbugs.detect.IncompatMask
     [java] Registering detector: edu.umd.cs.findbugs.detect.LazyInit
     [java] Registering detector: edu.umd.cs.findbugs.detect.FindJSR166LockMonitorenter
     [java] Registering detector: edu.umd.cs.findbugs.detect.FindUncalledPrivateMethods
     [java] Registering detector: edu.umd.cs.findbugs.detect.UncallableMethodOfAnonymousClass
     [java] Registering detector: edu.umd.cs.findbugs.detect.StringConcatenation
     [java] Registering detector: edu.umd.cs.findbugs.detect.InefficientInitializationInsideLoop
     [java] Registering detector: edu.umd.cs.findbugs.detect.InefficientIndexOf
     [java] Registering detector: edu.umd.cs.findbugs.detect.InefficientToArray
     [java] Registering detector: edu.umd.cs.findbugs.detect.InvalidJUnitTest
     [java] Registering detector: edu.umd.cs.findbugs.detect.BadlyOverriddenAdapter
     [java] Registering detector: edu.umd.cs.findbugs.detect.BadResultSetAccess
     [java] Registering detector: edu.umd.cs.findbugs.detect.SuperfluousInstanceOf
     [java] Registering detector: edu.umd.cs.findbugs.detect.BadAppletConstructor
     [java] Registering detector: edu.umd.cs.findbugs.detect.SuspiciousThreadInterrupted
     [java] Registering detector: edu.umd.cs.findbugs.detect.FindDeadLocalStores
     [java] Registering detector: edu.umd.cs.findbugs.detect.FindMaskedFields
     [java] Registering detector: edu.umd.cs.findbugs.detect.WrongMapIterator
     [java] Registering detector: edu.umd.cs.findbugs.detect.InstantiateStaticClass
     [java] Registering detector: edu.umd.cs.findbugs.detect.RuntimeExceptionCapture
     [java] Registering detector: edu.umd.cs.findbugs.detect.FindFloatEquality
     [java] Registering detector: edu.umd.cs.findbugs.detect.FindUnsatisfiedObligation
     [java] Registering detector: edu.umd.cs.findbugs.detect.UnnecessaryMath
     [java] Registering detector: edu.umd.cs.findbugs.detect.FindCircularDependencies
     [java] Registering detector: edu.umd.cs.findbugs.detect.RedundantInterfaces
     [java] Registering detector: edu.umd.cs.findbugs.detect.MultithreadedInstanceAccess
     [java] Registering detector: edu.umd.cs.findbugs.detect.PublicSemaphores
     [java] Registering detector: edu.umd.cs.findbugs.detect.BadUseOfReturnValue
     [java] Registering detector: edu.umd.cs.findbugs.detect.MethodReturnCheck
     [java] Registering detector: edu.umd.cs.findbugs.detect.IDivResultCastToDouble
     [java] Registering detector: edu.umd.cs.findbugs.detect.FindBadCast2
     [java] Registering detector: edu.umd.cs.findbugs.detect.FindUseOfNonSerializableValue
     [java] Registering detector: edu.umd.cs.findbugs.detect.FindNonSerializableStoreIntoSession
     [java] Registering detector: edu.umd.cs.findbugs.detect.FindNonSerializableValuePassedToWriteObject
     [java] Registering detector: edu.umd.cs.findbugs.detect.BadSyntaxForRegularExpression
     [java] Registering detector: edu.umd.cs.findbugs.detect.VarArgsProblems
     [java] Registering detector: edu.umd.cs.findbugs.detect.FindPuzzlers
     [java] Registering detector: edu.umd.cs.findbugs.detect.IntCast2LongAsInstant
     [java] Registering detector: edu.umd.cs.findbugs.detect.FindSleepWithLockHeld
     [java] Registering detector: edu.umd.cs.findbugs.detect.InefficientMemberAccess
     [java] Registering detector: edu.umd.cs.findbugs.detect.DuplicateBranches
     [java] Registering detector: edu.umd.cs.findbugs.detect.XMLFactoryBypass
     [java] Registering detector: edu.umd.cs.findbugs.detect.UselessSubclassMethod
     [java] Registering detector: edu.umd.cs.findbugs.detect.ConfusedInheritance
     [java] Registering detector: edu.umd.cs.findbugs.detect.QuestionableBooleanAssignment
     [java] Registering detector: edu.umd.cs.findbugs.detect.TrainUnconditionalDerefParams
     [java] Registering detector: edu.umd.cs.findbugs.detect.TrainLongInstantfParams
     [java] Registering detector: edu.umd.cs.findbugs.detect.TrainFieldStoreTypes
     [java] Registering detector: edu.umd.cs.findbugs.detect.TrainNonNullAnnotations
     [java] Registering detector: edu.umd.cs.findbugs.detect.CheckCalls
     [java] Registering detector: edu.umd.cs.findbugs.detect.FindBugsSummaryStats
     [java] Registering detector: edu.umd.cs.findbugs.detect.AppendingToAnObjectOutputStream
     [java] Registering detector: edu.umd.cs.findbugs.detect.TestASM
     [java] Registering detector: edu.umd.cs.findbugs.detect.FindUnrelatedTypesInGenericContainer
     [java] Registering detector: edu.umd.cs.findbugs.detect.StaticCalendarDetector
     [java] Registering detector: edu.umd.cs.findbugs.detect.TestDataflowAnalysis
     [java] Registering detector: edu.umd.cs.findbugs.detect.CheckTypeQualifiers
     [java] Registering detector: edu.umd.cs.findbugs.detect.CrossSiteScripting
     [java] Registering detector: edu.umd.cs.findbugs.detect.DontIgnoreResultOfPutIfAbsent
     [java] Registering detector: edu.umd.cs.findbugs.detect.ReadOfInstanceFieldInMethodInvokedByConstructorInSuperclass
     [java] Registering detector: edu.umd.cs.findbugs.detect.AtomicityProblem
     [java] Registering detector: edu.umd.cs.findbugs.detect.CheckExpectedWarnings
     [java] Registering detector: edu.umd.cs.findbugs.detect.DefaultEncodingDetector
     [java] Registering detector: edu.umd.cs.findbugs.detect.CheckRelaxingNullnessAnnotation
     [java] Registering detector: edu.umd.cs.findbugs.detect.DontAssertInstanceofInTests
     [java] Scanning archives (0 / 167)Scanning archives (1 / 167)Scanning archives (2 / 167)Scanning archives (3 / 167)Scanning archives (4 / 167)Scanning archives (5 / 167)Scanning archives (6 / 167)Scanning archives (7 / 167)Scanning archives (8 / 167)Scanning archives (9 / 167)Scanning archives (10 / 167)Scanning archives (11 / 167)Scanning archives (12 / 167)Scanning archives (13 / 167)Scanning archives (14 / 167)Scanning archives (15 / 167)Scanning archives (16 / 167)Scanning archives (17 / 167)Scanning archives (18 / 167)Scanning archives (19 / 167)Scanning archives (20 / 167)Scanning archives (21 / 167)Scanning archives (22 / 167)Scanning archives (23 / 167)Scanning archives (24 / 167)Scanning archives (25 / 167)Scanning archives (26 / 167)Scanning archives (27 / 167)Scanning archives (28 / 167)Scanning archives (29 / 167)Scanning archives (30 / 167)Scanning archives (31 / 167)Scanning archives (32 / 167)Scanning archives (33 / 167)Scanning archives (34 / 167)Scanning archives (35 / 167)Scanning archives (36 / 167)Scanning archives (37 / 167)Scanning archives (38 / 167)Scanning archives (39 / 167)Scanning archives (40 / 167)Scanning archives (41 / 167)Scanning archives (42 / 167)Scanning archives (43 / 167)Scanning archives (44 / 167)Scanning archives (45 / 167)Scanning archives (46 / 167)Scanning archives (47 / 167)Scanning archives (48 / 167)Scanning archives (49 / 167)Scanning archives (50 / 167)Scanning archives (51 / 167)Scanning archives (52 / 167)Scanning archives (53 / 167)Scanning archives (54 / 167)Scanning archives (55 / 167)Scanning archives (56 / 167)Scanning archives (57 / 167)Scanning archives (58 / 167)Scanning archives (59 / 167)Scanning archives (60 / 167)Scanning archives (61 / 167)Scanning archives (62 / 167)Scanning archives (63 / 167)Scanning archives (64 / 167)Scanning archives (65 / 167)Scanning archives (66 / 167)Scanning archives (67 / 167)Scanning archives (68 / 167)Scanning archives (69 / 167)Scanning archives (70 / 167)Scanning archives (71 / 167)Scanning archives (72 / 167)Scanning archives (73 / 167)Scanning archives (74 / 167)Scanning archives (75 / 167)Scanning archives (76 / 167)Scanning archives (77 / 167)Scanning archives (78 / 167)Scanning archives (79 / 167)Scanning archives (80 / 167)Scanning archives (81 / 167)Scanning archives (82 / 167)Scanning archives (83 / 167)Scanning archives (84 / 167)Scanning archives (85 / 167)Scanning archives (86 / 167)Scanning archives (87 / 167)Scanning archives (88 / 167)Scanning archives (89 / 167)Scanning archives (90 / 167)Scanning archives (91 / 167)Scanning archives (92 / 167)Scanning archives (93 / 167)Scanning archives (94 / 167)Scanning archives (95 / 167)Scanning archives (96 / 167)Scanning archives (97 / 167)Scanning archives (98 / 167)Scanning archives (99 / 167)Scanning archives (100 / 167)Scanning archives (101 / 167)Scanning archives (102 / 167)Scanning archives (103 / 167)Scanning archives (104 / 167)Scanning archives (105 / 167)Scanning archives (106 / 167)Scanning archives (107 / 167)Scanning archives (108 / 167)Scanning archives (109 / 167)Scanning archives (110 / 167)Scanning archives (111 / 167)Scanning archives (112 / 167)Scanning archives (113 / 167)Scanning archives (114 / 167)Scanning archives (115 / 167)Scanning archives (116 / 167)Scanning archives (117 / 167)Scanning archives (118 / 167)Scanning archives (119 / 167)Scanning archives (120 / 167)Scanning archives (121 / 167)Scanning archives (122 / 167)Scanning archives (123 / 167)Scanning archives (124 / 167)Scanning archives (125 / 167)Scanning archives (126 / 167)Scanning archives (127 / 167)Scanning archives (128 / 167)Scanning archives (129 / 167)Scanning archives (130 / 167)Scanning archives (131 / 167)Scanning archives (132 / 167)Scanning archives (133 / 167)Scanning archives (134 / 167)Scanning archives (135 / 167)Scanning archives (136 / 167)Scanning archives (137 / 167)Scanning archives (138 / 167)Scanning archives (139 / 167)Scanning archives (140 / 167)Scanning archives (141 / 167)Scanning archives (142 / 167)Scanning archives (143 / 167)Scanning archives (144 / 167)Scanning archives (145 / 167)Scanning archives (146 / 167)Scanning archives (147 / 167)Scanning archives (148 / 167)Scanning archives (149 / 167)Scanning archives (150 / 167)Scanning archives (151 / 167)Scanning archives (152 / 167)Scanning archives (153 / 167)Scanning archives (154 / 167)Scanning archives (155 / 167)Scanning archives (156 / 167)Scanning archives (157 / 167)Scanning archives (158 / 167)Scanning archives (159 / 167)Scanning archives (160 / 167)Scanning archives (161 / 167)Scanning archives (162 / 167)Scanning archives (163 / 167)Scanning archives (164 / 167)Scanning archives (165 / 167)Scanning archives (166 / 167)Scanning archives (167 / 167)28 classes scannedAdding referenced classes
     [java] Added 20 referenced classes
     [java] Total of 90 packages
     [java]   com/fizzed/rocker/runtime/Java8Iterator$ConsumeCollection
     [java]   java/lang/StringBuilder
     [java]   org/springframework/web/servlet/view/AbstractTemplateViewResolver
     [java]   com/jeroenreijn/examples/repository/PresentationsRepository
     [java]   org/trimou/engine/config/EngineConfigurationKey
     [java]   java/lang/invoke/CallSite
     [java]   org/jtwig/spring/boot/config/JtwigViewResolverConfigurer
     [java]   com/jeroenreijn/examples/Launch
     [java]   org/springframework/beans/factory/annotation/Autowired
     [java]   com/samskivert/mustache/Mustache$Accumulator
     [java]   java/util/concurrent/ConcurrentHashMap
     [java]   com/fizzed/rocker/runtime/BreakException
     [java]   org/springframework/web/servlet/view/AbstractTemplateView
     [java]   liqp/filters/First
     [java]   org/springframework/core/Ordered
     [java]   org/springframework/context/annotation/Configuration
     [java]   liqp/filters/Slice
     [java]   liqp/filters/Round
     [java]   com/fizzed/rocker/runtime/DefaultRockerTemplate$Internal
     [java]   org/springframework/context/ConfigurableApplicationContext
     [java]   com/samskivert/mustache/Mustache$StringSegment
     [java]   com/samskivert/mustache/Mustache$BlockSegment
     [java]   org/springframework/context/ApplicationListener
     [java]   com/jeroenreijn/examples/controller/PresentationsController
     [java]   org/springframework/beans/factory/Aware
     [java]   java/lang/Object
     [java]   java/util/LinkedHashMap
     [java]   liqp/filters/Truncatewords
     [java]   java/lang/IllegalStateException
     [java]   org/springframework/core/io/Resource
     [java]   org/springframework/web/context/WebApplicationContext
     [java]   com/samskivert/mustache/Mustache$Escaper
     [java]   com/samskivert/mustache/Mustache$VariableSegment
     [java]   org/trimou/handlebars/i18n/LocaleAwareValueHelper
     [java]   liqp/filters/Append
     [java]   liqp/filters/Times
     [java]   liqp/filters/Url_Encode
     [java]   java/lang/FunctionalInterface
     [java]   org/trimou/handlebars/OptionsHashKeys
     [java]   com/fizzed/rocker/Rocker
     [java]   liqp/filters/Last
     [java]   java/lang/Iterable
     [java]   org/springframework/boot/SpringApplication
     [java]   java/util/Date
     [java]   org/springframework/core/io/DefaultResourceLoader
     [java]   org/springframework/web/bind/annotation/RequestMethod
     [java]   com/fizzed/rocker/runtime/CompileDiagnosticException
     [java]   java/io/InputStreamReader
     [java]   org/springframework/web/servlet/config/annotation/ResourceHandlerRegistration
     [java]   org/springframework/lang/Nullable
     [java]   java/lang/NullPointerException
     [java]   java/io/IOException
     [java]   org/springframework/stereotype/Service
     [java]   com/jeroenreijn/examples/model/Presentation
     [java]   org/thymeleaf/spring5/ISpringTemplateEngine
     [java]   org/springframework/core/annotation/AnnotationUtils
     [java]   org/fusesource/scalate/spring/view/ScalateViewResolver
     [java]   com/jeroenreijn/examples/view/HtmlFlowIndexView
     [java]   org/springframework/web/servlet/view/AbstractCachingViewResolver$2
     [java]   com/jeroenreijn/examples/view/LiqpView
     [java]   org/springframework/web/servlet/view/AbstractCachingViewResolver$1
     [java]   org/trimou/engine/convert/ValueConverter
     [java]   liqp/filters/Lstrip
     [java]   java/util/function/Consumer
     [java]   liqp/filters/Capitalize
     [java]   com/samskivert/mustache/Mustache$Delims
     [java]   java/lang/Long
     [java]   org/springframework/web/WebApplicationInitializer
     [java]   org/jtwig/translate/spring/SpringTranslateExtensionConfiguration$Builder
     [java]   com/samskivert/mustache/Escapers
     [java]   org/springframework/context/NoSuchMessageException
     [java]   org/springframework/web/bind/annotation/PathVariable
     [java]   java/util/function/BiConsumer
     [java]   org/springframework/web/servlet/support/RequestContext
     [java]   org/thymeleaf/spring5/SpringTemplateEngine
     [java]   com/samskivert/mustache/Template$Segment
     [java]   jdk/internal/HotSpotIntrinsicCandidate
     [java]   liqp/filters/Default
     [java]   org/jtwig/web/servlet/JtwigRenderer
     [java]   org/springframework/context/annotation/ComponentScan
     [java]   liqp/filters/Rstrip
     [java]   de/neuland/jade4j/template/TemplateLoader
     [java]   org/apache/commons/logging/Log
     [java]   javax/servlet/ServletOutputStream
     [java]   org/xmlet/htmlapifaster/EnumMediaType
     [java]   org/trimou/engine/priority/WithPriority
     [java]   org/springframework/beans/factory/config/AutowireCapableBeanFactory
     [java]   java/io/Writer
     [java]   com/jeroenreijn/examples/configuration/WebMvcConfig
     [java]   org/springframework/ui/ModelMap
     [java]   com/fizzed/rocker/runtime/DefaultRockerTemplate$1
     [java]   org/springframework/beans/factory/InitializingBean
     [java]   liqp/LValue$1
     [java]   liqp/LValue$2
     [java]   com/jeroenreijn/examples/view/RockerViewResolver
     [java]   com/jeroenreijn/examples/view/TrimouSpringResourceTemplateLocator
     [java]   com/jeroenreijn/examples/view/LiqpViewResolver
     [java]   com/fizzed/rocker/RockerTemplate
     [java]   org/springframework/web/context/ServletContextAware
     [java]   org/springframework/context/annotation/Bean
     [java]   org/rythmengine/spring/web/RythmConfigurer
     [java]   java/lang/Throwable
     [java]   org/xmlet/htmlapifaster/Div
     [java]   java/lang/Exception
     [java]   org/trimou/util/ImmutableSet
     [java]   liqp/filters/Split
     [java]   liqp/filters/Strip
     [java]   org/xmlet/htmlapifaster/Html
     [java]   com/jeroenreijn/examples/view/HtmlFlowView
     [java]   liqp/filters/Upcase
     [java]   org/springframework/web/servlet/config/annotation/DefaultServletHandlerConfigurer
     [java]   org/springframework/web/context/support/WebApplicationObjectSupport
     [java]   org/jtwig/translate/spring/SpringTranslateExtensionConfiguration
     [java]   liqp/filters/Prepend
     [java]   org/trimou/handlebars/BasicValueHelper
     [java]   com/fizzed/rocker/runtime/Raw
     [java]   com/jeroenreijn/examples/view/LiqpViewResolver$1
     [java]   com/fizzed/rocker/BindableRockerModel
     [java]   com/jeroenreijn/examples/view/TrimouViewResolver
     [java]   java/util/List
     [java]   org/xmlet/htmlapifaster/Body
     [java]   java/io/ByteArrayOutputStream
     [java]   com/samskivert/mustache/Mustache$SectionSegment
     [java]   com/jeroenreijn/examples/configuration/WebMvcConfig$FaviconController
     [java]   com/fizzed/rocker/runtime/PlainTextUnloadedClassLoader
     [java]   java/lang/InterruptedException
     [java]   org/xmlet/htmlapifaster/Meta
     [java]   org/xmlet/htmlapifaster/EnumRelType
     [java]   org/xmlet/htmlapifaster/Element
     [java]   org/springframework/util/PatternMatchUtils
     [java]   org/springframework/context/support/ApplicationObjectSupport
     [java]   org/springframework/context/ApplicationContextException
     [java]   com/fizzed/rocker/RockerOutput
     [java]   java/io/InputStream
     [java]   org/xmlet/htmlapifaster/Link
     [java]   org/thymeleaf/templatemode/TemplateMode
     [java]   org/springframework/boot/builder/ParentContextApplicationContextInitializer
     [java]   liqp/filters/At_Most
     [java]   java/lang/String
     [java]   java/lang/Character
     [java]   org/xmlet/htmlapifaster/H5
     [java]   java/lang/invoke/LambdaMetafactory
     [java]   com/samskivert/mustache/Mustache$Lambda
     [java]   htmlflow/HtmlView
     [java]   org/xmlet/htmlapifaster/H1
     [java]   org/trimou/handlebars/BasicHelper
     [java]   org/springframework/boot/builder/SpringApplicationBuilder
     [java]   org/springframework/boot/web/servlet/context/AnnotationConfigServletWebServerApplicationContext
     [java]   java/util/HashSet
     [java]   liqp/filters/Ceil
     [java]   org/trimou/handlebars/HelperValidator
     [java]   java/lang/Math
     [java]   javax/servlet/http/HttpServletResponse
     [java]   liqp/filters/Join
     [java]   org/springframework/util/CollectionUtils
     [java]   com/fizzed/rocker/RockerContent
     [java]   liqp/filters/At_Least
     [java]   java/util/Map$Entry
     [java]   liqp/filters/Escape_Once
     [java]   com/samskivert/mustache/Mustache$1
     [java]   org/thymeleaf/spring5/view/ThymeleafViewResolver
     [java]   com/samskivert/mustache/Mustache$2
     [java]   java/lang/CloneNotSupportedException
     [java]   org/springframework/web/servlet/config/annotation/ResourceHandlerRegistry
     [java]   org/xmlet/htmlapifaster/Script
     [java]   com/samskivert/mustache/Mustache$Compiler
     [java]   java/lang/CharSequence
     [java]   com/samskivert/mustache/Mustache$TemplateLoader
     [java]   javax/servlet/ServletContext
     [java]   org/trimou/util/Locales
     [java]   com/fizzed/rocker/runtime/RockerRuntime
     [java]   liqp/filters/H
     [java]   java/lang/Class
     [java]   java/util/Objects
     [java]   org/xmlet/htmlapifaster/Head
     [java]   base
     [java]   com/fizzed/rocker/ContentType
     [java]   org/springframework/context/MessageSource
     [java]   java/lang/Integer
     [java]   com/jeroenreijn/examples/model/SpringMessageSourceHelper
     [java]   org/springframework/stereotype/Controller
     [java]   org/springframework/web/servlet/i18n/SessionLocaleResolver
     [java]   base$PlainText
     [java]   org/slf4j/LoggerFactory
     [java]   org/trimou/engine/locator/AbstractTemplateLocator
     [java]   java/util/Arrays
     [java]   org/springframework/context/support/ReloadableResourceBundleMessageSource
     [java]   com/jeroenreijn/examples/view/RockerView
     [java]   org/springframework/web/util/WebUtils
     [java]   java/io/File
     [java]   org/trimou/handlebars/Helpers
     [java]   org/springframework/core/io/ResourceLoader
     [java]   com/fizzed/rocker/RockerModel
     [java]   java/util/Iterator
     [java]   liqp/filters/Concat
     [java]   java/lang/invoke/MethodType
     [java]   index
     [java]   com/jeroenreijn/examples/model/i18nLayout
     [java]   index$Template
     [java]   java/util/Map
     [java]   org/trimou/exception/MustacheProblem
     [java]   liqp/Template
     [java]   org/springframework/boot/web/servlet/support/ServletContextApplicationContextInitializer
     [java]   liqp/filters/Modulo
     [java]   org/springframework/web/servlet/view/InternalResourceViewResolver
     [java]   java/lang/invoke/MethodHandles
     [java]   org/springframework/web/servlet/config/annotation/EnableWebMvc
     [java]   org/springframework/context/annotation/Scope
     [java]   java/util/Enumeration
     [java]   com/samskivert/mustache/DefaultCollector
     [java]   org/trimou/exception/MustacheException
     [java]   java/lang/Double
     [java]   com/samskivert/mustache/Mustache$FauxSegment
     [java]   liqp/filters/Remove
     [java]   org/springframework/web/servlet/View
     [java]   org/jtwig/spring/JtwigViewResolver
     [java]   liqp/filters/Downcase
     [java]   java/lang/UnsupportedOperationException
     [java]   java/lang/Boolean
     [java]   liqp/filters/Abs
     [java]   org/trimou/engine/MustacheTagType
     [java]   com/github/jknack/handlebars/springmvc/HandlebarsViewResolver
     [java]   liqp/filters/Sort_Natural
     [java]   liqp/filters/Uniq
     [java]   org/springframework/boot/web/servlet/support/SpringBootServletInitializer$1
     [java]   com/samskivert/mustache/Mustache
     [java]   org/trimou/Mustache
     [java]   org/apache/commons/logging/LogFactory
     [java]   org/springframework/boot/autoconfigure/SpringBootApplication
     [java]   com/samskivert/mustache/Mustache$InvertibleLambda
     [java]   de/neuland/jade4j/JadeConfiguration
     [java]   com/jeroenreijn/examples/view/TrimouView
     [java]   liqp/filters/Reverse
     [java]   org/springframework/web/servlet/config/annotation/WebMvcConfigurer
     [java]   org/trimou/engine/locale/LocaleSupport
     [java]   java/lang/Number
     [java]   javax/servlet/ServletException
     [java]   liqp/filters/Newline_To_Br
     [java]   liqp/filters/Date
     [java]   java/lang/IllegalArgumentException
     [java]   org/springframework/context/ApplicationContext
     [java]   com/samskivert/mustache/Mustache$NamedSegment
     [java]   org/trimou/engine/locator/TemplateLocator
     [java]   java/lang/invoke/MethodHandle
     [java]   org/jtwig/util/builder/ListBuilder
     [java]   org/trimou/engine/config/AbstractConfigurationAware
     [java]   liqp/filters/Plus
     [java]   org/thymeleaf/templateresolver/ITemplateResolver
     [java]   org/trimou/handlebars/AbstractHelper
     [java]   com/samskivert/mustache/Mustache$VariableFetcher
     [java]   org/springframework/web/servlet/view/JstlView
     [java]   org/springframework/web/servlet/ViewResolver
     [java]   java/util/Optional
     [java]   liqp/filters/Sort
     [java]   liqp/filters/Floor
     [java]   com/fizzed/rocker/runtime/DefaultRockerModel
     [java]   liqp/filters/Strip_HTML
     [java]   java/lang/ClassLoader
     [java]   java/lang/Deprecated
     [java]   org/thymeleaf/spring5/templateresolver/SpringResourceTemplateResolver
     [java]   com/github/enpassant/ickenham/springmvc/IckenhamViewResolver
     [java]   org/trimou/engine/config/Configuration
     [java]   org/jtwig/environment/EnvironmentConfigurationBuilder
     [java]   liqp/filters/Replace
     [java]   com/fizzed/rocker/RockerOutputFactory
     [java]   org/springframework/context/ApplicationContextInitializer
     [java]   liqp/filters/Divided_By
     [java]   liqp/filters/Replace_First
     [java]   java/util/ArrayList
     [java]   com/fizzed/rocker/runtime/RockerBootstrap
     [java]   liqp/filters/Compact
     [java]   org/springframework/web/servlet/view/InternalResourceView
     [java]   org/springframework/beans/BeanUtils
     [java]   org/springframework/web/servlet/view/AbstractView
     [java]   java/util/Collection
     [java]   org/springframework/context/ApplicationContextAware
     [java]   com/fizzed/rocker/runtime/ArrayOfByteArraysOutput
     [java]   org/jtwig/environment/EnvironmentConfiguration
     [java]   com/samskivert/mustache/Mustache$InvertedSegment
     [java]   org/springframework/util/Assert
     [java]   java/util/concurrent/atomic/AtomicLong
     [java]   liqp/filters/Truncate
     [java]   com/jeroenreijn/examples/configuration/JtwigConfig
     [java]   java/io/UnsupportedEncodingException
     [java]   com/jeroenreijn/examples/view/HtmlFlowViewResolver
     [java]   org/springframework/web/servlet/view/UrlBasedViewResolver
     [java]   java/util/StringTokenizer
     [java]   org/springframework/context/support/MessageSourceAccessor
     [java]   java/util/Locale
     [java]   com/fizzed/rocker/RockerTemplateCustomizer
     [java]   org/trimou/engine/MustacheEngineBuilder
     [java]   org/jtwig/translate/spring/SpringTranslateExtension
     [java]   htmlflow/DynamicHtml
     [java]   liqp/LValue
     [java]   org/springframework/web/servlet/LocaleResolver
     [java]   liqp/filters/Minus
     [java]   liqp/filters/Remove_First
     [java]   java/lang/NumberFormatException
     [java]   org/rythmengine/spring/web/RythmViewResolver
     [java]   java/util/Collections
     [java]   org/springframework/web/bind/annotation/RequestMapping
     [java]   liqp/filters/Map
     [java]   org/trimou/util/Arrays
     [java]   org/springframework/web/servlet/view/AbstractUrlBasedView
     [java]   java/lang/RuntimeException
     [java]   org/springframework/beans/factory/BeanNameAware
     [java]   org/trimou/engine/config/ConfigurationAware
     [java]   index$PlainText
     [java]   com/fizzed/rocker/runtime/DefaultRockerTemplate
     [java]   java/lang/invoke/MethodHandles$Lookup
     [java]   liqp/filters/Strip_Newlines
     [java]   org/trimou/engine/MustacheEngine
     [java]   de/neuland/jade4j/spring/view/JadeViewResolver
     [java]   java/util/HashMap
     [java]   org/springframework/http/MediaType
     [java]   com/fizzed/rocker/RenderingException
     [java]   org/slf4j/Logger
     [java]   org/springframework/boot/web/servlet/support/SpringBootServletInitializer$WebEnvironmentPropertySourceInitializer
     [java]   org/trimou/handlebars/Helper
     [java]   java/lang/Appendable
     [java]   com/samskivert/mustache/Template$Fragment
     [java]   com/samskivert/mustache/Mustache$Parser
     [java]   liqp/filters/Size
     [java]   java/util/Set
     [java]   org/springframework/context/annotation/Import
     [java]   liqp/filters/Escape
     [java]   org/springframework/web/context/support/ContextExposingHttpServletRequest
     [java]   java/io/PrintWriter
     [java]   org/springframework/web/servlet/view/RedirectView
     [java]   org/trimou/util/Strings
     [java]   com/fizzed/rocker/runtime/Java8Iterator
     [java]   org/springframework/boot/web/servlet/support/ErrorPageFilterConfiguration
     [java]   com/x5/template/spring/ChunkTemplateView
     [java]   javax/servlet/http/HttpSession
     [java]   com/jeroenreijn/examples/repository/InMemoryPresentationsRepository
     [java]   httl/web/springmvc/HttlViewResolver
     [java]   org/xmlet/htmlapifaster/Title
     [java]   liqp/nodes/AtomNode
     [java]   org/trimou/engine/text/TextSupport
     [java]   org/springframework/context/ResourceLoaderAware
     [java]   com/samskivert/mustache/Mustache$IncludedTemplateSegment
     [java]   com/samskivert/mustache/Mustache$Collector
     [java]   org/springframework/boot/web/servlet/support/SpringBootServletInitializer
     [java]   org/springframework/util/ResourceUtils
     [java]   base$Template
     [java]   org/trimou/handlebars/Options
     [java]   com/samskivert/mustache/Mustache$Formatter
     [java]   org/springframework/beans/BeansException
     [java]   de/neuland/jade4j/spring/template/SpringTemplateLoader
     [java]   com/jeroenreijn/examples/services/PresentationsService
     [java]   java/util/concurrent/ConcurrentMap
     [java]   javax/servlet/http/HttpServletRequest
     [java]   liqp/filters/Filter
     [java]   com/samskivert/mustache/Template
     [java]   org/springframework/web/servlet/view/AbstractCachingViewResolver
     [java]   liqp/filters/Url_Decode
     [java]   com/fizzed/rocker/runtime/ContinueException
     [java] Adding plugin edu.umd.cs.findbugs.plugins.core to execution plan
     [java] Dependences force enabling of edu.umd.cs.findbugs.detect.FieldItemSummary
     [java] Dependences force enabling of edu.umd.cs.findbugs.detect.NoteSuppressedWarnings
     [java] Dependences force enabling of edu.umd.cs.findbugs.detect.EqualsOperandShouldHaveClassCompatibleWithThis
     [java] Dependences force enabling of edu.umd.cs.findbugs.detect.FunctionsThatMightBeMistakenForProcedures
     [java] Dependences force enabling of edu.umd.cs.findbugs.detect.FindNoSideEffectMethods
     [java] Dependences force enabling of edu.umd.cs.findbugs.detect.NoteCheckReturnValueAnnotations
     [java] Dependences force enabling of edu.umd.cs.findbugs.detect.NoteAnnotationRetention
     [java] Dependences force enabling of edu.umd.cs.findbugs.detect.FindBugsSummaryStats
     [java] 2 passes in execution plan
     [java] 2 analysis passes to perform     0 : Pass 0: 357 classesXFactory cached methods: 4813/4813
     [java] Descriptor factory: 4283/4813/13057
     [java] Pass 1: Analyzing classes (0 / 357) - 00% complete     0 0/2  0/357 com/fizzed/rocker/runtime/Java8Iterator$ConsumeCollection
     [java] Pass 1: Analyzing classes (1 / 357) - 00% complete     0 0/2  1/357 java/lang/StringBuilder
     [java] Pass 1: Analyzing classes (2 / 357) - 00% complete     0 0/2  2/357 org/springframework/web/servlet/view/AbstractTemplateViewResolver
     [java] Pass 1: Analyzing classes (3 / 357) - 00% complete     0 0/2  3/357 com/jeroenreijn/examples/repository/PresentationsRepository
     [java] Pass 1: Analyzing classes (4 / 357) - 01% complete     0 0/2  4/357 org/trimou/engine/config/EngineConfigurationKey
     [java] Pass 1: Analyzing classes (5 / 357) - 01% complete     0 0/2  5/357 java/lang/invoke/CallSite
     [java] Pass 1: Analyzing classes (6 / 357) - 01% complete     0 0/2  6/357 org/jtwig/spring/boot/config/JtwigViewResolverConfigurer
     [java] Pass 1: Analyzing classes (7 / 357) - 01% complete     0 0/2  7/357 com/jeroenreijn/examples/Launch
     [java] Pass 1: Analyzing classes (8 / 357) - 02% complete     0 0/2  8/357 org/springframework/beans/factory/annotation/Autowired
     [java] Pass 1: Analyzing classes (9 / 357) - 02% complete     0 0/2  9/357 com/samskivert/mustache/Mustache$Accumulator
     [java] Pass 1: Analyzing classes (10 / 357) - 02% complete     0 0/2  10/357 java/util/concurrent/ConcurrentHashMap
     [java] Pass 1: Analyzing classes (11 / 357) - 03% complete     0 0/2  11/357 com/fizzed/rocker/runtime/BreakException
     [java] Pass 1: Analyzing classes (12 / 357) - 03% complete     0 0/2  12/357 org/springframework/web/servlet/view/AbstractTemplateView
     [java] Pass 1: Analyzing classes (13 / 357) - 03% complete     0 0/2  13/357 liqp/filters/First
     [java] Pass 1: Analyzing classes (14 / 357) - 03% complete     0 0/2  14/357 org/springframework/core/Ordered
     [java] Pass 1: Analyzing classes (15 / 357) - 04% complete     0 0/2  15/357 org/springframework/context/annotation/Configuration
     [java] Pass 1: Analyzing classes (16 / 357) - 04% complete     0 0/2  16/357 liqp/filters/Slice
     [java] Pass 1: Analyzing classes (17 / 357) - 04% complete     0 0/2  17/357 liqp/filters/Round
     [java] Pass 1: Analyzing classes (18 / 357) - 05% complete     0 0/2  18/357 com/fizzed/rocker/runtime/DefaultRockerTemplate$Internal
     [java] Pass 1: Analyzing classes (19 / 357) - 05% complete     0 0/2  19/357 org/springframework/context/ConfigurableApplicationContext
     [java] Pass 1: Analyzing classes (20 / 357) - 05% complete     0 0/2  20/357 com/samskivert/mustache/Mustache$StringSegment
     [java] Pass 1: Analyzing classes (21 / 357) - 05% complete     0 0/2  21/357 com/samskivert/mustache/Mustache$BlockSegment
     [java] Pass 1: Analyzing classes (22 / 357) - 06% complete     0 0/2  22/357 org/springframework/context/ApplicationListener
     [java] Pass 1: Analyzing classes (23 / 357) - 06% complete     0 0/2  23/357 com/jeroenreijn/examples/controller/PresentationsController
     [java] Pass 1: Analyzing classes (24 / 357) - 06% complete     0 0/2  24/357 org/springframework/beans/factory/Aware
     [java] Pass 1: Analyzing classes (25 / 357) - 07% complete     0 0/2  25/357 java/lang/Object
     [java] Pass 1: Analyzing classes (26 / 357) - 07% complete     0 0/2  26/357 java/util/LinkedHashMap
     [java] Pass 1: Analyzing classes (27 / 357) - 07% complete     0 0/2  27/357 liqp/filters/Truncatewords
     [java] Pass 1: Analyzing classes (28 / 357) - 07% complete     0 0/2  28/357 java/lang/IllegalStateException
     [java] Pass 1: Analyzing classes (29 / 357) - 08% complete     0 0/2  29/357 org/springframework/core/io/Resource
     [java] Pass 1: Analyzing classes (30 / 357) - 08% complete     0 0/2  30/357 org/springframework/web/context/WebApplicationContext
     [java] Pass 1: Analyzing classes (31 / 357) - 08% complete     0 0/2  31/357 com/samskivert/mustache/Mustache$Escaper
     [java] Pass 1: Analyzing classes (32 / 357) - 08% complete     0 0/2  32/357 com/samskivert/mustache/Mustache$VariableSegment
     [java] Pass 1: Analyzing classes (33 / 357) - 09% complete     0 0/2  33/357 org/trimou/handlebars/i18n/LocaleAwareValueHelper
     [java] Pass 1: Analyzing classes (34 / 357) - 09% complete     0 0/2  34/357 liqp/filters/Append
     [java] Pass 1: Analyzing classes (35 / 357) - 09% complete     0 0/2  35/357 liqp/filters/Times
     [java] Pass 1: Analyzing classes (36 / 357) - 10% complete     0 0/2  36/357 liqp/filters/Url_Encode
     [java] Pass 1: Analyzing classes (37 / 357) - 10% complete     0 0/2  37/357 java/lang/FunctionalInterface
     [java] Pass 1: Analyzing classes (38 / 357) - 10% complete     0 0/2  38/357 org/trimou/handlebars/OptionsHashKeys
     [java] Pass 1: Analyzing classes (39 / 357) - 10% complete     0 0/2  39/357 com/fizzed/rocker/Rocker
     [java] Pass 1: Analyzing classes (40 / 357) - 11% complete     0 0/2  40/357 liqp/filters/Last
     [java] Pass 1: Analyzing classes (41 / 357) - 11% complete     0 0/2  41/357 java/lang/Iterable
     [java] Pass 1: Analyzing classes (42 / 357) - 11% complete     0 0/2  42/357 org/springframework/boot/SpringApplication
     [java] Pass 1: Analyzing classes (43 / 357) - 12% complete     0 0/2  43/357 java/util/Date
     [java] Pass 1: Analyzing classes (44 / 357) - 12% complete     0 0/2  44/357 org/springframework/core/io/DefaultResourceLoader
     [java] Pass 1: Analyzing classes (45 / 357) - 12% complete     0 0/2  45/357 org/springframework/web/bind/annotation/RequestMethod
     [java] Pass 1: Analyzing classes (46 / 357) - 12% complete     0 0/2  46/357 com/fizzed/rocker/runtime/CompileDiagnosticException
     [java] Pass 1: Analyzing classes (47 / 357) - 13% complete     0 0/2  47/357 java/io/InputStreamReader
     [java] Pass 1: Analyzing classes (48 / 357) - 13% complete     0 0/2  48/357 org/springframework/web/servlet/config/annotation/ResourceHandlerRegistration
     [java] Pass 1: Analyzing classes (49 / 357) - 13% complete     0 0/2  49/357 org/springframework/lang/Nullable
     [java] Pass 1: Analyzing classes (50 / 357) - 14% complete     0 0/2  50/357 java/lang/NullPointerException
     [java] Pass 1: Analyzing classes (51 / 357) - 14% complete     0 0/2  51/357 java/io/IOException
     [java] Pass 1: Analyzing classes (52 / 357) - 14% complete     0 0/2  52/357 org/springframework/stereotype/Service
     [java] Pass 1: Analyzing classes (53 / 357) - 14% complete     0 0/2  53/357 com/jeroenreijn/examples/model/Presentation
     [java] Pass 1: Analyzing classes (54 / 357) - 15% complete     0 0/2  54/357 org/thymeleaf/spring5/ISpringTemplateEngine
     [java] Pass 1: Analyzing classes (55 / 357) - 15% complete     0 0/2  55/357 org/springframework/core/annotation/AnnotationUtils
     [java] Pass 1: Analyzing classes (56 / 357) - 15% complete     0 0/2  56/357 org/fusesource/scalate/spring/view/ScalateViewResolver
     [java] Pass 1: Analyzing classes (57 / 357) - 15% complete     0 0/2  57/357 com/jeroenreijn/examples/view/HtmlFlowIndexView
     [java] Pass 1: Analyzing classes (58 / 357) - 16% complete     0 0/2  58/357 org/springframework/web/servlet/view/AbstractCachingViewResolver$2
     [java] Pass 1: Analyzing classes (59 / 357) - 16% complete     0 0/2  59/357 com/jeroenreijn/examples/view/LiqpView
     [java] Pass 1: Analyzing classes (60 / 357) - 16% complete     0 0/2  60/357 org/springframework/web/servlet/view/AbstractCachingViewResolver$1
     [java] Pass 1: Analyzing classes (61 / 357) - 17% complete     0 0/2  61/357 org/trimou/engine/convert/ValueConverter
     [java] Pass 1: Analyzing classes (62 / 357) - 17% complete     0 0/2  62/357 liqp/filters/Lstrip
     [java] Pass 1: Analyzing classes (63 / 357) - 17% complete     0 0/2  63/357 java/util/function/Consumer
     [java] Pass 1: Analyzing classes (64 / 357) - 17% complete     0 0/2  64/357 liqp/filters/Capitalize
     [java] Pass 1: Analyzing classes (65 / 357) - 18% complete     0 0/2  65/357 com/samskivert/mustache/Mustache$Delims
     [java] Pass 1: Analyzing classes (66 / 357) - 18% complete     0 0/2  66/357 java/lang/Long
     [java] Pass 1: Analyzing classes (67 / 357) - 18% complete     0 0/2  67/357 org/springframework/web/WebApplicationInitializer
     [java] Pass 1: Analyzing classes (68 / 357) - 19% complete     0 0/2  68/357 org/jtwig/translate/spring/SpringTranslateExtensionConfiguration$Builder
     [java] Pass 1: Analyzing classes (69 / 357) - 19% complete     0 0/2  69/357 com/samskivert/mustache/Escapers
     [java] Pass 1: Analyzing classes (70 / 357) - 19% complete     0 0/2  70/357 org/springframework/context/NoSuchMessageException
     [java] Pass 1: Analyzing classes (71 / 357) - 19% complete     0 0/2  71/357 org/springframework/web/bind/annotation/PathVariable
     [java] Pass 1: Analyzing classes (72 / 357) - 20% complete     0 0/2  72/357 java/util/function/BiConsumer
     [java] Pass 1: Analyzing classes (73 / 357) - 20% complete     0 0/2  73/357 org/springframework/web/servlet/support/RequestContext
     [java] Pass 1: Analyzing classes (74 / 357) - 20% complete     0 0/2  74/357 org/thymeleaf/spring5/SpringTemplateEngine
     [java] Pass 1: Analyzing classes (75 / 357) - 21% complete     0 0/2  75/357 com/samskivert/mustache/Template$Segment
     [java] Pass 1: Analyzing classes (76 / 357) - 21% complete     0 0/2  76/357 jdk/internal/HotSpotIntrinsicCandidate
     [java] Pass 1: Analyzing classes (77 / 357) - 21% complete     0 0/2  77/357 liqp/filters/Default
     [java] Pass 1: Analyzing classes (78 / 357) - 21% complete     0 0/2  78/357 org/jtwig/web/servlet/JtwigRenderer
     [java] Pass 1: Analyzing classes (79 / 357) - 22% complete     0 0/2  79/357 org/springframework/context/annotation/ComponentScan
     [java] Pass 1: Analyzing classes (80 / 357) - 22% complete     0 0/2  80/357 liqp/filters/Rstrip
     [java] Pass 1: Analyzing classes (81 / 357) - 22% complete     0 0/2  81/357 de/neuland/jade4j/template/TemplateLoader
     [java] Pass 1: Analyzing classes (82 / 357) - 22% complete     0 0/2  82/357 org/apache/commons/logging/Log
     [java] Pass 1: Analyzing classes (83 / 357) - 23% complete     0 0/2  83/357 javax/servlet/ServletOutputStream
     [java] Pass 1: Analyzing classes (84 / 357) - 23% complete     0 0/2  84/357 org/xmlet/htmlapifaster/EnumMediaType
     [java] Pass 1: Analyzing classes (85 / 357) - 23% complete     0 0/2  85/357 org/trimou/engine/priority/WithPriority
     [java] Pass 1: Analyzing classes (86 / 357) - 24% complete     0 0/2  86/357 org/springframework/beans/factory/config/AutowireCapableBeanFactory
     [java] Pass 1: Analyzing classes (87 / 357) - 24% complete     0 0/2  87/357 java/io/Writer
     [java] Pass 1: Analyzing classes (88 / 357) - 24% complete     0 0/2  88/357 com/jeroenreijn/examples/configuration/WebMvcConfig
     [java] Pass 1: Analyzing classes (89 / 357) - 24% complete     0 0/2  89/357 org/springframework/ui/ModelMap
     [java] Pass 1: Analyzing classes (90 / 357) - 25% complete     0 0/2  90/357 com/fizzed/rocker/runtime/DefaultRockerTemplate$1
     [java] Pass 1: Analyzing classes (91 / 357) - 25% complete     0 0/2  91/357 org/springframework/beans/factory/InitializingBean
     [java] Pass 1: Analyzing classes (92 / 357) - 25% complete     0 0/2  92/357 liqp/LValue$1
     [java] Pass 1: Analyzing classes (93 / 357) - 26% complete     0 0/2  93/357 liqp/LValue$2
     [java] Pass 1: Analyzing classes (94 / 357) - 26% complete     0 0/2  94/357 com/jeroenreijn/examples/view/RockerViewResolver
     [java] Pass 1: Analyzing classes (95 / 357) - 26% complete     0 0/2  95/357 com/jeroenreijn/examples/view/TrimouSpringResourceTemplateLocator
     [java] Pass 1: Analyzing classes (96 / 357) - 26% complete     0 0/2  96/357 com/jeroenreijn/examples/view/LiqpViewResolver
     [java] Pass 1: Analyzing classes (97 / 357) - 27% complete     0 0/2  97/357 com/fizzed/rocker/RockerTemplate
     [java] Pass 1: Analyzing classes (98 / 357) - 27% complete     0 0/2  98/357 org/springframework/web/context/ServletContextAware
     [java] Pass 1: Analyzing classes (99 / 357) - 27% complete     0 0/2  99/357 org/springframework/context/annotation/Bean
     [java] Pass 1: Analyzing classes (100 / 357) - 28% complete     0 0/2  100/357 org/rythmengine/spring/web/RythmConfigurer
     [java] Pass 1: Analyzing classes (101 / 357) - 28% complete     0 0/2  101/357 java/lang/Throwable
     [java] Pass 1: Analyzing classes (102 / 357) - 28% complete     0 0/2  102/357 org/xmlet/htmlapifaster/Div
     [java] Pass 1: Analyzing classes (103 / 357) - 28% complete     0 0/2  103/357 java/lang/Exception
     [java] Pass 1: Analyzing classes (104 / 357) - 29% complete     0 0/2  104/357 org/trimou/util/ImmutableSet
     [java] Pass 1: Analyzing classes (105 / 357) - 29% complete     0 0/2  105/357 liqp/filters/Split
     [java] Pass 1: Analyzing classes (106 / 357) - 29% complete     0 0/2  106/357 liqp/filters/Strip
     [java] Pass 1: Analyzing classes (107 / 357) - 29% complete     0 0/2  107/357 org/xmlet/htmlapifaster/Html
     [java] Pass 1: Analyzing classes (108 / 357) - 30% complete     0 0/2  108/357 com/jeroenreijn/examples/view/HtmlFlowView
     [java] Pass 1: Analyzing classes (109 / 357) - 30% complete     0 0/2  109/357 liqp/filters/Upcase
     [java] Pass 1: Analyzing classes (110 / 357) - 30% complete     0 0/2  110/357 org/springframework/web/servlet/config/annotation/DefaultServletHandlerConfigurer
     [java] Pass 1: Analyzing classes (111 / 357) - 31% complete     0 0/2  111/357 org/springframework/web/context/support/WebApplicationObjectSupport
     [java] Pass 1: Analyzing classes (112 / 357) - 31% complete     0 0/2  112/357 org/jtwig/translate/spring/SpringTranslateExtensionConfiguration
     [java] Pass 1: Analyzing classes (113 / 357) - 31% complete     0 0/2  113/357 liqp/filters/Prepend
     [java] Pass 1: Analyzing classes (114 / 357) - 31% complete     0 0/2  114/357 org/trimou/handlebars/BasicValueHelper
     [java] Pass 1: Analyzing classes (115 / 357) - 32% complete     0 0/2  115/357 com/fizzed/rocker/runtime/Raw
     [java] Pass 1: Analyzing classes (116 / 357) - 32% complete     0 0/2  116/357 com/jeroenreijn/examples/view/LiqpViewResolver$1
     [java] Pass 1: Analyzing classes (117 / 357) - 32% complete     0 0/2  117/357 com/fizzed/rocker/BindableRockerModel
     [java] Pass 1: Analyzing classes (118 / 357) - 33% complete     0 0/2  118/357 com/jeroenreijn/examples/view/TrimouViewResolver
     [java] Pass 1: Analyzing classes (119 / 357) - 33% complete     0 0/2  119/357 java/util/List
     [java] Pass 1: Analyzing classes (120 / 357) - 33% complete     0 0/2  120/357 org/xmlet/htmlapifaster/Body
     [java] Pass 1: Analyzing classes (121 / 357) - 33% complete     0 0/2  121/357 java/io/ByteArrayOutputStream
     [java] Pass 1: Analyzing classes (122 / 357) - 34% complete     0 0/2  122/357 com/samskivert/mustache/Mustache$SectionSegment
     [java] Pass 1: Analyzing classes (123 / 357) - 34% complete     0 0/2  123/357 com/jeroenreijn/examples/configuration/WebMvcConfig$FaviconController
     [java] Pass 1: Analyzing classes (124 / 357) - 34% complete     0 0/2  124/357 com/fizzed/rocker/runtime/PlainTextUnloadedClassLoader
     [java] Pass 1: Analyzing classes (125 / 357) - 35% complete     0 0/2  125/357 java/lang/InterruptedException
     [java] Pass 1: Analyzing classes (126 / 357) - 35% complete     0 0/2  126/357 org/xmlet/htmlapifaster/Meta
     [java] Pass 1: Analyzing classes (127 / 357) - 35% complete     0 0/2  127/357 org/xmlet/htmlapifaster/EnumRelType
     [java] Pass 1: Analyzing classes (128 / 357) - 35% complete     0 0/2  128/357 org/xmlet/htmlapifaster/Element
     [java] Pass 1: Analyzing classes (129 / 357) - 36% complete     0 0/2  129/357 org/springframework/util/PatternMatchUtils
     [java] Pass 1: Analyzing classes (130 / 357) - 36% complete     0 0/2  130/357 org/springframework/context/support/ApplicationObjectSupport
     [java] Pass 1: Analyzing classes (131 / 357) - 36% complete     0 0/2  131/357 org/springframework/context/ApplicationContextException
     [java] Pass 1: Analyzing classes (132 / 357) - 36% complete     0 0/2  132/357 com/fizzed/rocker/RockerOutput
     [java] Pass 1: Analyzing classes (133 / 357) - 37% complete     0 0/2  133/357 java/io/InputStream
     [java] Pass 1: Analyzing classes (134 / 357) - 37% complete     0 0/2  134/357 org/xmlet/htmlapifaster/Link
     [java] Pass 1: Analyzing classes (135 / 357) - 37% complete     0 0/2  135/357 org/thymeleaf/templatemode/TemplateMode
     [java] Pass 1: Analyzing classes (136 / 357) - 38% complete     0 0/2  136/357 org/springframework/boot/builder/ParentContextApplicationContextInitializer
     [java] Pass 1: Analyzing classes (137 / 357) - 38% complete     0 0/2  137/357 liqp/filters/At_Most
     [java] Pass 1: Analyzing classes (138 / 357) - 38% complete     0 0/2  138/357 java/lang/String
     [java] Pass 1: Analyzing classes (139 / 357) - 38% complete     0 0/2  139/357 java/lang/Character
     [java] Pass 1: Analyzing classes (140 / 357) - 39% complete     0 0/2  140/357 org/xmlet/htmlapifaster/H5
     [java] Pass 1: Analyzing classes (141 / 357) - 39% complete     0 0/2  141/357 java/lang/invoke/LambdaMetafactory
     [java] Pass 1: Analyzing classes (142 / 357) - 39% complete     0 0/2  142/357 com/samskivert/mustache/Mustache$Lambda
     [java] Pass 1: Analyzing classes (143 / 357) - 40% complete     0 0/2  143/357 htmlflow/HtmlView
     [java] Pass 1: Analyzing classes (144 / 357) - 40% complete     0 0/2  144/357 org/xmlet/htmlapifaster/H1
     [java] Pass 1: Analyzing classes (145 / 357) - 40% complete     0 0/2  145/357 org/trimou/handlebars/BasicHelper
     [java] Pass 1: Analyzing classes (146 / 357) - 40% complete     0 0/2  146/357 org/springframework/boot/builder/SpringApplicationBuilder
     [java] Pass 1: Analyzing classes (147 / 357) - 41% complete     0 0/2  147/357 org/springframework/boot/web/servlet/context/AnnotationConfigServletWebServerApplicationContext
     [java] Pass 1: Analyzing classes (148 / 357) - 41% complete     0 0/2  148/357 java/util/HashSet
     [java] Pass 1: Analyzing classes (149 / 357) - 41% complete     0 0/2  149/357 liqp/filters/Ceil
     [java] Pass 1: Analyzing classes (150 / 357) - 42% complete     0 0/2  150/357 org/trimou/handlebars/HelperValidator
     [java] Pass 1: Analyzing classes (151 / 357) - 42% complete     0 0/2  151/357 java/lang/Math
     [java] Pass 1: Analyzing classes (152 / 357) - 42% complete     0 0/2  152/357 javax/servlet/http/HttpServletResponse
     [java] Pass 1: Analyzing classes (153 / 357) - 42% complete     0 0/2  153/357 liqp/filters/Join
     [java] Pass 1: Analyzing classes (154 / 357) - 43% complete     0 0/2  154/357 org/springframework/util/CollectionUtils
     [java] Pass 1: Analyzing classes (155 / 357) - 43% complete     0 0/2  155/357 com/fizzed/rocker/RockerContent
     [java] Pass 1: Analyzing classes (156 / 357) - 43% complete     0 0/2  156/357 liqp/filters/At_Least
     [java] Pass 1: Analyzing classes (157 / 357) - 43% complete     0 0/2  157/357 java/util/Map$Entry
     [java] Pass 1: Analyzing classes (158 / 357) - 44% complete     0 0/2  158/357 liqp/filters/Escape_Once
     [java] Pass 1: Analyzing classes (159 / 357) - 44% complete     0 0/2  159/357 com/samskivert/mustache/Mustache$1
     [java] Pass 1: Analyzing classes (160 / 357) - 44% complete     0 0/2  160/357 org/thymeleaf/spring5/view/ThymeleafViewResolver
     [java] Pass 1: Analyzing classes (161 / 357) - 45% complete     0 0/2  161/357 com/samskivert/mustache/Mustache$2
     [java] Pass 1: Analyzing classes (162 / 357) - 45% complete     0 0/2  162/357 java/lang/CloneNotSupportedException
     [java] Pass 1: Analyzing classes (163 / 357) - 45% complete     0 0/2  163/357 org/springframework/web/servlet/config/annotation/ResourceHandlerRegistry
     [java] Pass 1: Analyzing classes (164 / 357) - 45% complete     0 0/2  164/357 org/xmlet/htmlapifaster/Script
     [java] Pass 1: Analyzing classes (165 / 357) - 46% complete     0 0/2  165/357 com/samskivert/mustache/Mustache$Compiler
     [java] Pass 1: Analyzing classes (166 / 357) - 46% complete     0 0/2  166/357 java/lang/CharSequence
     [java] Pass 1: Analyzing classes (167 / 357) - 46% complete     0 0/2  167/357 com/samskivert/mustache/Mustache$TemplateLoader
     [java] Pass 1: Analyzing classes (168 / 357) - 47% complete     0 0/2  168/357 javax/servlet/ServletContext
     [java] Pass 1: Analyzing classes (169 / 357) - 47% complete     0 0/2  169/357 org/trimou/util/Locales
     [java] Pass 1: Analyzing classes (170 / 357) - 47% complete     0 0/2  170/357 com/fizzed/rocker/runtime/RockerRuntime
     [java] Pass 1: Analyzing classes (171 / 357) - 47% complete     0 0/2  171/357 liqp/filters/H
     [java] Pass 1: Analyzing classes (172 / 357) - 48% complete     0 0/2  172/357 java/lang/Class
     [java] Pass 1: Analyzing classes (173 / 357) - 48% complete     0 0/2  173/357 java/util/Objects
     [java] Pass 1: Analyzing classes (174 / 357) - 48% complete     0 0/2  174/357 org/xmlet/htmlapifaster/Head
     [java] Pass 1: Analyzing classes (175 / 357) - 49% complete     0 0/2  175/357 base
     [java] Pass 1: Analyzing classes (176 / 357) - 49% complete     0 0/2  176/357 com/fizzed/rocker/ContentType
     [java] Pass 1: Analyzing classes (177 / 357) - 49% complete     0 0/2  177/357 org/springframework/context/MessageSource
     [java] Pass 1: Analyzing classes (178 / 357) - 49% complete     0 0/2  178/357 java/lang/Integer
     [java] Pass 1: Analyzing classes (179 / 357) - 50% complete     0 0/2  179/357 com/jeroenreijn/examples/model/SpringMessageSourceHelper
     [java] Pass 1: Analyzing classes (180 / 357) - 50% complete     0 0/2  180/357 org/springframework/stereotype/Controller
     [java] Pass 1: Analyzing classes (181 / 357) - 50% complete     0 0/2  181/357 org/springframework/web/servlet/i18n/SessionLocaleResolver
     [java] Pass 1: Analyzing classes (182 / 357) - 50% complete     0 0/2  182/357 base$PlainText
     [java] Pass 1: Analyzing classes (183 / 357) - 51% complete     0 0/2  183/357 org/slf4j/LoggerFactory
     [java] Pass 1: Analyzing classes (184 / 357) - 51% complete     0 0/2  184/357 org/trimou/engine/locator/AbstractTemplateLocator
     [java] Pass 1: Analyzing classes (185 / 357) - 51% complete     0 0/2  185/357 java/util/Arrays
     [java] Pass 1: Analyzing classes (186 / 357) - 52% complete     0 0/2  186/357 org/springframework/context/support/ReloadableResourceBundleMessageSource
     [java] Pass 1: Analyzing classes (187 / 357) - 52% complete     0 0/2  187/357 com/jeroenreijn/examples/view/RockerView
     [java] Pass 1: Analyzing classes (188 / 357) - 52% complete     0 0/2  188/357 org/springframework/web/util/WebUtils
     [java] Pass 1: Analyzing classes (189 / 357) - 52% complete     0 0/2  189/357 java/io/File
     [java] Pass 1: Analyzing classes (190 / 357) - 53% complete     0 0/2  190/357 org/trimou/handlebars/Helpers
     [java] Pass 1: Analyzing classes (191 / 357) - 53% complete     0 0/2  191/357 org/springframework/core/io/ResourceLoader
     [java] Pass 1: Analyzing classes (192 / 357) - 53% complete     0 0/2  192/357 com/fizzed/rocker/RockerModel
     [java] Pass 1: Analyzing classes (193 / 357) - 54% complete     0 0/2  193/357 java/util/Iterator
     [java] Pass 1: Analyzing classes (194 / 357) - 54% complete     0 0/2  194/357 liqp/filters/Concat
     [java] Pass 1: Analyzing classes (195 / 357) - 54% complete     0 0/2  195/357 java/lang/invoke/MethodType
     [java] Pass 1: Analyzing classes (196 / 357) - 54% complete     0 0/2  196/357 index
     [java] Pass 1: Analyzing classes (197 / 357) - 55% complete     0 0/2  197/357 com/jeroenreijn/examples/model/i18nLayout
     [java] Pass 1: Analyzing classes (198 / 357) - 55% complete     0 0/2  198/357 index$Template
     [java] Pass 1: Analyzing classes (199 / 357) - 55% complete     0 0/2  199/357 java/util/Map
     [java] Pass 1: Analyzing classes (200 / 357) - 56% complete     0 0/2  200/357 org/trimou/exception/MustacheProblem
     [java] Pass 1: Analyzing classes (201 / 357) - 56% complete     0 0/2  201/357 liqp/Template
     [java] Pass 1: Analyzing classes (202 / 357) - 56% complete     0 0/2  202/357 org/springframework/boot/web/servlet/support/ServletContextApplicationContextInitializer
     [java] Pass 1: Analyzing classes (203 / 357) - 56% complete     0 0/2  203/357 liqp/filters/Modulo
     [java] Pass 1: Analyzing classes (204 / 357) - 57% complete     0 0/2  204/357 org/springframework/web/servlet/view/InternalResourceViewResolver
     [java] Pass 1: Analyzing classes (205 / 357) - 57% complete     0 0/2  205/357 java/lang/invoke/MethodHandles
     [java] Pass 1: Analyzing classes (206 / 357) - 57% complete     0 0/2  206/357 org/springframework/web/servlet/config/annotation/EnableWebMvc
     [java] Pass 1: Analyzing classes (207 / 357) - 57% complete     0 0/2  207/357 org/springframework/context/annotation/Scope
     [java] Pass 1: Analyzing classes (208 / 357) - 58% complete     0 0/2  208/357 java/util/Enumeration
     [java] Pass 1: Analyzing classes (209 / 357) - 58% complete     0 0/2  209/357 com/samskivert/mustache/DefaultCollector
     [java] Pass 1: Analyzing classes (210 / 357) - 58% complete     0 0/2  210/357 org/trimou/exception/MustacheException
     [java] Pass 1: Analyzing classes (211 / 357) - 59% complete     0 0/2  211/357 java/lang/Double
     [java] Pass 1: Analyzing classes (212 / 357) - 59% complete     0 0/2  212/357 com/samskivert/mustache/Mustache$FauxSegment
     [java] Pass 1: Analyzing classes (213 / 357) - 59% complete     0 0/2  213/357 liqp/filters/Remove
     [java] Pass 1: Analyzing classes (214 / 357) - 59% complete     0 0/2  214/357 org/springframework/web/servlet/View
     [java] Pass 1: Analyzing classes (215 / 357) - 60% complete     0 0/2  215/357 org/jtwig/spring/JtwigViewResolver
     [java] Pass 1: Analyzing classes (216 / 357) - 60% complete     0 0/2  216/357 liqp/filters/Downcase
     [java] Pass 1: Analyzing classes (217 / 357) - 60% complete     0 0/2  217/357 java/lang/UnsupportedOperationException
     [java] Pass 1: Analyzing classes (218 / 357) - 61% complete     0 0/2  218/357 java/lang/Boolean
     [java] Pass 1: Analyzing classes (219 / 357) - 61% complete     0 0/2  219/357 liqp/filters/Abs
     [java] Pass 1: Analyzing classes (220 / 357) - 61% complete     0 0/2  220/357 org/trimou/engine/MustacheTagType
     [java] Pass 1: Analyzing classes (221 / 357) - 61% complete     0 0/2  221/357 com/github/jknack/handlebars/springmvc/HandlebarsViewResolver
     [java] Pass 1: Analyzing classes (222 / 357) - 62% complete     0 0/2  222/357 liqp/filters/Sort_Natural
     [java] Pass 1: Analyzing classes (223 / 357) - 62% complete     0 0/2  223/357 liqp/filters/Uniq
     [java] Pass 1: Analyzing classes (224 / 357) - 62% complete     0 0/2  224/357 org/springframework/boot/web/servlet/support/SpringBootServletInitializer$1
     [java] Pass 1: Analyzing classes (225 / 357) - 63% complete     0 0/2  225/357 com/samskivert/mustache/Mustache
     [java] Pass 1: Analyzing classes (226 / 357) - 63% complete     0 0/2  226/357 org/trimou/Mustache
     [java] Pass 1: Analyzing classes (227 / 357) - 63% complete     0 0/2  227/357 org/apache/commons/logging/LogFactory
     [java] Pass 1: Analyzing classes (228 / 357) - 63% complete     0 0/2  228/357 org/springframework/boot/autoconfigure/SpringBootApplication
     [java] Pass 1: Analyzing classes (229 / 357) - 64% complete     0 0/2  229/357 com/samskivert/mustache/Mustache$InvertibleLambda
     [java] Pass 1: Analyzing classes (230 / 357) - 64% complete     0 0/2  230/357 de/neuland/jade4j/JadeConfiguration
     [java] Pass 1: Analyzing classes (231 / 357) - 64% complete     0 0/2  231/357 com/jeroenreijn/examples/view/TrimouView
     [java] Pass 1: Analyzing classes (232 / 357) - 64% complete     0 0/2  232/357 liqp/filters/Reverse
     [java] Pass 1: Analyzing classes (233 / 357) - 65% complete     0 0/2  233/357 org/springframework/web/servlet/config/annotation/WebMvcConfigurer
     [java] Pass 1: Analyzing classes (234 / 357) - 65% complete     0 0/2  234/357 org/trimou/engine/locale/LocaleSupport
     [java] Pass 1: Analyzing classes (235 / 357) - 65% complete     0 0/2  235/357 java/lang/Number
     [java] Pass 1: Analyzing classes (236 / 357) - 66% complete     0 0/2  236/357 javax/servlet/ServletException
     [java] Pass 1: Analyzing classes (237 / 357) - 66% complete     0 0/2  237/357 liqp/filters/Newline_To_Br
     [java] Pass 1: Analyzing classes (238 / 357) - 66% complete     0 0/2  238/357 liqp/filters/Date
     [java] Pass 1: Analyzing classes (239 / 357) - 66% complete     0 0/2  239/357 java/lang/IllegalArgumentException
     [java] Pass 1: Analyzing classes (240 / 357) - 67% complete     0 0/2  240/357 org/springframework/context/ApplicationContext
     [java] Pass 1: Analyzing classes (241 / 357) - 67% complete     0 0/2  241/357 com/samskivert/mustache/Mustache$NamedSegment
     [java] Pass 1: Analyzing classes (242 / 357) - 67% complete     0 0/2  242/357 org/trimou/engine/locator/TemplateLocator
     [java] Pass 1: Analyzing classes (243 / 357) - 68% complete     0 0/2  243/357 java/lang/invoke/MethodHandle
     [java] Pass 1: Analyzing classes (244 / 357) - 68% complete     0 0/2  244/357 org/jtwig/util/builder/ListBuilder
     [java] Pass 1: Analyzing classes (245 / 357) - 68% complete     0 0/2  245/357 org/trimou/engine/config/AbstractConfigurationAware
     [java] Pass 1: Analyzing classes (246 / 357) - 68% complete     0 0/2  246/357 liqp/filters/Plus
     [java] Pass 1: Analyzing classes (247 / 357) - 69% complete     0 0/2  247/357 org/thymeleaf/templateresolver/ITemplateResolver
     [java] Pass 1: Analyzing classes (248 / 357) - 69% complete     0 0/2  248/357 org/trimou/handlebars/AbstractHelper
     [java] Pass 1: Analyzing classes (249 / 357) - 69% complete     0 0/2  249/357 com/samskivert/mustache/Mustache$VariableFetcher
     [java] Pass 1: Analyzing classes (250 / 357) - 70% complete     0 0/2  250/357 org/springframework/web/servlet/view/JstlView
     [java] Pass 1: Analyzing classes (251 / 357) - 70% complete     0 0/2  251/357 org/springframework/web/servlet/ViewResolver
     [java] Pass 1: Analyzing classes (252 / 357) - 70% complete     0 0/2  252/357 java/util/Optional
     [java] Pass 1: Analyzing classes (253 / 357) - 70% complete     0 0/2  253/357 liqp/filters/Sort
     [java] Pass 1: Analyzing classes (254 / 357) - 71% complete     0 0/2  254/357 liqp/filters/Floor
     [java] Pass 1: Analyzing classes (255 / 357) - 71% complete     0 0/2  255/357 com/fizzed/rocker/runtime/DefaultRockerModel
     [java] Pass 1: Analyzing classes (256 / 357) - 71% complete     0 0/2  256/357 liqp/filters/Strip_HTML
     [java] Pass 1: Analyzing classes (257 / 357) - 71% complete     0 0/2  257/357 java/lang/ClassLoader
     [java] Pass 1: Analyzing classes (258 / 357) - 72% complete     0 0/2  258/357 java/lang/Deprecated
     [java] Pass 1: Analyzing classes (259 / 357) - 72% complete     0 0/2  259/357 org/thymeleaf/spring5/templateresolver/SpringResourceTemplateResolver
     [java] Pass 1: Analyzing classes (260 / 357) - 72% complete     0 0/2  260/357 com/github/enpassant/ickenham/springmvc/IckenhamViewResolver
     [java] Pass 1: Analyzing classes (261 / 357) - 73% complete     0 0/2  261/357 org/trimou/engine/config/Configuration
     [java] Pass 1: Analyzing classes (262 / 357) - 73% complete     0 0/2  262/357 org/jtwig/environment/EnvironmentConfigurationBuilder
     [java] Pass 1: Analyzing classes (263 / 357) - 73% complete     0 0/2  263/357 liqp/filters/Replace
     [java] Pass 1: Analyzing classes (264 / 357) - 73% complete     0 0/2  264/357 com/fizzed/rocker/RockerOutputFactory
     [java] Pass 1: Analyzing classes (265 / 357) - 74% complete     0 0/2  265/357 org/springframework/context/ApplicationContextInitializer
     [java] Pass 1: Analyzing classes (266 / 357) - 74% complete     0 0/2  266/357 liqp/filters/Divided_By
     [java] Pass 1: Analyzing classes (267 / 357) - 74% complete     0 0/2  267/357 liqp/filters/Replace_First
     [java] Pass 1: Analyzing classes (268 / 357) - 75% complete     0 0/2  268/357 java/util/ArrayList
     [java] Pass 1: Analyzing classes (269 / 357) - 75% complete     0 0/2  269/357 com/fizzed/rocker/runtime/RockerBootstrap
     [java] Pass 1: Analyzing classes (270 / 357) - 75% complete     0 0/2  270/357 liqp/filters/Compact
     [java] Pass 1: Analyzing classes (271 / 357) - 75% complete     0 0/2  271/357 org/springframework/web/servlet/view/InternalResourceView
     [java] Pass 1: Analyzing classes (272 / 357) - 76% complete     0 0/2  272/357 org/springframework/beans/BeanUtils
     [java] Pass 1: Analyzing classes (273 / 357) - 76% complete     0 0/2  273/357 org/springframework/web/servlet/view/AbstractView
     [java] Pass 1: Analyzing classes (274 / 357) - 76% complete     0 0/2  274/357 java/util/Collection
     [java] Pass 1: Analyzing classes (275 / 357) - 77% complete     0 0/2  275/357 org/springframework/context/ApplicationContextAware
     [java] Pass 1: Analyzing classes (276 / 357) - 77% complete     0 0/2  276/357 com/fizzed/rocker/runtime/ArrayOfByteArraysOutput
     [java] Pass 1: Analyzing classes (277 / 357) - 77% complete     0 0/2  277/357 org/jtwig/environment/EnvironmentConfiguration
     [java] Pass 1: Analyzing classes (278 / 357) - 77% complete     0 0/2  278/357 com/samskivert/mustache/Mustache$InvertedSegment
     [java] Pass 1: Analyzing classes (279 / 357) - 78% complete     0 0/2  279/357 org/springframework/util/Assert
     [java] Pass 1: Analyzing classes (280 / 357) - 78% complete     0 0/2  280/357 java/util/concurrent/atomic/AtomicLong
     [java] Pass 1: Analyzing classes (281 / 357) - 78% complete     0 0/2  281/357 liqp/filters/Truncate
     [java] Pass 1: Analyzing classes (282 / 357) - 78% complete     0 0/2  282/357 com/jeroenreijn/examples/configuration/JtwigConfig
     [java] Pass 1: Analyzing classes (283 / 357) - 79% complete     0 0/2  283/357 java/io/UnsupportedEncodingException
     [java] Pass 1: Analyzing classes (284 / 357) - 79% complete     0 0/2  284/357 com/jeroenreijn/examples/view/HtmlFlowViewResolver
     [java] Pass 1: Analyzing classes (285 / 357) - 79% complete     0 0/2  285/357 org/springframework/web/servlet/view/UrlBasedViewResolver
     [java] Pass 1: Analyzing classes (286 / 357) - 80% complete     0 0/2  286/357 java/util/StringTokenizer
     [java] Pass 1: Analyzing classes (287 / 357) - 80% complete     0 0/2  287/357 org/springframework/context/support/MessageSourceAccessor
     [java] Pass 1: Analyzing classes (288 / 357) - 80% complete     0 0/2  288/357 java/util/Locale
     [java] Pass 1: Analyzing classes (289 / 357) - 80% complete     0 0/2  289/357 com/fizzed/rocker/RockerTemplateCustomizer
     [java] Pass 1: Analyzing classes (290 / 357) - 81% complete     0 0/2  290/357 org/trimou/engine/MustacheEngineBuilder
     [java] Pass 1: Analyzing classes (291 / 357) - 81% complete     0 0/2  291/357 org/jtwig/translate/spring/SpringTranslateExtension
     [java] Pass 1: Analyzing classes (292 / 357) - 81% complete     0 0/2  292/357 htmlflow/DynamicHtml
     [java] Pass 1: Analyzing classes (293 / 357) - 82% complete     0 0/2  293/357 liqp/LValue
     [java] Pass 1: Analyzing classes (294 / 357) - 82% complete     0 0/2  294/357 org/springframework/web/servlet/LocaleResolver
     [java] Pass 1: Analyzing classes (295 / 357) - 82% complete     0 0/2  295/357 liqp/filters/Minus
     [java] Pass 1: Analyzing classes (296 / 357) - 82% complete     0 0/2  296/357 liqp/filters/Remove_First
     [java] Pass 1: Analyzing classes (297 / 357) - 83% complete     0 0/2  297/357 java/lang/NumberFormatException
     [java] Pass 1: Analyzing classes (298 / 357) - 83% complete     0 0/2  298/357 org/rythmengine/spring/web/RythmViewResolver
     [java] Pass 1: Analyzing classes (299 / 357) - 83% complete     0 0/2  299/357 java/util/Collections
     [java] Pass 1: Analyzing classes (300 / 357) - 84% complete     0 0/2  300/357 org/springframework/web/bind/annotation/RequestMapping
     [java] Pass 1: Analyzing classes (301 / 357) - 84% complete     0 0/2  301/357 liqp/filters/Map
     [java] Pass 1: Analyzing classes (302 / 357) - 84% complete     0 0/2  302/357 org/trimou/util/Arrays
     [java] Pass 1: Analyzing classes (303 / 357) - 84% complete     0 0/2  303/357 org/springframework/web/servlet/view/AbstractUrlBasedView
     [java] Pass 1: Analyzing classes (304 / 357) - 85% complete     0 0/2  304/357 java/lang/RuntimeException
     [java] Pass 1: Analyzing classes (305 / 357) - 85% complete     0 0/2  305/357 org/springframework/beans/factory/BeanNameAware
     [java] Pass 1: Analyzing classes (306 / 357) - 85% complete     0 0/2  306/357 org/trimou/engine/config/ConfigurationAware
     [java] Pass 1: Analyzing classes (307 / 357) - 85% complete     0 0/2  307/357 index$PlainText
     [java] Pass 1: Analyzing classes (308 / 357) - 86% complete     0 0/2  308/357 com/fizzed/rocker/runtime/DefaultRockerTemplate
     [java] Pass 1: Analyzing classes (309 / 357) - 86% complete     0 0/2  309/357 java/lang/invoke/MethodHandles$Lookup
     [java] Pass 1: Analyzing classes (310 / 357) - 86% complete     0 0/2  310/357 liqp/filters/Strip_Newlines
     [java] Pass 1: Analyzing classes (311 / 357) - 87% complete     0 0/2  311/357 org/trimou/engine/MustacheEngine
     [java] Pass 1: Analyzing classes (312 / 357) - 87% complete     0 0/2  312/357 de/neuland/jade4j/spring/view/JadeViewResolver
     [java] Pass 1: Analyzing classes (313 / 357) - 87% complete     0 0/2  313/357 java/util/HashMap
     [java] Pass 1: Analyzing classes (314 / 357) - 87% complete     0 0/2  314/357 org/springframework/http/MediaType
     [java] Pass 1: Analyzing classes (315 / 357) - 88% complete     0 0/2  315/357 com/fizzed/rocker/RenderingException
     [java] Pass 1: Analyzing classes (316 / 357) - 88% complete     0 0/2  316/357 org/slf4j/Logger
     [java] Pass 1: Analyzing classes (317 / 357) - 88% complete     0 0/2  317/357 org/springframework/boot/web/servlet/support/SpringBootServletInitializer$WebEnvironmentPropertySourceInitializer
     [java] Pass 1: Analyzing classes (318 / 357) - 89% complete     0 0/2  318/357 org/trimou/handlebars/Helper
     [java] Pass 1: Analyzing classes (319 / 357) - 89% complete     0 0/2  319/357 java/lang/Appendable
     [java] Pass 1: Analyzing classes (320 / 357) - 89% complete     0 0/2  320/357 com/samskivert/mustache/Template$Fragment
     [java] Pass 1: Analyzing classes (321 / 357) - 89% complete     0 0/2  321/357 com/samskivert/mustache/Mustache$Parser
     [java] Pass 1: Analyzing classes (322 / 357) - 90% complete     0 0/2  322/357 liqp/filters/Size
     [java] Pass 1: Analyzing classes (323 / 357) - 90% complete     0 0/2  323/357 java/util/Set
     [java] Pass 1: Analyzing classes (324 / 357) - 90% complete     0 0/2  324/357 org/springframework/context/annotation/Import
     [java] Pass 1: Analyzing classes (325 / 357) - 91% complete     0 0/2  325/357 liqp/filters/Escape
     [java] Pass 1: Analyzing classes (326 / 357) - 91% complete     0 0/2  326/357 org/springframework/web/context/support/ContextExposingHttpServletRequest
     [java] Pass 1: Analyzing classes (327 / 357) - 91% complete     0 0/2  327/357 java/io/PrintWriter
     [java] Pass 1: Analyzing classes (328 / 357) - 91% complete     0 0/2  328/357 org/springframework/web/servlet/view/RedirectView
     [java] Pass 1: Analyzing classes (329 / 357) - 92% complete     0 0/2  329/357 org/trimou/util/Strings
     [java] Pass 1: Analyzing classes (330 / 357) - 92% complete     0 0/2  330/357 com/fizzed/rocker/runtime/Java8Iterator
     [java] Pass 1: Analyzing classes (331 / 357) - 92% complete     0 0/2  331/357 org/springframework/boot/web/servlet/support/ErrorPageFilterConfiguration
     [java] Pass 1: Analyzing classes (332 / 357) - 92% complete     0 0/2  332/357 com/x5/template/spring/ChunkTemplateView
     [java] Pass 1: Analyzing classes (333 / 357) - 93% complete     0 0/2  333/357 javax/servlet/http/HttpSession
     [java] Pass 1: Analyzing classes (334 / 357) - 93% complete     0 0/2  334/357 com/jeroenreijn/examples/repository/InMemoryPresentationsRepository
     [java] Pass 1: Analyzing classes (335 / 357) - 93% complete     0 0/2  335/357 httl/web/springmvc/HttlViewResolver
     [java] Pass 1: Analyzing classes (336 / 357) - 94% complete     0 0/2  336/357 org/xmlet/htmlapifaster/Title
     [java] Pass 1: Analyzing classes (337 / 357) - 94% complete     0 0/2  337/357 liqp/nodes/AtomNode
     [java] Pass 1: Analyzing classes (338 / 357) - 94% complete     0 0/2  338/357 org/trimou/engine/text/TextSupport
     [java] Pass 1: Analyzing classes (339 / 357) - 94% complete     0 0/2  339/357 org/springframework/context/ResourceLoaderAware
     [java] Pass 1: Analyzing classes (340 / 357) - 95% complete     0 0/2  340/357 com/samskivert/mustache/Mustache$IncludedTemplateSegment
     [java] Pass 1: Analyzing classes (341 / 357) - 95% complete     0 0/2  341/357 com/samskivert/mustache/Mustache$Collector
     [java] Pass 1: Analyzing classes (342 / 357) - 95% complete     0 0/2  342/357 org/springframework/boot/web/servlet/support/SpringBootServletInitializer
     [java] Pass 1: Analyzing classes (343 / 357) - 96% complete     0 0/2  343/357 org/springframework/util/ResourceUtils
     [java] Pass 1: Analyzing classes (344 / 357) - 96% complete     0 0/2  344/357 base$Template
     [java] Pass 1: Analyzing classes (345 / 357) - 96% complete     0 0/2  345/357 org/trimou/handlebars/Options
     [java] Pass 1: Analyzing classes (346 / 357) - 96% complete     0 0/2  346/357 com/samskivert/mustache/Mustache$Formatter
     [java] Pass 1: Analyzing classes (347 / 357) - 97% complete     0 0/2  347/357 org/springframework/beans/BeansException
     [java] Pass 1: Analyzing classes (348 / 357) - 97% complete     0 0/2  348/357 de/neuland/jade4j/spring/template/SpringTemplateLoader
     [java] Pass 1: Analyzing classes (349 / 357) - 97% complete     0 0/2  349/357 com/jeroenreijn/examples/services/PresentationsService
     [java] Pass 1: Analyzing classes (350 / 357) - 98% complete     0 0/2  350/357 java/util/concurrent/ConcurrentMap
     [java] Pass 1: Analyzing classes (351 / 357) - 98% complete     0 0/2  351/357 javax/servlet/http/HttpServletRequest
     [java] Pass 1: Analyzing classes (352 / 357) - 98% complete     0 0/2  352/357 liqp/filters/Filter
     [java] Pass 1: Analyzing classes (353 / 357) - 98% complete     0 0/2  353/357 com/samskivert/mustache/Template
     [java] Pass 1: Analyzing classes (354 / 357) - 99% complete     0 0/2  354/357 org/springframework/web/servlet/view/AbstractCachingViewResolver
     [java] Pass 1: Analyzing classes (355 / 357) - 99% complete     0 0/2  355/357 liqp/filters/Url_Decode
     [java] Pass 1: Analyzing classes (356 / 357) - 99% complete     0 0/2  356/357 com/fizzed/rocker/runtime/ContinueException
     [java] Pass 1: Analyzing classes (357 / 357) - 100% complete     0 : Pass 1: 28 classes
     [java] XFactory cached methods: 4813/6457
     [java] Descriptor factory: 4283/4813/17230
     [java] Pass 2: Analyzing classes (0 / 28) - 00% complete     0 1/2  0/28 com/jeroenreijn/examples/configuration/WebMvcConfig$FaviconController
     [java] Pass 2: Analyzing classes (1 / 28) - 03% complete      48 usecs/byte      38 msec     805 bytes  1 pass com/jeroenreijn/examples/configuration/WebMvcConfig$FaviconController     1 1/2  1/28 com/jeroenreijn/examples/model/SpringMessageSourceHelper
     [java] Pass 2: Analyzing classes (2 / 28) - 07% complete     1 1/2  2/28 com/jeroenreijn/examples/repository/PresentationsRepository
     [java] Pass 2: Analyzing classes (3 / 28) - 10% complete     1 1/2  3/28 base$PlainText
     [java] Pass 2: Analyzing classes (4 / 28) - 14% complete     1 1/2  4/28 com/jeroenreijn/examples/Launch
     [java] Pass 2: Analyzing classes (5 / 28) - 17% complete     1 1/2  5/28 com/jeroenreijn/examples/view/RockerViewResolver
     [java] Pass 2: Analyzing classes (6 / 28) - 21% complete     1 1/2  6/28 com/jeroenreijn/examples/view/TrimouSpringResourceTemplateLocator
     [java] Pass 2: Analyzing classes (7 / 28) - 25% complete     1 1/2  7/28 com/jeroenreijn/examples/view/RockerView
     [java] Pass 2: Analyzing classes (8 / 28) - 28% complete     1 1/2  8/28 com/jeroenreijn/examples/configuration/JtwigConfig
     [java] Pass 2: Analyzing classes (9 / 28) - 32% complete     1 1/2  9/28 com/jeroenreijn/examples/view/HtmlFlowViewResolver
     [java] Pass 2: Analyzing classes (10 / 28) - 35% complete     1 1/2  10/28 com/jeroenreijn/examples/view/TrimouView
     [java] Pass 2: Analyzing classes (11 / 28) - 39% complete     1 1/2  11/28 com/jeroenreijn/examples/model/Presentation
     [java] Pass 2: Analyzing classes (12 / 28) - 42% complete     1 1/2  12/28 com/jeroenreijn/examples/view/HtmlFlowIndexView
     [java] Pass 2: Analyzing classes (13 / 28) - 46% complete     1 1/2  13/28 com/jeroenreijn/examples/view/LiqpView
     [java] Pass 2: Analyzing classes (14 / 28) - 50% complete     1 1/2  14/28 index
     [java] Pass 2: Analyzing classes (15 / 28) - 53% complete     1 1/2  15/28 com/jeroenreijn/examples/model/i18nLayout
     [java] Pass 2: Analyzing classes (16 / 28) - 57% complete     1 1/2  16/28 com/jeroenreijn/examples/view/HtmlFlowView
     [java] Pass 2: Analyzing classes (17 / 28) - 60% complete     1 1/2  17/28 com/jeroenreijn/examples/services/PresentationsService
     [java] Pass 2: Analyzing classes (18 / 28) - 64% complete     1 1/2  18/28 com/jeroenreijn/examples/view/LiqpViewResolver$1
     [java] Pass 2: Analyzing classes (19 / 28) - 67% complete     1 1/2  19/28 com/jeroenreijn/examples/view/TrimouViewResolver
     [java] Pass 2: Analyzing classes (20 / 28) - 71% complete     1 1/2  20/28 index$PlainText
     [java] Pass 2: Analyzing classes (21 / 28) - 75% complete     1 1/2  21/28 base
     [java] Pass 2: Analyzing classes (22 / 28) - 78% complete     1 1/2  22/28 com/jeroenreijn/examples/controller/PresentationsController
     [java] Pass 2: Analyzing classes (23 / 28) - 82% complete     1 1/2  23/28 base$Template
     [java] Pass 2: Analyzing classes (24 / 28) - 85% complete     1 1/2  24/28 index$Template
     [java] Pass 2: Analyzing classes (25 / 28) - 89% complete     1 1/2  25/28 com/jeroenreijn/examples/repository/InMemoryPresentationsRepository
     [java] Pass 2: Analyzing classes (26 / 28) - 92% complete     1 1/2  26/28 com/jeroenreijn/examples/view/LiqpViewResolver
     [java] Pass 2: Analyzing classes (27 / 28) - 96% complete     1 1/2  27/28 com/jeroenreijn/examples/configuration/WebMvcConfig
     [java] Pass 2: Analyzing classes (28 / 28) - 100% completeDone with analysis
     [java] Analysis completed
[INFO] Done SpotBugs Analysis....
[INFO] 
[INFO] <<< spotbugs-maven-plugin:4.2.3-SNAPSHOT:check (default-cli) < :spotbugs @ spring-comparing-template-engines <<<
[INFO] 
[INFO] 
[INFO] --- spotbugs-maven-plugin:4.2.3-SNAPSHOT:check (default-cli) @ spring-comparing-template-engines ---
[INFO] BugInstance size is 3
[INFO] Error size is 0
[INFO] Total bugs: 3
[ERROR] Medium: The class name base doesn't start with an upper case letter [base] At base.java:[lines 15-79] NM_CLASS_NAMING_CONVENTION
[ERROR] Medium: The class name com.jeroenreijn.examples.model.i18nLayout doesn't start with an upper case letter [com.jeroenreijn.examples.model.i18nLayout] At i18nLayout.java:[lines 19-37] NM_CLASS_NAMING_CONVENTION
[ERROR] Medium: The class name index doesn't start with an upper case letter [index] At index.java:[lines 21-62] NM_CLASS_NAMING_CONVENTION
[INFO] 


To see bug detail using the Spotbugs GUI, use the following command "mvn spotbugs:gui"



[INFO] ------------------------------------------------------------------------
[INFO] BUILD FAILURE
[INFO] ------------------------------------------------------------------------
[INFO] Total time:  7.171 s
[INFO] Finished at: 2021-03-29T14:22:01+08:00
[INFO] ------------------------------------------------------------------------
[ERROR] Failed to execute goal com.github.spotbugs:spotbugs-maven-plugin:4.2.3-SNAPSHOT:check (default-cli) on project spring-comparing-template-engines: failed with 3 bugs and 0 errors -> [Help 1]
[ERROR] 
[ERROR] To see the full stack trace of the errors, re-run Maven with the -e switch.
[ERROR] Re-run Maven using the -X switch to enable full debug logging.
[ERROR] 
[ERROR] For more information about the errors and possible solutions, please read the following articles:
[ERROR] [Help 1] http://cwiki.apache.org/confluence/display/MAVEN/MojoExecutionException
[INFO] Build failures were ignored.
