WARNING: An illegal reflective access operation has occurred
WARNING: Illegal reflective access by com.google.inject.internal.cglib.core.$ReflectUtils$1 (file:/usr/share/maven/lib/guice.jar) to method java.lang.ClassLoader.defineClass(java.lang.String,byte[],int,int,java.security.ProtectionDomain)
WARNING: Please consider reporting this to the maintainers of com.google.inject.internal.cglib.core.$ReflectUtils$1
WARNING: Use --illegal-access=warn to enable warnings of further illegal reflective access operations
WARNING: All illegal access operations will be denied in a future release
[INFO] Scanning for projects...
[INFO] 
[INFO] ------------------< io.jonashackt:spring-boot-graal >-------------------
[INFO] Building spring-boot-graal 0.0.1-SNAPSHOT
[INFO] --------------------------------[ jar ]---------------------------------
[INFO] 
[INFO] >>> spotbugs-maven-plugin:4.2.3-SNAPSHOT:check (default-cli) > :spotbugs @ spring-boot-graal >>>
[INFO] 
[INFO] --- spotbugs-maven-plugin:4.2.3-SNAPSHOT:spotbugs (spotbugs) @ spring-boot-graal ---
[INFO] Fork Value is true
     [java] Loading edu.umd.cs.findbugs.plugins.core
     [java] Registering detector: edu.umd.cs.findbugs.detect.OverridingMethodsMustInvokeSuperDetector
     [java] Registering detector: edu.umd.cs.findbugs.detect.FindRoughConstants
     [java] Registering detector: edu.umd.cs.findbugs.detect.FunctionsThatMightBeMistakenForProcedures
     [java] Registering detector: edu.umd.cs.findbugs.detect.NoteSuppressedWarnings
     [java] Registering detector: edu.umd.cs.findbugs.detect.NoteAnnotationRetention
     [java] Registering detector: edu.umd.cs.findbugs.detect.NoteDirectlyRelevantTypeQualifiers
     [java] Registering detector: edu.umd.cs.findbugs.detect.BuildInterproceduralCallGraph
     [java] Registering detector: edu.umd.cs.findbugs.detect.BuildObligationPolicyDatabase
     [java] Registering detector: edu.umd.cs.findbugs.detect.SynchronizeAndNullCheckField
     [java] Registering detector: edu.umd.cs.findbugs.detect.InitializeNonnullFieldsInConstructor
     [java] Registering detector: edu.umd.cs.findbugs.detect.BooleanReturnNull
     [java] Registering detector: edu.umd.cs.findbugs.detect.OptionalReturnNull
     [java] Registering detector: edu.umd.cs.findbugs.detect.NoteJCIPAnnotation
     [java] Registering detector: edu.umd.cs.findbugs.detect.Methods
     [java] Registering detector: edu.umd.cs.findbugs.detect.ReflectiveClasses
     [java] Registering detector: edu.umd.cs.findbugs.detect.CalledMethods
     [java] Registering detector: edu.umd.cs.findbugs.detect.FindNoSideEffectMethods
     [java] Registering detector: edu.umd.cs.findbugs.detect.BuildStringPassthruGraph
     [java] Registering detector: edu.umd.cs.findbugs.detect.ConfusionBetweenInheritedAndOuterMethod
     [java] Registering detector: edu.umd.cs.findbugs.detect.SynchronizationOnSharedBuiltinConstant
     [java] Registering detector: edu.umd.cs.findbugs.detect.NoteCheckReturnValueAnnotations
     [java] Registering detector: edu.umd.cs.findbugs.detect.FieldItemSummary
     [java] Registering detector: edu.umd.cs.findbugs.detect.NoteNonNullAnnotations
     [java] Registering detector: edu.umd.cs.findbugs.detect.NoteUnconditionalParamDerefs
     [java] Registering detector: edu.umd.cs.findbugs.detect.NoteNonnullReturnValues
     [java] Registering detector: edu.umd.cs.findbugs.detect.SynchronizeOnClassLiteralNotGetClass
     [java] Registering detector: edu.umd.cs.findbugs.detect.InfiniteRecursiveLoop
     [java] Registering detector: edu.umd.cs.findbugs.detect.InfiniteLoop
     [java] Registering detector: edu.umd.cs.findbugs.detect.VolatileUsage
     [java] Registering detector: edu.umd.cs.findbugs.detect.InheritanceUnsafeGetResource
     [java] Registering detector: edu.umd.cs.findbugs.detect.EmptyZipFileEntry
     [java] Registering detector: edu.umd.cs.findbugs.detect.DoInsideDoPrivileged
     [java] Registering detector: edu.umd.cs.findbugs.detect.HugeSharedStringConstants
     [java] Registering detector: edu.umd.cs.findbugs.detect.FinalizerNullsFields
     [java] Registering detector: edu.umd.cs.findbugs.detect.MutableEnum
     [java] Registering detector: edu.umd.cs.findbugs.detect.InconsistentAnnotations
     [java] Registering detector: edu.umd.cs.findbugs.detect.RepeatedConditionals
     [java] Registering detector: edu.umd.cs.findbugs.detect.RedundantConditions
     [java] Registering detector: edu.umd.cs.findbugs.detect.CallToUnsupportedMethod
     [java] Registering detector: edu.umd.cs.findbugs.detect.FormatStringChecker
     [java] Registering detector: edu.umd.cs.findbugs.detect.LostLoggerDueToWeakReference
     [java] Registering detector: edu.umd.cs.findbugs.detect.TestingGround
     [java] Registering detector: edu.umd.cs.findbugs.detect.TestingGround2
     [java] Registering detector: edu.umd.cs.findbugs.detect.NoiseNullDeref
     [java] Registering detector: edu.umd.cs.findbugs.detect.Noise
     [java] Registering detector: edu.umd.cs.findbugs.detect.EqualsOperandShouldHaveClassCompatibleWithThis
     [java] Registering detector: edu.umd.cs.findbugs.detect.ResolveAllReferences
     [java] Registering detector: edu.umd.cs.findbugs.detect.CheckImmutableAnnotation
     [java] Registering detector: edu.umd.cs.findbugs.detect.DontCatchIllegalMonitorStateException
     [java] Registering detector: edu.umd.cs.findbugs.detect.FindFloatMath
     [java] Registering detector: edu.umd.cs.findbugs.detect.CloneIdiom
     [java] Registering detector: edu.umd.cs.findbugs.detect.ComparatorIdiom
     [java] Registering detector: edu.umd.cs.findbugs.detect.FindFieldSelfAssignment
     [java] Registering detector: edu.umd.cs.findbugs.detect.FindSelfComparison
     [java] Registering detector: edu.umd.cs.findbugs.detect.FindSelfComparison2
     [java] Registering detector: edu.umd.cs.findbugs.detect.DroppedException
     [java] Registering detector: edu.umd.cs.findbugs.detect.LoadOfKnownNullValue
     [java] Registering detector: edu.umd.cs.findbugs.detect.DumbMethodInvocations
     [java] Registering detector: edu.umd.cs.findbugs.detect.URLProblems
     [java] Registering detector: edu.umd.cs.findbugs.detect.CovariantArrayAssignment
     [java] Registering detector: edu.umd.cs.findbugs.detect.DumbMethods
     [java] Registering detector: edu.umd.cs.findbugs.detect.NumberConstructor
     [java] Registering detector: edu.umd.cs.findbugs.detect.FindSqlInjection
     [java] Registering detector: edu.umd.cs.findbugs.detect.FindDoubleCheck
     [java] Registering detector: edu.umd.cs.findbugs.detect.FindFinalizeInvocations
     [java] Registering detector: edu.umd.cs.findbugs.detect.FindHEmismatch
     [java] Registering detector: edu.umd.cs.findbugs.detect.OverridingEqualsNotSymmetrical
     [java] Registering detector: edu.umd.cs.findbugs.detect.FindNakedNotify
     [java] Registering detector: edu.umd.cs.findbugs.detect.FindReturnRef
     [java] Registering detector: edu.umd.cs.findbugs.detect.FindRunInvocations
     [java] Registering detector: edu.umd.cs.findbugs.detect.SwitchFallthrough
     [java] Registering detector: edu.umd.cs.findbugs.detect.FindSpinLoop
     [java] Registering detector: edu.umd.cs.findbugs.detect.FindNonShortCircuit
     [java] Registering detector: edu.umd.cs.findbugs.detect.FindTwoLockWait
     [java] Registering detector: edu.umd.cs.findbugs.detect.FindUnconditionalWait
     [java] Registering detector: edu.umd.cs.findbugs.detect.FindUninitializedGet
     [java] Registering detector: edu.umd.cs.findbugs.detect.DontUseEnum
     [java] Registering detector: edu.umd.cs.findbugs.detect.FindUnsyncGet
     [java] Registering detector: edu.umd.cs.findbugs.detect.InitializationChain
     [java] Registering detector: edu.umd.cs.findbugs.detect.IteratorIdioms
     [java] Registering detector: edu.umd.cs.findbugs.detect.PreferZeroLengthArrays
     [java] Registering detector: edu.umd.cs.findbugs.detect.SynchronizingOnContentsOfFieldToProtectField
     [java] Registering detector: edu.umd.cs.findbugs.detect.MutableLock
     [java] Registering detector: edu.umd.cs.findbugs.detect.FindUselessObjects
     [java] Registering detector: edu.umd.cs.findbugs.detect.MutableStaticFields
     [java] Registering detector: edu.umd.cs.findbugs.detect.Naming
     [java] Registering detector: edu.umd.cs.findbugs.detect.ReadReturnShouldBeChecked
     [java] Registering detector: edu.umd.cs.findbugs.detect.SerializableIdiom
     [java] Registering detector: edu.umd.cs.findbugs.detect.StartInConstructor
     [java] Registering detector: edu.umd.cs.findbugs.detect.FindBadForLoop
     [java] Registering detector: edu.umd.cs.findbugs.detect.ExplicitSerialization
     [java] Registering detector: edu.umd.cs.findbugs.detect.UnreadFields
     [java] Registering detector: edu.umd.cs.findbugs.detect.WaitInLoop
     [java] Registering detector: edu.umd.cs.findbugs.detect.FindComparatorProblems
     [java] Registering detector: edu.umd.cs.findbugs.detect.FindNullDeref
     [java] Registering detector: edu.umd.cs.findbugs.detect.FindNullDerefsInvolvingNonShortCircuitEvaluation
     [java] Registering detector: edu.umd.cs.findbugs.detect.FindOpenStream
     [java] Registering detector: edu.umd.cs.findbugs.detect.FindUselessControlFlow
     [java] Registering detector: edu.umd.cs.findbugs.detect.FindUnreleasedLock
     [java] Registering detector: edu.umd.cs.findbugs.detect.FindRefComparison
     [java] Registering detector: edu.umd.cs.findbugs.detect.FindMismatchedWaitOrNotify
     [java] Registering detector: edu.umd.cs.findbugs.detect.FindEmptySynchronizedBlock
     [java] Registering detector: edu.umd.cs.findbugs.detect.FindInconsistentSync2
     [java] Registering detector: edu.umd.cs.findbugs.detect.FindLocalSelfAssignment2
     [java] Registering detector: edu.umd.cs.findbugs.detect.IncompatMask
     [java] Registering detector: edu.umd.cs.findbugs.detect.LazyInit
     [java] Registering detector: edu.umd.cs.findbugs.detect.FindJSR166LockMonitorenter
     [java] Registering detector: edu.umd.cs.findbugs.detect.FindUncalledPrivateMethods
     [java] Registering detector: edu.umd.cs.findbugs.detect.UncallableMethodOfAnonymousClass
     [java] Registering detector: edu.umd.cs.findbugs.detect.StringConcatenation
     [java] Registering detector: edu.umd.cs.findbugs.detect.InefficientInitializationInsideLoop
     [java] Registering detector: edu.umd.cs.findbugs.detect.InefficientIndexOf
     [java] Registering detector: edu.umd.cs.findbugs.detect.InefficientToArray
     [java] Registering detector: edu.umd.cs.findbugs.detect.InvalidJUnitTest
     [java] Registering detector: edu.umd.cs.findbugs.detect.BadlyOverriddenAdapter
     [java] Registering detector: edu.umd.cs.findbugs.detect.BadResultSetAccess
     [java] Registering detector: edu.umd.cs.findbugs.detect.SuperfluousInstanceOf
     [java] Registering detector: edu.umd.cs.findbugs.detect.BadAppletConstructor
     [java] Registering detector: edu.umd.cs.findbugs.detect.SuspiciousThreadInterrupted
     [java] Registering detector: edu.umd.cs.findbugs.detect.FindDeadLocalStores
     [java] Registering detector: edu.umd.cs.findbugs.detect.FindMaskedFields
     [java] Registering detector: edu.umd.cs.findbugs.detect.WrongMapIterator
     [java] Registering detector: edu.umd.cs.findbugs.detect.InstantiateStaticClass
     [java] Registering detector: edu.umd.cs.findbugs.detect.RuntimeExceptionCapture
     [java] Registering detector: edu.umd.cs.findbugs.detect.FindFloatEquality
     [java] Registering detector: edu.umd.cs.findbugs.detect.FindUnsatisfiedObligation
     [java] Registering detector: edu.umd.cs.findbugs.detect.UnnecessaryMath
     [java] Registering detector: edu.umd.cs.findbugs.detect.FindCircularDependencies
     [java] Registering detector: edu.umd.cs.findbugs.detect.RedundantInterfaces
     [java] Registering detector: edu.umd.cs.findbugs.detect.MultithreadedInstanceAccess
     [java] Registering detector: edu.umd.cs.findbugs.detect.PublicSemaphores
     [java] Registering detector: edu.umd.cs.findbugs.detect.BadUseOfReturnValue
     [java] Registering detector: edu.umd.cs.findbugs.detect.MethodReturnCheck
     [java] Registering detector: edu.umd.cs.findbugs.detect.IDivResultCastToDouble
     [java] Registering detector: edu.umd.cs.findbugs.detect.FindBadCast2
     [java] Registering detector: edu.umd.cs.findbugs.detect.FindUseOfNonSerializableValue
     [java] Registering detector: edu.umd.cs.findbugs.detect.FindNonSerializableStoreIntoSession
     [java] Registering detector: edu.umd.cs.findbugs.detect.FindNonSerializableValuePassedToWriteObject
     [java] Registering detector: edu.umd.cs.findbugs.detect.BadSyntaxForRegularExpression
     [java] Registering detector: edu.umd.cs.findbugs.detect.VarArgsProblems
     [java] Registering detector: edu.umd.cs.findbugs.detect.FindPuzzlers
     [java] Registering detector: edu.umd.cs.findbugs.detect.IntCast2LongAsInstant
     [java] Registering detector: edu.umd.cs.findbugs.detect.FindSleepWithLockHeld
     [java] Registering detector: edu.umd.cs.findbugs.detect.InefficientMemberAccess
     [java] Registering detector: edu.umd.cs.findbugs.detect.DuplicateBranches
     [java] Registering detector: edu.umd.cs.findbugs.detect.XMLFactoryBypass
     [java] Registering detector: edu.umd.cs.findbugs.detect.UselessSubclassMethod
     [java] Registering detector: edu.umd.cs.findbugs.detect.ConfusedInheritance
     [java] Registering detector: edu.umd.cs.findbugs.detect.QuestionableBooleanAssignment
     [java] Registering detector: edu.umd.cs.findbugs.detect.TrainUnconditionalDerefParams
     [java] Registering detector: edu.umd.cs.findbugs.detect.TrainLongInstantfParams
     [java] Registering detector: edu.umd.cs.findbugs.detect.TrainFieldStoreTypes
     [java] Registering detector: edu.umd.cs.findbugs.detect.TrainNonNullAnnotations
     [java] Registering detector: edu.umd.cs.findbugs.detect.CheckCalls
     [java] Registering detector: edu.umd.cs.findbugs.detect.FindBugsSummaryStats
     [java] Registering detector: edu.umd.cs.findbugs.detect.AppendingToAnObjectOutputStream
     [java] Registering detector: edu.umd.cs.findbugs.detect.TestASM
     [java] Registering detector: edu.umd.cs.findbugs.detect.FindUnrelatedTypesInGenericContainer
     [java] Registering detector: edu.umd.cs.findbugs.detect.StaticCalendarDetector
     [java] Registering detector: edu.umd.cs.findbugs.detect.TestDataflowAnalysis
     [java] Registering detector: edu.umd.cs.findbugs.detect.CheckTypeQualifiers
     [java] Registering detector: edu.umd.cs.findbugs.detect.CrossSiteScripting
     [java] Registering detector: edu.umd.cs.findbugs.detect.DontIgnoreResultOfPutIfAbsent
     [java] Registering detector: edu.umd.cs.findbugs.detect.ReadOfInstanceFieldInMethodInvokedByConstructorInSuperclass
     [java] Registering detector: edu.umd.cs.findbugs.detect.AtomicityProblem
     [java] Registering detector: edu.umd.cs.findbugs.detect.CheckExpectedWarnings
     [java] Registering detector: edu.umd.cs.findbugs.detect.DefaultEncodingDetector
     [java] Registering detector: edu.umd.cs.findbugs.detect.CheckRelaxingNullnessAnnotation
     [java] Registering detector: edu.umd.cs.findbugs.detect.DontAssertInstanceofInTests
     [java] Scanning archives (0 / 51)Scanning archives (1 / 51)Scanning archives (2 / 51)Scanning archives (3 / 51)Scanning archives (4 / 51)Scanning archives (5 / 51)Scanning archives (6 / 51)Scanning archives (7 / 51)Scanning archives (8 / 51)Scanning archives (9 / 51)Scanning archives (10 / 51)Scanning archives (11 / 51)Scanning archives (12 / 51)Scanning archives (13 / 51)Scanning archives (14 / 51)Scanning archives (15 / 51)Scanning archives (16 / 51)Scanning archives (17 / 51)Scanning archives (18 / 51)Scanning archives (19 / 51)Scanning archives (20 / 51)Scanning archives (21 / 51)Scanning archives (22 / 51)Scanning archives (23 / 51)Scanning archives (24 / 51)Scanning archives (25 / 51)Scanning archives (26 / 51)Scanning archives (27 / 51)Scanning archives (28 / 51)Scanning archives (29 / 51)Scanning archives (30 / 51)Scanning archives (31 / 51)Scanning archives (32 / 51)Scanning archives (33 / 51)Scanning archives (34 / 51)Scanning archives (35 / 51)Scanning archives (36 / 51)Scanning archives (37 / 51)Scanning archives (38 / 51)Scanning archives (39 / 51)Scanning archives (40 / 51)Scanning archives (41 / 51)Scanning archives (42 / 51)Scanning archives (43 / 51)Scanning archives (44 / 51)Scanning archives (45 / 51)Scanning archives (46 / 51)Scanning archives (47 / 51)Scanning archives (48 / 51)Scanning archives (49 / 51)Scanning archives (50 / 51)Scanning archives (51 / 51)3 classes scannedAdding referenced classes
     [java] Added 0 referenced classes
     [java] Total of 13 packages
     [java]   org/springframework/web/reactive/function/server/ServerResponse$BodyBuilder
     [java]   java/lang/Integer
     [java]   java/lang/invoke/MethodHandles$Lookup
     [java]   java/lang/StringBuilder
     [java]   reactor/core/publisher/Mono
     [java]   org/springframework/http/MediaType
     [java]   java/lang/InterruptedException
     [java]   java/lang/invoke/CallSite
     [java]   org/springframework/web/reactive/function/server/ServerRequest
     [java]   org/springframework/web/reactive/function/BodyInserters
     [java]   org/springframework/boot/SpringApplication
     [java]   io/jonashackt/springbootgraal/SpringBootHelloApplication
     [java]   java/lang/String
     [java]   org/springframework/context/annotation/Bean
     [java]   org/springframework/web/reactive/function/server/HandlerFunction
     [java]   java/lang/invoke/LambdaMetafactory
     [java]   org/springframework/web/reactive/function/server/ServerResponse
     [java]   org/springframework/boot/autoconfigure/SpringBootApplication
     [java]   io/jonashackt/springbootgraal/HelloHandler
     [java]   java/lang/Throwable
     [java]   org/springframework/web/reactive/function/server/RouterFunction
     [java]   org/springframework/context/ConfigurableApplicationContext
     [java]   io/jonashackt/springbootgraal/HelloRouter
     [java]   java/lang/invoke/MethodType
     [java]   java/lang/IllegalArgumentException
     [java]   java/lang/CloneNotSupportedException
     [java]   org/springframework/web/reactive/function/server/RequestPredicates
     [java]   org/springframework/stereotype/Component
     [java]   java/lang/Object
     [java]   org/springframework/web/reactive/function/server/RequestPredicate
     [java]   java/lang/invoke/MethodHandle
     [java]   org/springframework/web/reactive/function/server/RouterFunctions
     [java]   org/springframework/web/reactive/function/BodyInserter
     [java]   java/lang/invoke/MethodHandles
     [java]   jdk/internal/HotSpotIntrinsicCandidate
     [java]   java/lang/Class
     [java]   java/lang/Deprecated
     [java] Adding plugin edu.umd.cs.findbugs.plugins.core to execution plan
     [java] Dependences force enabling of edu.umd.cs.findbugs.detect.FieldItemSummary
     [java] Dependences force enabling of edu.umd.cs.findbugs.detect.NoteSuppressedWarnings
     [java] Dependences force enabling of edu.umd.cs.findbugs.detect.FunctionsThatMightBeMistakenForProcedures
     [java] Dependences force enabling of edu.umd.cs.findbugs.detect.FindNoSideEffectMethods
     [java] Dependences force enabling of edu.umd.cs.findbugs.detect.NoteCheckReturnValueAnnotations
     [java] Dependences force enabling of edu.umd.cs.findbugs.detect.EqualsOperandShouldHaveClassCompatibleWithThis
     [java] Dependences force enabling of edu.umd.cs.findbugs.detect.NoteAnnotationRetention
     [java] Dependences force enabling of edu.umd.cs.findbugs.detect.FindBugsSummaryStats
     [java] 2 passes in execution plan
     [java] 2 analysis passes to perform     0 : Pass 0: 37 classesXFactory cached methods: 1345/1345
     [java] Descriptor factory: 1114/1345/9888
     [java] Pass 1: Analyzing classes (0 / 37) - 00% complete     0 0/2  0/37 org/springframework/web/reactive/function/server/ServerResponse$BodyBuilder
     [java] Pass 1: Analyzing classes (1 / 37) - 02% complete     0 0/2  1/37 java/lang/Integer
     [java] Pass 1: Analyzing classes (2 / 37) - 05% complete     0 0/2  2/37 java/lang/invoke/MethodHandles$Lookup
     [java] Pass 1: Analyzing classes (3 / 37) - 08% complete     0 0/2  3/37 java/lang/StringBuilder
     [java] Pass 1: Analyzing classes (4 / 37) - 10% complete     0 0/2  4/37 reactor/core/publisher/Mono
     [java] Pass 1: Analyzing classes (5 / 37) - 13% complete     0 0/2  5/37 org/springframework/http/MediaType
     [java] Pass 1: Analyzing classes (6 / 37) - 16% complete     0 0/2  6/37 java/lang/InterruptedException
     [java] Pass 1: Analyzing classes (7 / 37) - 18% complete     0 0/2  7/37 java/lang/invoke/CallSite
     [java] Pass 1: Analyzing classes (8 / 37) - 21% complete     0 0/2  8/37 org/springframework/web/reactive/function/server/ServerRequest
     [java] Pass 1: Analyzing classes (9 / 37) - 24% complete     0 0/2  9/37 org/springframework/web/reactive/function/BodyInserters
     [java] Pass 1: Analyzing classes (10 / 37) - 27% complete     0 0/2  10/37 org/springframework/boot/SpringApplication
     [java] Pass 1: Analyzing classes (11 / 37) - 29% complete     0 0/2  11/37 io/jonashackt/springbootgraal/SpringBootHelloApplication
     [java] Pass 1: Analyzing classes (12 / 37) - 32% complete     0 0/2  12/37 java/lang/String
     [java] Pass 1: Analyzing classes (13 / 37) - 35% complete     0 0/2  13/37 org/springframework/context/annotation/Bean
     [java] Pass 1: Analyzing classes (14 / 37) - 37% complete     0 0/2  14/37 org/springframework/web/reactive/function/server/HandlerFunction
     [java] Pass 1: Analyzing classes (15 / 37) - 40% complete     0 0/2  15/37 java/lang/invoke/LambdaMetafactory
     [java] Pass 1: Analyzing classes (16 / 37) - 43% complete     0 0/2  16/37 org/springframework/web/reactive/function/server/ServerResponse
     [java] Pass 1: Analyzing classes (17 / 37) - 45% complete     0 0/2  17/37 org/springframework/boot/autoconfigure/SpringBootApplication
     [java] Pass 1: Analyzing classes (18 / 37) - 48% complete     0 0/2  18/37 io/jonashackt/springbootgraal/HelloHandler
     [java] Pass 1: Analyzing classes (19 / 37) - 51% complete     0 0/2  19/37 java/lang/Throwable
     [java] Pass 1: Analyzing classes (20 / 37) - 54% complete     0 0/2  20/37 org/springframework/web/reactive/function/server/RouterFunction
     [java] Pass 1: Analyzing classes (21 / 37) - 56% complete     0 0/2  21/37 org/springframework/context/ConfigurableApplicationContext
     [java] Pass 1: Analyzing classes (22 / 37) - 59% complete     0 0/2  22/37 io/jonashackt/springbootgraal/HelloRouter
     [java] Pass 1: Analyzing classes (23 / 37) - 62% complete     0 0/2  23/37 java/lang/invoke/MethodType
     [java] Pass 1: Analyzing classes (24 / 37) - 64% complete     0 0/2  24/37 java/lang/IllegalArgumentException
     [java] Pass 1: Analyzing classes (25 / 37) - 67% complete     0 0/2  25/37 java/lang/CloneNotSupportedException
     [java] Pass 1: Analyzing classes (26 / 37) - 70% complete     0 0/2  26/37 org/springframework/web/reactive/function/server/RequestPredicates
     [java] Pass 1: Analyzing classes (27 / 37) - 72% complete     0 0/2  27/37 org/springframework/stereotype/Component
     [java] Pass 1: Analyzing classes (28 / 37) - 75% complete     0 0/2  28/37 java/lang/Object
     [java] Pass 1: Analyzing classes (29 / 37) - 78% complete     0 0/2  29/37 org/springframework/web/reactive/function/server/RequestPredicate
     [java] Pass 1: Analyzing classes (30 / 37) - 81% complete     0 0/2  30/37 java/lang/invoke/MethodHandle
     [java] Pass 1: Analyzing classes (31 / 37) - 83% complete     0 0/2  31/37 org/springframework/web/reactive/function/server/RouterFunctions
     [java] Pass 1: Analyzing classes (32 / 37) - 86% complete     0 0/2  32/37 org/springframework/web/reactive/function/BodyInserter
     [java] Pass 1: Analyzing classes (33 / 37) - 89% complete     0 0/2  33/37 java/lang/invoke/MethodHandles
     [java] Pass 1: Analyzing classes (34 / 37) - 91% complete     0 0/2  34/37 jdk/internal/HotSpotIntrinsicCandidate
     [java] Pass 1: Analyzing classes (35 / 37) - 94% complete     0 0/2  35/37 java/lang/Class
     [java] Pass 1: Analyzing classes (36 / 37) - 97% complete     0 0/2  36/37 java/lang/Deprecated
     [java] Pass 1: Analyzing classes (37 / 37) - 100% complete     0 : Pass 1: 3 classes
     [java] XFactory cached methods: 1345/2283
     [java] Descriptor factory: 1114/1345/12013
     [java] Pass 2: Analyzing classes (0 / 3) - 00% complete     0 1/2  0/3 io/jonashackt/springbootgraal/HelloHandler
     [java] Pass 2: Analyzing classes (1 / 3) - 33% complete      22 usecs/byte      41 msec    1854 bytes  1 pass io/jonashackt/springbootgraal/HelloHandler     0 1/2  1/3 io/jonashackt/springbootgraal/SpringBootHelloApplication
     [java] Pass 2: Analyzing classes (2 / 3) - 66% complete     0 1/2  2/3 io/jonashackt/springbootgraal/HelloRouter
     [java] Pass 2: Analyzing classes (3 / 3) - 100% completeDone with analysis
     [java] Analysis completed
[INFO] Done SpotBugs Analysis....
[INFO] 
[INFO] <<< spotbugs-maven-plugin:4.2.3-SNAPSHOT:check (default-cli) < :spotbugs @ spring-boot-graal <<<
[INFO] 
[INFO] 
[INFO] --- spotbugs-maven-plugin:4.2.3-SNAPSHOT:check (default-cli) @ spring-boot-graal ---
[INFO] BugInstance size is 0
[INFO] Error size is 0
[INFO] No errors/warnings found
[INFO] ------------------------------------------------------------------------
[INFO] BUILD SUCCESS
[INFO] ------------------------------------------------------------------------
[INFO] Total time:  3.238 s
[INFO] Finished at: 2021-03-29T14:31:51+08:00
[INFO] ------------------------------------------------------------------------
