WARNING: An illegal reflective access operation has occurred
WARNING: Illegal reflective access by com.google.inject.internal.cglib.core.$ReflectUtils$1 (file:/usr/share/maven/lib/guice.jar) to method java.lang.ClassLoader.defineClass(java.lang.String,byte[],int,int,java.security.ProtectionDomain)
WARNING: Please consider reporting this to the maintainers of com.google.inject.internal.cglib.core.$ReflectUtils$1
WARNING: Use --illegal-access=warn to enable warnings of further illegal reflective access operations
WARNING: All illegal access operations will be denied in a future release
[INFO] Scanning for projects...
[INFO] 
[INFO] -----------------------< org.apdplat:superword >------------------------
[INFO] Building superword 1.0
[INFO] --------------------------------[ war ]---------------------------------
[INFO] 
[INFO] >>> spotbugs-maven-plugin:4.2.3-SNAPSHOT:check (default-cli) > :spotbugs @ superword >>>
[INFO] 
[INFO] --- spotbugs-maven-plugin:4.2.3-SNAPSHOT:spotbugs (spotbugs) @ superword ---
[INFO] Fork Value is true
     [java] Loading edu.umd.cs.findbugs.plugins.core
     [java] Registering detector: edu.umd.cs.findbugs.detect.OverridingMethodsMustInvokeSuperDetector
     [java] Registering detector: edu.umd.cs.findbugs.detect.FindRoughConstants
     [java] Registering detector: edu.umd.cs.findbugs.detect.FunctionsThatMightBeMistakenForProcedures
     [java] Registering detector: edu.umd.cs.findbugs.detect.NoteSuppressedWarnings
     [java] Registering detector: edu.umd.cs.findbugs.detect.NoteAnnotationRetention
     [java] Registering detector: edu.umd.cs.findbugs.detect.NoteDirectlyRelevantTypeQualifiers
     [java] Registering detector: edu.umd.cs.findbugs.detect.BuildInterproceduralCallGraph
     [java] Registering detector: edu.umd.cs.findbugs.detect.BuildObligationPolicyDatabase
     [java] Registering detector: edu.umd.cs.findbugs.detect.SynchronizeAndNullCheckField
     [java] Registering detector: edu.umd.cs.findbugs.detect.InitializeNonnullFieldsInConstructor
     [java] Registering detector: edu.umd.cs.findbugs.detect.BooleanReturnNull
     [java] Registering detector: edu.umd.cs.findbugs.detect.OptionalReturnNull
     [java] Registering detector: edu.umd.cs.findbugs.detect.NoteJCIPAnnotation
     [java] Registering detector: edu.umd.cs.findbugs.detect.Methods
     [java] Registering detector: edu.umd.cs.findbugs.detect.ReflectiveClasses
     [java] Registering detector: edu.umd.cs.findbugs.detect.CalledMethods
     [java] Registering detector: edu.umd.cs.findbugs.detect.FindNoSideEffectMethods
     [java] Registering detector: edu.umd.cs.findbugs.detect.BuildStringPassthruGraph
     [java] Registering detector: edu.umd.cs.findbugs.detect.ConfusionBetweenInheritedAndOuterMethod
     [java] Registering detector: edu.umd.cs.findbugs.detect.SynchronizationOnSharedBuiltinConstant
     [java] Registering detector: edu.umd.cs.findbugs.detect.NoteCheckReturnValueAnnotations
     [java] Registering detector: edu.umd.cs.findbugs.detect.FieldItemSummary
     [java] Registering detector: edu.umd.cs.findbugs.detect.NoteNonNullAnnotations
     [java] Registering detector: edu.umd.cs.findbugs.detect.NoteUnconditionalParamDerefs
     [java] Registering detector: edu.umd.cs.findbugs.detect.NoteNonnullReturnValues
     [java] Registering detector: edu.umd.cs.findbugs.detect.SynchronizeOnClassLiteralNotGetClass
     [java] Registering detector: edu.umd.cs.findbugs.detect.InfiniteRecursiveLoop
     [java] Registering detector: edu.umd.cs.findbugs.detect.InfiniteLoop
     [java] Registering detector: edu.umd.cs.findbugs.detect.VolatileUsage
     [java] Registering detector: edu.umd.cs.findbugs.detect.InheritanceUnsafeGetResource
     [java] Registering detector: edu.umd.cs.findbugs.detect.EmptyZipFileEntry
     [java] Registering detector: edu.umd.cs.findbugs.detect.DoInsideDoPrivileged
     [java] Registering detector: edu.umd.cs.findbugs.detect.HugeSharedStringConstants
     [java] Registering detector: edu.umd.cs.findbugs.detect.FinalizerNullsFields
     [java] Registering detector: edu.umd.cs.findbugs.detect.MutableEnum
     [java] Registering detector: edu.umd.cs.findbugs.detect.InconsistentAnnotations
     [java] Registering detector: edu.umd.cs.findbugs.detect.RepeatedConditionals
     [java] Registering detector: edu.umd.cs.findbugs.detect.RedundantConditions
     [java] Registering detector: edu.umd.cs.findbugs.detect.CallToUnsupportedMethod
     [java] Registering detector: edu.umd.cs.findbugs.detect.FormatStringChecker
     [java] Registering detector: edu.umd.cs.findbugs.detect.LostLoggerDueToWeakReference
     [java] Registering detector: edu.umd.cs.findbugs.detect.TestingGround
     [java] Registering detector: edu.umd.cs.findbugs.detect.TestingGround2
     [java] Registering detector: edu.umd.cs.findbugs.detect.NoiseNullDeref
     [java] Registering detector: edu.umd.cs.findbugs.detect.Noise
     [java] Registering detector: edu.umd.cs.findbugs.detect.EqualsOperandShouldHaveClassCompatibleWithThis
     [java] Registering detector: edu.umd.cs.findbugs.detect.ResolveAllReferences
     [java] Registering detector: edu.umd.cs.findbugs.detect.CheckImmutableAnnotation
     [java] Registering detector: edu.umd.cs.findbugs.detect.DontCatchIllegalMonitorStateException
     [java] Registering detector: edu.umd.cs.findbugs.detect.FindFloatMath
     [java] Registering detector: edu.umd.cs.findbugs.detect.CloneIdiom
     [java] Registering detector: edu.umd.cs.findbugs.detect.ComparatorIdiom
     [java] Registering detector: edu.umd.cs.findbugs.detect.FindFieldSelfAssignment
     [java] Registering detector: edu.umd.cs.findbugs.detect.FindSelfComparison
     [java] Registering detector: edu.umd.cs.findbugs.detect.FindSelfComparison2
     [java] Registering detector: edu.umd.cs.findbugs.detect.DroppedException
     [java] Registering detector: edu.umd.cs.findbugs.detect.LoadOfKnownNullValue
     [java] Registering detector: edu.umd.cs.findbugs.detect.DumbMethodInvocations
     [java] Registering detector: edu.umd.cs.findbugs.detect.URLProblems
     [java] Registering detector: edu.umd.cs.findbugs.detect.CovariantArrayAssignment
     [java] Registering detector: edu.umd.cs.findbugs.detect.DumbMethods
     [java] Registering detector: edu.umd.cs.findbugs.detect.NumberConstructor
     [java] Registering detector: edu.umd.cs.findbugs.detect.FindSqlInjection
     [java] Registering detector: edu.umd.cs.findbugs.detect.FindDoubleCheck
     [java] Registering detector: edu.umd.cs.findbugs.detect.FindFinalizeInvocations
     [java] Registering detector: edu.umd.cs.findbugs.detect.FindHEmismatch
     [java] Registering detector: edu.umd.cs.findbugs.detect.OverridingEqualsNotSymmetrical
     [java] Registering detector: edu.umd.cs.findbugs.detect.FindNakedNotify
     [java] Registering detector: edu.umd.cs.findbugs.detect.FindReturnRef
     [java] Registering detector: edu.umd.cs.findbugs.detect.FindRunInvocations
     [java] Registering detector: edu.umd.cs.findbugs.detect.SwitchFallthrough
     [java] Registering detector: edu.umd.cs.findbugs.detect.FindSpinLoop
     [java] Registering detector: edu.umd.cs.findbugs.detect.FindNonShortCircuit
     [java] Registering detector: edu.umd.cs.findbugs.detect.FindTwoLockWait
     [java] Registering detector: edu.umd.cs.findbugs.detect.FindUnconditionalWait
     [java] Registering detector: edu.umd.cs.findbugs.detect.FindUninitializedGet
     [java] Registering detector: edu.umd.cs.findbugs.detect.DontUseEnum
     [java] Registering detector: edu.umd.cs.findbugs.detect.FindUnsyncGet
     [java] Registering detector: edu.umd.cs.findbugs.detect.InitializationChain
     [java] Registering detector: edu.umd.cs.findbugs.detect.IteratorIdioms
     [java] Registering detector: edu.umd.cs.findbugs.detect.PreferZeroLengthArrays
     [java] Registering detector: edu.umd.cs.findbugs.detect.SynchronizingOnContentsOfFieldToProtectField
     [java] Registering detector: edu.umd.cs.findbugs.detect.MutableLock
     [java] Registering detector: edu.umd.cs.findbugs.detect.FindUselessObjects
     [java] Registering detector: edu.umd.cs.findbugs.detect.MutableStaticFields
     [java] Registering detector: edu.umd.cs.findbugs.detect.Naming
     [java] Registering detector: edu.umd.cs.findbugs.detect.ReadReturnShouldBeChecked
     [java] Registering detector: edu.umd.cs.findbugs.detect.SerializableIdiom
     [java] Registering detector: edu.umd.cs.findbugs.detect.StartInConstructor
     [java] Registering detector: edu.umd.cs.findbugs.detect.FindBadForLoop
     [java] Registering detector: edu.umd.cs.findbugs.detect.ExplicitSerialization
     [java] Registering detector: edu.umd.cs.findbugs.detect.UnreadFields
     [java] Registering detector: edu.umd.cs.findbugs.detect.WaitInLoop
     [java] Registering detector: edu.umd.cs.findbugs.detect.FindComparatorProblems
     [java] Registering detector: edu.umd.cs.findbugs.detect.FindNullDeref
     [java] Registering detector: edu.umd.cs.findbugs.detect.FindNullDerefsInvolvingNonShortCircuitEvaluation
     [java] Registering detector: edu.umd.cs.findbugs.detect.FindOpenStream
     [java] Registering detector: edu.umd.cs.findbugs.detect.FindUselessControlFlow
     [java] Registering detector: edu.umd.cs.findbugs.detect.FindUnreleasedLock
     [java] Registering detector: edu.umd.cs.findbugs.detect.FindRefComparison
     [java] Registering detector: edu.umd.cs.findbugs.detect.FindMismatchedWaitOrNotify
     [java] Registering detector: edu.umd.cs.findbugs.detect.FindEmptySynchronizedBlock
     [java] Registering detector: edu.umd.cs.findbugs.detect.FindInconsistentSync2
     [java] Registering detector: edu.umd.cs.findbugs.detect.FindLocalSelfAssignment2
     [java] Registering detector: edu.umd.cs.findbugs.detect.IncompatMask
     [java] Registering detector: edu.umd.cs.findbugs.detect.LazyInit
     [java] Registering detector: edu.umd.cs.findbugs.detect.FindJSR166LockMonitorenter
     [java] Registering detector: edu.umd.cs.findbugs.detect.FindUncalledPrivateMethods
     [java] Registering detector: edu.umd.cs.findbugs.detect.UncallableMethodOfAnonymousClass
     [java] Registering detector: edu.umd.cs.findbugs.detect.StringConcatenation
     [java] Registering detector: edu.umd.cs.findbugs.detect.InefficientInitializationInsideLoop
     [java] Registering detector: edu.umd.cs.findbugs.detect.InefficientIndexOf
     [java] Registering detector: edu.umd.cs.findbugs.detect.InefficientToArray
     [java] Registering detector: edu.umd.cs.findbugs.detect.InvalidJUnitTest
     [java] Registering detector: edu.umd.cs.findbugs.detect.BadlyOverriddenAdapter
     [java] Registering detector: edu.umd.cs.findbugs.detect.BadResultSetAccess
     [java] Registering detector: edu.umd.cs.findbugs.detect.SuperfluousInstanceOf
     [java] Registering detector: edu.umd.cs.findbugs.detect.BadAppletConstructor
     [java] Registering detector: edu.umd.cs.findbugs.detect.SuspiciousThreadInterrupted
     [java] Registering detector: edu.umd.cs.findbugs.detect.FindDeadLocalStores
     [java] Registering detector: edu.umd.cs.findbugs.detect.FindMaskedFields
     [java] Registering detector: edu.umd.cs.findbugs.detect.WrongMapIterator
     [java] Registering detector: edu.umd.cs.findbugs.detect.InstantiateStaticClass
     [java] Registering detector: edu.umd.cs.findbugs.detect.RuntimeExceptionCapture
     [java] Registering detector: edu.umd.cs.findbugs.detect.FindFloatEquality
     [java] Registering detector: edu.umd.cs.findbugs.detect.FindUnsatisfiedObligation
     [java] Registering detector: edu.umd.cs.findbugs.detect.UnnecessaryMath
     [java] Registering detector: edu.umd.cs.findbugs.detect.FindCircularDependencies
     [java] Registering detector: edu.umd.cs.findbugs.detect.RedundantInterfaces
     [java] Registering detector: edu.umd.cs.findbugs.detect.MultithreadedInstanceAccess
     [java] Registering detector: edu.umd.cs.findbugs.detect.PublicSemaphores
     [java] Registering detector: edu.umd.cs.findbugs.detect.BadUseOfReturnValue
     [java] Registering detector: edu.umd.cs.findbugs.detect.MethodReturnCheck
     [java] Registering detector: edu.umd.cs.findbugs.detect.IDivResultCastToDouble
     [java] Registering detector: edu.umd.cs.findbugs.detect.FindBadCast2
     [java] Registering detector: edu.umd.cs.findbugs.detect.FindUseOfNonSerializableValue
     [java] Registering detector: edu.umd.cs.findbugs.detect.FindNonSerializableStoreIntoSession
     [java] Registering detector: edu.umd.cs.findbugs.detect.FindNonSerializableValuePassedToWriteObject
     [java] Registering detector: edu.umd.cs.findbugs.detect.BadSyntaxForRegularExpression
     [java] Registering detector: edu.umd.cs.findbugs.detect.VarArgsProblems
     [java] Registering detector: edu.umd.cs.findbugs.detect.FindPuzzlers
     [java] Registering detector: edu.umd.cs.findbugs.detect.IntCast2LongAsInstant
     [java] Registering detector: edu.umd.cs.findbugs.detect.FindSleepWithLockHeld
     [java] Registering detector: edu.umd.cs.findbugs.detect.InefficientMemberAccess
     [java] Registering detector: edu.umd.cs.findbugs.detect.DuplicateBranches
     [java] Registering detector: edu.umd.cs.findbugs.detect.XMLFactoryBypass
     [java] Registering detector: edu.umd.cs.findbugs.detect.UselessSubclassMethod
     [java] Registering detector: edu.umd.cs.findbugs.detect.ConfusedInheritance
     [java] Registering detector: edu.umd.cs.findbugs.detect.QuestionableBooleanAssignment
     [java] Registering detector: edu.umd.cs.findbugs.detect.TrainUnconditionalDerefParams
     [java] Registering detector: edu.umd.cs.findbugs.detect.TrainLongInstantfParams
     [java] Registering detector: edu.umd.cs.findbugs.detect.TrainFieldStoreTypes
     [java] Registering detector: edu.umd.cs.findbugs.detect.TrainNonNullAnnotations
     [java] Registering detector: edu.umd.cs.findbugs.detect.CheckCalls
     [java] Registering detector: edu.umd.cs.findbugs.detect.FindBugsSummaryStats
     [java] Registering detector: edu.umd.cs.findbugs.detect.AppendingToAnObjectOutputStream
     [java] Registering detector: edu.umd.cs.findbugs.detect.TestASM
     [java] Registering detector: edu.umd.cs.findbugs.detect.FindUnrelatedTypesInGenericContainer
     [java] Registering detector: edu.umd.cs.findbugs.detect.StaticCalendarDetector
     [java] Registering detector: edu.umd.cs.findbugs.detect.TestDataflowAnalysis
     [java] Registering detector: edu.umd.cs.findbugs.detect.CheckTypeQualifiers
     [java] Registering detector: edu.umd.cs.findbugs.detect.CrossSiteScripting
     [java] Registering detector: edu.umd.cs.findbugs.detect.DontIgnoreResultOfPutIfAbsent
     [java] Registering detector: edu.umd.cs.findbugs.detect.ReadOfInstanceFieldInMethodInvokedByConstructorInSuperclass
     [java] Registering detector: edu.umd.cs.findbugs.detect.AtomicityProblem
     [java] Registering detector: edu.umd.cs.findbugs.detect.CheckExpectedWarnings
     [java] Registering detector: edu.umd.cs.findbugs.detect.DefaultEncodingDetector
     [java] Registering detector: edu.umd.cs.findbugs.detect.CheckRelaxingNullnessAnnotation
     [java] Registering detector: edu.umd.cs.findbugs.detect.DontAssertInstanceofInTests
     [java] Scanning archives (0 / 81)Scanning archives (1 / 81)Scanning archives (2 / 81)Scanning archives (3 / 81)Scanning archives (4 / 81)Scanning archives (5 / 81)Scanning archives (6 / 81)Scanning archives (7 / 81)Scanning archives (8 / 81)Scanning archives (9 / 81)Scanning archives (10 / 81)Scanning archives (11 / 81)Scanning archives (12 / 81)Scanning archives (13 / 81)Scanning archives (14 / 81)Scanning archives (15 / 81)Scanning archives (16 / 81)Scanning archives (17 / 81)Scanning archives (18 / 81)Scanning archives (19 / 81)Scanning archives (20 / 81)Scanning archives (21 / 81)Scanning archives (22 / 81)Scanning archives (23 / 81)Scanning archives (24 / 81)Scanning archives (25 / 81)Scanning archives (26 / 81)Scanning archives (27 / 81)Scanning archives (28 / 81)Scanning archives (29 / 81)Scanning archives (30 / 81)Scanning archives (31 / 81)Scanning archives (32 / 81)Scanning archives (33 / 81)Scanning archives (34 / 81)Scanning archives (35 / 81)Scanning archives (36 / 81)Scanning archives (37 / 81)Scanning archives (38 / 81)Scanning archives (39 / 81)Scanning archives (40 / 81)Scanning archives (41 / 81)Scanning archives (42 / 81)Scanning archives (43 / 81)Scanning archives (44 / 81)Scanning archives (45 / 81)Scanning archives (46 / 81)Scanning archives (47 / 81)Scanning archives (48 / 81)Scanning archives (49 / 81)Scanning archives (50 / 81)Scanning archives (51 / 81)Scanning archives (52 / 81)Scanning archives (53 / 81)Scanning archives (54 / 81)Scanning archives (55 / 81)Scanning archives (56 / 81)Scanning archives (57 / 81)Scanning archives (58 / 81)Scanning archives (59 / 81)Scanning archives (60 / 81)Scanning archives (61 / 81)Scanning archives (62 / 81)Scanning archives (63 / 81)Scanning archives (64 / 81)Scanning archives (65 / 81)Scanning archives (66 / 81)Scanning archives (67 / 81)Scanning archives (68 / 81)Scanning archives (69 / 81)Scanning archives (70 / 81)Scanning archives (71 / 81)Scanning archives (72 / 81)Scanning archives (73 / 81)Scanning archives (74 / 81)Scanning archives (75 / 81)Scanning archives (76 / 81)Scanning archives (77 / 81)Scanning archives (78 / 81)Scanning archives (79 / 81)Scanning archives (80 / 81)Scanning archives (81 / 81)Ignoring unreadable or non-existent file /home/codegex/.m2/repository/edu/ucar/netcdf/4.2.20/unidataCommon-4.2.20.jarIgnoring unreadable or non-existent file /home/codegex/.m2/repository/edu/ucar/netcdf/4.2.20/jcip-annotations-1.0.jar
     [java] Ignoring unreadable or non-existent file /home/codegex/.m2/repository/edu/ucar/netcdf/4.2.20/slf4j-api-1.6.1.jar
     [java] Ignoring unreadable or non-existent file /home/codegex/.m2/repository/edu/ucar/netcdf/4.2.20/commons-httpclient-3.1.jar
     [java] Ignoring unreadable or non-existent file /home/codegex/.m2/repository/edu/ucar/netcdf/4.2.20/commons-logging-1.0.4.jar
     [java] Ignoring unreadable or non-existent file /home/codegex/.m2/repository/edu/ucar/netcdf/4.2.20/commons-codec-1.2.jar
     [java] Ignoring unreadable or non-existent file /home/codegex/.m2/repository/edu/ucar/unidataCommon/4.2.20/jcip-annotations-1.0.jar
     [java] Ignoring unreadable or non-existent file /home/codegex/.m2/repository/edu/ucar/unidataCommon/4.2.20/slf4j-api-1.6.1.jar
     [java] Ignoring unreadable or non-existent file /home/codegex/.m2/repository/xalan/xalan/2.7.2/xercesImpl.jar
     [java] Ignoring unreadable or non-existent file /home/codegex/.m2/repository/xalan/xalan/2.7.2/xml-apis.jar
     [java] Ignoring unreadable or non-existent file /home/codegex/.m2/repository/xalan/xalan/2.7.2/serializer.jar
     [java] Ignoring unreadable or non-existent file /home/codegex/.m2/repository/xalan/serializer/2.7.2/xml-apis.jar
     [java] 126 classes scanned
     [java] Adding referenced classes
     [java] Added 4 referenced classes
     [java] Total of 60 packages
     [java]   org/apdplat/superword/extract/PartOfSpeechExtractor$1
     [java]   org/apache/commons/pool2/ObjectPool
     [java]   java/lang/StringBuilder
     [java]   org/apdplat/word/recognition/RecognitionTool
     [java]   org/apdplat/superword/model/UserSimilarWord
     [java]   java/util/Vector
     [java]   java/sql/SQLException
     [java]   java/util/concurrent/ConcurrentSkipListSet
     [java]   java/lang/invoke/CallSite
     [java]   org/apdplat/word/segmentation/Word
     [java]   org/apdplat/superword/model/UserUrl
     [java]   java/nio/file/OpenOption
     [java]   org/jsoup/Connection
     [java]   org/apdplat/superword/extract/PartOfSpeechExtractor$2
     [java]   org/apdplat/superword/rule/PartOfSpeech
     [java]   java/lang/Runnable
     [java]   java/time/LocalDateTime
     [java]   java/nio/file/Path
     [java]   org/apdplat/superword/system/InstantTipServlet
     [java]   java/util/stream/Collectors
     [java]   java/util/concurrent/ConcurrentHashMap
     [java]   org/apdplat/superword/extract/SuffixExtractor
     [java]   freemarker/template/Template
     [java]   java/nio/file/CopyOption
     [java]   [Lorg/apdplat/superword/tools/IcibaSymbol;
     [java]   java/lang/reflect/Method
     [java]   javax/sql/DataSource
     [java]   java/io/Reader
     [java]   java/sql/Timestamp
     [java]   org/apdplat/superword/tools/Summary$1
     [java]   org/jsoup/Connection$Response
     [java]   java/lang/Thread
     [java]   org/apdplat/superword/tools/WordClassifierForYouDao$1
     [java]   org/jsoup/nodes/Document
     [java]   org/apdplat/superword/tools/WordClassifierForYouDao$2
     [java]   org/apdplat/superword/rule/DefinitionSimilarRule$Result
     [java]   org/apdplat/superword/system/qq/IndexServlet
     [java]   org/apdplat/superword/tools/TextAnalyzer
     [java]   org/apdplat/superword/extract/HyphenExtractor
     [java]   java/util/concurrent/Executors
     [java]   org/apdplat/superword/model/ComplexSuffix
     [java]   java/io/BufferedInputStream
     [java]   java/lang/Object
     [java]   org/apdplat/superword/tools/WordClassifierForWebster
     [java]   java/io/Serializable
     [java]   java/util/concurrent/ScheduledFuture
     [java]   org/apache/commons/dbcp2/DriverManagerConnectionFactory
     [java]   org/apdplat/superword/extract/PhraseExtractor
     [java]   java/nio/file/LinkOption
     [java]   org/apdplat/superword/tools/TimeUtils
     [java]   java/util/LinkedHashMap
     [java]   java/net/URLConnection
     [java]   java/lang/IllegalStateException
     [java]   com/qq/connect/QQConnectException
     [java]   org/apdplat/superword/extract/SynonymDiscriminationExtractor$2
     [java]   org/apdplat/superword/extract/SynonymDiscriminationExtractor$1
     [java]   org/apdplat/superword/tools/WordClassifier
     [java]   java/util/stream/Stream
     [java]   org/apdplat/superword/model/CharMap
     [java]   org/apdplat/superword/tools/PdfParser$2
     [java]   org/apdplat/superword/system/ViewWordServlet
     [java]   org/apdplat/superword/tools/PdfParser$1
     [java]   [Lorg/apdplat/superword/tools/WebsterSymbol;
     [java]   java/util/regex/Matcher
     [java]   java/lang/Iterable
     [java]   java/net/Proxy
     [java]   javax/servlet/ServletConfig
     [java]   java/util/Date
     [java]   org/apache/commons/pool2/impl/GenericObjectPool
     [java]   java/nio/file/Paths
     [java]   java/nio/file/Files
     [java]   org/apdplat/superword/extract/ChineseSynonymAntonymExtractor
     [java]   org/apdplat/superword/extract/DefinitionExtractor$2
     [java]   org/apdplat/superword/extract/DefinitionExtractor$1
     [java]   java/io/InputStreamReader
     [java]   java/lang/NullPointerException
     [java]   java/io/IOException
     [java]   org/apdplat/superword/rule/CompoundWord
     [java]   org/apdplat/superword/model/SynonymAntonym
     [java]   org/apdplat/superword/tools/JavaCodeAnalyzer$2
     [java]   org/apdplat/superword/tools/JavaCodeAnalyzer$1
     [java]   java/time/ZonedDateTime
     [java]   com/qq/connect/api/qzone/UserInfo
     [java]   org/apdplat/superword/tools/SentenceScorer
     [java]   java/sql/Statement
     [java]   java/util/function/Function
     [java]   com/gargoylesoftware/htmlunit/BrowserVersion
     [java]   java/util/concurrent/TimeUnit
     [java]   java/util/function/Consumer
     [java]   org/apdplat/superword/tools/OxfordSymbol
     [java]   java/lang/Long
     [java]   org/apdplat/superword/freemarker/TemplateUtils
     [java]   org/apdplat/superword/tools/PrefixSuffixOptimizer
     [java]   java/io/OutputStream
     [java]   org/apdplat/superword/extract/DefinitionExtractor
     [java]   com/qq/connect/javabeans/Avatar
     [java]   jdk/internal/HotSpotIntrinsicCandidate
     [java]   org/apdplat/word/analysis/TextSimilarity
     [java]   javax/servlet/ServletRequest
     [java]   org/apache/commons/dbcp2/PoolingDataSource
     [java]   org/apdplat/superword/tools/WordSources
     [java]   java/util/function/BiFunction
     [java]   org/apdplat/superword/extract/PrefixExtractor
     [java]   org/apdplat/superword/tools/Pronunciation
     [java]   javax/servlet/ServletOutputStream
     [java]   org/apache/commons/lang/StringUtils
     [java]   org/apdplat/superword/rule/SimilarWord
     [java]   java/io/Writer
     [java]   org/apdplat/word/WordSegmenter
     [java]   java/util/concurrent/ScheduledExecutorService
     [java]   java/net/Proxy$Type
     [java]   org/apdplat/superword/rule/SimilarityRule
     [java]   org/jsoup/HttpStatusException
     [java]   java/util/regex/Pattern
     [java]   java/nio/file/SimpleFileVisitor
     [java]   java/util/function/Predicate
     [java]   java/lang/Throwable
     [java]   org/apdplat/superword/tools/IcibaSymbol
     [java]   org/apdplat/word/analysis/JaroDistanceTextSimilarity
     [java]   java/lang/Exception
     [java]   org/eclipse/jetty/util/ConcurrentHashSet
     [java]   java/util/concurrent/ExecutorService
     [java]   java/util/stream/Collector
     [java]   org/apdplat/superword/tools/JavaCodeAnalyzer
     [java]   org/apdplat/superword/rule/WordLengthStatistics
     [java]   java/io/BufferedReader
     [java]   org/apdplat/word/analysis/CosineTextSimilarity
     [java]   org/apdplat/superword/model/ComplexPrefix
     [java]   java/util/ResourceBundle
     [java]   org/apdplat/superword/tools/WordClassifier$2
     [java]   org/apdplat/word/segmentation/SegmentationAlgorithm
     [java]   org/apdplat/superword/tools/WordClassifier$1
     [java]   org/apdplat/superword/tools/Summary
     [java]   java/util/List
     [java]   org/apdplat/superword/model/Word
     [java]   org/apdplat/superword/rule/WordVector
     [java]   java/io/FileOutputStream
     [java]   java/sql/Connection
     [java]   java/sql/PreparedStatement
     [java]   java/lang/InterruptedException
     [java]   org/apdplat/superword/extract/SynonymAntonymExtractor
     [java]   org/apdplat/superword/tools/WordLinker$1
     [java]   com/qq/connect/api/weibo/UserInfo
     [java]   org/apdplat/superword/model/Prefix
     [java]   java/io/InputStream
     [java]   java/lang/String
     [java]   java/lang/Character
     [java]   java/lang/ClassNotFoundException
     [java]   java/lang/invoke/LambdaMetafactory
     [java]   org/apdplat/superword/extract/RootAffixExtractor$2
     [java]   java/util/HashSet
     [java]   org/xml/sax/ContentHandler
     [java]   org/apdplat/superword/extract/RootAffixExtractor$1
     [java]   org/apdplat/superword/tools/MySQLUtils
     [java]   java/lang/Math
     [java]   java/lang/NoSuchFieldError
     [java]   javax/servlet/http/HttpServletResponse
     [java]   org/apdplat/superword/tools/WordClassifierForWebster$1
     [java]   org/apdplat/superword/tools/WordClassifierForWebster$2
     [java]   java/net/URL
     [java]   java/util/Map$Entry
     [java]   java/time/Instant
     [java]   org/apdplat/superword/rule/SuffixRule
     [java]   org/apdplat/superword/model/QuizItem
     [java]   org/apdplat/word/analysis/Hit
     [java]   org/apdplat/superword/tools/PdfParser
     [java]   java/lang/Enum
     [java]   java/lang/CloneNotSupportedException
     [java]   java/lang/CharSequence
     [java]   freemarker/template/TemplateExceptionHandler
     [java]   java/nio/file/FileVisitor
     [java]   org/apdplat/superword/tools/WebsterSymbol
     [java]   javax/servlet/ServletContext
     [java]   org/apache/commons/lang3/StringUtils
     [java]   org/apdplat/superword/model/Suffix
     [java]   org/apdplat/superword/system/WordsFilter
     [java]   com/gargoylesoftware/htmlunit/WebClientOptions
     [java]   java/net/URI
     [java]   org/apdplat/superword/tools/Definition$1
     [java]   org/apdplat/superword/tools/FootNSentence
     [java]   java/lang/Class
     [java]   java/util/Objects
     [java]   java/lang/Integer
     [java]   org/apdplat/superword/rule/WordVector$Score
     [java]   org/apdplat/superword/tools/WordClassifierForYouDao
     [java]   java/lang/Comparable
     [java]   java/util/concurrent/Future
     [java]   org/apdplat/superword/rule/DynamicSuffixRule
     [java]   java/io/OutputStreamWriter
     [java]   org/apdplat/superword/extract/SynonymAntonymExtractor$2
     [java]   org/apdplat/superword/model/Quiz
     [java]   org/apdplat/superword/extract/SynonymAntonymExtractor$1
     [java]   com/qq/connect/javabeans/qzone/UserInfoBean
     [java]   org/slf4j/LoggerFactory
     [java]   org/apdplat/superword/tools/ThreadPool
     [java]   javax/servlet/RequestDispatcher
     [java]   java/io/PrintStream
     [java]   java/io/BufferedOutputStream
     [java]   java/util/Arrays
     [java]   freemarker/template/Version
     [java]   org/apdplat/superword/tools/TextAnalyzer$Stat
     [java]   org/apdplat/superword/tools/HtmlFormatter
     [java]   javax/servlet/FilterChain
     [java]   java/net/InetSocketAddress
     [java]   com/qq/connect/javabeans/Birthday
     [java]   java/io/StringWriter
     [java]   org/apdplat/superword/rule/DependenceWordRule
     [java]   java/io/File
     [java]   org/apdplat/superword/tools/Pronunciation$1
     [java]   java/util/Iterator
     [java]   [Lorg/apdplat/superword/tools/WebsterPOS;
     [java]   org/apache/commons/dbcp2/PoolableConnectionFactory
     [java]   java/security/NoSuchAlgorithmException
     [java]   java/text/MessageFormat
     [java]   java/lang/invoke/MethodType
     [java]   org/apache/commons/dbcp2/ConnectionFactory
     [java]   org/apache/tika/parser/AutoDetectParser
     [java]   java/nio/file/FileSystems
     [java]   org/apdplat/word/analysis/Hits
     [java]   org/apache/tika/sax/BodyContentHandler
     [java]   java/util/Map
     [java]   java/util/concurrent/Callable
     [java]   java/nio/file/attribute/FileAttribute
     [java]   java/io/ObjectStreamException
     [java]   javax/servlet/http/HttpServlet
     [java]   java/net/SocketAddress
     [java]   java/lang/invoke/MethodHandles
     [java]   java/util/Enumeration
     [java]   java/io/BufferedWriter
     [java]   java/lang/Double
     [java]   java/lang/System
     [java]   java/lang/ClassCastException
     [java]   java/lang/Boolean
     [java]   org/apdplat/superword/tools/FileUtils
     [java]   org/apdplat/superword/tools/WordLinker$Dictionary
     [java]   org/apdplat/word/analysis/EditDistanceTextSimilarity
     [java]   org/jsoup/Connection$Method
     [java]   org/apdplat/superword/tools/TopNSentence
     [java]   org/apdplat/superword/system/InstantTip
     [java]   com/qq/connect/javabeans/weibo/UserInfoBean
     [java]   org/apdplat/superword/tools/YoudaoSymbol
     [java]   org/apdplat/superword/model/HistoryRecord
     [java]   org/apdplat/superword/rule/DefinitionSimilarRule
     [java]   org/apdplat/superword/rule/CharTransformRule
     [java]   [Lorg/apdplat/superword/tools/OxfordPOS;
     [java]   com/gargoylesoftware/htmlunit/html/HtmlPage
     [java]   javax/servlet/Filter
     [java]   com/qq/connect/api/OpenID
     [java]   org/apdplat/superword/extract/PartOfSpeechExtractor
     [java]   org/apdplat/superword/rule/DynamicPrefixRule
     [java]   freemarker/template/Configuration
     [java]   javax/servlet/ServletException
     [java]   org/apdplat/superword/tools/Definition
     [java]   java/lang/IllegalArgumentException
     [java]   [Lorg/apdplat/superword/tools/YoudaoSymbol;
     [java]   org/apdplat/superword/extract/PhraseExtractor$1
     [java]   org/apdplat/superword/extract/PhraseExtractor$2
     [java]   com/gargoylesoftware/htmlunit/html/HtmlElement
     [java]   java/lang/invoke/MethodHandle
     [java]   java/lang/ClassLoader
     [java]   java/lang/Deprecated
     [java]   java/nio/file/FileSystem
     [java]   org/apdplat/superword/model/UserBook
     [java]   java/util/Random
     [java]   org/apdplat/superword/model/User
     [java]   org/apdplat/superword/extract/RootAffixExtractor
     [java]   javax/servlet/ServletResponse
     [java]   java/util/ArrayList
     [java]   com/qq/connect/oauth/Oauth
     [java]   java/util/Collection
     [java]   org/apdplat/superword/rule/RootRule
     [java]   java/nio/file/attribute/BasicFileAttributes
     [java]   java/sql/Date
     [java]   com/qq/connect/javabeans/AccessToken
     [java]   javax/servlet/GenericServlet
     [java]   javax/servlet/Servlet
     [java]   org/apdplat/superword/tools/WebsterPOS
     [java]   org/apdplat/superword/tools/IrregularPlurals
     [java]   org/apdplat/superword/model/UserWord
     [java]   org/apdplat/word/analysis/JaroWinklerDistanceTextSimilarity
     [java]   org/apdplat/superword/rule/PrefixRule
     [java]   javax/management/ObjectName
     [java]   org/apdplat/superword/model/UserDynamicPrefix
     [java]   java/sql/ResultSet
     [java]   java/io/InvalidObjectException
     [java]   org/apdplat/superword/extract/SentenceExtractor
     [java]   java/util/concurrent/atomic/AtomicInteger
     [java]   org/apdplat/superword/tools/DynamicIp
     [java]   java/util/TreeMap
     [java]   javax/servlet/http/NoBodyResponse
     [java]   java/util/BitSet
     [java]   org/apdplat/superword/tools/AidReading
     [java]   org/apdplat/superword/system/HistoryFilter
     [java]   java/util/Collections
     [java]   org/apdplat/superword/tools/WordClassifierForOxford$1
     [java]   org/apdplat/superword/rule/RootAffixRule
     [java]   java/lang/RuntimeException
     [java]   java/util/UUID
     [java]   org/apdplat/superword/tools/WordClassifierForOxford$2
     [java]   org/apdplat/superword/extract/HyphenExtractor$2
     [java]   java/lang/invoke/MethodHandles$Lookup
     [java]   org/apdplat/superword/tools/WordLinker
     [java]   org/apdplat/superword/extract/HyphenExtractor$1
     [java]   org/apdplat/superword/model/QQUser
     [java]   java/util/HashMap
     [java]   java/io/FileInputStream
     [java]   org/slf4j/Logger
     [java]   org/apache/tika/metadata/Metadata
     [java]   java/lang/Float
     [java]   java/nio/file/StandardCopyOption
     [java]   java/lang/StringBuffer
     [java]   org/apdplat/superword/tools/WordClassifierForOxford
     [java]   java/util/Set
     [java]   org/jsoup/select/Elements
     [java]   java/io/PrintWriter
     [java]   org/apdplat/superword/rule/IndependentWordRule
     [java]   java/util/Comparator
     [java]   org/apdplat/superword/model/UserDynamicSuffix
     [java]   java/text/SimpleDateFormat
     [java]   org/apdplat/superword/tools/ProxyIp
     [java]   org/apdplat/superword/model/SynonymDiscrimination
     [java]   org/apdplat/word/util/AtomicFloat
     [java]   org/jsoup/Jsoup
     [java]   javax/servlet/http/HttpSession
     [java]   org/apdplat/superword/system/qq/AfterLoginRedirectServlet
     [java]   org/apache/commons/pool2/PooledObjectFactory
     [java]   com/gargoylesoftware/htmlunit/WebClient
     [java]   org/jsoup/nodes/Element
     [java]   org/apdplat/superword/tools/OxfordPOS
     [java]   java/net/HttpURLConnection
     [java]   org/apdplat/superword/extract/SynonymDiscriminationExtractor
     [java]   [Lorg/apdplat/superword/tools/WordLinker$Dictionary;
     [java]   org/apdplat/superword/tools/IrregularVerbs
     [java]   java/nio/file/FileVisitResult
     [java]   org/apdplat/superword/tools/IPUtils
     [java]   java/time/ZoneId
     [java]   java/util/LinkedList
     [java]   java/security/MessageDigest
     [java]   com/gargoylesoftware/htmlunit/Page
     [java]   javax/servlet/http/HttpServletRequest
     [java]   org/apdplat/superword/model/MyNewWord
     [java]   org/apdplat/superword/tools/TextAnalyzer$1
     [java]   org/apdplat/superword/tools/WordsFetcher
     [java]   [Lorg/apdplat/superword/tools/OxfordSymbol;
     [java]   org/apdplat/superword/system/AntiRobotFilter
     [java]   org/apdplat/superword/model/UserText
     [java] Adding plugin edu.umd.cs.findbugs.plugins.core to execution plan
     [java] Dependences force enabling of edu.umd.cs.findbugs.detect.FieldItemSummary
     [java] Dependences force enabling of edu.umd.cs.findbugs.detect.NoteSuppressedWarnings
     [java] Dependences force enabling of edu.umd.cs.findbugs.detect.EqualsOperandShouldHaveClassCompatibleWithThis
     [java] Dependences force enabling of edu.umd.cs.findbugs.detect.NoteAnnotationRetention
     [java] Dependences force enabling of edu.umd.cs.findbugs.detect.FunctionsThatMightBeMistakenForProcedures
     [java] Dependences force enabling of edu.umd.cs.findbugs.detect.FindNoSideEffectMethods
     [java] Dependences force enabling of edu.umd.cs.findbugs.detect.NoteCheckReturnValueAnnotations
     [java] Dependences force enabling of edu.umd.cs.findbugs.detect.FindBugsSummaryStats
     [java] 2 passes in execution plan
     [java] 2 analysis passes to perform     0 : Pass 0: 339 classesXFactory cached methods: 8014/8014
     [java] Descriptor factory: 7081/8014/15855
     [java] Pass 1: Analyzing classes (0 / 339) - 00% complete     0 0/2  0/339 org/apdplat/superword/extract/PartOfSpeechExtractor$1
     [java] Pass 1: Analyzing classes (1 / 339) - 00% complete     0 0/2  1/339 org/apache/commons/pool2/ObjectPool
     [java] Pass 1: Analyzing classes (2 / 339) - 00% complete     0 0/2  2/339 java/lang/StringBuilder
     [java] Pass 1: Analyzing classes (3 / 339) - 00% complete     0 0/2  3/339 org/apdplat/word/recognition/RecognitionTool
     [java] Pass 1: Analyzing classes (4 / 339) - 01% complete     0 0/2  4/339 org/apdplat/superword/model/UserSimilarWord
     [java] Pass 1: Analyzing classes (5 / 339) - 01% complete     0 0/2  5/339 java/util/Vector
     [java] Pass 1: Analyzing classes (6 / 339) - 01% complete     0 0/2  6/339 java/sql/SQLException
     [java] Pass 1: Analyzing classes (7 / 339) - 02% complete     0 0/2  7/339 java/util/concurrent/ConcurrentSkipListSet
     [java] Pass 1: Analyzing classes (8 / 339) - 02% complete     0 0/2  8/339 java/lang/invoke/CallSite
     [java] Pass 1: Analyzing classes (9 / 339) - 02% complete     0 0/2  9/339 org/apdplat/word/segmentation/Word
     [java] Pass 1: Analyzing classes (10 / 339) - 02% complete     0 0/2  10/339 org/apdplat/superword/model/UserUrl
     [java] Pass 1: Analyzing classes (11 / 339) - 03% complete     0 0/2  11/339 java/nio/file/OpenOption
     [java] Pass 1: Analyzing classes (12 / 339) - 03% complete     0 0/2  12/339 org/jsoup/Connection
     [java] Pass 1: Analyzing classes (13 / 339) - 03% complete     0 0/2  13/339 org/apdplat/superword/extract/PartOfSpeechExtractor$2
     [java] Pass 1: Analyzing classes (14 / 339) - 04% complete     0 0/2  14/339 org/apdplat/superword/rule/PartOfSpeech
     [java] Pass 1: Analyzing classes (15 / 339) - 04% complete     0 0/2  15/339 java/lang/Runnable
     [java] Pass 1: Analyzing classes (16 / 339) - 04% complete     0 0/2  16/339 java/time/LocalDateTime
     [java] Pass 1: Analyzing classes (17 / 339) - 05% complete     0 0/2  17/339 java/nio/file/Path
     [java] Pass 1: Analyzing classes (18 / 339) - 05% complete     0 0/2  18/339 org/apdplat/superword/system/InstantTipServlet
     [java] Pass 1: Analyzing classes (19 / 339) - 05% complete     0 0/2  19/339 java/util/stream/Collectors
     [java] Pass 1: Analyzing classes (20 / 339) - 05% complete     0 0/2  20/339 java/util/concurrent/ConcurrentHashMap
     [java] Pass 1: Analyzing classes (21 / 339) - 06% complete     0 0/2  21/339 org/apdplat/superword/extract/SuffixExtractor
     [java] Pass 1: Analyzing classes (22 / 339) - 06% complete     0 0/2  22/339 freemarker/template/Template
     [java] Pass 1: Analyzing classes (23 / 339) - 06% complete     0 0/2  23/339 java/nio/file/CopyOption
     [java] Pass 1: Analyzing classes (24 / 339) - 07% complete     0 0/2  24/339 java/lang/reflect/Method
     [java] Pass 1: Analyzing classes (25 / 339) - 07% complete     0 0/2  25/339 javax/sql/DataSource
     [java] Pass 1: Analyzing classes (26 / 339) - 07% complete     0 0/2  26/339 java/io/Reader
     [java] Pass 1: Analyzing classes (27 / 339) - 07% complete     0 0/2  27/339 java/sql/Timestamp
     [java] Pass 1: Analyzing classes (28 / 339) - 08% complete     0 0/2  28/339 org/apdplat/superword/tools/Summary$1
     [java] Pass 1: Analyzing classes (29 / 339) - 08% complete     0 0/2  29/339 org/jsoup/Connection$Response
     [java] Pass 1: Analyzing classes (30 / 339) - 08% complete     0 0/2  30/339 java/lang/Thread
     [java] Pass 1: Analyzing classes (31 / 339) - 09% complete     0 0/2  31/339 org/apdplat/superword/tools/WordClassifierForYouDao$1
     [java] Pass 1: Analyzing classes (32 / 339) - 09% complete     0 0/2  32/339 org/jsoup/nodes/Document
     [java] Pass 1: Analyzing classes (33 / 339) - 09% complete     0 0/2  33/339 org/apdplat/superword/tools/WordClassifierForYouDao$2
     [java] Pass 1: Analyzing classes (34 / 339) - 10% complete     0 0/2  34/339 org/apdplat/superword/rule/DefinitionSimilarRule$Result
     [java] Pass 1: Analyzing classes (35 / 339) - 10% complete     0 0/2  35/339 org/apdplat/superword/system/qq/IndexServlet
     [java] Pass 1: Analyzing classes (36 / 339) - 10% complete     0 0/2  36/339 org/apdplat/superword/tools/TextAnalyzer
     [java] Pass 1: Analyzing classes (37 / 339) - 10% complete     0 0/2  37/339 org/apdplat/superword/extract/HyphenExtractor
     [java] Pass 1: Analyzing classes (38 / 339) - 11% complete     0 0/2  38/339 java/util/concurrent/Executors
     [java] Pass 1: Analyzing classes (39 / 339) - 11% complete     0 0/2  39/339 org/apdplat/superword/model/ComplexSuffix
     [java] Pass 1: Analyzing classes (40 / 339) - 11% complete     0 0/2  40/339 java/io/BufferedInputStream
     [java] Pass 1: Analyzing classes (41 / 339) - 12% complete     0 0/2  41/339 java/lang/Object
     [java] Pass 1: Analyzing classes (42 / 339) - 12% complete     0 0/2  42/339 org/apdplat/superword/tools/WordClassifierForWebster
     [java] Pass 1: Analyzing classes (43 / 339) - 12% complete     0 0/2  43/339 java/io/Serializable
     [java] Pass 1: Analyzing classes (44 / 339) - 12% complete     0 0/2  44/339 java/util/concurrent/ScheduledFuture
     [java] Pass 1: Analyzing classes (45 / 339) - 13% complete     0 0/2  45/339 org/apache/commons/dbcp2/DriverManagerConnectionFactory
     [java] Pass 1: Analyzing classes (46 / 339) - 13% complete     0 0/2  46/339 org/apdplat/superword/extract/PhraseExtractor
     [java] Pass 1: Analyzing classes (47 / 339) - 13% complete     0 0/2  47/339 java/nio/file/LinkOption
     [java] Pass 1: Analyzing classes (48 / 339) - 14% complete     0 0/2  48/339 org/apdplat/superword/tools/TimeUtils
     [java] Pass 1: Analyzing classes (49 / 339) - 14% complete     0 0/2  49/339 java/util/LinkedHashMap
     [java] Pass 1: Analyzing classes (50 / 339) - 14% complete     0 0/2  50/339 java/net/URLConnection
     [java] Pass 1: Analyzing classes (51 / 339) - 15% complete     0 0/2  51/339 java/lang/IllegalStateException
     [java] Pass 1: Analyzing classes (52 / 339) - 15% complete     0 0/2  52/339 com/qq/connect/QQConnectException
     [java] Pass 1: Analyzing classes (53 / 339) - 15% complete     0 0/2  53/339 org/apdplat/superword/extract/SynonymDiscriminationExtractor$2
     [java] Pass 1: Analyzing classes (54 / 339) - 15% complete     0 0/2  54/339 org/apdplat/superword/extract/SynonymDiscriminationExtractor$1
     [java] Pass 1: Analyzing classes (55 / 339) - 16% complete     0 0/2  55/339 org/apdplat/superword/tools/WordClassifier
     [java] Pass 1: Analyzing classes (56 / 339) - 16% complete     0 0/2  56/339 java/util/stream/Stream
     [java] Pass 1: Analyzing classes (57 / 339) - 16% complete     0 0/2  57/339 org/apdplat/superword/model/CharMap
     [java] Pass 1: Analyzing classes (58 / 339) - 17% complete     0 0/2  58/339 org/apdplat/superword/tools/PdfParser$2
     [java] Pass 1: Analyzing classes (59 / 339) - 17% complete     0 0/2  59/339 org/apdplat/superword/system/ViewWordServlet
     [java] Pass 1: Analyzing classes (60 / 339) - 17% complete     0 0/2  60/339 org/apdplat/superword/tools/PdfParser$1
     [java] Pass 1: Analyzing classes (61 / 339) - 17% complete     0 0/2  61/339 java/util/regex/Matcher
     [java] Pass 1: Analyzing classes (62 / 339) - 18% complete     0 0/2  62/339 java/lang/Iterable
     [java] Pass 1: Analyzing classes (63 / 339) - 18% complete     0 0/2  63/339 java/net/Proxy
     [java] Pass 1: Analyzing classes (64 / 339) - 18% complete     0 0/2  64/339 javax/servlet/ServletConfig
     [java] Pass 1: Analyzing classes (65 / 339) - 19% complete     0 0/2  65/339 java/util/Date
     [java] Pass 1: Analyzing classes (66 / 339) - 19% complete     0 0/2  66/339 org/apache/commons/pool2/impl/GenericObjectPool
     [java] Pass 1: Analyzing classes (67 / 339) - 19% complete     0 0/2  67/339 java/nio/file/Paths
     [java] Pass 1: Analyzing classes (68 / 339) - 20% complete     0 0/2  68/339 java/nio/file/Files
     [java] Pass 1: Analyzing classes (69 / 339) - 20% complete     0 0/2  69/339 org/apdplat/superword/extract/ChineseSynonymAntonymExtractor
     [java] Pass 1: Analyzing classes (70 / 339) - 20% complete     0 0/2  70/339 org/apdplat/superword/extract/DefinitionExtractor$2
     [java] Pass 1: Analyzing classes (71 / 339) - 20% complete     0 0/2  71/339 org/apdplat/superword/extract/DefinitionExtractor$1
     [java] Pass 1: Analyzing classes (72 / 339) - 21% complete     0 0/2  72/339 java/io/InputStreamReader
     [java] Pass 1: Analyzing classes (73 / 339) - 21% complete     0 0/2  73/339 java/lang/NullPointerException
     [java] Pass 1: Analyzing classes (74 / 339) - 21% complete     0 0/2  74/339 java/io/IOException
     [java] Pass 1: Analyzing classes (75 / 339) - 22% complete     0 0/2  75/339 org/apdplat/superword/rule/CompoundWord
     [java] Pass 1: Analyzing classes (76 / 339) - 22% complete     0 0/2  76/339 org/apdplat/superword/model/SynonymAntonym
     [java] Pass 1: Analyzing classes (77 / 339) - 22% complete     0 0/2  77/339 org/apdplat/superword/tools/JavaCodeAnalyzer$2
     [java] Pass 1: Analyzing classes (78 / 339) - 23% complete     0 0/2  78/339 org/apdplat/superword/tools/JavaCodeAnalyzer$1
     [java] Pass 1: Analyzing classes (79 / 339) - 23% complete     0 0/2  79/339 java/time/ZonedDateTime
     [java] Pass 1: Analyzing classes (80 / 339) - 23% complete     0 0/2  80/339 com/qq/connect/api/qzone/UserInfo
     [java] Pass 1: Analyzing classes (81 / 339) - 23% complete     0 0/2  81/339 org/apdplat/superword/tools/SentenceScorer
     [java] Pass 1: Analyzing classes (82 / 339) - 24% complete     0 0/2  82/339 java/sql/Statement
     [java] Pass 1: Analyzing classes (83 / 339) - 24% complete     0 0/2  83/339 java/util/function/Function
     [java] Pass 1: Analyzing classes (84 / 339) - 24% complete     0 0/2  84/339 com/gargoylesoftware/htmlunit/BrowserVersion
     [java] Pass 1: Analyzing classes (85 / 339) - 25% complete     0 0/2  85/339 java/util/concurrent/TimeUnit
     [java] Pass 1: Analyzing classes (86 / 339) - 25% complete     0 0/2  86/339 java/util/function/Consumer
     [java] Pass 1: Analyzing classes (87 / 339) - 25% complete     0 0/2  87/339 org/apdplat/superword/tools/OxfordSymbol
     [java] Pass 1: Analyzing classes (88 / 339) - 25% complete     0 0/2  88/339 java/lang/Long
     [java] Pass 1: Analyzing classes (89 / 339) - 26% complete     0 0/2  89/339 org/apdplat/superword/freemarker/TemplateUtils
     [java] Pass 1: Analyzing classes (90 / 339) - 26% complete     0 0/2  90/339 org/apdplat/superword/tools/PrefixSuffixOptimizer
     [java] Pass 1: Analyzing classes (91 / 339) - 26% complete     0 0/2  91/339 java/io/OutputStream
     [java] Pass 1: Analyzing classes (92 / 339) - 27% complete     0 0/2  92/339 org/apdplat/superword/extract/DefinitionExtractor
     [java] Pass 1: Analyzing classes (93 / 339) - 27% complete     0 0/2  93/339 com/qq/connect/javabeans/Avatar
     [java] Pass 1: Analyzing classes (94 / 339) - 27% complete     0 0/2  94/339 jdk/internal/HotSpotIntrinsicCandidate
     [java] Pass 1: Analyzing classes (95 / 339) - 28% complete     0 0/2  95/339 org/apdplat/word/analysis/TextSimilarity
     [java] Pass 1: Analyzing classes (96 / 339) - 28% complete     0 0/2  96/339 javax/servlet/ServletRequest
     [java] Pass 1: Analyzing classes (97 / 339) - 28% complete     0 0/2  97/339 org/apache/commons/dbcp2/PoolingDataSource
     [java] Pass 1: Analyzing classes (98 / 339) - 28% complete     0 0/2  98/339 org/apdplat/superword/tools/WordSources
     [java] Pass 1: Analyzing classes (99 / 339) - 29% complete     0 0/2  99/339 java/util/function/BiFunction
     [java] Pass 1: Analyzing classes (100 / 339) - 29% complete     0 0/2  100/339 org/apdplat/superword/extract/PrefixExtractor
     [java] Pass 1: Analyzing classes (101 / 339) - 29% complete     0 0/2  101/339 org/apdplat/superword/tools/Pronunciation
     [java] Pass 1: Analyzing classes (102 / 339) - 30% complete     0 0/2  102/339 javax/servlet/ServletOutputStream
     [java] Pass 1: Analyzing classes (103 / 339) - 30% complete     0 0/2  103/339 org/apache/commons/lang/StringUtils
     [java] Pass 1: Analyzing classes (104 / 339) - 30% complete     0 0/2  104/339 org/apdplat/superword/rule/SimilarWord
     [java] Pass 1: Analyzing classes (105 / 339) - 30% complete     0 0/2  105/339 java/io/Writer
     [java] Pass 1: Analyzing classes (106 / 339) - 31% complete     0 0/2  106/339 org/apdplat/word/WordSegmenter
     [java] Pass 1: Analyzing classes (107 / 339) - 31% complete     0 0/2  107/339 java/util/concurrent/ScheduledExecutorService
     [java] Pass 1: Analyzing classes (108 / 339) - 31% complete     0 0/2  108/339 java/net/Proxy$Type
     [java] Pass 1: Analyzing classes (109 / 339) - 32% complete     0 0/2  109/339 org/apdplat/superword/rule/SimilarityRule
     [java] Pass 1: Analyzing classes (110 / 339) - 32% complete     0 0/2  110/339 org/jsoup/HttpStatusException
     [java] Pass 1: Analyzing classes (111 / 339) - 32% complete     0 0/2  111/339 java/util/regex/Pattern
     [java] Pass 1: Analyzing classes (112 / 339) - 33% complete     0 0/2  112/339 java/nio/file/SimpleFileVisitor
     [java] Pass 1: Analyzing classes (113 / 339) - 33% complete     0 0/2  113/339 java/util/function/Predicate
     [java] Pass 1: Analyzing classes (114 / 339) - 33% complete     0 0/2  114/339 java/lang/Throwable
     [java] Pass 1: Analyzing classes (115 / 339) - 33% complete     0 0/2  115/339 org/apdplat/superword/tools/IcibaSymbol
     [java] Pass 1: Analyzing classes (116 / 339) - 34% complete     0 0/2  116/339 org/apdplat/word/analysis/JaroDistanceTextSimilarity
     [java] Pass 1: Analyzing classes (117 / 339) - 34% complete     0 0/2  117/339 java/lang/Exception
     [java] Pass 1: Analyzing classes (118 / 339) - 34% complete     0 0/2  118/339 org/eclipse/jetty/util/ConcurrentHashSet
     [java] Pass 1: Analyzing classes (119 / 339) - 35% complete     0 0/2  119/339 java/util/concurrent/ExecutorService
     [java] Pass 1: Analyzing classes (120 / 339) - 35% complete     0 0/2  120/339 java/util/stream/Collector
     [java] Pass 1: Analyzing classes (121 / 339) - 35% complete     0 0/2  121/339 org/apdplat/superword/tools/JavaCodeAnalyzer
     [java] Pass 1: Analyzing classes (122 / 339) - 35% complete     0 0/2  122/339 org/apdplat/superword/rule/WordLengthStatistics
     [java] Pass 1: Analyzing classes (123 / 339) - 36% complete     0 0/2  123/339 java/io/BufferedReader
     [java] Pass 1: Analyzing classes (124 / 339) - 36% complete     0 0/2  124/339 org/apdplat/word/analysis/CosineTextSimilarity
     [java] Pass 1: Analyzing classes (125 / 339) - 36% complete     0 0/2  125/339 org/apdplat/superword/model/ComplexPrefix
     [java] Pass 1: Analyzing classes (126 / 339) - 37% complete     0 0/2  126/339 java/util/ResourceBundle
     [java] Pass 1: Analyzing classes (127 / 339) - 37% complete     0 0/2  127/339 org/apdplat/superword/tools/WordClassifier$2
     [java] Pass 1: Analyzing classes (128 / 339) - 37% complete     0 0/2  128/339 org/apdplat/word/segmentation/SegmentationAlgorithm
     [java] Pass 1: Analyzing classes (129 / 339) - 38% complete     0 0/2  129/339 org/apdplat/superword/tools/WordClassifier$1
     [java] Pass 1: Analyzing classes (130 / 339) - 38% complete     0 0/2  130/339 org/apdplat/superword/tools/Summary
     [java] Pass 1: Analyzing classes (131 / 339) - 38% complete     0 0/2  131/339 java/util/List
     [java] Pass 1: Analyzing classes (132 / 339) - 38% complete     0 0/2  132/339 org/apdplat/superword/model/Word
     [java] Pass 1: Analyzing classes (133 / 339) - 39% complete     0 0/2  133/339 org/apdplat/superword/rule/WordVector
     [java] Pass 1: Analyzing classes (134 / 339) - 39% complete     0 0/2  134/339 java/io/FileOutputStream
     [java] Pass 1: Analyzing classes (135 / 339) - 39% complete     0 0/2  135/339 java/sql/Connection
     [java] Pass 1: Analyzing classes (136 / 339) - 40% complete     0 0/2  136/339 java/sql/PreparedStatement
     [java] Pass 1: Analyzing classes (137 / 339) - 40% complete     0 0/2  137/339 java/lang/InterruptedException
     [java] Pass 1: Analyzing classes (138 / 339) - 40% complete     0 0/2  138/339 org/apdplat/superword/extract/SynonymAntonymExtractor
     [java] Pass 1: Analyzing classes (139 / 339) - 41% complete     0 0/2  139/339 org/apdplat/superword/tools/WordLinker$1
     [java] Pass 1: Analyzing classes (140 / 339) - 41% complete     0 0/2  140/339 com/qq/connect/api/weibo/UserInfo
     [java] Pass 1: Analyzing classes (141 / 339) - 41% complete     0 0/2  141/339 org/apdplat/superword/model/Prefix
     [java] Pass 1: Analyzing classes (142 / 339) - 41% complete     0 0/2  142/339 java/io/InputStream
     [java] Pass 1: Analyzing classes (143 / 339) - 42% complete     0 0/2  143/339 java/lang/String
     [java] Pass 1: Analyzing classes (144 / 339) - 42% complete     0 0/2  144/339 java/lang/Character
     [java] Pass 1: Analyzing classes (145 / 339) - 42% complete     0 0/2  145/339 java/lang/ClassNotFoundException
     [java] Pass 1: Analyzing classes (146 / 339) - 43% complete     0 0/2  146/339 java/lang/invoke/LambdaMetafactory
     [java] Pass 1: Analyzing classes (147 / 339) - 43% complete     0 0/2  147/339 org/apdplat/superword/extract/RootAffixExtractor$2
     [java] Pass 1: Analyzing classes (148 / 339) - 43% complete     0 0/2  148/339 java/util/HashSet
     [java] Pass 1: Analyzing classes (149 / 339) - 43% complete     0 0/2  149/339 org/xml/sax/ContentHandler
     [java] Pass 1: Analyzing classes (150 / 339) - 44% complete     0 0/2  150/339 org/apdplat/superword/extract/RootAffixExtractor$1
     [java] Pass 1: Analyzing classes (151 / 339) - 44% complete     0 0/2  151/339 org/apdplat/superword/tools/MySQLUtils
     [java] Pass 1: Analyzing classes (152 / 339) - 44% complete     0 0/2  152/339 java/lang/Math
     [java] Pass 1: Analyzing classes (153 / 339) - 45% complete     0 0/2  153/339 java/lang/NoSuchFieldError
     [java] Pass 1: Analyzing classes (154 / 339) - 45% complete     0 0/2  154/339 javax/servlet/http/HttpServletResponse
     [java] Pass 1: Analyzing classes (155 / 339) - 45% complete     0 0/2  155/339 org/apdplat/superword/tools/WordClassifierForWebster$1
     [java] Pass 1: Analyzing classes (156 / 339) - 46% complete     0 0/2  156/339 org/apdplat/superword/tools/WordClassifierForWebster$2
     [java] Pass 1: Analyzing classes (157 / 339) - 46% complete     0 0/2  157/339 java/net/URL
     [java] Pass 1: Analyzing classes (158 / 339) - 46% complete     0 0/2  158/339 java/util/Map$Entry
     [java] Pass 1: Analyzing classes (159 / 339) - 46% complete     0 0/2  159/339 java/time/Instant
     [java] Pass 1: Analyzing classes (160 / 339) - 47% complete     0 0/2  160/339 org/apdplat/superword/rule/SuffixRule
     [java] Pass 1: Analyzing classes (161 / 339) - 47% complete     0 0/2  161/339 org/apdplat/superword/model/QuizItem
     [java] Pass 1: Analyzing classes (162 / 339) - 47% complete     0 0/2  162/339 org/apdplat/word/analysis/Hit
     [java] Pass 1: Analyzing classes (163 / 339) - 48% complete     0 0/2  163/339 org/apdplat/superword/tools/PdfParser
     [java] Pass 1: Analyzing classes (164 / 339) - 48% complete     0 0/2  164/339 java/lang/Enum
     [java] Pass 1: Analyzing classes (165 / 339) - 48% complete     0 0/2  165/339 java/lang/CloneNotSupportedException
     [java] Pass 1: Analyzing classes (166 / 339) - 48% complete     0 0/2  166/339 java/lang/CharSequence
     [java] Pass 1: Analyzing classes (167 / 339) - 49% complete     0 0/2  167/339 freemarker/template/TemplateExceptionHandler
     [java] Pass 1: Analyzing classes (168 / 339) - 49% complete     0 0/2  168/339 java/nio/file/FileVisitor
     [java] Pass 1: Analyzing classes (169 / 339) - 49% complete     0 0/2  169/339 org/apdplat/superword/tools/WebsterSymbol
     [java] Pass 1: Analyzing classes (170 / 339) - 50% complete     0 0/2  170/339 javax/servlet/ServletContext
     [java] Pass 1: Analyzing classes (171 / 339) - 50% complete     0 0/2  171/339 org/apache/commons/lang3/StringUtils
     [java] Pass 1: Analyzing classes (172 / 339) - 50% complete     0 0/2  172/339 org/apdplat/superword/model/Suffix
     [java] Pass 1: Analyzing classes (173 / 339) - 51% complete     0 0/2  173/339 org/apdplat/superword/system/WordsFilter
     [java] Pass 1: Analyzing classes (174 / 339) - 51% complete     0 0/2  174/339 com/gargoylesoftware/htmlunit/WebClientOptions
     [java] Pass 1: Analyzing classes (175 / 339) - 51% complete     0 0/2  175/339 java/net/URI
     [java] Pass 1: Analyzing classes (176 / 339) - 51% complete     0 0/2  176/339 org/apdplat/superword/tools/Definition$1
     [java] Pass 1: Analyzing classes (177 / 339) - 52% complete     0 0/2  177/339 org/apdplat/superword/tools/FootNSentence
     [java] Pass 1: Analyzing classes (178 / 339) - 52% complete     0 0/2  178/339 java/lang/Class
     [java] Pass 1: Analyzing classes (179 / 339) - 52% complete     0 0/2  179/339 java/util/Objects
     [java] Pass 1: Analyzing classes (180 / 339) - 53% complete     0 0/2  180/339 java/lang/Integer
     [java] Pass 1: Analyzing classes (181 / 339) - 53% complete     0 0/2  181/339 org/apdplat/superword/rule/WordVector$Score
     [java] Pass 1: Analyzing classes (182 / 339) - 53% complete     0 0/2  182/339 org/apdplat/superword/tools/WordClassifierForYouDao
     [java] Pass 1: Analyzing classes (183 / 339) - 53% complete     0 0/2  183/339 java/lang/Comparable
     [java] Pass 1: Analyzing classes (184 / 339) - 54% complete     0 0/2  184/339 java/util/concurrent/Future
     [java] Pass 1: Analyzing classes (185 / 339) - 54% complete     0 0/2  185/339 org/apdplat/superword/rule/DynamicSuffixRule
     [java] Pass 1: Analyzing classes (186 / 339) - 54% complete     0 0/2  186/339 java/io/OutputStreamWriter
     [java] Pass 1: Analyzing classes (187 / 339) - 55% complete     0 0/2  187/339 org/apdplat/superword/extract/SynonymAntonymExtractor$2
     [java] Pass 1: Analyzing classes (188 / 339) - 55% complete     0 0/2  188/339 org/apdplat/superword/model/Quiz
     [java] Pass 1: Analyzing classes (189 / 339) - 55% complete     0 0/2  189/339 org/apdplat/superword/extract/SynonymAntonymExtractor$1
     [java] Pass 1: Analyzing classes (190 / 339) - 56% complete     0 0/2  190/339 com/qq/connect/javabeans/qzone/UserInfoBean
     [java] Pass 1: Analyzing classes (191 / 339) - 56% complete     0 0/2  191/339 org/slf4j/LoggerFactory
     [java] Pass 1: Analyzing classes (192 / 339) - 56% complete     0 0/2  192/339 org/apdplat/superword/tools/ThreadPool
     [java] Pass 1: Analyzing classes (193 / 339) - 56% complete     0 0/2  193/339 javax/servlet/RequestDispatcher
     [java] Pass 1: Analyzing classes (194 / 339) - 57% complete     0 0/2  194/339 java/io/PrintStream
     [java] Pass 1: Analyzing classes (195 / 339) - 57% complete     0 0/2  195/339 java/io/BufferedOutputStream
     [java] Pass 1: Analyzing classes (196 / 339) - 57% complete     0 0/2  196/339 java/util/Arrays
     [java] Pass 1: Analyzing classes (197 / 339) - 58% complete     0 0/2  197/339 freemarker/template/Version
     [java] Pass 1: Analyzing classes (198 / 339) - 58% complete     0 0/2  198/339 org/apdplat/superword/tools/TextAnalyzer$Stat
     [java] Pass 1: Analyzing classes (199 / 339) - 58% complete     0 0/2  199/339 org/apdplat/superword/tools/HtmlFormatter
     [java] Pass 1: Analyzing classes (200 / 339) - 58% complete     0 0/2  200/339 javax/servlet/FilterChain
     [java] Pass 1: Analyzing classes (201 / 339) - 59% complete     0 0/2  201/339 java/net/InetSocketAddress
     [java] Pass 1: Analyzing classes (202 / 339) - 59% complete     0 0/2  202/339 com/qq/connect/javabeans/Birthday
     [java] Pass 1: Analyzing classes (203 / 339) - 59% complete     0 0/2  203/339 java/io/StringWriter
     [java] Pass 1: Analyzing classes (204 / 339) - 60% complete     0 0/2  204/339 org/apdplat/superword/rule/DependenceWordRule
     [java] Pass 1: Analyzing classes (205 / 339) - 60% complete     0 0/2  205/339 java/io/File
     [java] Pass 1: Analyzing classes (206 / 339) - 60% complete     0 0/2  206/339 org/apdplat/superword/tools/Pronunciation$1
     [java] Pass 1: Analyzing classes (207 / 339) - 61% complete     0 0/2  207/339 java/util/Iterator
     [java] Pass 1: Analyzing classes (208 / 339) - 61% complete     0 0/2  208/339 org/apache/commons/dbcp2/PoolableConnectionFactory
     [java] Pass 1: Analyzing classes (209 / 339) - 61% complete     0 0/2  209/339 java/security/NoSuchAlgorithmException
     [java] Pass 1: Analyzing classes (210 / 339) - 61% complete     0 0/2  210/339 java/text/MessageFormat
     [java] Pass 1: Analyzing classes (211 / 339) - 62% complete     0 0/2  211/339 java/lang/invoke/MethodType
     [java] Pass 1: Analyzing classes (212 / 339) - 62% complete     0 0/2  212/339 org/apache/commons/dbcp2/ConnectionFactory
     [java] Pass 1: Analyzing classes (213 / 339) - 62% complete     0 0/2  213/339 org/apache/tika/parser/AutoDetectParser
     [java] Pass 1: Analyzing classes (214 / 339) - 63% complete     0 0/2  214/339 java/nio/file/FileSystems
     [java] Pass 1: Analyzing classes (215 / 339) - 63% complete     0 0/2  215/339 org/apdplat/word/analysis/Hits
     [java] Pass 1: Analyzing classes (216 / 339) - 63% complete     0 0/2  216/339 org/apache/tika/sax/BodyContentHandler
     [java] Pass 1: Analyzing classes (217 / 339) - 64% complete     0 0/2  217/339 java/util/Map
     [java] Pass 1: Analyzing classes (218 / 339) - 64% complete     0 0/2  218/339 java/util/concurrent/Callable
     [java] Pass 1: Analyzing classes (219 / 339) - 64% complete     0 0/2  219/339 java/nio/file/attribute/FileAttribute
     [java] Pass 1: Analyzing classes (220 / 339) - 64% complete     0 0/2  220/339 java/io/ObjectStreamException
     [java] Pass 1: Analyzing classes (221 / 339) - 65% complete     0 0/2  221/339 javax/servlet/http/HttpServlet
     [java] Pass 1: Analyzing classes (222 / 339) - 65% complete     0 0/2  222/339 java/net/SocketAddress
     [java] Pass 1: Analyzing classes (223 / 339) - 65% complete     0 0/2  223/339 java/lang/invoke/MethodHandles
     [java] Pass 1: Analyzing classes (224 / 339) - 66% complete     0 0/2  224/339 java/util/Enumeration
     [java] Pass 1: Analyzing classes (225 / 339) - 66% complete     0 0/2  225/339 java/io/BufferedWriter
     [java] Pass 1: Analyzing classes (226 / 339) - 66% complete     0 0/2  226/339 java/lang/Double
     [java] Pass 1: Analyzing classes (227 / 339) - 66% complete     0 0/2  227/339 java/lang/System
     [java] Pass 1: Analyzing classes (228 / 339) - 67% complete     0 0/2  228/339 java/lang/ClassCastException
     [java] Pass 1: Analyzing classes (229 / 339) - 67% complete     0 0/2  229/339 java/lang/Boolean
     [java] Pass 1: Analyzing classes (230 / 339) - 67% complete     0 0/2  230/339 org/apdplat/superword/tools/FileUtils
     [java] Pass 1: Analyzing classes (231 / 339) - 68% complete     0 0/2  231/339 org/apdplat/superword/tools/WordLinker$Dictionary
     [java] Pass 1: Analyzing classes (232 / 339) - 68% complete     0 0/2  232/339 org/apdplat/word/analysis/EditDistanceTextSimilarity
     [java] Pass 1: Analyzing classes (233 / 339) - 68% complete     0 0/2  233/339 org/jsoup/Connection$Method
     [java] Pass 1: Analyzing classes (234 / 339) - 69% complete     0 0/2  234/339 org/apdplat/superword/tools/TopNSentence
     [java] Pass 1: Analyzing classes (235 / 339) - 69% complete     0 0/2  235/339 org/apdplat/superword/system/InstantTip
     [java] Pass 1: Analyzing classes (236 / 339) - 69% complete     0 0/2  236/339 com/qq/connect/javabeans/weibo/UserInfoBean
     [java] Pass 1: Analyzing classes (237 / 339) - 69% complete     0 0/2  237/339 org/apdplat/superword/tools/YoudaoSymbol
     [java] Pass 1: Analyzing classes (238 / 339) - 70% complete     0 0/2  238/339 org/apdplat/superword/model/HistoryRecord
     [java] Pass 1: Analyzing classes (239 / 339) - 70% complete     0 0/2  239/339 org/apdplat/superword/rule/DefinitionSimilarRule
     [java] Pass 1: Analyzing classes (240 / 339) - 70% complete     0 0/2  240/339 org/apdplat/superword/rule/CharTransformRule
     [java] Pass 1: Analyzing classes (241 / 339) - 71% complete     0 0/2  241/339 com/gargoylesoftware/htmlunit/html/HtmlPage
     [java] Pass 1: Analyzing classes (242 / 339) - 71% complete     0 0/2  242/339 javax/servlet/Filter
     [java] Pass 1: Analyzing classes (243 / 339) - 71% complete     0 0/2  243/339 com/qq/connect/api/OpenID
     [java] Pass 1: Analyzing classes (244 / 339) - 71% complete     0 0/2  244/339 org/apdplat/superword/extract/PartOfSpeechExtractor
     [java] Pass 1: Analyzing classes (245 / 339) - 72% complete     0 0/2  245/339 org/apdplat/superword/rule/DynamicPrefixRule
     [java] Pass 1: Analyzing classes (246 / 339) - 72% complete     0 0/2  246/339 freemarker/template/Configuration
     [java] Pass 1: Analyzing classes (247 / 339) - 72% complete     0 0/2  247/339 javax/servlet/ServletException
     [java] Pass 1: Analyzing classes (248 / 339) - 73% complete     0 0/2  248/339 org/apdplat/superword/tools/Definition
     [java] Pass 1: Analyzing classes (249 / 339) - 73% complete     0 0/2  249/339 java/lang/IllegalArgumentException
     [java] Pass 1: Analyzing classes (250 / 339) - 73% complete     0 0/2  250/339 org/apdplat/superword/extract/PhraseExtractor$1
     [java] Pass 1: Analyzing classes (251 / 339) - 74% complete     0 0/2  251/339 org/apdplat/superword/extract/PhraseExtractor$2
     [java] Pass 1: Analyzing classes (252 / 339) - 74% complete     0 0/2  252/339 com/gargoylesoftware/htmlunit/html/HtmlElement
     [java] Pass 1: Analyzing classes (253 / 339) - 74% complete     0 0/2  253/339 java/lang/invoke/MethodHandle
     [java] Pass 1: Analyzing classes (254 / 339) - 74% complete     0 0/2  254/339 java/lang/ClassLoader
     [java] Pass 1: Analyzing classes (255 / 339) - 75% complete     0 0/2  255/339 java/lang/Deprecated
     [java] Pass 1: Analyzing classes (256 / 339) - 75% complete     0 0/2  256/339 java/nio/file/FileSystem
     [java] Pass 1: Analyzing classes (257 / 339) - 75% complete     0 0/2  257/339 org/apdplat/superword/model/UserBook
     [java] Pass 1: Analyzing classes (258 / 339) - 76% complete     0 0/2  258/339 java/util/Random
     [java] Pass 1: Analyzing classes (259 / 339) - 76% complete     0 0/2  259/339 org/apdplat/superword/model/User
     [java] Pass 1: Analyzing classes (260 / 339) - 76% complete     0 0/2  260/339 org/apdplat/superword/extract/RootAffixExtractor
     [java] Pass 1: Analyzing classes (261 / 339) - 76% complete     0 0/2  261/339 javax/servlet/ServletResponse
     [java] Pass 1: Analyzing classes (262 / 339) - 77% complete     0 0/2  262/339 java/util/ArrayList
     [java] Pass 1: Analyzing classes (263 / 339) - 77% complete     0 0/2  263/339 com/qq/connect/oauth/Oauth
     [java] Pass 1: Analyzing classes (264 / 339) - 77% complete     0 0/2  264/339 java/util/Collection
     [java] Pass 1: Analyzing classes (265 / 339) - 78% complete     0 0/2  265/339 org/apdplat/superword/rule/RootRule
     [java] Pass 1: Analyzing classes (266 / 339) - 78% complete     0 0/2  266/339 java/nio/file/attribute/BasicFileAttributes
     [java] Pass 1: Analyzing classes (267 / 339) - 78% complete     0 0/2  267/339 java/sql/Date
     [java] Pass 1: Analyzing classes (268 / 339) - 79% complete     0 0/2  268/339 com/qq/connect/javabeans/AccessToken
     [java] Pass 1: Analyzing classes (269 / 339) - 79% complete     0 0/2  269/339 javax/servlet/GenericServlet
     [java] Pass 1: Analyzing classes (270 / 339) - 79% complete     0 0/2  270/339 javax/servlet/Servlet
     [java] Pass 1: Analyzing classes (271 / 339) - 79% complete     0 0/2  271/339 org/apdplat/superword/tools/WebsterPOS
     [java] Pass 1: Analyzing classes (272 / 339) - 80% complete     0 0/2  272/339 org/apdplat/superword/tools/IrregularPlurals
     [java] Pass 1: Analyzing classes (273 / 339) - 80% complete     0 0/2  273/339 org/apdplat/superword/model/UserWord
     [java] Pass 1: Analyzing classes (274 / 339) - 80% complete     0 0/2  274/339 org/apdplat/word/analysis/JaroWinklerDistanceTextSimilarity
     [java] Pass 1: Analyzing classes (275 / 339) - 81% complete     0 0/2  275/339 org/apdplat/superword/rule/PrefixRule
     [java] Pass 1: Analyzing classes (276 / 339) - 81% complete     0 0/2  276/339 javax/management/ObjectName
     [java] Pass 1: Analyzing classes (277 / 339) - 81% complete     0 0/2  277/339 org/apdplat/superword/model/UserDynamicPrefix
     [java] Pass 1: Analyzing classes (278 / 339) - 82% complete     0 0/2  278/339 java/sql/ResultSet
     [java] Pass 1: Analyzing classes (279 / 339) - 82% complete     0 0/2  279/339 java/io/InvalidObjectException
     [java] Pass 1: Analyzing classes (280 / 339) - 82% complete     0 0/2  280/339 org/apdplat/superword/extract/SentenceExtractor
     [java] Pass 1: Analyzing classes (281 / 339) - 82% complete     0 0/2  281/339 java/util/concurrent/atomic/AtomicInteger
     [java] Pass 1: Analyzing classes (282 / 339) - 83% complete     0 0/2  282/339 org/apdplat/superword/tools/DynamicIp
     [java] Pass 1: Analyzing classes (283 / 339) - 83% complete     0 0/2  283/339 java/util/TreeMap
     [java] Pass 1: Analyzing classes (284 / 339) - 83% complete     0 0/2  284/339 javax/servlet/http/NoBodyResponse
     [java] Pass 1: Analyzing classes (285 / 339) - 84% complete     0 0/2  285/339 java/util/BitSet
     [java] Pass 1: Analyzing classes (286 / 339) - 84% complete     1 0/2  286/339 org/apdplat/superword/tools/AidReading
     [java] Pass 1: Analyzing classes (287 / 339) - 84% complete     1 0/2  287/339 org/apdplat/superword/system/HistoryFilter
     [java] Pass 1: Analyzing classes (288 / 339) - 84% complete     1 0/2  288/339 java/util/Collections
     [java] Pass 1: Analyzing classes (289 / 339) - 85% complete     1 0/2  289/339 org/apdplat/superword/tools/WordClassifierForOxford$1
     [java] Pass 1: Analyzing classes (290 / 339) - 85% complete     1 0/2  290/339 org/apdplat/superword/rule/RootAffixRule
     [java] Pass 1: Analyzing classes (291 / 339) - 85% complete     1 0/2  291/339 java/lang/RuntimeException
     [java] Pass 1: Analyzing classes (292 / 339) - 86% complete     1 0/2  292/339 java/util/UUID
     [java] Pass 1: Analyzing classes (293 / 339) - 86% complete     1 0/2  293/339 org/apdplat/superword/tools/WordClassifierForOxford$2
     [java] Pass 1: Analyzing classes (294 / 339) - 86% complete     1 0/2  294/339 org/apdplat/superword/extract/HyphenExtractor$2
     [java] Pass 1: Analyzing classes (295 / 339) - 87% complete     1 0/2  295/339 java/lang/invoke/MethodHandles$Lookup
     [java] Pass 1: Analyzing classes (296 / 339) - 87% complete     1 0/2  296/339 org/apdplat/superword/tools/WordLinker
     [java] Pass 1: Analyzing classes (297 / 339) - 87% complete     1 0/2  297/339 org/apdplat/superword/extract/HyphenExtractor$1
     [java] Pass 1: Analyzing classes (298 / 339) - 87% complete     1 0/2  298/339 org/apdplat/superword/model/QQUser
     [java] Pass 1: Analyzing classes (299 / 339) - 88% complete     1 0/2  299/339 java/util/HashMap
     [java] Pass 1: Analyzing classes (300 / 339) - 88% complete     1 0/2  300/339 java/io/FileInputStream
     [java] Pass 1: Analyzing classes (301 / 339) - 88% complete     1 0/2  301/339 org/slf4j/Logger
     [java] Pass 1: Analyzing classes (302 / 339) - 89% complete     1 0/2  302/339 org/apache/tika/metadata/Metadata
     [java] Pass 1: Analyzing classes (303 / 339) - 89% complete     1 0/2  303/339 java/lang/Float
     [java] Pass 1: Analyzing classes (304 / 339) - 89% complete     1 0/2  304/339 java/nio/file/StandardCopyOption
     [java] Pass 1: Analyzing classes (305 / 339) - 89% complete     1 0/2  305/339 java/lang/StringBuffer
     [java] Pass 1: Analyzing classes (306 / 339) - 90% complete     1 0/2  306/339 org/apdplat/superword/tools/WordClassifierForOxford
     [java] Pass 1: Analyzing classes (307 / 339) - 90% complete     1 0/2  307/339 java/util/Set
     [java] Pass 1: Analyzing classes (308 / 339) - 90% complete     1 0/2  308/339 org/jsoup/select/Elements
     [java] Pass 1: Analyzing classes (309 / 339) - 91% complete     1 0/2  309/339 java/io/PrintWriter
     [java] Pass 1: Analyzing classes (310 / 339) - 91% complete     1 0/2  310/339 org/apdplat/superword/rule/IndependentWordRule
     [java] Pass 1: Analyzing classes (311 / 339) - 91% complete     1 0/2  311/339 java/util/Comparator
     [java] Pass 1: Analyzing classes (312 / 339) - 92% complete     1 0/2  312/339 org/apdplat/superword/model/UserDynamicSuffix
     [java] Pass 1: Analyzing classes (313 / 339) - 92% complete     1 0/2  313/339 java/text/SimpleDateFormat
     [java] Pass 1: Analyzing classes (314 / 339) - 92% complete     1 0/2  314/339 org/apdplat/superword/tools/ProxyIp
     [java] Pass 1: Analyzing classes (315 / 339) - 92% complete     1 0/2  315/339 org/apdplat/superword/model/SynonymDiscrimination
     [java] Pass 1: Analyzing classes (316 / 339) - 93% complete     1 0/2  316/339 org/apdplat/word/util/AtomicFloat
     [java] Pass 1: Analyzing classes (317 / 339) - 93% complete     1 0/2  317/339 org/jsoup/Jsoup
     [java] Pass 1: Analyzing classes (318 / 339) - 93% complete     1 0/2  318/339 javax/servlet/http/HttpSession
     [java] Pass 1: Analyzing classes (319 / 339) - 94% complete     1 0/2  319/339 org/apdplat/superword/system/qq/AfterLoginRedirectServlet
     [java] Pass 1: Analyzing classes (320 / 339) - 94% complete     1 0/2  320/339 org/apache/commons/pool2/PooledObjectFactory
     [java] Pass 1: Analyzing classes (321 / 339) - 94% complete     1 0/2  321/339 com/gargoylesoftware/htmlunit/WebClient
     [java] Pass 1: Analyzing classes (322 / 339) - 94% complete     1 0/2  322/339 org/jsoup/nodes/Element
     [java] Pass 1: Analyzing classes (323 / 339) - 95% complete     1 0/2  323/339 org/apdplat/superword/tools/OxfordPOS
     [java] Pass 1: Analyzing classes (324 / 339) - 95% complete     1 0/2  324/339 java/net/HttpURLConnection
     [java] Pass 1: Analyzing classes (325 / 339) - 95% complete     1 0/2  325/339 org/apdplat/superword/extract/SynonymDiscriminationExtractor
     [java] Pass 1: Analyzing classes (326 / 339) - 96% complete     1 0/2  326/339 org/apdplat/superword/tools/IrregularVerbs
     [java] Pass 1: Analyzing classes (327 / 339) - 96% complete     1 0/2  327/339 java/nio/file/FileVisitResult
     [java] Pass 1: Analyzing classes (328 / 339) - 96% complete     1 0/2  328/339 org/apdplat/superword/tools/IPUtils
     [java] Pass 1: Analyzing classes (329 / 339) - 97% complete     1 0/2  329/339 java/time/ZoneId
     [java] Pass 1: Analyzing classes (330 / 339) - 97% complete     1 0/2  330/339 java/util/LinkedList
     [java] Pass 1: Analyzing classes (331 / 339) - 97% complete     1 0/2  331/339 java/security/MessageDigest
     [java] Pass 1: Analyzing classes (332 / 339) - 97% complete     1 0/2  332/339 com/gargoylesoftware/htmlunit/Page
     [java] Pass 1: Analyzing classes (333 / 339) - 98% complete     1 0/2  333/339 javax/servlet/http/HttpServletRequest
     [java] Pass 1: Analyzing classes (334 / 339) - 98% complete     1 0/2  334/339 org/apdplat/superword/model/MyNewWord
     [java] Pass 1: Analyzing classes (335 / 339) - 98% complete     1 0/2  335/339 org/apdplat/superword/tools/TextAnalyzer$1
     [java] Pass 1: Analyzing classes (336 / 339) - 99% complete     1 0/2  336/339 org/apdplat/superword/tools/WordsFetcher
     [java] Pass 1: Analyzing classes (337 / 339) - 99% complete     1 0/2  337/339 org/apdplat/superword/system/AntiRobotFilter
     [java] Pass 1: Analyzing classes (338 / 339) - 99% complete     1 0/2  338/339 org/apdplat/superword/model/UserText
     [java] Pass 1: Analyzing classes (339 / 339) - 100% complete     1 : Pass 1: 126 classes
     [java] XFactory cached methods: 8014/10245
     [java] Descriptor factory: 7081/8014/21403
     [java] Pass 2: Analyzing classes (0 / 126) - 00% complete     1 1/2  0/126 org/apdplat/superword/extract/PartOfSpeechExtractor$1
     [java] Pass 2: Analyzing classes (1 / 126) - 00% complete      27 usecs/byte      42 msec    1535 bytes  1 pass org/apdplat/superword/extract/PartOfSpeechExtractor$1     1 1/2  1/126 org/apdplat/superword/model/UserSimilarWord
     [java] Pass 2: Analyzing classes (2 / 126) - 01% complete     1 1/2  2/126 org/apdplat/superword/rule/WordVector$Score
     [java] Pass 2: Analyzing classes (3 / 126) - 02% complete     1 1/2  3/126 org/apdplat/superword/extract/SynonymAntonymExtractor$2
     [java] Pass 2: Analyzing classes (4 / 126) - 03% complete     1 1/2  4/126 org/apdplat/superword/extract/SynonymAntonymExtractor$1
     [java] Pass 2: Analyzing classes (5 / 126) - 03% complete     1 1/2  5/126 org/apdplat/superword/model/UserUrl
     [java] Pass 2: Analyzing classes (6 / 126) - 04% complete     1 1/2  6/126 org/apdplat/superword/tools/ThreadPool
     [java] Pass 2: Analyzing classes (7 / 126) - 05% complete     1 1/2  7/126 org/apdplat/superword/extract/PartOfSpeechExtractor$2
     [java] Pass 2: Analyzing classes (8 / 126) - 06% complete     1 1/2  8/126 org/apdplat/superword/rule/PartOfSpeech
     [java] Pass 2: Analyzing classes (9 / 126) - 07% complete     1 1/2  9/126 org/apdplat/superword/tools/TextAnalyzer$Stat
     [java] Pass 2: Analyzing classes (10 / 126) - 07% complete     1 1/2  10/126 org/apdplat/superword/rule/DefinitionSimilarRule$Result
     [java] Pass 2: Analyzing classes (11 / 126) - 08% complete     1 1/2  11/126 org/apdplat/superword/system/qq/IndexServlet
     [java] Pass 2: Analyzing classes (12 / 126) - 09% complete     1 1/2  12/126 org/apdplat/superword/tools/TimeUtils
     [java] Pass 2: Analyzing classes (13 / 126) - 10% complete     1 1/2  13/126 org/apdplat/superword/extract/SynonymDiscriminationExtractor$2
     [java] Pass 2: Analyzing classes (14 / 126) - 11% complete     1 1/2  14/126 org/apdplat/superword/extract/SynonymDiscriminationExtractor$1
     [java] Pass 2: Analyzing classes (15 / 126) - 11% complete     1 1/2  15/126 org/apdplat/superword/tools/FileUtils
     [java] Pass 2: Analyzing classes (16 / 126) - 12% complete     1 1/2  16/126 org/apdplat/superword/model/CharMap
     [java] Pass 2: Analyzing classes (17 / 126) - 13% complete     1 1/2  17/126 org/apdplat/superword/tools/WordLinker$Dictionary
     [java] Pass 2: Analyzing classes (18 / 126) - 14% complete     1 1/2  18/126 org/apdplat/superword/tools/PdfParser$1
     [java] Pass 2: Analyzing classes (19 / 126) - 15% complete     1 1/2  19/126 org/apdplat/superword/extract/DefinitionExtractor$2
     [java] Pass 2: Analyzing classes (20 / 126) - 15% complete     1 1/2  20/126 org/apdplat/superword/extract/DefinitionExtractor$1
     [java] Pass 2: Analyzing classes (21 / 126) - 16% complete     1 1/2  21/126 org/apdplat/superword/tools/YoudaoSymbol
     [java] Pass 2: Analyzing classes (22 / 126) - 17% complete     1 1/2  22/126 org/apdplat/superword/model/HistoryRecord
     [java] Pass 2: Analyzing classes (23 / 126) - 18% complete     1 1/2  23/126 org/apdplat/superword/tools/JavaCodeAnalyzer$2
     [java] Pass 2: Analyzing classes (24 / 126) - 19% complete     1 1/2  24/126 org/apdplat/superword/tools/JavaCodeAnalyzer$1
     [java] Pass 2: Analyzing classes (25 / 126) - 19% complete     1 1/2  25/126 org/apdplat/superword/tools/OxfordSymbol
     [java] Pass 2: Analyzing classes (26 / 126) - 20% complete     1 1/2  26/126 org/apdplat/superword/extract/PhraseExtractor$1
     [java] Pass 2: Analyzing classes (27 / 126) - 21% complete     1 1/2  27/126 org/apdplat/superword/extract/PhraseExtractor$2
     [java] Pass 2: Analyzing classes (28 / 126) - 22% complete     1 1/2  28/126 org/apdplat/superword/tools/PrefixSuffixOptimizer
     [java] Pass 2: Analyzing classes (29 / 126) - 23% complete     1 1/2  29/126 org/apdplat/superword/model/UserBook
     [java] Pass 2: Analyzing classes (30 / 126) - 23% complete     1 1/2  30/126 org/apdplat/superword/model/User
     [java] Pass 2: Analyzing classes (31 / 126) - 24% complete     1 1/2  31/126 org/apdplat/superword/tools/WebsterPOS
     [java] Pass 2: Analyzing classes (32 / 126) - 25% complete     1 1/2  32/126 org/apdplat/superword/tools/IrregularPlurals
     [java] Pass 2: Analyzing classes (33 / 126) - 26% complete     1 1/2  33/126 org/apdplat/superword/model/UserWord
     [java] Pass 2: Analyzing classes (34 / 126) - 26% complete     1 1/2  34/126 org/apdplat/superword/model/UserDynamicPrefix
     [java] Pass 2: Analyzing classes (35 / 126) - 27% complete     1 1/2  35/126 org/apdplat/superword/tools/IcibaSymbol
     [java] Pass 2: Analyzing classes (36 / 126) - 28% complete     1 1/2  36/126 org/apdplat/superword/tools/DynamicIp
     [java] Pass 2: Analyzing classes (37 / 126) - 29% complete     1 1/2  37/126 org/apdplat/superword/system/HistoryFilter
     [java] Pass 2: Analyzing classes (38 / 126) - 30% complete     1 1/2  38/126 org/apdplat/superword/extract/HyphenExtractor$2
     [java] Pass 2: Analyzing classes (39 / 126) - 30% complete     1 1/2  39/126 org/apdplat/superword/extract/HyphenExtractor$1
     [java] Pass 2: Analyzing classes (40 / 126) - 31% complete     1 1/2  40/126 org/apdplat/superword/tools/WordLinker
     [java] Pass 2: Analyzing classes (41 / 126) - 32% complete     1 1/2  41/126 org/apdplat/superword/model/Word
     [java] Pass 2: Analyzing classes (42 / 126) - 33% complete     1 1/2  42/126 org/apdplat/superword/model/QQUser
     [java] Pass 2: Analyzing classes (43 / 126) - 34% complete     1 1/2  43/126 org/apdplat/superword/rule/WordVector
     [java] Pass 2: Analyzing classes (44 / 126) - 34% complete     1 1/2  44/126 org/apdplat/superword/tools/WordLinker$1
     [java] Pass 2: Analyzing classes (45 / 126) - 35% complete     1 1/2  45/126 org/apdplat/superword/model/Prefix
     [java] Pass 2: Analyzing classes (46 / 126) - 36% complete     1 1/2  46/126 org/apdplat/superword/model/UserDynamicSuffix
     [java] Pass 2: Analyzing classes (47 / 126) - 37% complete     1 1/2  47/126 org/apdplat/superword/tools/ProxyIp
     [java] Pass 2: Analyzing classes (48 / 126) - 38% complete     1 1/2  48/126 org/apdplat/superword/extract/RootAffixExtractor$2
     [java] Pass 2: Analyzing classes (49 / 126) - 38% complete     1 1/2  49/126 org/apdplat/superword/model/SynonymDiscrimination
     [java] Pass 2: Analyzing classes (50 / 126) - 39% complete     1 1/2  50/126 org/apdplat/superword/extract/RootAffixExtractor$1
     [java] Pass 2: Analyzing classes (51 / 126) - 40% complete     1 1/2  51/126 org/apdplat/superword/tools/OxfordPOS
     [java] Pass 2: Analyzing classes (52 / 126) - 41% complete     1 1/2  52/126 org/apdplat/superword/tools/IrregularVerbs
     [java] Pass 2: Analyzing classes (53 / 126) - 42% complete     1 1/2  53/126 org/apdplat/superword/tools/IPUtils
     [java] Pass 2: Analyzing classes (54 / 126) - 42% complete     1 1/2  54/126 org/apdplat/superword/tools/WebsterSymbol
     [java] Pass 2: Analyzing classes (55 / 126) - 43% complete     1 1/2  55/126 org/apdplat/superword/model/MyNewWord
     [java] Pass 2: Analyzing classes (56 / 126) - 44% complete     1 1/2  56/126 org/apdplat/superword/model/Suffix
     [java] Pass 2: Analyzing classes (57 / 126) - 45% complete     1 1/2  57/126 org/apdplat/superword/tools/Definition$1
     [java] Pass 2: Analyzing classes (58 / 126) - 46% complete     1 1/2  58/126 org/apdplat/superword/tools/TextAnalyzer$1
     [java] Pass 2: Analyzing classes (59 / 126) - 46% complete     1 1/2  59/126 org/apdplat/superword/model/UserText
     [java] Pass 2: Analyzing classes (60 / 126) - 47% complete     1 1/2  60/126 org/apdplat/superword/tools/WordClassifierForYouDao
     [java] Pass 2: Analyzing classes (61 / 126) - 48% complete     1 1/2  61/126 org/apdplat/superword/model/ComplexSuffix
     [java] Pass 2: Analyzing classes (62 / 126) - 49% complete     1 1/2  62/126 org/apdplat/superword/tools/WordClassifier
     [java] Pass 2: Analyzing classes (63 / 126) - 50% complete     1 1/2  63/126 org/apdplat/superword/model/SynonymAntonym
     [java] Pass 2: Analyzing classes (64 / 126) - 50% complete     1 1/2  64/126 org/apdplat/superword/model/ComplexPrefix
     [java] Pass 2: Analyzing classes (65 / 126) - 51% complete     1 1/2  65/126 org/apdplat/superword/tools/MySQLUtils
     [java] Pass 2: Analyzing classes (66 / 126) - 52% complete     2 1/2  66/126 org/apdplat/superword/tools/HtmlFormatter
     [java] Pass 2: Analyzing classes (67 / 126) - 53% complete     2 1/2  67/126 org/apdplat/superword/tools/WordSources
     [java] Pass 2: Analyzing classes (68 / 126) - 53% complete     2 1/2  68/126 org/apdplat/superword/model/QuizItem
     [java] Pass 2: Analyzing classes (69 / 126) - 54% complete     2 1/2  69/126 org/apdplat/superword/rule/PrefixRule
     [java] Pass 2: Analyzing classes (70 / 126) - 55% complete     2 1/2  70/126 org/apdplat/superword/rule/RootRule
     [java] Pass 2: Analyzing classes (71 / 126) - 56% complete     2 1/2  71/126 org/apdplat/superword/freemarker/TemplateUtils
     [java] Pass 2: Analyzing classes (72 / 126) - 57% complete     2 1/2  72/126 org/apdplat/superword/tools/Definition
     [java] Pass 2: Analyzing classes (73 / 126) - 57% complete     2 1/2  73/126 org/apdplat/superword/tools/WordClassifierForWebster
     [java] Pass 2: Analyzing classes (74 / 126) - 58% complete     2 1/2  74/126 org/apdplat/superword/tools/TextAnalyzer
     [java] Pass 2: Analyzing classes (75 / 126) - 59% complete     2 1/2  75/126 org/apdplat/superword/system/AntiRobotFilter
     [java] Pass 2: Analyzing classes (76 / 126) - 60% complete     2 1/2  76/126 org/apdplat/superword/tools/WordsFetcher
     [java] Pass 2: Analyzing classes (77 / 126) - 61% complete     2 1/2  77/126 org/apdplat/superword/tools/FootNSentence
     [java] Pass 2: Analyzing classes (78 / 126) - 61% complete     2 1/2  78/126 org/apdplat/superword/system/WordsFilter
     [java] Pass 2: Analyzing classes (79 / 126) - 62% complete     2 1/2  79/126 org/apdplat/superword/tools/PdfParser
     [java] Pass 2: Analyzing classes (80 / 126) - 63% complete     2 1/2  80/126 org/apdplat/superword/rule/SuffixRule
     [java] Pass 2: Analyzing classes (81 / 126) - 64% complete     2 1/2  81/126 org/apdplat/superword/extract/SynonymDiscriminationExtractor
     [java] Pass 2: Analyzing classes (82 / 126) - 65% complete     2 1/2  82/126 org/apdplat/superword/tools/WordClassifierForWebster$2
     [java] Pass 2: Analyzing classes (83 / 126) - 65% complete     2 1/2  83/126 org/apdplat/superword/tools/WordClassifierForWebster$1
     [java] Pass 2: Analyzing classes (84 / 126) - 66% complete     2 1/2  84/126 org/apdplat/superword/system/qq/AfterLoginRedirectServlet
     [java] Pass 2: Analyzing classes (85 / 126) - 67% complete     2 1/2  85/126 org/apdplat/superword/rule/IndependentWordRule
     [java] Pass 2: Analyzing classes (86 / 126) - 68% complete     2 1/2  86/126 org/apdplat/superword/tools/WordClassifierForOxford
     [java] Pass 2: Analyzing classes (87 / 126) - 69% complete     2 1/2  87/126 org/apdplat/superword/extract/SynonymAntonymExtractor
     [java] Pass 2: Analyzing classes (88 / 126) - 69% complete     2 1/2  88/126 org/apdplat/superword/tools/WordClassifierForOxford$2
     [java] Pass 2: Analyzing classes (89 / 126) - 70% complete     2 1/2  89/126 org/apdplat/superword/rule/RootAffixRule
     [java] Pass 2: Analyzing classes (90 / 126) - 71% complete     2 1/2  90/126 org/apdplat/superword/tools/WordClassifierForOxford$1
     [java] Pass 2: Analyzing classes (91 / 126) - 72% complete     2 1/2  91/126 org/apdplat/superword/tools/Summary
     [java] Pass 2: Analyzing classes (92 / 126) - 73% complete     2 1/2  92/126 org/apdplat/superword/tools/AidReading
     [java] Pass 2: Analyzing classes (93 / 126) - 73% complete     2 1/2  93/126 org/apdplat/superword/tools/WordClassifier$1
     [java] Pass 2: Analyzing classes (94 / 126) - 74% complete     2 1/2  94/126 org/apdplat/superword/tools/WordClassifier$2
     [java] Pass 2: Analyzing classes (95 / 126) - 75% complete     2 1/2  95/126 org/apdplat/superword/rule/WordLengthStatistics
     [java] Pass 2: Analyzing classes (96 / 126) - 76% complete     2 1/2  96/126 org/apdplat/superword/tools/JavaCodeAnalyzer
     [java] Pass 2: Analyzing classes (97 / 126) - 76% complete     2 1/2  97/126 org/apdplat/superword/extract/SentenceExtractor
     [java] Pass 2: Analyzing classes (98 / 126) - 77% complete     2 1/2  98/126 org/apdplat/superword/rule/SimilarityRule
     [java] Pass 2: Analyzing classes (99 / 126) - 78% complete     2 1/2  99/126 org/apdplat/superword/rule/SimilarWord
     [java] Pass 2: Analyzing classes (100 / 126) - 79% complete     2 1/2  100/126 org/apdplat/superword/extract/RootAffixExtractor
     [java] Pass 2: Analyzing classes (101 / 126) - 80% complete     2 1/2  101/126 org/apdplat/superword/tools/Pronunciation
     [java] Pass 2: Analyzing classes (102 / 126) - 80% complete     2 1/2  102/126 org/apdplat/superword/extract/PrefixExtractor
     [java] Pass 2: Analyzing classes (103 / 126) - 81% complete     2 1/2  103/126 org/apdplat/superword/extract/DefinitionExtractor
     [java] Pass 2: Analyzing classes (104 / 126) - 82% complete     2 1/2  104/126 org/apdplat/superword/tools/SentenceScorer
     [java] Pass 2: Analyzing classes (105 / 126) - 83% complete     2 1/2  105/126 org/apdplat/superword/rule/DynamicPrefixRule
     [java] Pass 2: Analyzing classes (106 / 126) - 84% complete     2 1/2  106/126 org/apdplat/superword/extract/PartOfSpeechExtractor
     [java] Pass 2: Analyzing classes (107 / 126) - 84% complete     2 1/2  107/126 org/apdplat/superword/rule/CompoundWord
     [java] Pass 2: Analyzing classes (108 / 126) - 85% complete     2 1/2  108/126 org/apdplat/superword/rule/CharTransformRule
     [java] Pass 2: Analyzing classes (109 / 126) - 86% complete     2 1/2  109/126 org/apdplat/superword/rule/DefinitionSimilarRule
     [java] Pass 2: Analyzing classes (110 / 126) - 87% complete     2 1/2  110/126 org/apdplat/superword/system/InstantTip
     [java] Pass 2: Analyzing classes (111 / 126) - 88% complete     2 1/2  111/126 org/apdplat/superword/extract/ChineseSynonymAntonymExtractor
     [java] Pass 2: Analyzing classes (112 / 126) - 88% complete     2 1/2  112/126 org/apdplat/superword/tools/TopNSentence
     [java] Pass 2: Analyzing classes (113 / 126) - 89% complete     2 1/2  113/126 org/apdplat/superword/system/ViewWordServlet
     [java] Pass 2: Analyzing classes (114 / 126) - 90% complete     2 1/2  114/126 org/apdplat/superword/tools/PdfParser$2
     [java] Pass 2: Analyzing classes (115 / 126) - 91% complete     2 1/2  115/126 org/apdplat/superword/extract/PhraseExtractor
     [java] Pass 2: Analyzing classes (116 / 126) - 92% complete     2 1/2  116/126 org/apdplat/superword/extract/HyphenExtractor
     [java] Pass 2: Analyzing classes (117 / 126) - 92% complete     2 1/2  117/126 org/apdplat/superword/tools/WordClassifierForYouDao$2
     [java] Pass 2: Analyzing classes (118 / 126) - 93% complete     2 1/2  118/126 org/apdplat/superword/tools/WordClassifierForYouDao$1
     [java] Pass 2: Analyzing classes (119 / 126) - 94% complete     2 1/2  119/126 org/apdplat/superword/tools/Pronunciation$1
     [java] Pass 2: Analyzing classes (120 / 126) - 95% complete     2 1/2  120/126 org/apdplat/superword/tools/Summary$1
     [java] Pass 2: Analyzing classes (121 / 126) - 96% complete     2 1/2  121/126 org/apdplat/superword/rule/DependenceWordRule
     [java] Pass 2: Analyzing classes (122 / 126) - 96% complete     2 1/2  122/126 org/apdplat/superword/extract/SuffixExtractor
     [java] Pass 2: Analyzing classes (123 / 126) - 97% complete     2 1/2  123/126 org/apdplat/superword/system/InstantTipServlet
     [java] Pass 2: Analyzing classes (124 / 126) - 98% complete     2 1/2  124/126 org/apdplat/superword/model/Quiz
     [java] Pass 2: Analyzing classes (125 / 126) - 99% complete     2 1/2  125/126 org/apdplat/superword/rule/DynamicSuffixRule
     [java] Pass 2: Analyzing classes (126 / 126) - 100% completeDone with analysis
     [java] Analysis completed
[INFO] Done SpotBugs Analysis....
[INFO] 
[INFO] <<< spotbugs-maven-plugin:4.2.3-SNAPSHOT:check (default-cli) < :spotbugs @ superword <<<
[INFO] 
[INFO] 
[INFO] --- spotbugs-maven-plugin:4.2.3-SNAPSHOT:check (default-cli) @ superword ---
[INFO] BugInstance size is 2
[INFO] Error size is 0
[INFO] Total bugs: 2
[ERROR] Medium: org.apdplat.superword.model.HistoryRecord.simpleDateFormat is a static field of type java.text.DateFormat, which isn't thread safe [org.apdplat.superword.model.HistoryRecord] In HistoryRecord.java STCAL_STATIC_SIMPLE_DATE_FORMAT_INSTANCE
[ERROR] Medium: org.apdplat.superword.model.User.simpleDateFormat is a static field of type java.text.DateFormat, which isn't thread safe [org.apdplat.superword.model.User] In User.java STCAL_STATIC_SIMPLE_DATE_FORMAT_INSTANCE
[INFO] 


To see bug detail using the Spotbugs GUI, use the following command "mvn spotbugs:gui"



[INFO] ------------------------------------------------------------------------
[INFO] BUILD FAILURE
[INFO] ------------------------------------------------------------------------
[INFO] Total time:  5.846 s
[INFO] Finished at: 2021-03-29T14:30:46+08:00
[INFO] ------------------------------------------------------------------------
[ERROR] Failed to execute goal com.github.spotbugs:spotbugs-maven-plugin:4.2.3-SNAPSHOT:check (default-cli) on project superword: failed with 2 bugs and 0 errors -> [Help 1]
[ERROR] 
[ERROR] To see the full stack trace of the errors, re-run Maven with the -e switch.
[ERROR] Re-run Maven using the -X switch to enable full debug logging.
[ERROR] 
[ERROR] For more information about the errors and possible solutions, please read the following articles:
[ERROR] [Help 1] http://cwiki.apache.org/confluence/display/MAVEN/MojoExecutionException
[INFO] Build failures were ignored.
