WARNING: An illegal reflective access operation has occurred
WARNING: Illegal reflective access by com.google.inject.internal.cglib.core.$ReflectUtils$1 (file:/usr/share/maven/lib/guice.jar) to method java.lang.ClassLoader.defineClass(java.lang.String,byte[],int,int,java.security.ProtectionDomain)
WARNING: Please consider reporting this to the maintainers of com.google.inject.internal.cglib.core.$ReflectUtils$1
WARNING: Use --illegal-access=warn to enable warnings of further illegal reflective access operations
WARNING: All illegal access operations will be denied in a future release
[INFO] Scanning for projects...
[INFO] 
[INFO] -----------------------------< TIJ4:TIJ4 >------------------------------
[INFO] Building TIJ4 0.0.1-SNAPSHOT
[INFO] --------------------------------[ pom ]---------------------------------
[INFO] 
[INFO] >>> spotbugs-maven-plugin:4.2.3-SNAPSHOT:check (default-cli) > :spotbugs @ TIJ4 >>>
[INFO] 
[INFO] --- spotbugs-maven-plugin:4.2.3-SNAPSHOT:spotbugs (spotbugs) @ TIJ4 ---
[INFO] 
[INFO] <<< spotbugs-maven-plugin:4.2.3-SNAPSHOT:check (default-cli) < :spotbugs @ TIJ4 <<<
[INFO] 
[INFO] 
[INFO] --- spotbugs-maven-plugin:4.2.3-SNAPSHOT:check (default-cli) @ TIJ4 ---
[INFO] ------------------------------------------------------------------------
[INFO] BUILD SUCCESS
[INFO] ------------------------------------------------------------------------
[INFO] Total time:  1.023 s
[INFO] Finished at: 2022-01-16T12:04:19+08:00
[INFO] ------------------------------------------------------------------------
