WARNING: An illegal reflective access operation has occurred
WARNING: Illegal reflective access by com.google.inject.internal.cglib.core.$ReflectUtils$1 (file:/usr/share/maven/lib/guice.jar) to method java.lang.ClassLoader.defineClass(java.lang.String,byte[],int,int,java.security.ProtectionDomain)
WARNING: Please consider reporting this to the maintainers of com.google.inject.internal.cglib.core.$ReflectUtils$1
WARNING: Use --illegal-access=warn to enable warnings of further illegal reflective access operations
WARNING: All illegal access operations will be denied in a future release
[INFO] Scanning for projects...
[INFO] Inspecting build with total of 1 modules...
[INFO] Installing Nexus Staging features:
[INFO]   ... total of 1 executions of maven-deploy-plugin replaced with nexus-staging-maven-plugin
[INFO] 
[INFO] --------------------< de.struller-baumann:visualee >--------------------
[INFO] Building visualee 0.29-SNAPSHOT
[INFO] ----------------------------[ maven-plugin ]----------------------------
[INFO] 
[INFO] >>> spotbugs-maven-plugin:4.2.3-SNAPSHOT:check (default-cli) > :spotbugs @ visualee >>>
[INFO] 
[INFO] --- spotbugs-maven-plugin:4.2.3-SNAPSHOT:spotbugs (spotbugs) @ visualee ---
[INFO] Fork Value is true
     [java] Loading edu.umd.cs.findbugs.plugins.core
     [java] Registering detector: edu.umd.cs.findbugs.detect.OverridingMethodsMustInvokeSuperDetector
     [java] Registering detector: edu.umd.cs.findbugs.detect.FindRoughConstants
     [java] Registering detector: edu.umd.cs.findbugs.detect.FunctionsThatMightBeMistakenForProcedures
     [java] Registering detector: edu.umd.cs.findbugs.detect.NoteSuppressedWarnings
     [java] Registering detector: edu.umd.cs.findbugs.detect.NoteAnnotationRetention
     [java] Registering detector: edu.umd.cs.findbugs.detect.NoteDirectlyRelevantTypeQualifiers
     [java] Registering detector: edu.umd.cs.findbugs.detect.BuildInterproceduralCallGraph
     [java] Registering detector: edu.umd.cs.findbugs.detect.BuildObligationPolicyDatabase
     [java] Registering detector: edu.umd.cs.findbugs.detect.SynchronizeAndNullCheckField
     [java] Registering detector: edu.umd.cs.findbugs.detect.InitializeNonnullFieldsInConstructor
     [java] Registering detector: edu.umd.cs.findbugs.detect.BooleanReturnNull
     [java] Registering detector: edu.umd.cs.findbugs.detect.OptionalReturnNull
     [java] Registering detector: edu.umd.cs.findbugs.detect.NoteJCIPAnnotation
     [java] Registering detector: edu.umd.cs.findbugs.detect.Methods
     [java] Registering detector: edu.umd.cs.findbugs.detect.ReflectiveClasses
     [java] Registering detector: edu.umd.cs.findbugs.detect.CalledMethods
     [java] Registering detector: edu.umd.cs.findbugs.detect.FindNoSideEffectMethods
     [java] Registering detector: edu.umd.cs.findbugs.detect.BuildStringPassthruGraph
     [java] Registering detector: edu.umd.cs.findbugs.detect.ConfusionBetweenInheritedAndOuterMethod
     [java] Registering detector: edu.umd.cs.findbugs.detect.SynchronizationOnSharedBuiltinConstant
     [java] Registering detector: edu.umd.cs.findbugs.detect.NoteCheckReturnValueAnnotations
     [java] Registering detector: edu.umd.cs.findbugs.detect.FieldItemSummary
     [java] Registering detector: edu.umd.cs.findbugs.detect.NoteNonNullAnnotations
     [java] Registering detector: edu.umd.cs.findbugs.detect.NoteUnconditionalParamDerefs
     [java] Registering detector: edu.umd.cs.findbugs.detect.NoteNonnullReturnValues
     [java] Registering detector: edu.umd.cs.findbugs.detect.SynchronizeOnClassLiteralNotGetClass
     [java] Registering detector: edu.umd.cs.findbugs.detect.InfiniteRecursiveLoop
     [java] Registering detector: edu.umd.cs.findbugs.detect.InfiniteLoop
     [java] Registering detector: edu.umd.cs.findbugs.detect.VolatileUsage
     [java] Registering detector: edu.umd.cs.findbugs.detect.InheritanceUnsafeGetResource
     [java] Registering detector: edu.umd.cs.findbugs.detect.EmptyZipFileEntry
     [java] Registering detector: edu.umd.cs.findbugs.detect.DoInsideDoPrivileged
     [java] Registering detector: edu.umd.cs.findbugs.detect.HugeSharedStringConstants
     [java] Registering detector: edu.umd.cs.findbugs.detect.FinalizerNullsFields
     [java] Registering detector: edu.umd.cs.findbugs.detect.MutableEnum
     [java] Registering detector: edu.umd.cs.findbugs.detect.InconsistentAnnotations
     [java] Registering detector: edu.umd.cs.findbugs.detect.RepeatedConditionals
     [java] Registering detector: edu.umd.cs.findbugs.detect.RedundantConditions
     [java] Registering detector: edu.umd.cs.findbugs.detect.CallToUnsupportedMethod
     [java] Registering detector: edu.umd.cs.findbugs.detect.FormatStringChecker
     [java] Registering detector: edu.umd.cs.findbugs.detect.LostLoggerDueToWeakReference
     [java] Registering detector: edu.umd.cs.findbugs.detect.TestingGround
     [java] Registering detector: edu.umd.cs.findbugs.detect.TestingGround2
     [java] Registering detector: edu.umd.cs.findbugs.detect.NoiseNullDeref
     [java] Registering detector: edu.umd.cs.findbugs.detect.Noise
     [java] Registering detector: edu.umd.cs.findbugs.detect.EqualsOperandShouldHaveClassCompatibleWithThis
     [java] Registering detector: edu.umd.cs.findbugs.detect.ResolveAllReferences
     [java] Registering detector: edu.umd.cs.findbugs.detect.CheckImmutableAnnotation
     [java] Registering detector: edu.umd.cs.findbugs.detect.DontCatchIllegalMonitorStateException
     [java] Registering detector: edu.umd.cs.findbugs.detect.FindFloatMath
     [java] Registering detector: edu.umd.cs.findbugs.detect.CloneIdiom
     [java] Registering detector: edu.umd.cs.findbugs.detect.ComparatorIdiom
     [java] Registering detector: edu.umd.cs.findbugs.detect.FindFieldSelfAssignment
     [java] Registering detector: edu.umd.cs.findbugs.detect.FindSelfComparison
     [java] Registering detector: edu.umd.cs.findbugs.detect.FindSelfComparison2
     [java] Registering detector: edu.umd.cs.findbugs.detect.DroppedException
     [java] Registering detector: edu.umd.cs.findbugs.detect.LoadOfKnownNullValue
     [java] Registering detector: edu.umd.cs.findbugs.detect.DumbMethodInvocations
     [java] Registering detector: edu.umd.cs.findbugs.detect.URLProblems
     [java] Registering detector: edu.umd.cs.findbugs.detect.CovariantArrayAssignment
     [java] Registering detector: edu.umd.cs.findbugs.detect.DumbMethods
     [java] Registering detector: edu.umd.cs.findbugs.detect.NumberConstructor
     [java] Registering detector: edu.umd.cs.findbugs.detect.FindSqlInjection
     [java] Registering detector: edu.umd.cs.findbugs.detect.FindDoubleCheck
     [java] Registering detector: edu.umd.cs.findbugs.detect.FindFinalizeInvocations
     [java] Registering detector: edu.umd.cs.findbugs.detect.FindHEmismatch
     [java] Registering detector: edu.umd.cs.findbugs.detect.OverridingEqualsNotSymmetrical
     [java] Registering detector: edu.umd.cs.findbugs.detect.FindNakedNotify
     [java] Registering detector: edu.umd.cs.findbugs.detect.FindReturnRef
     [java] Registering detector: edu.umd.cs.findbugs.detect.FindRunInvocations
     [java] Registering detector: edu.umd.cs.findbugs.detect.SwitchFallthrough
     [java] Registering detector: edu.umd.cs.findbugs.detect.FindSpinLoop
     [java] Registering detector: edu.umd.cs.findbugs.detect.FindNonShortCircuit
     [java] Registering detector: edu.umd.cs.findbugs.detect.FindTwoLockWait
     [java] Registering detector: edu.umd.cs.findbugs.detect.FindUnconditionalWait
     [java] Registering detector: edu.umd.cs.findbugs.detect.FindUninitializedGet
     [java] Registering detector: edu.umd.cs.findbugs.detect.DontUseEnum
     [java] Registering detector: edu.umd.cs.findbugs.detect.FindUnsyncGet
     [java] Registering detector: edu.umd.cs.findbugs.detect.InitializationChain
     [java] Registering detector: edu.umd.cs.findbugs.detect.IteratorIdioms
     [java] Registering detector: edu.umd.cs.findbugs.detect.PreferZeroLengthArrays
     [java] Registering detector: edu.umd.cs.findbugs.detect.SynchronizingOnContentsOfFieldToProtectField
     [java] Registering detector: edu.umd.cs.findbugs.detect.MutableLock
     [java] Registering detector: edu.umd.cs.findbugs.detect.FindUselessObjects
     [java] Registering detector: edu.umd.cs.findbugs.detect.MutableStaticFields
     [java] Registering detector: edu.umd.cs.findbugs.detect.Naming
     [java] Registering detector: edu.umd.cs.findbugs.detect.ReadReturnShouldBeChecked
     [java] Registering detector: edu.umd.cs.findbugs.detect.SerializableIdiom
     [java] Registering detector: edu.umd.cs.findbugs.detect.StartInConstructor
     [java] Registering detector: edu.umd.cs.findbugs.detect.FindBadForLoop
     [java] Registering detector: edu.umd.cs.findbugs.detect.ExplicitSerialization
     [java] Registering detector: edu.umd.cs.findbugs.detect.UnreadFields
     [java] Registering detector: edu.umd.cs.findbugs.detect.WaitInLoop
     [java] Registering detector: edu.umd.cs.findbugs.detect.FindComparatorProblems
     [java] Registering detector: edu.umd.cs.findbugs.detect.FindNullDeref
     [java] Registering detector: edu.umd.cs.findbugs.detect.FindNullDerefsInvolvingNonShortCircuitEvaluation
     [java] Registering detector: edu.umd.cs.findbugs.detect.FindOpenStream
     [java] Registering detector: edu.umd.cs.findbugs.detect.FindUselessControlFlow
     [java] Registering detector: edu.umd.cs.findbugs.detect.FindUnreleasedLock
     [java] Registering detector: edu.umd.cs.findbugs.detect.FindRefComparison
     [java] Registering detector: edu.umd.cs.findbugs.detect.FindMismatchedWaitOrNotify
     [java] Registering detector: edu.umd.cs.findbugs.detect.FindEmptySynchronizedBlock
     [java] Registering detector: edu.umd.cs.findbugs.detect.FindInconsistentSync2
     [java] Registering detector: edu.umd.cs.findbugs.detect.FindLocalSelfAssignment2
     [java] Registering detector: edu.umd.cs.findbugs.detect.IncompatMask
     [java] Registering detector: edu.umd.cs.findbugs.detect.LazyInit
     [java] Registering detector: edu.umd.cs.findbugs.detect.FindJSR166LockMonitorenter
     [java] Registering detector: edu.umd.cs.findbugs.detect.FindUncalledPrivateMethods
     [java] Registering detector: edu.umd.cs.findbugs.detect.UncallableMethodOfAnonymousClass
     [java] Registering detector: edu.umd.cs.findbugs.detect.StringConcatenation
     [java] Registering detector: edu.umd.cs.findbugs.detect.InefficientInitializationInsideLoop
     [java] Registering detector: edu.umd.cs.findbugs.detect.InefficientIndexOf
     [java] Registering detector: edu.umd.cs.findbugs.detect.InefficientToArray
     [java] Registering detector: edu.umd.cs.findbugs.detect.InvalidJUnitTest
     [java] Registering detector: edu.umd.cs.findbugs.detect.BadlyOverriddenAdapter
     [java] Registering detector: edu.umd.cs.findbugs.detect.BadResultSetAccess
     [java] Registering detector: edu.umd.cs.findbugs.detect.SuperfluousInstanceOf
     [java] Registering detector: edu.umd.cs.findbugs.detect.BadAppletConstructor
     [java] Registering detector: edu.umd.cs.findbugs.detect.SuspiciousThreadInterrupted
     [java] Registering detector: edu.umd.cs.findbugs.detect.FindDeadLocalStores
     [java] Registering detector: edu.umd.cs.findbugs.detect.FindMaskedFields
     [java] Registering detector: edu.umd.cs.findbugs.detect.WrongMapIterator
     [java] Registering detector: edu.umd.cs.findbugs.detect.InstantiateStaticClass
     [java] Registering detector: edu.umd.cs.findbugs.detect.RuntimeExceptionCapture
     [java] Registering detector: edu.umd.cs.findbugs.detect.FindFloatEquality
     [java] Registering detector: edu.umd.cs.findbugs.detect.FindUnsatisfiedObligation
     [java] Registering detector: edu.umd.cs.findbugs.detect.UnnecessaryMath
     [java] Registering detector: edu.umd.cs.findbugs.detect.FindCircularDependencies
     [java] Registering detector: edu.umd.cs.findbugs.detect.RedundantInterfaces
     [java] Registering detector: edu.umd.cs.findbugs.detect.MultithreadedInstanceAccess
     [java] Registering detector: edu.umd.cs.findbugs.detect.PublicSemaphores
     [java] Registering detector: edu.umd.cs.findbugs.detect.BadUseOfReturnValue
     [java] Registering detector: edu.umd.cs.findbugs.detect.MethodReturnCheck
     [java] Registering detector: edu.umd.cs.findbugs.detect.IDivResultCastToDouble
     [java] Registering detector: edu.umd.cs.findbugs.detect.FindBadCast2
     [java] Registering detector: edu.umd.cs.findbugs.detect.FindUseOfNonSerializableValue
     [java] Registering detector: edu.umd.cs.findbugs.detect.FindNonSerializableStoreIntoSession
     [java] Registering detector: edu.umd.cs.findbugs.detect.FindNonSerializableValuePassedToWriteObject
     [java] Registering detector: edu.umd.cs.findbugs.detect.BadSyntaxForRegularExpression
     [java] Registering detector: edu.umd.cs.findbugs.detect.VarArgsProblems
     [java] Registering detector: edu.umd.cs.findbugs.detect.FindPuzzlers
     [java] Registering detector: edu.umd.cs.findbugs.detect.IntCast2LongAsInstant
     [java] Registering detector: edu.umd.cs.findbugs.detect.FindSleepWithLockHeld
     [java] Registering detector: edu.umd.cs.findbugs.detect.InefficientMemberAccess
     [java] Registering detector: edu.umd.cs.findbugs.detect.DuplicateBranches
     [java] Registering detector: edu.umd.cs.findbugs.detect.XMLFactoryBypass
     [java] Registering detector: edu.umd.cs.findbugs.detect.UselessSubclassMethod
     [java] Registering detector: edu.umd.cs.findbugs.detect.ConfusedInheritance
     [java] Registering detector: edu.umd.cs.findbugs.detect.QuestionableBooleanAssignment
     [java] Registering detector: edu.umd.cs.findbugs.detect.TrainUnconditionalDerefParams
     [java] Registering detector: edu.umd.cs.findbugs.detect.TrainLongInstantfParams
     [java] Registering detector: edu.umd.cs.findbugs.detect.TrainFieldStoreTypes
     [java] Registering detector: edu.umd.cs.findbugs.detect.TrainNonNullAnnotations
     [java] Registering detector: edu.umd.cs.findbugs.detect.CheckCalls
     [java] Registering detector: edu.umd.cs.findbugs.detect.FindBugsSummaryStats
     [java] Registering detector: edu.umd.cs.findbugs.detect.AppendingToAnObjectOutputStream
     [java] Registering detector: edu.umd.cs.findbugs.detect.TestASM
     [java] Registering detector: edu.umd.cs.findbugs.detect.FindUnrelatedTypesInGenericContainer
     [java] Registering detector: edu.umd.cs.findbugs.detect.StaticCalendarDetector
     [java] Registering detector: edu.umd.cs.findbugs.detect.TestDataflowAnalysis
     [java] Registering detector: edu.umd.cs.findbugs.detect.CheckTypeQualifiers
     [java] Registering detector: edu.umd.cs.findbugs.detect.CrossSiteScripting
     [java] Registering detector: edu.umd.cs.findbugs.detect.DontIgnoreResultOfPutIfAbsent
     [java] Registering detector: edu.umd.cs.findbugs.detect.ReadOfInstanceFieldInMethodInvokedByConstructorInSuperclass
     [java] Registering detector: edu.umd.cs.findbugs.detect.AtomicityProblem
     [java] Registering detector: edu.umd.cs.findbugs.detect.CheckExpectedWarnings
     [java] Registering detector: edu.umd.cs.findbugs.detect.DefaultEncodingDetector
     [java] Registering detector: edu.umd.cs.findbugs.detect.CheckRelaxingNullnessAnnotation
     [java] Registering detector: edu.umd.cs.findbugs.detect.DontAssertInstanceofInTests
     [java] Scanning archives (0 / 31)Scanning archives (1 / 31)Scanning archives (2 / 31)Scanning archives (3 / 31)Scanning archives (4 / 31)Scanning archives (5 / 31)Scanning archives (6 / 31)Scanning archives (7 / 31)Scanning archives (8 / 31)Scanning archives (9 / 31)Scanning archives (10 / 31)Scanning archives (11 / 31)Scanning archives (12 / 31)Scanning archives (13 / 31)Scanning archives (14 / 31)Scanning archives (15 / 31)Scanning archives (16 / 31)Scanning archives (17 / 31)Scanning archives (18 / 31)Scanning archives (19 / 31)Scanning archives (20 / 31)Scanning archives (21 / 31)Scanning archives (22 / 31)Scanning archives (23 / 31)Scanning archives (24 / 31)Scanning archives (25 / 31)Scanning archives (26 / 31)Scanning archives (27 / 31)Scanning archives (28 / 31)Scanning archives (29 / 31)Scanning archives (30 / 31)Scanning archives (31 / 31)53 classes scannedAdding referenced classes
     [java] Added 6 referenced classes
     [java] Total of 35 packages
     [java]   java/lang/Integer
     [java]   java/lang/StringBuilder
     [java]   de/strullerbaumann/visualee/filter/entity/SourcecodeFilter
     [java]   java/util/AbstractMap$SimpleEntry
     [java]   java/lang/Comparable
     [java]   java/util/AbstractMap$2
     [java]   de/strullerbaumann/visualee/examiner/JavaSourceInspector$1
     [java]   org/apache/maven/plugin/MojoExecutionException
     [java]   java/util/AbstractMap$1
     [java]   de/strullerbaumann/visualee/filter/entity/Filter
     [java]   de/strullerbaumann/visualee/source/entity/JavaSourceFactory
     [java]   de/strullerbaumann/visualee/source/entity/JavaSourceFactory$1
     [java]   org/apache/maven/plugin/logging/Log
     [java]   java/io/PrintStream
     [java]   java/nio/file/Path
     [java]   java/util/Arrays
     [java]   java/util/concurrent/ConcurrentHashMap
     [java]   java/nio/file/CopyOption
     [java]   de/strullerbaumann/visualee/logging/LogProvider$LogProviderHolder
     [java]   javax/json/JsonObjectBuilder
     [java]   java/io/Reader
     [java]   java/io/File
     [java]   de/strullerbaumann/visualee/ui/graph/entity/Graph
     [java]   java/io/ObjectInputStream
     [java]   javax/json/JsonObject
     [java]   java/lang/InternalError
     [java]   de/strullerbaumann/visualee/source/boundary/JavaSourceContainer$JavaSourceContainerHolder
     [java]   java/util/Iterator
     [java]   de/strullerbaumann/visualee/ui/graph/control/Description
     [java]   java/util/ImmutableCollections
     [java]   java/lang/Cloneable
     [java]   java/util/HashMap$ValueSpliterator
     [java]   java/util/AbstractMap$SimpleImmutableEntry
     [java]   de/strullerbaumann/visualee/dependency/boundary/DependencyContainer$1
     [java]   java/util/Map
     [java]   de/strullerbaumann/visualee/examiner/cdi/ExaminerEJB
     [java]   java/io/ObjectStreamException
     [java]   java/lang/Object
     [java]   java/io/Serializable
     [java]   de/strullerbaumann/visualee/examiner/cdi/ExaminerProduces
     [java]   javax/json/JsonArrayBuilder
     [java]   de/strullerbaumann/visualee/examiner/cdi/ExaminerResource
     [java]   de/strullerbaumann/visualee/source/entity/JavaSource
     [java]   de/strullerbaumann/visualee/examiner/cdi/ExaminerInstance
     [java]   java/lang/IllegalStateException
     [java]   de/strullerbaumann/visualee/ui/graph/entity/GraphConfig
     [java]   de/strullerbaumann/visualee/dependency/boundary/DependencyAnalyzer$DependencyAnalyzerHolder
     [java]   java/lang/System
     [java]   java/util/AbstractMap
     [java]   java/util/HashMap$TreeNode
     [java]   de/strullerbaumann/visualee/dependency/boundary/DependencyAnalyzer$1
     [java]   java/lang/ClassCastException
     [java]   java/lang/reflect/ParameterizedType
     [java]   de/strullerbaumann/visualee/logging/LogProvider$1
     [java]   de/strullerbaumann/visualee/filter/boundary/FilterContainer$FilterContainerHolder
     [java]   java/lang/UnsupportedOperationException
     [java]   java/nio/charset/Charset
     [java]   de/strullerbaumann/visualee/dependency/boundary/DependencyContainer
     [java]   de/strullerbaumann/visualee/logging/LogProvider
     [java]   java/util/regex/Matcher
     [java]   java/util/Date
     [java]   java/nio/file/Paths
     [java]   java/nio/file/Files
     [java]   jdk/internal/misc/JavaObjectInputStreamAccess
     [java]   de/strullerbaumann/visualee/ui/graph/boundary/GraphConfigurator
     [java]   java/util/ArrayDeque
     [java]   java/io/InputStreamReader
     [java]   java/lang/NullPointerException
     [java]   java/io/IOException
     [java]   java/util/ImmutableCollections$Map1
     [java]   java/util/function/Function
     [java]   de/strullerbaumann/visualee/filter/entity/PackageFilter
     [java]   java/util/HashMap$KeySet
     [java]   java/lang/IllegalArgumentException
     [java]   de/strullerbaumann/visualee/source/boundary/JavaSourceContainer
     [java]   de/strullerbaumann/visualee/dependency/entity/DependencyType
     [java]   java/nio/charset/UnsupportedCharsetException
     [java]   java/io/FileNotFoundException
     [java]   java/util/function/BiConsumer
     [java]   de/strullerbaumann/visualee/examiner/JavaSourceInspector
     [java]   jdk/internal/HotSpotIntrinsicCandidate
     [java]   org/apache/maven/plugin/Mojo
     [java]   de/strullerbaumann/visualee/examiner/cdi/ExaminerInject
     [java]   java/lang/Deprecated
     [java]   java/util/function/BiFunction
     [java]   org/apache/maven/execution/MavenSession
     [java]   java/util/Scanner
     [java]   java/util/logging/Level
     [java]   de/strullerbaumann/visualee/ui/graph/boundary/GraphCreator
     [java]   de/strullerbaumann/visualee/ui/graph/boundary/GraphCreator$1
     [java]   java/util/HashMap$KeySpliterator
     [java]   java/util/Deque
     [java]   java/util/ConcurrentModificationException
     [java]   java/util/ArrayList
     [java]   de/strullerbaumann/visualee/examiner/jpa/ExaminerJPA
     [java]   java/io/ObjectOutputStream
     [java]   de/strullerbaumann/visualee/dependency/boundary/DependencyAnalyzer
     [java]   java/util/ImmutableCollections$AbstractImmutableMap
     [java]   java/lang/reflect/Type
     [java]   java/util/Collection
     [java]   javax/json/Json
     [java]   de/strullerbaumann/visualee/dependency/boundary/DependencyFilter
     [java]   java/util/regex/Pattern
     [java]   java/nio/file/attribute/BasicFileAttributes
     [java]   java/nio/file/SimpleFileVisitor
     [java]   de/strullerbaumann/visualee/examiner/JavaSourceInspector$JavaSourceExaminerHolder
     [java]   java/lang/Throwable
     [java]   de/strullerbaumann/visualee/source/boundary/JavaSourceContainer$1
     [java]   java/util/AbstractMap$1$1
     [java]   java/lang/SafeVarargs
     [java]   java/lang/Exception
     [java]   java/io/InvalidObjectException
     [java]   java/util/HashMap$HashIterator
     [java]   java/util/HashMap$EntrySet
     [java]   de/strullerbaumann/visualee/examiner/Examiner
     [java]   de/strullerbaumann/visualee/examiner/cdi/ExaminerObserves
     [java]   java/io/BufferedReader
     [java]   java/util/HashMap$EntryIterator
     [java]   java/lang/AssertionError
     [java]   java/util/KeyValueHolder
     [java]   java/util/Collections
     [java]   java/util/HashMap$HashMapSpliterator
     [java]   java/util/HashMap$ValueIterator
     [java]   de/strullerbaumann/visualee/resources/FileManager
     [java]   de/strullerbaumann/visualee/dependency/entity/Dependency
     [java]   java/util/List
     [java]   java/util/HashMap$Values
     [java]   java/util/ImmutableCollections$MapN
     [java]   org/apache/maven/plugin/AbstractMojo
     [java]   java/util/HashMap$EntrySpliterator
     [java]   jdk/internal/misc/SharedSecrets
     [java]   de/strullerbaumann/visualee/source/entity/JavaSourceFactory$JavaSourceFactoryHolder
     [java]   java/util/HashMap$Node
     [java]   org/apache/maven/plugin/MojoFailureException
     [java]   de/strullerbaumann/visualee/ui/graph/control/HTMLManager
     [java]   java/util/HashMap
     [java]   java/lang/InterruptedException
     [java]   java/lang/Float
     [java]   java/nio/file/StandardCopyOption
     [java]   java/io/InputStream
     [java]   java/util/HashMap$KeyIterator
     [java]   java/util/Set
     [java]   java/lang/String
     [java]   de/strullerbaumann/visualee/filter/boundary/FilterContainer$1
     [java]   java/lang/ClassNotFoundException
     [java]   java/util/logging/Logger
     [java]   java/text/SimpleDateFormat
     [java]   de/strullerbaumann/visualee/resources/FileManager$1
     [java]   java/util/HashSet
     [java]   java/util/AbstractMap$2$1
     [java]   java/lang/Math
     [java]   de/strullerbaumann/visualee/dependency/boundary/DependencyContainer$DependencyContainerHolder
     [java]   de/strullerbaumann/visualee/filter/entity/ClassFilter
     [java]   de/strullerbaumann/visualee/filter/boundary/FilterConfigurator
     [java]   java/util/Map$Entry
     [java]   org/apache/maven/plugin/ContextEnabled
     [java]   java/lang/Enum
     [java]   java/lang/CloneNotSupportedException
     [java]   java/nio/file/FileVisitResult
     [java]   de/strullerbaumann/visualee/filter/entity/FilterConfig
     [java]   de/strullerbaumann/visualee/ui/graph/control/Description$2
     [java]   java/lang/CharSequence
     [java]   de/strullerbaumann/visualee/ui/graph/control/Description$1
     [java]   de/strullerbaumann/visualee/filter/boundary/FilterContainer
     [java]   java/nio/file/FileVisitor
     [java]   de/strullerbaumann/visualee/examiner/cdi/ExaminerEvent
     [java]   org/apache/maven/plugin/logging/SystemStreamLog
     [java]   de/strullerbaumann/visualee/VisualEE
     [java]   [Lde/strullerbaumann/visualee/dependency/entity/DependencyType;
     [java]   java/lang/Class
     [java]   java/util/Objects
     [java]   de/strullerbaumann/visualee/maven/VisualEEMojo
     [java] Adding plugin edu.umd.cs.findbugs.plugins.core to execution plan
     [java] Dependences force enabling of edu.umd.cs.findbugs.detect.FieldItemSummary
     [java] Dependences force enabling of edu.umd.cs.findbugs.detect.NoteSuppressedWarnings
     [java] Dependences force enabling of edu.umd.cs.findbugs.detect.EqualsOperandShouldHaveClassCompatibleWithThis
     [java] Dependences force enabling of edu.umd.cs.findbugs.detect.BuildStringPassthruGraph
     [java] Dependences force enabling of edu.umd.cs.findbugs.detect.FunctionsThatMightBeMistakenForProcedures
     [java] Dependences force enabling of edu.umd.cs.findbugs.detect.FindNoSideEffectMethods
     [java] Dependences force enabling of edu.umd.cs.findbugs.detect.NoteCheckReturnValueAnnotations
     [java] Dependences force enabling of edu.umd.cs.findbugs.detect.NoteAnnotationRetention
     [java] Dependences force enabling of edu.umd.cs.findbugs.detect.FindBugsSummaryStats
     [java] 2 passes in execution plan
     [java] 2 analysis passes to perform     0 : Pass 0: 171 classesXFactory cached methods: 3120/3120
     [java] Descriptor factory: 2538/3120/11312
     [java] Pass 1: Analyzing classes (0 / 171) - 00% complete     0 0/2  0/171 java/lang/Integer
     [java] Pass 1: Analyzing classes (1 / 171) - 00% complete     0 0/2  1/171 java/lang/StringBuilder
     [java] Pass 1: Analyzing classes (2 / 171) - 01% complete     0 0/2  2/171 de/strullerbaumann/visualee/filter/entity/SourcecodeFilter
     [java] Pass 1: Analyzing classes (3 / 171) - 01% complete     0 0/2  3/171 java/util/AbstractMap$SimpleEntry
     [java] Pass 1: Analyzing classes (4 / 171) - 02% complete     0 0/2  4/171 java/lang/Comparable
     [java] Pass 1: Analyzing classes (5 / 171) - 02% complete     0 0/2  5/171 java/util/AbstractMap$2
     [java] Pass 1: Analyzing classes (6 / 171) - 03% complete     0 0/2  6/171 de/strullerbaumann/visualee/examiner/JavaSourceInspector$1
     [java] Pass 1: Analyzing classes (7 / 171) - 04% complete     0 0/2  7/171 org/apache/maven/plugin/MojoExecutionException
     [java] Pass 1: Analyzing classes (8 / 171) - 04% complete     0 0/2  8/171 java/util/AbstractMap$1
     [java] Pass 1: Analyzing classes (9 / 171) - 05% complete     0 0/2  9/171 de/strullerbaumann/visualee/filter/entity/Filter
     [java] Pass 1: Analyzing classes (10 / 171) - 05% complete     0 0/2  10/171 de/strullerbaumann/visualee/source/entity/JavaSourceFactory
     [java] Pass 1: Analyzing classes (11 / 171) - 06% complete     0 0/2  11/171 de/strullerbaumann/visualee/source/entity/JavaSourceFactory$1
     [java] Pass 1: Analyzing classes (12 / 171) - 07% complete     0 0/2  12/171 org/apache/maven/plugin/logging/Log
     [java] Pass 1: Analyzing classes (13 / 171) - 07% complete     0 0/2  13/171 java/io/PrintStream
     [java] Pass 1: Analyzing classes (14 / 171) - 08% complete     0 0/2  14/171 java/nio/file/Path
     [java] Pass 1: Analyzing classes (15 / 171) - 08% complete     0 0/2  15/171 java/util/Arrays
     [java] Pass 1: Analyzing classes (16 / 171) - 09% complete     0 0/2  16/171 java/util/concurrent/ConcurrentHashMap
     [java] Pass 1: Analyzing classes (17 / 171) - 09% complete     0 0/2  17/171 java/nio/file/CopyOption
     [java] Pass 1: Analyzing classes (18 / 171) - 10% complete     0 0/2  18/171 de/strullerbaumann/visualee/logging/LogProvider$LogProviderHolder
     [java] Pass 1: Analyzing classes (19 / 171) - 11% complete     0 0/2  19/171 javax/json/JsonObjectBuilder
     [java] Pass 1: Analyzing classes (20 / 171) - 11% complete     0 0/2  20/171 java/io/Reader
     [java] Pass 1: Analyzing classes (21 / 171) - 12% complete     0 0/2  21/171 java/io/File
     [java] Pass 1: Analyzing classes (22 / 171) - 12% complete     0 0/2  22/171 de/strullerbaumann/visualee/ui/graph/entity/Graph
     [java] Pass 1: Analyzing classes (23 / 171) - 13% complete     0 0/2  23/171 java/io/ObjectInputStream
     [java] Pass 1: Analyzing classes (24 / 171) - 14% complete     0 0/2  24/171 javax/json/JsonObject
     [java] Pass 1: Analyzing classes (25 / 171) - 14% complete     0 0/2  25/171 java/lang/InternalError
     [java] Pass 1: Analyzing classes (26 / 171) - 15% complete     0 0/2  26/171 de/strullerbaumann/visualee/source/boundary/JavaSourceContainer$JavaSourceContainerHolder
     [java] Pass 1: Analyzing classes (27 / 171) - 15% complete     0 0/2  27/171 java/util/Iterator
     [java] Pass 1: Analyzing classes (28 / 171) - 16% complete     0 0/2  28/171 de/strullerbaumann/visualee/ui/graph/control/Description
     [java] Pass 1: Analyzing classes (29 / 171) - 16% complete     0 0/2  29/171 java/util/ImmutableCollections
     [java] Pass 1: Analyzing classes (30 / 171) - 17% complete     0 0/2  30/171 java/lang/Cloneable
     [java] Pass 1: Analyzing classes (31 / 171) - 18% complete     0 0/2  31/171 java/util/HashMap$ValueSpliterator
     [java] Pass 1: Analyzing classes (32 / 171) - 18% complete     0 0/2  32/171 java/util/AbstractMap$SimpleImmutableEntry
     [java] Pass 1: Analyzing classes (33 / 171) - 19% complete     0 0/2  33/171 de/strullerbaumann/visualee/dependency/boundary/DependencyContainer$1
     [java] Pass 1: Analyzing classes (34 / 171) - 19% complete     0 0/2  34/171 java/util/Map
     [java] Pass 1: Analyzing classes (35 / 171) - 20% complete     0 0/2  35/171 de/strullerbaumann/visualee/examiner/cdi/ExaminerEJB
     [java] Pass 1: Analyzing classes (36 / 171) - 21% complete     0 0/2  36/171 java/io/ObjectStreamException
     [java] Pass 1: Analyzing classes (37 / 171) - 21% complete     0 0/2  37/171 java/lang/Object
     [java] Pass 1: Analyzing classes (38 / 171) - 22% complete     0 0/2  38/171 java/io/Serializable
     [java] Pass 1: Analyzing classes (39 / 171) - 22% complete     0 0/2  39/171 de/strullerbaumann/visualee/examiner/cdi/ExaminerProduces
     [java] Pass 1: Analyzing classes (40 / 171) - 23% complete     0 0/2  40/171 javax/json/JsonArrayBuilder
     [java] Pass 1: Analyzing classes (41 / 171) - 23% complete     0 0/2  41/171 de/strullerbaumann/visualee/examiner/cdi/ExaminerResource
     [java] Pass 1: Analyzing classes (42 / 171) - 24% complete     0 0/2  42/171 de/strullerbaumann/visualee/source/entity/JavaSource
     [java] Pass 1: Analyzing classes (43 / 171) - 25% complete     0 0/2  43/171 de/strullerbaumann/visualee/examiner/cdi/ExaminerInstance
     [java] Pass 1: Analyzing classes (44 / 171) - 25% complete     0 0/2  44/171 java/lang/IllegalStateException
     [java] Pass 1: Analyzing classes (45 / 171) - 26% complete     0 0/2  45/171 de/strullerbaumann/visualee/ui/graph/entity/GraphConfig
     [java] Pass 1: Analyzing classes (46 / 171) - 26% complete     0 0/2  46/171 de/strullerbaumann/visualee/dependency/boundary/DependencyAnalyzer$DependencyAnalyzerHolder
     [java] Pass 1: Analyzing classes (47 / 171) - 27% complete     0 0/2  47/171 java/lang/System
     [java] Pass 1: Analyzing classes (48 / 171) - 28% complete     0 0/2  48/171 java/util/AbstractMap
     [java] Pass 1: Analyzing classes (49 / 171) - 28% complete     0 0/2  49/171 java/util/HashMap$TreeNode
     [java] Pass 1: Analyzing classes (50 / 171) - 29% complete     0 0/2  50/171 de/strullerbaumann/visualee/dependency/boundary/DependencyAnalyzer$1
     [java] Pass 1: Analyzing classes (51 / 171) - 29% complete     0 0/2  51/171 java/lang/ClassCastException
     [java] Pass 1: Analyzing classes (52 / 171) - 30% complete     0 0/2  52/171 java/lang/reflect/ParameterizedType
     [java] Pass 1: Analyzing classes (53 / 171) - 30% complete     0 0/2  53/171 de/strullerbaumann/visualee/logging/LogProvider$1
     [java] Pass 1: Analyzing classes (54 / 171) - 31% complete     0 0/2  54/171 de/strullerbaumann/visualee/filter/boundary/FilterContainer$FilterContainerHolder
     [java] Pass 1: Analyzing classes (55 / 171) - 32% complete     0 0/2  55/171 java/lang/UnsupportedOperationException
     [java] Pass 1: Analyzing classes (56 / 171) - 32% complete     0 0/2  56/171 java/nio/charset/Charset
     [java] Pass 1: Analyzing classes (57 / 171) - 33% complete     0 0/2  57/171 de/strullerbaumann/visualee/dependency/boundary/DependencyContainer
     [java] Pass 1: Analyzing classes (58 / 171) - 33% complete     0 0/2  58/171 de/strullerbaumann/visualee/logging/LogProvider
     [java] Pass 1: Analyzing classes (59 / 171) - 34% complete     0 0/2  59/171 java/util/regex/Matcher
     [java] Pass 1: Analyzing classes (60 / 171) - 35% complete     0 0/2  60/171 java/util/Date
     [java] Pass 1: Analyzing classes (61 / 171) - 35% complete     0 0/2  61/171 java/nio/file/Paths
     [java] Pass 1: Analyzing classes (62 / 171) - 36% complete     0 0/2  62/171 java/nio/file/Files
     [java] Pass 1: Analyzing classes (63 / 171) - 36% complete     0 0/2  63/171 jdk/internal/misc/JavaObjectInputStreamAccess
     [java] Pass 1: Analyzing classes (64 / 171) - 37% complete     0 0/2  64/171 de/strullerbaumann/visualee/ui/graph/boundary/GraphConfigurator
     [java] Pass 1: Analyzing classes (65 / 171) - 38% complete     0 0/2  65/171 java/util/ArrayDeque
     [java] Pass 1: Analyzing classes (66 / 171) - 38% complete     0 0/2  66/171 java/io/InputStreamReader
     [java] Pass 1: Analyzing classes (67 / 171) - 39% complete     0 0/2  67/171 java/lang/NullPointerException
     [java] Pass 1: Analyzing classes (68 / 171) - 39% complete     0 0/2  68/171 java/io/IOException
     [java] Pass 1: Analyzing classes (69 / 171) - 40% complete     0 0/2  69/171 java/util/ImmutableCollections$Map1
     [java] Pass 1: Analyzing classes (70 / 171) - 40% complete     0 0/2  70/171 java/util/function/Function
     [java] Pass 1: Analyzing classes (71 / 171) - 41% complete     0 0/2  71/171 de/strullerbaumann/visualee/filter/entity/PackageFilter
     [java] Pass 1: Analyzing classes (72 / 171) - 42% complete     0 0/2  72/171 java/util/HashMap$KeySet
     [java] Pass 1: Analyzing classes (73 / 171) - 42% complete     0 0/2  73/171 java/lang/IllegalArgumentException
     [java] Pass 1: Analyzing classes (74 / 171) - 43% complete     0 0/2  74/171 de/strullerbaumann/visualee/source/boundary/JavaSourceContainer
     [java] Pass 1: Analyzing classes (75 / 171) - 43% complete     0 0/2  75/171 de/strullerbaumann/visualee/dependency/entity/DependencyType
     [java] Pass 1: Analyzing classes (76 / 171) - 44% complete     0 0/2  76/171 java/nio/charset/UnsupportedCharsetException
     [java] Pass 1: Analyzing classes (77 / 171) - 45% complete     0 0/2  77/171 java/io/FileNotFoundException
     [java] Pass 1: Analyzing classes (78 / 171) - 45% complete     0 0/2  78/171 java/util/function/BiConsumer
     [java] Pass 1: Analyzing classes (79 / 171) - 46% complete     0 0/2  79/171 de/strullerbaumann/visualee/examiner/JavaSourceInspector
     [java] Pass 1: Analyzing classes (80 / 171) - 46% complete     0 0/2  80/171 jdk/internal/HotSpotIntrinsicCandidate
     [java] Pass 1: Analyzing classes (81 / 171) - 47% complete     0 0/2  81/171 org/apache/maven/plugin/Mojo
     [java] Pass 1: Analyzing classes (82 / 171) - 47% complete     0 0/2  82/171 de/strullerbaumann/visualee/examiner/cdi/ExaminerInject
     [java] Pass 1: Analyzing classes (83 / 171) - 48% complete     0 0/2  83/171 java/lang/Deprecated
     [java] Pass 1: Analyzing classes (84 / 171) - 49% complete     0 0/2  84/171 java/util/function/BiFunction
     [java] Pass 1: Analyzing classes (85 / 171) - 49% complete     0 0/2  85/171 org/apache/maven/execution/MavenSession
     [java] Pass 1: Analyzing classes (86 / 171) - 50% complete     0 0/2  86/171 java/util/Scanner
     [java] Pass 1: Analyzing classes (87 / 171) - 50% complete     0 0/2  87/171 java/util/logging/Level
     [java] Pass 1: Analyzing classes (88 / 171) - 51% complete     0 0/2  88/171 de/strullerbaumann/visualee/ui/graph/boundary/GraphCreator
     [java] Pass 1: Analyzing classes (89 / 171) - 52% complete     0 0/2  89/171 de/strullerbaumann/visualee/ui/graph/boundary/GraphCreator$1
     [java] Pass 1: Analyzing classes (90 / 171) - 52% complete     0 0/2  90/171 java/util/HashMap$KeySpliterator
     [java] Pass 1: Analyzing classes (91 / 171) - 53% complete     0 0/2  91/171 java/util/Deque
     [java] Pass 1: Analyzing classes (92 / 171) - 53% complete     0 0/2  92/171 java/util/ConcurrentModificationException
     [java] Pass 1: Analyzing classes (93 / 171) - 54% complete     0 0/2  93/171 java/util/ArrayList
     [java] Pass 1: Analyzing classes (94 / 171) - 54% complete     0 0/2  94/171 de/strullerbaumann/visualee/examiner/jpa/ExaminerJPA
     [java] Pass 1: Analyzing classes (95 / 171) - 55% complete     0 0/2  95/171 java/io/ObjectOutputStream
     [java] Pass 1: Analyzing classes (96 / 171) - 56% complete     0 0/2  96/171 de/strullerbaumann/visualee/dependency/boundary/DependencyAnalyzer
     [java] Pass 1: Analyzing classes (97 / 171) - 56% complete     0 0/2  97/171 java/util/ImmutableCollections$AbstractImmutableMap
     [java] Pass 1: Analyzing classes (98 / 171) - 57% complete     0 0/2  98/171 java/lang/reflect/Type
     [java] Pass 1: Analyzing classes (99 / 171) - 57% complete     0 0/2  99/171 java/util/Collection
     [java] Pass 1: Analyzing classes (100 / 171) - 58% complete     0 0/2  100/171 javax/json/Json
     [java] Pass 1: Analyzing classes (101 / 171) - 59% complete     0 0/2  101/171 de/strullerbaumann/visualee/dependency/boundary/DependencyFilter
     [java] Pass 1: Analyzing classes (102 / 171) - 59% complete     0 0/2  102/171 java/util/regex/Pattern
     [java] Pass 1: Analyzing classes (103 / 171) - 60% complete     0 0/2  103/171 java/nio/file/attribute/BasicFileAttributes
     [java] Pass 1: Analyzing classes (104 / 171) - 60% complete     0 0/2  104/171 java/nio/file/SimpleFileVisitor
     [java] Pass 1: Analyzing classes (105 / 171) - 61% complete     0 0/2  105/171 de/strullerbaumann/visualee/examiner/JavaSourceInspector$JavaSourceExaminerHolder
     [java] Pass 1: Analyzing classes (106 / 171) - 61% complete     0 0/2  106/171 java/lang/Throwable
     [java] Pass 1: Analyzing classes (107 / 171) - 62% complete     0 0/2  107/171 de/strullerbaumann/visualee/source/boundary/JavaSourceContainer$1
     [java] Pass 1: Analyzing classes (108 / 171) - 63% complete     0 0/2  108/171 java/util/AbstractMap$1$1
     [java] Pass 1: Analyzing classes (109 / 171) - 63% complete     0 0/2  109/171 java/lang/SafeVarargs
     [java] Pass 1: Analyzing classes (110 / 171) - 64% complete     0 0/2  110/171 java/lang/Exception
     [java] Pass 1: Analyzing classes (111 / 171) - 64% complete     0 0/2  111/171 java/io/InvalidObjectException
     [java] Pass 1: Analyzing classes (112 / 171) - 65% complete     0 0/2  112/171 java/util/HashMap$HashIterator
     [java] Pass 1: Analyzing classes (113 / 171) - 66% complete     0 0/2  113/171 java/util/HashMap$EntrySet
     [java] Pass 1: Analyzing classes (114 / 171) - 66% complete     0 0/2  114/171 de/strullerbaumann/visualee/examiner/Examiner
     [java] Pass 1: Analyzing classes (115 / 171) - 67% complete     0 0/2  115/171 de/strullerbaumann/visualee/examiner/cdi/ExaminerObserves
     [java] Pass 1: Analyzing classes (116 / 171) - 67% complete     0 0/2  116/171 java/io/BufferedReader
     [java] Pass 1: Analyzing classes (117 / 171) - 68% complete     0 0/2  117/171 java/util/HashMap$EntryIterator
     [java] Pass 1: Analyzing classes (118 / 171) - 69% complete     0 0/2  118/171 java/lang/AssertionError
     [java] Pass 1: Analyzing classes (119 / 171) - 69% complete     0 0/2  119/171 java/util/KeyValueHolder
     [java] Pass 1: Analyzing classes (120 / 171) - 70% complete     0 0/2  120/171 java/util/Collections
     [java] Pass 1: Analyzing classes (121 / 171) - 70% complete     0 0/2  121/171 java/util/HashMap$HashMapSpliterator
     [java] Pass 1: Analyzing classes (122 / 171) - 71% complete     0 0/2  122/171 java/util/HashMap$ValueIterator
     [java] Pass 1: Analyzing classes (123 / 171) - 71% complete     0 0/2  123/171 de/strullerbaumann/visualee/resources/FileManager
     [java] Pass 1: Analyzing classes (124 / 171) - 72% complete     0 0/2  124/171 de/strullerbaumann/visualee/dependency/entity/Dependency
     [java] Pass 1: Analyzing classes (125 / 171) - 73% complete     0 0/2  125/171 java/util/List
     [java] Pass 1: Analyzing classes (126 / 171) - 73% complete     0 0/2  126/171 java/util/HashMap$Values
     [java] Pass 1: Analyzing classes (127 / 171) - 74% complete     0 0/2  127/171 java/util/ImmutableCollections$MapN
     [java] Pass 1: Analyzing classes (128 / 171) - 74% complete     0 0/2  128/171 org/apache/maven/plugin/AbstractMojo
     [java] Pass 1: Analyzing classes (129 / 171) - 75% complete     0 0/2  129/171 java/util/HashMap$EntrySpliterator
     [java] Pass 1: Analyzing classes (130 / 171) - 76% complete     0 0/2  130/171 jdk/internal/misc/SharedSecrets
     [java] Pass 1: Analyzing classes (131 / 171) - 76% complete     0 0/2  131/171 de/strullerbaumann/visualee/source/entity/JavaSourceFactory$JavaSourceFactoryHolder
     [java] Pass 1: Analyzing classes (132 / 171) - 77% complete     0 0/2  132/171 java/util/HashMap$Node
     [java] Pass 1: Analyzing classes (133 / 171) - 77% complete     0 0/2  133/171 org/apache/maven/plugin/MojoFailureException
     [java] Pass 1: Analyzing classes (134 / 171) - 78% complete     0 0/2  134/171 de/strullerbaumann/visualee/ui/graph/control/HTMLManager
     [java] Pass 1: Analyzing classes (135 / 171) - 78% complete     0 0/2  135/171 java/util/HashMap
     [java] Pass 1: Analyzing classes (136 / 171) - 79% complete     0 0/2  136/171 java/lang/InterruptedException
     [java] Pass 1: Analyzing classes (137 / 171) - 80% complete     0 0/2  137/171 java/lang/Float
     [java] Pass 1: Analyzing classes (138 / 171) - 80% complete     0 0/2  138/171 java/nio/file/StandardCopyOption
     [java] Pass 1: Analyzing classes (139 / 171) - 81% complete     0 0/2  139/171 java/io/InputStream
     [java] Pass 1: Analyzing classes (140 / 171) - 81% complete     0 0/2  140/171 java/util/HashMap$KeyIterator
     [java] Pass 1: Analyzing classes (141 / 171) - 82% complete     0 0/2  141/171 java/util/Set
     [java] Pass 1: Analyzing classes (142 / 171) - 83% complete     0 0/2  142/171 java/lang/String
     [java] Pass 1: Analyzing classes (143 / 171) - 83% complete     0 0/2  143/171 de/strullerbaumann/visualee/filter/boundary/FilterContainer$1
     [java] Pass 1: Analyzing classes (144 / 171) - 84% complete     0 0/2  144/171 java/lang/ClassNotFoundException
     [java] Pass 1: Analyzing classes (145 / 171) - 84% complete     0 0/2  145/171 java/util/logging/Logger
     [java] Pass 1: Analyzing classes (146 / 171) - 85% complete     0 0/2  146/171 java/text/SimpleDateFormat
     [java] Pass 1: Analyzing classes (147 / 171) - 85% complete     0 0/2  147/171 de/strullerbaumann/visualee/resources/FileManager$1
     [java] Pass 1: Analyzing classes (148 / 171) - 86% complete     0 0/2  148/171 java/util/HashSet
     [java] Pass 1: Analyzing classes (149 / 171) - 87% complete     0 0/2  149/171 java/util/AbstractMap$2$1
     [java] Pass 1: Analyzing classes (150 / 171) - 87% complete     0 0/2  150/171 java/lang/Math
     [java] Pass 1: Analyzing classes (151 / 171) - 88% complete     0 0/2  151/171 de/strullerbaumann/visualee/dependency/boundary/DependencyContainer$DependencyContainerHolder
     [java] Pass 1: Analyzing classes (152 / 171) - 88% complete     0 0/2  152/171 de/strullerbaumann/visualee/filter/entity/ClassFilter
     [java] Pass 1: Analyzing classes (153 / 171) - 89% complete     0 0/2  153/171 de/strullerbaumann/visualee/filter/boundary/FilterConfigurator
     [java] Pass 1: Analyzing classes (154 / 171) - 90% complete     0 0/2  154/171 java/util/Map$Entry
     [java] Pass 1: Analyzing classes (155 / 171) - 90% complete     0 0/2  155/171 org/apache/maven/plugin/ContextEnabled
     [java] Pass 1: Analyzing classes (156 / 171) - 91% complete     0 0/2  156/171 java/lang/Enum
     [java] Pass 1: Analyzing classes (157 / 171) - 91% complete     0 0/2  157/171 java/lang/CloneNotSupportedException
     [java] Pass 1: Analyzing classes (158 / 171) - 92% complete     0 0/2  158/171 java/nio/file/FileVisitResult
     [java] Pass 1: Analyzing classes (159 / 171) - 92% complete     0 0/2  159/171 de/strullerbaumann/visualee/filter/entity/FilterConfig
     [java] Pass 1: Analyzing classes (160 / 171) - 93% complete     0 0/2  160/171 de/strullerbaumann/visualee/ui/graph/control/Description$2
     [java] Pass 1: Analyzing classes (161 / 171) - 94% complete     0 0/2  161/171 java/lang/CharSequence
     [java] Pass 1: Analyzing classes (162 / 171) - 94% complete     0 0/2  162/171 de/strullerbaumann/visualee/ui/graph/control/Description$1
     [java] Pass 1: Analyzing classes (163 / 171) - 95% complete     0 0/2  163/171 de/strullerbaumann/visualee/filter/boundary/FilterContainer
     [java] Pass 1: Analyzing classes (164 / 171) - 95% complete     0 0/2  164/171 java/nio/file/FileVisitor
     [java] Pass 1: Analyzing classes (165 / 171) - 96% complete     0 0/2  165/171 de/strullerbaumann/visualee/examiner/cdi/ExaminerEvent
     [java] Pass 1: Analyzing classes (166 / 171) - 97% complete     0 0/2  166/171 org/apache/maven/plugin/logging/SystemStreamLog
     [java] Pass 1: Analyzing classes (167 / 171) - 97% complete     0 0/2  167/171 de/strullerbaumann/visualee/VisualEE
     [java] Pass 1: Analyzing classes (168 / 171) - 98% complete     0 0/2  168/171 java/lang/Class
     [java] Pass 1: Analyzing classes (169 / 171) - 98% complete     0 0/2  169/171 java/util/Objects
     [java] Pass 1: Analyzing classes (170 / 171) - 99% complete     0 0/2  170/171 de/strullerbaumann/visualee/maven/VisualEEMojo
     [java] Pass 1: Analyzing classes (171 / 171) - 100% complete     0 : Pass 1: 53 classes
     [java] XFactory cached methods: 3120/4288
     [java] Descriptor factory: 2538/3120/14148
     [java] Pass 2: Analyzing classes (0 / 53) - 00% complete     0 1/2  0/53 de/strullerbaumann/visualee/examiner/JavaSourceInspector$1
     [java] Pass 2: Analyzing classes (1 / 53) - 01% complete     0 1/2  1/53 de/strullerbaumann/visualee/examiner/jpa/ExaminerJPA
     [java] Pass 2: Analyzing classes (2 / 53) - 03% complete      25 usecs/byte      61 msec    2441 bytes  1 pass de/strullerbaumann/visualee/examiner/jpa/ExaminerJPA     0 1/2  2/53 de/strullerbaumann/visualee/filter/entity/Filter
     [java] Pass 2: Analyzing classes (3 / 53) - 05% complete     0 1/2  3/53 de/strullerbaumann/visualee/source/entity/JavaSourceFactory$1
     [java] Pass 2: Analyzing classes (4 / 53) - 07% complete     0 1/2  4/53 de/strullerbaumann/visualee/logging/LogProvider$LogProviderHolder
     [java] Pass 2: Analyzing classes (5 / 53) - 09% complete     0 1/2  5/53 de/strullerbaumann/visualee/examiner/JavaSourceInspector$JavaSourceExaminerHolder
     [java] Pass 2: Analyzing classes (6 / 53) - 11% complete     0 1/2  6/53 de/strullerbaumann/visualee/source/boundary/JavaSourceContainer$1
     [java] Pass 2: Analyzing classes (7 / 53) - 13% complete     0 1/2  7/53 de/strullerbaumann/visualee/ui/graph/entity/Graph
     [java] Pass 2: Analyzing classes (8 / 53) - 15% complete     0 1/2  8/53 de/strullerbaumann/visualee/source/boundary/JavaSourceContainer$JavaSourceContainerHolder
     [java] Pass 2: Analyzing classes (9 / 53) - 16% complete     0 1/2  9/53 de/strullerbaumann/visualee/dependency/boundary/DependencyContainer$1
     [java] Pass 2: Analyzing classes (10 / 53) - 18% complete     0 1/2  10/53 de/strullerbaumann/visualee/examiner/cdi/ExaminerObserves
     [java] Pass 2: Analyzing classes (11 / 53) - 20% complete     0 1/2  11/53 de/strullerbaumann/visualee/examiner/cdi/ExaminerEJB
     [java] Pass 2: Analyzing classes (12 / 53) - 22% complete     0 1/2  12/53 de/strullerbaumann/visualee/examiner/cdi/ExaminerProduces
     [java] Pass 2: Analyzing classes (13 / 53) - 24% complete     0 1/2  13/53 de/strullerbaumann/visualee/examiner/cdi/ExaminerResource
     [java] Pass 2: Analyzing classes (14 / 53) - 26% complete     0 1/2  14/53 de/strullerbaumann/visualee/examiner/cdi/ExaminerInstance
     [java] Pass 2: Analyzing classes (15 / 53) - 28% complete     0 1/2  15/53 de/strullerbaumann/visualee/dependency/entity/Dependency
     [java] Pass 2: Analyzing classes (16 / 53) - 30% complete     0 1/2  16/53 de/strullerbaumann/visualee/ui/graph/entity/GraphConfig
     [java] Pass 2: Analyzing classes (17 / 53) - 32% complete     0 1/2  17/53 de/strullerbaumann/visualee/dependency/boundary/DependencyAnalyzer$DependencyAnalyzerHolder
     [java] Pass 2: Analyzing classes (18 / 53) - 33% complete     0 1/2  18/53 de/strullerbaumann/visualee/dependency/boundary/DependencyAnalyzer$1
     [java] Pass 2: Analyzing classes (19 / 53) - 35% complete     0 1/2  19/53 de/strullerbaumann/visualee/source/entity/JavaSourceFactory$JavaSourceFactoryHolder
     [java] Pass 2: Analyzing classes (20 / 53) - 37% complete     0 1/2  20/53 de/strullerbaumann/visualee/logging/LogProvider$1
     [java] Pass 2: Analyzing classes (21 / 53) - 39% complete     0 1/2  21/53 de/strullerbaumann/visualee/filter/boundary/FilterContainer$FilterContainerHolder
     [java] Pass 2: Analyzing classes (22 / 53) - 41% complete     0 1/2  22/53 de/strullerbaumann/visualee/logging/LogProvider
     [java] Pass 2: Analyzing classes (23 / 53) - 43% complete     0 1/2  23/53 de/strullerbaumann/visualee/ui/graph/boundary/GraphConfigurator
     [java] Pass 2: Analyzing classes (24 / 53) - 45% complete     0 1/2  24/53 de/strullerbaumann/visualee/filter/boundary/FilterContainer$1
     [java] Pass 2: Analyzing classes (25 / 53) - 47% complete     0 1/2  25/53 de/strullerbaumann/visualee/resources/FileManager$1
     [java] Pass 2: Analyzing classes (26 / 53) - 49% complete     0 1/2  26/53 de/strullerbaumann/visualee/dependency/boundary/DependencyContainer$DependencyContainerHolder
     [java] Pass 2: Analyzing classes (27 / 53) - 50% complete     0 1/2  27/53 de/strullerbaumann/visualee/dependency/entity/DependencyType
     [java] Pass 2: Analyzing classes (28 / 53) - 52% complete     0 1/2  28/53 de/strullerbaumann/visualee/filter/entity/FilterConfig
     [java] Pass 2: Analyzing classes (29 / 53) - 54% complete     0 1/2  29/53 de/strullerbaumann/visualee/ui/graph/control/Description$2
     [java] Pass 2: Analyzing classes (30 / 53) - 56% complete     0 1/2  30/53 de/strullerbaumann/visualee/ui/graph/control/Description$1
     [java] Pass 2: Analyzing classes (31 / 53) - 58% complete     0 1/2  31/53 de/strullerbaumann/visualee/examiner/cdi/ExaminerEvent
     [java] Pass 2: Analyzing classes (32 / 53) - 60% complete     0 1/2  32/53 de/strullerbaumann/visualee/examiner/cdi/ExaminerInject
     [java] Pass 2: Analyzing classes (33 / 53) - 62% complete     0 1/2  33/53 de/strullerbaumann/visualee/dependency/boundary/DependencyFilter
     [java] Pass 2: Analyzing classes (34 / 53) - 64% complete     0 1/2  34/53 de/strullerbaumann/visualee/source/entity/JavaSource
     [java] Pass 2: Analyzing classes (35 / 53) - 66% complete     0 1/2  35/53 de/strullerbaumann/visualee/resources/FileManager
     [java] Pass 2: Analyzing classes (36 / 53) - 67% complete     0 1/2  36/53 de/strullerbaumann/visualee/dependency/boundary/DependencyContainer
     [java] Pass 2: Analyzing classes (37 / 53) - 69% complete     1 1/2  37/53 de/strullerbaumann/visualee/filter/entity/PackageFilter
     [java] Pass 2: Analyzing classes (38 / 53) - 71% complete     1 1/2  38/53 de/strullerbaumann/visualee/filter/entity/ClassFilter
     [java] Pass 2: Analyzing classes (39 / 53) - 73% complete     1 1/2  39/53 de/strullerbaumann/visualee/filter/boundary/FilterContainer
     [java] Pass 2: Analyzing classes (40 / 53) - 75% complete     1 1/2  40/53 de/strullerbaumann/visualee/filter/entity/SourcecodeFilter
     [java] Pass 2: Analyzing classes (41 / 53) - 77% complete     1 1/2  41/53 de/strullerbaumann/visualee/source/entity/JavaSourceFactory
     [java] Pass 2: Analyzing classes (42 / 53) - 79% complete     1 1/2  42/53 de/strullerbaumann/visualee/source/boundary/JavaSourceContainer
     [java] Pass 2: Analyzing classes (43 / 53) - 81% complete     1 1/2  43/53 de/strullerbaumann/visualee/examiner/JavaSourceInspector
     [java] Pass 2: Analyzing classes (44 / 53) - 83% complete     1 1/2  44/53 de/strullerbaumann/visualee/filter/boundary/FilterConfigurator
     [java] Pass 2: Analyzing classes (45 / 53) - 84% complete     1 1/2  45/53 de/strullerbaumann/visualee/ui/graph/control/HTMLManager
     [java] Pass 2: Analyzing classes (46 / 53) - 86% complete     1 1/2  46/53 de/strullerbaumann/visualee/ui/graph/control/Description
     [java] Pass 2: Analyzing classes (47 / 53) - 88% complete     1 1/2  47/53 de/strullerbaumann/visualee/dependency/boundary/DependencyAnalyzer
     [java] Pass 2: Analyzing classes (48 / 53) - 90% complete     1 1/2  48/53 de/strullerbaumann/visualee/ui/graph/boundary/GraphCreator
     [java] Pass 2: Analyzing classes (49 / 53) - 92% complete     1 1/2  49/53 de/strullerbaumann/visualee/maven/VisualEEMojo
     [java] Pass 2: Analyzing classes (50 / 53) - 94% complete     1 1/2  50/53 de/strullerbaumann/visualee/VisualEE
     [java] Pass 2: Analyzing classes (51 / 53) - 96% complete     1 1/2  51/53 de/strullerbaumann/visualee/examiner/Examiner
     [java] Pass 2: Analyzing classes (52 / 53) - 98% complete     1 1/2  52/53 de/strullerbaumann/visualee/ui/graph/boundary/GraphCreator$1
     [java] Pass 2: Analyzing classes (53 / 53) - 100% completeDone with analysis
     [java] Analysis completed
[INFO] Done SpotBugs Analysis....
[INFO] 
[INFO] <<< spotbugs-maven-plugin:4.2.3-SNAPSHOT:check (default-cli) < :spotbugs @ visualee <<<
[INFO] 
[INFO] 
[INFO] --- spotbugs-maven-plugin:4.2.3-SNAPSHOT:check (default-cli) @ visualee ---
[INFO] BugInstance size is 0
[INFO] Error size is 0
[INFO] No errors/warnings found
[INFO] ------------------------------------------------------------------------
[INFO] BUILD SUCCESS
[INFO] ------------------------------------------------------------------------
[INFO] Total time:  4.095 s
[INFO] Finished at: 2022-01-16T12:05:53+08:00
[INFO] ------------------------------------------------------------------------
