[INFO] Scanning for projects...
[INFO] 
[INFO] -------------------< org.eclipse.ee4j:cargo-tracker >-------------------
[INFO] Building Eclipse Cargo Tracker 1.0-SNAPSHOT
[INFO] --------------------------------[ war ]---------------------------------
[INFO] Downloading from central: https://repo.maven.apache.org/maven2/org/glassfish/jersey/inject/jersey-hk2/2.30.payara-p2/jersey-hk2-2.30.payara-p2.pom
[INFO] Downloading from jvnet-nexus-releases: https://maven.java.net/content/repositories/releases/org/glassfish/jersey/inject/jersey-hk2/2.30.payara-p2/jersey-hk2-2.30.payara-p2.pom
[INFO] Downloading from jvnet-nexus-staging: https://maven.java.net/content/repositories/staging/org/glassfish/jersey/inject/jersey-hk2/2.30.payara-p2/jersey-hk2-2.30.payara-p2.pom
[INFO] Downloading from jvnet-nexus-promoted: https://maven.java.net/content/repositories/promoted/org/glassfish/jersey/inject/jersey-hk2/2.30.payara-p2/jersey-hk2-2.30.payara-p2.pom
[INFO] Downloading from payara-patched-externals: https://raw.github.com/payara/Payara_PatchedProjects/master/org/glassfish/jersey/inject/jersey-hk2/2.30.payara-p2/jersey-hk2-2.30.payara-p2.pom
[INFO] Downloaded from payara-patched-externals: https://raw.github.com/payara/Payara_PatchedProjects/master/org/glassfish/jersey/inject/jersey-hk2/2.30.payara-p2/jersey-hk2-2.30.payara-p2.pom (4.8 kB at 3.7 kB/s)
[INFO] Downloading from central: https://repo.maven.apache.org/maven2/org/glassfish/jersey/media/jersey-media-jaxb/2.30.payara-p2/jersey-media-jaxb-2.30.payara-p2.pom
[INFO] Downloading from jvnet-nexus-releases: https://maven.java.net/content/repositories/releases/org/glassfish/jersey/media/jersey-media-jaxb/2.30.payara-p2/jersey-media-jaxb-2.30.payara-p2.pom
[INFO] Downloading from jvnet-nexus-staging: https://maven.java.net/content/repositories/staging/org/glassfish/jersey/media/jersey-media-jaxb/2.30.payara-p2/jersey-media-jaxb-2.30.payara-p2.pom
[INFO] Downloading from jvnet-nexus-promoted: https://maven.java.net/content/repositories/promoted/org/glassfish/jersey/media/jersey-media-jaxb/2.30.payara-p2/jersey-media-jaxb-2.30.payara-p2.pom
[INFO] Downloading from payara-patched-externals: https://raw.github.com/payara/Payara_PatchedProjects/master/org/glassfish/jersey/media/jersey-media-jaxb/2.30.payara-p2/jersey-media-jaxb-2.30.payara-p2.pom
[INFO] Downloaded from payara-patched-externals: https://raw.github.com/payara/Payara_PatchedProjects/master/org/glassfish/jersey/media/jersey-media-jaxb/2.30.payara-p2/jersey-media-jaxb-2.30.payara-p2.pom (6.1 kB at 5.4 kB/s)
[INFO] Downloading from central: https://repo.maven.apache.org/maven2/org/glassfish/jersey/media/jersey-media-sse/2.30.payara-p2/jersey-media-sse-2.30.payara-p2.pom
[INFO] Downloading from jvnet-nexus-releases: https://maven.java.net/content/repositories/releases/org/glassfish/jersey/media/jersey-media-sse/2.30.payara-p2/jersey-media-sse-2.30.payara-p2.pom
[INFO] Downloading from jvnet-nexus-staging: https://maven.java.net/content/repositories/staging/org/glassfish/jersey/media/jersey-media-sse/2.30.payara-p2/jersey-media-sse-2.30.payara-p2.pom
[INFO] Downloading from jvnet-nexus-promoted: https://maven.java.net/content/repositories/promoted/org/glassfish/jersey/media/jersey-media-sse/2.30.payara-p2/jersey-media-sse-2.30.payara-p2.pom
[INFO] Downloading from payara-patched-externals: https://raw.github.com/payara/Payara_PatchedProjects/master/org/glassfish/jersey/media/jersey-media-sse/2.30.payara-p2/jersey-media-sse-2.30.payara-p2.pom
[INFO] Downloaded from payara-patched-externals: https://raw.github.com/payara/Payara_PatchedProjects/master/org/glassfish/jersey/media/jersey-media-sse/2.30.payara-p2/jersey-media-sse-2.30.payara-p2.pom (3.2 kB at 2.2 kB/s)
[INFO] Downloading from central: https://repo.maven.apache.org/maven2/org/glassfish/jersey/media/jersey-media-multipart/2.30.payara-p2/jersey-media-multipart-2.30.payara-p2.pom
[INFO] Downloading from jvnet-nexus-releases: https://maven.java.net/content/repositories/releases/org/glassfish/jersey/media/jersey-media-multipart/2.30.payara-p2/jersey-media-multipart-2.30.payara-p2.pom
[INFO] Downloading from jvnet-nexus-staging: https://maven.java.net/content/repositories/staging/org/glassfish/jersey/media/jersey-media-multipart/2.30.payara-p2/jersey-media-multipart-2.30.payara-p2.pom
[INFO] Downloading from jvnet-nexus-promoted: https://maven.java.net/content/repositories/promoted/org/glassfish/jersey/media/jersey-media-multipart/2.30.payara-p2/jersey-media-multipart-2.30.payara-p2.pom
[INFO] Downloading from payara-patched-externals: https://raw.github.com/payara/Payara_PatchedProjects/master/org/glassfish/jersey/media/jersey-media-multipart/2.30.payara-p2/jersey-media-multipart-2.30.payara-p2.pom
[INFO] Downloaded from payara-patched-externals: https://raw.github.com/payara/Payara_PatchedProjects/master/org/glassfish/jersey/media/jersey-media-multipart/2.30.payara-p2/jersey-media-multipart-2.30.payara-p2.pom (3.9 kB at 1.6 kB/s)
[INFO] Downloading from central: https://repo.maven.apache.org/maven2/org/glassfish/jersey/media/jersey-media-json-processing/2.30.payara-p2/jersey-media-json-processing-2.30.payara-p2.pom
[INFO] Downloading from jvnet-nexus-releases: https://maven.java.net/content/repositories/releases/org/glassfish/jersey/media/jersey-media-json-processing/2.30.payara-p2/jersey-media-json-processing-2.30.payara-p2.pom
[INFO] Downloading from jvnet-nexus-staging: https://maven.java.net/content/repositories/staging/org/glassfish/jersey/media/jersey-media-json-processing/2.30.payara-p2/jersey-media-json-processing-2.30.payara-p2.pom
[INFO] Downloading from jvnet-nexus-promoted: https://maven.java.net/content/repositories/promoted/org/glassfish/jersey/media/jersey-media-json-processing/2.30.payara-p2/jersey-media-json-processing-2.30.payara-p2.pom
[INFO] Downloading from payara-patched-externals: https://raw.github.com/payara/Payara_PatchedProjects/master/org/glassfish/jersey/media/jersey-media-json-processing/2.30.payara-p2/jersey-media-json-processing-2.30.payara-p2.pom
[INFO] Downloaded from payara-patched-externals: https://raw.github.com/payara/Payara_PatchedProjects/master/org/glassfish/jersey/media/jersey-media-json-processing/2.30.payara-p2/jersey-media-json-processing-2.30.payara-p2.pom (4.0 kB at 3.5 kB/s)
[INFO] Downloading from central: https://repo.maven.apache.org/maven2/org/glassfish/jersey/media/jersey-media-json-jackson/2.30.payara-p2/jersey-media-json-jackson-2.30.payara-p2.pom
[INFO] Downloading from jvnet-nexus-releases: https://maven.java.net/content/repositories/releases/org/glassfish/jersey/media/jersey-media-json-jackson/2.30.payara-p2/jersey-media-json-jackson-2.30.payara-p2.pom
[INFO] Downloading from jvnet-nexus-staging: https://maven.java.net/content/repositories/staging/org/glassfish/jersey/media/jersey-media-json-jackson/2.30.payara-p2/jersey-media-json-jackson-2.30.payara-p2.pom
[INFO] Downloading from jvnet-nexus-promoted: https://maven.java.net/content/repositories/promoted/org/glassfish/jersey/media/jersey-media-json-jackson/2.30.payara-p2/jersey-media-json-jackson-2.30.payara-p2.pom
[INFO] Downloading from payara-patched-externals: https://raw.github.com/payara/Payara_PatchedProjects/master/org/glassfish/jersey/media/jersey-media-json-jackson/2.30.payara-p2/jersey-media-json-jackson-2.30.payara-p2.pom
[INFO] Downloaded from payara-patched-externals: https://raw.github.com/payara/Payara_PatchedProjects/master/org/glassfish/jersey/media/jersey-media-json-jackson/2.30.payara-p2/jersey-media-json-jackson-2.30.payara-p2.pom (5.1 kB at 4.6 kB/s)
[INFO] Downloading from central: https://repo.maven.apache.org/maven2/org/glassfish/jersey/ext/jersey-entity-filtering/2.30.payara-p2/jersey-entity-filtering-2.30.payara-p2.pom
[INFO] Downloading from jvnet-nexus-releases: https://maven.java.net/content/repositories/releases/org/glassfish/jersey/ext/jersey-entity-filtering/2.30.payara-p2/jersey-entity-filtering-2.30.payara-p2.pom
[INFO] Downloading from jvnet-nexus-staging: https://maven.java.net/content/repositories/staging/org/glassfish/jersey/ext/jersey-entity-filtering/2.30.payara-p2/jersey-entity-filtering-2.30.payara-p2.pom
[INFO] Downloading from jvnet-nexus-promoted: https://maven.java.net/content/repositories/promoted/org/glassfish/jersey/ext/jersey-entity-filtering/2.30.payara-p2/jersey-entity-filtering-2.30.payara-p2.pom
[INFO] Downloading from payara-patched-externals: https://raw.github.com/payara/Payara_PatchedProjects/master/org/glassfish/jersey/ext/jersey-entity-filtering/2.30.payara-p2/jersey-entity-filtering-2.30.payara-p2.pom
[INFO] Downloaded from payara-patched-externals: https://raw.github.com/payara/Payara_PatchedProjects/master/org/glassfish/jersey/ext/jersey-entity-filtering/2.30.payara-p2/jersey-entity-filtering-2.30.payara-p2.pom (3.3 kB at 3.0 kB/s)
[INFO] Downloading from central: https://repo.maven.apache.org/maven2/org/glassfish/jersey/inject/jersey-hk2/2.30.payara-p2/jersey-hk2-2.30.payara-p2.jar
[INFO] Downloading from central: https://repo.maven.apache.org/maven2/org/glassfish/jersey/media/jersey-media-sse/2.30.payara-p2/jersey-media-sse-2.30.payara-p2.jar
[INFO] Downloading from central: https://repo.maven.apache.org/maven2/org/glassfish/jersey/media/jersey-media-jaxb/2.30.payara-p2/jersey-media-jaxb-2.30.payara-p2.jar
[INFO] Downloading from central: https://repo.maven.apache.org/maven2/org/glassfish/jersey/media/jersey-media-multipart/2.30.payara-p2/jersey-media-multipart-2.30.payara-p2.jar
[INFO] Downloading from central: https://repo.maven.apache.org/maven2/org/glassfish/jersey/media/jersey-media-json-processing/2.30.payara-p2/jersey-media-json-processing-2.30.payara-p2.jar
[INFO] Downloading from central: https://repo.maven.apache.org/maven2/org/glassfish/jersey/media/jersey-media-json-jackson/2.30.payara-p2/jersey-media-json-jackson-2.30.payara-p2.jar
[INFO] Downloading from central: https://repo.maven.apache.org/maven2/org/glassfish/jersey/ext/jersey-entity-filtering/2.30.payara-p2/jersey-entity-filtering-2.30.payara-p2.jar
[INFO] Downloading from jvnet-nexus-releases: https://maven.java.net/content/repositories/releases/org/glassfish/jersey/inject/jersey-hk2/2.30.payara-p2/jersey-hk2-2.30.payara-p2.jar
[INFO] Downloading from jvnet-nexus-releases: https://maven.java.net/content/repositories/releases/org/glassfish/jersey/media/jersey-media-sse/2.30.payara-p2/jersey-media-sse-2.30.payara-p2.jar
[INFO] Downloading from jvnet-nexus-releases: https://maven.java.net/content/repositories/releases/org/glassfish/jersey/media/jersey-media-jaxb/2.30.payara-p2/jersey-media-jaxb-2.30.payara-p2.jar
[INFO] Downloading from jvnet-nexus-releases: https://maven.java.net/content/repositories/releases/org/glassfish/jersey/media/jersey-media-multipart/2.30.payara-p2/jersey-media-multipart-2.30.payara-p2.jar
[INFO] Downloading from jvnet-nexus-releases: https://maven.java.net/content/repositories/releases/org/glassfish/jersey/media/jersey-media-json-processing/2.30.payara-p2/jersey-media-json-processing-2.30.payara-p2.jar
[INFO] Downloading from jvnet-nexus-releases: https://maven.java.net/content/repositories/releases/org/glassfish/jersey/media/jersey-media-json-jackson/2.30.payara-p2/jersey-media-json-jackson-2.30.payara-p2.jar
[INFO] Downloading from jvnet-nexus-releases: https://maven.java.net/content/repositories/releases/org/glassfish/jersey/ext/jersey-entity-filtering/2.30.payara-p2/jersey-entity-filtering-2.30.payara-p2.jar
[INFO] Downloading from jvnet-nexus-staging: https://maven.java.net/content/repositories/staging/org/glassfish/jersey/inject/jersey-hk2/2.30.payara-p2/jersey-hk2-2.30.payara-p2.jar
[INFO] Downloading from jvnet-nexus-staging: https://maven.java.net/content/repositories/staging/org/glassfish/jersey/media/jersey-media-multipart/2.30.payara-p2/jersey-media-multipart-2.30.payara-p2.jar
[INFO] Downloading from jvnet-nexus-staging: https://maven.java.net/content/repositories/staging/org/glassfish/jersey/media/jersey-media-json-processing/2.30.payara-p2/jersey-media-json-processing-2.30.payara-p2.jar
[INFO] Downloading from jvnet-nexus-staging: https://maven.java.net/content/repositories/staging/org/glassfish/jersey/media/jersey-media-sse/2.30.payara-p2/jersey-media-sse-2.30.payara-p2.jar
[INFO] Downloading from jvnet-nexus-staging: https://maven.java.net/content/repositories/staging/org/glassfish/jersey/media/jersey-media-jaxb/2.30.payara-p2/jersey-media-jaxb-2.30.payara-p2.jar
[INFO] Downloading from jvnet-nexus-staging: https://maven.java.net/content/repositories/staging/org/glassfish/jersey/media/jersey-media-json-jackson/2.30.payara-p2/jersey-media-json-jackson-2.30.payara-p2.jar
[INFO] Downloading from jvnet-nexus-staging: https://maven.java.net/content/repositories/staging/org/glassfish/jersey/ext/jersey-entity-filtering/2.30.payara-p2/jersey-entity-filtering-2.30.payara-p2.jar
[INFO] Downloading from jvnet-nexus-promoted: https://maven.java.net/content/repositories/promoted/org/glassfish/jersey/inject/jersey-hk2/2.30.payara-p2/jersey-hk2-2.30.payara-p2.jar
[INFO] Downloading from jvnet-nexus-promoted: https://maven.java.net/content/repositories/promoted/org/glassfish/jersey/media/jersey-media-sse/2.30.payara-p2/jersey-media-sse-2.30.payara-p2.jar
[INFO] Downloading from jvnet-nexus-promoted: https://maven.java.net/content/repositories/promoted/org/glassfish/jersey/media/jersey-media-multipart/2.30.payara-p2/jersey-media-multipart-2.30.payara-p2.jar
[INFO] Downloading from jvnet-nexus-promoted: https://maven.java.net/content/repositories/promoted/org/glassfish/jersey/media/jersey-media-jaxb/2.30.payara-p2/jersey-media-jaxb-2.30.payara-p2.jar
[INFO] Downloading from jvnet-nexus-promoted: https://maven.java.net/content/repositories/promoted/org/glassfish/jersey/media/jersey-media-json-processing/2.30.payara-p2/jersey-media-json-processing-2.30.payara-p2.jar
[INFO] Downloading from jvnet-nexus-promoted: https://maven.java.net/content/repositories/promoted/org/glassfish/jersey/media/jersey-media-json-jackson/2.30.payara-p2/jersey-media-json-jackson-2.30.payara-p2.jar
[INFO] Downloading from jvnet-nexus-promoted: https://maven.java.net/content/repositories/promoted/org/glassfish/jersey/ext/jersey-entity-filtering/2.30.payara-p2/jersey-entity-filtering-2.30.payara-p2.jar
[INFO] Downloading from payara-patched-externals: https://raw.github.com/payara/Payara_PatchedProjects/master/org/glassfish/jersey/inject/jersey-hk2/2.30.payara-p2/jersey-hk2-2.30.payara-p2.jar
[INFO] Downloading from payara-patched-externals: https://raw.github.com/payara/Payara_PatchedProjects/master/org/glassfish/jersey/media/jersey-media-multipart/2.30.payara-p2/jersey-media-multipart-2.30.payara-p2.jar
[INFO] Downloading from payara-patched-externals: https://raw.github.com/payara/Payara_PatchedProjects/master/org/glassfish/jersey/media/jersey-media-sse/2.30.payara-p2/jersey-media-sse-2.30.payara-p2.jar
[INFO] Downloading from payara-patched-externals: https://raw.github.com/payara/Payara_PatchedProjects/master/org/glassfish/jersey/media/jersey-media-json-processing/2.30.payara-p2/jersey-media-json-processing-2.30.payara-p2.jar
[INFO] Downloading from payara-patched-externals: https://raw.github.com/payara/Payara_PatchedProjects/master/org/glassfish/jersey/media/jersey-media-jaxb/2.30.payara-p2/jersey-media-jaxb-2.30.payara-p2.jar
[INFO] Downloaded from payara-patched-externals: https://raw.github.com/payara/Payara_PatchedProjects/master/org/glassfish/jersey/inject/jersey-hk2/2.30.payara-p2/jersey-hk2-2.30.payara-p2.jar (77 kB at 67 kB/s)
[INFO] Downloading from payara-patched-externals: https://raw.github.com/payara/Payara_PatchedProjects/master/org/glassfish/jersey/media/jersey-media-json-jackson/2.30.payara-p2/jersey-media-json-jackson-2.30.payara-p2.jar
[INFO] Downloaded from payara-patched-externals: https://raw.github.com/payara/Payara_PatchedProjects/master/org/glassfish/jersey/media/jersey-media-multipart/2.30.payara-p2/jersey-media-multipart-2.30.payara-p2.jar (80 kB at 67 kB/s)
[INFO] Downloading from payara-patched-externals: https://raw.github.com/payara/Payara_PatchedProjects/master/org/glassfish/jersey/ext/jersey-entity-filtering/2.30.payara-p2/jersey-entity-filtering-2.30.payara-p2.jar
[INFO] Downloaded from payara-patched-externals: https://raw.github.com/payara/Payara_PatchedProjects/master/org/glassfish/jersey/media/jersey-media-json-processing/2.30.payara-p2/jersey-media-json-processing-2.30.payara-p2.jar (20 kB at 11 kB/s)
[INFO] Downloaded from payara-patched-externals: https://raw.github.com/payara/Payara_PatchedProjects/master/org/glassfish/jersey/media/jersey-media-sse/2.30.payara-p2/jersey-media-sse-2.30.payara-p2.jar (78 kB at 41 kB/s)
[INFO] Downloaded from payara-patched-externals: https://raw.github.com/payara/Payara_PatchedProjects/master/org/glassfish/jersey/media/jersey-media-json-jackson/2.30.payara-p2/jersey-media-json-jackson-2.30.payara-p2.jar (75 kB at 34 kB/s)
[INFO] Downloaded from payara-patched-externals: https://raw.github.com/payara/Payara_PatchedProjects/master/org/glassfish/jersey/ext/jersey-entity-filtering/2.30.payara-p2/jersey-entity-filtering-2.30.payara-p2.jar (84 kB at 35 kB/s)
[INFO] Downloaded from payara-patched-externals: https://raw.github.com/payara/Payara_PatchedProjects/master/org/glassfish/jersey/media/jersey-media-jaxb/2.30.payara-p2/jersey-media-jaxb-2.30.payara-p2.jar (86 kB at 34 kB/s)
[INFO] 
[INFO] --- maven-clean-plugin:2.5:clean (default-clean) @ cargo-tracker ---
[INFO] Deleting /home/codegex/Documents/workspace/rbugs/experiment/top100repos/cargotracker/target
[INFO] 
[INFO] --- maven-resources-plugin:2.6:resources (default-resources) @ cargo-tracker ---
[INFO] Using 'UTF-8' encoding to copy filtered resources.
[INFO] Copying 3 resources
[INFO] 
[INFO] --- maven-compiler-plugin:3.1:compile (default-compile) @ cargo-tracker ---
[INFO] Changes detected - recompiling the module!
[INFO] Compiling 102 source files to /home/codegex/Documents/workspace/rbugs/experiment/top100repos/cargotracker/target/classes
[INFO] 
[INFO] --- maven-resources-plugin:2.6:testResources (default-testResources) @ cargo-tracker ---
[INFO] Using 'UTF-8' encoding to copy filtered resources.
[INFO] Copying 3 resources
[INFO] 
[INFO] --- maven-compiler-plugin:3.1:testCompile (default-testCompile) @ cargo-tracker ---
[INFO] Changes detected - recompiling the module!
[INFO] Compiling 10 source files to /home/codegex/Documents/workspace/rbugs/experiment/top100repos/cargotracker/target/test-classes
[INFO] 
[INFO] --- maven-surefire-plugin:2.12.4:test (default-test) @ cargo-tracker ---
[INFO] Tests are skipped.
[INFO] 
[INFO] --- maven-war-plugin:3.3.1:war (default-war) @ cargo-tracker ---
[INFO] Packaging webapp
[INFO] Assembling webapp [cargo-tracker] in [/home/codegex/Documents/workspace/rbugs/experiment/top100repos/cargotracker/target/cargo-tracker]
[INFO] Processing war project
[INFO] Copying webapp resources [/home/codegex/Documents/workspace/rbugs/experiment/top100repos/cargotracker/src/main/webapp]
[INFO] Building war: /home/codegex/Documents/workspace/rbugs/experiment/top100repos/cargotracker/target/cargo-tracker.war
[INFO] 
[INFO] --- maven-install-plugin:2.4:install (default-install) @ cargo-tracker ---
[INFO] Installing /home/codegex/Documents/workspace/rbugs/experiment/top100repos/cargotracker/target/cargo-tracker.war to /home/codegex/.m2/repository/org/eclipse/ee4j/cargo-tracker/1.0-SNAPSHOT/cargo-tracker-1.0-SNAPSHOT.war
[INFO] Installing /home/codegex/Documents/workspace/rbugs/experiment/top100repos/cargotracker/pom.xml to /home/codegex/.m2/repository/org/eclipse/ee4j/cargo-tracker/1.0-SNAPSHOT/cargo-tracker-1.0-SNAPSHOT.pom
[INFO] ------------------------------------------------------------------------
[INFO] BUILD SUCCESS
[INFO] ------------------------------------------------------------------------
[INFO] Total time:  53.376 s
[INFO] Finished at: 2021-04-04T19:54:04+08:00
[INFO] ------------------------------------------------------------------------
WARNING: An illegal reflective access operation has occurred
WARNING: Illegal reflective access by com.google.inject.internal.cglib.core.$ReflectUtils$1 (file:/usr/share/maven/lib/guice.jar) to method java.lang.ClassLoader.defineClass(java.lang.String,byte[],int,int,java.security.ProtectionDomain)
WARNING: Please consider reporting this to the maintainers of com.google.inject.internal.cglib.core.$ReflectUtils$1
WARNING: Use --illegal-access=warn to enable warnings of further illegal reflective access operations
WARNING: All illegal access operations will be denied in a future release
