[INFO] Scanning for projects...
[INFO] Inspecting build with total of 1 modules...
[INFO] Installing Nexus Staging features:
[INFO]   ... total of 1 executions of maven-deploy-plugin replaced with nexus-staging-maven-plugin
[INFO] 
[INFO] ------------------< com.gluonhq:client-maven-plugin >-------------------
[INFO] Building client-maven-plugin Maven Mojo 0.1.39-SNAPSHOT
[INFO] ----------------------------[ maven-plugin ]----------------------------
[INFO] Downloading from gluon-releases: https://nexus.gluonhq.com/nexus/content/repositories/releases/com/gluonhq/substrate/0.0.37-SNAPSHOT/maven-metadata.xml
[INFO] Downloading from snapshot: https://oss.sonatype.org/content/repositories/snapshots/com/gluonhq/substrate/0.0.37-SNAPSHOT/maven-metadata.xml
[INFO] Downloading from gluon-snapshots: https://nexus.gluonhq.com/nexus/content/repositories/public-snapshots/com/gluonhq/substrate/0.0.37-SNAPSHOT/maven-metadata.xml
[INFO] Downloaded from snapshot: https://oss.sonatype.org/content/repositories/snapshots/com/gluonhq/substrate/0.0.37-SNAPSHOT/maven-metadata.xml (1.4 kB at 959 B/s)
[INFO] 
[INFO] --- maven-clean-plugin:2.5:clean (default-clean) @ client-maven-plugin ---
[INFO] Deleting /home/codegex/Documents/workspace/rbugs/experiment/top100repos/client-maven-plugin/target
[INFO] 
[INFO] --- maven-resources-plugin:2.6:resources (default-resources) @ client-maven-plugin ---
[INFO] Using 'UTF-8' encoding to copy filtered resources.
[INFO] skip non existing resourceDirectory /home/codegex/Documents/workspace/rbugs/experiment/top100repos/client-maven-plugin/src/main/resources
[INFO] 
[INFO] --- maven-compiler-plugin:3.8.1:compile (default-compile) @ client-maven-plugin ---
[INFO] Changes detected - recompiling the module!
[INFO] Compiling 13 source files to /home/codegex/Documents/workspace/rbugs/experiment/top100repos/client-maven-plugin/target/classes
[INFO] 
[INFO] --- maven-plugin-plugin:3.6.0:descriptor (default-descriptor) @ client-maven-plugin ---
[INFO] Using 'UTF-8' encoding to read mojo source files.
[INFO] java-javadoc mojo extractor found 0 mojo descriptor.
[INFO] java-annotations mojo extractor found 7 mojo descriptors.
[INFO] 
[INFO] --- maven-resources-plugin:2.6:testResources (default-testResources) @ client-maven-plugin ---
[INFO] Using 'UTF-8' encoding to copy filtered resources.
[INFO] skip non existing resourceDirectory /home/codegex/Documents/workspace/rbugs/experiment/top100repos/client-maven-plugin/src/test/resources
[INFO] 
[INFO] --- maven-compiler-plugin:3.8.1:testCompile (default-testCompile) @ client-maven-plugin ---
[INFO] No sources to compile
[INFO] 
[INFO] --- maven-surefire-plugin:2.12.4:test (default-test) @ client-maven-plugin ---
[INFO] Tests are skipped.
[INFO] 
[INFO] --- maven-jar-plugin:2.4:jar (default-jar) @ client-maven-plugin ---
[INFO] Building jar: /home/codegex/Documents/workspace/rbugs/experiment/top100repos/client-maven-plugin/target/client-maven-plugin-0.1.39-SNAPSHOT.jar
[INFO] 
[INFO] --- maven-plugin-plugin:3.6.0:addPluginArtifactMetadata (default-addPluginArtifactMetadata) @ client-maven-plugin ---
[INFO] 
[INFO] --- maven-install-plugin:2.4:install (default-install) @ client-maven-plugin ---
[INFO] Installing /home/codegex/Documents/workspace/rbugs/experiment/top100repos/client-maven-plugin/target/client-maven-plugin-0.1.39-SNAPSHOT.jar to /home/codegex/.m2/repository/com/gluonhq/client-maven-plugin/0.1.39-SNAPSHOT/client-maven-plugin-0.1.39-SNAPSHOT.jar
[INFO] Installing /home/codegex/Documents/workspace/rbugs/experiment/top100repos/client-maven-plugin/pom.xml to /home/codegex/.m2/repository/com/gluonhq/client-maven-plugin/0.1.39-SNAPSHOT/client-maven-plugin-0.1.39-SNAPSHOT.pom
[INFO] 
[INFO] --- maven-enforcer-plugin:3.0.0-M3:enforce (enforce-no-snapshots) @ client-maven-plugin ---
[INFO] ------------------------------------------------------------------------
[INFO] BUILD SUCCESS
[INFO] ------------------------------------------------------------------------
[INFO] Total time:  4.057 s
[INFO] Finished at: 2021-04-04T19:45:03+08:00
[INFO] ------------------------------------------------------------------------
WARNING: An illegal reflective access operation has occurred
WARNING: Illegal reflective access by com.google.inject.internal.cglib.core.$ReflectUtils$1 (file:/usr/share/maven/lib/guice.jar) to method java.lang.ClassLoader.defineClass(java.lang.String,byte[],int,int,java.security.ProtectionDomain)
WARNING: Please consider reporting this to the maintainers of com.google.inject.internal.cglib.core.$ReflectUtils$1
WARNING: Use --illegal-access=warn to enable warnings of further illegal reflective access operations
WARNING: All illegal access operations will be denied in a future release
