[INFO] Scanning for projects...
[INFO] 
[INFO] ---------------------< diamond.cms:cms-web-server >---------------------
[INFO] Building cms-web-server 0.0.1-SNAPSHOT
[INFO] --------------------------------[ jar ]---------------------------------
[INFO] 
[INFO] --- maven-clean-plugin:2.6.1:clean (default-clean) @ cms-web-server ---
[INFO] Deleting /home/codegex/Documents/workspace/rbugs/experiment/top100repos/cms-admin-end/target
[INFO] 
[INFO] --- maven-resources-plugin:2.6:resources (default-resources) @ cms-web-server ---
[INFO] Using 'UTF-8' encoding to copy filtered resources.
[INFO] Copying 1 resource
[INFO] Copying 4 resources
[INFO] 
[INFO] --- maven-compiler-plugin:3.1:compile (default-compile) @ cms-web-server ---
[INFO] Changes detected - recompiling the module!
[INFO] Compiling 133 source files to /home/codegex/Documents/workspace/rbugs/experiment/top100repos/cms-admin-end/target/classes
[WARNING] /home/codegex/Documents/workspace/rbugs/experiment/top100repos/cms-admin-end/src/main/java/diamond/cms/server/mvc/json/JacksonJsonFilter.java: 某些输入文件使用或覆盖了已过时的 API。
[WARNING] /home/codegex/Documents/workspace/rbugs/experiment/top100repos/cms-admin-end/src/main/java/diamond/cms/server/mvc/json/JacksonJsonFilter.java: 有关详细信息, 请使用 -Xlint:deprecation 重新编译。
[INFO] 
[INFO] --- maven-resources-plugin:2.6:testResources (default-testResources) @ cms-web-server ---
[INFO] Using 'UTF-8' encoding to copy filtered resources.
[INFO] Copying 1 resource
[INFO] 
[INFO] --- maven-compiler-plugin:3.1:testCompile (default-testCompile) @ cms-web-server ---
[INFO] Changes detected - recompiling the module!
[INFO] Compiling 18 source files to /home/codegex/Documents/workspace/rbugs/experiment/top100repos/cms-admin-end/target/test-classes
[INFO] 
[INFO] --- maven-surefire-plugin:2.18.1:test (default-test) @ cms-web-server ---
[INFO] Tests are skipped.
[INFO] 
[INFO] --- maven-jar-plugin:2.6:jar (default-jar) @ cms-web-server ---
[INFO] Building jar: /home/codegex/Documents/workspace/rbugs/experiment/top100repos/cms-admin-end/target/cms-web-server-0.0.1-SNAPSHOT.jar
[INFO] 
[INFO] --- spring-boot-maven-plugin:1.4.3.RELEASE:repackage (default) @ cms-web-server ---
[INFO] 
[INFO] --- maven-install-plugin:2.5.2:install (default-install) @ cms-web-server ---
[INFO] Installing /home/codegex/Documents/workspace/rbugs/experiment/top100repos/cms-admin-end/target/cms-web-server-0.0.1-SNAPSHOT.jar to /home/codegex/.m2/repository/diamond/cms/cms-web-server/0.0.1-SNAPSHOT/cms-web-server-0.0.1-SNAPSHOT.jar
[INFO] Installing /home/codegex/Documents/workspace/rbugs/experiment/top100repos/cms-admin-end/pom.xml to /home/codegex/.m2/repository/diamond/cms/cms-web-server/0.0.1-SNAPSHOT/cms-web-server-0.0.1-SNAPSHOT.pom
[INFO] ------------------------------------------------------------------------
[INFO] BUILD SUCCESS
[INFO] ------------------------------------------------------------------------
[INFO] Total time:  4.804 s
[INFO] Finished at: 2021-04-04T21:29:37+08:00
[INFO] ------------------------------------------------------------------------
WARNING: An illegal reflective access operation has occurred
WARNING: Illegal reflective access by com.google.inject.internal.cglib.core.$ReflectUtils$1 (file:/usr/share/maven/lib/guice.jar) to method java.lang.ClassLoader.defineClass(java.lang.String,byte[],int,int,java.security.ProtectionDomain)
WARNING: Please consider reporting this to the maintainers of com.google.inject.internal.cglib.core.$ReflectUtils$1
WARNING: Use --illegal-access=warn to enable warnings of further illegal reflective access operations
WARNING: All illegal access operations will be denied in a future release
