[INFO] Scanning for projects...
[INFO] 
[INFO] ------------------< com.nowcoder.community:community >------------------
[INFO] Building community 0.0.1-SNAPSHOT
[INFO] --------------------------------[ war ]---------------------------------
[INFO] Downloading from central: https://repo.maven.apache.org/maven2/org/springframework/boot/spring-boot-maven-plugin/2.1.5.RELEASE/spring-boot-maven-plugin-2.1.5.RELEASE.pom
[INFO] Downloaded from central: https://repo.maven.apache.org/maven2/org/springframework/boot/spring-boot-maven-plugin/2.1.5.RELEASE/spring-boot-maven-plugin-2.1.5.RELEASE.pom (4.8 kB at 3.9 kB/s)
[INFO] Downloading from central: https://repo.maven.apache.org/maven2/org/springframework/boot/spring-boot-tools/2.1.5.RELEASE/spring-boot-tools-2.1.5.RELEASE.pom
[INFO] Downloaded from central: https://repo.maven.apache.org/maven2/org/springframework/boot/spring-boot-tools/2.1.5.RELEASE/spring-boot-tools-2.1.5.RELEASE.pom (1.8 kB at 4.8 kB/s)
[INFO] Downloading from central: https://repo.maven.apache.org/maven2/org/springframework/boot/spring-boot-maven-plugin/2.1.5.RELEASE/spring-boot-maven-plugin-2.1.5.RELEASE.jar
[INFO] Downloaded from central: https://repo.maven.apache.org/maven2/org/springframework/boot/spring-boot-maven-plugin/2.1.5.RELEASE/spring-boot-maven-plugin-2.1.5.RELEASE.jar (68 kB at 115 kB/s)
[INFO] 
[INFO] --- maven-clean-plugin:3.1.0:clean (default-clean) @ community ---
[INFO] Deleting /home/codegex/Documents/workspace/rbugs/experiment/top100repos/community/target
[INFO] 
[INFO] --- maven-resources-plugin:3.1.0:resources (default-resources) @ community ---
[INFO] Using 'UTF-8' encoding to copy filtered resources.
[INFO] Copying 3 resources
[INFO] Copying 48 resources
[INFO] 
[INFO] --- maven-compiler-plugin:3.8.1:compile (default-compile) @ community ---
[INFO] Changes detected - recompiling the module!
[INFO] Compiling 67 source files to /home/codegex/Documents/workspace/rbugs/experiment/top100repos/community/target/classes
[INFO] /home/codegex/Documents/workspace/rbugs/experiment/top100repos/community/src/main/java/com/nowcoder/community/service/UserService.java: 某些输入文件使用了未经检查或不安全的操作。
[INFO] /home/codegex/Documents/workspace/rbugs/experiment/top100repos/community/src/main/java/com/nowcoder/community/service/UserService.java: 有关详细信息, 请使用 -Xlint:unchecked 重新编译。
[INFO] 
[INFO] --- maven-resources-plugin:3.1.0:testResources (default-testResources) @ community ---
[INFO] Using 'UTF-8' encoding to copy filtered resources.
[INFO] skip non existing resourceDirectory /home/codegex/Documents/workspace/rbugs/experiment/top100repos/community/src/test/resources
[INFO] 
[INFO] --- maven-compiler-plugin:3.8.1:testCompile (default-testCompile) @ community ---
[INFO] Changes detected - recompiling the module!
[INFO] Compiling 11 source files to /home/codegex/Documents/workspace/rbugs/experiment/top100repos/community/target/test-classes
[INFO] /home/codegex/Documents/workspace/rbugs/experiment/top100repos/community/src/test/java/com/nowcoder/community/ElasticsearchTests.java: 某些输入文件使用了未经检查或不安全的操作。
[INFO] /home/codegex/Documents/workspace/rbugs/experiment/top100repos/community/src/test/java/com/nowcoder/community/ElasticsearchTests.java: 有关详细信息, 请使用 -Xlint:unchecked 重新编译。
[INFO] 
[INFO] --- maven-surefire-plugin:2.22.2:test (default-test) @ community ---
[INFO] Tests are skipped.
[INFO] 
[INFO] --- maven-war-plugin:3.2.2:war (default-war) @ community ---
[INFO] Packaging webapp
[INFO] Assembling webapp [community] in [/home/codegex/Documents/workspace/rbugs/experiment/top100repos/community/target/ROOT]
[INFO] Processing war project
[INFO] Webapp assembled in [307 msecs]
[INFO] Building war: /home/codegex/Documents/workspace/rbugs/experiment/top100repos/community/target/ROOT.war
[INFO] 
[INFO] --- spring-boot-maven-plugin:2.1.5.RELEASE:repackage (repackage) @ community ---
[INFO] Downloading from central: https://repo.maven.apache.org/maven2/org/springframework/boot/spring-boot-loader-tools/2.1.5.RELEASE/spring-boot-loader-tools-2.1.5.RELEASE.pom
[INFO] Downloaded from central: https://repo.maven.apache.org/maven2/org/springframework/boot/spring-boot-loader-tools/2.1.5.RELEASE/spring-boot-loader-tools-2.1.5.RELEASE.pom (2.7 kB at 7.2 kB/s)
[INFO] Downloading from central: https://repo.maven.apache.org/maven2/org/springframework/boot/spring-boot-loader-tools/2.1.5.RELEASE/spring-boot-loader-tools-2.1.5.RELEASE.jar
[INFO] Downloaded from central: https://repo.maven.apache.org/maven2/org/springframework/boot/spring-boot-loader-tools/2.1.5.RELEASE/spring-boot-loader-tools-2.1.5.RELEASE.jar (149 kB at 255 kB/s)
[INFO] Replacing main artifact with repackaged archive
[INFO] 
[INFO] --- maven-install-plugin:2.5.2:install (default-install) @ community ---
[INFO] Installing /home/codegex/Documents/workspace/rbugs/experiment/top100repos/community/target/ROOT.war to /home/codegex/.m2/repository/com/nowcoder/community/community/0.0.1-SNAPSHOT/community-0.0.1-SNAPSHOT.war
[INFO] Installing /home/codegex/Documents/workspace/rbugs/experiment/top100repos/community/pom.xml to /home/codegex/.m2/repository/com/nowcoder/community/community/0.0.1-SNAPSHOT/community-0.0.1-SNAPSHOT.pom
[INFO] ------------------------------------------------------------------------
[INFO] BUILD SUCCESS
[INFO] ------------------------------------------------------------------------
[INFO] Total time:  7.480 s
[INFO] Finished at: 2021-04-04T19:02:47+08:00
[INFO] ------------------------------------------------------------------------
WARNING: An illegal reflective access operation has occurred
WARNING: Illegal reflective access by com.google.inject.internal.cglib.core.$ReflectUtils$1 (file:/usr/share/maven/lib/guice.jar) to method java.lang.ClassLoader.defineClass(java.lang.String,byte[],int,int,java.security.ProtectionDomain)
WARNING: Please consider reporting this to the maintainers of com.google.inject.internal.cglib.core.$ReflectUtils$1
WARNING: Use --illegal-access=warn to enable warnings of further illegal reflective access operations
WARNING: All illegal access operations will be denied in a future release
