[INFO] Scanning for projects...
[WARNING] 
[WARNING] Some problems were encountered while building the effective model for com.gu:gchisto:jar:1.0.1-SNAPSHOT
[WARNING] 'build.plugins.plugin.version' for org.apache.maven.plugins:maven-compiler-plugin is missing. @ line 72, column 15
[WARNING] 'build.plugins.plugin.version' for org.apache.maven.plugins:maven-jar-plugin is missing. @ line 41, column 15
[WARNING] 
[WARNING] It is highly recommended to fix these problems because they threaten the stability of your build.
[WARNING] 
[WARNING] For this reason, future Maven versions might no longer support building such malformed projects.
[WARNING] 
[INFO] 
[INFO] ---------------------------< com.gu:gchisto >---------------------------
[INFO] Building GChisto 1.0.1-SNAPSHOT
[INFO] --------------------------------[ jar ]---------------------------------
[INFO] 
[INFO] --- maven-clean-plugin:2.5:clean (default-clean) @ gchisto ---
[INFO] Deleting /home/codegex/Documents/workspace/rbugs/experiment/top100repos/gchisto/target
[INFO] 
[INFO] --- maven-resources-plugin:2.6:resources (default-resources) @ gchisto ---
[WARNING] Using platform encoding (UTF-8 actually) to copy filtered resources, i.e. build is platform dependent!
[INFO] skip non existing resourceDirectory /home/codegex/Documents/workspace/rbugs/experiment/top100repos/gchisto/src/main/resources
[INFO] 
[INFO] --- maven-compiler-plugin:3.1:compile (default-compile) @ gchisto ---
[INFO] Changes detected - recompiling the module!
[WARNING] File encoding has not been set, using platform encoding UTF-8, i.e. build is platform dependent!
[INFO] Compiling 125 source files to /home/codegex/Documents/workspace/rbugs/experiment/top100repos/gchisto/target/classes
[WARNING] /home/codegex/Documents/workspace/rbugs/experiment/top100repos/gchisto/src/main/java/gchisto/gui/MainPanel.java: 某些输入文件使用或覆盖了已过时的 API。
[WARNING] /home/codegex/Documents/workspace/rbugs/experiment/top100repos/gchisto/src/main/java/gchisto/gui/MainPanel.java: 有关详细信息, 请使用 -Xlint:deprecation 重新编译。
[WARNING] /home/codegex/Documents/workspace/rbugs/experiment/top100repos/gchisto/src/main/java/gchisto/gui/panels/tracemanagement/Panel.java: /home/codegex/Documents/workspace/rbugs/experiment/top100repos/gchisto/src/main/java/gchisto/gui/panels/tracemanagement/Panel.java使用了未经检查或不安全的操作。
[WARNING] /home/codegex/Documents/workspace/rbugs/experiment/top100repos/gchisto/src/main/java/gchisto/gui/panels/tracemanagement/Panel.java: 有关详细信息, 请使用 -Xlint:unchecked 重新编译。
[INFO] 
[INFO] --- maven-resources-plugin:2.6:testResources (default-testResources) @ gchisto ---
[WARNING] Using platform encoding (UTF-8 actually) to copy filtered resources, i.e. build is platform dependent!
[INFO] skip non existing resourceDirectory /home/codegex/Documents/workspace/rbugs/experiment/top100repos/gchisto/src/test/resources
[INFO] 
[INFO] --- maven-compiler-plugin:3.1:testCompile (default-testCompile) @ gchisto ---
[INFO] No sources to compile
[INFO] 
[INFO] --- maven-surefire-plugin:2.12.4:test (default-test) @ gchisto ---
[INFO] Tests are skipped.
[INFO] 
[INFO] --- maven-jar-plugin:2.4:jar (default-jar) @ gchisto ---
[INFO] Building jar: /home/codegex/Documents/workspace/rbugs/experiment/top100repos/gchisto/target/gchisto-1.0.1-SNAPSHOT.jar
[INFO] 
[INFO] --- maven-dependency-plugin:2.8:copy-dependencies (default) @ gchisto ---
[INFO] Copying jfreechart-1.0.0.jar to /home/codegex/Documents/workspace/rbugs/experiment/top100repos/gchisto/target/lib/jfreechart-1.0.0.jar
[INFO] Copying swing-layout-1.0.2.jar to /home/codegex/Documents/workspace/rbugs/experiment/top100repos/gchisto/target/lib/swing-layout-1.0.2.jar
[INFO] Copying jcommon-1.0.12.jar to /home/codegex/Documents/workspace/rbugs/experiment/top100repos/gchisto/target/lib/jcommon-1.0.12.jar
[INFO] Copying junit-3.8.jar to /home/codegex/Documents/workspace/rbugs/experiment/top100repos/gchisto/target/lib/junit-3.8.jar
[INFO] 
[INFO] --- maven-assembly-plugin:2.2-beta-5:single (default) @ gchisto ---
[INFO] Reading assembly descriptor: src/main/assembly.xml
[INFO] Building tar : /home/codegex/Documents/workspace/rbugs/experiment/top100repos/gchisto/target/gchisto-1.0.1-SNAPSHOT.tar.gz
[INFO] 
[INFO] --- maven-install-plugin:2.4:install (default-install) @ gchisto ---
[INFO] Installing /home/codegex/Documents/workspace/rbugs/experiment/top100repos/gchisto/target/gchisto-1.0.1-SNAPSHOT.jar to /home/codegex/.m2/repository/com/gu/gchisto/1.0.1-SNAPSHOT/gchisto-1.0.1-SNAPSHOT.jar
[INFO] Installing /home/codegex/Documents/workspace/rbugs/experiment/top100repos/gchisto/pom.xml to /home/codegex/.m2/repository/com/gu/gchisto/1.0.1-SNAPSHOT/gchisto-1.0.1-SNAPSHOT.pom
[INFO] Installing /home/codegex/Documents/workspace/rbugs/experiment/top100repos/gchisto/target/gchisto-1.0.1-SNAPSHOT.tar.gz to /home/codegex/.m2/repository/com/gu/gchisto/1.0.1-SNAPSHOT/gchisto-1.0.1-SNAPSHOT.tar.gz
[INFO] ------------------------------------------------------------------------
[INFO] BUILD SUCCESS
[INFO] ------------------------------------------------------------------------
[INFO] Total time:  2.758 s
[INFO] Finished at: 2021-04-04T19:30:30+08:00
[INFO] ------------------------------------------------------------------------
WARNING: An illegal reflective access operation has occurred
WARNING: Illegal reflective access by com.google.inject.internal.cglib.core.$ReflectUtils$1 (file:/usr/share/maven/lib/guice.jar) to method java.lang.ClassLoader.defineClass(java.lang.String,byte[],int,int,java.security.ProtectionDomain)
WARNING: Please consider reporting this to the maintainers of com.google.inject.internal.cglib.core.$ReflectUtils$1
WARNING: Use --illegal-access=warn to enable warnings of further illegal reflective access operations
WARNING: All illegal access operations will be denied in a future release
