[INFO] Scanning for projects...
[INFO] 
[INFO] -----------------------< org.hprose:hprose-java >-----------------------
[INFO] Building Hprose for Java 2.0.38
[INFO] --------------------------------[ jar ]---------------------------------
[INFO] Downloading from central: https://repo.maven.apache.org/maven2/javax/servlet/javax.servlet-api/maven-metadata.xml
[INFO] Downloading from sonatype-nexus-snapshots: https://oss.sonatype.org/content/repositories/snapshots/javax/servlet/javax.servlet-api/maven-metadata.xml
[INFO] Downloaded from central: https://repo.maven.apache.org/maven2/javax/servlet/javax.servlet-api/maven-metadata.xml (972 B at 848 B/s)
[INFO] Downloading from sonatype-nexus-snapshots: https://oss.sonatype.org/content/repositories/snapshots/javax/websocket/javax.websocket-api/maven-metadata.xml
[INFO] Downloading from central: https://repo.maven.apache.org/maven2/javax/websocket/javax.websocket-api/maven-metadata.xml
[INFO] Downloaded from central: https://repo.maven.apache.org/maven2/javax/websocket/javax.websocket-api/maven-metadata.xml (748 B at 2.0 kB/s)
[INFO] 
[INFO] --- maven-clean-plugin:2.5:clean (default-clean) @ hprose-java ---
[INFO] Deleting /home/codegex/Documents/workspace/rbugs/experiment/top100repos/hprose-java/target
[INFO] 
[INFO] --- maven-enforcer-plugin:1.2:enforce (enforce-maven) @ hprose-java ---
[INFO] 
[INFO] --- maven-resources-plugin:2.6:resources (default-resources) @ hprose-java ---
[INFO] Using 'UTF-8' encoding to copy filtered resources.
[INFO] skip non existing resourceDirectory /home/codegex/Documents/workspace/rbugs/experiment/top100repos/hprose-java/src/main/resources
[INFO] 
[INFO] --- maven-compiler-plugin:3.1:compile (default-compile) @ hprose-java ---
[INFO] Changes detected - recompiling the module!
[INFO] Compiling 323 source files to /home/codegex/Documents/workspace/rbugs/experiment/top100repos/hprose-java/target/classes
[WARNING] /home/codegex/Documents/workspace/rbugs/experiment/top100repos/hprose-java/src/main/java/hprose/io/ByteBufferStream.java:[23,18] sun.nio.ch.DirectBuffer是内部专用 API, 可能会在未来发行版中删除
[WARNING] /home/codegex/Documents/workspace/rbugs/experiment/top100repos/hprose-java/src/main/java/hprose/io/ByteBufferStream.java:[84,19] sun.nio.ch.DirectBuffer是内部专用 API, 可能会在未来发行版中删除
[WARNING] /home/codegex/Documents/workspace/rbugs/experiment/top100repos/hprose-java/src/main/java/hprose/io/access/Accessors.java:[37,28] sun.misc.Unsafe是内部专用 API, 可能会在未来发行版中删除
[WARNING] /home/codegex/Documents/workspace/rbugs/experiment/top100repos/hprose-java/src/main/java/hprose/io/access/Accessors.java:[39,28] sun.misc.Unsafe是内部专用 API, 可能会在未来发行版中删除
[WARNING] /home/codegex/Documents/workspace/rbugs/experiment/top100repos/hprose-java/src/main/java/hprose/io/access/Accessors.java:[43,27] sun.misc.Unsafe是内部专用 API, 可能会在未来发行版中删除
[WARNING] /home/codegex/Documents/workspace/rbugs/experiment/top100repos/hprose-java/src/main/java/hprose/io/access/Accessors.java:[43,48] sun.misc.Unsafe是内部专用 API, 可能会在未来发行版中删除
[WARNING] /home/codegex/Documents/workspace/rbugs/experiment/top100repos/hprose-java/src/main/java/hprose/io/access/Accessors.java:[56,26] sun.misc.Unsafe是内部专用 API, 可能会在未来发行版中删除
[INFO] 
[INFO] --- maven-resources-plugin:2.6:testResources (default-testResources) @ hprose-java ---
[INFO] Using 'UTF-8' encoding to copy filtered resources.
[INFO] skip non existing resourceDirectory /home/codegex/Documents/workspace/rbugs/experiment/top100repos/hprose-java/src/test/resources
[INFO] 
[INFO] --- maven-compiler-plugin:3.1:testCompile (default-testCompile) @ hprose-java ---
[INFO] No sources to compile
[INFO] 
[INFO] --- maven-surefire-plugin:2.12.4:test (default-test) @ hprose-java ---
[INFO] Tests are skipped.
[INFO] 
[INFO] --- maven-jar-plugin:2.4:jar (default-jar) @ hprose-java ---
[INFO] Building jar: /home/codegex/Documents/workspace/rbugs/experiment/top100repos/hprose-java/target/hprose-java-2.0.38.jar
[INFO] 
[INFO] --- maven-install-plugin:2.4:install (default-install) @ hprose-java ---
[INFO] Installing /home/codegex/Documents/workspace/rbugs/experiment/top100repos/hprose-java/target/hprose-java-2.0.38.jar to /home/codegex/.m2/repository/org/hprose/hprose-java/2.0.38/hprose-java-2.0.38.jar
[INFO] Installing /home/codegex/Documents/workspace/rbugs/experiment/top100repos/hprose-java/pom.xml to /home/codegex/.m2/repository/org/hprose/hprose-java/2.0.38/hprose-java-2.0.38.pom
[INFO] ------------------------------------------------------------------------
[INFO] BUILD SUCCESS
[INFO] ------------------------------------------------------------------------
[INFO] Total time:  4.902 s
[INFO] Finished at: 2021-04-04T19:50:19+08:00
[INFO] ------------------------------------------------------------------------
WARNING: An illegal reflective access operation has occurred
WARNING: Illegal reflective access by com.google.inject.internal.cglib.core.$ReflectUtils$1 (file:/usr/share/maven/lib/guice.jar) to method java.lang.ClassLoader.defineClass(java.lang.String,byte[],int,int,java.security.ProtectionDomain)
WARNING: Please consider reporting this to the maintainers of com.google.inject.internal.cglib.core.$ReflectUtils$1
WARNING: Use --illegal-access=warn to enable warnings of further illegal reflective access operations
WARNING: All illegal access operations will be denied in a future release
