[INFO] Scanning for projects...
[INFO] 
[INFO] ----------------------< com.squareup:squash-java >----------------------
[INFO] Building Squash Java 1.0.0-SNAPSHOT
[INFO] --------------------------------[ jar ]---------------------------------
[INFO] 
[INFO] --- maven-clean-plugin:2.5:clean (default-clean) @ squash-java ---
[INFO] Deleting /home/codegex/Documents/workspace/rbugs/experiment/top100repos/java/target
[INFO] 
[INFO] --- maven-enforcer-plugin:1.0:enforce (enforce-maven) @ squash-java ---
[INFO] 
[INFO] --- maven-resources-plugin:2.6:resources (default-resources) @ squash-java ---
[INFO] Using 'UTF-8' encoding to copy filtered resources.
[INFO] skip non existing resourceDirectory /home/codegex/Documents/workspace/rbugs/experiment/top100repos/java/src/main/resources
[INFO] 
[INFO] --- maven-compiler-plugin:2.5:compile (default-compile) @ squash-java ---
[INFO] Compiling 2 source files to /home/codegex/Documents/workspace/rbugs/experiment/top100repos/java/target/classes
[INFO] -------------------------------------------------------------
[ERROR] COMPILATION ERROR : 
[INFO] -------------------------------------------------------------
[ERROR] Failure executing javac, but could not parse the error:
错误: 不再支持源选项 5。请使用 6 或更高版本。
错误: 不再支持目标选项 1.5。请使用 1.6 或更高版本。

[INFO] 1 error
[INFO] -------------------------------------------------------------
[INFO] ------------------------------------------------------------------------
[INFO] BUILD FAILURE
[INFO] ------------------------------------------------------------------------
[INFO] Total time:  0.514 s
[INFO] Finished at: 2021-04-04T19:05:21+08:00
[INFO] ------------------------------------------------------------------------
[ERROR] Failed to execute goal org.apache.maven.plugins:maven-compiler-plugin:2.5:compile (default-compile) on project squash-java: Compilation failure
[ERROR] Failure executing javac, but could not parse the error:
[ERROR] 错误: 不再支持源选项 5。请使用 6 或更高版本。
[ERROR] 错误: 不再支持目标选项 1.5。请使用 1.6 或更高版本。
[ERROR] -> [Help 1]
[ERROR] 
[ERROR] To see the full stack trace of the errors, re-run Maven with the -e switch.
[ERROR] Re-run Maven using the -X switch to enable full debug logging.
[ERROR] 
[ERROR] For more information about the errors and possible solutions, please read the following articles:
[ERROR] [Help 1] http://cwiki.apache.org/confluence/display/MAVEN/MojoFailureException
[INFO] Build failures were ignored.
WARNING: An illegal reflective access operation has occurred
WARNING: Illegal reflective access by com.google.inject.internal.cglib.core.$ReflectUtils$1 (file:/usr/share/maven/lib/guice.jar) to method java.lang.ClassLoader.defineClass(java.lang.String,byte[],int,int,java.security.ProtectionDomain)
WARNING: Please consider reporting this to the maintainers of com.google.inject.internal.cglib.core.$ReflectUtils$1
WARNING: Use --illegal-access=warn to enable warnings of further illegal reflective access operations
WARNING: All illegal access operations will be denied in a future release
