[INFO] Scanning for projects...
[WARNING] 
[WARNING] Some problems were encountered while building the effective model for com.darkprograms.speech:java-speech-api:jar:1.13.0-SNAPSHOT
[WARNING] 'build.plugins.plugin.version' for org.apache.maven.plugins:maven-source-plugin is missing. @ line 103, column 17
[WARNING] 'build.plugins.plugin.version' for org.apache.maven.plugins:maven-javadoc-plugin is missing. @ line 115, column 17
[WARNING] 
[WARNING] It is highly recommended to fix these problems because they threaten the stability of your build.
[WARNING] 
[WARNING] For this reason, future Maven versions might no longer support building such malformed projects.
[WARNING] 
[INFO] 
[INFO] --------------< com.darkprograms.speech:java-speech-api >---------------
[INFO] Building java-speech-api 1.13.0-SNAPSHOT
[INFO] --------------------------------[ jar ]---------------------------------
[INFO] 
[INFO] --- maven-clean-plugin:2.5:clean (default-clean) @ java-speech-api ---
[INFO] Deleting /home/codegex/Documents/workspace/rbugs/experiment/top100repos/java-speech-api/target
[INFO] 
[INFO] --- maven-resources-plugin:2.6:resources (default-resources) @ java-speech-api ---
[INFO] Using 'UTF-8' encoding to copy filtered resources.
[INFO] skip non existing resourceDirectory /home/codegex/Documents/workspace/rbugs/experiment/top100repos/java-speech-api/src/main/resources
[INFO] 
[INFO] --- maven-compiler-plugin:3.1:compile (default-compile) @ java-speech-api ---
[INFO] Changes detected - recompiling the module!
[INFO] Compiling 16 source files to /home/codegex/Documents/workspace/rbugs/experiment/top100repos/java-speech-api/target/classes
[INFO] 
[INFO] --- maven-resources-plugin:2.6:testResources (default-testResources) @ java-speech-api ---
[INFO] Using 'UTF-8' encoding to copy filtered resources.
[INFO] skip non existing resourceDirectory /home/codegex/Documents/workspace/rbugs/experiment/top100repos/java-speech-api/src/test/resources
[INFO] 
[INFO] --- maven-compiler-plugin:3.1:testCompile (default-testCompile) @ java-speech-api ---
[INFO] No sources to compile
[INFO] 
[INFO] --- maven-surefire-plugin:2.12.4:test (default-test) @ java-speech-api ---
[INFO] Tests are skipped.
[INFO] 
[INFO] --- maven-jar-plugin:2.4:jar (default-jar) @ java-speech-api ---
[INFO] Building jar: /home/codegex/Documents/workspace/rbugs/experiment/top100repos/java-speech-api/target/java-speech-api-1.13.0-SNAPSHOT.jar
[INFO] 
[INFO] >>> maven-source-plugin:3.2.1:jar (attach-sources) > generate-sources @ java-speech-api >>>
[INFO] 
[INFO] <<< maven-source-plugin:3.2.1:jar (attach-sources) < generate-sources @ java-speech-api <<<
[INFO] 
[INFO] 
[INFO] --- maven-source-plugin:3.2.1:jar (attach-sources) @ java-speech-api ---
[INFO] Building jar: /home/codegex/Documents/workspace/rbugs/experiment/top100repos/java-speech-api/target/java-speech-api-1.13.0-SNAPSHOT-sources.jar
[INFO] 
[INFO] --- maven-javadoc-plugin:3.2.0:jar (attach-javadocs) @ java-speech-api ---
[INFO] Skipping javadoc generation
[INFO] 
[INFO] --- maven-install-plugin:2.4:install (default-install) @ java-speech-api ---
[INFO] Installing /home/codegex/Documents/workspace/rbugs/experiment/top100repos/java-speech-api/target/java-speech-api-1.13.0-SNAPSHOT.jar to /home/codegex/.m2/repository/com/darkprograms/speech/java-speech-api/1.13.0-SNAPSHOT/java-speech-api-1.13.0-SNAPSHOT.jar
[INFO] Installing /home/codegex/Documents/workspace/rbugs/experiment/top100repos/java-speech-api/pom.xml to /home/codegex/.m2/repository/com/darkprograms/speech/java-speech-api/1.13.0-SNAPSHOT/java-speech-api-1.13.0-SNAPSHOT.pom
[INFO] Installing /home/codegex/Documents/workspace/rbugs/experiment/top100repos/java-speech-api/target/java-speech-api-1.13.0-SNAPSHOT-sources.jar to /home/codegex/.m2/repository/com/darkprograms/speech/java-speech-api/1.13.0-SNAPSHOT/java-speech-api-1.13.0-SNAPSHOT-sources.jar
[INFO] ------------------------------------------------------------------------
[INFO] BUILD SUCCESS
[INFO] ------------------------------------------------------------------------
[INFO] Total time:  3.098 s
[INFO] Finished at: 2021-04-04T19:54:36+08:00
[INFO] ------------------------------------------------------------------------
WARNING: An illegal reflective access operation has occurred
WARNING: Illegal reflective access by com.google.inject.internal.cglib.core.$ReflectUtils$1 (file:/usr/share/maven/lib/guice.jar) to method java.lang.ClassLoader.defineClass(java.lang.String,byte[],int,int,java.security.ProtectionDomain)
WARNING: Please consider reporting this to the maintainers of com.google.inject.internal.cglib.core.$ReflectUtils$1
WARNING: Use --illegal-access=warn to enable warnings of further illegal reflective access operations
WARNING: All illegal access operations will be denied in a future release
