[INFO] Scanning for projects...
[WARNING] The project com.fasterxml.uuid:java-uuid-generator:bundle:4.0.2-SNAPSHOT uses prerequisites which is only intended for maven-plugin projects but not for non maven-plugin projects. For such purposes you should use the maven-enforcer-plugin. See https://maven.apache.org/enforcer/enforcer-rules/requireMavenVersion.html
[INFO] 
[INFO] ---------------< com.fasterxml.uuid:java-uuid-generator >---------------
[INFO] Building Java UUID Generator 4.0.2-SNAPSHOT
[INFO] -------------------------------[ bundle ]-------------------------------
[INFO] 
[INFO] --- maven-clean-plugin:3.1.0:clean (default-clean) @ java-uuid-generator ---
[INFO] Deleting /home/codegex/Documents/workspace/rbugs/experiment/top100repos/java-uuid-generator/target
[INFO] 
[INFO] --- maven-enforcer-plugin:3.0.0-M3:enforce (enforce-java) @ java-uuid-generator ---
[WARNING] Rule 2: org.apache.maven.plugins.enforcer.RequirePluginVersions failed with message:
Some plugins are missing valid versions: (LATEST RELEASE SNAPSHOT are not allowed)
com.github.spotbugs:spotbugs-maven-plugin. 	The version currently in use is 4.2.3-SNAPSHOT
[ERROR] Best Practice is to always define plugin versions!
[INFO] ------------------------------------------------------------------------
[INFO] BUILD FAILURE
[INFO] ------------------------------------------------------------------------
[INFO] Total time:  0.790 s
[INFO] Finished at: 2021-04-04T19:25:40+08:00
[INFO] ------------------------------------------------------------------------
[ERROR] Failed to execute goal org.apache.maven.plugins:maven-enforcer-plugin:3.0.0-M3:enforce (enforce-java) on project java-uuid-generator: Some Enforcer rules have failed. Look above for specific messages explaining why the rule failed. -> [Help 1]
[ERROR] 
[ERROR] To see the full stack trace of the errors, re-run Maven with the -e switch.
[ERROR] Re-run Maven using the -X switch to enable full debug logging.
[ERROR] 
[ERROR] For more information about the errors and possible solutions, please read the following articles:
[ERROR] [Help 1] http://cwiki.apache.org/confluence/display/MAVEN/MojoExecutionException
[INFO] Build failures were ignored.
WARNING: An illegal reflective access operation has occurred
WARNING: Illegal reflective access by com.google.inject.internal.cglib.core.$ReflectUtils$1 (file:/usr/share/maven/lib/guice.jar) to method java.lang.ClassLoader.defineClass(java.lang.String,byte[],int,int,java.security.ProtectionDomain)
WARNING: Please consider reporting this to the maintainers of com.google.inject.internal.cglib.core.$ReflectUtils$1
WARNING: Use --illegal-access=warn to enable warnings of further illegal reflective access operations
WARNING: All illegal access operations will be denied in a future release
