[INFO] Scanning for projects...
[INFO] 
[INFO] -------------< com.airhacks:javaee7-essentials-archetype >--------------
[INFO] Building javaee7-essentials-archetype 1.4-SNAPSHOT
[INFO] --------------------------[ maven-archetype ]---------------------------
[INFO] 
[INFO] --- maven-clean-plugin:2.5:clean (default-clean) @ javaee7-essentials-archetype ---
[INFO] Deleting /home/codegex/Documents/workspace/rbugs/experiment/top100repos/javaee7-essentials-archetype/target
[INFO] 
[INFO] --- maven-enforcer-plugin:1.2:enforce (enforce-maven) @ javaee7-essentials-archetype ---
[INFO] 
[INFO] --- maven-resources-plugin:3.2.0:resources (default-resources) @ javaee7-essentials-archetype ---
[INFO] Using 'UTF-8' encoding to copy filtered resources.
[INFO] Using 'UTF-8' encoding to copy filtered properties files.
[INFO] Copying 4 resources
[INFO] 
[INFO] --- maven-resources-plugin:3.2.0:testResources (default-testResources) @ javaee7-essentials-archetype ---
[INFO] Using 'UTF-8' encoding to copy filtered resources.
[INFO] Using 'UTF-8' encoding to copy filtered properties files.
[INFO] skip non existing resourceDirectory /home/codegex/Documents/workspace/rbugs/experiment/top100repos/javaee7-essentials-archetype/src/test/resources
[INFO] 
[INFO] --- maven-archetype-plugin:2.3:jar (default-jar) @ javaee7-essentials-archetype ---
[INFO] Building archetype jar: /home/codegex/Documents/workspace/rbugs/experiment/top100repos/javaee7-essentials-archetype/target/javaee7-essentials-archetype-1.4-SNAPSHOT
[INFO] 
[INFO] --- maven-archetype-plugin:2.3:integration-test (default-integration-test) @ javaee7-essentials-archetype ---
[WARNING] No Archetype IT projects: root 'projects' directory not found.
[INFO] 
[INFO] --- maven-gpg-plugin:1.6:sign (sign-artifacts) @ javaee7-essentials-archetype ---
[INFO] 
[INFO] --- maven-source-plugin:2.4:jar-no-fork (attach-sources) @ javaee7-essentials-archetype ---
[INFO] Building jar: /home/codegex/Documents/workspace/rbugs/experiment/top100repos/javaee7-essentials-archetype/target/javaee7-essentials-archetype-1.4-SNAPSHOT-sources.jar
[INFO] 
[INFO] --- maven-install-plugin:3.0.0-M1:install (default-install) @ javaee7-essentials-archetype ---
[INFO] Installing /home/codegex/Documents/workspace/rbugs/experiment/top100repos/javaee7-essentials-archetype/target/javaee7-essentials-archetype-1.4-SNAPSHOT.jar to /home/codegex/.m2/repository/com/airhacks/javaee7-essentials-archetype/1.4-SNAPSHOT/javaee7-essentials-archetype-1.4-SNAPSHOT.jar
[INFO] Installing /home/codegex/Documents/workspace/rbugs/experiment/top100repos/javaee7-essentials-archetype/pom.xml to /home/codegex/.m2/repository/com/airhacks/javaee7-essentials-archetype/1.4-SNAPSHOT/javaee7-essentials-archetype-1.4-SNAPSHOT.pom
[INFO] Installing /home/codegex/Documents/workspace/rbugs/experiment/top100repos/javaee7-essentials-archetype/target/javaee7-essentials-archetype-1.4-SNAPSHOT-sources.jar to /home/codegex/.m2/repository/com/airhacks/javaee7-essentials-archetype/1.4-SNAPSHOT/javaee7-essentials-archetype-1.4-SNAPSHOT-sources.jar
[INFO] 
[INFO] --- maven-archetype-plugin:2.3:update-local-catalog (default-update-local-catalog) @ javaee7-essentials-archetype ---
[INFO] ------------------------------------------------------------------------
[INFO] BUILD SUCCESS
[INFO] ------------------------------------------------------------------------
[INFO] Total time:  1.791 s
[INFO] Finished at: 2021-04-04T19:31:00+08:00
[INFO] ------------------------------------------------------------------------
WARNING: An illegal reflective access operation has occurred
WARNING: Illegal reflective access by com.google.inject.internal.cglib.core.$ReflectUtils$1 (file:/usr/share/maven/lib/guice.jar) to method java.lang.ClassLoader.defineClass(java.lang.String,byte[],int,int,java.security.ProtectionDomain)
WARNING: Please consider reporting this to the maintainers of com.google.inject.internal.cglib.core.$ReflectUtils$1
WARNING: Use --illegal-access=warn to enable warnings of further illegal reflective access operations
WARNING: All illegal access operations will be denied in a future release
