[INFO] Scanning for projects...
[INFO] ------------------------------------------------------------------------
[INFO] Reactor Build Order:
[INFO] 
[INFO] ToDo ms                                                            [pom]
[INFO] Module - Infra                                                     [jar]
[INFO] mailservice                                                        [jar]
[INFO] jmx-monitoring                                                     [jar]
[INFO] config-server                                                      [jar]
[INFO] Remainder service                                                  [jar]
[INFO] 
[INFO] --------------------< com.apssouza:parent-todo-ms >---------------------
[INFO] Building ToDo ms 0.0.1-SNAPSHOT                                    [1/6]
[INFO] --------------------------------[ pom ]---------------------------------
[INFO] 
[INFO] --- maven-clean-plugin:2.6.1:clean (default-clean) @ parent-todo-ms ---
[INFO] Deleting /home/codegex/Documents/workspace/rbugs/experiment/top100repos/java-microservice/target
[INFO] 
[INFO] --- maven-install-plugin:2.5.2:install (default-install) @ parent-todo-ms ---
[INFO] Installing /home/codegex/Documents/workspace/rbugs/experiment/top100repos/java-microservice/pom.xml to /home/codegex/.m2/repository/com/apssouza/parent-todo-ms/0.0.1-SNAPSHOT/parent-todo-ms-0.0.1-SNAPSHOT.pom
[INFO] 
[INFO] ----------------------< com.apssouza:todo-infra >-----------------------
[INFO] Building Module - Infra 0.0.1-SNAPSHOT                             [2/6]
[INFO] --------------------------------[ jar ]---------------------------------
[INFO] 
[INFO] --- maven-clean-plugin:2.6.1:clean (default-clean) @ todo-infra ---
[INFO] Deleting /home/codegex/Documents/workspace/rbugs/experiment/top100repos/java-microservice/todo-infra/target
[INFO] 
[INFO] --- maven-resources-plugin:2.6:resources (default-resources) @ todo-infra ---
[INFO] Using 'UTF-8' encoding to copy filtered resources.
[INFO] skip non existing resourceDirectory /home/codegex/Documents/workspace/rbugs/experiment/top100repos/java-microservice/todo-infra/src/main/resources
[INFO] skip non existing resourceDirectory /home/codegex/Documents/workspace/rbugs/experiment/top100repos/java-microservice/todo-infra/src/main/resources
[INFO] 
[INFO] --- maven-compiler-plugin:3.1:compile (default-compile) @ todo-infra ---
[INFO] Changes detected - recompiling the module!
[INFO] Compiling 3 source files to /home/codegex/Documents/workspace/rbugs/experiment/top100repos/java-microservice/todo-infra/target/classes
[INFO] 
[INFO] --- maven-resources-plugin:2.6:testResources (default-testResources) @ todo-infra ---
[INFO] Using 'UTF-8' encoding to copy filtered resources.
[INFO] skip non existing resourceDirectory /home/codegex/Documents/workspace/rbugs/experiment/top100repos/java-microservice/todo-infra/src/test/resources
[INFO] 
[INFO] --- maven-compiler-plugin:3.1:testCompile (default-testCompile) @ todo-infra ---
[INFO] No sources to compile
[INFO] 
[INFO] --- maven-surefire-plugin:2.18.1:test (default-test) @ todo-infra ---
[INFO] Tests are skipped.
[INFO] 
[INFO] --- maven-jar-plugin:2.6:jar (default-jar) @ todo-infra ---
[INFO] Building jar: /home/codegex/Documents/workspace/rbugs/experiment/top100repos/java-microservice/todo-infra/target/todo-infra-0.0.1-SNAPSHOT.jar
[INFO] 
[INFO] --- maven-install-plugin:2.5.2:install (default-install) @ todo-infra ---
[INFO] Installing /home/codegex/Documents/workspace/rbugs/experiment/top100repos/java-microservice/todo-infra/target/todo-infra-0.0.1-SNAPSHOT.jar to /home/codegex/.m2/repository/com/apssouza/todo-infra/0.0.1-SNAPSHOT/todo-infra-0.0.1-SNAPSHOT.jar
[INFO] Installing /home/codegex/Documents/workspace/rbugs/experiment/top100repos/java-microservice/todo-infra/pom.xml to /home/codegex/.m2/repository/com/apssouza/todo-infra/0.0.1-SNAPSHOT/todo-infra-0.0.1-SNAPSHOT.pom
[INFO] 
[INFO] ----------------------< com.apssouza:mailservice >----------------------
[INFO] Building mailservice 0.0.1-SNAPSHOT                                [3/6]
[INFO] --------------------------------[ jar ]---------------------------------
[INFO] 
[INFO] --- maven-clean-plugin:2.6.1:clean (default-clean) @ mailservice ---
[INFO] Deleting /home/codegex/Documents/workspace/rbugs/experiment/top100repos/java-microservice/mail-service/target
[INFO] 
[INFO] --- maven-resources-plugin:2.6:resources (default-resources) @ mailservice ---
[INFO] Using 'UTF-8' encoding to copy filtered resources.
[INFO] Copying 1 resource
[INFO] Copying 5 resources
[INFO] 
[INFO] --- maven-compiler-plugin:3.1:compile (default-compile) @ mailservice ---
[INFO] Changes detected - recompiling the module!
[INFO] Compiling 32 source files to /home/codegex/Documents/workspace/rbugs/experiment/top100repos/java-microservice/mail-service/target/classes
[WARNING] /home/codegex/Documents/workspace/rbugs/experiment/top100repos/java-microservice/mail-service/src/main/java/com/apssouza/mailservice/controllers/NotifyController.java: 某些输入文件使用了未经检查或不安全的操作。
[WARNING] /home/codegex/Documents/workspace/rbugs/experiment/top100repos/java-microservice/mail-service/src/main/java/com/apssouza/mailservice/controllers/NotifyController.java: 有关详细信息, 请使用 -Xlint:unchecked 重新编译。
[INFO] 
[INFO] --- maven-resources-plugin:2.6:testResources (default-testResources) @ mailservice ---
[INFO] Using 'UTF-8' encoding to copy filtered resources.
[INFO] skip non existing resourceDirectory /home/codegex/Documents/workspace/rbugs/experiment/top100repos/java-microservice/mail-service/src/test/resources
[INFO] 
[INFO] --- maven-compiler-plugin:3.1:testCompile (default-testCompile) @ mailservice ---
[INFO] Changes detected - recompiling the module!
[INFO] Compiling 2 source files to /home/codegex/Documents/workspace/rbugs/experiment/top100repos/java-microservice/mail-service/target/test-classes
[INFO] 
[INFO] --- maven-surefire-plugin:2.18.1:test (default-test) @ mailservice ---
[INFO] Tests are skipped.
[INFO] 
[INFO] --- maven-jar-plugin:2.6:jar (default-jar) @ mailservice ---
[INFO] Building jar: /home/codegex/Documents/workspace/rbugs/experiment/top100repos/java-microservice/mail-service/target/mailservice-0.0.1-SNAPSHOT.jar
[INFO] 
[INFO] --- spring-boot-maven-plugin:1.5.3.RELEASE:repackage (default) @ mailservice ---
[INFO] 
[INFO] --- maven-install-plugin:2.5.2:install (default-install) @ mailservice ---
[INFO] Installing /home/codegex/Documents/workspace/rbugs/experiment/top100repos/java-microservice/mail-service/target/mailservice-0.0.1-SNAPSHOT.jar to /home/codegex/.m2/repository/com/apssouza/mailservice/0.0.1-SNAPSHOT/mailservice-0.0.1-SNAPSHOT.jar
[INFO] Installing /home/codegex/Documents/workspace/rbugs/experiment/top100repos/java-microservice/mail-service/pom.xml to /home/codegex/.m2/repository/com/apssouza/mailservice/0.0.1-SNAPSHOT/mailservice-0.0.1-SNAPSHOT.pom
[INFO] 
[INFO] --------------------< com.apssouza:jmx-monitoring >---------------------
[INFO] Building jmx-monitoring 0.0.1-SNAPSHOT                             [4/6]
[INFO] --------------------------------[ jar ]---------------------------------
[INFO] 
[INFO] --- maven-clean-plugin:2.6.1:clean (default-clean) @ jmx-monitoring ---
[INFO] Deleting /home/codegex/Documents/workspace/rbugs/experiment/top100repos/java-microservice/jmx-monitoring/target
[INFO] 
[INFO] --- maven-resources-plugin:2.6:resources (default-resources) @ jmx-monitoring ---
[INFO] Using 'UTF-8' encoding to copy filtered resources.
[INFO] skip non existing resourceDirectory /home/codegex/Documents/workspace/rbugs/experiment/top100repos/java-microservice/jmx-monitoring/src/main/resources
[INFO] skip non existing resourceDirectory /home/codegex/Documents/workspace/rbugs/experiment/top100repos/java-microservice/jmx-monitoring/src/main/resources
[INFO] 
[INFO] --- maven-compiler-plugin:3.1:compile (default-compile) @ jmx-monitoring ---
[INFO] Changes detected - recompiling the module!
[INFO] Compiling 4 source files to /home/codegex/Documents/workspace/rbugs/experiment/top100repos/java-microservice/jmx-monitoring/target/classes
[INFO] 
[INFO] --- maven-resources-plugin:2.6:testResources (default-testResources) @ jmx-monitoring ---
[INFO] Using 'UTF-8' encoding to copy filtered resources.
[INFO] skip non existing resourceDirectory /home/codegex/Documents/workspace/rbugs/experiment/top100repos/java-microservice/jmx-monitoring/src/test/resources
[INFO] 
[INFO] --- maven-compiler-plugin:3.1:testCompile (default-testCompile) @ jmx-monitoring ---
[INFO] No sources to compile
[INFO] 
[INFO] --- maven-surefire-plugin:2.18.1:test (default-test) @ jmx-monitoring ---
[INFO] Tests are skipped.
[INFO] 
[INFO] --- maven-jar-plugin:2.6:jar (default-jar) @ jmx-monitoring ---
[INFO] Building jar: /home/codegex/Documents/workspace/rbugs/experiment/top100repos/java-microservice/jmx-monitoring/target/jmx-monitoring-0.0.1-SNAPSHOT.jar
[INFO] 
[INFO] --- maven-install-plugin:2.5.2:install (default-install) @ jmx-monitoring ---
[INFO] Installing /home/codegex/Documents/workspace/rbugs/experiment/top100repos/java-microservice/jmx-monitoring/target/jmx-monitoring-0.0.1-SNAPSHOT.jar to /home/codegex/.m2/repository/com/apssouza/jmx-monitoring/0.0.1-SNAPSHOT/jmx-monitoring-0.0.1-SNAPSHOT.jar
[INFO] Installing /home/codegex/Documents/workspace/rbugs/experiment/top100repos/java-microservice/jmx-monitoring/pom.xml to /home/codegex/.m2/repository/com/apssouza/jmx-monitoring/0.0.1-SNAPSHOT/jmx-monitoring-0.0.1-SNAPSHOT.pom
[INFO] 
[INFO] ---------------------< com.apssouza:config-server >---------------------
[INFO] Building config-server 1                                           [5/6]
[INFO] --------------------------------[ jar ]---------------------------------
[INFO] 
[INFO] --- maven-clean-plugin:2.6.1:clean (default-clean) @ config-server ---
[INFO] Deleting /home/codegex/Documents/workspace/rbugs/experiment/top100repos/java-microservice/config-server/target
[INFO] 
[INFO] --- maven-resources-plugin:2.6:resources (default-resources) @ config-server ---
[INFO] Using 'UTF-8' encoding to copy filtered resources.
[INFO] Copying 1 resource
[INFO] Copying 11 resources
[INFO] 
[INFO] --- maven-compiler-plugin:3.1:compile (default-compile) @ config-server ---
[INFO] Changes detected - recompiling the module!
[INFO] Compiling 1 source file to /home/codegex/Documents/workspace/rbugs/experiment/top100repos/java-microservice/config-server/target/classes
[INFO] 
[INFO] --- maven-resources-plugin:2.6:testResources (default-testResources) @ config-server ---
[INFO] Using 'UTF-8' encoding to copy filtered resources.
[INFO] Copying 2 resources
[INFO] 
[INFO] --- maven-compiler-plugin:3.1:testCompile (default-testCompile) @ config-server ---
[INFO] Changes detected - recompiling the module!
[INFO] Compiling 1 source file to /home/codegex/Documents/workspace/rbugs/experiment/top100repos/java-microservice/config-server/target/test-classes
[INFO] 
[INFO] --- maven-surefire-plugin:2.18.1:test (default-test) @ config-server ---
[INFO] Tests are skipped.
[INFO] 
[INFO] --- maven-jar-plugin:2.6:jar (default-jar) @ config-server ---
[INFO] Building jar: /home/codegex/Documents/workspace/rbugs/experiment/top100repos/java-microservice/config-server/target/config-server-1.jar
[INFO] 
[INFO] --- spring-boot-maven-plugin:1.4.1.RELEASE:repackage (default) @ config-server ---
[INFO] 
[INFO] --- maven-install-plugin:2.5.2:install (default-install) @ config-server ---
[INFO] Installing /home/codegex/Documents/workspace/rbugs/experiment/top100repos/java-microservice/config-server/target/config-server-1.jar to /home/codegex/.m2/repository/com/apssouza/config-server/1/config-server-1.jar
[INFO] Installing /home/codegex/Documents/workspace/rbugs/experiment/top100repos/java-microservice/config-server/pom.xml to /home/codegex/.m2/repository/com/apssouza/config-server/1/config-server-1.pom
[INFO] 
[INFO] --------------< com.apssouza.remainder:remainder-service >--------------
[INFO] Building Remainder service 0.0.1-SNAPSHOT                          [6/6]
[INFO] --------------------------------[ jar ]---------------------------------
[INFO] 
[INFO] --- maven-clean-plugin:2.6.1:clean (default-clean) @ remainder-service ---
[INFO] Deleting /home/codegex/Documents/workspace/rbugs/experiment/top100repos/java-microservice/remainder-service/target
[INFO] 
[INFO] --- maven-resources-plugin:2.6:resources (default-resources) @ remainder-service ---
[INFO] Using 'UTF-8' encoding to copy filtered resources.
[INFO] Copying 1 resource
[INFO] Copying 5 resources
[INFO] 
[INFO] --- maven-compiler-plugin:3.1:compile (default-compile) @ remainder-service ---
[INFO] Changes detected - recompiling the module!
[INFO] Compiling 34 source files to /home/codegex/Documents/workspace/rbugs/experiment/top100repos/java-microservice/remainder-service/target/classes
[INFO] 
[INFO] --- maven-resources-plugin:2.6:testResources (default-testResources) @ remainder-service ---
[INFO] Using 'UTF-8' encoding to copy filtered resources.
[INFO] skip non existing resourceDirectory /home/codegex/Documents/workspace/rbugs/experiment/top100repos/java-microservice/remainder-service/src/test/resources
[INFO] 
[INFO] --- maven-compiler-plugin:3.1:testCompile (default-testCompile) @ remainder-service ---
[INFO] Changes detected - recompiling the module!
[INFO] Compiling 3 source files to /home/codegex/Documents/workspace/rbugs/experiment/top100repos/java-microservice/remainder-service/target/test-classes
[INFO] 
[INFO] --- maven-surefire-plugin:2.18.1:test (default-test) @ remainder-service ---
[INFO] Tests are skipped.
[INFO] 
[INFO] --- maven-jar-plugin:2.6:jar (default-jar) @ remainder-service ---
[INFO] Building jar: /home/codegex/Documents/workspace/rbugs/experiment/top100repos/java-microservice/remainder-service/target/remainder-service-0.0.1-SNAPSHOT.jar
[INFO] 
[INFO] --- spring-boot-maven-plugin:1.5.3.RELEASE:repackage (default) @ remainder-service ---
[INFO] 
[INFO] --- maven-install-plugin:2.5.2:install (default-install) @ remainder-service ---
[INFO] Installing /home/codegex/Documents/workspace/rbugs/experiment/top100repos/java-microservice/remainder-service/target/remainder-service-0.0.1-SNAPSHOT.jar to /home/codegex/.m2/repository/com/apssouza/remainder/remainder-service/0.0.1-SNAPSHOT/remainder-service-0.0.1-SNAPSHOT.jar
[INFO] Installing /home/codegex/Documents/workspace/rbugs/experiment/top100repos/java-microservice/remainder-service/pom.xml to /home/codegex/.m2/repository/com/apssouza/remainder/remainder-service/0.0.1-SNAPSHOT/remainder-service-0.0.1-SNAPSHOT.pom
[INFO] ------------------------------------------------------------------------
[INFO] Reactor Summary:
[INFO] 
[INFO] ToDo ms 0.0.1-SNAPSHOT ............................. SUCCESS [  0.179 s]
[INFO] Module - Infra 0.0.1-SNAPSHOT ...................... SUCCESS [  1.173 s]
[INFO] mailservice 0.0.1-SNAPSHOT ......................... SUCCESS [  4.319 s]
[INFO] jmx-monitoring 0.0.1-SNAPSHOT ...................... SUCCESS [  0.109 s]
[INFO] config-server 1 .................................... SUCCESS [  1.349 s]
[INFO] Remainder service 0.0.1-SNAPSHOT ................... SUCCESS [  1.479 s]
[INFO] ------------------------------------------------------------------------
[INFO] BUILD SUCCESS
[INFO] ------------------------------------------------------------------------
[INFO] Total time:  8.803 s
[INFO] Finished at: 2021-04-04T19:15:03+08:00
[INFO] ------------------------------------------------------------------------
WARNING: An illegal reflective access operation has occurred
WARNING: Illegal reflective access by com.google.inject.internal.cglib.core.$ReflectUtils$1 (file:/usr/share/maven/lib/guice.jar) to method java.lang.ClassLoader.defineClass(java.lang.String,byte[],int,int,java.security.ProtectionDomain)
WARNING: Please consider reporting this to the maintainers of com.google.inject.internal.cglib.core.$ReflectUtils$1
WARNING: Use --illegal-access=warn to enable warnings of further illegal reflective access operations
WARNING: All illegal access operations will be denied in a future release
