[INFO] Scanning for projects...
[INFO] Downloading from buchen-maven-repo: http://buchen.github.io/maven-repo/org/apache/commons/commons-compress/1.20/commons-compress-1.20-sources.jar
[INFO] Downloading from central: https://repo.maven.apache.org/maven2/org/apache/commons/commons-compress/1.20/commons-compress-1.20-sources.jar
[INFO] Downloaded from central: https://repo.maven.apache.org/maven2/org/apache/commons/commons-compress/1.20/commons-compress-1.20-sources.jar (580 kB at 337 kB/s)
[INFO] Downloading from buchen-maven-repo: http://buchen.github.io/maven-repo/com/github/spotbugs/spotbugs-maven-plugin/4.2.3-SNAPSHOT/maven-metadata.xml
[INFO] Computing target platform for MavenProject: org.openjdk.jmc:org.openjdk.jmc.alert:8.1.0-SNAPSHOT @ /home/codegex/Documents/workspace/rbugs/experiment/top100repos/jmc/application/org.openjdk.jmc.alert/pom.xml
[WARNING] Missing POM for org.openjdk.jmc:common:jar:8.1.0-SNAPSHOT
[WARNING] Missing POM for org.openjdk.jmc:common.test:jar:8.1.0-SNAPSHOT
[WARNING] Missing POM for org.openjdk.jmc:flightrecorder:jar:8.1.0-SNAPSHOT
[WARNING] Missing POM for org.openjdk.jmc:flightrecorder.rules:jar:8.1.0-SNAPSHOT
[WARNING] Missing POM for org.openjdk.jmc:flightrecorder.rules.jdk:jar:8.1.0-SNAPSHOT
[WARNING] Missing POM for org.openjdk.jmc:jdp:jar:8.1.0-SNAPSHOT
[WARNING] Missing POM for org.openjdk.jmc:flightrecorder.test:jar:8.1.0-SNAPSHOT
[ERROR] Internal error: java.lang.RuntimeException: Could not resolve project dependencies: Missing:
[ERROR] ----------
[ERROR] 1) org.openjdk.jmc:flightrecorder:jar:8.1.0-SNAPSHOT
[ERROR] 
[ERROR]   Try downloading the file manually from the project website.
[ERROR] 
[ERROR]   Then, install it using the command: 
[ERROR]       mvn install:install-file -DgroupId=org.openjdk.jmc -DartifactId=flightrecorder -Dversion=8.1.0-SNAPSHOT -Dpackaging=jar -Dfile=/path/to/file
[ERROR] 
[ERROR]   Alternatively, if you host your own repository you can deploy the file there: 
[ERROR]       mvn deploy:deploy-file -DgroupId=org.openjdk.jmc -DartifactId=flightrecorder -Dversion=8.1.0-SNAPSHOT -Dpackaging=jar -Dfile=/path/to/file -Durl=[url] -DrepositoryId=[id]
[ERROR] 
[ERROR]   Path to dependency: 
[ERROR]   	1) org.openjdk.jmc:org.openjdk.jmc.alert:pom:8.1.0-SNAPSHOT
[ERROR]   	2) org.openjdk.jmc:flightrecorder:jar:8.1.0-SNAPSHOT
[ERROR] 
[ERROR] 2) org.openjdk.jmc:common.test:jar:8.1.0-SNAPSHOT
[ERROR] 
[ERROR]   Try downloading the file manually from the project website.
[ERROR] 
[ERROR]   Then, install it using the command: 
[ERROR]       mvn install:install-file -DgroupId=org.openjdk.jmc -DartifactId=common.test -Dversion=8.1.0-SNAPSHOT -Dpackaging=jar -Dfile=/path/to/file
[ERROR] 
[ERROR]   Alternatively, if you host your own repository you can deploy the file there: 
[ERROR]       mvn deploy:deploy-file -DgroupId=org.openjdk.jmc -DartifactId=common.test -Dversion=8.1.0-SNAPSHOT -Dpackaging=jar -Dfile=/path/to/file -Durl=[url] -DrepositoryId=[id]
[ERROR] 
[ERROR]   Path to dependency: 
[ERROR]   	1) org.openjdk.jmc:org.openjdk.jmc.alert:pom:8.1.0-SNAPSHOT
[ERROR]   	2) org.openjdk.jmc:common.test:jar:8.1.0-SNAPSHOT
[ERROR] 
[ERROR] 3) org.openjdk.jmc:flightrecorder.rules:jar:8.1.0-SNAPSHOT
[ERROR] 
[ERROR]   Try downloading the file manually from the project website.
[ERROR] 
[ERROR]   Then, install it using the command: 
[ERROR]       mvn install:install-file -DgroupId=org.openjdk.jmc -DartifactId=flightrecorder.rules -Dversion=8.1.0-SNAPSHOT -Dpackaging=jar -Dfile=/path/to/file
[ERROR] 
[ERROR]   Alternatively, if you host your own repository you can deploy the file there: 
[ERROR]       mvn deploy:deploy-file -DgroupId=org.openjdk.jmc -DartifactId=flightrecorder.rules -Dversion=8.1.0-SNAPSHOT -Dpackaging=jar -Dfile=/path/to/file -Durl=[url] -DrepositoryId=[id]
[ERROR] 
[ERROR]   Path to dependency: 
[ERROR]   	1) org.openjdk.jmc:org.openjdk.jmc.alert:pom:8.1.0-SNAPSHOT
[ERROR]   	2) org.openjdk.jmc:flightrecorder.rules:jar:8.1.0-SNAPSHOT
[ERROR] 
[ERROR] 4) org.openjdk.jmc:flightrecorder.rules.jdk:jar:8.1.0-SNAPSHOT
[ERROR] 
[ERROR]   Try downloading the file manually from the project website.
[ERROR] 
[ERROR]   Then, install it using the command: 
[ERROR]       mvn install:install-file -DgroupId=org.openjdk.jmc -DartifactId=flightrecorder.rules.jdk -Dversion=8.1.0-SNAPSHOT -Dpackaging=jar -Dfile=/path/to/file
[ERROR] 
[ERROR]   Alternatively, if you host your own repository you can deploy the file there: 
[ERROR]       mvn deploy:deploy-file -DgroupId=org.openjdk.jmc -DartifactId=flightrecorder.rules.jdk -Dversion=8.1.0-SNAPSHOT -Dpackaging=jar -Dfile=/path/to/file -Durl=[url] -DrepositoryId=[id]
[ERROR] 
[ERROR]   Path to dependency: 
[ERROR]   	1) org.openjdk.jmc:org.openjdk.jmc.alert:pom:8.1.0-SNAPSHOT
[ERROR]   	2) org.openjdk.jmc:flightrecorder.rules.jdk:jar:8.1.0-SNAPSHOT
[ERROR] 
[ERROR] 5) org.openjdk.jmc:common:jar:8.1.0-SNAPSHOT
[ERROR] 
[ERROR]   Try downloading the file manually from the project website.
[ERROR] 
[ERROR]   Then, install it using the command: 
[ERROR]       mvn install:install-file -DgroupId=org.openjdk.jmc -DartifactId=common -Dversion=8.1.0-SNAPSHOT -Dpackaging=jar -Dfile=/path/to/file
[ERROR] 
[ERROR]   Alternatively, if you host your own repository you can deploy the file there: 
[ERROR]       mvn deploy:deploy-file -DgroupId=org.openjdk.jmc -DartifactId=common -Dversion=8.1.0-SNAPSHOT -Dpackaging=jar -Dfile=/path/to/file -Durl=[url] -DrepositoryId=[id]
[ERROR] 
[ERROR]   Path to dependency: 
[ERROR]   	1) org.openjdk.jmc:org.openjdk.jmc.alert:pom:8.1.0-SNAPSHOT
[ERROR]   	2) org.openjdk.jmc:common:jar:8.1.0-SNAPSHOT
[ERROR] 
[ERROR] 6) org.openjdk.jmc:jdp:jar:8.1.0-SNAPSHOT
[ERROR] 
[ERROR]   Try downloading the file manually from the project website.
[ERROR] 
[ERROR]   Then, install it using the command: 
[ERROR]       mvn install:install-file -DgroupId=org.openjdk.jmc -DartifactId=jdp -Dversion=8.1.0-SNAPSHOT -Dpackaging=jar -Dfile=/path/to/file
[ERROR] 
[ERROR]   Alternatively, if you host your own repository you can deploy the file there: 
[ERROR]       mvn deploy:deploy-file -DgroupId=org.openjdk.jmc -DartifactId=jdp -Dversion=8.1.0-SNAPSHOT -Dpackaging=jar -Dfile=/path/to/file -Durl=[url] -DrepositoryId=[id]
[ERROR] 
[ERROR]   Path to dependency: 
[ERROR]   	1) org.openjdk.jmc:org.openjdk.jmc.alert:pom:8.1.0-SNAPSHOT
[ERROR]   	2) org.openjdk.jmc:jdp:jar:8.1.0-SNAPSHOT
[ERROR] 
[ERROR] 7) org.openjdk.jmc:flightrecorder.test:jar:8.1.0-SNAPSHOT
[ERROR] 
[ERROR]   Try downloading the file manually from the project website.
[ERROR] 
[ERROR]   Then, install it using the command: 
[ERROR]       mvn install:install-file -DgroupId=org.openjdk.jmc -DartifactId=flightrecorder.test -Dversion=8.1.0-SNAPSHOT -Dpackaging=jar -Dfile=/path/to/file
[ERROR] 
[ERROR]   Alternatively, if you host your own repository you can deploy the file there: 
[ERROR]       mvn deploy:deploy-file -DgroupId=org.openjdk.jmc -DartifactId=flightrecorder.test -Dversion=8.1.0-SNAPSHOT -Dpackaging=jar -Dfile=/path/to/file -Durl=[url] -DrepositoryId=[id]
[ERROR] 
[ERROR]   Path to dependency: 
[ERROR]   	1) org.openjdk.jmc:org.openjdk.jmc.alert:pom:8.1.0-SNAPSHOT
[ERROR]   	2) org.openjdk.jmc:flightrecorder.test:jar:8.1.0-SNAPSHOT
[ERROR] 
[ERROR] ----------
[ERROR] 7 required artifacts are missing.
[ERROR] 
[ERROR] for artifact: 
[ERROR]   org.openjdk.jmc:org.openjdk.jmc.alert:pom:8.1.0-SNAPSHOT
[ERROR] 
[ERROR] from the specified remote repositories:
[ERROR]   central (https://repo.maven.apache.org/maven2, releases=true, snapshots=false)
[ERROR] -> [Help 1]
org.apache.maven.InternalErrorException: Internal error: java.lang.RuntimeException: Could not resolve project dependencies
    at org.apache.maven.DefaultMaven.execute (DefaultMaven.java:120)
    at org.apache.maven.cli.MavenCli.execute (MavenCli.java:957)
    at org.apache.maven.cli.MavenCli.doMain (MavenCli.java:289)
    at org.apache.maven.cli.MavenCli.main (MavenCli.java:193)
    at jdk.internal.reflect.NativeMethodAccessorImpl.invoke0 (Native Method)
    at jdk.internal.reflect.NativeMethodAccessorImpl.invoke (NativeMethodAccessorImpl.java:62)
    at jdk.internal.reflect.DelegatingMethodAccessorImpl.invoke (DelegatingMethodAccessorImpl.java:43)
    at java.lang.reflect.Method.invoke (Method.java:566)
    at org.codehaus.plexus.classworlds.launcher.Launcher.launchEnhanced (Launcher.java:282)
    at org.codehaus.plexus.classworlds.launcher.Launcher.launch (Launcher.java:225)
    at org.codehaus.plexus.classworlds.launcher.Launcher.mainWithExitCode (Launcher.java:406)
    at org.codehaus.plexus.classworlds.launcher.Launcher.main (Launcher.java:347)
Caused by: java.lang.RuntimeException: Could not resolve project dependencies
    at org.eclipse.tycho.p2.resolver.P2DependencyResolver.collectPomDependencies (P2DependencyResolver.java:282)
    at org.eclipse.tycho.p2.resolver.P2DependencyResolver.computePreliminaryTargetPlatform (P2DependencyResolver.java:210)
    at org.eclipse.tycho.core.resolver.DefaultTychoResolver.resolveProject (DefaultTychoResolver.java:120)
    at org.eclipse.tycho.core.maven.TychoMavenLifecycleParticipant.afterProjectsRead (TychoMavenLifecycleParticipant.java:95)
    at org.apache.maven.DefaultMaven.doExecute (DefaultMaven.java:264)
    at org.apache.maven.DefaultMaven.doExecute (DefaultMaven.java:192)
    at org.apache.maven.DefaultMaven.execute (DefaultMaven.java:105)
    at org.apache.maven.cli.MavenCli.execute (MavenCli.java:957)
    at org.apache.maven.cli.MavenCli.doMain (MavenCli.java:289)
    at org.apache.maven.cli.MavenCli.main (MavenCli.java:193)
    at jdk.internal.reflect.NativeMethodAccessorImpl.invoke0 (Native Method)
    at jdk.internal.reflect.NativeMethodAccessorImpl.invoke (NativeMethodAccessorImpl.java:62)
    at jdk.internal.reflect.DelegatingMethodAccessorImpl.invoke (DelegatingMethodAccessorImpl.java:43)
    at java.lang.reflect.Method.invoke (Method.java:566)
    at org.codehaus.plexus.classworlds.launcher.Launcher.launchEnhanced (Launcher.java:282)
    at org.codehaus.plexus.classworlds.launcher.Launcher.launch (Launcher.java:225)
    at org.codehaus.plexus.classworlds.launcher.Launcher.mainWithExitCode (Launcher.java:406)
    at org.codehaus.plexus.classworlds.launcher.Launcher.main (Launcher.java:347)
Caused by: org.apache.maven.artifact.resolver.MultipleArtifactsNotFoundException: Missing:
----------
1) org.openjdk.jmc:flightrecorder:jar:8.1.0-SNAPSHOT

  Try downloading the file manually from the project website.

  Then, install it using the command: 
      mvn install:install-file -DgroupId=org.openjdk.jmc -DartifactId=flightrecorder -Dversion=8.1.0-SNAPSHOT -Dpackaging=jar -Dfile=/path/to/file

  Alternatively, if you host your own repository you can deploy the file there: 
      mvn deploy:deploy-file -DgroupId=org.openjdk.jmc -DartifactId=flightrecorder -Dversion=8.1.0-SNAPSHOT -Dpackaging=jar -Dfile=/path/to/file -Durl=[url] -DrepositoryId=[id]

  Path to dependency: 
  	1) org.openjdk.jmc:org.openjdk.jmc.alert:pom:8.1.0-SNAPSHOT
  	2) org.openjdk.jmc:flightrecorder:jar:8.1.0-SNAPSHOT

2) org.openjdk.jmc:common.test:jar:8.1.0-SNAPSHOT

  Try downloading the file manually from the project website.

  Then, install it using the command: 
      mvn install:install-file -DgroupId=org.openjdk.jmc -DartifactId=common.test -Dversion=8.1.0-SNAPSHOT -Dpackaging=jar -Dfile=/path/to/file

  Alternatively, if you host your own repository you can deploy the file there: 
      mvn deploy:deploy-file -DgroupId=org.openjdk.jmc -DartifactId=common.test -Dversion=8.1.0-SNAPSHOT -Dpackaging=jar -Dfile=/path/to/file -Durl=[url] -DrepositoryId=[id]

  Path to dependency: 
  	1) org.openjdk.jmc:org.openjdk.jmc.alert:pom:8.1.0-SNAPSHOT
  	2) org.openjdk.jmc:common.test:jar:8.1.0-SNAPSHOT

3) org.openjdk.jmc:flightrecorder.rules:jar:8.1.0-SNAPSHOT

  Try downloading the file manually from the project website.

  Then, install it using the command: 
      mvn install:install-file -DgroupId=org.openjdk.jmc -DartifactId=flightrecorder.rules -Dversion=8.1.0-SNAPSHOT -Dpackaging=jar -Dfile=/path/to/file

  Alternatively, if you host your own repository you can deploy the file there: 
      mvn deploy:deploy-file -DgroupId=org.openjdk.jmc -DartifactId=flightrecorder.rules -Dversion=8.1.0-SNAPSHOT -Dpackaging=jar -Dfile=/path/to/file -Durl=[url] -DrepositoryId=[id]

  Path to dependency: 
  	1) org.openjdk.jmc:org.openjdk.jmc.alert:pom:8.1.0-SNAPSHOT
  	2) org.openjdk.jmc:flightrecorder.rules:jar:8.1.0-SNAPSHOT

4) org.openjdk.jmc:flightrecorder.rules.jdk:jar:8.1.0-SNAPSHOT

  Try downloading the file manually from the project website.

  Then, install it using the command: 
      mvn install:install-file -DgroupId=org.openjdk.jmc -DartifactId=flightrecorder.rules.jdk -Dversion=8.1.0-SNAPSHOT -Dpackaging=jar -Dfile=/path/to/file

  Alternatively, if you host your own repository you can deploy the file there: 
      mvn deploy:deploy-file -DgroupId=org.openjdk.jmc -DartifactId=flightrecorder.rules.jdk -Dversion=8.1.0-SNAPSHOT -Dpackaging=jar -Dfile=/path/to/file -Durl=[url] -DrepositoryId=[id]

  Path to dependency: 
  	1) org.openjdk.jmc:org.openjdk.jmc.alert:pom:8.1.0-SNAPSHOT
  	2) org.openjdk.jmc:flightrecorder.rules.jdk:jar:8.1.0-SNAPSHOT

5) org.openjdk.jmc:common:jar:8.1.0-SNAPSHOT

  Try downloading the file manually from the project website.

  Then, install it using the command: 
      mvn install:install-file -DgroupId=org.openjdk.jmc -DartifactId=common -Dversion=8.1.0-SNAPSHOT -Dpackaging=jar -Dfile=/path/to/file

  Alternatively, if you host your own repository you can deploy the file there: 
      mvn deploy:deploy-file -DgroupId=org.openjdk.jmc -DartifactId=common -Dversion=8.1.0-SNAPSHOT -Dpackaging=jar -Dfile=/path/to/file -Durl=[url] -DrepositoryId=[id]

  Path to dependency: 
  	1) org.openjdk.jmc:org.openjdk.jmc.alert:pom:8.1.0-SNAPSHOT
  	2) org.openjdk.jmc:common:jar:8.1.0-SNAPSHOT

6) org.openjdk.jmc:jdp:jar:8.1.0-SNAPSHOT

  Try downloading the file manually from the project website.

  Then, install it using the command: 
      mvn install:install-file -DgroupId=org.openjdk.jmc -DartifactId=jdp -Dversion=8.1.0-SNAPSHOT -Dpackaging=jar -Dfile=/path/to/file

  Alternatively, if you host your own repository you can deploy the file there: 
      mvn deploy:deploy-file -DgroupId=org.openjdk.jmc -DartifactId=jdp -Dversion=8.1.0-SNAPSHOT -Dpackaging=jar -Dfile=/path/to/file -Durl=[url] -DrepositoryId=[id]

  Path to dependency: 
  	1) org.openjdk.jmc:org.openjdk.jmc.alert:pom:8.1.0-SNAPSHOT
  	2) org.openjdk.jmc:jdp:jar:8.1.0-SNAPSHOT

7) org.openjdk.jmc:flightrecorder.test:jar:8.1.0-SNAPSHOT

  Try downloading the file manually from the project website.

  Then, install it using the command: 
      mvn install:install-file -DgroupId=org.openjdk.jmc -DartifactId=flightrecorder.test -Dversion=8.1.0-SNAPSHOT -Dpackaging=jar -Dfile=/path/to/file

  Alternatively, if you host your own repository you can deploy the file there: 
      mvn deploy:deploy-file -DgroupId=org.openjdk.jmc -DartifactId=flightrecorder.test -Dversion=8.1.0-SNAPSHOT -Dpackaging=jar -Dfile=/path/to/file -Durl=[url] -DrepositoryId=[id]

  Path to dependency: 
  	1) org.openjdk.jmc:org.openjdk.jmc.alert:pom:8.1.0-SNAPSHOT
  	2) org.openjdk.jmc:flightrecorder.test:jar:8.1.0-SNAPSHOT

----------
7 required artifacts are missing.

for artifact: 
  org.openjdk.jmc:org.openjdk.jmc.alert:pom:8.1.0-SNAPSHOT

from the specified remote repositories:
  central (https://repo.maven.apache.org/maven2, releases=true, snapshots=false)

    at org.apache.maven.artifact.resolver.DefaultResolutionErrorHandler.throwErrors (DefaultResolutionErrorHandler.java:73)
    at org.apache.maven.DefaultProjectDependenciesResolver.resolveImpl (DefaultProjectDependenciesResolver.java:169)
    at org.apache.maven.DefaultProjectDependenciesResolver.resolve (DefaultProjectDependenciesResolver.java:81)
    at org.apache.maven.DefaultProjectDependenciesResolver.resolve (DefaultProjectDependenciesResolver.java:65)
    at org.eclipse.tycho.p2.resolver.P2DependencyResolver.collectPomDependencies (P2DependencyResolver.java:269)
    at org.eclipse.tycho.p2.resolver.P2DependencyResolver.computePreliminaryTargetPlatform (P2DependencyResolver.java:210)
    at org.eclipse.tycho.core.resolver.DefaultTychoResolver.resolveProject (DefaultTychoResolver.java:120)
    at org.eclipse.tycho.core.maven.TychoMavenLifecycleParticipant.afterProjectsRead (TychoMavenLifecycleParticipant.java:95)
    at org.apache.maven.DefaultMaven.doExecute (DefaultMaven.java:264)
    at org.apache.maven.DefaultMaven.doExecute (DefaultMaven.java:192)
    at org.apache.maven.DefaultMaven.execute (DefaultMaven.java:105)
    at org.apache.maven.cli.MavenCli.execute (MavenCli.java:957)
    at org.apache.maven.cli.MavenCli.doMain (MavenCli.java:289)
    at org.apache.maven.cli.MavenCli.main (MavenCli.java:193)
    at jdk.internal.reflect.NativeMethodAccessorImpl.invoke0 (Native Method)
    at jdk.internal.reflect.NativeMethodAccessorImpl.invoke (NativeMethodAccessorImpl.java:62)
    at jdk.internal.reflect.DelegatingMethodAccessorImpl.invoke (DelegatingMethodAccessorImpl.java:43)
    at java.lang.reflect.Method.invoke (Method.java:566)
    at org.codehaus.plexus.classworlds.launcher.Launcher.launchEnhanced (Launcher.java:282)
    at org.codehaus.plexus.classworlds.launcher.Launcher.launch (Launcher.java:225)
    at org.codehaus.plexus.classworlds.launcher.Launcher.mainWithExitCode (Launcher.java:406)
    at org.codehaus.plexus.classworlds.launcher.Launcher.main (Launcher.java:347)
[ERROR] 
[ERROR] To see the full stack trace of the errors, re-run Maven with the -e switch.
[ERROR] Re-run Maven using the -X switch to enable full debug logging.
[ERROR] 
[ERROR] For more information about the errors and possible solutions, please read the following articles:
[ERROR] [Help 1] http://cwiki.apache.org/confluence/display/MAVEN/InternalErrorException
[INFO] Build failures were ignored.
WARNING: An illegal reflective access operation has occurred
WARNING: Illegal reflective access by com.google.inject.internal.cglib.core.$ReflectUtils$1 (file:/usr/share/maven/lib/guice.jar) to method java.lang.ClassLoader.defineClass(java.lang.String,byte[],int,int,java.security.ProtectionDomain)
WARNING: Please consider reporting this to the maintainers of com.google.inject.internal.cglib.core.$ReflectUtils$1
WARNING: Use --illegal-access=warn to enable warnings of further illegal reflective access operations
WARNING: All illegal access operations will be denied in a future release
