[INFO] Scanning for projects...
[WARNING] 
[WARNING] Some problems were encountered while building the effective model for com.alibaba.nacos:nacos-spring-context:jar:1.0.1
[WARNING] 'build.plugins.plugin.version' for io.spring.javaformat:spring-javaformat-maven-plugin is missing. @ com.alibaba.nacos:nacos-spring-parent:1.0.1, /home/codegex/Documents/workspace/rbugs/experiment/top100repos/nacos-spring-project/pom.xml, line 314, column 21
[WARNING] 'build.plugins.plugin.version' for org.apache.maven.plugins:maven-checkstyle-plugin is missing. @ com.alibaba.nacos:nacos-spring-parent:1.0.1, /home/codegex/Documents/workspace/rbugs/experiment/top100repos/nacos-spring-project/pom.xml, line 318, column 21
[WARNING] 'build.plugins.plugin.version' for org.apache.maven.plugins:maven-source-plugin is missing. @ com.alibaba.nacos:nacos-spring-parent:1.0.1, /home/codegex/Documents/workspace/rbugs/experiment/top100repos/nacos-spring-project/pom.xml, line 322, column 21
[WARNING] 'build.plugins.plugin.version' for org.apache.maven.plugins:maven-javadoc-plugin is missing. @ com.alibaba.nacos:nacos-spring-parent:1.0.1, /home/codegex/Documents/workspace/rbugs/experiment/top100repos/nacos-spring-project/pom.xml, line 281, column 21
[WARNING] 'build.plugins.plugin.version' for org.apache.maven.plugins:maven-eclipse-plugin is missing. @ com.alibaba.nacos:nacos-spring-parent:1.0.1, /home/codegex/Documents/workspace/rbugs/experiment/top100repos/nacos-spring-project/pom.xml, line 293, column 21
[WARNING] 
[WARNING] Some problems were encountered while building the effective model for com.alibaba.nacos:nacos-embedded-webserver:jar:1.0.1
[WARNING] 'build.plugins.plugin.version' for io.spring.javaformat:spring-javaformat-maven-plugin is missing. @ com.alibaba.nacos:nacos-spring-parent:1.0.1, /home/codegex/Documents/workspace/rbugs/experiment/top100repos/nacos-spring-project/pom.xml, line 314, column 21
[WARNING] 'build.plugins.plugin.version' for org.apache.maven.plugins:maven-checkstyle-plugin is missing. @ com.alibaba.nacos:nacos-spring-parent:1.0.1, /home/codegex/Documents/workspace/rbugs/experiment/top100repos/nacos-spring-project/pom.xml, line 318, column 21
[WARNING] 'build.plugins.plugin.version' for org.apache.maven.plugins:maven-source-plugin is missing. @ com.alibaba.nacos:nacos-spring-parent:1.0.1, /home/codegex/Documents/workspace/rbugs/experiment/top100repos/nacos-spring-project/pom.xml, line 322, column 21
[WARNING] 'build.plugins.plugin.version' for org.apache.maven.plugins:maven-javadoc-plugin is missing. @ com.alibaba.nacos:nacos-spring-parent:1.0.1, /home/codegex/Documents/workspace/rbugs/experiment/top100repos/nacos-spring-project/pom.xml, line 281, column 21
[WARNING] 'build.plugins.plugin.version' for org.apache.maven.plugins:maven-eclipse-plugin is missing. @ com.alibaba.nacos:nacos-spring-parent:1.0.1, /home/codegex/Documents/workspace/rbugs/experiment/top100repos/nacos-spring-project/pom.xml, line 293, column 21
[WARNING] 
[WARNING] Some problems were encountered while building the effective model for com.alibaba.nacos:nacos-spring-webmvc-sample:war:1.0.1
[WARNING] 'build.plugins.plugin.version' for io.spring.javaformat:spring-javaformat-maven-plugin is missing. @ com.alibaba.nacos:nacos-spring-parent:1.0.1, /home/codegex/Documents/workspace/rbugs/experiment/top100repos/nacos-spring-project/pom.xml, line 314, column 21
[WARNING] 'build.plugins.plugin.version' for org.apache.maven.plugins:maven-checkstyle-plugin is missing. @ com.alibaba.nacos:nacos-spring-parent:1.0.1, /home/codegex/Documents/workspace/rbugs/experiment/top100repos/nacos-spring-project/pom.xml, line 318, column 21
[WARNING] 'build.plugins.plugin.version' for org.apache.maven.plugins:maven-source-plugin is missing. @ com.alibaba.nacos:nacos-spring-parent:1.0.1, /home/codegex/Documents/workspace/rbugs/experiment/top100repos/nacos-spring-project/pom.xml, line 322, column 21
[WARNING] 'build.plugins.plugin.version' for org.apache.maven.plugins:maven-javadoc-plugin is missing. @ com.alibaba.nacos:nacos-spring-parent:1.0.1, /home/codegex/Documents/workspace/rbugs/experiment/top100repos/nacos-spring-project/pom.xml, line 281, column 21
[WARNING] 'build.plugins.plugin.version' for org.apache.maven.plugins:maven-deploy-plugin is missing. @ com.alibaba.nacos:nacos-spring-samples:1.0.1, /home/codegex/Documents/workspace/rbugs/experiment/top100repos/nacos-spring-project/nacos-spring-samples/pom.xml, line 36, column 21
[WARNING] 'build.plugins.plugin.version' for org.apache.maven.plugins:maven-eclipse-plugin is missing. @ com.alibaba.nacos:nacos-spring-parent:1.0.1, /home/codegex/Documents/workspace/rbugs/experiment/top100repos/nacos-spring-project/pom.xml, line 293, column 21
[WARNING] The expression ${artifactId} is deprecated. Please use ${project.artifactId} instead.
[WARNING] 
[WARNING] Some problems were encountered while building the effective model for com.alibaba.nacos:nacos-spring-samples:pom:1.0.1
[WARNING] 'build.plugins.plugin.version' for io.spring.javaformat:spring-javaformat-maven-plugin is missing. @ com.alibaba.nacos:nacos-spring-parent:1.0.1, /home/codegex/Documents/workspace/rbugs/experiment/top100repos/nacos-spring-project/pom.xml, line 314, column 21
[WARNING] 'build.plugins.plugin.version' for org.apache.maven.plugins:maven-checkstyle-plugin is missing. @ com.alibaba.nacos:nacos-spring-parent:1.0.1, /home/codegex/Documents/workspace/rbugs/experiment/top100repos/nacos-spring-project/pom.xml, line 318, column 21
[WARNING] 'build.plugins.plugin.version' for org.apache.maven.plugins:maven-source-plugin is missing. @ com.alibaba.nacos:nacos-spring-parent:1.0.1, /home/codegex/Documents/workspace/rbugs/experiment/top100repos/nacos-spring-project/pom.xml, line 322, column 21
[WARNING] 'build.plugins.plugin.version' for org.apache.maven.plugins:maven-javadoc-plugin is missing. @ com.alibaba.nacos:nacos-spring-parent:1.0.1, /home/codegex/Documents/workspace/rbugs/experiment/top100repos/nacos-spring-project/pom.xml, line 281, column 21
[WARNING] 'build.plugins.plugin.version' for org.apache.maven.plugins:maven-deploy-plugin is missing. @ line 36, column 21
[WARNING] 'build.plugins.plugin.version' for org.apache.maven.plugins:maven-eclipse-plugin is missing. @ com.alibaba.nacos:nacos-spring-parent:1.0.1, /home/codegex/Documents/workspace/rbugs/experiment/top100repos/nacos-spring-project/pom.xml, line 293, column 21
[WARNING] 
[WARNING] Some problems were encountered while building the effective model for com.alibaba.nacos:nacos-spring-parent:pom:1.0.1
[WARNING] 'build.plugins.plugin.version' for io.spring.javaformat:spring-javaformat-maven-plugin is missing. @ line 314, column 21
[WARNING] 'build.plugins.plugin.version' for org.apache.maven.plugins:maven-checkstyle-plugin is missing. @ line 318, column 21
[WARNING] 'build.plugins.plugin.version' for org.apache.maven.plugins:maven-source-plugin is missing. @ line 322, column 21
[WARNING] 'build.plugins.plugin.version' for org.apache.maven.plugins:maven-javadoc-plugin is missing. @ line 281, column 21
[WARNING] 'build.plugins.plugin.version' for org.apache.maven.plugins:maven-eclipse-plugin is missing. @ line 293, column 21
[WARNING] 
[WARNING] It is highly recommended to fix these problems because they threaten the stability of your build.
[WARNING] 
[WARNING] For this reason, future Maven versions might no longer support building such malformed projects.
[WARNING] 
[INFO] ------------------------------------------------------------------------
[INFO] Reactor Build Order:
[INFO] 
[INFO] Alibaba Nacos :: Spring :: POM                                     [pom]
[INFO] Alibaba Nacos :: Samples :: Embedded Web Server                    [jar]
[INFO] Alibaba Nacos :: Spring :: Context                                 [jar]
[INFO] Alibaba Nacos :: Samples :: POM                                    [pom]
[INFO] Alibaba Nacos :: Samples :: Spring Web MVC                         [war]
[INFO] 
[INFO] ---------------< com.alibaba.nacos:nacos-spring-parent >----------------
[INFO] Building Alibaba Nacos :: Spring :: POM 1.0.1                      [1/5]
[INFO] --------------------------------[ pom ]---------------------------------
[INFO] 
[INFO] --- maven-clean-plugin:2.5:clean (default-clean) @ nacos-spring-parent ---
[INFO] Deleting /home/codegex/Documents/workspace/rbugs/experiment/top100repos/nacos-spring-project/target
[INFO] 
[INFO] --- maven-enforcer-plugin:1.0:enforce (enforce-maven) @ nacos-spring-parent ---
[INFO] 
[INFO] --- maven-javadoc-plugin:3.2.0:jar (default) @ nacos-spring-parent ---
[INFO] Skipping javadoc generation
[INFO] 
[INFO] --- maven-source-plugin:3.2.1:jar-no-fork (attach-sources) @ nacos-spring-parent ---
[INFO] 
[INFO] --- maven-install-plugin:2.4:install (default-install) @ nacos-spring-parent ---
[INFO] Installing /home/codegex/Documents/workspace/rbugs/experiment/top100repos/nacos-spring-project/pom.xml to /home/codegex/.m2/repository/com/alibaba/nacos/nacos-spring-parent/1.0.1/nacos-spring-parent-1.0.1.pom
[INFO] 
[INFO] -------------< com.alibaba.nacos:nacos-embedded-webserver >-------------
[INFO] Building Alibaba Nacos :: Samples :: Embedded Web Server 1.0.1     [2/5]
[INFO] --------------------------------[ jar ]---------------------------------
[INFO] 
[INFO] --- maven-clean-plugin:2.5:clean (default-clean) @ nacos-embedded-webserver ---
[INFO] Deleting /home/codegex/Documents/workspace/rbugs/experiment/top100repos/nacos-spring-project/nacos-spring-samples/nacos-embedded-webserver/target
[INFO] 
[INFO] --- maven-enforcer-plugin:1.0:enforce (enforce-maven) @ nacos-embedded-webserver ---
[INFO] 
[INFO] --- maven-resources-plugin:2.6:resources (default-resources) @ nacos-embedded-webserver ---
[INFO] Using 'UTF-8' encoding to copy filtered resources.
[INFO] skip non existing resourceDirectory /home/codegex/Documents/workspace/rbugs/experiment/top100repos/nacos-spring-project/nacos-spring-samples/nacos-embedded-webserver/src/main/resources
[INFO] 
[INFO] --- maven-compiler-plugin:3.1:compile (default-compile) @ nacos-embedded-webserver ---
[INFO] Changes detected - recompiling the module!
[INFO] Compiling 3 source files to /home/codegex/Documents/workspace/rbugs/experiment/top100repos/nacos-spring-project/nacos-spring-samples/nacos-embedded-webserver/target/classes
[INFO] 
[INFO] --- maven-resources-plugin:2.6:testResources (default-testResources) @ nacos-embedded-webserver ---
[INFO] Using 'UTF-8' encoding to copy filtered resources.
[INFO] skip non existing resourceDirectory /home/codegex/Documents/workspace/rbugs/experiment/top100repos/nacos-spring-project/nacos-spring-samples/nacos-embedded-webserver/src/test/resources
[INFO] 
[INFO] --- maven-compiler-plugin:3.1:testCompile (default-testCompile) @ nacos-embedded-webserver ---
[INFO] No sources to compile
[INFO] 
[INFO] --- maven-surefire-plugin:2.12.4:test (default-test) @ nacos-embedded-webserver ---
[INFO] Tests are skipped.
[INFO] 
[INFO] --- maven-jar-plugin:2.4:jar (default-jar) @ nacos-embedded-webserver ---
[INFO] Building jar: /home/codegex/Documents/workspace/rbugs/experiment/top100repos/nacos-spring-project/nacos-spring-samples/nacos-embedded-webserver/target/nacos-embedded-webserver-1.0.1.jar
[INFO] 
[INFO] --- maven-javadoc-plugin:3.2.0:jar (default) @ nacos-embedded-webserver ---
[INFO] Skipping javadoc generation
[INFO] 
[INFO] --- maven-source-plugin:3.2.1:jar-no-fork (attach-sources) @ nacos-embedded-webserver ---
[INFO] Building jar: /home/codegex/Documents/workspace/rbugs/experiment/top100repos/nacos-spring-project/nacos-spring-samples/nacos-embedded-webserver/target/nacos-embedded-webserver-1.0.1-sources.jar
[INFO] 
[INFO] --- maven-install-plugin:2.4:install (default-install) @ nacos-embedded-webserver ---
[INFO] Installing /home/codegex/Documents/workspace/rbugs/experiment/top100repos/nacos-spring-project/nacos-spring-samples/nacos-embedded-webserver/target/nacos-embedded-webserver-1.0.1.jar to /home/codegex/.m2/repository/com/alibaba/nacos/nacos-embedded-webserver/1.0.1/nacos-embedded-webserver-1.0.1.jar
[INFO] Installing /home/codegex/Documents/workspace/rbugs/experiment/top100repos/nacos-spring-project/nacos-spring-samples/nacos-embedded-webserver/pom.xml to /home/codegex/.m2/repository/com/alibaba/nacos/nacos-embedded-webserver/1.0.1/nacos-embedded-webserver-1.0.1.pom
[INFO] Installing /home/codegex/Documents/workspace/rbugs/experiment/top100repos/nacos-spring-project/nacos-spring-samples/nacos-embedded-webserver/target/nacos-embedded-webserver-1.0.1-sources.jar to /home/codegex/.m2/repository/com/alibaba/nacos/nacos-embedded-webserver/1.0.1/nacos-embedded-webserver-1.0.1-sources.jar
[INFO] 
[INFO] ---------------< com.alibaba.nacos:nacos-spring-context >---------------
[INFO] Building Alibaba Nacos :: Spring :: Context 1.0.1                  [3/5]
[INFO] --------------------------------[ jar ]---------------------------------
[INFO] 
[INFO] --- maven-clean-plugin:2.5:clean (default-clean) @ nacos-spring-context ---
[INFO] Deleting /home/codegex/Documents/workspace/rbugs/experiment/top100repos/nacos-spring-project/nacos-spring-context/target
[INFO] 
[INFO] --- maven-enforcer-plugin:1.0:enforce (enforce-maven) @ nacos-spring-context ---
[INFO] 
[INFO] --- maven-resources-plugin:2.6:resources (default-resources) @ nacos-spring-context ---
[INFO] Using 'UTF-8' encoding to copy filtered resources.
[INFO] Copying 3 resources
[INFO] 
[INFO] --- maven-compiler-plugin:3.1:compile (default-compile) @ nacos-spring-context ---
[INFO] Changes detected - recompiling the module!
[INFO] Compiling 66 source files to /home/codegex/Documents/workspace/rbugs/experiment/top100repos/nacos-spring-project/nacos-spring-context/target/classes
[WARNING] /home/codegex/Documents/workspace/rbugs/experiment/top100repos/nacos-spring-project/nacos-spring-context/src/main/java/com/alibaba/nacos/spring/beans/factory/annotation/AnnotationNacosInjectedBeanPostProcessor.java: 某些输入文件使用或覆盖了已过时的 API。
[WARNING] /home/codegex/Documents/workspace/rbugs/experiment/top100repos/nacos-spring-project/nacos-spring-context/src/main/java/com/alibaba/nacos/spring/beans/factory/annotation/AnnotationNacosInjectedBeanPostProcessor.java: 有关详细信息, 请使用 -Xlint:deprecation 重新编译。
[WARNING] /home/codegex/Documents/workspace/rbugs/experiment/top100repos/nacos-spring-project/nacos-spring-context/src/main/java/com/alibaba/nacos/spring/util/NacosUtils.java: 某些输入文件使用了未经检查或不安全的操作。
[WARNING] /home/codegex/Documents/workspace/rbugs/experiment/top100repos/nacos-spring-project/nacos-spring-context/src/main/java/com/alibaba/nacos/spring/util/NacosUtils.java: 有关详细信息, 请使用 -Xlint:unchecked 重新编译。
[INFO] 
[INFO] --- maven-resources-plugin:2.6:testResources (default-testResources) @ nacos-spring-context ---
[INFO] Using 'UTF-8' encoding to copy filtered resources.
[INFO] Copying 4 resources
[INFO] 
[INFO] --- maven-compiler-plugin:3.1:testCompile (default-testCompile) @ nacos-spring-context ---
[INFO] Changes detected - recompiling the module!
[INFO] Compiling 44 source files to /home/codegex/Documents/workspace/rbugs/experiment/top100repos/nacos-spring-project/nacos-spring-context/target/test-classes
[WARNING] /home/codegex/Documents/workspace/rbugs/experiment/top100repos/nacos-spring-project/nacos-spring-context/src/test/java/com/alibaba/nacos/spring/util/PropertiesPlaceholderResolverTest.java: /home/codegex/Documents/workspace/rbugs/experiment/top100repos/nacos-spring-project/nacos-spring-context/src/test/java/com/alibaba/nacos/spring/util/PropertiesPlaceholderResolverTest.java使用了未经检查或不安全的操作。
[WARNING] /home/codegex/Documents/workspace/rbugs/experiment/top100repos/nacos-spring-project/nacos-spring-context/src/test/java/com/alibaba/nacos/spring/util/PropertiesPlaceholderResolverTest.java: 有关详细信息, 请使用 -Xlint:unchecked 重新编译。
[INFO] 
[INFO] --- maven-surefire-plugin:2.12.4:test (default-test) @ nacos-spring-context ---
[INFO] Tests are skipped.
[INFO] 
[INFO] --- maven-jar-plugin:2.4:jar (default-jar) @ nacos-spring-context ---
[INFO] Building jar: /home/codegex/Documents/workspace/rbugs/experiment/top100repos/nacos-spring-project/nacos-spring-context/target/nacos-spring-context-1.0.1.jar
[INFO] 
[INFO] --- maven-javadoc-plugin:3.2.0:jar (default) @ nacos-spring-context ---
[INFO] Skipping javadoc generation
[INFO] 
[INFO] --- maven-source-plugin:3.2.1:jar-no-fork (attach-sources) @ nacos-spring-context ---
[INFO] Building jar: /home/codegex/Documents/workspace/rbugs/experiment/top100repos/nacos-spring-project/nacos-spring-context/target/nacos-spring-context-1.0.1-sources.jar
[INFO] 
[INFO] --- maven-install-plugin:2.4:install (default-install) @ nacos-spring-context ---
[INFO] Installing /home/codegex/Documents/workspace/rbugs/experiment/top100repos/nacos-spring-project/nacos-spring-context/target/nacos-spring-context-1.0.1.jar to /home/codegex/.m2/repository/com/alibaba/nacos/nacos-spring-context/1.0.1/nacos-spring-context-1.0.1.jar
[INFO] Installing /home/codegex/Documents/workspace/rbugs/experiment/top100repos/nacos-spring-project/nacos-spring-context/pom.xml to /home/codegex/.m2/repository/com/alibaba/nacos/nacos-spring-context/1.0.1/nacos-spring-context-1.0.1.pom
[INFO] Installing /home/codegex/Documents/workspace/rbugs/experiment/top100repos/nacos-spring-project/nacos-spring-context/target/nacos-spring-context-1.0.1-sources.jar to /home/codegex/.m2/repository/com/alibaba/nacos/nacos-spring-context/1.0.1/nacos-spring-context-1.0.1-sources.jar
[INFO] 
[INFO] ---------------< com.alibaba.nacos:nacos-spring-samples >---------------
[INFO] Building Alibaba Nacos :: Samples :: POM 1.0.1                     [4/5]
[INFO] --------------------------------[ pom ]---------------------------------
[INFO] 
[INFO] --- maven-clean-plugin:2.5:clean (default-clean) @ nacos-spring-samples ---
[INFO] Deleting /home/codegex/Documents/workspace/rbugs/experiment/top100repos/nacos-spring-project/nacos-spring-samples/target
[INFO] 
[INFO] --- maven-enforcer-plugin:1.0:enforce (enforce-maven) @ nacos-spring-samples ---
[INFO] 
[INFO] --- maven-javadoc-plugin:3.2.0:jar (default) @ nacos-spring-samples ---
[INFO] Skipping javadoc generation
[INFO] 
[INFO] --- maven-source-plugin:3.2.1:jar-no-fork (attach-sources) @ nacos-spring-samples ---
[INFO] 
[INFO] --- maven-install-plugin:2.4:install (default-install) @ nacos-spring-samples ---
[INFO] Installing /home/codegex/Documents/workspace/rbugs/experiment/top100repos/nacos-spring-project/nacos-spring-samples/pom.xml to /home/codegex/.m2/repository/com/alibaba/nacos/nacos-spring-samples/1.0.1/nacos-spring-samples-1.0.1.pom
[INFO] 
[INFO] ------------< com.alibaba.nacos:nacos-spring-webmvc-sample >------------
[INFO] Building Alibaba Nacos :: Samples :: Spring Web MVC 1.0.1          [5/5]
[INFO] --------------------------------[ war ]---------------------------------
[INFO] 
[INFO] --- maven-clean-plugin:2.5:clean (default-clean) @ nacos-spring-webmvc-sample ---
[INFO] Deleting /home/codegex/Documents/workspace/rbugs/experiment/top100repos/nacos-spring-project/nacos-spring-samples/nacos-spring-webmvc-sample/target
[INFO] 
[INFO] --- maven-enforcer-plugin:1.0:enforce (enforce-maven) @ nacos-spring-webmvc-sample ---
[INFO] 
[INFO] --- maven-resources-plugin:2.6:resources (default-resources) @ nacos-spring-webmvc-sample ---
[INFO] Using 'UTF-8' encoding to copy filtered resources.
[INFO] skip non existing resourceDirectory /home/codegex/Documents/workspace/rbugs/experiment/top100repos/nacos-spring-project/nacos-spring-samples/nacos-spring-webmvc-sample/src/main/resources
[INFO] 
[INFO] --- maven-compiler-plugin:3.1:compile (default-compile) @ nacos-spring-webmvc-sample ---
[INFO] Changes detected - recompiling the module!
[INFO] Compiling 11 source files to /home/codegex/Documents/workspace/rbugs/experiment/top100repos/nacos-spring-project/nacos-spring-samples/nacos-spring-webmvc-sample/target/classes
[INFO] 
[INFO] --- maven-resources-plugin:2.6:testResources (default-testResources) @ nacos-spring-webmvc-sample ---
[INFO] Using 'UTF-8' encoding to copy filtered resources.
[INFO] skip non existing resourceDirectory /home/codegex/Documents/workspace/rbugs/experiment/top100repos/nacos-spring-project/nacos-spring-samples/nacos-spring-webmvc-sample/src/test/resources
[INFO] 
[INFO] --- maven-compiler-plugin:3.1:testCompile (default-testCompile) @ nacos-spring-webmvc-sample ---
[INFO] No sources to compile
[INFO] 
[INFO] --- maven-surefire-plugin:2.12.4:test (default-test) @ nacos-spring-webmvc-sample ---
[INFO] Tests are skipped.
[INFO] 
[INFO] --- maven-war-plugin:2.2:war (default-war) @ nacos-spring-webmvc-sample ---
[INFO] Packaging webapp
[INFO] Assembling webapp [nacos-spring-webmvc-sample] in [/home/codegex/Documents/workspace/rbugs/experiment/top100repos/nacos-spring-project/nacos-spring-samples/nacos-spring-webmvc-sample/target/nacos-spring-webmvc-sample-1.0.1]
[INFO] Processing war project
[INFO] Copying webapp resources [/home/codegex/Documents/workspace/rbugs/experiment/top100repos/nacos-spring-project/nacos-spring-samples/nacos-spring-webmvc-sample/src/main/webapp]
[INFO] Webapp assembled in [193 msecs]
[INFO] Building war: /home/codegex/Documents/workspace/rbugs/experiment/top100repos/nacos-spring-project/nacos-spring-samples/nacos-spring-webmvc-sample/target/nacos-spring-webmvc-sample-1.0.1.war
[INFO] WEB-INF/web.xml already added, skipping
[INFO] 
[INFO] --- maven-javadoc-plugin:3.2.0:jar (default) @ nacos-spring-webmvc-sample ---
[INFO] Skipping javadoc generation
[INFO] 
[INFO] --- maven-source-plugin:3.2.1:jar-no-fork (attach-sources) @ nacos-spring-webmvc-sample ---
[INFO] Building jar: /home/codegex/Documents/workspace/rbugs/experiment/top100repos/nacos-spring-project/nacos-spring-samples/nacos-spring-webmvc-sample/target/nacos-spring-webmvc-sample-1.0.1-sources.jar
[INFO] 
[INFO] --- tomcat7-maven-plugin:2.1:exec-war-only (tomcat-run) @ nacos-spring-webmvc-sample ---
[INFO] 
[INFO] --- maven-install-plugin:2.4:install (default-install) @ nacos-spring-webmvc-sample ---
[INFO] Installing /home/codegex/Documents/workspace/rbugs/experiment/top100repos/nacos-spring-project/nacos-spring-samples/nacos-spring-webmvc-sample/target/nacos-spring-webmvc-sample-1.0.1.war to /home/codegex/.m2/repository/com/alibaba/nacos/nacos-spring-webmvc-sample/1.0.1/nacos-spring-webmvc-sample-1.0.1.war
[INFO] Installing /home/codegex/Documents/workspace/rbugs/experiment/top100repos/nacos-spring-project/nacos-spring-samples/nacos-spring-webmvc-sample/pom.xml to /home/codegex/.m2/repository/com/alibaba/nacos/nacos-spring-webmvc-sample/1.0.1/nacos-spring-webmvc-sample-1.0.1.pom
[INFO] Installing /home/codegex/Documents/workspace/rbugs/experiment/top100repos/nacos-spring-project/nacos-spring-samples/nacos-spring-webmvc-sample/target/nacos-spring-webmvc-sample-1.0.1-sources.jar to /home/codegex/.m2/repository/com/alibaba/nacos/nacos-spring-webmvc-sample/1.0.1/nacos-spring-webmvc-sample-1.0.1-sources.jar
[INFO] Installing /home/codegex/Documents/workspace/rbugs/experiment/top100repos/nacos-spring-project/target/nacos-spring-webmvc-sample.war to /home/codegex/.m2/repository/com/alibaba/nacos/nacos-spring-webmvc-sample/1.0.1/nacos-spring-webmvc-sample-1.0.1-exec-war.jar
[INFO] ------------------------------------------------------------------------
[INFO] Reactor Summary for Alibaba Nacos :: Spring :: POM 1.0.1:
[INFO] 
[INFO] Alibaba Nacos :: Spring :: POM ..................... SUCCESS [  1.010 s]
[INFO] Alibaba Nacos :: Samples :: Embedded Web Server .... SUCCESS [  1.168 s]
[INFO] Alibaba Nacos :: Spring :: Context ................. SUCCESS [  1.236 s]
[INFO] Alibaba Nacos :: Samples :: POM .................... SUCCESS [  0.026 s]
[INFO] Alibaba Nacos :: Samples :: Spring Web MVC ......... SUCCESS [  3.407 s]
[INFO] ------------------------------------------------------------------------
[INFO] BUILD SUCCESS
[INFO] ------------------------------------------------------------------------
[INFO] Total time:  6.998 s
[INFO] Finished at: 2021-04-04T20:16:16+08:00
[INFO] ------------------------------------------------------------------------
WARNING: An illegal reflective access operation has occurred
WARNING: Illegal reflective access by com.google.inject.internal.cglib.core.$ReflectUtils$1 (file:/usr/share/maven/lib/guice.jar) to method java.lang.ClassLoader.defineClass(java.lang.String,byte[],int,int,java.security.ProtectionDomain)
WARNING: Please consider reporting this to the maintainers of com.google.inject.internal.cglib.core.$ReflectUtils$1
WARNING: Use --illegal-access=warn to enable warnings of further illegal reflective access operations
WARNING: All illegal access operations will be denied in a future release
