[INFO] Scanning for projects...
[INFO] 
[INFO] ----------------------< jp.eisbahn:oauth2-server >----------------------
[INFO] Building jp.eisbahn.oauth2-server 1.0-SNAPSHOT
[INFO] --------------------------------[ jar ]---------------------------------
[INFO] 
[INFO] --- maven-clean-plugin:2.5:clean (default-clean) @ oauth2-server ---
[INFO] Deleting /home/codegex/Documents/workspace/rbugs/experiment/top100repos/oauth2-server/target
[INFO] 
[INFO] --- maven-resources-plugin:2.6:resources (default-resources) @ oauth2-server ---
[INFO] Using 'UTF-8' encoding to copy filtered resources.
[INFO] skip non existing resourceDirectory /home/codegex/Documents/workspace/rbugs/experiment/top100repos/oauth2-server/src/main/resources
[INFO] 
[INFO] --- maven-compiler-plugin:3.1:compile (default-compile) @ oauth2-server ---
[INFO] Changes detected - recompiling the module!
[INFO] Compiling 40 source files to /home/codegex/Documents/workspace/rbugs/experiment/top100repos/oauth2-server/target/classes
[INFO] -------------------------------------------------------------
[ERROR] COMPILATION ERROR : 
[INFO] -------------------------------------------------------------
[ERROR] 不再支持源选项 5。请使用 6 或更高版本。
[ERROR] 不再支持目标选项 1.5。请使用 1.6 或更高版本。
[INFO] 2 errors 
[INFO] -------------------------------------------------------------
[INFO] ------------------------------------------------------------------------
[INFO] BUILD FAILURE
[INFO] ------------------------------------------------------------------------
[INFO] Total time:  0.745 s
[INFO] Finished at: 2021-04-04T19:45:21+08:00
[INFO] ------------------------------------------------------------------------
[ERROR] Failed to execute goal org.apache.maven.plugins:maven-compiler-plugin:3.1:compile (default-compile) on project oauth2-server: Compilation failure: Compilation failure: 
[ERROR] 不再支持源选项 5。请使用 6 或更高版本。
[ERROR] 不再支持目标选项 1.5。请使用 1.6 或更高版本。
[ERROR] -> [Help 1]
[ERROR] 
[ERROR] To see the full stack trace of the errors, re-run Maven with the -e switch.
[ERROR] Re-run Maven using the -X switch to enable full debug logging.
[ERROR] 
[ERROR] For more information about the errors and possible solutions, please read the following articles:
[ERROR] [Help 1] http://cwiki.apache.org/confluence/display/MAVEN/MojoFailureException
[INFO] Build failures were ignored.
WARNING: An illegal reflective access operation has occurred
WARNING: Illegal reflective access by com.google.inject.internal.cglib.core.$ReflectUtils$1 (file:/usr/share/maven/lib/guice.jar) to method java.lang.ClassLoader.defineClass(java.lang.String,byte[],int,int,java.security.ProtectionDomain)
WARNING: Please consider reporting this to the maintainers of com.google.inject.internal.cglib.core.$ReflectUtils$1
WARNING: Use --illegal-access=warn to enable warnings of further illegal reflective access operations
WARNING: All illegal access operations will be denied in a future release
