[INFO] Scanning for projects...
[INFO] Inspecting build with total of 8 modules...
[INFO] Installing Nexus Staging features:
[INFO]   ... total of 8 executions of maven-deploy-plugin replaced with nexus-staging-maven-plugin
[WARNING] No explicit target runtime environment configuration. Build is platform dependent.
[INFO] Downloading from cbi: https://repo.eclipse.org/content/repositories/cbi-releases/com/github/spotbugs/spotbugs-maven-plugin/4.2.3-SNAPSHOT/maven-metadata.xml
[WARNING] Could not transfer metadata com.github.spotbugs:spotbugs-maven-plugin:4.2.3-SNAPSHOT/maven-metadata.xml from/to cbi (https://repo.eclipse.org/content/repositories/cbi-releases/): Transfer failed for https://repo.eclipse.org/content/repositories/cbi-releases/com/github/spotbugs/spotbugs-maven-plugin/4.2.3-SNAPSHOT/maven-metadata.xml
[WARNING] Failure to transfer com.github.spotbugs:spotbugs-maven-plugin:4.2.3-SNAPSHOT/maven-metadata.xml from https://repo.eclipse.org/content/repositories/cbi-releases/ was cached in the local repository, resolution will not be reattempted until the update interval of cbi has elapsed or updates are forced. Original error: Could not transfer metadata com.github.spotbugs:spotbugs-maven-plugin:4.2.3-SNAPSHOT/maven-metadata.xml from/to cbi (https://repo.eclipse.org/content/repositories/cbi-releases/): Transfer failed for https://repo.eclipse.org/content/repositories/cbi-releases/com/github/spotbugs/spotbugs-maven-plugin/4.2.3-SNAPSHOT/maven-metadata.xml
[WARNING] No explicit target runtime environment configuration. Build is platform dependent.
[WARNING] No explicit target runtime environment configuration. Build is platform dependent.
[WARNING] No explicit target runtime environment configuration. Build is platform dependent.
[INFO] Computing target platform for MavenProject: org.eclipse.paho:org.eclipse.paho.client.mqttv3:1.2.5 @ /home/codegex/Documents/workspace/rbugs/experiment/top100repos/paho.mqtt.java/org.eclipse.paho.client.mqttv3/pom.xml
[INFO] Resolving dependencies of MavenProject: org.eclipse.paho:org.eclipse.paho.client.mqttv3:1.2.5 @ /home/codegex/Documents/workspace/rbugs/experiment/top100repos/paho.mqtt.java/org.eclipse.paho.client.mqttv3/pom.xml
[INFO] Resolving class path of MavenProject: org.eclipse.paho:org.eclipse.paho.client.mqttv3:1.2.5 @ /home/codegex/Documents/workspace/rbugs/experiment/top100repos/paho.mqtt.java/org.eclipse.paho.client.mqttv3/pom.xml
[INFO] Computing target platform for MavenProject: org.eclipse.paho:org.eclipse.paho.client.mqttv3.repository:1.2.5 @ /home/codegex/Documents/workspace/rbugs/experiment/top100repos/paho.mqtt.java/org.eclipse.paho.client.mqttv3.repository/pom.xml
[INFO] Resolving dependencies of MavenProject: org.eclipse.paho:org.eclipse.paho.client.mqttv3.repository:1.2.5 @ /home/codegex/Documents/workspace/rbugs/experiment/top100repos/paho.mqtt.java/org.eclipse.paho.client.mqttv3.repository/pom.xml
[INFO] Resolving class path of MavenProject: org.eclipse.paho:org.eclipse.paho.client.mqttv3.repository:1.2.5 @ /home/codegex/Documents/workspace/rbugs/experiment/top100repos/paho.mqtt.java/org.eclipse.paho.client.mqttv3.repository/pom.xml
[INFO] Computing target platform for MavenProject: org.eclipse.paho:org.eclipse.paho.mqttv5.client:1.2.5 @ /home/codegex/Documents/workspace/rbugs/experiment/top100repos/paho.mqtt.java/org.eclipse.paho.mqttv5.client/pom.xml
[INFO] Resolving dependencies of MavenProject: org.eclipse.paho:org.eclipse.paho.mqttv5.client:1.2.5 @ /home/codegex/Documents/workspace/rbugs/experiment/top100repos/paho.mqtt.java/org.eclipse.paho.mqttv5.client/pom.xml
[INFO] Resolving class path of MavenProject: org.eclipse.paho:org.eclipse.paho.mqttv5.client:1.2.5 @ /home/codegex/Documents/workspace/rbugs/experiment/top100repos/paho.mqtt.java/org.eclipse.paho.mqttv5.client/pom.xml
[INFO] Computing target platform for MavenProject: org.eclipse.paho:org.eclipse.paho.mqttv5.client.repository:1.2.5 @ /home/codegex/Documents/workspace/rbugs/experiment/top100repos/paho.mqtt.java/org.eclipse.paho.mqttv5.client.repository/pom.xml
[INFO] Resolving dependencies of MavenProject: org.eclipse.paho:org.eclipse.paho.mqttv5.client.repository:1.2.5 @ /home/codegex/Documents/workspace/rbugs/experiment/top100repos/paho.mqtt.java/org.eclipse.paho.mqttv5.client.repository/pom.xml
[INFO] Resolving class path of MavenProject: org.eclipse.paho:org.eclipse.paho.mqttv5.client.repository:1.2.5 @ /home/codegex/Documents/workspace/rbugs/experiment/top100repos/paho.mqtt.java/org.eclipse.paho.mqttv5.client.repository/pom.xml
[INFO] ------------------------------------------------------------------------
[INFO] Reactor Build Order:
[INFO] 
[INFO] Eclipse Paho                                                       [pom]
[INFO] org.eclipse.paho.client.mqttv3                          [eclipse-plugin]
[INFO] org.eclipse.paho.client.mqttv3.test                                [jar]
[INFO] Paho P2 Repository for mqttv3 client                [eclipse-repository]
[INFO] org.eclipse.paho.mqtt.utility                                      [jar]
[INFO] org.eclipse.paho.mqttv5.client                          [eclipse-plugin]
[INFO] org.eclipse.paho.mqttv5.client.test                                [jar]
[INFO] Paho P2 Repository                                  [eclipse-repository]
[INFO] 
[INFO] --------------------< org.eclipse.paho:java-parent >--------------------
[INFO] Building Eclipse Paho 1.2.5                                        [1/8]
[INFO] --------------------------------[ pom ]---------------------------------
[INFO] 
[INFO] --- maven-clean-plugin:2.5:clean (default-clean) @ java-parent ---
[INFO] Deleting /home/codegex/Documents/workspace/rbugs/experiment/top100repos/paho.mqtt.java/target
[INFO] 
[INFO] --- tycho-source-plugin:1.7.0:plugin-source (plugin-source) @ java-parent ---
[INFO] 
[INFO] --- maven-install-plugin:2.4:install (default-install) @ java-parent ---
[INFO] Installing /home/codegex/Documents/workspace/rbugs/experiment/top100repos/paho.mqtt.java/pom.xml to /home/codegex/.m2/repository/org/eclipse/paho/java-parent/1.2.5/java-parent-1.2.5.pom
[INFO] 
[INFO] ----------< org.eclipse.paho:org.eclipse.paho.client.mqttv3 >-----------
[INFO] Building org.eclipse.paho.client.mqttv3 1.2.5                      [2/8]
[INFO] ---------------------------[ eclipse-plugin ]---------------------------
[INFO] 
[INFO] --- maven-clean-plugin:2.5:clean (default-clean) @ org.eclipse.paho.client.mqttv3 ---
[INFO] Deleting /home/codegex/Documents/workspace/rbugs/experiment/top100repos/paho.mqtt.java/org.eclipse.paho.client.mqttv3/target
[INFO] 
[INFO] --- tycho-packaging-plugin:1.7.0:build-qualifier (default-build-qualifier) @ org.eclipse.paho.client.mqttv3 ---
[INFO] The project's OSGi version is 1.2.5
[INFO] 
[INFO] --- tycho-packaging-plugin:1.7.0:validate-id (default-validate-id) @ org.eclipse.paho.client.mqttv3 ---
[INFO] 
[INFO] --- tycho-packaging-plugin:1.7.0:validate-version (default-validate-version) @ org.eclipse.paho.client.mqttv3 ---
[INFO] 
[INFO] --- jacoco-maven-plugin:0.8.2:prepare-agent (default) @ org.eclipse.paho.client.mqttv3 ---
[INFO] argLine set to -javaagent:/home/codegex/.m2/repository/org/jacoco/org.jacoco.agent/0.8.2/org.jacoco.agent-0.8.2-runtime.jar=destfile=/home/codegex/Documents/workspace/rbugs/experiment/top100repos/paho.mqtt.java/org.eclipse.paho.client.mqttv3/target/jacoco.exec
[INFO] 
[INFO] --- templating-maven-plugin:1.0.0:filter-sources (filter-src) @ org.eclipse.paho.client.mqttv3 ---
[INFO] Coping files with filtering to temporary directory.
[INFO] Using 'UTF-8' encoding to copy filtered resources.
[INFO] Copying 1 resource
[INFO] Copied 1 files to output directory: /home/codegex/Documents/workspace/rbugs/experiment/top100repos/paho.mqtt.java/org.eclipse.paho.client.mqttv3/target/generated-sources/java-templates
[INFO] Source directory: /home/codegex/Documents/workspace/rbugs/experiment/top100repos/paho.mqtt.java/org.eclipse.paho.client.mqttv3/target/generated-sources/java-templates added.
[INFO] 
[INFO] --- maven-resources-plugin:3.0.2:resources (default-resources) @ org.eclipse.paho.client.mqttv3 ---
[INFO] Using 'UTF-8' encoding to copy filtered resources.
[INFO] Copying 17 resources
[INFO] 
[INFO] --- maven-resources-plugin:3.0.2:copy-resources (default-copy-resources) @ org.eclipse.paho.client.mqttv3 ---
[INFO] Using 'UTF-8' encoding to copy filtered resources.
[INFO] Copying 1 resource
[INFO] 
[INFO] --- tycho-compiler-plugin:1.7.0:compile (default-compile) @ org.eclipse.paho.client.mqttv3 ---
[WARNING] The effective compiler target level 1.8 is incompatible with the following OSGi execution environments: [JavaSE-1.7 (assumes 1.7)] @ MavenProject: org.eclipse.paho:org.eclipse.paho.client.mqttv3:1.2.5 @ /home/codegex/Documents/workspace/rbugs/experiment/top100repos/paho.mqtt.java/org.eclipse.paho.client.mqttv3/pom.xml
[INFO] Compiling 97 source files to /home/codegex/Documents/workspace/rbugs/experiment/top100repos/paho.mqtt.java/org.eclipse.paho.client.mqttv3/target/classes
[INFO] 
[INFO] --- maven-resources-plugin:3.0.2:testResources (default-testResources) @ org.eclipse.paho.client.mqttv3 ---
[INFO] Using 'UTF-8' encoding to copy filtered resources.
[INFO] skip non existing resourceDirectory /home/codegex/Documents/workspace/rbugs/experiment/top100repos/paho.mqtt.java/org.eclipse.paho.client.mqttv3/src/test/resources
[INFO] 
[INFO] --- tycho-source-plugin:1.7.0:plugin-source (plugin-source) @ org.eclipse.paho.client.mqttv3 ---
[WARNING] bundle localization file /home/codegex/Documents/workspace/rbugs/experiment/top100repos/paho.mqtt.java/org.eclipse.paho.client.mqttv3/plugin.properties not found
[WARNING] Bundle-Vendor header not found in /home/codegex/Documents/workspace/rbugs/experiment/top100repos/paho.mqtt.java/org.eclipse.paho.client.mqttv3/META-INF/MANIFEST.MF, fallback to 'unknown' for source bundle
[INFO] Building jar: /home/codegex/Documents/workspace/rbugs/experiment/top100repos/paho.mqtt.java/org.eclipse.paho.client.mqttv3/target/org.eclipse.paho.client.mqttv3-1.2.5-sources.jar
[INFO] 
[INFO] --- target-platform-configuration:1.7.0:target-platform (default-target-platform) @ org.eclipse.paho.client.mqttv3 ---
[INFO] 
[INFO] --- tycho-packaging-plugin:1.7.0:package-plugin (default-package-plugin) @ org.eclipse.paho.client.mqttv3 ---
[INFO] Building jar: /home/codegex/Documents/workspace/rbugs/experiment/top100repos/paho.mqtt.java/org.eclipse.paho.client.mqttv3/target/org.eclipse.paho.client.mqttv3-1.2.5.jar
[INFO] 
[INFO] --- tycho-p2-plugin:1.7.0:p2-metadata-default (default-p2-metadata-default) @ org.eclipse.paho.client.mqttv3 ---
[INFO] 
[INFO] --- maven-javadoc-plugin:3.2.0:jar (attach-javadocs) @ org.eclipse.paho.client.mqttv3 ---
[INFO] Skipping javadoc generation
[INFO] 
[INFO] --- maven-install-plugin:2.3.1:install (default-install) @ org.eclipse.paho.client.mqttv3 ---
[INFO] Installing /home/codegex/Documents/workspace/rbugs/experiment/top100repos/paho.mqtt.java/org.eclipse.paho.client.mqttv3/target/org.eclipse.paho.client.mqttv3-1.2.5.jar to /home/codegex/.m2/repository/org/eclipse/paho/org.eclipse.paho.client.mqttv3/1.2.5/org.eclipse.paho.client.mqttv3-1.2.5.jar
[INFO] Installing /home/codegex/Documents/workspace/rbugs/experiment/top100repos/paho.mqtt.java/org.eclipse.paho.client.mqttv3/pom.xml to /home/codegex/.m2/repository/org/eclipse/paho/org.eclipse.paho.client.mqttv3/1.2.5/org.eclipse.paho.client.mqttv3-1.2.5.pom
[INFO] Installing /home/codegex/Documents/workspace/rbugs/experiment/top100repos/paho.mqtt.java/org.eclipse.paho.client.mqttv3/target/org.eclipse.paho.client.mqttv3-1.2.5-sources.jar to /home/codegex/.m2/repository/org/eclipse/paho/org.eclipse.paho.client.mqttv3/1.2.5/org.eclipse.paho.client.mqttv3-1.2.5-sources.jar
[INFO] Installing /home/codegex/Documents/workspace/rbugs/experiment/top100repos/paho.mqtt.java/org.eclipse.paho.client.mqttv3/target/p2content.xml to /home/codegex/.m2/repository/org/eclipse/paho/org.eclipse.paho.client.mqttv3/1.2.5/org.eclipse.paho.client.mqttv3-1.2.5-p2metadata.xml
[INFO] Installing /home/codegex/Documents/workspace/rbugs/experiment/top100repos/paho.mqtt.java/org.eclipse.paho.client.mqttv3/target/p2artifacts.xml to /home/codegex/.m2/repository/org/eclipse/paho/org.eclipse.paho.client.mqttv3/1.2.5/org.eclipse.paho.client.mqttv3-1.2.5-p2artifacts.xml
[INFO] 
[INFO] --- tycho-p2-plugin:1.7.0:update-local-index (default-update-local-index) @ org.eclipse.paho.client.mqttv3 ---
[INFO] 
[INFO] --------< org.eclipse.paho:org.eclipse.paho.client.mqttv3.test >--------
[INFO] Building org.eclipse.paho.client.mqttv3.test 1.2.5                 [3/8]
[INFO] --------------------------------[ jar ]---------------------------------
[INFO] 
[INFO] --- maven-clean-plugin:2.5:clean (default-clean) @ org.eclipse.paho.client.mqttv3.test ---
[INFO] Deleting /home/codegex/Documents/workspace/rbugs/experiment/top100repos/paho.mqtt.java/org.eclipse.paho.client.mqttv3.test/target
[INFO] 
[INFO] --- jacoco-maven-plugin:0.8.2:prepare-agent (default) @ org.eclipse.paho.client.mqttv3.test ---
[INFO] argLine set to -javaagent:/home/codegex/.m2/repository/org/jacoco/org.jacoco.agent/0.8.2/org.jacoco.agent-0.8.2-runtime.jar=destfile=/home/codegex/Documents/workspace/rbugs/experiment/top100repos/paho.mqtt.java/org.eclipse.paho.client.mqttv3.test/target/jacoco.exec
[INFO] 
[INFO] --- maven-resources-plugin:3.0.2:resources (default-resources) @ org.eclipse.paho.client.mqttv3.test ---
[INFO] Using 'UTF-8' encoding to copy filtered resources.
[INFO] skip non existing resourceDirectory /home/codegex/Documents/workspace/rbugs/experiment/top100repos/paho.mqtt.java/org.eclipse.paho.client.mqttv3.test/src/main/resources
[INFO] 
[INFO] --- maven-compiler-plugin:3.5.1:compile (default-compile) @ org.eclipse.paho.client.mqttv3.test ---
[INFO] No sources to compile
[INFO] 
[INFO] --- maven-resources-plugin:3.0.2:testResources (default-testResources) @ org.eclipse.paho.client.mqttv3.test ---
[INFO] Using 'UTF-8' encoding to copy filtered resources.
[INFO] Copying 4 resources
[INFO] 
[INFO] --- maven-compiler-plugin:3.5.1:testCompile (default-testCompile) @ org.eclipse.paho.client.mqttv3.test ---
[INFO] Changes detected - recompiling the module!
[INFO] Compiling 38 source files to /home/codegex/Documents/workspace/rbugs/experiment/top100repos/paho.mqtt.java/org.eclipse.paho.client.mqttv3.test/target/test-classes
[INFO] /home/codegex/Documents/workspace/rbugs/experiment/top100repos/paho.mqtt.java/org.eclipse.paho.client.mqttv3.test/src/test/java/org/eclipse/paho/client/mqttv3/test/utilities/TestMemoryPersistence.java: /home/codegex/Documents/workspace/rbugs/experiment/top100repos/paho.mqtt.java/org.eclipse.paho.client.mqttv3.test/src/test/java/org/eclipse/paho/client/mqttv3/test/utilities/TestMemoryPersistence.java使用了未经检查或不安全的操作。
[INFO] /home/codegex/Documents/workspace/rbugs/experiment/top100repos/paho.mqtt.java/org.eclipse.paho.client.mqttv3.test/src/test/java/org/eclipse/paho/client/mqttv3/test/utilities/TestMemoryPersistence.java: 有关详细信息, 请使用 -Xlint:unchecked 重新编译。
[INFO] 
[INFO] --- maven-surefire-plugin:2.15:test (default-test) @ org.eclipse.paho.client.mqttv3.test ---
[INFO] Tests are skipped.
[INFO] 
[INFO] --- jacoco-maven-plugin:0.8.2:report-aggregate (generate-test-report) @ org.eclipse.paho.client.mqttv3.test ---
[INFO] Analyzed bundle 'org.eclipse.paho.client.mqttv3' with 91 classes
[INFO] 
[INFO] --- tycho-source-plugin:1.7.0:plugin-source (plugin-source) @ org.eclipse.paho.client.mqttv3.test ---
[INFO] 
[INFO] --- maven-jar-plugin:2.4:jar (default-jar) @ org.eclipse.paho.client.mqttv3.test ---
[WARNING] JAR will be empty - no content was marked for inclusion!
[INFO] Building jar: /home/codegex/Documents/workspace/rbugs/experiment/top100repos/paho.mqtt.java/org.eclipse.paho.client.mqttv3.test/target/org.eclipse.paho.client.mqttv3.test-1.2.5.jar
[INFO] 
[INFO] --- maven-source-plugin:2.2.1:test-jar-no-fork (attach-sources) @ org.eclipse.paho.client.mqttv3.test ---
[INFO] Building jar: /home/codegex/Documents/workspace/rbugs/experiment/top100repos/paho.mqtt.java/org.eclipse.paho.client.mqttv3.test/target/org.eclipse.paho.client.mqttv3.test-1.2.5-test-sources.jar
[INFO] 
[INFO] --- maven-jar-plugin:2.4:test-jar (default) @ org.eclipse.paho.client.mqttv3.test ---
[INFO] Building jar: /home/codegex/Documents/workspace/rbugs/experiment/top100repos/paho.mqtt.java/org.eclipse.paho.client.mqttv3.test/target/org.eclipse.paho.client.mqttv3.test-1.2.5-tests.jar
[INFO] 
[INFO] --- maven-install-plugin:2.4:install (default-install) @ org.eclipse.paho.client.mqttv3.test ---
[INFO] Installing /home/codegex/Documents/workspace/rbugs/experiment/top100repos/paho.mqtt.java/org.eclipse.paho.client.mqttv3.test/target/org.eclipse.paho.client.mqttv3.test-1.2.5.jar to /home/codegex/.m2/repository/org/eclipse/paho/org.eclipse.paho.client.mqttv3.test/1.2.5/org.eclipse.paho.client.mqttv3.test-1.2.5.jar
[INFO] Installing /home/codegex/Documents/workspace/rbugs/experiment/top100repos/paho.mqtt.java/org.eclipse.paho.client.mqttv3.test/pom.xml to /home/codegex/.m2/repository/org/eclipse/paho/org.eclipse.paho.client.mqttv3.test/1.2.5/org.eclipse.paho.client.mqttv3.test-1.2.5.pom
[INFO] Installing /home/codegex/Documents/workspace/rbugs/experiment/top100repos/paho.mqtt.java/org.eclipse.paho.client.mqttv3.test/target/org.eclipse.paho.client.mqttv3.test-1.2.5-test-sources.jar to /home/codegex/.m2/repository/org/eclipse/paho/org.eclipse.paho.client.mqttv3.test/1.2.5/org.eclipse.paho.client.mqttv3.test-1.2.5-test-sources.jar
[INFO] Installing /home/codegex/Documents/workspace/rbugs/experiment/top100repos/paho.mqtt.java/org.eclipse.paho.client.mqttv3.test/target/org.eclipse.paho.client.mqttv3.test-1.2.5-tests.jar to /home/codegex/.m2/repository/org/eclipse/paho/org.eclipse.paho.client.mqttv3.test/1.2.5/org.eclipse.paho.client.mqttv3.test-1.2.5-tests.jar
[INFO] 
[INFO] -----< org.eclipse.paho:org.eclipse.paho.client.mqttv3.repository >-----
[INFO] Building Paho P2 Repository for mqttv3 client 1.2.5                [4/8]
[INFO] -------------------------[ eclipse-repository ]-------------------------
[INFO] 
[INFO] --- maven-clean-plugin:2.5:clean (default-clean) @ org.eclipse.paho.client.mqttv3.repository ---
[INFO] Deleting /home/codegex/Documents/workspace/rbugs/experiment/top100repos/paho.mqtt.java/org.eclipse.paho.client.mqttv3.repository/target
[INFO] 
[INFO] --- tycho-packaging-plugin:1.7.0:build-qualifier-aggregator (default-build-qualifier-aggregator) @ org.eclipse.paho.client.mqttv3.repository ---
[INFO] The project's OSGi version is 1.2.5
[INFO] 
[INFO] --- maven-clean-plugin:2.5:clean (default-clean-1) @ org.eclipse.paho.client.mqttv3.repository ---
[INFO] 
[INFO] --- maven-resources-plugin:3.0.2:resources (default-resources) @ org.eclipse.paho.client.mqttv3.repository ---
[INFO] Using 'UTF-8' encoding to copy filtered resources.
[INFO] skip non existing resourceDirectory /home/codegex/Documents/workspace/rbugs/experiment/top100repos/paho.mqtt.java/org.eclipse.paho.client.mqttv3.repository/src/main/resources
[INFO] 
[INFO] --- tycho-source-plugin:1.7.0:plugin-source (plugin-source) @ org.eclipse.paho.client.mqttv3.repository ---
[INFO] 
[INFO] --- target-platform-configuration:1.7.0:target-platform (default-target-platform) @ org.eclipse.paho.client.mqttv3.repository ---
[INFO] 
[INFO] --- tycho-p2-publisher-plugin:1.7.0:publish-osgi-ee (default-publish-osgi-ee) @ org.eclipse.paho.client.mqttv3.repository ---
[INFO] Published profile IUs: [a.jre.javase 11.0.0, config.a.jre.javase 11.0.0]
[INFO] Published profile IUs: [a.jre.javase 14.0.0, config.a.jre.javase 14.0.0]
[INFO] 
[INFO] --- tycho-p2-publisher-plugin:1.7.0:publish-products (default-publish-products) @ org.eclipse.paho.client.mqttv3.repository ---
[INFO] 
[INFO] --- tycho-p2-publisher-plugin:1.7.0:publish-categories (default-publish-categories) @ org.eclipse.paho.client.mqttv3.repository ---
[INFO] 
[INFO] --- tycho-p2-publisher-plugin:1.7.0:attach-artifacts (default-attach-artifacts) @ org.eclipse.paho.client.mqttv3.repository ---
[INFO] 
[INFO] --- tycho-p2-repository-plugin:1.7.0:assemble-repository (default-assemble-repository) @ org.eclipse.paho.client.mqttv3.repository ---
[INFO] 
[INFO] --- tycho-p2-repository-plugin:1.7.0:archive-repository (default-archive-repository) @ org.eclipse.paho.client.mqttv3.repository ---
[INFO] Building zip: /home/codegex/Documents/workspace/rbugs/experiment/top100repos/paho.mqtt.java/org.eclipse.paho.client.mqttv3.repository/target/org.eclipse.paho.client.mqttv3.repository-1.2.5.zip
[INFO] 
[INFO] --- maven-install-plugin:2.3.1:install (default-install) @ org.eclipse.paho.client.mqttv3.repository ---
[INFO] Installing /home/codegex/Documents/workspace/rbugs/experiment/top100repos/paho.mqtt.java/org.eclipse.paho.client.mqttv3.repository/target/org.eclipse.paho.client.mqttv3.repository-1.2.5.zip to /home/codegex/.m2/repository/org/eclipse/paho/org.eclipse.paho.client.mqttv3.repository/1.2.5/org.eclipse.paho.client.mqttv3.repository-1.2.5.zip
[INFO] Installing /home/codegex/Documents/workspace/rbugs/experiment/top100repos/paho.mqtt.java/org.eclipse.paho.client.mqttv3.repository/pom.xml to /home/codegex/.m2/repository/org/eclipse/paho/org.eclipse.paho.client.mqttv3.repository/1.2.5/org.eclipse.paho.client.mqttv3.repository-1.2.5.pom
[INFO] Installing /home/codegex/Documents/workspace/rbugs/experiment/top100repos/paho.mqtt.java/org.eclipse.paho.client.mqttv3.repository/target/p2content.xml to /home/codegex/.m2/repository/org/eclipse/paho/org.eclipse.paho.client.mqttv3.repository/1.2.5/org.eclipse.paho.client.mqttv3.repository-1.2.5-p2metadata.xml
[INFO] Installing /home/codegex/Documents/workspace/rbugs/experiment/top100repos/paho.mqtt.java/org.eclipse.paho.client.mqttv3.repository/target/p2artifacts.xml to /home/codegex/.m2/repository/org/eclipse/paho/org.eclipse.paho.client.mqttv3.repository/1.2.5/org.eclipse.paho.client.mqttv3.repository-1.2.5-p2artifacts.xml
[INFO] 
[INFO] --- tycho-p2-plugin:1.7.0:update-local-index (default-update-local-index) @ org.eclipse.paho.client.mqttv3.repository ---
[INFO] 
[INFO] -----------< org.eclipse.paho:org.eclipse.paho.mqtt.utility >-----------
[INFO] Building org.eclipse.paho.mqtt.utility 1.2.5                       [5/8]
[INFO] --------------------------------[ jar ]---------------------------------
[INFO] 
[INFO] --- maven-clean-plugin:2.5:clean (default-clean) @ org.eclipse.paho.mqtt.utility ---
[INFO] Deleting /home/codegex/Documents/workspace/rbugs/experiment/top100repos/paho.mqtt.java/org.eclipse.paho.sample.utility/target
[INFO] 
[INFO] --- maven-resources-plugin:3.0.2:resources (default-resources) @ org.eclipse.paho.mqtt.utility ---
[INFO] Using 'UTF-8' encoding to copy filtered resources.
[INFO] Copying 2 resources
[INFO] 
[INFO] --- maven-compiler-plugin:3.5.1:compile (default-compile) @ org.eclipse.paho.mqtt.utility ---
[INFO] Changes detected - recompiling the module!
[INFO] Compiling 6 source files to /home/codegex/Documents/workspace/rbugs/experiment/top100repos/paho.mqtt.java/org.eclipse.paho.sample.utility/target/classes
[INFO] /home/codegex/Documents/workspace/rbugs/experiment/top100repos/paho.mqtt.java/org.eclipse.paho.sample.utility/src/main/java/org/eclipse/paho/sample/utility/ConnOpts.java: 某些输入文件使用了未经检查或不安全的操作。
[INFO] /home/codegex/Documents/workspace/rbugs/experiment/top100repos/paho.mqtt.java/org.eclipse.paho.sample.utility/src/main/java/org/eclipse/paho/sample/utility/ConnOpts.java: 有关详细信息, 请使用 -Xlint:unchecked 重新编译。
[INFO] 
[INFO] --- maven-resources-plugin:3.0.2:testResources (default-testResources) @ org.eclipse.paho.mqtt.utility ---
[INFO] Using 'UTF-8' encoding to copy filtered resources.
[INFO] skip non existing resourceDirectory /home/codegex/Documents/workspace/rbugs/experiment/top100repos/paho.mqtt.java/org.eclipse.paho.sample.utility/src/test/resources
[INFO] 
[INFO] --- maven-compiler-plugin:3.5.1:testCompile (default-testCompile) @ org.eclipse.paho.mqtt.utility ---
[INFO] No sources to compile
[INFO] 
[INFO] --- maven-surefire-plugin:2.12.4:test (default-test) @ org.eclipse.paho.mqtt.utility ---
[INFO] Tests are skipped.
[INFO] 
[INFO] --- tycho-source-plugin:1.7.0:plugin-source (plugin-source) @ org.eclipse.paho.mqtt.utility ---
[INFO] 
[INFO] --- maven-jar-plugin:2.4:jar (default-jar) @ org.eclipse.paho.mqtt.utility ---
[INFO] Building jar: /home/codegex/Documents/workspace/rbugs/experiment/top100repos/paho.mqtt.java/org.eclipse.paho.sample.utility/target/org.eclipse.paho.mqtt.utility-1.2.5.jar
[INFO] 
[INFO] --- maven-assembly-plugin:2.2-beta-5:single (default) @ org.eclipse.paho.mqtt.utility ---
[INFO] META-INF/MANIFEST.MF already added, skipping
[INFO] Building jar: /home/codegex/Documents/workspace/rbugs/experiment/top100repos/paho.mqtt.java/org.eclipse.paho.sample.utility/target/org.eclipse.paho.mqtt.utility-1.2.5-jar-with-dependencies.jar
[INFO] META-INF/MANIFEST.MF already added, skipping
[INFO] 
[INFO] >>> maven-source-plugin:3.0.1:jar (attach-sources) > generate-sources @ org.eclipse.paho.mqtt.utility >>>
[INFO] 
[INFO] <<< maven-source-plugin:3.0.1:jar (attach-sources) < generate-sources @ org.eclipse.paho.mqtt.utility <<<
[INFO] 
[INFO] 
[INFO] --- maven-source-plugin:3.0.1:jar (attach-sources) @ org.eclipse.paho.mqtt.utility ---
[INFO] Building jar: /home/codegex/Documents/workspace/rbugs/experiment/top100repos/paho.mqtt.java/org.eclipse.paho.sample.utility/target/org.eclipse.paho.mqtt.utility-1.2.5-sources.jar
[INFO] 
[INFO] --- maven-javadoc-plugin:3.0.0:jar (attach-javadocs) @ org.eclipse.paho.mqtt.utility ---
[INFO] Skipping javadoc generation
[INFO] 
[INFO] --- maven-install-plugin:2.4:install (default-install) @ org.eclipse.paho.mqtt.utility ---
[INFO] Installing /home/codegex/Documents/workspace/rbugs/experiment/top100repos/paho.mqtt.java/org.eclipse.paho.sample.utility/target/org.eclipse.paho.mqtt.utility-1.2.5.jar to /home/codegex/.m2/repository/org/eclipse/paho/org.eclipse.paho.mqtt.utility/1.2.5/org.eclipse.paho.mqtt.utility-1.2.5.jar
[INFO] Installing /home/codegex/Documents/workspace/rbugs/experiment/top100repos/paho.mqtt.java/org.eclipse.paho.sample.utility/pom.xml to /home/codegex/.m2/repository/org/eclipse/paho/org.eclipse.paho.mqtt.utility/1.2.5/org.eclipse.paho.mqtt.utility-1.2.5.pom
[INFO] Installing /home/codegex/Documents/workspace/rbugs/experiment/top100repos/paho.mqtt.java/org.eclipse.paho.sample.utility/target/org.eclipse.paho.mqtt.utility-1.2.5-jar-with-dependencies.jar to /home/codegex/.m2/repository/org/eclipse/paho/org.eclipse.paho.mqtt.utility/1.2.5/org.eclipse.paho.mqtt.utility-1.2.5-jar-with-dependencies.jar
[INFO] Installing /home/codegex/Documents/workspace/rbugs/experiment/top100repos/paho.mqtt.java/org.eclipse.paho.sample.utility/target/org.eclipse.paho.mqtt.utility-1.2.5-sources.jar to /home/codegex/.m2/repository/org/eclipse/paho/org.eclipse.paho.mqtt.utility/1.2.5/org.eclipse.paho.mqtt.utility-1.2.5-sources.jar
[INFO] 
[INFO] ----------< org.eclipse.paho:org.eclipse.paho.mqttv5.client >-----------
[INFO] Building org.eclipse.paho.mqttv5.client 1.2.5                      [6/8]
[INFO] ---------------------------[ eclipse-plugin ]---------------------------
[INFO] 
[INFO] --- maven-clean-plugin:2.5:clean (default-clean) @ org.eclipse.paho.mqttv5.client ---
[INFO] Deleting /home/codegex/Documents/workspace/rbugs/experiment/top100repos/paho.mqtt.java/org.eclipse.paho.mqttv5.client/target
[INFO] 
[INFO] --- tycho-packaging-plugin:1.7.0:build-qualifier (default-build-qualifier) @ org.eclipse.paho.mqttv5.client ---
[INFO] The project's OSGi version is 1.2.5
[INFO] 
[INFO] --- tycho-packaging-plugin:1.7.0:validate-id (default-validate-id) @ org.eclipse.paho.mqttv5.client ---
[INFO] 
[INFO] --- tycho-packaging-plugin:1.7.0:validate-version (default-validate-version) @ org.eclipse.paho.mqttv5.client ---
[INFO] 
[INFO] --- jacoco-maven-plugin:0.8.2:prepare-agent (default) @ org.eclipse.paho.mqttv5.client ---
[INFO] argLine set to -javaagent:/home/codegex/.m2/repository/org/jacoco/org.jacoco.agent/0.8.2/org.jacoco.agent-0.8.2-runtime.jar=destfile=/home/codegex/Documents/workspace/rbugs/experiment/top100repos/paho.mqtt.java/org.eclipse.paho.mqttv5.client/target/jacoco.exec
[INFO] 
[INFO] --- maven-resources-plugin:3.0.2:resources (default-resources) @ org.eclipse.paho.mqttv5.client ---
[INFO] Using 'UTF-8' encoding to copy filtered resources.
[INFO] Copying 18 resources
[INFO] 
[INFO] --- maven-resources-plugin:3.0.2:copy-resources (default-copy-resources) @ org.eclipse.paho.mqttv5.client ---
[INFO] Using 'UTF-8' encoding to copy filtered resources.
[INFO] Copying 1 resource
[INFO] 
[INFO] --- tycho-compiler-plugin:1.7.0:compile (default-compile) @ org.eclipse.paho.mqttv5.client ---
[WARNING] Parameter 'useProjectSettings' is set to true, but preferences file '/home/codegex/Documents/workspace/rbugs/experiment/top100repos/paho.mqtt.java/org.eclipse.paho.mqttv5.client/.settings/org.eclipse.jdt.core.prefs' could not be found!
[INFO] Compiling 113 source files to /home/codegex/Documents/workspace/rbugs/experiment/top100repos/paho.mqtt.java/org.eclipse.paho.mqttv5.client/target/classes
[INFO] 
[INFO] --- maven-resources-plugin:3.0.2:testResources (default-testResources) @ org.eclipse.paho.mqttv5.client ---
[INFO] Using 'UTF-8' encoding to copy filtered resources.
[INFO] skip non existing resourceDirectory /home/codegex/Documents/workspace/rbugs/experiment/top100repos/paho.mqtt.java/org.eclipse.paho.mqttv5.client/src/test/resources
[INFO] 
[INFO] --- jacoco-maven-plugin:0.8.2:report-aggregate (generate-test-report) @ org.eclipse.paho.mqttv5.client ---
[INFO] 
[INFO] --- tycho-source-plugin:1.7.0:plugin-source (plugin-source) @ org.eclipse.paho.mqttv5.client ---
[WARNING] bundle localization file /home/codegex/Documents/workspace/rbugs/experiment/top100repos/paho.mqtt.java/org.eclipse.paho.mqttv5.client/plugin.properties not found
[INFO] Building jar: /home/codegex/Documents/workspace/rbugs/experiment/top100repos/paho.mqtt.java/org.eclipse.paho.mqttv5.client/target/org.eclipse.paho.mqttv5.client-1.2.5-sources.jar
[INFO] 
[INFO] --- target-platform-configuration:1.7.0:target-platform (default-target-platform) @ org.eclipse.paho.mqttv5.client ---
[INFO] 
[INFO] --- tycho-packaging-plugin:1.7.0:package-plugin (default-package-plugin) @ org.eclipse.paho.mqttv5.client ---
[INFO] Building jar: /home/codegex/Documents/workspace/rbugs/experiment/top100repos/paho.mqtt.java/org.eclipse.paho.mqttv5.client/target/org.eclipse.paho.mqttv5.client-1.2.5.jar
[INFO] 
[INFO] --- tycho-p2-plugin:1.7.0:p2-metadata-default (default-p2-metadata-default) @ org.eclipse.paho.mqttv5.client ---
[INFO] 
[INFO] --- maven-javadoc-plugin:3.2.0:jar (attach-javadocs) @ org.eclipse.paho.mqttv5.client ---
[INFO] Skipping javadoc generation
[INFO] 
[INFO] --- maven-install-plugin:2.3.1:install (default-install) @ org.eclipse.paho.mqttv5.client ---
[INFO] Installing /home/codegex/Documents/workspace/rbugs/experiment/top100repos/paho.mqtt.java/org.eclipse.paho.mqttv5.client/target/org.eclipse.paho.mqttv5.client-1.2.5.jar to /home/codegex/.m2/repository/org/eclipse/paho/org.eclipse.paho.mqttv5.client/1.2.5/org.eclipse.paho.mqttv5.client-1.2.5.jar
[INFO] Installing /home/codegex/Documents/workspace/rbugs/experiment/top100repos/paho.mqtt.java/org.eclipse.paho.mqttv5.client/pom.xml to /home/codegex/.m2/repository/org/eclipse/paho/org.eclipse.paho.mqttv5.client/1.2.5/org.eclipse.paho.mqttv5.client-1.2.5.pom
[INFO] Installing /home/codegex/Documents/workspace/rbugs/experiment/top100repos/paho.mqtt.java/org.eclipse.paho.mqttv5.client/target/org.eclipse.paho.mqttv5.client-1.2.5-sources.jar to /home/codegex/.m2/repository/org/eclipse/paho/org.eclipse.paho.mqttv5.client/1.2.5/org.eclipse.paho.mqttv5.client-1.2.5-sources.jar
[INFO] Installing /home/codegex/Documents/workspace/rbugs/experiment/top100repos/paho.mqtt.java/org.eclipse.paho.mqttv5.client/target/p2content.xml to /home/codegex/.m2/repository/org/eclipse/paho/org.eclipse.paho.mqttv5.client/1.2.5/org.eclipse.paho.mqttv5.client-1.2.5-p2metadata.xml
[INFO] Installing /home/codegex/Documents/workspace/rbugs/experiment/top100repos/paho.mqtt.java/org.eclipse.paho.mqttv5.client/target/p2artifacts.xml to /home/codegex/.m2/repository/org/eclipse/paho/org.eclipse.paho.mqttv5.client/1.2.5/org.eclipse.paho.mqttv5.client-1.2.5-p2artifacts.xml
[INFO] 
[INFO] --- tycho-p2-plugin:1.7.0:update-local-index (default-update-local-index) @ org.eclipse.paho.mqttv5.client ---
[INFO] 
[INFO] --------< org.eclipse.paho:org.eclipse.paho.mqttv5.client.test >--------
[INFO] Building org.eclipse.paho.mqttv5.client.test 1.2.5                 [7/8]
[INFO] --------------------------------[ jar ]---------------------------------
[INFO] 
[INFO] --- maven-clean-plugin:2.5:clean (default-clean) @ org.eclipse.paho.mqttv5.client.test ---
[INFO] Deleting /home/codegex/Documents/workspace/rbugs/experiment/top100repos/paho.mqtt.java/org.eclipse.paho.mqttv5.client.test/target
[INFO] 
[INFO] --- jacoco-maven-plugin:0.8.2:prepare-agent (default) @ org.eclipse.paho.mqttv5.client.test ---
[INFO] argLine set to -javaagent:/home/codegex/.m2/repository/org/jacoco/org.jacoco.agent/0.8.2/org.jacoco.agent-0.8.2-runtime.jar=destfile=/home/codegex/Documents/workspace/rbugs/experiment/top100repos/paho.mqtt.java/org.eclipse.paho.mqttv5.client.test/target/jacoco.exec
[INFO] 
[INFO] --- maven-resources-plugin:3.0.2:resources (default-resources) @ org.eclipse.paho.mqttv5.client.test ---
[INFO] Using 'UTF-8' encoding to copy filtered resources.
[INFO] skip non existing resourceDirectory /home/codegex/Documents/workspace/rbugs/experiment/top100repos/paho.mqtt.java/org.eclipse.paho.mqttv5.client.test/src/main/resources
[INFO] 
[INFO] --- maven-compiler-plugin:3.5.1:compile (default-compile) @ org.eclipse.paho.mqttv5.client.test ---
[INFO] No sources to compile
[INFO] 
[INFO] --- maven-resources-plugin:3.0.2:testResources (default-testResources) @ org.eclipse.paho.mqttv5.client.test ---
[INFO] Using 'UTF-8' encoding to copy filtered resources.
[INFO] Copying 5 resources
[INFO] 
[INFO] --- maven-compiler-plugin:3.5.1:testCompile (default-testCompile) @ org.eclipse.paho.mqttv5.client.test ---
[INFO] Changes detected - recompiling the module!
[INFO] Compiling 51 source files to /home/codegex/Documents/workspace/rbugs/experiment/top100repos/paho.mqtt.java/org.eclipse.paho.mqttv5.client.test/target/test-classes
[INFO] 
[INFO] --- maven-surefire-plugin:2.15:test (default-test) @ org.eclipse.paho.mqttv5.client.test ---
[INFO] Tests are skipped.
[INFO] 
[INFO] --- jacoco-maven-plugin:0.8.2:report-aggregate (generate-test-report) @ org.eclipse.paho.mqttv5.client.test ---
[INFO] Analyzed bundle 'org.eclipse.paho.mqttv5.client' with 103 classes
[INFO] 
[INFO] --- tycho-source-plugin:1.7.0:plugin-source (plugin-source) @ org.eclipse.paho.mqttv5.client.test ---
[INFO] 
[INFO] --- maven-jar-plugin:2.4:jar (default-jar) @ org.eclipse.paho.mqttv5.client.test ---
[WARNING] JAR will be empty - no content was marked for inclusion!
[INFO] Building jar: /home/codegex/Documents/workspace/rbugs/experiment/top100repos/paho.mqtt.java/org.eclipse.paho.mqttv5.client.test/target/org.eclipse.paho.mqttv5.client.test-1.2.5.jar
[INFO] 
[INFO] --- maven-source-plugin:2.2.1:test-jar-no-fork (attach-sources) @ org.eclipse.paho.mqttv5.client.test ---
[INFO] Building jar: /home/codegex/Documents/workspace/rbugs/experiment/top100repos/paho.mqtt.java/org.eclipse.paho.mqttv5.client.test/target/org.eclipse.paho.mqttv5.client.test-1.2.5-test-sources.jar
[INFO] 
[INFO] --- maven-jar-plugin:2.4:test-jar (default) @ org.eclipse.paho.mqttv5.client.test ---
[INFO] Building jar: /home/codegex/Documents/workspace/rbugs/experiment/top100repos/paho.mqtt.java/org.eclipse.paho.mqttv5.client.test/target/org.eclipse.paho.mqttv5.client.test-1.2.5-tests.jar
[INFO] 
[INFO] --- maven-install-plugin:2.4:install (default-install) @ org.eclipse.paho.mqttv5.client.test ---
[INFO] Installing /home/codegex/Documents/workspace/rbugs/experiment/top100repos/paho.mqtt.java/org.eclipse.paho.mqttv5.client.test/target/org.eclipse.paho.mqttv5.client.test-1.2.5.jar to /home/codegex/.m2/repository/org/eclipse/paho/org.eclipse.paho.mqttv5.client.test/1.2.5/org.eclipse.paho.mqttv5.client.test-1.2.5.jar
[INFO] Installing /home/codegex/Documents/workspace/rbugs/experiment/top100repos/paho.mqtt.java/org.eclipse.paho.mqttv5.client.test/pom.xml to /home/codegex/.m2/repository/org/eclipse/paho/org.eclipse.paho.mqttv5.client.test/1.2.5/org.eclipse.paho.mqttv5.client.test-1.2.5.pom
[INFO] Installing /home/codegex/Documents/workspace/rbugs/experiment/top100repos/paho.mqtt.java/org.eclipse.paho.mqttv5.client.test/target/org.eclipse.paho.mqttv5.client.test-1.2.5-test-sources.jar to /home/codegex/.m2/repository/org/eclipse/paho/org.eclipse.paho.mqttv5.client.test/1.2.5/org.eclipse.paho.mqttv5.client.test-1.2.5-test-sources.jar
[INFO] Installing /home/codegex/Documents/workspace/rbugs/experiment/top100repos/paho.mqtt.java/org.eclipse.paho.mqttv5.client.test/target/org.eclipse.paho.mqttv5.client.test-1.2.5-tests.jar to /home/codegex/.m2/repository/org/eclipse/paho/org.eclipse.paho.mqttv5.client.test/1.2.5/org.eclipse.paho.mqttv5.client.test-1.2.5-tests.jar
[INFO] 
[INFO] -----< org.eclipse.paho:org.eclipse.paho.mqttv5.client.repository >-----
[INFO] Building Paho P2 Repository 1.2.5                                  [8/8]
[INFO] -------------------------[ eclipse-repository ]-------------------------
[INFO] 
[INFO] --- maven-clean-plugin:2.5:clean (default-clean) @ org.eclipse.paho.mqttv5.client.repository ---
[INFO] Deleting /home/codegex/Documents/workspace/rbugs/experiment/top100repos/paho.mqtt.java/org.eclipse.paho.mqttv5.client.repository/target
[INFO] 
[INFO] --- tycho-packaging-plugin:1.7.0:build-qualifier-aggregator (default-build-qualifier-aggregator) @ org.eclipse.paho.mqttv5.client.repository ---
[INFO] The project's OSGi version is 1.2.5
[INFO] 
[INFO] --- maven-clean-plugin:2.5:clean (default-clean-1) @ org.eclipse.paho.mqttv5.client.repository ---
[INFO] 
[INFO] --- maven-resources-plugin:3.0.2:resources (default-resources) @ org.eclipse.paho.mqttv5.client.repository ---
[INFO] Using 'UTF-8' encoding to copy filtered resources.
[INFO] skip non existing resourceDirectory /home/codegex/Documents/workspace/rbugs/experiment/top100repos/paho.mqtt.java/org.eclipse.paho.mqttv5.client.repository/src/main/resources
[INFO] 
[INFO] --- tycho-source-plugin:1.7.0:plugin-source (plugin-source) @ org.eclipse.paho.mqttv5.client.repository ---
[INFO] 
[INFO] --- target-platform-configuration:1.7.0:target-platform (default-target-platform) @ org.eclipse.paho.mqttv5.client.repository ---
[INFO] 
[INFO] --- tycho-p2-publisher-plugin:1.7.0:publish-osgi-ee (default-publish-osgi-ee) @ org.eclipse.paho.mqttv5.client.repository ---
[INFO] Published profile IUs: [a.jre.javase 11.0.0, config.a.jre.javase 11.0.0]
[INFO] Published profile IUs: [a.jre.javase 14.0.0, config.a.jre.javase 14.0.0]
[INFO] 
[INFO] --- tycho-p2-publisher-plugin:1.7.0:publish-products (default-publish-products) @ org.eclipse.paho.mqttv5.client.repository ---
[INFO] 
[INFO] --- tycho-p2-publisher-plugin:1.7.0:publish-categories (default-publish-categories) @ org.eclipse.paho.mqttv5.client.repository ---
[INFO] 
[INFO] --- tycho-p2-publisher-plugin:1.7.0:attach-artifacts (default-attach-artifacts) @ org.eclipse.paho.mqttv5.client.repository ---
[INFO] 
[INFO] --- tycho-p2-repository-plugin:1.7.0:assemble-repository (default-assemble-repository) @ org.eclipse.paho.mqttv5.client.repository ---
[INFO] 
[INFO] --- tycho-p2-repository-plugin:1.7.0:archive-repository (default-archive-repository) @ org.eclipse.paho.mqttv5.client.repository ---
[INFO] Building zip: /home/codegex/Documents/workspace/rbugs/experiment/top100repos/paho.mqtt.java/org.eclipse.paho.mqttv5.client.repository/target/org.eclipse.paho.mqttv5.client.repository-1.2.5.zip
[INFO] 
[INFO] --- maven-install-plugin:2.3.1:install (default-install) @ org.eclipse.paho.mqttv5.client.repository ---
[INFO] Installing /home/codegex/Documents/workspace/rbugs/experiment/top100repos/paho.mqtt.java/org.eclipse.paho.mqttv5.client.repository/target/org.eclipse.paho.mqttv5.client.repository-1.2.5.zip to /home/codegex/.m2/repository/org/eclipse/paho/org.eclipse.paho.mqttv5.client.repository/1.2.5/org.eclipse.paho.mqttv5.client.repository-1.2.5.zip
[INFO] Installing /home/codegex/Documents/workspace/rbugs/experiment/top100repos/paho.mqtt.java/org.eclipse.paho.mqttv5.client.repository/pom.xml to /home/codegex/.m2/repository/org/eclipse/paho/org.eclipse.paho.mqttv5.client.repository/1.2.5/org.eclipse.paho.mqttv5.client.repository-1.2.5.pom
[INFO] Installing /home/codegex/Documents/workspace/rbugs/experiment/top100repos/paho.mqtt.java/org.eclipse.paho.mqttv5.client.repository/target/p2content.xml to /home/codegex/.m2/repository/org/eclipse/paho/org.eclipse.paho.mqttv5.client.repository/1.2.5/org.eclipse.paho.mqttv5.client.repository-1.2.5-p2metadata.xml
[INFO] Installing /home/codegex/Documents/workspace/rbugs/experiment/top100repos/paho.mqtt.java/org.eclipse.paho.mqttv5.client.repository/target/p2artifacts.xml to /home/codegex/.m2/repository/org/eclipse/paho/org.eclipse.paho.mqttv5.client.repository/1.2.5/org.eclipse.paho.mqttv5.client.repository-1.2.5-p2artifacts.xml
[INFO] 
[INFO] --- tycho-p2-plugin:1.7.0:update-local-index (default-update-local-index) @ org.eclipse.paho.mqttv5.client.repository ---
[INFO] ------------------------------------------------------------------------
[INFO] Reactor Summary for Eclipse Paho 1.2.5:
[INFO] 
[INFO] Eclipse Paho ....................................... SUCCESS [  0.330 s]
[INFO] org.eclipse.paho.client.mqttv3 ..................... SUCCESS [  2.205 s]
[INFO] org.eclipse.paho.client.mqttv3.test ................ SUCCESS [  1.854 s]
[INFO] Paho P2 Repository for mqttv3 client ............... SUCCESS [  0.854 s]
[INFO] org.eclipse.paho.mqtt.utility ...................... SUCCESS [  0.754 s]
[INFO] org.eclipse.paho.mqttv5.client ..................... SUCCESS [  0.535 s]
[INFO] org.eclipse.paho.mqttv5.client.test ................ SUCCESS [  0.660 s]
[INFO] Paho P2 Repository ................................. SUCCESS [  0.687 s]
[INFO] ------------------------------------------------------------------------
[INFO] BUILD SUCCESS
[INFO] ------------------------------------------------------------------------
[INFO] Total time:  02:20 min
[INFO] Finished at: 2021-04-04T20:08:35+08:00
[INFO] ------------------------------------------------------------------------
WARNING: An illegal reflective access operation has occurred
WARNING: Illegal reflective access by com.google.inject.internal.cglib.core.$ReflectUtils$1 (file:/usr/share/maven/lib/guice.jar) to method java.lang.ClassLoader.defineClass(java.lang.String,byte[],int,int,java.security.ProtectionDomain)
WARNING: Please consider reporting this to the maintainers of com.google.inject.internal.cglib.core.$ReflectUtils$1
WARNING: Use --illegal-access=warn to enable warnings of further illegal reflective access operations
WARNING: All illegal access operations will be denied in a future release
