[INFO] Scanning for projects...
[INFO] 
[INFO] ------------------------< sharpen:sharpencore >-------------------------
[INFO] Building sharpencore 0.0.1-SNAPSHOT
[INFO] --------------------------------[ jar ]---------------------------------
[INFO] Downloading from central: https://repo.maven.apache.org/maven2/org/eclipse/osgi/maven-metadata.xml
[INFO] Downloaded from central: https://repo.maven.apache.org/maven2/org/eclipse/osgi/maven-metadata.xml (611 B at 516 B/s)
[INFO] Downloading from central: https://repo.maven.apache.org/maven2/org/eclipse/equinox/common/maven-metadata.xml
[INFO] Downloaded from central: https://repo.maven.apache.org/maven2/org/eclipse/equinox/common/maven-metadata.xml (383 B at 1.0 kB/s)
[INFO] Downloading from central: https://repo.maven.apache.org/maven2/org/eclipse/core/jobs/maven-metadata.xml
[INFO] Downloaded from central: https://repo.maven.apache.org/maven2/org/eclipse/core/jobs/maven-metadata.xml (420 B at 1.1 kB/s)
[INFO] Downloading from central: https://repo.maven.apache.org/maven2/org/eclipse/equinox/registry/maven-metadata.xml
[INFO] Downloaded from central: https://repo.maven.apache.org/maven2/org/eclipse/equinox/registry/maven-metadata.xml (433 B at 1.2 kB/s)
[INFO] Downloading from central: https://repo.maven.apache.org/maven2/org/eclipse/equinox/preferences/maven-metadata.xml
[INFO] Downloaded from central: https://repo.maven.apache.org/maven2/org/eclipse/equinox/preferences/maven-metadata.xml (436 B at 1.2 kB/s)
[INFO] Downloading from central: https://repo.maven.apache.org/maven2/org/eclipse/core/contenttype/maven-metadata.xml
[INFO] Downloaded from central: https://repo.maven.apache.org/maven2/org/eclipse/core/contenttype/maven-metadata.xml (433 B at 1.2 kB/s)
[INFO] Downloading from central: https://repo.maven.apache.org/maven2/org/eclipse/equinox/app/maven-metadata.xml
[INFO] Downloaded from central: https://repo.maven.apache.org/maven2/org/eclipse/equinox/app/maven-metadata.xml (428 B at 1.0 kB/s)
[INFO] 
[INFO] --- maven-clean-plugin:2.5:clean (default-clean) @ sharpencore ---
[INFO] Deleting /home/codegex/Documents/workspace/rbugs/experiment/top100repos/sharpen/src/target
[INFO] 
[INFO] --- maven-resources-plugin:2.6:resources (default-resources) @ sharpencore ---
[INFO] Using 'UTF-8' encoding to copy filtered resources.
[INFO] Copying 496 resources
[INFO] 
[INFO] --- maven-compiler-plugin:3.1:compile (default-compile) @ sharpencore ---
[INFO] Changes detected - recompiling the module!
[INFO] Compiling 158 source files to /home/codegex/Documents/workspace/rbugs/experiment/top100repos/sharpen/src/target/classes
[INFO] -------------------------------------------------------------
[ERROR] COMPILATION ERROR : 
[INFO] -------------------------------------------------------------
[ERROR] 不再支持源选项 5。请使用 6 或更高版本。
[ERROR] 不再支持目标选项 1.5。请使用 1.6 或更高版本。
[INFO] 2 errors 
[INFO] -------------------------------------------------------------
[INFO] ------------------------------------------------------------------------
[INFO] BUILD FAILURE
[INFO] ------------------------------------------------------------------------
[INFO] Total time:  7.995 s
[INFO] Finished at: 2021-04-04T19:05:48+08:00
[INFO] ------------------------------------------------------------------------
[ERROR] Failed to execute goal org.apache.maven.plugins:maven-compiler-plugin:3.1:compile (default-compile) on project sharpencore: Compilation failure: Compilation failure: 
[ERROR] 不再支持源选项 5。请使用 6 或更高版本。
[ERROR] 不再支持目标选项 1.5。请使用 1.6 或更高版本。
[ERROR] -> [Help 1]
[ERROR] 
[ERROR] To see the full stack trace of the errors, re-run Maven with the -e switch.
[ERROR] Re-run Maven using the -X switch to enable full debug logging.
[ERROR] 
[ERROR] For more information about the errors and possible solutions, please read the following articles:
[ERROR] [Help 1] http://cwiki.apache.org/confluence/display/MAVEN/MojoFailureException
[INFO] Build failures were ignored.
WARNING: An illegal reflective access operation has occurred
WARNING: Illegal reflective access by com.google.inject.internal.cglib.core.$ReflectUtils$1 (file:/usr/share/maven/lib/guice.jar) to method java.lang.ClassLoader.defineClass(java.lang.String,byte[],int,int,java.security.ProtectionDomain)
WARNING: Please consider reporting this to the maintainers of com.google.inject.internal.cglib.core.$ReflectUtils$1
WARNING: Use --illegal-access=warn to enable warnings of further illegal reflective access operations
WARNING: All illegal access operations will be denied in a future release
