[INFO] Scanning for projects...
[WARNING] The POM for com.sun.xml.bind:jaxb-core:jar:2.2.11 is invalid, transitive dependencies (if any) will not be available, enable debug logging for more details
[WARNING] The POM for com.sun.xml.bind:jaxb-impl:jar:2.2.11 is invalid, transitive dependencies (if any) will not be available, enable debug logging for more details
[WARNING] No explicit target runtime environment configuration. Build is platform dependent.
[INFO] Downloading from jcenter: https://jcenter.bintray.com/org/eclipse/tycho/target-platform-configuration/maven-metadata.xml
[INFO] Downloaded from jcenter: https://jcenter.bintray.com/org/eclipse/tycho/target-platform-configuration/maven-metadata.xml (1.3 kB at 1.6 kB/s)
[INFO] Downloading from jcenter: https://jcenter.bintray.com/org/eclipse/tycho/target-platform-configuration/2.3.0/target-platform-configuration-2.3.0.pom
[INFO] Downloaded from jcenter: https://jcenter.bintray.com/org/eclipse/tycho/target-platform-configuration/2.3.0/target-platform-configuration-2.3.0.pom (1.7 kB at 3.7 kB/s)
[INFO] Downloading from jcenter: https://jcenter.bintray.com/org/eclipse/tycho/tycho/2.3.0/tycho-2.3.0.pom
[INFO] Downloaded from jcenter: https://jcenter.bintray.com/org/eclipse/tycho/tycho/2.3.0/tycho-2.3.0.pom (17 kB at 479 kB/s)
[INFO] Downloading from jcenter: https://jcenter.bintray.com/org/eclipse/tycho/target-platform-configuration/2.3.0/target-platform-configuration-2.3.0.jar
[INFO] Downloaded from jcenter: https://jcenter.bintray.com/org/eclipse/tycho/target-platform-configuration/2.3.0/target-platform-configuration-2.3.0.jar (13 kB at 418 kB/s)
[INFO] Downloading from jcenter: https://jcenter.bintray.com/org/eclipse/tycho/tycho-surefire-plugin/maven-metadata.xml
[INFO] Downloaded from jcenter: https://jcenter.bintray.com/org/eclipse/tycho/tycho-surefire-plugin/maven-metadata.xml (1.3 kB at 1.8 kB/s)
[INFO] Downloading from jcenter: https://jcenter.bintray.com/org/eclipse/tycho/tycho-surefire-plugin/2.3.0/tycho-surefire-plugin-2.3.0.pom
[INFO] Downloaded from jcenter: https://jcenter.bintray.com/org/eclipse/tycho/tycho-surefire-plugin/2.3.0/tycho-surefire-plugin-2.3.0.pom (6.3 kB at 15 kB/s)
[INFO] Downloading from jcenter: https://jcenter.bintray.com/org/eclipse/tycho/tycho-surefire-plugin/2.3.0/tycho-surefire-plugin-2.3.0.jar
[INFO] Downloaded from jcenter: https://jcenter.bintray.com/org/eclipse/tycho/tycho-surefire-plugin/2.3.0/tycho-surefire-plugin-2.3.0.jar (63 kB at 134 kB/s)
[INFO] Downloading from jcenter: https://jcenter.bintray.com/org/eclipse/tycho/tycho-core/2.3.0/tycho-core-2.3.0.pom
[INFO] Downloaded from jcenter: https://jcenter.bintray.com/org/eclipse/tycho/tycho-core/2.3.0/tycho-core-2.3.0.pom (6.6 kB at 14 kB/s)
[INFO] Downloading from jcenter: https://jcenter.bintray.com/org/eclipse/tycho/org.eclipse.tycho.p2.tools.shared/2.3.0/org.eclipse.tycho.p2.tools.shared-2.3.0.pom
[INFO] Downloaded from jcenter: https://jcenter.bintray.com/org/eclipse/tycho/org.eclipse.tycho.p2.tools.shared/2.3.0/org.eclipse.tycho.p2.tools.shared-2.3.0.pom (1.1 kB at 2.4 kB/s)
[INFO] Downloading from jcenter: https://jcenter.bintray.com/org/eclipse/tycho/tycho-bundles/2.3.0/tycho-bundles-2.3.0.pom
[INFO] Downloaded from jcenter: https://jcenter.bintray.com/org/eclipse/tycho/tycho-bundles/2.3.0/tycho-bundles-2.3.0.pom (3.0 kB at 5.9 kB/s)
[INFO] Downloading from jcenter: https://jcenter.bintray.com/org/eclipse/tycho/org.eclipse.tycho.p2.resolver.shared/2.3.0/org.eclipse.tycho.p2.resolver.shared-2.3.0.pom
[INFO] Downloaded from jcenter: https://jcenter.bintray.com/org/eclipse/tycho/org.eclipse.tycho.p2.resolver.shared/2.3.0/org.eclipse.tycho.p2.resolver.shared-2.3.0.pom (1.1 kB at 2.3 kB/s)
[INFO] Downloading from jcenter: https://jcenter.bintray.com/org/eclipse/tycho/sisu-equinox-embedder/2.3.0/sisu-equinox-embedder-2.3.0.pom
[INFO] Downloaded from jcenter: https://jcenter.bintray.com/org/eclipse/tycho/sisu-equinox-embedder/2.3.0/sisu-equinox-embedder-2.3.0.pom (1.8 kB at 3.8 kB/s)
[INFO] Downloading from jcenter: https://jcenter.bintray.com/org/eclipse/tycho/sisu-equinox/2.3.0/sisu-equinox-2.3.0.pom
[INFO] Downloaded from jcenter: https://jcenter.bintray.com/org/eclipse/tycho/sisu-equinox/2.3.0/sisu-equinox-2.3.0.pom (1.0 kB at 2.0 kB/s)
[INFO] Downloading from jcenter: https://jcenter.bintray.com/org/eclipse/platform/org.eclipse.osgi/3.16.200/org.eclipse.osgi-3.16.200.pom
[INFO] Downloaded from jcenter: https://jcenter.bintray.com/org/eclipse/platform/org.eclipse.osgi/3.16.200/org.eclipse.osgi-3.16.200.pom (1.7 kB at 10 kB/s)
[INFO] Downloading from jcenter: https://jcenter.bintray.com/org/eclipse/tycho/sisu-equinox-api/2.3.0/sisu-equinox-api-2.3.0.pom
[INFO] Downloaded from jcenter: https://jcenter.bintray.com/org/eclipse/tycho/sisu-equinox-api/2.3.0/sisu-equinox-api-2.3.0.pom (1.7 kB at 3.7 kB/s)
[INFO] Downloading from jcenter: https://jcenter.bintray.com/org/eclipse/tycho/tycho-metadata-model/2.3.0/tycho-metadata-model-2.3.0.pom
[INFO] Downloaded from jcenter: https://jcenter.bintray.com/org/eclipse/tycho/tycho-metadata-model/2.3.0/tycho-metadata-model-2.3.0.pom (1.4 kB at 3.1 kB/s)
[INFO] Downloading from jcenter: https://jcenter.bintray.com/org/eclipse/tycho/tycho-embedder-api/2.3.0/tycho-embedder-api-2.3.0.pom
[INFO] Downloaded from jcenter: https://jcenter.bintray.com/org/eclipse/tycho/tycho-embedder-api/2.3.0/tycho-embedder-api-2.3.0.pom (2.1 kB at 4.2 kB/s)
[INFO] Downloading from jcenter: https://jcenter.bintray.com/org/eclipse/tycho/org.eclipse.tycho.embedder.shared/2.3.0/org.eclipse.tycho.embedder.shared-2.3.0.pom
[INFO] Downloaded from jcenter: https://jcenter.bintray.com/org/eclipse/tycho/org.eclipse.tycho.embedder.shared/2.3.0/org.eclipse.tycho.embedder.shared-2.3.0.pom (1.1 kB at 2.3 kB/s)
[INFO] Downloading from jcenter: https://jcenter.bintray.com/org/eclipse/tycho/org.eclipse.tycho.core.shared/2.3.0/org.eclipse.tycho.core.shared-2.3.0.pom
[INFO] Downloaded from jcenter: https://jcenter.bintray.com/org/eclipse/tycho/org.eclipse.tycho.core.shared/2.3.0/org.eclipse.tycho.core.shared-2.3.0.pom (1.0 kB at 2.4 kB/s)
[INFO] Downloading from jcenter: https://jcenter.bintray.com/org/eclipse/tycho/sisu-equinox-launching/2.3.0/sisu-equinox-launching-2.3.0.pom
[INFO] Downloaded from jcenter: https://jcenter.bintray.com/org/eclipse/tycho/sisu-equinox-launching/2.3.0/sisu-equinox-launching-2.3.0.pom (2.9 kB at 6.5 kB/s)
[INFO] Downloading from jcenter: https://jcenter.bintray.com/org/eclipse/tycho/org.eclipse.tycho.surefire.osgibooter/2.3.0/org.eclipse.tycho.surefire.osgibooter-2.3.0.pom
[INFO] Downloaded from jcenter: https://jcenter.bintray.com/org/eclipse/tycho/org.eclipse.tycho.surefire.osgibooter/2.3.0/org.eclipse.tycho.surefire.osgibooter-2.3.0.pom (3.3 kB at 8.1 kB/s)
[INFO] Downloading from jcenter: https://jcenter.bintray.com/org/eclipse/tycho/org.eclipse.tycho.surefire.junit/2.3.0/org.eclipse.tycho.surefire.junit-2.3.0.pom
[INFO] Downloaded from jcenter: https://jcenter.bintray.com/org/eclipse/tycho/org.eclipse.tycho.surefire.junit/2.3.0/org.eclipse.tycho.surefire.junit-2.3.0.pom (1.5 kB at 3.4 kB/s)
[INFO] Downloading from jcenter: https://jcenter.bintray.com/org/eclipse/tycho/tycho-surefire/2.3.0/tycho-surefire-2.3.0.pom
[INFO] Downloaded from jcenter: https://jcenter.bintray.com/org/eclipse/tycho/tycho-surefire/2.3.0/tycho-surefire-2.3.0.pom (3.2 kB at 7.4 kB/s)
[INFO] Downloading from jcenter: https://jcenter.bintray.com/org/eclipse/tycho/org.eclipse.tycho.surefire.junit4/2.3.0/org.eclipse.tycho.surefire.junit4-2.3.0.pom
[INFO] Downloaded from jcenter: https://jcenter.bintray.com/org/eclipse/tycho/org.eclipse.tycho.surefire.junit4/2.3.0/org.eclipse.tycho.surefire.junit4-2.3.0.pom (1.5 kB at 3.0 kB/s)
[INFO] Downloading from jcenter: https://jcenter.bintray.com/org/eclipse/tycho/org.eclipse.tycho.surefire.junit47/2.3.0/org.eclipse.tycho.surefire.junit47-2.3.0.pom
[INFO] Downloaded from jcenter: https://jcenter.bintray.com/org/eclipse/tycho/org.eclipse.tycho.surefire.junit47/2.3.0/org.eclipse.tycho.surefire.junit47-2.3.0.pom (1.9 kB at 4.1 kB/s)
[INFO] Downloading from jcenter: https://jcenter.bintray.com/org/eclipse/tycho/org.eclipse.tycho.surefire.junit5/2.3.0/org.eclipse.tycho.surefire.junit5-2.3.0.pom
[INFO] Downloaded from jcenter: https://jcenter.bintray.com/org/eclipse/tycho/org.eclipse.tycho.surefire.junit5/2.3.0/org.eclipse.tycho.surefire.junit5-2.3.0.pom (3.3 kB at 7.3 kB/s)
[INFO] Downloading from jcenter: https://jcenter.bintray.com/org/eclipse/tycho/org.eclipse.tycho.surefire.junit54/2.3.0/org.eclipse.tycho.surefire.junit54-2.3.0.pom
[INFO] Downloaded from jcenter: https://jcenter.bintray.com/org/eclipse/tycho/org.eclipse.tycho.surefire.junit54/2.3.0/org.eclipse.tycho.surefire.junit54-2.3.0.pom (3.3 kB at 7.1 kB/s)
[INFO] Downloading from jcenter: https://jcenter.bintray.com/org/eclipse/tycho/org.eclipse.tycho.surefire.junit55/2.3.0/org.eclipse.tycho.surefire.junit55-2.3.0.pom
[INFO] Downloaded from jcenter: https://jcenter.bintray.com/org/eclipse/tycho/org.eclipse.tycho.surefire.junit55/2.3.0/org.eclipse.tycho.surefire.junit55-2.3.0.pom (3.3 kB at 7.6 kB/s)
[INFO] Downloading from jcenter: https://jcenter.bintray.com/org/eclipse/tycho/org.eclipse.tycho.surefire.junit56/2.3.0/org.eclipse.tycho.surefire.junit56-2.3.0.pom
[INFO] Downloaded from jcenter: https://jcenter.bintray.com/org/eclipse/tycho/org.eclipse.tycho.surefire.junit56/2.3.0/org.eclipse.tycho.surefire.junit56-2.3.0.pom (3.3 kB at 7.7 kB/s)
[INFO] Downloading from jcenter: https://jcenter.bintray.com/org/eclipse/tycho/org.eclipse.tycho.surefire.junit57/2.3.0/org.eclipse.tycho.surefire.junit57-2.3.0.pom
[INFO] Downloaded from jcenter: https://jcenter.bintray.com/org/eclipse/tycho/org.eclipse.tycho.surefire.junit57/2.3.0/org.eclipse.tycho.surefire.junit57-2.3.0.pom (3.1 kB at 7.1 kB/s)
[INFO] Downloading from jcenter: https://jcenter.bintray.com/org/eclipse/tycho/org.eclipse.tycho.surefire.testng/2.3.0/org.eclipse.tycho.surefire.testng-2.3.0.pom
[INFO] Downloaded from jcenter: https://jcenter.bintray.com/org/eclipse/tycho/org.eclipse.tycho.surefire.testng/2.3.0/org.eclipse.tycho.surefire.testng-2.3.0.pom (2.1 kB at 4.7 kB/s)
[INFO] Downloading from jcenter: https://jcenter.bintray.com/org/eclipse/tycho/tycho-p2-facade/2.3.0/tycho-p2-facade-2.3.0.pom
[INFO] Downloaded from jcenter: https://jcenter.bintray.com/org/eclipse/tycho/tycho-p2-facade/2.3.0/tycho-p2-facade-2.3.0.pom (2.2 kB at 4.6 kB/s)
[INFO] Downloading from jcenter: https://jcenter.bintray.com/org/eclipse/tycho/tycho-p2/2.3.0/tycho-p2-2.3.0.pom
[INFO] Downloaded from jcenter: https://jcenter.bintray.com/org/eclipse/tycho/tycho-p2/2.3.0/tycho-p2-2.3.0.pom (1.1 kB at 2.5 kB/s)
[INFO] Downloading from jcenter: https://jcenter.bintray.com/org/eclipse/platform/org.eclipse.osgi/3.16.200/org.eclipse.osgi-3.16.200.jar
[INFO] Downloading from jcenter: https://jcenter.bintray.com/org/eclipse/tycho/sisu-equinox-launching/2.3.0/sisu-equinox-launching-2.3.0.jar
[INFO] Downloading from jcenter: https://jcenter.bintray.com/org/eclipse/tycho/org.eclipse.tycho.surefire.junit/2.3.0/org.eclipse.tycho.surefire.junit-2.3.0.jar
[INFO] Downloading from jcenter: https://jcenter.bintray.com/org/eclipse/tycho/org.eclipse.tycho.surefire.osgibooter/2.3.0/org.eclipse.tycho.surefire.osgibooter-2.3.0.jar
[INFO] Downloading from jcenter: https://jcenter.bintray.com/org/eclipse/tycho/org.eclipse.tycho.surefire.junit4/2.3.0/org.eclipse.tycho.surefire.junit4-2.3.0.jar
[INFO] Downloaded from jcenter: https://jcenter.bintray.com/org/eclipse/platform/org.eclipse.osgi/3.16.200/org.eclipse.osgi-3.16.200.jar (1.5 MB at 5.8 MB/s)
[INFO] Downloading from jcenter: https://jcenter.bintray.com/org/eclipse/tycho/org.eclipse.tycho.surefire.junit47/2.3.0/org.eclipse.tycho.surefire.junit47-2.3.0.jar
[INFO] Downloaded from jcenter: https://jcenter.bintray.com/org/eclipse/tycho/org.eclipse.tycho.surefire.junit/2.3.0/org.eclipse.tycho.surefire.junit-2.3.0.jar (26 kB at 45 kB/s)
[INFO] Downloading from jcenter: https://jcenter.bintray.com/org/eclipse/tycho/org.eclipse.tycho.surefire.junit5/2.3.0/org.eclipse.tycho.surefire.junit5-2.3.0.jar
[INFO] Downloaded from jcenter: https://jcenter.bintray.com/org/eclipse/tycho/sisu-equinox-launching/2.3.0/sisu-equinox-launching-2.3.0.jar (28 kB at 44 kB/s)
[INFO] Downloading from jcenter: https://jcenter.bintray.com/org/eclipse/tycho/org.eclipse.tycho.surefire.junit54/2.3.0/org.eclipse.tycho.surefire.junit54-2.3.0.jar
[INFO] Downloaded from jcenter: https://jcenter.bintray.com/org/eclipse/tycho/org.eclipse.tycho.surefire.junit4/2.3.0/org.eclipse.tycho.surefire.junit4-2.3.0.jar (65 kB at 101 kB/s)
[INFO] Downloading from jcenter: https://jcenter.bintray.com/org/eclipse/tycho/org.eclipse.tycho.surefire.junit55/2.3.0/org.eclipse.tycho.surefire.junit55-2.3.0.jar
[INFO] Downloaded from jcenter: https://jcenter.bintray.com/org/eclipse/tycho/org.eclipse.tycho.surefire.junit47/2.3.0/org.eclipse.tycho.surefire.junit47-2.3.0.jar (185 kB at 177 kB/s)
[INFO] Downloading from jcenter: https://jcenter.bintray.com/org/eclipse/tycho/org.eclipse.tycho.surefire.junit56/2.3.0/org.eclipse.tycho.surefire.junit56-2.3.0.jar
[INFO] Downloaded from jcenter: https://jcenter.bintray.com/org/eclipse/tycho/org.eclipse.tycho.surefire.osgibooter/2.3.0/org.eclipse.tycho.surefire.osgibooter-2.3.0.jar (935 kB at 883 kB/s)
[INFO] Downloading from jcenter: https://jcenter.bintray.com/org/eclipse/tycho/org.eclipse.tycho.surefire.junit57/2.3.0/org.eclipse.tycho.surefire.junit57-2.3.0.jar
[INFO] Downloaded from jcenter: https://jcenter.bintray.com/org/eclipse/tycho/org.eclipse.tycho.surefire.junit5/2.3.0/org.eclipse.tycho.surefire.junit5-2.3.0.jar (425 kB at 348 kB/s)
[INFO] Downloading from jcenter: https://jcenter.bintray.com/org/eclipse/tycho/org.eclipse.tycho.surefire.testng/2.3.0/org.eclipse.tycho.surefire.testng-2.3.0.jar
[INFO] Downloaded from jcenter: https://jcenter.bintray.com/org/eclipse/tycho/org.eclipse.tycho.surefire.junit55/2.3.0/org.eclipse.tycho.surefire.junit55-2.3.0.jar (680 kB at 421 kB/s)
[INFO] Downloaded from jcenter: https://jcenter.bintray.com/org/eclipse/tycho/org.eclipse.tycho.surefire.junit54/2.3.0/org.eclipse.tycho.surefire.junit54-2.3.0.jar (616 kB at 362 kB/s)
[INFO] Downloaded from jcenter: https://jcenter.bintray.com/org/eclipse/tycho/org.eclipse.tycho.surefire.junit57/2.3.0/org.eclipse.tycho.surefire.junit57-2.3.0.jar (728 kB at 372 kB/s)
[INFO] Downloaded from jcenter: https://jcenter.bintray.com/org/eclipse/tycho/org.eclipse.tycho.surefire.testng/2.3.0/org.eclipse.tycho.surefire.testng-2.3.0.jar (111 kB at 45 kB/s)
[INFO] Downloaded from jcenter: https://jcenter.bintray.com/org/eclipse/tycho/org.eclipse.tycho.surefire.junit56/2.3.0/org.eclipse.tycho.surefire.junit56-2.3.0.jar (706 kB at 268 kB/s)
[INFO] Downloading from jcenter: https://jcenter.bintray.com/com/github/spotbugs/spotbugs-maven-plugin/4.2.3-SNAPSHOT/maven-metadata.xml
[WARNING] No explicit target runtime environment configuration. Build is platform dependent.
[WARNING] No explicit target runtime environment configuration. Build is platform dependent.
[WARNING] No explicit target runtime environment configuration. Build is platform dependent.
[WARNING] No explicit target runtime environment configuration. Build is platform dependent.
[WARNING] No explicit target runtime environment configuration. Build is platform dependent.
[WARNING] No explicit target runtime environment configuration. Build is platform dependent.
[WARNING] No explicit target runtime environment configuration. Build is platform dependent.
[WARNING] No explicit target runtime environment configuration. Build is platform dependent.
[WARNING] No explicit target runtime environment configuration. Build is platform dependent.
[WARNING] No explicit target runtime environment configuration. Build is platform dependent.
[WARNING] No explicit target runtime environment configuration. Build is platform dependent.
[WARNING] No explicit target runtime environment configuration. Build is platform dependent.
[WARNING] No explicit target runtime environment configuration. Build is platform dependent.
[WARNING] No explicit target runtime environment configuration. Build is platform dependent.
[WARNING] No explicit target runtime environment configuration. Build is platform dependent.
[WARNING] No explicit target runtime environment configuration. Build is platform dependent.
[WARNING] No explicit target runtime environment configuration. Build is platform dependent.
[WARNING] No explicit target runtime environment configuration. Build is platform dependent.
[WARNING] No explicit target runtime environment configuration. Build is platform dependent.
[WARNING] No explicit target runtime environment configuration. Build is platform dependent.
[WARNING] No explicit target runtime environment configuration. Build is platform dependent.
[WARNING] No explicit target runtime environment configuration. Build is platform dependent.
[WARNING] No explicit target runtime environment configuration. Build is platform dependent.
[WARNING] No explicit target runtime environment configuration. Build is platform dependent.
[WARNING] No explicit target runtime environment configuration. Build is platform dependent.
[WARNING] No explicit target runtime environment configuration. Build is platform dependent.
[WARNING] No explicit target runtime environment configuration. Build is platform dependent.
[WARNING] No explicit target runtime environment configuration. Build is platform dependent.
[WARNING] No explicit target runtime environment configuration. Build is platform dependent.
[WARNING] No explicit target runtime environment configuration. Build is platform dependent.
[WARNING] No explicit target runtime environment configuration. Build is platform dependent.
[WARNING] No explicit target runtime environment configuration. Build is platform dependent.
[WARNING] No explicit target runtime environment configuration. Build is platform dependent.
[WARNING] No explicit target runtime environment configuration. Build is platform dependent.
[WARNING] No explicit target runtime environment configuration. Build is platform dependent.
[WARNING] No explicit target runtime environment configuration. Build is platform dependent.
[WARNING] No explicit target runtime environment configuration. Build is platform dependent.
[WARNING] No explicit target runtime environment configuration. Build is platform dependent.
[WARNING] No explicit target runtime environment configuration. Build is platform dependent.
[WARNING] No explicit target runtime environment configuration. Build is platform dependent.
[WARNING] No explicit target runtime environment configuration. Build is platform dependent.
[WARNING] No explicit target runtime environment configuration. Build is platform dependent.
[WARNING] No explicit target runtime environment configuration. Build is platform dependent.
[WARNING] No explicit target runtime environment configuration. Build is platform dependent.
[WARNING] No explicit target runtime environment configuration. Build is platform dependent.
[WARNING] No explicit target runtime environment configuration. Build is platform dependent.
[WARNING] No explicit target runtime environment configuration. Build is platform dependent.
[WARNING] No explicit target runtime environment configuration. Build is platform dependent.
[WARNING] No explicit target runtime environment configuration. Build is platform dependent.
[WARNING] No explicit target runtime environment configuration. Build is platform dependent.
[WARNING] No explicit target runtime environment configuration. Build is platform dependent.
[WARNING] No explicit target runtime environment configuration. Build is platform dependent.
[WARNING] No explicit target runtime environment configuration. Build is platform dependent.
[WARNING] No explicit target runtime environment configuration. Build is platform dependent.
[WARNING] No explicit target runtime environment configuration. Build is platform dependent.
[WARNING] No explicit target runtime environment configuration. Build is platform dependent.
[WARNING] No explicit target runtime environment configuration. Build is platform dependent.
[WARNING] No explicit target runtime environment configuration. Build is platform dependent.
[INFO] Downloading from jcenter: https://jcenter.bintray.com/org/eclipse/tycho/tycho-p2-plugin/maven-metadata.xml
[INFO] Downloaded from jcenter: https://jcenter.bintray.com/org/eclipse/tycho/tycho-p2-plugin/maven-metadata.xml (1.3 kB at 2.3 kB/s)
[INFO] Downloading from jcenter: https://jcenter.bintray.com/org/eclipse/tycho/tycho-p2-plugin/2.3.0/tycho-p2-plugin-2.3.0.pom
[INFO] Downloaded from jcenter: https://jcenter.bintray.com/org/eclipse/tycho/tycho-p2-plugin/2.3.0/tycho-p2-plugin-2.3.0.pom (2.2 kB at 5.1 kB/s)
[INFO] Downloading from jcenter: https://jcenter.bintray.com/org/eclipse/tycho/tycho-p2-plugin/2.3.0/tycho-p2-plugin-2.3.0.jar
[INFO] Downloaded from jcenter: https://jcenter.bintray.com/org/eclipse/tycho/tycho-p2-plugin/2.3.0/tycho-p2-plugin-2.3.0.jar (29 kB at 61 kB/s)
[INFO] Downloading from jcenter: https://jcenter.bintray.com/org/eclipse/tycho/tycho-artifactcomparator/2.3.0/tycho-artifactcomparator-2.3.0.pom
[INFO] Downloaded from jcenter: https://jcenter.bintray.com/org/eclipse/tycho/tycho-artifactcomparator/2.3.0/tycho-artifactcomparator-2.3.0.pom (2.2 kB at 5.1 kB/s)
[INFO] Downloading from jcenter: https://jcenter.bintray.com/org/eclipse/tycho/tycho-artifactcomparator/2.3.0/tycho-artifactcomparator-2.3.0.jar
[INFO] Downloaded from jcenter: https://jcenter.bintray.com/org/eclipse/tycho/tycho-artifactcomparator/2.3.0/tycho-artifactcomparator-2.3.0.jar (20 kB at 43 kB/s)
[INFO] Computing target platform for MavenProject: org.eclipse.smarthome.test:org.eclipse.smarthome.test:0.11.0-SNAPSHOT @ /home/codegex/Documents/workspace/rbugs/experiment/top100repos/smarthome/bundles/test/org.eclipse.smarthome.test/pom.xml
[INFO] Adding repository http://download.eclipse.org/tools/orbit/downloads/drops/R20140525021250/repository
[ERROR] Failed to resolve target definition /home/codegex/Documents/workspace/rbugs/experiment/top100repos/smarthome/targetplatform/smarthome.target: Failed to load p2 metadata repository from location http://download.eclipse.org/tools/orbit/downloads/drops/R20140525021250/repository/: Unable to read repository at http://download.eclipse.org/tools/orbit/downloads/drops/R20140525021250/repository/content.xml. Connect to download.eclipse.org:80 timed out -> [Help 1]
[ERROR] 
[ERROR] To see the full stack trace of the errors, re-run Maven with the -e switch.
[ERROR] Re-run Maven using the -X switch to enable full debug logging.
[ERROR] 
[ERROR] For more information about the errors and possible solutions, please read the following articles:
[ERROR] [Help 1] http://cwiki.apache.org/confluence/display/MAVEN/MavenExecutionException
[INFO] Build failures were ignored.
WARNING: An illegal reflective access operation has occurred
WARNING: Illegal reflective access by com.google.inject.internal.cglib.core.$ReflectUtils$1 (file:/usr/share/maven/lib/guice.jar) to method java.lang.ClassLoader.defineClass(java.lang.String,byte[],int,int,java.security.ProtectionDomain)
WARNING: Please consider reporting this to the maintainers of com.google.inject.internal.cglib.core.$ReflectUtils$1
WARNING: Use --illegal-access=warn to enable warnings of further illegal reflective access operations
WARNING: All illegal access operations will be denied in a future release
