[INFO] Scanning for projects...
[INFO] 
[INFO] --< com.kaleidosoftlabs:spring-angularjs-java-webapp-template-project >--
[INFO] Building spring-angularjs-java-webapp-template-project 1.0-SNAPSHOT
[INFO] --------------------------------[ war ]---------------------------------
[INFO] 
[INFO] --- maven-clean-plugin:2.5:clean (default-clean) @ spring-angularjs-java-webapp-template-project ---
[INFO] Deleting /home/codegex/Documents/workspace/rbugs/experiment/top100repos/spring-mvc-angular-js-hibernate-bootstrap-java-single-page-jwt-auth-rest-api-webapp-framework/target
[INFO] 
[INFO] --- maven-resources-plugin:2.6:resources (default-resources) @ spring-angularjs-java-webapp-template-project ---
[INFO] Using 'UTF-8' encoding to copy filtered resources.
[INFO] Copying 12 resources
[INFO] 
[INFO] --- maven-compiler-plugin:3.3:compile (default-compile) @ spring-angularjs-java-webapp-template-project ---
[INFO] Changes detected - recompiling the module!
[INFO] Compiling 63 source files to /home/codegex/Documents/workspace/rbugs/experiment/top100repos/spring-mvc-angular-js-hibernate-bootstrap-java-single-page-jwt-auth-rest-api-webapp-framework/target/classes
[INFO] /home/codegex/Documents/workspace/rbugs/experiment/top100repos/spring-mvc-angular-js-hibernate-bootstrap-java-single-page-jwt-auth-rest-api-webapp-framework/src/main/java/yourwebproject2/framework/data/BaseHibernateJPARepository.java: 某些输入文件使用了未经检查或不安全的操作。
[INFO] /home/codegex/Documents/workspace/rbugs/experiment/top100repos/spring-mvc-angular-js-hibernate-bootstrap-java-single-page-jwt-auth-rest-api-webapp-framework/src/main/java/yourwebproject2/framework/data/BaseHibernateJPARepository.java: 有关详细信息, 请使用 -Xlint:unchecked 重新编译。
[INFO] 
[INFO] --- maven-resources-plugin:2.6:testResources (default-testResources) @ spring-angularjs-java-webapp-template-project ---
[INFO] Using 'UTF-8' encoding to copy filtered resources.
[INFO] skip non existing resourceDirectory /home/codegex/Documents/workspace/rbugs/experiment/top100repos/spring-mvc-angular-js-hibernate-bootstrap-java-single-page-jwt-auth-rest-api-webapp-framework/src/test/resources
[INFO] 
[INFO] --- maven-compiler-plugin:3.3:testCompile (default-testCompile) @ spring-angularjs-java-webapp-template-project ---
[INFO] Changes detected - recompiling the module!
[INFO] Compiling 3 source files to /home/codegex/Documents/workspace/rbugs/experiment/top100repos/spring-mvc-angular-js-hibernate-bootstrap-java-single-page-jwt-auth-rest-api-webapp-framework/target/test-classes
[INFO] 
[INFO] --- maven-surefire-plugin:2.12.4:test (default-test) @ spring-angularjs-java-webapp-template-project ---
[INFO] Tests are skipped.
[INFO] 
[INFO] --- maven-war-plugin:2.2:war (default-war) @ spring-angularjs-java-webapp-template-project ---
[INFO] Packaging webapp
[INFO] Assembling webapp [spring-angularjs-java-webapp-template-project] in [/home/codegex/Documents/workspace/rbugs/experiment/top100repos/spring-mvc-angular-js-hibernate-bootstrap-java-single-page-jwt-auth-rest-api-webapp-framework/target/spring-angularjs-java-webapp-template-project-1.0-SNAPSHOT]
[INFO] Processing war project
[INFO] Copying webapp resources [/home/codegex/Documents/workspace/rbugs/experiment/top100repos/spring-mvc-angular-js-hibernate-bootstrap-java-single-page-jwt-auth-rest-api-webapp-framework/src/main/webapp]
[INFO] Webapp assembled in [598 msecs]
[INFO] Building war: /home/codegex/Documents/workspace/rbugs/experiment/top100repos/spring-mvc-angular-js-hibernate-bootstrap-java-single-page-jwt-auth-rest-api-webapp-framework/target/spring-angularjs-java-webapp-template-project-1.0-SNAPSHOT.war
[INFO] WEB-INF/web.xml already added, skipping
[INFO] 
[INFO] --- maven-install-plugin:2.4:install (default-install) @ spring-angularjs-java-webapp-template-project ---
[INFO] Installing /home/codegex/Documents/workspace/rbugs/experiment/top100repos/spring-mvc-angular-js-hibernate-bootstrap-java-single-page-jwt-auth-rest-api-webapp-framework/target/spring-angularjs-java-webapp-template-project-1.0-SNAPSHOT.war to /home/codegex/.m2/repository/com/kaleidosoftlabs/spring-angularjs-java-webapp-template-project/1.0-SNAPSHOT/spring-angularjs-java-webapp-template-project-1.0-SNAPSHOT.war
[INFO] Installing /home/codegex/Documents/workspace/rbugs/experiment/top100repos/spring-mvc-angular-js-hibernate-bootstrap-java-single-page-jwt-auth-rest-api-webapp-framework/pom.xml to /home/codegex/.m2/repository/com/kaleidosoftlabs/spring-angularjs-java-webapp-template-project/1.0-SNAPSHOT/spring-angularjs-java-webapp-template-project-1.0-SNAPSHOT.pom
[INFO] ------------------------------------------------------------------------
[INFO] BUILD SUCCESS
[INFO] ------------------------------------------------------------------------
[INFO] Total time:  4.839 s
[INFO] Finished at: 2021-04-04T20:14:47+08:00
[INFO] ------------------------------------------------------------------------
WARNING: An illegal reflective access operation has occurred
WARNING: Illegal reflective access by com.google.inject.internal.cglib.core.$ReflectUtils$1 (file:/usr/share/maven/lib/guice.jar) to method java.lang.ClassLoader.defineClass(java.lang.String,byte[],int,int,java.security.ProtectionDomain)
WARNING: Please consider reporting this to the maintainers of com.google.inject.internal.cglib.core.$ReflectUtils$1
WARNING: Use --illegal-access=warn to enable warnings of further illegal reflective access operations
WARNING: All illegal access operations will be denied in a future release
