[INFO] Scanning for projects...
[INFO] 
[INFO] -----------------------------< TIJ4:TIJ4 >------------------------------
[INFO] Building TIJ4 0.0.1-SNAPSHOT
[INFO] --------------------------------[ pom ]---------------------------------
[INFO] 
[INFO] --- maven-clean-plugin:2.5:clean (default-clean) @ TIJ4 ---
[INFO] Deleting /home/codegex/Documents/workspace/rbugs/experiment/top100repos/tij4-maven/target
[INFO] 
[INFO] --- maven-install-plugin:2.4:install (default-install) @ TIJ4 ---
[INFO] Installing /home/codegex/Documents/workspace/rbugs/experiment/top100repos/tij4-maven/pom.xml to /home/codegex/.m2/repository/TIJ4/TIJ4/0.0.1-SNAPSHOT/TIJ4-0.0.1-SNAPSHOT.pom
[INFO] ------------------------------------------------------------------------
[INFO] BUILD SUCCESS
[INFO] ------------------------------------------------------------------------
[INFO] Total time:  0.223 s
[INFO] Finished at: 2021-04-04T19:12:07+08:00
[INFO] ------------------------------------------------------------------------
WARNING: An illegal reflective access operation has occurred
WARNING: Illegal reflective access by com.google.inject.internal.cglib.core.$ReflectUtils$1 (file:/usr/share/maven/lib/guice.jar) to method java.lang.ClassLoader.defineClass(java.lang.String,byte[],int,int,java.security.ProtectionDomain)
WARNING: Please consider reporting this to the maintainers of com.google.inject.internal.cglib.core.$ReflectUtils$1
WARNING: Use --illegal-access=warn to enable warnings of further illegal reflective access operations
WARNING: All illegal access operations will be denied in a future release
