[INFO] Scanning for projects...
[INFO] 
[INFO] --------------< io.github.mariazevedo88:travels-java-api >--------------
[INFO] Building travels-java-api 5.0.1-SNAPSHOT
[INFO] --------------------------------[ jar ]---------------------------------
[INFO] 
[INFO] --- maven-clean-plugin:3.1.0:clean (default-clean) @ travels-java-api ---
[INFO] Deleting /home/codegex/Documents/workspace/rbugs/experiment/top100repos/travels-java-api/target
[INFO] 
[INFO] --- spring-boot-maven-plugin:2.3.7.RELEASE:build-info (default) @ travels-java-api ---
[INFO] 
[INFO] --- maven-resources-plugin:3.1.0:resources (default-resources) @ travels-java-api ---
[INFO] Using 'UTF-8' encoding to copy filtered resources.
[INFO] Copying 3 resources
[INFO] Copying 4 resources
[INFO] 
[INFO] --- maven-compiler-plugin:3.8.1:compile (default-compile) @ travels-java-api ---
[INFO] Changes detected - recompiling the module!
[INFO] Compiling 66 source files to /home/codegex/Documents/workspace/rbugs/experiment/top100repos/travels-java-api/target/classes
[INFO] 
[INFO] --- build-helper-maven-plugin:3.1.0:add-test-source (add-integration-test-sources) @ travels-java-api ---
[INFO] Test Source directory: /home/codegex/Documents/workspace/rbugs/experiment/top100repos/travels-java-api/src/it/java added.
[INFO] 
[INFO] --- build-helper-maven-plugin:3.1.0:add-test-resource (add-integration-test-resources) @ travels-java-api ---
[INFO] 
[INFO] --- maven-resources-plugin:3.1.0:testResources (default-testResources) @ travels-java-api ---
[INFO] Using 'UTF-8' encoding to copy filtered resources.
[INFO] skip non existing resourceDirectory /home/codegex/Documents/workspace/rbugs/experiment/top100repos/travels-java-api/src/test/resources
[INFO] skip non existing resourceDirectory /home/codegex/Documents/workspace/rbugs/experiment/top100repos/travels-java-api/src/it/resources
[INFO] 
[INFO] --- maven-compiler-plugin:3.8.1:testCompile (default-testCompile) @ travels-java-api ---
[INFO] Changes detected - recompiling the module!
[INFO] Compiling 17 source files to /home/codegex/Documents/workspace/rbugs/experiment/top100repos/travels-java-api/target/test-classes
[INFO] 
[INFO] --- maven-surefire-plugin:2.22.2:test (default-test) @ travels-java-api ---
[INFO] Tests are skipped.
[INFO] 
[INFO] --- maven-jar-plugin:3.2.0:jar (default-jar) @ travels-java-api ---
[INFO] Building jar: /home/codegex/Documents/workspace/rbugs/experiment/top100repos/travels-java-api/target/travels-java-api-5.0.1-SNAPSHOT.jar
[INFO] 
[INFO] --- spring-boot-maven-plugin:2.3.7.RELEASE:repackage (repackage) @ travels-java-api ---
[INFO] Replacing main artifact with repackaged archive
[INFO] 
[INFO] --- maven-failsafe-plugin:2.22.2:integration-test (default) @ travels-java-api ---
[INFO] Tests are skipped.
[INFO] 
[INFO] --- maven-failsafe-plugin:2.22.2:verify (default) @ travels-java-api ---
[INFO] Tests are skipped.
[INFO] 
[INFO] --- maven-install-plugin:2.5.2:install (default-install) @ travels-java-api ---
[INFO] Installing /home/codegex/Documents/workspace/rbugs/experiment/top100repos/travels-java-api/target/travels-java-api-5.0.1-SNAPSHOT.jar to /home/codegex/.m2/repository/io/github/mariazevedo88/travels-java-api/5.0.1-SNAPSHOT/travels-java-api-5.0.1-SNAPSHOT.jar
[INFO] Installing /home/codegex/Documents/workspace/rbugs/experiment/top100repos/travels-java-api/pom.xml to /home/codegex/.m2/repository/io/github/mariazevedo88/travels-java-api/5.0.1-SNAPSHOT/travels-java-api-5.0.1-SNAPSHOT.pom
[INFO] ------------------------------------------------------------------------
[INFO] BUILD SUCCESS
[INFO] ------------------------------------------------------------------------
[INFO] Total time:  6.259 s
[INFO] Finished at: 2021-04-04T19:30:40+08:00
[INFO] ------------------------------------------------------------------------
WARNING: An illegal reflective access operation has occurred
WARNING: Illegal reflective access by com.google.inject.internal.cglib.core.$ReflectUtils$1 (file:/usr/share/maven/lib/guice.jar) to method java.lang.ClassLoader.defineClass(java.lang.String,byte[],int,int,java.security.ProtectionDomain)
WARNING: Please consider reporting this to the maintainers of com.google.inject.internal.cglib.core.$ReflectUtils$1
WARNING: Use --illegal-access=warn to enable warnings of further illegal reflective access operations
WARNING: All illegal access operations will be denied in a future release
