[INFO] Scanning for projects...
[INFO] 
[INFO] -------------------------< com.trivago:triava >-------------------------
[INFO] Building triava 2.0.1
[INFO] --------------------------------[ jar ]---------------------------------
[INFO] 
[INFO] --- maven-clean-plugin:2.5:clean (default-clean) @ triava ---
[INFO] Deleting /home/codegex/Documents/workspace/rbugs/experiment/top100repos/triava/target
[INFO] 
[INFO] --- maven-resources-plugin:2.6:resources (default-resources) @ triava ---
[INFO] Using 'UTF-8' encoding to copy filtered resources.
[INFO] Copying 1 resource
[INFO] 
[INFO] --- maven-compiler-plugin:3.5.1:compile (default-compile) @ triava ---
[INFO] Changes detected - recompiling the module!
[INFO] Compiling 96 source files to /home/codegex/Documents/workspace/rbugs/experiment/top100repos/triava/target/classes
[INFO] /home/codegex/Documents/workspace/rbugs/experiment/top100repos/triava/src/main/java/com/trivago/triava/tcache/TCacheFactory.java: /home/codegex/Documents/workspace/rbugs/experiment/top100repos/triava/src/main/java/com/trivago/triava/tcache/TCacheFactory.java使用或覆盖了已过时的 API。
[INFO] /home/codegex/Documents/workspace/rbugs/experiment/top100repos/triava/src/main/java/com/trivago/triava/tcache/TCacheFactory.java: 有关详细信息, 请使用 -Xlint:deprecation 重新编译。
[INFO] 
[INFO] --- maven-resources-plugin:2.6:testResources (default-testResources) @ triava ---
[INFO] Using 'UTF-8' encoding to copy filtered resources.
[INFO] skip non existing resourceDirectory /home/codegex/Documents/workspace/rbugs/experiment/top100repos/triava/src/test/resources
[INFO] 
[INFO] --- maven-compiler-plugin:3.5.1:testCompile (default-testCompile) @ triava ---
[INFO] Changes detected - recompiling the module!
[INFO] Compiling 17 source files to /home/codegex/Documents/workspace/rbugs/experiment/top100repos/triava/target/test-classes
[INFO] /home/codegex/Documents/workspace/rbugs/experiment/top100repos/triava/src/test/java/com/trivago/triava/tcache/util/TestUtils.java: 某些输入文件使用了未经检查或不安全的操作。
[INFO] /home/codegex/Documents/workspace/rbugs/experiment/top100repos/triava/src/test/java/com/trivago/triava/tcache/util/TestUtils.java: 有关详细信息, 请使用 -Xlint:unchecked 重新编译。
[INFO] 
[INFO] --- maven-surefire-plugin:2.12.4:test (default-test) @ triava ---
[INFO] Tests are skipped.
[INFO] 
[INFO] --- maven-jar-plugin:2.4:jar (default-jar) @ triava ---
[INFO] Building jar: /home/codegex/Documents/workspace/rbugs/experiment/top100repos/triava/target/triava-2.0.1.jar
[INFO] 
[INFO] >>> maven-source-plugin:2.2.1:jar (attach-sources) > generate-sources @ triava >>>
[INFO] 
[INFO] <<< maven-source-plugin:2.2.1:jar (attach-sources) < generate-sources @ triava <<<
[INFO] 
[INFO] 
[INFO] --- maven-source-plugin:2.2.1:jar (attach-sources) @ triava ---
[INFO] Building jar: /home/codegex/Documents/workspace/rbugs/experiment/top100repos/triava/target/triava-2.0.1-sources.jar
[INFO] 
[INFO] --- maven-javadoc-plugin:2.9.1:jar (attach-javadocs) @ triava ---
[INFO] Skipping javadoc generation
[INFO] 
[INFO] --- maven-install-plugin:2.4:install (default-install) @ triava ---
[INFO] Installing /home/codegex/Documents/workspace/rbugs/experiment/top100repos/triava/target/triava-2.0.1.jar to /home/codegex/.m2/repository/com/trivago/triava/2.0.1/triava-2.0.1.jar
[INFO] Installing /home/codegex/Documents/workspace/rbugs/experiment/top100repos/triava/pom.xml to /home/codegex/.m2/repository/com/trivago/triava/2.0.1/triava-2.0.1.pom
[INFO] Installing /home/codegex/Documents/workspace/rbugs/experiment/top100repos/triava/target/triava-2.0.1-sources.jar to /home/codegex/.m2/repository/com/trivago/triava/2.0.1/triava-2.0.1-sources.jar
[INFO] ------------------------------------------------------------------------
[INFO] BUILD SUCCESS
[INFO] ------------------------------------------------------------------------
[INFO] Total time:  2.088 s
[INFO] Finished at: 2021-04-04T19:53:03+08:00
[INFO] ------------------------------------------------------------------------
WARNING: An illegal reflective access operation has occurred
WARNING: Illegal reflective access by com.google.inject.internal.cglib.core.$ReflectUtils$1 (file:/usr/share/maven/lib/guice.jar) to method java.lang.ClassLoader.defineClass(java.lang.String,byte[],int,int,java.security.ProtectionDomain)
WARNING: Please consider reporting this to the maintainers of com.google.inject.internal.cglib.core.$ReflectUtils$1
WARNING: Use --illegal-access=warn to enable warnings of further illegal reflective access operations
WARNING: All illegal access operations will be denied in a future release
