[INFO] Scanning for projects...
[INFO] Inspecting build with total of 1 modules...
[INFO] Installing Nexus Staging features:
[INFO]   ... total of 1 executions of maven-deploy-plugin replaced with nexus-staging-maven-plugin
[INFO] 
[INFO] --------------------< de.struller-baumann:visualee >--------------------
[INFO] Building visualee 0.29-SNAPSHOT
[INFO] ----------------------------[ maven-plugin ]----------------------------
[INFO] 
[INFO] --- maven-clean-plugin:2.5:clean (default-clean) @ visualee ---
[INFO] Deleting /home/codegex/Documents/workspace/rbugs/experiment/top100repos/visualee/target
[INFO] 
[INFO] --- license-maven-plugin:1.6:update-file-header (add-apache-headers) @ visualee ---
[INFO] Will search files to update from root /home/codegex/Documents/workspace/rbugs/experiment/top100repos/visualee/src
[INFO] Scan 63 files header done in 92.08ms.
[INFO] All files are up-to-date.
[INFO] 
[INFO] --- maven-resources-plugin:2.6:resources (default-resources) @ visualee ---
[INFO] Using 'UTF-8' encoding to copy filtered resources.
[INFO] Copying 9 resources
[INFO] 
[INFO] --- maven-compiler-plugin:3.3:compile (default-compile) @ visualee ---
[INFO] Changes detected - recompiling the module!
[INFO] Compiling 35 source files to /home/codegex/Documents/workspace/rbugs/experiment/top100repos/visualee/target/classes
[INFO] 
[INFO] --- maven-plugin-plugin:3.2:descriptor (default-descriptor) @ visualee ---
[INFO] Using 'UTF-8' encoding to read mojo metadata.
[INFO] Applying mojo extractor for language: java
[WARNING] de.strullerbaumann.visualee.maven.VisualEEMojo#mavenSession:
[WARNING]   The syntax
[WARNING]     @parameter expression="${property}"
[WARNING]   is deprecated, please use
[WARNING]     @parameter property="property"
[WARNING]   instead.
[WARNING] de.strullerbaumann.visualee.maven.VisualEEMojo#outputdirectory:
[WARNING]   The syntax
[WARNING]     @parameter expression="${property}"
[WARNING]   is deprecated, please use
[WARNING]     @parameter property="property"
[WARNING]   instead.
[INFO] Mojo extractor for language: java found 1 mojo descriptors.
[INFO] Applying mojo extractor for language: bsh
[INFO] Mojo extractor for language: bsh found 0 mojo descriptors.
[INFO] Applying mojo extractor for language: java-annotations
[INFO] Mojo extractor for language: java-annotations found 0 mojo descriptors.
[INFO] 
[INFO] --- maven-resources-plugin:2.6:testResources (default-testResources) @ visualee ---
[INFO] Using 'UTF-8' encoding to copy filtered resources.
[INFO] skip non existing resourceDirectory /home/codegex/Documents/workspace/rbugs/experiment/top100repos/visualee/src/test/resources
[INFO] 
[INFO] --- maven-compiler-plugin:3.3:testCompile (default-testCompile) @ visualee ---
[INFO] Changes detected - recompiling the module!
[INFO] Compiling 26 source files to /home/codegex/Documents/workspace/rbugs/experiment/top100repos/visualee/target/test-classes
[INFO] 
[INFO] --- maven-surefire-plugin:2.12.4:test (default-test) @ visualee ---
[INFO] Tests are skipped.
[INFO] 
[INFO] --- maven-jar-plugin:2.4:jar (default-jar) @ visualee ---
[INFO] Building jar: /home/codegex/Documents/workspace/rbugs/experiment/top100repos/visualee/target/visualee.jar
[INFO] 
[INFO] --- maven-plugin-plugin:3.2:addPluginArtifactMetadata (default-addPluginArtifactMetadata) @ visualee ---
[INFO] 
[INFO] --- maven-gpg-plugin:1.6:sign (sign-artifacts) @ visualee ---
[INFO] 
[INFO] --- maven-install-plugin:2.5.2:install (default-install) @ visualee ---
[INFO] Installing /home/codegex/Documents/workspace/rbugs/experiment/top100repos/visualee/target/visualee.jar to /home/codegex/.m2/repository/de/struller-baumann/visualee/0.29-SNAPSHOT/visualee-0.29-SNAPSHOT.jar
[INFO] Installing /home/codegex/Documents/workspace/rbugs/experiment/top100repos/visualee/pom.xml to /home/codegex/.m2/repository/de/struller-baumann/visualee/0.29-SNAPSHOT/visualee-0.29-SNAPSHOT.pom
[INFO] ------------------------------------------------------------------------
[INFO] BUILD SUCCESS
[INFO] ------------------------------------------------------------------------
[INFO] Total time:  3.084 s
[INFO] Finished at: 2021-04-04T19:30:57+08:00
[INFO] ------------------------------------------------------------------------
WARNING: An illegal reflective access operation has occurred
WARNING: Illegal reflective access by com.google.inject.internal.cglib.core.$ReflectUtils$1 (file:/usr/share/maven/lib/guice.jar) to method java.lang.ClassLoader.defineClass(java.lang.String,byte[],int,int,java.security.ProtectionDomain)
WARNING: Please consider reporting this to the maintainers of com.google.inject.internal.cglib.core.$ReflectUtils$1
WARNING: Use --illegal-access=warn to enable warnings of further illegal reflective access operations
WARNING: All illegal access operations will be denied in a future release
