[query] http://scholar.google.com/scholar?as_q=&as_epq=%22findbugs%22%20OR%20%22spotbugs%22%20OR%20%22code%20review%22%20OR%20%22static%20analysis%22%20OR%20%22regex%22%20OR%20%22regular%20expression%22%20OR%20%22github%22%20OR%20%22pull%20requests%22&as_oq=&as_eq=&as_occt=any&as_sauthors=Akinori%20Ihara&as_publication=&as_ylo=&as_yhi=&as_vis=0&btnG=&hl=en&num=80&as_sdt=0%2C5
         Title The impact of human factors on the participation decision of reviewers in modern code review
           URL http://scholar.google.com/https://link.springer.com/article/10.1007/s10664-018-9646-1
          Year 2019
     Citations 22
      Versions 7
    Cluster ID 4346753423992596253
Citations list http://scholar.google.com/scholar?cites=4346753423992596253&as_sdt=2005&sciodt=0,5&hl=en
 Versions list http://scholar.google.com/scholar?cluster=4346753423992596253&hl=en&as_sdt=0,5
       Excerpt Abstract Modern Code Review (MCR) plays a key role in software quality practices. In MCR process, a new patch (ie, a set of code changes) is encouraged to be examined by reviewers in order to identify weaknesses in source code prior to an integration into main …

         Title An empirical study of design discussions in code review
           URL http://scholar.google.com/https://dl.acm.org/doi/abs/10.1145/3239235.3239525
          Year 2018
     Citations 16
      Versions 5
    Cluster ID 16871082411790438758
Citations list http://scholar.google.com/scholar?cites=16871082411790438758&as_sdt=2005&sciodt=0,5&hl=en
 Versions list http://scholar.google.com/scholar?cluster=16871082411790438758&hl=en&as_sdt=0,5
       Excerpt Background: Code review is a well-established software quality practice where developers critique each others' changes. A shift towards automated detection of low-level issues (eg, integration with linters) has, in theory, freed reviewers up to focus on higher level issues …

         Title The review linkage graph for code review analytics: A recovery approach and empirical study
           URL http://scholar.google.com/https://dl.acm.org/doi/abs/10.1145/3338906.3338949
          Year 2019
     Citations 7
      Versions 5
    Cluster ID 13826296203766065397
Citations list http://scholar.google.com/scholar?cites=13826296203766065397&as_sdt=2005&sciodt=0,5&hl=en
 Versions list http://scholar.google.com/scholar?cluster=13826296203766065397&hl=en&as_sdt=0,5
       Excerpt ABSTRACT Modern Code Review (MCR) is a pillar of contemporary quality assurance approaches, where developers discuss and improve code changes prior to integration. Since review interactions (eg, comments, revisions) are archived, analytics approaches like …

         Title Code review participation: game theoretical modeling of reviewers in gerrit datasets
           URL http://scholar.google.com/https://ieeexplore.ieee.org/abstract/document/7809488/
          Year 2016
     Citations 17
      Versions 5
    Cluster ID 12314190034621128200
Citations list http://scholar.google.com/scholar?cites=12314190034621128200&as_sdt=2005&sciodt=0,5&hl=en
 Versions list http://scholar.google.com/scholar?cluster=12314190034621128200&hl=en&as_sdt=0,5
       Excerpt Code review is a common practice for improving the quality of source code changes and expediting knowledge transfer in a development community. In modern code review, source code changes or patches are considered to be assessed and approved for integration by …

         Title The impact of a low level of agreement among reviewers in a code review process
           URL http://scholar.google.com/https://link.springer.com/chapter/10.1007/978-3-319-39225-7_8
          Year 2016
     Citations 14
      Versions 5
    Cluster ID 4072482038399564394
Citations list http://scholar.google.com/scholar?cites=4072482038399564394&as_sdt=2005&sciodt=0,5&hl=en
 Versions list http://scholar.google.com/scholar?cluster=4072482038399564394&hl=en&as_sdt=0,5
       Excerpt Software code review systems are commonly used in software development. In these systems, many patches are submitted to improve the quality. To verify the quality, voting is commonly used by contributors; however, there still exists a major problem, namely, that …

         Title Devreplay: Automatic repair with editable fix pattern
           URL http://scholar.google.com/https://arxiv.org/abs/2005.11040
          Year 2005
     Citations 3
      Versions 2
    Cluster ID 11497732748401277006
Citations list http://scholar.google.com/scholar?cites=11497732748401277006&as_sdt=2005&sciodt=0,5&hl=en
 Versions list http://scholar.google.com/scholar?cluster=11497732748401277006&hl=en&as_sdt=0,5
       Excerpt … or API=specific knowledge that is not covered by existing static analysis tools … provides three userinterfaces that include the command-line interface, GitHub code review bot, and … replaces thetarget source code identifier with the generated regular expression identifier using the … 

         Title How is if statement fixed through code review? a case study of qt project
           URL http://scholar.google.com/https://ieeexplore.ieee.org/abstract/document/8109285/
          Year 2017
     Citations 7
      Versions 5
    Cluster ID 18373978140194349551
Citations list http://scholar.google.com/scholar?cites=18373978140194349551&as_sdt=2005&sciodt=0,5&hl=en
 Versions list http://scholar.google.com/scholar?cluster=18373978140194349551&hl=en&as_sdt=0,5
       Excerpt Peer code review is key to ensuring the absence of software defects. To improve the review process, many code review tools provide OSS (Open Source Software) project CI (Continuous Integration) tests that automatically verify code quality issues such as a code …

         Title Towards smoother library migrations: A look at vulnerable dependency migrations at function level for npm JavaScript packages
           URL http://scholar.google.com/https://ieeexplore.ieee.org/abstract/document/8530065/
          Year 2018
     Citations 21
      Versions 2
    Cluster ID 9399114035123397265
Citations list http://scholar.google.com/scholar?cites=9399114035123397265&as_sdt=2005&sciodt=0,5&hl=en
 Versions list http://scholar.google.com/scholar?cluster=9399114035123397265&hl=en&as_sdt=0,5
       Excerpt … For step two, with the help of a simple regular expression search12, we located … VulnerableDependency # GitHub stars Updated dependents Outdated dependents Max stars Min stars Maxstars … [2] S. Mirhosseini and C. Parnin, “Can automated pull requests encourage software … 

         Title Pilot study of collective decision-making in the code review process
           URL http://scholar.google.com/https://library.naist.jp/dspace/handle/10061/12706
          Year 2015
     Citations 7
      Versions 4
    Cluster ID 7790820610885309109
Citations list http://scholar.google.com/scholar?cites=7790820610885309109&as_sdt=2005&sciodt=0,5&hl=en
 Versions list http://scholar.google.com/scholar?cluster=7790820610885309109&hl=en&as_sdt=0,5
       Excerpt Political arguments and voting requirements often follow a simple majority method which is a decision rule that selects various alternatives that have a majority, that is, more than half the votes. On the other hand, Q&A services such as StackExchange and Yahoo! Answers use …

         Title Mining Source Code Improvement Patterns from Similar Code Review Works
           URL http://scholar.google.com/https://ieeexplore.ieee.org/abstract/document/8665852/
          Year 2019
     Citations 1
      Versions 4
    Cluster ID 3206471771932466366
Citations list http://scholar.google.com/scholar?cites=3206471771932466366&as_sdt=2005&sciodt=0,5&hl=en
 Versions list http://scholar.google.com/scholar?cluster=3206471771932466366&hl=en&as_sdt=0,5
       Excerpt Code review is key to ensuring the absence of potential issues in source code. Code reviewers spend a large amount of time to manually check submitted patches based on their knowledge. Since a number of patches sometimes have similar potential issues, code …

         Title Impact of coding style checker on code review-a case study on the openstack projects
           URL http://scholar.google.com/https://ieeexplore.ieee.org/abstract/document/8661217/
          Year 2018
     Citations 3
      Versions 5
    Cluster ID 4396783039914085630
Citations list http://scholar.google.com/scholar?cites=4396783039914085630&as_sdt=2005&sciodt=0,5&hl=en
 Versions list http://scholar.google.com/scholar?cluster=4396783039914085630&hl=en&as_sdt=0,5
       Excerpt Code review is key to ensuring the absence of potential issues in source code. Code review is changing from a costly manual check by reviewer to a cost-efficient automatic check by coding style checkers. So that patch authors can verify the changed code before submitting …

         Title Do open source software projects conduct tests enough?
           URL http://scholar.google.com/https://link.springer.com/chapter/10.1007/978-3-319-13835-0_32
          Year 2014
     Citations 5
      Versions 9
    Cluster ID 5585103346181454757
Citations list http://scholar.google.com/scholar?cites=5585103346181454757&as_sdt=2005&sciodt=0,5&hl=en
 Versions list http://scholar.google.com/scholar?cluster=5585103346181454757&hl=en&as_sdt=0,5
       Excerpt … What metrics are correlated with the test success? This paper answers these questions byexecuting tests of 452 open source software projects in GitHub and measuring 13 metrics from77 projects … We collected projects in GitHub1, a famous project hosting service … 

         Title How are IF-Conditional Statements Fixed Through Peer CodeReview?
           URL http://scholar.google.com/https://search.ieice.org/bin/summary.php?id=e101-d_11_2720
          Year 2018
     Citations 1
      Versions 5
    Cluster ID 789436222626134540
Citations list http://scholar.google.com/scholar?cites=789436222626134540&as_sdt=2005&sciodt=0,5&hl=en
 Versions list http://scholar.google.com/scholar?cluster=789436222626134540&hl=en&as_sdt=0,5
       Excerpt … Based on this observation, we characterize fix- ing patterns of if-statements using the numbersof symbols changed through code review … codereview.Qt-project.org/#/c/6041/1..6/src/plugins/geoservices/nokia/places/qplacesupplier\srepository.cpp †††https://github.com/antlr … 

         Title How is IF Statement Fixed Through Code Review? A Case Study of Qt Project
           URL http://scholar.google.com/https://www.computer.org/csdl/proceedings-article/acit-csi/2016/07916945/12OmNC8uRmG
          Year 2017
     Citations 0
      Versions 2
 Versions list http://scholar.google.com/scholar?cluster=13421932839362621537&hl=en&as_sdt=0,5
       Excerpt Peer code review is key to ensuring the absence of software defects. To improve the review process, many code review tools provide OSS(Open Source Software) project CI(Continuous Integration) tests that automatically verify code quality issues such as a code convention …

         Title On the Lag of Library Vulnerability Updates: An Investigation into the Repackage and Delivery of Security Fixes Within The npm JavaScript Ecosystem
           URL http://scholar.google.com/https://deepai.org/publication/on-the-lag-of-library-vulnerability-updates-an-investigation-into-the-repackage-and-delivery-of-security-fixes-within-the-npm-javascript-ecosystem
          Year 2019
     Citations 2
      Versions 0
    Cluster ID 17266177617632419290
Citations list http://scholar.google.com/scholar?cites=17266177617632419290&as_sdt=2005&sciodt=0,5&hl=en
       Excerpt … To understand these lags of updates, we use both qualitative and quantitative approaches toconduct an empirical study on how 188 fixes were repackaged and delivered across over eighthundred thousand releases of npm software clients hosted on GitHub … 

         Title How is the IF Statement Fixed through Code Review?
           URL http://scholar.google.com/https://pdfs.semanticscholar.org/cb55/72b1895a0161d59d4a5bfc741057a504bf74.pdf
     Citations 0
      Versions 0
      PDF link http://scholar.google.com/https://pdfs.semanticscholar.org/cb55/72b1895a0161d59d4a5bfc741057a504bf74.pdf
       Excerpt -A case study of the Qt project … IEEE International Workshop on Program Debugging 2017   … How is IF statement fixed through code review?@IWPD2017 … [1] Xuan, J., Martinez, M., DeMarco, F., Clement, M., Marcote, SL, Durieux, T., … Monperrus, M … (2017). Nopol: Automatic …

         Title Lags in the release, adoption, and propagation of npm vulnerability fixes
           URL http://scholar.google.com/https://search.proquest.com/openview/18dcdf1ea15a342f5e209f7e6000cd12/1?pq-origsite=gscholar&cbl=326341
          Year 2021
     Citations 0
      Versions 0
       Excerpt … Through a preliminary study of 231 package- side fixing release of npm projects on GitHub,we observe that a fixing release is rarely released on its own, with up to 85.72% of the bundledcommits being unrelated to a fix … In most GitHub projects, Page 4 … 

         Title Do Review Feedbacks Influence to a Contributor's Time Spent on OSS Projects?
           URL http://scholar.google.com/https://ieeexplore.ieee.org/abstract/document/8530701/
          Year 2018
     Citations 3
      Versions 2
    Cluster ID 549436072755139161
Citations list http://scholar.google.com/scholar?cites=549436072755139161&as_sdt=2005&sciodt=0,5&hl=en
 Versions list http://scholar.google.com/scholar?cluster=549436072755139161&hl=en&as_sdt=0,5
       Excerpt … The code review process is as the follows: (1) A patch owner clones a source code repositoryfrom a web-based version control system service such as GitHub to their local computers. Next,the patch owner creates patches to fix a bug or to enhance patches … 

         Title How are IF-Conditional Statements Fixed Through Peer
           URL http://library.naist.jp/dspace/handle/10061/13129
          Year 2018
     Citations 0
      Versions 2
 Versions list http://scholar.google.com/scholar?cluster=14975597455213629432&hl=en&as_sdt=0,5
       Excerpt … Based on this observation, we characterize fix- ing patterns of if-statements using the numbersof symbols changed through code review … codereview.Qt-project.org/#/c/6041/1..6/src/plugins/geoservices/nokia/places/qplacesupplier\srepository.cpp †††https://github.com/antlr … 

         Title What Are the Perception Gaps Between FLOSS Developers and SE Researchers?
           URL http://scholar.google.com/https://link.springer.com/chapter/10.1007/978-3-030-20883-7_5
          Year 2019
     Citations 1
      Versions 3
    Cluster ID 3048002323827285012
Citations list http://scholar.google.com/scholar?cites=3048002323827285012&as_sdt=2005&sciodt=0,5&hl=en
 Versions list http://scholar.google.com/scholar?cluster=3048002323827285012&hl=en&as_sdt=0,5
       Excerpt … In this study, we interview 322 notable GitHub developers about high impact bugs to understandFLOSS developers' needs for bug finding and fixing, and we manually inspect and classifydevelopers' answers (bugs) by symptoms and root causes of bugs … https://github.com/. 10 … 

