[query] http://scholar.google.com/scholar?as_q=&as_epq=%22findbugs%22%20OR%20%22spotbugs%22%20OR%20%22code%20review%22%20OR%20%22static%20analysis%22%20OR%20%22regex%22%20OR%20%22regular%20expression%22%20OR%20%22github%22%20OR%20%22pull%20requests%22&as_oq=&as_eq=&as_occt=any&as_sauthors=Alberto%20Bacchelli&as_publication=&as_ylo=&as_yhi=&as_vis=0&btnG=&hl=en&num=80&as_sdt=0%2C5
         Title Expectations, outcomes, and challenges of modern code review
           URL http://scholar.google.com/https://ieeexplore.ieee.org/abstract/document/6606617/
          Year 2013
     Citations 559
      Versions 19
    Cluster ID 1568498786809371411
Citations list http://scholar.google.com/scholar?cites=1568498786809371411&as_sdt=2005&sciodt=0,5&hl=en
 Versions list http://scholar.google.com/scholar?cluster=1568498786809371411&hl=en&as_sdt=0,5
       Excerpt Code review is a common software engineering practice employed both in open source and industrial contexts. Review today is less formal and more “lightweight” than the code inspections performed and studied in the 70s and 80s. We empirically explore the …

         Title Modern code review: a case study at google
           URL http://scholar.google.com/https://dl.acm.org/doi/abs/10.1145/3183519.3183525
          Year 2018
     Citations 91
      Versions 12
    Cluster ID 2926915332765277121
Citations list http://scholar.google.com/scholar?cites=2926915332765277121&as_sdt=2005&sciodt=0,5&hl=en
 Versions list http://scholar.google.com/scholar?cluster=2926915332765277121&hl=en&as_sdt=0,5
       Excerpt Employing lightweight, tool-based code review of code changes (aka modern code review) has become the norm for a wide variety of open-source and industrial systems. In this paper, we make an exploratory investigation of modern code review at Google. Google introduced …

         Title Information needs in contemporary code review
           URL http://scholar.google.com/https://dl.acm.org/doi/abs/10.1145/3274404
          Year 2018
     Citations 31
      Versions 10
    Cluster ID 6382098102333483469
Citations list http://scholar.google.com/scholar?cites=6382098102333483469&as_sdt=2005&sciodt=0,5&hl=en
 Versions list http://scholar.google.com/scholar?cluster=6382098102333483469&hl=en&as_sdt=0,5
       Excerpt Contemporary code review is a widespread practice used by software engineers to maintain high software quality and share project knowledge. However, conducting proper code review takes time and developers often have limited time for review. In this paper, we aim at …

         Title When testing meets code review: Why and how developers review tests
           URL http://scholar.google.com/https://ieeexplore.ieee.org/abstract/document/8453136/
          Year 2018
     Citations 24
      Versions 14
    Cluster ID 14024268960216718535
Citations list http://scholar.google.com/scholar?cites=14024268960216718535&as_sdt=2005&sciodt=0,5&hl=en
 Versions list http://scholar.google.com/scholar?cluster=14024268960216718535&hl=en&as_sdt=0,5
       Excerpt Automated testing is considered an essential process for ensuring software quality. However, writing and maintaining high-quality test code is challenging and frequently considered of secondary importance. For production code, many open source and industrial …

         Title Test-driven code review: an empirical study
           URL http://scholar.google.com/https://ieeexplore.ieee.org/abstract/document/8811911/
          Year 2019
     Citations 12
      Versions 11
    Cluster ID 14313838889540173235
Citations list http://scholar.google.com/scholar?cites=14313838889540173235&as_sdt=2005&sciodt=0,5&hl=en
 Versions list http://scholar.google.com/scholar?cluster=14313838889540173235&hl=en&as_sdt=0,5
       Excerpt Test-Driven Code Review (TDR) is a code review practice in which a reviewer inspects a patch by examining the changed test code before the changed production code. Although this practice has been mentioned positively by practitioners in informal literature and …

         Title Work practices and challenges in pull-based development: the contributor's perspective
           URL http://scholar.google.com/https://ieeexplore.ieee.org/abstract/document/7886911/
          Year 2016
     Citations 185
      Versions 22
    Cluster ID 8925408141610787858
Citations list http://scholar.google.com/scholar?cites=8925408141610787858&as_sdt=2005&sciodt=0,5&hl=en
 Versions list http://scholar.google.com/scholar?cluster=8925408141610787858&hl=en&as_sdt=0,5
       Excerpt … 7 questions (based on our analysis of the literature and our vast GitHub experience) with … codereview − after self appreciation building documentation self contained continuous integrationstatic analysis project compliance testing − manual code review − self testing … 

         Title Associating working memory capacity and code change ordering with code review performance
           URL http://scholar.google.com/https://link.springer.com/article/10.1007/s10664-018-9676-8
          Year 2019
     Citations 10
      Versions 8
    Cluster ID 17543088961359080135
Citations list http://scholar.google.com/scholar?cites=17543088961359080135&as_sdt=2005&sciodt=0,5&hl=en
 Versions list http://scholar.google.com/scholar?cluster=17543088961359080135&hl=en&as_sdt=0,5
       Excerpt Change-based code review is a software quality assurance technique that is widely used in practice. Therefore, better understanding what influences performance in code reviews and finding ways to improve it can have a large impact. In this study, we examine the association …

         Title Social diversity and growth levels of open source software projects on github
           URL http://scholar.google.com/https://dl.acm.org/doi/abs/10.1145/2961111.2962633
          Year 2016
     Citations 15
      Versions 9
    Cluster ID 1511586150321040878
Citations list http://scholar.google.com/scholar?cites=1511586150321040878&as_sdt=2005&sciodt=0,5&hl=en
 Versions list http://scholar.google.com/scholar?cluster=1511586150321040878&hl=en&as_sdt=0,5
       Excerpt Background: Projects of all sizes and impact are leveraging the services of the social coding platform GitHub to collaborate. Since users' information and actions are recorded, GitHub has been mined for over 6 years now to investigate aspects of the collaborative open source …

         Title On the effect of code review on code smells
           URL http://scholar.google.com/https://arxiv.org/abs/1912.10098
          Year 2019
     Citations 5
      Versions 2
    Cluster ID 828936522634689393
Citations list http://scholar.google.com/scholar?cites=828936522634689393&as_sdt=2005&sciodt=0,5&hl=en
 Versions list http://scholar.google.com/scholar?cluster=828936522634689393&hl=en&as_sdt=0,5
       Excerpt Code smells are symptoms of poor design quality. Since code review is a process that also aims at improving code quality, we investigate whether and how code review influences the severity of code smells. In this study, we analyze more than 21,000 code reviews belonging …

         Title On the optimal order of reading source code changes for review
           URL http://scholar.google.com/https://ieeexplore.ieee.org/abstract/document/8094433/
          Year 2017
     Citations 25
      Versions 9
    Cluster ID 2899703926745787587
Citations list http://scholar.google.com/scholar?cites=2899703926745787587&as_sdt=2005&sciodt=0,5&hl=en
 Versions list http://scholar.google.com/scholar?cluster=2899703926745787587&hl=en&as_sdt=0,5
       Excerpt … In addition, besides the filter questions, the survey contained 3 questions on the participant'snavigation behavior during code review (for RQ1) and 4 … The influence of sampling through GitHubis clearly visible: A majority (102 of 177) uses GitHub pull requests for reviewing and … 

         Title Primers or Reminders? The Effects of Existing Review Comments on Code Review
           URL http://scholar.google.com/https://ieeexplore.ieee.org/abstract/document/9284010/
          Year 2020
     Citations 1
      Versions 11
    Cluster ID 3425485332937960303
Citations list http://scholar.google.com/scholar?cites=3425485332937960303&as_sdt=2005&sciodt=0,5&hl=en
 Versions list http://scholar.google.com/scholar?cluster=3425485332937960303&hl=en&as_sdt=0,5
       Excerpt In contemporary code review, the comments put by reviewers on a specific code change are immediately visible to the other reviewers involved. Could this visibility prime new reviewers' attention (due to the human's proneness to availability bias), thus biasing the code review  …

         Title A security perspective on code review: The case of chromium
           URL http://scholar.google.com/https://ieeexplore.ieee.org/abstract/document/7781793/
          Year 2016
     Citations 17
      Versions 10
    Cluster ID 4817515081853835136
Citations list http://scholar.google.com/scholar?cites=4817515081853835136&as_sdt=2005&sciodt=0,5&hl=en
 Versions list http://scholar.google.com/scholar?cluster=4817515081853835136&hl=en&as_sdt=0,5
       Excerpt Modern Code Review (MCR) is an established software development process that aims to improve software quality. Although evidence showed that higher levels of review coverage relates to less post-release bugs, it remains unknown the effectiveness of MCR at …

         Title Do Explicit Review Strategies Improve Code Review Performance?
           URL http://scholar.google.com/https://dl.acm.org/doi/abs/10.1145/3379597.3387509
          Year 2020
     Citations 0
      Versions 5
 Versions list http://scholar.google.com/scholar?cluster=18154262251527483633&hl=en&as_sdt=0,5
       Excerpt Context: Code review is a fundamental, yet expensive part of software engineering. Therefore, research on understanding code review and its efficiency and performance is paramount. Objective: We aim to test the effect of a guidance approach on review …

         Title Modern code reviews in open-source projects: Which problems do they fix?
           URL http://scholar.google.com/https://dl.acm.org/doi/abs/10.1145/2597073.2597082
          Year 2014
     Citations 191
      Versions 20
    Cluster ID 15877497969250980095
Citations list http://scholar.google.com/scholar?cites=15877497969250980095&as_sdt=2005&sciodt=0,5&hl=en
 Versions list http://scholar.google.com/scholar?cluster=15877497969250980095&hl=en&as_sdt=0,5
       Excerpt … Github's review system works with pull requests, comprising the … found in the master's thesis originof this work [8]. 3.1 Research Questions Our overall research goal is to gain an in-depth, analyticalun- derstanding of the outcome of the Modern Code Review process in … 

         Title What makes a code change easier to review: an empirical investigation on code change reviewability
           URL http://scholar.google.com/https://dl.acm.org/doi/abs/10.1145/3236024.3236080
          Year 2018
     Citations 26
      Versions 0
    Cluster ID 2155437466191248413
Citations list http://scholar.google.com/scholar?cites=2155437466191248413&as_sdt=2005&sciodt=0,5&hl=en
       Excerpt … This feedback loop is repeated until either the reviewers are satisfied or they deem thechange unworthy of integration in the project. Most modern collaborative code reviewtools such as Gerrit and GitHub pull requests adhere to this model … 

         Title Code review for newcomers: is it different?
           URL http://scholar.google.com/https://dl.acm.org/doi/abs/10.1145/3195836.3195842
          Year 2018
     Citations 7
      Versions 11
    Cluster ID 11772316007333926006
Citations list http://scholar.google.com/scholar?cites=11772316007333926006&as_sdt=2005&sciodt=0,5&hl=en
 Versions list http://scholar.google.com/scholar?cluster=11772316007333926006&hl=en&as_sdt=0,5
       Excerpt Onboarding is a critical stage in the tenure of software developers with a project, because meaningful contribution requires familiarity with the codebase. Some software teams employ practices, such as mentoring, to help new developers get accustomed faster. Code review …

         Title On the" naturalness" of buggy code
           URL http://scholar.google.com/https://ieeexplore.ieee.org/abstract/document/7886923/
          Year 2016
     Citations 169
      Versions 23
    Cluster ID 10627100582256672595
Citations list http://scholar.google.com/scholar?cites=10627100582256672595&as_sdt=2005&sciodt=0,5&hl=en
 Versions list http://scholar.google.com/scholar?cluster=10627100582256672595&hl=en&as_sdt=0,5
       Excerpt … In fact, this approach is more commensurate with static analysis or static bug-finding tools, whichalso indicate potential bugs at … Most (eg, PMD and FindBugs) are … With either SBF or NBF, hu- mancode review effort, spent on lines identified as bug-prone, will hopefully find some … 

         Title A graph-based dataset of commit history of real-world android apps
           URL http://scholar.google.com/https://dl.acm.org/doi/abs/10.1145/3196398.3196460
          Year 2018
     Citations 31
      Versions 20
    Cluster ID 12756605583939228418
Citations list http://scholar.google.com/scholar?cites=12756605583939228418&as_sdt=2005&sciodt=0,5&hl=en
 Versions list http://scholar.google.com/scholar?cluster=12756605583939228418&hl=en&as_sdt=0,5
       Excerpt … Encoded as a graph-based database, AndroidTimeMachine concerns 8,431 real open-sourceAndroid apps and contains: (i) metadata about the apps' GitHub projects, (ii) Git repositories withfull commit history and (iii) metadata extracted from the Google Play store, such as … 

         Title Will they like this? evaluating code contributions with language models
           URL http://scholar.google.com/https://ieeexplore.ieee.org/abstract/document/7180076/
          Year 2015
     Citations 65
      Versions 11
    Cluster ID 10395820697758985764
Citations list http://scholar.google.com/scholar?cites=10395820697758985764&as_sdt=2005&sciodt=0,5&hl=en
 Versions list http://scholar.google.com/scholar?cluster=10395820697758985764&hl=en&as_sdt=0,5
       Excerpt … Tsay et al. further expand on this line of work by studying Pull Requests on Github inparticular and studying both social and technical aspects of code review from theperspective of project maintainers [34]. Successive papers by Rigby et al … 

         Title A dataset for API usage
           URL http://scholar.google.com/https://ieeexplore.ieee.org/abstract/document/7180129/
          Year 2015
     Citations 39
      Versions 11
    Cluster ID 17224583472752602206
Citations list http://scholar.google.com/scholar?cites=17224583472752602206&as_sdt=2005&sciodt=0,5&hl=en
 Versions list http://scholar.google.com/scholar?cluster=17224583472752602206&hl=en&as_sdt=0,5
       Excerpt … [8] O. Primat, “Github's 10,000 most popular java projects – here are the top libraries they use,”http://blog.takipi.com/githubs-10000-most-popular- java-projects-here-are-the-top-libraries-they-use/, nov 2013 … [10] B. Dagenais and L. Hendren, “Enabling static analysis for partial … 

