[query] http://scholar.google.com/scholar?as_q=&as_epq=%22findbugs%22%20OR%20%22spotbugs%22%20OR%20%22code%20review%22%20OR%20%22static%20analysis%22%20OR%20%22regex%22%20OR%20%22regular%20expression%22%20OR%20%22github%22%20OR%20%22pull%20requests%22&as_oq=&as_eq=&as_occt=any&as_sauthors=Alessandro%20Orso&as_publication=&as_ylo=&as_yhi=&as_vis=0&btnG=&hl=en&num=80&as_sdt=0%2C5
         Title Combining static analysis and runtime monitoring to counter SQL-injection attacks
           URL http://scholar.google.com/https://dl.acm.org/doi/abs/10.1145/1083246.1083250
          Year 2005
     Citations 189
      Versions 8
    Cluster ID 12928472066255951973
Citations list http://scholar.google.com/scholar?cites=12928472066255951973&as_sdt=2005&sciodt=0,5&hl=en
 Versions list http://scholar.google.com/scholar?cluster=12928472066255951973&hl=en&as_sdt=0,5
       Excerpt Our dependence on web applications has steadily increased, and we continue to integrate them into our everyday routine activities. When we are making reservations, paying bills, and shopping on-line, we expect these web applications to be secure and reliable …

         Title Preventing SQL injection attacks using AMNESIA
           URL http://scholar.google.com/https://dl.acm.org/doi/abs/10.1145/1134285.1134416
          Year 2006
     Citations 135
      Versions 15
    Cluster ID 5155775680968103810
Citations list http://scholar.google.com/scholar?cites=5155775680968103810&as_sdt=2005&sciodt=0,5&hl=en
 Versions list http://scholar.google.com/scholar?cluster=5155775680968103810&hl=en&as_sdt=0,5
       Excerpt … ABSTRACT AMNESIA is a tool that detects and prevents SQL injec- tion attacks bycombining static analysis and runtime mon- itoring … It uses static analysis to analyze theWeb-application code and au- Copyright is held by the author/owner … 

         Title Recognizing behavioral patterns atruntime using finite automata
           URL http://scholar.google.com/https://dl.acm.org/doi/abs/10.1145/1138912.1138920
          Year 2006
     Citations 74
      Versions 16
    Cluster ID 4513422616865133981
Citations list http://scholar.google.com/scholar?cites=4513422616865133981&as_sdt=2005&sciodt=0,5&hl=en
 Versions list http://scholar.google.com/scholar?cluster=4513422616865133981&hl=en&as_sdt=0,5
       Excerpt … Researchers have therefore proposed techniques based on static analysis toautomatically recover design patterns in a program … The previously defined staticanalysis [10] iden- tifies a set of candidate design-pattern instances … 

         Title Probabilistic Lipschitz Analysis of Neural Networks
           URL http://scholar.google.com/https://link.springer.com/chapter/10.1007/978-3-030-65474-0_13
          Year 2020
     Citations 0
      Versions 3
 Versions list http://scholar.google.com/scholar?cluster=12094948033805227501&hl=en&as_sdt=0,5
       Excerpt We are interested in algorithmically proving the robustness of neural networks. Notions of robustness have been discussed in the literature; we are interested in probabilistic notions of robustness that assume it feasible to construct a statistical model of the process …

         Title X-PERT: a web application testing tool for cross-browser inconsistency detection
           URL http://scholar.google.com/https://dl.acm.org/doi/abs/10.1145/2610384.2628057
          Year 2014
     Citations 31
      Versions 2
    Cluster ID 13502438029281804026
Citations list http://scholar.google.com/scholar?cites=13502438029281804026&as_sdt=2005&sciodt=0,5&hl=en
 Versions list http://scholar.google.com/scholar?cluster=13502438029281804026&hl=en&as_sdt=0,5
       Excerpt … The source code of X-PERT and XBI reports from our evalua- tion are available athttp://gatech.github.io/xpert … Some web development tools, such as Adobe Dreamweaver (http://adobe.com/products/dreamweaver.html), provide basic static- analysis based hints to help detect … 

         Title Efficient and precise dynamic impact analysis using execute-after sequences
           URL http://scholar.google.com/https://dl.acm.org/doi/abs/10.1145/1062455.1062534
          Year 2005
     Citations 202
      Versions 13
    Cluster ID 617402761130932507
Citations list http://scholar.google.com/scholar?cites=617402761130932507&as_sdt=2005&sciodt=0,5&hl=en
 Versions list http://scholar.google.com/scholar?cluster=617402761130932507&hl=en&as_sdt=0,5
       Excerpt … Traditional impact-analysis techniques are based on static analysis and, due to theirconservative as- sumptions, tend to identify most of the software as affected by the changes …The problem with sound static-analysis-based approaches is twofold … 

         Title Penetration testing with improved input vector identification
           URL http://scholar.google.com/https://ieeexplore.ieee.org/abstract/document/4815368/
          Year 2009
     Citations 57
      Versions 13
    Cluster ID 12451756522151998689
Citations list http://scholar.google.com/scholar?cites=12451756522151998689&as_sdt=2005&sciodt=0,5&hl=en
 Versions list http://scholar.google.com/scholar?cluster=12451756522151998689&hl=en&as_sdt=0,5
       Excerpt … To improve the information gathering phase, our approach leverages a static analysis techniquefor discovering IVs that we previously developed [12] … The static analysis performed by ourapproach is based on a technique, WAM, that was developed by two of the au- thors [12] … 

         Title Improving test case generation for web applications using automated interface discovery
           URL http://scholar.google.com/https://dl.acm.org/doi/abs/10.1145/1287624.1287646
          Year 2007
     Citations 104
      Versions 8
    Cluster ID 16931582739253262829
Citations list http://scholar.google.com/scholar?cites=16931582739253262829&as_sdt=2005&sciodt=0,5&hl=en
 Versions list http://scholar.google.com/scholar?cluster=16931582739253262829&hl=en&as_sdt=0,5
       Excerpt … To address this issue, we present a technique for automatically discovering web applicationinterfaces based on a novel static analysis algo- rithm. We also report the results of an empiricalevaluation in which we compare our technique against a traditional ap- proach … 

         Title Developing analysis and testing plug‐ins for modern IDEs: an experience report
           URL http://scholar.google.com/https://onlinelibrary.wiley.com/doi/abs/10.1002/spe.2157
          Year 2013
     Citations 4
      Versions 2
    Cluster ID 4193456965338792022
Citations list http://scholar.google.com/scholar?cites=4193456965338792022&as_sdt=2005&sciodt=0,5&hl=en
 Versions list http://scholar.google.com/scholar?cluster=4193456965338792022&hl=en&as_sdt=0,5
       Excerpt … or concurrency related issues). To achieve this goal, FindBugs uses static analysistechniques to examine the class files in an Eclipse project and reports the potentialbugs found to the user. As mentioned earlier, to understand … 

         Title GUIfetch: supporting app design and development through GUI search
           URL http://scholar.google.com/https://dl.acm.org/doi/abs/10.1145/3197231.3197244
          Year 2018
     Citations 15
      Versions 3
    Cluster ID 16355296457726131508
Citations list http://scholar.google.com/scholar?cites=16355296457726131508&as_sdt=2005&sciodt=0,5&hl=en
 Versions list http://scholar.google.com/scholar?cluster=16355296457726131508&hl=en&as_sdt=0,5
       Excerpt … For our static analysis, we lever- aged gator [47], a static analysis tool that creates a model ofthe GUI-related behavior of an Android app … We chose these categories because they representa diverse range of apps and because are well represented in GitHub (ie, they are good … 

         Title Users beware: Preference inconsistencies ahead
           URL http://scholar.google.com/https://dl.acm.org/doi/abs/10.1145/2786805.2786869
          Year 2015
     Citations 25
      Versions 0
    Cluster ID 14053423628822805028
Citations list http://scholar.google.com/scholar?cites=14053423628822805028&as_sdt=2005&sciodt=0,5&hl=en
       Excerpt … The UI preferences can be obtained either through static analysis (our approach) or using dynamicAPI methods that some applications provide … nums[i] + "." where the value of nums[i] is decidedat runtime, SCIC uses regular expression .*, instead of nums[i], to match any … 

         Title Identifying features of android apps from execution traces
           URL http://scholar.google.com/https://ieeexplore.ieee.org/abstract/document/8816950/
          Year 2019
     Citations 3
      Versions 8
    Cluster ID 9767042522688221789
Citations list http://scholar.google.com/scholar?cites=9767042522688221789&as_sdt=2005&sciodt=0,5&hl=en
 Versions list http://scholar.google.com/scholar?cluster=9767042522688221789&hl=en&as_sdt=0,5
       Excerpt … 14, no. 3, pp. 130–137, 1980. [4] (2019, Jan.) K-9 mail. [Online]. Available: https://github.com/k9mail/ k-9/releases/tag/5.600 [5] (2019, Jan.) Wordpress. [Online]. Available: https://github.com/wordpress-mobile/WordPress-Android [6] (2019, Jan.) daily-money. [Online] … 

         Title Automated identification of parameter mismatches in web applications
           URL http://scholar.google.com/https://dl.acm.org/doi/abs/10.1145/1453101.1453126
          Year 2008
     Citations 47
      Versions 4
    Cluster ID 10267882405655199001
Citations list http://scholar.google.com/scholar?cites=10267882405655199001&as_sdt=2005&sciodt=0,5&hl=en
 Versions list http://scholar.google.com/scholar?cluster=10267882405655199001&hl=en&as_sdt=0,5
       Excerpt … techniques. To address this problem, we propose a static-analysis based approach foridentifying parameter mismatches … code. In previ- ous work, we developed an approachfor identifying accepted interfaces based on static analysis [12] … 

         Title Detection and prevention of SQL injection attacks
           URL http://scholar.google.com/https://link.springer.com/chapter/10.1007/978-0-387-44599-1_5
          Year 2007
     Citations 22
      Versions 7
    Cluster ID 8180484288479279192
Citations list http://scholar.google.com/scholar?cites=8180484288479279192&as_sdt=2005&sciodt=0,5&hl=en
 Versions list http://scholar.google.com/scholar?cluster=8180484288479279192&hl=en&as_sdt=0,5
       Excerpt … AMNESIA uses static analysis to build a model of the legitimate queries an application cangenerate and then, at runtime, checks that all queries generated by the appUcation comply withthis model … The approach works by combining static analysis and runtime monitoring … 

         Title Automatically translating bug reports into test cases for mobile apps
           URL http://scholar.google.com/https://dl.acm.org/doi/abs/10.1145/3213846.3213869
          Year 2018
     Citations 26
      Versions 8
    Cluster ID 6348588911012420703
Citations list http://scholar.google.com/scholar?cites=6348588911012420703&as_sdt=2005&sciodt=0,5&hl=en
 Versions list http://scholar.google.com/scholar?cluster=6348588911012420703&hl=en&as_sdt=0,5
       Excerpt … language into test cases. First, Yakusu combines static analysis and natural languageprocessing to extract, from a given bug report, a list of abstract steps describing howto reproduce the relevant failure. Then, Yakusu performs … 

         Title AMNESIA: analysis and monitoring for neutralizing SQL-injection attacks
           URL http://scholar.google.com/https://dl.acm.org/doi/abs/10.1145/1101908.1101935
          Year 2005
     Citations 757
      Versions 10
    Cluster ID 12210141221485037810
Citations list http://scholar.google.com/scholar?cites=12210141221485037810&as_sdt=2005&sciodt=0,5&hl=en
 Versions list http://scholar.google.com/scholar?cluster=12210141221485037810&hl=en&as_sdt=0,5
       Excerpt … General Terms: Security, Verification Keywords: SQL injection, static analysis, runtime monitoring …The main contributions of this work are: • The presentation of a new technique to counterSQL-injection attacks that combines static analysis and runtime monitoring … 

         Title Behavioral execution comparison: Are tests representative of field behavior?
           URL http://scholar.google.com/https://ieeexplore.ieee.org/abstract/document/7927986/
          Year 2017
     Citations 17
      Versions 4
    Cluster ID 6351643286511983115
Citations list http://scholar.google.com/scholar?cites=6351643286511983115&as_sdt=2005&sciodt=0,5&hl=en
 Versions list http://scholar.google.com/scholar?cluster=6351643286511983115&hl=en&as_sdt=0,5
       Excerpt … Specifically, we deployed JetUML to 83 human subjects who used it to perform several modelingtasks, and we collected traces of Commons IO, Commons Lang, and Log4j being used byreal-world projects selected from GitHub (see Section IV-A). To compare the behavior of in … 

         Title Type-dependence analysis and program transformation for symbolic execution
           URL http://scholar.google.com/https://link.springer.com/chapter/10.1007/978-3-540-71209-1_11
          Year 2007
     Citations 40
      Versions 14
    Cluster ID 17103910651245819230
Citations list http://scholar.google.com/scholar?cites=17103910651245819230&as_sdt=2005&sciodt=0,5&hl=en
 Versions list http://scholar.google.com/scholar?cluster=17103910651245819230&hl=en&as_sdt=0,5
       Excerpt … third-party libraries). The paper presents type-dependence analysis, which performsa context- and field-sensitive interprocedural static analysis to identify program entitiesthat may store symbolic values at run-time. This in- formation … 

         Title Automated testing of classes
           URL http://scholar.google.com/https://dl.acm.org/doi/abs/10.1145/347636.348870
          Year 2000
     Citations 131
      Versions 17
    Cluster ID 15875170936723591866
Citations list http://scholar.google.com/scholar?cites=15875170936723591866&as_sdt=2005&sciodt=0,5&hl=en
 Versions list http://scholar.google.com/scholar?cluster=15875170936723591866&hl=en&as_sdt=0,5
       Excerpt … Since the static analysis techniques that we use are applied to different sub- problems, the methodproposed in this paper can automat- ically generate information relevant to testing even whensymbolic execution and automated deduction cannot be com- pleted successfully … 

         Title A Framework for Automated Test Mocking of Mobile Apps
           URL http://scholar.google.com/https://ieeexplore.ieee.org/abstract/document/9286086/
          Year 2020
     Citations 0
      Versions 5
 Versions list http://scholar.google.com/scholar?cluster=6841930928626533421&hl=en&as_sdt=0,5
       Excerpt … To perform the study, we selected the 20 apps with the highest number of test mocks fromF-Droid [15] that are also available on GitHub [16] … 263–272. [15] (2020) F-droid. [Online].Available: https://f-droid.org [16] (2020, Jan.) Github. [Online] … 

