[query] http://scholar.google.com/scholar?as_q=&as_epq=%22findbugs%22%20OR%20%22spotbugs%22%20OR%20%22code%20review%22%20OR%20%22static%20analysis%22%20OR%20%22regex%22%20OR%20%22regular%20expression%22%20OR%20%22github%22%20OR%20%22pull%20requests%22&as_oq=&as_eq=&as_occt=any&as_sauthors=Alexander%20Serebrenik&as_publication=&as_ylo=&as_yhi=&as_vis=0&btnG=&hl=en&num=80&as_sdt=0%2C5
         Title Gender and tenure diversity in GitHub teams
           URL http://scholar.google.com/https://dl.acm.org/doi/abs/10.1145/2702123.2702549
          Year 2015
     Citations 243
      Versions 16
    Cluster ID 10649732745211532972
Citations list http://scholar.google.com/scholar?cites=10649732745211532972&as_sdt=2005&sciodt=0,5&hl=en
 Versions list http://scholar.google.com/scholar?cluster=10649732745211532972&hl=en&as_sdt=0,5
       Excerpt Software development is usually a collaborative venture. Open Source Software (OSS) projects are no exception; indeed, by design, the OSS approach can accommodate teams that are more open, geographically distributed, and dynamic than commercial teams. This …

         Title Lean GHTorrent: GitHub data on demand
           URL http://scholar.google.com/https://dl.acm.org/doi/abs/10.1145/2597073.2597126
          Year 2014
     Citations 138
      Versions 18
    Cluster ID 13595814323057795092
Citations list http://scholar.google.com/scholar?cites=13595814323057795092&as_sdt=2005&sciodt=0,5&hl=en
 Versions list http://scholar.google.com/scholar?cluster=13595814323057795092&hl=en&as_sdt=0,5
       Excerpt In recent years, GitHub has become the largest code host in the world, with more than 5M developers collaborating across 10M repositories. Numerous popular open source projects (such as Ruby on Rails, Homebrew, Bootstrap, Django or jQuery) have chosen GitHub as …

         Title Stackoverflow and github: Associations between software development and crowdsourced knowledge
           URL http://scholar.google.com/https://ieeexplore.ieee.org/abstract/document/6693332/
          Year 2013
     Citations 262
      Versions 18
    Cluster ID 15330789674567532631
Citations list http://scholar.google.com/scholar?cites=15330789674567532631&as_sdt=2005&sciodt=0,5&hl=en
 Versions list http://scholar.google.com/scholar?cluster=15330789674567532631&hl=en&as_sdt=0,5
       Excerpt Stack Overflow is a popular on-line programming question and answer community providing its participants with rapid access to knowledge and expertise of their peers, especially benefitting coders. Despite the popularity of Stack Overflow, its role in the work cycle of open …

         Title Security and emotion: sentiment analysis of security discussions on github
           URL http://scholar.google.com/https://dl.acm.org/doi/abs/10.1145/2597073.2597117
          Year 2014
     Citations 129
      Versions 12
    Cluster ID 10609517050929371703
Citations list http://scholar.google.com/scholar?cites=10609517050929371703&as_sdt=2005&sciodt=0,5&hl=en
 Versions list http://scholar.google.com/scholar?cluster=10609517050929371703&hl=en&as_sdt=0,5
       Excerpt Application security is becoming increasingly prevalent during software and especially web application development. Consequently, countermeasures are continuously being discussed and built into applications, with the goal of reducing the risk that unauthorized …

         Title A data set for social diversity studies of GitHub teams
           URL http://scholar.google.com/https://ieeexplore.ieee.org/abstract/document/7180131/
          Year 2015
     Citations 75
      Versions 11
    Cluster ID 12213958138293690330
Citations list http://scholar.google.com/scholar?cites=12213958138293690330&as_sdt=2005&sciodt=0,5&hl=en
 Versions list http://scholar.google.com/scholar?cluster=12213958138293690330&hl=en&as_sdt=0,5
       Excerpt Like any other team oriented activity, the software development process is effected by social diversity in the programmer teams. The effect of team diversity can be significant, but also complex, especially in decentralized teams. Discerning the precise contribution of diversity …

         Title Continuous integration in a social-coding world: Empirical evidence from GitHub
           URL http://scholar.google.com/https://ieeexplore.ieee.org/abstract/document/6976106/
          Year 2014
     Citations 81
      Versions 18
    Cluster ID 17799537944987268748
Citations list http://scholar.google.com/scholar?cites=17799537944987268748&as_sdt=2005&sciodt=0,5&hl=en
 Versions list http://scholar.google.com/scholar?cluster=17799537944987268748&hl=en&as_sdt=0,5
       Excerpt Continuous integration is a software engineering practice of frequently merging all developer working copies with a shared main branch, eg, several times a day. With the advent of GitHub, a platform well known for its" social coding" features that aid collaboration …

         Title Challenges for static analysis of java reflection-literature review and empirical study
           URL http://scholar.google.com/https://ieeexplore.ieee.org/abstract/document/7985689/
          Year 2017
     Citations 76
      Versions 14
    Cluster ID 13997296233842079337
Citations list http://scholar.google.com/scholar?cites=13997296233842079337&as_sdt=2005&sciodt=0,5&hl=en
 Versions list http://scholar.google.com/scholar?cluster=13997296233842079337&hl=en&as_sdt=0,5
       Excerpt The behavior of software that uses the Java Reflection API is fundamentally hard to predict by analyzing code. Only recent static analysis approaches can resolve reflection under unsound yet pragmatic assumptions. We survey what approaches exist and what their …

         Title A data set of OCL expressions on GitHub
           URL http://scholar.google.com/https://ieeexplore.ieee.org/abstract/document/7962414/
          Year 2017
     Citations 21
      Versions 8
    Cluster ID 17223474121018320578
Citations list http://scholar.google.com/scholar?cites=17223474121018320578&as_sdt=2005&sciodt=0,5&hl=en
 Versions list http://scholar.google.com/scholar?cluster=17223474121018320578&hl=en&as_sdt=0,5
       Excerpt In model driven engineering (MDE), meta-models are the central artifacts. As a complement, the Object Constraint Language (OCL) is a language used to express constraints and operations on meta-models. The Eclipse Modeling Framework (EMF) provides an …

         Title Survey of approaches for handling static analysis alarms
           URL http://scholar.google.com/https://ieeexplore.ieee.org/abstract/document/7781809/
          Year 2016
     Citations 48
      Versions 5
    Cluster ID 278331208569445490
Citations list http://scholar.google.com/scholar?cites=278331208569445490&as_sdt=2005&sciodt=0,5&hl=en
 Versions list http://scholar.google.com/scholar?cluster=278331208569445490&hl=en&as_sdt=0,5
       Excerpt Static analysis tools have showcased their importance and usefulness in automated detection of code anomalies and defects. However, the large number of alarms reported and cost incurred in their manual inspections have been the major concerns with the usage of …

         Title What to expect from code review bots on GitHub? a survey with OSS maintainers
           URL http://scholar.google.com/https://dl.acm.org/doi/abs/10.1145/3422392.3422459
          Year 2020
     Citations 3
      Versions 5
    Cluster ID 5350679228156816763
Citations list http://scholar.google.com/scholar?cites=5350679228156816763&as_sdt=2005&sciodt=0,5&hl=en
 Versions list http://scholar.google.com/scholar?cluster=5350679228156816763&hl=en&as_sdt=0,5
       Excerpt Software bots are used by Open Source Software (OSS) projects to streamline the code review process. Interfacing between developers and automated services, code review bots report continuous integration failures, code quality checks, and code coverage. However …

         Title Beyond the code itself: how programmers really look at pull requests
           URL http://scholar.google.com/https://ieeexplore.ieee.org/abstract/document/8797633/
          Year 2019
     Citations 14
      Versions 10
    Cluster ID 16437300239775217271
Citations list http://scholar.google.com/scholar?cites=16437300239775217271&as_sdt=2005&sciodt=0,5&hl=en
 Versions list http://scholar.google.com/scholar?cluster=16437300239775217271&hl=en&as_sdt=0,5
       Excerpt Developers in open source projects must make decisions on contributions from other community members, such as whether or not to accept a pull request. However, secondary factors-beyond the code itself-can influence those decisions. For example, signals from …

         Title Perceptions of diversity on git hub: A user survey
           URL http://scholar.google.com/https://ieeexplore.ieee.org/abstract/document/7166088/
          Year 2015
     Citations 89
      Versions 11
    Cluster ID 3158064354712078228
Citations list http://scholar.google.com/scholar?cites=3158064354712078228&as_sdt=2005&sciodt=0,5&hl=en
 Versions list http://scholar.google.com/scholar?cluster=3158064354712078228&hl=en&as_sdt=0,5
       Excerpt … sig- nificant, ie, core developers pushing commits and integrating pull requests, who may … B.Communication Mechanisms GITHUB contributors have two main communication needs: gettinghelp from … problems, and discussions around specific coding items (eg, code review) [35 … 

         Title The impact of continuous integration on other software development practices: a large-scale empirical study
           URL http://scholar.google.com/https://ieeexplore.ieee.org/abstract/document/8115619/
          Year 2017
     Citations 83
      Versions 11
    Cluster ID 16752853379814622270
Citations list http://scholar.google.com/scholar?cites=16752853379814622270&as_sdt=2005&sciodt=0,5&hl=en
 Versions list http://scholar.google.com/scholar?cluster=16752853379814622270&hl=en&as_sdt=0,5
       Excerpt … For it to be effective, CI must allow for a seamless back and forth between development, testing(eg, unit, integration, code review), and deployment … However, what matters for TRAVIS CI arepushes and pull requests to the blessed GITHUB repository, ie, the “main … 

         Title Communicative intention in code review questions
           URL http://scholar.google.com/https://ieeexplore.ieee.org/abstract/document/8530057/
          Year 2018
     Citations 14
      Versions 6
    Cluster ID 4936475437737232661
Citations list http://scholar.google.com/scholar?cites=4936475437737232661&as_sdt=2005&sciodt=0,5&hl=en
 Versions list http://scholar.google.com/scholar?cluster=4936475437737232661&hl=en&as_sdt=0,5
       Excerpt During code review, developers request clarifications, suggest improvements, or ask for explanations about the rationale behind the implementation choices. We envision the emergence of tools to support developers during code review based on the automatic …

         Title Effects of Adopting Code Review Bots on Pull Requests to OSS Projects
           URL http://scholar.google.com/https://ieeexplore.ieee.org/abstract/document/9240622/
          Year 2020
     Citations 9
      Versions 10
    Cluster ID 814140592885284057
Citations list http://scholar.google.com/scholar?cites=814140592885284057&as_sdt=2005&sciodt=0,5&hl=en
 Versions list http://scholar.google.com/scholar?cluster=814140592885284057&hl=en&as_sdt=0,5
       Excerpt Software bots, which are widely adopted by Open Source Software (OSS) projects, support developers on several activities, including code review. However, as with any new technology adoption, bots may impact group dynamics. Since understanding and …

         Title Repositioning of static analysis alarms
           URL http://scholar.google.com/https://dl.acm.org/doi/abs/10.1145/3213846.3213850
          Year 2018
     Citations 7
      Versions 5
    Cluster ID 11660918624704550844
Citations list http://scholar.google.com/scholar?cites=11660918624704550844&as_sdt=2005&sciodt=0,5&hl=en
 Versions list http://scholar.google.com/scholar?cluster=11660918624704550844&hl=en&as_sdt=0,5
       Excerpt ABSTRACT The large number of alarms reported by static analysis tools is often recognized as one of the major obstacles to industrial adoption of such tools. We present repositioning of alarms, a novel automatic postpro- cessing technique intended to reduce the number of reported …

         Title SAW-BOT: Proposing Fixes for Static Analysis Warnings with GitHub Suggestions
           URL http://botse.org/preprints/BotSE2021_6.pdf
          Year 2021
     Citations 1
      Versions 3
    Cluster ID 10405858722598950952
      PDF link http://botse.org/preprints/BotSE2021_6.pdf
Citations list http://scholar.google.com/scholar?cites=10405858722598950952&as_sdt=2005&sciodt=0,5&hl=en
 Versions list http://scholar.google.com/scholar?cluster=10405858722598950952&hl=en&as_sdt=0,5
       Excerpt In this experience report we present SAW-BOT, a bot proposing fixes for static analysis warnings. The bot has been evaluated with five professional software developers by means of a Wizard of Oz experiment, semi-structured interviews and the mTAM questionnaire. We …

         Title Confusion in code reviews: Reasons, impacts, and coping strategies
           URL http://scholar.google.com/https://ieeexplore.ieee.org/abstract/document/8668024/
          Year 2019
     Citations 34
      Versions 5
    Cluster ID 18031294583786904715
Citations list http://scholar.google.com/scholar?cites=18031294583786904715&as_sdt=2005&sciodt=0,5&hl=en
 Versions list http://scholar.google.com/scholar?cluster=18031294583786904715&hl=en&as_sdt=0,5
       Excerpt … 1The dataset is available at https://github.com/felipeebert/ confusion-code-reviewsCode Repository Reviewers Author Code change Approved Reviewers' CommentsAbandoned Rejected 1 2 3 4 5 Fig. 1. Code review process … 

         Title Reducing static analysis alarms based on non-impacting control dependencies
           URL http://scholar.google.com/https://link.springer.com/chapter/10.1007/978-3-030-34175-6_7
          Year 2019
     Citations 1
      Versions 5
    Cluster ID 11000502229835449807
Citations list http://scholar.google.com/scholar?cites=11000502229835449807&as_sdt=2005&sciodt=0,5&hl=en
 Versions list http://scholar.google.com/scholar?cluster=11000502229835449807&hl=en&as_sdt=0,5
       Excerpt Static analysis tools help to detect programming errors but generate a large number of alarms. Repositioning of alarms is recently proposed technique to reduce the number of alarms by replacing a group of similar alarms with a small number of newly created …

         Title Confusion detection in code reviews
           URL http://scholar.google.com/https://ieeexplore.ieee.org/abstract/document/8094460/
          Year 2017
     Citations 28
      Versions 9
    Cluster ID 3971779393799432743
Citations list http://scholar.google.com/scholar?cites=3971779393799432743&as_sdt=2005&sciodt=0,5&hl=en
 Versions list http://scholar.google.com/scholar?cluster=3971779393799432743&hl=en&as_sdt=0,5
       Excerpt … 2https://github.com/spgroup/confusion 3http://www.gerritcodereview.com … now have evidencethat inline comments are prevalent and relevant for future code review studies … Tool builders canbenefit by expanding static analysis tools so as to more comprehensively identify factors … 

