[query] http://scholar.google.com/scholar?as_q=&as_epq=%22findbugs%22%20OR%20%22spotbugs%22%20OR%20%22code%20review%22%20OR%20%22static%20analysis%22%20OR%20%22regex%22%20OR%20%22regular%20expression%22%20OR%20%22github%22%20OR%20%22pull%20requests%22&as_oq=&as_eq=&as_occt=any&as_sauthors=Amiangshu%20Bosu&as_publication=&as_ylo=&as_yhi=&as_vis=0&btnG=&hl=en&num=80&as_sdt=0%2C5
         Title SentiCR: a customized sentiment analysis tool for code review interactions
           URL http://scholar.google.com/https://ieeexplore.ieee.org/abstract/document/8115623/
          Year 2017
     Citations 64
      Versions 7
    Cluster ID 3012147065090706707
Citations list http://scholar.google.com/scholar?cites=3012147065090706707&as_sdt=2005&sciodt=0,5&hl=en
 Versions list http://scholar.google.com/scholar?cluster=3012147065090706707&hl=en&as_sdt=0,5
       Excerpt Sentiment Analysis tools, developed for analyzing social media text or product reviews, work poorly on a Software Engineering (SE) dataset. Since prior studies have found developers expressing sentiments during various SE activities, there is a need for a customized …

         Title Process aspects and social dynamics of contemporary code review: Insights from open source development and industrial practice at microsoft
           URL http://scholar.google.com/https://ieeexplore.ieee.org/abstract/document/7484733/
          Year 2016
     Citations 70
      Versions 4
    Cluster ID 12051899074880495688
Citations list http://scholar.google.com/scholar?cites=12051899074880495688&as_sdt=2005&sciodt=0,5&hl=en
 Versions list http://scholar.google.com/scholar?cluster=12051899074880495688&hl=en&as_sdt=0,5
       Excerpt Many open source and commercial developers practice contemporary code review, a lightweight, informal, tool-based code review process. To better understand this process and its benefits, we gathered information about code review practices via surveys of open source …

         Title Impact of developer reputation on code review outcomes in oss projects: An empirical investigation
           URL http://scholar.google.com/https://dl.acm.org/doi/abs/10.1145/2652524.2652544
          Year 2014
     Citations 71
      Versions 6
    Cluster ID 4311169895457492874
Citations list http://scholar.google.com/scholar?cites=4311169895457492874&as_sdt=2005&sciodt=0,5&hl=en
 Versions list http://scholar.google.com/scholar?cluster=4311169895457492874&hl=en&as_sdt=0,5
       Excerpt ABSTRACT< u> Context:</u> Gaining an identity and building a good reputation are important motivations for Open Source Software (OSS) developers. It is unclear whether these motivations have any actual impact on OSS project success.< u> Goal:</u> To identify …

         Title Impact of peer code review on peer impression formation: A survey
           URL http://scholar.google.com/https://ieeexplore.ieee.org/abstract/document/6681346/
          Year 2013
     Citations 59
      Versions 7
    Cluster ID 10636575328058234302
Citations list http://scholar.google.com/scholar?cites=10636575328058234302&as_sdt=2005&sciodt=0,5&hl=en
 Versions list http://scholar.google.com/scholar?cluster=10636575328058234302&hl=en&as_sdt=0,5
       Excerpt Peer code review has been adopted as an effective quality improvement practice by many Open Source Software (OSS) communities. In addition to increasing software quality, there is anecdotal evidence that peer code review has other benefits, including: sharing …

         Title Characteristics of useful code reviews: An empirical study at microsoft
           URL http://scholar.google.com/https://ieeexplore.ieee.org/abstract/document/7180075/
          Year 2015
     Citations 104
      Versions 14
    Cluster ID 626841314095824906
Citations list http://scholar.google.com/scholar?cites=626841314095824906&as_sdt=2005&sciodt=0,5&hl=en
 Versions list http://scholar.google.com/scholar?cluster=626841314095824906&hl=en&as_sdt=0,5
       Excerpt … Abstract—Over the past decade, both open source and com- mercial software projects haveadopted contemporary peer code review practices as a quality control mechanism … The usefulnessof those comments highly influence the effectiveness of the code review practices … 

         Title Understanding the software development practices of blockchain projects: a survey
           URL http://scholar.google.com/https://dl.acm.org/doi/abs/10.1145/3239235.3240298
          Year 2018
     Citations 19
      Versions 3
    Cluster ID 14967354025282202031
Citations list http://scholar.google.com/scholar?cites=14967354025282202031&as_sdt=2005&sciodt=0,5&hl=en
 Versions list http://scholar.google.com/scholar?cluster=14967354025282202031&hl=en&as_sdt=0,5
       Excerpt … [Developer, Maintainer, requirement analysis, Testing, User support, Documentation, Social mar-keting] Q5 D Approximately, how many pull requests have you submitted to your primary project …[email, Slack, Discord, Github, instant messen … [peer code review, automated build … 

         Title Peer code review to prevent security vulnerabilities: An empirical evaluation
           URL http://scholar.google.com/https://ieeexplore.ieee.org/abstract/document/6616350/
          Year 2013
     Citations 17
      Versions 9
    Cluster ID 15714614699421098266
Citations list http://scholar.google.com/scholar?cites=15714614699421098266&as_sdt=2005&sciodt=0,5&hl=en
 Versions list http://scholar.google.com/scholar?cluster=15714614699421098266&hl=en&as_sdt=0,5
       Excerpt Peer code review, as an effective quality improvement practice, has also been considered important for reducing security vulnerabilities. There is a lack of empirical evidence to quantify and support this claim. Therefore, we propose a research plan to analyze mature …

         Title Peer code review in open source communitiesusing reviewboard
           URL http://scholar.google.com/https://dl.acm.org/doi/abs/10.1145/2414721.2414726
          Year 2012
     Citations 19
      Versions 6
    Cluster ID 9072263377577787653
Citations list http://scholar.google.com/scholar?cites=9072263377577787653&as_sdt=2005&sciodt=0,5&hl=en
 Versions list http://scholar.google.com/scholar?cluster=9072263377577787653&hl=en&as_sdt=0,5
       Excerpt Peer code review is an effective method to reduce the number of defects and maintain source code integrity. Peer re-views in most of the Open Source Software (OSS) communities are conducted via mailing list, which are difficult to manage at times. Code  …

         Title Characteristics of the vulnerable code changes identified through peer code review
           URL http://scholar.google.com/https://dl.acm.org/doi/abs/10.1145/2591062.2591200
          Year 2014
     Citations 14
      Versions 7
    Cluster ID 15805012518662180961
Citations list http://scholar.google.com/scholar?cites=15805012518662180961&as_sdt=2005&sciodt=0,5&hl=en
 Versions list http://scholar.google.com/scholar?cluster=15805012518662180961&hl=en&as_sdt=0,5
       Excerpt To effectively utilize the efforts of scarce security experts, this study aims to provide empirical evidence about the characteristics of security vulnerabilities. Using a three-stage, manual analysis of peer code review data from 10 popular Open Source Software (OSS) projects …

         Title Identifying the characteristics of vulnerable code changes: An empirical study
           URL http://scholar.google.com/https://dl.acm.org/doi/abs/10.1145/2635868.2635880
          Year 2014
     Citations 72
      Versions 7
    Cluster ID 15141179688914483659
Citations list http://scholar.google.com/scholar?cites=15141179688914483659&as_sdt=2005&sciodt=0,5&hl=en
 Versions list http://scholar.google.com/scholar?cluster=15141179688914483659&hl=en&as_sdt=0,5
       Excerpt … ABSTRACT To focus the efforts of security experts, the goals of this empirical study are to analyzewhich security vulnerabilities can be discovered by code review, identify characteristics ofvulnerable code changes, and identify characteristics of developers likely to introduce vul … 

         Title Using a Balanced Scorecard to Identify Opportunities to Improve Code Review Effectiveness: An Industrial Experience Report
           URL http://scholar.google.com/https://arxiv.org/abs/2101.10585
          Year 2021
     Citations 0
      Versions 2
 Versions list http://scholar.google.com/scholar?cluster=16659408319989509910&hl=en&as_sdt=0,5
       Excerpt Peer code review is a widely adopted software engineering practice to ensure code quality and ensure software reliability in both the commercial and open-source software projects. Due to the large effort overhead associated with practicing code reviews, project managers …

         Title Expressions of sentiments during code reviews: Male vs. female
           URL http://scholar.google.com/https://ieeexplore.ieee.org/abstract/document/8667987/
          Year 2019
     Citations 17
      Versions 10
    Cluster ID 14554112142503695988
Citations list http://scholar.google.com/scholar?cites=14554112142503695988&as_sdt=2005&sciodt=0,5&hl=en
 Versions list http://scholar.google.com/scholar?cluster=14554112142503695988&hl=en&as_sdt=0,5
       Excerpt … Section II provides background about code review and sentiment analysis … A recent study on Githubreports that although women significantly have higher acceptance rate then men in general, ifa woman's gender is identifiable from her profile, her pull requests are less … 

         Title Modeling modern code review practices in open source software development organizations
           URL http://amiangshu.com/papers/IDoESE.pdf
          Year 2013
     Citations 5
      Versions 7
    Cluster ID 6939262361268478922
      PDF link http://amiangshu.com/papers/IDoESE.pdf
Citations list http://scholar.google.com/scholar?cites=6939262361268478922&as_sdt=2005&sciodt=0,5&hl=en
 Versions list http://scholar.google.com/scholar?cluster=6939262361268478922&hl=en&as_sdt=0,5
       Excerpt ABSTRACT Many Open Source Software (OSS) communities has adopted peer code review as an effective quality improvement practice. The informal, regular, and tool-based code review process has been called'modern code review'. There has not been much research on …

         Title Understanding the motivations, challenges and needs of blockchain software developers: A survey
           URL http://scholar.google.com/https://link.springer.com/article/10.1007/s10664-019-09708-7
          Year 2019
     Citations 18
      Versions 8
    Cluster ID 17844098088963337802
Citations list http://scholar.google.com/scholar?cites=17844098088963337802&as_sdt=2005&sciodt=0,5&hl=en
 Versions list http://scholar.google.com/scholar?cluster=17844098088963337802&hl=en&as_sdt=0,5
       Excerpt … identity management. Although GitHub currently hosts more than six thousand activeBlockchain software (BCS) projects, few software engineering researchers haveinvestigated these projects and their contributors. Although … 

         Title A dataset of Vulnerable Code Changes of the Chormium OS project
           URL http://amiangshu.com/papers/security-artifact-2021.pdf
          Year 2021
     Citations 1
      Versions 0
    Cluster ID 6833669847090999846
      PDF link http://amiangshu.com/papers/security-artifact-2021.pdf
Citations list http://scholar.google.com/scholar?cites=6833669847090999846&as_sdt=2005&sciodt=0,5&hl=en
       Excerpt … Using a REGEX parser, we extracted the URLs of the code review requests that approved VCCs …rell Jr [3]. The model, which achieved an AUC of 0.91, found nine code review metrics that … 1)Developers of static analysis tools may use this dataset to test the effectiveness of their … 

         Title Diversity and inclusion in open source software (OSS) projects: Where do we stand?
           URL http://scholar.google.com/https://ieeexplore.ieee.org/abstract/document/8870179/
          Year 2019
     Citations 10
      Versions 4
    Cluster ID 14052033052584377840
Citations list http://scholar.google.com/scholar?cites=14052033052584377840&as_sdt=2005&sciodt=0,5&hl=en
 Versions list http://scholar.google.com/scholar?cluster=14052033052584377840&hl=en&as_sdt=0,5
       Excerpt … Method: On this goal, we mined the code review repositories of ten popular OSS projects … Mostnotably, Terrell et al. investigated the acceptance of pull requests among Github contributorsand found women's pull requests having sig- nificant more acceptance rate than … 

         Title Why Security Defects Go Unnoticed during Code Reviews? A Case-Control Study of the Chromium OS Project
           URL http://scholar.google.com/https://arxiv.org/abs/2102.06909
          Year 2021
     Citations 1
      Versions 4
    Cluster ID 13874726839811298559
Citations list http://scholar.google.com/scholar?cites=13874726839811298559&as_sdt=2005&sciodt=0,5&hl=en
 Versions list http://scholar.google.com/scholar?cluster=13874726839811298559&hl=en&as_sdt=0,5
       Excerpt … step. Using a REGEX parser, we extract the URLs of the code review requests thatapproved VCCs identified in Step III. For example, Figure 1 also includes the URLof the code review that missed the security defect #935175 … 

         Title How do social interaction networks influence peer impressions formation? a case study
           URL http://scholar.google.com/https://link.springer.com/chapter/10.1007/978-3-642-55128-4_4
          Year 2014
     Citations 14
      Versions 9
    Cluster ID 6057151373207820155
Citations list http://scholar.google.com/scholar?cites=6057151373207820155&as_sdt=2005&sciodt=0,5&hl=en
 Versions list http://scholar.google.com/scholar?cluster=6057151373207820155&hl=en&as_sdt=0,5
       Excerpt … The results suggest that due to lower centralization, high interactivity, and high degree ofinteractions between participants, the code review interactions have the most favorablecharacteristics to support impression formation among FOSS participants … 

         Title Collusive data leak and more: Large-scale threat analysis of inter-app communications
           URL http://scholar.google.com/https://dl.acm.org/doi/abs/10.1145/3052973.3053004
          Year 2017
     Citations 100
      Versions 14
    Cluster ID 7542574560376223931
Citations list http://scholar.google.com/scholar?cites=7542574560376223931&as_sdt=2005&sciodt=0,5&hl=en
 Versions list http://scholar.google.com/scholar?cluster=7542574560376223931&hl=en&as_sdt=0,5
       Excerpt … While DroidSafe [15] claims to be the most precise static analysis tool, it is 20 to 50 times … 9https://github.com/dialdroid-android/dialdroid-db 74 … accurately determine possible values andtherefore generates safe over-approximated sets (eg, '.*' a regular expression matching any … 

         Title A Benchmark Study of the Contemporary Toxicity Detectors on Software Engineering Interactions
           URL http://scholar.google.com/https://arxiv.org/abs/2009.09331
          Year 2009
     Citations 1
      Versions 3
    Cluster ID 7503201316479959993
Citations list http://scholar.google.com/scholar?cites=7503201316479959993&as_sdt=2005&sciodt=0,5&hl=en
 Versions list http://scholar.google.com/scholar?cluster=7503201316479959993&hl=en&as_sdt=0,5
       Excerpt … Although, code review is a formal process, incidents of profanity or insults are not uncommonduring code reviews. [5], [34] … Although Gitter is similar to Instant Relay Chat (IRC), Gitter'sintegration with Github repositories has made it popular among recent FOSS projects … 

