[query] http://scholar.google.com/scholar?as_q=&as_epq=%22findbugs%22%20OR%20%22spotbugs%22%20OR%20%22code%20review%22%20OR%20%22static%20analysis%22%20OR%20%22regex%22%20OR%20%22regular%20expression%22%20OR%20%22github%22%20OR%20%22pull%20requests%22&as_oq=&as_eq=&as_occt=any&as_sauthors=Andrea%20Zisman&as_publication=&as_ylo=&as_yhi=&as_vis=0&btnG=&hl=en&num=80&as_sdt=0%2C5
         Title Dragonfly: a tool for simulating self-adaptive drone behaviours
           URL http://scholar.google.com/https://ieeexplore.ieee.org/abstract/document/8787155/
          Year 2019
     Citations 6
      Versions 6
    Cluster ID 3882713580447899314
Citations list http://scholar.google.com/scholar?cites=3882713580447899314&as_sdt=2005&sciodt=0,5&hl=en
 Versions list http://scholar.google.com/scholar?cluster=3882713580447899314&hl=en&as_sdt=0,5
       Excerpt … Dragonfly simulator is an open source and extensible Java tool available at GitHub 2. It supportscreating environments for simulating the behaviour of a set of drones in drone-based applications …to manoeuvre a drone are available at the Dragonfly's GitHub repository … 

         Title Evaluating the effectiveness of risk containers to isolate change propagation
           URL http://scholar.google.com/https://www.sciencedirect.com/science/article/pii/S0164121221000443
          Year 2021
     Citations 0
      Versions 3
 Versions list http://scholar.google.com/scholar?cluster=3887088439896252030&hl=en&as_sdt=0,5
       Excerpt JavaScript is disabled on your browser. Please enable JavaScript to use allthe features on this page. Skip to main content Skip to article … 

         Title Won't take no for an answer: resource-driven requirements adaptation
           URL http://scholar.google.com/https://ieeexplore.ieee.org/abstract/document/8787163/
          Year 2019
     Citations 4
      Versions 9
    Cluster ID 11281477664255514774
Citations list http://scholar.google.com/scholar?cites=11281477664255514774&as_sdt=2005&sciodt=0,5&hl=en
 Versions list http://scholar.google.com/scholar?cluster=11281477664255514774&hl=en&as_sdt=0,5
       Excerpt Page 1. Won't Take No for an Answer: Resource-driven Requirements Adaptation Amel Bennaceur∗ , Andrea Zisman ∗ , Ciaran McCormick ∗ , Danny Barthaud ∗ and Bashar Nuseibeh ∗† ∗The Open University, UK † Lero - The Irish Software Research Centre, Ireland … 

         Title 2nd Workshop on the state of the art in automated software engineering
           URL http://scholar.google.com/https://dl.acm.org/doi/abs/10.1145/1101908.1102004
          Year 2005
     Citations 0
      Versions 2
 Versions list http://scholar.google.com/scholar?cluster=17904988226699355282&hl=en&as_sdt=0,5
       Excerpt … This typically requires a reverse engineering step in which either user guidance orstatic analysis techniques (or both) are used to rediscover some information aboutthe software that may be known to its developers at design time … 

         Title A static verification framework for secure peer-to-peer applications
           URL http://scholar.google.com/https://ieeexplore.ieee.org/abstract/document/4222910/
          Year 2007
     Citations 14
      Versions 10
    Cluster ID 15452623053199664799
Citations list http://scholar.google.com/scholar?cites=15452623053199664799&as_sdt=2005&sciodt=0,5&hl=en
 Versions list http://scholar.google.com/scholar?cluster=15452623053199664799&hl=en&as_sdt=0,5
       Excerpt … Techniques for secure software code analysis and testing have been advocated in[6][7][30]. These approaches make use of static analysis tools to detect security flawin source code [7], theorem prover [6], and testing firewalls [30] … 

         Title Omml: A behavioural model interchange format
           URL http://scholar.google.com/https://ieeexplore.ieee.org/abstract/document/1335684/
          Year 2004
     Citations 14
      Versions 5
    Cluster ID 17194151360359473080
Citations list http://scholar.google.com/scholar?cites=17194151360359473080&as_sdt=2005&sciodt=0,5&hl=en
 Versions list http://scholar.google.com/scholar?cluster=17194151360359473080&hl=en&as_sdt=0,5
       Excerpt Page 1. OMML: A Behavioural Model Interchange Format Robert J. Hall1 and AndreaZisman2 1 AT&T Labs Research, 180 Park Ave, Bldg 103, Florham Park, NJ 07932,USA 2 Department of Computing, City University, Northampton … 

         Title Model interchange and integration for web services
           URL http://scholar.google.com/https://dl.acm.org/doi/abs/10.1145/1022494.1022527
          Year 2004
     Citations 4
      Versions 4
    Cluster ID 13413057156775108178
Citations list http://scholar.google.com/scholar?cites=13413057156775108178&as_sdt=2005&sciodt=0,5&hl=en
 Versions list http://scholar.google.com/scholar?cluster=13413057156775108178&hl=en&as_sdt=0,5
       Excerpt Page 1. Model Interchange and Integration for Web Services Robert J. Hall AT&TLabs Research 180 Park Ave Bldg 103, Florham Park, NJ 07932, USA +1 973360-8207 bob-2modelxchg-@channels.research.att.com Andrea … 

         Title Transition Strategies for Increasing Self-awareness in Existing Types of Computing Systems
           URL http://scholar.google.com/https://link.springer.com/chapter/10.1007/978-3-319-47474-8_10
          Year 2017
     Citations 2
      Versions 3
    Cluster ID 7619515557545595497
Citations list http://scholar.google.com/scholar?cites=7619515557545595497&as_sdt=2005&sciodt=0,5&hl=en
 Versions list http://scholar.google.com/scholar?cluster=7619515557545595497&hl=en&as_sdt=0,5
       Excerpt Page 1. Chapter 10 Transition Strategies for Increasing Self-awareness in ExistingTypes of Computing Systems Marco Autili, Kirstie L. Bellman, Ada Diaconescu, LukasEsterle, Massimo Tivoli and Andrea Zisman Abstract In … 

