[query] http://scholar.google.com/scholar?as_q=&as_epq=%22findbugs%22%20OR%20%22spotbugs%22%20OR%20%22code%20review%22%20OR%20%22static%20analysis%22%20OR%20%22regex%22%20OR%20%22regular%20expression%22%20OR%20%22github%22%20OR%20%22pull%20requests%22&as_oq=&as_eq=&as_occt=any&as_sauthors=Andy%20Zaidman&as_publication=&as_ylo=&as_yhi=&as_vis=0&btnG=&hl=en&num=80&as_sdt=0%2C5
         Title Oops, my tests broke the build: An explorative analysis of travis ci with github
           URL http://scholar.google.com/https://ieeexplore.ieee.org/abstract/document/7962385/
          Year 2017
     Citations 114
      Versions 14
    Cluster ID 17725860067868799025
Citations list http://scholar.google.com/scholar?cites=17725860067868799025&as_sdt=2005&sciodt=0,5&hl=en
 Versions list http://scholar.google.com/scholar?cluster=17725860067868799025&hl=en&as_sdt=0,5
       Excerpt Continuous Integration (CI) has become a best practice of modern software development. Yet, at present, we have a shortfall of insight into the testing practices that are common in CI-based software development. In particular, we seek quantifiable evidence on how central …

         Title Lean GHTorrent: GitHub data on demand
           URL http://scholar.google.com/https://dl.acm.org/doi/abs/10.1145/2597073.2597126
          Year 2014
     Citations 138
      Versions 18
    Cluster ID 13595814323057795092
Citations list http://scholar.google.com/scholar?cites=13595814323057795092&as_sdt=2005&sciodt=0,5&hl=en
 Versions list http://scholar.google.com/scholar?cluster=13595814323057795092&hl=en&as_sdt=0,5
       Excerpt In recent years, GitHub has become the largest code host in the world, with more than 5M developers collaborating across 10M repositories. Numerous popular open source projects (such as Ruby on Rails, Homebrew, Bootstrap, Django or jQuery) have chosen GitHub as …

         Title Travistorrent: Synthesizing travis ci and github for full-stack research on continuous integration
           URL http://scholar.google.com/https://ieeexplore.ieee.org/abstract/document/7962393/
          Year 2017
     Citations 131
      Versions 14
    Cluster ID 4762969516988031609
Citations list http://scholar.google.com/scholar?cites=4762969516988031609&as_sdt=2005&sciodt=0,5&hl=en
 Versions list http://scholar.google.com/scholar?cluster=4762969516988031609&hl=en&as_sdt=0,5
       Excerpt Continuous Integration (CI) has become a best practice of modern software development. Thanks in part to its tight integration with GitHub, Travis CI has emerged as arguably the most widely used CI platform for Open-Source Software (OSS) development. However …

         Title Analyzing the state of static analysis: A large-scale evaluation in open source software
           URL http://scholar.google.com/https://ieeexplore.ieee.org/abstract/document/7476667/
          Year 2016
     Citations 121
      Versions 12
    Cluster ID 17367347745178129445
Citations list http://scholar.google.com/scholar?cites=17367347745178129445&as_sdt=2005&sciodt=0,5&hl=en
 Versions list http://scholar.google.com/scholar?cluster=17367347745178129445&hl=en&as_sdt=0,5
       Excerpt The use of automatic static analysis has been a software engineering best practice for decades. However, we still do not know a lot about its use in real-world software projects: How prevalent is the use of Automated Static Analysis Tools (ASATs) such as FindBugs and …

         Title Oops, my tests broke the build: An analysis of travis ci builds with github
           URL http://scholar.google.com/https://peerj.com/preprints/1984/?source=post_page---------------------------
          Year 2016
     Citations 32
      Versions 10
    Cluster ID 10447192335705275812
Citations list http://scholar.google.com/scholar?cites=10447192335705275812&as_sdt=2005&sciodt=0,5&hl=en
 Versions list http://scholar.google.com/scholar?cluster=10447192335705275812&hl=en&as_sdt=0,5
       Excerpt Continuous Integration (CI) has become a best practice of modern software development. At present, we have a shortfall of insight into the testing practices that are common in CI-based software development. In particular, we seek quantifiable evidence on how central testing …

         Title Automatically prioritizing pull requests
           URL http://scholar.google.com/https://ieeexplore.ieee.org/abstract/document/7180094/
          Year 2015
     Citations 41
      Versions 19
    Cluster ID 1507023977962857217
Citations list http://scholar.google.com/scholar?cites=1507023977962857217&as_sdt=2005&sciodt=0,5&hl=en
 Versions list http://scholar.google.com/scholar?cluster=1507023977962857217&hl=en&as_sdt=0,5
       Excerpt In previous work, we observed that in the pull-based development model integrators face challenges with regard to prioritizing work in the face of multiple concurrent pull requests. We present the design and initial implementation of a prototype pull request prioritisation …

         Title Context is king: The developer perspective on the usage of static analysis tools
           URL http://scholar.google.com/https://ieeexplore.ieee.org/abstract/document/8330195/
          Year 2018
     Citations 51
      Versions 8
    Cluster ID 14046530394659259752
Citations list http://scholar.google.com/scholar?cites=14046530394659259752&as_sdt=2005&sciodt=0,5&hl=en
 Versions list http://scholar.google.com/scholar?cluster=14046530394659259752&hl=en&as_sdt=0,5
       Excerpt Automatic static analysis tools (ASATs) are tools that support automatic code quality evaluation of software systems with the aim of (i) avoiding and/or removing bugs and (ii) spotting design issues. Hindering their wide-spread acceptance are their (i) high false …

         Title How developers engage with static analysis tools in different contexts
           URL http://scholar.google.com/https://link.springer.com/article/10.1007/s10664-019-09750-5
          Year 2020
     Citations 21
      Versions 6
    Cluster ID 10394902106589670074
Citations list http://scholar.google.com/scholar?cites=10394902106589670074&as_sdt=2005&sciodt=0,5&hl=en
 Versions list http://scholar.google.com/scholar?cluster=10394902106589670074&hl=en&as_sdt=0,5
       Excerpt Automatic static analysis tools (ASATs) are instruments that support code quality assessment by automatically detecting defects and design issues. Despite their popularity, they are characterized by (i) a high false positive rate and (ii) the low comprehensibility of …

         Title Do as i do, not as i say: Do contribution guidelines match the github contribution process?
           URL http://scholar.google.com/https://ieeexplore.ieee.org/abstract/document/8919187/
          Year 2019
     Citations 7
      Versions 9
    Cluster ID 4539443003900807732
Citations list http://scholar.google.com/scholar?cites=4539443003900807732&as_sdt=2005&sciodt=0,5&hl=en
 Versions list http://scholar.google.com/scholar?cluster=4539443003900807732&hl=en&as_sdt=0,5
       Excerpt Developer contribution guidelines are used in social coding sites like GitHub to explain and shape the process a project expects contributors to follow. They set standards for all participants and" save time and hassle caused by improperly created pull requests or issues …

         Title A dataset for pull-based development research
           URL http://scholar.google.com/https://dl.acm.org/doi/abs/10.1145/2597073.2597122
          Year 2014
     Citations 57
      Versions 3
    Cluster ID 16170977233323175382
Citations list http://scholar.google.com/scholar?cites=16170977233323175382&as_sdt=2005&sciodt=0,5&hl=en
 Versions list http://scholar.google.com/scholar?cluster=16170977233323175382&hl=en&as_sdt=0,5
       Excerpt … of participants has been shown to influence the time required to do a code review [14] … closesthe pull request (using the fixes: conven- tion advocated by Github) and that … branch and thecorresponding comment can be matched by the following regular expression: (?:merg|appl … 

         Title Modern code reviews in open-source projects: Which problems do they fix?
           URL http://scholar.google.com/https://dl.acm.org/doi/abs/10.1145/2597073.2597082
          Year 2014
     Citations 191
      Versions 20
    Cluster ID 15877497969250980095
Citations list http://scholar.google.com/scholar?cites=15877497969250980095&as_sdt=2005&sciodt=0,5&hl=en
 Versions list http://scholar.google.com/scholar?cluster=15877497969250980095&hl=en&as_sdt=0,5
       Excerpt … Github's review system works with pull requests, comprising the … found in the master's thesis originof this work [8]. 3.1 Research Questions Our overall research goal is to gain an in-depth, analyticalun- derstanding of the outcome of the Modern Code Review process in … 

         Title UAV: Warnings from multiple Automated Static Analysis Tools at a glance
           URL http://scholar.google.com/https://ieeexplore.ieee.org/abstract/document/7884656/
          Year 2017
     Citations 10
      Versions 8
    Cluster ID 7996850571634079778
Citations list http://scholar.google.com/scholar?cites=7996850571634079778&as_sdt=2005&sciodt=0,5&hl=en
 Versions list http://scholar.google.com/scholar?cluster=7996850571634079778&hl=en&as_sdt=0,5
       Excerpt Automated Static Analysis Tools (ASATs) are an integral part of today's software quality assurance practices. At present, a plethora of ASATs exist, each with different strengths. However, there is little guidance for developers on which of these ASATs to choose and …

         Title Work practices and challenges in pull-based development: The integrator's perspective
           URL http://scholar.google.com/https://ieeexplore.ieee.org/abstract/document/7194588/
          Year 2015
     Citations 269
      Versions 20
    Cluster ID 12199770135740212459
Citations list http://scholar.google.com/scholar?cites=12199770135740212459&as_sdt=2005&sciodt=0,5&hl=en
 Versions list http://scholar.google.com/scholar?cluster=12199770135740212459&hl=en&as_sdt=0,5
       Excerpt … project conventions author reputation experience understandability documentation test resultcode review code quality … suites against incoming pull requests, while integration with GitHubenables them to … that they are using linting tools4 while dedicated static analysis tools are … 

         Title Web API growing pains: Stories from client developers and their code
           URL http://scholar.google.com/https://ieeexplore.ieee.org/abstract/document/6747228/
          Year 2014
     Citations 67
      Versions 9
    Cluster ID 13027862897543623728
Citations list http://scholar.google.com/scholar?cites=13027862897543623728&as_sdt=2005&sciodt=0,5&hl=en
 Versions list http://scholar.google.com/scholar?cluster=13027862897543623728&hl=en&as_sdt=0,5
       Excerpt … From this list, sorted by popularity, we picked the top most popular web APIs and quickly verifiedwhich web APIs contained the largest number of references in GitHub … The projects using theNetflix web API were found while investigating projects on GitHub … 

         Title Botsing, a Search-based Crash Reproduction Framework for Java
           URL http://scholar.google.com/https://ieeexplore.ieee.org/abstract/document/9286108/
          Year 2020
     Citations 2
      Versions 5
    Cluster ID 4366790166630328599
Citations list http://scholar.google.com/scholar?cites=4366790166630328599&as_sdt=2005&sciodt=0,5&hl=en
 Versions list http://scholar.google.com/scholar?cluster=4366790166630328599&hl=en&as_sdt=0,5
       Excerpt … In this section, we first present the general workflow, and, next, describe the seedingstrategies implemented in Botsing. 1Available at http://stamp-project.eu/ 2Available athttps://github.com/STAMP-project/botsing-usecases-output … Static Analysis … 

         Title A tale of CI build failures: An open source and a financial organization perspective
           URL http://scholar.google.com/https://ieeexplore.ieee.org/abstract/document/8094420/
          Year 2017
     Citations 40
      Versions 11
    Cluster ID 10849898662168891667
Citations list http://scholar.google.com/scholar?cites=10849898662168891667&as_sdt=2005&sciodt=0,5&hl=en
 Versions list http://scholar.google.com/scholar?cluster=10849898662168891667&hl=en&as_sdt=0,5
       Excerpt … The Static Analysis category was … Since this was just a matter of refining the regular expression,a new validation of the Unit Testing and Integration … launches the analysis of source code metricsvia SonarQube, and “org.codehaus.mojo:findbugs-maven-plugin:findbugs”, which is … 

         Title What if a bug has a different origin? making sense of bugs without an explicit bug introducing change
           URL http://scholar.google.com/https://dl.acm.org/doi/abs/10.1145/3239235.3267436
          Year 2018
     Citations 18
      Versions 10
    Cluster ID 7003240749576217877
Citations list http://scholar.google.com/scholar?cites=7003240749576217877&as_sdt=2005&sciodt=0,5&hl=en
 Versions list http://scholar.google.com/scholar?cluster=7003240749576217877&hl=en&as_sdt=0,5
       Excerpt … thread, eg, GitHub encourages this behavior by automatically closing bugs if the commit messagecontains the bug number preceded by #. Next we determine the lines that the BFC changed.Also typically connected to the bug report, is a link to the code review done for the … 

         Title A dataset for pull request research
           URL http://scholar.google.com/https://www.researchgate.net/profile/Georgios_Gousios/publication/266657840_A_dataset_for_pull-based_development_research/links/5589131408aeb2994444c9a7.pdf
     Citations 5
      Versions 9
    Cluster ID 1596032892912592239
      PDF link http://scholar.google.com/https://www.researchgate.net/profile/Georgios_Gousios/publication/266657840_A_dataset_for_pull-based_development_research/links/5589131408aeb2994444c9a7.pdf
Citations list http://scholar.google.com/scholar?cites=1596032892912592239&as_sdt=2005&sciodt=0,5&hl=en
 Versions list http://scholar.google.com/scholar?cluster=1596032892912592239&hl=en&as_sdt=0,5
       Excerpt … of participants has been shown to influence the time required to do a code review [14] … closesthe pull request (using the fixes: conven- tion advocated by Github) and that … branch and thecorresponding comment can be matched by the following regular expression: (?:merg|appl … 

         Title Discovering community patterns in open-source: a systematic approach and its evaluation
           URL http://scholar.google.com/https://link.springer.com/article/10.1007/s10664-018-9659-9
          Year 2019
     Citations 29
      Versions 14
    Cluster ID 12949579398437055292
Citations list http://scholar.google.com/scholar?cites=12949579398437055292&as_sdt=2005&sciodt=0,5&hl=en
 Versions list http://scholar.google.com/scholar?cluster=12949579398437055292&hl=en&as_sdt=0,5
       Excerpt … We evaluate the tool in a quantitative empirical study involving 25 open-source communitiesfrom GitHub, finding that the tool offers a valuable basis to monitor key community traits behindopen-source development and may form an effective combination with web-portals such … 

         Title LogChunks: A data set for build log analysis
           URL http://scholar.google.com/https://dl.acm.org/doi/abs/10.1145/3379597.3387485
          Year 2020
     Citations 1
      Versions 3
    Cluster ID 11343665991918750419
Citations list http://scholar.google.com/scholar?cites=11343665991918750419&as_sdt=2005&sciodt=0,5&hl=en
 Versions list http://scholar.google.com/scholar?cluster=11343665991918750419&hl=en&as_sdt=0,5
       Excerpt … use keywords to retrieve information about build failures from logs or how they discuss failuresof CI builds within pull requests [5 … It combines data accessible through the public Travis CI andGitHub APIs and through GHTorrent [9]. Similar to LogChunks, among the metadata are … 

