[query] http://scholar.google.com/scholar?as_q=&as_epq=%22findbugs%22%20OR%20%22spotbugs%22%20OR%20%22code%20review%22%20OR%20%22static%20analysis%22%20OR%20%22regex%22%20OR%20%22regular%20expression%22%20OR%20%22github%22%20OR%20%22pull%20requests%22&as_oq=&as_eq=&as_occt=any&as_sauthors=August%20Shi&as_publication=&as_ylo=&as_yhi=&as_vis=0&btnG=&hl=en&num=80&as_sdt=0%2C5
         Title An extensible, regular-expression-based tool for multi-language mutant generation
           URL http://scholar.google.com/https://ieeexplore.ieee.org/abstract/document/8449436/
          Year 2018
     Citations 15
      Versions 9
    Cluster ID 9405522672823170274
Citations list http://scholar.google.com/scholar?cites=9405522672823170274&as_sdt=2005&sciodt=0,5&hl=en
 Versions list http://scholar.google.com/scholar?cluster=9405522672823170274&hl=en&as_sdt=0,5
       Excerpt Mutation testing is widely used in research (even if not in practice). Mutation testing tools usually target only one programming language and rely on parsing a program to generate mutants, or operate not at the source level but on compiled bytecode. Unfortunately …

         Title SRCIROR: A toolset for mutation testing of c source code and llvm intermediate representation
           URL http://scholar.google.com/https://dl.acm.org/doi/abs/10.1145/3238147.3240482
          Year 2018
     Citations 8
      Versions 6
    Cluster ID 6650004020739093044
Citations list http://scholar.google.com/scholar?cites=6650004020739093044&as_sdt=2005&sciodt=0,5&hl=en
 Versions list http://scholar.google.com/scholar?cluster=6650004020739093044&hl=en&as_sdt=0,5
       Excerpt … Proteum tool for muta- tion testing of C programs. https://github.com/magsilva/proteum … [9] AlexGroce, Josie Holmes, Darko Marinov, August Shi, and Lingming Zhang. An extensible,regular-expression-based tool for multi-language mutant generation. 2018 … 

         Title NonDex: A tool for detecting and debugging wrong assumptions on Java API specifications
           URL http://scholar.google.com/https://dl.acm.org/doi/abs/10.1145/2950290.2983932
          Year 2016
     Citations 8
      Versions 6
    Cluster ID 81780921787534154
Citations list http://scholar.google.com/scholar?cites=81780921787534154&as_sdt=2005&sciodt=0,5&hl=en
 Versions list http://scholar.google.com/scholar?cluster=81780921787534154&hl=en&as_sdt=0,5
       Excerpt … of Non- Dex, we detected 21 new bugs in eight Maven-based Java projects from GitHub. Usingthe new debugging feature, we identified the underlying wrong assumptions for these 21 newbugs and 54 previously detected bugs. We opened 13 pull requests, and developers … 

         Title Reflection-aware static regression test selection
           URL http://scholar.google.com/https://dl.acm.org/doi/abs/10.1145/3360613
          Year 2019
     Citations 8
      Versions 8
    Cluster ID 10709192213963481796
Citations list http://scholar.google.com/scholar?cites=10709192213963481796&as_sdt=2005&sciodt=0,5&hl=en
 Versions list http://scholar.google.com/scholar?cluster=10709192213963481796&hl=en&as_sdt=0,5
       Excerpt … 2015a] is a static analysis technique that can approximate potential target classes in reflectiveedges, based on the String-valued class name passed … invocation of Lm on line 19 of A1, StringAnalysis approximates the received class name to match the regular expression "A1|A3 … 

         Title iFixFlakies: A framework for automatically fixing order-dependent flaky tests
           URL http://scholar.google.com/https://dl.acm.org/doi/abs/10.1145/3338906.3338925
          Year 2019
     Citations 22
      Versions 9
    Cluster ID 4609400988861951765
Citations list http://scholar.google.com/scholar?cites=4609400988861951765&as_sdt=2005&sciodt=0,5&hl=en
 Versions list http://scholar.google.com/scholar?cluster=4609400988861951765&hl=en&as_sdt=0,5
       Excerpt … 58. We opened pull requests for 56 order-dependent tests (2 of 58 were alreadyfixed), and developers have already accepted pull requests for 21 of them, with allthe remaining ones still pending. CCS CONCEPTS • Software … 

         Title Detecting assumptions on deterministic implementations of non-deterministic specifications
           URL http://scholar.google.com/https://ieeexplore.ieee.org/abstract/document/7515461/
          Year 2016
     Citations 31
      Versions 8
    Cluster ID 1864072460921656723
Citations list http://scholar.google.com/scholar?cites=1864072460921656723&as_sdt=2005&sciodt=0,5&hl=en
 Versions list http://scholar.google.com/scholar?cluster=1864072460921656723&hl=en&as_sdt=0,5
       Excerpt … We evalu- ated NONDEX on 195 open-source projects from GitHub and 72 studentsubmissions from a programming homework assignment. NONDEX detected 60 flaky testsin 21 open-source projects and 110 flaky tests in 34 student submissions … 

         Title Scientific tests and continuous integration strategies to enhance reproducibility in the scientific software context
           URL http://scholar.google.com/https://dl.acm.org/doi/abs/10.1145/3322790.3330595
          Year 2019
     Citations 12
      Versions 9
    Cluster ID 10318093288740158163
Citations list http://scholar.google.com/scholar?cites=10318093288740158163&as_sdt=2005&sciodt=0,5&hl=en
 Versions list http://scholar.google.com/scholar?cluster=10318093288740158163&hl=en&as_sdt=0,5
       Excerpt … 3.1 Existing tests and their limitations The authors of article [45] generously provide their codethrough a GitHub repository4 with a free software license … 3.7 Code and Data Release All codeand data relied on for this article are available as public repositories on GitHub … 

         Title Understanding and improving regression test selection in continuous integration
           URL http://scholar.google.com/https://ieeexplore.ieee.org/abstract/document/8987498/
          Year 2019
     Citations 4
      Versions 7
    Cluster ID 8754024326536139675
Citations list http://scholar.google.com/scholar?cites=8754024326536139675&as_sdt=2005&sciodt=0,5&hl=en
 Versions list http://scholar.google.com/scholar?cluster=8754024326536139675&hl=en&as_sdt=0,5
       Excerpt … However, if a change is to a non-source- code file (not specified in the exclude regex), eg, a.json file that may be a test input, the hybrid technique defaults back to module-level RTS andselects all tests in the affected … GIBstazi is a fork of GIB, publicly available on GitHub [3]. IV … 

         Title Approximate transformations as mutation operators
           URL http://scholar.google.com/https://ieeexplore.ieee.org/abstract/document/8367056/
          Year 2018
     Citations 8
      Versions 11
    Cluster ID 1716505533808014466
Citations list http://scholar.google.com/scholar?cites=1716505533808014466&as_sdt=2005&sciodt=0,5&hl=en
 Versions list http://scholar.google.com/scholar?cluster=1716505533808014466&hl=en&as_sdt=0,5
       Excerpt … Developers already accepted seven out of 11 pull requests that we submitted for fixing bad tests.II … The subjects are from GitHub and are a mix of (1) subjects used in previous software testingpapers [39], [42], and (2) computationally-intensive subjects that may have more … 

         Title Starts: Static regression test selection
           URL http://scholar.google.com/https://ieeexplore.ieee.org/abstract/document/8115710/
          Year 2017
     Citations 31
      Versions 8
    Cluster ID 9509723301101931081
Citations list http://scholar.google.com/scholar?cites=9509723301101931081&as_sdt=2005&sciodt=0,5&hl=en
 Versions list http://scholar.google.com/scholar?cluster=9509723301101931081&hl=en&as_sdt=0,5
       Excerpt … STARTS source code is publicly available on GitHub at https://github.com/TestingResearchIllinois/starts, and binary code is released on … we observed that STARTS discovers many more testdependencies than Ekstazi, due to inherent imprecision of static analysis, and that … 

         Title Comparing and combining test-suite reduction and regression test selection
           URL http://scholar.google.com/https://dl.acm.org/doi/abs/10.1145/2786805.2786878
          Year 2015
     Citations 78
      Versions 8
    Cluster ID 10059849912664372950
Citations list http://scholar.google.com/scholar?cites=10059849912664372950&as_sdt=2005&sciodt=0,5&hl=en
 Versions list http://scholar.google.com/scholar?cluster=10059849912664372950&hl=en&as_sdt=0,5
       Excerpt … 4. EVALUATION We next describe our evaluation of test-suite reduction, regression test selection,and their combination on 17 open- source projects from GitHub [2]. We first summarize the projectsused in our study and then describe how we set up our experiments to answer … 

         Title Domain-Specific Fixes for Flaky Tests with Wrong Assumptions on Underdetermined Specifications
           URL http://mir.cs.illinois.edu/marinov/publications/ZhangETAL21DexFix.pdf
     Citations 0
      Versions 3
      PDF link http://mir.cs.illinois.edu/marinov/publications/ZhangETAL21DexFix.pdf
 Versions list http://scholar.google.com/scholar?cluster=5105088369062392445&hl=en&as_sdt=0,5
       Excerpt … and the main code. DexFix proposes fixes for 119 tests from the detected 275 tests.We have already reported fixes for 102 tests as GitHub pull requests: 74 have beenmerged, with only 5 rejected, and the remaining pending … 

         Title Evaluating test-suite reduction in real software evolution
           URL http://scholar.google.com/https://dl.acm.org/doi/abs/10.1145/3213846.3213875
          Year 2018
     Citations 13
      Versions 6
    Cluster ID 7466430883370845586
Citations list http://scholar.google.com/scholar?cites=7466430883370845586&as_sdt=2005&sciodt=0,5&hl=en
 Versions list http://scholar.google.com/scholar?cluster=7466430883370845586&hl=en&as_sdt=0,5
       Excerpt … code changes. We ana- lyze 1478 failed builds from 32 GitHub projects that runtheir tests on Travis. Each … the cloud. For example, when a developer pushes somecode changes to GitHub, Travis can run a build in the cloud. If … 

         Title Detecting flaky tests in probabilistic and machine learning applications
           URL http://scholar.google.com/https://dl.acm.org/doi/abs/10.1145/3395363.3397366
          Year 2020
     Citations 3
      Versions 7
    Cluster ID 2241466651120719287
Citations list http://scholar.google.com/scholar?cites=2241466651120719287&as_sdt=2005&sciodt=0,5&hl=en
 Versions list http://scholar.google.com/scholar?cluster=2241466651120719287&hl=en&as_sdt=0,5
       Excerpt … probabilistic programming system or machine learning framework . We collect eachproject's bug reports (both the Issue Requests and Pull Requests on GitHub) andcommits. We filter these bug reports/commits by searching … 

         Title An extensive study of static regression test selection in modern software evolution
           URL http://scholar.google.com/https://dl.acm.org/doi/abs/10.1145/2950290.2950361
          Year 2016
     Citations 77
      Versions 9
    Cluster ID 670400552639014641
Citations list http://scholar.google.com/scholar?cites=670400552639014641&as_sdt=2005&sciodt=0,5&hl=en
 Versions list http://scholar.google.com/scholar?cluster=670400552639014641&hl=en&as_sdt=0,5
       Excerpt … 2.4 Analysis Scope Modern software projects use external libraries exten- sively which can slowdown static analysis in general and MethSRTS in particular … 4 tests from (1) the orig- inal Ekstazipaper [13], (2) one of our previous studies [23], and (3) popular GitHub Java projects … 

         Title iDFlakies: A framework for detecting and partially classifying flaky tests
           URL http://scholar.google.com/https://ieeexplore.ieee.org/abstract/document/8730188/
          Year 2019
     Citations 41
      Versions 11
    Cluster ID 8556055007777833584
Citations list http://scholar.google.com/scholar?cites=8556055007777833584&as_sdt=2005&sciodt=0,5&hl=en
 Versions list http://scholar.google.com/scholar?cluster=8556055007777833584&hl=en&as_sdt=0,5
       Excerpt … Figure 1 shows an example OD test that our tool found in a project from our study. Elastic-Job[3] is a popular Java project with over 4500 stars on GitHub as of January 2019 … Java WebSockets[8] is a popular Java project with over 4800 stars on GitHub as of January 2019 … 

         Title Improving regression testing efficiency and reliability via test-suite transformations
           URL http://scholar.google.com/https://www.ideals.illinois.edu/handle/2142/108492
          Year 2020
     Citations 0
      Versions 3
 Versions list http://scholar.google.com/scholar?cluster=3540264784944361222&hl=en&as_sdt=0,5
       Excerpt … 81. We opened GitHub pull requests for 78 order-dependent tests (3 of 81 had beenalready … We opened GitHub pull requests for 78 order-dependent tests with helpers(3 of 81 had been already fixed in the latest version of the code) … 

         Title Balancing trade-offs in test-suite reduction
           URL http://scholar.google.com/https://dl.acm.org/doi/abs/10.1145/2635868.2635921
          Year 2014
     Citations 94
      Versions 10
    Cluster ID 3906064875854762099
Citations list http://scholar.google.com/scholar?cites=3906064875854762099&as_sdt=2005&sciodt=0,5&hl=en
 Versions list http://scholar.google.com/scholar?cluster=3906064875854762099&hl=en&as_sdt=0,5
       Excerpt … We define REC stability as the difference between min and max REC values across all versionsconsidered. 4. EVALUATION This section describes our evaluation of test-suite reduc- tionon a set of 18 medium-sized, open-source projects from GitHub … 

         Title Empirically revisiting and enhancing IR-based test-case prioritization
           URL http://scholar.google.com/https://dl.acm.org/doi/abs/10.1145/3395363.3397383
          Year 2020
     Citations 2
      Versions 8
    Cluster ID 9999361009005636820
Citations list http://scholar.google.com/scholar?cites=9999361009005636820&as_sdt=2005&sciodt=0,5&hl=en
 Versions list http://scholar.google.com/scholar?cluster=9999361009005636820&hl=en&as_sdt=0,5
       Excerpt … This paper makes the following contributions: • Dataset: We collect a large-scale datasetfrom GitHub and Travis CI … To construct our dataset, we use projects that use the Mavenbuild system, are publicly hosted on GitHub, and use Travis CI … 

         Title Reliable testing: Detecting state-polluting tests to prevent test dependency
           URL http://scholar.google.com/https://dl.acm.org/doi/abs/10.1145/2771783.2771793
          Year 2015
     Citations 65
      Versions 6
    Cluster ID 10297722261909173676
Citations list http://scholar.google.com/scholar?cites=10297722261909173676&as_sdt=2005&sciodt=0,5&hl=en
 Versions list http://scholar.google.com/scholar?cluster=10297722261909173676&hl=en&as_sdt=0,5
       Excerpt … We present the PolDet technique that detects pollu- tions on shared heap or file system • Weimplement a prototype PolDet tool for Java • We evaluate the tool on 26 projects from GitHubThe experimental results show that PolDet effectively finds polluting tests … 

