[query] http://scholar.google.com/scholar?as_q=&as_epq=%22findbugs%22%20OR%20%22spotbugs%22%20OR%20%22code%20review%22%20OR%20%22static%20analysis%22%20OR%20%22regex%22%20OR%20%22regular%20expression%22%20OR%20%22github%22%20OR%20%22pull%20requests%22&as_oq=&as_eq=&as_occt=any&as_sauthors=Baishakhi%20Ray&as_publication=&as_ylo=&as_yhi=&as_vis=0&btnG=&hl=en&num=80&as_sdt=0%2C5
         Title A large scale study of programming languages and code quality in github
           URL http://scholar.google.com/https://dl.acm.org/doi/abs/10.1145/2635868.2635922
          Year 2014
     Citations 358
      Versions 14
    Cluster ID 9234217772779252061
Citations list http://scholar.google.com/scholar?cites=9234217772779252061&as_sdt=2005&sciodt=0,5&hl=en
 Versions list http://scholar.google.com/scholar?cluster=9234217772779252061&hl=en&as_sdt=0,5
       Excerpt What is the effect of programming languages on software quality? This question has been a topic of much debate for a very long time. In this study, we gather a very large data set from GitHub (729 projects, 80 Million SLOC, 29,000 authors, 1.5 million commits, in 17 …

         Title Gender and tenure diversity in GitHub teams
           URL http://scholar.google.com/https://dl.acm.org/doi/abs/10.1145/2702123.2702549
          Year 2015
     Citations 243
      Versions 16
    Cluster ID 10649732745211532972
Citations list http://scholar.google.com/scholar?cites=10649732745211532972&as_sdt=2005&sciodt=0,5&hl=en
 Versions list http://scholar.google.com/scholar?cluster=10649732745211532972&hl=en&as_sdt=0,5
       Excerpt Software development is usually a collaborative venture. Open Source Software (OSS) projects are no exception; indeed, by design, the OSS approach can accommodate teams that are more open, geographically distributed, and dynamic than commercial teams. This …

         Title Assert use in github projects
           URL http://scholar.google.com/https://ieeexplore.ieee.org/abstract/document/7194623/
          Year 2015
     Citations 54
      Versions 8
    Cluster ID 11224030008867354022
Citations list http://scholar.google.com/scholar?cites=11224030008867354022&as_sdt=2005&sciodt=0,5&hl=en
 Versions list http://scholar.google.com/scholar?cluster=11224030008867354022&hl=en&as_sdt=0,5
       Excerpt Asserts have long been a strongly recommended (if non-functional) adjunct to programs. They certainly don't add any user-evident feature value; and it can take quite some skill and effort to devise and add useful asserts. However, they are believed to add considerable …

         Title Some from here, some from there: Cross-project code reuse in github
           URL http://scholar.google.com/https://ieeexplore.ieee.org/abstract/document/7962379/
          Year 2017
     Citations 47
      Versions 6
    Cluster ID 321929843067921550
Citations list http://scholar.google.com/scholar?cites=321929843067921550&as_sdt=2005&sciodt=0,5&hl=en
 Versions list http://scholar.google.com/scholar?cluster=321929843067921550&hl=en&as_sdt=0,5
       Excerpt Code reuse has well-known benefits on code quality, coding efficiency, and maintenance. Open Source Software (OSS) programmers gladly share their own code and they happily reuse others'. Social programming platforms like GitHub have normalized code foraging via …

         Title Recommending github projects for developer onboarding
           URL http://scholar.google.com/https://ieeexplore.ieee.org/abstract/document/8458104/
          Year 2018
     Citations 18
      Versions 3
    Cluster ID 15797344526120285892
Citations list http://scholar.google.com/scholar?cites=15797344526120285892&as_sdt=2005&sciodt=0,5&hl=en
 Versions list http://scholar.google.com/scholar?cluster=15797344526120285892&hl=en&as_sdt=0,5
       Excerpt Open-source platform (eg, GitHub) creates a tremendous opportunity for developers to learn and build experience. Contribution to open source can be rewarding for developers and advocates the evolutionary progress of the open-source software. However, finding a …

         Title Cross-project code clones in GitHub
           URL http://scholar.google.com/https://link.springer.com/article/10.1007/s10664-018-9648-z
          Year 2019
     Citations 11
      Versions 3
    Cluster ID 14650441690394827371
Citations list http://scholar.google.com/scholar?cites=14650441690394827371&as_sdt=2005&sciodt=0,5&hl=en
 Versions list http://scholar.google.com/scholar?cluster=14650441690394827371&hl=en&as_sdt=0,5
       Excerpt Code reuse has well-known benefits on code quality, coding efficiency, and maintenance. Open Source Software (OSS) programmers gladly share their own code and they happily reuse others'. Social programming platforms like GitHub have normalized code foraging via …

         Title Gitcproc: A tool for processing and classifying github commits
           URL http://scholar.google.com/https://dl.acm.org/doi/abs/10.1145/3092703.3098230
          Year 2017
     Citations 15
      Versions 3
    Cluster ID 14565650415933778056
Citations list http://scholar.google.com/scholar?cites=14565650415933778056&as_sdt=2005&sciodt=0,5&hl=en
 Versions list http://scholar.google.com/scholar?cluster=14565650415933778056&hl=en&as_sdt=0,5
       Excerpt Sites such as GitHub have created a vast collection of software artifacts that researchers interested in understanding and improving software systems can use. Current tools for processing such GitHub data tend to target project metadata and avoid source code …

         Title On the" naturalness" of buggy code
           URL http://scholar.google.com/https://ieeexplore.ieee.org/abstract/document/7886923/
          Year 2016
     Citations 169
      Versions 23
    Cluster ID 10627100582256672595
Citations list http://scholar.google.com/scholar?cites=10627100582256672595&as_sdt=2005&sciodt=0,5&hl=en
 Versions list http://scholar.google.com/scholar?cluster=10627100582256672595&hl=en&as_sdt=0,5
       Excerpt … In fact, this approach is more commensurate with static analysis or static bug-finding tools, whichalso indicate potential bugs at … Most (eg, PMD and FindBugs) are … With either SBF or NBF, hu- mancode review effort, spent on lines identified as bug-prone, will hopefully find some … 

         Title A recommender system for developer onboarding
           URL http://scholar.google.com/https://dl.acm.org/doi/abs/10.1145/3183440.3194989
          Year 2018
     Citations 3
      Versions 3
    Cluster ID 3490555211902932627
Citations list http://scholar.google.com/scholar?cites=3490555211902932627&as_sdt=2005&sciodt=0,5&hl=en
 Versions list http://scholar.google.com/scholar?cluster=3490555211902932627&hl=en&as_sdt=0,5
       Excerpt … ABSTRACT Successfully onboarding open source projects in GitHub is difficult for developers,because it is time-consuming for them to search an expected project by a few query words fromnumerous repositories, and developers suffer from various social and technical … 

         Title An empirical study of api stability and adoption in the android ecosystem
           URL http://scholar.google.com/https://ieeexplore.ieee.org/abstract/document/6676878/
          Year 2013
     Citations 264
      Versions 8
    Cluster ID 1434574070242772460
Citations list http://scholar.google.com/scholar?cites=1434574070242772460&as_sdt=2005&sciodt=0,5&hl=en
 Versions list http://scholar.google.com/scholar?cluster=1434574070242772460&hl=en&as_sdt=0,5
       Excerpt … As a first step toward under- standing the impact of API evolution on software ecosystems,we conduct an in-depth case study of the co-evolution behavior of Android API anddependent applications using the version history data found in github … 

         Title Unified Pre-training for Program Understanding and Generation
           URL http://scholar.google.com/https://arxiv.org/abs/2103.06333
          Year 2021
     Citations 0
      Versions 3
 Versions list http://scholar.google.com/scholar?cluster=5217588768308087736&hl=en&as_sdt=0,5
       Excerpt … “Nb of documents” refers to #functions in Java and Python collected from Github, and #postsin natural lan- guage (NL) from StackOverflow … We download all the GitHub repositories associatedwith Java and Python languages available on Google BigQuery. 3 … 

         Title A transformer-based approach for source code summarization
           URL http://scholar.google.com/https://arxiv.org/abs/2005.00653
          Year 2020
     Citations 14
      Versions 6
    Cluster ID 6293105869739952868
Citations list http://scholar.google.com/scholar?cites=6293105869739952868&as_sdt=2005&sciodt=0,5&hl=en
 Versions list http://scholar.google.com/scholar?cluster=6293105869739952868&hl=en&as_sdt=0,5
       Excerpt … One of the ini- tial works Iyer et al. (2016) trained an embed- 1https://github.com/wasiahmad/NeuralCodeSum … Page 2. studied datasets collected from GitHub, and the results endorsethe effectiveness of our approach over the state-of-the-art solutions … 

         Title An Empirical Study on the Use and Misuse of Java 8 Streams.
           URL http://scholar.google.com/https://library.oapen.org/bitstream/handle/20.500.12657/37725/2020_Book_FundamentalApproachesToSoftwar.pdf?sequence=1#page=108
          Year 2020
     Citations 4
      Versions 11
    Cluster ID 10644090198069368940
Citations list http://scholar.google.com/scholar?cites=10644090198069368940&as_sdt=2005&sciodt=0,5&hl=en
 Versions list http://scholar.google.com/scholar?cluster=10644090198069368940&hl=en&as_sdt=0,5
       Excerpt … All the subjects have their sources publicly available on GitHub and include popular libraries,frameworks, and … The LTSs are fed into the static analysis portion of a refactoring tool [23] basedon … We found this to be the case with several pull requests [15, 45] that were issued by … 

         Title The uniqueness of changes: Characteristics and applications
           URL http://scholar.google.com/https://ieeexplore.ieee.org/abstract/document/7180065/
          Year 2015
     Citations 44
      Versions 12
    Cluster ID 4745008118241650845
Citations list http://scholar.google.com/scholar?cites=4745008118241650845&as_sdt=2005&sciodt=0,5&hl=en
 Versions list http://scholar.google.com/scholar?cluster=4745008118241650845&hl=en&as_sdt=0,5
       Excerpt … We provide empirical evidence to support this statement in our paper. • Code reviews: Ifnon-unique changes are recognized in a code review, then the developers who introducedthe same change earlier can be involved in the code review process … 

         Title A large ecosystem study to understand the effect of programming languages on code quality
           URL http://scholar.google.com/https://www.sciencedirect.com/science/article/pii/B9780128042069000234
          Year 2016
     Citations 2
      Versions 0
    Cluster ID 12948550876122834144
Citations list http://scholar.google.com/scholar?cites=12948550876122834144&as_sdt=2005&sciodt=0,5&hl=en
       Excerpt … We analyzed the 17 most popular languages from GitHub including C, C++, C#, Objective-C,Go, Java, Ruby, Php, Python, Perl, Javascript, CoffeeScript, TypeScript, Clojure, Erlang, Haskell,and Scala across 728 GitHub projects … languages and code quality in github … 

         Title Which similarity metric to use for software documents? A study on information retrieval based software engineering tasks
           URL http://scholar.google.com/https://dl.acm.org/doi/abs/10.1145/3183440.3194997
          Year 2018
     Citations 1
      Versions 2
    Cluster ID 9845940652940816372
Citations list http://scholar.google.com/scholar?cites=9845940652940816372&as_sdt=2005&sciodt=0,5&hl=en
 Versions list http://scholar.google.com/scholar?cluster=9845940652940816372&hl=en&as_sdt=0,5
       Excerpt … 2.1 SE Document Artifacts We collect document artifacts from GitHub projects (ie Textual andCode) and bug-reports [16] (eg, mixture of code and text) dataset. Textual Artifacts. We considerGitHub projects' description and readme content as textual artifacts … 

         Title Rebuttal to Berger et al., TOPLAS 2019
           URL http://scholar.google.com/https://arxiv.org/abs/1911.07393
          Year 1911
     Citations 1
      Versions 2
    Cluster ID 3914117704181423052
Citations list http://scholar.google.com/scholar?cites=3914117704181423052&as_sdt=2005&sciodt=0,5&hl=en
 Versions list http://scholar.google.com/scholar?cluster=3914117704181423052&hl=en&as_sdt=0,5
       Excerpt … Abstract Berger et al., published in TOPLAS 2019 , is a critique of our 2014 FSE conferenceabstract and its 1 archival version, the 2017 CACM paper: ​A Large-Scale Study of ProgrammingLanguages and Code Quality in Github . In their paper Berger et al … 

         Title Erratum to our CHI'15 paper “Gender and Tenure Diversity in GitHub Teams”
           URL http://scholar.google.com/https://www.researchgate.net/profile/Bogdan_Vasilescu2/publication/279961607_Erratum_to_our_CHI'15_paper_Gender_and_Tenure_Diversity_in_GitHub_Teams/links/55a00aa008aef92d04ce2b87/Erratum-to-our-CHI15-paper-Gender-and-Tenure-Diversity-in-GitHub-Teams.pdf
          Year 2015
     Citations 0
      Versions 7
      PDF link http://scholar.google.com/https://www.researchgate.net/profile/Bogdan_Vasilescu2/publication/279961607_Erratum_to_our_CHI'15_paper_Gender_and_Tenure_Diversity_in_GitHub_Teams/links/55a00aa008aef92d04ce2b87/Erratum-to-our-CHI15-paper-Gender-and-Tenure-Diversity-in-GitHub-Teams.pdf
 Versions list http://scholar.google.com/scholar?cluster=10419417992960230132&hl=en&as_sdt=0,5
       Excerpt This erratum concerns our paper “Gender and Tenure Diversity in GitHub Teams”, published in proceedings of the 2015 ACM CHI Conference on Human Factors in Computing Systems, pages 3789–3798 (DOI http://dx. doi. org/10.1145/2702123.2702549). A typo in our R code …

         Title Building language models for text with named entities
           URL http://scholar.google.com/https://arxiv.org/abs/1805.04836
          Year 2018
     Citations 20
      Versions 8
    Cluster ID 2570457311059161447
Citations list http://scholar.google.com/scholar?cites=2570457311059161447&as_sdt=2005&sciodt=0,5&hl=en
 Versions list http://scholar.google.com/scholar?cluster=2570457311059161447&hl=en&as_sdt=0,5
       Excerpt … Our second dataset comprises a source code corpus of 500 open-source Androidprojects collected from GitHub … 4.2 Code Generation Code Corpus Pre-processing.We crawl 500 Android open source projects from GitHub11 … 

