[query] http://scholar.google.com/scholar?as_q=&as_epq=%22findbugs%22%20OR%20%22spotbugs%22%20OR%20%22code%20review%22%20OR%20%22static%20analysis%22%20OR%20%22regex%22%20OR%20%22regular%20expression%22%20OR%20%22github%22%20OR%20%22pull%20requests%22&as_oq=&as_eq=&as_occt=any&as_sauthors=Benoit%20Baudry&as_publication=&as_ylo=&as_yhi=&as_vis=0&btnG=&hl=en&num=80&as_sdt=0%2C5
         Title " May the fork be with you": novel metrics to analyze collaboration on GitHub
           URL http://scholar.google.com/https://dl.acm.org/doi/abs/10.1145/2593868.2593875
          Year 2014
     Citations 33
      Versions 9
    Cluster ID 15275416769253778500
Citations list http://scholar.google.com/scholar?cites=15275416769253778500&as_sdt=2005&sciodt=0,5&hl=en
 Versions list http://scholar.google.com/scholar?cluster=15275416769253778500&hl=en&as_sdt=0,5
       Excerpt Multi-repository software projects are becoming more and more popular, thanks to web-based facilities such as Github. Code and process metrics generally assume a single repository must be analyzed, in order to measure the characteristics of a codebase. Thus …

         Title Repairnator patches programs automatically
           URL http://scholar.google.com/https://dl.acm.org/doi/abs/10.1145/3349589
          Year 2019
     Citations 12
      Versions 13
    Cluster ID 14046487890466113846
Citations list http://scholar.google.com/scholar?cites=14046487890466113846&as_sdt=2005&sciodt=0,5&hl=en
 Versions list http://scholar.google.com/scholar?cluster=14046487890466113846&hl=en&as_sdt=0,5
       Excerpt … then follow their usual process of code- review and merge. Interested readers can find more detailsin the publications listed in the bibliography. Repairnator focuses on repairing Java software,built with the Maven toolchain, in open-source projects hosted on GitHub, using the … 

         Title Human-competitive patches in automatic program repair with repairnator
           URL http://scholar.google.com/https://arxiv.org/abs/1810.05806
          Year 2018
     Citations 6
      Versions 2
    Cluster ID 12122947352445129453
Citations list http://scholar.google.com/scholar?cites=12122947352445129453&as_sdt=2005&sciodt=0,5&hl=en
 Versions list http://scholar.google.com/scholar?cluster=12122947352445129453&hl=en&as_sdt=0,5
       Excerpt … Now, for sake of ethics, the real identity of Luc has been disclosed on each of his pull- requests …she then proposes it to the original developers of the project as a pull-request on GitHub (j). Thedevelopers then follow their usual pro- cess of code-review and merge … 

         Title Automatic test improvement with DSpot: a study with ten mature open-source projects
           URL http://scholar.google.com/https://link.springer.com/article/10.1007/s10664-019-09692-y
          Year 2019
     Citations 16
      Versions 11
    Cluster ID 9363481193008218477
Citations list http://scholar.google.com/scholar?cites=9363481193008218477&as_sdt=2005&sciodt=0,5&hl=en
 Versions list http://scholar.google.com/scholar?cluster=9363481193008218477&hl=en&as_sdt=0,5
       Excerpt … Our key results are as follows: first, thirteen GitHub pull requests consisting of automatic testimprovements have been definitively accepted by the developers; second, an interesting empiricalfact is that DSpot has been able to improve a test class with a 99% initial mutation … 

         Title Descartes: a PITest engine to detect pseudo-tested methods: tool demonstration
           URL http://scholar.google.com/https://ieeexplore.ieee.org/abstract/document/8999999/
          Year 2018
     Citations 12
      Versions 8
    Cluster ID 15382319177751215552
Citations list http://scholar.google.com/scholar?cites=15382319177751215552&as_sdt=2005&sciodt=0,5&hl=en
 Versions list http://scholar.google.com/scholar?cluster=15382319177751215552&hl=en&as_sdt=0,5
       Excerpt … These are all projects that use Maven as main build system, JUnit as main testing frameworkand are available form a version control hosting service, mostly Github. Table 2 shows the metricsrecorded for the comparison … https://github.com/STAMP-project/descartes-github-app … 

         Title A comprehensive study of bloated dependencies in the maven ecosystem
           URL http://scholar.google.com/https://arxiv.org/abs/2001.07808
          Year 2020
     Citations 7
      Versions 3
    Cluster ID 7575942311460321435
Citations list http://scholar.google.com/scholar?cites=7575942311460321435&as_sdt=2005&sciodt=0,5&hl=en
 Versions list http://scholar.google.com/scholar?cluster=7575942311460321435&hl=en&as_sdt=0,5
       Excerpt … 30 artifacts, for which the code is available as open-source on GitHub and which … we show thatdevelopers care about removing dependency bloat: 18/21 of answered pull requests have been …In- ternally, DepClean addresses some of the key aspects of static analysis in Java … 

         Title DUETS: A Dataset of Reproducible Pairs ofJava Library-Clients
           URL http://scholar.google.com/https://arxiv.org/abs/2103.09672
          Year 2021
     Citations 0
      Versions 3
 Versions list http://scholar.google.com/scholar?cluster=16576461041990800959&hl=en&as_sdt=0,5
       Excerpt … VI. CONCLUSION In this paper, we presented DUETS, a dataset of 395 libraries and 2,874 clientsextracted from open-source projects on GitHub. DUETS aims to simplify studies that rely ondynamic and static analysis of libraries' usage in the Java ecosystem … 

         Title A comprehensive study of pseudo-tested methods
           URL http://scholar.google.com/https://link.springer.com/article/10.1007/s10664-018-9653-2
          Year 2019
     Citations 17
      Versions 15
    Cluster ID 18445343833159055564
Citations list http://scholar.google.com/scholar?cites=18445343833159055564&as_sdt=2005&sciodt=0,5&hl=en
 Versions list http://scholar.google.com/scholar?cluster=18445343833159055564&hl=en&as_sdt=0,5
       Excerpt … We communicate these issues to the development teams through pull requests or email andcollect their feedback … in Java, that use Maven as main build system, JUnit as the main testingframework and their code is available in a version control hosting service, mostly Github … 

         Title Towards ecology inspired software engineering
           URL http://scholar.google.com/https://arxiv.org/abs/1205.1102
          Year 2012
     Citations 11
      Versions 11
    Cluster ID 9287884973610926609
Citations list http://scholar.google.com/scholar?cites=9287884973610926609&as_sdt=2005&sciodt=0,5&hl=en
 Versions list http://scholar.google.com/scholar?cluster=9287884973610926609&hl=en&as_sdt=0,5
       Excerpt … First, the new distributed version control systems (such as Git or Mercurial) actually considereach copy of the code base as a fork and second, an open-source repository called GitHubencourages forking as a built-in feature of their infrastructure … 

         Title R-Hero: A Software Repair Bot based on Continual Learning
           URL http://scholar.google.com/https://arxiv.org/abs/2012.06824
          Year 2020
     Citations 0
      Versions 2
 Versions list http://scholar.google.com/scholar?cluster=17678609641923832654&hl=en&as_sdt=0,5
       Excerpt … of the feasibility of fully automated pull-requests is an open one in the community [12]. RHEROdemonstrates that this is the case. On Nov 28, 2020, after 196 days of training, RHERO createda pull-request to the thomasleplus/xee project (https://github.com/thomasleplus/xee … 

         Title Reverse-engineering reusable language modules from legacy domain-specific languages
           URL http://scholar.google.com/https://link.springer.com/chapter/10.1007/978-3-319-35122-3_24
          Year 2016
     Citations 14
      Versions 7
    Cluster ID 11425905380586459221
Citations list http://scholar.google.com/scholar?cites=11425905380586459221&as_sdt=2005&sciodt=0,5&hl=en
 Versions list http://scholar.google.com/scholar?cluster=11425905380586459221&hl=en&as_sdt=0,5
       Excerpt … We validate our approach by using realistic DSLs coming out from industrial case studies andobtained from public GitHub repositories. Download conference paper PDF. 1 Introduction … 10.Fig. 10. Results for the evaluation of overlapping in GitHub metamodels. 6 Related Work … 

         Title Reusable model transformations
           URL http://scholar.google.com/https://link.springer.com/article/10.1007/s10270-010-0181-9
          Year 2012
     Citations 46
      Versions 23
    Cluster ID 15649735100118811081
Citations list http://scholar.google.com/scholar?cites=15649735100118811081&as_sdt=2005&sciodt=0,5&hl=en
 Versions list http://scholar.google.com/scholar?cluster=15649735100118811081&hl=en&as_sdt=0,5
       Excerpt … 1, follows these steps: (1) We perform a static analysis of the legacy transformation to extractthe types and properties required in the transforma- tion … 1 and describe the steps in the approachbelow: Step 1: Static analysis of a transformation As shown in Fig … 

         Title A comprehensive study of bloated dependencies in the Maven ecosystem
           URL http://scholar.google.com/https://www.researchgate.net/profile/Cesar-Soto-Valero/publication/350399065_A_comprehensive_study_of_bloated_dependencies_in_the_Maven_ecosystem/links/605d9ff5299bf173676c3c5d/A-comprehensive-study-of-bloated-dependencies-in-the-Maven-ecosystem.pdf
          Year 2021
     Citations 0
      Versions 0
      PDF link http://scholar.google.com/https://www.researchgate.net/profile/Cesar-Soto-Valero/publication/350399065_A_comprehensive_study_of_bloated_dependencies_in_the_Maven_ecosystem/links/605d9ff5299bf173676c3c5d/A-comprehensive-study-of-bloated-dependencies-in-the-Maven-ecosystem.pdf
       Excerpt … successfully with Maven, (2) the last commit was at the latest in October 2019, (3) they declareat least one depen- dency in the POM, (4) they have a description in the README about howto contribute through pull requests, and (5) they have more than 100 stars on GitHub … 

         Title Vidock: a tool for impact analysis of aspect weaving on test cases
           URL http://scholar.google.com/https://link.springer.com/chapter/10.1007/978-3-642-16573-3_18
          Year 2010
     Citations 17
      Versions 27
    Cluster ID 10737133742027110249
Citations list http://scholar.google.com/scholar?cites=10737133742027110249&as_sdt=2005&sciodt=0,5&hl=en
 Versions list http://scholar.google.com/scholar?cluster=10737133742027110249&hl=en&as_sdt=0,5
       Excerpt … Vidock performs a static analysis when as- pects are compiled with a program to select the testcases impacted by the aspects … 251 We propose an analysis which does not require executingany test case. The Vidock tool is based on a static analysis performed in two steps … 

         Title Puzzle: A tool for analyzing and extracting specification clones in DSLs
           URL http://scholar.google.com/https://link.springer.com/chapter/10.1007/978-3-319-35122-3_26
          Year 2016
     Citations 4
      Versions 10
    Cluster ID 8763651721937155529
Citations list http://scholar.google.com/scholar?cites=8763651721937155529&as_sdt=2005&sciodt=0,5&hl=en
 Versions list http://scholar.google.com/scholar?cluster=8763651721937155529&hl=en&as_sdt=0,5
       Excerpt … In this paper, we present Puzzle, a tool that uses static analysis to facilitate the detection ofspecification clones in DSLs implemented under the executable metamodeling paradigm … 3.Puzzle's website: http://damende.github.io/puzzle/. Notes. Acknowledgments … 

         Title Composing models for detecting inconsistencies: A requirements engineering perspective
           URL http://scholar.google.com/https://link.springer.com/chapter/10.1007/978-3-642-02050-6_8
          Year 2009
     Citations 28
      Versions 19
    Cluster ID 6796508556572503199
Citations list http://scholar.google.com/scholar?cites=6796508556572503199&as_sdt=2005&sciodt=0,5&hl=en
 Versions list http://scholar.google.com/scholar?cluster=6796508556572503199&hl=en&as_sdt=0,5
       Excerpt … These steps result in a global model and a traceability model. These two models are the inputsof a static analysis step which consists in checking the global model according to consistencyrules and producing a consistency verdict … 2.2 Static Analysis … 

         Title An approach and benchmark to detect behavioral changes of commits in continuous integration
           URL http://scholar.google.com/https://link.springer.com/article/10.1007/s10664-019-09794-7
          Year 2020
     Citations 5
      Versions 6
    Cluster ID 538464814487823081
Citations list http://scholar.google.com/scholar?cites=538464814487823081&as_sdt=2005&sciodt=0,5&hl=en
 Versions list http://scholar.google.com/scholar?cluster=538464814487823081&hl=en&as_sdt=0,5
       Excerpt … Through its Maven plugin, DCI can be seamlessly implemented into continuous integration. DCIis publicly available on GitHub. Footnote 4. Evaluation … (2018) and Danglot et al. (2019), whichis composed of mature Java projects from GitHub. Commit selection … 

         Title Automatic microbenchmark generation to prevent dead code elimination and constant folding
           URL http://scholar.google.com/https://ieeexplore.ieee.org/abstract/document/7582752/
          Year 2016
     Citations 9
      Versions 5
    Cluster ID 15465586138504711717
Citations list http://scholar.google.com/scholar?cites=15465586138504711717&as_sdt=2005&sciodt=0,5&hl=en
 Versions list http://scholar.google.com/scholar?cluster=15465586138504711717&hl=en&as_sdt=0,5
       Excerpt … The generated payloads are guaranteed to be free of dead code and prevent CF/CP. 1https://github.com/bura/json-benchmarks … To sum up, the contributions of the paper are: • A staticanalysis to automatically extract a code seg- ment and all its dependencies • Code … 

         Title Tailored shielding and bypass testing of web applications
           URL http://scholar.google.com/https://ieeexplore.ieee.org/abstract/document/5770610/
          Year 2011
     Citations 10
      Versions 10
    Cluster ID 5998299265335327386
Citations list http://scholar.google.com/scholar?cites=5998299265335327386&as_sdt=2005&sciodt=0,5&hl=en
 Versions list http://scholar.google.com/scholar?cluster=5998299265335327386&hl=en&as_sdt=0,5
       Excerpt … 2. Auditing vulnerabilities from a white-box perspec- tive using static analysis of the applicationcode … Description Interval The value should be within the defined interval MinLength Minimuminput size RegEx The value conforms to the given regular expression Date The … 

         Title Scalable comparison of JavaScript V8 bytecode traces
           URL http://scholar.google.com/https://dl.acm.org/doi/abs/10.1145/3358504.3361228
          Year 2019
     Citations 1
      Versions 5
    Cluster ID 11128358321389268285
Citations list http://scholar.google.com/scholar?cites=11128358321389268285&as_sdt=2005&sciodt=0,5&hl=en
 Versions list http://scholar.google.com/scholar?cluster=11128358321389268285&hl=en&as_sdt=0,5
       Excerpt … A tool called STRAC that implements the popular align- ment algorithm DTW in a scalable way,publicly avail- able at https://github.com/KTH/STRAC … Example bytecodes are available inhttps://github.com/KTH/STRAC/tree/master/STRACAlign/ src/test/resources/bytecodes … 

