[query] http://scholar.google.com/scholar?as_q=&as_epq=%22findbugs%22%20OR%20%22spotbugs%22%20OR%20%22code%20review%22%20OR%20%22static%20analysis%22%20OR%20%22regex%22%20OR%20%22regular%20expression%22%20OR%20%22github%22%20OR%20%22pull%20requests%22&as_oq=&as_eq=&as_occt=any&as_sauthors=Bernd%20Fischer&as_publication=&as_ylo=&as_yhi=&as_vis=0&btnG=&hl=en&num=80&as_sdt=0%2C5
         Title Cvexplorer: Identifying candidate developers by mining and exploring their open source contributions
           URL http://scholar.google.com/https://dl.acm.org/doi/abs/10.1145/2970276.2970285
          Year 2016
     Citations 27
      Versions 6
    Cluster ID 6912715909909312780
Citations list http://scholar.google.com/scholar?cites=6912715909909312780&as_sdt=2005&sciodt=0,5&hl=en
 Versions list http://scholar.google.com/scholar?cluster=6912715909909312780&hl=en&as_sdt=0,5
       Excerpt … team. We develop CVExplorer as a tool to extract, visualize, and explore relevanttechnical skills data from GitHub, such as languages and libraries used … There are evenclaims that “GitHub is a developer's new CV” [13, 26]. CVExplorer … 

         Title Generating code review documentation for auto-generated mission-critical software
           URL http://scholar.google.com/https://ieeexplore.ieee.org/abstract/document/5226807/
          Year 2009
     Citations 7
      Versions 12
    Cluster ID 11343589787056356301
Citations list http://scholar.google.com/scholar?cites=11343589787056356301&as_sdt=2005&sciodt=0,5&hl=en
 Versions list http://scholar.google.com/scholar?cluster=11343589787056356301&hl=en&as_sdt=0,5
       Excerpt Model-based design and automated code generation are increasingly used at NASA to produce actual flight code, particularly in the Guidance, Navigation, and Control domain. However, since code generators are typically not qualified, there is no guarantee that their …

         Title SMT-based refutation of spurious bug reports in the clang static analyzer
           URL http://scholar.google.com/https://ieeexplore.ieee.org/abstract/document/8802664/
          Year 2019
     Citations 5
      Versions 8
    Cluster ID 16208169882187167666
Citations list http://scholar.google.com/scholar?cites=16208169882187167666&as_sdt=2005&sciodt=0,5&hl=en
 Versions list http://scholar.google.com/scholar?cluster=16208169882187167666&hl=en&as_sdt=0,5
       Excerpt … burden on developers and runs the risk of introducing actual bugs; these issues negate thepurpose of a lightweight, fast static analysis technology … The backends for Boolector, MathSAT,Yices, and CVC4 are currently only available at https://github.com/mikhailramalho/clang … 

         Title Adding assurance to automatically generated code
           URL http://scholar.google.com/https://ieeexplore.ieee.org/abstract/document/1281768/
          Year 2004
     Citations 17
      Versions 10
    Cluster ID 13748548451980397093
Citations list http://scholar.google.com/scholar?cites=13748548451980397093&as_sdt=2005&sciodt=0,5&hl=en
 Versions list http://scholar.google.com/scholar?cluster=13748548451980397093&hl=en&as_sdt=0,5
       Excerpt … to automatic certification of safety properties is feasible. We also compared our approach withthe state-of-the- art static analysis tool PolySpace; its runtimes are shown in the last column ofthe table … “What makes a code review trust- worthy?,” in Proc. HICSS-37 … 

         Title DepthK: A k-Induction Verifier Based on Invariant Inference for C Programs
           URL http://scholar.google.com/https://link.springer.com/chapter/10.1007/978-3-662-54580-5_23
          Year 2017
     Citations 35
      Versions 4
    Cluster ID 3554916153405744710
Citations list http://scholar.google.com/scholar?cites=3554916153405744710&as_sdt=2005&sciodt=0,5&hl=en
 Versions list http://scholar.google.com/scholar?cluster=3554916153405744710&hl=en&as_sdt=0,5
       Excerpt … Availability and Installation. DepthK is freely available under the GPL license. Thecompetition candidate DepthK v3 (for a 64-bit Linux environment) can be downloadedfrom https://github.com/hbgit/depthk/archive/depthk_v3.tar.gz … 

         Title Conceptcloud: A tagcloud browser for software archives
           URL http://scholar.google.com/https://dl.acm.org/doi/abs/10.1145/2635868.2661676
          Year 2014
     Citations 12
      Versions 3
    Cluster ID 11642945975846269383
Citations list http://scholar.google.com/scholar?cites=11642945975846269383&as_sdt=2005&sciodt=0,5&hl=en
 Versions list http://scholar.google.com/scholar?cluster=11642945975846269383&hl=en&as_sdt=0,5
       Excerpt … Main view, and category-specific file, date and author viewers after selection of “findbugs” … theopening of the original file source or the de- veloper's GitHub page … However unlike ConceptCloud,Codebook re- quires explicit regular expression queries to extract information, and … 

         Title Interactive tag cloud visualization of software version control repositories
           URL http://scholar.google.com/https://ieeexplore.ieee.org/abstract/document/7332415/
          Year 2015
     Citations 15
      Versions 5
    Cluster ID 8320771785969774973
Citations list http://scholar.google.com/scholar?cites=8320771785969774973&as_sdt=2005&sciodt=0,5&hl=en
 Versions list http://scholar.google.com/scholar?cluster=8320771785969774973&hl=en&as_sdt=0,5
       Excerpt … The data available in a version control archive is often large (500000+ revisions for Linux, seehttps://github.com/torvalds/linux) and so … The words from the commit messages indicate that mostchanges were either pull requests or stylistic in nature, as indicated by prominent tags … 

         Title Software certification and software certificate management systems
           URL http://scholar.google.com/https://www.academia.edu/download/48033988/sc05-proceedings.pdf#page=9
          Year 2005
     Citations 30
      Versions 12
    Cluster ID 11926949063465758189
Citations list http://scholar.google.com/scholar?cites=11926949063465758189&as_sdt=2005&sciodt=0,5&hl=en
 Versions list http://scholar.google.com/scholar?cluster=11926949063465758189&hl=en&as_sdt=0,5
       Excerpt … For example, if the correctness of a component is to be certified using traditional black-box testing,the test harness and the test scripts are supporting evidence for the certificate; at the same time,the test harness can itself be certified, eg, by a code review, and is thus the artifact … 

         Title Synthesizing certified code
           URL http://scholar.google.com/https://link.springer.com/chapter/10.1007/3-540-45614-7_25
          Year 2002
     Citations 42
      Versions 21
    Cluster ID 4540326756941761849
Citations list http://scholar.google.com/scholar?cites=4540326756941761849&as_sdt=2005&sciodt=0,5&hl=en
 Versions list http://scholar.google.com/scholar?cluster=4540326756941761849&hl=en&as_sdt=0,5
       Excerpt … program. For this program, our approach was faster and more precise than PolySpace,a commercial static analysis tool … techniques. It is more formal than code inspectionand can show stronger properties than static analysis … 

         Title CellH5: a format for data exchange in high-content screening
           URL http://scholar.google.com/https://academic.oup.com/bioinformatics/article-abstract/29/12/1580/291679
          Year 2013
     Citations 11
      Versions 22
    Cluster ID 6032720964959687486
Citations list http://scholar.google.com/scholar?cites=6032720964959687486&as_sdt=2005&sciodt=0,5&hl=en
 Versions list http://scholar.google.com/scholar?cluster=6032720964959687486&hl=en&as_sdt=0,5
       Excerpt … Availability: Source code is freely available at www.github.com/cellh5 under the GPL license andat www.bioconductor.org/packages/release/bioc/html/rhdf5.html under the Artistic-2.0 license.Demo datasets and the CellH5Browser are available at www.cellh5.org … 

         Title ALADIN: A scanner generator for incremental programming environments
           URL http://scholar.google.com/https://onlinelibrary.wiley.com/doi/abs/10.1002/spe.4380221106
          Year 1992
     Citations 8
      Versions 11
    Cluster ID 14939849447179047974
Citations list http://scholar.google.com/scholar?cites=14939849447179047974&as_sdt=2005&sciodt=0,5&hl=en
 Versions list http://scholar.google.com/scholar?cluster=14939849447179047974&hl=en&as_sdt=0,5
       Excerpt … A regular definition consists of a defined name and a defining regular expression whichis associated with the name. If a name is used in a defining expression it will be replacedby its own associated expression … name -> regular? expression*; … 

         Title Preemptive type checking
           URL http://scholar.google.com/https://www.sciencedirect.com/science/article/pii/S2352220816300785
          Year 2018
     Citations 1
      Versions 4
    Cluster ID 13617732258380563081
Citations list http://scholar.google.com/scholar?cites=13617732258380563081&as_sdt=2005&sciodt=0,5&hl=en
 Versions list http://scholar.google.com/scholar?cluster=13617732258380563081&hl=en&as_sdt=0,5
       Excerpt … impose restrictions on their programming style. In this paper we describe a new typechecking system that identifies potential type errors in such languages through aflow-sensitive static analysis. It computes for every expression … 

         Title Preemptive type checking in dynamically typed languages
           URL http://scholar.google.com/https://link.springer.com/chapter/10.1007/978-3-642-39718-9_12
          Year 2013
     Citations 6
      Versions 9
    Cluster ID 18095022494026828180
Citations list http://scholar.google.com/scholar?cites=18095022494026828180&as_sdt=2005&sciodt=0,5&hl=en
 Versions list http://scholar.google.com/scholar?cluster=18095022494026828180&hl=en&as_sdt=0,5
       Excerpt … The system uses a flow-sensitive static analysis on bytecodes to compute, for everyvariable and program point, over- approximations of the variable's present and futureuse types … This has drastic consequences for a static analysis … 

         Title Theoretical Aspects of Computing?? ICTAC 2018
           URL http://scholar.google.com/https://link.springer.com/content/pdf/10.1007/978-3-030-02508-3.pdf
          Year 2018
     Citations 0
      Versions 4
      PDF link http://scholar.google.com/https://link.springer.com/content/pdf/10.1007/978-3-030-02508-3.pdf
 Versions list http://scholar.google.com/scholar?cluster=844127326910090766&hl=en&as_sdt=0,5
       Excerpt … models of objects and components; coordination models; models of software architectures; timed,hybrid, embedded, and cyber-physical systems; static analysis; software verification … 80 MartinBerglund and Ina Schaefer Formalising Boost POSIX Regular Expression Matching … 

         Title Rapid exploration of the design space during automatic generation of Kalman filter code
           URL http://scholar.google.com/https://ieeexplore.ieee.org/abstract/document/1559631/
          Year 2005
     Citations 4
      Versions 8
    Cluster ID 1946231422353689042
Citations list http://scholar.google.com/scholar?cites=1946231422353689042&as_sdt=2005&sciodt=0,5&hl=en
 Versions list http://scholar.google.com/scholar?cluster=1946231422353689042&hl=en&as_sdt=0,5
       Excerpt … (b) Code review. can generate documentation at the same time as code, and (c) Use ofverification tools, eg static analysis. it can automatically demonstrate that the code itgenerates is free from various classes of defects. In more detail, this pro … 

         Title Visualizing and exploring software version control repositories using interactive tag clouds over formal concept lattices
           URL http://scholar.google.com/https://www.sciencedirect.com/science/article/pii/S0950584916304050
          Year 2017
     Citations 15
      Versions 5
    Cluster ID 15641816466985852124
Citations list http://scholar.google.com/scholar?cites=15641816466985852124&as_sdt=2005&sciodt=0,5&hl=en
 Versions list http://scholar.google.com/scholar?cluster=15641816466985852124&hl=en&as_sdt=0,5
       Excerpt JavaScript is disabled on your browser. Please enable JavaScript to use allthe features on this page. Skip to main content Skip to article … 

         Title A parser for raw and identification mass-spectrometry data
           URL http://bioconductor.jp/packages/3.2/bioc/vignettes/mzR/inst/doc/mzR.pdf
          Year 2016
     Citations 0
      Versions 4
      PDF link http://bioconductor.jp/packages/3.2/bioc/vignettes/mzR/inst/doc/mzR.pdf
 Versions list http://scholar.google.com/scholar?cluster=4279787929596140519&hl=en&as_sdt=0,5
       Excerpt … pwiz. warning: It is anticipated to switch to the mzRpwiz backend in Bioconductor3.1. We advise users and developers to test it and report any issues on the githubissue tracker https://github.com/sneumann/mzR/issues. The … 

         Title Package 'mzR'
           URL http://scholar.google.com/https://bioconductor.statistik.tu-dortmund.de/packages/3.11/bioc/manuals/mzR/man/mzR.pdf
          Year 2012
     Citations 0
      Versions 10
      PDF link http://scholar.google.com/https://bioconductor.statistik.tu-dortmund.de/packages/3.11/bioc/manuals/mzR/man/mzR.pdf
 Versions list http://scholar.google.com/scholar?cluster=9878035062599839635&hl=en&as_sdt=0,5
       Excerpt … Ident SystemRequirements C++11, GNU make URL https://github.com/sneumann/mzR/ BugReports https://github.com/sneumann/mzR/issues/ biocViewsImmunoOncology, Infrastructure, DataImport, Proteomics, Metabolomics … 

         Title Package 'rhdf5'
           URL http://bioconductor.jp/packages/release/bioc/manuals/rhdf5/man/rhdf5.pdf
          Year 2013
     Citations 0
      Versions 9
      PDF link http://bioconductor.jp/packages/release/bioc/manuals/rhdf5/man/rhdf5.pdf
 Versions list http://scholar.google.com/scholar?cluster=17453274204459124094&hl=en&as_sdt=0,5
       Excerpt … The rhdf5 package is thus suited for the exchange of large and/or complex datasets betweenR and other software package, and for letting R applications work on datasets that are largerthan the available RAM. License Artistic-2.0 URL https://github.com/grimbough/rhdf5 … 

         Title Certifying Synthesized Code
           URL http://scholar.google.com/https://conservancy.umn.edu/handle/11299/217346
          Year 2002
     Citations 0
      Versions 0
       Excerpt … program. For this program, our approach was faster and more precise than PolySpace,a commercial static analysis tool … techniques. It is more formal than code inspectionand can show stronger properties than static analysis … 

