[query] http://scholar.google.com/scholar?as_q=&as_epq=%22findbugs%22%20OR%20%22spotbugs%22%20OR%20%22code%20review%22%20OR%20%22static%20analysis%22%20OR%20%22regex%22%20OR%20%22regular%20expression%22%20OR%20%22github%22%20OR%20%22pull%20requests%22&as_oq=&as_eq=&as_occt=any&as_sauthors=Bihuan%20Chen&as_publication=&as_ylo=&as_yhi=&as_vis=0&btnG=&hl=en&num=80&as_sdt=0%2C5
         Title Steelix: program-state based binary fuzzing
           URL http://scholar.google.com/https://dl.acm.org/doi/abs/10.1145/3106237.3106295
          Year 2017
     Citations 155
      Versions 2
    Cluster ID 4998062285776172733
Citations list http://scholar.google.com/scholar?cites=4998062285776172733&as_sdt=2005&sciodt=0,5&hl=en
 Versions list http://scholar.google.com/scholar?cluster=4998062285776172733&hl=en&as_sdt=0,5
       Excerpt … In particular, we use light-weight static analysis and binary instrumentation to provide notonly coverage information but also comparison progress information to a fuzzer … Static analysisfilters out uninteresting comparisons (eg, one-byte comparisons) … 

         Title Hawkeye: Towards a desired directed grey-box fuzzer
           URL http://scholar.google.com/https://dl.acm.org/doi/abs/10.1145/3243734.3243849
          Year 2018
     Citations 74
      Versions 4
    Cluster ID 9358634238104377930
Citations list http://scholar.google.com/scholar?cites=9358634238104377930&as_sdt=2005&sciodt=0,5&hl=en
 Versions list http://scholar.google.com/scholar?cluster=9358634238104377930&hl=en&as_sdt=0,5
       Excerpt … Owing to a novel static analysis on the program under test and the target sites, Hawkeyeprecisely collects the information such as the call graph, function and basic block leveldistances to the targets … KEYWORDS Fuzz Testing; Static Analysis … 

         Title DeepLink: Recovering issue-commit links based on deep learning
           URL http://scholar.google.com/https://www.sciencedirect.com/science/article/pii/S0164121219301803
          Year 2019
     Citations 10
      Versions 2
    Cluster ID 15546859690119460204
Citations list http://scholar.google.com/scholar?cites=15546859690119460204&as_sdt=2005&sciodt=0,5&hl=en
 Versions list http://scholar.google.com/scholar?cluster=15546859690119460204&hl=en&as_sdt=0,5
       Excerpt … Highlights. • Only 42.2% of issues in 1078 GitHub Java projects are linked to commits. • … To evaluatethe effectiveness of DeepLink, we compared our approach with a state-of-the-art link recoveryapproach FRLink (Sun et al., 2017b) using ten GitHub Java projects … 

         Title Leopard: Identifying vulnerable code for vulnerability assessment through program metrics
           URL http://scholar.google.com/https://ieeexplore.ieee.org/abstract/document/8812029/
          Year 2019
     Citations 27
      Versions 6
    Cluster ID 4284359522063979278
Citations list http://scholar.google.com/scholar?cites=4284359522063979278&as_sdt=2005&sciodt=0,5&hl=en
 Versions list http://scholar.google.com/scholar?cluster=4284359522063979278&hl=en&as_sdt=0,5
       Excerpt … that, LEOPARD can cover 74.0% of vulnerable functions by identifying 20% of functions asvulnerable and out- perform machine learning-based and static analysis-based tech- niques.We further propose three applications of LEOPARD for manual code review and fuzzing … 

         Title Fot: A versatile, configurable, extensible fuzzing framework
           URL http://scholar.google.com/https://dl.acm.org/doi/abs/10.1145/3236024.3264593
          Year 2018
     Citations 11
      Versions 2
    Cluster ID 13284390372021291674
Citations list http://scholar.google.com/scholar?cites=13284390372021291674&as_sdt=2005&sciodt=0,5&hl=en
 Versions list http://scholar.google.com/scholar?cluster=13284390372021291674&hl=en&as_sdt=0,5
       Excerpt … fit multiple scenarios such as patching testing, crash reproduction, and static analysis reportverification [2 … 6 CVEs have been assigned to Oniguruma (a widely used regular expression libraryused … the Projects Project Name 0-day Bugs Time Since Release GitHub Stars KLOC … 

         Title A large-scale empirical study of compiler errors in continuous integration
           URL http://scholar.google.com/https://dl.acm.org/doi/abs/10.1145/3338906.3338917
          Year 2019
     Citations 6
      Versions 0
    Cluster ID 15420331329606240477
Citations list http://scholar.google.com/scholar?cites=15420331329606240477&as_sdt=2005&sciodt=0,5&hl=en
       Excerpt … errors occurring during CI builds of open- source projects, we first used the GitHub API to … foundthat, they mostly do not have any tests or use any static analysis tools and … is produced from amonolithic software repository and a centralized build system where code review is con … 

         Title Cldiff: generating concise linked code differences
           URL http://scholar.google.com/https://ieeexplore.ieee.org/abstract/document/9000085/
          Year 2018
     Citations 27
      Versions 4
    Cluster ID 14752697828583887103
Citations list http://scholar.google.com/scholar?cites=14752697828583887103&as_sdt=2005&sciodt=0,5&hl=en
 Versions list http://scholar.google.com/scholar?cluster=14752697828583887103&hl=en&as_sdt=0,5
       Excerpt … For some tasks (eg code review and software merging), however, those differencing methodsgenerate too fine-grained a representa- tion of code changes, and those summarization methodsgenerate too coarse-grained a representation of code changes … 

         Title Interactive, effort-aware library version harmonization
           URL http://scholar.google.com/https://dl.acm.org/doi/abs/10.1145/3368089.3409689
          Year 2020
     Citations 3
      Versions 3
    Cluster ID 17408014287651138136
Citations list http://scholar.google.com/scholar?cites=17408014287651138136&as_sdt=2005&sciodt=0,5&hl=en
 Versions list http://scholar.google.com/scholar?cluster=17408014287651138136&hl=en&as_sdt=0,5
       Excerpt … We first conduct a survey with 131 Java developers from GitHub to retrieve first-hand informationabout the root causes, detection methods, reasons for fixing or not fixing, fixing strategies, fixingef- forts, and tool expectations on library version inconsistencies … 

         Title Loopster: Static loop termination analysis
           URL http://scholar.google.com/https://dl.acm.org/doi/abs/10.1145/3106237.3106260
          Year 2017
     Citations 4
      Versions 0
    Cluster ID 15688412748069753094
Citations list http://scholar.google.com/scholar?cites=15688412748069753094&as_sdt=2005&sciodt=0,5&hl=en
       Excerpt … expensive. In this paper, we present a novel approach, named Loopster, whichperforms an efficient static analysis to decide the termination for loops based on pathtermination analysis and path dependency reasoning. Loopster … 

         Title An Empirical Study on Dynamic Typing Related Practices in Python Systems
           URL http://scholar.google.com/https://dl.acm.org/doi/abs/10.1145/3387904.3389253
          Year 2020
     Citations 1
      Versions 0
    Cluster ID 3344943282458155762
Citations list http://scholar.google.com/scholar?cites=3344943282458155762&as_sdt=2005&sciodt=0,5&hl=en
       Excerpt … We selected these systems because they are well-known systems (with from 820to 31.3K stars on GitHub) in different do- mains (eg, library, application, framework)and are nontrivial projects (from 12.7KLOC to 180.0KLOC) … 

         Title An empirical study of usages, updates and risks of third-party libraries in java projects
           URL http://scholar.google.com/https://ieeexplore.ieee.org/abstract/document/9240619/
          Year 2020
     Citations 4
      Versions 5
    Cluster ID 7706297991462002539
Citations list http://scholar.google.com/scholar?cites=7706297991462002539&as_sdt=2005&sciodt=0,5&hl=en
 Versions list http://scholar.google.com/scholar?cluster=7706297991462002539&hl=en&as_sdt=0,5
       Excerpt … Mirhosseini and Parnin [37] studied the usage of pull requests and badges to notify outdatednpm packages … [40] extended Plate et al.'s work [39] by combining static analysis to partially … Weconducted this study on a corpus of Java open-source projects selected from GitHub … 

         Title DesignDiff: Continuously Modeling Software Design Difference from Code Revisions
           URL http://scholar.google.com/https://ieeexplore.ieee.org/abstract/document/9101195/
          Year 2020
     Citations 1
      Versions 3
    Cluster ID 8857183011434456336
Citations list http://scholar.google.com/scholar?cites=8857183011434456336&as_sdt=2005&sciodt=0,5&hl=en
 Versions list http://scholar.google.com/scholar?cluster=8857183011434456336&hl=en&as_sdt=0,5
       Excerpt … The rationale is that 1) GitHub is the most accessible tool that highlight code difference in everysingle code commit; and 2) to the best of our knowledge, there is no other available tool that cancompute the … Code review has been an important technique for ensuring quality [40] … 

         Title BUILDFAST: History-Aware Build Outcome Prediction for Fast Feedback and Reduced Cost in Continuous Integration
           URL http://scholar.google.com/https://ieeexplore.ieee.org/abstract/document/9286064/
          Year 2020
     Citations 1
      Versions 0
    Cluster ID 4409554698866862629
Citations list http://scholar.google.com/scholar?cites=4409554698866862629&as_sdt=2005&sciodt=0,5&hl=en
       Excerpt … In this paper, we first conduct a large-scale empirical study, using 2,590,917 builds from 1,621GitHub projects, to investigate the time duration of CI builds … [62], which contains the CI buildhistory of 3,799 open-source Java projects hosted on GitHub … 

         Title Skyfire: Data-driven seed generation for fuzzing
           URL http://scholar.google.com/https://ieeexplore.ieee.org/abstract/document/7958599/
          Year 2017
     Citations 158
      Versions 7
    Cluster ID 14829565370460067810
Citations list http://scholar.google.com/scholar?cites=14829565370460067810&as_sdt=2005&sciodt=0,5&hl=en
 Versions list http://scholar.google.com/scholar?cluster=14829565370460067810&hl=en&as_sdt=0,5
       Excerpt Page 1. Skyfire: Data-Driven Seed Generation for Fuzzing Junjie Wang, Bihuan Chen † ,Lei Wei, and Yang Liu Nanyang Technological University, Singapore {wang1043,bhchen, l.wei, yangliu}@ntu.edu.sg † Corresponding Author … 

         Title Superion: Grammar-aware greybox fuzzing
           URL http://scholar.google.com/https://ieeexplore.ieee.org/abstract/document/8811923/
          Year 2019
     Citations 66
      Versions 6
    Cluster ID 8030349509708745697
Citations list http://scholar.google.com/scholar?cites=8030349509708745697&as_sdt=2005&sciodt=0,5&hl=en
 Versions list http://scholar.google.com/scholar?cluster=8030349509708745697&hl=en&as_sdt=0,5
       Excerpt … trimmed (highlighted by strikethrough). The trimmed test input is syntax-invalid, butstill has the same coverage as the original test input because the 2https://github.com/zhunki/Superion 725 Page 3. Algorithm 1 Grammar-Aware … 

         Title {MVP}: Detecting Vulnerabilities using Patch-Enhanced Vulnerability Signatures
           URL http://scholar.google.com/https://www.usenix.org/conference/usenixsecurity20/presentation/xiao
          Year 2020
     Citations 5
      Versions 2
    Cluster ID 16280564579314857264
Citations list http://scholar.google.com/scholar?cites=16280564579314857264&as_sdt=2005&sciodt=0,5&hl=en
 Versions list http://scholar.google.com/scholar?cluster=16280564579314857264&hl=en&as_sdt=0,5
       Excerpt … Therefore, it is vital to detect and patch vulnerabilities in software systems as early as possible.Various techniques have been developed to detect vulnerabil- ities, eg, static analysis (eg, [17,45, 61, 62, 75]), fuzzing (eg, [9, 11, 39, 52, 63, 64, 67, 69, 70]), symbolic execution … 

         Title Dangdone: Eliminating dangling pointers via intermediate pointers
           URL http://scholar.google.com/https://dl.acm.org/doi/abs/10.1145/3275219.3275231
          Year 2018
     Citations 1
      Versions 0
    Cluster ID 18365627525731880719
Citations list http://scholar.google.com/scholar?cites=18365627525731880719&as_sdt=2005&sciodt=0,5&hl=en
       Excerpt … There are three types of existing techniques to analyze dangling pointers. First, staticanalysis-based approaches [12, 31] may have high false positives, and have scalabilityproblems and are only fea- sible for small-scale programs … 

         Title Spain: security patch analysis for binaries towards understanding the pain and pills
           URL http://scholar.google.com/https://ieeexplore.ieee.org/abstract/document/7985685/
          Year 2017
     Citations 52
      Versions 5
    Cluster ID 3622536875113367630
Citations list http://scholar.google.com/scholar?cites=3622536875113367630&as_sdt=2005&sciodt=0,5&hl=en
 Versions list http://scholar.google.com/scholar?cluster=3622536875113367630&hl=en&as_sdt=0,5
       Excerpt Page 1. SPAIN: Security Patch Analysis for Binaries Towards Understanding thePain and Pills Zhengzi Xu ∗ , Bihuan Chen ∗‡ , Mahinthan Chandramohan ∗ ,Yang Liu ∗ and Fu Song † ∗ School of Computer Science and … 

         Title How Are Performance Issues Caused and Resolved?-An Empirical Study from a Design Perspective
           URL http://scholar.google.com/https://dl.acm.org/doi/abs/10.1145/3358960.3379130
          Year 2020
     Citations 2
      Versions 5
    Cluster ID 3940640418865011232
Citations list http://scholar.google.com/scholar?cites=3940640418865011232&as_sdt=2005&sciodt=0,5&hl=en
 Versions list http://scholar.google.com/scholar?cluster=3940640418865011232&hl=en&as_sdt=0,5
       Excerpt Page 1. How Are Performance Issues Caused and Resolved?—An Empirical Studyfrom a Design Perspective Yutong Zhao1, Lu Xiao1, Xiao Wang1, Lei Sun1, BihuanChen2, Yang Liu3, Andre B. Bondi1 yzhao102,lxiao6,xwang97 … 

         Title Butterfly Space: An Architectural Approach for Investigating Performance Issues
           URL http://scholar.google.com/https://ieeexplore.ieee.org/abstract/document/9101223/
          Year 2020
     Citations 0
      Versions 3
 Versions list http://scholar.google.com/scholar?cluster=15595639160958346299&hl=en&as_sdt=0,5
       Excerpt … connect to it. In this paper, we propose a new architectural modeling approach basedon the static analysis of method calls, named Butterfly Space modeling, to helpdetect and diagnose perfor- mance issues. Each butterfly … 

