[query] http://scholar.google.com/scholar?as_q=&as_epq=%22findbugs%22%20OR%20%22spotbugs%22%20OR%20%22code%20review%22%20OR%20%22static%20analysis%22%20OR%20%22regex%22%20OR%20%22regular%20expression%22%20OR%20%22github%22%20OR%20%22pull%20requests%22&as_oq=&as_eq=&as_occt=any&as_sauthors=Bonita%20Sharif&as_publication=&as_ylo=&as_yhi=&as_vis=0&btnG=&hl=en&num=80&as_sdt=0%2C5
         Title Analyzing developer sentiment in commit logs
           URL http://scholar.google.com/https://dl.acm.org/doi/abs/10.1145/2901739.2903501
          Year 2016
     Citations 79
      Versions 4
    Cluster ID 14441667630763476233
Citations list http://scholar.google.com/scholar?cites=14441667630763476233&as_sdt=2005&sciodt=0,5&hl=en
 Versions list http://scholar.google.com/scholar?cluster=14441667630763476233&hl=en&as_sdt=0,5
       Excerpt … ABSTRACT The paper presents an analysis of developer commit logs for GitHub projects. Inparticular, developer sentiment in commits is analyzed across 28,466 projects within a sevenyear time frame … analyzed 60.425 commit messages [1] from 90 top rated GitHub projects … 

         Title An eye-tracking study on the role of scan time in finding source code defects
           URL http://scholar.google.com/https://dl.acm.org/doi/abs/10.1145/2168556.2168642
          Year 2012
     Citations 113
      Versions 5
    Cluster ID 8358180525222997158
Citations list http://scholar.google.com/scholar?cites=8358180525222997158&as_sdt=2005&sciodt=0,5&hl=en
 Versions list http://scholar.google.com/scholar?cluster=8358180525222997158&hl=en&as_sdt=0,5
       Excerpt … Keywords: eye-tracking study, source-code review, software defects 1 Introduction … Theresults of both studies have direct impact on the education aspect of teaching codereview procedures in the classroom [Hundhausen et al. 2009] … 

         Title Practical eye tracking with iTrace
           URL http://scholar.google.com/https://ieeexplore.ieee.org/abstract/document/8834693/
          Year 2019
     Citations 3
      Versions 7
    Cluster ID 3105862466519784330
Citations list http://scholar.google.com/scholar?cites=3105862466519784330&as_sdt=2005&sciodt=0,5&hl=en
 Versions list http://scholar.google.com/scholar?cluster=3105862466519784330&hl=en&as_sdt=0,5
       Excerpt … This extends eye tracking capabilities to websites such as Stack Overflow, Bugzilla and GitHub.Such infrastructure facilitates new directions for conducting research studies … The completeset of tools are hosted on GitHub at https://github.com/iTrace-Dev … 

         Title itrace: Enabling eye tracking on software artifacts within the ide to support software engineering tasks
           URL http://scholar.google.com/https://dl.acm.org/doi/abs/10.1145/2786805.2803188
          Year 2015
     Citations 52
      Versions 4
    Cluster ID 747493832386021013
Citations list http://scholar.google.com/scholar?cites=747493832386021013&as_sdt=2005&sciodt=0,5&hl=en
 Versions list http://scholar.google.com/scholar?cluster=747493832386021013&hl=en&as_sdt=0,5
       Excerpt … iTrace can also 1https://github.com/YsuSERESL/iTrace/releases/tag/ icpc2014 2http://www.csis.ysu.edu/~bsharif/itrace-pilot … [9] H. Uwano, M. Nakamura, A. Monden, and K.-i. Mat- sumoto.Analyzing individual performance of source code review using reviewers' eye movement … 

         Title Visually analyzing students' gaze on c++ code snippets
           URL http://scholar.google.com/https://ieeexplore.ieee.org/abstract/document/8834703/
          Year 2019
     Citations 8
      Versions 4
    Cluster ID 6420174142943369246
Citations list http://scholar.google.com/scholar?cites=6420174142943369246&as_sdt=2005&sciodt=0,5&hl=en
 Versions list http://scholar.google.com/scholar?cluster=6420174142943369246&hl=en&as_sdt=0,5
       Excerpt … [11] report on eye movements during code review and attempt … We needed to account for driftthat occurs during an eye tracking study. The source code of the tool we used to apply correctionsto our data can be found at https://github.com/SERESLab/fixation-correction-vizmanip … 

         Title A practical guide on conducting eye tracking studies in software engineering
           URL http://scholar.google.com/https://link.springer.com/article/10.1007/s10664-020-09829-4
          Year 2020
     Citations 12
      Versions 2
    Cluster ID 16051661804440525446
Citations list http://scholar.google.com/scholar?cites=16051661804440525446&as_sdt=2005&sciodt=0,5&hl=en
 Versions list http://scholar.google.com/scholar?cluster=16051661804440525446&hl=en&as_sdt=0,5
       Excerpt … Since 2006, the use of eye trackers in software engineering has shown modest but steady growthfor the study of various topics, including collaborative interactions, program/model comprehension,code review, debugging, maintenance, and traceability (Sharafi et al. 2015b) … 

         Title An eye-tracking study assessing the comprehension of C++ and Python source code
           URL http://scholar.google.com/https://dl.acm.org/doi/abs/10.1145/2578153.2578218
          Year 2014
     Citations 52
      Versions 3
    Cluster ID 8379835848364093121
Citations list http://scholar.google.com/scholar?cites=8379835848364093121&as_sdt=2005&sciodt=0,5&hl=en
 Versions list http://scholar.google.com/scholar?cluster=8379835848364093121&hl=en&as_sdt=0,5
       Excerpt … The tool is freely avail- able at https://github.com/seresl/EyeAnalyzer. Descriptive statis-tics are shown in Figure 2 across all tasks cumulatively … Analyzing Individual Performanceof Source Code Review Using Reviewers' Eye Movement … 

         Title Mining software repositories for traceability links
           URL http://scholar.google.com/https://ieeexplore.ieee.org/abstract/document/4268249/
          Year 2007
     Citations 122
      Versions 12
    Cluster ID 12791583120632735986
Citations list http://scholar.google.com/scholar?cites=12791583120632735986&as_sdt=2005&sciodt=0,5&hl=en
 Versions list http://scholar.google.com/scholar?cluster=12791583120632735986&hl=en&as_sdt=0,5
       Excerpt … reported problem. Regular- expression matching on the commit messages and textdescriptions in Bugzilla along with heuristics are used to determine the CVS deltasthat are related to a change that fixes a bug. Cubranic et al. [6 … 

         Title Investigating eye movements in natural language and c++ source code-a replication experiment
           URL http://scholar.google.com/https://link.springer.com/chapter/10.1007/978-3-319-58628-1_17
          Year 2017
     Citations 8
      Versions 5
    Cluster ID 4354560985171371992
Citations list http://scholar.google.com/scholar?cites=4354560985171371992&as_sdt=2005&sciodt=0,5&hl=en
 Versions list http://scholar.google.com/scholar?cluster=4354560985171371992&hl=en&as_sdt=0,5
       Excerpt … Uwano, H., Nakamura, M., Monden, A., Matsumoto, K.-I.: Analyzing individual performance ofsource code review using reviewers' eye movement … Hansen, M.: GitHub - synesthesiam/eyecode-tools: a collection of tools for analyzing data from my eyeCode experiment … 

         Title Reading behavior and comprehension of c++ source code-a classroom study
           URL http://scholar.google.com/https://link.springer.com/chapter/10.1007/978-3-030-22419-6_43
          Year 2019
     Citations 4
      Versions 0
    Cluster ID 7602609159343420252
Citations list http://scholar.google.com/scholar?cites=7602609159343420252&as_sdt=2005&sciodt=0,5&hl=en
       Excerpt … code snippet images. Vizmanip is a tool that allows the user to adjust and manipulatestrands of contiguously recorded fixations available at https://github.com/SERESLab/fixation-correction-vizmanip. Identified fixations directly … 

         Title Tracking Developers' eyes in the IDE
           URL http://scholar.google.com/https://ieeexplore.ieee.org/abstract/document/7458758/
          Year 2016
     Citations 15
      Versions 2
    Cluster ID 3599770456986191252
Citations list http://scholar.google.com/scholar?cites=3599770456986191252&as_sdt=2005&sciodt=0,5&hl=en
 Versions list http://scholar.google.com/scholar?cluster=3599770456986191252&hl=en&as_sdt=0,5
       Excerpt … firm. As long as users can open the files in Eclipse, iTrace can track those files.We've released an iTrace prototype (https://github .com/YsuSERESL/iTrace) as opensource under GPL (GNU General Public License). The same … 

         Title Emotional awareness in software development: Theory and measurement
           URL http://scholar.google.com/https://ieeexplore.ieee.org/abstract/document/7961889/
          Year 2017
     Citations 17
      Versions 3
    Cluster ID 1235667322907493741
Citations list http://scholar.google.com/scholar?cites=1235667322907493741&as_sdt=2005&sciodt=0,5&hl=en
 Versions list http://scholar.google.com/scholar?cluster=1235667322907493741&hl=en&as_sdt=0,5
       Excerpt … found that, after mining information on GitHub, acceptance rates of females' contributions weresurprisingly higher than men, but only when the contribution was not identifiable as female [7].This is just one example of the bias against women in the software engineering field … 

         Title Eye movements in code reading: Relaxing the linear order
           URL http://scholar.google.com/https://ieeexplore.ieee.org/abstract/document/7181454/
          Year 2015
     Citations 141
      Versions 11
    Cluster ID 15438786673362990792
Citations list http://scholar.google.com/scholar?cites=15438786673362990792&as_sdt=2005&sciodt=0,5&hl=en
 Versions list http://scholar.google.com/scholar?cluster=15438786673362990792&hl=en&as_sdt=0,5
       Excerpt … Thus, we adapted the alignment measure to identify where the participant reread the text in orderto find the optimal alignment between model and gaze. We realize this 4https://github.com/synesthesiam/eyecode 258 Page 5. TABLE I GAZE-BASED MEASURES … 

         Title An empirical study assessing source code readability in comprehension
           URL http://scholar.google.com/https://ieeexplore.ieee.org/abstract/document/8918951/
          Year 2019
     Citations 1
      Versions 2
    Cluster ID 14491721364538560424
Citations list http://scholar.google.com/scholar?cites=14491721364538560424&as_sdt=2005&sciodt=0,5&hl=en
 Versions list http://scholar.google.com/scholar?cluster=14491721364538560424&hl=en&as_sdt=0,5
       Excerpt … I. INTRODUCTION Program comprehension is a precursor to many software engineering activitiessuch as code review, bug fixing, refac- toring, or implementing new features [1]–[3]. There aremany aspects to how source code is written, such as the adoption of good design … 

         Title Invited Talk: Towards an Emotionally Aware Development Environment
           URL http://scholar.google.com/https://ieeexplore.ieee.org/abstract/document/7801415/
          Year 2016
     Citations 2
      Versions 2
    Cluster ID 9556989053229133943
Citations list http://scholar.google.com/scholar?cites=9556989053229133943&as_sdt=2005&sciodt=0,5&hl=en
 Versions list http://scholar.google.com/scholar?cluster=9556989053229133943&hl=en&as_sdt=0,5
       Excerpt … 978-1-4503-4169-1/16/05. . . $15.00 DOI: http://dx.doi.org/10.1145/2897000.2897008the commit logs by mining these logs from online reposito- ries such as GitHub orSourgeForge. In the above approach, it is quite possible … 

         Title Towards an emotionally aware development environment: invited talk
           URL http://scholar.google.com/https://dl.acm.org/doi/abs/10.1145/2897000.2897008
          Year 2016
     Citations 1
      Versions 0
    Cluster ID 4972737762997739996
Citations list http://scholar.google.com/scholar?cites=4972737762997739996&as_sdt=2005&sciodt=0,5&hl=en
       Excerpt … 978-1-4503-4169-1/16/05. . . $15.00 DOI: http://dx.doi.org/10.1145/2897000.2897008the commit logs by mining these logs from online reposito- ries such as GitHub orSourgeForge. In the above approach, it is quite possible … 

         Title Developer reading behavior while summarizing java methods: Size and context matters
           URL http://scholar.google.com/https://ieeexplore.ieee.org/abstract/document/8812039/
          Year 2019
     Citations 15
      Versions 8
    Cluster ID 10778687318268667018
Citations list http://scholar.google.com/scholar?cites=10778687318268667018&as_sdt=2005&sciodt=0,5&hl=en
 Versions list http://scholar.google.com/scholar?cluster=10778687318268667018&hl=en&as_sdt=0,5
       Excerpt … Several approaches are proposed to generate automatic summaries using Natural LanguageProcessing (NLP) [6, 7], text retrieval [8, 9], and static analysis [10, 11] … Abid et al. [11] [41] usemethod stereotypes to generate a standard summary for C++ methods via static analysis … 

         Title Towards automating fixation correction for source code
           URL http://scholar.google.com/https://dl.acm.org/doi/abs/10.1145/2857491.2857544
          Year 2016
     Citations 18
      Versions 0
    Cluster ID 3352409501349823586
Citations list http://scholar.google.com/scholar?cites=3352409501349823586&as_sdt=2005&sciodt=0,5&hl=en
       Excerpt … First, each cluster determined above is scored by the function to be used by the Hill-Climbingalgorithm. The Hill-Climbing al- gorithm's scoring function returns the ratio of the number ofthe 1https://github.com/YsuSERESL/fixation-correction-sourcecode … 

         Title Studying developer reading behavior on stack overflow during api summarization tasks
           URL http://scholar.google.com/https://ieeexplore.ieee.org/abstract/document/9054848/
          Year 2020
     Citations 3
      Versions 5
    Cluster ID 1896989967508832334
Citations list http://scholar.google.com/scholar?cites=1896989967508832334&as_sdt=2005&sciodt=0,5&hl=en
 Versions list http://scholar.google.com/scholar?cluster=1896989967508832334&hl=en&as_sdt=0,5
       Excerpt Page 1. Studying Developer Reading Behavior on Stack Overflow during APISummarization Tasks Jonathan A. Saddler University of Nebraska - Lincoln Lincoln,Nebraska USA 68588 jsaddle@cse.unl.edu Cole S. Peterson … 

         Title iTraceVis: Visualizing eye movement data within Eclipse
           URL http://scholar.google.com/https://ieeexplore.ieee.org/abstract/document/8091183/
          Year 2017
     Citations 10
      Versions 0
    Cluster ID 745967440196940643
Citations list http://scholar.google.com/scholar?cites=745967440196940643&as_sdt=2005&sciodt=0,5&hl=en
       Excerpt … iTraceVis is implemented in Java and is directly accessible within iTrace. The prototype imple-mentation is available at https://github.com/SERESLab/iTrace- Archive/tree/issue88-vis. A. DesignMethodology The visualizations included with iTraceVis are all two dimensional … 

