[query] http://scholar.google.com/scholar?as_q=&as_epq=%22findbugs%22%20OR%20%22spotbugs%22%20OR%20%22code%20review%22%20OR%20%22static%20analysis%22%20OR%20%22regex%22%20OR%20%22regular%20expression%22%20OR%20%22github%22%20OR%20%22pull%20requests%22&as_oq=&as_eq=&as_occt=any&as_sauthors=Burak%20Turhan&as_publication=&as_ylo=&as_yhi=&as_vis=0&btnG=&hl=en&num=80&as_sdt=0%2C5
         Title What do we (really) know about test-driven development?
           URL http://scholar.google.com/https://ieeexplore.ieee.org/abstract/document/8405634/
          Year 2018
     Citations 19
      Versions 5
    Cluster ID 17349697249024727732
Citations list http://scholar.google.com/scholar?cites=17349697249024727732&as_sdt=2005&sciodt=0,5&hl=en
 Versions list http://scholar.google.com/scholar?cluster=17349697249024727732&hl=en&as_sdt=0,5
       Excerpt … Similarly, a recent study analyzed a September 2015 snapshot of all the (Java) projects inGitHub.11 Using heuristics for identifying TDD-like … Additionally, a comparison of the number ofpull requests and the dis- tribution of commits per author didn't indicate any effect on devel … 

         Title Constructing defect predictors and communicating the outcomes to practitioners
           URL http://scholar.google.com/https://ieeexplore.ieee.org/abstract/document/6681379/
          Year 2013
     Citations 11
      Versions 3
    Cluster ID 5519174865086455834
Citations list http://scholar.google.com/scholar?cites=5519174865086455834&as_sdt=2005&sciodt=0,5&hl=en
 Versions list http://scholar.google.com/scholar?cluster=5519174865086455834&hl=en&as_sdt=0,5
       Excerpt … Page 2. Issue / Error Tracking System Code review Version Control Repository Developer … Finally,code review data were collected from the corresponding tool. A list of all available variables isprovided in Table I. Initially we also planned to use test case coverage informa- tion … 

         Title Practical considerations in deploying ai for defect prediction: a case study within the turkish telecommunication industry
           URL http://scholar.google.com/https://dl.acm.org/doi/abs/10.1145/1540438.1540453
          Year 2009
     Citations 52
      Versions 8
    Cluster ID 2769439996222628070
Citations list http://scholar.google.com/scholar?cites=2769439996222628070&as_sdt=2005&sciodt=0,5&hl=en
 Versions list http://scholar.google.com/scholar?cluster=2769439996222628070&hl=en&as_sdt=0,5
       Excerpt … Moreover, as an alternative analysis, we have conducted a rule- based code reviewprocess, based on code metrics … We have seen that rule-based code review process isimpractical in the sense that we need to inspect 45% of the code [14] … 

         Title A controlled experiment with novice developers on the impact of task description granularity on software quality in test-driven development
           URL http://scholar.google.com/https://ieeexplore.ieee.org/abstract/document/8727972/
          Year 2019
     Citations 8
      Versions 3
    Cluster ID 15447562855524121686
Citations list http://scholar.google.com/scholar?cites=15447562855524121686&as_sdt=2005&sciodt=0,5&hl=en
 Versions list http://scholar.google.com/scholar?cluster=15447562855524121686&hl=en&as_sdt=0,5
       Excerpt Page 1. 0098-5589 (c) 2019 IEEE. Personal use is permitted, but republication/redistribution requires IEEE permission. See http://www.ieee.org/publications_standards/publications/rights/index.html for more information. This … 

         Title An industrial case study of classifier ensembles for locating software defects
           URL http://scholar.google.com/https://link.springer.com/article/10.1007/s11219-010-9128-1
          Year 2011
     Citations 79
      Versions 10
    Cluster ID 4008520389205302111
Citations list http://scholar.google.com/scholar?cites=4008520389205302111&as_sdt=2005&sciodt=0,5&hl=en
 Versions list http://scholar.google.com/scholar?cluster=4008520389205302111&hl=en&as_sdt=0,5
       Excerpt … 2007a). Using such tools is easier and faster to run for highlighting defect-prone modulescompared to inspections since they are able to provide static analysis on source codes withmetrics extraction tools (Basili et al. 2002; Menzies et al. 2007a; Tosun et al … 

         Title On the effectiveness of unit tests in test-driven development
           URL http://scholar.google.com/https://dl.acm.org/doi/abs/10.1145/3202710.3203153
          Year 2018
     Citations 14
      Versions 3
    Cluster ID 17568075224525714953
Citations list http://scholar.google.com/scholar?cites=17568075224525714953&as_sdt=2005&sciodt=0,5&hl=en
 Versions list http://scholar.google.com/scholar?cluster=17568075224525714953&hl=en&as_sdt=0,5
       Excerpt … smells [25]. We can use static analysis tools (eg FindBugs [3]) for the test code aswell; but test code is much simpler than production code, which makes it difficult tofind any smells in the test code. The study by Deursen et al. [15 … 

         Title Practical Considerations in Deploying AI: A Case Study within the Turkish Telecommunications Industry
           URL http://citeseerx.ist.psu.edu/viewdoc/download?doi=10.1.1.352.9591&rep=rep1&type=pdf
     Citations 0
      Versions 3
 Versions list http://scholar.google.com/scholar?cluster=10124118482811598174&hl=en&as_sdt=0,5
       Excerpt … This may also be due to the fact that this code mostly comes from the application layer, and hence,many Jsp codes make it seem too modular. Moreover, as an alternative analysis, we have alsoconducted a rulebased code review process based on only static code attributes … 

         Title Prest: An Intelligent Software Metrics Extraction, Analysis and Defect Prediction Tool.
           URL http://scholar.google.com/https://www.researchgate.net/profile/Burak_Turhan/publication/221390441_Prest_An_Intelligent_Software_Metrics_Extraction_Analysis_and_Defect_Prediction_Tool/links/54e7b26d0cf25ba91c79c1c8/Prest-An-Intelligent-Software-Metrics-Extraction-Analysis-and-Defect-Prediction-Tool.pdf
          Year 2009
     Citations 35
      Versions 3
    Cluster ID 14176876231777638179
      PDF link http://scholar.google.com/https://www.researchgate.net/profile/Burak_Turhan/publication/221390441_Prest_An_Intelligent_Software_Metrics_Extraction_Analysis_and_Defect_Prediction_Tool/links/54e7b26d0cf25ba91c79c1c8/Prest-An-Intelligent-Software-Metrics-Extraction-Analysis-and-Defect-Prediction-Tool.pdf
Citations list http://scholar.google.com/scholar?cites=14176876231777638179&as_sdt=2005&sciodt=0,5&hl=en
 Versions list http://scholar.google.com/scholar?cluster=14176876231777638179&hl=en&as_sdt=0,5
       Excerpt … In ICSE '00: Proceedings of the Conference on The Future of Software Engineering, pages61–72, New York, NY, USA, 2000. ACM. [4] N. Nagappan and T. Ball. Static analysis tools asearly indicators of pre-release defect density. Software Engineering, 2005. ICSE 2005 … 

         Title Local versus global lessons for defect prediction and effort estimation
           URL http://scholar.google.com/https://ieeexplore.ieee.org/abstract/document/6363444/
          Year 2012
     Citations 208
      Versions 9
    Cluster ID 2428365423165352489
Citations list http://scholar.google.com/scholar?cites=2428365423165352489&as_sdt=2005&sciodt=0,5&hl=en
 Versions list http://scholar.google.com/scholar?cluster=2428365423165352489&hl=en&as_sdt=0,5
       Excerpt Page 1. Local versus Global Lessons for Defect Prediction and Effort Estimation TimMenzies, Member, IEEE, Andrew Butcher, David Cok, Member, IEEE, Andrian Marcus,Member, IEEE, Lucas Layman, Member, IEEE, Forrest … 

         Title Pandemic programming
           URL http://scholar.google.com/https://link.springer.com/article/10.1007/s10664-020-09875-y
          Year 2020
     Citations 26
      Versions 19
    Cluster ID 16993443718540925306
Citations list http://scholar.google.com/scholar?cites=16993443718540925306&as_sdt=2005&sciodt=0,5&hl=en
 Versions list http://scholar.google.com/scholar?cluster=16993443718540925306&hl=en&as_sdt=0,5
       Excerpt As a novel coronavirus swept the world in early 2020, thousands of software developersbegan working from home. Many did so on short notice, under difficul.

         Title Defect Prediction Guided Search-Based Software Testing
           URL http://scholar.google.com/https://ieeexplore.ieee.org/abstract/document/9286104/
          Year 2020
     Citations 2
      Versions 0
    Cluster ID 56963616683779850
Citations list http://scholar.google.com/scholar?cites=56963616683779850&as_sdt=2005&sciodt=0,5&hl=en
       Excerpt … Finally, the source code of our proposed technique and the scripts for post processing theresults are publicly available here: https://github.com/SBST-DPG … The prototyped tool isavailable to download from here: https://github.com/SBST- DPG/sbst-dpg … 

         Title ACM SIGSOFT empirical standards
           URL http://scholar.google.com/https://arxiv.org/abs/2010.03525
          Year 2020
     Citations 4
      Versions 3
    Cluster ID 10598031738423891071
Citations list http://scholar.google.com/scholar?cites=10598031738423891071&as_sdt=2005&sciodt=0,5&hl=en
 Versions list http://scholar.google.com/scholar?cluster=10598031738423891071&hl=en&as_sdt=0,5
       Excerpt Page 1. 1 OCTOBER 7 Paper and Peer Review Quality Task Force Edited by: Paul Ralphhttps://github.com/acmsigsoft/EmpiricalStandards ACM SIGSOFT Empirical Standards … Too fewexperimental subjects (eg the source code used to evaluate a static analysis technique) if … 

         Title Guest editorial: special issue on realising artificial intelligence synergies in software engineering
           URL http://scholar.google.com/https://link.springer.com/article/10.1007/s10515-017-0224-3
          Year 2017
     Citations 1
      Versions 4
    Cluster ID 3865770462080481034
Citations list http://scholar.google.com/scholar?cites=3865770462080481034&as_sdt=2005&sciodt=0,5&hl=en
 Versions list http://scholar.google.com/scholar?cluster=3865770462080481034&hl=en&as_sdt=0,5
       Excerpt … After three user study evaluations, authors report roughly 80% (22%) reduction in total effortexcluding (including) the learning curve for using the engine. Most importantly, the tool is availablefor you to try at http://s-case.github.io. Author information. Affiliations … 

         Title A benchmark study on the effectiveness of search-based data selection and feature selection for cross project defect prediction
           URL http://scholar.google.com/https://www.sciencedirect.com/science/article/pii/S0950584916303500
          Year 2018
     Citations 54
      Versions 5
    Cluster ID 92553403135656953
Citations list http://scholar.google.com/scholar?cites=92553403135656953&as_sdt=2005&sciodt=0,5&hl=en
 Versions list http://scholar.google.com/scholar?cluster=92553403135656953&hl=en&as_sdt=0,5
       Excerpt JavaScript is disabled on your browser. Please enable JavaScript to use allthe features on this page. Skip to main content Skip to article … 

         Title Pandemic programming
           URL http://scholar.google.com/https://search.proquest.com/openview/78d6fa7727a9ccc7d2bb47fb22fe717f/1?pq-origsite=gscholar&cbl=326341
          Year 2020
     Citations 2
      Versions 0
    Cluster ID 15107649113757766926
Citations list http://scholar.google.com/scholar?cites=15107649113757766926&as_sdt=2005&sciodt=0,5&hl=en
       Excerpt … Nevertheless, large companies including Microsoft still use controversial metrics such as numberof pull requests as a “proxy for productivity … children) 5. Technical infrastructure and practices:ensuring that remote infrastructure (eg VPNs) and practices (eg code review) are in … 

         Title Empirical evaluation of the effects of experience on code quality and programmer productivity: an exploratory study
           URL http://scholar.google.com/https://link.springer.com/article/10.1007/s10664-016-9471-3
          Year 2017
     Citations 43
      Versions 12
    Cluster ID 9456107046772398574
Citations list http://scholar.google.com/scholar?cites=9456107046772398574&as_sdt=2005&sciodt=0,5&hl=en
 Versions list http://scholar.google.com/scholar?cluster=9456107046772398574&hl=en&as_sdt=0,5
       Excerpt There is a widespread belief in both SE and other branches of science that experience helpsprofessionals to improve their performance. However, cases have.

         Title Search based training data selection for cross project defect prediction
           URL http://scholar.google.com/https://dl.acm.org/doi/abs/10.1145/2972958.2972964
          Year 2016
     Citations 29
      Versions 4
    Cluster ID 8068930090150820726
Citations list http://scholar.google.com/scholar?cites=8068930090150820726&as_sdt=2005&sciodt=0,5&hl=en
 Versions list http://scholar.google.com/scholar?cluster=8068930090150820726&hl=en&as_sdt=0,5
       Excerpt Page 1. Search Based Training Data Selection For Cross Project Defect PredictionSeyedrebvar Hosseini M3S, Faculty of Information Technology and ElectricalEngineering University of Oulu 90014, Oulu, Finland rebvar@oulu.fi … 

         Title Empirical evaluation of the effects of mixed project data on learning defect predictors
           URL http://scholar.google.com/https://www.sciencedirect.com/science/article/pii/S0950584912002108
          Year 2013
     Citations 104
      Versions 7
    Cluster ID 9185707733911771022
Citations list http://scholar.google.com/scholar?cites=9185707733911771022&as_sdt=2005&sciodt=0,5&hl=en
 Versions list http://scholar.google.com/scholar?cluster=9185707733911771022&hl=en&as_sdt=0,5
       Excerpt … 4 Then they used another tool named BugInfo 5 to mine the versioning repository logs, matchingeach commit message against information from bug tracking systems based on the regularexpression representations of guidelines for each project, in order to classify each … 

         Title A longitudinal cohort study on the retainment of test-driven development
           URL http://scholar.google.com/https://dl.acm.org/doi/abs/10.1145/3239235.3240502
          Year 2018
     Citations 11
      Versions 5
    Cluster ID 10430874880152442221
Citations list http://scholar.google.com/scholar?cites=10430874880152442221&as_sdt=2005&sciodt=0,5&hl=en
 Versions list http://scholar.google.com/scholar?cluster=10430874880152442221&hl=en&as_sdt=0,5
       Excerpt … project. The participants implemented the tasks in Java and used JUnit as testingframework. At the end of each task, the participants uploaded their solution throughGitHub and then lled out a post-questionnaire. This questionnaire … 

         Title An industry experiment on the effects of test-driven development on external quality and productivity
           URL http://scholar.google.com/https://link.springer.com/article/10.1007/s10664-016-9490-0
          Year 2017
     Citations 21
      Versions 7
    Cluster ID 16591471170708229202
Citations list http://scholar.google.com/scholar?cites=16591471170708229202&as_sdt=2005&sciodt=0,5&hl=en
 Versions list http://scholar.google.com/scholar?cluster=16591471170708229202&hl=en&as_sdt=0,5
       Excerpt Existing empirical studies on test-driven development (TDD) report different conclusionsabout its effects on quality and productivity. Very few of those s.

