[query] http://scholar.google.com/scholar?as_q=&as_epq=%22findbugs%22%20OR%20%22spotbugs%22%20OR%20%22code%20review%22%20OR%20%22static%20analysis%22%20OR%20%22regex%22%20OR%20%22regular%20expression%22%20OR%20%22github%22%20OR%20%22pull%20requests%22&as_oq=&as_eq=&as_occt=any&as_sauthors=Chakkrit%20Tantithamthavorn&as_publication=&as_ylo=&as_yhi=&as_vis=0&btnG=&hl=en&num=80&as_sdt=0%2C5
         Title Who should review my code? a file location-based code-reviewer recommendation approach for modern code review
           URL http://scholar.google.com/https://ieeexplore.ieee.org/abstract/document/7081824/
          Year 2015
     Citations 169
      Versions 17
    Cluster ID 7071181244179207918
Citations list http://scholar.google.com/scholar?cites=7071181244179207918&as_sdt=2005&sciodt=0,5&hl=en
 Versions list http://scholar.google.com/scholar?cluster=7071181244179207918&hl=en&as_sdt=0,5
       Excerpt Software code review is an inspection of a code change by an independent third-party developer in order to identify and fix defects before an integration. Effectively performing code review can improve the overall software quality. In recent years, Modern Code Review  …

         Title JITBot: An Explainable Just-In-Time Defect Prediction Bot
           URL http://scholar.google.com/https://ieeexplore.ieee.org/abstract/document/9286007/
          Year 2020
     Citations 1
      Versions 3
    Cluster ID 3096137938948536548
Citations list http://scholar.google.com/scholar?cites=3096137938948536548&as_sdt=2005&sciodt=0,5&hl=en
 Versions list http://scholar.google.com/scholar?cluster=3096137938948536548&hl=en&as_sdt=0,5
       Excerpt … Thus, our JITBot is designed to help developers prioritize their code review effort when reviewinga stream … typically needs authorization from the core developers who have an admin permissionof GitHub projects … Thus, simulating the real- world pull requests remains challenging … 

         Title Assessing the Students' Understanding and their Mistakes in Code Review Checklists---An Experience Report of 1,791 Code Review Checklist Questions from 394 …
           URL http://scholar.google.com/https://arxiv.org/abs/2101.04837
          Year 2021
     Citations 1
      Versions 2
    Cluster ID 13895778337686568828
Citations list http://scholar.google.com/scholar?cites=13895778337686568828&as_sdt=2005&sciodt=0,5&hl=en
 Versions list http://scholar.google.com/scholar?cluster=13895778337686568828&hl=en&as_sdt=0,5
       Excerpt Code review is a widely-used practice in software development companies to identify defects. Hence, code review has been included in many software engineering curricula at universities worldwide. However, teaching code review is still a challenging task because …

         Title Assessing the Students' Understanding and their Mistakes in Code Review Checklists
           URL http://scholar.google.com/https://minerva-access.unimelb.edu.au/bitstream/handle/11343/267358/Assessing_the_Students_Understanding_and_their_Mi.pdf?sequence=2
          Year 2021
     Citations 0
      Versions 0
       Excerpt Code review is a widely-used practice in software development companies to identify defects. Hence, code review has been included in many software engineering curricula at universities worldwide. However, teaching code review is still a challenging task because …

         Title Artefact: An R Implementation of the AutoSpearman Function
           URL http://scholar.google.com/https://ieeexplore.ieee.org/abstract/document/8530086/
          Year 2018
     Citations 1
      Versions 3
    Cluster ID 14091705168025720680
Citations list http://scholar.google.com/scholar?cites=14091705168025720680&as_sdt=2005&sciodt=0,5&hl=en
 Versions list http://scholar.google.com/scholar?cluster=14091705168025720680&hl=en&as_sdt=0,5
       Excerpt … This artefact is implemented as an R package and is available in the GitHubrepository … The function installs our R package from the GitHub repository [1]. Below,we provide an R code snippet to set up and install the artefact … 

         Title The impact of correlated metrics on the interpretation of defect models
           URL http://scholar.google.com/https://ieeexplore.ieee.org/abstract/document/8608002/
          Year 2019
     Citations 16
      Versions 3
    Cluster ID 2620542522921120308
Citations list http://scholar.google.com/scholar?cites=2620542522921120308&as_sdt=2005&sciodt=0,5&hl=en
 Versions list http://scholar.google.com/scholar?cluster=2620542522921120308&hl=en&as_sdt=0,5
       Excerpt Page 1. IEEE TRANSACTIONS ON SOFTWARE ENGINEERING 1 The Impact of Correlated Metricson the Interpretation of Defect Models Jirayus Jiarpakdee, Student Member, IEEE, ChakkritTantithamthavorn, Member, IEEE, and Ahmed E. Hassan, Fellow, IEEE … 

         Title Predicting defective lines using a model-agnostic technique
           URL http://scholar.google.com/https://arxiv.org/abs/2009.03612
          Year 2020
     Citations 5
      Versions 8
    Cluster ID 3857894369649384233
Citations list http://scholar.google.com/scholar?cites=3857894369649384233&as_sdt=2005&sciodt=0,5&hl=en
 Versions list http://scholar.google.com/scholar?cluster=3857894369649384233&hl=en&as_sdt=0,5
       Excerpt … An analysis of the prevalence of defective lines. • The benchmark line-level defect datasets areavail- able online at https://github.com/awsm-research/ line-level-defect-prediction … However,they found that their studied static analysis tools (ie, PMD and FINDBUGS) and the file … 

         Title An experience report on defect modelling in practice: Pitfalls and challenges
           URL http://scholar.google.com/https://dl.acm.org/doi/abs/10.1145/3183519.3183547
          Year 2018
     Citations 65
      Versions 7
    Cluster ID 17774701848003349963
Citations list http://scholar.google.com/scholar?cites=17774701848003349963&as_sdt=2005&sciodt=0,5&hl=en
 Versions list http://scholar.google.com/scholar?cluster=17774701848003349963&hl=en&as_sdt=0,5
       Excerpt Page 1. An Experience Report on Defect Modelling in Practice: Pitfalls and Challenges ChakkritTantithamthavorn The University of Adelaide, Australia. chakkrit.tantithamthavorn@adelaide.edu.au Ahmed E. Hassan Queen's University, Canada. ahmed@cs.queensu.ca … 

         Title Explainable AI for Software Engineering
           URL http://scholar.google.com/https://arxiv.org/abs/2012.01614
          Year 2020
     Citations 4
      Versions 3
    Cluster ID 1991923264279756990
Citations list http://scholar.google.com/scholar?cites=1991923264279756990&as_sdt=2005&sciodt=0,5&hl=en
 Versions list http://scholar.google.com/scholar?cluster=1991923264279756990&hl=en&as_sdt=0,5
       Excerpt … reputation. Today software development processes de- pend on a variety ofdevelopment tools (eg, issue tracking systems, version control systems, code review,continuous integration, continuous deployment, and Q&A website) … 

         Title Workload-aware reviewer recommendation using a multi-objective search-based approach
           URL http://scholar.google.com/https://dl.acm.org/doi/abs/10.1145/3416508.3417115
          Year 2020
     Citations 0
      Versions 5
 Versions list http://scholar.google.com/scholar?cluster=2373755217685019441&hl=en&as_sdt=0,5
       Excerpt … KEYWORDS Code Review, Reviewer Recommendation, Search-Based Software Engineering …https://doi.org/10. 1145/3416508.3417115 1 INTRODUCTION Code review is one of the importantquality assurance practices in a software development process … 

         Title Autospearman: Automatically mitigating correlated software metrics for interpreting defect models
           URL http://scholar.google.com/https://www.computer.org/csdl/proceedings-article/trustcom-bigdatase-icess/2017/08029392/17D45WHONjO
          Year 2018
     Citations 18
      Versions 4
    Cluster ID 10790695425622551026
Citations list http://scholar.google.com/scholar?cites=10790695425622551026&as_sdt=2005&sciodt=0,5&hl=en
 Versions list http://scholar.google.com/scholar?cluster=10790695425622551026&hl=en&as_sdt=0,5
       Excerpt … analytics/autospearman-appendix.,[2] “Rnalytica: An R package of the Miscellaneous Functionsfor Data,Analytics Research,” https://github.com/software … 143–149, 2013.,[49] S. McIntosh, Y.Kamei, B. Adams, and AE Hassan, “The Impact,of Code Review Coverage and Code … 

         Title A study of redundant metrics in defect prediction datasets
           URL http://scholar.google.com/https://ieeexplore.ieee.org/abstract/document/7789378/
          Year 2016
     Citations 18
      Versions 6
    Cluster ID 17462218787595053723
Citations list http://scholar.google.com/scholar?cites=17462218787595053723&as_sdt=2005&sciodt=0,5&hl=en
 Versions list http://scholar.google.com/scholar?cluster=17462218787595053723&hl=en&as_sdt=0,5
       Excerpt … Additional results are publicly-available online, https://github.com/jirayusjiar/ISSRE2016 Result.IV … 42, no. 12, pp. 1524–1529, 2003. [4] S. McIntosh, Y. Kamei, B. Adams, and AE Hassan, “TheImpact of Code Review Coverage and Code Review Participation on Software Quality … 

         Title An empirical study of model-agnostic techniques for defect prediction models
           URL http://scholar.google.com/https://ieeexplore.ieee.org/abstract/document/9044387/
          Year 2020
     Citations 20
      Versions 3
    Cluster ID 8293287348417892925
Citations list http://scholar.google.com/scholar?cites=8293287348417892925&as_sdt=2005&sciodt=0,5&hl=en
 Versions list http://scholar.google.com/scholar?cluster=8293287348417892925&hl=en&as_sdt=0,5
       Excerpt … McIntosh et al. [58] and Thongtanunam et al. [104] inves- tigated the relationship between codereview practices and post-release defects. However, such global explanations cannot justifyeach individual prediction of the models on testing or unseen data … 

         Title Towards a Better Understanding of the Impact of Experimental Components on Defect Prediction Models
           URL http://scholar.google.com/https://sail.cs.queensu.ca/Downloads/Dissertation2017_Tantithamthavorn_Chakkrit_PhD_Thesis.pdf
          Year 2016
     Citations 2
      Versions 5
    Cluster ID 9840678549297777491
      PDF link http://scholar.google.com/https://sail.cs.queensu.ca/Downloads/Dissertation2017_Tantithamthavorn_Chakkrit_PhD_Thesis.pdf
Citations list http://scholar.google.com/scholar?cites=9840678549297777491&as_sdt=2005&sciodt=0,5&hl=en
 Versions list http://scholar.google.com/scholar?cluster=9840678549297777491&hl=en&as_sdt=0,5
       Excerpt … It is not feasible to perform exhaustive SQA tasks (ie, software testing and code review) on a largesoftware product given the limited SQA resources that are available. Thus … A File Location-BasedCode-Reviewer Recommendation Approach for Modern Code Review … 

         Title Practitioners' Perceptions of the Goals and Visual Explanations of Defect Prediction Models
           URL http://scholar.google.com/https://arxiv.org/abs/2102.12007
          Year 2021
     Citations 1
      Versions 3
    Cluster ID 7323529604084022357
Citations list http://scholar.google.com/scholar?cites=7323529604084022357&as_sdt=2005&sciodt=0,5&hl=en
 Versions list http://scholar.google.com/scholar?cluster=7323529604084022357&hl=en&as_sdt=0,5
       Excerpt … We captured the following informa- tion, ie, Role: engineers, managers, and researchers; Experi-ence in years (decimal value); Current country of residence; Primary programming language;Team Size: 1-10, 11-20, 21- 50, 51-100, 100+; Usage of static analysis tools: Yes / No … 

         Title The impact of correlated metrics on defect models
           URL http://scholar.google.com/https://arxiv.org/abs/1801.10271
          Year 2018
     Citations 22
      Versions 2
    Cluster ID 9489896552212649757
Citations list http://scholar.google.com/scholar?cites=9489896552212649757&as_sdt=2005&sciodt=0,5&hl=en
 Versions list http://scholar.google.com/scholar?cluster=9489896552212649757&hl=en&as_sdt=0,5
       Excerpt Page 1. IEEE TRANSACTIONS ON SOFTWARE ENGINEERING 1 The Impact of CorrelatedMetrics on Defect Models Jirayus Jiarpakdee, Student Member, IEEE, ChakkritTantithamthavorn, Member, IEEE, and Ahmed E. Hassan, Member, IEEE … 

         Title Mining software defects: Should we consider affected releases?
           URL http://scholar.google.com/https://ieeexplore.ieee.org/abstract/document/8811982/
          Year 2019
     Citations 17
      Versions 6
    Cluster ID 5120716670741326511
Citations list http://scholar.google.com/scholar?cites=5120716670741326511&as_sdt=2005&sciodt=0,5&hl=en
 Versions list http://scholar.google.com/scholar?cluster=5120716670741326511&hl=en&as_sdt=0,5
       Excerpt … 40], object-oriented design [5], development activities [50, 55], code smells [26, 27, 46], continuousintegration practices [69, 70], code review prac- tices … logs in the Version Control System (VCS)using regular expression [15, 17, 25, 56, 75] within a specific post-release window … 

         Title The impact of IR-based classifier configuration on the performance and the effort of method-level bug localization
           URL http://scholar.google.com/https://www.sciencedirect.com/science/article/pii/S0950584918301058
          Year 2018
     Citations 11
      Versions 12
    Cluster ID 15674610238692228424
Citations list http://scholar.google.com/scholar?cites=15674610238692228424&as_sdt=2005&sciodt=0,5&hl=en
 Versions list http://scholar.google.com/scholar?cluster=15674610238692228424&hl=en&as_sdt=0,5
       Excerpt JavaScript is disabled on your browser. Please enable JavaScript to use allthe features on this page. Skip to main content Skip to article … 

         Title An empirical comparison of model validation techniques for defect prediction models
           URL http://scholar.google.com/https://ieeexplore.ieee.org/abstract/document/7497471/
          Year 2016
     Citations 253
      Versions 5
    Cluster ID 7824253934721708076
Citations list http://scholar.google.com/scholar?cites=7824253934721708076&as_sdt=2005&sciodt=0,5&hl=en
 Versions list http://scholar.google.com/scholar?cluster=7824253934721708076&hl=en&as_sdt=0,5
       Excerpt Page 1. 0098-5589 (c) 2016 IEEE. Personal use is permitted, but republication/redistribution requires IEEE permission. See http://www.ieee.org/publications_standards/publications/rights/index.html for more information. This … 

         Title JITLine: A Simpler, Better, Faster, Finer-grained Just-In-Time Defect Prediction
           URL http://scholar.google.com/https://arxiv.org/abs/2103.07068
          Year 2021
     Citations 2
      Versions 2
    Cluster ID 10989597472798437286
Citations list http://scholar.google.com/scholar?cites=10989597472798437286&as_sdt=2005&sciodt=0,5&hl=en
 Versions list http://scholar.google.com/scholar?cluster=10989597472798437286&hl=en&as_sdt=0,5
       Excerpt … Therefore, con- tinuous code quality tools (eg, CI/CD, modern code review, static analysis)have been heavily adopted to early detect software defects. However, SQA teams cannoteffectively inspect every commit given limited SQA resources … 

