[query] http://scholar.google.com/scholar?as_q=&as_epq=%22findbugs%22%20OR%20%22spotbugs%22%20OR%20%22code%20review%22%20OR%20%22static%20analysis%22%20OR%20%22regex%22%20OR%20%22regular%20expression%22%20OR%20%22github%22%20OR%20%22pull%20requests%22&as_oq=&as_eq=&as_occt=any&as_sauthors=Chao%20Wang&as_publication=&as_ylo=&as_yhi=&as_vis=0&btnG=&hl=en&num=80&as_sdt=0%2C5
         Title Thread-modular static analysis for relaxed memory models
           URL http://scholar.google.com/https://dl.acm.org/doi/abs/10.1145/3106237.3106243
          Year 2017
     Citations 12
      Versions 7
    Cluster ID 16089186046615733656
Citations list http://scholar.google.com/scholar?cites=16089186046615733656&as_sdt=2005&sciodt=0,5&hl=en
 Versions list http://scholar.google.com/scholar?cluster=16089186046615733656&hl=en&as_sdt=0,5
       Excerpt We propose a memory-model-aware static program analysis method for accurately analyzing the behavior of concurrent software running on processors with weak consistency models such as x86-TSO, SPARC-PSO, and SPARC-RMO. At the center of our method is a …

         Title Debreach: mitigating compression side channels via static analysis and transformation
           URL http://scholar.google.com/https://ieeexplore.ieee.org/abstract/document/8952360/
          Year 2019
     Citations 1
      Versions 8
    Cluster ID 3824779970893418081
Citations list http://scholar.google.com/scholar?cites=3824779970893418081&as_sdt=2005&sciodt=0,5&hl=en
 Versions list http://scholar.google.com/scholar?cluster=3824779970893418081&hl=en&as_sdt=0,5
       Excerpt Compression is an emerging source of exploitable side-channel leakage that threatens data security, particularly in web applications where compression is indispensable for performance reasons. Current approaches to mitigating compression side channels have …

         Title CANAL: a cache timing analysis framework via LLVM transformation
           URL http://scholar.google.com/https://dl.acm.org/doi/abs/10.1145/3238147.3240485
          Year 2018
     Citations 16
      Versions 10
    Cluster ID 203896069423314301
Citations list http://scholar.google.com/scholar?cites=203896069423314301&as_sdt=2005&sciodt=0,5&hl=en
 Versions list http://scholar.google.com/scholar?cluster=203896069423314301&hl=en&as_sdt=0,5
       Excerpt … REFERENCES [1] AES/DES in openSSL. https://github.com/openssl/openssl/tree/OpenSSL_0_9_7- stable/crypto … [7] Patrick Cousot and Radhia Cousot. Abstract interpretation:A unified lattice model for static analysis of programs by construction or approximation of fix- points … 

         Title Static DOM event dependency analysis for testing web applications
           URL http://scholar.google.com/https://dl.acm.org/doi/abs/10.1145/2950290.2950292
          Year 2016
     Citations 25
      Versions 4
    Cluster ID 3384372372826493432
Citations list http://scholar.google.com/scholar?cites=3384372372826493432&as_sdt=2005&sciodt=0,5&hl=en
 Versions list http://scholar.google.com/scholar?cluster=3384372372826493432&hl=en&as_sdt=0,5
       Excerpt … Although static analysis tech- niques have been routinely used on software written in traditionalprogramming languages, such as Java and C++, adapting them to handle JavaScript code andthe HTML DOM is difficult … The static analysis tool of Jensen et al … 

         Title Abstract interpretation under speculative execution
           URL http://scholar.google.com/https://dl.acm.org/doi/abs/10.1145/3314221.3314647
          Year 2019
     Citations 13
      Versions 4
    Cluster ID 10514429244262909166
Citations list http://scholar.google.com/scholar?cites=10514429244262909166&as_sdt=2005&sciodt=0,5&hl=en
 Versions list http://scholar.google.com/scholar?cluster=10514429244262909166&hl=en&as_sdt=0,5
       Excerpt … Unfortunately, existing static analysis techniques based on abstract interpretation donot model speculative execution since they focus on functional properties of a programwhile speculative execution does not change the functionality … 

         Title Research on data mining of permissions mode for Android malware detection
           URL http://scholar.google.com/https://link.springer.com/article/10.1007/s10586-018-1904-x
          Year 2019
     Citations 22
      Versions 0
    Cluster ID 10092953562245605244
Citations list http://scholar.google.com/scholar?cites=10092953562245605244&as_sdt=2005&sciodt=0,5&hl=en
       Excerpt … (4). Android application permissions static analysis. An Android application typicallydeclares the permissions it needs to install or run in a Mainfest.xml … Static analysistechnology is widely used in the power analysis of Android applications … 

         Title Automatic discovery of transition symmetry in multithreaded programs using dynamic analysis
           URL http://scholar.google.com/https://link.springer.com/chapter/10.1007/978-3-642-02652-2_22
          Year 2009
     Citations 29
      Versions 21
    Cluster ID 17583139319828194110
Citations list http://scholar.google.com/scholar?cites=17583139319828194110&as_sdt=2005&sciodt=0,5&hl=en
 Versions list http://scholar.google.com/scholar?cluster=17583139319828194110&hl=en&as_sdt=0,5
       Excerpt … To our best knowledge, this is the first approach to automate transition symmetry discovery forthe dynamic verification of realistic concurrent programs. We first note that purely static analysisbased approaches are often insufficient for detecting symmetries across threads … 

         Title QMS: Evaluating the side-channel resistance of masked software from source code
           URL http://scholar.google.com/https://ieeexplore.ieee.org/abstract/document/6881536/
          Year 2014
     Citations 46
      Versions 9
    Cluster ID 616377278070933906
Citations list http://scholar.google.com/scholar?cites=616377278070933906&as_sdt=2005&sciodt=0,5&hl=en
 Versions list http://scholar.google.com/scholar?cluster=616377278070933906&hl=en&as_sdt=0,5
       Excerpt … Bayrak et al. [2] have used SAT solvers to check if a software is masked, but they cannot quantifythe masking strength. To the best of our knowl- edge, our method is the first automated staticanalysis method for checking the strength of masking quantitatively … 

         Title Statistic and analysis for host-based syslog
           URL http://scholar.google.com/https://ieeexplore.ieee.org/abstract/document/5460365/
          Year 2010
     Citations 8
      Versions 2
    Cluster ID 8563542786369725842
Citations list http://scholar.google.com/scholar?cites=8563542786369725842&as_sdt=2005&sciodt=0,5&hl=en
 Versions list http://scholar.google.com/scholar?cluster=8563542786369725842&hl=en&as_sdt=0,5
       Excerpt … Because different segments of syslog imply different system information, the model separatedevery segment from a syslog record with Regular Expression, then it made data preprocessingand statistic with rule matching, in the end it conducted analysis by BP (Back … 

         Title Static Analysis for Holding Rod of Palletizing Robots on SolidWorks Simulation [J]
           URL http://scholar.google.com/https://en.cnki.com.cn/Article_en/CJFDTotal-SCQX201101028.htm
          Year 2011
     Citations 2
      Versions 0
    Cluster ID 7187743917657514424
Citations list http://scholar.google.com/scholar?cites=7187743917657514424&as_sdt=2005&sciodt=0,5&hl=en
       Excerpt In this article, SolidWorks 3D software is used to draw the end actuator 3D solid model of palletizing robots, and the end actuator rod is taken to FEM analysis on SolidWorks Simulation software. Its Results validate that the way of SolidWorks Simulation Steps …

         Title Integrative analysis for COVID-19 patient outcome prediction
           URL http://scholar.google.com/https://www.sciencedirect.com/science/article/pii/S1361841520302085
          Year 2021
     Citations 11
      Versions 17
    Cluster ID 1033594972849684323
Citations list http://scholar.google.com/scholar?cites=1033594972849684323&as_sdt=2005&sciodt=0,5&hl=en
 Versions list http://scholar.google.com/scholar?cluster=1033594972849684323&hl=en&as_sdt=0,5
       Excerpt … Our methods may also be applied to other lung diseases including but not limited tocommunity acquired pneumonia. The source code of our work is available athttps://github.com/DIAL-RPI/COVID19-ICUPrediction. Graphical abstract … 

         Title Quantitative masking strength: quantifying the power side-channel resistance of software code
           URL http://scholar.google.com/https://ieeexplore.ieee.org/abstract/document/7090986/
          Year 2015
     Citations 24
      Versions 10
    Cluster ID 16183080287049025197
Citations list http://scholar.google.com/scholar?cites=16183080287049025197&as_sdt=2005&sciodt=0,5&hl=en
 Versions list http://scholar.google.com/scholar?cluster=16183080287049025197&hl=en&as_sdt=0,5
       Excerpt … evaluated. We show a better solution based on static analysis of C source code … Tothe best of our knowledge, our method is the first fully automated static analysismethod for quantitatively checking the strength of masking. We … 

         Title Harnessing pre-trained neural networks with rules for formality style transfer
           URL http://scholar.google.com/https://www.aclweb.org/anthology/D19-1365/
          Year 2019
     Citations 14
      Versions 2
    Cluster ID 15697191755017717855
Citations list http://scholar.google.com/scholar?cites=15697191755017717855&as_sdt=2005&sciodt=0,5&hl=en
 Versions list http://scholar.google.com/scholar?cluster=15697191755017717855&hl=en&as_sdt=0,5
       Excerpt … eg, “wanna”), etc. While rule-based pre- processing could largely simplify the formality ∗Corresponding author. Our code and output are available at: https://github.com/jimth001/ formality_emnlp19.git Original informal sentence … 

         Title End-to-end pseudo-lidar for image-based 3d object detection
           URL http://openaccess.thecvf.com/content_CVPR_2020/html/Qian_End-to-End_Pseudo-LiDAR_for_Image-Based_3D_Object_Detection_CVPR_2020_paper.html
          Year 2020
     Citations 20
      Versions 8
    Cluster ID 3540971209064778234
Citations list http://scholar.google.com/scholar?cites=3540971209064778234&as_sdt=2005&sciodt=0,5&hl=en
 Versions list http://scholar.google.com/scholar?cluster=3540971209064778234&hl=en&as_sdt=0,5
       Excerpt … based 3D object detection leaderboard at the time of submission. Our code will bemade available at https://github.com/mileyan/ pseudo-LiDAR_e2e. 1. IntroductionOne of the most critical components in autonomous driv- ing … 

         Title Flow-sensitive composition of thread-modular abstract interpretation
           URL http://scholar.google.com/https://dl.acm.org/doi/abs/10.1145/2950290.2950291
          Year 2016
     Citations 19
      Versions 3
    Cluster ID 6149001417278894075
Citations list http://scholar.google.com/scholar?cites=6149001417278894075&as_sdt=2005&sciodt=0,5&hl=en
 Versions list http://scholar.google.com/scholar?cluster=6149001417278894075&hl=en&as_sdt=0,5
       Excerpt … CA, USA ABSTRACT We propose a constraint-based flow-sensitive static analysisfor con- current programs by iteratively composing thread-modular abstractinterpreters via the use of a system of lightweight constraints. Our … 

         Title An Android Application Vulnerability Mining Method Based On Static and Dynamic Analysis
           URL http://scholar.google.com/https://ieeexplore.ieee.org/abstract/document/9141575/
          Year 2020
     Citations 1
      Versions 0
    Cluster ID 2739956715494970993
Citations list http://scholar.google.com/scholar?cites=2739956715494970993&as_sdt=2005&sciodt=0,5&hl=en
       Excerpt … Data flow analysis Data flow analysis Regular expression matching Regular expression matchingFile detection File detection Scan engine Scan engine Vulnerability Rule Base Vulnerability RuleBase Analysis results Analysis results Fig. 2 Static analysis process … 

         Title Learning deep transformer models for machine translation
           URL http://scholar.google.com/https://arxiv.org/abs/1906.01787
          Year 2019
     Citations 105
      Versions 7
    Cluster ID 9674758700152351867
Citations list http://scholar.google.com/scholar?cites=9674758700152351867&as_sdt=2005&sciodt=0,5&hl=en
 Versions list http://scholar.google.com/scholar?cluster=9674758700152351867&hl=en&as_sdt=0,5
       Excerpt … Corresponding author. 1The source code is available at https://github. com/wangqiangneu/dlclscale tasks (Vaswani et al., 2017) … 10Due to resource constraints, all experiments on Zh-En-Large task only run once. 11 https://github.com/pytorch/fairseq Page 6 … 

         Title A face-recognition approach using deep reinforcement learning approach for user authentication
           URL http://scholar.google.com/https://ieeexplore.ieee.org/abstract/document/8119148/
          Year 2017
     Citations 15
      Versions 4
    Cluster ID 14106642311334375204
Citations list http://scholar.google.com/scholar?cites=14106642311334375204&as_sdt=2005&sciodt=0,5&hl=en
 Versions list http://scholar.google.com/scholar?cluster=14106642311334375204&hl=en&as_sdt=0,5
       Excerpt … Existing studies on the face recognition problem focus mainly on the static analysis to determinethe face recognition precision by examining the facial features of images with different facialexpressions for users rather than the dynamic aspects where images were are often … 

         Title Datalog-based scalable semantic diffing of concurrent programs
           URL http://scholar.google.com/https://dl.acm.org/doi/abs/10.1145/3238147.3238211
          Year 2018
     Citations 7
      Versions 9
    Cluster ID 4510257604822515975
Citations list http://scholar.google.com/scholar?cites=4510257604822515975&as_sdt=2005&sciodt=0,5&hl=en
 Versions list http://scholar.google.com/scholar?cluster=4510257604822515975&hl=en&as_sdt=0,5
       Excerpt … To fill the gap, we develop a fast and approximate static analysis for computingsynchronization differences of two programs … KEYWORDS Concurrency, semantic diffing,change impact, static analysis, race condition, atomicity, Datalog … 

         Title Evaluating and Constraining Hardware Assertions with Absent Scenarios
           URL http://scholar.google.com/https://link.springer.com/article/10.1007/s11390-020-9708-x
          Year 2020
     Citations 0
      Versions 2
 Versions list http://scholar.google.com/scholar?cluster=6603272704848744604&hl=en&as_sdt=0,5
       Excerpt … Automatic generation of assertions can be divided into two categories: static analysis and dynamicgeneration from simulation traces. The first category performs static analysis on design codes, andthen the results of the static analysis are transformed into assertions … 

