[query] http://scholar.google.com/scholar?as_q=&as_epq=%22findbugs%22%20OR%20%22spotbugs%22%20OR%20%22code%20review%22%20OR%20%22static%20analysis%22%20OR%20%22regex%22%20OR%20%22regular%20expression%22%20OR%20%22github%22%20OR%20%22pull%20requests%22&as_oq=&as_eq=&as_occt=any&as_sauthors=Christian%20D.%20Newman&as_publication=&as_ylo=&as_yhi=&as_vis=0&btnG=&hl=en&num=80&as_sdt=0%2C5
         Title Modeling the relationship between identifier name and behavior
           URL http://scholar.google.com/https://ieeexplore.ieee.org/abstract/document/8919135/
          Year 2019
     Citations 4
      Versions 4
    Cluster ID 14202020303126597867
Citations list http://scholar.google.com/scholar?cites=14202020303126597867&as_sdt=2005&sciodt=0,5&hl=en
 Versions list http://scholar.google.com/scholar?cluster=14202020303126597867&hl=en&as_sdt=0,5
       Excerpt … The model takes advantage of part of speech infor- mation and static-analysis-basedprogram models to understand how different types of statically-derived semanticscorrelates with the natural language meaning of identifiers … 

         Title Automatically generating natural language documentation for methods
           URL http://scholar.google.com/https://ieeexplore.ieee.org/abstract/document/8530108/
          Year 2018
     Citations 2
      Versions 4
    Cluster ID 9999908978147017087
Citations list http://scholar.google.com/scholar?cites=9999908978147017087&as_sdt=2005&sciodt=0,5&hl=en
 Versions list http://scholar.google.com/scholar?cluster=9999908978147017087&hl=en&as_sdt=0,5
       Excerpt … First, each method is automatically assigned a stereotype(s) based on static analysis and a setof heuristics. Then, the approach uses the stereotype information, static analysis, and predefinedtemplates to generate a natural-language summary for each method … 

         Title tsDetect: an open source test smells detection tool
           URL http://scholar.google.com/https://dl.acm.org/doi/abs/10.1145/3368089.3417921
          Year 2020
     Citations 4
      Versions 3
    Cluster ID 2847460404866233836
Citations list http://scholar.google.com/scholar?cites=2847460404866233836&as_sdt=2005&sciodt=0,5&hl=en
 Versions list http://scholar.google.com/scholar?cluster=2847460404866233836&hl=en&as_sdt=0,5
       Excerpt … ESEC/FSE '20, November 8–13, 2020, Virtual Event, USA REFERENCES [1] Checkstyle.https://checkstyle.org/. [2] Findbugs. http://findbugs.sourceforge.net/. [3] Pmd. https://pmd.github.io/. [4] tsdetect. https://testsmells.github.io/. [5] V. Arnaoudova, M. Di Penta, and G. Antoniol … 

         Title An exploratory study on the refactoring of unit test files in android applications
           URL http://scholar.google.com/https://dl.acm.org/doi/abs/10.1145/3387940.3392189
          Year 2020
     Citations 6
      Versions 0
    Cluster ID 1729042020108992412
Citations list http://scholar.google.com/scholar?cites=1729042020108992412&as_sdt=2005&sciodt=0,5&hl=en
       Excerpt Page 1. An Exploratory Study on the Refactoring of Unit Test Files in AndroidApplications Anthony Peruma axp6201@rit.edu Rochester Institute of TechnologyRochester, New York, USA Christian D. Newman cnewman@se … 

         Title srcslice: A tool for efficient static forward slicing
           URL http://scholar.google.com/https://ieeexplore.ieee.org/abstract/document/7883355/
          Year 2016
     Citations 20
      Versions 7
    Cluster ID 15121820216148803427
Citations list http://scholar.google.com/scholar?cites=15121820216148803427&as_sdt=2005&sciodt=0,5&hl=en
 Versions list http://scholar.google.com/scholar?cluster=15121820216148803427&hl=en&as_sdt=0,5
       Excerpt … In short it combines a text-based approach, similar to Cordy [5], with a lightweight staticanalysis infrastructure that only computes dependence information as needed (akaon-the-fly) while computing the slice for each variable in the program … 

         Title On the relationship between developer experience and refactoring: An exploratory study and preliminary results
           URL http://scholar.google.com/https://dl.acm.org/doi/abs/10.1145/3387940.3392193
          Year 2020
     Citations 3
      Versions 2
    Cluster ID 5513431644907856156
Citations list http://scholar.google.com/scholar?cites=5513431644907856156&as_sdt=2005&sciodt=0,5&hl=en
 Versions list http://scholar.google.com/scholar?cluster=5513431644907856156&hl=en&as_sdt=0,5
       Excerpt … In total, our dataset is composed of 800 projects hosted on GitHub … the refactoring activity acrossthe three projects. To identify their key role in the development of the project, we searched,using their GitHub IDs, their professional profiles on Linked-In4 … 

         Title Contextualizing rename decisions using refactorings and commit messages
           URL http://scholar.google.com/https://ieeexplore.ieee.org/abstract/document/8930840/
          Year 2019
     Citations 16
      Versions 6
    Cluster ID 646130752287411788
Citations list http://scholar.google.com/scholar?cites=646130752287411788&as_sdt=2005&sciodt=0,5&hl=en
 Versions list http://scholar.google.com/scholar?cluster=646130752287411788&hl=en&as_sdt=0,5
       Excerpt … along with class identifiers) associated with low-quality code according to static analysis-basedmetrics … experiments on we selected 800 random, curated open source Java projects hosted onGitHub … attributing commits due to the use of git features such as pull requests, we only … 

         Title Lexical categories for source code identifiers
           URL http://scholar.google.com/https://ieeexplore.ieee.org/abstract/document/7884624/
          Year 2017
     Citations 17
      Versions 4
    Cluster ID 12629321695484833095
Citations list http://scholar.google.com/scholar?cites=12629321695484833095&as_sdt=2005&sciodt=0,5&hl=en
 Versions list http://scholar.google.com/scholar?cluster=12629321695484833095&hl=en&as_sdt=0,5
       Excerpt … RELATED WORK A number of approaches [13-18] leverage static analysis to similar ends; theyseek to use identifiers along with the context of the code surrounding the identifiers to answersome research question(s). Hence, static analysis combined with NLP and/or identifier … 

         Title Contextualizing rename decisions using refactorings, commit messages, and data types
           URL http://scholar.google.com/https://www.sciencedirect.com/science/article/pii/S0164121220301503
          Year 2020
     Citations 8
      Versions 3
    Cluster ID 10251388377041436160
Citations list http://scholar.google.com/scholar?cites=10251388377041436160&as_sdt=2005&sciodt=0,5&hl=en
 Versions list http://scholar.google.com/scholar?cluster=10251388377041436160&hl=en&as_sdt=0,5
       Excerpt … for ways to standardize and normalize identifier names to support both developers and tools(Binkley et al., 2018, Newman et al., 2019a) and many research projects, both recent andotherwise, aim to enhance identifier naming using machine learning, static analysis, and by … 

         Title On the distribution of test smells in open source android applications: An exploratory study
           URL http://scholar.google.com/https://dl.acm.org/doi/abs/10.5555/3370272.3370293
          Year 2019
     Citations 15
      Versions 3
    Cluster ID 3382358149323569710
Citations list http://scholar.google.com/scholar?cites=3382358149323569710&as_sdt=2005&sciodt=0,5&hl=en
 Versions list http://scholar.google.com/scholar?cluster=3382358149323569710&hl=en&as_sdt=0,5
       Excerpt … 120 developers. We personalized each email to the extent of mentioning the filein the project repository (via the URL of the file hosted on GitHub) and (whereapplicable) the method name in the file exhibiting the smell. The … 

         Title Which method-stereotype changes are indicators of code smells?
           URL http://scholar.google.com/https://ieeexplore.ieee.org/abstract/document/8530721/
          Year 2018
     Citations 2
      Versions 4
    Cluster ID 11717066189774687480
Citations list http://scholar.google.com/scholar?cites=11717066189774687480&as_sdt=2005&sciodt=0,5&hl=en
 Versions list http://scholar.google.com/scholar?cluster=11717066189774687480&hl=en&as_sdt=0,5
       Excerpt … Structural Mutator). A freely available tool (see https://github.com/srcML/ stereocode),StereoCode, analyzes and re-documents C++ source code (using srcML [17]) withthe stereotype information for each method. StereoCode … 

         Title srcQL: A syntax-aware query language for source code
           URL http://scholar.google.com/https://ieeexplore.ieee.org/abstract/document/7884655/
          Year 2017
     Citations 6
      Versions 4
    Cluster ID 6778946455121298177
Citations list http://scholar.google.com/scholar?cites=6778946455121298177&as_sdt=2005&sciodt=0,5&hl=en
 Versions list http://scholar.google.com/scholar?cluster=6778946455121298177&hl=en&as_sdt=0,5
       Excerpt … I. INTRODUCTION Currently, search tools in IDEs (Integrated Development Environment) typicallyuse regular-expression matching. The main drawback with regular expression or text based searchtools is that too many, non-relevant, parts of source code are matched … 

         Title srcType: A Tool for Efficient Static Type Resolution
           URL http://scholar.google.com/https://ieeexplore.ieee.org/abstract/document/7816517/
          Year 2016
     Citations 2
      Versions 4
    Cluster ID 9868547155684533714
Citations list http://scholar.google.com/scholar?cites=9868547155684533714&as_sdt=2005&sciodt=0,5&hl=en
 Versions list http://scholar.google.com/scholar?cluster=9868547155684533714&hl=en&as_sdt=0,5
       Excerpt … Tasks such as static analysis, slicing, reverse engineering [1], NLP for SE [2, 3], andtransformation [4, 5]; all benefit from type information … The github page and documentationabout srcType and srcML are also available from this website … 

         Title Physics-informed GANs for coastal flood visualization
           URL http://scholar.google.com/https://arxiv.org/abs/2010.08103
          Year 2020
     Citations 1
      Versions 5
    Cluster ID 6990526962669005915
Citations list http://scholar.google.com/scholar?cites=6990526962669005915&as_sdt=2005&sciodt=0,5&hl=en
 Versions list http://scholar.google.com/scholar?cluster=6990526962669005915&hl=en&as_sdt=0,5
       Excerpt … of the IEEE conference on computer vision and pattern recognition (CVPR), 2018,pp. 8798–8807. [Online]. Available: https://github.com/NVIDIA/pix2pixHD 5 Page 6.[14] J.-Y. Zhu, T. Park, P. Isola, and AA Efros, “Unpaired image … 

         Title An empirical investigation of how and why developers rename identifiers
           URL http://scholar.google.com/https://dl.acm.org/doi/abs/10.1145/3242163.3242169
          Year 2018
     Citations 19
      Versions 2
    Cluster ID 13840934962697189089
Citations list http://scholar.google.com/scholar?cites=13840934962697189089&as_sdt=2005&sciodt=0,5&hl=en
 Versions list http://scholar.google.com/scholar?cluster=13840934962697189089&hl=en&as_sdt=0,5
       Excerpt … dataset. To this extent, our study utilizes the list of GitHub based Java projects madeavailable by [5]. To identify refactoring operations performed by developers on theseprojects, we use RefactoringMiner [30] on each project … 

         Title An open dataset of abbreviations and expansions
           URL http://scholar.google.com/https://par.nsf.gov/servlets/purl/10132771
          Year 2019
     Citations 3
      Versions 5
    Cluster ID 16858042334672302584
Citations list http://scholar.google.com/scholar?cites=16858042334672302584&as_sdt=2005&sciodt=0,5&hl=en
 Versions list http://scholar.google.com/scholar?cluster=16858042334672302584&hl=en&as_sdt=0,5
       Excerpt … WHERE TO OBTAIN DATASET AND CODE The dataset is available through github via the fol-lowing link: https://github.com/SCANL/AbbreviationArtifact- ICSME2019. Additionally, weencourage others to submit pull requests with their own abbreviation:expansion sets for the … 

         Title Using Grammar Patterns to Interpret Test Method Name Evolution
           URL http://scholar.google.com/https://arxiv.org/abs/2103.09190
          Year 2021
     Citations 0
      Versions 3
 Versions list http://scholar.google.com/scholar?cluster=15616323608559856093&hl=en&as_sdt=0,5
       Excerpt … Projects: The projects in our study consist of 800 open-source Java projects hosted onGitHub. These … preposition. For the example above, using static analysis, we can checkfor the use of a file read operation that leverages the classpath … 

         Title On the Naming of Methods: A Survey of Professional Developers
           URL http://scholar.google.com/https://arxiv.org/abs/2102.13555
          Year 2021
     Citations 0
      Versions 0
       Excerpt … Our motivations for undertaking the articulation of method naming standards is to constructautomated tools to assess the quality of method names. These tools will be clearly useful fordevelopers daily naming, renaming, and performing code review activities … 

         Title Automatically Redocumenting Source Code with Method and Class Stereotypes
           URL http://scholar.google.com/https://ieeexplore.ieee.org/abstract/document/8530109/
          Year 2018
     Citations 0
      Versions 3
 Versions list http://scholar.google.com/scholar?cluster=16067157427694503971&hl=en&as_sdt=0,5
       Excerpt … Abstract—The tool implements an approach that automatically derives and redocumentssource code with the corresponding method and class stereotypes. The stereotype of eachmethod is first computed via static analysis and a set of definitions … 

         Title A study on developer perception of transformation languages for refactoring
           URL http://scholar.google.com/https://dl.acm.org/doi/abs/10.1145/3242163.3242170
          Year 2018
     Citations 5
      Versions 4
    Cluster ID 3990495381831060174
Citations list http://scholar.google.com/scholar?cites=3990495381831060174&as_sdt=2005&sciodt=0,5&hl=en
 Versions list http://scholar.google.com/scholar?cluster=3990495381831060174&hl=en&as_sdt=0,5
       Excerpt … null. The original change encompassed around 1.7K individual calls to operatornew and took one developer approximately a month to fully complete (ie, applyingeach change, regression testing, code review, re-integration) … 

