[query] http://scholar.google.com/scholar?as_q=&as_epq=%22findbugs%22%20OR%20%22spotbugs%22%20OR%20%22code%20review%22%20OR%20%22static%20analysis%22%20OR%20%22regex%22%20OR%20%22regular%20expression%22%20OR%20%22github%22%20OR%20%22pull%20requests%22&as_oq=&as_eq=&as_occt=any&as_sauthors=Christoph%20Csallner&as_publication=&as_ylo=&as_yhi=&as_vis=0&btnG=&hl=en&num=80&as_sdt=0%2C5
         Title Residual investigation: Predictive and precise bug detection
           URL http://scholar.google.com/https://dl.acm.org/doi/abs/10.1145/2656201
          Year 2014
     Citations 18
      Versions 17
    Cluster ID 11019439172365184117
Citations list http://scholar.google.com/scholar?cites=11019439172365184117&as_sdt=2005&sciodt=0,5&hl=en
 Versions list http://scholar.google.com/scholar?cluster=11019439172365184117&hl=en&as_sdt=0,5
       Excerpt … analysis, but instead complements it. In the case of RFBI, the point is not to obscurethe output of FindBugs; since the static analysis is performed anyway, its results areavailable to the user for inspection. Instead, RFBI serves as a … 

         Title DSD-Crasher: A hybrid analysis tool for bug finding
           URL http://scholar.google.com/https://dl.acm.org/doi/abs/10.1145/1348250.1348254
          Year 2008
     Citations 269
      Versions 24
    Cluster ID 2016930977886193627
Citations list http://scholar.google.com/scholar?cites=2016930977886193627&as_sdt=2005&sciodt=0,5&hl=en
 Versions list http://scholar.google.com/scholar?cluster=2016930977886193627&hl=en&as_sdt=0,5
       Excerpt … For instance, Jackson and Ri- nard call a static analysis “sound” when it is sound for correctness,yet call a dy- namic analysis “sound” when it is sound for … Yet, there are static analyses whosepurpose is to detect defects (eg, FindBugs by Hovemeyer and Pugh [2004]) … 

         Title Check'n'Crash: Combining static checking and testing
           URL http://scholar.google.com/https://dl.acm.org/doi/abs/10.1145/1062455.1062533
          Year 2005
     Citations 289
      Versions 18
    Cluster ID 5703589387358230769
Citations list http://scholar.google.com/scholar?cites=5703589387358230769&as_sdt=2005&sciodt=0,5&hl=en
 Versions list http://scholar.google.com/scholar?cluster=5703589387358230769&hl=en&as_sdt=0,5
       Excerpt … Keywords Automatic testing, dynamic analysis, extended static check- ing, static analysis, testcase generation, usability 1. INTRODUCTION The need to combine exhaustive and preciseerror check- ing approaches—ie, static analysis and testing—has often … 

         Title Combining static and dynamic reasoning for bug detection
           URL http://scholar.google.com/https://link.springer.com/chapter/10.1007/978-3-540-73770-4_1
          Year 2007
     Citations 55
      Versions 18
    Cluster ID 34400807158778049
Citations list http://scholar.google.com/scholar?cites=34400807158778049&as_sdt=2005&sciodt=0,5&hl=en
 Versions list http://scholar.google.com/scholar?cluster=34400807158778049&hl=en&as_sdt=0,5
       Excerpt … For instance, Jackson and Rinard call a static analysis “sound” when it is sound for correctness,yet call a dynamic analysis “sound” when it is sound for incorrectness [12 … Yet, there are staticanalyses whose purpose is to detect defects (eg, FindBugs by Hovemeyer and Pugh [11 … 

         Title Evaluating program analysis and testing tools with the RUGRAT random benchmark application generator
           URL http://scholar.google.com/https://dl.acm.org/doi/abs/10.1145/2338966.2336798
          Year 2012
     Citations 10
      Versions 9
    Cluster ID 4420189451273604273
Citations list http://scholar.google.com/scholar?cites=4420189451273604273&as_sdt=2005&sciodt=0,5&hl=en
 Versions list http://scholar.google.com/scholar?cluster=4420189451273604273&hl=en&as_sdt=0,5
       Excerpt … 5.1 Program Analysis and Testing (RAT) Tools On each of the 77 generated AUTs,we applied four Java pro- gram analysis tools: three static analysis tools, FindBugs,PMD, and JLint, and one dynamic analysis tool, Randoop … 

         Title RUGRAT: Evaluating program analysis and testing tools and compilers with large generated random benchmark applications
           URL http://scholar.google.com/https://onlinelibrary.wiley.com/doi/abs/10.1002/spe.2290
          Year 2016
     Citations 17
      Versions 9
    Cluster ID 17290595550266661362
Citations list http://scholar.google.com/scholar?cites=17290595550266661362&as_sdt=2005&sciodt=0,5&hl=en
 Versions list http://scholar.google.com/scholar?cluster=17290595550266661362&hl=en&as_sdt=0,5
       Excerpt … configured. A survey on evaluating static analysis tools and benchmarks showedthat most user‐reported failures in software repositories are false failures, that is,failures that will not be fixed as they do not concern the code 27 … 

         Title Mini Project Report One
           URL http://citeseerx.ist.psu.edu/viewdoc/download?doi=10.1.1.3.6422&rep=rep1&type=pdf
          Year 2003
     Citations 0
      Versions 2
 Versions list http://scholar.google.com/scholar?cluster=15595116811601996522&hl=en&as_sdt=0,5
       Excerpt … 1 Introduction The Java Architecture for Bytecode Analysis (JABA) of the Aristotle Re- searchGroup at Georgia Tech provides static analysis of Java programs … Static analysis tools like JABAcan automatically discover inter-procedural control flow caused by exceptions … 

         Title Reverse Engineering Object-Oriented Applications into High-Level Domain Models with Reoom
           URL http://scholar.google.com/https://ieeexplore.ieee.org/abstract/document/7965341/
          Year 2017
     Citations 0
      Versions 4
 Versions list http://scholar.google.com/scholar?cluster=2876418874180178793&hl=en&as_sdt=0,5
       Excerpt … code. Most closely related to Reoom, Womble [6] also performs a lightweight staticanalysis to infer from Java code a high- level domain model. Both … closely. 2As countedby JavaNCSS (https://github.com/codehaus/javancss) Pizza … 

         Title SPEjs: a symbolic partial evaluator for JavaScript
           URL http://scholar.google.com/https://dl.acm.org/doi/abs/10.1145/3243218.3243220
          Year 2018
     Citations 1
      Versions 3
    Cluster ID 10558659242920733451
Citations list http://scholar.google.com/scholar?cites=10558659242920733451&as_sdt=2005&sciodt=0,5&hl=en
 Versions list http://scholar.google.com/scholar?cluster=10558659242920733451&hl=en&as_sdt=0,5
       Excerpt … Beyond these difference, the usual caveats of static analysis apply, such as merging theupdates performed in two branches of an if statement. Our prototype implementation justrepresents such an update in the environment with a symbolic variable … 

         Title Combining over-and under-approximating program analyses for automatic software testing
           URL http://scholar.google.com/https://smartech.gatech.edu/handle/1853/24764
          Year 2008
     Citations 1
      Versions 5
    Cluster ID 9379726020761684628
Citations list http://scholar.google.com/scholar?cites=9379726020761684628&as_sdt=2005&sciodt=0,5&hl=en
 Versions list http://scholar.google.com/scholar?cluster=9379726020761684628&hl=en&as_sdt=0,5
       Excerpt … 115 9.2.2 Program analysis: From ESC/Java to FindBugs and Java PathFinder . . . . . 116 …systems. Only test-cases that confirm the results of the over-approximating static analysis arepresented to the user. This technique has the important side-benefit of … 

         Title DSD-Crasher Dynamic, Static, Dynamic
           URL http://ranger.uta.edu/~csallner/talks/csallner06dsd-issta.pdf
     Citations 0
      Versions 2
      PDF link http://ranger.uta.edu/~csallner/talks/csallner06dsd-issta.pdf
 Versions list http://scholar.google.com/scholar?cluster=11383512774630025788&hl=en&as_sdt=0,5
       Excerpt … 19 Evaluation Goal is to find bugs, not to cover code (+) Static analysis already covers codeNimmer & Ernst 2002: Precision and recall (+) Great if you know perfect results (here: all bugs) …Eclat (DD) Does more than we look for Static analysis mostly random Page 25. Christoph … 

         Title DeepFuzzSL: Generating Simulink Models with Deep Learning to Find Bugs in the Simulink Toolchain
           URL http://ranger.uta.edu/~csallner/papers/Shrestha20DeepFuzzSL.pdf
          Year 2020
     Citations 3
      Versions 2
    Cluster ID 1761558683302976237
      PDF link http://ranger.uta.edu/~csallner/papers/Shrestha20DeepFuzzSL.pdf
Citations list http://scholar.google.com/scholar?cites=1761558683302976237&as_sdt=2005&sciodt=0,5&hl=en
 Versions list http://scholar.google.com/scholar?cluster=1761558683302976237&hl=en&as_sdt=0,5
       Excerpt … Our DeepFuzzSL prototype implementation and evaluation data are open source at GitHub[37] … We defined the model using Keras [9] and Tensorflow [1] and open sourced the projecton Github1 for other researchers to train on their own corpus … 

         Title Dynamic symbolic database application testing.
           URL http://scholar.google.com/https://citeseerx.ist.psu.edu/viewdoc/download?doi=10.1.1.169.8324&rep=rep1&type=pdf
          Year 2010
     Citations 35
      Versions 7
    Cluster ID 5026294741959238263
Citations list http://scholar.google.com/scholar?cites=5026294741959238263&as_sdt=2005&sciodt=0,5&hl=en
 Versions list http://scholar.google.com/scholar?cluster=5026294741959238263&hl=en&as_sdt=0,5
       Excerpt … Our key idea is that we can leverage dynamic symbolic execution to build database queryconstraints. We use a dynamic program analysis technique to build database queries asdynamic techniques are more precise than static analysis techniques … 

         Title Automatically finding bugs in a commercial cyber-physical system development tool chain with SLforge
           URL http://scholar.google.com/https://dl.acm.org/doi/abs/10.1145/3180155.3180231
          Year 2018
     Citations 20
      Versions 9
    Cluster ID 13233568143896964165
Citations list http://scholar.google.com/scholar?cites=13233568143896964165&as_sdt=2005&sciodt=0,5&hl=en
 Versions list http://scholar.google.com/scholar?cluster=13233568143896964165&hl=en&as_sdt=0,5
       Excerpt … To distinguish toy examples from more realistic models, we labeled the GitHub projects no userhas forked or marked a favorite … Using little engineering effort, SLforge's regular expression basedparser parsed block data-type and param- eter specifications for all built-in blocks … 

         Title CyFuzz: A differential testing framework for cyber-physical systems development environments
           URL http://scholar.google.com/https://link.springer.com/chapter/10.1007/978-3-319-51738-4_4
          Year 2016
     Citations 14
      Versions 5
    Cluster ID 9587319872997540671
Citations list http://scholar.google.com/scholar?cites=9587319872997540671&as_sdt=2005&sciodt=0,5&hl=en
 Versions list http://scholar.google.com/scholar?cluster=9587319872997540671&hl=en&as_sdt=0,5
       Excerpt … However, this is not generally true as demonstrated by recent random testing projects findingbugs in a static analysis tool (Frama-C … code, implementation and usage details, sample generatedmodels, and detailed experiment results are available at: https://github.com/verivital … 

         Title SLEMI: Equivalence modulo input (EMI) based mutation of CPS models for finding compiler bugs in Simulink
           URL http://scholar.google.com/https://ieeexplore.ieee.org/abstract/document/9283988/
          Year 2020
     Citations 5
      Versions 7
    Cluster ID 11063832695944488766
Citations list http://scholar.google.com/scholar?cites=11063832695944488766&as_sdt=2005&sciodt=0,5&hl=en
 Versions list http://scholar.google.com/scholar?cluster=11063832695944488766&hl=en&as_sdt=0,5
       Excerpt … SLforge. • All SLEMI code and evaluation data are open source1. 1Available:https://github.com/shafiul/slemi 2 BACKGROUND … the changes. SLEMI and allexperimentation data are open source and freely available at GitHub [11]. For … 

         Title A curated corpus of Simulink models for model-based empirical studies
           URL http://scholar.google.com/https://ieeexplore.ieee.org/abstract/document/8445079/
          Year 2018
     Citations 7
      Versions 4
    Cluster ID 12951585316679322060
Citations list http://scholar.google.com/scholar?cites=12951585316679322060&as_sdt=2005&sciodt=0,5&hl=en
 Versions list http://scholar.google.com/scholar?cluster=12951585316679322060&hl=en&as_sdt=0,5
       Excerpt … Besides, tools that operate on models (eg, static analysis, refactor- ing, and clone detection tools)often require models of sufficiently large size and structural complexity, partly to evaluate scalability[3]. Building a sufficiently large … https://github.com/verivital/ slsf_randgen/wiki … 

         Title A combinatorial approach to detecting buffer overflow vulnerabilities
           URL http://scholar.google.com/https://ieeexplore.ieee.org/abstract/document/5958225/
          Year 2011
     Citations 24
      Versions 6
    Cluster ID 11989772603602141722
Citations list http://scholar.google.com/scholar?cites=11989772603602141722&as_sdt=2005&sciodt=0,5&hl=en
 Versions list http://scholar.google.com/scholar?cluster=11989772603602141722&hl=en&as_sdt=0,5
       Excerpt … The first category is based on static analysis [6][30], which checks security properties byanalyzing the source code of a subject program, without executing the program … Static analysisis typically fast and can be used to prove properties about a program … 

         Title Reverse engineering mobile application user interfaces with remaui (t)
           URL http://scholar.google.com/https://ieeexplore.ieee.org/abstract/document/7372013/
          Year 2015
     Citations 97
      Versions 5
    Cluster ID 16387092700865078893
Citations list http://scholar.google.com/scholar?cites=16387092700865078893&as_sdt=2005&sciodt=0,5&hl=en
 Versions list http://scholar.google.com/scholar?cluster=16387092700865078893&hl=en&as_sdt=0,5
       Excerpt Page 1. Reverse Engineering Mobile Application User Interfaces With REMAUI TuanAnh Nguyen, Christoph Csallner Computer Science and Engineering DepartmentThe University of Texas at Arlington Arlington, TX 76019 … 

         Title Carfast: Achieving higher statement coverage faster
           URL http://scholar.google.com/https://dl.acm.org/doi/abs/10.1145/2393596.2393636
          Year 2012
     Citations 64
      Versions 8
    Cluster ID 9310205097787725934
Citations list http://scholar.google.com/scholar?cites=9310205097787725934&as_sdt=2005&sciodt=0,5&hl=en
 Versions list http://scholar.google.com/scholar?cluster=9310205097787725934&hl=en&as_sdt=0,5
       Excerpt … statement. In CarFast, static analysis is used to estimate how many state- ments arecontained in each branch … query. 3.4 Miscellaneous We implemented branch rankingusing Java static analysis and transformation engine called Soot [54] … 

