[query] http://scholar.google.com/scholar?as_q=&as_epq=%22findbugs%22%20OR%20%22spotbugs%22%20OR%20%22code%20review%22%20OR%20%22static%20analysis%22%20OR%20%22regex%22%20OR%20%22regular%20expression%22%20OR%20%22github%22%20OR%20%22pull%20requests%22&as_oq=&as_eq=&as_occt=any&as_sauthors=Christopher%20Vendome&as_publication=&as_ylo=&as_yhi=&as_vis=0&btnG=&hl=en&num=80&as_sdt=0%2C5
         Title License usage and changes: a large-scale study of java projects on github
           URL http://scholar.google.com/https://ieeexplore.ieee.org/abstract/document/7181450/
          Year 2015
     Citations 46
      Versions 14
    Cluster ID 13548549657561090047
Citations list http://scholar.google.com/scholar?cites=13548549657561090047&as_sdt=2005&sciodt=0,5&hl=en
 Versions list http://scholar.google.com/scholar?cluster=13548549657561090047&hl=en&as_sdt=0,5
       Excerpt Software licenses determine, from a legal point of view, under which conditions software can be integrated, used, and above all, redistributed. Licenses evolve over time to meet the needs of development communities and to cope with emerging legal issues and new …

         Title License usage and changes: a large-scale study on gitHub
           URL http://scholar.google.com/https://link.springer.com/article/10.1007/s10664-016-9438-4
          Year 2017
     Citations 27
      Versions 7
    Cluster ID 6467686720847834268
Citations list http://scholar.google.com/scholar?cites=6467686720847834268&as_sdt=2005&sciodt=0,5&hl=en
 Versions list http://scholar.google.com/scholar?cluster=6467686720847834268&hl=en&as_sdt=0,5
       Excerpt Open source software licenses determine, from a legal point of view, under which conditions software can be integrated and redistributed. The reason why developers of a project adopt (or change) a license may depend on various factors, eg, the need for ensuring compatibility …

         Title A large scale study of license usage on github
           URL http://scholar.google.com/https://ieeexplore.ieee.org/abstract/document/7203066/
          Year 2015
     Citations 22
      Versions 4
    Cluster ID 9891958965639122347
Citations list http://scholar.google.com/scholar?cites=9891958965639122347&as_sdt=2005&sciodt=0,5&hl=en
 Versions list http://scholar.google.com/scholar?cluster=9891958965639122347&hl=en&as_sdt=0,5
       Excerpt The open source community relies upon licensing in order to govern the distribution, modification, and reuse of existing code. These licenses evolve to better suit the requirements of the development communities and to cope with unaddressed or new legal …

         Title How developers detect and fix performance bottlenecks in android apps
           URL http://scholar.google.com/https://ieeexplore.ieee.org/abstract/document/7332486/
          Year 2015
     Citations 83
      Versions 10
    Cluster ID 14752080045865469033
Citations list http://scholar.google.com/scholar?cites=14752080045865469033&as_sdt=2005&sciodt=0,5&hl=en
 Versions list http://scholar.google.com/scholar?cluster=14752080045865469033&hl=en&as_sdt=0,5
       Excerpt … Additionally, we focused on open source Android apps hosted on GitHub … Robospock, Monkey,MonkeyRunner, Cloud-services Debugging Eclipse debugger, GDB, JDB, SQLLITE Explain QueryPlan, Nvidia Nsight Static Analysis Sonar, Lint, FindBugs, PMD GUI-based … 

         Title Automatically documenting unit test cases
           URL http://scholar.google.com/https://ieeexplore.ieee.org/abstract/document/7515485/
          Year 2016
     Citations 41
      Versions 10
    Cluster ID 944912797579534679
Citations list http://scholar.google.com/scholar?cites=944912797579534679&as_sdt=2005&sciodt=0,5&hl=en
 Versions list http://scholar.google.com/scholar?cluster=944912797579534679&hl=en&as_sdt=0,5
       Excerpt … UnitTestScribe is a novel combination of static analysis, natural language processing, backwardslicing, and code … We identified all of the C# projects on GitHub through GitHub's public API [1 …project and sorted the unique email addresses that followed a regex format validation ˆ … 

         Title How Do Modelers Code Artificial Societies? Investigating Practices and Quality of Netlogo Codes from Large Repositories
           URL http://scholar.google.com/https://ieeexplore.ieee.org/abstract/document/9185419/
          Year 2020
     Citations 2
      Versions 3
    Cluster ID 6681991020853360536
Citations list http://scholar.google.com/scholar?cites=6681991020853360536&as_sdt=2005&sciodt=0,5&hl=en
 Versions list http://scholar.google.com/scholar?cluster=6681991020853360536&hl=en&as_sdt=0,5
       Excerpt … Box 1. Search terms used for GitHub … In software development, the process of vetting code beforeit is merged into a codebase is known as Code Review. During this process, the code undergoesautomated static analysis as well as manual analysis to enforce its quality (eg … 

         Title When and why developers adopt and change software licenses
           URL http://scholar.google.com/https://ieeexplore.ieee.org/abstract/document/7332449/
          Year 2015
     Citations 34
      Versions 12
    Cluster ID 11367753962130479003
Citations list http://scholar.google.com/scholar?cites=11367753962130479003&as_sdt=2005&sciodt=0,5&hl=en
 Versions list http://scholar.google.com/scholar?cluster=11367753962130479003&hl=en&as_sdt=0,5
       Excerpt … Additionally, we explore the licensing-related problems that developers experiencedand expectations they have for licensing support from forges (eg, GitHub) … SinceGitHub has been 36 Page 7. TABLE III SURVEY RESULTS … 

         Title How do developers document database usages in source code?(n)
           URL http://scholar.google.com/https://ieeexplore.ieee.org/abstract/document/7371993/
          Year 2015
     Citations 22
      Versions 14
    Cluster ID 18400359565445055397
Citations list http://scholar.google.com/scholar?cites=18400359565445055397&as_sdt=2005&sciodt=0,5&hl=en
 Versions list http://scholar.google.com/scholar?cluster=18400359565445055397&hl=en&as_sdt=0,5
       Excerpt … We used GitHub's public API [30] to extract all Java projects and locally clone them … We extractedthe devel- opers of each project and filtered their emails down to 12,887 by removing emailscontaining @(none) and @localhost as well as using a regular expression to enforce … 

         Title Crashscope: A practical tool for automated testing of android applications
           URL http://scholar.google.com/https://ieeexplore.ieee.org/abstract/document/7965246/
          Year 2017
     Citations 47
      Versions 9
    Cluster ID 5849808940958038292
Citations list http://scholar.google.com/scholar?cites=5849808940958038292&as_sdt=2005&sciodt=0,5&hl=en
 Versions list http://scholar.google.com/scholar?cluster=5849808940958038292&hl=en&as_sdt=0,5
       Excerpt … The first step the Execution Engine performs in the testing process is static analysis of thesubmitted app to identify contextual features (Figure 1- 1 ). To do this it either utilizes theuser-uploaded source code of the app, if it was provided, or attempts to decompile the app using … 

         Title How developers micro-optimize Android apps (journal-first abstract)
           URL http://scholar.google.com/https://ieeexplore.ieee.org/abstract/document/8330236/
          Year 2018
     Citations 0
      Versions 2
 Versions list http://scholar.google.com/scholar?cluster=10639603724932291715&hl=en&as_sdt=0,5
       Excerpt … Additionally, a number of static analysis tools, such as Lint, PMD, FindBugs, PerfChecker [2 … ofmicro- optimization opportunities in change histories of open source Android apps; in particular,we mined the change histories of 3,513 Android apps hosted on GitHub to identify … 

         Title Assisting developers with license compliance
           URL http://scholar.google.com/https://ieeexplore.ieee.org/abstract/document/7883409/
          Year 2016
     Citations 9
      Versions 2
    Cluster ID 3096569498028234377
Citations list http://scholar.google.com/scholar?cites=3096569498028234377&as_sdt=2005&sciodt=0,5&hl=en
 Versions list http://scholar.google.com/scholar?cluster=3096569498028234377&hl=en&as_sdt=0,5
       Excerpt … We conducted a survey with 138 developers of open source projects hosted on GitHub that hadexperienced license changes to files within the revision history [19] … 5. REFERENCES [1] Report:Github more popular than sourceforge and google code http://tinyurl.com/62xaqv3 … 

         Title A multi-study investigation into dead code
           URL http://scholar.google.com/https://ieeexplore.ieee.org/abstract/document/8370748/
          Year 2018
     Citations 7
      Versions 2
    Cluster ID 4580809937362848224
Citations list http://scholar.google.com/scholar?cites=4580809937362848224&as_sdt=2005&sciodt=0,5&hl=en
 Versions list http://scholar.google.com/scholar?cluster=4580809937362848224&hl=en&as_sdt=0,5
       Excerpt … The study focused on open-source Java GUI- based4 applications hosted in GitHub.5 As an initialfilter- ing, we looked for Java projects that had at least a fork, a star, or a watcher (ie, the projectswere not abandoned), and were not a fork (ie, the projects were not duplicated) … 

         Title Aiding comprehension of unit test cases and test suites with stereotype-based tagging
           URL http://scholar.google.com/https://dl.acm.org/doi/abs/10.1145/3196321.3196339
          Year 2018
     Citations 7
      Versions 7
    Cluster ID 8783049869405049712
Citations list http://scholar.google.com/scholar?cites=8783049869405049712&as_sdt=2005&sciodt=0,5&hl=en
 Versions list http://scholar.google.com/scholar?cluster=8783049869405049712&hl=en&as_sdt=0,5
       Excerpt … contributions: (i) a catalog of 21 stereotypes for methods in unit tests that extensively considerthe JUnit API, external/internal inter-procedure calls, and control/data-flows in unit test methods;(ii) a static analysis-based approach for … 1https://github.com/boyangwm/TestStereotype … 

         Title How developers micro-optimize android apps
           URL http://scholar.google.com/https://www.sciencedirect.com/science/article/pii/S016412121730081X
          Year 2017
     Citations 19
      Versions 2
    Cluster ID 13614411671143079077
Citations list http://scholar.google.com/scholar?cites=13614411671143079077&as_sdt=2005&sciodt=0,5&hl=en
 Versions list http://scholar.google.com/scholar?cluster=13614411671143079077&hl=en&as_sdt=0,5
       Excerpt … First, we measured the persistence of micro-optimization opportunities 1 in change histories ofopen source Android apps; in particular, we mined the change histories of 3513 Android appshosted on GitHub to identify the … Static analysis tools such as (Findbugs, Pmd, Lint … 

         Title License usage and changes: a large-scale study on gitHub
           URL http://scholar.google.com/https://iris.unisannio.it/handle/20.500.12070/681
          Year 2017
     Citations 0
      Versions 0
       Excerpt IRIS è la soluzione IT che facilita la raccolta e la gestione dei dati relativi alle attività e ai prodotti della ricerca. Fornisce a ricercatori, amministratori e valutatori gli strumenti per monitorare i risultati della ricerca, aumentarne la visibilità e allocare in modo efficace le risorse disponibili … License …

         Title Enabling mutation testing for android apps
           URL http://scholar.google.com/https://dl.acm.org/doi/abs/10.1145/3106237.3106275
          Year 2017
     Citations 54
      Versions 13
    Cluster ID 13679018981911781934
Citations list http://scholar.google.com/scholar?cites=13679018981911781934&as_sdt=2005&sciodt=0,5&hl=en
 Versions list http://scholar.google.com/scholar?cluster=13679018981911781934&hl=en&as_sdt=0,5
       Excerpt … We utilized a web crawler to mine the GitHub issue trackers … inner class [3] Override methodmissing [2] Super not called [1] Date issues [2] Error in loop limit [1] Exception/Error handling[3] Invalid constant [2] Missing break in switch [1] Syntax Error [18] Regex error [1] Wrong … 

         Title Toward deep learning software repositories
           URL http://scholar.google.com/https://ieeexplore.ieee.org/abstract/document/7180092/
          Year 2015
     Citations 249
      Versions 11
    Cluster ID 123190306529193144
Citations list http://scholar.google.com/scholar?cites=123190306529193144&as_sdt=2005&sciodt=0,5&hl=en
 Versions list http://scholar.google.com/scholar?cluster=123190306529193144&hl=en&as_sdt=0,5
       Excerpt … A. Methodology and Data Collection To build the corpora for our study, we used the JFlexscanner generator [59], which was packaged with a full Java lexical analyzer, to tokenize thesource code in a repository of 16,221 Java projects cloned from GitHub … 

         Title Machine learning-based detection of open source license exceptions
           URL http://scholar.google.com/https://ieeexplore.ieee.org/abstract/document/7985655/
          Year 2017
     Citations 21
      Versions 3
    Cluster ID 18263964237098834289
Citations list http://scholar.google.com/scholar?cites=18263964237098834289&as_sdt=2005&sciodt=0,5&hl=en
 Versions list http://scholar.google.com/scholar?cluster=18263964237098834289&hl=en&as_sdt=0,5
       Excerpt … In particular, we analyzed the source code of 51,754 projects written in six differentprogramming languages (Ruby, Javascript, Python, C, C++, & Cit) and hosted on GitHub,looking for usages of the license exceptions reported in the SPDX list [14] … 

         Title Automatically discovering, reporting and reproducing android application crashes
           URL http://scholar.google.com/https://ieeexplore.ieee.org/abstract/document/7515457/
          Year 2016
     Citations 152
      Versions 9
    Cluster ID 10134172362230117358
Citations list http://scholar.google.com/scholar?cites=10134172362230117358&as_sdt=2005&sciodt=0,5&hl=en
 Versions list http://scholar.google.com/scholar?cluster=10134172362230117358&hl=en&as_sdt=0,5
       Excerpt … Our approach builds upon prior research in automated input generation for mobile apps, andimplements several exploration strategies, informed by lightweight static analysis that are ableto effectively detect crashes and exceptions; 2) We perform a detailed evaluation of the … 

         Title Enabling Mutant Generation for Open-and Closed-Source Android Apps
           URL http://scholar.google.com/https://ieeexplore.ieee.org/abstract/document/9052435/
          Year 2020
     Citations 3
      Versions 2
    Cluster ID 15564928227959245190
Citations list http://scholar.google.com/scholar?cites=15564928227959245190&as_sdt=2005&sciodt=0,5&hl=en
 Versions list http://scholar.google.com/scholar?cluster=15564928227959245190&hl=en&as_sdt=0,5
       Excerpt … tasks. Li et al. [67] summarize those efforts in a systematic literature review ofapproaches for static analysis of An- droid Packages. In … apps. We mined the issuetrackers of 16,331 open source Android apps hosted on GitHub. Such … 

