[query] http://scholar.google.com/scholar?as_q=&as_epq=%22findbugs%22%20OR%20%22spotbugs%22%20OR%20%22code%20review%22%20OR%20%22static%20analysis%22%20OR%20%22regex%22%20OR%20%22regular%20expression%22%20OR%20%22github%22%20OR%20%22pull%20requests%22&as_oq=&as_eq=&as_occt=any&as_sauthors=Cody%20Watson&as_publication=&as_ylo=&as_yhi=&as_vis=0&btnG=&hl=en&num=80&as_sdt=0%2C5
         Title On learning meaningful code changes via neural machine translation
           URL http://scholar.google.com/https://ieeexplore.ieee.org/abstract/document/8811910/
          Year 2019
     Citations 52
      Versions 5
    Cluster ID 11592894242454652416
Citations list http://scholar.google.com/scholar?cites=11592894242454652416&as_sdt=2005&sciodt=0,5&hl=en
 Versions list http://scholar.google.com/scholar?cluster=11592894242454652416&hl=en&as_sdt=0,5
       Excerpt … For instance, at the time of writing this paper, GitHub alone hosted 100M repositories, with over200M merged pull requests (PRs) and 2B commits … We mine three large Gerrit [17] code reviewrepositories, namely Android [14], Google Source [15], and Ovirt [16] … 

         Title An empirical investigation into learning bug-fixing patches in the wild via neural machine translation
           URL http://scholar.google.com/https://dl.acm.org/doi/abs/10.1145/3238147.3240732
          Year 2018
     Citations 47
      Versions 7
    Cluster ID 17594308332993784556
Citations list http://scholar.google.com/scholar?cites=17594308332993784556&as_sdt=2005&sciodt=0,5&hl=en
 Versions list http://scholar.google.com/scholar?cluster=17594308332993784556&hl=en&as_sdt=0,5
       Excerpt … We mine millions of bug-fixes from the change histories of GitHub reposi- tories to extractmeaningful examples of such bug-fixes … M. Tufano, C. Watson, G. Bavota, M. Di Penta, M. White,D. Poshyvanyk We start by mining a large set of (∼ 787k) bug-fixing commits from GitHub … 

         Title An empirical study on learning bug-fixing patches in the wild via neural machine translation
           URL http://scholar.google.com/https://dl.acm.org/doi/abs/10.1145/3340544
          Year 2019
     Citations 34
      Versions 5
    Cluster ID 3376485205410220325
Citations list http://scholar.google.com/scholar?cites=3376485205410220325&as_sdt=2005&sciodt=0,5&hl=en
 Versions list http://scholar.google.com/scholar?cluster=3376485205410220325&hl=en&as_sdt=0,5
       Excerpt … First, we mine millions of bug-fixes from the change histories of projects hosted on GitHub in orderto extract meaningful examples of such bug- fixes … Forges like GitHub provide a plethora of changehistory and bug-fixing commits from a large number of software projects … 

         Title Learning how to mutate source code from bug-fixes
           URL http://scholar.google.com/https://ieeexplore.ieee.org/abstract/document/8919234/
          Year 2019
     Citations 13
      Versions 6
    Cluster ID 17260537742452186971
Citations list http://scholar.google.com/scholar?cites=17260537742452186971&as_sdt=2005&sciodt=0,5&hl=en
 Versions list http://scholar.google.com/scholar?cluster=17260537742452186971&hl=en&as_sdt=0,5
       Excerpt … A. Bug-Fixes Mining We downloaded the GitHub Archive [41] containing every public GitHubevent between March 2011 and October … matching our pattern are necessarily related to correctivemaintenance [42], [43], we assessed the precision of the regular expression used to … 

         Title On learning meaningful assert statements for unit test cases
           URL http://scholar.google.com/https://dl.acm.org/doi/abs/10.1145/3377811.3380429
          Year 2020
     Citations 11
      Versions 6
    Cluster ID 15508639694953309198
Citations list http://scholar.google.com/scholar?cites=15508639694953309198&as_sdt=2005&sciodt=0,5&hl=en
 Versions list http://scholar.google.com/scholar?cluster=15508639694953309198&hl=en&as_sdt=0,5
       Excerpt … We applied A to thousands of test methods from GitHub projects and it was able to predict theexact assert statement manually written by developers in 31% of the cases when only consideringthe top- 1 predicted assert … GitHub Test Methods Datasets Mine JUnit test methods 2 … 

         Title DeepMutation: a neural mutation tool
           URL http://scholar.google.com/https://ieeexplore.ieee.org/abstract/document/9270362/
          Year 2020
     Citations 0
      Versions 7
 Versions list http://scholar.google.com/scholar?cluster=5230146041992822196&hl=en&as_sdt=0,5
       Excerpt … Overall, the major contributions of the paper are: • The design and release of DeepMutation, thefirst mutation tool based on an NMT model; • The tool is available as open source on GitHub[1]; • The summary of the evaluation we performed for the muta- tion approach behind … 

         Title Detecting and summarizing GUI changes in evolving mobile apps
           URL http://scholar.google.com/https://dl.acm.org/doi/abs/10.1145/3238147.3238203
          Year 2018
     Citations 16
      Versions 7
    Cluster ID 15078864496628184637
Citations list http://scholar.google.com/scholar?cites=15078864496628184637&as_sdt=2005&sciodt=0,5&hl=en
 Versions list http://scholar.google.com/scholar?cluster=15078864496628184637&hl=en&as_sdt=0,5
       Excerpt … Some examples of GUI-changes between subsequent app versions of the popular FastHub GitHubclient are illustrated in Figure 2. For example, the “Access Token" TextView component exhibitsa Layout Change, whereas the the “Enterprise" TextView component represents … 

         Title Deep learning similarities from different representations of source code
           URL http://scholar.google.com/https://ieeexplore.ieee.org/abstract/document/8595238/
          Year 2018
     Citations 61
      Versions 6
    Cluster ID 16112781923492656055
Citations list http://scholar.google.com/scholar?cites=16112781923492656055&as_sdt=2005&sciodt=0,5&hl=en
 Versions list http://scholar.google.com/scholar?cluster=16112781923492656055&hl=en&as_sdt=0,5
       Excerpt Page 1. Deep Learning Similarities from Different Representations of Source Code Michele TufanoCollege of William and Mary Williamsburg, Virginia, USA mtufano@cs.wm.edu Cody WatsonCollege of William and Mary Williamsburg, Virginia, USA cawatson@cs.wm.edu … 

         Title Deep Learning in Software Engineering
           URL http://scholar.google.com/https://scholarworks.wm.edu/etd/1616444371/
          Year 2020
     Citations 3
      Versions 2
    Cluster ID 2549192825038577993
Citations list http://scholar.google.com/scholar?cites=2549192825038577993&as_sdt=2005&sciodt=0,5&hl=en
 Versions list http://scholar.google.com/scholar?cluster=2549192825038577993&hl=en&as_sdt=0,5
       Excerpt … 126 iv Page 10. 5.2 Approach . . . . . 129 5.2.1 GitHub Mining . . . . . 130 5.2.2 MethodExtraction . . . . . 131 5.2.3 Identifying Focal Methods . . . . . 132 … 

         Title A Systematic Literature Review on the Use of Deep Learning in Software Engineering Research
           URL http://scholar.google.com/https://arxiv.org/abs/2009.06520
          Year 2020
     Citations 0
      Versions 2
 Versions list http://scholar.google.com/scholar?cluster=16629379800319191892&hl=en&as_sdt=0,5
       Excerpt Page 1. ### A Systematic Literature Review on the Use of Deep Learning in SoftwareEngineering Research CODY WATSON, Washington & Lee University NATHANCOOPER, William & Mary DAVID NADER PALACIO, William … 

