[query] http://scholar.google.com/scholar?as_q=&as_epq=%22findbugs%22%20OR%20%22spotbugs%22%20OR%20%22code%20review%22%20OR%20%22static%20analysis%22%20OR%20%22regex%22%20OR%20%22regular%20expression%22%20OR%20%22github%22%20OR%20%22pull%20requests%22&as_oq=&as_eq=&as_occt=any&as_sauthors=Collin%20McMillan&as_publication=&as_ylo=&as_yhi=&as_vis=0&btnG=&hl=en&num=80&as_sdt=0%2C5
         Title Automatically generating commit messages from diffs using neural machine translation
           URL http://scholar.google.com/https://ieeexplore.ieee.org/abstract/document/8115626/
          Year 2017
     Citations 110
      Versions 6
    Cluster ID 3851560887104101513
Citations list http://scholar.google.com/scholar?cites=3851560887104101513&as_sdt=2005&sciodt=0,5&hl=en
 Versions list http://scholar.google.com/scholar?cluster=3851560887104101513&hl=en&as_sdt=0,5
       Excerpt … We trained an NMT algorithm using a corpus of diffs and human-written commit messagesfrom the top 1k Github projects … The practice is extremely common: for this paper alone, weobtained over 2M diffs and messages from just 1k projects on GitHub … 

         Title AudioHighlight: Code skimming for blind programmers
           URL http://scholar.google.com/https://ieeexplore.ieee.org/abstract/document/8530030/
          Year 2018
     Citations 7
      Versions 2
    Cluster ID 6796344429702297153
Citations list http://scholar.google.com/scholar?cites=6796344429702297153&as_sdt=2005&sciodt=0,5&hl=en
 Versions list http://scholar.google.com/scholar?cluster=6796344429702297153&hl=en&as_sdt=0,5
       Excerpt … Code skimming has been shown to be integral to the code comprehension process [2], [1], [3]. Asa result, code skimming plays a role in other processes such as feature location [4], code review[5], and API learning [6]. Blind … Project hosting sites such as Github allow … 

         Title Combining textual and structural analysis of software artifacts for traceability link recovery
           URL http://scholar.google.com/https://ieeexplore.ieee.org/abstract/document/5069582/
          Year 2009
     Citations 111
      Versions 14
    Cluster ID 5805698312320536300
Citations list http://scholar.google.com/scholar?cites=5805698312320536300&as_sdt=2005&sciodt=0,5&hl=en
 Versions list http://scholar.google.com/scholar?cluster=5805698312320536300&hl=en&as_sdt=0,5
       Excerpt … Finally, related work and conclusions are outlined in Sections 6 and 7 respectively. 2.Background In this section, we provide essential background information on the tools weuse for textual and static analysis of software artifacts. 2.1. Textual analysis … 

         Title Toward Robust and Extensible Automatic Protocol Identification.
           URL http://scholar.google.com/https://www.researchgate.net/profile/Christopher_Markiewicz/publication/220968360_Toward_Robust_and_Extensible_Automatic_Protocol_Identification/links/5790f20408ae4e917d0467ef/Toward-Robust-and-Extensible-Automatic-Protocol-Identification.pdf
          Year 2009
     Citations 1
      Versions 2
    Cluster ID 10623245544074011891
      PDF link http://scholar.google.com/https://www.researchgate.net/profile/Christopher_Markiewicz/publication/220968360_Toward_Robust_and_Extensible_Automatic_Protocol_Identification/links/5790f20408ae4e917d0467ef/Toward-Robust-and-Extensible-Automatic-Protocol-Identification.pdf
Citations list http://scholar.google.com/scholar?cites=10623245544074011891&as_sdt=2005&sciodt=0,5&hl=en
 Versions list http://scholar.google.com/scholar?cluster=10623245544074011891&hl=en&as_sdt=0,5
       Excerpt … However, their method was not extended beyond peer-to-peer applications, relied uponspecialized hardware, and only inspected traffic on a packet-by-packet basis [7]. A free and opensource tool called l7filter, a regular- expression based classifier plugin for Netfilter (the … 

         Title Adapting neural text classification for improved software categorization
           URL http://scholar.google.com/https://ieeexplore.ieee.org/abstract/document/8530052/
          Year 2018
     Citations 14
      Versions 6
    Cluster ID 7484458144472410832
Citations list http://scholar.google.com/scholar?cites=7484458144472410832&as_sdt=2005&sciodt=0,5&hl=en
 Versions list http://scholar.google.com/scholar?cluster=7484458144472410832&hl=en&as_sdt=0,5
       Excerpt … New projects added to an open- source repository may have only the source code available(a problem GitHub has faced during automatic tagging [19]), and commercial repositories mayhave many projects with only limited related text information such as legacy code [8]. We … 

         Title Automatic documentation generation via source code summarization of method context
           URL http://scholar.google.com/https://dl.acm.org/doi/abs/10.1145/2597008.2597149
          Year 2014
     Citations 171
      Versions 5
    Cluster ID 3443178335565011403
Citations list http://scholar.google.com/scholar?cites=3443178335565011403&as_sdt=2005&sciodt=0,5&hl=en
 Versions list http://scholar.google.com/scholar?cluster=3443178335565011403&hl=en&as_sdt=0,5
       Excerpt … For example, “skips whitespace in character streams.” We create these messages from thenoun/verb labeling of identifier names 2Generated using java-callgraph, available via https://github.com/gousiosg/java-callgraph, verified 9/12/2013 Figure 2: Overview of our approach … 

         Title A neural model for generating natural language summaries of program subroutines
           URL http://scholar.google.com/https://ieeexplore.ieee.org/abstract/document/8811932/
          Year 2019
     Citations 47
      Versions 6
    Cluster ID 4121251697249515029
Citations list http://scholar.google.com/scholar?cites=4121251697249515029&as_sdt=2005&sciodt=0,5&hl=en
 Versions list http://scholar.google.com/scholar?cluster=4121251697249515029&hl=en&as_sdt=0,5
       Excerpt … We considered updating the repository with new downloads from GitHub, but we found that theSourcerer dataset was quite thorough, leading to a large amount of overlap with newer projectsthat could not be eliminated (due to name changes, code cloning, etc.) … 

         Title Automatic source code summarization of context for java methods
           URL http://scholar.google.com/https://ieeexplore.ieee.org/abstract/document/7181703/
          Year 2015
     Citations 91
      Versions 6
    Cluster ID 16412071708587480949
Citations list http://scholar.google.com/scholar?cites=16412071708587480949&as_sdt=2005&sciodt=0,5&hl=en
 Versions list http://scholar.google.com/scholar?cluster=16412071708587480949&hl=en&as_sdt=0,5
       Excerpt … 2. Generated using java-callgraph, available via https://github. com/gousiosg/java-callgraph,verified 9/12/2013 106 IEEE TRANSACTIONS ON SOFTWARE ENGINEERING, VOL. 42, NO.2, FEBRUARY 2016 Page 5. Another type of message is the Importance Message … 

         Title Improved code summarization via a graph neural network
           URL http://scholar.google.com/https://dl.acm.org/doi/abs/10.1145/3387904.3389268
          Year 2020
     Citations 27
      Versions 4
    Cluster ID 9075065891024478588
Citations list http://scholar.google.com/scholar?cites=9075065891024478588&as_sdt=2005&sciodt=0,5&hl=en
 Versions list http://scholar.google.com/scholar?cluster=9075065891024478588&hl=en&as_sdt=0,5
       Excerpt Page 1. Improved Code Summarization via a Graph Neural Network Alexander LeClairaleclair@nd.edu University of Notre Dame South Bend, IN Sakib Haqueshaque@nd.edu University of Notre Dame South Bend, IN Lingfei … 

         Title Towards automatic generation of short summaries of commits
           URL http://scholar.google.com/https://ieeexplore.ieee.org/abstract/document/7961530/
          Year 2017
     Citations 30
      Versions 7
    Cluster ID 2312436303879291547
Citations list http://scholar.google.com/scholar?cites=2312436303879291547&as_sdt=2005&sciodt=0,5&hl=en
 Versions list http://scholar.google.com/scholar?cluster=2312436303879291547&hl=en&as_sdt=0,5
       Excerpt … Second, we obtained all the commits from the top 1,000 popular Java projects in Github(due to space limit, we put the details on our online appendix, Section I). Then, we filteredthe commit messages that are empty or have non-English letters … 

         Title Improved automatic summarization of subroutines via attention to file context
           URL http://scholar.google.com/https://dl.acm.org/doi/abs/10.1145/3379597.3387449
          Year 2020
     Citations 12
      Versions 4
    Cluster ID 7671769364096977513
Citations list http://scholar.google.com/scholar?cites=7671769364096977513&as_sdt=2005&sciodt=0,5&hl=en
 Versions list http://scholar.google.com/scholar?cluster=7671769364096977513&hl=en&as_sdt=0,5
       Excerpt … behave as we envision. To create an output prediction, we concatenate the attention-adjusted matrices from all three encoder inputs and the decoder 1https://github.com/tensorflow/tensorflow/issues/17009 input and use a fully … 

         Title Detecting speech act types in developer question/answer conversations during bug repair
           URL http://scholar.google.com/https://dl.acm.org/doi/abs/10.1145/3236024.3236031
          Year 2018
     Citations 19
      Versions 5
    Cluster ID 17779556124540139974
Citations list http://scholar.google.com/scholar?cites=17779556124540139974&as_sdt=2005&sciodt=0,5&hl=en
 Versions list http://scholar.google.com/scholar?cluster=17779556124540139974&hl=en&as_sdt=0,5
       Excerpt Page 1. Detecting Speech Act Types in Developer Question/Answer Conversationsduring Bug Repair Andrew Wood University of Notre Dame Notre Dame, Indiana,USA awood7@nd.edu Paige Rodeghero Clemson University … 

         Title Automated feature discovery via sentence selection and source code summarization
           URL http://scholar.google.com/https://onlinelibrary.wiley.com/doi/abs/10.1002/smr.1768
          Year 2016
     Citations 9
      Versions 5
    Cluster ID 3887941174943767921
Citations list http://scholar.google.com/scholar?cites=3887941174943767921&as_sdt=2005&sciodt=0,5&hl=en
 Versions list http://scholar.google.com/scholar?cluster=3887941174943767921&hl=en&as_sdt=0,5
       Excerpt … https://github.com/davidadamojr This implementation returns a 100‐word summary ofthe body of text selected from the highest‐rated sentences … https://github.com/davidadamojr/TextRank TextRank creates a summary of the sentence list … 

         Title Action Word Prediction for Neural Source Code Summarization
           URL http://scholar.google.com/https://arxiv.org/abs/2101.02742
          Year 2021
     Citations 1
      Versions 2
    Cluster ID 10324124296309833136
Citations list http://scholar.google.com/scholar?cites=10324124296309833136&as_sdt=2005&sciodt=0,5&hl=en
 Versions list http://scholar.google.com/scholar?cluster=10324124296309833136&hl=en&as_sdt=0,5
       Excerpt … We build our case in this section based on analysis of state-of-the-art techniques overa curated dataset of over 2.1m Java method summaries [52] as well as 1.1m C/C++function summaries that we collected from GitHub for this paper … 

         Title The Apiza Corpus: API Usage Dialogues with a Simulated Virtual Assistant
           URL http://scholar.google.com/https://arxiv.org/abs/2001.09925
          Year 2001
     Citations 2
      Versions 2
    Cluster ID 17441394857196013901
Citations list http://scholar.google.com/scholar?cites=17441394857196013901&as_sdt=2005&sciodt=0,5&hl=en
 Versions list http://scholar.google.com/scholar?cluster=17441394857196013901&hl=en&as_sdt=0,5
       Excerpt … 4 DATA REPOSITORY To facilitate reproducibility and future research, we have made all datarelated to the experimental design, experimental results, and dialogue act annotations availablevia an online repository: https://github.com/ApizaCorpus/ApizaCorpus Page 4 … 

         Title Project-Level Encoding for Neural Source Code Summarization of Subroutines
           URL http://scholar.google.com/https://arxiv.org/abs/2103.11599
          Year 2021
     Citations 0
      Versions 2
 Versions list http://scholar.google.com/scholar?cluster=8677346069388619536&hl=en&as_sdt=0,5
       Excerpt … We do not use datasets from other papers because they tend to be drawn from the sameset of projects on online, open- source repositories (namely, Github), they tend to be smaller,and they are not vetted to the degree as this Java dataset … 

         Title Automatically Extracting Subroutine Summary Descriptions from Unstructured Comments
           URL http://scholar.google.com/https://ieeexplore.ieee.org/abstract/document/9054789/
          Year 2020
     Citations 2
      Versions 6
    Cluster ID 10594028077270871384
Citations list http://scholar.google.com/scholar?cites=10594028077270871384&as_sdt=2005&sciodt=0,5&hl=en
 Versions list http://scholar.google.com/scholar?cluster=10594028077270871384&hl=en&as_sdt=0,5
       Excerpt Page 1. Automatically Extracting Subroutine Summary Descriptions from Unstructured CommentsZachary Eberhart, Alexander LeClair, and Collin McMillan Department of Computer ScienceUniversity of Notre Dame Notre Dame, IN, USA 1zeberhar, aleclair, cmcl@nd.edu … 

         Title A Neural Question Answering System for Basic Questions about Subroutines
           URL http://scholar.google.com/https://arxiv.org/abs/2101.03999
          Year 2021
     Citations 0
      Versions 2
 Versions list http://scholar.google.com/scholar?cluster=16278450047197266453&hl=en&as_sdt=0,5
       Excerpt Page 1. A Neural Question Answering System for Basic Questions about SubroutinesAakash Bansal∗, Zachary Eberhart∗, Lingfei Wu† and Collin McMillan∗ ∗ Dept.of Computer Science, University of Notre Dame, Notre Dame … 

         Title A Wizard of Oz Study Simulating API Usage Dialogues with a Virtual Assistant
           URL http://scholar.google.com/https://ieeexplore.ieee.org/abstract/document/9272865/
          Year 2020
     Citations 0
      Versions 2
 Versions list http://scholar.google.com/scholar?cluster=15902828676576183781&hl=en&as_sdt=0,5
       Excerpt … Dame, IN 46556. E-mail: zeberhar, abansal1, cmc@nd.edu • This paper hassupplementary downloadable multimedia material available at https://github.com/ApizaCorpus/ApizaCorpus provided by the authors. This includes … 

         Title Towards prioritizing documentation effort
           URL http://scholar.google.com/https://ieeexplore.ieee.org/abstract/document/7953505/
          Year 2017
     Citations 17
      Versions 8
    Cluster ID 3353405499184357411
Citations list http://scholar.google.com/scholar?cites=3353405499184357411&as_sdt=2005&sciodt=0,5&hl=en
 Versions list http://scholar.google.com/scholar?cluster=3353405499184357411&hl=en&as_sdt=0,5
       Excerpt Page 1. Towards Prioritizing Documentation Effort PaulW.McBurney,SiyuanJiang,MarouaneKessentini ,NicholasA.Kraft, Ameer Armaly , Mohamed Wiem Mkaouer,and Collin McMillan Abstract—Programmers need documentation … 

