[query] http://scholar.google.com/scholar?as_q=&as_epq=%22findbugs%22%20OR%20%22spotbugs%22%20OR%20%22code%20review%22%20OR%20%22static%20analysis%22%20OR%20%22regex%22%20OR%20%22regular%20expression%22%20OR%20%22github%22%20OR%20%22pull%20requests%22&as_oq=&as_eq=&as_occt=any&as_sauthors=Corina%20S%20Pasareanu&as_publication=&as_ylo=&as_yhi=&as_vis=0&btnG=&hl=en&num=80&as_sdt=0%2C5
         Title Symbolic pathfinder for SV-COMP
           URL http://scholar.google.com/https://link.springer.com/chapter/10.1007/978-3-030-17502-3_21
          Year 2019
     Citations 8
      Versions 2
    Cluster ID 7523194813640786667
Citations list http://scholar.google.com/scholar?cites=7523194813640786667&as_sdt=2005&sciodt=0,5&hl=en
 Versions list http://scholar.google.com/scholar?cluster=7523194813640786667&hl=en&as_sdt=0,5
       Excerpt … SPF uses several constraint solvers and decision procedures, most notably Z3 and Z3bitvector,which are available from https://github.com/Z3Prover/z3 … 4 Tool Setup and Configuration. SymbolicPathFinder is available at https://github.com/SymbolicPathFinder/jpf-symbc … 

         Title Badger: complexity analysis with fuzzing and symbolic execution
           URL http://scholar.google.com/https://dl.acm.org/doi/abs/10.1145/3213846.3213868
          Year 2018
     Citations 28
      Versions 6
    Cluster ID 10042221243136806725
Citations list http://scholar.google.com/scholar?cites=10042221243136806725&as_sdt=2005&sciodt=0,5&hl=en
 Versions list http://scholar.google.com/scholar?cluster=10042221243136806725&hl=en&as_sdt=0,5
       Excerpt … our experiments and to make our tool publicly available, we have released Badger and allevaluation artifacts on GitHub: https://github.com/isstac … ID Subject ID Subject 1 Insertion Sort 4Hash Table 2 Quicksort 5 Compression 3a RegEx (fixed input) 6 Image Processor 3b RegEx … 

         Title DifFuzz: differential fuzzing for side-channel analysis
           URL http://scholar.google.com/https://ieeexplore.ieee.org/abstract/document/8812124/
          Year 2019
     Citations 23
      Versions 15
    Cluster ID 3583925244550534380
Citations list http://scholar.google.com/scholar?cites=3583925244550534380&as_sdt=2005&sciodt=0,5&hl=en
 Versions list http://scholar.google.com/scholar?cluster=3583925244550534380&hl=en&as_sdt=0,5
       Excerpt … For the first set of benchmarks, we compare DIFFUZZ with BLAZER [8] and THEMIS [14], twostate-of-the-art static analysis tools for detecting side-channel vulnerabilities in … Our tool and thebenchmarks are avail- able at our GitHub repository: https://github.com/isstac/diffuzz … 

         Title POSTER: AFL-based Fuzzing for Java with Kelinci
           URL http://scholar.google.com/https://dl.acm.org/doi/abs/10.1145/3133956.3138820
          Year 2017
     Citations 24
      Versions 0
    Cluster ID 8130227224624869683
Citations list http://scholar.google.com/scholar?cites=8130227224624869683&as_sdt=2005&sciodt=0,5&hl=en
       Excerpt … An extensive list of tools can be found here: https://github.com/secfigo/Awesome-Fuzzing#tools.Popular tools available for Java include EvoSuite [3] and Randoop [7] … The tool is available athttps://github.com/isstac/kelinci. The overall design of Kelinci is depicted in Fig … 

         Title Rigorous examination of reactive systems
           URL http://scholar.google.com/https://link.springer.com/article/10.1007/s10009-014-0337-y
          Year 2014
     Citations 32
      Versions 6
    Cluster ID 17115757638146904249
Citations list http://scholar.google.com/scholar?cites=17115757638146904249&as_sdt=2005&sciodt=0,5&hl=en
 Versions list http://scholar.google.com/scholar?cluster=17115757638146904249&hl=en&as_sdt=0,5
       Excerpt … critical applications. The RERS challenge brings together researchers from differentareas of software verification and validation, including static analysis, model checking,theorem proving, symbolic execution, and testing. The … 

         Title Quantifying information leaks using reliability analysis
           URL http://scholar.google.com/https://dl.acm.org/doi/abs/10.1145/2632362.2632367
          Year 2014
     Citations 51
      Versions 12
    Cluster ID 16100619444119337170
Citations list http://scholar.google.com/scholar?cites=16100619444119337170&as_sdt=2005&sciodt=0,5&hl=en
 Versions list http://scholar.google.com/scholar?cluster=16100619444119337170&hl=en&as_sdt=0,5
       Excerpt … leakage. QILURA is available at: https://github.com/qif/jpf-qilura … code. CAV'13,Springer-Verlag. [7] Clark, D., Hunt, S., and Malacaria, P. A static analysis for quantifyinginformation flow in a simple imperative language. J. Comput. Secur … 

         Title Symbolic path cost analysis for side-channel detection
           URL http://scholar.google.com/https://dl.acm.org/doi/abs/10.1145/3213846.3213867
          Year 2018
     Citations 23
      Versions 5
    Cluster ID 5902099580702500190
Citations list http://scholar.google.com/scholar?cites=5902099580702500190&as_sdt=2005&sciodt=0,5&hl=en
 Versions list http://scholar.google.com/scholar?cluster=5902099580702500190&hl=en&as_sdt=0,5
       Excerpt … applications. CCS CONCEPTS • Security and privacy → Software and applicationsecurity; • Software and its engineering → Automated static analysis; KEYWORDSSide-channel analysis, static analysis, symbolic execution … 

         Title Automated environment generation for software model checking
           URL http://scholar.google.com/https://ieeexplore.ieee.org/abstract/document/1240300/
          Year 2003
     Citations 124
      Versions 16
    Cluster ID 6084885799765877543
Citations list http://scholar.google.com/scholar?cites=6084885799765877543&as_sdt=2005&sciodt=0,5&hl=en
 Versions list http://scholar.google.com/scholar?cluster=6084885799765877543&hl=en&as_sdt=0,5
       Excerpt … Linear Temporal Logic (LTL) [17] and regular expression can be used to capture environmentassumptions as patterns of program actions … the environment is available, BEG may be used toautomatically extract the en- vironment assumptions using static analysis techniques and … 

         Title Symbolic execution and model checking for testing
           URL http://scholar.google.com/https://link.springer.com/chapter/10.1007/978-3-540-77966-7_5
          Year 2007
     Citations 11
      Versions 13
    Cluster ID 18032506876700510442
Citations list http://scholar.google.com/scholar?cites=18032506876700510442&as_sdt=2005&sciodt=0,5&hl=en
 Versions list http://scholar.google.com/scholar?cluster=18032506876700510442&hl=en&as_sdt=0,5
       Excerpt … Abstract. Techniques for checking complex software range from model checking and staticanalysis to testing. We aim to use the power of exhaustive techniques, such as model checkingand symbolic execution, to enable thorough testing of complex software … 

         Title The Java Pathfinder Workshop 2019
           URL http://scholar.google.com/https://dl.acm.org/doi/abs/10.1145/3385678.3385685
          Year 2020
     Citations 0
      Versions 0
       Excerpt … bug detection, alter- native state space search strategies, temporal property verifica- tion andmany more (see https://github.com/javapathfinder/ jpf … The afternoon sessions started with anotherinvited talk on Ad- ventures in Commercial-Grade Static Analysis by Simon Gold- berg … 

         Title Formal software analysis emerging trends in software model checking
           URL http://scholar.google.com/https://ieeexplore.ieee.org/abstract/document/4221616/
          Year 2007
     Citations 85
      Versions 9
    Cluster ID 17561633872486079489
Citations list http://scholar.google.com/scholar?cites=17561633872486079489&as_sdt=2005&sciodt=0,5&hl=en
 Versions list http://scholar.google.com/scholar?cluster=17561633872486079489&hl=en&as_sdt=0,5
       Excerpt … His interests include advanced testing and static analysis techniques using symbolic execution …see Section 3). Many other source code analy- ses, such as FindBugs [20] and … P may be atemporal property (rep- resented as temporal logic formula, regular expression, or automata … 

         Title A survey of new trends in symbolic execution for software testing and analysis
           URL http://scholar.google.com/https://link.springer.com/article/10.1007/s10009-009-0118-1
          Year 2009
     Citations 284
      Versions 15
    Cluster ID 5068545125783503458
Citations list http://scholar.google.com/scholar?cites=5068545125783503458&as_sdt=2005&sciodt=0,5&hl=en
 Versions list http://scholar.google.com/scholar?cluster=5068545125783503458&hl=en&as_sdt=0,5
       Excerpt … 1 Introduction Modern software systems must be extremely reliable and correct. Automaticmethods for ensuring software correct- ness range from static techniques, such as (software)model checking or static analysis, to dynamic techniques, such as testing … 

         Title Symbolic Execution and Recent Applications to Worst-Case Execution, Load Testing, and Security Analysis
           URL http://scholar.google.com/https://www.sciencedirect.com/science/article/pii/S0065245818300640
          Year 2019
     Citations 4
      Versions 2
    Cluster ID 3059944673443433973
Citations list http://scholar.google.com/scholar?cites=3059944673443433973&as_sdt=2005&sciodt=0,5&hl=en
 Versions list http://scholar.google.com/scholar?cluster=3059944673443433973&hl=en&as_sdt=0,5
       Excerpt … Several tools implement “classic” symbolic execution which is essentially a static analysistechnique, as it analyzes a program without running it; in Symbolic PathFinder, the program isactually “run,” but this is done inside … Java StarFinder [19], https://github.com/star-finder/jpf-star … 

         Title Finding feasible counter-examples when model checking abstracted Java programs
           URL http://scholar.google.com/https://link.springer.com/chapter/10.1007/3-540-45319-9_20
          Year 2001
     Citations 98
      Versions 11
    Cluster ID 14848329082822150390
Citations list http://scholar.google.com/scholar?cites=14848329082822150390&as_sdt=2005&sciodt=0,5&hl=en
 Versions list http://scholar.google.com/scholar?cluster=14848329082822150390&hl=en&as_sdt=0,5
       Excerpt … In [14]. 9. P. Cousot and R. Cousot. Abstract interpretation: A unified lattice model for static analysisof programs by construction or approximation of fixpoints … In Proceedings of the 6th InternationalStatic Analysis Symposium, September 1999. 16. GJ Holzmann … 

         Title Combining model checking and symbolic execution for software testing
           URL http://scholar.google.com/https://link.springer.com/chapter/10.1007/978-3-642-30473-6_2
          Year 2012
     Citations 3
      Versions 6
    Cluster ID 968532372143164513
Citations list http://scholar.google.com/scholar?cites=968532372143164513&as_sdt=2005&sciodt=0,5&hl=en
 Versions list http://scholar.google.com/scholar?cluster=968532372143164513&hl=en&as_sdt=0,5
       Excerpt … Notes in Computer Science book series (LNCS, volume 7305). Abstract. Techniquesfor checking complex software range from model checking and static analysis totesting. Over the years, we have developed a tool, Symbolic … 

         Title Verifying time partitioning in the DEOS scheduling kernel
           URL http://scholar.google.com/https://link.springer.com/content/pdf/10.1007/s10703-005-1490-4.pdf
          Year 2005
     Citations 46
      Versions 11
    Cluster ID 6306996845216714664
      PDF link http://scholar.google.com/https://link.springer.com/content/pdf/10.1007/s10703-005-1490-4.pdf
Citations list http://scholar.google.com/scholar?cites=6306996845216714664&as_sdt=2005&sciodt=0,5&hl=en
 Versions list http://scholar.google.com/scholar?cluster=6306996845216714664&hl=en&as_sdt=0,5
       Excerpt … The state of the art for finding errors at the implementation level are static analysis[28, 31, 53, 64] and testing [6, 13] … Static analysis has better success dealing withconcurrency, but it can be challenging to obtain accurate results [49] … 

         Title Symbolic execution with abstract subsumption checking
           URL http://scholar.google.com/https://link.springer.com/chapter/10.1007/11691617_10
          Year 2006
     Citations 64
      Versions 17
    Cluster ID 2272513886038017922
Citations list http://scholar.google.com/scholar?cites=2272513886038017922&as_sdt=2005&sciodt=0,5&hl=en
 Versions list http://scholar.google.com/scholar?cluster=2272513886038017922&hl=en&as_sdt=0,5
       Excerpt … Among the program analysis techniques that have gained prominence in the past few years aremodel checking with abstraction, most notably pred- icate abstraction [3,11,4], and static analysis[23,7]. Both these techniques in- volve computing a property preserving abstraction … 

         Title Analysing the effect of uncertainty in airport surface operations
           URL http://scholar.google.com/https://dl.acm.org/doi/abs/10.1145/3236454.3236510
          Year 2018
     Citations 2
      Versions 0
    Cluster ID 10490271332041530972
Citations list http://scholar.google.com/scholar?cites=10490271332041530972&as_sdt=2005&sciodt=0,5&hl=en
       Excerpt … We summarize a set of experiments designed to quantify the effects of uncertaintyon the robustness of schedules and the incurred delays. The system developed isopen sourced at https://github.com/heronyang/airport-simulation … 

         Title Bandera: Extracting finite-state models from Java source code
           URL http://scholar.google.com/https://ieeexplore.ieee.org/abstract/document/870434/
          Year 2000
     Citations 1510
      Versions 16
    Cluster ID 6086026751177749156
Citations list http://scholar.google.com/scholar?cites=6086026751177749156&as_sdt=2005&sciodt=0,5&hl=en
 Versions list http://scholar.google.com/scholar?cluster=6086026751177749156&hl=en&as_sdt=0,5
       Excerpt Page 1. Bandera : James C. Corbett University of Hawai'i Extracting Finite-state Models fromJava Source Code Matthew B. Dwyer, John Hatcliff, Shawn Laubach, Corina S. P&Sreanu, Robby,Hongjun Zheng Department"of Information Kansas State University … 

         Title From Test Purposes to Formal JPF Properties
           URL http://scholar.google.com/https://dl.acm.org/doi/abs/10.1145/2693208.2693241
          Year 2015
     Citations 2
      Versions 0
    Cluster ID 18347568665632476484
Citations list http://scholar.google.com/scholar?cites=18347568665632476484&as_sdt=2005&sciodt=0,5&hl=en
       Excerpt … 2.2 Regular Expressions According to Mitkov [11], a regular expression describes a set of strings(ie a regular language) or a set of ordered pairs of strings (ie a regular relation) … Each regularexpression describes the expected behavior of a pattern in a de- termined scope … 

