[query] http://scholar.google.com/scholar?as_q=&as_epq=%22findbugs%22%20OR%20%22spotbugs%22%20OR%20%22code%20review%22%20OR%20%22static%20analysis%22%20OR%20%22regex%22%20OR%20%22regular%20expression%22%20OR%20%22github%22%20OR%20%22pull%20requests%22&as_oq=&as_eq=&as_occt=any&as_sauthors=Cuiyun%20Gao&as_publication=&as_ylo=&as_yhi=&as_vis=0&btnG=&hl=en&num=80&as_sdt=0%2C5
         Title CORE: Automating Review Recommendation for Code Changes
           URL http://scholar.google.com/https://ieeexplore.ieee.org/abstract/document/9054794/
          Year 2020
     Citations 6
      Versions 4
    Cluster ID 11114891813931646121
Citations list http://scholar.google.com/scholar?cites=11114891813931646121&as_sdt=2005&sciodt=0,5&hl=en
 Versions list http://scholar.google.com/scholar?cluster=11114891813931646121&hl=en&as_sdt=0,5
       Excerpt … Some research work, eg, ReviewBot [14], incorporates static analysis tools to publish reviewsautomatically. These static analyzers detect defect code and unconventional naming by thesubmitter and publish them as part of code review … Code Review … GitHub Pull Requests … 

         Title A Deep Dive on the Impact of COVID-19 in Software Development
           URL http://scholar.google.com/https://arxiv.org/abs/2008.07048
          Year 2020
     Citations 1
      Versions 0
    Cluster ID 8133075214409041210
Citations list http://scholar.google.com/scholar?cites=8133075214409041210&as_sdt=2005&sciodt=0,5&hl=en
       Excerpt … 3.1.4 Number of Created and Closed Pull Requests Number of Created, Closed Pull RequestsIdentification and Measuring. The created and closed pull requests were collected using theGitHub REST API7 since this information is not available at local cloned repositories … 

         Title What you say and how you say it: Joint modeling of topics and discourse in microblog conversations
           URL http://scholar.google.com/https://www.mitpressjournals.org/doi/abs/10.1162/tacl_a_00267
          Year 2019
     Citations 13
      Versions 12
    Cluster ID 14547172824357186970
Citations list http://scholar.google.com/scholar?cites=14547172824357186970&as_sdt=2005&sciodt=0,5&hl=en
 Versions list http://scholar.google.com/scholar?cluster=14547172824357186970&hl=en&as_sdt=0,5
       Excerpt … Further study shows that our topic and discourse representations can benefit the classificationof microblog messages, especially when they are jointly trained with the classifier. Our data setsand code are available at: http://github.com/zengjichuan/Topic_Disc … 

         Title A Deep Dive on the Impact of COVID-19 in Software Development
           URL http://scholar.google.com/https://ui.adsabs.harvard.edu/abs/2020arXiv200807048A/abstract
          Year 2020
     Citations 0
      Versions 0
       Excerpt … Objective. This study investigates the impact of COVID-19 on software projects and softwaredevelopment professionals. Method: We conducted a mining software repository study basedon 100 GitHub projects developed in Java using ten different metrics … 

         Title Exploring the effects of ad schemes on the performance cost of mobile phones
           URL http://scholar.google.com/https://dl.acm.org/doi/abs/10.1145/3243218.3243221
          Year 2018
     Citations 5
      Versions 6
    Cluster ID 5578832720150296994
Citations list http://scholar.google.com/scholar?cites=5578832720150296994&as_sdt=2005&sciodt=0,5&hl=en
 Versions list http://scholar.google.com/scholar?cluster=5578832720150296994&hl=en&as_sdt=0,5
       Excerpt … To alleviate these threats in our paper, we initially employ static analysis on apps' decompiledcode for capturing ad- related invocation, from which … ie, nearly 3Apktool is a standard tool forreverse engineering Android apk files, available at http://ibotpeaches.github.io/Apktool … 

         Title INFAR: insight extraction from app reviews.(2018)
           URL http://scholar.google.com/https://core.ac.uk/download/pdf/200254756.pdf
          Year 2018
     Citations 0
      Versions 0
      PDF link http://scholar.google.com/https://core.ac.uk/download/pdf/200254756.pdf
       Excerpt … approve the practical usefulness of the insights summarized by INFAR. Demo ToolWebsite:https://remine-lab.github.io/paper/infar.html Demo Video: https://youtu.be/MjcoiyjA5TE Permission to make digital or hard copies of all … 

         Title Detecting duplicate bug reports with convolutional neural networks
           URL http://scholar.google.com/https://ieeexplore.ieee.org/abstract/document/8719497/
          Year 2018
     Citations 15
      Versions 2
    Cluster ID 12854537866041310420
Citations list http://scholar.google.com/scholar?cites=12854537866041310420&as_sdt=2005&sciodt=0,5&hl=en
 Versions list http://scholar.google.com/scholar?cluster=12854537866041310420&hl=en&as_sdt=0,5
       Excerpt … need. In order to achieve this goal, some studies are devoted to automating thedetection process, which mainly include two ways. The first one is employing thetraditional Natural 1https://github.com/LogPAI/bugrepo 416 2018 … 

         Title Intelliad understanding in-app ad costs from users perspective
           URL http://scholar.google.com/https://arxiv.org/abs/1607.03575
          Year 2016
     Citations 3
      Versions 3
    Cluster ID 5707558229409792641
Citations list http://scholar.google.com/scholar?cites=5707558229409792641&as_sdt=2005&sciodt=0,5&hl=en
 Versions list http://scholar.google.com/scholar?cluster=5707558229409792641&hl=en&as_sdt=0,5
       Excerpt … We capture both the ad networks appended and the ad formats defined in the apps usingstatic analysis … From the review collection, we extract 19,579 (0.5%) reviews that ex- plicitlydescribe some facets about ads (regular expression = ad/advert*) … 

         Title Topic memory networks for short text classification
           URL http://scholar.google.com/https://arxiv.org/abs/1809.03664
          Year 2018
     Citations 61
      Versions 9
    Cluster ID 18248248739108760556
Citations list http://scholar.google.com/scholar?cites=18248248739108760556&as_sdt=2005&sciodt=0,5&hl=en
 Versions list http://scholar.google.com/scholar?cluster=18248248739108760556&hl=en&as_sdt=0,5
       Excerpt … 7The original dataset contains conversations to enrich the context of Weibo posts, which arenot considered here. 8https://radimrehurek.com/gensim/ utils.html 9https://github.com/FudanNLP/fnlp 10https://radimrehurek.com/gensim/ parsing/preprocessing.html Page 5 … 

         Title Contextualized code representation learning for commit message generation
           URL http://scholar.google.com/https://arxiv.org/abs/2007.06934
          Year 2020
     Citations 2
      Versions 3
    Cluster ID 10448156797171672280
Citations list http://scholar.google.com/scholar?cites=10448156797171672280&as_sdt=2005&sciodt=0,5&hl=en
 Versions list http://scholar.google.com/scholar?cluster=10448156797171672280&hl=en&as_sdt=0,5
       Excerpt … In the life cycle of software development, the commit messages on version controlsys- tems (eg, GitHub and GitLab) are essential for developers to document the abstractcode difference in high-level natural language summaries … 

         Title Opportunities and Challenges in Code Search Tools
           URL http://scholar.google.com/https://arxiv.org/abs/2011.02297
          Year 2020
     Citations 1
      Versions 2
    Cluster ID 6976340800838161908
Citations list http://scholar.google.com/scholar?cites=6976340800838161908&as_sdt=2005&sciodt=0,5&hl=en
 Versions list http://scholar.google.com/scholar?cluster=6976340800838161908&hl=en&as_sdt=0,5
       Excerpt … by designing a customized Matching between query and code [9, 137, 138], such as designedsimilarity score [13, 137], static analysis [103, 124 … Table 4 shows that ten code search studiesbuilt models based on online search engines, including GitHub Search2, Google Code … 

         Title Infar: Insight extraction from app reviews
           URL http://scholar.google.com/https://dl.acm.org/doi/abs/10.1145/3236024.3264595
          Year 2018
     Citations 6
      Versions 3
    Cluster ID 7286158521559625886
Citations list http://scholar.google.com/scholar?cites=7286158521559625886&as_sdt=2005&sciodt=0,5&hl=en
 Versions list http://scholar.google.com/scholar?cluster=7286158521559625886&hl=en&as_sdt=0,5
       Excerpt … approve the practical usefulness of the insights summarized by INFAR. Demo ToolWebsite:https://remine-lab.github.io/paper/infar.html Demo Video: https://youtu.be/MjcoiyjA5TE Permission to make digital or hard copies of all … 

         Title Online app review analysis for identifying emerging issues
           URL http://scholar.google.com/https://dl.acm.org/doi/abs/10.1145/3180155.3180218
          Year 2018
     Citations 43
      Versions 5
    Cluster ID 14801415365082740503
Citations list http://scholar.google.com/scholar?cites=14801415365082740503&as_sdt=2005&sciodt=0,5&hl=en
 Versions list http://scholar.google.com/scholar?cluster=14801415365082740503&hl=en&as_sdt=0,5
       Excerpt … We further investigate the number of reviews containing the keyword “crash” along with 3Thecompany has many popular products, such as WeChat, QQ, and Honor of Kings, and servesbillions of users worldwide. 4https://github.com/ReMine-Lab/IDEA … 

         Title TOUR: Dynamic Topic and Sentiment Analysis of User Reviews for Assisting App Release
           URL http://scholar.google.com/https://arxiv.org/abs/2103.15774
          Year 2021
     Citations 0
      Versions 2
 Versions list http://scholar.google.com/scholar?cluster=10710365664081976132&hl=en&as_sdt=0,5
       Excerpt … Our GitHub page3 depicts the questions and the statistics re- garding the answers from theparticipants … Additionally, 73% of them declared that our tool save them over 30% of the time,compared to manually analyzing user reviews. 3https://yttty.github.io/tour Page 5 … 

         Title Automating app review response generation
           URL http://scholar.google.com/https://ieeexplore.ieee.org/abstract/document/8952476/
          Year 2019
     Citations 9
      Versions 8
    Cluster ID 884597030459010627
Citations list http://scholar.google.com/scholar?cites=884597030459010627&as_sdt=2005&sciodt=0,5&hl=en
 Versions list http://scholar.google.com/scholar?cluster=884597030459010627&hl=en&as_sdt=0,5
       Excerpt … accurate response generation. • The accuracy of RRGen is empirically evaluatedusing a corpus of more than 300 thousand real-life review- 1available at:https://github.com/ReMine-Lab/RRGen response pairs. A user study … 

         Title SpyAware: Investigating the privacy leakage signatures in app execution traces
           URL http://scholar.google.com/https://ieeexplore.ieee.org/abstract/document/7381828/
          Year 2015
     Citations 14
      Versions 6
    Cluster ID 7894412940864174456
Citations list http://scholar.google.com/scholar?cites=7894412940864174456&as_sdt=2005&sciodt=0,5&hl=en
 Versions list http://scholar.google.com/scholar?cluster=7894412940864174456&hl=en&as_sdt=0,5
       Excerpt Page 1. SpyAware: Investigating the Privacy Leakage Signatures in App ExecutionTraces Hui Xu ∗† , Yangfan Zhou †‡ , Cuiyun Gao ∗ , Yu Kang ∗† , Michael R.Lyu ∗ ∗ Dept. of Computer Science, The Chinese University … 

         Title An empirical study of common challenges in developing deep learning applications
           URL http://scholar.google.com/https://ieeexplore.ieee.org/abstract/document/8987482/
          Year 2019
     Citations 32
      Versions 6
    Cluster ID 14576928453061701130
Citations list http://scholar.google.com/scholar?cites=14576928453061701130&as_sdt=2005&sciodt=0,5&hl=en
 Versions list http://scholar.google.com/scholar?cluster=14576928453061701130&hl=en&as_sdt=0,5
       Excerpt Page 1. An Empirical Study of Common Challenges in Developing Deep Learning ApplicationsTianyi Zhang †∗ Cuiyun Gao §∗ Lei Ma ‡ Michael R. Lyu § Miryung Kim † † University ofCalifornia, Los Angeles § The Chinese University of Hong Kong ‡ Kyushu University … 

         Title An Empirical Study of In-App Advertising Issues Based on Large Scale App Review Analysis
           URL http://scholar.google.com/https://arxiv.org/abs/2008.12112
          Year 2020
     Citations 0
      Versions 2
 Versions list http://scholar.google.com/scholar?cluster=18099084164950858170&hl=en&as_sdt=0,5
       Excerpt … collection on the platforms [21]. We define ad-related reviews (ad reviews, for short)as those containing keywords related to ads, ie, regex = ad/ads/advert*. In total, weidentify 36,309 ad-related reviews. Although such ad review … 

         Title On the Replicability and Reproducibility of Deep Learning in Software Engineering
           URL http://scholar.google.com/https://arxiv.org/abs/2006.14244
          Year 2020
     Citations 4
      Versions 3
    Cluster ID 5372961187492187318
Citations list http://scholar.google.com/scholar?cites=5372961187492187318&as_sdt=2005&sciodt=0,5&hl=en
 Versions list http://scholar.google.com/scholar?cluster=5372961187492187318&hl=en&as_sdt=0,5
       Excerpt … DL models are commonly verified on a subset of real-world data, eg, GitHub1 and StackOverflow2. It is often implicitly assumed that experimental findings could be reproduced forlarger-scale testing data … 1https://github.com/ 2https://stackoverflow.com/ ACM Trans. Softw. Eng … 

         Title ATOM: Commit message generation based on abstract syntax tree and hybrid ranking
           URL http://scholar.google.com/https://ieeexplore.ieee.org/abstract/document/9261989/
          Year 2020
     Citations 6
      Versions 4
    Cluster ID 1760529739806497224
Citations list http://scholar.google.com/scholar?cites=1760529739806497224&as_sdt=2005&sciodt=0,5&hl=en
 Versions list http://scholar.google.com/scholar?cluster=1760529739806497224&hl=en&as_sdt=0,5
       Excerpt … 1 INTRODUCTION WITH software growing in size and complexity, code hosting platforms, eg,GitHub [1] and Tortois- eSVN [2], have been widely adopted in the life cycle of soft- waredevelopment. These platforms greatly reduce time cost and maintenance cost … 

