[query] http://scholar.google.com/scholar?as_q=&as_epq=%22findbugs%22%20OR%20%22spotbugs%22%20OR%20%22code%20review%22%20OR%20%22static%20analysis%22%20OR%20%22regex%22%20OR%20%22regular%20expression%22%20OR%20%22github%22%20OR%20%22pull%20requests%22&as_oq=&as_eq=&as_occt=any&as_sauthors=Dalal%20Alrajeh&as_publication=&as_ylo=&as_yhi=&as_vis=0&btnG=&hl=en&num=80&as_sdt=0%2C5
         Title On evidence preservation requirements for forensic-ready systems
           URL http://scholar.google.com/https://dl.acm.org/doi/abs/10.1145/3106237.3106308
          Year 2017
     Citations 11
      Versions 11
    Cluster ID 14530228430272949036
Citations list http://scholar.google.com/scholar?cites=14530228430272949036&as_sdt=2005&sciodt=0,5&hl=en
 Versions list http://scholar.google.com/scholar?cluster=14530228430272949036&hl=en&as_sdt=0,5
       Excerpt … 2See https://github.com/lpasquale/minorityReport for an outline of a refinement algo-rithm for obtaining δ (d). • ∃a ∈ N. (a < b) ∧ (eINk ∈ cea ∧ ∀д ∈ N,eTRk ∈ TRk.((a < д < b) → eTRk ceд); otherwise it is said to be false … 

         Title Learning neural search policies for classical planning
           URL http://scholar.google.com/https://ojs.aaai.org/index.php/ICAPS/article/view/6748
          Year 2020
     Citations 4
      Versions 10
    Cluster ID 635492187059847008
Citations list http://scholar.google.com/scholar?cites=635492187059847008&as_sdt=2005&sciodt=0,5&hl=en
 Versions list http://scholar.google.com/scholar?cluster=635492187059847008&hl=en&as_sdt=0,5
       Excerpt … Note that by a problem distri- bution we mean the values of the parameters passed to the3https://github.com/pgomoluch/fd-learn 4http://www.cs.colostate.edu/∼ipc2014/ 526 Page 6.0 20 40 60 80 100 0 2 4 6 8 10 12 14 Elevators 0 10 20 30 40 50 0 1 2 3 4 5 Floortile … 

         Title Learning classical planning strategies with policy gradient
           URL http://scholar.google.com/https://ojs.aaai.org/index.php/ICAPS/article/view/3531
          Year 2019
     Citations 7
      Versions 7
    Cluster ID 1030117297630187891
Citations list http://scholar.google.com/scholar?cites=1030117297630187891&as_sdt=2005&sciodt=0,5&hl=en
 Versions list http://scholar.google.com/scholar?cluster=1030117297630187891&hl=en&as_sdt=0,5
       Excerpt Page 1. Proceedings of the Twenty-Ninth International Conference on AutomatedPlanning and Scheduling (ICAPS 2019) Learning Classical Planning Strategies withPolicy Gradient Paweł Gomoluch, Dalal Alrajeh, Alessandra … 

         Title An investigation into the use of reinforcement learning techniques within the algorithmic trading domain
           URL http://www.doc.ic.ac.uk/teaching/distinguished-projects/2015/j.cumming.pdf
          Year 2015
     Citations 22
      Versions 2
    Cluster ID 3532525056960276570
      PDF link http://www.doc.ic.ac.uk/teaching/distinguished-projects/2015/j.cumming.pdf
Citations list http://scholar.google.com/scholar?cites=3532525056960276570&as_sdt=2005&sciodt=0,5&hl=en
 Versions list http://scholar.google.com/scholar?cluster=3532525056960276570&hl=en&as_sdt=0,5
       Excerpt Page 1. Imperial College London Department of Computing An Investigation into the Use ofReinforcement Learning Techniques within the Algorithmic Trading Domain Author: JamesCumming Supervisor: Dr. Dalal Alrajeh Co-Supervisor: Dr. Luke Dickens … 

         Title Interpolation-based GR (1) assumptions refinement
           URL http://scholar.google.com/https://link.springer.com/chapter/10.1007/978-3-662-54577-5_16
          Year 2017
     Citations 13
      Versions 6
    Cluster ID 13893803476221126766
Citations list http://scholar.google.com/scholar?cites=13893803476221126766&as_sdt=2005&sciodt=0,5&hl=en
 Versions list http://scholar.google.com/scholar?cluster=13893803476221126766&hl=en&as_sdt=0,5
       Excerpt … The differences with our work are in specification language and overall objective: theyseek additional assertions for static analysis of programs, while we look for GR(1)refinements of systems specifications to enable their automated synthesis … 

         Title Towards learning domain-independent planning heuristics
           URL http://scholar.google.com/https://arxiv.org/abs/1707.06895
          Year 2017
     Citations 8
      Versions 8
    Cluster ID 7676059287704629448
Citations list http://scholar.google.com/scholar?cites=7676059287704629448&as_sdt=2005&sciodt=0,5&hl=en
 Versions list http://scholar.google.com/scholar?cluster=7676059287704629448&hl=en&as_sdt=0,5
       Excerpt … Transport problems are about delivering packages using a fleet of vehicles moving around citiesof known topology. The Parking domain represents puzzles where a set of cars must be doubleparked along curbs 1https://github.com/pgomoluch/fd-learn Page 4 … 

         Title A framework for modelling and reasoning about Lone Actor Terrorism
           URL http://scholar.google.com/https://www.doc.ic.ac.uk/teaching/distinguished-projects/2015/o.cocarascu.pdf
          Year 2015
     Citations 0
      Versions 2
      PDF link http://scholar.google.com/https://www.doc.ic.ac.uk/teaching/distinguished-projects/2015/o.cocarascu.pdf
 Versions list http://scholar.google.com/scholar?cluster=3870643794171386444&hl=en&as_sdt=0,5
       Excerpt Page 1. Imperial College London Department of Computing A framework for modelling andreasoning about Lone Actor Terrorism Author: Oana Cocarascu Supervisor: Dr. Dalal AlrajehSecond marker: Dr. Francesca Toni June 16, 2015 Page 2. Abstract … 

