[query] http://scholar.google.com/scholar?as_q=&as_epq=%22findbugs%22%20OR%20%22spotbugs%22%20OR%20%22code%20review%22%20OR%20%22static%20analysis%22%20OR%20%22regex%22%20OR%20%22regular%20expression%22%20OR%20%22github%22%20OR%20%22pull%20requests%22&as_oq=&as_eq=&as_occt=any&as_sauthors=David%20Lo&as_publication=&as_ylo=&as_yhi=&as_vis=0&btnG=&hl=en&num=80&as_sdt=0%2C5
         Title Network structure of social coding in github
           URL http://scholar.google.com/https://ieeexplore.ieee.org/abstract/document/6498480/
          Year 2013
     Citations 206
      Versions 18
    Cluster ID 10336375583823365403
Citations list http://scholar.google.com/scholar?cites=10336375583823365403&as_sdt=2005&sciodt=0,5&hl=en
 Versions list http://scholar.google.com/scholar?cluster=10336375583823365403&hl=en&as_sdt=0,5
       Excerpt Social coding enables a different experience of software development as the activities and interests of one developer are easily advertised to other developers. Developers can thus track the activities relevant to various projects in one umbrella site. Such a major change in …

         Title Categorizing the content of GitHub README files
           URL http://scholar.google.com/https://link.springer.com/article/10.1007/s10664-018-9660-3
          Year 2019
     Citations 39
      Versions 7
    Cluster ID 18090516870764177133
Citations list http://scholar.google.com/scholar?cites=18090516870764177133&as_sdt=2005&sciodt=0,5&hl=en
 Versions list http://scholar.google.com/scholar?cluster=18090516870764177133&hl=en&as_sdt=0,5
       Excerpt README files play an essential role in shaping a developer's first impression of a software repository and in documenting the software project that the repository hosts. Yet, we lack a systematic understanding of the content of a typical README file as well as tools that can …

         Title Got issues? who cares about it? a large scale investigation of issue trackers from github
           URL http://scholar.google.com/https://ieeexplore.ieee.org/abstract/document/6698918/
          Year 2013
     Citations 117
      Versions 19
    Cluster ID 16803197034980801581
Citations list http://scholar.google.com/scholar?cites=16803197034980801581&as_sdt=2005&sciodt=0,5&hl=en
 Versions list http://scholar.google.com/scholar?cluster=16803197034980801581&hl=en&as_sdt=0,5
       Excerpt Feedback from software users constitutes a vital part in the evolution of software projects. By filing issue reports, users help identify and fix bugs, document software code, and enhance the software via feature requests. Many studies have explored issue reports, proposed …

         Title Why and how developers fork what from whom in GitHub
           URL http://scholar.google.com/https://link.springer.com/content/pdf/10.1007/s10664-016-9436-6.pdf
          Year 2017
     Citations 78
      Versions 8
    Cluster ID 17090591723934133497
      PDF link http://scholar.google.com/https://link.springer.com/content/pdf/10.1007/s10664-016-9436-6.pdf
Citations list http://scholar.google.com/scholar?cites=17090591723934133497&as_sdt=2005&sciodt=0,5&hl=en
 Versions list http://scholar.google.com/scholar?cluster=17090591723934133497&hl=en&as_sdt=0,5
       Excerpt Forking is the creation of a new software repository by copying another repository. Though forking is controversial in traditional open source software (OSS) community, it is encouraged and is a built-in feature in GitHub. Developers freely fork repositories, use …

         Title Detecting similar repositories on GitHub
           URL http://scholar.google.com/https://ieeexplore.ieee.org/abstract/document/7884605/
          Year 2017
     Citations 46
      Versions 6
    Cluster ID 11163354251987150771
Citations list http://scholar.google.com/scholar?cites=11163354251987150771&as_sdt=2005&sciodt=0,5&hl=en
 Versions list http://scholar.google.com/scholar?cluster=11163354251987150771&hl=en&as_sdt=0,5
       Excerpt GitHub contains millions of repositories among which many are similar with one another (ie, having similar source codes or implementing similar functionalities). Finding similar repositories on GitHub can be helpful for software engineers as it can help them reuse …

         Title A large scale study of long-time contributor prediction for GitHub projects
           URL http://scholar.google.com/https://ieeexplore.ieee.org/abstract/document/8721092/
          Year 2019
     Citations 16
      Versions 6
    Cluster ID 12627438236301293027
Citations list http://scholar.google.com/scholar?cites=12627438236301293027&as_sdt=2005&sciodt=0,5&hl=en
 Versions list http://scholar.google.com/scholar?cluster=12627438236301293027&hl=en&as_sdt=0,5
       Excerpt The continuous contributions made by long time contributors LTCsare a key factor enabling open source software (OSS) projects to be successful and survival. We study Github as it has a large number of OSS projects and millions of contributors, which enables the study of …

         Title Cataloging github repositories
           URL http://scholar.google.com/https://dl.acm.org/doi/abs/10.1145/3084226.3084287
          Year 2017
     Citations 29
      Versions 5
    Cluster ID 159716262684183874
Citations list http://scholar.google.com/scholar?cites=159716262684183874&as_sdt=2005&sciodt=0,5&hl=en
 Versions list http://scholar.google.com/scholar?cluster=159716262684183874&hl=en&as_sdt=0,5
       Excerpt GitHub is one of the largest and most popular repository hosting service today, having about 14 million users and more than 54 million repositories as of March 2017. This makes it an excellent platform to find projects that developers are interested in exploring. GitHub  …

         Title A first look at unfollowing behavior on GitHub
           URL http://scholar.google.com/https://www.sciencedirect.com/science/article/pii/S095058491830185X
          Year 2019
     Citations 13
      Versions 5
    Cluster ID 2961977171723575303
Citations list http://scholar.google.com/scholar?cites=2961977171723575303&as_sdt=2005&sciodt=0,5&hl=en
 Versions list http://scholar.google.com/scholar?cluster=2961977171723575303&hl=en&as_sdt=0,5
       Excerpt Context Many open source software projects rely on contributors to fix bugs and contribute new features. On GitHub, developers often broadcast their activities to followers, which may entice followers to be project contributors. It is important to understand unfollowing behavior …

         Title Understanding inactive yet available assignees in GitHub
           URL http://scholar.google.com/https://www.sciencedirect.com/science/article/pii/S0950584917304457
          Year 2017
     Citations 20
      Versions 8
    Cluster ID 13902176147198179823
Citations list http://scholar.google.com/scholar?cites=13902176147198179823&as_sdt=2005&sciodt=0,5&hl=en
 Versions list http://scholar.google.com/scholar?cluster=13902176147198179823&hl=en&as_sdt=0,5
       Excerpt Abstract Context In GitHub, an issue or a pull request can be assigned to a specific assignee who is responsible for working on this issue or pull request. Due to the principle of voluntary participation, available assignees may remain inactive in projects. If assignees ever …

         Title GitHub and Stack Overflow: Analyzing developer interests across multiple social collaborative platforms
           URL http://scholar.google.com/https://link.springer.com/chapter/10.1007/978-3-319-67256-4_19
          Year 2017
     Citations 19
      Versions 6
    Cluster ID 15147940891046641172
Citations list http://scholar.google.com/scholar?cites=15147940891046641172&as_sdt=2005&sciodt=0,5&hl=en
 Versions list http://scholar.google.com/scholar?cluster=15147940891046641172&hl=en&as_sdt=0,5
       Excerpt Increasingly, software developers are using a wide array of social collaborative platforms for software development and learning. In this work, we examined the similarities in developer's interests within and across GitHub and Stack Overflow. Our study finds that developers …

         Title AUSearch: Accurate API Usage Search in GitHub Repositories with Type Resolution
           URL http://scholar.google.com/https://ieeexplore.ieee.org/abstract/document/9054809/
          Year 2020
     Citations 3
      Versions 3
    Cluster ID 12236711113861735142
Citations list http://scholar.google.com/scholar?cites=12236711113861735142&as_sdt=2005&sciodt=0,5&hl=en
 Versions list http://scholar.google.com/scholar?cluster=12236711113861735142&hl=en&as_sdt=0,5
       Excerpt Nowadays, developers use APIs to implement their applications. To know how to use an API, developers may search for code examples that use the API in repositories such as GitHub. Although code search engines have been developed to help developers perform …

         Title Revisiting assert use in github projects
           URL http://scholar.google.com/https://dl.acm.org/doi/abs/10.1145/3084226.3084259
          Year 2017
     Citations 13
      Versions 5
    Cluster ID 15517417387318438287
Citations list http://scholar.google.com/scholar?cites=15517417387318438287&as_sdt=2005&sciodt=0,5&hl=en
 Versions list http://scholar.google.com/scholar?cluster=15517417387318438287&hl=en&as_sdt=0,5
       Excerpt Assertions are often used to test the assumptions that developers have about a program. An assertion contains a boolean expression which developers believe to be true at a particular program point. It throws an error if the expression is not satisfied, which helps developers to …

         Title Orplocator: Identifying read points of configuration options via static analysis
           URL http://scholar.google.com/https://ieeexplore.ieee.org/abstract/document/7774519/
          Year 2016
     Citations 17
      Versions 5
    Cluster ID 12525334989460586533
Citations list http://scholar.google.com/scholar?cites=12525334989460586533&as_sdt=2005&sciodt=0,5&hl=en
 Versions list http://scholar.google.com/scholar?cluster=12525334989460586533&hl=en&as_sdt=0,5
       Excerpt Configuration options are widely used for customizing the behavior and initial settings of software applications, server processes, and operating systems. Their distinctive property is that each option is processed, defined, and described in different parts of a software project …

         Title Automatic code review by learning the revision of source code
           URL http://scholar.google.com/https://ojs.aaai.org/index.php/AAAI/article/view/4420
          Year 2019
     Citations 7
      Versions 14
    Cluster ID 7766753203302092312
Citations list http://scholar.google.com/scholar?cites=7766753203302092312&as_sdt=2005&sciodt=0,5&hl=en
 Versions list http://scholar.google.com/scholar?cluster=7766753203302092312&hl=en&as_sdt=0,5
       Excerpt Code review is the process of manual inspection on the revision of the source code in order to find out whether the revised source code eventually meets the revision requirements. However, manual code review is time-consuming, and automating such the code review  …

         Title DeepReview: automatic code review using deep multi-instance learning
           URL http://scholar.google.com/https://link.springer.com/chapter/10.1007/978-3-030-16145-3_25
          Year 2019
     Citations 4
      Versions 5
    Cluster ID 7727563957538846479
Citations list http://scholar.google.com/scholar?cites=7727563957538846479&as_sdt=2005&sciodt=0,5&hl=en
 Versions list http://scholar.google.com/scholar?cluster=7727563957538846479&hl=en&as_sdt=0,5
       Excerpt Code review, an inspection of code changes in order to identify and fix defects before integration, is essential in Software Quality Assurance (SQA). Code review is a time-consuming task since the reviewers need to understand, analysis and provide comments …

         Title Who should review this change?: Putting text and file location analyses together for more accurate recommendations
           URL http://scholar.google.com/https://ieeexplore.ieee.org/abstract/document/7332472/
          Year 2015
     Citations 72
      Versions 10
    Cluster ID 5043416465738179595
Citations list http://scholar.google.com/scholar?cites=5043416465738179595&as_sdt=2005&sciodt=0,5&hl=en
 Versions list http://scholar.google.com/scholar?cluster=5043416465738179595&hl=en&as_sdt=0,5
       Excerpt … Abstract—Software code review is a process of developers inspecting new codechanges made by others, to evaluate their quality and identify and fix defects, beforeintegrating them to the main branch of a version control system … 

         Title Popularity, interoperability, and impact of programming languages in 100,000 open source projects
           URL http://scholar.google.com/https://ieeexplore.ieee.org/abstract/document/6649842/
          Year 2013
     Citations 119
      Versions 17
    Cluster ID 11447122309990151197
Citations list http://scholar.google.com/scholar?cites=11447122309990151197&as_sdt=2005&sciodt=0,5&hl=en
 Versions list http://scholar.google.com/scholar?cluster=11447122309990151197&hl=en&as_sdt=0,5
       Excerpt … GitHub uses git [7] as its revision control system for source code versioning. It enables forking,which allows to create copies of repositories, and it supports pull requests for merging changesfrom copies to the source repository, to facilitate contributions from developers who are … 

         Title Automatic generation of pull request descriptions
           URL http://scholar.google.com/https://ieeexplore.ieee.org/abstract/document/8952330/
          Year 2019
     Citations 16
      Versions 8
    Cluster ID 3140627973470423706
Citations list http://scholar.google.com/scholar?cites=3140627973470423706&as_sdt=2005&sciodt=0,5&hl=en
 Versions list http://scholar.google.com/scholar?cluster=3140627973470423706&hl=en&as_sdt=0,5
       Excerpt … the RL loss. • We build a dataset with over 41K pull requests from GitHub for the PRdescription generation task. • We evaluate our approach on the dataset using theROUGE metric and a human evaluation. The evaluation results … 

         Title Wisdom in sum of parts: Multi-platform activity prediction in social collaborative sites
           URL http://scholar.google.com/https://dl.acm.org/doi/abs/10.1145/3201064.3201067
          Year 2018
     Citations 5
      Versions 8
    Cluster ID 14125176600038537874
Citations list http://scholar.google.com/scholar?cites=14125176600038537874&as_sdt=2005&sciodt=0,5&hl=en
 Versions list http://scholar.google.com/scholar?cluster=14125176600038537874&hl=en&as_sdt=0,5
       Excerpt … platform activity prediction, which predicts a user's activities in a platform using his or her activityinterests from another platform (eg, predict if a user answers a given Stack Overflow questionusing the user's interests inferred from his or her fork and watch activities in GitHub) … 

         Title How Android App Developers Manage Power Consumption?-An Empirical Study by Mining Power Management Commits
           URL http://scholar.google.com/https://ieeexplore.ieee.org/abstract/document/7832885/
          Year 2016
     Citations 25
      Versions 6
    Cluster ID 18254849236564139202
Citations list http://scholar.google.com/scholar?cites=18254849236564139202&as_sdt=2005&sciodt=0,5&hl=en
 Versions list http://scholar.google.com/scholar?cluster=18254849236564139202&hl=en&as_sdt=0,5
       Excerpt … 2.2.2 Manual Checking We manually check each of the filtered commits through the interfaceprovided by Github which greatly increases the readability of a … These commits match the regularexpression “*power*”which we use, and we exclude them after a manual checking step … 

