[query] http://scholar.google.com/scholar?as_q=&as_epq=%22findbugs%22%20OR%20%22spotbugs%22%20OR%20%22code%20review%22%20OR%20%22static%20analysis%22%20OR%20%22regex%22%20OR%20%22regular%20expression%22%20OR%20%22github%22%20OR%20%22pull%20requests%22&as_oq=&as_eq=&as_occt=any&as_sauthors=Earl%20T.%20Barr&as_publication=&as_ylo=&as_yhi=&as_vis=0&btnG=&hl=en&num=80&as_sdt=0%2C5
         Title Comparing static bug finders and statistical prediction
           URL http://scholar.google.com/https://dl.acm.org/doi/abs/10.1145/2568225.2568269
          Year 2014
     Citations 116
      Versions 5
    Cluster ID 16523210259730307990
Citations list http://scholar.google.com/scholar?cites=16523210259730307990&as_sdt=2005&sciodt=0,5&hl=en
 Versions list http://scholar.google.com/scholar?cluster=16523210259730307990&hl=en&as_sdt=0,5
       Excerpt … density is well-correlated with prerelease defect density; we are interested to use more typicalprocess-metric- based prediction models, rather than static analysis tools per se. Ayewah [3]et al report the results of a survey at Google on how users and projects use FindBugs … 

         Title Learning natural coding conventions
           URL http://scholar.google.com/https://dl.acm.org/doi/abs/10.1145/2635868.2635883
          Year 2014
     Citations 295
      Versions 19
    Cluster ID 9348437320402747516
Citations list http://scholar.google.com/scholar?cites=9348437320402747516&as_sdt=2005&sciodt=0,5&hl=en
 Versions list http://scholar.google.com/scholar?cluster=9348437320402747516&hl=en&as_sdt=0,5
       Excerpt … 1) empirically, programmers en- force conventions heavily through code review feedback andcor- rective commits, and 2) patches that were based on NATURAL- IZE suggestions have beenincorporated into 5 of the most pop- ular open source Java projects on GitHub — of the … 

         Title Typilus: neural type hints
           URL http://scholar.google.com/https://dl.acm.org/doi/abs/10.1145/3385412.3385997
          Year 2020
     Citations 13
      Versions 5
    Cluster ID 7775539979675951158
Citations list http://scholar.google.com/scholar?cites=7775539979675951158&as_sdt=2005&sciodt=0,5&hl=en
 Versions list http://scholar.google.com/scholar?cluster=7775539979675951158&hl=en&as_sdt=0,5
       Excerpt … ADT] when the existing annotation was ADT. We submitted two pull requests forthese errors; both were accepted (Sec. 7). Typilus and the evaluation artefacts canbe found at https://github.com/typilus/typilus. Contributions … 

         Title To type or not to type: quantifying detectable bugs in JavaScript
           URL http://scholar.google.com/https://ieeexplore.ieee.org/abstract/document/7985711/
          Year 2017
     Citations 54
      Versions 14
    Cluster ID 7719430862840560041
Citations list http://scholar.google.com/scholar?cites=7719430862840560041&as_sdt=2005&sciodt=0,5&hl=en
 Versions list http://scholar.google.com/scholar?cluster=7719430862840560041&hl=en&as_sdt=0,5
       Excerpt … provides tight integration to ease linking. In addition, when pull requests or commitmessages reference bugs in the issue tracker, GitHub automatically links the sourcecode change to the bug. For these reasons, projects that use … 

         Title Automated software transplantation
           URL http://scholar.google.com/https://dl.acm.org/doi/abs/10.1145/2771783.2771796
          Year 2015
     Citations 112
      Versions 18
    Cluster ID 1935265043226579681
Citations list http://scholar.google.com/scholar?cites=1935265043226579681&as_sdt=2005&sciodt=0,5&hl=en
 Versions list http://scholar.google.com/scholar?cluster=1935265043226579681&hl=en&as_sdt=0,5
       Excerpt … times each year on average. VLC, MyTar, and Webserver average 105 forks and148 watchers on GitHub. x264 is an award winning and GNU Cflow is a well-known,well-maintained static analysis tool. Test Suites We use three … 

         Title Suggesting accurate method and class names
           URL http://scholar.google.com/https://dl.acm.org/doi/abs/10.1145/2786805.2786849
          Year 2015
     Citations 289
      Versions 15
    Cluster ID 7265187719308145074
Citations list http://scholar.google.com/scholar?cites=7265187719308145074&as_sdt=2005&sciodt=0,5&hl=en
 Versions list http://scholar.google.com/scholar?cluster=7265187719308145074&hl=en&as_sdt=0,5
       Excerpt … During code review, our model can highlight those names to which our model assignsa low score … The reason is simple: in the era of vast, publicly available source coderepositories like GitHub and Bitbucket, code scarcity is a thing of the past … 

         Title Darwinian data structure selection
           URL http://scholar.google.com/https://dl.acm.org/doi/abs/10.1145/3236024.3236043
          Year 2018
     Citations 14
      Versions 11
    Cluster ID 14909673415658463059
Citations list http://scholar.google.com/scholar?cites=14909673415658463059&as_sdt=2005&sciodt=0,5&hl=en
 Versions list http://scholar.google.com/scholar?cluster=14909673415658463059&hl=en&as_sdt=0,5
       Excerpt … For this reason, we use the regression test suites to evaluate the non-functional properties ofthe GitHub projects of this study whenever a performance test suite is not available … It isparserless, since it needs only a regular expression to identify rewrit- ings … 

         Title Automated transplantation of call graph and layout features into Kate
           URL http://scholar.google.com/https://link.springer.com/chapter/10.1007/978-3-319-22183-0_21
          Year 2015
     Citations 21
      Versions 10
    Cluster ID 8132190351327230540
Citations list http://scholar.google.com/scholar?cites=8132190351327230540&as_sdt=2005&sciodt=0,5&hl=en
 Versions list http://scholar.google.com/scholar?cluster=8132190351327230540&hl=en&as_sdt=0,5
       Excerpt … by users on the Kate development forum. Our approach uses a lightweight annotationsystem with Search Based techniques augmented by static analysis for automatedtransplantation. The results are promising: on average … 

         Title A theory of dual channel constraints
           URL http://scholar.google.com/https://dl.acm.org/doi/abs/10.1145/3377816.3381720
          Year 2020
     Citations 4
      Versions 5
    Cluster ID 6336127928060897011
Citations list http://scholar.google.com/scholar?cites=6336127928060897011&as_sdt=2005&sciodt=0,5&hl=en
 Versions list http://scholar.google.com/scholar?cluster=6336127928060897011&hl=en&as_sdt=0,5
       Excerpt … 2https://google.github.io/styleguide/javaguide.html … It uses NL techniques to extract topics andrules from comments and compares them with static analysis results to … on the correctness anddesign, from explicit feedback in code reviews and pull requests, online communications … 

         Title What effect does distributed version control have on oss project organization?
           URL http://scholar.google.com/https://ieeexplore.ieee.org/abstract/document/6607694/
          Year 2013
     Citations 14
      Versions 10
    Cluster ID 6047922369480865372
Citations list http://scholar.google.com/scholar?cites=6047922369480865372&as_sdt=2005&sciodt=0,5&hl=en
 Versions list http://scholar.google.com/scholar?cluster=6047922369480865372&hl=en&as_sdt=0,5
       Excerpt … However, we suggest that social media sites like GitHub may engender other original styles ofcollaboration that deserve further study. I. INTRODUCTION … 3https://github.com/torvalds/linuxaccessed November 2011 TABLE I: A sample of topics and sandboxes in Linux … 

         Title Deep learning type inference
           URL http://scholar.google.com/https://dl.acm.org/doi/abs/10.1145/3236024.3236051
          Year 2018
     Citations 76
      Versions 5
    Cluster ID 2299626649727780001
Citations list http://scholar.google.com/scholar?cites=2299626649727780001&as_sdt=2005&sciodt=0,5&hl=en
 Versions list http://scholar.google.com/scholar?cluster=2299626649727780001&hl=en&as_sdt=0,5
       Excerpt … CCS CONCEPTS • Software and its engineering → Software notations and tools; Automatedstatic analysis; • Theory of computation → Type structures; … ESEC/FSE '18, November 4–9, 2018,Lake Buena Vista, FL, USA Tokens CheckJS Github API TypeScript Compiler Types … 

         Title Time-travel debugging for javascript/node. js
           URL http://scholar.google.com/https://dl.acm.org/doi/abs/10.1145/2950290.2983933
          Year 2016
     Citations 23
      Versions 6
    Cluster ID 2132788414283804303
Citations list http://scholar.google.com/scholar?cites=2132788414283804303&as_sdt=2005&sciodt=0,5&hl=en
 Versions list http://scholar.google.com/scholar?cluster=2132788414283804303&hl=en&as_sdt=0,5
       Excerpt … [7] ChakraCore JavaScript engine source code. https://github.com/Microsoft/ChakraCore. [8]Chronon v3.10. http://chrononsystems.com. [9] Code status dashboard application code.https://github.com/mrkmarron/WorkItemTrackerDemo. [10] SI Feldman and CB Brown … 

         Title Gin: genetic improvement research made easy
           URL http://scholar.google.com/https://dl.acm.org/doi/abs/10.1145/3321707.3321841
          Year 2019
     Citations 14
      Versions 8
    Cluster ID 12329459297126979781
Citations list http://scholar.google.com/scholar?cites=12329459297126979781&as_sdt=2005&sciodt=0,5&hl=en
 Versions list http://scholar.google.com/scholar?cluster=12329459297126979781&hl=en&as_sdt=0,5
       Excerpt … Gin is open source and available online http://github.com/gintool/gin … 2The assignmentmaterial is publicly available at https://github.com/anon-sbse- teacher/project andhttps://github.com/markuswagnergithub/SBSEcourse/. 990 Page 7 … 

         Title Deep learning to detect redundant method comments
           URL http://scholar.google.com/https://arxiv.org/abs/1806.04616
          Year 2018
     Citations 9
      Versions 3
    Cluster ID 15782252214012127393
Citations list http://scholar.google.com/scholar?cites=15782252214012127393&as_sdt=2005&sciodt=0,5&hl=en
 Versions list http://scholar.google.com/scholar?cluster=15782252214012127393&hl=en&as_sdt=0,5
       Excerpt … first. The developer can then review those sentences, eg during a code review,and consider revising them … comments. We start with a large collection of Javaprojects, the GitHub Java Corpus [5], containing 14,785 projects … 

         Title OptTyper: Probabilistic Type Inference by Optimising Logical and Natural Constraints
           URL http://scholar.google.com/https://arxiv.org/abs/2004.00348
          Year 2004
     Citations 1
      Versions 0
    Cluster ID 5731937699735928788
Citations list http://scholar.google.com/scholar?cites=5731937699735928788&as_sdt=2005&sciodt=0,5&hl=en
       Excerpt … OptTyper combines a continuous interpretation of logical constraints derived by a simple programtransformation and static analysis of the … has transformed artificial intelligence, the increasedvolume of publicly available source code, through code repositories like GitHub1 or … 

         Title Flexeme: untangling commits using lexical flows
           URL http://scholar.google.com/https://dl.acm.org/doi/abs/10.1145/3368089.3409693
          Year 2020
     Citations 1
      Versions 3
    Cluster ID 3091482672678146322
Citations list http://scholar.google.com/scholar?cites=3091482672678146322&as_sdt=2005&sciodt=0,5&hl=en
 Versions list http://scholar.google.com/scholar?cluster=3091482672678146322&hl=en&as_sdt=0,5
       Excerpt … All of the tooling and artefacts needed to reproduce this work are available at https://pppi.github.io/Flexeme/. 2 EXAMPLE Localising a bug with git bisect to determine a bug inducing commit,or reviewing a changeset during code review in presence of tangled commits can make … 

         Title Sub-Turing Islands in the Wild
           URL http://scholar.google.com/https://arxiv.org/abs/1905.12734
          Year 2019
     Citations 0
      Versions 2
 Versions list http://scholar.google.com/scholar?cluster=9200911789618756280&hl=en&as_sdt=0,5
       Excerpt … analysis. We illustrate two downstream uses of the analysis. In the first, we found that over 37%of the verification conditions associated with runtime exceptions fell within sub-Turing islandsand thus are statically decidable. A second use of our analysis is during code review … 

         Title Learning python code suggestion with a sparse pointer network
           URL http://scholar.google.com/https://arxiv.org/abs/1611.08307
          Year 2016
     Citations 47
      Versions 6
    Cluster ID 10813503799302771023
Citations list http://scholar.google.com/scholar?cites=10813503799302771023&as_sdt=2005&sciodt=0,5&hl=en
 Versions list http://scholar.google.com/scholar?cluster=10813503799302771023&hl=en&as_sdt=0,5
       Excerpt … We release a large-scale code suggestion corpus of 41M lines of Python code crawled fromGitHub … To address these issues, we create a large corpus of 41M lines of Python code by usinga heuristic for crawling high-quality code repositories from GitHub … 

         Title RefiNym: using names to refine types
           URL http://scholar.google.com/https://dl.acm.org/doi/abs/10.1145/3236024.3236042
          Year 2018
     Citations 11
      Versions 5
    Cluster ID 3537142898638752682
Citations list http://scholar.google.com/scholar?cites=3537142898638752682&as_sdt=2005&sciodt=0,5&hl=en
 Versions list http://scholar.google.com/scholar?cluster=3537142898638752682&hl=en&as_sdt=0,5
       Excerpt … inadvertent lows. RefiNym and our evaluation artifacts are available at htp://github.com/askdash/refinym. 2 … code identiiers. We use a simple regular expression forpascal_case or camelCase to split each name into subtokens. Let … 

         Title On the naturalness of software
           URL http://scholar.google.com/https://dl.acm.org/doi/abs/10.1145/2902362
          Year 2016
     Citations 722
      Versions 28
    Cluster ID 14558049290902271347
Citations list http://scholar.google.com/scholar?cites=14558049290902271347&as_sdt=2005&sciodt=0,5&hl=en
 Versions list http://scholar.google.com/scholar?cluster=14558049290902271347&hl=en&as_sdt=0,5
       Excerpt Page 1. 122 COMMUNICATIONS OF THE ACM | MAY 2016 | VOL. 59 | NO. 5 researchhighlights DOI:10.1145/2902362 On the Naturalness of Software By Abram Hindle, EarlT. Barr, Mark Gabel, Zhendong Su, and Premkumar Devanbu … 

