[query] http://scholar.google.com/scholar?as_q=&as_epq=%22findbugs%22%20OR%20%22spotbugs%22%20OR%20%22code%20review%22%20OR%20%22static%20analysis%22%20OR%20%22regex%22%20OR%20%22regular%20expression%22%20OR%20%22github%22%20OR%20%22pull%20requests%22&as_oq=&as_eq=&as_occt=any&as_sauthors=Elena%20Sherman&as_publication=&as_ylo=&as_yhi=&as_vis=0&btnG=&hl=en&num=80&as_sdt=0%2C5
         Title Structurally defined conditional data-flow static analysis
           URL http://scholar.google.com/https://link.springer.com/chapter/10.1007/978-3-319-89963-3_15
          Year 2018
     Citations 9
      Versions 3
    Cluster ID 15117122340680431368
Citations list http://scholar.google.com/scholar?cites=15117122340680431368&as_sdt=2005&sciodt=0,5&hl=en
 Versions list http://scholar.google.com/scholar?cluster=15117122340680431368&hl=en&as_sdt=0,5
       Excerpt Data flow analysis (DFA) is an important verification technique that computes the effect of data values propagating over program paths. While more precise than flow-insensitive analyses, such an analysis is time-consuming. This paper investigates the acceleration of …

         Title Software engineering collaboratories (SEClabs) and collaboratories as a service (CaaS)
           URL http://scholar.google.com/https://dl.acm.org/doi/abs/10.1145/3236024.3264839
          Year 2018
     Citations 2
      Versions 4
    Cluster ID 14109435969095908098
Citations list http://scholar.google.com/scholar?cites=14109435969095908098&as_sdt=2005&sciodt=0,5&hl=en
 Versions list http://scholar.google.com/scholar?cluster=14109435969095908098&hl=en&as_sdt=0,5
       Excerpt … Moreover, researchers in the program analysis community also investigate an automated programretrieval approach [4], which filters programs from GitHub based on project tags like web … Researchon static pro- gram analysis encompasses several types of static analysis … 

         Title The Java Pathfinder Workshop 2019
           URL http://scholar.google.com/https://dl.acm.org/doi/abs/10.1145/3385678.3385685
          Year 2020
     Citations 0
      Versions 0
       Excerpt … bug detection, alter- native state space search strategies, temporal property verifica- tion andmany more (see https://github.com/javapathfinder/ jpf … The afternoon sessions started with anotherinvited talk on Ad- ventures in Commercial-Grade Static Analysis by Simon Gold- berg … 

         Title PAClab: a program analysis collaboratory
           URL http://scholar.google.com/https://dl.acm.org/doi/abs/10.1145/3368089.3417936
          Year 2020
     Citations 1
      Versions 4
    Cluster ID 3137417531278844057
Citations list http://scholar.google.com/scholar?cites=3137417531278844057&as_sdt=2005&sciodt=0,5&hl=en
 Versions list http://scholar.google.com/scholar?cluster=3137417531278844057&hl=en&as_sdt=0,5
       Excerpt … Tools such as Boa [1] or RepoReaper [5] can query large open-source repositories such as GitHubto find projects that contain programs with desirable features, which potentially could becomebenchmark programs … 2017. Curating GitHub for engineered software projects … 

         Title Formal specification and verification of user-centric privacy policies for ubiquitous systems
           URL http://scholar.google.com/https://dl.acm.org/doi/abs/10.1145/3331076.3331105
          Year 2019
     Citations 3
      Versions 2
    Cluster ID 9829186101348906771
Citations list http://scholar.google.com/scholar?cites=9829186101348906771&as_sdt=2005&sciodt=0,5&hl=en
 Versions list http://scholar.google.com/scholar?cluster=9829186101348906771&hl=en&as_sdt=0,5
       Excerpt … The Φ notation is used to represent a set of φ, in which each φ for a given role ρ, can be expressedas a regular expression that allows sharing attributes of type τ2 after the sharing of attributesof type τ2 as follows … are not allowed to exist in the same regular expression) … 

         Title Evaluation of string constraint solvers in the context of symbolic execution
           URL http://scholar.google.com/https://dl.acm.org/doi/abs/10.1145/2642937.2643003
          Year 2014
     Citations 31
      Versions 3
    Cluster ID 17364930105432161685
Citations list http://scholar.google.com/scholar?cites=17364930105432161685&as_sdt=2005&sciodt=0,5&hl=en
 Versions list http://scholar.google.com/scholar?cluster=17364930105432161685&hl=en&as_sdt=0,5
       Excerpt Page 1. Evaluation of String Constraint Solvers in the Context of Symbolic ExecutionScott Kausler Boise State University Department of Computer Science Boise ID, 83725scottkausler@u.boisestate.edu Elena Sherman Boise … 

         Title A unifying approach to behavioral coverage
           URL http://scholar.google.com/https://digitalcommons.unl.edu/computerscidiss/50/
          Year 2012
     Citations 0
      Versions 7
 Versions list http://scholar.google.com/scholar?cluster=6430118241857280017&hl=en&as_sdt=0,5
       Excerpt … false positive. 1.2 Partial Results of Static Analysis To eliminate false positives verification canproceed further in one of two ways. The first … the same PPC? 1.3 Conditional Static AnalysisOver-approximation of program paths may cause static analyses to fail in verifying P |= φ … 

         Title Redesigning Soot's data-flow analysis framework for abstract interpretation
           URL http://scholar.google.com/https://dl.acm.org/doi/abs/10.1145/3236454.3236506
          Year 2018
     Citations 0
      Versions 2
 Versions list http://scholar.google.com/scholar?cluster=16146625393074907849&hl=en&as_sdt=0,5
       Excerpt … ordering, which is in contrary to what the previous research on the best abstract interpretationpractices suggested a decade prior [4]. The current DFA implementation of Soot is inflexible forintegrating advanced analysis techniques, eg, guided static analysis [9], conditional … 

         Title Minimizing the size of path conditions using convex polyhedra abstract domain
           URL http://scholar.google.com/https://dl.acm.org/doi/abs/10.1145/2693208.2693244
          Year 2015
     Citations 3
      Versions 2
    Cluster ID 3922403242547958191
Citations list http://scholar.google.com/scholar?cites=3922403242547958191&as_sdt=2005&sciodt=0,5&hl=en
 Versions list http://scholar.google.com/scholar?cluster=3922403242547958191&hl=en&as_sdt=0,5
       Excerpt … Page 3. cover invariants, ie, relations between variables that always hold at particular programlocations. The methodology of static anal- ysis is based on the abstract interpretation framework[6] which describes the key components needed to build a static analysis … 

         Title User-defined backtracking criteria for symbolic execution
           URL http://scholar.google.com/https://dl.acm.org/doi/abs/10.1145/2557833.2560578
          Year 2014
     Citations 1
      Versions 2
    Cluster ID 12075565179960512990
Citations list http://scholar.google.com/scholar?cites=12075565179960512990&as_sdt=2005&sciodt=0,5&hl=en
 Versions list http://scholar.google.com/scholar?cluster=12075565179960512990&hl=en&as_sdt=0,5
       Excerpt … 1. INTRODUCTION Symbolic execution is a path-sensitive static analysis techniquethat interprets a program's execution with symbolic input val- ues [4]. Initially, the symbolicvalues are unrestricted, ie, they can be any concrete value … 

         Title Accurate string constraints solution counting with weighted automata
           URL http://scholar.google.com/https://ieeexplore.ieee.org/abstract/document/8952608/
          Year 2019
     Citations 3
      Versions 4
    Cluster ID 3135794492672554066
Citations list http://scholar.google.com/scholar?cites=3135794492672554066&as_sdt=2005&sciodt=0,5&hl=en
 Versions list http://scholar.google.com/scholar?cluster=3135794492672554066&hl=en&as_sdt=0,5
       Excerpt Page 1. Accurate String Constraints Solution Counting with Weighted AutomataElena Sherman Computer Science Department Boise State University Boise, ID,USA elenasherman@boisestate.edu Andrew Harris Computer … 

         Title Exploiting domain and program structure to synthesize efficient and precise data flow analyses (T)
           URL http://scholar.google.com/https://ieeexplore.ieee.org/abstract/document/7372048/
          Year 2015
     Citations 4
      Versions 4
    Cluster ID 2195703100642933290
Citations list http://scholar.google.com/scholar?cites=2195703100642933290&as_sdt=2005&sciodt=0,5&hl=en
 Versions list http://scholar.google.com/scholar?cluster=2195703100642933290&hl=en&as_sdt=0,5
       Excerpt … forms of program verifi- cation. Static analysis, in the form of data flow analysis, hasbeen a topic of active research since the late 1960s, where they were developedto improve the quality of code generators. A data-flow analysis … 

         Title Mothers of preterm infants have individualized breast milk microbiota that changes temporally based on maternal characteristics
           URL http://scholar.google.com/https://www.sciencedirect.com/science/article/pii/S1931312820304248
          Year 2020
     Citations 6
      Versions 6
    Cluster ID 16704227015701848289
Citations list http://scholar.google.com/scholar?cites=16704227015701848289&as_sdt=2005&sciodt=0,5&hl=en
 Versions list http://scholar.google.com/scholar?cluster=16704227015701848289&hl=en&as_sdt=0,5

         Title Saturation-based testing of concurrent programs
           URL http://scholar.google.com/https://dl.acm.org/doi/abs/10.1145/1595696.1595706
          Year 2009
     Citations 35
      Versions 0
    Cluster ID 5213187700366247641
Citations list http://scholar.google.com/scholar?cites=5213187700366247641&as_sdt=2005&sciodt=0,5&hl=en
       Excerpt Page 1. Saturation-based Testing of Concurrent Programs∗ Elena Sherman, Matthew B. Dwyer,Sebastian Elbaum Dept. of Computer Science and Engineering 256 Avery Hall University ofNebraska Lincoln, NE 68588-0115 {esherman,dwyer,elbaum}@cse.unl.edu … 

         Title Recurrent neural network properties and their verification with monte carlo techniques
           URL http://scholar.google.com/https://scholarworks.boisestate.edu/cs_facpubs/229/
          Year 2020
     Citations 1
      Versions 4
    Cluster ID 2038795729906994017
Citations list http://scholar.google.com/scholar?cites=2038795729906994017&as_sdt=2005&sciodt=0,5&hl=en
 Versions list http://scholar.google.com/scholar?cluster=2038795729906994017&hl=en&as_sdt=0,5
       Excerpt … Memorization property: We say that M sat- isfies Memorization property if for the whole systemthe property Hi holds on all the paths globally with a very high threshold e = 1−ǫ , for a smallvalue of ǫ > 0. This property can be summarized as the following regular expression … 

         Title Deciding Type-Based Partial-Order Constraints for Path-Sensitive Analysis
           URL http://scholar.google.com/https://dl.acm.org/doi/abs/10.1145/2755971
          Year 2015
     Citations 3
      Versions 2
    Cluster ID 1350309607338367170
Citations list http://scholar.google.com/scholar?cites=1350309607338367170&as_sdt=2005&sciodt=0,5&hl=en
 Versions list http://scholar.google.com/scholar?cluster=1350309607338367170&hl=en&as_sdt=0,5
       Excerpt … The lossy optimization reduces the type hierarchy by reducing the scope of the hi- erarchy. Forexample, the hierarchy can be narrowed down by a lightweight static analysis that explores apart of a program under test and safely removes irrelevant types from the hierarchy … 

