[query] http://scholar.google.com/scholar?as_q=&as_epq=%22findbugs%22%20OR%20%22spotbugs%22%20OR%20%22code%20review%22%20OR%20%22static%20analysis%22%20OR%20%22regex%22%20OR%20%22regular%20expression%22%20OR%20%22github%22%20OR%20%22pull%20requests%22&as_oq=&as_eq=&as_occt=any&as_sauthors=Eunsuk%20Kang&as_publication=&as_ylo=&as_yhi=&as_vis=0&btnG=&hl=en&num=80&as_sdt=0%2C5
         Title Detection of design flaws in the android permission protocol through bounded verification
           URL http://scholar.google.com/https://link.springer.com/chapter/10.1007/978-3-319-19249-9_6
          Year 2015
     Citations 38
      Versions 12
    Cluster ID 5068330203377108291
Citations list http://scholar.google.com/scholar?cites=5068330203377108291&as_sdt=2005&sciodt=0,5&hl=en
 Versions list http://scholar.google.com/scholar?cluster=5068330203377108291&hl=en&as_sdt=0,5
       Excerpt … Many issues are overarching design flaws that require system-wide reasoning—not easilyattainable through conventional analysis methods such as testing and static analysis, whichare more suited for detecting bugs in individual parts of the system … 

         Title TerraSwarm
           URL http://scholar.google.com/https://ptolemy.berkeley.edu/projects/chess/pubs/1190/KimEtAl_SST_IoTDI2017_Presentation.pdf
          Year 2017
     Citations 0
      Versions 3
      PDF link http://scholar.google.com/https://ptolemy.berkeley.edu/projects/chess/pubs/1190/KimEtAl_SST_IoTDI2017_Presentation.pdf
 Versions list http://scholar.google.com/scholar?cluster=3366745783832630035&hl=en&as_sdt=0,5
       Excerpt … 10 – An open-source toolkit for authentication/authorization of the IoT (available onhttps://github.com/iotauth) Page 11 … Result: Formally proven to satisfy the security properties![1] https://github.com/iotauth/security_analysis [2] http://alloy.mit.edu/alloy/ Page 26 … 

         Title A formal approach for detection of security flaws in the android permission system
           URL http://scholar.google.com/https://link.springer.com/article/10.1007/s00165-017-0445-z
          Year 2018
     Citations 27
      Versions 7
    Cluster ID 10599038082942846011
Citations list http://scholar.google.com/scholar?cites=10599038082942846011&as_sdt=2005&sciodt=0,5&hl=en
 Versions list http://scholar.google.com/scholar?cluster=10599038082942846011&hl=en&as_sdt=0,5
       Excerpt … Many issues are overarching design flaws that require system-wide reasoning—not easilyattainable through conventional analysis methods such as testing and static analysis, whichare more suited for detecting bugs in individual parts of the system … 

         Title Teaching Software Engineering for Al-Enabled Systems
           URL http://scholar.google.com/https://ieeexplore.ieee.org/abstract/document/9291899/
          Year 2020
     Citations 8
      Versions 8
    Cluster ID 3262280429902133090
Citations list http://scholar.google.com/scholar?cites=3262280429902133090&as_sdt=2005&sciodt=0,5&hl=en
 Versions list http://scholar.google.com/scholar?cluster=3262280429902133090&hl=en&as_sdt=0,5
       Excerpt … time. It is meant to start a discussion and provides teaching materials (includingslides, exercises, and assignments) as sharable artifacts released under a CreativeCommons license at https://github.com/ckaestne/seai/. Our … 

         Title Synthesis of assurance cases for software certification
           URL http://scholar.google.com/https://dl.acm.org/doi/abs/10.1145/3377816.3381728
          Year 2020
     Citations 0
      Versions 4
 Versions list http://scholar.google.com/scholar?cluster=13070230831785300375&hl=en&as_sdt=0,5
       Excerpt … Static analysis techniques have made tremendous progress in the past decade … We leveragewell-understood classes of static analysis problems, such as type qualifiers [6], to facilitateautomated deriva- tion of customized static analyzers that are capable of effectively … 

         Title A toolkit for construction of authorization service infrastructure for the Internet of Things
           URL http://scholar.google.com/https://dl.acm.org/doi/abs/10.1145/3054977.3054980
          Year 2017
     Citations 34
      Versions 10
    Cluster ID 11539084905474382926
Citations list http://scholar.google.com/scholar?cites=11539084905474382926&as_sdt=2005&sciodt=0,5&hl=en
 Versions list http://scholar.google.com/scholar?cluster=11539084905474382926&hl=en&as_sdt=0,5
       Excerpt … An open-source implementation of Auth is available on our GitHub repository4 … These keys aregenerated by Auth and distributed only to entities 4https://github.com/iotauth/iotauth5https://accessors.org/ Client SecureCommClient Accessor Access Received Message … 

         Title Separation of concerns for dependable software design
           URL http://scholar.google.com/https://dl.acm.org/doi/abs/10.1145/1882362.1882399
          Year 2010
     Citations 16
      Versions 7
    Cluster ID 14964362377635042702
Citations list http://scholar.google.com/scholar?cites=14964362377635042702&as_sdt=2005&sciodt=0,5&hl=en
 Versions list http://scholar.google.com/scholar?cluster=14964362377635042702&hl=en&as_sdt=0,5
       Excerpt … it also includes standard structures for documents and guidelines for meetings (eg, for require-ments gathering, design and code review); and most … 20, which is likely far more than can beachieved by advances in the near future in language design, static analysis or verification … 

         Title Alloy*: A general-purpose higher-order relational constraint solver
           URL http://scholar.google.com/https://link.springer.com/article/10.1007/s10703-016-0267-2
          Year 2019
     Citations 72
      Versions 10
    Cluster ID 5901602883646326225
Citations list http://scholar.google.com/scholar?cites=5901602883646326225&as_sdt=2005&sciodt=0,5&hl=en
 Versions list http://scholar.google.com/scholar?cluster=5901602883646326225&hl=en&as_sdt=0,5
       Excerpt The last decade has seen a dramatic growth in the use of constraint solvers as acomputational mechanism, not only for analysis of software, but also at ru.

         Title An architectural mechanism for resilient IoT services
           URL http://scholar.google.com/https://dl.acm.org/doi/abs/10.1145/3137003.3137010
          Year 2017
     Citations 7
      Versions 4
    Cluster ID 16504069023389120335
Citations list http://scholar.google.com/scholar?cites=16504069023389120335&as_sdt=2005&sciodt=0,5&hl=en
 Versions list http://scholar.google.com/scholar?cluster=16504069023389120335&hl=en&as_sdt=0,5
       Excerpt … fails. When a failure occurs, Auth's registered entities should detect the failure and migrate totrusted Auths. The approach described here is implemented as part of SST and available in SST'sopen- source repository (https://github.com/iotauth). 3.3.1 Preparing Migration … 

         Title A lightweight code analysis and its role in evaluation of a dependability case
           URL http://scholar.google.com/https://dl.acm.org/doi/abs/10.1145/1985793.1985799
          Year 2011
     Citations 20
      Versions 13
    Cluster ID 3666692379634349692
Citations list http://scholar.google.com/scholar?cites=3666692379634349692&as_sdt=2005&sciodt=0,5&hl=en
 Versions list http://scholar.google.com/scholar?cluster=3666692379634349692&hl=en&as_sdt=0,5
       Excerpt … A static analysis, developed specially for the pur- pose of this study, was applied to the code,which generated a list of side conditions that represented obligations to be discharged – someabout the physical peripherals, and some about the computer infrastructure … 

         Title Resilient Authentication and Authorization for the Internet of Things (IoT) Using Edge Computing
           URL http://scholar.google.com/https://dl.acm.org/doi/abs/10.1145/3375837
          Year 2020
     Citations 5
      Versions 3
    Cluster ID 4582399911686900764
Citations list http://scholar.google.com/scholar?cites=4582399911686900764&as_sdt=2005&sciodt=0,5&hl=en
 Versions list http://scholar.google.com/scholar?cluster=4582399911686900764&hl=en&as_sdt=0,5
       Excerpt … All of our work, including implementation and experimental setups, is also available on anopen-source GitHub repository.5 3.1 Background: SST's Authentication and Authorization Process3.1.1 Session Key. In SST, each IoT entity is authenticated and authorized by an Auth … 

         Title Model-based security analysis of a water treatment system
           URL http://scholar.google.com/https://ieeexplore.ieee.org/abstract/document/7809302/
          Year 2016
     Citations 54
      Versions 4
    Cluster ID 12859643461539562881
Citations list http://scholar.google.com/scholar?cites=12859643461539562881&as_sdt=2005&sciodt=0,5&hl=en
 Versions list http://scholar.google.com/scholar?cluster=12859643461539562881&hl=en&as_sdt=0,5
       Excerpt … For example, the physical components exhibit continuous behaviors, which are tradi- tionallymodeled by engineers using differential equations, and are thus hard to integrate with the discretemethods familiar to computer scientists (such as static analysis and model checking) … 

         Title A behavioral notion of robustness for software systems
           URL http://scholar.google.com/https://dl.acm.org/doi/abs/10.1145/3368089.3409753
          Year 2020
     Citations 2
      Versions 2
    Cluster ID 6469469794267902976
Citations list http://scholar.google.com/scholar?cites=6469469794267902976&as_sdt=2005&sciodt=0,5&hl=en
 Versions list http://scholar.google.com/scholar?cluster=6469469794267902976&hl=en&as_sdt=0,5
       Excerpt Page 1. A Behavioral Notion of Robustness for Software Systems Changjian ZhangSchool of Computer Science Carnegie Mellon University Pittsburgh, USAchangjiz@andrew.cmu.edu David Garlan School of Computer Science … 

         Title Synthesis-Based Resolution of Feature Interactions in Cyber-Physical Systems
           URL http://scholar.google.com/https://ieeexplore.ieee.org/abstract/document/9286047/
          Year 2020
     Citations 0
      Versions 0
       Excerpt Page 1. Synthesis-Based Resolution of Feature Interactions in Cyber-PhysicalSystems Benjamin Gafford Institute for Software Research Carnegie Mellon Universitygafford@cmu.edu Tobias Dürschmid Institute for Software … 

         Title Automated synthesis of secure platform mappings
           URL http://scholar.google.com/https://link.springer.com/chapter/10.1007/978-3-030-25540-4_12
          Year 2019
     Citations 1
      Versions 7
    Cluster ID 7322637585800017052
Citations list http://scholar.google.com/scholar?cites=7322637585800017052&as_sdt=2005&sciodt=0,5&hl=en
 Versions list http://scholar.google.com/scholar?cluster=7322637585800017052&hl=en&as_sdt=0,5
       Excerpt System development often involves decisions about how a high-level design is to be implementedusing primitives from a low-level platform. Certain decisions, however, may introduce undesirable...

         Title Design space exploration for security
           URL http://scholar.google.com/https://ieeexplore.ieee.org/abstract/document/7839786/
          Year 2016
     Citations 10
      Versions 3
    Cluster ID 18025927027403666637
Citations list http://scholar.google.com/scholar?cites=18025927027403666637&as_sdt=2005&sciodt=0,5&hl=en
 Versions list http://scholar.google.com/scholar?cluster=18025927027403666637&hl=en&as_sdt=0,5
       Excerpt … RELATED WORK a) Verification and static analysis for security: State-of- the-art analysis toolscan now be applied to realistic systems, and discover domain-specific security issues (eg,information flow violations) in addition to more common vulnerabilities (eg, buffer overflows … 

         Title Components, platforms and possibilities: towards generic automation for MDA
           URL http://scholar.google.com/https://dl.acm.org/doi/abs/10.1145/1879021.1879027
          Year 2010
     Citations 72
      Versions 7
    Cluster ID 12084181095013862650
Citations list http://scholar.google.com/scholar?cites=12084181095013862650&as_sdt=2005&sciodt=0,5&hl=en
 Versions list http://scholar.google.com/scholar?cluster=12084181095013862650&hl=en&as_sdt=0,5
       Excerpt … The restriction operator imports the contents of one domain into another, but automaticallyconjuncts the conforms query of the imported domain onto the conforms query of the importer.It also performs static analysis to en- sure that the composite logic program is well-behaved … 

         Title Platform-Independent QoS Parameters and Primitive APIs for Automotive Software
           URL http://scholar.google.com/https://ieeexplore.ieee.org/abstract/document/8569481/
          Year 2018
     Citations 0
      Versions 0
       Excerpt … of an API may an- notate its key operations with pre- and post-conditions that describe theexpected properties of QoS parameters (similar to functional specifications in languages likeJava [3] or C# [2]). This specification could then be leveraged by a static analysis tool to … 

         Title Integrated pharmaco-proteogenomics defines two subgroups in isocitrate dehydrogenase wild-type glioblastoma with prognostic and therapeutic …
           URL http://scholar.google.com/https://www.nature.com/articles/s41467-020-17139-y?elqTrackId=da7e143e8988410b9b78c55fdcf8efcf
          Year 2020
     Citations 6
      Versions 12
    Cluster ID 11322032428922069417
Citations list http://scholar.google.com/scholar?cites=11322032428922069417&as_sdt=2005&sciodt=0,5&hl=en
 Versions list http://scholar.google.com/scholar?cluster=11322032428922069417&hl=en&as_sdt=0,5
       Excerpt The prognostic and therapeutic relevance of molecular subtypes for the most aggressive isocitratedehydrogenase 1/2 (IDH) wild-type glioblastoma (GBM) is currently limited due to high molecularheterogeneity of the tumors that impedes patient stratification. Here, we describe a … 

