[query] http://scholar.google.com/scholar?as_q=&as_epq=%22findbugs%22%20OR%20%22spotbugs%22%20OR%20%22code%20review%22%20OR%20%22static%20analysis%22%20OR%20%22regex%22%20OR%20%22regular%20expression%22%20OR%20%22github%22%20OR%20%22pull%20requests%22&as_oq=&as_eq=&as_occt=any&as_sauthors=Ewen%20Denney&as_publication=&as_ylo=&as_yhi=&as_vis=0&btnG=&hl=en&num=80&as_sdt=0%2C5
         Title Generating code review documentation for auto-generated mission-critical software
           URL http://scholar.google.com/https://ieeexplore.ieee.org/abstract/document/5226807/
          Year 2009
     Citations 7
      Versions 12
    Cluster ID 11343589787056356301
Citations list http://scholar.google.com/scholar?cites=11343589787056356301&as_sdt=2005&sciodt=0,5&hl=en
 Versions list http://scholar.google.com/scholar?cluster=11343589787056356301&hl=en&as_sdt=0,5
       Excerpt Model-based design and automated code generation are increasingly used at NASA to produce actual flight code, particularly in the Guidance, Navigation, and Control domain. However, since code generators are typically not qualified, there is no guarantee that their …

         Title Verification of autonomous systems for space applications
           URL http://scholar.google.com/https://ieeexplore.ieee.org/abstract/document/1656029/
          Year 2006
     Citations 36
      Versions 9
    Cluster ID 15336629390293692624
Citations list http://scholar.google.com/scholar?cites=15336629390293692624&as_sdt=2005&sciodt=0,5&hl=en
 Versions list http://scholar.google.com/scholar?cluster=15336629390293692624&hl=en&as_sdt=0,5
       Excerpt … In our work, we explore how advanced V&V techniques, such as static analysis, modelchecking, and compositional verification, can be used to gain trust in model-basedsystems … Static analysis is quite good at catching coding errors … 

         Title Adding assurance to automatically generated code
           URL http://scholar.google.com/https://ieeexplore.ieee.org/abstract/document/1281768/
          Year 2004
     Citations 17
      Versions 10
    Cluster ID 13748548451980397093
Citations list http://scholar.google.com/scholar?cites=13748548451980397093&as_sdt=2005&sciodt=0,5&hl=en
 Versions list http://scholar.google.com/scholar?cluster=13748548451980397093&hl=en&as_sdt=0,5
       Excerpt … to automatic certification of safety properties is feasible. We also compared our approach withthe state-of-the- art static analysis tool PolySpace; its runtimes are shown in the last column ofthe table … “What makes a code review trust- worthy?,” in Proc. HICSS-37 … 

         Title Software certification and software certificate management systems
           URL http://scholar.google.com/https://www.academia.edu/download/48033988/sc05-proceedings.pdf#page=9
          Year 2005
     Citations 30
      Versions 12
    Cluster ID 11926949063465758189
Citations list http://scholar.google.com/scholar?cites=11926949063465758189&as_sdt=2005&sciodt=0,5&hl=en
 Versions list http://scholar.google.com/scholar?cluster=11926949063465758189&hl=en&as_sdt=0,5
       Excerpt … For example, if the correctness of a component is to be certified using traditional black-box testing,the test harness and the test scripts are supporting evidence for the certificate; at the same time,the test harness can itself be certified, eg, by a code review, and is thus the artifact … 

         Title A robust compositional architecture for autonomous systems
           URL http://scholar.google.com/https://ieeexplore.ieee.org/abstract/document/1655802/
          Year 2006
     Citations 10
      Versions 15
    Cluster ID 5484872044332728603
Citations list http://scholar.google.com/scholar?cites=5484872044332728603&as_sdt=2005&sciodt=0,5&hl=en
 Versions list http://scholar.google.com/scholar?cluster=5484872044332728603&hl=en&as_sdt=0,5
       Excerpt … In addition, compositional techniques allow us to verify system-level properties from componentproperties. Static analysis is a powerful technique to directly analyze software code, withoutrequiring a formal modeling of the software components and properties … Static analysis … 

         Title Rapid exploration of the design space during automatic generation of Kalman filter code
           URL http://scholar.google.com/https://ieeexplore.ieee.org/abstract/document/1559631/
          Year 2005
     Citations 4
      Versions 8
    Cluster ID 1946231422353689042
Citations list http://scholar.google.com/scholar?cites=1946231422353689042&as_sdt=2005&sciodt=0,5&hl=en
 Versions list http://scholar.google.com/scholar?cluster=1946231422353689042&hl=en&as_sdt=0,5
       Excerpt … (b) Code review. can generate documentation at the same time as code, and (c) Use ofverification tools, eg static analysis. it can automatically demonstrate that the code itgenerates is free from various classes of defects. In more detail, this pro … 

         Title Methods Symposium
           URL http://scholar.google.com/https://ti.arc.nasa.gov/m/events/nfm09/NFM09Proceedings.pdf
          Year 2009
     Citations 0
      Versions 4
      PDF link http://scholar.google.com/https://ti.arc.nasa.gov/m/events/nfm09/NFM09Proceedings.pdf
 Versions list http://scholar.google.com/scholar?cluster=2451075772631555622&hl=en&as_sdt=0,5
       Excerpt … The specific topics covered by NFM 2009 included but were not limited to: formal verification,including theorem proving, model checking, and static analysis; automated testing and simulationtech- niques; model-based development; techniques and algorithms for scaling formal … 

         Title Formal Methods Symposium
           URL http://scholar.google.com/https://ntrs.nasa.gov/api/citations/20100024454/downloads/20100024454.pdf
          Year 2009
     Citations 0
      Versions 7
      PDF link http://scholar.google.com/https://ntrs.nasa.gov/api/citations/20100024454/downloads/20100024454.pdf
 Versions list http://scholar.google.com/scholar?cluster=4179689716578677085&hl=en&as_sdt=0,5
       Excerpt … The specific topics covered by NFM 2009 included but were not limited to: formal verification,including theorem proving, model checking, and static analysis; automated testing and simulationtech- niques; model-based development; techniques and algorithms for scaling formal … 

         Title Proceedings of the First NASA Formal Methods Symposium
           URL http://scholar.google.com/https://core.ac.uk/download/pdf/10554478.pdf
          Year 2009
     Citations 0
      Versions 3
      PDF link http://scholar.google.com/https://core.ac.uk/download/pdf/10554478.pdf
 Versions list http://scholar.google.com/scholar?cluster=9463263485835396135&hl=en&as_sdt=0,5
       Excerpt … The specific topics covered by NFM 2009 included but were not limited to: formal verification,including theorem proving, model checking, and static analysis; automated testing and simulationtech- niques; model-based development; techniques and algorithms for scaling formal … 

         Title Explaining verification conditions
           URL http://scholar.google.com/https://link.springer.com/chapter/10.1007/978-3-540-79980-1_12
          Year 2008
     Citations 32
      Versions 21
    Cluster ID 9835550828025279502
Citations list http://scholar.google.com/scholar?cites=9835550828025279502&as_sdt=2005&sciodt=0,5&hl=en
 Versions list http://scholar.google.com/scholar?cluster=9835550828025279502&hl=en&as_sdt=0,5
       Excerpt … corresponding source code fragments. Even if all VCs can be proven automatically,there is often still a need to understand their intent, for example if the formal verificationis being used to support a code review. Unfortunately, VCs are … 

         Title Constructing a safety case for automatically generated code from formal program verification information
           URL http://scholar.google.com/https://link.springer.com/chapter/10.1007/978-3-540-87698-4_22
          Year 2008
     Citations 28
      Versions 16
    Cluster ID 11262502888720085863
Citations list http://scholar.google.com/scholar?cites=11262502888720085863&as_sdt=2005&sciodt=0,5&hl=en
 Versions list http://scholar.google.com/scholar?cluster=11262502888720085863&hl=en&as_sdt=0,5
       Excerpt … The Hoare-approach to safety certification is more flexible than special-purposestatic analysis tools such as PolySpace [18] that can only handle the comparativelysim- ple language-specific properties. It also provides explicit … 

         Title Deriving safety cases from automatically constructed proofs
           URL http://scholar.google.com/https://digital-library.theiet.org/content/conferences/10.1049/cp.2009.1535
          Year 2009
     Citations 16
      Versions 15
    Cluster ID 12703387233557795417
Citations list http://scholar.google.com/scholar?cites=12703387233557795417&as_sdt=2005&sciodt=0,5&hl=en
 Versions list http://scholar.google.com/scholar?cluster=12703387233557795417&hl=en&as_sdt=0,5
       Excerpt … However, many tools commonly applied to ensure software safety rely on black-box techniquessuch as static analysis [22] or model checking [7] that produce only opaque claims about thesafety of the software but not enough evidence to justify their claim … 

         Title Tool support for assurance case development
           URL http://scholar.google.com/https://link.springer.com/article/10.1007/s10515-017-0230-5
          Year 2018
     Citations 55
      Versions 6
    Cluster ID 10565695615833599556
Citations list http://scholar.google.com/scholar?cites=10565695615833599556&as_sdt=2005&sciodt=0,5&hl=en
 Versions list http://scholar.google.com/scholar?cluster=10565695615833599556&hl=en&as_sdt=0,5
       Excerpt … requisite degree of assurance. For example, a (higher-level) claim of software fitnessmay be supported by a proof of correctness, as well as through other verificationevidence, such as testing, static analysis, etc. In general, the … 

         Title AdvoCATE: An assurance case automation toolset
           URL http://scholar.google.com/https://link.springer.com/chapter/10.1007/978-3-642-33675-1_2
          Year 2012
     Citations 76
      Versions 9
    Cluster ID 9195466775712643721
Citations list http://scholar.google.com/scholar?cites=9195466775712643721&as_sdt=2005&sciodt=0,5&hl=en
 Versions list http://scholar.google.com/scholar?cluster=9195466775712643721&hl=en&as_sdt=0,5
       Excerpt … Work- shop on Assurance Cases for Security - The Metrics Challenge, Dependable Systemsand Networks (July 2007) [13] Kestrel Technology LLP and NASA Langley Research Center:CertWare tool, http://nasa.github.com/CertWare/ (last accessed May 2011) [14] Matsuno, Y … 

         Title A High-Level Certification Language for Automatically Generated Code
           URL http://citeseerx.ist.psu.edu/viewdoc/download?doi=10.1.1.154.7874&rep=rep1&type=pdf
     Citations 1
      Versions 6
    Cluster ID 15563396046888025851
Citations list http://scholar.google.com/scholar?cites=15563396046888025851&as_sdt=2005&sciodt=0,5&hl=en
 Versions list http://scholar.google.com/scholar?cluster=15563396046888025851&hl=en&as_sdt=0,5
       Excerpt … Unlike a “pure” regular expression language, our pattern lan- guage allows us, to some limiteddegree, to express context depen- dencies … Constrained patterns generalize the idea oflookahead that is well-known from regular expression matching … 

         Title Formal Approaches to Ensuring the Safety of Space Software
           URL http://scholar.google.com/https://www.researchgate.net/profile/Ewen_Denney/publication/266270277_Formal_Approaches_to_Ensuring_the_Safety_of_Space_Software/links/56cdd5a908ae4d8d64997b18.pdf
          Year 2006
     Citations 1
      Versions 7
    Cluster ID 8784015970887164156
      PDF link http://scholar.google.com/https://www.researchgate.net/profile/Ewen_Denney/publication/266270277_Formal_Approaches_to_Ensuring_the_Safety_of_Space_Software/links/56cdd5a908ae4d8d64997b18.pdf
Citations list http://scholar.google.com/scholar?cites=8784015970887164156&as_sdt=2005&sciodt=0,5&hl=en
 Versions list http://scholar.google.com/scholar?cluster=8784015970887164156&hl=en&as_sdt=0,5
       Excerpt Page 1. Formal Approaches to Ensuring the Safety of Space Software Ewen Denney& Bernd Fischer {edenney|fisch}@email.arc.nasa.gov Robust Software EngineeringGroup USRA/RIACS, NASA Ames Research Center Joint … 

         Title A programmable SDN+ NFV-based architecture for UAV telemetry monitoring
           URL http://scholar.google.com/https://ieeexplore.ieee.org/abstract/document/7983162/
          Year 2017
     Citations 32
      Versions 8
    Cluster ID 2212270538515297572
Citations list http://scholar.google.com/scholar?cites=2212270538515297572&as_sdt=2005&sciodt=0,5&hl=en
 Versions list http://scholar.google.com/scholar?cluster=2212270538515297572&hl=en&as_sdt=0,5
       Excerpt … [14] NASA, Ames Research Center. SIERRA Mishap Classification 2013. [15] RYUSDN Controller. https://osrg.github.io/ryu/. Accessed: June 2016. [16] E. Pastor et al.In-flight contingency management for unmanned aerial vehicles … 

         Title A verification-driven approach to traceability and documentation for auto-generated mathematical software
           URL http://scholar.google.com/https://ieeexplore.ieee.org/abstract/document/5431735/
          Year 2009
     Citations 11
      Versions 13
    Cluster ID 5717477273526260496
Citations list http://scholar.google.com/scholar?cites=5717477273526260496&as_sdt=2005&sciodt=0,5&hl=en
 Versions list http://scholar.google.com/scholar?cluster=5717477273526260496&hl=en&as_sdt=0,5
       Excerpt … Figure 2 shows some concepts of the GN&C domain at different levels of abstraction. At the lowestlevel, at which a code review is actually carried out, is the code itself along with primitive arithmeticoperators … A specification language for static analysis of student exercises … 

         Title Product-oriented Software Certification Process for Software Synthesis
           URL http://scholar.google.com/https://www.academia.edu/download/39980713/Product-oriented_Software_Certification_20151113-6940-1mokoos.pdf
          Year 2004
     Citations 1
      Versions 6
    Cluster ID 10443969091563513266
      PDF link http://scholar.google.com/https://www.academia.edu/download/39980713/Product-oriented_Software_Certification_20151113-6940-1mokoos.pdf
Citations list http://scholar.google.com/scholar?cites=10443969091563513266&as_sdt=2005&sciodt=0,5&hl=en
 Versions list http://scholar.google.com/scholar?cluster=10443969091563513266&hl=en&as_sdt=0,5
       Excerpt … R R Design and Development Modular Approach M M Design, Development Static AnalysisDynamic Analysis HR HR Verification Software Quality Metrics … Modeling R R Validation ChecklistsStatic Analysis Field Trials HR HR Assessment September 25, 2003 Page 15 … 

         Title A generic software safety document generator
           URL http://scholar.google.com/https://link.springer.com/chapter/10.1007/978-3-540-27815-3_12
          Year 2004
     Citations 11
      Versions 17
    Cluster ID 11887009058949417068
Citations list http://scholar.google.com/scholar?cites=11887009058949417068&as_sdt=2005&sciodt=0,5&hl=en
 Versions list http://scholar.google.com/scholar?cluster=11887009058949417068&hl=en&as_sdt=0,5
       Excerpt … It takes augmented proof structures and abstracts them to provide explanations of how theprogram has been synthesized from a specification. One tool which does combine verificationand documentation is the PolySpace static analysis tool [Pol] … 

