[query] http://scholar.google.com/scholar?as_q=&as_epq=%22findbugs%22%20OR%20%22spotbugs%22%20OR%20%22code%20review%22%20OR%20%22static%20analysis%22%20OR%20%22regex%22%20OR%20%22regular%20expression%22%20OR%20%22github%22%20OR%20%22pull%20requests%22&as_oq=&as_eq=&as_occt=any&as_sauthors=Fabio%20Palomba&as_publication=&as_ylo=&as_yhi=&as_vis=0&btnG=&hl=en&num=80&as_sdt=0%2C5
         Title Context is king: The developer perspective on the usage of static analysis tools
           URL http://scholar.google.com/https://ieeexplore.ieee.org/abstract/document/8330195/
          Year 2018
     Citations 51
      Versions 8
    Cluster ID 14046530394659259752
Citations list http://scholar.google.com/scholar?cites=14046530394659259752&as_sdt=2005&sciodt=0,5&hl=en
 Versions list http://scholar.google.com/scholar?cluster=14046530394659259752&hl=en&as_sdt=0,5
       Excerpt Automatic static analysis tools (ASATs) are tools that support automatic code quality evaluation of software systems with the aim of (i) avoiding and/or removing bugs and (ii) spotting design issues. Hindering their wide-spread acceptance are their (i) high false …

         Title Information needs in contemporary code review
           URL http://scholar.google.com/https://dl.acm.org/doi/abs/10.1145/3274404
          Year 2018
     Citations 31
      Versions 10
    Cluster ID 6382098102333483469
Citations list http://scholar.google.com/scholar?cites=6382098102333483469&as_sdt=2005&sciodt=0,5&hl=en
 Versions list http://scholar.google.com/scholar?cluster=6382098102333483469&hl=en&as_sdt=0,5
       Excerpt Contemporary code review is a widespread practice used by software engineers to maintain high software quality and share project knowledge. However, conducting proper code review takes time and developers often have limited time for review. In this paper, we aim at …

         Title How developers engage with static analysis tools in different contexts
           URL http://scholar.google.com/https://link.springer.com/article/10.1007/s10664-019-09750-5
          Year 2020
     Citations 21
      Versions 6
    Cluster ID 10394902106589670074
Citations list http://scholar.google.com/scholar?cites=10394902106589670074&as_sdt=2005&sciodt=0,5&hl=en
 Versions list http://scholar.google.com/scholar?cluster=10394902106589670074&hl=en&as_sdt=0,5
       Excerpt Automatic static analysis tools (ASATs) are instruments that support code quality assessment by automatically detecting defects and design issues. Despite their popularity, they are characterized by (i) a high false positive rate and (ii) the low comprehensibility of …

         Title Test-driven code review: an empirical study
           URL http://scholar.google.com/https://ieeexplore.ieee.org/abstract/document/8811911/
          Year 2019
     Citations 12
      Versions 11
    Cluster ID 14313838889540173235
Citations list http://scholar.google.com/scholar?cites=14313838889540173235&as_sdt=2005&sciodt=0,5&hl=en
 Versions list http://scholar.google.com/scholar?cluster=14313838889540173235&hl=en&as_sdt=0,5
       Excerpt Test-Driven Code Review (TDR) is a code review practice in which a reviewer inspects a patch by examining the changed test code before the changed production code. Although this practice has been mentioned positively by practitioners in informal literature and …

         Title On the effect of code review on code smells
           URL http://scholar.google.com/https://arxiv.org/abs/1912.10098
          Year 2019
     Citations 5
      Versions 2
    Cluster ID 828936522634689393
Citations list http://scholar.google.com/scholar?cites=828936522634689393&as_sdt=2005&sciodt=0,5&hl=en
 Versions list http://scholar.google.com/scholar?cluster=828936522634689393&hl=en&as_sdt=0,5
       Excerpt Code smells are symptoms of poor design quality. Since code review is a process that also aims at improving code quality, we investigate whether and how code review influences the severity of code smells. In this study, we analyze more than 21,000 code reviews belonging …

         Title A preliminary study on the adequacy of static analysis warnings with respect to code smell prediction
           URL http://scholar.google.com/https://dl.acm.org/doi/abs/10.1145/3416505.3423559
          Year 2020
     Citations 0
      Versions 2
 Versions list http://scholar.google.com/scholar?cluster=10598388708736091973&hl=en&as_sdt=0,5
       Excerpt Code smells are poor implementation choices applied during software evolution that can affect source code maintainability. While several heuristic-based approaches have been proposed in the past, machine learning solutions have recently gained attention since they …

         Title A graph-based dataset of commit history of real-world android apps
           URL http://scholar.google.com/https://dl.acm.org/doi/abs/10.1145/3196398.3196460
          Year 2018
     Citations 31
      Versions 20
    Cluster ID 12756605583939228418
Citations list http://scholar.google.com/scholar?cites=12756605583939228418&as_sdt=2005&sciodt=0,5&hl=en
 Versions list http://scholar.google.com/scholar?cluster=12756605583939228418&hl=en&as_sdt=0,5
       Excerpt … Encoded as a graph-based database, AndroidTimeMachine concerns 8,431 real open-sourceAndroid apps and contains: (i) metadata about the apps' GitHub projects, (ii) Git repositories withfull commit history and (iii) metadata extracted from the Google Play store, such as … 

         Title A Critical Comparison on Six Static Analysis Tools: Detection, Agreement, and Precision
           URL http://scholar.google.com/https://arxiv.org/abs/2101.08832
          Year 2021
     Citations 0
      Versions 2
 Versions list http://scholar.google.com/scholar?cluster=3870511015196383872&hl=en&as_sdt=0,5
       Excerpt Background. Developers use Automated Static Analysis Tools (ASATs) to control for potential quality issues in source code, including defects and technical debt. Tool vendors have devised quite a number of tools, which makes it harder for practitioners to select the …

         Title Continuous code quality: are we (really) doing that?
           URL http://scholar.google.com/https://dl.acm.org/doi/abs/10.1145/3238147.3240729
          Year 2018
     Citations 18
      Versions 8
    Cluster ID 8594182073232078949
Citations list http://scholar.google.com/scholar?cites=8594182073232078949&as_sdt=2005&sciodt=0,5&hl=en
 Versions list http://scholar.google.com/scholar?cluster=8594182073232078949&hl=en&as_sdt=0,5
       Excerpt … The developer commits a change to a repository (eg, hosted on GitHub [12]), triggering a new …use CI, but also: (i) adopt a CCQ pipeline, (ii) adopt a static analysis tool that … SonarQube runsall the most popular code analysis tools (ie, CheckStyle, PMD, Findbugs, Cobertura) by … 

         Title Mining file histories: should we consider branches?
           URL http://scholar.google.com/https://dl.acm.org/doi/abs/10.1145/3238147.3238169
          Year 2018
     Citations 18
      Versions 11
    Cluster ID 9598877181599321972
Citations list http://scholar.google.com/scholar?cites=9598877181599321972&as_sdt=2005&sciodt=0,5&hl=en
 Versions list http://scholar.google.com/scholar?cluster=9598877181599321972&hl=en&as_sdt=0,5
       Excerpt … we include 395 and 309 repositories from Eclipse and OpenStack respectively, which use Gerritfor code review … structure of the repositories is possibly impacted by the strategy of integratingthe pull requests, which are a common part of the work ow at Github and can be … 

         Title Discovering community patterns in open-source: a systematic approach and its evaluation
           URL http://scholar.google.com/https://link.springer.com/article/10.1007/s10664-018-9659-9
          Year 2019
     Citations 29
      Versions 14
    Cluster ID 12949579398437055292
Citations list http://scholar.google.com/scholar?cites=12949579398437055292&as_sdt=2005&sciodt=0,5&hl=en
 Versions list http://scholar.google.com/scholar?cluster=12949579398437055292&hl=en&as_sdt=0,5
       Excerpt … We evaluate the tool in a quantitative empirical study involving 25 open-source communitiesfrom GitHub, finding that the tool offers a valuable basis to monitor key community traits behindopen-source development and may form an effective combination with web-portals such … 

         Title Continuous refactoring in ci: A preliminary study on the perceived advantages and barriers
           URL http://scholar.google.com/https://ieeexplore.ieee.org/abstract/document/8530066/
          Year 2018
     Citations 9
      Versions 4
    Cluster ID 3641374725249728117
Citations list http://scholar.google.com/scholar?cites=3641374725249728117&as_sdt=2005&sciodt=0,5&hl=en
 Versions list http://scholar.google.com/scholar?cluster=3641374725249728117&hl=en&as_sdt=0,5
       Excerpt … Why we refactor? confessions of github contributors. In FSE 2016, pages 858–870 … [26] C. Vassallo,S. Panichella, F. Palomba, S. Proksch, A. Zaidman, and HC Gall. Context is king: The developerperspective on the usage of static analysis tools. In SANER 2018, pages 38–49 … 

         Title Not all bugs are the same: Understanding, characterizing, and classifying bug types
           URL http://scholar.google.com/https://www.sciencedirect.com/science/article/pii/S0164121219300536
          Year 2019
     Citations 29
      Versions 3
    Cluster ID 6140048471478225571
Citations list http://scholar.google.com/scholar?cites=6140048471478225571&as_sdt=2005&sciodt=0,5&hl=en
 Versions list http://scholar.google.com/scholar?cluster=6140048471478225571&hl=en&as_sdt=0,5
       Excerpt … Abstract. Modern version control systems, eg, GitHub, include bug tracking mechanisms thatdevelopers can use to highlight the presence of bugs … (2018) analyzed the symptoms and bugtypes of 175 TensorFlow coding bugs from GitHub issues and StackOverflow questions … 

         Title Speeding up the data extraction of machine learning approaches: a distributed framework
           URL http://scholar.google.com/https://dl.acm.org/doi/abs/10.1145/3416505.3423562
          Year 2020
     Citations 0
      Versions 0
       Excerpt … While getting data for other machine learning settings is often difficult, the process of miningsoftware repositories benefits from GitHub as one of the most important data sources and thereforehas a high ability to be automated … https://github.com/src- d/datasets/issues/171 … 

         Title tsDetect: an open source test smells detection tool
           URL http://scholar.google.com/https://dl.acm.org/doi/abs/10.1145/3368089.3417921
          Year 2020
     Citations 4
      Versions 3
    Cluster ID 2847460404866233836
Citations list http://scholar.google.com/scholar?cites=2847460404866233836&as_sdt=2005&sciodt=0,5&hl=en
 Versions list http://scholar.google.com/scholar?cluster=2847460404866233836&hl=en&as_sdt=0,5
       Excerpt … ESEC/FSE '20, November 8–13, 2020, Virtual Event, USA REFERENCES [1] Checkstyle.https://checkstyle.org/. [2] Findbugs. http://findbugs.sourceforge.net/. [3] Pmd. https://pmd.github.io/. [4] tsdetect. https://testsmells.github.io/. [5] V. Arnaoudova, M. Di Penta, and G. Antoniol … 

         Title OpenSZZ: A Free, Open-Source, Web-Accessible Implementation of the SZZ Algorithm
           URL http://scholar.google.com/https://dl.acm.org/doi/abs/10.1145/3387904.3389295
          Year 2020
     Citations 2
      Versions 2
    Cluster ID 17810752350273309944
Citations list http://scholar.google.com/scholar?cites=17810752350273309944&as_sdt=2005&sciodt=0,5&hl=en
 Versions list http://scholar.google.com/scholar?cluster=17810752350273309944&hl=en&as_sdt=0,5
       Excerpt … Specifically, we publish and make available the full SZZ implementation project as a GitHub project1. Researchers can use our implementation to inves- tigate different hypotheses or submit newversions of the algorithm … 3https://github.com/apache/zookeeper 448 Page 4 … 

         Title Self-reported activities of android developers
           URL http://scholar.google.com/https://ieeexplore.ieee.org/abstract/document/8543448/
          Year 2018
     Citations 19
      Versions 17
    Cluster ID 5530424902570609742
Citations list http://scholar.google.com/scholar?cites=5530424902570609742&as_sdt=2005&sciodt=0,5&hl=en
 Versions list http://scholar.google.com/scholar?cluster=5530424902570609742&hl=en&as_sdt=0,5
       Excerpt … To this purpose, we firstly built a dataset of 8,280 Android apps (which are both open-sourcein GitHub and distributed through … with the purpose of understanding the typical actions theyperform and easing a variety of decision making mechanisms (eg, code review triaging or … 

         Title DeepIaC: deep learning-based linguistic anti-pattern detection in IaC
           URL http://scholar.google.com/https://dl.acm.org/doi/abs/10.1145/3416505.3423564
          Year 2020
     Citations 0
      Versions 5
 Versions list http://scholar.google.com/scholar?cluster=863787531239403665&hl=en&as_sdt=0,5
       Excerpt … We used PyGithub2 and PyDriller [23] to locate repositories that contain Ansible IaC scripts. Thecomplete prototype implementation of DeepIaC, including data set is available on GitHub3 … 4.1Data Collection We collected the Ansible scripts data set from GitHub … 

         Title An exploratory study on the refactoring of unit test files in android applications
           URL http://scholar.google.com/https://dl.acm.org/doi/abs/10.1145/3387940.3392189
          Year 2020
     Citations 6
      Versions 0
    Cluster ID 1729042020108992412
Citations list http://scholar.google.com/scholar?cites=1729042020108992412&as_sdt=2005&sciodt=0,5&hl=en
       Excerpt Page 1. An Exploratory Study on the Refactoring of Unit Test Files in AndroidApplications Anthony Peruma axp6201@rit.edu Rochester Institute of TechnologyRochester, New York, USA Christian D. Newman cnewman@se … 

         Title When and why your code starts to smell bad
           URL http://scholar.google.com/https://ieeexplore.ieee.org/abstract/document/7194592/
          Year 2015
     Citations 251
      Versions 22
    Cluster ID 3355911776993692674
Citations list http://scholar.google.com/scholar?cites=3355911776993692674&as_sdt=2005&sciodt=0,5&hl=en
 Versions list http://scholar.google.com/scholar?cluster=3355911776993692674&hl=en&as_sdt=0,5
       Excerpt … Note that we 3https://github.com/eclipse 4An example of detection rule exploited to identify Blobclasses can be found at http://tinyurl.com/paf9gp6 … The first one is the regular expression-basedapproach by Fischer et al. [19] matching the issue ID in the commit note … 

