[query] http://scholar.google.com/scholar?as_q=&as_epq=%22findbugs%22%20OR%20%22spotbugs%22%20OR%20%22code%20review%22%20OR%20%22static%20analysis%22%20OR%20%22regex%22%20OR%20%22regular%20expression%22%20OR%20%22github%22%20OR%20%22pull%20requests%22&as_oq=&as_eq=&as_occt=any&as_sauthors=Fitsum%20Kifetew&as_publication=&as_ylo=&as_yhi=&as_vis=0&btnG=&hl=en&num=80&as_sdt=0%2C5
         Title Java unit testing tool competition-sixth round
           URL http://scholar.google.com/https://ieeexplore.ieee.org/abstract/document/8452806/
          Year 2018
     Citations 16
      Versions 6
    Cluster ID 7087152178737671327
Citations list http://scholar.google.com/scholar?cites=7087152178737671327&as_sdt=2005&sciodt=0,5&hl=en
 Versions list http://scholar.google.com/scholar?cluster=7087152178737671327&hl=en&as_sdt=0,5
       Excerpt … 9https://github.com/PROSRESEARCHCENTER/junitcontest/tree/master/bin/ benchmarks_6th23 Page 3. Java Unit Testing Tool Competition - Sixth Round SBST'18, May 28–29, 2018,Gothenburg, Sweden Table 2: Summary of tools Tool Technique Static analysis EvoSuite [1 … 

         Title Java unit testing tool competition-seventh round
           URL http://scholar.google.com/https://ieeexplore.ieee.org/abstract/document/8812209/
          Year 2019
     Citations 13
      Versions 10
    Cluster ID 7356497405330107970
Citations list http://scholar.google.com/scholar?cites=7356497405330107970&as_sdt=2005&sciodt=0,5&hl=en
 Versions list http://scholar.google.com/scholar?cluster=7356497405330107970&hl=en&as_sdt=0,5
       Excerpt … github.com/imixs/imixs-workflow 7https://github.com/INRIA/spoon/ 8https://github.com/codehaus/javancss 9https://github.com/PROSRESEARCHCENTER/junitcontest/tree/master/ bin/benchmarks7th TABLE II SUMMARY OF TOOLS Tool Technique Static analysis EvoSuite [1], [8 … 

         Title Incremental control dependency frontier exploration for many-criteria test case generation
           URL http://scholar.google.com/https://link.springer.com/chapter/10.1007/978-3-319-99241-9_17
          Year 2018
     Citations 9
      Versions 7
    Cluster ID 9648842994961194974
Citations list http://scholar.google.com/scholar?cites=9648842994961194974&as_sdt=2005&sciodt=0,5&hl=en
 Versions list http://scholar.google.com/scholar?cluster=9648842994961194974&hl=en&as_sdt=0,5
       Excerpt … 3.1. The implementation is publicly available on GitHub: https://github.com/apanichella/evosuite. All testing strategies are implemented in the same version of EvoSuite,downloaded from GitHub on October 1st, 2017. Furthermore … 

         Title Lips vs mosa: a replicated empirical study on automated test case generation
           URL http://scholar.google.com/https://link.springer.com/chapter/10.1007/978-3-319-66299-2_6
          Year 2017
     Citations 6
      Versions 6
    Cluster ID 4885992600866175632
Citations list http://scholar.google.com/scholar?cites=4885992600866175632&as_sdt=2005&sciodt=0,5&hl=en
 Versions list http://scholar.google.com/scholar?cluster=4885992600866175632&hl=en&as_sdt=0,5
       Excerpt … Differently from OCELOT, EvoSuite is publicly available on GitHub 2 and it already contains theoriginal code of MOSA [10] … Our re-implementation of LIPS is publicly available for download onGitHub: https://github.com/apanichella/evosuite/tree/LIPS_replication … 

         Title Automated test case generation as a many-objective optimisation problem with dynamic selection of the targets
           URL http://scholar.google.com/https://ieeexplore.ieee.org/abstract/document/7840029/
          Year 2017
     Citations 131
      Versions 6
    Cluster ID 16828302354461695737
Citations list http://scholar.google.com/scholar?cites=16828302354461695737&as_sdt=2005&sciodt=0,5&hl=en
 Versions list http://scholar.google.com/scholar?cluster=16828302354461695737&hl=en&as_sdt=0,5
       Excerpt Page 1. Automated Test Case Generation as a Many-Objective Optimisation Problemwith Dynamic Selection of the Targets Annibale Panichella , Fitsum Meshesha Kifetew,and Paolo Tonella Abstract—The test case generation … 

         Title A large scale empirical comparison of state-of-the-art search-based test case generators
           URL http://scholar.google.com/https://www.sciencedirect.com/science/article/pii/S0950584917304950
          Year 2018
     Citations 23
      Versions 4
    Cluster ID 1004769909670767055
Citations list http://scholar.google.com/scholar?cites=1004769909670767055&as_sdt=2005&sciodt=0,5&hl=en
 Versions list http://scholar.google.com/scholar?cluster=1004769909670767055&hl=en&as_sdt=0,5
       Excerpt JavaScript is disabled on your browser. Please enable JavaScript to use allthe features on this page. Skip to main content Skip to article … 

         Title Analysis of online discussions in support of requirements discovery
           URL http://scholar.google.com/https://link.springer.com/chapter/10.1007/978-3-319-59536-8_11
          Year 2017
     Citations 22
      Versions 3
    Cluster ID 7402485275582682382
Citations list http://scholar.google.com/scholar?cites=7402485275582682382&as_sdt=2005&sciodt=0,5&hl=en
 Versions list http://scholar.google.com/scholar?cluster=7402485275582682382&hl=en&as_sdt=0,5
       Excerpt … During the parsing of sentences we removed text enclosed into HTML elements &lt; and &gt;considering the text as noise; we applied some regex patterns to remove dates, identify linksand unify them into a unique codification (ie http://www.); we eliminated common … 

         Title Speech-acts based analysis for requirements discovery from online discussions
           URL http://scholar.google.com/https://www.sciencedirect.com/science/article/pii/S0306437917306087
          Year 2019
     Citations 18
      Versions 6
    Cluster ID 3855995549070001239
Citations list http://scholar.google.com/scholar?cites=3855995549070001239&as_sdt=2005&sciodt=0,5&hl=en
 Versions list http://scholar.google.com/scholar?cluster=3855995549070001239&hl=en&as_sdt=0,5
       Excerpt JavaScript is disabled on your browser. Please enable JavaScript to use allthe features on this page. Skip to main content Skip to article … 

         Title Dmgame: A gamified collaborative requirements prioritisation tool
           URL http://scholar.google.com/https://ieeexplore.ieee.org/abstract/document/8049162/
          Year 2017
     Citations 10
      Versions 4
    Cluster ID 11178636012522122219
Citations list http://scholar.google.com/scholar?cites=11178636012522122219&as_sdt=2005&sciodt=0,5&hl=en
 Versions list http://scholar.google.com/scholar?cluster=11178636012522122219&hl=en&as_sdt=0,5
       Excerpt … On the client side, AngularJS3 and jQuery4 are used to enrich the web pages and make the RESTcalls. All the data is stored in a PostgreSQL5 database, accessed though a Hibernate6 proxy. Thetool is accessible at https://github.com/supersede-project/dm game … 

         Title Tool-supported collaborative requirements prioritisation
           URL http://scholar.google.com/https://ieeexplore.ieee.org/abstract/document/8029606/
          Year 2017
     Citations 23
      Versions 4
    Cluster ID 319423083701680902
Citations list http://scholar.google.com/scholar?cites=319423083701680902&as_sdt=2005&sciodt=0,5&hl=en
 Versions list http://scholar.google.com/scholar?cluster=319423083701680902&hl=en&as_sdt=0,5
       Excerpt … characterised by the challenges presented in section II. As a further objective GRPaims at facilitating the effective use of 1www.stackoverflow.com 2www.github.com 182Page 4. state-of-the-art reasoning techniques for requirements … 

         Title Reproducing field failures for programs with complex grammar-based input
           URL http://scholar.google.com/https://ieeexplore.ieee.org/abstract/document/6823878/
          Year 2014
     Citations 28
      Versions 8
    Cluster ID 17212565426456724962
Citations list http://scholar.google.com/scholar?cites=17212565426456724962&as_sdt=2005&sciodt=0,5&hl=en
 Versions list http://scholar.google.com/scholar?cluster=17212565426456724962&hl=en&as_sdt=0,5
       Excerpt … The bugs for 4https://github.com/cmhulett/ANTLR-java-calculator/ 5http://www.gnu.org/software/bc/ 6http://mdsl.sourceforge.net/ 7https://code.google.com/p/picoc/ 8http://www.lua.org 167 Page6. TABLE I. SUBJECTS USED IN OUR EXPERIMENTAL STUDY … 

         Title Generating valid grammar-based test inputs by means of genetic programming and annotated grammars
           URL http://scholar.google.com/https://link.springer.com/content/pdf/10.1007/s10664-015-9422-4.pdf
          Year 2017
     Citations 18
      Versions 5
    Cluster ID 3470916979769804453
      PDF link http://scholar.google.com/https://link.springer.com/content/pdf/10.1007/s10664-015-9422-4.pdf
Citations list http://scholar.google.com/scholar?cites=3470916979769804453&as_sdt=2005&sciodt=0,5&hl=en
 Versions list http://scholar.google.com/scholar?cluster=3470916979769804453&hl=en&as_sdt=0,5
       Excerpt Page 1. Empir Software Eng (2017) 22:928–961 DOI 10.1007/s10664-015-9422-4 Generatingvalid grammar-based test inputs by means of genetic programming and annotated grammarsFitsum Meshesha Kifetew1 ·Roberto Tiella1 · Paolo Tonella1 … 

         Title Discovering requirements through goal-driven process mining
           URL http://scholar.google.com/https://ieeexplore.ieee.org/abstract/document/8054853/
          Year 2017
     Citations 12
      Versions 5
    Cluster ID 8879644643335213620
Citations list http://scholar.google.com/scholar?cites=8879644643335213620&as_sdt=2005&sciodt=0,5&hl=en
 Versions list http://scholar.google.com/scholar?cluster=8879644643335213620&hl=en&as_sdt=0,5
       Excerpt … 614–615, IEEE Computer Society, 2014. [13] “Google user experience research.”https://www.google.com/usability/ faq/, July 2017. [14] “The second international workshop oncrowd-based requirements en- gineering.” https://crowdre.github.io/ws-2017/submissions.html … 

         Title Combining stochastic grammars and genetic programming for coverage testing at the system level
           URL http://scholar.google.com/https://link.springer.com/chapter/10.1007/978-3-319-09940-8_10
          Year 2014
     Citations 13
      Versions 4
    Cluster ID 17977661916034685610
Citations list http://scholar.google.com/scholar?cites=17977661916034685610&as_sdt=2005&sciodt=0,5&hl=en
 Versions list http://scholar.google.com/scholar?cluster=17977661916034685610&hl=en&as_sdt=0,5
       Excerpt … Hence, they represent a significant challenge for the automated gen- eration of test data. 2http://www.pitest.org 3 https://github.com/cmhulett/ANTLR-java-calculator/ 4 http://mdsl.sourceforge.net/ 5 http://www.mozilla.org/rhino (version 1.7R4) Page 10 … 

         Title Agent-based Testing of Extended Reality Systems
           URL http://scholar.google.com/https://ieeexplore.ieee.org/abstract/document/9159086/
          Year 2020
     Citations 1
      Versions 2
    Cluster ID 5085376378691046504
Citations list http://scholar.google.com/scholar?cites=5085376378691046504&as_sdt=2005&sciodt=0,5&hl=en
 Versions list http://scholar.google.com/scholar?cluster=5085376378691046504&hl=en&as_sdt=0,5
       Excerpt … A quite popular model because of its versatility is the Belief-Desire- Intent (BDI) agency [6]. Inthis model, the agent may have one or more goals (”desires” in the model) and creates plans1For a working initial implementation see: https://github.com/iv4xr-project Fig … 

         Title Gathering requirements for software configuration from the crowd
           URL http://scholar.google.com/https://ieeexplore.ieee.org/abstract/document/8054849/
          Year 2017
     Citations 6
      Versions 3
    Cluster ID 13184095116897122314
Citations list http://scholar.google.com/scholar?cites=13184095116897122314&as_sdt=2005&sciodt=0,5&hl=en
 Versions list http://scholar.google.com/scholar?cluster=13184095116897122314&hl=en&as_sdt=0,5
       Excerpt … The main challenges identified in their work include: Motivating Crowd Members, ElicitingFeedback, Analysing Feedback, Monitoring Context and Usage Data and Introducing CrowdREin Practice. 1https://www.supersede.eu/ 2https://csise2017.github.io … 

         Title Aplib: Tactical Agents for Testing Computer Games
           URL http://scholar.google.com/https://link.springer.com/chapter/10.1007/978-3-030-66534-0_2
          Year 2020
     Citations 1
      Versions 4
    Cluster ID 11399403784047171136
Citations list http://scholar.google.com/scholar?cites=11399403784047171136&as_sdt=2005&sciodt=0,5&hl=en
 Versions list http://scholar.google.com/scholar?cluster=11399403784047171136&hl=en&as_sdt=0,5
       Excerpt Modern interactive software, such as computer games, employ complex userinterfaces. Although these user interfaces make the games attractive andpowerful, unfortunately they also make them extremely...

         Title Towards automated test case generation maturity
           URL http://scholar.google.com/https://ieeexplore.ieee.org/abstract/document/8812190/
          Year 2019
     Citations 0
      Versions 7
 Versions list http://scholar.google.com/scholar?cluster=615930095682017524&hl=en&as_sdt=0,5
       Excerpt … 1https://github.com/STAMP-project/JCrashPack 2https://personal.cis.strath.ac.uk/marc.roper/TestBench10/ 3http://www.cs.umd.edu/~atif/testbeds/testbeds2011.htm4https://github.com/PROSRESEARCHCENTER/junitcontest II … 

         Title A Framework for In-Vivo Testing of Mobile Applications
           URL http://scholar.google.com/https://ieeexplore.ieee.org/abstract/document/9159091/
          Year 2020
     Citations 0
      Versions 5
 Versions list http://scholar.google.com/scholar?cluster=9721427918364553214&hl=en&as_sdt=0,5
       Excerpt Page 1. A Framework for In-Vivo Testing of Mobile Applications Mariano Ceccato ∗ ,Davide Corradini † , Luca Gazzola ‡ , Fitsum Meshesha Kifetew † Leonardo Mariani ‡, Matteo Orr`u ‡ and Paolo Tonella § ∗ University of … 

         Title DISI-University of Trento EVOLUTIONARY TEST CASE GENERATION VIA MANY OBJECTIVE OPTIMIZATION AND STOCHASTIC GRAMMARS
           URL http://scholar.google.com/https://www.researchgate.net/profile/Fitsum_Meshesha_Kifetew/publication/290427773_Evolutionary_Test_Case_Generation_via_Many_Objective_Optimization_and_Stochastic_Grammars/links/56974f7708ae34f3cf1e19c3.pdf
          Year 2015
     Citations 0
      Versions 2
      PDF link http://scholar.google.com/https://www.researchgate.net/profile/Fitsum_Meshesha_Kifetew/publication/290427773_Evolutionary_Test_Case_Generation_via_Many_Objective_Optimization_and_Stochastic_Grammars/links/56974f7708ae34f3cf1e19c3.pdf
 Versions list http://scholar.google.com/scholar?cluster=13927505064630915092&hl=en&as_sdt=0,5
       Excerpt Page 1. PhD Dissertation International Doctorate School in Information and CommunicationTechnologies DISI - University of Trento EVOLUTIONARY TEST CASE GENERATION VIAMANY OBJECTIVE OPTIMIZATION AND STOCHASTIC GRAMMARS … 

