[query] http://scholar.google.com/scholar?as_q=&as_epq=%22findbugs%22%20OR%20%22spotbugs%22%20OR%20%22code%20review%22%20OR%20%22static%20analysis%22%20OR%20%22regex%22%20OR%20%22regular%20expression%22%20OR%20%22github%22%20OR%20%22pull%20requests%22&as_oq=&as_eq=&as_occt=any&as_sauthors=Francisco%20Servant&as_publication=&as_ylo=&as_yhi=&as_vis=0&btnG=&hl=en&num=80&as_sdt=0%2C5
         Title The impact of regular expression denial of service (ReDoS) in practice: an empirical study at the ecosystem scale
           URL http://scholar.google.com/https://dl.acm.org/doi/abs/10.1145/3236024.3236027
          Year 2018
     Citations 27
      Versions 5
    Cluster ID 1390303326205930671
Citations list http://scholar.google.com/scholar?cites=1390303326205930671&as_sdt=2005&sciodt=0,5&hl=en
 Versions list http://scholar.google.com/scholar?cluster=1390303326205930671&hl=en&as_sdt=0,5
       Excerpt Regular expressions (regexes) are a popular and powerful means of automatically manipulating text. Regexes are also an understudied denial of service vector (ReDoS). If a regex has super-linear worst-case complexity, an attacker may be able to trigger this …

         Title Regexes are hard: Decision-making, difficulties, and risks in programming regular expressions
           URL http://scholar.google.com/https://ieeexplore.ieee.org/abstract/document/8952499/
          Year 2019
     Citations 9
      Versions 6
    Cluster ID 9035303888084623572
Citations list http://scholar.google.com/scholar?cites=9035303888084623572&as_sdt=2005&sciodt=0,5&hl=en
 Versions list http://scholar.google.com/scholar?cluster=9035303888084623572&hl=en&as_sdt=0,5
       Excerpt … addition, some developers encourage others to document their regexes when they come acrossthem in code review … about a regex [I] go to regex101.com...You type in your regex and some … onthe side of [regexr.com] ...[You can] click on every sort of regular expression piece of … 

         Title Why aren't regular expressions a lingua franca? an empirical study on the re-use and portability of regular expressions
           URL http://scholar.google.com/https://dl.acm.org/doi/abs/10.1145/3338906.3338909
          Year 2019
     Citations 6
      Versions 5
    Cluster ID 18100856429452103386
Citations list http://scholar.google.com/scholar?cites=18100856429452103386&as_sdt=2005&sciodt=0,5&hl=en
 Versions list http://scholar.google.com/scholar?cluster=18100856429452103386&hl=en&as_sdt=0,5
       Excerpt … 26], for each module we cloned the HEAD of its default branch from GitHub and extracted … Are-used regex might have worse worst-case performance in its new language than … For example,software being ported from PHP to Node.js might develop Regular expression Denial of … 

         Title An empirical study of activity, popularity, size, testing, and stability in continuous integration
           URL http://scholar.google.com/https://ieeexplore.ieee.org/abstract/document/7962405/
          Year 2017
     Citations 9
      Versions 4
    Cluster ID 7130487485350206897
Citations list http://scholar.google.com/scholar?cites=7130487485350206897&as_sdt=2005&sciodt=0,5&hl=en
 Versions list http://scholar.google.com/scholar?cluster=7130487485350206897&hl=en&as_sdt=0,5
       Excerpt … They also tend to have pull requests that have most words in the title and message (45.8 wordscompared to 34.8 overall mean) … The overall mean is 117.41 and the 90th percentile is 314 whichshows that these repositories are extremely popular in GitHub … 

         Title Using Selective Memoization to Defeat Regular Expression Denial of Service (ReDoS)
           URL http://scholar.google.com/https://www3.cs.stonybrook.edu/~dongyoon/papers/Oakland-21-Memoization.pdf
     Citations 0
      Versions 3
      PDF link http://scholar.google.com/https://www3.cs.stonybrook.edu/~dongyoon/papers/Oakland-21-Memoization.pdf
 Versions list http://scholar.google.com/scholar?cluster=1471943840228302656&hl=en&as_sdt=0,5
       Excerpt Regular expressions (regexes) are a denial of service vector in most mainstream programming languages. Recent empirical work has demonstrated that up to 10% of regexes have super-linear worst-case behavior in typical regex engines. It is therefore not …

         Title Understanding and leveraging developer inexpertise
           URL http://scholar.google.com/https://dl.acm.org/doi/abs/10.1145/3183440.3195029
          Year 2018
     Citations 3
      Versions 4
    Cluster ID 17760195990967443358
Citations list http://scholar.google.com/scholar?cites=17760195990967443358&as_sdt=2005&sciodt=0,5&hl=en
 Versions list http://scholar.google.com/scholar?cluster=17760195990967443358&hl=en&as_sdt=0,5
       Excerpt … 2013. Reducing human effort and improving quality in peer code reviews using automatic staticanalysis and reviewer recommendation … 2015. Who should review my code? A file location-basedcode-reviewer recommendation approach for modern code review … 

         Title CIBench: A Dataset and Collection of Techniques for Build and Test Selection and Prioritization in Continuous Integration
           URL http://scholar.google.com/https://people.cs.vt.edu/xianhao8/Jin_Servant_ICSE21_AE.pdf
     Citations 0
      Versions 2
      PDF link http://scholar.google.com/https://people.cs.vt.edu/xianhao8/Jin_Servant_ICSE21_AE.pdf
 Versions list http://scholar.google.com/scholar?cluster=17708693861430424671&hl=en&as_sdt=0,5
       Excerpt … Integration. CIBench is based on a popular existing dataset for CI — TravisTorrent[2] and extends it in multiple ways including mining additional Travis logs, Githubcommits, and building dependency graphs for studied projects … 

         Title ICSE 2020
           URL http://scholar.google.com/https://www.computer.org/csdl/pds/api/csdl/proceedings/download-article/1pK5gdy1CPm/pdf
     Citations 0
      Versions 2
 Versions list http://scholar.google.com/scholar?cluster=2264194959258660351&hl=en&as_sdt=0,5
       Excerpt … Predicting Developers' Negative Feelings about Code Review 174 … How Has Forking Changedin the Last 20 Years? A Study of Hard Forks on GitHub 445 … Static Analysis 1 Conquering theExtensional Scalability Problem for Value-Flow Analysis Frameworks 812 … 

         Title Decomposing the rationale of code commits: the software developer's perspective
           URL http://scholar.google.com/https://dl.acm.org/doi/abs/10.1145/3338906.3338979
          Year 2019
     Citations 1
      Versions 3
    Cluster ID 7731833418057862304
Citations list http://scholar.google.com/scholar?cites=7731833418057862304&as_sdt=2005&sciodt=0,5&hl=en
 Versions list http://scholar.google.com/scholar?cluster=7731833418057862304&hl=en&as_sdt=0,5
       Excerpt … Many research studies support the im- portance of understanding the rationale of code commits.It is the most common [11] and important [50] information need to under- stand from code history,and very frequently sought during code review [15, 39] … Git, Github)]? . " … 

         Title A cost-efficient approach to building in continuous integration
           URL http://scholar.google.com/https://ieeexplore.ieee.org/abstract/document/9284054/
          Year 2020
     Citations 3
      Versions 5
    Cluster ID 17297694456214253749
Citations list http://scholar.google.com/scholar?cites=17297694456214253749&as_sdt=2005&sciodt=0,5&hl=en
 Versions list http://scholar.google.com/scholar?cluster=17297694456214253749&hl=en&as_sdt=0,5
       Excerpt Page 1. A Cost-efficient Approach to Building in Continuous Integration Xianhao Jin Departmentof Computer Science Virginia Tech Blacksburg, USA xianhao8@vt.edu Francisco ServantDepartment of Computer Science Virginia Tech Blacksburg, USA fservant@vt.edu … 

         Title What edits are done on the highly answered questions in stack overflow? an empirical study
           URL http://scholar.google.com/https://ieeexplore.ieee.org/abstract/document/8816767/
          Year 2019
     Citations 3
      Versions 5
    Cluster ID 2591574364141123386
Citations list http://scholar.google.com/scholar?cites=2591574364141123386&as_sdt=2005&sciodt=0,5&hl=en
 Versions list http://scholar.google.com/scholar?cluster=2591574364141123386&hl=en&as_sdt=0,5
       Excerpt … SO data dump and the Google BigQuery GitHub (GH) dataset, provides access to the versionhistory of SO content at the level of whole posts and individual post blocks [6]. The current releaseof the dataset contains the version history of all 40,606,950 questions and answers in … 

         Title Assessing incremental testing practices and their impact on project outcomes
           URL http://scholar.google.com/https://dl.acm.org/doi/abs/10.1145/3287324.3287366
          Year 2019
     Citations 9
      Versions 4
    Cluster ID 6059667304425329545
Citations list http://scholar.google.com/scholar?cites=6059667304425329545&as_sdt=2005&sciodt=0,5&hl=en
 Versions list http://scholar.google.com/scholar?cluster=6059667304425329545&hl=en&as_sdt=0,5
       Excerpt … ACM, New York, NY, USA, 153–160. https://doi.org/10.1145/1869542.1869567 [2] MaurìcioFinavaro Aniche. 2018. RepoDriller. https://github.com/ ayaankazerouni/repodriller. [3]Maurìcio Finavaro Aniche and Marco Aurélio Gerosa. 2010 … 

         Title What helped, and what did not? An Evaluation of the Strategies to Improve Continuous Integration
           URL http://scholar.google.com/https://arxiv.org/abs/2102.06666
          Year 2021
     Citations 1
      Versions 3
    Cluster ID 2091154377014477603
Citations list http://scholar.google.com/scholar?cites=2091154377014477603&as_sdt=2005&sciodt=0,5&hl=en
 Versions list http://scholar.google.com/scholar?cluster=2091154377014477603&hl=en&as_sdt=0,5
       Excerpt … We evaluated these techniques under the same settings, using the state-of-the-art dataset ofcontinuous-integration data: TravisTorrent [5]. To be able to study all techniques, we extendedTravisTorrent in multiple ways, mining additional Travis logs, Github commits, and … 

         Title Fast and accurate incremental feedback for students' software tests using selective mutation analysis
           URL http://scholar.google.com/https://www.sciencedirect.com/science/article/pii/S0164121221000029
          Year 2021
     Citations 0
      Versions 2
 Versions list http://scholar.google.com/scholar?cluster=10396498239977992971&hl=en&as_sdt=0,5
       Excerpt JavaScript is disabled on your browser. Please enable JavaScript to use allthe features on this page. Skip to main content Skip to article … 

         Title The Journal of Systems & Software
           URL http://scholar.google.com/https://people.cs.vt.edu/fservant/papers/Kazerouni_Davis_Basak_Shaffer_Servant_Edwards_JSS21.pdf
          Year 2021
     Citations 0
      Versions 0
      PDF link http://scholar.google.com/https://people.cs.vt.edu/fservant/papers/Kazerouni_Davis_Basak_Shaffer_Servant_Edwards_JSS21.pdf
       Excerpt … s. During submission bursts near assignment deadlines, our AAT receives 39 submissions perminute, or a submission every 1.5 s. The AAT requires a median of 13 s to generate full submissionfeedback for a submission, including compilation, static analysis, instructor- written … 

         Title GEML: A grammar-based evolutionary machine learning approach for design-pattern detection
           URL http://scholar.google.com/https://www.sciencedirect.com/science/article/pii/S0164121221000169
          Year 2021
     Citations 0
      Versions 2
 Versions list http://scholar.google.com/scholar?cluster=2511617973089610182&hl=en&as_sdt=0,5
       Excerpt JavaScript is disabled on your browser. Please enable JavaScript to use allthe features on this page. Skip to main content Skip to article … 

         Title The Journal of Systems & Software
           URL http://scholar.google.com/https://people.cs.vt.edu/fservant/papers/Barbudo_Ramirez_Servant_Romero_JSS21.pdf
          Year 2021
     Citations 0
      Versions 0
      PDF link http://scholar.google.com/https://people.cs.vt.edu/fservant/papers/Barbudo_Ramirez_Servant_Romero_JSS21.pdf
       Excerpt … 2010; Lucia et al., 2018). Given that GEML performs static analysis, we mostly focusedon these approaches for DP detection, with special attention to those proposalsbased on machine learning. In addition, even though the … 

