[query] http://scholar.google.com/scholar?as_q=&as_epq=%22findbugs%22%20OR%20%22spotbugs%22%20OR%20%22code%20review%22%20OR%20%22static%20analysis%22%20OR%20%22regex%22%20OR%20%22regular%20expression%22%20OR%20%22github%22%20OR%20%22pull%20requests%22&as_oq=&as_eq=&as_occt=any&as_sauthors=Gabriele%20Bavota&as_publication=&as_ylo=&as_yhi=&as_vis=0&btnG=&hl=en&num=80&as_sdt=0%2C5
         Title License usage and changes: a large-scale study of java projects on github
           URL http://scholar.google.com/https://ieeexplore.ieee.org/abstract/document/7181450/
          Year 2015
     Citations 46
      Versions 14
    Cluster ID 13548549657561090047
Citations list http://scholar.google.com/scholar?cites=13548549657561090047&as_sdt=2005&sciodt=0,5&hl=en
 Versions list http://scholar.google.com/scholar?cluster=13548549657561090047&hl=en&as_sdt=0,5
       Excerpt Software licenses determine, from a legal point of view, under which conditions software can be integrated, used, and above all, redistributed. Licenses evolve over time to meet the needs of development communities and to cope with emerging legal issues and new …

         Title License usage and changes: a large-scale study on gitHub
           URL http://scholar.google.com/https://link.springer.com/article/10.1007/s10664-016-9438-4
          Year 2017
     Citations 27
      Versions 7
    Cluster ID 6467686720847834268
Citations list http://scholar.google.com/scholar?cites=6467686720847834268&as_sdt=2005&sciodt=0,5&hl=en
 Versions list http://scholar.google.com/scholar?cluster=6467686720847834268&hl=en&as_sdt=0,5
       Excerpt Open source software licenses determine, from a legal point of view, under which conditions software can be integrated and redistributed. The reason why developers of a project adopt (or change) a license may depend on various factors, eg, the need for ensuring compatibility …

         Title Knowledge transfer in modern code review
           URL http://scholar.google.com/https://dl.acm.org/doi/abs/10.1145/3387904.3389270
          Year 2020
     Citations 3
      Versions 4
    Cluster ID 9247462888383889249
Citations list http://scholar.google.com/scholar?cites=9247462888383889249&as_sdt=2005&sciodt=0,5&hl=en
 Versions list http://scholar.google.com/scholar?cluster=9247462888383889249&hl=en&as_sdt=0,5
       Excerpt Knowledge transfer is one of the main goals of modern code review, as shown by several studies that surveyed and interviewed developers. While knowledge transfer is a clear expectation of the code review process, there are no analytical studies using data mined …

         Title How developers document pull requests with external references
           URL http://scholar.google.com/https://ieeexplore.ieee.org/abstract/document/7961501/
          Year 2017
     Citations 10
      Versions 9
    Cluster ID 12002669202047763519
Citations list http://scholar.google.com/scholar?cites=12002669202047763519&as_sdt=2005&sciodt=0,5&hl=en
 Versions list http://scholar.google.com/scholar?cluster=12002669202047763519&hl=en&as_sdt=0,5
       Excerpt Online resources of formal and informal documentation-such as reference manuals, forum discussions and tutorials-have become an asset to software developers, as they allow them to tackle problems and to learn about new tools, libraries, and technologies. This study …

         Title A study on the interplay between pull request review and continuous integration builds
           URL http://scholar.google.com/https://ieeexplore.ieee.org/abstract/document/8667996/
          Year 2019
     Citations 10
      Versions 4
    Cluster ID 12532009388771239034
Citations list http://scholar.google.com/scholar?cites=12532009388771239034&as_sdt=2005&sciodt=0,5&hl=en
 Versions list http://scholar.google.com/scholar?cluster=12532009388771239034&hl=en&as_sdt=0,5
       Excerpt … accompanied by automated quality assessment tasks, such as the execution of static analysistools [27 … Some hosting infrastructures integrate CI with code review, so that developers can exploitthe … In particular, GitHub allows the integration of hosted or internal CI solutions such … 

         Title Four eyes are better than two: On the impact of code reviews on software quality
           URL http://scholar.google.com/https://ieeexplore.ieee.org/abstract/document/7332454/
          Year 2015
     Citations 54
      Versions 7
    Cluster ID 15660781206396291922
Citations list http://scholar.google.com/scholar?cites=15660781206396291922&as_sdt=2005&sciodt=0,5&hl=en
 Versions list http://scholar.google.com/scholar?cluster=15660781206396291922&hl=en&as_sdt=0,5
       Excerpt … Abstract—Code review is advocated as one of the best practices to improve software qualityand reduce the likelihood of intro- ducing defects during code change activities … IndexTerms—Code Review, Mining Software Repositories, Empirical Studies … 

         Title On learning meaningful code changes via neural machine translation
           URL http://scholar.google.com/https://ieeexplore.ieee.org/abstract/document/8811910/
          Year 2019
     Citations 52
      Versions 5
    Cluster ID 11592894242454652416
Citations list http://scholar.google.com/scholar?cites=11592894242454652416&as_sdt=2005&sciodt=0,5&hl=en
 Versions list http://scholar.google.com/scholar?cluster=11592894242454652416&hl=en&as_sdt=0,5
       Excerpt … For instance, at the time of writing this paper, GitHub alone hosted 100M repositories, with over200M merged pull requests (PRs) and 2B commits … We mine three large Gerrit [17] code reviewrepositories, namely Android [14], Google Source [15], and Ovirt [16] … 

         Title Towards Automating Code Review Activities
           URL http://scholar.google.com/https://arxiv.org/abs/2101.02518
          Year 2021
     Citations 0
      Versions 2
 Versions list http://scholar.google.com/scholar?cluster=429621396056591158&hl=en&as_sdt=0,5
       Excerpt Code reviews are popular in both industrial and open source projects. The benefits of code reviews are widely recognized and include better code quality and lower likelihood of introducing bugs. However, since code review is a manual activity it comes at the cost of …

         Title Sampling Projects in GitHub for MSR Studies
           URL http://scholar.google.com/https://arxiv.org/abs/2103.04682
          Year 2021
     Citations 0
      Versions 2
 Versions list http://scholar.google.com/scholar?cluster=16481865317758439613&hl=en&as_sdt=0,5
       Excerpt Almost every Mining Software Repositories (MSR) study requires, as first step, the selection of the subject software repositories. These repositories are usually collected from hosting services like GitHub using specific selection criteria dictated by the study goal. For example …

         Title Software documentation issues unveiled
           URL http://scholar.google.com/https://ieeexplore.ieee.org/abstract/document/8811931/
          Year 2019
     Citations 38
      Versions 6
    Cluster ID 15088294961993187442
Citations list http://scholar.google.com/scholar?cites=15088294961993187442&as_sdt=2005&sciodt=0,5&hl=en
 Versions list http://scholar.google.com/scholar?cluster=15088294961993187442&hl=en&as_sdt=0,5
       Excerpt … For each of them, we kept the question, the two top-scored answers and the accepted answer(if any). GitHub Issues and Pull Requests. We downloaded the GitHub Archive [57] containingevery public GitHub event occurring between January 2015 and April 2018 … 

         Title An empirical investigation into learning bug-fixing patches in the wild via neural machine translation
           URL http://scholar.google.com/https://dl.acm.org/doi/abs/10.1145/3238147.3240732
          Year 2018
     Citations 47
      Versions 7
    Cluster ID 17594308332993784556
Citations list http://scholar.google.com/scholar?cites=17594308332993784556&as_sdt=2005&sciodt=0,5&hl=en
 Versions list http://scholar.google.com/scholar?cluster=17594308332993784556&hl=en&as_sdt=0,5
       Excerpt … We mine millions of bug-fixes from the change histories of GitHub reposi- tories to extractmeaningful examples of such bug-fixes … M. Tufano, C. Watson, G. Bavota, M. Di Penta, M. White,D. Poshyvanyk We start by mining a large set of (∼ 787k) bug-fixing commits from GitHub … 

         Title Taxonomy of real faults in deep learning systems
           URL http://scholar.google.com/https://dl.acm.org/doi/abs/10.1145/3377811.3380395
          Year 2020
     Citations 20
      Versions 6
    Cluster ID 14357936369129605979
Citations list http://scholar.google.com/scholar?cites=14357936369129605979&as_sdt=2005&sciodt=0,5&hl=en
 Versions list http://scholar.google.com/scholar?cluster=14357936369129605979&hl=en&as_sdt=0,5
       Excerpt … We manually analysed four sources of information: commits, issues, pull requests(PRs) from GitHub repositories using TensorFlow, Keras, or PyTorch, and SOdiscussions related to the three frameworks. 3.1.1 Mining GitHub … 

         Title Mining stackoverflow to turn the ide into a self-confident programming prompter
           URL http://scholar.google.com/https://dl.acm.org/doi/abs/10.1145/2597073.2597077
          Year 2014
     Citations 227
      Versions 10
    Cluster ID 6016967981264310966
Citations list http://scholar.google.com/scholar?cites=6016967981264310966&as_sdt=2005&sciodt=0,5&hl=en
 Versions list http://scholar.google.com/scholar?cluster=6016967981264310966&hl=en&as_sdt=0,5
       Excerpt … The Utility class emulates a developer experiencing troubles in writing the methodisValidEmailAddress, aimed at validat- ing through the Java regex mechanism an email addressprovided as parameter. In particular, the regular expression stored in vari- able EMAIL_REGEX … 

         Title Mining unstructured data in software repositories: Current and future trends
           URL http://scholar.google.com/https://ieeexplore.ieee.org/abstract/document/7476768/
          Year 2016
     Citations 42
      Versions 3
    Cluster ID 1308454710641909025
Citations list http://scholar.google.com/scholar?cites=1308454710641909025&as_sdt=2005&sciodt=0,5&hl=en
 Versions list http://scholar.google.com/scholar?cluster=1308454710641909025&hl=en&as_sdt=0,5
       Excerpt … As already observed for GitHub, the growth rate of all these repositories is simply impressive:Every hour 102K users look … stemmed are both represented with stem) while abbreviations canbe expanded into their full words (eg, regex becomes regular expression) [40] … 

         Title An empirical study on learning bug-fixing patches in the wild via neural machine translation
           URL http://scholar.google.com/https://dl.acm.org/doi/abs/10.1145/3340544
          Year 2019
     Citations 34
      Versions 5
    Cluster ID 3376485205410220325
Citations list http://scholar.google.com/scholar?cites=3376485205410220325&as_sdt=2005&sciodt=0,5&hl=en
 Versions list http://scholar.google.com/scholar?cluster=3376485205410220325&hl=en&as_sdt=0,5
       Excerpt … First, we mine millions of bug-fixes from the change histories of projects hosted on GitHub in orderto extract meaningful examples of such bug- fixes … Forges like GitHub provide a plethora of changehistory and bug-fixing commits from a large number of software projects … 

         Title When and why developers adopt and change software licenses
           URL http://scholar.google.com/https://ieeexplore.ieee.org/abstract/document/7332449/
          Year 2015
     Citations 34
      Versions 12
    Cluster ID 11367753962130479003
Citations list http://scholar.google.com/scholar?cites=11367753962130479003&as_sdt=2005&sciodt=0,5&hl=en
 Versions list http://scholar.google.com/scholar?cluster=11367753962130479003&hl=en&as_sdt=0,5
       Excerpt … Additionally, we explore the licensing-related problems that developers experiencedand expectations they have for licensing support from forges (eg, GitHub) … SinceGitHub has been 36 Page 7. TABLE III SURVEY RESULTS … 

         Title Learning how to mutate source code from bug-fixes
           URL http://scholar.google.com/https://ieeexplore.ieee.org/abstract/document/8919234/
          Year 2019
     Citations 13
      Versions 6
    Cluster ID 17260537742452186971
Citations list http://scholar.google.com/scholar?cites=17260537742452186971&as_sdt=2005&sciodt=0,5&hl=en
 Versions list http://scholar.google.com/scholar?cluster=17260537742452186971&hl=en&as_sdt=0,5
       Excerpt … A. Bug-Fixes Mining We downloaded the GitHub Archive [41] containing every public GitHubevent between March 2011 and October … matching our pattern are necessarily related to correctivemaintenance [42], [43], we assessed the precision of the regular expression used to … 

         Title An Empirical Study of Quick Remedy Commits
           URL http://scholar.google.com/https://dl.acm.org/doi/abs/10.1145/3387904.3389266
          Year 2020
     Citations 2
      Versions 0
    Cluster ID 15928694652192679910
Citations list http://scholar.google.com/scholar?cites=15928694652192679910&as_sdt=2005&sciodt=0,5&hl=en
       Excerpt … a set of forked projects, we only selected among them the one with the longest commit history(eg, both FindBugs [20] and its successor SpotBugs [22] fall … These warnings are usually raisedby static analysis checks performed at commit time and, thus, are easy to catch for … 

         Title On the uniqueness of code redundancies
           URL http://scholar.google.com/https://ieeexplore.ieee.org/abstract/document/7961510/
          Year 2017
     Citations 15
      Versions 6
    Cluster ID 5443628545873338826
Citations list http://scholar.google.com/scholar?cites=5443628545873338826&as_sdt=2005&sciodt=0,5&hl=en
 Versions list http://scholar.google.com/scholar?cluster=5443628545873338826&hl=en&as_sdt=0,5
       Excerpt … We present a study of the redundancy of several types of code constructs in alarge-scale dataset of active Java projects mined from GitHub, unveiling thatredundancy is not uniform and mainly resides in specific code constructs … 

         Title Investigating the use of code analysis and nlp to promote a consistent usage of identifiers
           URL http://scholar.google.com/https://ieeexplore.ieee.org/abstract/document/8090141/
          Year 2017
     Citations 12
      Versions 7
    Cluster ID 15841077236640205942
Citations list http://scholar.google.com/scholar?cites=15841077236640205942&as_sdt=2005&sciodt=0,5&hl=en
 Versions list http://scholar.google.com/scholar?cluster=15841077236640205942&hl=en&as_sdt=0,5
       Excerpt … [7] firstly analyzed 33 rename recommendations generated by NATURALIZE, and then openedpull requests in open … When a developer decides to rename a variable v, a static analysis techniqueis … Also, they submitted 18 patches to five GitHub projects, among which 14 were … 

