[query] http://scholar.google.com/scholar?as_q=&as_epq=%22findbugs%22%20OR%20%22spotbugs%22%20OR%20%22code%20review%22%20OR%20%22static%20analysis%22%20OR%20%22regex%22%20OR%20%22regular%20expression%22%20OR%20%22github%22%20OR%20%22pull%20requests%22&as_oq=&as_eq=&as_occt=any&as_sauthors=Grace%20Lewis&as_publication=&as_ylo=&as_yhi=&as_vis=0&btnG=&hl=en&num=80&as_sdt=0%2C5
         Title How do you architect your robots? State of the practice and guidelines for ROS-based systems
           URL http://scholar.google.com/https://ieeexplore.ieee.org/abstract/document/9276566/
          Year 2020
     Citations 6
      Versions 9
    Cluster ID 14333900214906936514
Citations list http://scholar.google.com/scholar?cites=14333900214906936514&as_sdt=2005&sciodt=0,5&hl=en
 Versions list http://scholar.google.com/scholar?cluster=14333900214906936514&hl=en&as_sdt=0,5
       Excerpt … checked all the repositories discarded in each of the three steps and refined the black-list regularexpression until no … The final dataset is composed of 335 GitHub repositories … 27.42 1.31 Branches2 483 6 11.3 29.78 2.63 Issues 0 983 17 60.8 117.48 1.93 Pull requests 0 2165 … 

         Title Cyber-foraging for improving survivability of mobile systems
           URL http://scholar.google.com/https://ieeexplore.ieee.org/abstract/document/7357644/
          Year 2015
     Citations 11
      Versions 4
    Cluster ID 13097288293820613148
Citations list http://scholar.google.com/scholar?cites=13097288293820613148&as_sdt=2005&sciodt=0,5&hl=en
 Versions list http://scholar.google.com/scholar?cluster=13097288293820613148&hl=en&as_sdt=0,5
       Excerpt … Admin (PC): Browser that is used to access the Cloudlet Manager web application.The implementation and additional documentation for tac- tical cloudlets is availableon GitHub at https://github.com/ SEI-AMS/pycloud. IV … 

         Title A framework for assurance in service-oriented environments
           URL http://scholar.google.com/https://ieeexplore.ieee.org/abstract/document/5482443/
          Year 2010
     Citations 6
      Versions 2
    Cluster ID 9978921845421399186
Citations list http://scholar.google.com/scholar?cites=9978921845421399186&as_sdt=2005&sciodt=0,5&hl=en
 Versions list http://scholar.google.com/scholar?cluster=9978921845421399186&hl=en&as_sdt=0,5
       Excerpt … implementation. The one exception is static analysis which works on the actual code.Most analysis techniques are automated … environment. For example, static analysis cannotbe applied to services if their source code is not available … 

         Title Component mismatches are a critical bottleneck to fielding AI-enabled systems in the public sector
           URL http://scholar.google.com/https://arxiv.org/abs/1910.06136
          Year 1910
     Citations 1
      Versions 4
    Cluster ID 17311623945506868821
Citations list http://scholar.google.com/scholar?cites=17311623945506868821&as_sdt=2005&sciodt=0,5&hl=en
 Versions list http://scholar.google.com/scholar?cluster=17311623945506868821&hl=en&as_sdt=0,5
       Excerpt … In the sec- ond task, we identify attributes currently used to describe elements of ML-enabledsystems by mining project descrip- tions from GitHub repositories that contain trained and un-trained models (Kalliamvakou et al … GitHub Repository Filtering and Analysis … 

         Title A DevOps Approach for Extending Cloud Computing to the Edge
           URL http://scholar.google.com/https://apps.dtic.mil/sti/citations/AD1084206
          Year 2018
     Citations 0
      Versions 0
       Excerpt … Chris Grabowski (SSD/TTG) Dan Klinedinst (CERT/VUL) Keegan Williams (SSD/TTG) TacticalCloudlets software available on GitHub as KD-Cloudlet https://github.com/SEI-AMS/pycloud Page18. Title of the Presentation Goes Here © 2018 Carnegie Mellon University … 

         Title A reference architecture for mobile code offload in hostile environments
           URL http://scholar.google.com/https://link.springer.com/chapter/10.1007/978-3-642-36632-1_16
          Year 2012
     Citations 75
      Versions 16
    Cluster ID 12406151801833320590
Citations list http://scholar.google.com/scholar?cites=12406151801833320590&as_sdt=2005&sciodt=0,5&hl=en
 Versions list http://scholar.google.com/scholar?cluster=12406151801833320590&hl=en&as_sdt=0,5
       Excerpt … Ubuntu: KVM/Networking – Community Ubuntu Documentation, https://help.ubuntu.com/community/KVM/Networking 36. Github: seb-m/pyinotify—Github, https://github.com/seb-m/pyinotify 37. Avahi.org: Avahi, http://avahi.org/ 38 … 

         Title Cloud computing at the tactical edge
           URL http://scholar.google.com/https://apps.dtic.mil/sti/citations/ADA585461
          Year 2012
     Citations 10
      Versions 8
    Cluster ID 9384816455827051746
Citations list http://scholar.google.com/scholar?cites=9384816455827051746&as_sdt=2005&sciodt=0,5&hl=en
 Versions list http://scholar.google.com/scholar?cluster=9384816455827051746&hl=en&as_sdt=0,5
       Excerpt … The Cloudlet Server uses pyinotify—a Python file-system change-monitoringutility—to subscribe to changes in the face-recognition server IP address and port file[Github 2012]. This provides a mechanism for inter-thread communication … 

         Title Proceedings of the Fourth International Workshop on a Research Agenda for Maintenance and Evolution of Service-Oriented Systems (MESOA 2010)
           URL http://scholar.google.com/https://apps.dtic.mil/sti/citations/ADA611617
          Year 2011
     Citations 1
      Versions 4
    Cluster ID 15191658916887047454
Citations list http://scholar.google.com/scholar?cites=15191658916887047454&as_sdt=2005&sciodt=0,5&hl=en
 Versions list http://scholar.google.com/scholar?cluster=15191658916887047454&hl=en&as_sdt=0,5
       Excerpt … During MESOA 2008, Sneed contributed a paper titled “Static Analysis and Measurement ofWeb Service Interfaces.” This paper states that the critical hinge in an SOA is the web serviceinterface, as defined in the Web Services Description Language (WSDL) … 

         Title Tico-19: the translation initiative for covid-19
           URL http://scholar.google.com/https://arxiv.org/abs/2007.01788
          Year 2020
     Citations 3
      Versions 6
    Cluster ID 15233656725192562979
Citations list http://scholar.google.com/scholar?cites=15233656725192562979&as_sdt=2005&sciodt=0,5&hl=en
 Versions list http://scholar.google.com/scholar?cluster=15233656725192562979&hl=en&as_sdt=0,5
       Excerpt … 2The dataset, translation memories, and ad- ditional resources are freely available online:http://tico-19.github.io/. As the project continues and we create data for more languages, we willkeep updating this paper as well as the project's website. 3July 1st, 2020 deaths … 

         Title Workshop on a Research Agenda for Maintenance and Evolution of Service-Oriented Systems (MESOA 2009)
           URL http://scholar.google.com/https://resources.sei.cmu.edu/asset_files/specialreport/2011_003_001_15323.pdf
          Year 2010
     Citations 0
      Versions 7
      PDF link http://scholar.google.com/https://resources.sei.cmu.edu/asset_files/specialreport/2011_003_001_15323.pdf
 Versions list http://scholar.google.com/scholar?cluster=942646842586744098&hl=en&as_sdt=0,5
       Excerpt … During MESOA 2008, Sneed contributed a paper titled “Static Analysis and Measurement ofWeb Service Interfaces.” This paper states that the critical hinge in an SOA is the web serviceinterface, as defined in the Web Services Description Language (WSDL) … 

         Title on a Research Agenda for Maintenance and Evolution of Service-Oriented Systems (MESOA 2010)
           URL http://scholar.google.com/https://pdfs.semanticscholar.org/0423/5839c271b4b618352283a55b8cb992b673cc.pdf
          Year 2011
     Citations 0
      Versions 3
      PDF link http://scholar.google.com/https://pdfs.semanticscholar.org/0423/5839c271b4b618352283a55b8cb992b673cc.pdf
 Versions list http://scholar.google.com/scholar?cluster=11494066709062567198&hl=en&as_sdt=0,5
       Excerpt … During MESOA 2008, Sneed contributed a paper titled “Static Analysis and Measurement ofWeb Service Interfaces.” This paper states that the critical hinge in an SOA is the web serviceinterface, as defined in the Web Services Description Language (WSDL) … 

         Title Challenges for assuring quality of service in a service-oriented environment
           URL http://scholar.google.com/https://ieeexplore.ieee.org/abstract/document/5068829/
          Year 2009
     Citations 21
      Versions 4
    Cluster ID 13690557085821809521
Citations list http://scholar.google.com/scholar?cites=13690557085821809521&as_sdt=2005&sciodt=0,5&hl=en
 Versions list http://scholar.google.com/scholar?cluster=13690557085821809521&hl=en&as_sdt=0,5
       Excerpt … Typically services are black boxes, presenting a greater testing problem. A service consumercannot use static analysis and white-box testing techniques to test for absence of vulnerabilities.Another factor that complicates security in a SOA environment is service reuse … 

         Title Two Perspectives on IoT Security: Standards and Runtime Enforcement
           URL http://scholar.google.com/https://apps.dtic.mil/sti/citations/AD1088576
          Year 2019
     Citations 0
      Versions 0
       Excerpt … The resulting system was evaluated in terms of resource consumption via experimentation, againstthe threat model and using vulnerability analysis with simple attack trees. All code and supportingdocu- mentation are available at https://github.com/SEI-TTG/ace-client/wiki … 

         Title A decision model for cyber-foraging systems
           URL http://scholar.google.com/https://ieeexplore.ieee.org/abstract/document/7516811/
          Year 2016
     Citations 22
      Versions 6
    Cluster ID 7127151171547964980
Citations list http://scholar.google.com/scholar?cites=7127151171547964980&as_sdt=2005&sciodt=0,5&hl=en
 Versions list http://scholar.google.com/scholar?cluster=7127151171547964980&hl=en&as_sdt=0,5
       Excerpt Page 1. A Decision Model for Cyber-Foraging Systems Grace A. Lewis ∗‡ , PatriciaLago ∗ , Paris Avgeriou † ∗ VU University Amsterdam, the Netherlands E-mail:1g.a.lewis, p.lagol@vu.nl † University of Groningen, the Netherlands … 

         Title Authentication and authorization for IoT devices in disadvantaged environments
           URL http://scholar.google.com/https://ieeexplore.ieee.org/abstract/document/8767192/
          Year 2019
     Citations 4
      Versions 9
    Cluster ID 5246339884082550406
Citations list http://scholar.google.com/scholar?cites=5246339884082550406&as_sdt=2005&sciodt=0,5&hl=en
 Versions list http://scholar.google.com/scholar?cluster=5246339884082550406&hl=en&as_sdt=0,5
       Excerpt … 3http://www.ti.com/product/CC2538 4https://bitbucket.org/lseitz/ace-java 5https://github.com/cetic/6lbr 6https://github.com/cetic/tinydtls for security … All code and supportingdocumentation is available at https://github.com/SEI-TTG/ace-client/wiki … 

         Title Establishing trusted identities in disconnected edge environments
           URL http://scholar.google.com/https://ieeexplore.ieee.org/abstract/document/7774673/
          Year 2016
     Citations 17
      Versions 5
    Cluster ID 15944502670234358228
Citations list http://scholar.google.com/scholar?cites=15944502670234358228&as_sdt=2005&sciodt=0,5&hl=en
 Versions list http://scholar.google.com/scholar?cluster=15944502670234358228&hl=en&as_sdt=0,5
       Excerpt Page 1. Establishing Trusted Identities in Disconnected Edge Environments Sebastián Echeverrıa,Dan Klinedinst, Keegan Williams, Grace A. Lewis Carnegie Mellon Software Engineering InstitutePittsburgh, PA USA 1secheverria, djklinedinst, kmwilliams, glewisl@sei.cmu.edu … 

         Title Assumptions management in software development
           URL http://scholar.google.com/https://apps.dtic.mil/sti/citations/ADA443152
          Year 2004
     Citations 38
      Versions 13
    Cluster ID 9650192985366868166
Citations list http://scholar.google.com/scholar?cites=9650192985366868166&as_sdt=2005&sciodt=0,5&hl=en
 Versions list http://scholar.google.com/scholar?cluster=9650192985366868166&hl=en&as_sdt=0,5
       Excerpt … another example. The project team has created an Eclipse-based tool that allowsa developer to capture design intent in concurrent programs as annotations thatare validated against the code using static analysis. The intent … 

         Title Trends and Challenges for Software Engineering in the Mobile Domain
           URL http://scholar.google.com/https://ieeexplore.ieee.org/abstract/document/9091517/
          Year 2020
     Citations 0
      Versions 8
 Versions list http://scholar.google.com/scholar?cluster=17188759829945883114&hl=en&as_sdt=0,5
       Excerpt Page 1. 88 IEEE SOFTWARE | PUBLISHED BY THE IEEE COMPUTER SOCIETY0740-7459/21©2021IEEE FEATURE: MOBILE COMPUTING DURING THE PASTdecade, the rapid rise of mobile computing has upended software … 

         Title A tale of three systems: Case studies on the application of architectural tactics for cyber-foraging
           URL http://scholar.google.com/https://www.sciencedirect.com/science/article/pii/S0167739X18312834
          Year 2019
     Citations 0
      Versions 7
 Versions list http://scholar.google.com/scholar?cluster=8150206160879241743&hl=en&as_sdt=0,5
       Excerpt … and publications. The as-designed architecture is compared to the as-is architecturethrough code inspection of the code available at https://github.com/SEI-AMS/pycloudand verification with the development team. 3. Map architectural … 

         Title KalKi: A Software-Defined IoT Security Platform
           URL http://scholar.google.com/https://ieeexplore.ieee.org/abstract/document/9221050/
          Year 2020
     Citations 0
      Versions 0
       Excerpt … 7https://steveyo.github.io/Hue-Emulator/ 8Nmap (Network Mapper) is an open source toolfor network discovery and security auditing (https://nmap.org/). 9The TCP XMAS scan identifieslistening ports by manipulating several flags in the TCP header … 

