[query] http://scholar.google.com/scholar?as_q=&as_epq=%22findbugs%22%20OR%20%22spotbugs%22%20OR%20%22code%20review%22%20OR%20%22static%20analysis%22%20OR%20%22regex%22%20OR%20%22regular%20expression%22%20OR%20%22github%22%20OR%20%22pull%20requests%22&as_oq=&as_eq=&as_occt=any&as_sauthors=Gregory%20Kapfhammer&as_publication=&as_ylo=&as_yhi=&as_vis=0&btnG=&hl=en&num=80&as_sdt=0%2C5
         Title ReDeCheck: An automatic layout failure checking tool for responsively designed web pages
           URL http://scholar.google.com/https://dl.acm.org/doi/abs/10.1145/3092703.3098221
          Year 2017
     Citations 15
      Versions 5
    Cluster ID 6323777984741257914
Citations list http://scholar.google.com/scholar?cites=6323777984741257914&as_sdt=2005&sciodt=0,5&hl=en
 Versions list http://scholar.google.com/scholar?cluster=6323777984741257914&hl=en&as_sdt=0,5
       Excerpt … In addition to sum- marizing RDC 's bene ts, this paper explores two di erent usage scenariosfor this tool that is publicly available on GitHub … RDC is well doc- umented and currently availableon GitHub, under an open-source license, for evaluation and extension [20] … 

         Title The impact of equivalent, redundant and quasi mutants on database schema mutation analysis
           URL http://scholar.google.com/https://ieeexplore.ieee.org/abstract/document/6958387/
          Year 2014
     Citations 25
      Versions 8
    Cluster ID 15389271808089949862
Citations list http://scholar.google.com/scholar?cites=15389271808089949862&as_sdt=2005&sciodt=0,5&hl=en
 Versions list http://scholar.google.com/scholar?cluster=15389271808089949862&hl=en&as_sdt=0,5
       Excerpt … Applying our techniques for ineffective mutant removal to a variety of schemas, many of whichare from real-world sources like the US Department of Agriculture and the Stack Overflow website,reveals that the presented static analysis of the DBMS-independent representa- tion … 

         Title SchemaAnalyst: Search-based test data generation for relational database schemas
           URL http://scholar.google.com/https://ieeexplore.ieee.org/abstract/document/7816513/
          Year 2016
     Citations 16
      Versions 5
    Cluster ID 258252632337616535
Citations list http://scholar.google.com/scholar?cites=258252632337616535&as_sdt=2005&sciodt=0,5&hl=en
 Versions list http://scholar.google.com/scholar?cluster=258252632337616535&hl=en&as_sdt=0,5
       Excerpt … B. Usage Instructions SchemaAnalyst is publicly available on GitHub under an open-sourcelicense [8]. After cloning the Git repository, the project can be built using Gradle by running thefollow- ing command in the project's root directory: ./gradlew compile … 

         Title Hitchhikers need free vehicles! Shared repositories for statistical analysis in SBST
           URL http://scholar.google.com/https://ieeexplore.ieee.org/abstract/document/7810708/
          Year 2016
     Citations 4
      Versions 6
    Cluster ID 5807543552462029132
Citations list http://scholar.google.com/scholar?cites=5807543552462029132&as_sdt=2005&sciodt=0,5&hl=en
 Versions list http://scholar.google.com/scholar?cluster=5807543552462029132&hl=en&as_sdt=0,5
       Excerpt … software testing tools. to build on the noteworthy foundation set by Arcuri and Briandby encapsulating their theory and practical suggestions into a free and open-sourcestatistical software package shared through GitHub. Figure 1 … 

         Title Running Experiments and Performing Data Analysis Using SchemaAnalyst and DOMINO
           URL http://scholar.google.com/https://www.gregorykapfhammer.com/download/research/papers/key/Alsharif2018b-paper.pdf
     Citations 0
      Versions 2
      PDF link http://scholar.google.com/https://www.gregorykapfhammer.com/download/research/papers/key/Alsharif2018b-paper.pdf
 Versions list http://scholar.google.com/scholar?cluster=8757404768998323027&hl=en&as_sdt=0,5
       Excerpt … It uses the Gradle tool to manage its building, testing, and dependencies. Testers can follow theinstructions at the tool's GitHub repository1 and a previous tool paper [3] to learn how to installand run SchemaAnalyst … 1https://github.com/schemaanalyst/schemaanalyst … 

         Title Generating Database Schema Test Suites with DOMINO
           URL http://scholar.google.com/https://www.gregorykapfhammer.com/download/research/papers/key/Alsharif2018a-paper.pdf
     Citations 0
      Versions 2
      PDF link http://scholar.google.com/https://www.gregorykapfhammer.com/download/research/papers/key/Alsharif2018a-paper.pdf
 Versions list http://scholar.google.com/scholar?cluster=1336430014835733343&hl=en&as_sdt=0,5
       Excerpt … To install and use SchemaAnalyst, individuals can follow the detailed documentation at the tool'sGitHub repository1. 1https://github.com/schemaanalyst/schemaanalyst q 60 80 100 AVM−RDOMINO Test Data Generators T est Generation Time (Seconds) Fig … 

         Title A family of test adequacy criteria for database-driven applications
           URL http://scholar.google.com/https://dl.acm.org/doi/abs/10.1145/949952.940086
          Year 2003
     Citations 175
      Versions 21
    Cluster ID 9552597292616770281
Citations list http://scholar.google.com/scholar?cites=9552597292616770281&as_sdt=2005&sciodt=0,5&hl=en
 Versions list http://scholar.google.com/scholar?cluster=9552597292616770281&hl=en&as_sdt=0,5
       Excerpt … As observed by Dauo et al., a static analysis of a database- driven application's source codewill completely reveal data- base entities only when the interaction point is at the level of database,relation, or attribute [6]. A knowledge of the state of the database is required to … 

         Title Flake It'Till You Make It: Using Automated Repair to Induce and Fix Latent Test Flakiness
           URL http://scholar.google.com/https://dl.acm.org/doi/abs/10.1145/3387940.3392177
          Year 2020
     Citations 0
      Versions 3
 Versions list http://scholar.google.com/scholar?cluster=10429055355768805442&hl=en&as_sdt=0,5
       Excerpt … Hydra's test suite leverages the PyTest2 framework that supports the parameterisation ofan 1https://github.com/facebookresearch/hydra 2https://docs.pytest.org/en/latest/ 11 … 3Linkto the source code line in the GitHub repository: https://bit.ly/2TK5DWt … 

         Title mrstudyr: Retrospectively studying the effectiveness of mutant reduction techniques
           URL http://scholar.google.com/https://ieeexplore.ieee.org/abstract/document/7816514/
          Year 2016
     Citations 3
      Versions 5
    Cluster ID 7428502868319839931
Citations list http://scholar.google.com/scholar?cites=7428502868319839931&as_sdt=2005&sciodt=0,5&hl=en
 Versions list http://scholar.google.com/scholar?cluster=7428502868319839931&hl=en&as_sdt=0,5
       Excerpt … In addition to being capable of retrospectively analysing mutant reduction techniques from variousdomains, mrstudyr is well-documented and has been released on GitHub under an open-sourcelicense [18] … [Online]. Available: https://goo.gl/Je5EO2 [34] “Github,” 2016 … 

         Title Automated visual classification of DOM‐based presentation failure reports for responsive web pages
           URL http://scholar.google.com/https://onlinelibrary.wiley.com/doi/abs/10.1002/stvr.1756
          Year 2020
     Citations 0
      Versions 0
       Excerpt … The additional contributions that this extended journal article makes over the original ICST 2019conference paper are as follows: Implemented in a tool called VERVE, that is publicly availablein a GitHub repository at github.com/verve-tool/verve, new algorithms for … 

         Title An empirical study on the use of defect prediction for test case prioritization
           URL http://scholar.google.com/https://ieeexplore.ieee.org/abstract/document/8730206/
          Year 2019
     Citations 13
      Versions 6
    Cluster ID 4105013674875339403
Citations list http://scholar.google.com/scholar?cites=4105013674875339403&as_sdt=2005&sciodt=0,5&hl=en
 Versions list http://scholar.google.com/scholar?cluster=4105013674875339403&hl=en&as_sdt=0,5
       Excerpt … 2https://git-scm.com/, accessed January 26, 2019. 3https://github.com/andrefreitas/schwa,accessed January 26, 2019. 347 Page 3 … 5) Test Case Prioritization: For RQ2 and RQ3, we usedthe test case prioritization tool KANONIZO (https://github. com/kanonizo/kanonizo) … 

         Title Automatic detection of potential layout faults following changes to responsive web pages (N)
           URL http://scholar.google.com/https://ieeexplore.ieee.org/abstract/document/7372059/
          Year 2015
     Citations 41
      Versions 8
    Cluster ID 9991842382696551454
Citations list http://scholar.google.com/scholar?cites=9991842382696551454&as_sdt=2005&sciodt=0,5&hl=en
 Versions list http://scholar.google.com/scholar?cluster=9991842382696551454&hl=en&as_sdt=0,5
       Excerpt Page 1. Automatic Detection of Potential Layout Faults Following Changes toResponsive Web Pages Thomas A. Walsh ∗ , Phil McMinn ∗ and Gregory M.Kapfhammer † ∗ Department of Computer Science, University of Sheffield … 

         Title Automatically identifying potential regressions in the layout of responsive web pages
           URL http://scholar.google.com/https://onlinelibrary.wiley.com/doi/abs/10.1002/stvr.1748
          Year 2020
     Citations 4
      Versions 4
    Cluster ID 4534245080879569358
Citations list http://scholar.google.com/scholar?cites=4534245080879569358&as_sdt=2005&sciodt=0,5&hl=en
 Versions list http://scholar.google.com/scholar?cluster=4534245080879569358&hl=en&as_sdt=0,5
       Excerpt Summary Providing a good user experience on the ever‐increasing numberand variety of devices being used to browse the web is a difficult, yet critical,task. With responsive web design, front‐end ...

         Title Automatic visual verification of layout failures in responsively designed web pages
           URL http://scholar.google.com/https://ieeexplore.ieee.org/abstract/document/8730186/
          Year 2019
     Citations 9
      Versions 5
    Cluster ID 13537248536554056485
Citations list http://scholar.google.com/scholar?cites=13537248536554056485&as_sdt=2005&sciodt=0,5&hl=en
 Versions list http://scholar.google.com/scholar?cluster=13537248536554056485&hl=en&as_sdt=0,5
       Excerpt Page 1. Automatic Visual Verification of Layout Failures in Responsively DesignedWeb Pages Ibrahim Althomali University of Sheffield, UK Gregory M. KapfhammerAllegheny College, USA Phil McMinn University of Sheffield, UK … 

         Title Using controlled numbers of real faults and mutants to empirically evaluate coverage-based test case prioritization
           URL http://scholar.google.com/https://dl.acm.org/doi/abs/10.1145/3194733.3194735
          Year 2018
     Citations 9
      Versions 12
    Cluster ID 5427319785171491908
Citations list http://scholar.google.com/scholar?cites=5427319785171491908&as_sdt=2005&sciodt=0,5&hl=en
 Versions list http://scholar.google.com/scholar?cluster=5427319785171491908&hl=en&as_sdt=0,5
       Excerpt Page 1. Using Controlled Numbers of Real Faults and Mutants to Empirically EvaluateCoverage-Based Test Case Prioritization David Paterson University of Sheffield GregoryM. Kapfhammer Allegheny College Gordon Fraser University of Passau … 

         Title What Factors Make SQL Test Cases Understandable for Testers? A Human Study of Automated Test Data Generation Techniques
           URL http://scholar.google.com/https://ieeexplore.ieee.org/abstract/document/8919030/
          Year 2019
     Citations 2
      Versions 6
    Cluster ID 2547764340227256655
Citations list http://scholar.google.com/scholar?cites=2547764340227256655&as_sdt=2005&sciodt=0,5&hl=en
 Versions list http://scholar.google.com/scholar?cluster=2547764340227256655&hl=en&as_sdt=0,5
       Excerpt … We added DOM- COL and DOM-READ (and their value-initializing libraries) and AVM-LM (andits language model) to SchemaAnalyst, making the enhanced tool, as shown in Figure 3, availablefor download at https://github.com/schemaanalyst/schemaanalyst … 

         Title DOMINO: Fast and effective test data generation for relational database schemas
           URL http://scholar.google.com/https://ieeexplore.ieee.org/abstract/document/8367032/
          Year 2018
     Citations 8
      Versions 8
    Cluster ID 6501148639673630125
Citations list http://scholar.google.com/scholar?cites=6501148639673630125&as_sdt=2005&sciodt=0,5&hl=en
 Versions list http://scholar.google.com/scholar?cluster=6501148639673630125&hl=en&as_sdt=0,5
       Excerpt Page 1. DOMINO: Fast and Effective Test Data Generation for Relational DatabaseSchemas Abdullah Alsharif University of Sheffield Gregory M. Kapfhammer AlleghenyCollege Phil McMinn University of Sheffield Abstract—An … 

         Title Database-aware test coverage monitoring
           URL http://scholar.google.com/https://dl.acm.org/doi/abs/10.1145/1342211.1342228
          Year 2008
     Citations 41
      Versions 16
    Cluster ID 4374574749935793527
Citations list http://scholar.google.com/scholar?cites=4374574749935793527&as_sdt=2005&sciodt=0,5&hl=en
 Versions list http://scholar.google.com/scholar?cluster=4374574749935793527&hl=en&as_sdt=0,5
       Excerpt … A probe determines how the insert modifies the database by first identifying relj' with a regularexpression and then extracting and differenc- ing the before … If static analysis does not revealwhether Nr is a defining or a using SQL, then we insert a call to a BeforeDatabase probe … 

         Title STICCER: Fast and Effective Database Test Suite Reduction Through Merging of Similar Test Cases
           URL http://scholar.google.com/https://ieeexplore.ieee.org/abstract/document/9159082/
          Year 2020
     Citations 2
      Versions 4
    Cluster ID 8022561756678557489
Citations list http://scholar.google.com/scholar?cites=8022561756678557489&as_sdt=2005&sciodt=0,5&hl=en
 Versions list http://scholar.google.com/scholar?cluster=8022561756678557489&hl=en&as_sdt=0,5
       Excerpt … presented technique. Also, we integrated the Random, Greedy, and HGS reductiontechniques into SchemaAnalyst, making the complete system available athttps://github.com/schemaanalyst/schemaanalyst. IV. EMPIRICAL … 

         Title Hybrid methods for reducing database schema test suites: Experimental insights from computational and human studies
           URL http://scholar.google.com/https://dl.acm.org/doi/abs/10.1145/3387903.3389305
          Year 2020
     Citations 1
      Versions 3
    Cluster ID 14572745139982319697
Citations list http://scholar.google.com/scholar?cites=14572745139982319697&as_sdt=2005&sciodt=0,5&hl=en
 Versions list http://scholar.google.com/scholar?cluster=14572745139982319697&hl=en&as_sdt=0,5
       Excerpt … D Test Cases id last_name first_name gender date_of_birth t1 0 '' '' 'Male' '2000-01-01' t2 0 '' '''Other' '2000-01-01' Figure 3: STICCER's Attempts to Merge Test Cases SchemaAnalyst tool bywriting and applying unit tests, which are available at https://github.com/schemaanalyst … 

