[query] http://scholar.google.com/scholar?as_q=&as_epq=%22findbugs%22%20OR%20%22spotbugs%22%20OR%20%22code%20review%22%20OR%20%22static%20analysis%22%20OR%20%22regex%22%20OR%20%22regular%20expression%22%20OR%20%22github%22%20OR%20%22pull%20requests%22&as_oq=&as_eq=&as_occt=any&as_sauthors=Gregory%20Gay&as_publication=&as_ylo=&as_yhi=&as_vis=0&btnG=&hl=en&num=80&as_sdt=0%2C5
         Title Detecting real faults in the Gson library through search-based unit test generation
           URL http://scholar.google.com/https://link.springer.com/chapter/10.1007/978-3-319-99241-9_25
          Year 2018
     Citations 6
      Versions 3
    Cluster ID 4511975094233950040
Citations list http://scholar.google.com/scholar?cites=4511975094233950040&as_sdt=2005&sciodt=0,5&hl=en
 Versions list http://scholar.google.com/scholar?cluster=4511975094233950040&hl=en&as_sdt=0,5
       Excerpt An important benchmark for test generation tools is their ability to detectreal faults. We have identified 16 real faults in Gson—a Java library formanipulating JSON data—and added them to the...

         Title Using search-based test generation to discover real faults in Guava
           URL http://scholar.google.com/https://link.springer.com/chapter/10.1007/978-3-319-66299-2_13
          Year 2017
     Citations 6
      Versions 3
    Cluster ID 13069526601038666196
Citations list http://scholar.google.com/scholar?cites=13069526601038666196&as_sdt=2005&sciodt=0,5&hl=en
 Versions list http://scholar.google.com/scholar?cluster=13069526601038666196&hl=en&as_sdt=0,5
       Excerpt … The faults used in this study can be accessed by cloning the bug-mining branch ofhttps://github.com/Greg4cr/defects4j … Because of this fault, splitting a string with a zero-width regularexpression pattern would result in single-character strings on either end of the split being … 

         Title Challenges in using search-based test generation to identify real faults in mockito
           URL http://scholar.google.com/https://link.springer.com/chapter/10.1007/978-3-319-47106-8_17
          Year 2016
     Citations 7
      Versions 2
    Cluster ID 10686166467771808286
Citations list http://scholar.google.com/scholar?cites=10686166467771808286&as_sdt=2005&sciodt=0,5&hl=en
 Versions list http://scholar.google.com/scholar?cluster=10686166467771808286&hl=en&as_sdt=0,5
       Excerpt … as refactorings. In order to focus on the faults typical of a mature project, we limitedour extraction to the GitHub-based issue tracking system that Mockito began usingin July 2014 (previously, Google Code was used). To help … 

         Title Understanding the Nature of System-Related Issues in Machine Learning Frameworks: An Exploratory Study
           URL http://scholar.google.com/https://arxiv.org/abs/2005.06091
          Year 2005
     Citations 0
      Versions 4
 Versions list http://scholar.google.com/scholar?cluster=5410679693210779686&hl=en&as_sdt=0,5
       Excerpt … We created a Python program based on the REST API provided by GitHub to randomly collectclosed issues from each system's repository to … More developers may need to take part indiscussion, contribute to the project, and make pull requests in order to maintain a healthy … 

         Title Generating Diverse Test Suites for Gson Through Adaptive Fitness Function Selection
           URL http://scholar.google.com/https://link.springer.com/chapter/10.1007/978-3-030-59762-7_18
          Year 2020
     Citations 1
      Versions 3
    Cluster ID 2186616698741274078
Citations list http://scholar.google.com/scholar?cites=2186616698741274078&as_sdt=2005&sciodt=0,5&hl=en
 Versions list http://scholar.google.com/scholar?cluster=2186616698741274078&hl=en&as_sdt=0,5
       Excerpt … 2. For full details, refer to our prior work [1]. 3. EvoSuiteFIT is available from https://github.com/HusseinAlmulla/evosuite/tree/evosuitefit. 4. Available from http://defects4j.org. 5. This is thesame practice followed by other studies using EvoSuite, ie [1, 3] … 

         Title Mapping class dependencies for fun and profit
           URL http://scholar.google.com/https://link.springer.com/chapter/10.1007/978-3-319-99241-9_21
          Year 2018
     Citations 1
      Versions 2
    Cluster ID 16354066257645554844
Citations list http://scholar.google.com/scholar?cites=16354066257645554844&as_sdt=2005&sciodt=0,5&hl=en
 Versions list http://scholar.google.com/scholar?cluster=16354066257645554844&hl=en&as_sdt=0,5
       Excerpt … The results of a pilot study on the applicability of coupling to test generation show potentialbenefits from generating tests for coupled classes and offer new research challenges. Footnotes.1. Available from https://github.com/Greg4cr/Coupling-Mapping. 2 … 

         Title Generating effective test suites by combining coverage criteria
           URL http://scholar.google.com/https://link.springer.com/chapter/10.1007/978-3-319-66299-2_5
          Year 2017
     Citations 19
      Versions 3
    Cluster ID 888776628100977396
Citations list http://scholar.google.com/scholar?cites=888776628100977396&as_sdt=2005&sciodt=0,5&hl=en
 Versions list http://scholar.google.com/scholar?cluster=888776628100977396&hl=en&as_sdt=0,5
       Excerpt A number of criteria have been proposed to judge test suite adequacy.While search-based test generation has improved greatly at criteriacoverage, the produced suites are still often ineffective at...

         Title Defects4J as a Challenge Case for the Search-Based Software Engineering Community
           URL http://scholar.google.com/https://link.springer.com/chapter/10.1007/978-3-030-59762-7_19
          Year 2020
     Citations 3
      Versions 3
    Cluster ID 4583120493956354321
Citations list http://scholar.google.com/scholar?cites=4583120493956354321&as_sdt=2005&sciodt=0,5&hl=en
 Versions list http://scholar.google.com/scholar?cluster=4583120493956354321&hl=en&as_sdt=0,5
       Excerpt … 1. The entire process is documented at https://github.com/rjust/defects4j/tree/master/framework/bug-mining/README.md. Notes … https://cobertura.github.io/cobertura/. 2. Almulla, H., Salahirad,A., Gay, G.: Using search-based test generation to discover real faults in Guava … 

         Title To call, or not to call: Contrasting direct and indirect branch coverage in test generation
           URL http://scholar.google.com/https://dl.acm.org/doi/abs/10.1145/3194718.3194719
          Year 2018
     Citations 6
      Versions 5
    Cluster ID 9813615741601016087
Citations list http://scholar.google.com/scholar?cites=9813615741601016087&as_sdt=2005&sciodt=0,5&hl=en
 Versions list http://scholar.google.com/scholar?cluster=9813615741601016087&hl=en&as_sdt=0,5
       Excerpt Page 1. To Call, or Not to Call: Contrasting Direct and Indirect Branch Coverage inTest Generation * Gregory Gay University of South Carolina Columbia, SC, UnitedStates greg@greggay.com ABSTRACT While adequacy criteria … 

         Title The risks of coverage-directed test case generation
           URL http://scholar.google.com/https://ieeexplore.ieee.org/abstract/document/7081779/
          Year 2015
     Citations 89
      Versions 5
    Cluster ID 1204786475517625354
Citations list http://scholar.google.com/scholar?cites=1204786475517625354&as_sdt=2005&sciodt=0,5&hl=en
 Versions list http://scholar.google.com/scholar?cluster=1204786475517625354&hl=en&as_sdt=0,5
       Excerpt Page 1. The Risks of Coverage-Directed Test Case Generation Gregory Gay, Member,IEEE, Matt Staats, Michael Whalen, Senior Member, IEEE, and Mats PE Heimdahl,Senior Member, IEEE Abstract—A number of structural … 

         Title Learning how to search: generating exception-triggering tests through adaptive fitness function selection
           URL http://scholar.google.com/https://ieeexplore.ieee.org/abstract/document/9159064/
          Year 2020
     Citations 4
      Versions 4
    Cluster ID 6078227594850211045
Citations list http://scholar.google.com/scholar?cites=6078227594850211045&as_sdt=2005&sciodt=0,5&hl=en
 Versions list http://scholar.google.com/scholar?cluster=6078227594850211045&hl=en&as_sdt=0,5
       Excerpt … goals. EvoSuiteFIT is available from https://github.com/hukh/evosuite/tree/evosuitefitA. Upper Confidence Bound (UCB) Algorithm … C). Tools and experiment scriptingare available from https://github.com/Greg4cr/evosuitefit-exp … 

         Title Choosing the fitness function for the job: Automated generation of test suites that detect real faults
           URL http://scholar.google.com/https://onlinelibrary.wiley.com/doi/abs/10.1002/stvr.1701
          Year 2019
     Citations 17
      Versions 4
    Cluster ID 18271280584677589521
Citations list http://scholar.google.com/scholar?cites=18271280584677589521&as_sdt=2005&sciodt=0,5&hl=en
 Versions list http://scholar.google.com/scholar?cluster=18271280584677589521&hl=en&as_sdt=0,5
       Excerpt … Available from http://defects4j.org. ¶The new faults have been submitted to Defects4J as a pullrequest. Until they are accepted, they can be found at the additional-faults-1.4 branch ofhttps://github.com/Greg4cr/defects4j. © 2019 John Wiley & Sons, Ltd. Softw. Test. Verif … 

         Title The fitness function for the job: Search-based generation of test suites that detect real faults
           URL http://scholar.google.com/https://ieeexplore.ieee.org/abstract/document/7927988/
          Year 2017
     Citations 32
      Versions 2
    Cluster ID 10193362594188304271
Citations list http://scholar.google.com/scholar?cites=10193362594188304271&as_sdt=2005&sciodt=0,5&hl=en
 Versions list http://scholar.google.com/scholar?cluster=10193362594188304271&hl=en&as_sdt=0,5
       Excerpt … We also list the number of faults detected by any criterion. Due to the stochastic search,a higher budget does not guarantee detection of the same faults found under a lowersearch budget. 3Available from http://cobertura.github.io/cobertura … 

         Title Investigating faults missed by test suites achieving high code coverage
           URL http://scholar.google.com/https://www.sciencedirect.com/science/article/pii/S0164121218301201
          Year 2018
     Citations 12
      Versions 3
    Cluster ID 8431312863215428738
Citations list http://scholar.google.com/scholar?cites=8431312863215428738&as_sdt=2005&sciodt=0,5&hl=en
 Versions list http://scholar.google.com/scholar?cluster=8431312863215428738&hl=en&as_sdt=0,5
       Excerpt JavaScript is disabled on your browser. Please enable JavaScript to use allthe features on this page. Skip to main content Skip to article … 

         Title The effect of program and model structure on the effectiveness of MC/DC test adequacy coverage
           URL http://scholar.google.com/https://dl.acm.org/doi/abs/10.1145/2934672
          Year 2016
     Citations 26
      Versions 4
    Cluster ID 1603976165110294959
Citations list http://scholar.google.com/scholar?cites=1603976165110294959&as_sdt=2005&sciodt=0,5&hl=en
 Versions list http://scholar.google.com/scholar?cluster=1603976165110294959&hl=en&as_sdt=0,5
       Excerpt … This framework is open source and freely available from https://github.com/djyou/lustre. 3.3. CaseExamples We used four industrial synchronous reactive systems developed by Rockwell CollinsInc. in our experiment. Information related to these systems is provided in Table III … 

         Title Automated oracle data selection support
           URL http://scholar.google.com/https://ieeexplore.ieee.org/abstract/document/7112189/
          Year 2015
     Citations 20
      Versions 6
    Cluster ID 4659757735673047195
Citations list http://scholar.google.com/scholar?cites=4659757735673047195&as_sdt=2005&sciodt=0,5&hl=en
 Versions list http://scholar.google.com/scholar?cluster=4659757735673047195&hl=en&as_sdt=0,5
       Excerpt Page 1. Automated Oracle Data Selection Support Gregory Gay, Matt Staats, MichaelWhalen, Senior Member, IEEE, and Mats PE Heimdahl, Senior Member, IEEEAbstract—The choice of test oracle—the artifact that determines … 

         Title Ensuring the observability of structural test obligations
           URL http://scholar.google.com/https://ieeexplore.ieee.org/abstract/document/8456606/
          Year 2018
     Citations 7
      Versions 7
    Cluster ID 16628872950865169470
Citations list http://scholar.google.com/scholar?cites=16628872950865169470&as_sdt=2005&sciodt=0,5&hl=en
 Versions list http://scholar.google.com/scholar?cluster=16628872950865169470&hl=en&as_sdt=0,5
       Excerpt … Generally, mutants are introduced with the intent that they not be 1. Such as the Cobertura andEMMA IDE plug-ins—see http:// cobertura.github.io/cobertura/and http://www.eclemma.org/ 750IEEE TRANSACTIONS ON SOFTWARE ENGINEERING, VOL. 46, NO. 7, JULY 2020 … 

         Title Understanding The Impact of Solver Choice in Model-Based Test Generation
           URL http://scholar.google.com/https://dl.acm.org/doi/abs/10.1145/3382494.3410674
          Year 2020
     Citations 0
      Versions 2
 Versions list http://scholar.google.com/scholar?cluster=15695073428759402608&hl=en&as_sdt=0,5
       Excerpt … recorded for each mutant. The fault finding effectiveness of the test suite and oraclepair is computed as the number of mutants detected. For all studied 4Available fromhttps://github.com/MENG2010/lustre. Table 2: Models where … 

         Title Learning How to Search: Generating Effective Test Cases Through Adaptive Fitness Function Selection
           URL http://scholar.google.com/https://arxiv.org/abs/2102.04822
          Year 2021
     Citations 0
      Versions 2
 Versions list http://scholar.google.com/scholar?cluster=11861737146910183672&hl=en&as_sdt=0,5
       Excerpt … 1 EvoSuiteFIT is available from https://github.com/hukh/evosuite/tree/evosuitefit. 2 We makeour research data available at https://doi.org/10.5281/zenodo.4524786. Page 7 … EvoSuiteFITis available from https://github.com/hukh/evosuite/tree/evosuitefit … 

         Title Automated steering of model-based test oracles to admit real program behaviors
           URL http://scholar.google.com/https://ieeexplore.ieee.org/abstract/document/7583721/
          Year 2016
     Citations 9
      Versions 11
    Cluster ID 17958323490581295878
Citations list http://scholar.google.com/scholar?cites=17958323490581295878&as_sdt=2005&sciodt=0,5&hl=en
 Versions list http://scholar.google.com/scholar?cluster=17958323490581295878&hl=en&as_sdt=0,5
       Excerpt Page 1. Automated Steering of Model-Based Test Oracles to Admit Real ProgramBehaviors Gregory Gay, Sanjai Rayadurgam, and Mats PE Heimdahl, Senior Member,IEEE Abstract—The test oracle—a judge of the correctness … 

