[query] http://scholar.google.com/scholar?as_q=&as_epq=%22findbugs%22%20OR%20%22spotbugs%22%20OR%20%22code%20review%22%20OR%20%22static%20analysis%22%20OR%20%22regex%22%20OR%20%22regular%20expression%22%20OR%20%22github%22%20OR%20%22pull%20requests%22&as_oq=&as_eq=&as_occt=any&as_sauthors=Hao%20Zhong&as_publication=&as_ylo=&as_yhi=&as_vis=0&btnG=&hl=en&num=80&as_sdt=0%2C5
         Title GEMiner: Mining social and programming behaviors to identify experts in Github
           URL http://scholar.google.com/https://dl.acm.org/doi/abs/10.1145/2875913.2875924
          Year 2015
     Citations 6
      Versions 0
    Cluster ID 3444649272674837621
Citations list http://scholar.google.com/scholar?cites=3444649272674837621&as_sdt=2005&sciodt=0,5&hl=en
       Excerpt Hosting over 10 million repositories, GitHub becomes the largest open source community in the world. Besides sharing code, Github is also a social network, in which developers can follow others or keep track of their interested projects. Considering the multi-roles of Github …

         Title Kinematic stability of tunnel face in non-uniform soils
           URL http://scholar.google.com/https://link.springer.com/article/10.1007/s12205-019-0996-z
          Year 2020
     Citations 9
      Versions 2
    Cluster ID 14642590287975566576
Citations list http://scholar.google.com/scholar?cites=14642590287975566576&as_sdt=2005&sciodt=0,5&hl=en
 Versions list http://scholar.google.com/scholar?cluster=14642590287975566576&hl=en&as_sdt=0,5
       Excerpt … Some comparisons are made to the conventional analysis, including discretization-basedpseudo-static analysis and log-spiral- based pseudo-static analysis, to prove the validityof the programming code and accuracy of the proposed method … 

         Title An empirical study of multi-entity changes in real bug fixes
           URL http://scholar.google.com/https://ieeexplore.ieee.org/abstract/document/8530037/
          Year 2018
     Citations 15
      Versions 5
    Cluster ID 3945393597870621642
Citations list http://scholar.google.com/scholar?cites=3945393597870621642&as_sdt=2005&sciodt=0,5&hl=en
 Versions list http://scholar.google.com/scholar?cluster=3945393597870621642&hl=en&as_sdt=0,5
       Excerpt … 77]. InterPart supports interprocedural static analysis on bug-fixing commits even thoughthe commits are not compilable. To … similarity. Our project and data are available athttps://github.com/yewang16/pattern-finder. II. CONCEPTS … 

         Title Lancer: Your code tell me what you need
           URL http://scholar.google.com/https://ieeexplore.ieee.org/abstract/document/8952168/
          Year 2019
     Citations 5
      Versions 4
    Cluster ID 3849205120383244261
Citations list http://scholar.google.com/scholar?cites=3849205120383244261&as_sdt=2005&sciodt=0,5&hl=en
 Versions list http://scholar.google.com/scholar?cluster=3849205120383244261&hl=en&as_sdt=0,5
       Excerpt … Lancer is open source and the code is available at https: //github.com/sfzhou5678/Lancer … Lancersupports Java for now. To prepare the code repository for recommendation, we implement acrawler to download source files from open source communities (eg, Github) … 

         Title Build a Bioinformatic Analysis Platform and Apply it to Routine Analysis of Microbial Genomics and Comparative Genomics
           URL http://scholar.google.com/https://www.researchsquare.com/article/pex-807/v5.pdf
          Year 2021
     Citations 6
      Versions 7
    Cluster ID 13623275887852662496
      PDF link http://scholar.google.com/https://www.researchsquare.com/article/pex-807/v5.pdf
Citations list http://scholar.google.com/scholar?cites=13623275887852662496&as_sdt=2005&sciodt=0,5&hl=en
 Versions list http://scholar.google.com/scholar?cluster=13623275887852662496&hl=en&as_sdt=0,5
       Excerpt … bioinformatics. Please visit https://github.com/liaochenlanruo/pgcgap/wiki/Learning-bioinformaticsor … Users can choose one of the following databases for analysis: argannot37, card38, ecoh39,ecoli_vf (https://github.com/phac-nml/ecoli_vf), ncbi40, plasmid nder41 … 

         Title Expsol: Recommending online threads for exception-related bug reports
           URL http://scholar.google.com/https://ieeexplore.ieee.org/abstract/document/7890567/
          Year 2016
     Citations 6
      Versions 2
    Cluster ID 14679070798464740419
Citations list http://scholar.google.com/scholar?cites=14679070798464740419&as_sdt=2005&sciodt=0,5&hl=en
 Versions list http://scholar.google.com/scholar?cluster=14679070798464740419&hl=en&as_sdt=0,5
       Excerpt … Code Issues 173 Pull requests 8 Wiki Pulse Graphs … Algorithm 2 Identifying Exception Layer Nodesand Tagging of Online Resource Input: A StackOverflow question or GitHub issue r Exception …With the help of regular expression, we extract the APIs, and define their similarity … 

         Title A semi-automatic extensible static defect analysis tool
           URL http://cjc.ict.ac.cn/eng/qwjse/view.asp?id=3353
          Year 2011
     Citations 2
      Versions 0
    Cluster ID 18325677910978604228
Citations list http://scholar.google.com/scholar?cites=18325677910978604228&as_sdt=2005&sciodt=0,5&hl=en
       Excerpt … 61033006. Lightweight static analysis tools such as FindBugs, PMD, Jlint, and Lint4jaim at detecting generic bugs by analyzing source code or bytecode againstpre-defined bug patterns without executing the program. Compared … 

         Title An Empirical Study on Bugs Inside TensorFlow
           URL http://scholar.google.com/https://link.springer.com/chapter/10.1007/978-3-030-59410-7_40
          Year 2020
     Citations 0
      Versions 2
 Versions list http://scholar.google.com/scholar?cluster=12811284373140541824&hl=en&as_sdt=0,5
       Excerpt … The extracted results and corresponding pull requests are used to determine their symptoms,root causes … More details are listed on our anonymized project website: https://github.com/fordataupload … others do not provide visible messages which are found by code review or other … 

         Title Improved steel frame performance against progressive collapse with infill panels
           URL http://scholar.google.com/https://www.sciencedirect.com/science/article/pii/S0143974X18314032
          Year 2019
     Citations 6
      Versions 2
    Cluster ID 1029964263659378221
Citations list http://scholar.google.com/scholar?cites=1029964263659378221&as_sdt=2005&sciodt=0,5&hl=en
 Versions list http://scholar.google.com/scholar?cluster=1029964263659378221&hl=en&as_sdt=0,5
       Excerpt … A structure with a flush end plate connection is considered. • The nonlinear static analysismethod and a multi-scale analysis method are used. • … The linear static analysis methodis simple and convenient, but the analysis precision is low … 

         Title Numerical study on the anti-progressive collapse performance of steel frame-steel plate shear wall structures
           URL http://scholar.google.com/https://www.sciencedirect.com/science/article/pii/S2352710220336810
          Year 2021
     Citations 0
      Versions 2
 Versions list http://scholar.google.com/scholar?cluster=12527101027335220834&hl=en&as_sdt=0,5
       Excerpt … Depending on whether the non-linear and dynamic effects are considered or not,alternate load path method can be divided into linear static analysis, non-linear staticanalysis, linear dynamic analysis and non-linear dynamic analysis … 

         Title Inferring Bug Signatures to Detect Real Bugs
           URL http://scholar.google.com/https://ieeexplore.ieee.org/abstract/document/9099449/
          Year 2020
     Citations 1
      Versions 2
    Cluster ID 9014587201624123866
Citations list http://scholar.google.com/scholar?cites=9014587201624123866&as_sdt=2005&sciodt=0,5&hl=en
 Versions list http://scholar.google.com/scholar?cluster=9014587201624123866&hl=en&as_sdt=0,5
       Excerpt … Therefore, existing bug-detection tools (eg, Findbugs) based on manual bug patterns areinsufficient in detecting many bugs … most bugs in the version history, it is infeasible to reproducethem for dynamic analysis or to feed buggy/fixed code directly into static analysis tools which … 

         Title Anti-progressive collapse performance analysis of composite frame with openings on beam web
           URL http://scholar.google.com/https://www.sciencedirect.com/science/article/pii/S0143974X20308038
          Year 2020
     Citations 1
      Versions 2
    Cluster ID 2486763961437478646
Citations list http://scholar.google.com/scholar?cites=2486763961437478646&as_sdt=2005&sciodt=0,5&hl=en
 Versions list http://scholar.google.com/scholar?cluster=2486763961437478646&hl=en&as_sdt=0,5
       Excerpt … According to whether the dynamic effect is considered or not, the alternative load pathmethod can be divided into nonlinear static analysis and nonlinear dynamic analysis.Because the dynamic response of the structure is generally … 

         Title The symptoms, causes, and repairs of bugs inside a deep learning library
           URL http://scholar.google.com/https://www.sciencedirect.com/science/article/pii/S0164121221000327
          Year 2021
     Citations 0
      Versions 2
 Versions list http://scholar.google.com/scholar?cluster=11651518759192829920&hl=en&as_sdt=0,5
       Excerpt … as “resolved” or “fixed”. However, GitHub provides a much simpler issue tracker,and its status is often not reliable. Meanwhile, programmers often submit pull requestswithout reporting their found bugs. When submitting a pull … 

         Title Boosting complete-code tool for partial program
           URL http://scholar.google.com/https://ieeexplore.ieee.org/abstract/document/8115677/
          Year 2017
     Citations 14
      Versions 4
    Cluster ID 12822458926436820668
Citations list http://scholar.google.com/scholar?cites=12822458926436820668&as_sdt=2005&sciodt=0,5&hl=en
 Versions list http://scholar.google.com/scholar?cluster=12822458926436820668&hl=en&as_sdt=0,5
       Excerpt … xiaoyin.wang@utsa.edu Abstract—To improve software quality, researchers andprac- titioners have proposed static analysis tools for various purposes (eg, detectingbugs, anomalies, and vulnerabilities). Although many such … 

         Title BugPecker: Locating Faulty Methods with Deep Learning on Revision Graphs
           URL http://scholar.google.com/https://ieeexplore.ieee.org/abstract/document/9286037/
          Year 2020
     Citations 1
      Versions 0
    Cluster ID 12154143738060076755
Citations list http://scholar.google.com/scholar?cites=12154143738060076755&as_sdt=2005&sciodt=0,5&hl=en
       Excerpt … localization. (3) An open source tool and evaluations. We have released BugPecker onGithub, and evaluated it on three open source projects. The … We have implemented theBugPecker tool as a Github plugin [2] in Java. Our implementation … 

         Title Transcriptome analysis of genes associated with the artemisinin biosynthesis by jasmonic acid treatment under the light in Artemisia annua
           URL http://scholar.google.com/https://www.frontiersin.org/articles/10.3389/fpls.2017.00971/full
          Year 2017
     Citations 24
      Versions 7
    Cluster ID 15417947811871280168
Citations list http://scholar.google.com/scholar?cites=15417947811871280168&as_sdt=2005&sciodt=0,5&hl=en
 Versions list http://scholar.google.com/scholar?cluster=15417947811871280168&hl=en&as_sdt=0,5
       Excerpt … Clean reads were obtained by removing the adapter sequences, low quality sequences (Q <20), sequences containing more than 10% ambiguous N bases, and sequences of <20 basesin length using the SeqPrep (https://github.com/jstjohn/SeqPrep) and Sickle (https://github … 

         Title Inferring specifications of object oriented APIs from API source code
           URL http://scholar.google.com/https://ieeexplore.ieee.org/abstract/document/4724551/
          Year 2008
     Citations 29
      Versions 8
    Cluster ID 14336451598739949409
Citations list http://scholar.google.com/scholar?cites=14336451598739949409&as_sdt=2005&sciodt=0,5&hl=en
 Versions list http://scholar.google.com/scholar?cluster=14336451598739949409&hl=en&as_sdt=0,5
       Excerpt … The current implementation of facts collector ex- tracts the facts through static analysis … We furtherinvestigate those PRGs with conflicts, and we find two main limitations of JRF: the imprecisionof static analysis and the descriptive capability of PRG (see Section 5 for details) … 

         Title The TIE/DLOC Tool
           URL http://scholar.google.com/https://link.springer.com/chapter/10.1007/978-3-030-34463-4_5
          Year 2020
     Citations 0
      Versions 0
       Excerpt … Experiments and results are illustrated in the next chapter. TIE/DLOC has been hosted on GitHubas an open source project sponsored by the PRISM Center. The repository is located athttps://github.com/zhong11hao/tiedloc. Download chapter PDF. 5.1 Design of TIE/DLOC … 

         Title Diagnostic assessment of deep learning algorithms for detection of lymph node metastases in women with breast cancer
           URL http://scholar.google.com/https://jamanetwork.com/journals/jama/fullarticle/10.1001/jama.2017.14585
          Year 2017
     Citations 1150
      Versions 27
    Cluster ID 6260116032142865268
Citations list http://scholar.google.com/scholar?cites=6260116032142865268&as_sdt=2005&sciodt=0,5&hl=en
 Versions list http://scholar.google.com/scholar?cluster=6260116032142865268&hl=en&as_sdt=0,5
       Excerpt This diagnostic accuracy study compares the ability of machine learning algorithms vs clinicalpathologists to detect cancer metastases in whole-slide images of.

         Title How Do Programmers Maintain Concurrent Code?
           URL http://scholar.google.com/https://ieeexplore.ieee.org/abstract/document/8305987/
          Year 2017
     Citations 1
      Versions 3
    Cluster ID 10302314978798052465
Citations list http://scholar.google.com/scholar?cites=10302314978798052465&as_sdt=2005&sciodt=0,5&hl=en
 Versions list http://scholar.google.com/scholar?cluster=10302314978798052465&hl=en&as_sdt=0,5
       Excerpt … Make them volatile anyway so FindBugs doesn't complain … of our extracted change patterns, wesearch matching code and manually apply our change patterns in three pull requests … The fulllist can be found in our project homepage: https://github.com/qwordy/Research … 

