[query] http://scholar.google.com/scholar?as_q=&as_epq=%22findbugs%22%20OR%20%22spotbugs%22%20OR%20%22code%20review%22%20OR%20%22static%20analysis%22%20OR%20%22regex%22%20OR%20%22regular%20expression%22%20OR%20%22github%22%20OR%20%22pull%20requests%22&as_oq=&as_eq=&as_occt=any&as_sauthors=Hitesh%20Sajnani&as_publication=&as_ylo=&as_yhi=&as_vis=0&btnG=&hl=en&num=80&as_sdt=0%2C5
         Title DéjàVu: a map of code duplicates on GitHub
           URL http://scholar.google.com/https://dl.acm.org/doi/abs/10.1145/3133908
          Year 2017
     Citations 96
      Versions 0
    Cluster ID 8312375644033733127
Citations list http://scholar.google.com/scholar?cites=8312375644033733127&as_sdt=2005&sciodt=0,5&hl=en
       Excerpt Previous studies have shown that there is a non-trivial amount of duplication in source code. This paper analyzes a corpus of 4.5 million non-fork projects hosted on GitHub representing over 428 million files written in Java, C++, Python, and JavaScript. We found that this corpus …

         Title A dataset for maven artifacts and bug patterns found in them
           URL http://scholar.google.com/https://dl.acm.org/doi/abs/10.1145/2597073.2597134
          Year 2014
     Citations 15
      Versions 0
    Cluster ID 8848329300904510619
Citations list http://scholar.google.com/scholar?cites=8848329300904510619&as_sdt=2005&sciodt=0,5&hl=en
       Excerpt … Each version can be associated with an arbitrary number of artifacts, such as jar files. 2.2 FindBugsFindBugs is an open source static analysis tool that analy- ses Java class files looking forprogramming defects. We use FindBugs to assess the quality of Maven Components … 

         Title Is popularity a measure of quality? an analysis of maven components
           URL http://scholar.google.com/https://ieeexplore.ieee.org/abstract/document/6976089/
          Year 2014
     Citations 23
      Versions 3
    Cluster ID 183750094992398612
Citations list http://scholar.google.com/scholar?cites=183750094992398612&as_sdt=2005&sciodt=0,5&hl=en
 Versions list http://scholar.google.com/scholar?cluster=183750094992398612&hl=en&as_sdt=0,5
       Excerpt … find bugs. FindBugs uses heuristics and static analysis to identify common bugpatterns in software that may result in ex- ternally visible defects. Any instances ofthese patterns are then reported to developers as potential bugs … 

         Title A comparative study of bug patterns in java cloned and non-cloned code
           URL http://scholar.google.com/https://ieeexplore.ieee.org/abstract/document/6975632/
          Year 2014
     Citations 25
      Versions 4
    Cluster ID 16202931804097364304
Citations list http://scholar.google.com/scholar?cites=16202931804097364304&as_sdt=2005&sciodt=0,5&hl=en
 Versions list http://scholar.google.com/scholar?cluster=16202931804097364304&hl=en&as_sdt=0,5
       Excerpt … Such defect identification is usually done by either using bug reports or by using staticanalysis tools like FindBugs … FindBugs use heuristics and static analysis to identify commonbug patterns in software that may result in exter- nally visible defects … 

         Title A study on the lifecycle of flaky tests
           URL http://scholar.google.com/https://dl.acm.org/doi/abs/10.1145/3377811.3381749
          Year 2020
     Citations 12
      Versions 4
    Cluster ID 15698518179453372266
Citations list http://scholar.google.com/scholar?cites=15698518179453372266&as_sdt=2005&sciodt=0,5&hl=en
 Versions list http://scholar.google.com/scholar?cluster=15698518179453372266&hl=en&as_sdt=0,5
       Excerpt … ProjB's pull requests (PRs) are inaccessible for our study … Dataset Pull-Requests includesall flaky tests that are fixed and the bug report associated with the flaky test includes apull request that the developer manually linked to the bug report … 

         Title Poster: Understanding the role of reporting in work item tracking systems for software development: An industrial case study
           URL http://scholar.google.com/https://ink.library.smu.edu.sg/sis_research/4105/
          Year 2018
     Citations 0
      Versions 2
 Versions list http://scholar.google.com/scholar?cluster=2069831222152107553&hl=en&as_sdt=0,5
       Excerpt … microsoft.com,mei.nagappan@uwaterloo.ca ABSTRACT Work item tracking systemssuch as Visual Studio Team Services, JIRA, and GitHub issue tracker are widely usedby software en- gineers. They help in managing different … 

         Title Understanding the role of reporting in work item tracking systems for software development: an industrial case study
           URL http://scholar.google.com/https://ieeexplore.ieee.org/abstract/document/8530073/
          Year 2018
     Citations 1
      Versions 7
    Cluster ID 10830488294997851713
Citations list http://scholar.google.com/scholar?cites=10830488294997851713&as_sdt=2005&sciodt=0,5&hl=en
 Versions list http://scholar.google.com/scholar?cluster=10830488294997851713&hl=en&as_sdt=0,5
       Excerpt … microsoft.com, mei.nagappan@uwaterloo.ca Abstract—Work item tracking systemssuch as Visual Studio Team Services, JIRA, BugZilla and GitHub issue tracker arewidely used by software engineers. These systems are used to … 

         Title Sourcerercc and sourcerercc-i: tools to detect clones in batch mode and during software development
           URL http://scholar.google.com/https://dl.acm.org/doi/abs/10.1145/2889160.2889165
          Year 2016
     Citations 28
      Versions 6
    Cluster ID 1077031879453992878
Citations list http://scholar.google.com/scholar?cites=1077031879453992878&as_sdt=2005&sciodt=0,5&hl=en
 Versions list http://scholar.google.com/scholar?cluster=1077031879453992878&hl=en&as_sdt=0,5
       Excerpt … engineering product lines [5], finding the provenance of a component [6], and code search [7,8]. Large- scale clone detection allows researchers to study cloning in large software ecosystems(eg, Debian), or study cloning in open-source development communities like GitHub … 

         Title Trendy bugs: Topic trends in the android bug reports
           URL http://scholar.google.com/https://ieeexplore.ieee.org/abstract/document/6224268/
          Year 2012
     Citations 38
      Versions 6
    Cluster ID 6170842763192730099
Citations list http://scholar.google.com/scholar?cites=6170842763192730099&as_sdt=2005&sciodt=0,5&hl=en
 Versions list http://scholar.google.com/scholar?cluster=6170842763192730099&hl=en&as_sdt=0,5
       Excerpt … 25 {Code Review} – source android review https 26 iq em eve ed 27 {Issues} – id google androidissues 28 problem issue solution fix 29 view screen touch mode 30 http android html developer31 text keyboard type key 32 card sd sim memory 33 samsung galaxy problem … 

         Title File cloning in open source java projects: The good, the bad, and the ugly
           URL http://scholar.google.com/https://ieeexplore.ieee.org/abstract/document/6080795/
          Year 2011
     Citations 60
      Versions 8
    Cluster ID 5502203983725970507
Citations list http://scholar.google.com/scholar?cites=5502203983725970507&as_sdt=2005&sciodt=0,5&hl=en
 Versions list http://scholar.google.com/scholar?cluster=5502203983725970507&hl=en&as_sdt=0,5
       Excerpt … simplifies the implementa- tion of the clone detection methods. The source code neededto replicate all the experiments in this paper can be found on Sourcerer's Github page[18]. In order to detect exact copies within the Sourcerer … 

         Title Astra: Bottom-up construction of structured artifact repositories
           URL http://scholar.google.com/https://ieeexplore.ieee.org/abstract/document/6385100/
          Year 2012
     Citations 11
      Versions 3
    Cluster ID 2454013694874556216
Citations list http://scholar.google.com/scholar?cites=2454013694874556216&as_sdt=2005&sciodt=0,5&hl=en
 Versions list http://scholar.google.com/scholar?cluster=2454013694874556216&hl=en&as_sdt=0,5
       Excerpt … Astra was implemented as part of Sourcerer, an infrastructure for the large-scale indexingand analysis of open source Java code. The implementation can be found on Sourcerer'sGithub page8 … 8http://www.github.com/sourcerer/Sourcerer … 

         Title On precision of code clone detection tools
           URL http://scholar.google.com/https://ieeexplore.ieee.org/abstract/document/8668015/
          Year 2019
     Citations 8
      Versions 2
    Cluster ID 7068353307729794231
Citations list http://scholar.google.com/scholar?cites=7068353307729794231&as_sdt=2005&sciodt=0,5&hl=en
 Versions list http://scholar.google.com/scholar?cluster=7068353307729794231&hl=en&as_sdt=0,5
       Excerpt Page 1. On Precision of Code Clone Detection Tools Farima Farmahinifarahani∗, Vaibhav Saini∗,Di Yang∗, Hitesh Sajnani† and Cristina V. Lopes∗ ∗ University of California, Irvine, USA †Microsoft, Inc., USA ∗ {farimaf, vpsaini, diy4, lopes}@uci.edu, † hitsaj@microsoft.com … 

         Title SCAM 2014
           URL http://scholar.google.com/https://ieeexplore.ieee.org/abstract/document/6975624/
     Citations 0
      Versions 0
       Excerpt … van Deursen, and Joost Visser Static Analysis Fast Flow Analysis with Godel Hashes.....225Shuying Liang, Weibin Sun, and Matthew Might A Parallel On-Demand Algorithm … 

         Title Topic Trends in the Android Bug Reports
           URL http://citeseerx.ist.psu.edu/viewdoc/download?doi=10.1.1.591.1400&rep=rep1&type=pdf
     Citations 0
      Versions 3
 Versions list http://scholar.google.com/scholar?cluster=1738546139534510187&hl=en&as_sdt=0,5
       Excerpt … 25 {Code Review} – source android review https 26 iq em eve ed 27 {Issues} – id google androidissues 28 problem issue solution fix 29 view screen touch mode 30 http android html developer31 text keyboard type key 32 card sd sim memory 33 samsung galaxy problem … 

         Title Comparing quality metrics for cloned and non cloned java methods: A large scale empirical study
           URL http://scholar.google.com/https://ieeexplore.ieee.org/abstract/document/7816472/
          Year 2016
     Citations 15
      Versions 0
    Cluster ID 17197787682452819188
Citations list http://scholar.google.com/scholar?cites=17197787682452819188&as_sdt=2005&sciodt=0,5&hl=en
       Excerpt Page 1. Comparing Quality Metrics for Cloned and non cloned Java Methods: ALarge Scale Empirical Study Vaibhav Saini ∗ , Hitesh Sajnani † and Cristina Lopes ∗∗ Dept. of Information and Computer Science, University … 

         Title Cloned and non-cloned Java methods: a comparative study
           URL http://scholar.google.com/https://link.springer.com/article/10.1007/s10664-017-9572-7
          Year 2018
     Citations 8
      Versions 2
    Cluster ID 3472202577373431870
Citations list http://scholar.google.com/scholar?cites=3472202577373431870&as_sdt=2005&sciodt=0,5&hl=en
 Versions list http://scholar.google.com/scholar?cluster=3472202577373431870&hl=en&as_sdt=0,5
       Excerpt Reusing code via copy-and-paste, with or without modification is a common behaviorobserved in software engineering. Traditionally, cloning has been consid.

         Title Towards automating precision studies of clone detectors
           URL http://scholar.google.com/https://ieeexplore.ieee.org/abstract/document/8811972/
          Year 2019
     Citations 4
      Versions 6
    Cluster ID 5074073977992802576
Citations list http://scholar.google.com/scholar?cites=5074073977992802576&as_sdt=2005&sciodt=0,5&hl=en
 Versions list http://scholar.google.com/scholar?cluster=5074073977992802576&hl=en&as_sdt=0,5
       Excerpt Page 1. Towards Automating Precision Studies of Clone Detectors Vaibhav Saini ∗ ,Farima Farmahinifarahani ∗ , Yadong Lu ∗ , Di Yang ∗ , Pedro Martins ∗ , HiteshSajnani † , Pierre Baldi ∗ and Cristina V. Lopes ∗ ∗ University … 

         Title Large-scale code clone detection
           URL http://scholar.google.com/https://escholarship.org/uc/item/45r2308g
          Year 2016
     Citations 7
      Versions 3
    Cluster ID 14987384500569927947
Citations list http://scholar.google.com/scholar?cites=14987384500569927947&as_sdt=2005&sciodt=0,5&hl=en
 Versions list http://scholar.google.com/scholar?cluster=14987384500569927947&hl=en&as_sdt=0,5
       Excerpt … studying cloning in large software ecosystems (eg Debian), or in open-source developmentcommunities (eg GitHub) to assess its impact on software development and its properties. However,very few tools can scale to the demands of clone detection in very large code … 

         Title A Case Study of Onboarding in Software Teams: Tasks and Strategies
           URL http://scholar.google.com/https://arxiv.org/abs/2103.05055
          Year 2021
     Citations 0
      Versions 2
 Versions list http://scholar.google.com/scholar?cluster=1644682779305057761&hl=en&as_sdt=0,5
       Excerpt … motivation and confidence of new developers. For example, P23 worked with otherteams on a new feature, but could not get timely feedback because the other teamswould not review pull requests. In general, tasks that require … 

         Title Active files as a measure of software maintainability
           URL http://scholar.google.com/https://dl.acm.org/doi/abs/10.1145/2591062.2591176
          Year 2014
     Citations 3
      Versions 0
    Cluster ID 10896114800895221442
Citations list http://scholar.google.com/scholar?cites=10896114800895221442&as_sdt=2005&sciodt=0,5&hl=en
       Excerpt … 8.1 Code Review and Testing Policies Active files are an elegant way to drill down into the systemand discover current hot spots of activity and defectiveness. We submit that the active files metricprovides an excellent foundation for better code review and testing policies … 

