[query] http://scholar.google.com/scholar?as_q=&as_epq=%22findbugs%22%20OR%20%22spotbugs%22%20OR%20%22code%20review%22%20OR%20%22static%20analysis%22%20OR%20%22regex%22%20OR%20%22regular%20expression%22%20OR%20%22github%22%20OR%20%22pull%20requests%22&as_oq=&as_eq=&as_occt=any&as_sauthors=Hoa%20Khanh%20Dam&as_publication=&as_ylo=&as_yhi=&as_vis=0&btnG=&hl=en&num=80&as_sdt=0%2C5
         Title DeepJIT: an end-to-end deep learning framework for just-in-time defect prediction
           URL http://scholar.google.com/https://ieeexplore.ieee.org/abstract/document/8816772/
          Year 2019
     Citations 33
      Versions 9
    Cluster ID 11067923212061040492
Citations list http://scholar.google.com/scholar?cites=11067923212061040492&as_sdt=2005&sciodt=0,5&hl=en
 Versions list http://scholar.google.com/scholar?cluster=11067923212061040492&hl=en&as_sdt=0,5
       Excerpt … changes, such as change size (eg lines deleted or added), change scope (eg number of filesor directories modified), history of changes (eg number of prior changes to the updated files),track record of the author and code reviewers, and activeness of the code review of the … 

         Title Lessons learned from using a deep tree-based model for software defect prediction in practice
           URL http://scholar.google.com/https://ieeexplore.ieee.org/abstract/document/8816787/
          Year 2019
     Citations 20
      Versions 6
    Cluster ID 6759237117325380379
Citations list http://scholar.google.com/scholar?cites=6759237117325380379&as_sdt=2005&sciodt=0,5&hl=en
 Versions list http://scholar.google.com/scholar?cluster=6759237117325380379&hl=en&as_sdt=0,5
       Excerpt … feedback from Samsung engineers. A. Experimental design and datasets Staticanalysis tools have been routinely used by many software companies as part of thesoftware quality assurance process. Most of them are designed … 

         Title An empirical study of model-agnostic techniques for defect prediction models
           URL http://scholar.google.com/https://ieeexplore.ieee.org/abstract/document/9044387/
          Year 2020
     Citations 20
      Versions 3
    Cluster ID 8293287348417892925
Citations list http://scholar.google.com/scholar?cites=8293287348417892925&as_sdt=2005&sciodt=0,5&hl=en
 Versions list http://scholar.google.com/scholar?cluster=8293287348417892925&hl=en&as_sdt=0,5
       Excerpt … McIntosh et al. [58] and Thongtanunam et al. [104] inves- tigated the relationship between codereview practices and post-release defects. However, such global explanations cannot justifyeach individual prediction of the models on testing or unseen data … 

         Title Workload-aware reviewer recommendation using a multi-objective search-based approach
           URL http://scholar.google.com/https://dl.acm.org/doi/abs/10.1145/3416508.3417115
          Year 2020
     Citations 0
      Versions 5
 Versions list http://scholar.google.com/scholar?cluster=2373755217685019441&hl=en&as_sdt=0,5
       Excerpt … KEYWORDS Code Review, Reviewer Recommendation, Search-Based Software Engineering …https://doi.org/10. 1145/3416508.3417115 1 INTRODUCTION Code review is one of the importantquality assurance practices in a software development process … 

         Title Catalogen: Generating catalogs of code examples collected from oss
           URL http://scholar.google.com/https://ieeexplore.ieee.org/abstract/document/8530113/
          Year 2018
     Citations 1
      Versions 2
    Cluster ID 4493274455962850727
Citations list http://scholar.google.com/scholar?cites=4493274455962850727&as_sdt=2005&sciodt=0,5&hl=en
 Versions list http://scholar.google.com/scholar?cluster=4493274455962850727&hl=en&as_sdt=0,5
       Excerpt … It takes query words as input and provides source code fragments related to the query from OSSprojects hosted in GitHub, Bitbucket, Google Code, SourceForge and GitLab … https://takata-daiki.github.io/catalogen/preliminary/ Catalogen is available on the following URL … 

         Title Dynamic change impact analysis for maintaining and evolving agent systems
           URL http://ro.uow.edu.au/cgi/viewcontent.cgi?article=1263&context=eispapers
          Year 2012
     Citations 2
      Versions 11
    Cluster ID 11082299846862461597
Citations list http://scholar.google.com/scholar?cites=11082299846862461597&as_sdt=2005&sciodt=0,5&hl=en
 Versions list http://scholar.google.com/scholar?cluster=11082299846862461597&hl=en&as_sdt=0,5
       Excerpt … It is however based on static analysis of agent source code, which can safely es-timate the impact of changes, but its conservative principle leads to a large impactset which may contain many unnec- essary entities. This is … 

         Title Process Compliance In Open Source Software Development–a Study Of Python Enhancement Proposals (PEPs)
           URL http://scholar.google.com/https://aisel.aisnet.org/ecis2016_rp/48/
          Year 2016
     Citations 4
      Versions 4
    Cluster ID 798246866886848799
Citations list http://scholar.google.com/scholar?cites=798246866886848799&as_sdt=2005&sciodt=0,5&hl=en
 Versions list http://scholar.google.com/scholar?cluster=798246866886848799&hl=en&as_sdt=0,5
       Excerpt … of steps) shown in Figure 2. First, the software tool10 retrieves the PEP diff files for all the PEPcommits from the GitHub repository11 … This was done by searching each diff file using a regularexpression to identify the status which contained the pattern “+status: X”, where the text … 

         Title Adversarial Patch Generation for Automatic Program Repair
           URL http://scholar.google.com/https://arxiv.org/abs/2012.11060
          Year 2012
     Citations 0
      Versions 2
 Versions list http://scholar.google.com/scholar?cluster=6763434656985646531&hl=en&as_sdt=0,5
       Excerpt … review in a timely manner. The availability of millions of software projects (eg over17 millions on GitHub) has given us an unprecedented opportunity in fixing softwaredefects and vulnerabilities. A massive amount of repositories … 

         Title Mining software repositories for social norms
           URL http://scholar.google.com/https://ieeexplore.ieee.org/abstract/document/7203029/
          Year 2015
     Citations 13
      Versions 8
    Cluster ID 17090668539967829010
Citations list http://scholar.google.com/scholar?cites=17090668539967829010&as_sdt=2005&sciodt=0,5&hl=en
 Versions list http://scholar.google.com/scholar?cluster=17090668539967829010&hl=en&as_sdt=0,5
       Excerpt … through the mandatory code review stage 2 Security issues and fixes should not be discussedin … The tool used regular expression techniques to automatically extract approximately 15% ofthose emails which are concerned with norms creation (as either voting or agreement … 

         Title A Framework for Self-Admitted Technical Debt Identification and Description
           URL http://scholar.google.com/https://arxiv.org/abs/2012.12466
          Year 2020
     Citations 0
      Versions 2
 Versions list http://scholar.google.com/scholar?cluster=9634935645529348124&hl=en&as_sdt=0,5
       Excerpt … 5.1 Dataset 5.1.1 Data collection. Code comments were collected with the sameprocedure in the previous study [18], which had targeted active software developmentrepositories on GitHub. We targeted repositories written in Java … 

         Title Empowering Software Engineering with Artificial Intelligence
           URL http://scholar.google.com/https://link.springer.com/chapter/10.1007/978-3-030-32242-7_3
          Year 2018
     Citations 1
      Versions 2
    Cluster ID 4584718825636928800
Citations list http://scholar.google.com/scholar?cites=4584718825636928800&as_sdt=2005&sciodt=0,5&hl=en
 Versions list http://scholar.google.com/scholar?cluster=4584718825636928800&hl=en&as_sdt=0,5
       Excerpt … The pervasiveness of software products in all areas of society has resulted in millionsof software projects (eg over 17 million active projects on GitHub) and a massive amountof data about their development, operation and maintenance … 

         Title Generating pseudo-code from source code using deep learning
           URL http://scholar.google.com/https://ieeexplore.ieee.org/abstract/document/8587282/
          Year 2018
     Citations 4
      Versions 4
    Cluster ID 1309631784881198351
Citations list http://scholar.google.com/scholar?cites=1309631784881198351&as_sdt=2005&sciodt=0,5&hl=en
 Versions list http://scholar.google.com/scholar?cluster=1309631784881198351&hl=en&as_sdt=0,5
       Excerpt … [Online]. Available: https://blog.keras.io/ a-ten-minute-introduction-to-sequence-to-sequence-learning-in-keras. html [11] “Keras, https://keras.io/,” 2018. [12] “Tensorflow,https://github.com/tensorflow/tensorflow,” 2018. [13] W. Tanakitrungruang … 

         Title Leveraging unstructured data to analyze implicit process context
           URL http://scholar.google.com/https://link.springer.com/chapter/10.1007/978-3-319-98651-7_9
          Year 2018
     Citations 1
      Versions 2
    Cluster ID 10664184258764889495
Citations list http://scholar.google.com/scholar?cites=10664184258764889495&as_sdt=2005&sciodt=0,5&hl=en
 Versions list http://scholar.google.com/scholar?cluster=10664184258764889495&hl=en&as_sdt=0,5
       Excerpt … 21]. These are similar to regular expression patterns based on parts of speech. While …names. IP addresses, phone numbers, email addresses are cleaned from the textusing regular expression parsers. 4.2 Text Segmentation. In … 

         Title A deep language model for software code
           URL http://scholar.google.com/https://arxiv.org/abs/1608.02715
          Year 2016
     Citations 62
      Versions 4
    Cluster ID 13103095240242776494
Citations list http://scholar.google.com/scholar?cites=13103095240242776494&as_sdt=2005&sciodt=0,5&hl=en
 Versions list http://scholar.google.com/scholar?cluster=13103095240242776494&hl=en&as_sdt=0,5
       Excerpt … model in the validation set. 3. EVALUATION We built a dataset of the ten Java projects(Ant, Batik, Cassandra, Eclipse-E4, Log4J, Lucene, Maven2, Maven3, Xalan-J, andXerces) cloned from GitHub. These projects are the same … 

         Title Supporting change impact analysis for intelligent agent systems
           URL http://scholar.google.com/https://www.sciencedirect.com/science/article/pii/S0167642313001068
          Year 2013
     Citations 13
      Versions 7
    Cluster ID 510893885587227072
Citations list http://scholar.google.com/scholar?cites=510893885587227072&as_sdt=2005&sciodt=0,5&hl=en
 Versions list http://scholar.google.com/scholar?cluster=510893885587227072&hl=en&as_sdt=0,5
       Excerpt … Dynamic analysis results tend to be more practically useful (compared to those of static analysis)since they better reflect how the system is actually being used, and consequently do not havecomputed impacts derived from impossible system behaviour (which is the case for … 

         Title A deep tree-based model for software defect prediction
           URL http://scholar.google.com/https://arxiv.org/abs/1802.00921
          Year 2018
     Citations 55
      Versions 2
    Cluster ID 1737689525752246653
Citations list http://scholar.google.com/scholar?cites=1737689525752246653&as_sdt=2005&sciodt=0,5&hl=en
 Versions list http://scholar.google.com/scholar?cluster=1737689525752246653&hl=en&as_sdt=0,5
       Excerpt … ovens/microwaves). We collected potential defects from those open source projects.To identify defective files, we employed a static analysis tool2 used by Samsungthat has specific support for target projects. This tool scans … 

         Title A deep learning model for estimating story points
           URL http://scholar.google.com/https://ieeexplore.ieee.org/abstract/document/8255666/
          Year 2018
     Citations 74
      Versions 8
    Cluster ID 13134906044508651711
Citations list http://scholar.google.com/scholar?cites=13134906044508651711&as_sdt=2005&sciodt=0,5&hl=en
 Versions list http://scholar.google.com/scholar?cluster=13134906044508651711&hl=en&as_sdt=0,5
       Excerpt Page 1. A Deep Learning Model for Estimating Story Points MorakotChoetkiertikul,HoaKhanhDam ,TruyenTran ,TrangPham , Aditya Ghose, and Tim MenziesAbstract—Although there has been substantial research in software … 

         Title Automated change impact analysis for agent systems
           URL http://scholar.google.com/https://ieeexplore.ieee.org/abstract/document/6080770/
          Year 2011
     Citations 19
      Versions 8
    Cluster ID 2548275907319898201
Citations list http://scholar.google.com/scholar?cites=2548275907319898201&as_sdt=2005&sciodt=0,5&hl=en
 Versions list http://scholar.google.com/scholar?cluster=2548275907319898201&hl=en&as_sdt=0,5
       Excerpt Page 1. Automated Change Impact Analysis for Agent Systems Hoa Khanh Dam and AdityaGhose School of Computer Science and Software Engineering University of WollongongNew South Wales 2522, Australia {hoa, aditya}@uow.edu.au … 

         Title Automatically recommending components for issue reports using deep learning
           URL http://scholar.google.com/https://link.springer.com/article/10.1007/s10664-020-09898-5
          Year 2021
     Citations 0
      Versions 0
       Excerpt Today's software development is typically driven by incremental changes made tosoftware to implement a new functionality, fix a bug, or improve its.

         Title Multi-objective search-based approach to estimate issue resolution time
           URL http://scholar.google.com/https://dl.acm.org/doi/abs/10.1145/3127005.3127011
          Year 2017
     Citations 6
      Versions 3
    Cluster ID 12287903247766261166
Citations list http://scholar.google.com/scholar?cites=12287903247766261166&as_sdt=2005&sciodt=0,5&hl=en
 Versions list http://scholar.google.com/scholar?cluster=12287903247766261166&hl=en&as_sdt=0,5
       Excerpt Page 1. Multi-objective search-based approach to estimate issue resolution time WisamHaitham Abbood Al-Zubaidi University of Wollongong Australia whaa807@uowmail.edu.auHoa Khanh Dam University of Wollongong Australia hoa@uow.edu.au … 

