[query] http://scholar.google.com/scholar?as_q=&as_epq=%22findbugs%22%20OR%20%22spotbugs%22%20OR%20%22code%20review%22%20OR%20%22static%20analysis%22%20OR%20%22regex%22%20OR%20%22regular%20expression%22%20OR%20%22github%22%20OR%20%22pull%20requests%22&as_oq=&as_eq=&as_occt=any&as_sauthors=Hyrum%20Wright&as_publication=&as_ylo=&as_yhi=&as_vis=0&btnG=&hl=en&num=80&as_sdt=0%2C5
         Title Software engineering at google: Lessons learned from programming over time
           URL http://scholar.google.com/https://books.google.com/books?hl=en&lr=&id=V3TTDwAAQBAJ&oi=fnd&pg=PP1&dq=%22findbugs%22+OR+%22spotbugs%22+OR+%22code+review%22+OR+%22static+analysis%22+OR+%22regex%22+OR+%22regular+expression%22+OR+%22github%22+OR+%22pull+requests%22+Hyrum+Wright&ots=61VpnGv7Up&sig=t3fn8sQ5uvVIi1KwAnrK9JM5kpY
          Year 2020
     Citations 10
      Versions 0
    Cluster ID 17450852738148344479
Citations list http://scholar.google.com/scholar?cites=17450852738148344479&as_sdt=2005&sciodt=0,5&hl=en
       Excerpt … Code Correctness Comprehension of Code Code Consistency Psychological and Cultural BenefitsKnowledge Sharing Code Review Best Practices … Versus Branches Versus All History VersusWorkspaces Expressiveness: Token Versus Substring Versus Regex Conclusion TL … 

         Title Incremental Type Migration Using Type Algebra
           URL http://scholar.google.com/https://ieeexplore.ieee.org/abstract/document/9240711/
          Year 2020
     Citations 1
      Versions 4
    Cluster ID 1039050972272058216
Citations list http://scholar.google.com/scholar?cites=1039050972272058216&as_sdt=2005&sciodt=0,5&hl=en
 Versions list http://scholar.google.com/scholar?cluster=1039050972272058216&hl=en&as_sdt=0,5
       Excerpt … These tools are implemented as part of the clang-tidy infrastructure and can be run manuallyby engineers over specific changes, as well as part of a broader static analysis pipeline, suchas the Tricorder framework during code review [8]. Surfacing these fixes at review time … 

         Title Large-scale automated refactoring using ClangMR
           URL http://scholar.google.com/https://ieeexplore.ieee.org/abstract/document/6676954/
          Year 2013
     Citations 33
      Versions 11
    Cluster ID 12965253273842940362
Citations list http://scholar.google.com/scholar?cites=12965253273842940362&as_sdt=2005&sciodt=0,5&hl=en
 Versions list http://scholar.google.com/scholar?cluster=12965253273842940362&hl=en&as_sdt=0,5
       Excerpt … speed, and use in industrial applications. While useful in simple cases, traditionalregular-expression- based matching tools lack the semantic knowledge that com-plex transformations often require. For instance, these tools can … 

