[query] http://scholar.google.com/scholar?as_q=&as_epq=%22findbugs%22%20OR%20%22spotbugs%22%20OR%20%22code%20review%22%20OR%20%22static%20analysis%22%20OR%20%22regex%22%20OR%20%22regular%20expression%22%20OR%20%22github%22%20OR%20%22pull%20requests%22&as_oq=&as_eq=&as_occt=any&as_sauthors=Jaechang%20Nam&as_publication=&as_ylo=&as_yhi=&as_vis=0&btnG=&hl=en&num=80&as_sdt=0%2C5
         Title A bug finder refined by a large set of open-source projects
           URL http://scholar.google.com/https://www.sciencedirect.com/science/article/pii/S0950584919300977
          Year 2019
     Citations 4
      Versions 6
    Cluster ID 11190344034482581229
Citations list http://scholar.google.com/scholar?cites=11190344034482581229&as_sdt=2005&sciodt=0,5&hl=en
 Versions list http://scholar.google.com/scholar?cluster=11190344034482581229&hl=en&as_sdt=0,5
       Excerpt … We applied FeeFin to the latest versions of the 1880 projects on GitHub to detect previouslyunknown bugs … We verified our bug patterns with four existing tools, namely PMD, FindBugs,Facebook Infer, and Google Error Prone, and found that our FeeFin process has the potential … 

         Title Designing bug detection rules for fewer false alarms
           URL http://scholar.google.com/https://dl.acm.org/doi/abs/10.1145/3183440.3194987
          Year 2018
     Citations 2
      Versions 5
    Cluster ID 9422242990889239882
Citations list http://scholar.google.com/scholar?cites=9422242990889239882&as_sdt=2005&sciodt=0,5&hl=en
 Versions list http://scholar.google.com/scholar?cluster=9422242990889239882&hl=en&as_sdt=0,5
       Excerpt … existing tools. To evaluate the framework, we implemented a static analysis tool,FeeFin, based on the framework with the ten bug detection rules and applied thetool for 1,800 open-source projects in GitHub. The 57 detected … 

         Title QTEP: quality-aware test case prioritization
           URL http://scholar.google.com/https://dl.acm.org/doi/abs/10.1145/3106237.3106258
          Year 2017
     Citations 42
      Versions 5
    Cluster ID 8477439917865511623
Citations list http://scholar.google.com/scholar?cites=8477439917865511623&as_sdt=2005&sciodt=0,5&hl=en
 Versions list http://scholar.google.com/scholar?cluster=8477439917865511623&hl=en&as_sdt=0,5
       Excerpt … CCS CONCEPTS • Software and its engineering → Software testing and de- bugging;Automated static analysis; … Static bug finders, eg, FindBugs [34], PMD, and Jlint, leveragewell- defined bug patterns and report likely bug locations in source code … 

         Title Monitoring student activity in collaborative software development
           URL http://scholar.google.com/https://arxiv.org/abs/1305.0787
          Year 2013
     Citations 7
      Versions 7
    Cluster ID 14352636340652714284
Citations list http://scholar.google.com/scholar?cites=14352636340652714284&as_sdt=2005&sciodt=0,5&hl=en
 Versions list http://scholar.google.com/scholar?cluster=14352636340652714284&hl=en&as_sdt=0,5
       Excerpt … Throughout the lab, students have to use a variety of tools for managing and developingtheir projects, such as software version control, static analysis tools, wikis, mailing lists,etc … 8 Submit game design document (final) x x 8 Code review #1 x x … 

         Title Heterogeneous defect prediction
           URL http://scholar.google.com/https://ieeexplore.ieee.org/abstract/document/7959597/
          Year 2017
     Citations 296
      Versions 17
    Cluster ID 5403747968909812137
Citations list http://scholar.google.com/scholar?cites=5403747968909812137&as_sdt=2005&sciodt=0,5&hl=en
 Versions list http://scholar.google.com/scholar?cluster=5403747968909812137&hl=en&as_sdt=0,5
       Excerpt … methods. A recent study at ICSE'14, Rahman et al. [41] compared (a) static codeanalysis tools FindBugs, Jlint, and Pmd and (b) defect predictors (which they called“statistical defect prediction”) built using logistic regression … 

         Title Deep semantic feature learning for software defect prediction
           URL http://scholar.google.com/https://ieeexplore.ieee.org/abstract/document/8502853/
          Year 2018
     Citations 46
      Versions 8
    Cluster ID 4941038311793420381
Citations list http://scholar.google.com/scholar?cites=4941038311793420381&as_sdt=2005&sciodt=0,5&hl=en
 Versions list http://scholar.google.com/scholar?cluster=4941038311793420381&hl=en&as_sdt=0,5
       Excerpt Page 1. Deep Semantic Feature Learning for Software Defect Prediction SongWang,TaiyueLiu,JaechangNam ,andLinTan Abstract—Software defect prediction, which predictsdefective code regions, can assist developers in finding bugs and prioritizing their testing efforts … 

         Title Research paper list
           URL http://scholar.google.com/https://people.cs.umass.edu/~brun/class/2015Fall/CS521.621/paperSelection/paperSelection.pdf
     Citations 0
      Versions 0
      PDF link http://scholar.google.com/https://people.cs.umass.edu/~brun/class/2015Fall/CS521.621/paperSelection/paperSelection.pdf
       Excerpt … By Joel Galenson, Philip Reames, Rastislav Bodik, Björn Hartmann, and Koushik Sen. ICSE2014. https://jgalenson.github.io/ papers/icse2014.pdf 6. Presentation date: Monday, October26 Staged Program Repair with Condition Synthesis. By Fan Long and Martin Rinard … 

         Title Survey on software defect prediction
           URL http://scholar.google.com/https://citeseerx.ist.psu.edu/viewdoc/download?doi=10.1.1.722.3147&rep=rep1&type=pdf
          Year 2014
     Citations 46
      Versions 3
    Cluster ID 10588042593934274754
Citations list http://scholar.google.com/scholar?cites=10588042593934274754&as_sdt=2005&sciodt=0,5&hl=en
 Versions list http://scholar.google.com/scholar?cluster=10588042593934274754&hl=en&as_sdt=0,5
       Excerpt … Finer granu- larity can help developers by narrowing the scope of source code reviewfor quality assurance. Proposing preprocessing techniques for prediction models isalso an important research branch in defect prediction studies … 

         Title Developer micro interaction metrics for software defect prediction
           URL http://scholar.google.com/https://ieeexplore.ieee.org/abstract/document/7447797/
          Year 2016
     Citations 47
      Versions 12
    Cluster ID 8008022237630900527
Citations list http://scholar.google.com/scholar?cites=8008022237630900527&as_sdt=2005&sciodt=0,5&hl=en
 Versions list http://scholar.google.com/scholar?cluster=8008022237630900527&hl=en&as_sdt=0,5
       Excerpt … [26] performed a similar analysis on Mozilla. Nagappan and Ball [27] estimated the pre-releasedefect density of Windows Server 2003 using a static analysis tool. Nagappan et al. [6] used CMsto predict post-release defects at the module level in five Microsoft systems … 

