[query] http://scholar.google.com/scholar?as_q=&as_epq=%22findbugs%22%20OR%20%22spotbugs%22%20OR%20%22code%20review%22%20OR%20%22static%20analysis%22%20OR%20%22regex%22%20OR%20%22regular%20expression%22%20OR%20%22github%22%20OR%20%22pull%20requests%22&as_oq=&as_eq=&as_occt=any&as_sauthors=Jean-R%C3%A9my%20Falleri&as_publication=&as_ylo=&as_yhi=&as_vis=0&btnG=&hl=en&num=80&as_sdt=0%2C5
         Title A study of library migrations in java
           URL http://scholar.google.com/https://onlinelibrary.wiley.com/doi/abs/10.1002/smr.1660
          Year 2014
     Citations 52
      Versions 4
    Cluster ID 15474631040492038980
Citations list http://scholar.google.com/scholar?cites=15474631040492038980&as_sdt=2005&sciodt=0,5&hl=en
 Versions list http://scholar.google.com/scholar?cluster=15474631040492038980&hl=en&as_sdt=0,5
       Excerpt … Therefore, it is a perfect substrate to find library migrations. Second, there are many existing toolsthat make easy the static analysis of Java code, making the implementation of our approacheasier. We chose software projects stored on GitHub for two reasons … 

         Title Find your library experts
           URL http://scholar.google.com/https://ieeexplore.ieee.org/abstract/document/6671295/
          Year 2013
     Citations 10
      Versions 7
    Cluster ID 6294184534945222991
Citations list http://scholar.google.com/scholar?cites=6294184534945222991&as_sdt=2005&sciodt=0,5&hl=en
 Versions list http://scholar.google.com/scholar?cluster=6294184534945222991&hl=en&as_sdt=0,5
       Excerpt … The who operator also accepts a simplified regular expression as a library name … His GitHub profilepage shows that he is very active in a lot of Java projects … However, our main goal is to providerelevant developers based on a static analysis of API usage. Lämmel et al … 

         Title Computing contextual metric thresholds
           URL http://scholar.google.com/https://dl.acm.org/doi/abs/10.1145/2554850.2554997
          Year 2014
     Citations 27
      Versions 5
    Cluster ID 4551309646847714559
Citations list http://scholar.google.com/scholar?cites=4551309646847714559&as_sdt=2005&sciodt=0,5&hl=en
 Versions list http://scholar.google.com/scholar?cluster=4551309646847714559&hl=en&as_sdt=0,5
       Excerpt … We have prototyped and validated our approach to gen- erate different thresholds of metrics fromsoftware projects hosted in GitHub, which is an open-source hosting plat- form … The first partimplements the double sampling. It uses the population of projects hosted on GitHub … 

         Title Impact of developer turnover on quality in open-source software
           URL http://scholar.google.com/https://dl.acm.org/doi/abs/10.1145/2786805.2786870
          Year 2015
     Citations 75
      Versions 9
    Cluster ID 3934898137457735925
Citations list http://scholar.google.com/scholar?cites=3934898137457735925&as_sdt=2005&sciodt=0,5&hl=en
 Versions list http://scholar.google.com/scholar?cluster=3934898137457735925&hl=en&as_sdt=0,5
       Excerpt … repositories (from hosting 832 Page 5. platforms such as GitHub) would not be a suitableprocess in our case as a non negligible amount of large Git repos- itories are simplymirrors of Subversion repositories. Well known examples … 

         Title Incremental inconsistency detection with low memory overhead
           URL http://scholar.google.com/https://onlinelibrary.wiley.com/doi/abs/10.1002/spe.2171
          Year 2014
     Citations 15
      Versions 14
    Cluster ID 1930319390050892723
Citations list http://scholar.google.com/scholar?cites=1930319390050892723&as_sdt=2005&sciodt=0,5&hl=en
 Versions list http://scholar.google.com/scholar?cluster=1930319390050892723&hl=en&as_sdt=0,5
       Excerpt … FindBugs defines such rules for Java.1 1 http://findbugs.sourceforge.net/bugDescriptions.htmlFor example, the aom rule defines that a Java class must not override an … These approaches arebased on a static analysis of the rules to deduce reductions when a modification occurs … 

         Title Automatic extraction of developer expertise
           URL http://scholar.google.com/https://dl.acm.org/doi/abs/10.1145/2601248.2601266
          Year 2014
     Citations 19
      Versions 6
    Cluster ID 5174385098000480315
Citations list http://scholar.google.com/scholar?cites=5174385098000480315&as_sdt=2005&sciodt=0,5&hl=en
 Versions list http://scholar.google.com/scholar?cluster=5174385098000480315&hl=en&as_sdt=0,5
       Excerpt … First, we identify experts in a sub-part of GitHub that is composed of 16 projects and280 developers with the intent to stress-test our approach … It is a regular expressionthat constraints the path of the target file of an atomic file change … 

         Title Automated generation of REST API specification from plain HTML documentation
           URL http://scholar.google.com/https://link.springer.com/chapter/10.1007/978-3-319-69035-3_32
          Year 2017
     Citations 14
      Versions 2
    Cluster ID 16842824269951972781
Citations list http://scholar.google.com/scholar?cites=16842824269951972781&as_sdt=2005&sciodt=0,5&hl=en
 Versions list http://scholar.google.com/scholar?cluster=16842824269951972781&hl=en&as_sdt=0,5
       Excerpt … After the manually investigation, we found AutoREST fails mainly for two reasons. First ituses regular expression to detect URLs but as there are many URLs in web pages itsometimes fails to distinguish the ones that correspond to REST services … 

         Title Automatic identification of client-side javascript libraries in web applications
           URL http://scholar.google.com/https://dl.acm.org/doi/abs/10.1145/3019612.3019845
          Year 2017
     Citations 4
      Versions 2
    Cluster ID 6569951607547689324
Citations list http://scholar.google.com/scholar?cites=6569951607547689324&as_sdt=2005&sciodt=0,5&hl=en
 Versions list http://scholar.google.com/scholar?cluster=6569951607547689324&hl=en&as_sdt=0,5
       Excerpt … name\s(.*\s)?v?([0-9]+)(\0-9]+)* Figure 2: The regular expression used to extract librarynames and version from comments … To allow researchers and developers to replicate ourresults, the source code of our approach is available on GitHub 9 … 

         Title Automatic discovery of function mappings between similar libraries
           URL http://scholar.google.com/https://ieeexplore.ieee.org/abstract/document/6671294/
          Year 2013
     Citations 40
      Versions 15
    Cluster ID 3359997456057814230
Citations list http://scholar.google.com/scholar?cites=3359997456057814230&as_sdt=2005&sciodt=0,5&hl=en
 Versions list http://scholar.google.com/scholar?cluster=3359997456057814230&hl=en&as_sdt=0,5
       Excerpt … To retrieve such a set, we queried the Github, GoogleCode and Sourceforge open-source projecthosting platforms for Java projects … Whenever it finds a qualified name, it checks in its internaldatabase if the qualified name matches a regular expression of a known library … 

         Title Fostering good coding practices through individual feedback and gamification: an industrial case study
           URL http://scholar.google.com/https://link.springer.com/article/10.1007/s10664-019-09719-4
          Year 2019
     Citations 10
      Versions 3
    Cluster ID 275101617840383626
Citations list http://scholar.google.com/scholar?cites=275101617840383626&as_sdt=2005&sciodt=0,5&hl=en
 Versions list http://scholar.google.com/scholar?cluster=275101617840383626&hl=en&as_sdt=0,5
       Excerpt … Linters automatically identify code smells (Beck et al. 1999) and pinpoint parts of the code thatshould be fixed (Curtis et al. 2012; Letouzey and Ilkiewicz 2012). Some examples of linters areFindBugs (Ayewah et al. 2008) for Java or ESLint Footnote 4 for JavaScript … 

         Title Handling duplicates in dockerfiles families: Learning from experts
           URL http://scholar.google.com/https://ieeexplore.ieee.org/abstract/document/8919205/
          Year 2019
     Citations 3
      Versions 5
    Cluster ID 8587143254741311138
Citations list http://scholar.google.com/scholar?cites=8587143254741311138&as_sdt=2005&sciodt=0,5&hl=en
 Versions list http://scholar.google.com/scholar?cluster=8587143254741311138&hl=en&as_sdt=0,5
       Excerpt … Software projects using Docker manage their Docker- files in their Software ConfigurationManagement tool (eg GitHub), as any other software artefacts … For example, InfluxDBand Chronograf are maintained in the same GitHub repository … 

         Title Empirical study on rest apis usage in android mobile applications
           URL http://scholar.google.com/https://link.springer.com/chapter/10.1007/978-3-319-69035-3_45
          Year 2017
     Citations 7
      Versions 5
    Cluster ID 1042563246070877887
Citations list http://scholar.google.com/scholar?cites=1042563246070877887&as_sdt=2005&sciodt=0,5&hl=en
 Versions list http://scholar.google.com/scholar?cluster=1042563246070877887&hl=en&as_sdt=0,5
       Excerpt … Since we made a static analysis, we cannot catch all possible strings that could bebuilt at runtime … Teyton et al. [16] applied static analysis on the source code on a groupof libraries to automatically extract Java package names … 

         Title JSON Patch for Turning a Pull REST API into a Push
           URL http://scholar.google.com/https://link.springer.com/chapter/10.1007/978-3-319-46295-0_27
          Year 2016
     Citations 6
      Versions 4
    Cluster ID 14458599519061473808
Citations list http://scholar.google.com/scholar?cites=14458599519061473808&as_sdt=2005&sciodt=0,5&hl=en
 Versions list http://scholar.google.com/scholar?cluster=14458599519061473808&hl=en&as_sdt=0,5
       Excerpt … This step is not so complex and this why we do not explain it in details. The whole pseudo codeof our algorithm JDR is available on GitHub 8 … Our dataset, available on GitHub 10 , includesthe Xignite GetRealTimeRate, Stackoverflow Answers and Twitter Timeline services … 

         Title A study of library migration in Java software
           URL http://scholar.google.com/https://arxiv.org/abs/1306.6262
          Year 2013
     Citations 5
      Versions 6
    Cluster ID 17573263451726517340
Citations list http://scholar.google.com/scholar?cites=17573263451726517340&as_sdt=2005&sciodt=0,5&hl=en
 Versions list http://scholar.google.com/scholar?cluster=17573263451726517340&hl=en&as_sdt=0,5
       Excerpt … we answer our research questions with results from a study performed with our mining approachon three major hosting platforms (GitHub, Google Code and … In this paper, we choose not to dependon a specific tool but rather to use source code static analysis for automatically … 

         Title Assessment of a hybrid software development process for student projects: a controlled experiment
           URL http://scholar.google.com/https://arxiv.org/abs/2103.03534
          Year 2021
     Citations 0
      Versions 9
 Versions list http://scholar.google.com/scholar?cluster=140937637909455945&hl=en&as_sdt=0,5
       Excerpt … given timeframe. Additionally, all tasks were logged in GitHub Issues and assignedto their owners. As breaking … team member. A Kanban board reflecting the possiblestatuses was available in GitHub and was used for Fig. 2. A … 

         Title Polly: A language-based approach for custom change detection of web service data
           URL http://scholar.google.com/https://link.springer.com/chapter/10.1007/978-3-319-69035-3_30
          Year 2017
     Citations 1
      Versions 4
    Cluster ID 10870103029934456381
Citations list http://scholar.google.com/scholar?cites=10870103029934456381&as_sdt=2005&sciodt=0,5&hl=en
 Versions list http://scholar.google.com/scholar?cluster=10870103029934456381&hl=en&as_sdt=0,5
       Excerpt … 4a, line 12). Information about pagination is typically present in an HTTP header or in the bodyof the response. For example, GitHub returns the full URL of the next page in the Link header,while Twitter provides just a cursor for the next page in the body of the response … 

         Title Hyperparameter Optimization for AST Differencing
           URL http://scholar.google.com/https://arxiv.org/abs/2011.10268
          Year 2011
     Citations 0
      Versions 2
 Versions list http://scholar.google.com/scholar?cluster=2911399447485179303&hl=en&as_sdt=0,5
       Excerpt … It is done on a daily basis when developer share and discuss code changes, throughpull-requests in development platforms (eg. Github, Gitlab, etc) or through patchesover mailing lists (patches on the Linux Kernel Mailing List) … 

         Title Raters' reliability in clone benchmarks construction
           URL http://scholar.google.com/https://link.springer.com/content/pdf/10.1007/s10664-015-9419-z.pdf
          Year 2017
     Citations 10
      Versions 5
    Cluster ID 11475330358099330694
      PDF link http://scholar.google.com/https://link.springer.com/content/pdf/10.1007/s10664-015-9419-z.pdf
Citations list http://scholar.google.com/scholar?cites=11475330358099330694&as_sdt=2005&sciodt=0,5&hl=en
 Versions list http://scholar.google.com/scholar?cluster=11475330358099330694&hl=en&as_sdt=0,5
       Excerpt Page 1. Empir Software Eng (2017) 22:235–258 DOI 10.1007/s10664-015-9419-z Raters'reliability in clone benchmarks construction Alan Charpentier1 ·Jean-Rémy Falleri1 · FloréalMorandat1 ·Elyas Ben Hadj Yahia1 · Laurent Réveill`ere1 … 

         Title Who's my Best Guy for the Job? Automatic Extraction of Developer Expertise
           URL http://scholar.google.com/https://www.labri.fr/perso/xblanc/data/papers/EASE14b.pdf
     Citations 0
      Versions 0
      PDF link http://scholar.google.com/https://www.labri.fr/perso/xblanc/data/papers/EASE14b.pdf
       Excerpt … First, we identified experts in a sub-part of GitHub that is composed of 16 projects and 280developers with the intent to stress the scalability of our ap- proach … It is a regular expressionthat constraints the path of the target file of an atomic file change … 

         Title Gamification: a game changer for managing technical debt? a design study
           URL http://scholar.google.com/https://arxiv.org/abs/1802.02693
          Year 2018
     Citations 8
      Versions 2
    Cluster ID 474996149615762891
Citations list http://scholar.google.com/scholar?cites=474996149615762891&as_sdt=2005&sciodt=0,5&hl=en
 Versions list http://scholar.google.com/scholar?cluster=474996149615762891&hl=en&as_sdt=0,5
       Excerpt … smells considered by these linters are described by rules that can be automatically checkedagainst a given source code thanks to static analysis … elements (such as reputation points andbadges) enhance social knowledge sharing on and across sites such as GitHub and Stack … 

