[query] http://scholar.google.com/scholar?as_q=&as_epq=%22findbugs%22%20OR%20%22spotbugs%22%20OR%20%22code%20review%22%20OR%20%22static%20analysis%22%20OR%20%22regex%22%20OR%20%22regular%20expression%22%20OR%20%22github%22%20OR%20%22pull%20requests%22&as_oq=&as_eq=&as_occt=any&as_sauthors=Jifeng%20Xuan&as_publication=&as_ylo=&as_yhi=&as_vis=0&btnG=&hl=en&num=80&as_sdt=0%2C5
         Title How do multiple pull requests change the same code: A study of competing pull requests in github
           URL http://scholar.google.com/https://ieeexplore.ieee.org/abstract/document/8530032/
          Year 2018
     Citations 17
      Versions 4
    Cluster ID 7457738832093958838
Citations list http://scholar.google.com/scholar?cites=7457738832093958838&as_sdt=2005&sciodt=0,5&hl=en
 Versions list http://scholar.google.com/scholar?cluster=7457738832093958838&hl=en&as_sdt=0,5
       Excerpt GitHub is a widely used collaborative platform for global software development. A pull request plays an important role in bridging code changes with version controlling. Developers can freely and parallelly submit pull requests to base branches and wait for the …

         Title How does code style inconsistency affect pull request integration? An exploratory study on 117 GitHub projects
           URL http://scholar.google.com/https://link.springer.com/article/10.1007/s10664-019-09720-x
          Year 2019
     Citations 8
      Versions 3
    Cluster ID 12494897142645088403
Citations list http://scholar.google.com/scholar?cites=12494897142645088403&as_sdt=2005&sciodt=0,5&hl=en
 Versions list http://scholar.google.com/scholar?cluster=12494897142645088403&hl=en&as_sdt=0,5
       Excerpt GitHub is a popular code platform that provides infrastructures to facilitate collaborative development. A Pull Request (PR) is one of the key ideas to support collaboration. Developers are encouraged to submit PRs to ask for the integration of their contributions. In …

         Title Mining the use of higher-order functions
           URL http://scholar.google.com/https://link.springer.com/article/10.1007/s10664-020-09842-7
          Year 2020
     Citations 5
      Versions 4
    Cluster ID 13069816244162708827
Citations list http://scholar.google.com/scholar?cites=13069816244162708827&as_sdt=2005&sciodt=0,5&hl=en
 Versions list http://scholar.google.com/scholar?cluster=13069816244162708827&hl=en&as_sdt=0,5
       Excerpt … In this paper, we extracted data of 35 popular Scala projects with the most stars from GitHub andconducted an exploratory study on understanding the use of higher-order functions in Scalaprograms. We leveraged static analysis to extract 8,285 definitions and 22,579 calls of … 

         Title Changes Are Similar: Measuring Similarity of Pull Requests That Change the Same Code in GitHub
           URL http://scholar.google.com/https://link.springer.com/chapter/10.1007/978-981-15-0310-8_8
          Year 2017
     Citations 1
      Versions 4
    Cluster ID 6334977098175161723
Citations list http://scholar.google.com/scholar?cites=6334977098175161723&as_sdt=2005&sciodt=0,5&hl=en
 Versions list http://scholar.google.com/scholar?cluster=6334977098175161723&hl=en&as_sdt=0,5
       Excerpt Pull-based development is widely used in globally collaborative platforms, such as GitHub and BitBucket. A pull request is a set of changes to existing source code in a project. A developer submits a pull request and tends to update the source code. Due to the parallel …

         Title Automatic repair of real bugs in java: A large-scale experiment on the defects4j dataset
           URL http://scholar.google.com/https://link.springer.com/article/10.1007/s10664-016-9470-4
          Year 2017
     Citations 158
      Versions 18
    Cluster ID 9097869463684957183
Citations list http://scholar.google.com/scholar?cites=9097869463684957183&as_sdt=2005&sciodt=0,5&hl=en
 Versions list http://scholar.google.com/scholar?cluster=9097869463684957183&hl=en&as_sdt=0,5
       Excerpt … The experiment was done on a scientific grid, totaling 17.6 days of computation time.All the repair systems and experimental results are publicly available on Github in orderto facilitate future research on automatic repair. Introduction … 

         Title Multi-Perspective Visualization to Assist Code Change Review
           URL http://scholar.google.com/https://ieeexplore.ieee.org/abstract/document/8305982/
          Year 2017
     Citations 3
      Versions 7
    Cluster ID 3948331264248375557
Citations list http://scholar.google.com/scholar?cites=3948331264248375557&as_sdt=2005&sciodt=0,5&hl=en
 Versions list http://scholar.google.com/scholar?cluster=3948331264248375557&hl=en&as_sdt=0,5
       Excerpt … [3] T. Zhang, M. Song, J. Pinedo, and M. Kim, “Interactive Code Review for Systematic … humaneffort and improving quality in peer code reviews using automatic static analysis and reviewer …Yin, and CX Ling, “Reviewer Recommender of Pull-Requests in GitHub,” in Proceedings … 

         Title Writing tests for this higher-order function first: Automatically identifying future callings to assist testers
           URL http://scholar.google.com/https://dl.acm.org/doi/abs/10.1145/3361242.3361256
          Year 2019
     Citations 5
      Versions 0
    Cluster ID 12838944348302268559
Citations list http://scholar.google.com/scholar?cites=12838944348302268559&as_sdt=2005&sciodt=0,5&hl=en
       Excerpt … on GitHub and contain a large number of higher-order functions. We considered that a projectwith many stars indicates that the quality of the project is identified by many developers. Table2 lists the summary of six Scala projects in the study. We employed the static analysis … 

         Title Clone detection on large scala codebases
           URL http://scholar.google.com/https://ieeexplore.ieee.org/abstract/document/9047640/
          Year 2020
     Citations 4
      Versions 3
    Cluster ID 12809527906414452407
Citations list http://scholar.google.com/scholar?cites=12809527906414452407&as_sdt=2005&sciodt=0,5&hl=en
 Versions list http://scholar.google.com/scholar?cluster=12809527906414452407&hl=en&as_sdt=0,5
       Excerpt … I. INTRODUCTION With more and more software source code constantly being published onopen source platforms such as GitHub, code reuses or code clones are common to manyrepositories [1], [2]. Code clones are segments of source code that are identical or similar in … 

         Title MetPurity: A Learning-Based Tool of Pure Method Identification for Automatic Test Generation
           URL http://scholar.google.com/https://ieeexplore.ieee.org/abstract/document/9286131/
          Year 2020
     Citations 0
      Versions 2
 Versions list http://scholar.google.com/scholar?cluster=12694357839210967501&hl=en&as_sdt=0,5
       Excerpt … KEYWORDS Method purity, static analysis, debugging, machine learning, testgeneration, regression testing … The static analysis in MetPurity is conducted via parsingthe param- eter list and source code of each given method … 

         Title Writing Tests for This Higher-Order Function First
           URL http://jifeng-xuan.com/page/paper/internetware_19.pdf
          Year 2019
     Citations 0
      Versions 0
      PDF link http://jifeng-xuan.com/page/paper/internetware_19.pdf
       Excerpt … on GitHub and contain a large number of higher-order functions. We considered that a projectwith many stars indicates that the quality of the project is identified by many developers. Table2 lists the summary of six Scala projects in the study. We employed the static analysis … 

         Title Eh-recommender: Recommending exception handling strategies based on program context
           URL http://scholar.google.com/https://ieeexplore.ieee.org/abstract/document/8595064/
          Year 2018
     Citations 9
      Versions 3
    Cluster ID 5783336660118538418
Citations list http://scholar.google.com/scholar?cites=5783336660118538418&as_sdt=2005&sciodt=0,5&hl=en
 Versions list http://scholar.google.com/scholar?cluster=5783336660118538418&hl=en&as_sdt=0,5
       Excerpt … recommended), but its Macro-F1 is as low as 0.476. 109 Page 7. C. ExperimentPreprocessing : The source code of most projects are obtained from open sourcerepository GitHub. We employ eclipse JDT to analyze the Java code and … 

         Title Revisit of automatic debugging via human focus-tracking analysis
           URL http://scholar.google.com/https://dl.acm.org/doi/abs/10.1145/2884781.2884834
          Year 2016
     Citations 34
      Versions 5
    Cluster ID 7128234843474051617
Citations list http://scholar.google.com/scholar?cites=7128234843474051617&as_sdt=2005&sciodt=0,5&hl=en
 Versions list http://scholar.google.com/scholar?cluster=7128234843474051617&hl=en&as_sdt=0,5
       Excerpt … Uwano et al. [33] took the first step, performing eye-tracking anal- ysis in static code review, wherea particular pattern, namely “scan” was identified … [18] evaluated how well a notable bugpredication algorithm, FixCache, helped developers. In static code review, Uwano et al … 

         Title Nopol: Automatic repair of conditional statement bugs in java programs
           URL http://scholar.google.com/https://ieeexplore.ieee.org/abstract/document/7463060/
          Year 2016
     Citations 247
      Versions 12
    Cluster ID 2642649719177806325
Citations list http://scholar.google.com/scholar?cites=2642649719177806325&as_sdt=2005&sciodt=0,5&hl=en
 Versions list http://scholar.google.com/scholar?cluster=2642649719177806325&hl=en&as_sdt=0,5
       Excerpt Page 1. Nopol: Automatic Repair of Conditional Statement Bugs in Java Programs Jifeng Xuan,Member, IEEE, Matias Martinez, Favio DeMarco, Maxime Cl ement, Sebastian Lamelas Marcote,Thomas Durieux, Daniel Le Berre, and Martin Monperrus, Member, IEEE … 

         Title What causes my test alarm? Automatic cause analysis for test alarms in system and integration testing
           URL http://scholar.google.com/https://ieeexplore.ieee.org/abstract/document/7985707/
          Year 2017
     Citations 39
      Versions 11
    Cluster ID 14026596008767980375
Citations list http://scholar.google.com/scholar?cites=14026596008767980375&as_sdt=2005&sciodt=0,5&hl=en
 Versions list http://scholar.google.com/scholar?cluster=14026596008767980375&hl=en&as_sdt=0,5
       Excerpt … Since languages are located at independent areas in the UTF-8 encoding table, we apply a regularexpression “[\\u4e00-\\u9fa5]+” to detect the areas. Terms matching the regular expression areclassified as Chinese terms. The remaining ones are English terms … 

         Title Automatic repair of buggy if conditions and missing preconditions with SMT
           URL http://scholar.google.com/https://dl.acm.org/doi/abs/10.1145/2593735.2593740
          Year 2014
     Citations 135
      Versions 16
    Cluster ID 7901686456246703586
Citations list http://scholar.google.com/scholar?cites=7901686456246703586&as_sdt=2005&sciodt=0,5&hl=en
 Versions list http://scholar.google.com/scholar?cluster=7901686456246703586&hl=en&as_sdt=0,5
       Excerpt Page 1. Automatic Repair of Buggy If Conditions and Missing Preconditions with SMT FavioDeMarco Universidad de Buenos Aires Buenos Aires, Argentina Jifeng Xuan INRIA Lille - NordEurope Lille, France Daniel Le Berre University of Artois & CNRS Lens, France … 

         Title Does the fault reside in a stack trace? Assisting crash localization by predicting crashing fault residence
           URL http://scholar.google.com/https://www.sciencedirect.com/science/article/pii/S0164121218302401
          Year 2019
     Citations 19
      Versions 3
    Cluster ID 15334850938402801911
Citations list http://scholar.google.com/scholar?cites=15334850938402801911&as_sdt=2005&sciodt=0,5&hl=en
 Versions list http://scholar.google.com/scholar?cluster=15334850938402801911&hl=en&as_sdt=0,5
       Excerpt JavaScript is disabled on your browser. Please enable JavaScript to use allthe features on this page. Skip to main content Skip to article … 

         Title B-Refactoring: Automatic test code refactoring to improve dynamic analysis
           URL http://scholar.google.com/https://www.sciencedirect.com/science/article/pii/S0950584916300714
          Year 2016
     Citations 30
      Versions 12
    Cluster ID 16947329269508017495
Citations list http://scholar.google.com/scholar?cites=16947329269508017495&as_sdt=2005&sciodt=0,5&hl=en
 Versions list http://scholar.google.com/scholar?cluster=16947329269508017495&hl=en&as_sdt=0,5
       Excerpt JavaScript is disabled on your browser. Please enable JavaScript to use allthe features on this page. Skip to main content Skip to article … 

         Title Can this fault be detected: A study on fault detection via automated test generation
           URL http://scholar.google.com/https://www.sciencedirect.com/science/article/pii/S0164121220301862
          Year 2020
     Citations 2
      Versions 2
    Cluster ID 7870775333445848036
Citations list http://scholar.google.com/scholar?cites=7870775333445848036&as_sdt=2005&sciodt=0,5&hl=en
 Versions list http://scholar.google.com/scholar?cluster=7870775333445848036&hl=en&as_sdt=0,5
       Excerpt JavaScript is disabled on your browser. Please enable JavaScript to use allthe features on this page. Skip to main content Skip to article … 

         Title Toward better summarizing bug reports with crowdsourcing elicited attributes
           URL http://scholar.google.com/https://ieeexplore.ieee.org/abstract/document/8546800/
          Year 2018
     Citations 12
      Versions 5
    Cluster ID 12418253901405543890
Citations list http://scholar.google.com/scholar?cites=12418253901405543890&as_sdt=2005&sciodt=0,5&hl=en
 Versions list http://scholar.google.com/scholar?cluster=12418253901405543890&hl=en&as_sdt=0,5
       Excerpt Page 1. 2 IEEE TRANSACTIONS ON RELIABILITY, VOL. 68, NO. 1, MARCH 2019Toward Better Summarizing Bug Reports With Crowdsourcing Elicited AttributesHe Jiang , Xiaochen Li , Zhilei Ren, Jifeng Xuan , and Zhi Jin … 

         Title Efficient Software Test Suite Reduction Using Multi-Level Random Walk
           URL http://scholar.google.com/https://citeseerx.ist.psu.edu/viewdoc/download?doi=10.1.1.715.9610&rep=rep1&type=pdf
     Citations 0
      Versions 2
 Versions list http://scholar.google.com/scholar?cluster=15540160834555085332&hl=en&as_sdt=0,5
       Excerpt … [Hadoop 2015] Hadoop. 2015. Apache hadoop. https://github.com/apache/hadoop/graphs/commit-activity. [Harrold, Gupta, and Soffa 1993] Harrold, MJ; Gupta, R.; and Soffa, ML1993. A methodology for controlling the size of a test suite. ACM Trans. Softw. Eng. Methodol … 

