[query] http://scholar.google.com/scholar?as_q=&as_epq=%22findbugs%22%20OR%20%22spotbugs%22%20OR%20%22code%20review%22%20OR%20%22static%20analysis%22%20OR%20%22regex%22%20OR%20%22regular%20expression%22%20OR%20%22github%22%20OR%20%22pull%20requests%22&as_oq=&as_eq=&as_occt=any&as_sauthors=Julia%20Rubin&as_publication=&as_ylo=&as_yhi=&as_vis=0&btnG=&hl=en&num=80&as_sdt=0%2C5
         Title Analyzing the analyzers: Flowdroid/iccta, amandroid, and droidsafe
           URL http://scholar.google.com/https://dl.acm.org/doi/abs/10.1145/3213846.3213873
          Year 2018
     Citations 49
      Versions 3
    Cluster ID 580584737741588322
Citations list http://scholar.google.com/scholar?cites=580584737741588322&as_sdt=2005&sciodt=0,5&hl=en
 Versions list http://scholar.google.com/scholar?cluster=580584737741588322&hl=en&as_sdt=0,5
       Excerpt … FlowDroid [7] is a flow-, context-, field-, and object-sensitive static analysis tool for Androidapplications, which is built on top of Soot … Like FlowDroid, Amandroid precisely models a subset1https://scholar.google.com 2https://github.com/secure-software-engineering/soot-infoflow … 

         Title A dataset for dynamic discovery of semantic changes in version controlled software histories
           URL http://scholar.google.com/https://ieeexplore.ieee.org/abstract/document/7962412/
          Year 2017
     Citations 13
      Versions 7
    Cluster ID 9342641806181454730
Citations list http://scholar.google.com/scholar?cites=9342641806181454730&as_sdt=2005&sciodt=0,5&hl=en
 Versions list http://scholar.google.com/scholar?cluster=9342641806181454730&hl=en&as_sdt=0,5
       Excerpt … configuration management system [2], performing transformations on change histories [1], andproducing focused and easy-to-merge pull requests [4]. Existing … consists of 81 items of semanticchange data collected from the repositories of 8 open source Java projects on GitHub … 

         Title Predicting merge conflicts in collaborative software development
           URL http://scholar.google.com/https://ieeexplore.ieee.org/abstract/document/8870173/
          Year 2019
     Citations 11
      Versions 7
    Cluster ID 540308228336373490
Citations list http://scholar.google.com/scholar?cites=540308228336373490&as_sdt=2005&sciodt=0,5&hl=en
 Versions list http://scholar.google.com/scholar?cluster=540308228336373490&hl=en&as_sdt=0,5
       Excerpt … 19]. Git is one of the most popular VCSs [20], and GitHub is a social coding platformthat hosts git-based projects … conflicts. Our list is based on previous work in the areasof software merging and code review [5], [9], [13], [34], [35] … 

         Title Covert communication in mobile applications (t)
           URL http://scholar.google.com/https://ieeexplore.ieee.org/abstract/document/7372052/
          Year 2015
     Citations 33
      Versions 12
    Cluster ID 1012321492521962369
Citations list http://scholar.google.com/scholar?cites=1012321492521962369&as_sdt=2005&sciodt=0,5&hl=en
 Versions list http://scholar.google.com/scholar?cluster=1012321492521962369&hl=en&as_sdt=0,5
       Excerpt … To detect such covert communication in an efficient manner, we propose a highly precise andscalable static analysis technique: it achieves 93% precision and 61% recall compared to theempirically determined “ground truth”, and runs in a matter of a few minutes … 

         Title CSlicerCloud: a web-based semantic history slicing framework
           URL http://scholar.google.com/https://dl.acm.org/doi/abs/10.1145/3183440.3183491
          Year 2018
     Citations 2
      Versions 4
    Cluster ID 1196170913284625376
Citations list http://scholar.google.com/scholar?cites=1196170913284625376&as_sdt=2005&sciodt=0,5&hl=en
 Versions list http://scholar.google.com/scholar?cluster=1196170913284625376&hl=en&as_sdt=0,5
       Excerpt … In this paper, we present CSlicerCloud, a Web-based semantic history slicing service tailoredfor Java projects hosted on GitHub … from one branch to another, either for porting bug fixes orfor splitting large chunk commits into multiple functionally-independent pull requests … 

         Title ARDiff: scaling program equivalence checking via iterative abstraction and refinement of common code
           URL http://scholar.google.com/https://dl.acm.org/doi/abs/10.1145/3368089.3409757
          Year 2020
     Citations 2
      Versions 4
    Cluster ID 8330179383334760629
Citations list http://scholar.google.com/scholar?cites=8330179383334760629&as_sdt=2005&sciodt=0,5&hl=en
 Versions list http://scholar.google.com/scholar?cluster=8330179383334760629&hl=en&as_sdt=0,5
       Excerpt … behavior. The majority of popular techniques for formally proving/refuting equivalencere- lies on symbolic execution ś a static analysis approach that reasons aboutprogram behaviors in terms of symbolic input variables. Yet … 

         Title Battery-aware transformations in mobile applications
           URL http://scholar.google.com/https://ieeexplore.ieee.org/abstract/document/7582805/
          Year 2016
     Citations 10
      Versions 11
    Cluster ID 13804041570074226619
Citations list http://scholar.google.com/scholar?cites=13804041570074226619&as_sdt=2005&sciodt=0,5&hl=en
 Versions list http://scholar.google.com/scholar?cluster=13804041570074226619&hl=en&as_sdt=0,5
       Excerpt … For each of the identified A&A connection statements we inserted a corresponding print statementwhose output is 1 https://github.com/pxb1988/dex2jar … use static analysis to reduce the energyconsumption of apps by automatically bundling sub- sequent HTTP requests [10] … 

         Title ANDROR2: A Dataset of Manually-Reproduced Bug Reports for Android apps
           URL http://www.ece.ubc.ca/~mjulia/publications/AndroR2_2021.pdf
     Citations 0
      Versions 0
      PDF link http://www.ece.ubc.ca/~mjulia/publications/AndroR2_2021.pdf
       Excerpt … This paper presents ANDROR2: a dataset of 90 manually reproduced bug reports for Androidapps listed on Google Play and hosted on GitHub, systematically collected via an in-depth analysisof 459 reports extracted from the GitHub issue tracker … GitHub Bug Reports Filtering … 

         Title Pinpointing mobile malware using code analysis
           URL http://scholar.google.com/https://ieeexplore.ieee.org/abstract/document/7832995/
          Year 2016
     Citations 6
      Versions 4
    Cluster ID 4368248356729631630
Citations list http://scholar.google.com/scholar?cites=4368248356729631630&as_sdt=2005&sciodt=0,5&hl=en
 Versions list http://scholar.google.com/scholar?cluster=4368248356729631630&hl=en&as_sdt=0,5
       Excerpt … Keywords malware detection, static analysis, machine learning, trace features, classification …The static analysis that MassDroid performs is a lightweight form of data-flow analysis — tocompute regular traces — that is far cheaper than data-flow reachability … 

         Title Performance comprehension at WiredTiger
           URL http://scholar.google.com/https://dl.acm.org/doi/abs/10.1145/3236024.3236081
          Year 2018
     Citations 3
      Versions 7
    Cluster ID 16947588398034027360
Citations list http://scholar.google.com/scholar?cites=16947588398034027360&as_sdt=2005&sciodt=0,5&hl=en
 Versions list http://scholar.google.com/scholar?cluster=16947588398034027360&hl=en&as_sdt=0,5
       Excerpt … Other, less significant com- munication channels are Github [42] pull requests for code reviewsand merges (over 19,000 commits and over 2,900 pull requests), and mailing lists … Tickets in anystate, ie, open, in progress, in code review, resolved, closed, waiting for user … 

         Title Non-Essential Communication in Mobile Applications
           URL http://scholar.google.com/https://dspace.mit.edu/handle/1721.1/96909
          Year 2015
     Citations 1
      Versions 4
    Cluster ID 2920238673884544476
Citations list http://scholar.google.com/scholar?cites=2920238673884544476&as_sdt=2005&sciodt=0,5&hl=en
 Versions list http://scholar.google.com/scholar?cluster=2920238673884544476&hl=en&as_sdt=0,5
       Excerpt … functionality. We present a static analysis that is able to detect non-essential commu-nication with 84% -90% precision and 63%-64% recall, depending on whetheradvertisement content is interpreted as essential or not. We … 

         Title MANDOLINE: Dynamic Slicing of Android Applications with Trace-Based Alias Analysis
           URL http://www.ece.ubc.ca/~mjulia/publications/Mandoline_2021.pdf
          Year 2021
     Citations 1
      Versions 3
    Cluster ID 15590620366441405712
      PDF link http://www.ece.ubc.ca/~mjulia/publications/Mandoline_2021.pdf
Citations list http://scholar.google.com/scholar?cites=15590620366441405712&as_sdt=2005&sciodt=0,5&hl=en
 Versions list http://scholar.google.com/scholar?cluster=15590620366441405712&hl=en&as_sdt=0,5
       Excerpt … Inspired by existing approaches for Android static analysis [19], our work addresses this limitationby modeling data propagation inside the framework methods … Trace ▷ Slicing Criteria ▷ ScriptStatic Analysis ▷ Android App Trace Parsing Partial ICDG Instrumented App Slice … 

         Title Client-specific equivalence checking
           URL http://scholar.google.com/https://ieeexplore.ieee.org/abstract/document/9000050/
          Year 2018
     Citations 13
      Versions 12
    Cluster ID 7975595848484214269
Citations list http://scholar.google.com/scholar?cites=7975595848484214269&as_sdt=2005&sciodt=0,5&hl=en
 Versions list http://scholar.google.com/scholar?cluster=7975595848484214269&hl=en&as_sdt=0,5
       Excerpt … We found these pairs by searching GitHub for popular projects that provide functionalityto other projects (libraries) … 1Full study details available at https://client-specific-equivalence-checker.github.io/ context that are irrelevant to the change … 

         Title EQBENCH: A Dataset of Equivalent and Non-equivalent Program Pairs
           URL http://scholar.google.com/https://www.ece.ubc.ca/~mjulia/publications/EQBench_2021.pdf
     Citations 0
      Versions 2
      PDF link http://scholar.google.com/https://www.ece.ubc.ca/~mjulia/publications/EQBench_2021.pdf
 Versions list http://scholar.google.com/scholar?cluster=826766478803502011&hl=en&as_sdt=0,5
       Excerpt … Another obvious way of extending our dataset is to include more equivalent/non- equivalent pairs.We invite other researchers to join our effort of extending EQBENCH by contributing to it directlyon GitHub [22] … of the International Static Analysis Symposium (SAS), 2017, pp … 

         Title Semantic slicing of software version histories
           URL http://scholar.google.com/https://ieeexplore.ieee.org/abstract/document/7843626/
          Year 2017
     Citations 39
      Versions 19
    Cluster ID 1144275570070138122
Citations list http://scholar.google.com/scholar?cites=1144275570070138122&as_sdt=2005&sciodt=0,5&hl=en
 Versions list http://scholar.google.com/scholar?cluster=1144275570070138122&hl=en&as_sdt=0,5
       Excerpt … Page 2. leads to a speed up in the code review process, fewer merge conflicts, and easier futuremaintenance. For example, the Bitcoin Core [11] contributor guideline stresses the impor- tanceof simplicity of pull requests: “Patchsets should always be focused … 

         Title Fairness definitions explained
           URL http://scholar.google.com/https://ieeexplore.ieee.org/abstract/document/8452913/
          Year 2018
     Citations 267
      Versions 7
    Cluster ID 11866455865058621809
Citations list http://scholar.google.com/scholar?cites=11866455865058621809&as_sdt=2005&sciodt=0,5&hl=en
 Versions list http://scholar.google.com/scholar?cluster=11866455865058621809&hl=en&as_sdt=0,5
       Excerpt Page 1. Fairness Definitions Explained Sahil Verma Indian Institute of TechnologyKanpur, India vsahil@iitk.ac.in Julia Rubin University of British Columbia, Canadamjulia@ece.ubc.ca ABSTRACT Algorithm fairness has started … 

         Title Managing forked product variants
           URL http://scholar.google.com/https://dl.acm.org/doi/abs/10.1145/2362536.2362558
          Year 2012
     Citations 60
      Versions 16
    Cluster ID 607579660413718457
Citations list http://scholar.google.com/scholar?cites=607579660413718457&as_sdt=2005&sciodt=0,5&hl=en
 Versions list http://scholar.google.com/scholar?cluster=607579660413718457&hl=en&as_sdt=0,5
       Excerpt … the aggregation process. Specifically, approaches based on static analysis andinformation retrieval can be applicable for grouping individual changes intofunctionalities. Feature Dependency Calculation. To detect require … 

         Title Supporting microservice evolution
           URL http://scholar.google.com/https://ieeexplore.ieee.org/abstract/document/8094458/
          Year 2017
     Citations 25
      Versions 6
    Cluster ID 12303774203957137978
Citations list http://scholar.google.com/scholar?cites=12303774203957137978&as_sdt=2005&sciodt=0,5&hl=en
 Versions list http://scholar.google.com/scholar?cluster=12303774203957137978&hl=en&as_sdt=0,5
       Excerpt … 7https://github.com/google/cadvisor 8https://www.ibm.com/in-en/marketplace/graph9https://www.influxdata.com/ Frontend Todo Database … A key approach in this space that combinesstatic analysis, dependency model- ing, and evolving architectural concerns is by Sangal et al … 

         Title FPH: efficient non-commutativity analysis of feature-based systems
           URL http://scholar.google.com/https://library.oapen.org/bitstream/handle/20.500.12657/27803/1002202.pdf?sequence=1#page=324
          Year 2018
     Citations 7
      Versions 5
    Cluster ID 5834003651429304009
Citations list http://scholar.google.com/scholar?cites=5834003651429304009&as_sdt=2005&sciodt=0,5&hl=en
 Versions list http://scholar.google.com/scholar?cluster=5834003651429304009&hl=en&as_sdt=0,5
       Excerpt … 1 The complete replication package including the tool binary, case studies used in our experimentsand proofs of selected theorems is available at https://github … Moreover, advances in static analysistechniques may improve our results for those cases in the future … 

         Title Improving microservice-based applications with runtime placement adaptation
           URL http://scholar.google.com/https://jisajournal.springeropen.com/articles/10.1186/s13174-019-0104-0
          Year 2019
     Citations 29
      Versions 11
    Cluster ID 9178992391359485662
Citations list http://scholar.google.com/scholar?cites=9178992391359485662&as_sdt=2005&sciodt=0,5&hl=en
 Versions list http://scholar.google.com/scholar?cluster=9178992391359485662&hl=en&as_sdt=0,5
       Excerpt Microservices are a popular method to design scalable cloud-based applications.Microservice-based applications (μApps) rely on message passing for communication and todecouple each microservice, allowing the logic in each service to scale independently. Complex … 

