[query] http://scholar.google.com/scholar?as_q=&as_epq=%22findbugs%22%20OR%20%22spotbugs%22%20OR%20%22code%20review%22%20OR%20%22static%20analysis%22%20OR%20%22regex%22%20OR%20%22regular%20expression%22%20OR%20%22github%22%20OR%20%22pull%20requests%22&as_oq=&as_eq=&as_occt=any&as_sauthors=J%C3%BCrgen%20Cito&as_publication=&as_ylo=&as_yhi=&as_vis=0&btnG=&hl=en&num=80&as_sdt=0%2C5
         Title An empirical analysis of the docker container ecosystem on github
           URL http://scholar.google.com/https://ieeexplore.ieee.org/abstract/document/7962382/
          Year 2017
     Citations 75
      Versions 9
    Cluster ID 276042903002535266
Citations list http://scholar.google.com/scholar?cites=276042903002535266&as_sdt=2005&sciodt=0,5&hl=en
 Versions list http://scholar.google.com/scholar?cluster=276042903002535266&hl=en&as_sdt=0,5
       Excerpt Docker allows packaging an application with its dependencies into a standardized, self-contained unit (a so-called container), which can be used for software development and to run the application on any system. Dockerfiles are declarative definitions of an environment …

         Title Structured information on state and evolution of dockerfiles on github
           URL http://scholar.google.com/https://dl.acm.org/doi/abs/10.1145/3196398.3196456
          Year 2018
     Citations 18
      Versions 5
    Cluster ID 13227294071898642900
Citations list http://scholar.google.com/scholar?cites=13227294071898642900&as_sdt=2005&sciodt=0,5&hl=en
 Versions list http://scholar.google.com/scholar?cluster=13227294071898642900&hl=en&as_sdt=0,5
       Excerpt Docker containers are standardized, self-contained units of applications, packaged with their dependencies and execution environment. The environment is defined in a Dockerfile that specifies the steps to reach a certain system state as infrastructure code, with the aim of …

         Title PerformanceHat: augmenting source code with runtime performance traces in the IDE
           URL http://scholar.google.com/https://dl.acm.org/doi/abs/10.1145/3183440.3183481
          Year 2018
     Citations 12
      Versions 3
    Cluster ID 11308821947545509928
Citations list http://scholar.google.com/scholar?cites=11308821947545509928&as_sdt=2005&sciodt=0,5&hl=en
 Versions list http://scholar.google.com/scholar?cluster=11308821947545509928&hl=en&as_sdt=0,5
       Excerpt … We implemented this approach as an Eclipse IDE plugin for Java applications that is availableas an open source project on GitHub. A video of PerformanceHat in action is online:https://youtu.be/fTBBiylRhag … 1http://sealuzh.github.io/PerformanceHat/ 41 … 

         Title Meeting in the notebook: a notebook-based environment for micro-submissions in data science collaborations
           URL http://scholar.google.com/https://arxiv.org/abs/2103.15787
          Year 2021
     Citations 0
      Versions 2
 Versions list http://scholar.google.com/scholar?cluster=4413468044890259295&hl=en&as_sdt=0,5
       Excerpt … version control tools, build tools, documentation generators, unit test frameworks, linters andformatters, and code review interfaces … 2 3 Run static analysis of code for errors … Completed codesnippets are submitted directly to an upstream GitHub repository as pull requests (left) … 

         Title Using docker containers to improve reproducibility in software and web engineering research
           URL http://scholar.google.com/https://link.springer.com/chapter/10.1007/978-3-319-38791-8_58
          Year 2016
     Citations 74
      Versions 4
    Cluster ID 15057980249324752891
Citations list http://scholar.google.com/scholar?cites=15057980249324752891&as_sdt=2005&sciodt=0,5&hl=en
 Versions list http://scholar.google.com/scholar?cluster=15057980249324752891&hl=en&as_sdt=0,5
       Excerpt The ability to replicate and reproduce scientific results has become anincreasingly important topic for many academic disciplines. In computerscience and, more specifically, software and web...

         Title An Empirical Investigation of Command-Line Customization
           URL http://scholar.google.com/https://arxiv.org/abs/2012.10206
          Year 2012
     Citations 0
      Versions 2
 Versions list http://scholar.google.com/scholar?cluster=9909279021339667306&hl=en&as_sdt=0,5
       Excerpt … and metadata) is available on Zenodo.6 The parsing script and the executable Jupyter notebooks,containing all SQL queries and additional Python code used during our analysis, are availableon GitHub.7 … An IPv4 address, matched by the liberal regular expression [0-9]+\.[0 … 

         Title An Empirical Study on the Impact of Deimplicitization on Comprehension in Programs Using Application Frameworks
           URL http://scholar.google.com/https://dl.acm.org/doi/abs/10.1145/3379597.3387507
          Year 2020
     Citations 0
      Versions 4
 Versions list http://scholar.google.com/scholar?cluster=5535268713143864888&hl=en&as_sdt=0,5
       Excerpt … Specifically, we use the Ruby on Rails projects in the experi- ments of the Konure paper [6]: •Enki, Content Management. The source code is available at https://github.com/xaviershay/enki …The source code is available at https://github.com/fulcrum-agile/fulcrum … 

         Title Continuous experimentation: challenges, implementation techniques, and current research
           URL http://scholar.google.com/https://ieeexplore.ieee.org/abstract/document/8255793/
          Year 2018
     Citations 35
      Versions 3
    Cluster ID 11348787765124279929
Citations list http://scholar.google.com/scholar?cites=11348787765124279929&as_sdt=2005&sciodt=0,5&hl=en
 Versions list http://scholar.google.com/scholar?cluster=11348787765124279929&hl=en&as_sdt=0,5
       Excerpt … A prominent represen- tative is GitHub's scientist4, which allows the execution of A/B test-likeexperimentation setups … 3https://zookeeper.apache.org/ 4https://github.com/github/scientist5http://www.haproxy.org/ 6https://www.spinnaker.io/ 7http://vamp.io/ 8https://istio.io … 

         Title Cloud workbench: Benchmarking iaas providers based on infrastructure-as-code
           URL http://scholar.google.com/https://dl.acm.org/doi/abs/10.1145/2740908.2742833
          Year 2015
     Citations 33
      Versions 7
    Cluster ID 9084328355861619911
Citations list http://scholar.google.com/scholar?cites=9084328355861619911&as_sdt=2005&sciodt=0,5&hl=en
 Versions list http://scholar.google.com/scholar?cluster=9084328355861619911&hl=en&as_sdt=0,5
       Excerpt … The current version of CWB is available as an open source project on Github4, includingsamples and installation in- structions for an automated installation using Vagrant.3http://rubyonrails.org/ 4https://github.com/sealuzh/cloud-workbench … 

         Title Battery-aware transformations in mobile applications
           URL http://scholar.google.com/https://ieeexplore.ieee.org/abstract/document/7582805/
          Year 2016
     Citations 10
      Versions 11
    Cluster ID 13804041570074226619
Citations list http://scholar.google.com/scholar?cites=13804041570074226619&as_sdt=2005&sciodt=0,5&hl=en
 Versions list http://scholar.google.com/scholar?cluster=13804041570074226619&hl=en&as_sdt=0,5
       Excerpt … For each of the identified A&A connection statements we inserted a corresponding print statementwhose output is 1 https://github.com/pxb1988/dex2jar … use static analysis to reduce the energyconsumption of apps by automatically bundling sub- sequent HTTP requests [10] … 

         Title Modelling and managing deployment costs of microservice-based cloud applications
           URL http://scholar.google.com/https://dl.acm.org/doi/abs/10.1145/2996890.2996901
          Year 2016
     Citations 50
      Versions 6
    Cluster ID 15795041631721866677
Citations list http://scholar.google.com/scholar?cites=15795041631721866677&as_sdt=2005&sciodt=0,5&hl=en
 Versions list http://scholar.google.com/scholar?cluster=15795041631721866677&hl=en&as_sdt=0,5
       Excerpt … This in- 2https://github.com/xLeitix/costhat … Min- ing execution logs allows to relativelyeasily identify invocations across heterogeneous service implementations, while staticanalysis enables the detection of rarely invoked dependencies … 

         Title Enabling collaborative data science development with the Ballet framework
           URL http://scholar.google.com/https://arxiv.org/abs/2012.07816
          Year 2020
     Citations 1
      Versions 2
    Cluster ID 2229735541481725408
Citations list http://scholar.google.com/scholar?cites=2229735541481725408&as_sdt=2005&sciodt=0,5&hl=en
 Versions list http://scholar.google.com/scholar?cluster=2229735541481725408&hl=en&as_sdt=0,5
       Excerpt … git/GitHub-based workflow in which patches are proposed as individual Pull Requests (PRs …lightweight infrastructure that is freely available to open-source projects, like GitHub, Travis CI …they have selected is subjected to initial server-side validation using static analysis and the … 

         Title Software Engineering for Infrastructure and Configuration (SEConfig)-Workshop Report
           URL http://scholar.google.com/https://dl.acm.org/doi/abs/10.1145/3385678.3385686
          Year 2020
     Citations 0
      Versions 2
 Versions list http://scholar.google.com/scholar?cluster=11580186722890348901&hl=en&as_sdt=0,5
       Excerpt … References [1] Chef. https://github.com/chef/chef, 2020. [2] Hacker news. https://news.ycombinator.com/, 2020 … [5] Puppet Labs. Puppet. https://github.com/puppetlabs/ puppet, 2020. [6] Tim Nelson,Natasha Danas, Theophilos Giannakopoulos, and Shriram Krishnamurthi … 

         Title Extraction of microservices from monolithic software architectures
           URL http://scholar.google.com/https://ieeexplore.ieee.org/abstract/document/8029803/
          Year 2017
     Citations 101
      Versions 0
    Cluster ID 6647963237004991536
Citations list http://scholar.google.com/scholar?cites=6647963237004991536&as_sdt=2005&sciodt=0,5&hl=en
       Excerpt … on traditional software decomposition and modularization, including techniques such as traditionalsoftware metrics, repository mining or static analysis … 2https://github.com/gmazlami/microserviceExtraction-backend 3https://github.com/gmazlami/microserviceExtraction-frontend … 

         Title Runtime metric meets developer: building better cloud applications using feedback
           URL http://scholar.google.com/https://dl.acm.org/doi/abs/10.1145/2814228.2814232
          Year 2015
     Citations 27
      Versions 9
    Cluster ID 5878641902929244982
Citations list http://scholar.google.com/scholar?cites=5878641902929244982&as_sdt=2005&sciodt=0,5&hl=en
 Versions list http://scholar.google.com/scholar?cluster=5878641902929244982&hl=en&as_sdt=0,5
       Excerpt … To this end, predictive FDD builds upon static code analysis [1, 14], but augments it withknowledge about runtime behavior. This allows us to generate powerful warnings andpredictions, which would not be possible based on static analysis alone … 

         Title Feedback from operations to software development—a devops perspective on runtime metrics and logs
           URL http://scholar.google.com/https://link.springer.com/chapter/10.1007/978-3-030-06019-0_14
          Year 2018
     Citations 5
      Versions 5
    Cluster ID 5372000984969050184
Citations list http://scholar.google.com/scholar?cites=5372000984969050184&as_sdt=2005&sciodt=0,5&hl=en
 Versions list http://scholar.google.com/scholar?cluster=5372000984969050184&hl=en&as_sdt=0,5
       Excerpt DevOps achieve synergy between software development and operationsengineers. This synergy can only happen if the right culture is in place to fostercommunication between these roles. We investigate...

         Title The making of cloud applications: An empirical study on software development for the cloud
           URL http://scholar.google.com/https://dl.acm.org/doi/abs/10.1145/2786805.2786826
          Year 2015
     Citations 91
      Versions 8
    Cluster ID 14091296433200790826
Citations list http://scholar.google.com/scholar?cites=14091296433200790826&as_sdt=2005&sciodt=0,5&hl=en
 Versions list http://scholar.google.com/scholar?cluster=14091296433200790826&hl=en&as_sdt=0,5
       Excerpt … questions were primarily formulated as state- ments, asking participants to state their agreementon a five point Likert scale (examples of these questions can be seen in Figure 3). To targetdevelopers with experience in cloud technologies, we gathered profiles of GitHub3 users … 

         Title Patterns in the chaos—a study of performance variation and predictability in public iaas clouds
           URL http://scholar.google.com/https://dl.acm.org/doi/abs/10.1145/2885497
          Year 2016
     Citations 172
      Versions 7
    Cluster ID 17821828542761561531
Citations list http://scholar.google.com/scholar?cites=17821828542761561531&as_sdt=2005&sciodt=0,5&hl=en
 Versions list http://scholar.google.com/scholar?cluster=17821828542761561531&hl=en&as_sdt=0,5
       Excerpt … memory bandwidth; higher is better. MiB/s Java Clones jCloudScale, a mid-sizedJava project from GitHub, and compiles it using OpenJDK 7; measures end-to- endduration; lower is better. s IO-Bound IO Uses sysbench to … 

