[query] http://scholar.google.com/scholar?as_q=&as_epq=%22findbugs%22%20OR%20%22spotbugs%22%20OR%20%22code%20review%22%20OR%20%22static%20analysis%22%20OR%20%22regex%22%20OR%20%22regular%20expression%22%20OR%20%22github%22%20OR%20%22pull%20requests%22&as_oq=&as_eq=&as_occt=any&as_sauthors=Kevin%20Moran&as_publication=&as_ylo=&as_yhi=&as_vis=0&btnG=&hl=en&num=80&as_sdt=0%2C5
         Title How do static and dynamic test case prioritization techniques perform on modern software systems? An extensive study on GitHub projects
           URL http://scholar.google.com/https://ieeexplore.ieee.org/abstract/document/8329518/
          Year 2018
     Citations 19
      Versions 4
    Cluster ID 7303040264441815694
Citations list http://scholar.google.com/scholar?cites=7303040264441815694&as_sdt=2005&sciodt=0,5&hl=en
 Versions list http://scholar.google.com/scholar?cluster=7303040264441815694&hl=en&as_sdt=0,5
       Excerpt Test Case Prioritization (TCP) is an increasingly important regression testing technique for reordering test cases according to a pre-defined goal, particularly as agile practices gain adoption. To better understand these techniques, we perform the first extensive study aimed …

         Title Discovering flaws in security-focused static analysis tools for android using systematic mutation
           URL http://scholar.google.com/https://www.usenix.org/conference/usenixsecurity18/presentation/bonett
          Year 2018
     Citations 18
      Versions 10
    Cluster ID 6863121297628575389
Citations list http://scholar.google.com/scholar?cites=6863121297628575389&as_sdt=2005&sciodt=0,5&hl=en
 Versions list http://scholar.google.com/scholar?cluster=6863121297628575389&hl=en&as_sdt=0,5
       Excerpt Mobile application security has been one of the major areas of security research in the last decade. Numerous application analysis tools have been proposed in response to malicious, curious, or vulnerable apps. However, existing tools, and specifically, static analysis tools …

         Title Systematic Mutation-Based Evaluation of the Soundness of Security-Focused Android Static Analysis Techniques
           URL http://scholar.google.com/https://dl.acm.org/doi/abs/10.1145/3439802
          Year 2021
     Citations 1
      Versions 3
    Cluster ID 17172838290301196358
Citations list http://scholar.google.com/scholar?cites=17172838290301196358&as_sdt=2005&sciodt=0,5&hl=en
 Versions list http://scholar.google.com/scholar?cluster=17172838290301196358&hl=en&as_sdt=0,5
       Excerpt Mobile application security has been a major area of focus for security research over the course of the last decade. Numerous application analysis tools have been proposed in response to malicious, curious, or vulnerable apps. However, existing tools, and specifically …

         Title SE: Mutation-based Evaluation of Security-focused Static Analysis Tools for Android
           URL http://scholar.google.com/https://arxiv.org/abs/2102.06823
          Year 2021
     Citations 0
      Versions 0
       Excerpt This demo paper presents the technical details and usage scenarios of $\mu $ SE: a mutation-based tool for evaluating security-focused static analysis tools for Android. Mutation testing is generally used by software practitioners to assess the robustness of a …

         Title Fusion: A tool for facilitating and augmenting android bug reporting
           URL http://scholar.google.com/https://ieeexplore.ieee.org/abstract/document/7883352/
          Year 2016
     Citations 22
      Versions 7
    Cluster ID 8878139863878359619
Citations list http://scholar.google.com/scholar?cites=8878139863878359619&as_sdt=2005&sciodt=0,5&hl=en
 Versions list http://scholar.google.com/scholar?cluster=8878139863878359619&hl=en&as_sdt=0,5
       Excerpt … However, current bug tracking systems such as Bugzilla [3], Mantis [10], the Google Code IssueTracker [7], the GitHub Issue Tracker [6], and commercial solutions such as JIRA [9] rely mostlyon unstructured natural … 2.1.1 Static Analysis The goal of the Static App Analyzer (Fig … 

         Title Enhancing android application bug reporting
           URL http://scholar.google.com/https://dl.acm.org/doi/abs/10.1145/2786805.2807557
          Year 2015
     Citations 12
      Versions 5
    Cluster ID 10698689568294215693
Citations list http://scholar.google.com/scholar?cites=10698689568294215693&as_sdt=2005&sciodt=0,5&hl=en
 Versions list http://scholar.google.com/scholar?cluster=10698689568294215693&hl=en&as_sdt=0,5
       Excerpt … cur- rent bug tracking systems such as Bugzilla [1], Mantis [6], the Google Code Issue Tracker(GCIT) [4], the GitHub Issue Tracker [3 … 3.1 Analysis Phase The Analysis Phase has two majorcomponents: 1) static analysis (Primer), and 2) dynamic program analysis (En- gine) of a … 

         Title Learning to identify security-related issues using convolutional neural networks
           URL http://scholar.google.com/https://ieeexplore.ieee.org/abstract/document/8919098/
          Year 2019
     Citations 5
      Versions 5
    Cluster ID 6761447649682120179
Citations list http://scholar.google.com/scholar?cites=6761447649682120179&as_sdt=2005&sciodt=0,5&hl=en
 Versions list http://scholar.google.com/scholar?cluster=6761447649682120179&hl=en&as_sdt=0,5
       Excerpt … We evaluated SecureReqNet by applying it to identify security-related issues from a dataset ofthousands of issues mined from popular projects on GitLab and GitHub … GitHub (SR) 4,575 3,203915 458 GitHub (Non-SR) 47,483 33,238 9,497 458 Wikipedia 10,000 … 

         Title Mining android app usages for generating actionable gui-based execution scenarios
           URL http://scholar.google.com/https://ieeexplore.ieee.org/abstract/document/7180072/
          Year 2015
     Citations 98
      Versions 12
    Cluster ID 4922942532419234097
Citations list http://scholar.google.com/scholar?cites=4922942532419234097&as_sdt=2005&sciodt=0,5&hl=en
 Versions list http://scholar.google.com/scholar?cluster=4922942532419234097&hl=en&as_sdt=0,5
       Excerpt … Furthermore, our intuition is that the models mined from execution (event) traces can beaugmented with static analysis information to include unseen but feasible events … 1-b) uses staticanalysis to extract from the app source code a list of feasible GUI events … 

         Title Systematic Mutation-based Evaluation of the Soundness of Security-focused Android Static Analysis Techniques
           URL http://scholar.google.com/https://ui.adsabs.harvard.edu/abs/2021arXiv210206829S/abstract
          Year 2021
     Citations 0
      Versions 0
       Excerpt Mobile application security has been a major area of focus for security research over the course of the last decade. Numerous application analysis tools have been proposed in response to malicious, curious, or vulnerable apps. However, existing tools, and specifically …

         Title SE: Mutation-based Evaluation of Security-focused Static Analysis Tools for Android
           URL http://scholar.google.com/https://ui.adsabs.harvard.edu/abs/2021arXiv210206823S/abstract
          Year 2021
     Citations 0
      Versions 0
       Excerpt This demo paper presents the technical details and usage scenarios of $\mu $ SE: a mutation-based tool for evaluating security-focused static analysis tools for Android. Mutation testing is generally used by software practitioners to assess the robustness of a …

         Title Crashscope: A practical tool for automated testing of android applications
           URL http://scholar.google.com/https://ieeexplore.ieee.org/abstract/document/7965246/
          Year 2017
     Citations 47
      Versions 9
    Cluster ID 5849808940958038292
Citations list http://scholar.google.com/scholar?cites=5849808940958038292&as_sdt=2005&sciodt=0,5&hl=en
 Versions list http://scholar.google.com/scholar?cluster=5849808940958038292&hl=en&as_sdt=0,5
       Excerpt … The first step the Execution Engine performs in the testing process is static analysis of thesubmitted app to identify contextual features (Figure 1- 1 ). To do this it either utilizes theuser-uploaded source code of the app, if it was provided, or attempts to decompile the app using … 

         Title On learning meaningful assert statements for unit test cases
           URL http://scholar.google.com/https://dl.acm.org/doi/abs/10.1145/3377811.3380429
          Year 2020
     Citations 11
      Versions 6
    Cluster ID 15508639694953309198
Citations list http://scholar.google.com/scholar?cites=15508639694953309198&as_sdt=2005&sciodt=0,5&hl=en
 Versions list http://scholar.google.com/scholar?cluster=15508639694953309198&hl=en&as_sdt=0,5
       Excerpt … We applied A to thousands of test methods from GitHub projects and it was able to predict theexact assert statement manually written by developers in 31% of the cases when only consideringthe top- 1 predicted assert … GitHub Test Methods Datasets Mine JUnit test methods 2 … 

         Title ANDROR2: A Dataset of Manually-Reproduced Bug Reports for Android apps
           URL http://www.ece.ubc.ca/~mjulia/publications/AndroR2_2021.pdf
     Citations 0
      Versions 0
      PDF link http://www.ece.ubc.ca/~mjulia/publications/AndroR2_2021.pdf
       Excerpt … This paper presents ANDROR2: a dataset of 90 manually reproduced bug reports for Androidapps listed on Google Play and hosted on GitHub, systematically collected via an in-depth analysisof 459 reports extracted from the GitHub issue tracker … GitHub Bug Reports Filtering … 

         Title How do developers test android applications?
           URL http://scholar.google.com/https://ieeexplore.ieee.org/abstract/document/8094467/
          Year 2017
     Citations 70
      Versions 4
    Cluster ID 16846501166078840730
Citations list http://scholar.google.com/scholar?cites=16846501166078840730&as_sdt=2005&sciodt=0,5&hl=en
 Versions list http://scholar.google.com/scholar?cluster=16846501166078840730&hl=en&as_sdt=0,5
       Excerpt … automated techniques to best meet these needs. Consequently, we aim to fill this“gap” in recent work by surveying contributors of open source Android apps hostedon GitHub. We are most interested in understanding testing … 

         Title Auto-completing bug reports for android applications
           URL http://scholar.google.com/https://dl.acm.org/doi/abs/10.1145/2786805.2786857
          Year 2015
     Citations 77
      Versions 6
    Cluster ID 2015871122808810472
Citations list http://scholar.google.com/scholar?cites=2015871122808810472&as_sdt=2005&sciodt=0,5&hl=en
 Versions list http://scholar.google.com/scholar?cluster=2015871122808810472&hl=en&as_sdt=0,5
       Excerpt … However, cur- rent bug tracking systems such as Bugzilla [3], Mantis [10], the Google Code IssueTracker [7], the GitHub Issue Tracker [6], and … This first phase has two major components: 1) staticanalysis (Primer), and 2) dynamic program analysis (Engine) of a target app … 

         Title Fixing bug reporting for mobile and GUI-based applications
           URL http://scholar.google.com/https://ieeexplore.ieee.org/abstract/document/7883414/
          Year 2016
     Citations 1
      Versions 7
    Cluster ID 15702537298933152844
Citations list http://scholar.google.com/scholar?cites=15702537298933152844&as_sdt=2005&sciodt=0,5&hl=en
 Versions list http://scholar.google.com/scholar?cluster=15702537298933152844&hl=en&as_sdt=0,5
       Excerpt … However, current bug tracking systems such as Bugzilla, Mantis, the Google Code Issue Tracker,the GitHub Issue Tracker, and commercial solutions … This first phase has two major components:1) static analysis (Primer), and 2) dynamic program analysis (Engine) of a target app … 

         Title Enabling mutation testing for android apps
           URL http://scholar.google.com/https://dl.acm.org/doi/abs/10.1145/3106237.3106275
          Year 2017
     Citations 54
      Versions 13
    Cluster ID 13679018981911781934
Citations list http://scholar.google.com/scholar?cites=13679018981911781934&as_sdt=2005&sciodt=0,5&hl=en
 Versions list http://scholar.google.com/scholar?cluster=13679018981911781934&hl=en&as_sdt=0,5
       Excerpt … We utilized a web crawler to mine the GitHub issue trackers … inner class [3] Override methodmissing [2] Super not called [1] Date issues [2] Error in loop limit [1] Exception/Error handling[3] Invalid constant [2] Missing break in switch [1] Syntax Error [18] Regex error [1] Wrong … 

         Title Detecting and summarizing GUI changes in evolving mobile apps
           URL http://scholar.google.com/https://dl.acm.org/doi/abs/10.1145/3238147.3238203
          Year 2018
     Citations 16
      Versions 7
    Cluster ID 15078864496628184637
Citations list http://scholar.google.com/scholar?cites=15078864496628184637&as_sdt=2005&sciodt=0,5&hl=en
 Versions list http://scholar.google.com/scholar?cluster=15078864496628184637&hl=en&as_sdt=0,5
       Excerpt … Some examples of GUI-changes between subsequent app versions of the popular FastHub GitHubclient are illustrated in Figure 2. For example, the “Access Token" TextView component exhibitsa Layout Change, whereas the the “Enterprise" TextView component represents … 

         Title Automatically discovering, reporting and reproducing android application crashes
           URL http://scholar.google.com/https://ieeexplore.ieee.org/abstract/document/7515457/
          Year 2016
     Citations 152
      Versions 9
    Cluster ID 10134172362230117358
Citations list http://scholar.google.com/scholar?cites=10134172362230117358&as_sdt=2005&sciodt=0,5&hl=en
 Versions list http://scholar.google.com/scholar?cluster=10134172362230117358&hl=en&as_sdt=0,5
       Excerpt … Our approach builds upon prior research in automated input generation for mobile apps, andimplements several exploration strategies, informed by lightweight static analysis that are ableto effectively detect crashes and exceptions; 2) We perform a detailed evaluation of the … 

         Title Enabling Mutant Generation for Open-and Closed-Source Android Apps
           URL http://scholar.google.com/https://ieeexplore.ieee.org/abstract/document/9052435/
          Year 2020
     Citations 3
      Versions 2
    Cluster ID 15564928227959245190
Citations list http://scholar.google.com/scholar?cites=15564928227959245190&as_sdt=2005&sciodt=0,5&hl=en
 Versions list http://scholar.google.com/scholar?cluster=15564928227959245190&hl=en&as_sdt=0,5
       Excerpt … tasks. Li et al. [67] summarize those efforts in a systematic literature review ofapproaches for static analysis of An- droid Packages. In … apps. We mined the issuetrackers of 16,331 open source Android apps hosted on GitHub. Such … 

