[query] http://scholar.google.com/scholar?as_q=&as_epq=%22findbugs%22%20OR%20%22spotbugs%22%20OR%20%22code%20review%22%20OR%20%22static%20analysis%22%20OR%20%22regex%22%20OR%20%22regular%20expression%22%20OR%20%22github%22%20OR%20%22pull%20requests%22&as_oq=&as_eq=&as_occt=any&as_sauthors=Lars%20Grunske&as_publication=&as_ylo=&as_yhi=&as_vis=0&btnG=&hl=en&num=80&as_sdt=0%2C5
         Title The Java Pathfinder Workshop 2019
           URL http://scholar.google.com/https://dl.acm.org/doi/abs/10.1145/3385678.3385685
          Year 2020
     Citations 0
      Versions 0
       Excerpt … bug detection, alter- native state space search strategies, temporal property verifica- tion andmany more (see https://github.com/javapathfinder/ jpf … The afternoon sessions started with anotherinvited talk on Ad- ventures in Commercial-Grade Static Analysis by Simon Gold- berg … 

         Title Complete Shadow Symbolic Execution with Java PathFinder
           URL http://scholar.google.com/https://dl.acm.org/doi/abs/10.1145/3364452.33644558
          Year 2019
     Citations 2
      Versions 0
    Cluster ID 7815895863270117049
Citations list http://scholar.google.com/scholar?cites=7815895863270117049&as_sdt=2005&sciodt=0,5&hl=en
       Excerpt … 4. EVALUATION Our implementation and all evaluation artifacts are available onGitHub: https://github.com/hub-se/jpf-shadow-plus … Ad- ditionally, we inspected severalopen source projects on GitHub to find real regression bugs … 

         Title CoWolf–A generic framework for multi-view co-evolution and evaluation of models
           URL http://scholar.google.com/https://link.springer.com/chapter/10.1007/978-3-319-21155-8_3
          Year 2015
     Citations 9
      Versions 5
    Cluster ID 11364679259920088767
Citations list http://scholar.google.com/scholar?cites=11364679259920088767&as_sdt=2005&sciodt=0,5&hl=en
 Versions list http://scholar.google.com/scholar?cluster=11364679259920088767&hl=en&as_sdt=0,5
       Excerpt … There is a high amount of work in the background process. We refer the interested readers tothe website http://cowolf.github.io/ for the details and the source code. Running Example … Werefer the readers to https://github.com/CoWolf/CoWolf for the details of the architecture … 

         Title Quantitative Verification of Stochastic Regular Expressions
           URL http://scholar.google.com/https://content.iospress.com/articles/fundamenta-informaticae/fi2018
          Year 2021
     Citations 0
      Versions 0
       Excerpt … A derivation of a conventional regular expression E is a set of sentences or strings over the alpha-bet … literature, the problem of whether E |= EP can also be seen as the “Implication of regularexpressions.” According to the definition in [19], a string satisfies a regex property (w … 

         Title Formal Semantics for Probabilistic Verification of Stochastic Regular Expressions.
           URL http://ceur-ws.org/Vol-2240/paper8.pdf
          Year 2018
     Citations 1
      Versions 0
    Cluster ID 17212549860159024963
      PDF link http://ceur-ws.org/Vol-2240/paper8.pdf
Citations list http://scholar.google.com/scholar?cites=17212549860159024963&as_sdt=2005&sciodt=0,5&hl=en
       Excerpt … 2.1 Syntax of SRE The syntax of a Stochastic Regular Expression (SRE) E over an alphabetΣ is defined recursively as follows … A derivation of a conventional regular expression E isthe set of sentences, or strings over the alphabet, derivable from it … 

         Title CoWolf-A Generic Framework for Multi-View Co-Evolution and Evaluation of Models-Tool Paper
           URL http://scholar.google.com/https://www.researchgate.net/profile/Sinem_Getir/publication/300643543_CoWolf_-_A_Generic_Framework_for_Multi-view_Co-evolution_and_Evaluation_of_Models/links/5a159e70a6fdcc314924dcdf/CoWolf-A-Generic-Framework-for-Multi-view-Co-evolution-and-Evaluation-of-Models.pdf
     Citations 0
      Versions 0
      PDF link http://scholar.google.com/https://www.researchgate.net/profile/Sinem_Getir/publication/300643543_CoWolf_-_A_Generic_Framework_for_Multi-view_Co-evolution_and_Evaluation_of_Models/links/5a159e70a6fdcc314924dcdf/CoWolf-A-Generic-Framework-for-Multi-view-Co-evolution-and-Evaluation-of-Models.pdf
       Excerpt … There is a high amount of work in the background process. We refer the interested readers tothe website http://cowolf.github.io/ for the details and the source code … We refer the readers tohttps://github.com/CoWolf/CoWolf for the details of the architecture. Page 5 … 

         Title Inputs from hell: generating uncommon inputs from common samples
           URL http://scholar.google.com/https://arxiv.org/abs/1812.07525
          Year 2018
     Citations 4
      Versions 2
    Cluster ID 9371990603095062768
Citations list http://scholar.google.com/scholar?cites=9371990603095062768&as_sdt=2005&sciodt=0,5&hl=en
 Versions list http://scholar.google.com/scholar?cluster=9371990603095062768&hl=en&as_sdt=0,5
       Excerpt … For each input language, the experimental protocol proceeds as follows: a) We randomly selectfive files from a pool of thousands of sample files crawled from GitHub code reposito- ries, andthrough our approach produce a probabilistic grammar out of them … 

         Title Semantic program repair using a reference implementation
           URL http://scholar.google.com/https://dl.acm.org/doi/abs/10.1145/3180155.3180247
          Year 2018
     Citations 48
      Versions 7
    Cluster ID 3102625617473479077
Citations list http://scholar.google.com/scholar?cites=3102625617473479077&as_sdt=2005&sciodt=0,5&hl=en
 Versions list http://scholar.google.com/scholar?cluster=3102625617473479077&hl=en&as_sdt=0,5
       Excerpt Page 1. Semantic Program Repair Using a Reference Implementation Sergey Mechtaev ∗National University of Singapore mechtaev@comp.nus.edu.sg Manh-Dung Nguyen ∗National University of Singapore nguyenmanhdung1710@gmail.com … 

         Title Inputs from Hell Learning Input Distributions for Grammar-Based Test Generation
           URL http://scholar.google.com/https://ieeexplore.ieee.org/abstract/document/9154602/
          Year 2020
     Citations 1
      Versions 4
    Cluster ID 6867960907926396211
Citations list http://scholar.google.com/scholar?cites=6867960907926396211&as_sdt=2005&sciodt=0,5&hl=en
 Versions list http://scholar.google.com/scholar?cluster=6867960907926396211&hl=en&as_sdt=0,5
       Excerpt … For each input language, the experimental protocol proceeds as follows: a) We randomly selectedfive files from a pool of thousands of sample files crawled from GitHub code repositories, andthrough our approach produced a probabilistic grammar out of them2 … 

         Title Hora: Architecture-aware online failure prediction
           URL http://scholar.google.com/https://www.sciencedirect.com/science/article/pii/S0164121217300390
          Year 2018
     Citations 37
      Versions 4
    Cluster ID 9099304715931866616
Citations list http://scholar.google.com/scholar?cites=9099304715931866616&as_sdt=2005&sciodt=0,5&hl=en
 Versions list http://scholar.google.com/scholar?cluster=9099304715931866616&hl=en&as_sdt=0,5
       Excerpt JavaScript is disabled on your browser. Please enable JavaScript to use allthe features on this page. Skip to main content Skip to article … 

         Title How much event data is enough? A statistical framework for process discovery
           URL http://scholar.google.com/https://link.springer.com/chapter/10.1007/978-3-319-91563-0_15
          Year 2018
     Citations 20
      Versions 3
    Cluster ID 6230130016011707330
Citations list http://scholar.google.com/scholar?cites=6230130016011707330&as_sdt=2005&sciodt=0,5&hl=en
 Versions list http://scholar.google.com/scholar?cluster=6230130016011707330&hl=en&as_sdt=0,5
       Excerpt … Specifically, we developed two ProM plugins, one targeting the direct application ofour approach by users and one conducting the experiments reported in the remainderof this section. Both plugins are publicly available at github. 3 … 

         Title An evaluation of pure spectrum‐based fault localization techniques for large‐scale software systems
           URL http://scholar.google.com/https://onlinelibrary.wiley.com/doi/abs/10.1002/spe.2703
          Year 2019
     Citations 9
      Versions 3
    Cluster ID 8879034754524177262
Citations list http://scholar.google.com/scholar?cites=8879034754524177262&as_sdt=2005&sciodt=0,5&hl=en
 Versions list http://scholar.google.com/scholar?cluster=8879034754524177262&hl=en&as_sdt=0,5
       Excerpt Summary Pure spectrum‐based fault localization (SBFL) is a well‐studiedstatistical debugging technique that only takes a set of test cases (somefailing and some passing) and their code coverage a...

         Title Does Diversity Improve the Test Suite Generation for Mobile Applications?
           URL http://scholar.google.com/https://link.springer.com/chapter/10.1007/978-3-030-27455-9_5
          Year 2019
     Citations 9
      Versions 3
    Cluster ID 1500639261865861314
Citations list http://scholar.google.com/scholar?cites=1500639261865861314&as_sdt=2005&sciodt=0,5&hl=en
 Versions list http://scholar.google.com/scholar?cluster=1500639261865861314&hl=en&as_sdt=0,5
       Excerpt In search-based software engineering we often use popular heuristics withdefault configurations, which typically lead to suboptimal results, or weperform experiments to identify configurations on a...

         Title A comprehensive empirical evaluation of generating test suites for mobile applications with diversity
           URL http://scholar.google.com/https://www.sciencedirect.com/science/article/pii/S0950584920300070
          Year 2021
     Citations 1
      Versions 3
    Cluster ID 1871647535302289858
Citations list http://scholar.google.com/scholar?cites=1871647535302289858&as_sdt=2005&sciodt=0,5&hl=en
 Versions list http://scholar.google.com/scholar?cluster=1871647535302289858&hl=en&as_sdt=0,5
       Excerpt JavaScript is disabled on your browser. Please enable JavaScript to use allthe features on this page. Skip to main content Skip to article … 

         Title History-based Model Repair Recommendations
           URL http://scholar.google.com/https://dl.acm.org/doi/abs/10.1145/3419017
          Year 2021
     Citations 2
      Versions 0
    Cluster ID 1268329630921750856
Citations list http://scholar.google.com/scholar?cites=1268329630921750856&as_sdt=2005&sciodt=0,5&hl=en
       Excerpt Page 1. 15 History-based Model Repair Recommendations MANUEL OHRNDORF,CHRISTOPHER PIETSCH, and UDO KELTER, Universität Siegen, Germany LARSGRUNSKE and TIMO KEHRER, Humboldt-Universität zu Berlin, Germany … 

         Title MoFuzz: A Fuzzer Suite for Testing Model-Driven Software Engineering Tools
           URL http://scholar.google.com/https://ieeexplore.ieee.org/abstract/document/9286018/
          Year 2020
     Citations 1
      Versions 4
    Cluster ID 14800364198129966444
Citations list http://scholar.google.com/scholar?cites=14800364198129966444&as_sdt=2005&sciodt=0,5&hl=en
 Versions list http://scholar.google.com/scholar?cluster=14800364198129966444&hl=en&as_sdt=0,5
       Excerpt … Similarly, Steelix uses light-weight static analysis to gain information that pinpoints interestingbytes in the input … present an experimental evaluation of our fuzzer suite; the source code ofMoFuzz as well as the benchmark subjects are publicly available at: https://github.com/hub … 

         Title An architecture-aware approach to hierarchical online failure prediction
           URL http://scholar.google.com/https://ieeexplore.ieee.org/abstract/document/7515436/
          Year 2016
     Citations 14
      Versions 6
    Cluster ID 5659351543123144233
Citations list http://scholar.google.com/scholar?cites=5659351543123144233&as_sdt=2005&sciodt=0,5&hl=en
 Versions list http://scholar.google.com/scholar?cluster=5659351543123144233&hl=en&as_sdt=0,5
       Excerpt … becomes too high. The load average represents the number of tasks in the CPU queueover time and provides more 1https://github.com/hora-prediction/recipes-rss 64 Page6. information than the CPU utilization [32]. For example … 

         Title Bet and Run for Test Case Generation
           URL http://scholar.google.com/https://link.springer.com/chapter/10.1007/978-3-030-59762-7_15
          Year 2020
     Citations 0
      Versions 3
 Versions list http://scholar.google.com/scholar?cluster=643083822082071820&hl=en&as_sdt=0,5
       Excerpt … considering the best Bet and Run parameters found in literature. Footnotes. 1. Downloadof EvoSuite after commit https://github.com/EvoSuite/evosuite/commit/e26a6b725539370aa22976f041f3304972e201a1 on January 10, 2020 … 

         Title Concolic Program Repair
           URL http://scholar.google.com/https://www.comp.nus.edu.sg/~abhik/pdf/PLDI21.pdf
          Year 2021
     Citations 0
      Versions 0
      PDF link http://scholar.google.com/https://www.comp.nus.edu.sg/~abhik/pdf/PLDI21.pdf
       Excerpt Page 1. Concolic Program Repair Ridwan Shariffdeen∗ National University ofSingapore Singapore ridwan@comp.nus.edu.sg Yannic Noller∗ National Universityof Singapore Singapore yannic.noller@acm.org Lars Grunske … 

         Title Learning from Evolution for Evolution
           URL http://scholar.google.com/https://library.oapen.org/bitstream/handle/20.500.12657/22886/1007275.pdf?sequence=1#page=269
          Year 2019
     Citations 0
      Versions 6
 Versions list http://scholar.google.com/scholar?cluster=17070425828909897097&hl=en&as_sdt=0,5
       Excerpt … inference techniques presented in [KAH17]. Finally, Henshin has been extendedby an optimised static analysis of potential conflicts and dependencies betweentransformation rules [Bor+ 17]. New theoretical results on the … 

