[query] http://scholar.google.com/scholar?as_q=&as_epq=%22findbugs%22%20OR%20%22spotbugs%22%20OR%20%22code%20review%22%20OR%20%22static%20analysis%22%20OR%20%22regex%22%20OR%20%22regular%20expression%22%20OR%20%22github%22%20OR%20%22pull%20requests%22&as_oq=&as_eq=&as_occt=any&as_sauthors=Lingfeng%20Bao&as_publication=&as_ylo=&as_yhi=&as_vis=0&btnG=&hl=en&num=80&as_sdt=0%2C5
         Title A large scale study of long-time contributor prediction for GitHub projects
           URL http://scholar.google.com/https://ieeexplore.ieee.org/abstract/document/8721092/
          Year 2019
     Citations 16
      Versions 6
    Cluster ID 12627438236301293027
Citations list http://scholar.google.com/scholar?cites=12627438236301293027&as_sdt=2005&sciodt=0,5&hl=en
 Versions list http://scholar.google.com/scholar?cluster=12627438236301293027&hl=en&as_sdt=0,5
       Excerpt The continuous contributions made by long time contributors LTCsare a key factor enabling open source software (OSS) projects to be successful and survival. We study Github as it has a large number of OSS projects and millions of contributors, which enables the study of …

         Title How Android App Developers Manage Power Consumption?-An Empirical Study by Mining Power Management Commits
           URL http://scholar.google.com/https://ieeexplore.ieee.org/abstract/document/7832885/
          Year 2016
     Citations 25
      Versions 6
    Cluster ID 18254849236564139202
Citations list http://scholar.google.com/scholar?cites=18254849236564139202&as_sdt=2005&sciodt=0,5&hl=en
 Versions list http://scholar.google.com/scholar?cluster=18254849236564139202&hl=en&as_sdt=0,5
       Excerpt … 2.2.2 Manual Checking We manually check each of the filtered commits through the interfaceprovided by Github which greatly increases the readability of a … These commits match the regularexpression “*power*”which we use, and we exclude them after a manual checking step … 

         Title What permissions should this android app request?
           URL http://scholar.google.com/https://ieeexplore.ieee.org/abstract/document/7780191/
          Year 2016
     Citations 13
      Versions 3
    Cluster ID 8382963801471049363
Citations list http://scholar.google.com/scholar?cites=8382963801471049363&as_sdt=2005&sciodt=0,5&hl=en
 Versions list http://scholar.google.com/scholar?cluster=8382963801471049363&hl=en&as_sdt=0,5
       Excerpt … Among the 1,993 apps, 936 of them put their source code in Github and have readme files … Toextract APIs from Java source code, we first transform the source code into a single xml file usingsrcML which is a lightweight static analysis tool [9]. Then we can extract permissions … 

         Title Automated android application permission recommendation
           URL http://scholar.google.com/https://link.springer.com/article/10.1007/s11432-016-9072-3
          Year 2017
     Citations 14
      Versions 9
    Cluster ID 1617790694696922634
Citations list http://scholar.google.com/scholar?cites=1617790694696922634&as_sdt=2005&sciodt=0,5&hl=en
 Versions list http://scholar.google.com/scholar?cluster=1617790694696922634&hl=en&as_sdt=0,5
       Excerpt … files. Finally, we locate 936 Android apps with source code in Github and have readmefiles … statements. First, we use a tool named srcML, which is a lightweight static analysistool [10], to transform the source code into a single xml file … 

         Title Enhancing developer interactions with programming screencasts through accurate code extraction
           URL http://scholar.google.com/https://dl.acm.org/doi/abs/10.1145/3368089.3417925
          Year 2020
     Citations 0
      Versions 2
 Versions list http://scholar.google.com/scholar?cluster=5288008853145958657&hl=en&as_sdt=0,5
       Excerpt … Demo video: https://youtu.be/Ju1JC78NEb8 Replication Package: https://github.com/baolingfeng/PSC2CODE … 3https://developers.google.com/youtube/v3/ 4The whole datasetcan be found: https://github.com/baolingfeng/psc2code 1583 Page 4 … 

         Title Enhancing developer interactions with programming screencasts through accurate code extraction.(2020)
           URL http://scholar.google.com/https://ink.library.smu.edu.sg/cgi/viewcontent.cgi?article=6635&context=sis_research
     Citations 0
      Versions 0
       Excerpt … Demo video: https://youtu.be/Ju1JC78NEb8 Replication Package: https://github.com/baolingfeng/PSC2CODE … 3https://developers.google.com/youtube/v3/ 4The whole datasetcan be found: https://github.com/baolingfeng/psc2code 1583 Page 6 … 

         Title How does Working from Home Affect Developer Productivity?--A Case Study of Baidu During COVID-19 Pandemic
           URL http://scholar.google.com/https://arxiv.org/abs/2005.13167
          Year 2005
     Citations 16
      Versions 2
    Cluster ID 6184350273942204031
Citations list http://scholar.google.com/scholar?cites=6184350273942204031&as_sdt=2005&sciodt=0,5&hl=en
 Versions list http://scholar.google.com/scholar?cluster=6184350273942204031&hl=en&as_sdt=0,5
       Excerpt … WFH is also adopted by many IT companies, for instance, a re- cent mentioned that Twitterannounced staff can continue working from home permanently 2. Developers can perform theirdaily tasks (eg, writing code, debugging, build projects, and code review) as usual by … 

         Title How Android app developers manage power consumption? An empirical study by mining power management commits.(2016)
           URL http://scholar.google.com/https://core.ac.uk/download/pdf/111756849.pdf
          Year 2016
     Citations 0
      Versions 2
      PDF link http://scholar.google.com/https://core.ac.uk/download/pdf/111756849.pdf
 Versions list http://scholar.google.com/scholar?cluster=6054107148148336832&hl=en&as_sdt=0,5
       Excerpt … 2.2.2 Manual Checking We manually check each of the filtered commits through the interfaceprovided by Github which greatly increases the readability of a … These commits match the regularexpression “*power*”which we use, and we exclude them after a manual checking step … 

         Title What do developers search for on the web?
           URL http://scholar.google.com/https://link.springer.com/article/10.1007/s10664-017-9514-4
          Year 2017
     Citations 94
      Versions 9
    Cluster ID 9583448566443428100
Citations list http://scholar.google.com/scholar?cites=9583448566443428100&as_sdt=2005&sciodt=0,5&hl=en
 Versions list http://scholar.google.com/scholar?cluster=9583448566443428100&hl=en&as_sdt=0,5
       Excerpt … We then surveyed 235 software engineers across the globe (ie, 21 countries) whoworked in various small to large companies and organizations (including: Microsoft,Alibaba, and Baidu.) or were among the top contributors in GitHub … 

         Title Mining sandboxes: Are we there yet?
           URL http://scholar.google.com/https://ieeexplore.ieee.org/abstract/document/8330231/
          Year 2018
     Citations 11
      Versions 3
    Cluster ID 16533271168843801039
Citations list http://scholar.google.com/scholar?cites=16533271168843801039&as_sdt=2005&sciodt=0,5&hl=en
 Versions list http://scholar.google.com/scholar?cluster=16533271168843801039&hl=en&as_sdt=0,5
       Excerpt … We download the source codes of Droidmate5 and Droidbot6 from their GitHub repositories theninstalled them according to instructions included in the repositories … 5https://github.com/konrad-jamrozik/droidmate 6https://github.com/honeynet/droidbot 448 Page 5 … 

         Title On reliability of patch correctness assessment
           URL http://scholar.google.com/https://ieeexplore.ieee.org/abstract/document/8812054/
          Year 2019
     Citations 26
      Versions 9
    Cluster ID 4285036284546549026
Citations list http://scholar.google.com/scholar?cites=4285036284546549026&as_sdt=2005&sciodt=0,5&hl=en
 Versions list http://scholar.google.com/scholar?cluster=4285036284546549026&hl=en&as_sdt=0,5
       Excerpt … We also provide additional resources including full source code files that are repairedby the patch, link to the GITHUB repository of the project, outputs when executingfailing test cases, and source code of the failing test cases … 

         Title Combining word embedding with information retrieval to recommend similar bug reports
           URL http://scholar.google.com/https://ieeexplore.ieee.org/abstract/document/7774514/
          Year 2016
     Citations 76
      Versions 4
    Cluster ID 1119979413611548163
Citations list http://scholar.google.com/scholar?cites=1119979413611548163&as_sdt=2005&sciodt=0,5&hl=en
 Versions list http://scholar.google.com/scholar?cluster=1119979413611548163&hl=en&as_sdt=0,5
       Excerpt … B. Building Ground Truth To build the ground truth, we also collect in total 3,838,708 commitlogs of Eclipse and Mozilla from Github. Generally, a commit log contains a message describingwhich bug the commit is aimed to fix and a list of committed files … 

         Title Trunk-like Soft Actuator: Design, Modeling, and Experiments.
           URL http://scholar.google.com/https://www.researchgate.net/profile/Guanjun_Bao/publication/334399801_Trunk-like_Soft_Actuator_Design_Modeling_and_Experiments/links/5d3392ee92851cd04678aaa4/Trunk-like-Soft-Actuator-Design-Modeling-and-Experiments.pdf
          Year 2020
     Citations 1
      Versions 2
    Cluster ID 15421291080527315663
      PDF link http://scholar.google.com/https://www.researchgate.net/profile/Guanjun_Bao/publication/334399801_Trunk-like_Soft_Actuator_Design_Modeling_and_Experiments/links/5d3392ee92851cd04678aaa4/Trunk-like-Soft-Actuator-Design-Modeling-and-Experiments.pdf
Citations list http://scholar.google.com/scholar?cites=15421291080527315663&as_sdt=2005&sciodt=0,5&hl=en
 Versions list http://scholar.google.com/scholar?cluster=15421291080527315663&hl=en&as_sdt=0,5
       Excerpt … 5 Fig. 5. Static analysis of the free end of trunk-like soft actuator. Fig. 6. Cross-section schemeof trunk-like soft actuator. 3. Modeling 3.1. Elongation Static analysis of the free end of trunk-likesoft actuator is shown in Fig. 5. The force equilibrium can be written as: F = 4 ∑ … 

         Title Measuring program comprehension: A large-scale field study with professionals
           URL http://scholar.google.com/https://ieeexplore.ieee.org/abstract/document/7997917/
          Year 2017
     Citations 74
      Versions 11
    Cluster ID 9993085246166845563
Citations list http://scholar.google.com/scholar?cites=9993085246166845563&as_sdt=2005&sciodt=0,5&hl=en
 Versions list http://scholar.google.com/scholar?cluster=9993085246166845563&hl=en&as_sdt=0,5
       Excerpt Page 1. Measuring Program Comprehension: A Large-Scale Field Study withProfessionals XinXia ,LingfengBao,DavidLo ,ZhenchangXing,AhmedE.Hassan,andShanpingLi Abstract—During software development and maintenance … 

         Title psc2code: Denoising Code Extraction from Programming Screencasts
           URL http://scholar.google.com/https://dl.acm.org/doi/abs/10.1145/3392093
          Year 2020
     Citations 5
      Versions 3
    Cluster ID 10288283697810801284
Citations list http://scholar.google.com/scholar?cites=10288283697810801284&as_sdt=2005&sciodt=0,5&hl=en
 Versions list http://scholar.google.com/scholar?cluster=10288283697810801284&hl=en&as_sdt=0,5
       Excerpt … the OCRed text. First, we use the top 300 starred Github Java projects to build aunigram language model and a line structure model, which captures frequent linestructures permitted by the grammar of the language. We build … 

         Title Extracting and analyzing time-series HCI data from screen-captured task videos
           URL http://scholar.google.com/https://link.springer.com/content/pdf/10.1007/s10664-015-9417-1.pdf
          Year 2017
     Citations 31
      Versions 4
    Cluster ID 5492287082405463065
      PDF link http://scholar.google.com/https://link.springer.com/content/pdf/10.1007/s10664-015-9417-1.pdf
Citations list http://scholar.google.com/scholar?cites=5492287082405463065&as_sdt=2005&sciodt=0,5&hl=en
 Versions list http://scholar.google.com/scholar?cluster=5492287082405463065&hl=en&as_sdt=0,5
       Excerpt Page 1. Empir Software Eng (2017) 22:134–174 DOI 10.1007/s10664-015-9417-1Extracting and analyzing time-series HCI data from screen-captured task videos LingfengBao1 ·Jing Li2 ·Zhenchang Xing2 · Xinyu Wang1 ·Xin Xia1 ·Bo Zhou1 … 

         Title Vt-revolution: Interactive programming video tutorial authoring and watching system
           URL http://scholar.google.com/https://ieeexplore.ieee.org/abstract/document/8283605/
          Year 2018
     Citations 15
      Versions 4
    Cluster ID 5801915157086496428
Citations list http://scholar.google.com/scholar?cites=5801915157086496428&as_sdt=2005&sciodt=0,5&hl=en
 Versions list http://scholar.google.com/scholar?cluster=5801915157086496428&hl=en&as_sdt=0,5
       Excerpt … 6. https://code.google.com/p/java-diff-utils/ 7. https://github.com/javaparser/javaparser 8.http://www.codase.com/ 9. http://www.krugle.com/ BAO ET AL.: VT-REVOLUTION: INTERACTIVEPROGRAMMING VIDEO TUTORIAL AUTHORING AND WATCHING SYSTEM 827 Page 6 … 

         Title APIReal: an API recognition and linking approach for online developer forums
           URL http://scholar.google.com/https://link.springer.com/article/10.1007/s10664-018-9608-7
          Year 2018
     Citations 8
      Versions 3
    Cluster ID 1319291905091832124
Citations list http://scholar.google.com/scholar?cites=1319291905091832124&as_sdt=2005&sciodt=0,5&hl=en
 Versions list http://scholar.google.com/scholar?cluster=1319291905091832124&hl=en&as_sdt=0,5
       Excerpt When discussing programming issues on social platforms (eg, Stack Overflow, Twitter),developers often mention APIs in natural language texts. Extracting.

         Title Mining sandboxes: Are we there yet?.(2018)
           URL http://scholar.google.com/https://core.ac.uk/download/pdf/200254312.pdf
          Year 2018
     Citations 0
      Versions 0
      PDF link http://scholar.google.com/https://core.ac.uk/download/pdf/200254312.pdf
       Excerpt … We download the source codes of Droidmate5 and Droidbot6 from their GitHub repositories theninstalled them according to instructions included in the repositories … 5https://github.com/konrad-jamrozik/droidmate 6https://github.com/honeynet/droidbot 448 Page 6 … 

