[query] http://scholar.google.com/scholar?as_q=&as_epq=%22findbugs%22%20OR%20%22spotbugs%22%20OR%20%22code%20review%22%20OR%20%22static%20analysis%22%20OR%20%22regex%22%20OR%20%22regular%20expression%22%20OR%20%22github%22%20OR%20%22pull%20requests%22&as_oq=&as_eq=&as_occt=any&as_sauthors=Marie%20Platenius-Mohr&as_publication=&as_ylo=&as_yhi=&as_vis=0&btnG=&hl=en&num=80&as_sdt=0%2C5
         Title File-and API-based interoperability of digital twins by model transformation: An IIoT case study using asset administration shell
           URL http://scholar.google.com/https://www.sciencedirect.com/science/article/pii/S0167739X20302600
          Year 2020
     Citations 5
      Versions 2
    Cluster ID 1891281968454242907
Citations list http://scholar.google.com/scholar?cites=1891281968454242907&as_sdt=2005&sciodt=0,5&hl=en
 Versions list http://scholar.google.com/scholar?cluster=1891281968454242907&hl=en&as_sdt=0,5
       Excerpt JavaScript is disabled on your browser. Please enable JavaScript to use allthe features on this page. Skip to main content Skip to article … 

         Title A classification framework for automated control code generation in industrial automation
           URL http://scholar.google.com/https://www.sciencedirect.com/science/article/pii/S016412122030056X
          Year 2020
     Citations 3
      Versions 3
    Cluster ID 14731529646972746826
Citations list http://scholar.google.com/scholar?cites=14731529646972746826&as_sdt=2005&sciodt=0,5&hl=en
 Versions list http://scholar.google.com/scholar?cluster=14731529646972746826&hl=en&as_sdt=0,5
       Excerpt JavaScript is disabled on your browser. Please enable JavaScript to use allthe features on this page. Skip to main content Skip to article … 

         Title OpenPnP: A plug-and-produce architecture for the industrial Internet of Things
           URL http://scholar.google.com/https://ieeexplore.ieee.org/abstract/document/8804425/
          Year 2019
     Citations 3
      Versions 6
    Cluster ID 811415612756700669
Citations list http://scholar.google.com/scholar?cites=811415612756700669&as_sdt=2005&sciodt=0,5&hl=en
 Versions list http://scholar.google.com/scholar?cluster=811415612756700669&hl=en&as_sdt=0,5
       Excerpt Page 1. OpenPnP: Plug-and-Produce Architecture for the Industrial Internet of ThingsHeiko Koziolek ∗ , Andreas Burger ∗ , Marie Platenius-Mohr ∗ , Julius Rückert ∗and Gösta Stomberg † ∗ ABB Corporate Research Center … 

         Title Rule-based code generation in industrial automation: four large-scale case studies applying the CAYENNE method
           URL http://scholar.google.com/https://dl.acm.org/doi/abs/10.1145/3377813.3381354
          Year 2020
     Citations 1
      Versions 4
    Cluster ID 12008030829851131275
Citations list http://scholar.google.com/scholar?cites=12008030829851131275&as_sdt=2005&sciodt=0,5&hl=en
 Versions list http://scholar.google.com/scholar?cluster=12008030829851131275&hl=en&as_sdt=0,5
       Excerpt Page 1. Rule-based Code Generation in Industrial Automation: Four Large-scale CaseStudies applying the CAYENNE Method Heiko Koziolek, Andreas Burger, MariePlatenius-Mohr, Julius Rückert, Hadil Abukwaik heiko.koziolek … 

