[query] http://scholar.google.com/scholar?as_q=&as_epq=%22findbugs%22%20OR%20%22spotbugs%22%20OR%20%22code%20review%22%20OR%20%22static%20analysis%22%20OR%20%22regex%22%20OR%20%22regular%20expression%22%20OR%20%22github%22%20OR%20%22pull%20requests%22&as_oq=&as_eq=&as_occt=any&as_sauthors=Marianne%20Huchard&as_publication=&as_ylo=&as_yhi=&as_vis=0&btnG=&hl=en&num=80&as_sdt=0%2C5
         Title Exploring the Variability of Interconnected Product Families with Relational Concept Analysis
           URL http://scholar.google.com/https://dl.acm.org/doi/abs/10.1145/3307630.3342407
          Year 2019
     Citations 0
      Versions 0
       Excerpt … 1E.g. comparisons on software systems: https://en.wikipedia.org/wiki/Category: Soft-ware_comparisons, last accessed in March 2019 2https://github.com/OpenCompare3https://www.jhipster.tech/ 4https://github.com/but4reuse/RobocodeSPL_teaching … 

         Title Re-documenting software architecture histories
           URL http://www.lgi2p.mines-ales.fr/~urtado/Slides/RR_19_01.pdf#page=50
          Year 2019
     Citations 0
      Versions 3
 Versions list http://scholar.google.com/scholar?cluster=6268874166662311654&hl=en&as_sdt=0,5
       Excerpt … Another im- portant aspect of software documentation, relates to the way conceptsare ver- sioned. Indeed, in many approaches and actual version control systemssuch as Github, files are versioned in an agnostic manner. This … 

         Title Feature location in a collection of software product variants using formal concept analysis
           URL http://scholar.google.com/https://link.springer.com/chapter/10.1007/978-3-642-38977-1_22
          Year 2013
     Citations 45
      Versions 6
    Cluster ID 14298789579944640378
Citations list http://scholar.google.com/scholar?cites=14298789579944640378&as_sdt=2005&sciodt=0,5&hl=en
 Versions list http://scholar.google.com/scholar?cluster=14298789579944640378&hl=en&as_sdt=0,5
       Excerpt … This section provides main concepts and hypotheses used in our approach. 3.1 Goal and CoreAssumptions The general objective of our work is to identify a feature model for a collec- tionof software product variants based on the static analysis of their source code … 

         Title Towards complex product line variability modelling: Mining relationships from non-boolean descriptions
           URL http://scholar.google.com/https://www.sciencedirect.com/science/article/pii/S0164121219301311
          Year 2019
     Citations 4
      Versions 7
    Cluster ID 11449476373841160779
Citations list http://scholar.google.com/scholar?cites=11449476373841160779&as_sdt=2005&sciodt=0,5&hl=en
 Versions list http://scholar.google.com/scholar?cluster=11449476373841160779&hl=en&as_sdt=0,5
       Excerpt JavaScript is disabled on your browser. Please enable JavaScript to use allthe features on this page. Skip to main content Skip to article … 

         Title Mining features from the object-oriented source code of a collection of software variants using formal concept analysis and latent semantic indexing
           URL http://scholar.google.com/https://hal-lirmm.ccsd.cnrs.fr/lirmm-00824184/
          Year 2013
     Citations 34
      Versions 3
    Cluster ID 12318841838047565336
Citations list http://scholar.google.com/scholar?cites=12318841838047565336&as_sdt=2005&sciodt=0,5&hl=en
 Versions list http://scholar.google.com/scholar?cluster=12318841838047565336&hl=en&as_sdt=0,5
       Excerpt … 3.1 Goal and Core Assumptions The general objective of our work is to mine the feature modelof a collection of software product variants based on the static analysis of their source code. Miningcom- mon and variable features is a first necessary step towards this objective … 

         Title ASE'18
           URL http://scholar.google.com/https://art.torvergata.it/retrieve/handle/2108/202907/398881/ACM-ASE%202018-Frontmatter.pdf
          Year 2018
     Citations 0
      Versions 4
      PDF link http://scholar.google.com/https://art.torvergata.it/retrieve/handle/2108/202907/398881/ACM-ASE%202018-Frontmatter.pdf
 Versions list http://scholar.google.com/scholar?cluster=13836493436642517016&hl=en&as_sdt=0,5
       Excerpt … 214 Security ReScue: Cra ing Regular Expression DoS A acks Yuju Shen, YanyanJiang, Chang Xu, Ping Yu, Xiaoxing Ma, and Jian Lu — Nanjing University, China . . . . .225 … 305 Static Analysis How Many of All Bugs Do We Find … 

         Title Precalculating component interface compatibility using FCA
           URL http://scholar.google.com/https://hal-lirmm.ccsd.cnrs.fr/lirmm-00183378/
          Year 2007
     Citations 9
      Versions 14
    Cluster ID 12695061277395519818
Citations list http://scholar.google.com/scholar?cites=12695061277395519818&as_sdt=2005&sciodt=0,5&hl=en
 Versions list http://scholar.google.com/scholar?cluster=12695061277395519818&hl=en&as_sdt=0,5
       Excerpt … This substitutability is possible under some suf- ficient conditions on types relative totheir operations: the run-time type error that static analysis wants to avoid is the receptionby an object of an operation request that it cannot deal with … 

         Title Dealing with Large Volumes of Complex Relational Data using RCA
           URL http://scholar.google.com/https://www.hdigitag.fr/wp-content/uploads/Dealing-with-Large-Volumes-of-Complex-Relational-Data-using-RCA-1.pdf
     Citations 0
      Versions 2
      PDF link http://scholar.google.com/https://www.hdigitag.fr/wp-content/uploads/Dealing-with-Large-Volumes-of-Complex-Relational-Data-using-RCA-1.pdf
 Versions list http://scholar.google.com/scholar?cluster=12082768865034836371&hl=en&as_sdt=0,5
       Excerpt Page 1. Dealing with Large Volumes of Complex Relational Data using RCAAgn`es Braud, Xavier Dolques, Alain Gutierrez, Marianne Huchard, Priscilla Keip,Florence Le Ber, Pierre Martin, Cristina Nica and Pierre Silvie Abstract … 

         Title Component-based architecture recovery from object oriented systems via relational concept analysis
           URL http://scholar.google.com/https://hal-lirmm.ccsd.cnrs.fr/lirmm-00531804/
          Year 2010
     Citations 14
      Versions 3
    Cluster ID 11594035988626611446
Citations list http://scholar.google.com/scholar?cites=11594035988626611446&as_sdt=2005&sciodt=0,5&hl=en
 Versions list http://scholar.google.com/scholar?cluster=11594035988626611446&hl=en&as_sdt=0,5
       Excerpt … The weight of these edges is the value of the strength of the dependency it represents. TheDependency graph is obtained from the extracted dependencies with static analysis of thesource-code. The graph is then encoded into RCF (Relational Context Family) (cf … 

         Title A language to bridge the gap between component-based design and implementation
           URL http://scholar.google.com/https://www.sciencedirect.com/science/article/pii/S1477842411000339
          Year 2012
     Citations 18
      Versions 10
    Cluster ID 12270069268723330359
Citations list http://scholar.google.com/scholar?cites=12270069268723330359&as_sdt=2005&sciodt=0,5&hl=en
 Versions list http://scholar.google.com/scholar?cluster=12270069268723330359&hl=en&as_sdt=0,5
       Excerpt … But this solution then requires static analysis and validation of the data flow which restrictsthe run-time possibilities. A better solution is to add a mechanism that prevents communicationviolations by construction to avoid checking it. 3.5. Uniformity … 

         Title Selection of composable web services driven by user requirements
           URL http://scholar.google.com/https://ieeexplore.ieee.org/abstract/document/6009362/
          Year 2011
     Citations 45
      Versions 18
    Cluster ID 1855164201058724970
Citations list http://scholar.google.com/scholar?cites=1855164201058724970&as_sdt=2005&sciodt=0,5&hl=en
 Versions list http://scholar.google.com/scholar?cluster=1855164201058724970&hl=en&as_sdt=0,5
       Excerpt … In [11], Lécue et al. present a method which combines semantic and static analysis of mes- sagesin semantic Web services. Data types (XML schemas) and semantic description (domainontologies and SA-WSDL specifications) of parameters are used to deduce mappings … 

         Title Feature models pour l'acquisition des préférences d'un utilisateur en situation de déficience visuelle
           URL http://scholar.google.com/https://hal-lirmm.ccsd.cnrs.fr/lirmm-01583197/
          Year 2017
     Citations 0
      Versions 2
 Versions list http://scholar.google.com/scholar?cluster=4183268687414430665&hl=en&as_sdt=0,5
       Excerpt … Références [1] Mathieu Acher. familiar-documentation. https://github.com/FAMILIAR-project/familiar-documentation, 2016. [2] Mathieu Acher, Philippe Collet, Philippe Lahire, and RobertB. France. Comparing approaches to implement feature model composition … 

         Title QoS-Driven Selection of Composable Web Services
           URL http://scholar.google.com/https://hal-lirmm.ccsd.cnrs.fr/lirmm-00565357/
          Year 2010
     Citations 2
      Versions 10
    Cluster ID 15259575458991698948
Citations list http://scholar.google.com/scholar?cites=15259575458991698948&as_sdt=2005&sciodt=0,5&hl=en
 Versions list http://scholar.google.com/scholar?cluster=15259575458991698948&hl=en&as_sdt=0,5
       Excerpt … Page 13. Fig. 7. The RCL corresponding to the services listed in Table 2. ity andefficiency (response time). In [11], the authors present a method which combinessemantic and static analysis of messages in semantic Web services … 

