[query] http://scholar.google.com/scholar?as_q=&as_epq=%22findbugs%22%20OR%20%22spotbugs%22%20OR%20%22code%20review%22%20OR%20%22static%20analysis%22%20OR%20%22regex%22%20OR%20%22regular%20expression%22%20OR%20%22github%22%20OR%20%22pull%20requests%22&as_oq=&as_eq=&as_occt=any&as_sauthors=Mario%20Linares-V%C3%A1squez&as_publication=&as_ylo=&as_yhi=&as_vis=0&btnG=&hl=en&num=80&as_sdt=0%2C5
         Title License usage and changes: a large-scale study of java projects on github
           URL http://scholar.google.com/https://ieeexplore.ieee.org/abstract/document/7181450/
          Year 2015
     Citations 46
      Versions 14
    Cluster ID 13548549657561090047
Citations list http://scholar.google.com/scholar?cites=13548549657561090047&as_sdt=2005&sciodt=0,5&hl=en
 Versions list http://scholar.google.com/scholar?cluster=13548549657561090047&hl=en&as_sdt=0,5
       Excerpt … be queried from the repository using Git commands, the latter have been extracted by buildinga web crawler collecting the information present in all issue trackers on GitHub of the … However,a subset of project's had a bug where their issue tracker redirected to pull-requests) … 

         Title License usage and changes: a large-scale study on gitHub
           URL http://scholar.google.com/https://link.springer.com/article/10.1007/s10664-016-9438-4
          Year 2017
     Citations 27
      Versions 7
    Cluster ID 6467686720847834268
Citations list http://scholar.google.com/scholar?cites=6467686720847834268&as_sdt=2005&sciodt=0,5&hl=en
 Versions list http://scholar.google.com/scholar?cluster=6467686720847834268&hl=en&as_sdt=0,5
       Excerpt … License usage and changes: a large-scale study on gitHub. Download PDF. Download PDF.Published: 06 June 2016. License usage and changes: a large-scale study on gitHub … First, weperform a quantitative analysis conducted on 16,221 Java projects hosted on GitHub … 

         Title Software documentation issues unveiled
           URL http://scholar.google.com/https://ieeexplore.ieee.org/abstract/document/8811931/
          Year 2019
     Citations 38
      Versions 6
    Cluster ID 15088294961993187442
Citations list http://scholar.google.com/scholar?cites=15088294961993187442&as_sdt=2005&sciodt=0,5&hl=en
 Versions list http://scholar.google.com/scholar?cluster=15088294961993187442&hl=en&as_sdt=0,5
       Excerpt … For each of them, we kept the question, the two top-scored answers and the accepted answer(if any). GitHub Issues and Pull Requests. We downloaded the GitHub Archive [57] containingevery public GitHub event occurring between January 2015 and April 2018 … 

         Title A comprehensive model for code readability
           URL http://scholar.google.com/https://onlinelibrary.wiley.com/doi/abs/10.1002/smr.1958
          Year 2018
     Citations 34
      Versions 3
    Cluster ID 10507770554822842783
Citations list http://scholar.google.com/scholar?cites=10507770554822842783&as_sdt=2005&sciodt=0,5&hl=en
 Versions list http://scholar.google.com/scholar?cluster=10507770554822842783&hl=en&as_sdt=0,5
       Excerpt … more than 5000 participants. We also replicated the study performed by Buse andWeimer,8 in which the authors correlated the readability with the warnings raisedby FindBugs, a static analysis tool. Our hypothesis is that, if … 

         Title Automatically documenting unit test cases
           URL http://scholar.google.com/https://ieeexplore.ieee.org/abstract/document/7515485/
          Year 2016
     Citations 41
      Versions 10
    Cluster ID 944912797579534679
Citations list http://scholar.google.com/scholar?cites=944912797579534679&as_sdt=2005&sciodt=0,5&hl=en
 Versions list http://scholar.google.com/scholar?cluster=944912797579534679&hl=en&as_sdt=0,5
       Excerpt … UnitTestScribe is a novel combination of static analysis, natural language processing, backwardslicing, and code … We identified all of the C# projects on GitHub through GitHub's public API [1 …project and sorted the unique email addresses that followed a regex format validation ˆ … 

         Title Fusion: A tool for facilitating and augmenting android bug reporting
           URL http://scholar.google.com/https://ieeexplore.ieee.org/abstract/document/7883352/
          Year 2016
     Citations 22
      Versions 7
    Cluster ID 8878139863878359619
Citations list http://scholar.google.com/scholar?cites=8878139863878359619&as_sdt=2005&sciodt=0,5&hl=en
 Versions list http://scholar.google.com/scholar?cluster=8878139863878359619&hl=en&as_sdt=0,5
       Excerpt … However, current bug tracking systems such as Bugzilla [3], Mantis [10], the Google Code IssueTracker [7], the GitHub Issue Tracker [6], and commercial solutions such as JIRA [9] rely mostlyon unstructured natural … 2.1.1 Static Analysis The goal of the Static App Analyzer (Fig … 

         Title When and why developers adopt and change software licenses
           URL http://scholar.google.com/https://ieeexplore.ieee.org/abstract/document/7332449/
          Year 2015
     Citations 34
      Versions 12
    Cluster ID 11367753962130479003
Citations list http://scholar.google.com/scholar?cites=11367753962130479003&as_sdt=2005&sciodt=0,5&hl=en
 Versions list http://scholar.google.com/scholar?cluster=11367753962130479003&hl=en&as_sdt=0,5
       Excerpt … Additionally, we explore the licensing-related problems that developers experiencedand expectations they have for licensing support from forges (eg, GitHub) … SinceGitHub has been 36 Page 7. TABLE III SURVEY RESULTS … 

         Title Mutode: generic JavaScript and Node. js mutation testing tool
           URL http://scholar.google.com/https://dl.acm.org/doi/abs/10.1145/3213846.3229504
          Year 2018
     Citations 8
      Versions 2
    Cluster ID 7481830344064043292
Citations list http://scholar.google.com/scholar?cites=7481830344064043292&as_sdt=2005&sciodt=0,5&hl=en
 Versions list http://scholar.google.com/scholar?cluster=7481830344064043292&hl=en&as_sdt=0,5
       Excerpt … Besides the initial work 4 years ago, no work or maintenance has been done to the librarysince. There is also a lack of documentation in its GitHub repository and instructions onhow to use it … An open source frame- work available at GitHub … 

         Title MutAPK 2.0: a tool for reducing mutation testing effort of Android apps
           URL http://scholar.google.com/https://dl.acm.org/doi/abs/10.1145/3368089.3417942
          Year 2020
     Citations 0
      Versions 0
       Excerpt … duplicate mutants. MutAPK 2.0 is publicly available at GitHub: https://bit.ly/2KYvgP9 VIDEO:https://bit.ly/2WOjiyy CCS CONCEPTS … droid apps. MutAPK 2.0 is open sourced and publiclyavailable at GitHub: https://bit.ly/2KYvgP9. The MutAPK … 

         Title Mining android app usages for generating actionable gui-based execution scenarios
           URL http://scholar.google.com/https://ieeexplore.ieee.org/abstract/document/7180072/
          Year 2015
     Citations 98
      Versions 12
    Cluster ID 4922942532419234097
Citations list http://scholar.google.com/scholar?cites=4922942532419234097&as_sdt=2005&sciodt=0,5&hl=en
 Versions list http://scholar.google.com/scholar?cluster=4922942532419234097&hl=en&as_sdt=0,5
       Excerpt … Furthermore, our intuition is that the models mined from execution (event) traces can beaugmented with static analysis information to include unseen but feasible events … 1-b) uses staticanalysis to extract from the app source code a list of feasible GUI events … 

         Title Kraken-Mobile: Cross-Device Interaction-Based Testing of Android Apps
           URL http://scholar.google.com/https://ieeexplore.ieee.org/abstract/document/8918941/
          Year 2019
     Citations 1
      Versions 2
    Cluster ID 15335387716064045322
Citations list http://scholar.google.com/scholar?cites=15335387716064045322&as_sdt=2005&sciodt=0,5&hl=en
 Versions list http://scholar.google.com/scholar?cluster=15335387716064045322&hl=en&as_sdt=0,5
       Excerpt … The proposed tool uses APKs as input along with tests scripts wrote using the Gherkin syntax.Kraken is publicly available on GitHub (https://bit.ly/2Xjd4Gq) … publicly available on GitHub(https://bit.ly/2Xjd4Gq) and as a ruby gem with the package name kraken-mobile. II … 

         Title Crashscope: A practical tool for automated testing of android applications
           URL http://scholar.google.com/https://ieeexplore.ieee.org/abstract/document/7965246/
          Year 2017
     Citations 47
      Versions 9
    Cluster ID 5849808940958038292
Citations list http://scholar.google.com/scholar?cites=5849808940958038292&as_sdt=2005&sciodt=0,5&hl=en
 Versions list http://scholar.google.com/scholar?cluster=5849808940958038292&hl=en&as_sdt=0,5
       Excerpt … The first step the Execution Engine performs in the testing process is static analysis of thesubmitted app to identify contextual features (Figure 1- 1 ). To do this it either utilizes theuser-uploaded source code of the app, if it was provided, or attempts to decompile the app using … 

         Title How do developers document database usages in source code?(n)
           URL http://scholar.google.com/https://ieeexplore.ieee.org/abstract/document/7371993/
          Year 2015
     Citations 22
      Versions 14
    Cluster ID 18400359565445055397
Citations list http://scholar.google.com/scholar?cites=18400359565445055397&as_sdt=2005&sciodt=0,5&hl=en
 Versions list http://scholar.google.com/scholar?cluster=18400359565445055397&hl=en&as_sdt=0,5
       Excerpt … We used GitHub's public API [30] to extract all Java projects and locally clone them … We extractedthe devel- opers of each project and filtered their emails down to 12,887 by removing emailscontaining @(none) and @localhost as well as using a regular expression to enforce … 

         Title Mutapk: Source-codeless mutant generation for android apps
           URL http://scholar.google.com/https://ieeexplore.ieee.org/abstract/document/8952526/
          Year 2019
     Citations 2
      Versions 3
    Cluster ID 19322653301743737
Citations list http://scholar.google.com/scholar?cites=19322653301743737&as_sdt=2005&sciodt=0,5&hl=en
 Versions list http://scholar.google.com/scholar?cluster=19322653301743737&hl=en&as_sdt=0,5
       Excerpt … MutAPK is publicly available at GitHub: https://bit.ly/2KYvgP9 VIDEO: https://bit.ly/2WOjiyyIndex Terms—Mutation testing, closed-source apps, Android … MutAPK can be downloadedfrom its public repository at GitHub https://bit.ly/2KYvgP9. II … 

         Title OPIA: A Tool for On-Device Testing of Vulnerabilities in Android Applications
           URL http://scholar.google.com/https://ieeexplore.ieee.org/abstract/document/8918944/
          Year 2019
     Citations 2
      Versions 2
    Cluster ID 5217336740463021775
Citations list http://scholar.google.com/scholar?cites=5217336740463021775&as_sdt=2005&sciodt=0,5&hl=en
 Versions list http://scholar.google.com/scholar?cluster=5217336740463021775&hl=en&as_sdt=0,5
       Excerpt … OPIA is publicly available at GitHub … While significant progress has been made in the area ofsecurity test- ing, the available tools suffer of some noteworthy limitations: (i) previous approachesmostly rely on static analysis, which is a time-expensive, resource-expensive and … 

         Title On automatically generating commit messages via summarization of source code changes
           URL http://scholar.google.com/https://ieeexplore.ieee.org/abstract/document/6975661/
          Year 2014
     Citations 120
      Versions 10
    Cluster ID 7588451637342250224
Citations list http://scholar.google.com/scholar?cites=7588451637342250224&as_sdt=2005&sciodt=0,5&hl=en
 Versions list http://scholar.google.com/scholar?cluster=7588451637342250224&hl=en&as_sdt=0,5
       Excerpt … The context is 50 commits from six open source projects (ie, Elastic Search, Spring Social,JFreeChart, Apache Solr, Apache Felix, and Retrofit) hosted at GitHub, and written in Java … TableVI. JAVA PROJECTS HOSTED AT GITHUB AND USED IN THE STUDY … 

         Title How do developers test android applications?
           URL http://scholar.google.com/https://ieeexplore.ieee.org/abstract/document/8094467/
          Year 2017
     Citations 70
      Versions 4
    Cluster ID 16846501166078840730
Citations list http://scholar.google.com/scholar?cites=16846501166078840730&as_sdt=2005&sciodt=0,5&hl=en
 Versions list http://scholar.google.com/scholar?cluster=16846501166078840730&hl=en&as_sdt=0,5
       Excerpt … automated techniques to best meet these needs. Consequently, we aim to fill this“gap” in recent work by surveying contributors of open source Android apps hostedon GitHub. We are most interested in understanding testing … 

         Title Auto-completing bug reports for android applications
           URL http://scholar.google.com/https://dl.acm.org/doi/abs/10.1145/2786805.2786857
          Year 2015
     Citations 77
      Versions 6
    Cluster ID 2015871122808810472
Citations list http://scholar.google.com/scholar?cites=2015871122808810472&as_sdt=2005&sciodt=0,5&hl=en
 Versions list http://scholar.google.com/scholar?cluster=2015871122808810472&hl=en&as_sdt=0,5
       Excerpt … However, cur- rent bug tracking systems such as Bugzilla [3], Mantis [10], the Google Code IssueTracker [7], the GitHub Issue Tracker [6], and … This first phase has two major components: 1) staticanalysis (Primer), and 2) dynamic program analysis (Engine) of a target app … 

         Title Automated extraction of augmented models for Android apps
           URL http://scholar.google.com/https://ieeexplore.ieee.org/abstract/document/8530063/
          Year 2018
     Citations 6
      Versions 2
    Cluster ID 8117854415384663748
Citations list http://scholar.google.com/scholar?cites=8117854415384663748&as_sdt=2005&sciodt=0,5&hl=en
 Versions list http://scholar.google.com/scholar?cluster=8117854415384663748&hl=en&as_sdt=0,5
       Excerpt … The RIP GUI combines the ripping, interactive data collection, and static analysis, togenerate individual models and a multi-model like the one presented in Fig … Available:https://github.com/tasks/tasks [26] SM Tools, “Simple calendar.” [Online] … 

         Title Toward deep learning software repositories
           URL http://scholar.google.com/https://ieeexplore.ieee.org/abstract/document/7180092/
          Year 2015
     Citations 249
      Versions 11
    Cluster ID 123190306529193144
Citations list http://scholar.google.com/scholar?cites=123190306529193144&as_sdt=2005&sciodt=0,5&hl=en
 Versions list http://scholar.google.com/scholar?cluster=123190306529193144&hl=en&as_sdt=0,5
       Excerpt … A. Methodology and Data Collection To build the corpora for our study, we used the JFlexscanner generator [59], which was packaged with a full Java lexical analyzer, to tokenize thesource code in a repository of 16,221 Java projects cloned from GitHub … 

