[query] http://scholar.google.com/scholar?as_q=&as_epq=%22findbugs%22%20OR%20%22spotbugs%22%20OR%20%22code%20review%22%20OR%20%22static%20analysis%22%20OR%20%22regex%22%20OR%20%22regular%20expression%22%20OR%20%22github%22%20OR%20%22pull%20requests%22&as_oq=&as_eq=&as_occt=any&as_sauthors=Mattia%20Fazzini&as_publication=&as_ylo=&as_yhi=&as_vis=0&btnG=&hl=en&num=80&as_sdt=0%2C5
         Title Identifying features of android apps from execution traces
           URL http://scholar.google.com/https://ieeexplore.ieee.org/abstract/document/8816950/
          Year 2019
     Citations 3
      Versions 8
    Cluster ID 9767042522688221789
Citations list http://scholar.google.com/scholar?cites=9767042522688221789&as_sdt=2005&sciodt=0,5&hl=en
 Versions list http://scholar.google.com/scholar?cluster=9767042522688221789&hl=en&as_sdt=0,5
       Excerpt … 14, no. 3, pp. 130–137, 1980. [4] (2019, Jan.) K-9 mail. [Online]. Available: https://github.com/k9mail/ k-9/releases/tag/5.600 [5] (2019, Jan.) Wordpress. [Online]. Available: https://github.com/wordpress-mobile/WordPress-Android [6] (2019, Jan.) daily-money. [Online] … 

         Title Automatically translating bug reports into test cases for mobile apps
           URL http://scholar.google.com/https://dl.acm.org/doi/abs/10.1145/3213846.3213869
          Year 2018
     Citations 26
      Versions 8
    Cluster ID 6348588911012420703
Citations list http://scholar.google.com/scholar?cites=6348588911012420703&as_sdt=2005&sciodt=0,5&hl=en
 Versions list http://scholar.google.com/scholar?cluster=6348588911012420703&hl=en&as_sdt=0,5
       Excerpt … language into test cases. First, Yakusu combines static analysis and natural languageprocessing to extract, from a given bug report, a list of abstract steps describing howto reproduce the relevant failure. Then, Yakusu performs … 

         Title ANDROR2: A Dataset of Manually-Reproduced Bug Reports for Android apps
           URL http://www.ece.ubc.ca/~mjulia/publications/AndroR2_2021.pdf
     Citations 0
      Versions 0
      PDF link http://www.ece.ubc.ca/~mjulia/publications/AndroR2_2021.pdf
       Excerpt … This paper presents ANDROR2: a dataset of 90 manually reproduced bug reports for Androidapps listed on Google Play and hosted on GitHub, systematically collected via an in-depth analysisof 459 reports extracted from the GitHub issue tracker … GitHub Bug Reports Filtering … 

         Title A Framework for Automated Test Mocking of Mobile Apps
           URL http://scholar.google.com/https://ieeexplore.ieee.org/abstract/document/9286086/
          Year 2020
     Citations 0
      Versions 5
 Versions list http://scholar.google.com/scholar?cluster=6841930928626533421&hl=en&as_sdt=0,5
       Excerpt … To perform the study, we selected the 20 apps with the highest number of test mocks fromF-Droid [15] that are also available on GitHub [16] … 263–272. [15] (2020) F-droid. [Online].Available: https://f-droid.org [16] (2020, Jan.) Github. [Online] … 

         Title APIMigrator: an API-usage migration tool for Android apps
           URL http://scholar.google.com/https://dl.acm.org/doi/abs/10.1145/3387905.3388608
          Year 2020
     Citations 1
      Versions 5
    Cluster ID 4896207244988668765
Citations list http://scholar.google.com/scholar?cites=4896207244988668765&as_sdt=2005&sciodt=0,5&hl=en
 Versions list http://scholar.google.com/scholar?cluster=4896207244988668765&hl=en&as_sdt=0,5
       Excerpt … To this end, the technique analyzes various app repositories (repos, in short) that are publiclyavailable in a code-hosting infrastructure (eg, GitHub [5]). For each API usage that requiresmigration, the approach quickly searches for code bases that could contain migration … 

         Title Viewpoints: differential string analysis for discovering client-and server-side input validation inconsistencies
           URL http://scholar.google.com/https://dl.acm.org/doi/abs/10.1145/2338965.2336760
          Year 2012
     Citations 28
      Versions 11
    Cluster ID 2177375109942206588
Citations list http://scholar.google.com/scholar?cites=2177375109942206588&as_sdt=2005&sciodt=0,5&hl=en
 Versions list http://scholar.google.com/scholar?cluster=2177375109942206588&hl=en&as_sdt=0,5
       Excerpt … characters. If the email address does not match the first regular expression and matchesthe second one, this function returns true, indicating acceptance of the email address(line 12), and the form data is sent to the server. Otherwise … 

         Title Automated cross-platform inconsistency detection for mobile apps
           URL http://scholar.google.com/https://ieeexplore.ieee.org/abstract/document/8115644/
          Year 2017
     Citations 27
      Versions 7
    Cluster ID 3077754272981454216
Citations list http://scholar.google.com/scholar?cites=3077754272981454216&as_sdt=2005&sciodt=0,5&hl=en
 Versions list http://scholar.google.com/scholar?cluster=3077754272981454216&hl=en&as_sdt=0,5
       Excerpt Page 1. Automated Cross-Platform Inconsistency Detection for Mobile Apps MattiaFazzini Georgia Institute of Technology, USA mfazzini@cc.gatech.edu AlessandroOrso Georgia Institute of Technology, USA orso@cc.gatech.edu … 

         Title Automated API-usage update for Android apps
           URL http://scholar.google.com/https://dl.acm.org/doi/abs/10.1145/3293882.3330571
          Year 2019
     Citations 25
      Versions 8
    Cluster ID 12084989581880364328
Citations list http://scholar.google.com/scholar?cites=12084989581880364328&as_sdt=2005&sciodt=0,5&hl=en
 Versions list http://scholar.google.com/scholar?cluster=12084989581880364328&hl=en&as_sdt=0,5
       Excerpt Page 1. Automated API-Usage Update for Android Apps Mattia Fazzini Georgia Instituteof Technology Atlanta, GA, USA mfazzini@cc.gatech.edu Qi Xin Georgia Institute ofTechnology Atlanta, GA, USA qxin6@gatech.edu Alessandro … 

         Title Barista: A technique for recording, encoding, and running platform independent android tests
           URL http://scholar.google.com/https://ieeexplore.ieee.org/abstract/document/7927971/
          Year 2017
     Citations 44
      Versions 5
    Cluster ID 13917858274429800674
Citations list http://scholar.google.com/scholar?cites=13917858274429800674&as_sdt=2005&sciodt=0,5&hl=en
 Versions list http://scholar.google.com/scholar?cluster=13917858274429800674&hl=en&as_sdt=0,5
       Excerpt Page 1. Barista: A Technique for Recording, Encoding, and Running PlatformIndependent Android Tests Mattia Fazzini*, Eduardo Noronha de A. Freitas†, ShauvikRoy Choudhary*and Alessandro Orso* *Georgia Institute of … 

         Title Enabling refinable cross-host attack investigation with efficient data flow tagging and tracking
           URL http://scholar.google.com/https://www.usenix.org/conference/usenixsecurity18/presentation/jia-yang
          Year 2018
     Citations 20
      Versions 9
    Cluster ID 17128965901671052229
Citations list http://scholar.google.com/scholar?cites=17128965901671052229&as_sdt=2005&sciodt=0,5&hl=en
 Versions list http://scholar.google.com/scholar?cluster=17128965901671052229&hl=en&as_sdt=0,5
       Excerpt Page 1. Open access to the Proceedings of the 27th USENIX Security Symposiumis sponsored by USENIX. Enabling Refinable Cross-Host Attack Investigation withEfficient Data Flow Tagging and Tracking Yang Ji, Sangho … 

         Title Autocsp: Automatically retrofitting CSP to web applications
           URL http://scholar.google.com/https://ieeexplore.ieee.org/abstract/document/7194586/
          Year 2015
     Citations 25
      Versions 10
    Cluster ID 9644596621174166535
Citations list http://scholar.google.com/scholar?cites=9644596621174166535&as_sdt=2005&sciodt=0,5&hl=en
 Versions list http://scholar.google.com/scholar?cluster=9644596621174166535&hl=en&as_sdt=0,5
       Excerpt … and offers comprehensive protection against XSS attacks. In fact, the popularity ofCSP is increasing, and com- panies such as Facebook and GitHub have startedto move CSP to production. In a nutshell, web developers can … 

         Title From Manual Android Tests to Automated and Platform Independent Test Scripts
           URL http://scholar.google.com/https://arxiv.org/abs/1608.03624
          Year 2016
     Citations 3
      Versions 3
    Cluster ID 317437911922140989
Citations list http://scholar.google.com/scholar?cites=317437911922140989&as_sdt=2005&sciodt=0,5&hl=en
 Versions list http://scholar.google.com/scholar?cluster=317437911922140989&hl=en&as_sdt=0,5
       Excerpt Page 1. From Manual Android Tests to Automated and Platform Independent TestScripts Mattia Fazzini*, Eduardo Noronha de A. Freitas†, Shauvik Roy Choudhary*,Alessandro Orso* *Georgia Institute of Technology †Instituto … 

         Title Automated support for improving software quality of mobile applications before and after release
           URL http://scholar.google.com/https://smartech.gatech.edu/handle/1853/61771
          Year 2019
     Citations 0
      Versions 2
 Versions list http://scholar.google.com/scholar?cluster=18378908082387228613&hl=en&as_sdt=0,5
       Excerpt … translates them into test cases. With these test cases, developers can immediately focus ondebugging their apps. The technique uses a combination of static analysis, dynamic anal- ysis,and natural language processing techniques. The task of translating natural language … 

         Title Automatic detection and correction of client side and server side input validation inconsistencies
           URL http://scholar.google.com/https://www.politesi.polimi.it/handle/10589/60761
          Year 2012
     Citations 0
      Versions 3
 Versions list http://scholar.google.com/scholar?cluster=5294507531192635003&hl=en&as_sdt=0,5
       Excerpt … 20 2.2.1 Deterministic Finite Automaton . . . . . 21 2.2.2 Regular Expression …38 4.1 Dynamic Analysis of Web Applications . . . . . 38 4.2 Static Analysis ofWeb Applications . . . . . 40 4.3 Static String Analysis … 

         Title Automated support for mobile application testing and maintenance
           URL http://scholar.google.com/https://dl.acm.org/doi/abs/10.1145/3236024.3275425
          Year 2018
     Citations 0
      Versions 7
 Versions list http://scholar.google.com/scholar?cluster=1376627233539924386&hl=en&as_sdt=0,5
       Excerpt … Specifically, we plan to analyze how the behavior of oper- ating system APIs from differentdevices can affect the execution of Android apps. Related work [23] manually analyzes a setof re- ported issues and proposes a static analysis to detect such issues … 

