[query] http://scholar.google.com/scholar?as_q=&as_epq=%22findbugs%22%20OR%20%22spotbugs%22%20OR%20%22code%20review%22%20OR%20%22static%20analysis%22%20OR%20%22regex%22%20OR%20%22regular%20expression%22%20OR%20%22github%22%20OR%20%22pull%20requests%22&as_oq=&as_eq=&as_occt=any&as_sauthors=Michael%20Vierhauser&as_publication=&as_ylo=&as_yhi=&as_vis=0&btnG=&hl=en&num=80&as_sdt=0%2C5
         Title Timetracer: A tool for back in time traceability replaying
           URL http://scholar.google.com/https://ieeexplore.ieee.org/abstract/document/9270315/
          Year 2020
     Citations 4
      Versions 5
    Cluster ID 17385346721777070250
Citations list http://scholar.google.com/scholar?cites=17385346721777070250&as_sdt=2005&sciodt=0,5&hl=en
 Versions list http://scholar.google.com/scholar?cluster=17385346721777070250&hl=en&as_sdt=0,5
       Excerpt … Extensibility - Build your own Tool Connector: Most software development tools such as Jira,Jama, or Github provide a REST API and even come with corresponding Java clients …3https://github.com/jku-isse/icse2020-demo-timetracer 4https://youtu.be/Av7NJqGQDuA 35 Page … 

         Title Discovering, analyzing, and managing safety stories in agile projects
           URL http://scholar.google.com/https://ieeexplore.ieee.org/abstract/document/8491141/
          Year 2018
     Citations 15
      Versions 5
    Cluster ID 447849873069285194
Citations list http://scholar.google.com/scholar?cites=447849873069285194&as_sdt=2005&sciodt=0,5&hl=en
 Versions list http://scholar.google.com/scholar?cluster=447849873069285194&hl=en&as_sdt=0,5
       Excerpt … A5: Establish trace links Leverage capabilities of tools commonly adopted in agile projects (eg,Jira and Github) to incrementally construct trace links from safety stories to hazards, design defini-tions to safety stories, dependent system stories to safety stories … E1: Code Review … 

         Title A comparison framework for runtime monitoring approaches
           URL http://scholar.google.com/https://www.sciencedirect.com/science/article/pii/S0164121216302618
          Year 2017
     Citations 46
      Versions 5
    Cluster ID 5540453423368972112
Citations list http://scholar.google.com/scholar?cites=5540453423368972112&as_sdt=2005&sciodt=0,5&hl=en
 Versions list http://scholar.google.com/scholar?cluster=5540453423368972112&hl=en&as_sdt=0,5
       Excerpt … In a few exceptional cases, the tools are still available, or at least the code can be retrieved frompersonal web pages (Poppe et al., 2013), open repositories like GitHub or sourceforge (Robinson,2006, Ehlers, Hasselbring, 2011), or they require some special-purpose license … 

         Title Dronology: An incubator for cyber-physical system research
           URL http://scholar.google.com/https://arxiv.org/abs/1804.02423
          Year 2018
     Citations 40
      Versions 5
    Cluster ID 9326965003092360737
Citations list http://scholar.google.com/scholar?cites=9326965003092360737&as_sdt=2005&sciodt=0,5&hl=en
 Versions list http://scholar.google.com/scholar?cluster=9326965003092360737&hl=en&as_sdt=0,5
       Excerpt … The project environment will be available upon request via github, where researcherscan download or fork the project to build their own new features, extensions, andmodifications. In the future it will be fully open-sourced … 

         Title Leveraging artifact trees to evolve and reuse safety cases
           URL http://scholar.google.com/https://ieeexplore.ieee.org/abstract/document/8812137/
          Year 2019
     Citations 5
      Versions 5
    Cluster ID 9591915281815081690
Citations list http://scholar.google.com/scholar?cites=9591915281815081690&as_sdt=2005&sciodt=0,5&hl=en
 Versions list http://scholar.google.com/scholar?cluster=9591915281815081690&hl=en&as_sdt=0,5
       Excerpt … https://github.com/SAREC-Lab/SAFA-Artifacts … SAFA retrieves Artifact Trees from project repositories(eg, Jira and Github), and automatically augments them with argumentation structures that aredesigned to aid developers and analysts in reasoning about system safety … 

         Title Cold-start software analytics
           URL http://scholar.google.com/https://dl.acm.org/doi/abs/10.1145/2901739.2901740
          Year 2016
     Citations 19
      Versions 3
    Cluster ID 9748857814903353866
Citations list http://scholar.google.com/scholar?cites=9748857814903353866&as_sdt=2005&sciodt=0,5&hl=en
 Versions list http://scholar.google.com/scholar?cluster=9748857814903353866&hl=en&as_sdt=0,5
       Excerpt … Find the Expert datasets require records of tasks performed by different experts - forexample, stakeholders who have contributed requirements knowledge or coders whohave fixed bugs or approved pull requests in open source projects … 

         Title What questions do requirements engineers ask?
           URL http://scholar.google.com/https://ieeexplore.ieee.org/abstract/document/8048896/
          Year 2017
     Citations 12
      Versions 3
    Cluster ID 14393875227700322209
Citations list http://scholar.google.com/scholar?cites=14393875227700322209&as_sdt=2005&sciodt=0,5&hl=en
 Versions list http://scholar.google.com/scholar?cluster=14393875227700322209&hl=en&as_sdt=0,5
       Excerpt Page 1. What Questions do Requirements Engineers Ask? Sugandha Malviya Schoolof Computing DePaul University, Chicago, USA. slohar@depaul.edu MichaelVierhauser and Jane Cleland-Huang University of Notre Dame … 

         Title A domain analysis of resource and requirements monitoring: Towards a comprehensive model of the software monitoring domain
           URL http://scholar.google.com/https://www.sciencedirect.com/science/article/pii/S0950584919300606
          Year 2019
     Citations 4
      Versions 10
    Cluster ID 17422273736074049212
Citations list http://scholar.google.com/scholar?cites=17422273736074049212&as_sdt=2005&sciodt=0,5&hl=en
 Versions list http://scholar.google.com/scholar?cluster=17422273736074049212&hl=en&as_sdt=0,5
       Excerpt JavaScript is disabled on your browser. Please enable JavaScript to use allthe features on this page. Skip to main content Skip to article … 

         Title The interplay of design and runtime traceability for non-functional requirements
           URL http://scholar.google.com/https://ieeexplore.ieee.org/abstract/document/8823736/
          Year 2019
     Citations 3
      Versions 3
    Cluster ID 11446589602662670288
Citations list http://scholar.google.com/scholar?cites=11446589602662670288&as_sdt=2005&sciodt=0,5&hl=en
 Versions list http://scholar.google.com/scholar?cluster=11446589602662670288&hl=en&as_sdt=0,5
       Excerpt … Hazards Requirements Design Definitions Source Code Product Features EnvironmentalAssumptions Use Cases Architecture Jira Other Github Fig. 2: Traceability Information Model(TIM) used in the Dronology project. Dronology Core GCS Middleware GCS-1 GCS-2 ➌ ➌ ➊ ➊ … 

         Title Interlocking Safety Cases for Unmanned Autonomous Systems in Shared Airspaces
           URL http://scholar.google.com/https://ieeexplore.ieee.org/abstract/document/8674543/
          Year 2019
     Citations 2
      Versions 3
    Cluster ID 8524082435453805536
Citations list http://scholar.google.com/scholar?cites=8524082435453805536&as_sdt=2005&sciodt=0,5&hl=en
 Versions list http://scholar.google.com/scholar?cluster=8524082435453805536&hl=en&as_sdt=0,5
       Excerpt Page 1. IEEE TRANSACTIONS ON SOFTWARE ENGINEERING 1 Interlocking SafetyCases for Unmanned Autonomous Systems in Shared Airspaces Michael Vierhauser,Sean Bayley, Jane Wyngaard, Wandi Xiong, Jinghui … 

         Title SENET: A Semantic Web for Supporting Automation of Software Engineering Tasks
           URL http://scholar.google.com/https://ieeexplore.ieee.org/abstract/document/9233036/
          Year 2020
     Citations 0
      Versions 2
 Versions list http://scholar.google.com/scholar?cluster=11387835660152631084&hl=en&as_sdt=0,5
       Excerpt … By manually summarizing the above patterns, which define the way in which cross-referencesto related concepts are typically depicted, we were able to utilize regular expression toautomatically extract relationships between … GitHub Source Code ID, File Name, Lines of Code … 

         Title Breaking the Deep Freeze: Visualizing Change in Agile, Safety-Critical Systems
           URL http://scholar.google.com/https://ieeexplore.ieee.org/abstract/document/9108244/
          Year 2020
     Citations 0
      Versions 4
 Versions list http://scholar.google.com/scholar?cluster=18347227983939617867&hl=en&as_sdt=0,5
       Excerpt … 1. https://projects.eclipse.org/projects/modeling.capra 2. https://open-services.net/Acceptance Tests Safety Story Hazard Source Code Jira User Story Github Context DesignRationale Test Results Log Legend Design Constraints ❶ ❷ ❸ ❹ ❺ … 

         Title Requirements-driven configuration of emergency response missions with small aerial vehicles
           URL http://scholar.google.com/https://dl.acm.org/doi/abs/10.1145/3382025.3414950
          Year 2020
     Citations 1
      Versions 0
    Cluster ID 5859826710199957568
Citations list http://scholar.google.com/scholar?cites=5859826710199957568&as_sdt=2005&sciodt=0,5&hl=en
       Excerpt … 2Use cases are available at https://github.com/SAREC-Lab/sUAS-UseCases and will be updatedand extended as part of our ongoing work. Table 1: Scenarios were derived from real-life accounts,stakeholders, and academic literature. ID Use Cases Usage Acad. Contrib … 

         Title A requirements monitoring model for systems of systems
           URL http://scholar.google.com/https://ieeexplore.ieee.org/abstract/document/7320412/
          Year 2015
     Citations 24
      Versions 3
    Cluster ID 16236473295660620290
Citations list http://scholar.google.com/scholar?cites=16236473295660620290&as_sdt=2005&sciodt=0,5&hl=en
 Versions list http://scholar.google.com/scholar?cluster=16236473295660620290&hl=en&as_sdt=0,5
       Excerpt Page 1. A Requirements Monitoring Model for Systems of Systems Michael VierhauserRick Rabiser Paul Grünbacher Benedikt Aumayr Christian Doppler Laboratory MEVSSJohannes Kepler University Linz, Austria michael.vierhauser@jku.at … 

