[query] http://scholar.google.com/scholar?as_q=&as_epq=%22findbugs%22%20OR%20%22spotbugs%22%20OR%20%22code%20review%22%20OR%20%22static%20analysis%22%20OR%20%22regex%22%20OR%20%22regular%20expression%22%20OR%20%22github%22%20OR%20%22pull%20requests%22&as_oq=&as_eq=&as_occt=any&as_sauthors=Michael%20Goedicke&as_publication=&as_ylo=&as_yhi=&as_vis=0&btnG=&hl=en&num=80&as_sdt=0%2C5
         Title A review of static analysis approaches for programming exercises
           URL http://scholar.google.com/https://link.springer.com/chapter/10.1007/978-3-319-08657-6_10
          Year 2014
     Citations 32
      Versions 6
    Cluster ID 8133359668776328160
Citations list http://scholar.google.com/scholar?cites=8133359668776328160&as_sdt=2005&sciodt=0,5&hl=en
 Versions list http://scholar.google.com/scholar?cluster=8133359668776328160&hl=en&as_sdt=0,5
       Excerpt Static source code analysis is a common feature in automated grading and tutoring systems for programming exercises. Different approaches and tools are used in this area, each with individual benefits and drawbacks, which have direct influence on the quality of assessment …

         Title A specification language for static analysis of student exercises
           URL http://scholar.google.com/https://ieeexplore.ieee.org/abstract/document/4639340/
          Year 2008
     Citations 10
      Versions 3
    Cluster ID 1142719513146181386
Citations list http://scholar.google.com/scholar?cites=1142719513146181386&as_sdt=2005&sciodt=0,5&hl=en
 Versions list http://scholar.google.com/scholar?cluster=1142719513146181386&hl=en&as_sdt=0,5
       Excerpt In this paper we use formal software engineering techniques to support one of the most difficult steps in software engineering: learning to use a programming language. In order to support numerous exercises of a large number of students some automatic support for …

         Title Automated assessment of UML activity diagrams
           URL http://scholar.google.com/https://dl.acm.org/doi/abs/10.1145/2591708.2602657
          Year 2014
     Citations 11
      Versions 5
    Cluster ID 10995248062623609436
Citations list http://scholar.google.com/scholar?cites=10995248062623609436&as_sdt=2005&sciodt=0,5&hl=en
 Versions list http://scholar.google.com/scholar?cluster=10995248062623609436&hl=en&as_sdt=0,5
       Excerpt … ABSTRACT Current approaches to automated assessment of UML diagram mainly focuson static analysis. As this may be insufficient for behavioural diagrams, this contributionpresents an approach to dynamic checks of UML Activity Diagrams … 

         Title Formal Design and Perfomance Evaluation of Parallel and Distributed Software Systems
           URL http://scholar.google.com/https://www.computer.org/csdl/proceedings-article/pdse/1998/84670136/12OmNx4yvrp
          Year 1998
     Citations 7
      Versions 5
    Cluster ID 1899909649030762286
Citations list http://scholar.google.com/scholar?cites=1899909649030762286&as_sdt=2005&sciodt=0,5&hl=en
 Versions list http://scholar.google.com/scholar?cluster=1899909649030762286&hl=en&as_sdt=0,5
       Excerpt … Regular expression over an alphabet,Σ, are,defined recursively as follows:,1.,∅, is a regularexpression and denotes the empty set.,2.,For each character,a, in,Σ,,,a, is a regular expressionand,denotes the set {,a,}.,3.,A variable whose value can be any pattern defined by a … 

         Title Enriching OSGI service interfaces with formal sequential contracts
           URL http://scholar.google.com/https://dl.gi.de/handle/20.500.12116/19905
          Year 2011
     Citations 0
      Versions 9
 Versions list http://scholar.google.com/scholar?cluster=9690650107120956010&hl=en&as_sdt=0,5
       Excerpt … due.de Abstract: Architecture description languages define component interfaceswith se- quential contracts, which allow for static analysis of method call sequencesin compo- nent or service interactions. However, component … 

         Title Automation of java code analysis for programming exercises
           URL http://journal.ub.tu-berlin.de/eceasst/article/view/78
          Year 2007
     Citations 9
      Versions 5
    Cluster ID 17699713501150413882
Citations list http://scholar.google.com/scholar?cites=17699713501150413882&as_sdt=2005&sciodt=0,5&hl=en
 Versions list http://scholar.google.com/scholar?cluster=17699713501150413882&hl=en&as_sdt=0,5
       Excerpt … We describe how graph transformation can be used for analysis of code structures and presentan example from a current course. Keywords: graph transformation, static analysis, agg,programming exercises, Java, Tool … Student Browser Server - static analysis - model checking … 

         Title Bewertung von kurzen Freitextantworten in automatischen Prüfungssystemen
           URL http://scholar.google.com/https://dl.gi.de/handle/20.500.12116/4803
          Year 2013
     Citations 3
      Versions 5
    Cluster ID 6550662321825548177
Citations list http://scholar.google.com/scholar?cites=6550662321825548177&as_sdt=2005&sciodt=0,5&hl=en
 Versions list http://scholar.google.com/scholar?cluster=6550662321825548177&hl=en&as_sdt=0,5
       Excerpt … Antworten auf. 2 Ansatz Der hier präsentierte Ansatz zur automatischen Bewertungvon Freitextantworten stellt eine konfigurierbare Kombination dreier Verfahren, desBayes-, BLEU- und des RegEx- Verfahrens, dar. Jedes dieser … 

         Title Continuous maintenance of multiple abstraction levels in program code
           URL http://scholar.google.com/https://www.scitepress.org/Papers/2010/30265/30265.pdf
          Year 2010
     Citations 9
      Versions 3
    Cluster ID 8737724278929395605
      PDF link http://scholar.google.com/https://www.scitepress.org/Papers/2010/30265/30265.pdf
Citations list http://scholar.google.com/scholar?cites=8737724278929395605&as_sdt=2005&sciodt=0,5&hl=en
 Versions list http://scholar.google.com/scholar?cluster=8737724278929395605&hl=en&as_sdt=0,5
       Excerpt … system behavior against the abstract model. For the same reason, views for staticanalysis can determine if other program code is valid with respect to the modelspecifications it is interacting with. In addition, dynamic analysis and … 

         Title Variability and complexity in software design: Towards a research agenda
           URL http://scholar.google.com/https://dl.acm.org/doi/abs/10.1145/3011286.3011291
          Year 2017
     Citations 19
      Versions 8
    Cluster ID 9044448946111852572
Citations list http://scholar.google.com/scholar?cites=9044448946111852572&as_sdt=2005&sciodt=0,5&hl=en
 Versions list http://scholar.google.com/scholar?cluster=9044448946111852572&hl=en&as_sdt=0,5
       Excerpt … At the same time, configuration options challenge quality assurance. Traditional analysistechniques, including type checking, static analysis and testing can analyze only one specificconfiguration at a time in an exponentially exploding configuration space … 

         Title Feedback-Möglichkeiten in automatischen Prüfungssystemen
           URL http://scholar.google.com/https://new-dl.gi.de/handle/20.500.12116/4714
          Year 2010
     Citations 2
      Versions 10
    Cluster ID 6789805228811787444
Citations list http://scholar.google.com/scholar?cites=6789805228811787444&as_sdt=2005&sciodt=0,5&hl=en
 Versions list http://scholar.google.com/scholar?cluster=6789805228811787444&hl=en&as_sdt=0,5
       Excerpt … Werkzeuge zur statischen Codeanalyse wie CheckStyle [Che], FindBugs [Fin] oder PMD [PMD]werden übli- cherweise als externe Programme eingebunden, denen Dateien übergeben werdenund die ihre Ergebnisse ihrerseits als Datei oder per Standardausgabe … 

         Title VACE 2016
           URL http://scholar.google.com/https://www.computer.org/csdl/proceedings-article/vace/2016/4176z007/12OmNz3bdC7
     Citations 0
      Versions 3
 Versions list http://scholar.google.com/scholar?cluster=9367933023110182740&hl=en&as_sdt=0,5
       Excerpt … At the same time, ,configuration options challenge quality assuranc,e. Traditional analysistechniques, including type ,checking, static analysis and testing can analyze on,ly one specificconfiguration in an exponentially ,exploding configuration space (up to 2^n configurat,ions … 

         Title Trace alignment for automated tutoring
           URL http://scholar.google.com/https://www.academia.edu/download/42004442/Trace_Alignment_for_Automated_Tutoring20160203-25401-ll07w1.pdf
          Year 2013
     Citations 6
      Versions 3
    Cluster ID 7898925237633909425
      PDF link http://scholar.google.com/https://www.academia.edu/download/42004442/Trace_Alignment_for_Automated_Tutoring20160203-25401-ll07w1.pdf
Citations list http://scholar.google.com/scholar?cites=7898925237633909425&as_sdt=2005&sciodt=0,5&hl=en
 Versions list http://scholar.google.com/scholar?cluster=7898925237633909425&hl=en&as_sdt=0,5
       Excerpt … there will be many deviations. Consequently, it is considered useful to perform a staticanalysis of the source code first, trying to find significant bits of source code revealingthe strategy used in the program. If traces are compared … 

         Title Computer aided assessments and programming exercises with JACK
           URL http://scholar.google.com/https://www.econstor.eu/handle/10419/58160
          Year 2008
     Citations 24
      Versions 13
    Cluster ID 13225147456159083497
Citations list http://scholar.google.com/scholar?cites=13225147456159083497&as_sdt=2005&sciodt=0,5&hl=en
 Versions list http://scholar.google.com/scholar?cluster=13225147456159083497&hl=en&as_sdt=0,5
       Excerpt … until the results for a submitted solution are available. Espacially the static analysis can …by the system. 9 Page 21. 2.2 Static Analysis As described in [KG06], the checkercomponent for static analysis is based on a graph transformation engine … 

         Title Continuous design decision support
           URL http://scholar.google.com/https://library.oapen.org/bitstream/handle/20.500.12657/22886/1007275.pdf?sequence=1#page=124
          Year 2019
     Citations 2
      Versions 8
    Cluster ID 1133466044710741473
Citations list http://scholar.google.com/scholar?cites=1133466044710741473&as_sdt=2005&sciodt=0,5&hl=en
 Versions list http://scholar.google.com/scholar?cluster=1133466044710741473&hl=en&as_sdt=0,5
       Excerpt Page 124. Chapter 6 Continuous Design Decision Support Anja Kleebaum, MarcoKonersmann, Michael Langhammer, Barbara Paech, Michael Goedicke, and RalfReussner In this chapter, we elaborate on how design decisions … 

         Title Representing Formal Component Models in OSGi
           URL http://scholar.google.com/https://dl.gi.de/handle/20.500.12116/20209
          Year 2010
     Citations 12
      Versions 13
    Cluster ID 6038566240102944613
Citations list http://scholar.google.com/scholar?cites=6038566240102944613&as_sdt=2005&sciodt=0,5&hl=en
 Versions list http://scholar.google.com/scholar?cluster=6038566240102944613&hl=en&as_sdt=0,5
       Excerpt … The interfaces in Palladio optionally include a protocol definition, eg declared asa fi- nite state machine or a regular expression. The protocol defines the sequenceof operation calls, a client may call on a provided interface … 

         Title Technical Aspects of Automated Item Generation for Blended Learning Environments in Biology
           URL http://scholar.google.com/https://www.degruyter.com/document/doi/10.1515/icom-2020-0001/html
          Year 2020
     Citations 1
      Versions 4
    Cluster ID 15070426365610545763
Citations list http://scholar.google.com/scholar?cites=15070426365610545763&as_sdt=2005&sciodt=0,5&hl=en
 Versions list http://scholar.google.com/scholar?cluster=15070426365610545763&hl=en&as_sdt=0,5
       Excerpt … Search in Google Scholar. [6] G. Daroczi. 2013. The sandboxR Package: Filtering“Malicious” Calls in R. Retrieved from https://github.com/Rapporter/sandboxR. Searchin Google Scholar. [7] M. Foulonneau and E. Ras. 2013 … 

         Title Towards Domain-specific Modeling for Java Enterprise Applications.
           URL http://scholar.google.com/https://pdfs.semanticscholar.org/34e5/fa8312a9a47e663f863faeefd55341e673f6.pdf
          Year 2010
     Citations 2
      Versions 3
    Cluster ID 8061393109505064351
      PDF link http://scholar.google.com/https://pdfs.semanticscholar.org/34e5/fa8312a9a47e663f863faeefd55341e673f6.pdf
Citations list http://scholar.google.com/scholar?cites=8061393109505064351&as_sdt=2005&sciodt=0,5&hl=en
 Versions list http://scholar.google.com/scholar?cluster=8061393109505064351&hl=en&as_sdt=0,5
       Excerpt … When entity beans are used, the state space is further reduced since value ranges andrelations are limited. When source code is connected to the entry points, static analysis canbe applied to analyse if the interface contracts are fulfilled by clients … 

         Title Technische Aspekte der automatischen Aufgabengenerierung für Blended Learning Angebote in der Biologie
           URL http://scholar.google.com/https://dl.gi.de/handle/20.500.12116/24385
          Year 2019
     Citations 0
      Versions 4
 Versions list http://scholar.google.com/scholar?cluster=13497026212204636912&hl=en&as_sdt=0,5
       Excerpt … https://concord.org/teaching-genetics/dragons, 2017. [Da13] Daroczi, G.. The sandboxR Package:Filtering “Malicious” Calls in R. https://github.com/Rapporter/sandboxR, 2013. Page 12. 102 JustinTimm et al. [GLZ18] Gierl, M., Lai, H., Zhang, X.: Automatic Item Generation … 

         Title Future Research.
           URL http://scholar.google.com/https://library.oapen.org/bitstream/handle/20.500.12657/22886/1007275.pdf?sequence=1#page=394
          Year 2019
     Citations 0
      Versions 7
 Versions list http://scholar.google.com/scholar?cluster=9569524499019547840&hl=en&as_sdt=0,5
       Excerpt … San Francisco, CA, USA: IEEE, 2013, pp. 5–11. ISBN: 978-1-4799-0495-2. https://doi.org/10.1109/TEFSE. 2013.6620147. [CM04] Brian Chess and Gary McGraw.“Static Analysisfor Security”. In: IEEE Security & Privacy 2.6 (2004), pp. 76–79 … 

         Title Using run time traces in automated programming tutoring
           URL http://scholar.google.com/https://dl.acm.org/doi/abs/10.1145/1999747.1999832
          Year 2011
     Citations 23
      Versions 4
    Cluster ID 15738409317343403899
Citations list http://scholar.google.com/scholar?cites=15738409317343403899&as_sdt=2005&sciodt=0,5&hl=en
 Versions list http://scholar.google.com/scholar?cluster=15738409317343403899&hl=en&as_sdt=0,5
       Excerpt … http://java.sun.com/ javase/6/docs/jdk/api/jpda/jdi/index.html. [7] C. Köllmann and M. Goedicke.A Specification Language for Static Analysis of Student Exercises. In Proceedings of theInternational Conference on Automated Software Engineering, 2008. [8] S. Maoz … 

