[query] http://scholar.google.com/scholar?as_q=&as_epq=%22findbugs%22%20OR%20%22spotbugs%22%20OR%20%22code%20review%22%20OR%20%22static%20analysis%22%20OR%20%22regex%22%20OR%20%22regular%20expression%22%20OR%20%22github%22%20OR%20%22pull%20requests%22&as_oq=&as_eq=&as_occt=any&as_sauthors=Milos%20Gligoric&as_publication=&as_ylo=&as_yhi=&as_vis=0&btnG=&hl=en&num=80&as_sdt=0%2C5
         Title Towards refactoring-aware regression test selection
           URL http://scholar.google.com/https://ieeexplore.ieee.org/abstract/document/8453082/
          Year 2018
     Citations 16
      Versions 9
    Cluster ID 2788720767572870643
Citations list http://scholar.google.com/scholar?cites=2788720767572870643&as_sdt=2005&sciodt=0,5&hl=en
 Versions list http://scholar.google.com/scholar?cluster=2788720767572870643&hl=en&as_sdt=0,5
       Excerpt … effort. Specifically, we reproduce 100 refactoring tasks performed by developers of37 projects on GitHub … effort. Specifically, we reproduced 100 refactoring tasks per-formed by open-source developers of 37 projects on GitHub [63] … 

         Title Learning to Format Coq Code Using Language Models
           URL http://scholar.google.com/https://arxiv.org/abs/2006.16743
          Year 2006
     Citations 0
      Versions 6
 Versions list http://scholar.google.com/scholar?cluster=13483913388274605716&hl=en&as_sdt=0,5
       Excerpt … from existing Coq code, and then suggesting idiomatic code to users in the proper context, canbe superior to manual approaches and static analysis tools—both in … For example, displayingformatting suggestions during code reviews of pull requests on GitHub may work well … 

         Title Incremental analysis of evolving alloy models
           URL http://scholar.google.com/https://link.springer.com/chapter/10.1007/978-3-030-17462-0_10
          Year 2019
     Citations 4
      Versions 4
    Cluster ID 10948627192162329695
Citations list http://scholar.google.com/scholar?cites=10948627192162329695&as_sdt=2005&sciodt=0,5&hl=en
 Versions list http://scholar.google.com/scholar?cluster=10948627192162329695&hl=en&as_sdt=0,5
       Excerpt … We introduce a novel approach, iAlloy, based on static analysis (regression command selection)and dynamic analysis (solution re-use) for incrementally … We publicly release our subject Alloymodels and their versions at the following URL: https://github.com/wenxiwang/iAlloy … 

         Title Approximate transformations as mutation operators
           URL http://scholar.google.com/https://ieeexplore.ieee.org/abstract/document/8367056/
          Year 2018
     Citations 8
      Versions 11
    Cluster ID 1716505533808014466
Citations list http://scholar.google.com/scholar?cites=1716505533808014466&as_sdt=2005&sciodt=0,5&hl=en
 Versions list http://scholar.google.com/scholar?cluster=1716505533808014466&hl=en&as_sdt=0,5
       Excerpt … Developers already accepted seven out of 11 pull requests that we submitted for fixing bad tests.II … The subjects are from GitHub and are a mix of (1) subjects used in previous software testingpapers [39], [42], and (2) computationally-intensive subjects that may have more … 

         Title Regression test selection for TizenRT
           URL http://scholar.google.com/https://dl.acm.org/doi/abs/10.1145/3236024.3275527
          Year 2018
     Citations 4
      Versions 5
    Cluster ID 10273132301787497982
Citations list http://scholar.google.com/scholar?cites=10273132301787497982&as_sdt=2005&sciodt=0,5&hl=en
 Versions list http://scholar.google.com/scholar?cluster=10273132301787497982&hl=en&as_sdt=0,5
       Excerpt … We used the latest 150 revisions of TizenRT available on GitHub … Selfection uses staticanalysis to collect de- pendencies for each test by utilizing the call graph, ie, each test de-pends on functions that might be transitively invoked from the test … 

         Title X10X: Model checking a new programming language with an" old" model checker
           URL http://scholar.google.com/https://ieeexplore.ieee.org/abstract/document/6200092/
          Year 2012
     Citations 22
      Versions 13
    Cluster ID 2908802341129055161
Citations list http://scholar.google.com/scholar?cites=2908802341129055161&as_sdt=2005&sciodt=0,5&hl=en
 Versions list http://scholar.google.com/scholar?cluster=2908802341129055161&hl=en&as_sdt=0,5
       Excerpt … We present four sets of techniques that can be employed to make checking a new language withan “old” model checker practical: (1) modify the model checker, (2) modify the language runtime,(3) extend the language compiler, and (4) develop a new static analysis … 

         Title The Java Pathfinder Workshop 2019
           URL http://scholar.google.com/https://dl.acm.org/doi/abs/10.1145/3385678.3385685
          Year 2020
     Citations 0
      Versions 0
       Excerpt … bug detection, alter- native state space search strategies, temporal property verifica- tion andmany more (see https://github.com/javapathfinder/ jpf … The afternoon sessions started with anotherinvited talk on Ad- ventures in Commercial-Grade Static Analysis by Simon Gold- berg … 

         Title Build system with lazy retrieval for Java projects
           URL http://scholar.google.com/https://dl.acm.org/doi/abs/10.1145/2950290.2950358
          Year 2016
     Citations 19
      Versions 3
    Cluster ID 4114691353204699928
Citations list http://scholar.google.com/scholar?cites=4114691353204699928&as_sdt=2005&sciodt=0,5&hl=en
 Versions list http://scholar.google.com/scholar?cluster=4114691353204699928&hl=en&as_sdt=0,5
       Excerpt … ways be in the same Lr as the enclosing class). It is possi- ble to perform staticanalysis to conservatively find further cases when one class always depends onanother. Optimiz- ing for these cases would complicate the lookup … 

         Title Verification of casper in the coq proof assistant
           URL http://scholar.google.com/https://www.ideals.illinois.edu/handle/2142/102075
          Year 2018
     Citations 5
      Versions 2
    Cluster ID 17937550673981619309
Citations list http://scholar.google.com/scholar?cites=17937550673981619309&as_sdt=2005&sciodt=0,5&hl=en
 Versions list http://scholar.google.com/scholar?cluster=17937550673981619309&hl=en&as_sdt=0,5
       Excerpt … The Coq source files are available at: https://github.com/runtimeverification/casper-proofs1 Introduction The Ethereum blockchain and platform [18] is increasingly used as a financialtransaction mechanism, in particular by way of smart contracts … 

         Title Resurgence of Regression Test Selection for C++
           URL http://scholar.google.com/https://ieeexplore.ieee.org/abstract/document/8730161/
          Year 2019
     Citations 1
      Versions 7
    Cluster ID 8824132073498808023
Citations list http://scholar.google.com/scholar?cites=8824132073498808023&as_sdt=2005&sciodt=0,5&hl=en
 Versions list http://scholar.google.com/scholar?cluster=8824132073498808023&hl=en&as_sdt=0,5
       Excerpt … Index Terms—Regression test selection, static analysis, call graph, LLVM, Google Test … revolutionof C++ compilers (eg, the popularity of LLVM), testing frameworks (eg, the widespread use ofGoogle Test), and development processes (the popularity of GitHub and continuous … 

         Title Ekstazi: Lightweight test selection
           URL http://scholar.google.com/https://ieeexplore.ieee.org/abstract/document/7203050/
          Year 2015
     Citations 43
      Versions 8
    Cluster ID 12503340320540400580
Citations list http://scholar.google.com/scholar?cites=12503340320540400580&as_sdt=2005&sciodt=0,5&hl=en
 Versions list http://scholar.google.com/scholar?cluster=12503340320540400580&hl=en&as_sdt=0,5
       Excerpt … The set of projects was chosen by three undergraduate students who were not familiar with ourstudy. We suggested starting places with larger open-source projects: Apache Projects, GitHub,and GoogleCode … [14] Memoize. https://github.com/kgaughan/memoize.py … 

         Title Practical Machine-Checked Formalization of Change Impact Analysis
           URL http://scholar.google.com/https://link.springer.com/chapter/10.1007/978-3-030-45237-7_9
          Year 2020
     Citations 0
      Versions 7
 Versions list http://scholar.google.com/scholar?cluster=4714373265230918768&hl=en&as_sdt=0,5
       Excerpt Page 1. Practical Machine-Checked Formalization of Change Impact Analysis KarlPalmskog1, Ahmet Celik2, and Milos Gligoric3 1 KTH Royal Institute of Technology,Stockholm, Sweden 2 Facebook, Seattle, WA, USA 3 The … 

         Title mCoq: mutation analysis for Coq verification projects
           URL http://scholar.google.com/https://dl.acm.org/doi/abs/10.1145/3377812.3382156
          Year 2020
     Citations 0
      Versions 6
 Versions list http://scholar.google.com/scholar?cluster=12144628900825689360&hl=en&as_sdt=0,5
       Excerpt … Then, users should clone the C repository on GitHub: $ git clone https://github.com/EngineeringSoftware/mcoq.git $ cd mcoq && git checkout v1.0 Additionally, we assumeJDK 8 or later and the Gradle build sys- tem [8] are installed … 

         Title Systematic testing of refactoring engines on real software projects
           URL http://scholar.google.com/https://link.springer.com/chapter/10.1007/978-3-642-39038-8_26
          Year 2013
     Citations 57
      Versions 13
    Cluster ID 2426507195740996533
Citations list http://scholar.google.com/scholar?cites=2426507195740996533&as_sdt=2005&sciodt=0,5&hl=en
 Versions list http://scholar.google.com/scholar?cluster=2426507195740996533&hl=en&as_sdt=0,5
       Excerpt … Our tool for Eclipse JDT automatically creates a regular expression from an object repre- sentinga compiler error during Eclipse execution; to obtain the error object, our tool reruns the refactoringtask (line 19) and replaces all the arguments (eg, new MultivariateFunction(){}) of … 

         Title Debugging the performance of Maven's test isolation: Experience report
           URL http://scholar.google.com/https://dl.acm.org/doi/abs/10.1145/3395363.3397381
          Year 2020
     Citations 1
      Versions 6
    Cluster ID 6472100496739851901
Citations list http://scholar.google.com/scholar?cites=6472100496739851901&as_sdt=2005&sciodt=0,5&hl=en
 Versions list http://scholar.google.com/scholar?cluster=6472100496739851901&hl=en&as_sdt=0,5
       Excerpt … Table 3 shows the list of 29 projects used in our experiments. All the selected projectsare open-source and available on GitHub. For each project, we show the size ofthe project in terms of the num- ber of lines of code (LOC … 

         Title A framework for writing trigger-action todo comments in executable format
           URL http://scholar.google.com/https://dl.acm.org/doi/abs/10.1145/3338906.3338965
          Year 2019
     Citations 3
      Versions 6
    Cluster ID 15577360640392417315
Citations list http://scholar.google.com/scholar?cites=15577360640392417315&as_sdt=2005&sciodt=0,5&hl=en
 Versions list http://scholar.google.com/scholar?cluster=15577360640392417315&hl=en&as_sdt=0,5
       Excerpt … Ideally, we envision TrigIt being used as a bot that sends a code review with changes whenevera … Issue TrigIt.isClosed(“https://github.com/google/closure-compiler/issues/1897 … As stated earlier,ideally TrigIt is integrated in a bot that sends code reviews or pull requests once the … 

         Title Automated migration of build scripts using dynamic analysis and search-based refactoring
           URL http://scholar.google.com/https://dl.acm.org/doi/abs/10.1145/2714064.2660239
          Year 2014
     Citations 38
      Versions 11
    Cluster ID 3934438411610978708
Citations list http://scholar.google.com/scholar?cites=3934438411610978708&as_sdt=2005&sciodt=0,5&hl=en
 Versions list http://scholar.google.com/scholar?cluster=3934438411610978708&hl=en&as_sdt=0,5
       Excerpt … Existing auto- mated approaches [5, 8] use static analysis and there- fore only workin a limited number of cases, such as when new build scripts need not specify thedepen- dencies explicitly, which limit parallelization. Further … 

         Title A progress bar for the JPF search using program executions
           URL http://scholar.google.com/https://par.nsf.gov/servlets/purl/10101450
          Year 2019
     Citations 1
      Versions 4
    Cluster ID 10719599194727785901
Citations list http://scholar.google.com/scholar?cites=10719599194727785901&as_sdt=2005&sciodt=0,5&hl=en
 Versions list http://scholar.google.com/scholar?cluster=10719599194727785901&hl=en&as_sdt=0,5
       Excerpt … We implement JPFBar as a JPF listener and it is available at https://github.com/kaiyuanw/JPFBar. Keywords Search progress bar; model counting; JPF … We make JPFBar publiclyavailable at https://github.com/ kaiyuanw/JPFBar. • Evaluation … 

         Title A regression proof selection tool for Coq
           URL http://scholar.google.com/https://dl.acm.org/doi/abs/10.1145/3183440.3183493
          Year 2018
     Citations 4
      Versions 6
    Cluster ID 3553096991734331696
Citations list http://scholar.google.com/scholar?cites=3553096991734331696&as_sdt=2005&sciodt=0,5&hl=en
 Versions list http://scholar.google.com/scholar?cluster=3553096991734331696&hl=en&as_sdt=0,5
       Excerpt … For each project used in the evaluation, we performed the following steps: (1) Clone the projectfrom its repository (typically on GitHub) (2) Check out the oldest revision supported by iCoq (3)Integrate iCoq into the project (4) While the current revision is supported, do the … 

         Title Deep generation of Coq lemma names using elaborated terms
           URL http://scholar.google.com/https://link.springer.com/chapter/10.1007/978-3-030-51054-1_6
          Year 2020
     Citations 3
      Versions 10
    Cluster ID 9080336317147411040
Citations list http://scholar.google.com/scholar?cites=9080336317147411040&as_sdt=2005&sciodt=0,5&hl=en
 Versions list http://scholar.google.com/scholar?cluster=9080336317147411040&hl=en&as_sdt=0,5
       Excerpt … expected to follow, and maintainers willingly accept fixes of violations to such conventions [2].Enforcement of conventions can be performed by static analysis tools [30 … We provide artifactsrelated to our toolchain and corpus at: https://github.com/EngineeringSoftware/roosterize … 

