[query] http://scholar.google.com/scholar?as_q=&as_epq=%22findbugs%22%20OR%20%22spotbugs%22%20OR%20%22code%20review%22%20OR%20%22static%20analysis%22%20OR%20%22regex%22%20OR%20%22regular%20expression%22%20OR%20%22github%22%20OR%20%22pull%20requests%22&as_oq=&as_eq=&as_occt=any&as_sauthors=Nazareno%20Aguirre&as_publication=&as_ylo=&as_yhi=&as_vis=0&btnG=&hl=en&num=80&as_sdt=0%2C5
         Title Goal-conflict likelihood assessment based on model counting
           URL http://scholar.google.com/https://ieeexplore.ieee.org/abstract/document/8453193/
          Year 2018
     Citations 5
      Versions 7
    Cluster ID 5548917903688739848
Citations list http://scholar.google.com/scholar?cites=5548917903688739848&as_sdt=2005&sciodt=0,5&hl=en
 Versions list http://scholar.google.com/scholar?cluster=5548917903688739848&hl=en&as_sdt=0,5
       Excerpt … Basically, from an LTL formula φ, we can generate a regular expression eφ representingthe prefixes accepted by φ … Notice that the word base can be thought of as a finite stringof length k that can be accepted by a regular expression … 

         Title DynAlloy Analyzer: A tool for the specification and analysis of Alloy models with dynamic behaviour
           URL http://scholar.google.com/https://dl.acm.org/doi/abs/10.1145/3106237.3122826
          Year 2017
     Citations 14
      Versions 6
    Cluster ID 14914630684476779473
Citations list http://scholar.google.com/scholar?cites=14914630684476779473&as_sdt=2005&sciodt=0,5&hl=en
 Versions list http://scholar.google.com/scholar?cluster=14914630684476779473&hl=en&as_sdt=0,5
       Excerpt … Tool screencast, binaries and further details available in: http://dc.exa.unrc.edu.ar/tools/dynalloy CCS CONCEPTS • Software and its engineering → Softwareverification; Spec- ification languages; Automated static analysis; … 

         Title Training binary classifiers as data structure invariants
           URL http://scholar.google.com/https://ieeexplore.ieee.org/abstract/document/8811951/
          Year 2019
     Citations 5
      Versions 9
    Cluster ID 15463480013263501518
Citations list http://scholar.google.com/scholar?cites=15463480013263501518&as_sdt=2005&sciodt=0,5&hl=en
 Versions list http://scholar.google.com/scholar?cluster=15463480013263501518&hl=en&as_sdt=0,5
       Excerpt Page 1. Training Binary Classifiers as Data Structure Invariants Facundo Molina ∗† ,Renzo Degiovanni § , Pablo Ponzio ∗† , Germán Regis ∗ , Nazareno Aguirre ∗† ,Marcelo Frias †‡ ∗ Department of Computer Science, FCEFQyN … 

         Title Stryker: Scaling specification-based program repair by pruning infeasible mutants with sat
           URL http://scholar.google.com/https://arxiv.org/abs/1910.14011
          Year 2019
     Citations 4
      Versions 2
    Cluster ID 12039820951228480950
Citations list http://scholar.google.com/scholar?cites=12039820951228480950&as_sdt=2005&sciodt=0,5&hl=en
 Versions list http://scholar.google.com/scholar?cluster=12039820951228480950&hl=en&as_sdt=0,5
       Excerpt … emphasis of these tools and techniques has been, however, to detect the existence of defectsin software artifacts and specifications, via various approaches, including bug find- ing basedon testing [16], runtime analysis [6] and static analysis [3]. Since the seminal work of … 

         Title Efficient Bounded Model Checking of Heap-Manipulating Programs using Tight Field Bounds
           URL http://scholar.google.com/https://www.ncbi.nlm.nih.gov/pmc/articles/PMC7978807/
          Year 2021
     Citations 0
      Versions 3
 Versions list http://scholar.google.com/scholar?cluster=2553455437361241496&hl=en&as_sdt=0,5
       Excerpt … Science, pages 251–266. Springer, 2007. 22. Aditya V. Nori, Sriram K. Rajamani,SaiDeep Tetali, and Aditya V. Thakur. The yogiproject: Software property checkingvia static analysis and testing. In Stefan Kowalewski and Anna … 

         Title On the effect of object redundancy elimination in randomly testing collection classes
           URL http://scholar.google.com/https://ieeexplore.ieee.org/abstract/document/8452814/
          Year 2018
     Citations 2
      Versions 6
    Cluster ID 14758952885884894195
Citations list http://scholar.google.com/scholar?cites=14758952885884894195&as_sdt=2005&sciodt=0,5&hl=en
 Versions list http://scholar.google.com/scholar?cluster=14758952885884894195&hl=en&as_sdt=0,5
       Excerpt … other aspects of test suite quality, such as test readability. REFERENCES [1] Website of the Randoop test generation tool. https://randoop.github.io/randoop/. [2] PabloAbad, Nazareno Aguirre, Valeria S. Bengolea, Daniel Ciolek … 

         Title Teaching software engineering using globally distributed projects: the DOSE course
           URL http://scholar.google.com/https://dl.acm.org/doi/abs/10.1145/1984665.1984673
          Year 2011
     Citations 60
      Versions 13
    Cluster ID 18412623449884527902
Citations list http://scholar.google.com/scholar?cites=18412623449884527902&as_sdt=2005&sciodt=0,5&hl=en
 Versions list http://scholar.google.com/scholar?cluster=18412623449884527902&hl=en&as_sdt=0,5
       Excerpt … This API has to be fully equipped with preconditions and postcondi- tions. This forces the studentsto clearly state the assump- tions of each class and method, which is an important part of theAPI design. Then, the students do a mandatory code review for the API design … 

         Title Towards scaling up DynAlloy analysis using predicate abstraction
           URL http://sedici.unlp.edu.ar/handle/10915/21045
          Year 2009
     Citations 1
      Versions 10
    Cluster ID 1163584475499546418
Citations list http://scholar.google.com/scholar?cites=1163584475499546418&as_sdt=2005&sciodt=0,5&hl=en
 Versions list http://scholar.google.com/scholar?cluster=1163584475499546418&hl=en&as_sdt=0,5
       Excerpt … known NP problem. In order to overcome the scalability issues associated withautomated analy- sis techniques, many approaches have been proposed: abstraction[2,5,11,6], symbolic execution [12,7], static analysis, etc. We are … 

         Title Ranger: Parallel analysis of alloy models by range partitioning
           URL http://scholar.google.com/https://ieeexplore.ieee.org/abstract/document/6693075/
          Year 2013
     Citations 18
      Versions 10
    Cluster ID 8713922130241921121
Citations list http://scholar.google.com/scholar?cites=8713922130241921121&as_sdt=2005&sciodt=0,5&hl=en
 Versions list http://scholar.google.com/scholar?cluster=8713922130241921121&hl=en&as_sdt=0,5
       Excerpt … costs almost linearly. Index Terms—Static analysis, Alloy, Parallel analysis, SAT. I.INTRODUCTION Declarative formal models of software are valuable at a numberof different stages of software development. They are particularly … 

         Title Improving test generation under rich contracts by tight bounds and incremental SAT solving
           URL http://scholar.google.com/https://ieeexplore.ieee.org/abstract/document/6569712/
          Year 2013
     Citations 36
      Versions 12
    Cluster ID 17036674234931093000
Citations list http://scholar.google.com/scholar?cites=17036674234931093000&as_sdt=2005&sciodt=0,5&hl=en
 Versions list http://scholar.google.com/scholar?cluster=17036674234931093000&hl=en&as_sdt=0,5
       Excerpt Page 1. Improving Test Generation under Rich Contracts by Tight Bounds andIncremental SAT Solving Pablo Abad ∗ , Nazareno Aguirre † , Valeria Bengolea † ,Daniel Ciolek ‡ , Marcelo F. Frias ∗ , Juan Galeotti ‡ , Tom Maibaum … 

         Title An Evolutionary Approach to Translate Operational Specifications into Declarative Specifications
           URL http://scholar.google.com/https://books.google.com/books?hl=en&lr=&id=qVZ7DQAAQBAJ&oi=fnd&pg=PA145&dq=%22findbugs%22+OR+%22spotbugs%22+OR+%22code+review%22+OR+%22static+analysis%22+OR+%22regex%22+OR+%22regular+expression%22+OR+%22github%22+OR+%22pull+requests%22+Nazareno+Aguirre&ots=mRjfv-qrMT&sig=_apqZBIQqrqn5DTCWu0DVRy6NnA
          Year 2016
     Citations 0
      Versions 0
       Excerpt … showing their necessity. Indeed, many tools for program analysis, including run timeassertion checkers, and static analysis tools for verification, fault localization, testgeneration and bug finding, require for- mal specifications. In this … 

         Title Automatically Identifying Sufficient Object Builders from Module APIs.
           URL http://scholar.google.com/https://library.oapen.org/bitstream/handle/20.500.12657/23333/1006822.pdf?sequence=1#page=429
          Year 2019
     Citations 1
      Versions 7
    Cluster ID 14173537478146644032
Citations list http://scholar.google.com/scholar?cites=14173537478146644032&as_sdt=2005&sciodt=0,5&hl=en
 Versions list http://scholar.google.com/scholar?cluster=14173537478146644032&hl=en&as_sdt=0,5
       Excerpt … Springer, Heidelberg (1996). https://doi. org/10.1007/978-3-662-03315-9 23. Nori, AV, Rajamani,SK, Tetali, SD, Thakur, AV: The Yogi project: software property checking via static analysis andtesting. In: Kowalewski, S., Philippou, A. (eds.) TACAS 2009. LNCS, vol. 5505, pp … 

         Title Parallel bounded verification of Alloy models by TranScoping
           URL http://scholar.google.com/https://link.springer.com/chapter/10.1007/978-3-642-54108-7_5
          Year 2013
     Citations 7
      Versions 9
    Cluster ID 16070178963608099680
Citations list http://scholar.google.com/scholar?cites=16070178963608099680&as_sdt=2005&sciodt=0,5&hl=en
 Versions list http://scholar.google.com/scholar?cluster=16070178963608099680&hl=en&as_sdt=0,5
       Excerpt Page 1. Parallel Bounded Verification of Alloy Models by TranScoping ⋆ NicolásRosner1, Carlos Gustavo López Pombo1,2, Nazareno Aguirre3,2, Ali Jaoua4, AliMili5, and Marcelo F. Frias6,2 1 Department of Computer Science … 

         Title An evolutionary approach to translating operational specifications into declarative specifications
           URL http://scholar.google.com/https://www.sciencedirect.com/science/article/pii/S0167642319300735
          Year 2019
     Citations 7
      Versions 9
    Cluster ID 8430927946260505590
Citations list http://scholar.google.com/scholar?cites=8430927946260505590&as_sdt=2005&sciodt=0,5&hl=en
 Versions list http://scholar.google.com/scholar?cluster=8430927946260505590&hl=en&as_sdt=0,5
       Excerpt JavaScript is disabled on your browser. Please enable JavaScript to use allthe features on this page. Skip to main content Skip to article … 

         Title EvoSpex: An Evolutionary Algorithm for Learning Postconditions
           URL http://scholar.google.com/https://arxiv.org/abs/2102.13569
          Year 2021
     Citations 0
      Versions 2
 Versions list http://scholar.google.com/scholar?cluster=7822282352684258386&hl=en&as_sdt=0,5
       Excerpt Page 1. EvoSpex: An Evolutionary Algorithm for Learning Postconditions FacundoMolina∗†, Pablo Ponzio∗†, Nazareno Aguirre∗†, Marcelo Frias†‡ ∗ Department ofComputer Science, FCEFQyN, University of Río Cuarto, Argentina … 

         Title BLISS: improved symbolic execution by bounded lazy initialization with SAT support
           URL http://scholar.google.com/https://ieeexplore.ieee.org/abstract/document/7004061/
          Year 2015
     Citations 29
      Versions 10
    Cluster ID 1670895309062056713
Citations list http://scholar.google.com/scholar?cites=1670895309062056713&as_sdt=2005&sciodt=0,5&hl=en
 Versions list http://scholar.google.com/scholar?cluster=1670895309062056713&hl=en&as_sdt=0,5
       Excerpt Page 1. BLISS: Improved Symbolic Execution by Bounded Lazy Initialization withSAT Support Nicol as Rosner, Jaco Geldenhuys, Nazareno M. Aguirre, Willem Visser,and Marcelo F. Frias Abstract—Lazy Initialization (LI) allows … 

