[query] http://scholar.google.com/scholar?as_q=&as_epq=%22findbugs%22%20OR%20%22spotbugs%22%20OR%20%22code%20review%22%20OR%20%22static%20analysis%22%20OR%20%22regex%22%20OR%20%22regular%20expression%22%20OR%20%22github%22%20OR%20%22pull%20requests%22&as_oq=&as_eq=&as_occt=any&as_sauthors=Neil%20Walkinshaw&as_publication=&as_ylo=&as_yhi=&as_vis=0&btnG=&hl=en&num=80&as_sdt=0%2C5
         Title Are 20% of files responsible for 80% of defects?
           URL http://scholar.google.com/https://dl.acm.org/doi/abs/10.1145/3239235.3239244
          Year 2018
     Citations 11
      Versions 11
    Cluster ID 7060173613249317534
Citations list http://scholar.google.com/scholar?cites=7060173613249317534&as_sdt=2005&sciodt=0,5&hl=en
 Versions list http://scholar.google.com/scholar?cluster=7060173613249317534&hl=en&as_sdt=0,5
       Excerpt … Method: We devised a search criterion to identify defect fixes from commit messages and usedthis to analyse 100 active Github repositories, spanning a variety of languages and domains …jboss-eap-quickstarts 454,127 2,353 Java 43,691 jcabi-github 67,441 479 Java 23,742 … 

         Title Feature location and extraction using landmarks and barriers
           URL http://scholar.google.com/https://ieeexplore.ieee.org/abstract/document/4362618/
          Year 2007
     Citations 33
      Versions 7
    Cluster ID 1719934680083275848
Citations list http://scholar.google.com/scholar?cites=1719934680083275848&as_sdt=2005&sciodt=0,5&hl=en
 Versions list http://scholar.google.com/scholar?cluster=1719934680083275848&hl=en&as_sdt=0,5
       Excerpt … ICSM 2007 54 Page 2. criterion or the way that data and control dependencies aretraversed. By its nature, static analysis is overly conservative and tends to identifyrelationships between statements that cannot feasibly happen in practice … 

         Title Software Inspections, Code Reviews, and Safety Arguments
           URL http://scholar.google.com/https://link.springer.com/chapter/10.1007/978-3-319-64822-4_7
          Year 2017
     Citations 0
      Versions 0
       Excerpt … Within Java, which is more relatively amenable to static analysis, perhaps the most popular tool(which is not … Exercise: Open Eclipse or IntelliJ with the Findbugs plugin, and run it on a softwaresystem (preferably … Developer-driven code review is usually a two-step process [124] … 

         Title The Java system dependence graph
           URL http://scholar.google.com/https://ieeexplore.ieee.org/abstract/document/1238031/
          Year 2003
     Citations 101
      Versions 12
    Cluster ID 3216103158865557872
Citations list http://scholar.google.com/scholar?cites=3216103158865557872&as_sdt=2005&sciodt=0,5&hl=en
 Versions list http://scholar.google.com/scholar?cluster=3216103158865557872&hl=en&as_sdt=0,5
       Excerpt … Although dependence analysis is an established area, the JSysDG enables static analysis tobe carried out on a graph which will produce more accurate results than other static Javadependence graphs, because it can represent abstract classes which need not necessarily be … 

         Title A comparative study of methods for dynamic reverse-engineering of state models
           URL http://scholar.google.com/https://citeseerx.ist.psu.edu/viewdoc/download?doi=10.1.1.107.2030&rep=rep1&type=pdf
          Year 2007
     Citations 7
      Versions 5
    Cluster ID 18231699294189225567
Citations list http://scholar.google.com/scholar?cites=18231699294189225567&as_sdt=2005&sciodt=0,5&hl=en
 Versions list http://scholar.google.com/scholar?cluster=18231699294189225567&hl=en&as_sdt=0,5
       Excerpt … Static analysis can find all paths, but is usu- ally conservative in that not all of the discoveredpaths can be executed; dynamic analysis is effective in … For instance, if all sequences in a clusterstart with a number of method calls A, an abstract regular expression could start with A+ … 

         Title Applying grammar inference principles to dynamic analysis
           URL http://scholar.google.com/https://www.researchgate.net/profile/David_Roethlisberger/publication/224342425_Workshop_on_Program_Comprehension_Through_Dynamic_Analysis_PCODA'08/links/0fcfd50d07d2a6c3b5000000.pdf#page=24
          Year 2007
     Citations 2
      Versions 5
    Cluster ID 599237299871311340
Citations list http://scholar.google.com/scholar?cites=599237299871311340&as_sdt=2005&sciodt=0,5&hl=en
 Versions list http://scholar.google.com/scholar?cluster=599237299871311340&hl=en&as_sdt=0,5
       Excerpt … Negative samples can be obtained by a variety of techniques, such as proposing test sequences(if they fail/cannot be exe- cuted then they are negative) or by static analysis techniques which,although often too conservative to produce accurate positive input, are a powerful … 

         Title Improving dynamic software analysis by applying grammar inference principles
           URL http://scholar.google.com/https://onlinelibrary.wiley.com/doi/abs/10.1002/smr.373
          Year 2008
     Citations 23
      Versions 6
    Cluster ID 14874240719150019572
Citations list http://scholar.google.com/scholar?cites=14874240719150019572&as_sdt=2005&sciodt=0,5&hl=en
 Versions list http://scholar.google.com/scholar?cluster=14874240719150019572&hl=en&as_sdt=0,5
       Excerpt … Static analysis techniques on the other hand (eg, symbolic execution or call graph analysis)are forced to consider every conceivable program execution … However, as with static analysis,dynamic analysis techniques also suffer from major weaknesses … 

         Title Establishing the source code disruption caused by automated remodularisation tools
           URL http://scholar.google.com/https://ieeexplore.ieee.org/abstract/document/6976119/
          Year 2014
     Citations 13
      Versions 11
    Cluster ID 14506243461975572712
Citations list http://scholar.google.com/scholar?cites=14506243461975572712&as_sdt=2005&sciodt=0,5&hl=en
 Versions list http://scholar.google.com/scholar?cluster=14506243461975572712&hl=en&as_sdt=0,5
       Excerpt … code while maximising improvement in the global modular structure? (2) Can weuse the automated facilities that are built-in to version repositories, such aspull-requests and hooks? The core contributions of this paper are as … 

         Title Model-based testing and model inference
           URL http://scholar.google.com/https://link.springer.com/chapter/10.1007/978-3-642-34026-0_32
          Year 2012
     Citations 16
      Versions 4
    Cluster ID 4958186884440833285
Citations list http://scholar.google.com/scholar?cites=4958186884440833285&as_sdt=2005&sciodt=0,5&hl=en
 Versions list http://scholar.google.com/scholar?cluster=4958186884440833285&hl=en&as_sdt=0,5
       Excerpt … MATLAB models. The models used here are clas- sical data flow graphs derived byabstraction and static analysis rather than computational learning. Finally, the paper[7] by Meinke and Niu considers learning-based testing. This … 

         Title Software Quality Assurance
           URL http://scholar.google.com/https://link.springer.com/content/pdf/10.1007/978-3-319-64822-4.pdf
          Year 2017
     Citations 11
      Versions 5
    Cluster ID 12687339577887262596
      PDF link http://scholar.google.com/https://link.springer.com/content/pdf/10.1007/978-3-319-64822-4.pdf
Citations list http://scholar.google.com/scholar?cites=12687339577887262596&as_sdt=2005&sciodt=0,5&hl=en
 Versions list http://scholar.google.com/scholar?cluster=12687339577887262596&hl=en&as_sdt=0,5
       Excerpt … in the traditional 'Fagan inspections', this book only briefly covers these in favour of focussingon the less formal but more widespread activities that are broadly referred to as 'Modern CodeReview', where version repository-based tools such as Gerrit and Pull-requests are used … 

         Title Reverse-Engineering Software Behavior
           URL http://scholar.google.com/https://www.sciencedirect.com/science/article/pii/B978012408089800001X
          Year 2013
     Citations 9
      Versions 3
    Cluster ID 14294241001440157715
Citations list http://scholar.google.com/scholar?cites=14294241001440157715&as_sdt=2005&sciodt=0,5&hl=en
 Versions list http://scholar.google.com/scholar?cluster=14294241001440157715&hl=en&as_sdt=0,5
       Excerpt … This is followed by a high-level overview of the reverse-engineering process. •Section3: Static analysis. Introduces some of the key source code analysisapproaches that can be used to gain insights into program behavior … 

         Title Reasoning about uncertainty in empirical results
           URL http://scholar.google.com/https://dl.acm.org/doi/abs/10.1145/3383219.3383234
          Year 2020
     Citations 0
      Versions 3
 Versions list http://scholar.google.com/scholar?cluster=6242261227363349245&hl=en&as_sdt=0,5
       Excerpt Page 1. Reasoning about Uncertainty in Empirical Results Neil Walkinshaw TheUniversity of Sheffield Sheffield n.walkinshaw@sheffield.ac.uk Martin Shepperd BrunelUniversity London Uxbridge martin.shepperd@brunel.ac.uk … 

         Title Test case generation for agent-based models: A systematic literature review
           URL http://scholar.google.com/https://www.sciencedirect.com/science/article/pii/S0950584921000501
          Year 2021
     Citations 0
      Versions 6
 Versions list http://scholar.google.com/scholar?cluster=15355520913448011802&hl=en&as_sdt=0,5

         Title Using segment-based alignment to extract packet structures from network traces
           URL http://scholar.google.com/https://ieeexplore.ieee.org/abstract/document/8009943/
          Year 2017
     Citations 9
      Versions 3
    Cluster ID 14205289972447001117
Citations list http://scholar.google.com/scholar?cites=14205289972447001117&as_sdt=2005&sciodt=0,5&hl=en
 Versions list http://scholar.google.com/scholar?cluster=14205289972447001117&hl=en&as_sdt=0,5
       Excerpt … Typically, the alignment result is translated into a form of regular expression (orXML format) to represent the message format of each message type identified intrace. 2.2. Sequence Alignment in Packet Structure In- ference … 

         Title Improving Automated GUI Testing by Learning to Avoid Infeasible Tests
           URL http://scholar.google.com/https://ieeexplore.ieee.org/abstract/document/9176837/
          Year 2020
     Citations 0
      Versions 4
 Versions list http://scholar.google.com/scholar?cluster=9572203684022690831&hl=en&as_sdt=0,5
       Excerpt … The use of static analysis invariably means that the model will indicate that certainsequences of events should be possible when they are not … 1https://github.com/neilwalkinshaw/mintframework 2http://cse.unl.edu/∼myra/artifacts/Repeatability … 

         Title Choreography-based analysis of distributed message passing programs
           URL http://scholar.google.com/https://ieeexplore.ieee.org/abstract/document/7445383/
          Year 2016
     Citations 3
      Versions 8
    Cluster ID 16303287356677114400
Citations list http://scholar.google.com/scholar?cites=16303287356677114400&as_sdt=2005&sciodt=0,5&hl=en
 Versions list http://scholar.google.com/scholar?cluster=16303287356677114400&hl=en&as_sdt=0,5
       Excerpt … 6. See http://www.erlang.org/doc/man/gen server.html and http://www. erlang.org/doc/designprinciples/gen server concepts.html 7. At the time of writing there were 60,155 uses ofgen_server in Erlang GitHub projects. 516 Page 6. a process ID) … 

         Title What Is Software Quality, and Why Does it Matter?
           URL http://scholar.google.com/https://link.springer.com/chapter/10.1007/978-3-319-64822-4_2
          Year 2017
     Citations 1
      Versions 0
    Cluster ID 10670228450492740216
Citations list http://scholar.google.com/scholar?cites=10670228450492740216&as_sdt=2005&sciodt=0,5&hl=en
       Excerpt … Spreads through SMB by exploiting the Microsoft Windows Server Service Vulnerabil-ity. • Updates itself through a peer-to-peer mechanism within a LAN. 5 https://wikileaks.org/ciav7p1/ 6 https://github.com/misterch0c/shadowbroker/ Page 7 … 

         Title Managing Requirements and Code
           URL http://scholar.google.com/https://link.springer.com/chapter/10.1007/978-3-319-64822-4_4
          Year 2017
     Citations 0
      Versions 0
       Excerpt … Invariably, certain requirements cannot be implemented in isolation, but need to draw upon(and influence) design across the system in var- 5 https://github.com/google/styleguide 6 Cfhttps://blog.codinghorror.com/new-programming-jargon/. Page 17 … 

