[query] http://scholar.google.com/scholar?as_q=&as_epq=%22findbugs%22%20OR%20%22spotbugs%22%20OR%20%22code%20review%22%20OR%20%22static%20analysis%22%20OR%20%22regex%22%20OR%20%22regular%20expression%22%20OR%20%22github%22%20OR%20%22pull%20requests%22&as_oq=&as_eq=&as_occt=any&as_sauthors=Oscar%20Chaparro&as_publication=&as_ylo=&as_yhi=&as_vis=0&btnG=&hl=en&num=80&as_sdt=0%2C5
         Title BEE: a tool for structuring and analyzing bug reports
           URL http://scholar.google.com/https://dl.acm.org/doi/abs/10.1145/3368089.3417928
          Year 2020
     Citations 1
      Versions 0
    Cluster ID 11138860375436642487
Citations list http://scholar.google.com/scholar?cites=11138860375436642487&as_sdt=2005&sciodt=0,5&hl=en
       Excerpt … Bee is integrated with GitHub and offers a public web API that researchers can use to investigatebug management tasks based on bug reports … In the GitHub letter [3], developers demandimprovements to GitHub's issue tracker to ensure higher-quality bug reports … 

         Title Improving bug reporting, duplicate detection, and localization
           URL http://scholar.google.com/https://ieeexplore.ieee.org/abstract/document/7965374/
          Year 2017
     Citations 10
      Versions 3
    Cluster ID 7725476032945220722
Citations list http://scholar.google.com/scholar?cites=7725476032945220722&as_sdt=2005&sciodt=0,5&hl=en
 Versions list http://scholar.google.com/scholar?cluster=7725476032945220722&hl=en&as_sdt=0,5
       Excerpt … to GitHub remarking that “issues are often filed missing crucial information likereproduction steps and version tested” [7]. Low-quality content in bug reports impactsnegatively soft- ware users and developers in many ways … 

         Title Detecting missing information in bug descriptions
           URL http://scholar.google.com/https://dl.acm.org/doi/abs/10.1145/3106237.3106285
          Year 2017
     Citations 66
      Versions 3
    Cluster ID 18337523965214035161
Citations list http://scholar.google.com/scholar?cites=18337523965214035161&as_sdt=2005&sciodt=0,5&hl=en
 Versions list http://scholar.google.com/scholar?cluster=18337523965214035161&hl=en&as_sdt=0,5
       Excerpt … While considered extremely useful, reporters do not always include OB, EB, and S2Rin their bug reports. Recently, developers from more than one thousand open sourceprojects signed and sent a petition to GitHub remarking that “ … 

         Title Assessing the quality of the steps to reproduce in bug reports
           URL http://scholar.google.com/https://dl.acm.org/doi/abs/10.1145/3338906.3338947
          Year 2019
     Citations 17
      Versions 7
    Cluster ID 12886645118192873080
Citations list http://scholar.google.com/scholar?cites=12886645118192873080&as_sdt=2005&sciodt=0,5&hl=en
 Versions list http://scholar.google.com/scholar?cluster=12886645118192873080&hl=en&as_sdt=0,5
       Excerpt … Recently, developers from more than 1.3k open-source projects wrote a letter to GitHubexpressing their frustration that the S2Rs are often missing in bug reports [1], and askingfor a solution that would make reporters include them in the reports … 

         Title A Replication Package for It Takes Two to TANGO: Combining Visual and Textual Information for Detecting Duplicate Video-Based Bug Reports
           URL http://www.cs.wm.edu/~denys/pubs/ICSE21_Tango_Artifact.pdf
     Citations 0
      Versions 0
      PDF link http://www.cs.wm.edu/~denys/pubs/ICSE21_Tango_Artifact.pdf
       Excerpt … The artifact has been archived for future use on Zenodo [16] and GitHub [17]. II. ARTIFACTDESCRIPTION … REFERENCES [1] Tesseract ocr library https://github.com/tesseract-ocr/tesseract/wiki. [2] Bird eats bugs https://birdeatsbug.com/, 2020 … 

         Title Translating video recordings of mobile app usages into replayable scenarios
           URL http://scholar.google.com/https://dl.acm.org/doi/abs/10.1145/3377811.3380328
          Year 2020
     Citations 10
      Versions 5
    Cluster ID 2494097716679108698
Citations list http://scholar.google.com/scholar?cites=2494097716679108698&as_sdt=2005&sciodt=0,5&hl=en
 Versions list http://scholar.google.com/scholar?cluster=2494097716679108698&hl=en&as_sdt=0,5
       Excerpt Page 1. Translating Video Recordings of Mobile App Usages into Replayable Scenarios CarlosBernal-Cárdenas William & Mary Williamsburg, Virginia, USA cebernal@cs.wm.edu NathanCooper William & Mary Williamsburg, Virginia, USA nacooper01@email.wm.edu … 

         Title Using observed behavior to reformulate queries during text retrieval-based bug localization
           URL http://scholar.google.com/https://ieeexplore.ieee.org/abstract/document/8094437/
          Year 2017
     Citations 35
      Versions 2
    Cluster ID 4119087369269369295
Citations list http://scholar.google.com/scholar?cites=4119087369269369295&as_sdt=2005&sciodt=0,5&hl=en
 Versions list http://scholar.google.com/scholar?cluster=4119087369269369295&hl=en&as_sdt=0,5
       Excerpt … queries. 1We used Defects4J v1.0.1, which originally contained five systems. Thisdata is available at https://github.com/rjust/defects4j/releases 2The authors of theQQ data set shared with us an updated version of it. Therefore … 

         Title Reverse Engineering in Procedural Software Evolution
           URL http://scholar.google.com/https://books.google.com/books?hl=en&lr=&id=KW5B8y0OWWEC&oi=fnd&pg=PA127&dq=%22findbugs%22+OR+%22spotbugs%22+OR+%22code+review%22+OR+%22static+analysis%22+OR+%22regex%22+OR+%22regular+expression%22+OR+%22github%22+OR+%22pull+requests%22+Oscar+Chaparro&ots=gIrhM9yuvD&sig=6fzsia1Dc0opMUv1b1A_iDETEB4
          Year 2012
     Citations 0
      Versions 2
 Versions list http://scholar.google.com/scholar?cluster=47285214081142037&hl=en&as_sdt=0,5
       Excerpt … Execution Traces Analysis As a complement to Static Analysis in RE, processingof run-time infor- mation is commonly used in what is called Dynamic Analysis. Maybethe most common source is the system execution trace … 

         Title It Takes Two to Tango: Combining Visual and Textual Information for Detecting Duplicate Video-Based Bug Reports
           URL http://scholar.google.com/https://arxiv.org/abs/2101.09194
          Year 2021
     Citations 2
      Versions 3
    Cluster ID 11608037842971268081
Citations list http://scholar.google.com/scholar?cites=11608037842971268081&as_sdt=2005&sciodt=0,5&hl=en
 Versions list http://scholar.google.com/scholar?cluster=11608037842971268081&hl=en&as_sdt=0,5
       Excerpt Page 1. It Takes Two to TANGO: Combining Visual and Textual Information forDetecting Duplicate Video-Based Bug Reports Nathan Cooper∗, CarlosBernal-Cárdenas∗, Oscar Chaparro∗, Kevin Moran†, Denys Poshyvanyk … 

         Title Automated Analysis of Bug Descriptions to Support Bug Reporting and Resolution
           URL http://scholar.google.com/https://utd-ir.tdl.org/handle/10735.1/7148
          Year 2019
     Citations 0
      Versions 0
       Excerpt … ambiguous [1, 108, 249, 248, 73, 115]. Recently, developers from more than 1.3k open-sourceprojects wrote a letter to GitHub expressing their frustration that essential information (eg … supportfor bug reporting [1, 249, 108]. In the aforementioned GitHub petition [1], developers … 

         Title Predicting extragalactic distance errors using Bayesian inference in multimeasurement catalogues
           URL http://scholar.google.com/https://academic.oup.com/mnras/article-abstract/485/3/4343/5368374
          Year 2019
     Citations 0
      Versions 5
 Versions list http://scholar.google.com/scholar?cluster=17631578621389598779&hl=en&as_sdt=0,5
       Excerpt … our results to other more commonly used frequentist methods, such as the weighted estimatesmentioned above, and we produce pre-computed data tables for the three catalogues mentionedabove, which can be found in the repository for this work at https://github.com/saint … 

         Title Vectorization techniques for probability distribution functions using VecCore
           URL http://scholar.google.com/https://iopscience.iop.org/article/10.1088/1742-6596/1525/1/012106/meta
          Year 2020
     Citations 1
      Versions 4
    Cluster ID 5778908100583881809
Citations list http://scholar.google.com/scholar?cites=5778908100583881809&as_sdt=2005&sciodt=0,5&hl=en
 Versions list http://scholar.google.com/scholar?cluster=5778908100583881809&hl=en&as_sdt=0,5
       Excerpt … 4. References [1] VecMath [software], 2018. Available from https://github.com/root-project/vecmath[accessed 2018-02-15] [2] Jun SY et al. 2019 … Available from https://github.com/root-project/veccore [accessed 2018-02-17] [5] Vc [software], version 1.3.0, 2017 … 

         Title Predicting extragalactic distance errors using Bayesian inference in multi-measurement catalogs
           URL http://scholar.google.com/https://arxiv.org/abs/1805.02578
          Year 2018
     Citations 0
      Versions 0
       Excerpt … the weighted estimates mentioned above, and we produce pre-computed data tablesfor the three catalogs mentioned above, which can be found in the repository for thiswork at https://github.com/saint-germain/errorprediction … 

         Title Low Dimensional Embedding of Climate Data for Radio Astronomical Site Testing in the Colombian Andes
           URL http://scholar.google.com/https://iopscience.iop.org/article/10.1088/1538-3873/aa83fe/meta
          Year 2017
     Citations 1
      Versions 7
    Cluster ID 13103445519492436050
Citations list http://scholar.google.com/scholar?cites=13103445519492436050&as_sdt=2005&sciodt=0,5&hl=en
 Versions list http://scholar.google.com/scholar?cluster=13103445519492436050&hl=en&as_sdt=0,5
       Excerpt … Thus, we classify stations according to which variables they measured (Table 1). Thedata is public and can be found in the repository for this paper at https://github.com/saint-germain/ideam. Zoom In Zoom Out Reset image size … 

         Title Semiautomatic Reverse Engineering Tool on Oracle Forms Information Systems
           URL http://scholar.google.com/https://core.ac.uk/download/pdf/20073910.pdf
          Year 2012
     Citations 0
      Versions 2
      PDF link http://scholar.google.com/https://core.ac.uk/download/pdf/20073910.pdf
 Versions list http://scholar.google.com/scholar?cluster=4107799961389060301&hl=en&as_sdt=0,5
       Excerpt Page 1. Semiautomatic Reverse Engineering Tool on Oracle Forms InformationSystems Oscar Javier Chaparro Arenas Code: 02300403 Universidad Nacionalde Colombia Facultad de Ingenier´ıa Departamento de Ingenier … 

         Title Automated Analysis of Bug Descriptions to Support Bug Reporting and Resolution
           URL http://scholar.google.com/https://search.proquest.com/openview/742882fb874c79cf1c0b8a0d71b46eff/1?pq-origsite=gscholar&cbl=18750&diss=y
          Year 2019
     Citations 0
      Versions 0
       Excerpt … ambiguous [1, 108, 249, 248, 73, 115]. Recently, developers from more than 1.3k open-sourceprojects wrote a letter to GitHub expressing their frustration that essential information (eg … supportfor bug reporting [1, 249, 108]. In the aforementioned GitHub petition [1], developers … 

