[query] http://scholar.google.com/scholar?as_q=&as_epq=%22findbugs%22%20OR%20%22spotbugs%22%20OR%20%22code%20review%22%20OR%20%22static%20analysis%22%20OR%20%22regex%22%20OR%20%22regular%20expression%22%20OR%20%22github%22%20OR%20%22pull%20requests%22&as_oq=&as_eq=&as_occt=any&as_sauthors=Patanamon%20Thongtanunam&as_publication=&as_ylo=&as_yhi=&as_vis=0&btnG=&hl=en&num=80&as_sdt=0%2C5
         Title Who should review my code? a file location-based code-reviewer recommendation approach for modern code review
           URL http://scholar.google.com/https://ieeexplore.ieee.org/abstract/document/7081824/
          Year 2015
     Citations 169
      Versions 17
    Cluster ID 7071181244179207918
Citations list http://scholar.google.com/scholar?cites=7071181244179207918&as_sdt=2005&sciodt=0,5&hl=en
 Versions list http://scholar.google.com/scholar?cluster=7071181244179207918&hl=en&as_sdt=0,5
       Excerpt Software code review is an inspection of a code change by an independent third-party developer in order to identify and fix defects before an integration. Effectively performing code review can improve the overall software quality. In recent years, Modern Code Review  …

         Title Revisiting code ownership and its relationship with software quality in the scope of modern code review
           URL http://scholar.google.com/https://dl.acm.org/doi/abs/10.1145/2884781.2884852
          Year 2016
     Citations 86
      Versions 4
    Cluster ID 1356350407254642340
Citations list http://scholar.google.com/scholar?cites=1356350407254642340&as_sdt=2005&sciodt=0,5&hl=en
 Versions list http://scholar.google.com/scholar?cluster=1356350407254642340&hl=en&as_sdt=0,5
       Excerpt Code ownership establishes a chain of responsibility for modules in large software systems. Although prior work uncovers a link between code ownership heuristics and software quality, these heuristics rely solely on the authorship of code changes. In addition to …

         Title Review participation in modern code review
           URL http://scholar.google.com/https://link.springer.com/content/pdf/10.1007/s10664-016-9452-6.pdf
          Year 2017
     Citations 65
      Versions 6
    Cluster ID 13548793040598882369
      PDF link http://scholar.google.com/https://link.springer.com/content/pdf/10.1007/s10664-016-9452-6.pdf
Citations list http://scholar.google.com/scholar?cites=13548793040598882369&as_sdt=2005&sciodt=0,5&hl=en
 Versions list http://scholar.google.com/scholar?cluster=13548793040598882369&hl=en&as_sdt=0,5
       Excerpt Software code review is a well-established software quality practice. Recently, Modern Code Review (MCR) has been widely adopted in both open source and proprietary projects. Our prior work shows that review participation plays an important role in MCR practices, since …

         Title Investigating code review practices in defective files: An empirical study of the qt system
           URL http://scholar.google.com/https://ieeexplore.ieee.org/abstract/document/7180077/
          Year 2015
     Citations 69
      Versions 8
    Cluster ID 6690651621007842500
Citations list http://scholar.google.com/scholar?cites=6690651621007842500&as_sdt=2005&sciodt=0,5&hl=en
 Versions list http://scholar.google.com/scholar?cluster=6690651621007842500&hl=en&as_sdt=0,5
       Excerpt Software code review is a well-established software quality practice. Recently, Modern Code Review (MCR) has been widely adopted in both open source and proprietary projects. To evaluate the impact that characteristics of MCR practices have on software quality, this …

         Title Improving code review effectiveness through reviewer recommendations
           URL http://scholar.google.com/https://dl.acm.org/doi/abs/10.1145/2593702.2593705
          Year 2014
     Citations 62
      Versions 12
    Cluster ID 10908735489821048311
Citations list http://scholar.google.com/scholar?cites=10908735489821048311&as_sdt=2005&sciodt=0,5&hl=en
 Versions list http://scholar.google.com/scholar?cluster=10908735489821048311&hl=en&as_sdt=0,5
       Excerpt Effectively performing code review increases the quality of software and reduces occurrence of defects. However, this requires reviewers with experiences and deep understandings of system code. Manual selection of such reviewers can be a costly and time-consuming task …

         Title The impact of human factors on the participation decision of reviewers in modern code review
           URL http://scholar.google.com/https://link.springer.com/article/10.1007/s10664-018-9646-1
          Year 2019
     Citations 22
      Versions 7
    Cluster ID 4346753423992596253
Citations list http://scholar.google.com/scholar?cites=4346753423992596253&as_sdt=2005&sciodt=0,5&hl=en
 Versions list http://scholar.google.com/scholar?cluster=4346753423992596253&hl=en&as_sdt=0,5
       Excerpt Abstract Modern Code Review (MCR) plays a key role in software quality practices. In MCR process, a new patch (ie, a set of code changes) is encouraged to be examined by reviewers in order to identify weaknesses in source code prior to an integration into main …

         Title Reda: A web-based visualization tool for analyzing modern code review dataset
           URL http://scholar.google.com/https://ieeexplore.ieee.org/abstract/document/6976150/
          Year 2014
     Citations 25
      Versions 12
    Cluster ID 3900375067975586760
Citations list http://scholar.google.com/scholar?cites=3900375067975586760&as_sdt=2005&sciodt=0,5&hl=en
 Versions list http://scholar.google.com/scholar?cluster=3900375067975586760&hl=en&as_sdt=0,5
       Excerpt ReDA (http://reda. naist. jp/) is a web-based visualization tool for analyzing Modern Code Review (MCR) datasets for large Open Source Software (OSS) projects. MCR is a commonly practiced and lightweight inspection of source code using a support tool such as Gerrit …

         Title Review dynamics and their impact on software quality
           URL http://scholar.google.com/https://ieeexplore.ieee.org/abstract/document/8951283/
          Year 2020
     Citations 7
      Versions 2
    Cluster ID 14347770646659928479
Citations list http://scholar.google.com/scholar?cites=14347770646659928479&as_sdt=2005&sciodt=0,5&hl=en
 Versions list http://scholar.google.com/scholar?cluster=14347770646659928479&hl=en&as_sdt=0,5
       Excerpt … that the social status of a patch author (eg, the number of followers in GitHub projects) is … messagewill contain the vote score following specific patterns (eg, 'Patchset 1: Code-Review +1') when …Hence, we use a regular expression to extract the Change-ID in the commit message … 

         Title Review participation in modern code review: An empirical study of the Android, Qt, and OpenStack projects (journal-first abstract)
           URL http://scholar.google.com/https://ieeexplore.ieee.org/abstract/document/8330241/
          Year 2018
     Citations 6
      Versions 3
    Cluster ID 7196735838151822486
Citations list http://scholar.google.com/scholar?cites=7196735838151822486&as_sdt=2005&sciodt=0,5&hl=en
 Versions list http://scholar.google.com/scholar?cluster=7196735838151822486&hl=en&as_sdt=0,5
       Excerpt This paper empirically investigates the factors influence review participation in the MCR process. Through a case study of the Android, Qt, and OpenStack open source projects, we find that the amount of review participation in the past is a significant indicator of patches that …

         Title Automatically generating documentation for lambda expressions in java
           URL http://scholar.google.com/https://ieeexplore.ieee.org/abstract/document/8816799/
          Year 2019
     Citations 11
      Versions 8
    Cluster ID 12346835614345715309
Citations list http://scholar.google.com/scholar?cites=12346835614345715309&as_sdt=2005&sciodt=0,5&hl=en
 Versions list http://scholar.google.com/scholar?cluster=12346835614345715309&hl=en&as_sdt=0,5
       Excerpt … An empirical study of the documentation of lambda expressions in GitHub repositories via sourcecode comments … We chose not to rely on existing static analysis approaches (eg, PMD [5]) sincethese approaches often require compilable code to identify lambda expressions … 

         Title Assessing the Students' Understanding and their Mistakes in Code Review Checklists---An Experience Report of 1,791 Code Review Checklist Questions from 394 …
           URL http://scholar.google.com/https://arxiv.org/abs/2101.04837
          Year 2021
     Citations 1
      Versions 2
    Cluster ID 13895778337686568828
Citations list http://scholar.google.com/scholar?cites=13895778337686568828&as_sdt=2005&sciodt=0,5&hl=en
 Versions list http://scholar.google.com/scholar?cluster=13895778337686568828&hl=en&as_sdt=0,5
       Excerpt Code review is a widely-used practice in software development companies to identify defects. Hence, code review has been included in many software engineering curricula at universities worldwide. However, teaching code review is still a challenging task because …

         Title Anti-patterns in Modern Code Review: Symptoms and Prevalence
           URL http://scholar.google.com/https://www.researchgate.net/profile/Patanamon-Thongtanunam-2/publication/349044370_Anti-patterns_in_Modern_Code_Review_Symptoms_and_Prevalence/links/601cab3fa6fdcc37a802549b/Anti-patterns-in-Modern-Code-Review-Symptoms-and-Prevalence.pdf
          Year 2021
     Citations 0
      Versions 3
      PDF link http://scholar.google.com/https://www.researchgate.net/profile/Patanamon-Thongtanunam-2/publication/349044370_Anti-patterns_in_Modern_Code_Review_Symptoms_and_Prevalence/links/601cab3fa6fdcc37a802549b/Anti-patterns-in-Modern-Code-Review-Symptoms-and-Prevalence.pdf
 Versions list http://scholar.google.com/scholar?cluster=10469965254374157207&hl=en&as_sdt=0,5
       Excerpt Modern code review (MCR) is now broadly adopted as an established and effective software quality assurance practice, with an increasing number of open-source as well as commercial software projects identifying code review as a crucial practice. During the MCR process …

         Title Assessing MCR discussion usefulness using semantic similarity
           URL http://scholar.google.com/https://ieeexplore.ieee.org/abstract/document/6976022/
          Year 2014
     Citations 12
      Versions 3
    Cluster ID 4314464423660176931
Citations list http://scholar.google.com/scholar?cites=4314464423660176931&as_sdt=2005&sciodt=0,5&hl=en
 Versions list http://scholar.google.com/scholar?cluster=4314464423660176931&hl=en&as_sdt=0,5
       Excerpt … Abstract—Modern Code Review (MCR) is an informal prac- tice whereby reviewers virtuallydiscuss proposed changes by adding comments through a code review tool or mailing list …Keywords—Modern Code Review, Software Quality, Text Mining … 

         Title Studying Reviewer Selection and Involvement in Modern Code Review Processes
           URL http://scholar.google.com/https://sail.cs.queensu.ca/Downloads/Dissertation2017_Patanamon_Thongtanunam.pdf
          Year 2016
     Citations 1
      Versions 5
    Cluster ID 14623892265238346532
      PDF link http://scholar.google.com/https://sail.cs.queensu.ca/Downloads/Dissertation2017_Patanamon_Thongtanunam.pdf
Citations list http://scholar.google.com/scholar?cites=14623892265238346532&as_sdt=2005&sciodt=0,5&hl=en
 Versions list http://scholar.google.com/scholar?cluster=14623892265238346532&hl=en&as_sdt=0,5
       Excerpt Software code review is a well-established software quality practice. During code review, team members examine each others' code changes in order to identify potential problems early in the development cycle. In a distributed development setting, code review in modern …

         Title Using HPC Resources to Exploit Big Data for Code Review Analytics
           URL http://patanamon.com/assets/publications/Thongtanunam_HPCS2017_using-HPC-Resources-to-Exploit-Big-Data-for-Code-Review-Analytics.pdf
     Citations 0
      Versions 2
      PDF link http://patanamon.com/assets/publications/Thongtanunam_HPCS2017_using-HPC-Resources-to-Exploit-Big-Data-for-Code-Review-Analytics.pdf
 Versions list http://scholar.google.com/scholar?cluster=15282540482806605222&hl=en&as_sdt=0,5
       Excerpt Code review is one of the crucial software activities where developers and stakeholders collaborate with each other in order to assess software changes. Since code review processes act as a final gate for new software changes to be integrated into the software …

         Title Predicting defective lines using a model-agnostic technique
           URL http://scholar.google.com/https://arxiv.org/abs/2009.03612
          Year 2020
     Citations 5
      Versions 8
    Cluster ID 3857894369649384233
Citations list http://scholar.google.com/scholar?cites=3857894369649384233&as_sdt=2005&sciodt=0,5&hl=en
 Versions list http://scholar.google.com/scholar?cluster=3857894369649384233&hl=en&as_sdt=0,5
       Excerpt … An analysis of the prevalence of defective lines. • The benchmark line-level defect datasets areavail- able online at https://github.com/awsm-research/ line-level-defect-prediction … However,they found that their studied static analysis tools (ie, PMD and FINDBUGS) and the file … 

         Title An Approach to Recommend Reviewers using File Path Similarity for Peer Code Review Process
           URL http://library.naist.jp/dspace/handle/10061/9475
          Year 2014
     Citations 0
      Versions 2
 Versions list http://scholar.google.com/scholar?cluster=6119106728119038384&hl=en&as_sdt=0,5
       Excerpt DSpace/Manakin Repository An Approach to Recommend Reviewers using File Path Similarityfor Peer Code Review Process … JavaScript is disabled for your browser. Some features of thissite may not work without it. An Approach to Recommend Reviewers using File Path Similarity …

         Title Workload-aware reviewer recommendation using a multi-objective search-based approach
           URL http://scholar.google.com/https://dl.acm.org/doi/abs/10.1145/3416508.3417115
          Year 2020
     Citations 0
      Versions 5
 Versions list http://scholar.google.com/scholar?cluster=2373755217685019441&hl=en&as_sdt=0,5
       Excerpt … KEYWORDS Code Review, Reviewer Recommendation, Search-Based Software Engineering …https://doi.org/10. 1145/3416508.3417115 1 INTRODUCTION Code review is one of the importantquality assurance practices in a software development process … 

