[query] http://scholar.google.com/scholar?as_q=&as_epq=%22findbugs%22%20OR%20%22spotbugs%22%20OR%20%22code%20review%22%20OR%20%22static%20analysis%22%20OR%20%22regex%22%20OR%20%22regular%20expression%22%20OR%20%22github%22%20OR%20%22pull%20requests%22&as_oq=&as_eq=&as_occt=any&as_sauthors=Rahul%20Pandita&as_publication=&as_ylo=&as_yhi=&as_vis=0&btnG=&hl=en&num=80&as_sdt=0%2C5
         Title Bespoke tools: adapted to the concepts developers know
           URL http://scholar.google.com/https://dl.acm.org/doi/abs/10.1145/2786805.2803197
          Year 2015
     Citations 11
      Versions 5
    Cluster ID 3274711323543285830
Citations list http://scholar.google.com/scholar?cites=3274711323543285830&as_sdt=2005&sciodt=0,5&hl=en
 Versions list http://scholar.google.com/scholar?cluster=3274711323543285830&hl=en&as_sdt=0,5
       Excerpt … Code Review Tool Use Code Bug Fixes Dev Data Dev Data … 4.3 Understandable Program AnalysisOutput While prioritization of static analysis notifications may help with initial user … For example,FindBugs provides the following notification: There is a statement or branch that if … 

         Title A cross-tool communication study on program analysis tool notifications
           URL http://scholar.google.com/https://dl.acm.org/doi/abs/10.1145/2950290.2950304
          Year 2016
     Citations 21
      Versions 8
    Cluster ID 1424386965589074335
Citations list http://scholar.google.com/scholar?cites=1424386965589074335&as_sdt=2005&sciodt=0,5&hl=en
 Versions list http://scholar.google.com/scholar?cluster=1424386965589074335&hl=en&as_sdt=0,5
       Excerpt … Our research materials are available on-line to aid other researchers in replication andexploration.1 3.1 Research Question In a previous study, we asked developers to recallexpe- riences with static analysis tools and briefly use FindBugs … 

         Title Literature review of testing techniques for medical device software
           URL http://scholar.google.com/https://citeseerx.ist.psu.edu/viewdoc/download?doi=10.1.1.300.9608&rep=rep1&type=pdf
          Year 2013
     Citations 15
      Versions 5
    Cluster ID 13781746517238939539
Citations list http://scholar.google.com/scholar?cites=13781746517238939539&as_sdt=2005&sciodt=0,5&hl=en
 Versions list http://scholar.google.com/scholar?cluster=13781746517238939539&hl=en&as_sdt=0,5
       Excerpt … testing. However, we have deliberately excluded basic testing terms such as unittest, static analysis, and function test, because we target the advanced testingtechniques that are an enhancement to basic testing. Furthermore … 

         Title Are vulnerabilities discovered and resolved like other defects?
           URL http://scholar.google.com/https://link.springer.com/article/10.1007/s10664-017-9541-1
          Year 2018
     Citations 15
      Versions 5
    Cluster ID 7706638940178060540
Citations list http://scholar.google.com/scholar?cites=7706638940178060540&as_sdt=2005&sciodt=0,5&hl=en
 Versions list http://scholar.google.com/scholar?cluster=7706638940178060540&hl=en&as_sdt=0,5
       Excerpt … Zheng et al. (2006) show the value of using static-analysis tools for ensuring software qualityby studying Firefox. They argue that although static-analysis tools find limited type of defects,in practice developers often repeat such limited types of defects. Likewise, Shin et al … 

         Title Latent patterns in activities: A field study of how developers manage context
           URL http://scholar.google.com/https://ieeexplore.ieee.org/abstract/document/8811986/
          Year 2019
     Citations 4
      Versions 6
    Cluster ID 6362608979019358951
Citations list http://scholar.google.com/scholar?cites=6362608979019358951&as_sdt=2005&sciodt=0,5&hl=en
 Versions list http://scholar.google.com/scholar?cluster=6362608979019358951&hl=en&as_sdt=0,5
       Excerpt … 1https://sarmaresearch.github.io/ICSE19-LatentPatternsInActivities … I will use the Concurrent pattern]if one of my tasks involves a lot of waiting or downtime.” Additionally, a blocked subgoal can beattributed to coordination issues such as waiting for a code review, as indicated … 

         Title A tale from the trenches: cognitive biases and software development
           URL http://scholar.google.com/https://dl.acm.org/doi/abs/10.1145/3377811.3380330
          Year 2020
     Citations 2
      Versions 7
    Cluster ID 15719612429313973777
Citations list http://scholar.google.com/scholar?cites=15719612429313973777&as_sdt=2005&sciodt=0,5&hl=en
 Versions list http://scholar.google.com/scholar?cluster=15719612429313973777&hl=en&as_sdt=0,5
       Excerpt … The Fixation (CB3) category refers to anchoring problem solv- ing efforts on initialassumptions, and not modifying said anchor 2https://epiclab.github.io/ICSE20-CogBias/sufficiently in light of added information or contradictory evidence … 

         Title Tmap: Discovering relevant api methods through text mining of api documentation
           URL http://scholar.google.com/https://onlinelibrary.wiley.com/doi/abs/10.1002/smr.1845
          Year 2017
     Citations 8
      Versions 0
    Cluster ID 149755273936329733
Citations list http://scholar.google.com/scholar?cites=149755273936329733&as_sdt=2005&sciodt=0,5&hl=en
       Excerpt … Because static analysis approaches2, 4 leverage source code analysis, the accuracy of suchapproaches is dependent on the quality of … Text mining based approach leverages the well‐formedstructure of CamelCase notations to encode a regular expression to achieve splitting … 

         Title Discovering likely mappings between APIs using text mining
           URL http://scholar.google.com/https://ieeexplore.ieee.org/abstract/document/7335419/
          Year 2015
     Citations 17
      Versions 6
    Cluster ID 670964425543113210
Citations list http://scholar.google.com/scholar?cites=670964425543113210&as_sdt=2005&sciodt=0,5&hl=en
 Versions list http://scholar.google.com/scholar?cluster=670964425543113210&hl=en&as_sdt=0,5
       Excerpt … TMAP leverages the well-formed structure of CamelCase notations to encode a regularexpression to achieve splitting with relatively high accuracy … Their mapping results allowcomparison of TMAP with static-analysis based approach. Although, Nguyen et al … 

         Title Veteran developers' contributions and motivations: An open source perspective
           URL http://scholar.google.com/https://ieeexplore.ieee.org/abstract/document/7739681/
          Year 2016
     Citations 1
      Versions 6
    Cluster ID 17685967884314388663
Citations list http://scholar.google.com/scholar?cites=17685967884314388663&as_sdt=2005&sciodt=0,5&hl=en
 Versions list http://scholar.google.com/scholar?cluster=17685967884314388663&hl=en&as_sdt=0,5
       Excerpt … We define commonly co-occuring by each tag's related tags and synonyms on thetag's 'about' page on StackOverflow. For instance, the following tags commonlyco-occur with string: regex, compare, replace, integer, and reverse … 

         Title Sec'13: 22nd USENIX Security Symposium
           URL http://scholar.google.com/https://www.usenix.org/system/files/login/articles/1312_sec13.pdf
          Year 2013
     Citations 0
      Versions 0
      PDF link http://scholar.google.com/https://www.usenix.org/system/files/login/articles/1312_sec13.pdf
       Excerpt … He then provided context about stateoftheart auto mated testing approaches by explainingstatic analysis and symbolic execution. Static analysis is difficult to make pathsen sitive andinterprocedural, and it generates many false positive and negatives … 

         Title Inferring method specifications from natural language API descriptions
           URL http://scholar.google.com/https://ieeexplore.ieee.org/abstract/document/6227137/
          Year 2012
     Citations 159
      Versions 16
    Cluster ID 13089395587090475479
Citations list http://scholar.google.com/scholar?cites=13089395587090475479&as_sdt=2005&sciodt=0,5&hl=en
 Versions list http://scholar.google.com/scholar?cluster=13089395587090475479&hl=en&as_sdt=0,5
       Excerpt … a single character in quotes) or string (characterized by a string in quotes), our generator usesthe startswith method, and if the argument is a range (characterized by expression 'a–z'), ourgenerator uses the substring(0,1) method by converting the range to a regular expression … 

         Title Inferring Semantic Information from Natural-Language Software Artifacts
           URL http://scholar.google.com/https://repository.lib.ncsu.edu/bitstream/handle/1840.16/10538/etd.pdf?sequence=2
          Year 2015
     Citations 0
      Versions 3
 Versions list http://scholar.google.com/scholar?cluster=4642185990310454428&hl=en&as_sdt=0,5
       Excerpt Page 1. ABSTRACT PANDITA, RAHUL. Inferring Semantic Information from Natural-LanguageSoftware Artifacts. (Under the direction of Laurie Williams.) Specifications play and importantrole in software engineering for ensuring software qual- ity … 

