[query] http://scholar.google.com/scholar?as_q=&as_epq=%22findbugs%22%20OR%20%22spotbugs%22%20OR%20%22code%20review%22%20OR%20%22static%20analysis%22%20OR%20%22regex%22%20OR%20%22regular%20expression%22%20OR%20%22github%22%20OR%20%22pull%20requests%22&as_oq=&as_eq=&as_occt=any&as_sauthors=Rahul%20Purandare&as_publication=&as_ylo=&as_yhi=&as_vis=0&btnG=&hl=en&num=80&as_sdt=0%2C5
         Title Residual dynamic typestate analysis exploiting static analysis: results to reformulate and reduce the cost of dynamic analysis
           URL http://scholar.google.com/https://dl.acm.org/doi/abs/10.1145/1321631.1321651
          Year 2007
     Citations 63
      Versions 0
    Cluster ID 18396580049720138110
Citations list http://scholar.google.com/scholar?cites=18396580049720138110&as_sdt=2005&sciodt=0,5&hl=en
       Excerpt Programmers using complex libraries and frameworks are faced with the difficult task of ensuring that their implementations comply with complex and informally described rules for proper sequencing of API calls. Recent advances in static and dynamic techniques for …

         Title JCoffee: Using Compiler Feedback to Make Partial Code Snippets Compilable
           URL http://scholar.google.com/https://ieeexplore.ieee.org/abstract/document/9240636/
          Year 2020
     Citations 1
      Versions 4
    Cluster ID 10056263364534010247
Citations list http://scholar.google.com/scholar?cites=10056263364534010247&as_sdt=2005&sciodt=0,5&hl=en
 Versions list http://scholar.google.com/scholar?cluster=10056263364534010247&hl=en&as_sdt=0,5
       Excerpt … Finally, the implementation of JCoffee, benchmarks, and outputs are available athttps://github.com/piyush69/JCoffee … REFERENCES [1] B. Dagenais and L. Hendren, “Enablingstatic analysis for partial java programs,” in Proceedings of the 23rd ACM SIGPLAN conference … 

         Title Similarities Across Libraries: Making a Case for Leveraging Test Suites
           URL http://scholar.google.com/https://ieeexplore.ieee.org/abstract/document/8730155/
          Year 2019
     Citations 1
      Versions 4
    Cluster ID 6791909512593419576
Citations list http://scholar.google.com/scholar?cites=6791909512593419576&as_sdt=2005&sciodt=0,5&hl=en
 Versions list http://scholar.google.com/scholar?cluster=6791909512593419576&hl=en&as_sdt=0,5
       Excerpt … 30.6% of these defects were revealed using tests from issue reports submitted in another library.Reported issues and pull requests serve as a rich source 1https://github.com/ 79 2019 12th IEEEConference on Software Testing, Validation and Verification (ICST) … 

         Title Segate: unveiling semantic inconsistencies between code and specification of string inputs
           URL http://scholar.google.com/https://ieeexplore.ieee.org/abstract/document/8952371/
          Year 2019
     Citations 0
      Versions 4
 Versions list http://scholar.google.com/scholar?cluster=2846514879456712815&hl=en&as_sdt=0,5
       Excerpt … Index Terms—testing, static analysis, string input generation, regular expression, automatonmodeling, data flow analysis … RegMap contains mapping from method to the regex denoting theinput structure derived from the implementation. Algorithm 1: Derive Regular Expression … 

         Title Mining Similar Methods for Test Adaptation
           URL http://scholar.google.com/https://ieeexplore.ieee.org/abstract/document/9347715/
          Year 2021
     Citations 0
      Versions 2
 Versions list http://scholar.google.com/scholar?cluster=12161362061506852438&hl=en&as_sdt=0,5
       Excerpt … For all the candidates classified as matches, METALLICUS fetches the corresponding test suitesfrom the database and 2. https://github.com/clonebench/BigCloneBench Page 7. 0098-5589(c) 2021 IEEE … Fig. 6: Static analysis and instrumentation for test case extraction … 

         Title A search system for mathematical expressions on software binaries
           URL http://scholar.google.com/https://ieeexplore.ieee.org/abstract/document/8595232/
          Year 2018
     Citations 2
      Versions 7
    Cluster ID 5374762223785535996
Citations list http://scholar.google.com/scholar?cites=5374762223785535996&as_sdt=2005&sciodt=0,5&hl=en
 Versions list http://scholar.google.com/scholar?cluster=5374762223785535996&hl=en&as_sdt=0,5
       Excerpt … While choosing implementations of the corresponding expressions on GitHub, we ensure thatour methods are not biased towards a particular tool, release or community … Even static analysismay not be possible in cases where type information is re- quired … 

         Title SWaP: meta analysis of static analyzer reports for accurate warning prioritization
           URL http://scholar.google.com/https://repository.iiitd.edu.in/xmlui/handle/123456789/855
          Year 2020
     Citations 0
      Versions 0
       Excerpt … 1.2 Java Static Analysis Tool We have discussed about each of the selected static analysis toolsin detail below: 1.2.1 SpotBugs SpotBugs [5] is the spiritual successor of FindBugs, which is anopen source static code analyser that detects possible bugs in Java programs … 

         Title POLLUX: safely upgrading dependent application libraries
           URL http://scholar.google.com/https://dl.acm.org/doi/abs/10.1145/2950290.2950345
          Year 2016
     Citations 9
      Versions 3
    Cluster ID 6997556040535087181
Citations list http://scholar.google.com/scholar?cites=6997556040535087181&as_sdt=2005&sciodt=0,5&hl=en
 Versions list http://scholar.google.com/scholar?cluster=6997556040535087181&hl=en&as_sdt=0,5
       Excerpt Page 1. POLLUX: Safely Upgrading Dependent Application Libraries Sukrit Kalra∗ IIIT Delhi,India Ayush Goel∗ IIIT Delhi, India Dhriti Khanna IIIT Delhi, India Mohan Dhawan IBM Research,India Subodh Sharma IIT Delhi, India Rahul Purandare IIIT Delhi, India … 

         Title Including Everyone, Everywhere: Understanding Opportunities and Challenges of Geographic Gender-Inclusion in OSS
           URL http://scholar.google.com/https://arxiv.org/abs/2010.00822
          Year 2020
     Citations 2
      Versions 0
    Cluster ID 13326339706888808019
Citations list http://scholar.google.com/scholar?cites=13326339706888808019&as_sdt=2005&sciodt=0,5&hl=en
       Excerpt … Our study presents a multi-region geographical analysis of gender inclusion on GitHub …Index Terms—inclusion, OSS, software engineering, empirical studies, GitHub,diversity, gender, geographic regions, ♦ 1 INTRODUCTION … 

         Title Anne: Improving source code search using entity retrieval approach
           URL http://scholar.google.com/https://dl.acm.org/doi/abs/10.1145/3018661.3018691
          Year 2017
     Citations 20
      Versions 4
    Cluster ID 9385318403762314105
Citations list http://scholar.google.com/scholar?cites=9385318403762314105&as_sdt=2005&sciodt=0,5&hl=en
 Versions list http://scholar.google.com/scholar?cluster=9385318403762314105&hl=en&as_sdt=0,5
       Excerpt … Therefore, Sarah would either have to use regex in her query (such as enum.*\{.or search for occurrences of enum, and manually check each assign- ment to findthe submissions that did not use parameterized enum properly … 

         Title Distributed Finite-State Runtime Monitoring with Aggregated Events
           URL http://scholar.google.com/https://link.springer.com/chapter/10.1007/978-3-642-40787-1_6
          Year 2013
     Citations 1
      Versions 7
    Cluster ID 8142524781333318227
Citations list http://scholar.google.com/scholar?cites=8142524781333318227&as_sdt=2005&sciodt=0,5&hl=en
 Versions list http://scholar.google.com/scholar?cluster=8142524781333318227&hl=en&as_sdt=0,5
       Excerpt … expression, and is performed by applying the regex-to-constraint expression operator Σ−⇁, definedas follows. Definition 7 (Regex-To-CE). Given a regular expression R, one can derive a con-straint expression ˆC, whose vectors are well-formed with respect to an alphabet Σ … 

         Title Including Everyone, Everywhere: Understanding Opportunities and Challenges of Geographic Gender-Inclusion in OSS
           URL http://scholar.google.com/https://ui.adsabs.harvard.edu/abs/2020arXiv201000822A/abstract
          Year 2020
     Citations 0
      Versions 0
       Excerpt … However, how complete can these reports be with little to no research reflective of the OpenSource Software (OSS) process and communities software is now commonly developed in? Ourstudy presents a multi-region geographical analysis of gender inclusion on GitHub … 

         Title Improving memory utiliza-tion and security of software applications by performing static program analysis and program transformation
           URL http://scholar.google.com/https://repository.iiitd.edu.in/jspui/handle/123456789/699
          Year 2017
     Citations 0
      Versions 0
       Excerpt … Also our aim is to develop different tech- niques to perform memory optimisations. Keywords:Security, Static Analysis, Memory Optimisation, Android Applications, Java, String- Builder, String …Static Analysis is method of analysing code without actually having to run the code … 

         Title METIS: Resource and Context-Aware Monitoring of Finite State Properties
           URL http://scholar.google.com/https://link.springer.com/chapter/10.1007/978-3-030-03769-7_10
          Year 2018
     Citations 1
      Versions 0
    Cluster ID 2021228876979892926
Citations list http://scholar.google.com/scholar?cites=2021228876979892926&as_sdt=2005&sciodt=0,5&hl=en
       Excerpt … time, we employ static analysis to identify and instrument the methods which are within thedistance equal to the length of the context from the method calls that may lead to the error state.Aspects and Monitors Allocation: Metis takes as input the regular expression based mop … 

         Title Optimal Runtime Verification of Finite State Properties over Lossy Event Streams
           URL http://scholar.google.com/https://arxiv.org/abs/2004.04214
          Year 2004
     Citations 0
      Versions 2
 Versions list http://scholar.google.com/scholar?cluster=1170929052254701623&hl=en&as_sdt=0,5
       Excerpt … Remark 7. A GNFT can be converted to a NFT. A sketch of this conversion which works byexpanding each transition follows. Take a transition (r, γ) ∈ δ(q1, q2). The regex r can beconverted to a NFA A = (Q ,Σ,δ ,q0,f ) with a single accept state by standard algorithms … 

         Title Chiromancer: A tool for boosting android application performance
           URL http://scholar.google.com/https://dl.acm.org/doi/abs/10.1145/2593902.2593918
          Year 2014
     Citations 4
      Versions 3
    Cluster ID 7759076762236472524
Citations list http://scholar.google.com/scholar?cites=7759076762236472524&as_sdt=2005&sciodt=0,5&hl=en
 Versions list http://scholar.google.com/scholar?cluster=7759076762236472524&hl=en&as_sdt=0,5
       Excerpt … General Terms Performance Keywords Android, Performance, Static Analysis, Code Injection,Mo- bile, Soot … In this paper, we present Chiromancer, a prototype that takes Application Package(APK) of apps and performs static analysis to uncover performance issues … 

         Title On Indirectly Dependent Documentation in the Context of Code Evolution: A Study
           URL http://pag.iiitd.edu.in/sites/default/files/Sondhi21_DocDependence_preprint_0.pdf
     Citations 0
      Versions 0
      PDF link http://pag.iiitd.edu.in/sites/default/files/Sondhi21_DocDependence_preprint_0.pdf
       Excerpt … Java has been ranked as one of the five most popular languages on GitHub over the last fiveyears [33] … Hence, for the second RQ, we study discussions over issue reports and pull requeststo observe whether documentation-related inconsistencies are highlighted … 

         Title KIRKE: Re-engineering of Web Applications to Mobile Apps
           URL http://scholar.google.com/https://dl.acm.org/doi/abs/10.1145/2994374.2994401
          Year 2016
     Citations 0
      Versions 4
 Versions list http://scholar.google.com/scholar?cluster=2675523257596375743&hl=en&as_sdt=0,5
       Excerpt … Therefore, our solution should not assume avail- ability of any of these artifacts. • Static analysistechniques require sophisticated, com- plex language parsers, and analyzers that are hard toconstruct and are not always openly available for all modern languages … 

         Title CLOTHO: saving programs from malformed strings and incorrect string-handling
           URL http://scholar.google.com/https://dl.acm.org/doi/abs/10.1145/2786805.2786877
          Year 2015
     Citations 9
      Versions 5
    Cluster ID 3940587972893316141
Citations list http://scholar.google.com/scholar?cites=3940587972893316141&as_sdt=2005&sciodt=0,5&hl=en
 Versions list http://scholar.google.com/scholar?cluster=3940587972893316141&hl=en&as_sdt=0,5
       Excerpt … CLOTHO further uses dynamic analysis to improve the precision of the patchesgenerated by the static analysis … Our source code and data sets are available to theopen source community at https://github.com/aritradhar/CLOTHO … 

         Title Code variants and their retrieval using knowledge discovery based approaches
           URL http://scholar.google.com/https://repository.iiitd.edu.in/jspui/handle/123456789/625
          Year 2018
     Citations 0
      Versions 2
 Versions list http://scholar.google.com/scholar?cluster=7104559572264816077&hl=en&as_sdt=0,5
       Excerpt … Apart from supporting software engineering applications, as future work, we plan to exploreenhancing static analysis over source code snippets using the data from discussion forums … In2017, Github reached 24 Million developers and 67 Million repositories1. 2.1 Code Search … 

