[query] http://scholar.google.com/scholar?as_q=&as_epq=%22findbugs%22%20OR%20%22spotbugs%22%20OR%20%22code%20review%22%20OR%20%22static%20analysis%22%20OR%20%22regex%22%20OR%20%22regular%20expression%22%20OR%20%22github%22%20OR%20%22pull%20requests%22&as_oq=&as_eq=&as_occt=any&as_sauthors=Raula%20Gaikovina%20Kula&as_publication=&as_ylo=&as_yhi=&as_vis=0&btnG=&hl=en&num=80&as_sdt=0%2C5
         Title Who should review my code? a file location-based code-reviewer recommendation approach for modern code review
           URL http://scholar.google.com/https://ieeexplore.ieee.org/abstract/document/7081824/
          Year 2015
     Citations 169
      Versions 17
    Cluster ID 7071181244179207918
Citations list http://scholar.google.com/scholar?cites=7071181244179207918&as_sdt=2005&sciodt=0,5&hl=en
 Versions list http://scholar.google.com/scholar?cluster=7071181244179207918&hl=en&as_sdt=0,5
       Excerpt Software code review is an inspection of a code change by an independent third-party developer in order to identify and fix defects before an integration. Effectively performing code review can improve the overall software quality. In recent years, Modern Code Review  …

         Title Mining the modern code review repositories: A dataset of people, process and product
           URL http://scholar.google.com/https://dl.acm.org/doi/abs/10.1145/2901739.2903504
          Year 2016
     Citations 43
      Versions 6
    Cluster ID 14191729225736267094
Citations list http://scholar.google.com/scholar?cites=14191729225736267094&as_sdt=2005&sciodt=0,5&hl=en
 Versions list http://scholar.google.com/scholar?cluster=14191729225736267094&hl=en&as_sdt=0,5
       Excerpt In this paper, we present a collection of Modern Code Review data for five open source projects. The data showcases mined data from both an integrated peer review system and source code repositories. We present an easy-to-use and richer data structure to retrieve the …

         Title Who does what during a code review? datasets of oss peer review repositories
           URL http://scholar.google.com/https://ieeexplore.ieee.org/abstract/document/6624003/
          Year 2013
     Citations 71
      Versions 6
    Cluster ID 2891550062668990778
Citations list http://scholar.google.com/scholar?cites=2891550062668990778&as_sdt=2005&sciodt=0,5&hl=en
 Versions list http://scholar.google.com/scholar?cluster=2891550062668990778&hl=en&as_sdt=0,5
       Excerpt We present four datasets that are focused on the general roles of OSS peer review members. With data mined from both an integrated peer review system and code source repositories, our rich datasets comprise of peer review data that was automatically recorded …

         Title Improving code review effectiveness through reviewer recommendations
           URL http://scholar.google.com/https://dl.acm.org/doi/abs/10.1145/2593702.2593705
          Year 2014
     Citations 62
      Versions 12
    Cluster ID 10908735489821048311
Citations list http://scholar.google.com/scholar?cites=10908735489821048311&as_sdt=2005&sciodt=0,5&hl=en
 Versions list http://scholar.google.com/scholar?cluster=10908735489821048311&hl=en&as_sdt=0,5
       Excerpt Effectively performing code review increases the quality of software and reduces occurrence of defects. However, this requires reviewers with experiences and deep understandings of system code. Manual selection of such reviewers can be a costly and time-consuming task …

         Title Search-based peer reviewers recommendation in modern code review
           URL http://scholar.google.com/https://ieeexplore.ieee.org/abstract/document/7816482/
          Year 2016
     Citations 49
      Versions 7
    Cluster ID 7900691539091193049
Citations list http://scholar.google.com/scholar?cites=7900691539091193049&as_sdt=2005&sciodt=0,5&hl=en
 Versions list http://scholar.google.com/scholar?cluster=7900691539091193049&hl=en&as_sdt=0,5
       Excerpt Code review is of primary importance in modern software development. It is widely recognized that peer review is an efficient and effective practice for improving software quality and reducing defect proneness. For successful review process, peer reviewers …

         Title A topological analysis of communication channels for knowledge sharing in contemporary GitHub projects
           URL http://scholar.google.com/https://www.sciencedirect.com/science/article/pii/S0164121219301906
          Year 2019
     Citations 6
      Versions 7
    Cluster ID 1066147523149016294
Citations list http://scholar.google.com/scholar?cites=1066147523149016294&as_sdt=2005&sciodt=0,5&hl=en
 Versions list http://scholar.google.com/scholar?cluster=1066147523149016294&hl=en&as_sdt=0,5
       Excerpt With over 28 million developers, success of the GitHub collaborative platform is highlighted through an abundance of communication channels among contemporary software projects. Knowledge is broken into two forms and its sharing (through communication channels) can …

         Title WhoReview: A multi-objective search-based approach for code reviewers recommendation in modern code review
           URL http://scholar.google.com/https://www.sciencedirect.com/science/article/pii/S1568494620308462
          Year 2021
     Citations 1
      Versions 4
    Cluster ID 4362610432361454237
Citations list http://scholar.google.com/scholar?cites=4362610432361454237&as_sdt=2005&sciodt=0,5&hl=en
 Versions list http://scholar.google.com/scholar?cluster=4362610432361454237&hl=en&as_sdt=0,5
       Excerpt Contemporary software development is distributed and characterized by high dynamics with continuous and frequent changes to fix defects, add new user requirements or adapt to other environmental changes. To manage such changes and ensure software quality, modern …

         Title Reda: A web-based visualization tool for analyzing modern code review dataset
           URL http://scholar.google.com/https://ieeexplore.ieee.org/abstract/document/6976150/
          Year 2014
     Citations 25
      Versions 12
    Cluster ID 3900375067975586760
Citations list http://scholar.google.com/scholar?cites=3900375067975586760&as_sdt=2005&sciodt=0,5&hl=en
 Versions list http://scholar.google.com/scholar?cluster=3900375067975586760&hl=en&as_sdt=0,5
       Excerpt ReDA (http://reda. naist. jp/) is a web-based visualization tool for analyzing Modern Code Review (MCR) datasets for large Open Source Software (OSS) projects. MCR is a commonly practiced and lightweight inspection of source code using a support tool such as Gerrit …

         Title 9.6 million links in source code comments: Purpose, evolution, and decay
           URL http://scholar.google.com/https://ieeexplore.ieee.org/abstract/document/8811933/
          Year 2019
     Citations 23
      Versions 12
    Cluster ID 4589047884512097132
Citations list http://scholar.google.com/scholar?cites=4589047884512097132&as_sdt=2005&sciodt=0,5&hl=en
 Versions list http://scholar.google.com/scholar?cluster=4589047884512097132&hl=en&as_sdt=0,5
       Excerpt … These languages have been ranked consistently in the top 10 languages on GitHub from 2008to … of pull requests from 2014 to 2017 [10], and the number of pull requests in 2017 … From theextracted comments, links are identified using the regular expression /http<S+/ (lo- calhost … 

         Title Analyzing First Contributions on GitHub: What do Newcomers do
           URL http://scholar.google.com/https://ieeexplore.ieee.org/abstract/document/9273270/
          Year 2020
     Citations 0
      Versions 0
       Excerpt The popularity of Open Source Software (OSS) is at an all-time high and for it to remain so it is vital for new developers to continually join and contribute to the OSS community. In this paper, to better understand the first time contributor, we study the characteristics of the first …

         Title Towards smoother library migrations: A look at vulnerable dependency migrations at function level for npm JavaScript packages
           URL http://scholar.google.com/https://ieeexplore.ieee.org/abstract/document/8530065/
          Year 2018
     Citations 21
      Versions 2
    Cluster ID 9399114035123397265
Citations list http://scholar.google.com/scholar?cites=9399114035123397265&as_sdt=2005&sciodt=0,5&hl=en
 Versions list http://scholar.google.com/scholar?cluster=9399114035123397265&hl=en&as_sdt=0,5
       Excerpt … For step two, with the help of a simple regular expression search12, we located … VulnerableDependency # GitHub stars Updated dependents Outdated dependents Max stars Min stars Maxstars … [2] S. Mirhosseini and C. Parnin, “Can automated pull requests encourage software … 

         Title GitHub Discussions: An Exploratory Study of Early Adoption
           URL http://scholar.google.com/https://arxiv.org/abs/2102.05230
          Year 2021
     Citations 0
      Versions 3
 Versions list http://scholar.google.com/scholar?cluster=5450101411913059500&hl=en&as_sdt=0,5
       Excerpt Discussions is a new feature of GitHub for asking questions or discussing topics outside of specific Issues or Pull Requests. Before being available to all projects in December 2020, it had been tested on selected open source software projects. To understand how developers …

         Title Same File, Different Changes: The Potential of Meta-Maintenance on GitHub
           URL http://scholar.google.com/https://arxiv.org/abs/2102.06355
          Year 2021
     Citations 0
      Versions 2
 Versions list http://scholar.google.com/scholar?cluster=14021232683517189654&hl=en&as_sdt=0,5
       Excerpt Online collaboration platforms such as GitHub have provided software developers with the ability to easily reuse and share code between repositories. With clone-and-own and forking becoming prevalent, maintaining these shared files is important, especially for keeping the …

         Title Newcomer Candidate: Characterizing Contributions of a Novice Developer to GitHub
           URL http://scholar.google.com/https://ieeexplore.ieee.org/abstract/document/9240601/
          Year 2020
     Citations 0
      Versions 5
 Versions list http://scholar.google.com/scholar?cluster=12107421924782972005&hl=en&as_sdt=0,5
       Excerpt To attract, onboard, and retain any newcomer in Open Source Software (OSS) projects is vital to their livelihood. Recent studies conclude that OSS projects risk failure due to abandonment and poor participation of newcomers. Evidence suggests more new users are …

         Title Visualizing the evolution of systems and their library dependencies
           URL http://scholar.google.com/https://ieeexplore.ieee.org/abstract/document/6980224/
          Year 2014
     Citations 51
      Versions 14
    Cluster ID 6221610744846531597
Citations list http://scholar.google.com/scholar?cites=6221610744846531597&as_sdt=2005&sciodt=0,5&hl=en
 Versions list http://scholar.google.com/scholar?cluster=6221610744846531597&hl=en&as_sdt=0,5
       Excerpt … For this study, we found that the FINDBUGS 11 system serves as a perfect example of our cognitivewalk-through. FINDBUGS is a java program that uses static analysis to look for bugs in Java code …11http://findbugs.sourceforge.net/ 12https://github.com/alibaba/fastjson … 

         Title Do developers update their library dependencies?
           URL http://scholar.google.com/https://link.springer.com/article/10.1007/s10664-017-9521-5
          Year 2018
     Citations 129
      Versions 11
    Cluster ID 662201613823385404
Citations list http://scholar.google.com/scholar?cites=662201613823385404&as_sdt=2005&sciodt=0,5&hl=en
 Versions list http://scholar.google.com/scholar?cluster=662201613823385404&hl=en&as_sdt=0,5
       Excerpt … In this paper, we investigate the extent of which developers update their librarydependencies. Specifically, we conducted an empirical study on library migration that coversover 4,600 GitHub software projects and 2,700 library dependencies … 

         Title Code-based Vulnerability Detection in Node. js Applications: How far are we?
           URL http://scholar.google.com/https://ieeexplore.ieee.org/abstract/document/9286126/
          Year 2020
     Citations 3
      Versions 4
    Cluster ID 5487018030002878348
Citations list http://scholar.google.com/scholar?cites=5487018030002878348&as_sdt=2005&sciodt=0,5&hl=en
 Versions list http://scholar.google.com/scholar?cluster=5487018030002878348&hl=en&as_sdt=0,5
       Excerpt … [8] GitHub. 2019. GitHub Advisory Database … 2020. NAlST-SE/steady: Analyses yourJava andPython applications for open-source dependencies with known vulnerabilities, using both staticanalysis and testing to determine code context and usage for greater accuracy … 

         Title FLOSS!= GitHub: A Case Study of Linux/BSD Perceptions from Microsoft's Acquisition of GitHub
           URL http://scholar.google.com/https://arxiv.org/abs/2102.01325
          Year 2021
     Citations 0
      Versions 0
       Excerpt In 2018, the software industry giants Microsoft made a move into the Open Source world by completing the acquisition of mega Open Source platform, GitHub. This acquisition was not without controversy, as it is well-known that the free software communities includes not only …

         Title Does Code Review Promote Conformance? A Study of OpenStack Patches
           URL http://scholar.google.com/https://arxiv.org/abs/2103.08595
          Year 2021
     Citations 0
      Versions 2
 Versions list http://scholar.google.com/scholar?cluster=15457969230215015879&hl=en&as_sdt=0,5
       Excerpt Code Review plays a crucial role in software quality, by allowing reviewers to discuss and critique any new patches before they can be successfully integrated into the project code. Yet, it is unsure the extent to which coding pattern changes (ie, repetitive code) from when a …

         Title The Evolution of Code Review Research: A Systematic Mapping Study
           URL http://scholar.google.com/https://arxiv.org/abs/1911.08816
          Year 2019
     Citations 0
      Versions 2
 Versions list http://scholar.google.com/scholar?cluster=17297740841773185865&hl=en&as_sdt=0,5
       Excerpt Code Review (CR) is a cornerstone for Quality Assurance within software development teams. Also known as" software inspections" and" walk-throughs", traditional CR involved time-consuming processes, which is different from more lightweight contemporary forms …

