[query] http://scholar.google.com/scholar?as_q=&as_epq=%22findbugs%22%20OR%20%22spotbugs%22%20OR%20%22code%20review%22%20OR%20%22static%20analysis%22%20OR%20%22regex%22%20OR%20%22regular%20expression%22%20OR%20%22github%22%20OR%20%22pull%20requests%22&as_oq=&as_eq=&as_occt=any&as_sauthors=Raymond%20Buse&as_publication=&as_ylo=&as_yhi=&as_vis=0&btnG=&hl=en&num=80&as_sdt=0%2C5
         Title A metric for software readability
           URL http://scholar.google.com/https://dl.acm.org/doi/abs/10.1145/1390630.1390647
          Year 2008
     Citations 178
      Versions 13
    Cluster ID 157958703414959015
Citations list http://scholar.google.com/scholar?cites=157958703414959015&as_sdt=2005&sciodt=0,5&hl=en
 Versions list http://scholar.google.com/scholar?cluster=157958703414959015&hl=en&as_sdt=0,5
       Excerpt … and soapUI projects, functions judged less readable by our met- ric were dramatically more likelyto contain FindBugs de- fect reports … cated integrated development environments (IDEs) and spe-cialized static analysis tools designed to aid in software in- spections (eg, [3]), may … 

         Title Learning a metric for code readability
           URL http://scholar.google.com/https://ieeexplore.ieee.org/abstract/document/5332232/
          Year 2009
     Citations 316
      Versions 12
    Cluster ID 5773733260690664449
Citations list http://scholar.google.com/scholar?cites=5773733260690664449&as_sdt=2005&sciodt=0,5&hl=en
 Versions list http://scholar.google.com/scholar?cluster=5773733260690664449&hl=en&as_sdt=0,5
       Excerpt … Index Terms—Software readability, program understanding, machine learning, softwaremaintenance, code metrics, FindBugs. Ç … more strongly with this direct notion of defect densitythan it does with the previous approach of using potential bugs reported by static analysis tools … 

         Title Automatic documentation inference for exceptions
           URL http://scholar.google.com/https://dl.acm.org/doi/abs/10.1145/1390630.1390664
          Year 2008
     Citations 140
      Versions 6
    Cluster ID 5193301934445831425
Citations list http://scholar.google.com/scholar?cites=5193301934445831425&as_sdt=2005&sciodt=0,5&hl=en
 Versions list http://scholar.google.com/scholar?cluster=5193301934445831425&hl=en&as_sdt=0,5
       Excerpt … DrJava 20070828 Development 131 2215 121 19.01% FindBugs 1.2.1 Program Analysis 1422965 245 7.76 … Azureus 93,052 17,296 3.30 703.2s 2.32s 504.56s 1,210s DrJava 1,288 3171.66 606.0s 0.22s 46.33s 653s FindBugs 9,280 1,160 1.99 431.0s 0.27s 62.00s 493s … 

         Title The road not taken: Estimating path execution frequency statically
           URL http://scholar.google.com/https://ieeexplore.ieee.org/abstract/document/5070516/
          Year 2009
     Citations 58
      Versions 9
    Cluster ID 17336382607632875704
Citations list http://scholar.google.com/scholar?cites=17336382607632875704&as_sdt=2005&sciodt=0,5&hl=en
 Versions list http://scholar.google.com/scholar?cluster=17336382607632875704&hl=en&as_sdt=0,5
       Excerpt … First, we claim that path-based frequency can be more useful in certain static analysis tasks;see Ball et al. [7] for an in-depth discussion … Symbolic values that are too complex for the staticanalysis to handle are replaced by concrete values from the execution … 

         Title Synthesizing API usage examples
           URL http://scholar.google.com/https://ieeexplore.ieee.org/abstract/document/6227140/
          Year 2012
     Citations 175
      Versions 8
    Cluster ID 15624121739580529235
Citations list http://scholar.google.com/scholar?cites=15624121739580529235&as_sdt=2005&sciodt=0,5&hl=en
 Versions list http://scholar.google.com/scholar?cluster=15624121739580529235&hl=en&as_sdt=0,5
       Excerpt Page 1. Synthesizing API Usage Examples Raymond PL Buse and Westley WeimerDepartment of Computer Science University of Virginia, Charlottesville, VA, USA1buse,weimerl@cs.virginia.edu Abstract—Key program interfaces … 

         Title Information needs for software development analytics
           URL http://scholar.google.com/https://ieeexplore.ieee.org/abstract/document/6227122/
          Year 2012
     Citations 222
      Versions 11
    Cluster ID 12643050587801762773
Citations list http://scholar.google.com/scholar?cites=12643050587801762773&as_sdt=2005&sciodt=0,5&hl=en
 Versions list http://scholar.google.com/scholar?cluster=12643050587801762773&hl=en&as_sdt=0,5
       Excerpt … “For our checkin process, if I had decent metrics for software readability, dependencychanges, component- level changes, etc., I could help drive decisions on what levelsof code review we would force. I'd also like to make … 

         Title A Human-Centric Approach to Program Understanding
           URL http://citeseerx.ist.psu.edu/viewdoc/download?doi=10.1.1.298.7032&rep=rep1&type=pdf
          Year 2010
     Citations 2
      Versions 4
    Cluster ID 14463200268805107717
Citations list http://scholar.google.com/scholar?cites=14463200268805107717&as_sdt=2005&sciodt=0,5&hl=en
 Versions list http://scholar.google.com/scholar?cluster=14463200268805107717&hl=en&as_sdt=0,5
       Excerpt … Runtime Behavior refers to what a program is most likely to do — information that is typicallyunavail- able for a static analysis … Symbolic values that are too complex for the static analysisto handle are replaced by concrete values from the execution … 

         Title Automatically describing program structure and behavior
           URL http://scholar.google.com/https://web.eecs.umich.edu/~weimerw/students/rayphd.pdf
          Year 2012
     Citations 2
      Versions 4
    Cluster ID 5469126736897196749
      PDF link http://scholar.google.com/https://web.eecs.umich.edu/~weimerw/students/rayphd.pdf
Citations list http://scholar.google.com/scholar?cites=5469126736897196749&as_sdt=2005&sciodt=0,5&hl=en
 Versions list http://scholar.google.com/scholar?cluster=5469126736897196749&hl=en&as_sdt=0,5
       Excerpt … 2, 9 static analysis — Analysis of computer software that is performed without actually executingprograms … Runtime behavior refers to what a program will do, or is most likely to do, when executed— information that is typically unavailable for a static analysis … 

         Title Practical android test recording with espresso test recorder
           URL http://scholar.google.com/https://ieeexplore.ieee.org/abstract/document/8804444/
          Year 2019
     Citations 3
      Versions 4
    Cluster ID 18070465877469281101
Citations list http://scholar.google.com/scholar?cites=18070465877469281101&as_sdt=2005&sciodt=0,5&hl=en
 Versions list http://scholar.google.com/scholar?cluster=18070465877469281101&hl=en&as_sdt=0,5
       Excerpt Page 1. Practical Android Test Recording with Espresso Test Recorder Stas NegaraGoogle LLC Mountain View, CA, USA snegara@google.com Naeem Esfahani GoogleLLC Mountain View, CA, USA naeeem@google.com … 

