[query] http://scholar.google.com/scholar?as_q=&as_epq=%22findbugs%22%20OR%20%22spotbugs%22%20OR%20%22code%20review%22%20OR%20%22static%20analysis%22%20OR%20%22regex%22%20OR%20%22regular%20expression%22%20OR%20%22github%22%20OR%20%22pull%20requests%22&as_oq=&as_eq=&as_occt=any&as_sauthors=Ripon%20Saha&as_publication=&as_ylo=&as_yhi=&as_vis=0&btnG=&hl=en&num=80&as_sdt=0%2C5
         Title Bugs. jar: a large-scale, diverse dataset of real-world java bugs
           URL http://scholar.google.com/https://dl.acm.org/doi/abs/10.1145/3196398.3196473
          Year 2018
     Citations 65
      Versions 5
    Cluster ID 574696454904590212
Citations list http://scholar.google.com/scholar?cites=574696454904590212&as_sdt=2005&sciodt=0,5&hl=en
 Versions list http://scholar.google.com/scholar?cluster=574696454904590212&hl=en&as_sdt=0,5
       Excerpt … application domains. Bugs.jar is publicly available at https://github.com/bugs-dot-jar/bugs-dot-jar. This … discussed below). Thus we chose the Apache ecosystem on GitHub, whichhas 260 such tagged projects, for constructing Bugs.jar. First … 

         Title Elixir: an automated repair tool for Java programs
           URL http://scholar.google.com/https://dl.acm.org/doi/abs/10.1145/3183440.3183487
          Year 2018
     Citations 3
      Versions 3
    Cluster ID 11445090251141141168
Citations list http://scholar.google.com/scholar?cites=11445090251141141168&as_sdt=2005&sciodt=0,5&hl=en
 Versions list http://scholar.google.com/scholar?cluster=11445090251141141168&hl=en&as_sdt=0,5
       Excerpt … We also report on our efforts towards practical deployment of Elixir within our organization,including the initial results of a trial of Elixir on a project of interest to potential customers. A videodemonstrating Elixir is available at: https://elixir-tool.github.io/demo-video.html … 

         Title Fuzz testing based data augmentation to improve robustness of deep neural networks
           URL http://scholar.google.com/https://ieeexplore.ieee.org/abstract/document/9283925/
          Year 2020
     Citations 12
      Versions 5
    Cluster ID 5210704511978612364
Citations list http://scholar.google.com/scholar?cites=5210704511978612364&as_sdt=2005&sciodt=0,5&hl=en
 Versions list http://scholar.google.com/scholar?cluster=5210704511978612364&hl=en&as_sdt=0,5
       Excerpt Page 1. Fuzz Testing based Data Augmentation to Improve Robustness of Deep Neural NetworksXiang Gao∗ National University of Singapore, Singapore gaoxiang@comp.nus.edu.sg Ripon K.Saha Fujitsu Laboratories of America, Inc, USA rsaha@us.fujitsu.com … 

         Title Entropy guided spectrum based bug localization using statistical language model
           URL http://scholar.google.com/https://arxiv.org/abs/1802.06947
          Year 2018
     Citations 7
      Versions 2
    Cluster ID 12023399939865873093
Citations list http://scholar.google.com/scholar?cites=12023399939865873093&as_sdt=2005&sciodt=0,5&hl=en
 Versions list http://scholar.google.com/scholar?cluster=12023399939865873093&hl=en&as_sdt=0,5
       Excerpt Page 1. Entropy Guided Spectrum Based Bug Localization Using Statistical LanguageModel Saikat Chakraborty1,*, Yujian Li2,*, Matt Irvine3,*, Ripon Saha+, and BaishakhiRay5,* *Department of Computer Science, University … 

         Title Elixir: Effective object-oriented program repair
           URL http://scholar.google.com/https://ieeexplore.ieee.org/abstract/document/8115675/
          Year 2017
     Citations 108
      Versions 3
    Cluster ID 15088111314385995117
Citations list http://scholar.google.com/scholar?cites=15088111314385995117&as_sdt=2005&sciodt=0,5&hl=en
 Versions list http://scholar.google.com/scholar?cluster=15088111314385995117&hl=en&as_sdt=0,5
       Excerpt … automatically. Methodology. After conducting a rigorous search on GitHub and GoogleCode, we found that projects developed by the Apache Foundation fulfill ourreal-world relevance and automatability criteria. Further, there … 

         Title An information retrieval approach for regression test prioritization based on program changes
           URL http://scholar.google.com/https://ieeexplore.ieee.org/abstract/document/7194580/
          Year 2015
     Citations 106
      Versions 7
    Cluster ID 5330848143296208864
Citations list http://scholar.google.com/scholar?cites=5330848143296208864&as_sdt=2005&sciodt=0,5&hl=en
 Versions list http://scholar.google.com/scholar?cluster=5330848143296208864&hl=en&as_sdt=0,5
       Excerpt … for the current version. Although the static techniques [39], [66] address the coverageprofiling overhead, they simulate the coverage information via static analysis, andthus can be also imprecise. This paper presents REPiR … 

         Title Selective bisection debugging
           URL http://scholar.google.com/https://link.springer.com/chapter/10.1007/978-3-662-54494-5_4
          Year 2017
     Citations 7
      Versions 4
    Cluster ID 3856921611436386433
Citations list http://scholar.google.com/scholar?cites=3856921611436386433&as_sdt=2005&sciodt=0,5&hl=en
 Versions list http://scholar.google.com/scholar?cluster=3856921611436386433&hl=en&as_sdt=0,5
       Excerpt Bisection debugging, which is based on binary search over software versionhistory, is widely used in practice to identify the bug introducing commit.However, this process can be expensive because...

         Title A graph-based framework for reasoning about relationships among software modifications
           URL http://web.cs.ucla.edu/~miryung/Publications/Chime-UT-TR-2012June.pdf
          Year 2014
     Citations 1
      Versions 5
    Cluster ID 5291976336474893719
      PDF link http://web.cs.ucla.edu/~miryung/Publications/Chime-UT-TR-2012June.pdf
Citations list http://scholar.google.com/scholar?cites=5291976336474893719&as_sdt=2005&sciodt=0,5&hl=en
 Versions list http://scholar.google.com/scholar?cluster=5291976336474893719&hl=en&as_sdt=0,5
       Excerpt … Crisp: A debugging tool for java programs. In Proc. of ICSM '05, pages 401–410, 2005. [3] B.Dagenais and L. Hendren. Enabling static analysis for partial java programs. In Proc. of OOPSLA'08, pages 313–328, 2008. [4] B. Fluri, M. Wursch, M. Pinzger, and H. Gall … 

         Title Effective bug detection and localization using information retrieval
           URL http://scholar.google.com/https://repositories.lib.utexas.edu/handle/2152/40245
          Year 2016
     Citations 1
      Versions 2
    Cluster ID 11819509159712518839
Citations list http://scholar.google.com/scholar?cites=11819509159712518839&as_sdt=2005&sciodt=0,5&hl=en
 Versions list http://scholar.google.com/scholar?cluster=11819509159712518839&hl=en&as_sdt=0,5
       Excerpt … current version. Although the static techniques [95, 171] address the coverage pro- filing overhead,they simulate the coverage information via static analysis, and thus can be also imprecise. 2.IR-based Bug Localization is a well known technique to identify the source code … 

