[query] http://scholar.google.com/scholar?as_q=&as_epq=%22findbugs%22%20OR%20%22spotbugs%22%20OR%20%22code%20review%22%20OR%20%22static%20analysis%22%20OR%20%22regex%22%20OR%20%22regular%20expression%22%20OR%20%22github%22%20OR%20%22pull%20requests%22&as_oq=&as_eq=&as_occt=any&as_sauthors=Robert%20Feldt&as_publication=&as_ylo=&as_yhi=&as_vis=0&btnG=&hl=en&num=80&as_sdt=0%2C5
         Title Comparing four static analysis tools for java concurrency bugs
           URL http://scholar.google.com/https://www.researchgate.net/profile/Md_Abdullah_Mamun4/publication/48872915_Comparing_Four_Static_Analysis_Tools_for_Java_Concurrency_Bugs/links/5405dde50cf2c48563b1d44c.pdf
          Year 2010
     Citations 21
      Versions 5
    Cluster ID 10301678440028929082
      PDF link http://scholar.google.com/https://www.researchgate.net/profile/Md_Abdullah_Mamun4/publication/48872915_Comparing_Four_Static_Analysis_Tools_for_Java_Concurrency_Bugs/links/5405dde50cf2c48563b1d44c.pdf
Citations list http://scholar.google.com/scholar?cites=10301678440028929082&as_sdt=2005&sciodt=0,5&hl=en
 Versions list http://scholar.google.com/scholar?cluster=10301678440028929082&hl=en&as_sdt=0,5
       Excerpt Static analysis (SA) tools are being used for early detection of software defects. Concurrency bugs are different from bugs in sequential programs, and they are often harder to detect. This paper presents the evaluation of four static analysis tools and their capabilities to detect …

         Title Detecting defects with an interactive code review tool based on visualisation and machine learning
           URL http://scholar.google.com/https://www.diva-portal.org/smash/record.jsf?pid=diva2:835773
          Year 2009
     Citations 11
      Versions 5
    Cluster ID 14717159039456102329
Citations list http://scholar.google.com/scholar?cites=14717159039456102329&as_sdt=2005&sciodt=0,5&hl=en
 Versions list http://scholar.google.com/scholar?cluster=14717159039456102329&hl=en&as_sdt=0,5
       Excerpt Code review is often suggested as a means of improving code quality. Since humans are poor at repetitive tasks, some form of tool support is valuable. To that end we developed a prototype tool to illustrate the novel idea of applying machine learning (based on …

         Title Generating controllably invalid and atypical inputs for robustness testing
           URL http://scholar.google.com/https://ieeexplore.ieee.org/abstract/document/7899038/
          Year 2017
     Citations 7
      Versions 2
    Cluster ID 10197090840039496054
Citations list http://scholar.google.com/scholar?cites=10197090840039496054&as_sdt=2005&sciodt=0,5&hl=en
 Versions list http://scholar.google.com/scholar?cluster=10197090840039496054&hl=en&as_sdt=0,5
       Excerpt … Note that in the latter case, the regular expression is itself decomposed into multiple choice points:a choice of the length of the character sequence specified by the subexpression [0-9]+, whichcharacter between 0 and 9 to … 1https://github.com/simonpoulding/DataGenerators.jl … 

         Title Applying Bayesian Analysis Guidelines to Empirical Software Engineering Data: The Case of Programming Languages and Code Quality
           URL http://scholar.google.com/https://arxiv.org/abs/2101.12591
          Year 2021
     Citations 1
      Versions 2
    Cluster ID 14964325408092529030
Citations list http://scholar.google.com/scholar?cites=14964325408092529030&as_sdt=2005&sciodt=0,5&hl=en
 Versions list http://scholar.google.com/scholar?cluster=14964325408092529030&hl=en&as_sdt=0,5
       Excerpt … In this article, we frame these guidelines in a way that is apt to empirical research in softwareengineering. To demonstrate the guidelines in practice, we apply them to reanalyze a GitHubdataset about code quality in different programming languages … 

         Title The open science initiative of the Empirical Software Engineering journal
           URL http://scholar.google.com/https://link.springer.com/article/10.1007/s10664-019-09712-x
          Year 2019
     Citations 7
      Versions 3
    Cluster ID 15383125317693358749
Citations list http://scholar.google.com/scholar?cites=15383125317693358749&as_sdt=2005&sciodt=0,5&hl=en
 Versions list http://scholar.google.com/scholar?cluster=15383125317693358749&hl=en&as_sdt=0,5
       Excerpt … The detailed reference documentation of the open science peer review process, whichwe will continuously update also based on the community feedback, can be foundat https://github.com/emsejournal/openscience/. Badges … 

         Title Challenges with software verification and validation activities in the space industry
           URL http://scholar.google.com/https://ieeexplore.ieee.org/abstract/document/5477080/
          Year 2010
     Citations 22
      Versions 13
    Cluster ID 6834617837866731559
Citations list http://scholar.google.com/scholar?cites=6834617837866731559&as_sdt=2005&sciodt=0,5&hl=en
 Versions list http://scholar.google.com/scholar?cluster=6834617837866731559&hl=en&as_sdt=0,5
       Excerpt … being very effective). Table II summarizes the results from this theme. For RUAG the most effectiveVVAs are considered to be 'code review' and 'validation testing', whereas for SSC 'unit testing'and 'integration testing' are considered to be more effective than other VVAs … 

         Title Re-using generators of complex test data
           URL http://scholar.google.com/https://ieeexplore.ieee.org/abstract/document/7102605/
          Year 2015
     Citations 2
      Versions 5
    Cluster ID 3204971082616775617
Citations list http://scholar.google.com/scholar?cites=3204971082616775617&as_sdt=2005&sciodt=0,5&hl=en
 Versions list http://scholar.google.com/scholar?cluster=3204971082616775617&hl=en&as_sdt=0,5
       Excerpt … Testing efficiency is evaluated using a total of seven real-world SUTs: four taking the date typeand three taking the regex type … All three SUTs parse the regex (REP additionally performs amatch-and-replace using the regex) and so contain code to check the input's validity … 

         Title Bayesian Data Analysis in Empirical Software Engineering: The Case of Missing Data
           URL http://scholar.google.com/https://link.springer.com/chapter/10.1007/978-3-030-32489-6_11
          Year 2020
     Citations 0
      Versions 6
 Versions list http://scholar.google.com/scholar?cluster=15909315836182445217&hl=en&as_sdt=0,5
       Excerpt … 6Other priors for σ can of course also be used. Please see https://github.com/stan-dev/stan/wiki/ Prior-Choice-Recommendations … 2017)) written in R (R Core Team 2018),can be downloaded: https://github.com/torkar/ BDA_in_ESE … 

         Title Finding a boundary between valid and invalid regions of the input space
           URL http://scholar.google.com/https://ieeexplore.ieee.org/abstract/document/8719523/
          Year 2018
     Citations 3
      Versions 6
    Cluster ID 17564610403084156110
Citations list http://scholar.google.com/scholar?cites=17564610403084156110&as_sdt=2005&sciodt=0,5&hl=en
 Versions list http://scholar.google.com/scholar?cluster=17564610403084156110&hl=en&as_sdt=0,5
       Excerpt … As a 3https://github.com/invenia/DateParser.jl … The SUTs included in the widened analysisare described below: • Regex: This module allows users to generate regu- lar expressions,for use in other Julia applications, from a given input string … 

         Title Search-based software testing and test data generation for a dynamic programming language
           URL http://scholar.google.com/https://dl.acm.org/doi/abs/10.1145/2001576.2001826
          Year 2011
     Citations 21
      Versions 7
    Cluster ID 11890226641002749176
Citations list http://scholar.google.com/scholar?cites=11890226641002749176&as_sdt=2005&sciodt=0,5&hl=en
 Versions list http://scholar.google.com/scholar?cluster=11890226641002749176&hl=en&as_sdt=0,5
       Excerpt … They address in their study string equality, string ordering and regular expression matching. Theyapplied a fitness function that depends on the string predicate … [20] also analyzed runtime values,confirming that the approach is useful and can compete with static analysis … 

         Title A systematic review of search-based testing for non-functional system properties
           URL http://scholar.google.com/https://www.sciencedirect.com/science/article/pii/S0950584908001833
          Year 2009
     Citations 461
      Versions 15
    Cluster ID 8627206642525142423
Citations list http://scholar.google.com/scholar?cites=8627206642525142423&as_sdt=2005&sciodt=0,5&hl=en
 Versions list http://scholar.google.com/scholar?cluster=8627206642525142423&hl=en&as_sdt=0,5
       Excerpt JavaScript is disabled on your browser. Please enable JavaScript to use allthe features on this page. Skip to main content Skip to article … 

         Title Test set diameter: Quantifying the diversity of sets of test cases
           URL http://scholar.google.com/https://ieeexplore.ieee.org/abstract/document/7515474/
          Year 2016
     Citations 82
      Versions 15
    Cluster ID 9084935274074468057
Citations list http://scholar.google.com/scholar?cites=9084935274074468057&as_sdt=2005&sciodt=0,5&hl=en
 Versions list http://scholar.google.com/scholar?cluster=9084935274074468057&hl=en&as_sdt=0,5
       Excerpt … Replace is a C application from the Software-artifact Infrastructure Repository that performs patternmatching and substitution. It takes three inputs: a string to be modified, a regular expression thatdefines matching text, and a string that replaces the matched text … 

         Title Guiding deep learning system testing using surprise adequacy
           URL http://scholar.google.com/https://ieeexplore.ieee.org/abstract/document/8812069/
          Year 2019
     Citations 117
      Versions 10
    Cluster ID 14907396299311648603
Citations list http://scholar.google.com/scholar?cites=14907396299311648603&as_sdt=2005&sciodt=0,5&hl=en
 Versions list http://scholar.google.com/scholar?cluster=14907396299311648603&hl=en&as_sdt=0,5
       Excerpt … 2Please refer to https://github.com/coinse/sadl. 1040 Page 3 … MNIST and CIFAR-10 areimplemented using Keras v.2.2.0. V. RESULT Due to the space limit, we cannot include all plotsand tables and make them available online: https://coinse.github.io/sadl … 

         Title A method to assess and argue for practical significance in software engineering
           URL http://scholar.google.com/https://bugcounting.net/pubs/tse20-bayes-practical.pdf
          Year 2021
     Citations 2
      Versions 0
    Cluster ID 2331915890217996392
      PDF link http://scholar.google.com/https://bugcounting.net/pubs/tse20-bayes-practical.pdf
Citations list http://scholar.google.com/scholar?cites=2331915890217996392&as_sdt=2005&sciodt=0,5&hl=en
       Excerpt … Domain expertise remains crucial to build a suitable CPT model: in the previous ex- ample ofcode review approaches A and B, domain experts would estimate the profits and costs associatedwith each option … 1. https://github.com/torkar/docker-b3 Page 3. 3 … 

         Title ACM SIGSOFT empirical standards
           URL http://scholar.google.com/https://arxiv.org/abs/2010.03525
          Year 2020
     Citations 4
      Versions 3
    Cluster ID 10598031738423891071
Citations list http://scholar.google.com/scholar?cites=10598031738423891071&as_sdt=2005&sciodt=0,5&hl=en
 Versions list http://scholar.google.com/scholar?cluster=10598031738423891071&hl=en&as_sdt=0,5
       Excerpt Page 1. 1 OCTOBER 7 Paper and Peer Review Quality Task Force Edited by: Paul Ralphhttps://github.com/acmsigsoft/EmpiricalStandards ACM SIGSOFT Empirical Standards … Too fewexperimental subjects (eg the source code used to evaluate a static analysis technique) if … 

         Title Bayesian data analysis in empirical software engineering research
           URL http://scholar.google.com/https://ieeexplore.ieee.org/abstract/document/8807222/
          Year 2019
     Citations 21
      Versions 8
    Cluster ID 13566688875317867408
Citations list http://scholar.google.com/scholar?cites=13566688875317867408&as_sdt=2005&sciodt=0,5&hl=en
 Versions list http://scholar.google.com/scholar?cluster=13566688875317867408&hl=en&as_sdt=0,5
       Excerpt … In the classical setting, a null hypothesis H0 corresponds to “no significant difference” betweentwo treatments A and B (such as two static analysis algorithms whose effectiveness we want tocompare); an alternative hypothesis H1 is the null hypothesis's negation, which … 

         Title Arguing Practical Significance in Empirical Software Engineering
           URL http://scholar.google.com/https://arxiv.org/abs/1809.09849
          Year 2018
     Citations 0
      Versions 2
 Versions list http://scholar.google.com/scholar?cluster=14720904008467935073&hl=en&as_sdt=0,5
       Excerpt … outcome. Software engineering practitioners are faced with de- cision making underuncertainty, so CPT is also a useful framework in this domain. As a simple example,consider a manager who is organizing a code review. Two … 

         Title Finding test data with specific properties via metaheuristic search
           URL http://scholar.google.com/https://ieeexplore.ieee.org/abstract/document/6698888/
          Year 2013
     Citations 45
      Versions 6
    Cluster ID 5706871829221410208
Citations list http://scholar.google.com/scholar?cites=5706871829221410208&as_sdt=2005&sciodt=0,5&hl=en
 Versions list http://scholar.google.com/scholar?cluster=5706871829221410208&hl=en&as_sdt=0,5
       Excerpt … There are three non-trivial techniques used in the current implementation that rely on Ruby and itsmeta-programming abilities: method renaming, code instrumentation, and simple static analysis.All three are performed dynamically as the code for a generator is loaded … 

         Title Evolution of statistical analysis in empirical software engineering research: Current state and steps forward
           URL http://scholar.google.com/https://www.sciencedirect.com/science/article/pii/S0164121219301451
          Year 2019
     Citations 17
      Versions 7
    Cluster ID 7807597682866104328
Citations list http://scholar.google.com/scholar?cites=7807597682866104328&as_sdt=2005&sciodt=0,5&hl=en
 Versions list http://scholar.google.com/scholar?cluster=7807597682866104328&hl=en&as_sdt=0,5
       Excerpt JavaScript is disabled on your browser. Please enable JavaScript to use allthe features on this page. Skip to main content Skip to article … 

         Title Visualizing test diversity to support test optimisation
           URL http://scholar.google.com/https://ieeexplore.ieee.org/abstract/document/8719537/
          Year 2018
     Citations 10
      Versions 6
    Cluster ID 15930273147406842798
Citations list http://scholar.google.com/scholar?cites=15930273147406842798&as_sdt=2005&sciodt=0,5&hl=en
 Versions list http://scholar.google.com/scholar?cluster=15930273147406842798&hl=en&as_sdt=0,5
       Excerpt … We 6https://github.com/tdebatty/java-string-similarity 7https://cran.r-project.org/web/packages/stringdist/stringdist.pdf 8http://algo.uni-konstanz.de/software/mdsj/ 9https://stat.ethz.ch/R-manual/R-devel/library/stats/html/cmdscale.html • • • 0.00 0.25 0.50 0.75 1.00 … 

