[query] http://scholar.google.com/scholar?as_q=&as_epq=%22findbugs%22%20OR%20%22spotbugs%22%20OR%20%22code%20review%22%20OR%20%22static%20analysis%22%20OR%20%22regex%22%20OR%20%22regular%20expression%22%20OR%20%22github%22%20OR%20%22pull%20requests%22&as_oq=&as_eq=&as_occt=any&as_sauthors=Sebastian%20Proksch&as_publication=&as_ylo=&as_yhi=&as_vis=0&btnG=&hl=en&num=80&as_sdt=0%2C5
         Title Context is king: The developer perspective on the usage of static analysis tools
           URL http://scholar.google.com/https://ieeexplore.ieee.org/abstract/document/8330195/
          Year 2018
     Citations 51
      Versions 8
    Cluster ID 14046530394659259752
Citations list http://scholar.google.com/scholar?cites=14046530394659259752&as_sdt=2005&sciodt=0,5&hl=en
 Versions list http://scholar.google.com/scholar?cluster=14046530394659259752&hl=en&as_sdt=0,5
       Excerpt Automatic static analysis tools (ASATs) are tools that support automatic code quality evaluation of software systems with the aim of (i) avoiding and/or removing bugs and (ii) spotting design issues. Hindering their wide-spread acceptance are their (i) high false …

         Title How developers engage with static analysis tools in different contexts
           URL http://scholar.google.com/https://link.springer.com/article/10.1007/s10664-019-09750-5
          Year 2020
     Citations 21
      Versions 6
    Cluster ID 10394902106589670074
Citations list http://scholar.google.com/scholar?cites=10394902106589670074&as_sdt=2005&sciodt=0,5&hl=en
 Versions list http://scholar.google.com/scholar?cluster=10394902106589670074&hl=en&as_sdt=0,5
       Excerpt Automatic static analysis tools (ASATs) are instruments that support code quality assessment by automatically detecting defects and design issues. Despite their popularity, they are characterized by (i) a high false positive rate and (ii) the low comprehensibility of …

         Title A dataset of simplified syntax trees for C#
           URL http://scholar.google.com/https://dl.acm.org/doi/abs/10.1145/2901739.2903507
          Year 2016
     Citations 16
      Versions 5
    Cluster ID 192247425499723084
Citations list http://scholar.google.com/scholar?cites=192247425499723084&as_sdt=2005&sciodt=0,5&hl=en
 Versions list http://scholar.google.com/scholar?cluster=192247425499723084&hl=en&as_sdt=0,5
       Excerpt … ABSTRACT In this paper, we present a curated collection of 2833 C# solutions taken from Github …The re- cent rise of platforms like Github, Bitbucket, or SourceForge make it easy to find vastamounts of source code that can be used for the above research … 

         Title Un-break my build: Assisting developers with build repair hints
           URL http://scholar.google.com/https://ieeexplore.ieee.org/abstract/document/8973097/
          Year 2018
     Citations 14
      Versions 4
    Cluster ID 9000674003895815388
Citations list http://scholar.google.com/scholar?cites=9000674003895815388&as_sdt=2005&sciodt=0,5&hl=en
 Versions list http://scholar.google.com/scholar?cluster=9000674003895815388&hl=en&as_sdt=0,5
       Excerpt … of the dependency are mentioned in the error message and we use a regular expression to parse …We selected Checkstyle as a representative for such static analysis tools and include the followinginformation that help to … Project Name Version Size (Loc) #GitHub Stars #Builds … 

         Title On the usage of pythonic idioms
           URL http://scholar.google.com/https://dl.acm.org/doi/abs/10.1145/3276954.3276960
          Year 2018
     Citations 7
      Versions 7
    Cluster ID 8161652425864909490
Citations list http://scholar.google.com/scholar?cites=8161652425864909490&as_sdt=2005&sciodt=0,5&hl=en
 Versions list http://scholar.google.com/scholar?cluster=8161652425864909490&hl=en&as_sdt=0,5
       Excerpt … Following tremendous growth over the past few years, which is reflected in the increasing num-ber of discussions on Stack Overflow1, Python ranks num- bers 4 in the Tiobe index2 and GitHubhosts over 2 million repositories containing Python code (not counting forks)3. As an … 

         Title Enriching in-IDE process information with fine-grained source code history
           URL http://scholar.google.com/https://ieeexplore.ieee.org/abstract/document/7884626/
          Year 2017
     Citations 19
      Versions 3
    Cluster ID 8776320817825857968
Citations list http://scholar.google.com/scholar?cites=8776320817825857968&as_sdt=2005&sciodt=0,5&hl=en
 Versions list http://scholar.google.com/scholar?cluster=8776320817825857968&hl=en&as_sdt=0,5
       Excerpt … With the rising number of open-source projects hosted on platforms such as GitHub orSourceForge, such data has become easily accessible … One example is resolved typeinformation, which is important for any static analysis on the snapshots … 

         Title Configuration smells in continuous delivery pipelines: a linter and a six-month study on GitLab
           URL http://scholar.google.com/https://dl.acm.org/doi/abs/10.1145/3368089.3409709
          Year 2020
     Citations 0
      Versions 2
 Versions list http://scholar.google.com/scholar?cluster=7576271640023411133&hl=en&as_sdt=0,5
       Excerpt … CCS CONCEPTS · Software and its engineering b Agile software develop- ment; Automatedstatic analysis; Software libraries and repositories; Software testing and … for example, pipenv [31],pytest [34], pylint [33], and pip [30] for Python, and JUnit [22], FindBugs [6], CheckStyle … 

         Title Type4Py: Deep Similarity Learning-Based Type Inference for Python
           URL http://scholar.google.com/https://arxiv.org/abs/2101.04470
          Year 2021
     Citations 1
      Versions 2
    Cluster ID 10695132045824302282
Citations list http://scholar.google.com/scholar?cites=10695132045824302282&as_sdt=2005&sciodt=0,5&hl=en
 Versions list http://scholar.google.com/scholar?cluster=10695132045824302282&hl=en&as_sdt=0,5
       Excerpt … Aside from the dynamic features of the mentioned languages, static analysis over-approximatesprograms' behavior [10]. Thus static type inference methods are often not precise [11] … We publiclyreleased the reproduction package of the Type4Py model on GitHub1. II … 

         Title Every build you break: Developer-oriented assistance for build failure resolution
           URL http://scholar.google.com/https://link.springer.com/content/pdf/10.1007/s10664-019-09765-y.pdf
          Year 2019
     Citations 6
      Versions 0
    Cluster ID 17565959994099411759
      PDF link http://scholar.google.com/https://link.springer.com/content/pdf/10.1007/s10664-019-09765-y.pdf
Citations list http://scholar.google.com/scholar?cites=17565959994099411759&as_sdt=2005&sciodt=0,5&hl=en
       Excerpt … the dependency are mentioned in the error message and we use a regular expression to parse …We selected CHECKSTYLE as a representative for such static analysis tools because is the most …The considered systems are hosted on GITHUB and built on the cloud-based build … 

         Title Book chapters
           URL http://scholar.google.com/https://azaidman.github.io/publications.html
     Citations 0
      Versions 14
 Versions list http://scholar.google.com/scholar?cluster=13294366217938752561&hl=en&as_sdt=0,5
       Excerpt … Automatically Prioritizing Pull Requests … UAV: Warnings From Multiple Automated Static AnalysisTools At A Glance Proceedings of the 24th International … TravisTorrent: Synthesizing Travis CIand GitHub for Full-Stack Research on Continuous Integration Proceedings of the … 

         Title Identifying Requirements of Static Analyses for Recommendation Systems in Software Engineering
           URL http://www.st.informatik.tu-darmstadt.de/artifacts/caret/survey.pdf
     Citations 0
      Versions 2
      PDF link http://www.st.informatik.tu-darmstadt.de/artifacts/caret/survey.pdf
 Versions list http://scholar.google.com/scholar?cluster=7895264645019931729&hl=en&as_sdt=0,5
       Excerpt … We group the surveyed recommenders by their recommendation task. Our discussion of eachpaper or technique focuses on the static analysis … The underlying static analysis is based on asimple traversal of the class syntax tree, in which all invoked methods are captured … 

         Title Data-driven decisions and actions in today's software development
           URL http://scholar.google.com/https://library.oapen.org/bitstream/handle/20.500.12657/27814/1002191.pdf?sequence=1#page=149
          Year 2018
     Citations 2
      Versions 16
    Cluster ID 17880502391832849353
Citations list http://scholar.google.com/scholar?cites=17880502391832849353&as_sdt=2005&sciodt=0,5&hl=en
 Versions list http://scholar.google.com/scholar?cluster=17880502391832849353&hl=en&as_sdt=0,5
       Excerpt … They employ a combination of static analysis, to predict whether a benchmark is potentially ableto detect a regression, and historical dynamic benchmark execution data, to predict whether theperformance of a benchmark is affected by a commit … html. 8 https://github … 

         Title How to build a recommendation system for software engineering
           URL http://scholar.google.com/https://link.springer.com/chapter/10.1007/978-3-319-28406-4_1
          Year 2013
     Citations 15
      Versions 4
    Cluster ID 5854290383870969649
Citations list http://scholar.google.com/scholar?cites=5854290383870969649&as_sdt=2005&sciodt=0,5&hl=en
 Versions list http://scholar.google.com/scholar?cluster=5854290383870969649&hl=en&as_sdt=0,5
       Excerpt … Static Analysis. Input data may be generated by a static analysis of source code, either fromthe program on which the developer who will receive recommendations is working or fromthe large repositories of open source data that are accessible … 

         Title Investigating Order Information in API-Usage Patterns: A Benchmark and Empirical Study.
           URL http://scholar.google.com/https://www.scitepress.org/papers/2018/68390/68390.pdf
          Year 2018
     Citations 3
      Versions 0
    Cluster ID 16950840255328938163
      PDF link http://scholar.google.com/https://www.scitepress.org/papers/2018/68390/68390.pdf
Citations list http://scholar.google.com/scholar?cites=16950840255328938163&as_sdt=2005&sciodt=0,5&hl=en
       Excerpt … To provide a fair setting, we use a common data set of 360 open-source Github C# repositorieswith over 68M lines of code (Proksch et al., 2016) and adopt an established mining algorithmthat can be customi- zed to mine all three types of patterns, episode mi- ning (Achar et al … 

         Title Enriched Event Streams: A General Platform For Empirical Studies On In-IDE Activities Of Software Developers
           URL http://tuprints.ulb.tu-darmstadt.de/6971
          Year 2017
     Citations 5
      Versions 4
    Cluster ID 5813265654960597452
Citations list http://scholar.google.com/scholar?cites=5813265654960597452&as_sdt=2005&sciodt=0,5&hl=en
 Versions list http://scholar.google.com/scholar?cluster=5813265654960597452&hl=en&as_sdt=0,5
       Excerpt … Wir ergänzen ihn mit einem Datensatz von 69M Zeilen von veröffentlichtem Quelltext,den wir aus 360 GITHUB Repositories extrahiert haben … 166 10.1 RecommendationsBased on Object Usages . . . . . 166 10.1.1 Static Analysis … 

         Title A study of visual studio usage in practice
           URL http://scholar.google.com/https://ieeexplore.ieee.org/abstract/document/7476636/
          Year 2016
     Citations 51
      Versions 7
    Cluster ID 10073696065875604103
Citations list http://scholar.google.com/scholar?cites=10073696065875604103&as_sdt=2005&sciodt=0,5&hl=en
 Versions list http://scholar.google.com/scholar?cluster=10073696065875604103&hl=en&as_sdt=0,5
       Excerpt … Similarly, Ayewah et al. [13] used online surveys and questionnaires to understand howdevelopers use FindBugs. Both studies in- cluded industrial participants. While we use differentresearch methodologies and do not focus on static analysis for bug detection, our findings … 

         Title Redundancy-free analysis of multi-revision software artifacts
           URL http://scholar.google.com/https://link.springer.com/article/10.1007/s10664-018-9630-9
          Year 2019
     Citations 8
      Versions 5
    Cluster ID 15019942686038520854
Citations list http://scholar.google.com/scholar?cites=15019942686038520854&as_sdt=2005&sciodt=0,5&hl=en
 Versions list http://scholar.google.com/scholar?cluster=15019942686038520854&hl=en&as_sdt=0,5
       Excerpt … While this paper is focused on one particular use case, namely the static analysis of plain-textsource code and its parsed abstract syntax trees (ASTs), the core … Reddit is primarily written inPython and JavaScript and the source code powering Reddit is available on GitHub … 

         Title Intelligent code completion with Bayesian networks
           URL http://scholar.google.com/https://dl.acm.org/doi/abs/10.1145/2744200
          Year 2015
     Citations 55
      Versions 5
    Cluster ID 15387848632445416157
Citations list http://scholar.google.com/scholar?cites=15387848632445416157&as_sdt=2005&sciodt=0,5&hl=en
 Versions list http://scholar.google.com/scholar?cluster=15387848632445416157&hl=en&as_sdt=0,5
       Excerpt … To summarize, this work presents the following contributions: —a description of (previouslyunpublished) implementation details of the existing static analysis of BMN to facilitate futurereplications; —a novel extension of the static analysis that extracts the features required for … 

         Title Automated reporting of anti-patterns and decay in continuous integration
           URL http://scholar.google.com/https://ieeexplore.ieee.org/abstract/document/8811921/
          Year 2019
     Citations 18
      Versions 4
    Cluster ID 1243597862521256360
Citations list http://scholar.google.com/scholar?cites=1243597862521256360&as_sdt=2005&sciodt=0,5&hl=en
 Versions list http://scholar.google.com/scholar?cluster=1243597862521256360&hl=en&as_sdt=0,5
       Excerpt … respective build tool. To lower the likelihood of build-log deletion [29], we minedbuild data from TRAVISCI [27] and consequently repository data from GITHUB [7].The overview of our reporting process is shown in Fig. 4. Given … 

         Title Developer testing in the ide: Patterns, beliefs, and behavior
           URL http://scholar.google.com/https://ieeexplore.ieee.org/abstract/document/8116886/
          Year 2017
     Citations 42
      Versions 5
    Cluster ID 855423363649839526
Citations list http://scholar.google.com/scholar?cites=855423363649839526&as_sdt=2005&sciodt=0,5&hl=en
 Versions list http://scholar.google.com/scholar?cluster=855423363649839526&hl=en&as_sdt=0,5
       Excerpt Page 1. 0098-5589 (c) 2017 IEEE. Personal use is permitted, but republication/redistribution requires IEEE permission. See http://www.ieee.org/publications_standards/publications/rights/index.html for more information. This … 

