[query] http://scholar.google.com/scholar?as_q=&as_epq=%22findbugs%22%20OR%20%22spotbugs%22%20OR%20%22code%20review%22%20OR%20%22static%20analysis%22%20OR%20%22regex%22%20OR%20%22regular%20expression%22%20OR%20%22github%22%20OR%20%22pull%20requests%22&as_oq=&as_eq=&as_occt=any&as_sauthors=Shaukat%20Ali&as_publication=&as_ylo=&as_yhi=&as_vis=0&btnG=&hl=en&num=80&as_sdt=0%2C5
         Title First International Workshop on Quantum Software Engineering (Q-SE 2020)
           URL http://scholar.google.com/https://dl.acm.org/doi/abs/10.1145/3448992.3449000
          Year 2021
     Citations 0
      Versions 0
       Excerpt … Figure 1: Goals and Aspirations of Quantum Software Engineering Github and interviews with46 members of the QC community. Key findings include that contributors to the open-source QCprojects usually have Ph.D. degrees and training in physics or computer science … 

         Title iOCL: Write your OCL constraints interactively
           URL http://scholar.google.com/https://modeling-languages.com/iocl-write-ocl-constraints-interactively/
     Citations 0
      Versions 0
       Excerpt … Technical report (2017-01). Available at: https://www.simula.no/publications/pilot-experiment-assess-interactive-ocl-specification-real-setting; Jcabot/ocl-repository: https://github.com/jcabot/ocl-repository/. Submit a Comment Cancel reply. Your email address will not be published … 

         Title Abreu, Rui
           URL http://scholar.google.com/https://ieeexplore.ieee.org/abstract/document/6698874/
     Citations 0
      Versions 2
 Versions list http://scholar.google.com/scholar?cluster=13040537946723580079&hl=en&as_sdt=0,5
       Excerpt … A Large Scale Investigation of Issue Trackers from GitHub Bloomfield, Robin Combining Testingand Proof to Gain High Assurance in Software: a Case Study … Dong, Zhen Automated Diagnosisof Software Misconfigurations Based on Static Analysis Author Index … 

         Title IOCL: An interactive tool for specifying, validating and evaluating OCL constraints
           URL http://scholar.google.com/https://www.sciencedirect.com/science/article/pii/S0167642317301466
          Year 2017
     Citations 8
      Versions 6
    Cluster ID 17082783798386449130
Citations list http://scholar.google.com/scholar?cites=17082783798386449130&as_sdt=2005&sciodt=0,5&hl=en
 Versions list http://scholar.google.com/scholar?cluster=17082783798386449130&hl=en&as_sdt=0,5
       Excerpt … Permanent link to executables of this version, https://github.com/ScienceofComputerProgramming/SCICO-D-17-00035 … Permanent link to code/repository used of this code version,https://github.com/ScienceofComputerProgramming/SCICO-D-17-00035 … 

         Title Android operated robotic arm
           URL http://citeseerx.ist.psu.edu/viewdoc/download?doi=10.1.1.899.7684&rep=rep1&type=pdf
          Year 2014
     Citations 7
      Versions 2
    Cluster ID 6576604497110575360
Citations list http://scholar.google.com/scholar?cites=6576604497110575360&as_sdt=2005&sciodt=0,5&hl=en
 Versions list http://scholar.google.com/scholar?cluster=6576604497110575360&hl=en&as_sdt=0,5
       Excerpt … REFERENCES [1] https://www.sparkfun.com/products/retired/10748 [2] https://github.com/ytai/ioio/wiki/IOIO-Over-Bluetooth [3] http://microcontrollerkits.blogspot.com/2011/10/ioio-board-for-android-control.html [4] https://github.com/ytai/ioio/wiki/IOIO-Over-Bluetooth-for-P C … 

         Title Sqlipa: An authentication mechanism against sql injection
           URL http://scholar.google.com/https://www.researchgate.net/profile/Huma_Javed2/publication/242586533_SQLIPA_An_authentication_mechanism_against_SQL_injection/links/00b4952e21e583de79000000/SQLIPA-An-authentication-mechanism-against-SQL-injection.pdf
          Year 2009
     Citations 62
      Versions 4
    Cluster ID 10125534827443507604
      PDF link http://scholar.google.com/https://www.researchgate.net/profile/Huma_Javed2/publication/242586533_SQLIPA_An_authentication_mechanism_against_SQL_injection/links/00b4952e21e583de79000000/SQLIPA-An-authentication-mechanism-against-SQL-injection.pdf
Citations list http://scholar.google.com/scholar?cites=10125534827443507604&as_sdt=2005&sciodt=0,5&hl=en
 Versions list http://scholar.google.com/scholar?cluster=10125534827443507604&hl=en&as_sdt=0,5
       Excerpt … William et al(Halfond and Orso 2005) proposed a mechanism in which they prevent SQL injectionusing static analysis … Long Beach, California, USA. [7] Halfond, WGJ and A. Orso (2005).Combining Static Analysis and Runtime Monitoring to Counter SQL-Injection Attacks … 

         Title Efficiency of cow dung based vermi-compost on seed germination and plant growth parameters of Tagetes erectus (Marigold)
           URL http://scholar.google.com/https://www.sciencedirect.com/science/article/pii/S2405844020327377
          Year 2021
     Citations 1
      Versions 3
    Cluster ID 3027996814526492075
Citations list http://scholar.google.com/scholar?cites=3027996814526492075&as_sdt=2005&sciodt=0,5&hl=en
 Versions list http://scholar.google.com/scholar?cluster=3027996814526492075&hl=en&as_sdt=0,5
       Excerpt JavaScript is disabled on your browser. Please enable JavaScript to use allthe features on this page. Skip to main content Skip to article … 

         Title An evaluation of aspect oriented testing techniques
           URL http://scholar.google.com/https://ieeexplore.ieee.org/abstract/document/1558925/
          Year 2005
     Citations 17
      Versions 2
    Cluster ID 14481144766055408934
Citations list http://scholar.google.com/scholar?cites=14481144766055408934&as_sdt=2005&sciodt=0,5&hl=en
 Versions list http://scholar.google.com/scholar?cluster=14481144766055408934&hl=en&as_sdt=0,5
       Excerpt … programs. They have presented a model called Aspectual State Model (ASM), whichis a modification of the FREE (Flattened regular expression) state model [7]. ASMrepresents state transitions in an Aspect Oriented Program … 

         Title Quality indicators in search-based software engineering: an empirical evaluation
           URL http://scholar.google.com/https://dl.acm.org/doi/abs/10.1145/3375636
          Year 2020
     Citations 4
      Versions 3
    Cluster ID 10899073040167151669
Citations list http://scholar.google.com/scholar?cites=10899073040167151669&as_sdt=2005&sciodt=0,5&hl=en
 Versions list http://scholar.google.com/scholar?cluster=10899073040167151669&hl=en&as_sdt=0,5
       Excerpt … Thus, in total, we have 11 search problems. 2Data, R scripts, Java code, and a tool for generatingobservations, are available online at https://github.com/ERATOMMSD/ QIsAgreementMOSAs.ACM Transactions on Software Engineering and Methodology, Vol. 29, No … 

         Title Seismic performance of deficient masonry infill reinforced-concrete structures
           URL http://scholar.google.com/https://www.icevirtuallibrary.com/doi/abs/10.1680/jstbu.15.00115
          Year 2017
     Citations 2
      Versions 3
    Cluster ID 12782317024832000087
Citations list http://scholar.google.com/scholar?cites=12782317024832000087&as_sdt=2005&sciodt=0,5&hl=en
 Versions list http://scholar.google.com/scholar?cluster=12782317024832000087&hl=en&as_sdt=0,5
       Excerpt Literature from previous years of research studies reveals that the effectof masonry infills is significant and cannot be neglected. This study isaimed at the seismic vulnerability assessment of ...

         Title Employing rule mining and multi-objective search for dynamic test case prioritization
           URL http://scholar.google.com/https://www.sciencedirect.com/science/article/pii/S016412121930072X
          Year 2019
     Citations 7
      Versions 4
    Cluster ID 16215132368331430104
Citations list http://scholar.google.com/scholar?cites=16215132368331430104&as_sdt=2005&sciodt=0,5&hl=en
 Versions list http://scholar.google.com/scholar?cluster=16215132368331430104&hl=en&as_sdt=0,5
       Excerpt JavaScript is disabled on your browser. Please enable JavaScript to use allthe features on this page. Skip to main content Skip to article … 

         Title An Econometric Study of Pakistan Economy, 1969–81
           URL http://www.aerc.edu.pk/wp-content/uploads/2017/03/2nd-paper-Page-129-146-1.pdf
          Year 1983
     Citations 1
      Versions 4
    Cluster ID 1189616975190287371
      PDF link http://www.aerc.edu.pk/wp-content/uploads/2017/03/2nd-paper-Page-129-146-1.pdf
Citations list http://scholar.google.com/scholar?cites=1189616975190287371&as_sdt=2005&sciodt=0,5&hl=en
 Versions list http://scholar.google.com/scholar?cluster=1189616975190287371&hl=en&as_sdt=0,5
       Excerpt … Accordingly an attempt has been made to formulate a comprehensive, though simple andeasily manageable, econometric model relevant for a developing country like Pakistan. Themodel has been designed to facilitate a comparative-static analysis … 

         Title Assessing the effectiveness of input and output coverage criteria for testing quantum programs
           URL http://scholar.google.com/https://www.simulamet.no/sites/default/files/publications/files/quito.pdf
          Year 2021
     Citations 2
      Versions 2
    Cluster ID 8233580634195642186
      PDF link http://scholar.google.com/https://www.simulamet.no/sites/default/files/publications/files/quito.pdf
Citations list http://scholar.google.com/scholar?cites=8233580634195642186&as_sdt=2005&sciodt=0,5&hl=en
 Versions list http://scholar.google.com/scholar?cluster=8233580634195642186&hl=en&as_sdt=0,5
       Excerpt Page 1. Assessing the Effectiveness of Input and Output Coverage Criteria for Testing QuantumPrograms Shaukat Ali Simula Research Laboratory Fornebu, Norway shaukat@simula.no PaoloArcaini National Institute of Informatics Tokyo, Japan arcaini@nii.ac.jp … 

         Title Search-based test case implantation for testing untested configurations
           URL http://scholar.google.com/https://www.sciencedirect.com/science/article/pii/S0950584919300540
          Year 2019
     Citations 5
      Versions 3
    Cluster ID 13269969938956660240
Citations list http://scholar.google.com/scholar?cites=13269969938956660240&as_sdt=2005&sciodt=0,5&hl=en
 Versions list http://scholar.google.com/scholar?cluster=13269969938956660240&hl=en&as_sdt=0,5
       Excerpt JavaScript is disabled on your browser. Please enable JavaScript to use allthe features on this page. Skip to main content Skip to article … 

         Title Uncertainty-wise Requirements Prioritization with Search
           URL http://scholar.google.com/https://dl.acm.org/doi/abs/10.1145/3408301
          Year 2020
     Citations 0
      Versions 0
       Excerpt Page 1. 4 Uncertainty-wise Requirements Prioritization with Search HUIHUI ZHANG,School of Computer Science and Technology, Qilu University of Technology (ShandongAcademy of Sciences), Jinan, China; School of Computer … 

         Title Do Quality Indicators Prefer Particular Multi-objective Search Algorithms in Search-Based Software Engineering?
           URL http://scholar.google.com/https://link.springer.com/chapter/10.1007/978-3-030-59762-7_3
          Year 2020
     Citations 1
      Versions 5
    Cluster ID 4909648042052486137
Citations list http://scholar.google.com/scholar?cites=4909648042052486137&as_sdt=2005&sciodt=0,5&hl=en
 Versions list http://scholar.google.com/scholar?cluster=4909648042052486137&hl=en&as_sdt=0,5
       Excerpt … 2. Data and scripts are available at https://github.com/ERATOMMSD/QIsPreferences. References.1. Ali, S., Arcaini, P., Pradhan, D., Safdar, SA, Yue, T.: Quality indicators in search-based softwareengineering: an empirical evaluation. ACM Trans. Softw. Eng. Methodol … 

         Title Uncertainty-wise testing of cyber-physical systems
           URL http://scholar.google.com/https://www.sciencedirect.com/science/article/pii/S0065245817300189
          Year 2017
     Citations 11
      Versions 6
    Cluster ID 12732626309613470350
Citations list http://scholar.google.com/scholar?cites=12732626309613470350&as_sdt=2005&sciodt=0,5&hl=en
 Versions list http://scholar.google.com/scholar?cluster=12732626309613470350&hl=en&as_sdt=0,5
       Excerpt JavaScript is disabled on your browser. Please enable JavaScript to use allthe features on this page. Skip to main content Skip to article … 

         Title Taxonomy of automated software testing tools
           URL http://scholar.google.com/https://citeseerx.ist.psu.edu/viewdoc/download?doi=10.1.1.735.4191&rep=rep1&type=pdf
          Year 2015
     Citations 14
      Versions 3
    Cluster ID 4578629841598366023
Citations list http://scholar.google.com/scholar?cites=4578629841598366023&as_sdt=2005&sciodt=0,5&hl=en
 Versions list http://scholar.google.com/scholar?cluster=4578629841598366023&hl=en&as_sdt=0,5
       Excerpt Page 1. 7 International Journal of Computer Science and Innovation Vol. 2015, no. 1, pp. 7-18ISSN: 2458-6528 Copyright © Infinity Sciences Taxonomy of Automated Software Testing ToolsKamran Shaukat, Usman Shaukat, Faran Feroz, Shahraiz Kayani, Ali Akbar … 

         Title Towards a framework for the analysis of multi-product lines in the automotive domain
           URL http://scholar.google.com/https://dl.acm.org/doi/abs/10.1145/3302333.3302345
          Year 2019
     Citations 3
      Versions 0
    Cluster ID 12734415612182933229
Citations list http://scholar.google.com/scholar?cites=12734415612182933229&as_sdt=2005&sciodt=0,5&hl=en
       Excerpt … Although this is extremely important for understand- ing whether a safety problem is present inthe system, it does not completely allow to understand which feature is more important5https://github.com/decyphir/breach 6For conciseness, we do not report other features … 

         Title A tool for data flow testing using evolutionary approaches (etodf)
           URL http://scholar.google.com/https://ieeexplore.ieee.org/abstract/document/6743535/
          Year 2013
     Citations 5
      Versions 2
    Cluster ID 1452407379068982731
Citations list http://scholar.google.com/scholar?cites=1452407379068982731&as_sdt=2005&sciodt=0,5&hl=en
 Versions list http://scholar.google.com/scholar?cluster=1452407379068982731&hl=en&as_sdt=0,5
       Excerpt … Static data flow testing doesn't involve the execution of software program. In this type of data flowtesting only static analysis is performed by analyzing the source code. Dynamic data flow testingactually executes the software program for detection of data anomaly … 

