[query] http://scholar.google.com/scholar?as_q=&as_epq=%22findbugs%22%20OR%20%22spotbugs%22%20OR%20%22code%20review%22%20OR%20%22static%20analysis%22%20OR%20%22regex%22%20OR%20%22regular%20expression%22%20OR%20%22github%22%20OR%20%22pull%20requests%22&as_oq=&as_eq=&as_occt=any&as_sauthors=Shinpei%20Hayashi&as_publication=&as_ylo=&as_yhi=&as_vis=0&btnG=&hl=en&num=80&as_sdt=0%2C5
         Title Ammonia: an approach for deriving project-specific bug patterns
           URL http://scholar.google.com/https://link.springer.com/content/pdf/10.1007/s10664-020-09807-w.pdf
          Year 2020
     Citations 1
      Versions 7
    Cluster ID 12156087059568591849
      PDF link http://scholar.google.com/https://link.springer.com/content/pdf/10.1007/s10664-020-09807-w.pdf
Citations list http://scholar.google.com/scholar?cites=12156087059568591849&as_sdt=2005&sciodt=0,5&hl=en
 Versions list http://scholar.google.com/scholar?cluster=12156087059568591849&hl=en&as_sdt=0,5
       Excerpt … 2008), bug prediction (Hall et al. 2012), and static analysis (SA) (Rah- man et al … After successfultesting and code review, the solution is committed to a source code repository such asGit/Subversion … Liu et al. experimented with 730 OSS projects with FindBugs (Liu et al … 

         Title An empirical study of security warnings from static application security testing tools
           URL http://scholar.google.com/https://www.sciencedirect.com/science/article/pii/S0164121219302018
          Year 2019
     Citations 6
      Versions 2
    Cluster ID 149826911416865347
Citations list http://scholar.google.com/scholar?cites=149826911416865347&as_sdt=2005&sciodt=0,5&hl=en
 Versions list http://scholar.google.com/scholar?cluster=149826911416865347&hl=en&as_sdt=0,5
       Excerpt … They used bug warnings generated by three SAST tools for Java: FindBugs, Jlint, and … 1, we useprojects hosted on GitHub because we want to analyze real-world … Rough Auditing Tool for Security),Polyspace Bug Finder (Mathworks), and Coverity Static Analysis (Coverity Static … 

         Title ChangeBeadsThreader: An Interactive Environment for Tailoring Automatically Untangled Changes
           URL http://scholar.google.com/https://ieeexplore.ieee.org/abstract/document/9054861/
          Year 2020
     Citations 1
      Versions 4
    Cluster ID 5993274494735115921
Citations list http://scholar.google.com/scholar?cites=5993274494735115921&as_sdt=2005&sciodt=0,5&hl=en
 Versions list http://scholar.google.com/scholar?cluster=5993274494735115921&hl=en&as_sdt=0,5
       Excerpt … A tool named ClusterChanges has been implemented to support the code review process fortangled commits. Some approaches utilize a fine-grained change history for change untangling.Dias et al … 1Available at https://github.com/salab/ChangeBeadsThreader 658 Page 3 … 

         Title Supporting refactoring activities using histories of program modification
           URL http://scholar.google.com/https://search.ieice.org/bin/summary.php?id=e89-d_4_1403
          Year 2006
     Citations 33
      Versions 13
    Cluster ID 14681306705259984547
Citations list http://scholar.google.com/scholar?cites=14681306705259984547&as_sdt=2005&sciodt=0,5&hl=en
 Versions list http://scholar.google.com/scholar?cluster=14681306705259984547&hl=en&as_sdt=0,5
       Excerpt … By using the static analysis techniques, we can analyze code fragments in detail via the offlineapproach, but cannot via the online approach … If” part is used for matching to the histories of actualmodifications, and thus it is formally defined with a regular expression with variables … 

         Title Characterising the Knowledge about Primitive Variables in Java Code Comments
           URL http://scholar.google.com/https://arxiv.org/abs/2103.12291
          Year 2021
     Citations 0
      Versions 2
 Versions list http://scholar.google.com/scholar?cluster=813891990603867523&hl=en&as_sdt=0,5
       Excerpt … matching. We evaluate our approaches by comparing the lexical and advancedmatching performance in terms of recall, precision, and F-score, against 600 manuallyannotated variables from a sample of GitHub projects. The … 

         Title Design pattern detection by using meta patterns
           URL http://scholar.google.com/https://search.ieice.org/bin/summary.php?id=e91-d_4_933
          Year 2008
     Citations 27
      Versions 12
    Cluster ID 16788935252368968828
Citations list http://scholar.google.com/scholar?cites=16788935252368968828&as_sdt=2005&sciodt=0,5&hl=en
 Versions list http://scholar.google.com/scholar?cluster=16788935252368968828&hl=en&as_sdt=0,5
       Excerpt … Improved accuracy – By using both static and dynamic analyses, we can extract the candidatesof design pat- tern instances more accurately than only using static analysis … The tool lists thecandidates of de- sign patterns detected by static analysis (left side of tabs) … 

         Title iFL: An interactive environment for understanding feature implementations
           URL http://scholar.google.com/https://ieeexplore.ieee.org/abstract/document/5609669/
          Year 2010
     Citations 11
      Versions 4
    Cluster ID 6926098131576827980
Citations list http://scholar.google.com/scholar?cites=6926098131576827980&as_sdt=2005&sciodt=0,5&hl=en
 Versions list http://scholar.google.com/scholar?cluster=6926098131576827980&hl=en&as_sdt=0,5
       Excerpt … C. Static Analysis: Evaluating Methods by Identifiers All of the methods in the source codeare evaluated with the given query … In the static analysis, iFL extracts identifiers from thegiven source code and evaluates methods using Eclipse JDT … 

         Title On tracking Java methods with Git mechanisms
           URL http://scholar.google.com/https://www.sciencedirect.com/science/article/pii/S0164121220300522
          Year 2020
     Citations 3
      Versions 4
    Cluster ID 10430068990672518478
Citations list http://scholar.google.com/scholar?cites=10430068990672518478&as_sdt=2005&sciodt=0,5&hl=en
 Versions list http://scholar.google.com/scholar?cluster=10430068990672518478&hl=en&as_sdt=0,5
       Excerpt … We provide a software tool based on FinerGit. The tool is open to the public on GitHub … Fig. 5.Tracking files w/ and w/o Heuristic-2. 4. Implementation. We have implemented a tool based onFinerGit. Our tool is open to the public in GitHub, and anyone can use it freely … 

         Title The impact of systematic edits in history slicing
           URL http://scholar.google.com/https://ieeexplore.ieee.org/abstract/document/8816733/
          Year 2019
     Citations 2
      Versions 5
    Cluster ID 5230267912019408979
Citations list http://scholar.google.com/scholar?cites=5230267912019408979&as_sdt=2005&sciodt=0,5&hl=en
 Versions list http://scholar.google.com/scholar?cluster=5230267912019408979&hl=en&as_sdt=0,5
       Excerpt … activity is done while extracting only the necessary changes to create pull requests …github.com/apache/commons-collections/commit/51186c1 2https://github.com/apache … SK Lahiri,“Helping developers help themselves: Automatic decomposition of code review changesets,” … 

         Title Feature location for multi-layer system based on formal concept analysis
           URL http://scholar.google.com/https://ieeexplore.ieee.org/abstract/document/6178916/
          Year 2012
     Citations 7
      Versions 3
    Cluster ID 3948616812272709165
Citations list http://scholar.google.com/scholar?cites=3948616812272709165&as_sdt=2005&sciodt=0,5&hl=en
 Versions list http://scholar.google.com/scholar?cluster=3948616812272709165&hl=en&as_sdt=0,5
       Excerpt … FL (Feature Location Techniques; FLTs) have been proposed so far, based on static analysis,dynamic analysis or information retrieval, etc. To name a few, Marcus et al. compared three kindsof FLTs: pattern matching using regular expression, exploring dependency graph and … 

         Title Revisiting context-based code smells prioritization: On supporting referred context
           URL http://scholar.google.com/https://dl.acm.org/doi/abs/10.1145/3120459.3120463
          Year 2017
     Citations 5
      Versions 2
    Cluster ID 6538612802126798595
Citations list http://scholar.google.com/scholar?cites=6538612802126798595&as_sdt=2005&sciodt=0,5&hl=en
 Versions list http://scholar.google.com/scholar?cluster=6538612802126798595&hl=en&as_sdt=0,5
       Excerpt … One important problem of current code smell detection is that the number of outputs isoverwhelming. Consequently, developers do not use static analysis tools such as code smelldetectors because of numerous detected warnings [10] … 3https://github.com/eclipse/mylyn.tasks … 

         Title Context‐based approach to prioritize code smells for prefactoring
           URL http://scholar.google.com/https://onlinelibrary.wiley.com/doi/abs/10.1002/smr.1886
          Year 2018
     Citations 10
      Versions 0
    Cluster ID 16656684112038724141
Citations list http://scholar.google.com/scholar?cites=16656684112038724141&as_sdt=2005&sciodt=0,5&hl=en
       Excerpt … Therefore, the time‐consuming process of identifying relevant outputs is left to the developers,which is similar to the fact that static analysis tools are … We have implemented an automated tool(https://github.com/salab/CodeSmellsPrioritizer) for use with the proposed technique … 

         Title Visualizing a tangled change for supporting its decomposition and commit construction
           URL http://scholar.google.com/https://ieeexplore.ieee.org/abstract/document/8377642/
          Year 2018
     Citations 4
      Versions 2
    Cluster ID 16010071944750166712
Citations list http://scholar.google.com/scholar?cites=16010071944750166712&as_sdt=2005&sciodt=0,5&hl=en
 Versions list http://scholar.google.com/scholar?cluster=16010071944750166712&hl=en&as_sdt=0,5
       Excerpt … ICSE, 2018. [11] DCR Leow Yijin, “Command line interface address book applica- tion,”https://github.com/se-edu/addressbook-level2. [12] T. Zhang, M. Song, J. Pinedo, and M. Kim,“Interactive code review for systematic changes,” in Proc. ICSE, 2015, pp. 111–122 … 

         Title A visualization tool recording historical data of program comprehension tasks
           URL http://scholar.google.com/https://dl.acm.org/doi/abs/10.1145/2597008.2597802
          Year 2014
     Citations 10
      Versions 3
    Cluster ID 13007187405308817183
Citations list http://scholar.google.com/scholar?cites=13007187405308817183&as_sdt=2005&sciodt=0,5&hl=en
 Versions list http://scholar.google.com/scholar?cluster=13007187405308817183&hl=en&as_sdt=0,5
       Excerpt … Keywords Software visualization, software metrics, software reengineering, static analysis,cognitive process … eclipse.org/ • JOGL 2.1.4 http://jogamp.org/jogl/www/ • Java3D 1.6.0 (pre9)http://jogamp.org/deployment/java3d/ • Jxplatform https://github.com/katsuhisamaruyama … 

         Title On the effectiveness of accuracy of automated feature location technique
           URL http://scholar.google.com/https://ieeexplore.ieee.org/abstract/document/6671313/
          Year 2013
     Citations 3
      Versions 14
    Cluster ID 56437176940899815
Citations list http://scholar.google.com/scholar?cites=56437176940899815&as_sdt=2005&sciodt=0,5&hl=en
 Versions list http://scholar.google.com/scholar?cluster=56437176940899815&hl=en&as_sdt=0,5
       Excerpt … Eaddy et al. [7] combined static analysis, dynamic analysis, and an information retrieval(IR) technique to extract a better ranking. Developers can investigate source code usinga result of these techniques, eg the top ten methods of a ranking … 

         Title Inference-based Detection of Architectural Violations in MVC2.
           URL http://scholar.google.com/https://www.scitepress.org/Papers/2017/64651/64651.pdf
          Year 2017
     Citations 1
      Versions 0
    Cluster ID 5570891062529868017
      PDF link http://scholar.google.com/https://www.scitepress.org/Papers/2017/64651/64651.pdf
Citations list http://scholar.google.com/scholar?cites=5570891062529868017&as_sdt=2005&sciodt=0,5&hl=en
       Excerpt … For building dependence graphs, we used jxplat- form2. The jxplatform is a static analysis toolfor Java to build a Java model consisting of system de- pendence, program dependence, controlflow, and call graphs … 2https://github.com/katsuhisamaruyama/jxplatform … 

         Title Toward proactive refactoring: An exploratory study on decaying modules
           URL http://scholar.google.com/https://ieeexplore.ieee.org/abstract/document/8844415/
          Year 2019
     Citations 2
      Versions 3
    Cluster ID 4747259572431574265
Citations list http://scholar.google.com/scholar?cites=4747259572431574265&as_sdt=2005&sciodt=0,5&hl=en
 Versions list http://scholar.google.com/scholar?cluster=4747259572431574265&hl=en&as_sdt=0,5
       Excerpt … To detect the decaying module, we first used inFusion ver. 1.9.0 as a static analysis tool tocalculate the metrics of each module … For the variable: current code quality, we use inFusion ver1.9.0 as a static analysis tool to calculate 34 metrics in addition to the proposed MDI … 

         Title RefactorHub: A Commit Annotator for Refactoring
           URL http://scholar.google.com/https://arxiv.org/abs/2103.11563
          Year 2021
     Citations 0
      Versions 2
 Versions list http://scholar.google.com/scholar?cluster=9861133591620955740&hl=en&as_sdt=0,5
       Excerpt … A preliminary user study showed that RefactorHub reduced annotation effort and improved thedegree of agreement among users. Source code and demo video are available athttps://github.com/salab/RefactorHub Index Terms—refactoring, annotation, commit … 

         Title Detecting Architectural Violations Using Responsibility and Dependency Constraints of Components
           URL http://scholar.google.com/https://search.ieice.org/bin/summary.php?id=e101-d_7_1780
          Year 2018
     Citations 2
      Versions 5
    Cluster ID 9798283849694056805
Citations list http://scholar.google.com/scholar?cites=9798283849694056805&as_sdt=2005&sciodt=0,5&hl=en
 Versions list http://scholar.google.com/scholar?cluster=9798283849694056805&hl=en&as_sdt=0,5
       Excerpt … The jxplatform is a static analysis tool for Java to build a Java model consisting of systemdependence, program de- pendence, control flow, and call graphs … This question relates to the†https://github.com/katsuhisamaruyama/jxplatform Page 7. 1786 IEICE TRANS. INF … 

