[query] http://scholar.google.com/scholar?as_q=&as_epq=%22findbugs%22%20OR%20%22spotbugs%22%20OR%20%22code%20review%22%20OR%20%22static%20analysis%22%20OR%20%22regex%22%20OR%20%22regular%20expression%22%20OR%20%22github%22%20OR%20%22pull%20requests%22&as_oq=&as_eq=&as_occt=any&as_sauthors=Simone%20Scalabrino&as_publication=&as_ylo=&as_yhi=&as_vis=0&btnG=&hl=en&num=80&as_sdt=0%2C5
         Title How open source projects use static code analysis tools in continuous integration pipelines
           URL http://scholar.google.com/https://ieeexplore.ieee.org/abstract/document/7962383/
          Year 2017
     Citations 78
      Versions 7
    Cluster ID 5429309510028852889
Citations list http://scholar.google.com/scholar?cites=5429309510028852889&as_sdt=2005&sciodt=0,5&hl=en
 Versions list http://scholar.google.com/scholar?cluster=5429309510028852889&hl=en&as_sdt=0,5
       Excerpt … 2) Integration with change information from GitHub: To analyze build and configuration files in …to the configuration files of the ASCATs adopted, like checkstyle.xml or findbugs-exclude.xml … 3)Analysis of static analysis tools configurations: To ad- dress RQ1, we extracted from the … 

         Title A comprehensive model for code readability
           URL http://scholar.google.com/https://onlinelibrary.wiley.com/doi/abs/10.1002/smr.1958
          Year 2018
     Citations 34
      Versions 3
    Cluster ID 10507770554822842783
Citations list http://scholar.google.com/scholar?cites=10507770554822842783&as_sdt=2005&sciodt=0,5&hl=en
 Versions list http://scholar.google.com/scholar?cluster=10507770554822842783&hl=en&as_sdt=0,5
       Excerpt … more than 5000 participants. We also replicated the study performed by Buse andWeimer,8 in which the authors correlated the readability with the warnings raisedby FindBugs, a static analysis tool. Our hypothesis is that, if … 

         Title Investigating the use of code analysis and nlp to promote a consistent usage of identifiers
           URL http://scholar.google.com/https://ieeexplore.ieee.org/abstract/document/8090141/
          Year 2017
     Citations 12
      Versions 7
    Cluster ID 15841077236640205942
Citations list http://scholar.google.com/scholar?cites=15841077236640205942&as_sdt=2005&sciodt=0,5&hl=en
 Versions list http://scholar.google.com/scholar?cluster=15841077236640205942&hl=en&as_sdt=0,5
       Excerpt … [7] firstly analyzed 33 rename recommendations generated by NATURALIZE, and then openedpull requests in open … When a developer decides to rename a variable v, a static analysis techniqueis … Also, they submitted 18 patches to five GitHub projects, among which 14 were … 

         Title Why developers refactor source code: A mining-based study
           URL http://scholar.google.com/https://dl.acm.org/doi/abs/10.1145/3408302
          Year 2020
     Citations 4
      Versions 7
    Cluster ID 16499345851411442987
Citations list http://scholar.google.com/scholar?cites=16499345851411442987&as_sdt=2005&sciodt=0,5&hl=en
 Versions list http://scholar.google.com/scholar?cluster=16499345851411442987&hl=en&as_sdt=0,5
       Excerpt … it is the main intent of the change or, rather, they are triggered by the code review process of … Inaddition, we also consider 13 flaws from a widely used static analysis tool that does not … Thisinformation was retrieved using the GitHub API, through which it is possible to access all … 

         Title Ocelot: A search-based test-data generation tool for c
           URL http://scholar.google.com/https://ieeexplore.ieee.org/abstract/document/9000087/
          Year 2018
     Citations 5
      Versions 8
    Cluster ID 17604518546687319821
Citations list http://scholar.google.com/scholar?cites=17604518546687319821&as_sdt=2005&sciodt=0,5&hl=en
 Versions list http://scholar.google.com/scholar?cluster=17604518546687319821&hl=en&as_sdt=0,5
       Excerpt … To achieve this goal, a search-based test-data generator (T DG) uses a search 1http://www.cs.berkeley.edu/~necula/cil/ 2 https://github.com/kiranlak/austin-sbst 3https://www.tiobe.com/tiobe-index/ 4 https://libcheck.github.io/check 5 https://ocelot.science/ 6 … 

         Title Evaluating SZZ Implementations Through a Developer-informed Oracle
           URL http://scholar.google.com/https://arxiv.org/abs/2102.03300
          Year 2021
     Citations 0
      Versions 6
 Versions list http://scholar.google.com/scholar?cluster=1597025871754864637&hl=en&as_sdt=0,5
       Excerpt … a preliminary step, we mined GH ARCHIVE [39] which provides, on a regular basis, a snapshotof public events generated on GitHub in the … 1) Word-Based Bug-Fixing Selection: To identify bug-fixing commits, we first apply a lightweight regular expression on all the commits we … 

         Title API compatibility issues in Android: Causes and effectiveness of data-driven detection techniques
           URL http://scholar.google.com/https://link.springer.com/article/10.1007/s10664-020-09877-w
          Year 2020
     Citations 1
      Versions 6
    Cluster ID 1615170349432011701
Citations list http://scholar.google.com/scholar?cites=1615170349432011701&as_sdt=2005&sciodt=0,5&hl=en
 Versions list http://scholar.google.com/scholar?cluster=1615170349432011701&hl=en&as_sdt=0,5
       Excerpt … To illustrate a concrete example of API compatibility issue, let us introduce the GitHub issue 5059 …The study has been run by manually analyzing 500 pull requests automatically selected as likelyrelated to … (2018a) propose an automatic approach based on static analysis on the … 

         Title Fixing of security vulnerabilities in open source projects: A case study of apache http server and apache tomcat
           URL http://scholar.google.com/https://ieeexplore.ieee.org/abstract/document/8730158/
          Year 2019
     Citations 10
      Versions 5
    Cluster ID 2323683314499306121
Citations list http://scholar.google.com/scholar?cites=2323683314499306121&as_sdt=2005&sciodt=0,5&hl=en
 Versions list http://scholar.google.com/scholar?cluster=2323683314499306121&hl=en&as_sdt=0,5
       Excerpt … We used a systematic approach to retrieve such information in the most reliable way. As a firststep, we tried to find direct and indirect links from the CVE Entry to any GitHub commit and weconsidered such commits as potentially fixing … First commit GitHub Repository Fig … 

         Title Data-driven solutions to detect api compatibility issues in android: an empirical study
           URL http://scholar.google.com/https://ieeexplore.ieee.org/abstract/document/8816731/
          Year 2019
     Citations 13
      Versions 7
    Cluster ID 16401878463466883237
Citations list http://scholar.google.com/scholar?cites=16401878463466883237&as_sdt=2005&sciodt=0,5&hl=en
 Versions list http://scholar.google.com/scholar?cluster=16401878463466883237&hl=en&as_sdt=0,5
       Excerpt … To illustrate an API incompatibility issue, let us introduce the Github issue 5059 of the libgdxframework (fixed in commit 88e0b2e). The issue states that some sounds are not played … For thisreason, Li et al. [18] propose an automatic approach based on static analysis on the app … 

         Title Automatically assessing code understandability: How far are we?
           URL http://scholar.google.com/https://ieeexplore.ieee.org/abstract/document/8115654/
          Year 2017
     Citations 58
      Versions 11
    Cluster ID 5311917354838494025
Citations list http://scholar.google.com/scholar?cites=5311917354838494025&as_sdt=2005&sciodt=0,5&hl=en
 Versions list http://scholar.google.com/scholar?cluster=5311917354838494025&hl=en&as_sdt=0,5
       Excerpt … We chose as E a 10% random sample of classes from Java/Android projects hosted on GitHubin 2016, totaling ∼2M classes from ∼57K Java projects. We used Google BigQuery to extractall the imports of all the classes belonging to such projects using a regular expression … 

         Title Automatically assessing code understandability
           URL http://scholar.google.com/https://ieeexplore.ieee.org/abstract/document/8651396/
          Year 2019
     Citations 21
      Versions 2
    Cluster ID 8738164419717695601
Citations list http://scholar.google.com/scholar?cites=8738164419717695601&as_sdt=2005&sciodt=0,5&hl=en
 Versions list http://scholar.google.com/scholar?cluster=8738164419717695601&hl=en&as_sdt=0,5
       Excerpt … We chose as E a 10% random sample of classes from Java/Android projects hosted on GitHubin 2016, totaling ∼2M classes from ∼57K Java projects. We used Google BigQuery to extractall the imports of all the classes belonging to such projects using a regular expression … 

         Title How does code readability change during software evolution?
           URL http://scholar.google.com/https://link.springer.com/article/10.1007/s10664-020-09886-9
          Year 2020
     Citations 0
      Versions 5
 Versions list http://scholar.google.com/scholar?cluster=10437654843734278749&hl=en&as_sdt=0,5
       Excerpt Code reading is one of the most frequent activities in software maintenance. Such anactivity aims at acquiring information from the code and, thus, it is.

         Title ICPC'16 AUSTIN
           URL http://scholar.google.com/https://www.computer.org/csdl/proceedings-article/icpc/2016/07503702/12OmNxQOjE5
     Citations 0
      Versions 2
 Versions list http://scholar.google.com/scholar?cluster=11065654441156729923&hl=en&as_sdt=0,5
       Excerpt … Footprint of Software Features,Syed Islam,, Adel Noureddine and Rabih Bashroush,Human-Machine Resolution of Invisible Control Flow,Suraj Kothari, ,Ahmed Tamrawi, and JonMathews,Extracting Configuration Parameter Interactions using Static Analysis,Chelsea Metcalf … 

         Title Automatically assessing and improving code readability and understandability
           URL http://scholar.google.com/https://iris.unimol.it/handle/11695/90885
          Year 2019
     Citations 0
      Versions 2
 Versions list http://scholar.google.com/scholar?cluster=15313809256493882848&hl=en&as_sdt=0,5
       Excerpt … 52 vii Page 7. viii LIST OF FIGURES 5.1 Workflow followed to predict readabilityby relying on FindBugs warnings. . . . . 59 5.2 AUC achieved using readabilitymodels to predict FindBugs warn- ings (by system) … 

         Title Search-based testing of procedural programs: Iterative single-target or multi-target approach?
           URL http://scholar.google.com/https://link.springer.com/chapter/10.1007/978-3-319-47106-8_5
          Year 2016
     Citations 18
      Versions 9
    Cluster ID 4136478067945980496
Citations list http://scholar.google.com/scholar?cites=4136478067945980496&as_sdt=2005&sciodt=0,5&hl=en
 Versions list http://scholar.google.com/scholar?cluster=4136478067945980496&hl=en&as_sdt=0,5
       Excerpt In the context of testing of Object-Oriented (OO) software systems, researchers have recentlyproposed search based approaches to automatically generate whole test suites by considering...

         Title Studying the Usage of Text-To-Text Transfer Transformer to Support Code-Related Tasks
           URL http://scholar.google.com/https://arxiv.org/abs/2102.02017
          Year 2021
     Citations 0
      Versions 5
 Versions list http://scholar.google.com/scholar?cluster=4519027896501895080&hl=en&as_sdt=0,5
       Excerpt … said, the additional pre-training is done in a self- supervised way (ie, by simply masking randomtokens in the code/text used for pre-training), making this step relatively cheap to perform andscalable to large code bases that can be easily collected from sources such as GitHub … 

