[query] http://scholar.google.com/scholar?as_q=&as_epq=%22findbugs%22%20OR%20%22spotbugs%22%20OR%20%22code%20review%22%20OR%20%22static%20analysis%22%20OR%20%22regex%22%20OR%20%22regular%20expression%22%20OR%20%22github%22%20OR%20%22pull%20requests%22&as_oq=&as_eq=&as_occt=any&as_sauthors=Sonia%20Haiduc&as_publication=&as_ylo=&as_yhi=&as_vis=0&btnG=&hl=en&num=80&as_sdt=0%2C5
         Title GitterCom: A Dataset of Open Source Developer Communications in Gitter
           URL http://scholar.google.com/https://dl.acm.org/doi/abs/10.1145/3379597.3387494
          Year 2020
     Citations 0
      Versions 2
 Versions list http://scholar.google.com/scholar?cluster=8262491987291173062&hl=en&as_sdt=0,5
       Excerpt … and Slack5 have revolution- ized team communications and project coordination by providinga user-friendly way of managing and organizing conversations, facilitating knowledge sharing,and by integrating with external software development tools such as GitHub, Asana, and … 

         Title Experiences Building an Answer Bot for Gitter
           URL http://scholar.google.com/https://dl.acm.org/doi/abs/10.1145/3387940.3391505
          Year 2020
     Citations 5
      Versions 4
    Cluster ID 6518526992745309352
Citations list http://scholar.google.com/scholar?cites=6518526992745309352&as_sdt=2005&sciodt=0,5&hl=en
 Versions list http://scholar.google.com/scholar?cluster=6518526992745309352&hl=en&as_sdt=0,5
       Excerpt … by integrating with external software development tools such as GitHub, Travis CI, and Jira[11,14, 23, 25] … Software bots also integrate with GitHub or assist developers to perform customersupport by capturing customer feedback and providing answers to clients [15] … 

         Title Making a difference: An overview of humanitarian free open source systems
           URL http://scholar.google.com/https://ieeexplore.ieee.org/abstract/document/7883387/
          Year 2016
     Citations 6
      Versions 2
    Cluster ID 4523025618737198081
Citations list http://scholar.google.com/scholar?cites=4523025618737198081&as_sdt=2005&sciodt=0,5&hl=en
 Versions list http://scholar.google.com/scholar?cluster=4523025618737198081&hl=en&as_sdt=0,5
       Excerpt … 2. DATA COLLECTION To find existing HFOSS we first searched GitHub andSourceforge using the keywords ”Humanitarian Open Source”; this resulted in 178repositories on GitHub and three projects on Sourceforge. We … 

         Title Automatic query performance assessment during the retrieval of software artifacts
           URL http://scholar.google.com/https://dl.acm.org/doi/abs/10.1145/2351676.2351690
          Year 2012
     Citations 43
      Versions 9
    Cluster ID 4747184520537774545
Citations list http://scholar.google.com/scholar?cites=4747184520537774545&as_sdt=2005&sciodt=0,5&hl=en
 Versions list http://scholar.google.com/scholar?cluster=4747184520537774545&hl=en&as_sdt=0,5
       Excerpt … analysis, etc. Solutions for software text search range from regular expression matchingto complex techniques using text retrieval. In all cases, the results of a search dependon the query formulated by the developer. A developer … 

         Title Mining & Modeling Unstructured Data in Software‐Challenges for the Future
           URL http://scholar.google.com/https://shonan.nii.ac.jp/docs/No.2016-3.pdf
          Year 2016
     Citations 0
      Versions 2
      PDF link http://scholar.google.com/https://shonan.nii.ac.jp/docs/No.2016-3.pdf
 Versions list http://scholar.google.com/scholar?cluster=7868611412096312733&hl=en&as_sdt=0,5
       Excerpt … information. Bug re- ports, execution logs, mailing lists, code review reports, changelogs, requirements documents, and the actual source code contain implicit developerknowledge about the project and past development efforts … 

         Title A study on the accuracy of ocr engines for source code transcription from programming screencasts
           URL http://scholar.google.com/https://dl.acm.org/doi/abs/10.1145/3379597.3387468
          Year 2020
     Citations 3
      Versions 2
    Cluster ID 6431814237404670490
Citations list http://scholar.google.com/scholar?cites=6431814237404670490&as_sdt=2005&sciodt=0,5&hl=en
 Versions list http://scholar.google.com/scholar?cluster=6431814237404670490&hl=en&as_sdt=0,5
       Excerpt … 1https://github.com/tesseract-ocr 65 2020 IEEE/ACM 17th International Conference on MiningSoftware Repositories (MSR) Page 2 … The code was extracted from a variety of GitHub projects,then locally opened in a popular IDE, where a screenshot of the code region was taken … 

         Title SPYSE-A Semantic Search Engine for Python Packages and Modules
           URL http://scholar.google.com/https://ieeexplore.ieee.org/abstract/document/7883356/
          Year 2016
     Citations 3
      Versions 3
    Cluster ID 13599585881192452792
Citations list http://scholar.google.com/scholar?cites=13599585881192452792&as_sdt=2005&sciodt=0,5&hl=en
 Versions list http://scholar.google.com/scholar?cluster=13599585881192452792&hl=en&as_sdt=0,5
       Excerpt … We are interested in classes, functions and variables in classes, global functions, recurring innerfunctions inside 6https://www.python.org/dev/peps/pep-0008/ 7https://pypi.python.org/pypi/pep88http://www.pylint.org/ 9https://github.com/landscapeio/prospector 10https://pypi … 

         Title Codetube: extracting relevant fragments from software development video tutorials
           URL http://scholar.google.com/https://ieeexplore.ieee.org/abstract/document/7883361/
          Year 2016
     Citations 33
      Versions 5
    Cluster ID 10808073924078777446
Citations list http://scholar.google.com/scholar?cites=10808073924078777446&as_sdt=2005&sciodt=0,5&hl=en
 Versions list http://scholar.google.com/scholar?cluster=10808073924078777446&hl=en&as_sdt=0,5
       Excerpt … tesseract-ocr2. The source code shown in the frame (if any) is identified using an islandparser [3,7] on the text extracted by the OCR. 1https://developers.google.com/youtube/v3/ 2https://github.com/tesseract-ocr Information about … 

         Title UI screens identification and extraction from mobile programming screencasts
           URL http://scholar.google.com/https://dl.acm.org/doi/abs/10.1145/3387904.3389265
          Year 2020
     Citations 1
      Versions 2
    Cluster ID 2123318324008276182
Citations list http://scholar.google.com/scholar?cites=2123318324008276182&as_sdt=2005&sciodt=0,5&hl=en
 Versions list http://scholar.google.com/scholar?cluster=2123318324008276182&hl=en&as_sdt=0,5
       Excerpt … 6https://www.youtube.org/ 7https://kotlinlang.org 8https://github.com/rg3/youtube-dl Table 1:Statistics of our dataset before and after applying our approach to remove duplicate frames (innumber of frames, at 1fps extraction rate) … 11https://github.com/tensorflow/tensorflow 324 … 

         Title Too long; didn't watch! extracting relevant fragments from software development video tutorials
           URL http://scholar.google.com/https://dl.acm.org/doi/abs/10.1145/2884781.2884824
          Year 2016
     Citations 63
      Versions 8
    Cluster ID 13019787121304539806
Citations list http://scholar.google.com/scholar?cites=13019787121304539806&as_sdt=2005&sciodt=0,5&hl=en
 Versions list http://scholar.google.com/scholar?cluster=13019787121304539806&hl=en&as_sdt=0,5
       Excerpt … Sm. 4https://github.com/tesseract-ocr 5We use the OS X English dictionary.6http://boofcv.org/ Identifying Java Code. After identifying a candidate sub- frame,we run the OCR to obtain the raw text that likely represents code … 

         Title Accurately predicting the location of code fragments in programming video tutorials using deep learning
           URL http://scholar.google.com/https://dl.acm.org/doi/abs/10.1145/3273934.3273935
          Year 2018
     Citations 14
      Versions 4
    Cluster ID 5515676244464151288
Citations list http://scholar.google.com/scholar?cites=5515676244464151288&as_sdt=2005&sciodt=0,5&hl=en
 Versions list http://scholar.google.com/scholar?cluster=5515676244464151288&hl=en&as_sdt=0,5
       Excerpt … A second approach would be to directly learn to predict the code bounding box withouthaving to go through a pixel-by-pixel 3https://github.com/alexgkendall/caffe-segnet Page5 … 4https://github.com/nficano/pytube 5https://goo.gl/R7yGiD Page 7 … 

         Title Code Localization in Programming Screencasts
           URL http://scholar.google.com/https://link.springer.com/article/10.1007/s10664-019-09759-w
          Year 2020
     Citations 5
      Versions 4
    Cluster ID 8571751611866275674
Citations list http://scholar.google.com/scholar?cites=8571751611866275674&as_sdt=2005&sciodt=0,5&hl=en
 Versions list http://scholar.google.com/scholar?cluster=8571751611866275674&hl=en&as_sdt=0,5
       Excerpt … However, this code is embedded in the video and not available for being indexed andsearched, for being extracted and reused by programmers or being linked to other sourcesof information such as GitHub or StackOverflow discussions … 

         Title Automatic identification and classification of software development video tutorial fragments
           URL http://scholar.google.com/https://ieeexplore.ieee.org/abstract/document/8128506/
          Year 2017
     Citations 25
      Versions 5
    Cluster ID 6735387206000610515
Citations list http://scholar.google.com/scholar?cites=6735387206000610515&as_sdt=2005&sciodt=0,5&hl=en
 Versions list http://scholar.google.com/scholar?cluster=6735387206000610515&hl=en&as_sdt=0,5
       Excerpt … the frame. OCR tools are Fig. 3. CODETUBE: Analysis process. 1. https://developers.google.com/youtube/v3/ 2. http://google2srt.sourceforge.net/en/ 3. http://www.ffmpeg.org/ 4. https://github.com/tesseract-ocr PONZANELLI ET … 

         Title Automatic tag recommendation for software development video tutorials
           URL http://scholar.google.com/https://ieeexplore.ieee.org/abstract/document/8973025/
          Year 2018
     Citations 15
      Versions 5
    Cluster ID 10105715889364708059
Citations list http://scholar.google.com/scholar?cites=10105715889364708059&as_sdt=2005&sciodt=0,5&hl=en
 Versions list http://scholar.google.com/scholar?cluster=10105715889364708059&hl=en&as_sdt=0,5
       Excerpt … For example, LDA uses this entire set to extract topics from the whole video collection thatare then used to generate tags for particular videos. 10https://rg3.github.io/youtube-dl/ 225Page 5. 226 Page 6. ICPC '18, May 27–28, 2018, Gothenburg, Sweden … 

         Title 3rd workshop on Mining Unstructured Data
           URL http://scholar.google.com/https://ieeexplore.ieee.org/abstract/document/6671333/
          Year 2013
     Citations 0
      Versions 5
 Versions list http://scholar.google.com/scholar?cluster=9065733536321281945&hl=en&as_sdt=0,5
       Excerpt … information. Bug reports, execution logs, mailing lists, code review reports, changelogs, requirements documents, and the actual source code contain implicit developerknowledge about the project and past development efforts … 

         Title MUD 2015-welcome message from the organizers
           URL http://scholar.google.com/https://ieeexplore.ieee.org/abstract/document/7327959/
     Citations 0
      Versions 2
 Versions list http://scholar.google.com/scholar?cluster=14539390289588628934&hl=en&as_sdt=0,5
       Excerpt … information. Bug reports, execution logs, mailing lists, code review reports, changelogs, requirements documents, and the actual source code contain implicit developerknowledge about the project and past development efforts … 

         Title Welcome message from the MUD 2014 co-chairs
           URL http://scholar.google.com/https://ieeexplore.ieee.org/abstract/document/6980182/
     Citations 0
      Versions 3
 Versions list http://scholar.google.com/scholar?cluster=4794223745869822837&hl=en&as_sdt=0,5
       Excerpt … information. Bug reports, execution logs, mailing lists, code review reports, changelogs, requirements documents, and the actual source code contain implicit developerknowledge about the project and past development efforts … 

         Title Text retrieval approaches for concept location in source code
           URL http://scholar.google.com/https://link.springer.com/chapter/10.1007/978-3-642-36054-1_5
          Year 2010
     Citations 32
      Versions 3
    Cluster ID 706494807470042438
Citations list http://scholar.google.com/scholar?cites=706494807470042438&as_sdt=2005&sciodt=0,5&hl=en
 Versions list http://scholar.google.com/scholar?cluster=706494807470042438&hl=en&as_sdt=0,5
       Excerpt Page 1. A. De Lucia and F. Ferrucci (Eds.): ISSSE 2009-2011, LNCS 7171, pp. 126–158,2013. © Springer-Verlag Berlin Heidelberg 2013 Text Retrieval Approaches for ConceptLocation in Source Code Andrian Marcus and Sonia Haiduc … 

         Title UIScreens: extracting user interface screens from mobile programming video tutorials
           URL http://scholar.google.com/https://dl.acm.org/doi/abs/10.1145/3368089.3417935
          Year 2020
     Citations 0
      Versions 3
 Versions list http://scholar.google.com/scholar?cluster=11447857264708522620&hl=en&as_sdt=0,5
       Excerpt … We used DisMax as the query parser and assigned the following weights to the metadata: title -3, description - 2, tags - 1, and OCRed text - 1. 5https://github.com/patrickschur/language-detection6https://lucene.apache.org/solr/ A B C Figure 2: UIScreens: web frontend … 

         Title Lexicon bad smells in software
           URL http://scholar.google.com/https://ieeexplore.ieee.org/abstract/document/5328733/
          Year 2009
     Citations 51
      Versions 6
    Cluster ID 3451845601434179880
Citations list http://scholar.google.com/scholar?cites=3451845601434179880&as_sdt=2005&sciodt=0,5&hl=en
 Versions list http://scholar.google.com/scholar?cluster=3451845601434179880&hl=en&as_sdt=0,5
       Excerpt … Table 5. Sample results of the identifier construction rules detector in classes in Alice ClassIdentifier Violated Rule (regular expression) Evaluation SplitGLView ^Ali.* Bad smell DrawESD^Ali.* Bad smell ReadPar ^Ali.* Bad smell CommandQueue ^Ali.* Bad smell … 

