[query] http://scholar.google.com/scholar?as_q=&as_epq=%22findbugs%22%20OR%20%22spotbugs%22%20OR%20%22code%20review%22%20OR%20%22static%20analysis%22%20OR%20%22regex%22%20OR%20%22regular%20expression%22%20OR%20%22github%22%20OR%20%22pull%20requests%22&as_oq=&as_eq=&as_occt=any&as_sauthors=Stefan%20Stanciulescu&as_publication=&as_ylo=&as_yhi=&as_vis=0&btnG=&hl=en&num=80&as_sdt=0%2C5
         Title Forked and integrated variants in an open-source firmware project
           URL http://scholar.google.com/https://ieeexplore.ieee.org/abstract/document/7332461/
          Year 2015
     Citations 59
      Versions 7
    Cluster ID 2113409003722228839
Citations list http://scholar.google.com/scholar?cites=2113409003722228839&as_sdt=2005&sciodt=0,5&hl=en
 Versions list http://scholar.google.com/scholar?cluster=2113409003722228839&hl=en&as_sdt=0,5
       Excerpt … We found that only 202 forks (253 with forks that were deleted before our retrieval, and they arerepresented as unknown in pull requests by Github) contributed with patches to the main Marlinrepository, so not even all feature development forks (306 in Fig.2) have contributed … 

         Title Identifying features in forks
           URL http://scholar.google.com/https://ieeexplore.ieee.org/abstract/document/8453068/
          Year 2018
     Citations 25
      Versions 11
    Cluster ID 13006431177016719287
Citations list http://scholar.google.com/scholar?cites=13006431177016719287&as_sdt=2005&sciodt=0,5&hl=en
 Versions list http://scholar.google.com/scholar?cluster=13006431177016719287&hl=en&as_sdt=0,5
       Excerpt … In contrast to GitHub's network view (Fig … Technically, we take inspiration from ClusterChanges[5] to untangle code changes during code review based on a graph of … 4, 9, 65]) and supportdevelopers in merg- ing selective changes across forks (eg, generating pull requests) … 

         Title Variability Management using Github fork-based development
           URL http://blog.ieeesoftware.org/2015/
     Citations 0
      Versions 0
       Excerpt While there are systematic product line engineering methodologies that support variability (eg, preprocessor, deltas, aspects, modules), software variants are often developed using clone-and-own (aka copy-paste) since it is a low-cost mechanism without a steep learning …

         Title A technology-neutral role-based collaboration model for software ecosystems
           URL http://scholar.google.com/https://link.springer.com/chapter/10.1007/978-3-319-47169-3_41
          Year 2016
     Citations 5
      Versions 5
    Cluster ID 18376071551186159988
Citations list http://scholar.google.com/scholar?cites=18376071551186159988&as_sdt=2005&sciodt=0,5&hl=en
 Versions list http://scholar.google.com/scholar?cluster=18376071551186159988&hl=en&as_sdt=0,5
       Excerpt … Pull requests are often rejected due to code quality, but also because newer pull requests alreadysolved the same … 8. We anonymized the names of the Github users to respect their privacy … 1.Bacchelli, A., Bird, C.: Expectations, outcomes, and challenges of modern code review … 

         Title Variability bugs in highly configurable systems: a qualitative analysis
           URL http://scholar.google.com/https://dl.acm.org/doi/abs/10.1145/3149119
          Year 2018
     Citations 26
      Versions 0
    Cluster ID 5816213170986881966
Citations list http://scholar.google.com/scholar?cites=5816213170986881966&as_sdt=2005&sciodt=0,5&hl=en
       Excerpt … Recently, various family-based extensions of both classic static analysis–based [4, 9, 12, 19,32, 35 … The project is written in C++, is hosted on GitHub, and uses GitHub's issue tracker … to identifybug-fixing commits was established.10 For instance, the regular expression fix (case … 

         Title Systematic Reuse and Ad Hoc Forking to Develop Software Variants
           URL http://scholar.google.com/https://pure.itu.dk/portal/files/83177812/PhD_Thesis_Final_Version_Stephan_Stanciulescu.pdf
          Year 2017
     Citations 0
      Versions 3
      PDF link http://scholar.google.com/https://pure.itu.dk/portal/files/83177812/PhD_Thesis_Final_Version_Stephan_Stanciulescu.pdf
 Versions list http://scholar.google.com/scholar?cluster=11512813469279257175&hl=en&as_sdt=0,5
       Excerpt … 8 2 Background 11 2.1 TheMarlinFirmware . . . . . 11 2.2 Git . . . . . 12 2.3 Github . . . . .13 2.4 FeatureModels . . . . . 15 2.5 ChoiceCalculus … 

         Title Concepts, operations, and feasibility of a projection-based variation control system
           URL http://scholar.google.com/https://ieeexplore.ieee.org/abstract/document/7816478/
          Year 2016
     Citations 32
      Versions 2
    Cluster ID 16605155249189998603
Citations list http://scholar.google.com/scholar?cites=16605155249189998603&as_sdt=2005&sciodt=0,5&hl=en
 Versions list http://scholar.google.com/scholar?cluster=16605155249189998603&hl=en&as_sdt=0,5
       Excerpt … We use the development branch of Marlin's Git repository3 on Github. We clone the “MarlinDev”repository with the HEAD pointing to commit 3cfe1dce1 … We repeat these steps until each patch3https://github.com/MarlinFirmware/MarlinDev 326 Page 5 … 

         Title Intention-based integration of software variants
           URL http://scholar.google.com/https://ieeexplore.ieee.org/abstract/document/8811913/
          Year 2019
     Citations 13
      Versions 12
    Cluster ID 13604991868194258557
Citations list http://scholar.google.com/scholar?cites=13604991868194258557&as_sdt=2005&sciodt=0,5&hl=en
 Versions list http://scholar.google.com/scholar?cluster=13604991868194258557&hl=en&as_sdt=0,5
       Excerpt … an integration would entail. We also inspected merge commits that involvedpreprocessor directives, pull requests, and conflicting commits—all examples ofdevelopers performing integrations while dealing with variability. In … 

         Title 5.3 Workflow Group
           URL http://dagstuhl.sunsite.rwth-aachen.de/volltexte/2019/11379/pdf/dagrep_v009_i005_p001_19191.pdf#page=25
     Citations 0
      Versions 3
 Versions list http://scholar.google.com/scholar?cluster=10875210305029978381&hl=en&as_sdt=0,5
       Excerpt … Maintaining feature traceability with embedded annotations. In SPLC, 2015. 4 Jing Jiang, DavidLo, Jiahuan He, Xin Xia, Pavneet Singh Kochhar, and Li Zhang. Why and how developers forkwhat from whom in github. Empirical Software Engineering, 22 (1): 547–578, 2017 … 

