[query] http://scholar.google.com/scholar?as_q=&as_epq=%22findbugs%22%20OR%20%22spotbugs%22%20OR%20%22code%20review%22%20OR%20%22static%20analysis%22%20OR%20%22regex%22%20OR%20%22regular%20expression%22%20OR%20%22github%22%20OR%20%22pull%20requests%22&as_oq=&as_eq=&as_occt=any&as_sauthors=Tianxiao%20Gu&as_publication=&as_ylo=&as_yhi=&as_vis=0&btnG=&hl=en&num=80&as_sdt=0%2C5
         Title Effectively manifesting concurrency bugs in android apps
           URL http://scholar.google.com/https://ieeexplore.ieee.org/abstract/document/7890590/
          Year 2016
     Citations 16
      Versions 5
    Cluster ID 5983882797394870651
Citations list http://scholar.google.com/scholar?cites=5983882797394870651&as_sdt=2005&sciodt=0,5&hl=en
 Versions list http://scholar.google.com/scholar?cluster=5983882797394870651&hl=en&as_sdt=0,5
       Excerpt … We downloaded thirty popular open-source apps from Github, Google Code, and EOEAndroidand run them with AATT … The experimental sub- jects are shown in Table I. 213 Page 6. TABLEIII: The APs' Numbers of Static Analysis and Dynamic Profiling … 

         Title AATT+: Effectively manifesting concurrency bugs in Android apps
           URL http://scholar.google.com/https://www.sciencedirect.com/science/article/pii/S0167642318301047
          Year 2018
     Citations 10
      Versions 4
    Cluster ID 8910852146883538370
Citations list http://scholar.google.com/scholar?cites=8910852146883538370&as_sdt=2005&sciodt=0,5&hl=en
 Versions list http://scholar.google.com/scholar?cluster=8910852146883538370&hl=en&as_sdt=0,5
       Excerpt … For the 15 apps with known concurrency bugs from GitHub and Google Code, AATT+ successfullydetected 10 of the known bugs … The static analysis constructs partial call graphs of an Androidapp and identifies APs in the graphs, while the dynamic analysis examines these APs … 

         Title Commit message generation for source code changes
           URL http://scholar.google.com/https://par.nsf.gov/biblio/10159294
          Year 2019
     Citations 12
      Versions 5
    Cluster ID 10333494234110444917
Citations list http://scholar.google.com/scholar?cites=10333494234110444917&as_sdt=2005&sciodt=0,5&hl=en
 Versions list http://scholar.google.com/scholar?cluster=10333494234110444917&hl=en&as_sdt=0,5
       Excerpt … 3.1 Experimental Setup (A) Dataset. We use the commonly-used dataset in this area, whichwas collected by Jiang and McMillan [2017] from the top 1,000 popular Java projects in Githuband contains 509k diff files and corresponding commit messages … 

         Title Resynchronizing model-based self-adaptive systems with environments
           URL http://scholar.google.com/https://ieeexplore.ieee.org/abstract/document/6462653/
          Year 2012
     Citations 8
      Versions 9
    Cluster ID 6598597219626907825
Citations list http://scholar.google.com/scholar?cites=6598597219626907825&as_sdt=2005&sciodt=0,5&hl=en
 Versions list http://scholar.google.com/scholar?cluster=6598597219626907825&hl=en&as_sdt=0,5
       Excerpt … [3]), which enables the formal definition of sync-loss error and its effective detection; (2) A staticanalysis algorithm for deciding whether a system owns the ability of … The other two parts are astatic analysis tool and a runtime support to be presented in the next section … 

         Title Perses: Syntax-guided program reduction
           URL http://scholar.google.com/https://dl.acm.org/doi/abs/10.1145/3180155.3180236
          Year 2018
     Citations 32
      Versions 9
    Cluster ID 331909197739154739
Citations list http://scholar.google.com/scholar?cites=331909197739154739&as_sdt=2005&sciodt=0,5&hl=en
 Versions list http://scholar.google.com/scholar?cluster=331909197739154739&hl=en&as_sdt=0,5
       Excerpt Page 1. Perses: Syntax-Guided Program Reduction Chengnian Sun University of California Davis,CA, USA cnsun@ucdavis.edu Yuanbo Li University of California Davis, CA, USAyboli@ucdavis.edu Qirun Zhang University of California Davis, CA, USA qrzhang@ucdavis.edu … 

         Title Aimdroid: Activity-insulated multi-level automated testing for android applications
           URL http://scholar.google.com/https://ieeexplore.ieee.org/abstract/document/8094413/
          Year 2017
     Citations 25
      Versions 4
    Cluster ID 3769641235759102551
Citations list http://scholar.google.com/scholar?cites=3769641235759102551&as_sdt=2005&sciodt=0,5&hl=en
 Versions list http://scholar.google.com/scholar?cluster=3769641235759102551&hl=en&as_sdt=0,5
       Excerpt … thoroughly. Though there are many kinds of events that Android supports, the GUIevents are the most 1https://icsnju.github.io/AimDroid-ICSME-2017/ popular [14],[12], which can be generated by mimicking GUI actions (eg, click) … 

         Title An integral tag recommendation model for textual content
           URL http://scholar.google.com/https://ojs.aaai.org/index.php/AAAI/article/view/4444
          Year 2019
     Citations 11
      Versions 12
    Cluster ID 9300538705294517502
Citations list http://scholar.google.com/scholar?cites=9300538705294517502&as_sdt=2005&sciodt=0,5&hl=en
 Versions list http://scholar.google.com/scholar?cluster=9300538705294517502&hl=en&as_sdt=0,5
       Excerpt … Next, when tag correlation is introduced, ITAG2 significantly 6The code of the proposedmethod is publicly available at https://github.com/SoftWiser-group/iTag. 5113 Page6. Table 3: Effectiveness comparisons on the three datasets … 

         Title Cure: Automated patch generation for dynamic software update
           URL http://scholar.google.com/https://ieeexplore.ieee.org/abstract/document/7890595/
          Year 2016
     Citations 5
      Versions 3
    Cluster ID 6642668997823012043
Citations list http://scholar.google.com/scholar?cites=6642668997823012043&as_sdt=2005&sciodt=0,5&hl=en
 Versions list http://scholar.google.com/scholar?cluster=6642668997823012043&hl=en&as_sdt=0,5
       Excerpt … Second, these applications should have a set of high quality test cases. We downloaded sourcecode of all subjects from GitHub [21] and built each version and their corresponding test cases.Third, users expect continuous and stable service from these applications … 

         Title Improving reliability of dynamic software updating using runtime recovery
           URL http://scholar.google.com/https://ieeexplore.ieee.org/abstract/document/7890596/
          Year 2016
     Citations 6
      Versions 0
    Cluster ID 16701553848282942628
Citations list http://scholar.google.com/scholar?cites=16701553848282942628&as_sdt=2005&sciodt=0,5&hl=en
       Excerpt Page 1. Improving Reliability of Dynamic Software Updating Using Runtime RecoveryTianxiao Gu Zelin Zhao Xiaoxing Ma ∗ Chang Xu Chun Cao Jian Lü Departmentof Computer Science and Technology, Nanjing University … 

         Title Software Is Not Soft
           URL http://scholar.google.com/https://link.springer.com/chapter/10.1007/978-3-030-02928-9_5
          Year 2017
     Citations 0
      Versions 0
       Excerpt It is widely desired that running software systems can be updated on thefly in response to the changes in the environment they are situated in andin the requirements they must satisfy. Systematic...

         Title Improving Reliability of Dynamic Software Updating Using Runtime Recovery
           URL http://scholar.google.com/https://www.researchgate.net/profile/Chang_Xu2/publication/315865996_Improving_Reliability_of_Dynamic_Software_Updating_Using_Runtime_Recovery/links/5a5b366ca6fdcc3bfb606a43/Improving-Reliability-of-Dynamic-Software-Updating-Using-Runtime-Recovery.pdf
     Citations 0
      Versions 2
      PDF link http://scholar.google.com/https://www.researchgate.net/profile/Chang_Xu2/publication/315865996_Improving_Reliability_of_Dynamic_Software_Updating_Using_Runtime_Recovery/links/5a5b366ca6fdcc3bfb606a43/Improving-Reliability-of-Dynamic-Software-Updating-Using-Runtime-Recovery.pdf
 Versions list http://scholar.google.com/scholar?cluster=2991494747311367981&hl=en&as_sdt=0,5
       Excerpt Page 1. Improving Reliability of Dynamic Software Updating Using Runtime RecoveryTianxiao Gu Zelin Zhao Xiaoxing Ma ∗ Chang Xu Chun Cao Jian Lü Departmentof Computer Science and Technology, Nanjing University … 

         Title Javelus: A low disruptive approach to dynamic software updates
           URL http://scholar.google.com/https://ieeexplore.ieee.org/abstract/document/6462706/
          Year 2012
     Citations 36
      Versions 7
    Cluster ID 16875765377657636260
Citations list http://scholar.google.com/scholar?cites=16875765377657636260&as_sdt=2005&sciodt=0,5&hl=en
 Versions list http://scholar.google.com/scholar?cluster=16875765377657636260&hl=en&as_sdt=0,5
       Excerpt … Transformer methods are invoked if needed. The thread continues to execute after updating object.B. Off-line Preparation Currently, Javelus uses a static analysis tool to generate the dynamic patchfile. The dynamic patch file specifies how to update each class … 

         Title Accelerating Automated Android GUI Exploration with Widgets Grouping
           URL http://scholar.google.com/https://ieeexplore.ieee.org/abstract/document/8719468/
          Year 2018
     Citations 0
      Versions 2
 Versions list http://scholar.google.com/scholar?cluster=15388043015763961373&hl=en&as_sdt=0,5
       Excerpt Page 1. Accelerating Automated Android GUI Exploration with Widgets GroupingChun Cao Hongjun Ge Tianxiao Gu Jing Deng Ping Yu Jian Lü Department ofComputer Science and Technology, Nanjing University, Nanjing … 

         Title CARE: Cache guided deterministic replay for concurrent Java programs
           URL http://scholar.google.com/https://dl.acm.org/doi/abs/10.1145/2568225.2568236
          Year 2014
     Citations 27
      Versions 7
    Cluster ID 17929020034763824295
Citations list http://scholar.google.com/scholar?cites=17929020034763824295&as_sdt=2005&sciodt=0,5&hl=en
 Versions list http://scholar.google.com/scholar?cluster=17929020034763824295&hl=en&as_sdt=0,5
       Excerpt Page 1. CARE: Cache Guided Deterministic Replay for Concurrent Java ProgramsYanyan Jiang, Tianxiao Gu, Chang Xu∗, Xiaoxing Ma∗, Jian Lu State Key Lab forNovel Software Technology, Nanjing University, 210023, Nanjing … 

         Title Speedup automatic program repair using dynamic software updating: an empirical study
           URL http://scholar.google.com/https://dl.acm.org/doi/abs/10.1145/3361242.3361245
          Year 2019
     Citations 3
      Versions 0
    Cluster ID 3514310633330412026
Citations list http://scholar.google.com/scholar?cites=3514310633330412026&as_sdt=2005&sciodt=0,5&hl=en
       Excerpt Page 1. Speedup Automatic Program Repair Using Dynamic Software Updating:An Empirical Study Rongxun Guo State Key Laboratory for Novel Software Technology,Nanjing University, China grx@smail.nju.edu.cn Tianxiao … 

