[query] http://scholar.google.com/scholar?as_q=&as_epq=%22findbugs%22%20OR%20%22spotbugs%22%20OR%20%22code%20review%22%20OR%20%22static%20analysis%22%20OR%20%22regex%22%20OR%20%22regular%20expression%22%20OR%20%22github%22%20OR%20%22pull%20requests%22&as_oq=&as_eq=&as_occt=any&as_sauthors=Tien%20N.%20Nguyen&as_publication=&as_ylo=&as_yhi=&as_vis=0&btnG=&hl=en&num=80&as_sdt=0%2C5
         Title MUBench: A benchmark for API-misuse detectors
           URL http://scholar.google.com/https://dl.acm.org/doi/abs/10.1145/2901739.2903506
          Year 2016
     Citations 52
      Versions 6
    Cluster ID 320684546647145132
Citations list http://scholar.google.com/scholar?cites=320684546647145132&as_sdt=2005&sciodt=0,5&hl=en
 Versions list http://scholar.google.com/scholar?cluster=320684546647145132&hl=en&as_sdt=0,5
       Excerpt … misuse detectors. We explored existing bug datasets, mined projects from SourceForgeand GitHub, and conducted a survey to collect 89 instances of API misuses. Fromthis … of bug. MuBench is publicly available on GitHub. 1 We … 

         Title Boa: A language and infrastructure for analyzing ultra-large-scale software repositories
           URL http://scholar.google.com/https://ieeexplore.ieee.org/abstract/document/6606588/
          Year 2013
     Citations 352
      Versions 13
    Cluster ID 7384837077489737378
Citations list http://scholar.google.com/scholar?cites=7384837077489737378&as_sdt=2005&sciodt=0,5&hl=en
 Versions list http://scholar.google.com/scholar?cluster=7384837077489737378&hl=en&as_sdt=0,5
       Excerpt … I. INTRODUCTION Ultra-large-scale software repositories, eg SourceForge (350,000+ projects),GitHub (250,000+ projects), and Google Code (250,000 … The second person performed a codereview and also simplified and condensed the programs to decrease the total lines of … 

         Title AC/C++ Code Vulnerability Dataset with Code Changes and CVE Summaries
           URL http://scholar.google.com/https://dl.acm.org/doi/abs/10.1145/3379597.3387501
          Year 2020
     Citations 2
      Versions 0
    Cluster ID 4638288507893565862
Citations list http://scholar.google.com/scholar?cites=4638288507893565862&as_sdt=2005&sciodt=0,5&hl=en
       Excerpt … ABSTRACT We collected a large C/C++ code vulnerability dataset from open- sourceGithub projects, namely Big-Vul … All these code vulnerabilities are extracted from 348Github projects. All information is stored in the CSV format … 

         Title Graph-based mining of in-the-wild, fine-grained, semantic code change patterns
           URL http://scholar.google.com/https://ieeexplore.ieee.org/abstract/document/8812071/
          Year 2019
     Citations 12
      Versions 4
    Cluster ID 3914125332223159305
Citations list http://scholar.google.com/scholar?cites=3914125332223159305&as_sdt=2005&sciodt=0,5&hl=en
 Versions list http://scholar.google.com/scholar?cluster=3914125332223159305&hl=en&as_sdt=0,5
       Excerpt … We evaluate CPATMINER by mining change patterns in a diverse corpus of 5,000+ open-sourceprojects from GitHub across a population of 170,000+ developers … GitHub repositories with longerversion histories consisting of 164M SLOCs from 13K developers … 

         Title Boa: Ultra-large-scale software repository and source-code mining
           URL http://scholar.google.com/https://dl.acm.org/doi/abs/10.1145/2803171
          Year 2015
     Citations 71
      Versions 8
    Cluster ID 15632881282682484275
Citations list http://scholar.google.com/scholar?cites=15632881282682484275&as_sdt=2005&sciodt=0,5&hl=en
 Versions list http://scholar.google.com/scholar?cluster=15632881282682484275&hl=en&as_sdt=0,5
       Excerpt … 1. INTRODUCTION Ultra-large-scale software repositories, such as SourceForge (430,000+projects), GitHub (23,000,000+ projects), and Google Code (250,000+ projects) contain anenor- mous collection of software and information about software … 

         Title Poster: Static Detection of Configuration-Dependent Bugs in Configurable Software
           URL http://scholar.google.com/https://ieeexplore.ieee.org/abstract/document/7203073/
          Year 2015
     Citations 4
      Versions 4
    Cluster ID 13205091397935899022
Citations list http://scholar.google.com/scholar?cites=13205091397935899022&as_sdt=2005&sciodt=0,5&hl=en
 Versions list http://scholar.google.com/scholar?cluster=13205091397935899022&hl=en&as_sdt=0,5
       Excerpt … Although traditional static analysis tools can assist developers in software development andmaintenance, they can only run on a concrete configuration of a configurable software system …Static analysis of variability in system software: The 90,000# ifdefs issue. In Proc … 

         Title Mining preconditions of APIs in large-scale code corpus
           URL http://scholar.google.com/https://dl.acm.org/doi/abs/10.1145/2635868.2635924
          Year 2014
     Citations 66
      Versions 7
    Cluster ID 14631056016286557174
Citations list http://scholar.google.com/scholar?cites=14631056016286557174&as_sdt=2005&sciodt=0,5&hl=en
 Versions list http://scholar.google.com/scholar?cluster=14631056016286557174&hl=en&as_sdt=0,5
       Excerpt … incomplete- ness of the test suites. On the other hand, static analysis approachesdo not require dynamic instrumentation but have high false-positive specifications[16, 28, 44, 53]. Importantly, those static techniques focus their … 

         Title Investigating next steps in static API-misuse detection
           URL http://scholar.google.com/https://ieeexplore.ieee.org/abstract/document/8816795/
          Year 2019
     Citations 17
      Versions 15
    Cluster ID 6259014715660485737
Citations list http://scholar.google.com/scholar?cites=6259014715660485737&as_sdt=2005&sciodt=0,5&hl=en
 Versions list http://scholar.google.com/scholar?cluster=6259014715660485737&hl=en&as_sdt=0,5
       Excerpt … In a cross- project setting, MUDETECT's recall and precision again improve significantly to 42.2%and 33.0%, respectively. Throughout the experiments, MUDETECT identified 27 previouslyunknown misuses, which we reported in eight pull requests (PRs) … 

         Title Mapping API elements for code migration with vector representations
           URL http://scholar.google.com/https://ieeexplore.ieee.org/abstract/document/7883396/
          Year 2016
     Citations 33
      Versions 3
    Cluster ID 11866723905650527794
Citations list http://scholar.google.com/scholar?cites=11866723905650527794&as_sdt=2005&sciodt=0,5&hl=en
 Versions list http://scholar.google.com/scholar?cluster=11866723905650527794&hl=en&as_sdt=0,5
       Excerpt … We used the dataset in the work by Allamanis et al. [1]. The second dataset is for training theWord2Vec model for the APIs in C# .NET (Table 1). For this, we chose 7,724 C# projects withthe ratings of +10 stars in GitHub … [19] Sharpen. https://github.com/mono/sharpen … 

         Title Transient analysis of laminated composite shells using an edge-based smoothed finite element method
           URL http://scholar.google.com/https://link.springer.com/chapter/10.1007/978-981-10-7149-2_75
          Year 2017
     Citations 7
      Versions 0
    Cluster ID 14977726479642788313
Citations list http://scholar.google.com/scholar?cites=14977726479642788313&as_sdt=2005&sciodt=0,5&hl=en
       Excerpt … FSDT). Numerical results for static analysis of isotropic and transient response oflaminated composite shell with various different loadings and boundary conditionsare provided … ones. 3.1 Static Analysis of Isotropic Shell Problem … 

         Title A Context-based Automated Approach for Method Name Consistency Checking and Suggestion
           URL http://scholar.google.com/https://arxiv.org/abs/2103.00269
          Year 2021
     Citations 0
      Versions 2
 Versions list http://scholar.google.com/scholar?cluster=12332556893581921303&hl=en&as_sdt=0,5
       Excerpt … projects. Among 50 pull requests, 12 were merged into the main branch … respectively.To assess usefulness, we made 50 pull requests (PRs) on the suggesting new namesfor the inconsistent methods as detected by DEEPNAME … 

         Title Analysis of thin-walled open-section beams with functionally graded materials
           URL http://scholar.google.com/https://www.sciencedirect.com/science/article/pii/S0263822315010557
          Year 2016
     Citations 37
      Versions 3
    Cluster ID 18342665235650052406
Citations list http://scholar.google.com/scholar?cites=18342665235650052406&as_sdt=2005&sciodt=0,5&hl=en
 Versions list http://scholar.google.com/scholar?cluster=18342665235650052406&hl=en&as_sdt=0,5
       Excerpt … Recently, Filippi et al. [15] performed a static analysis of a functionally graded beam basedon various theories and finite elements … However, the above-mentioned studies were restrictedto the static analysis of FG beams with rectangular cross-sections … 

         Title Statistical learning of api fully qualified names in code snippets of online forums
           URL http://scholar.google.com/https://ieeexplore.ieee.org/abstract/document/8453132/
          Year 2018
     Citations 22
      Versions 6
    Cluster ID 6699565115295446744
Citations list http://scholar.google.com/scholar?cites=6699565115295446744&as_sdt=2005&sciodt=0,5&hl=en
 Versions list http://scholar.google.com/scholar?cluster=6699565115295446744&hl=en&as_sdt=0,5
       Excerpt … However, not all libraries and frameworks provide well-maintained documenta- tion [7, 8, 26].To cope with that, software engineers take advantage of online forums, eg, StackOverflow orGitHub Gists. Such forums have provided good resources on API usages [22] … 

         Title A Machine Learning Approach for Real Time Android Malware Detection
           URL http://scholar.google.com/https://ieeexplore.ieee.org/abstract/document/9140771/
          Year 2020
     Citations 0
      Versions 0
       Excerpt … In which, dynamic analysis can be used independently to create features or combined with staticanalysis. III. METHODOLOGY A. APK archive architecture … The code and the data set used in thepaper were uploaded to the link https://github.com/manh-limbo/MobileSecurity … 

         Title Dangling references in multi-configuration and dynamic PHP-based Web applications
           URL http://scholar.google.com/https://ieeexplore.ieee.org/abstract/document/6693098/
          Year 2013
     Citations 12
      Versions 4
    Cluster ID 7369117194516562057
Citations list http://scholar.google.com/scholar?cites=7369117194516562057&as_sdt=2005&sciodt=0,5&hl=en
 Versions list http://scholar.google.com/scholar?cluster=7369117194516562057&hl=en&as_sdt=0,5
       Excerpt … We developed DRC, a static analysis method to detect such dangling references … Inthis work, we developed Dangling Reference Checker, DRC, a static analysis methodto detect such dangling refer- ences in dynamic PHP code … 

         Title Recovering variable names for minified code with usage contexts
           URL http://scholar.google.com/https://ieeexplore.ieee.org/abstract/document/8812034/
          Year 2019
     Citations 9
      Versions 7
    Cluster ID 16614232719988190344
Citations list http://scholar.google.com/scholar?cites=16614232719988190344&as_sdt=2005&sciodt=0,5&hl=en
 Versions list http://scholar.google.com/scholar?cluster=16614232719988190344&hl=en&as_sdt=0,5
       Excerpt … for code compre- hension as well as other maintenance activities such as code review,reuse, analysis, and enhancement. Recognizing that … data; 18 } Figure 1: An OriginalCode from a Project in GitHub 1 function getClipboardContent … 

         Title Transfer learning for information extraction with limited data
           URL http://scholar.google.com/https://link.springer.com/chapter/10.1007/978-981-15-6168-9_38
          Year 2019
     Citations 5
      Versions 6
    Cluster ID 3095689975810934752
Citations list http://scholar.google.com/scholar?cites=3095689975810934752&as_sdt=2005&sciodt=0,5&hl=en
 Versions list http://scholar.google.com/scholar?cluster=3095689975810934752&hl=en&as_sdt=0,5
       Excerpt … report. n -grams+MLP+regex: was trained with n-gram features (n in [1, 4]). The MLPwas used to predict the paragraph containing the values of tags. The regularexpression was finally applied to extract the values. Glove+CNN … 

         Title API code recommendation using statistical learning from fine-grained changes
           URL http://scholar.google.com/https://dl.acm.org/doi/abs/10.1145/2950290.2950333
          Year 2016
     Citations 113
      Versions 8
    Cluster ID 14061087788428827133
Citations list http://scholar.google.com/scholar?cites=14061087788428827133&as_sdt=2005&sciodt=0,5&hl=en
 Versions list http://scholar.google.com/scholar?cluster=14061087788428827133&hl=en&as_sdt=0,5
       Excerpt … previous changes. For the first step, we trained our model on a corpus of fine-grainedcode changes from the change commits in 50 open-source projects from GitHub.APIREC iterates over 113,103 commits and detects Permission … 

         Title DLfix: Context-based code transformation learning for automated program repair
           URL http://scholar.google.com/https://dl.acm.org/doi/abs/10.1145/3377811.3380345
          Year 2020
     Citations 14
      Versions 3
    Cluster ID 3567522641850783654
Citations list http://scholar.google.com/scholar?cites=3567522641850783654&as_sdt=2005&sciodt=0,5&hl=en
 Versions list http://scholar.google.com/scholar?cluster=3567522641850783654&hl=en&as_sdt=0,5
       Excerpt Page 1. 2020 IEEE/ACM42nd International Conference on Software Engineering (ICSE) DLFix:Context-based Code Transformation Learning for Automated Program Repair Yi Li ShaohuaWang" Tien N. Nguyen New Jersey Inst. ofTechnology, USA New Jersey Inst … 

         Title Suggesting natural method names to check name consistencies
           URL http://scholar.google.com/https://dl.acm.org/doi/abs/10.1145/3377811.3380926
          Year 2020
     Citations 4
      Versions 3
    Cluster ID 7621192398568562683
Citations list http://scholar.google.com/scholar?cites=7621192398568562683&as_sdt=2005&sciodt=0,5&hl=en
 Versions list http://scholar.google.com/scholar?cluster=7621192398568562683&hl=en&as_sdt=0,5
       Excerpt … 11.1% higher). To assess MNRE's usefulness, we used it to detect inconsistentmethods and suggest new names in several active, GitHub projects. We made 50pull requests (PRs) and received 42 responses. Among them … 

