[query] http://scholar.google.com/scholar?as_q=&as_epq=%22findbugs%22%20OR%20%22spotbugs%22%20OR%20%22code%20review%22%20OR%20%22static%20analysis%22%20OR%20%22regex%22%20OR%20%22regular%20expression%22%20OR%20%22github%22%20OR%20%22pull%20requests%22&as_oq=&as_eq=&as_occt=any&as_sauthors=Ting%20Liu&as_publication=&as_ylo=&as_yhi=&as_vis=0&btnG=&hl=en&num=80&as_sdt=0%2C5
         Title Generating regular expressions from natural language specifications: Are we there yet?
           URL http://scholar.google.com/https://taoxie.cs.illinois.edu/publications/nl4se18-regex.pdf
          Year 2018
     Citations 17
      Versions 5
    Cluster ID 10210613119713692100
      PDF link http://scholar.google.com/https://taoxie.cs.illinois.edu/publications/nl4se18-regex.pdf
Citations list http://scholar.google.com/scholar?cites=10210613119713692100&as_sdt=2005&sciodt=0,5&hl=en
 Versions list http://scholar.google.com/scholar?cluster=10210613119713692100&hl=en&as_sdt=0,5
       Excerpt … collected real-world data. Testability of regular expressions. Deep-Regex treats aregular expression as a general sequence, and employs a ma- chine translation modelto address the target problem. How- ever, a major difference … 

         Title SemRegex: A semantics-based approach for generating regular expressions from natural language specifications
           URL http://scholar.google.com/https://par.nsf.gov/biblio/10129734
          Year 2018
     Citations 14
      Versions 9
    Cluster ID 2779517700892342886
Citations list http://scholar.google.com/scholar?cites=2779517700892342886&as_sdt=2005&sciodt=0,5&hl=en
 Versions list http://scholar.google.com/scholar?cluster=2779517700892342886&hl=en&as_sdt=0,5
       Excerpt … Regex Match lines that start with an uppercase vowel and end with 'X' ([AEIOUaeiou]&[AZ]).*X([AEIOU].*)&(.*X) Bash Rename file 'f1' to 'f1.txt' mv 'f1' 'f1.txt … For a gen- erated regular expression,we assess its semantic correctness by checking whether it can pass all the test cases … 

         Title Pre-training with whole word masking for chinese bert
           URL http://scholar.google.com/https://arxiv.org/abs/1906.08101
          Year 2019
     Citations 150
      Versions 7
    Cluster ID 16471472682319430064
Citations list http://scholar.google.com/scholar?cites=16471472682319430064&as_sdt=2005&sciodt=0,5&hl=en
 Versions list http://scholar.google.com/scholar?cluster=16471472682319430064&hl=en&as_sdt=0,5
       Excerpt … As we traverse several popular machine reading comprehension benchmarks, such as SQuAD(Rajpurkar et al., 2018), CoQA 1We release all the pre-trained models: https:// github.com/ymcui/Chinese-BERT-wwm … which was provided in BERT GitHub repository … 

         Title Towards better UD parsing: Deep contextualized word embeddings, ensemble, and treebank concatenation
           URL http://scholar.google.com/https://arxiv.org/abs/1807.03121
          Year 2018
     Citations 127
      Versions 9
    Cluster ID 8633151307575001639
Citations list http://scholar.google.com/scholar?cites=8633151307575001639&as_sdt=2005&sciodt=0,5&hl=en
 Versions list http://scholar.google.com/scholar?cluster=8633151307575001639&hl=en&as_sdt=0,5
       Excerpt … This result significantly outperforms the others by a large margin.3 We release our pre-trainedELMo for many languages at https://github.com/ HIT-SCIR/ELMoForManyLangs. 2 Deep BiaffineParser We based our system on the tagger and parser of Dozat et al. (2017) … 

         Title ENRE: a tool framework for extensible eNtity relation extraction
           URL http://scholar.google.com/https://ieeexplore.ieee.org/abstract/document/8802634/
          Year 2019
     Citations 4
      Versions 7
    Cluster ID 13849506563321620864
Citations list http://scholar.google.com/scholar?cites=13849506563321620864&as_sdt=2005&sciodt=0,5&hl=en
 Versions list http://scholar.google.com/scholar?cluster=13849506563321620864&hl=en&as_sdt=0,5
       Excerpt … Many static analysis tools have been proposed for extracting entities and their relations;we list some examples in Table I. Code2graph [6] provides Call relation extraction betweenfunction entities from Python … 1https://github.com/jinwuxia/ENRE … 

         Title Textbrewer: An open-source knowledge distillation toolkit for natural language processing
           URL http://scholar.google.com/https://arxiv.org/abs/2002.12620
          Year 2020
     Citations 5
      Versions 6
    Cluster ID 15538526048485096618
Citations list http://scholar.google.com/scholar?cites=15538526048485096618&as_sdt=2005&sciodt=0,5&hl=en
 Versions list http://scholar.google.com/scholar?cluster=15538526048485096618&hl=en&as_sdt=0,5
       Excerpt … ERNIE Slim distills ERNIE on a sentiment classification task. Their distillation code is publiclyavailable, and users can 2https://github.com/PaddlePaddle/ERNIE replicate their experimentseasily … 3https://github.com/PaddlePaddle/PaddleSlim Page 3. Basic Distiller … 

         Title Cross-lingual machine reading comprehension
           URL http://scholar.google.com/https://arxiv.org/abs/1909.00361
          Year 2019
     Citations 22
      Versions 9
    Cluster ID 2913325318332140695
Citations list http://scholar.google.com/scholar?cites=2913325318332140695&as_sdt=2005&sciodt=0,5&hl=en
 Versions list http://scholar.google.com/scholar?cluster=2913325318332140695&hl=en&as_sdt=0,5
       Excerpt … R = softmax( ˜ATS) · BS (5) 2We omit rather extensive formulations of representationtransformations and kindly advise the readers refer to the at- tention implementation in BERT:https://github.com/google- research/bert/blob/master/modeling.py#L558 Page 5. Source Input … 

         Title From Innovations to Prospects: What Is Hidden Behind Cryptocurrencies?
           URL http://scholar.google.com/https://dl.acm.org/doi/abs/10.1145/3379597.3387439
          Year 2020
     Citations 1
      Versions 0
    Cluster ID 7566649806017762992
Citations list http://scholar.google.com/scholar?cites=7566649806017762992&as_sdt=2005&sciodt=0,5&hl=en
       Excerpt … Firstly, we construct the dataset of altcoins, including source code repository, GitHub forkrelation, and market capitalization (cap) … (iii) We release the dataset of altcoin including thesource code repositories, GitHub fork relations, and market caps … 

         Title Codebert: A pre-trained model for programming and natural languages
           URL http://scholar.google.com/https://arxiv.org/abs/2002.08155
          Year 2020
     Citations 53
      Versions 4
    Cluster ID 9055786889913621082
Citations list http://scholar.google.com/scholar?cites=9055786889913621082&as_sdt=2005&sciodt=0,5&hl=en
 Versions list http://scholar.google.com/scholar?cluster=9055786889913621082&hl=en&as_sdt=0,5
       Excerpt … Work done while this author was an intern at Microsoft Research Asia. 1 All the codes anddata are available at https:// github.com/microsoft/CodeBERT … We train CodeBERT from Githubcode reposito- arXiv:2002.08155v4 [cs.CL] 18 Sep 2020 Page 2 … 

         Title Memlock: Memory usage guided fuzzing
           URL http://scholar.google.com/https://dl.acm.org/doi/abs/10.1145/3377811.3380396
          Year 2020
     Citations 16
      Versions 9
    Cluster ID 15102015644831522513
Citations list http://scholar.google.com/scholar?cites=15102015644831522513&as_sdt=2005&sciodt=0,5&hl=en
 Versions list http://scholar.google.com/scholar?cluster=15102015644831522513&hl=en&as_sdt=0,5
       Excerpt … Firstly, MemLock performs the static analysis, which identifies the statements and operationsrelevant to memory consumption … 2.2 Approach Overview Figure 3 shows the workflow of MemLock,which contains two main components: static analysis and fuzzing loop … 

         Title A span-extraction dataset for chinese machine reading comprehension
           URL http://scholar.google.com/https://arxiv.org/abs/1810.07366
          Year 2018
     Citations 54
      Versions 11
    Cluster ID 14496413990286008587
Citations list http://scholar.google.com/scholar?cites=14496413990286008587&as_sdt=2005&sciodt=0,5&hl=en
 Versions list http://scholar.google.com/scholar?cluster=14496413990286008587&hl=en&as_sdt=0,5
       Excerpt … multiple-choice (Richardson et al., 2013; Lai et al., 2017), etc. Along with 1Resourcesare available: https://github.com/ ymcui/cmrc2018. the development of the readingcomprehension dataset, various neural network approaches … 

         Title MEGAHIT v1. 0: a fast and scalable metagenome assembler driven by advanced methodologies and community practices
           URL http://scholar.google.com/https://www.sciencedirect.com/science/article/pii/S1046202315301183
          Year 2016
     Citations 435
      Versions 11
    Cluster ID 15633273168581216670
Citations list http://scholar.google.com/scholar?cites=15633273168581216670&as_sdt=2005&sciodt=0,5&hl=en
 Versions list http://scholar.google.com/scholar?cluster=15633273168581216670&hl=en&as_sdt=0,5
       Excerpt … The assemblies of these datasets (and other large metgenomic datasets), as well asthe software, are available at the website https://hku-bal.github.io/megabox. Previousarticle in issue; Next article in issue. Keywords. Metagenome … 

         Title How does selective mechanism improve self-attention networks?
           URL http://scholar.google.com/https://arxiv.org/abs/2005.00979
          Year 2020
     Citations 6
      Versions 4
    Cluster ID 16683721540640749225
Citations list http://scholar.google.com/scholar?cites=16683721540640749225&as_sdt=2005&sciodt=0,5&hl=en
 Versions list http://scholar.google.com/scholar?cluster=16683721540640749225&hl=en&as_sdt=0,5
       Excerpt … Specifically, the selective mecha- nism improves SANs by paying more attention tocontent words that contribute to the meaning of the sentence. The code and data arereleased at https://github.com/xwgeng/SSAN. 1 Introduction … 

         Title Devil in the details: Towards accurate single and multiple human parsing
           URL http://scholar.google.com/https://ojs.aaai.org/index.php/AAAI/article/view/4409
          Year 2019
     Citations 81
      Versions 10
    Cluster ID 17368597880736742813
Citations list http://scholar.google.com/scholar?cites=17368597880736742813&as_sdt=2005&sciodt=0,5&hl=en
 Versions list http://scholar.google.com/scholar?cluster=17368597880736742813&hl=en&as_sdt=0,5
       Excerpt … 1.87%, respectively. We hope our CE2P will serve as a solid baseline and helpease future research in single/multiple human parsing. Code has been madeavailable at https://github.com/liutinglt/CE2P. Introduction Human … 

         Title Dcr-net: A deep co-interactive relation network for joint dialog act recognition and sentiment classification
           URL http://scholar.google.com/https://ojs.aaai.org/index.php/AAAI/article/view/6391
          Year 2020
     Citations 13
      Versions 7
    Cluster ID 16992419192956810733
Citations list http://scholar.google.com/scholar?cites=16992419192956810733&as_sdt=2005&sciodt=0,5&hl=en
 Versions list http://scholar.google.com/scholar?cluster=16992419192956810733&hl=en&as_sdt=0,5
       Excerpt … L2 regularization used on our 1https://github.com/cerisara/DialogSentimentMastodon2http://yanran.li/dailydialog … 3https://github.com/Tencent/NeuralNLP-NeuralClassifier andhttps://github.com/senticnet/conv-emotion 8668 Page 5. Model Mastodon Dailydialog … 

         Title Improving Low Resource Named Entity Recognition using Cross-lingual Knowledge Transfer.
           URL http://ir.hit.edu.cn/~xiachongfeng/files/final-improving-low-resource.pdf
          Year 2018
     Citations 30
      Versions 7
    Cluster ID 17017348067307681297
      PDF link http://ir.hit.edu.cn/~xiachongfeng/files/final-improving-low-resource.pdf
Citations list http://scholar.google.com/scholar?cites=17017348067307681297&as_sdt=2005&sciodt=0,5&hl=en
 Versions list http://scholar.google.com/scholar?cluster=17017348067307681297&hl=en&as_sdt=0,5
       Excerpt … 3FAIR:https://github.com/facebookresearch/MUSE 4Our code is available at:https://github.com/scir-code/lrner. 5CoNLL: https://github.com/synalp/NER/tree/master/corpus/ 6Ontonotes: https://catalog.ldc.upenn.edu/ldc2011t03 Page 5 … 

         Title View-invariant probabilistic embedding for human pose
           URL http://scholar.google.com/https://link.springer.com/chapter/10.1007/978-3-030-58558-7_4
          Year 2020
     Citations 6
      Versions 6
    Cluster ID 7784472457768654919
Citations list http://scholar.google.com/scholar?cites=7784472457768654919&as_sdt=2005&sciodt=0,5&hl=en
 Versions list http://scholar.google.com/scholar?cluster=7784472457768654919&hl=en&as_sdt=0,5
       Excerpt … We also demonstrate the effectiveness of applying our embeddings to view-invariantaction recognition and video alignment. Our code is available at https://github.com/google-research/google-research/tree/master/poem. Keywords … 

         Title Autozoom: Autoencoder-based zeroth order optimization method for attacking black-box neural networks
           URL http://scholar.google.com/https://ojs.aaai.org/index.php/AAAI/article/view/3852
          Year 2019
     Citations 136
      Versions 9
    Cluster ID 17879814148578518362
Citations list http://scholar.google.com/scholar?cites=17879814148578518362&as_sdt=2005&sciodt=0,5&hl=en
 Versions list http://scholar.google.com/scholar?cluster=17879814148578518362&hl=en&as_sdt=0,5
       Excerpt … On ImageNet, ZOO and ZOO+AE adopt 20,000 iterations, whereas AutoZOOM-BiLIN and3https://github.com/IBM/Autozoom-Attack 4https://github.com/huanzhang12/ZOO-Attack5https://github.com/carlini/nn robust attacks AutoZOOM-AE adopt 100,000 iterations … 

         Title Distilling knowledge for search-based structured prediction
           URL http://scholar.google.com/https://arxiv.org/abs/1805.11224
          Year 2018
     Citations 10
      Versions 8
    Cluster ID 10348833589887698781
Citations list http://scholar.google.com/scholar?cites=10348833589887698781&as_sdt=2005&sciodt=0,5&hl=en
 Versions list http://scholar.google.com/scholar?cluster=10348833589887698781&hl=en&as_sdt=0,5
       Excerpt … (2015). The best iteration and α is determined on the development set. 1The code for parsingexperiments is available at: https://github.com/Oneplus/twpipe … The code for NMT experimentsis available at: https://github.com/Oneplus/OpenNMT-py … 

