[query] http://scholar.google.com/scholar?as_q=&as_epq=%22findbugs%22%20OR%20%22spotbugs%22%20OR%20%22code%20review%22%20OR%20%22static%20analysis%22%20OR%20%22regex%22%20OR%20%22regular%20expression%22%20OR%20%22github%22%20OR%20%22pull%20requests%22&as_oq=&as_eq=&as_occt=any&as_sauthors=V%C3%ADctor%20Braberman&as_publication=&as_ylo=&as_yhi=&as_vis=0&btnG=&hl=en&num=80&as_sdt=0%2C5
         Title A compositional analysis for inferring heap memory requirements
           URL http://scholar.google.com/https://www.researchgate.net/profile/Diego_Garbervetsky/publication/267949110_A_compositional_analysis_for_inferring_heap_memory_requirements/links/555b302c08ae6fd2d829a719/A-compositional-analysis-for-inferring-heap-memory-requirements.pdf
     Citations 0
      Versions 5
      PDF link http://scholar.google.com/https://www.researchgate.net/profile/Diego_Garbervetsky/publication/267949110_A_compositional_analysis_for_inferring_heap_memory_requirements/links/555b302c08ae6fd2d829a719/A-compositional-analysis-for-inferring-heap-memory-requirements.pdf
 Versions list http://scholar.google.com/scholar?cluster=17765780332288356964&hl=en&as_sdt=0,5
       Excerpt … Universidad de Buenos Aires {vbraber,diegog,mrouaux,syovine}@dc.uba.ar Abstract This articlepresents a compositional static analysis for comput- ing parametric upper-bounds of the amountof heap memory con- sumed by sequential Java-like programs … 

         Title Summary-based inference of quantitative bounds of live heap objects
           URL http://scholar.google.com/https://www.sciencedirect.com/science/article/pii/S0167642313003298
          Year 2014
     Citations 10
      Versions 8
    Cluster ID 10949440478912696097
Citations list http://scholar.google.com/scholar?cites=10949440478912696097&as_sdt=2005&sciodt=0,5&hl=en
 Versions list http://scholar.google.com/scholar?cluster=10949440478912696097&hl=en&as_sdt=0,5
       Excerpt … Under an Elsevier user license. open archive. Abstract. This article presents a symbolicstatic analysis for computing parametric upper bounds of the number of simultaneouslylive objects of sequential Java-like programs. Inferring … 

         Title Contractor. net: inferring typestate properties to enrich code contracts
           URL http://scholar.google.com/https://dl.acm.org/doi/abs/10.1145/1984708.1984721
          Year 2011
     Citations 13
      Versions 8
    Cluster ID 2519283454150641762
Citations list http://scholar.google.com/scholar?cites=2519283454150641762&as_sdt=2005&sciodt=0,5&hl=en
 Versions list http://scholar.google.com/scholar?cluster=2519283454150641762&hl=en&as_sdt=0,5
       Excerpt … Code Con- tracts can be used as usual without the need to make it typestate-aware or modifyit whatsoever. Client code can be checked at compile-time using the static analysis engine …The SLAM project: debugging system software via static analysis … 

         Title On transforming Java-like programs into memory-predictable code
           URL http://scholar.google.com/https://dl.acm.org/doi/abs/10.1145/1620405.1620426
          Year 2009
     Citations 8
      Versions 7
    Cluster ID 10489039199770407015
Citations list http://scholar.google.com/scholar?cites=10489039199770407015&as_sdt=2005&sciodt=0,5&hl=en
 Versions list http://scholar.google.com/scholar?cluster=10489039199770407015&hl=en&as_sdt=0,5
       Excerpt … The current prototype is instantiated to use the object- interference static analysis developedin [24] … Currently, there are two main limitations in the analyses: (1) There is no recursion andall allocation sites in the ap- plication can be reached by static analysis … 

         Title Quantitative dynamic‐memory analysis for Java
           URL http://scholar.google.com/https://onlinelibrary.wiley.com/doi/abs/10.1002/cpe.1656
          Year 2011
     Citations 9
      Versions 8
    Cluster ID 17883665778340526769
Citations list http://scholar.google.com/scholar?cites=17883665778340526769&as_sdt=2005&sciodt=0,5&hl=en
 Versions list http://scholar.google.com/scholar?cluster=17883665778340526769&hl=en&as_sdt=0,5
       Excerpt … transformation process. For this, our implementation of the use scenario in Figure 1combines an automatic static‐analysis tool (eg 15) for region synthesis, with a regionvisualizer and editor, called JScoper 10, for region tunning. R … 

         Title Parametric prediction of heap memory requirements
           URL http://scholar.google.com/https://dl.acm.org/doi/abs/10.1145/1375634.1375655
          Year 2008
     Citations 77
      Versions 11
    Cluster ID 524767451577398051
Citations list http://scholar.google.com/scholar?cites=524767451577398051&as_sdt=2005&sciodt=0,5&hl=en
 Versions list http://scholar.google.com/scholar?cluster=524767451577398051&hl=en&as_sdt=0,5
       Excerpt … execution. Computing total allocation is theoretically difficult [19]. In [7] we proposeda static analysis to estimate it in a conservative man- ner as a polynomial functionof the parameters, regardless of call chains. For instance … 

         Title Testing and validating end user programmed calculated fields
           URL http://scholar.google.com/https://dl.acm.org/doi/abs/10.1145/3236024.3275531
          Year 2018
     Citations 1
      Versions 3
    Cluster ID 13363867967199383947
Citations list http://scholar.google.com/scholar?cites=13363867967199383947&as_sdt=2005&sciodt=0,5&hl=en
 Versions list http://scholar.google.com/scholar?cluster=13363867967199383947&hl=en&as_sdt=0,5
       Excerpt … In addition, the programs included multiple invocations to functions of a Medallia librarysome of which essentially encapsulate lookups on auxiliary tables, others supportingoperations such as regular expression search over strings … 

