[query] http://scholar.google.com/scholar?as_q=&as_epq=%22findbugs%22%20OR%20%22spotbugs%22%20OR%20%22code%20review%22%20OR%20%22static%20analysis%22%20OR%20%22regex%22%20OR%20%22regular%20expression%22%20OR%20%22github%22%20OR%20%22pull%20requests%22&as_oq=&as_eq=&as_occt=any&as_sauthors=William%20G.J.%20Halfond&as_publication=&as_ylo=&as_yhi=&as_vis=0&btnG=&hl=en&num=80&as_sdt=0%2C5
         Title Combining static analysis and runtime monitoring to counter SQL-injection attacks
           URL http://scholar.google.com/https://dl.acm.org/doi/abs/10.1145/1083246.1083250
          Year 2005
     Citations 189
      Versions 8
    Cluster ID 12928472066255951973
Citations list http://scholar.google.com/scholar?cites=12928472066255951973&as_sdt=2005&sciodt=0,5&hl=en
 Versions list http://scholar.google.com/scholar?cluster=12928472066255951973&hl=en&as_sdt=0,5
       Excerpt Our dependence on web applications has steadily increased, and we continue to integrate them into our everyday routine activities. When we are making reservations, paying bills, and shopping on-line, we expect these web applications to be secure and reliable …

         Title Preventing SQL injection attacks using AMNESIA
           URL http://scholar.google.com/https://dl.acm.org/doi/abs/10.1145/1134285.1134416
          Year 2006
     Citations 135
      Versions 15
    Cluster ID 5155775680968103810
Citations list http://scholar.google.com/scholar?cites=5155775680968103810&as_sdt=2005&sciodt=0,5&hl=en
 Versions list http://scholar.google.com/scholar?cluster=5155775680968103810&hl=en&as_sdt=0,5
       Excerpt … ABSTRACT AMNESIA is a tool that detects and prevents SQL injec- tion attacks bycombining static analysis and runtime mon- itoring … It uses static analysis to analyze theWeb-application code and au- Copyright is held by the author/owner … 

         Title Detecting event anomalies in event-based systems
           URL http://scholar.google.com/https://dl.acm.org/doi/abs/10.1145/2786805.2786836
          Year 2015
     Citations 50
      Versions 7
    Cluster ID 2145165007894429374
Citations list http://scholar.google.com/scholar?cites=2145165007894429374&as_sdt=2005&sciodt=0,5&hl=en
 Versions list http://scholar.google.com/scholar?cluster=2145165007894429374&hl=en&as_sdt=0,5
       Excerpt … Event anomalies can lead to unreliable, error- prone, and hard to debug behavior in anevent-based system. To de- tect these anomalies, this paper presents a new static analysistech- nique, DEvA, for automatically detecting event anomalies … 

         Title Automated energy optimization of http requests for mobile applications
           URL http://scholar.google.com/https://ieeexplore.ieee.org/abstract/document/7886908/
          Year 2016
     Citations 102
      Versions 5
    Cluster ID 16646231064508156969
Citations list http://scholar.google.com/scholar?cites=16646231064508156969&as_sdt=2005&sciodt=0,5&hl=en
 Versions list http://scholar.google.com/scholar?cluster=16646231064508156969&hl=en&as_sdt=0,5
       Excerpt … To perform the detection, we first define an intra-procedural static analysis to identify SHRSswithin a method, and then use per-method summaries to perform the analysis inter … The Testeris a set of regular expression patterns that match the URL of the first request in an SHRS … 

         Title Penetration testing with improved input vector identification
           URL http://scholar.google.com/https://ieeexplore.ieee.org/abstract/document/4815368/
          Year 2009
     Citations 57
      Versions 13
    Cluster ID 12451756522151998689
Citations list http://scholar.google.com/scholar?cites=12451756522151998689&as_sdt=2005&sciodt=0,5&hl=en
 Versions list http://scholar.google.com/scholar?cluster=12451756522151998689&hl=en&as_sdt=0,5
       Excerpt … To improve the information gathering phase, our approach leverages a static analysis techniquefor discovering IVs that we previously developed [12] … The static analysis performed by ourapproach is based on a technique, WAM, that was developed by two of the au- thors [12] … 

         Title Improving test case generation for web applications using automated interface discovery
           URL http://scholar.google.com/https://dl.acm.org/doi/abs/10.1145/1287624.1287646
          Year 2007
     Citations 104
      Versions 8
    Cluster ID 16931582739253262829
Citations list http://scholar.google.com/scholar?cites=16931582739253262829&as_sdt=2005&sciodt=0,5&hl=en
 Versions list http://scholar.google.com/scholar?cluster=16931582739253262829&hl=en&as_sdt=0,5
       Excerpt … To address this issue, we present a technique for automatically discovering web applicationinterfaces based on a novel static analysis algo- rithm. We also report the results of an empiricalevaluation in which we compare our technique against a traditional ap- proach … 

         Title AMNESIA: analysis and monitoring for neutralizing SQL-injection attacks
           URL http://scholar.google.com/https://dl.acm.org/doi/abs/10.1145/1101908.1101935
          Year 2005
     Citations 757
      Versions 10
    Cluster ID 12210141221485037810
Citations list http://scholar.google.com/scholar?cites=12210141221485037810&as_sdt=2005&sciodt=0,5&hl=en
 Versions list http://scholar.google.com/scholar?cluster=12210141221485037810&hl=en&as_sdt=0,5
       Excerpt … General Terms: Security, Verification Keywords: SQL injection, static analysis, runtime monitoring …The main contributions of this work are: • The presentation of a new technique to counterSQL-injection attacks that combines static analysis and runtime monitoring … 

         Title Automated identification of parameter mismatches in web applications
           URL http://scholar.google.com/https://dl.acm.org/doi/abs/10.1145/1453101.1453126
          Year 2008
     Citations 47
      Versions 4
    Cluster ID 10267882405655199001
Citations list http://scholar.google.com/scholar?cites=10267882405655199001&as_sdt=2005&sciodt=0,5&hl=en
 Versions list http://scholar.google.com/scholar?cluster=10267882405655199001&hl=en&as_sdt=0,5
       Excerpt … techniques. To address this problem, we propose a static-analysis based approach foridentifying parameter mismatches … code. In previ- ous work, we developed an approachfor identifying accepted interfaces based on static analysis [12] … 

         Title Xfix: an automated tool for the repair of layout cross browser issues
           URL http://scholar.google.com/https://dl.acm.org/doi/abs/10.1145/3092703.3098223
          Year 2017
     Citations 12
      Versions 6
    Cluster ID 4891476402213791446
Citations list http://scholar.google.com/scholar?cites=4891476402213791446&as_sdt=2005&sciodt=0,5&hl=en
 Versions list http://scholar.google.com/scholar?cluster=4891476402213791446&hl=en&as_sdt=0,5
       Excerpt … observed by humans. In this demo paper, we describe the implementation detailsof our repair technique [4]. We implemented our technique in a tool called XFix(available at https://github.com/sonalmahajan/xfix). To use XFix … 

         Title Identifying message flow in distributed event-based systems
           URL http://scholar.google.com/https://dl.acm.org/doi/abs/10.1145/2491411.2491462
          Year 2013
     Citations 38
      Versions 5
    Cluster ID 2467143190157659497
Citations list http://scholar.google.com/scholar?cites=2467143190157659497&as_sdt=2005&sciodt=0,5&hl=en
 Versions list http://scholar.google.com/scholar?cluster=2467143190157659497&hl=en&as_sdt=0,5
       Excerpt … limit their applicability. This paper presents Eos, a static analysis technique thatidentifies message information useful for maintaining a DEB system, namely,message types and message flow within a system. Eos has been … 

         Title What aspects of mobile ads do users care about? an empirical study of mobile in-app ad reviews
           URL http://scholar.google.com/https://arxiv.org/abs/1702.07681
          Year 2017
     Citations 20
      Versions 2
    Cluster ID 7778412728506128273
Citations list http://scholar.google.com/scholar?cites=7778412728506128273&as_sdt=2005&sciodt=0,5&hl=en
 Versions list http://scholar.google.com/scholar?cluster=7778412728506128273&hl=en&as_sdt=0,5
       Excerpt … A. RQ1: How frequent are ad related reviews among all app reviews? Approach: To answer thisresearch question, we applied the regular expression (ie, regex = ad/ads/advert*) to filter out adrelated reviews from all of the collected app reviews (see Section III) … 

         Title Detection and prevention of SQL injection attacks
           URL http://scholar.google.com/https://link.springer.com/chapter/10.1007/978-0-387-44599-1_5
          Year 2007
     Citations 22
      Versions 7
    Cluster ID 8180484288479279192
Citations list http://scholar.google.com/scholar?cites=8180484288479279192&as_sdt=2005&sciodt=0,5&hl=en
 Versions list http://scholar.google.com/scholar?cluster=8180484288479279192&hl=en&as_sdt=0,5
       Excerpt … AMNESIA uses static analysis to build a model of the legitimate queries an application cangenerate and then, at runtime, checks that all queries generated by the appUcation comply withthis model … The approach works by combining static analysis and runtime monitoring … 

         Title Puma: Programmable ui-automation for large-scale dynamic analysis of mobile apps
           URL http://scholar.google.com/https://dl.acm.org/doi/abs/10.1145/2594368.2594390
          Year 2014
     Citations 323
      Versions 10
    Cluster ID 8114151867537548716
Citations list http://scholar.google.com/scholar?cites=8114151867537548716&as_sdt=2005&sciodt=0,5&hl=en
 Versions list http://scholar.google.com/scholar?cluster=8114151867537548716&hl=en&as_sdt=0,5
       Excerpt … for large collections of apps. Static analysis of app binaries, as used in prior workto iden- tify privacy [21] and security [10, 12] problems, or app clones [9] etc., canscale to a large number of apps. However, static analy- sis can … 

         Title Using positive tainting and syntax-aware evaluation to counter SQL injection attacks
           URL http://scholar.google.com/https://dl.acm.org/doi/abs/10.1145/1181775.1181797
          Year 2006
     Citations 273
      Versions 16
    Cluster ID 4577994916185781606
Citations list http://scholar.google.com/scholar?cites=4577994916185781606&as_sdt=2005&sciodt=0,5&hl=en
 Versions list http://scholar.google.com/scholar?cluster=4577994916185781606&hl=en&as_sdt=0,5
       Excerpt … (A sanitiz- ing function is typically a filter that performs operations such as regular expressionmatching or sub-string replacement.) The idea of declassification is based on the assumptionthat sanitizing func- tions are able to eliminate or neutralize harmful parts of the input and … 

         Title Identifying inter-component control flow in web applications
           URL http://scholar.google.com/https://link.springer.com/chapter/10.1007/978-3-319-19890-3_5
          Year 2015
     Citations 6
      Versions 6
    Cluster ID 8482481320192066497
Citations list http://scholar.google.com/scholar?cites=8482481320192066497&as_sdt=2005&sciodt=0,5&hl=en
 Versions list http://scholar.google.com/scholar?cluster=8482481320192066497&hl=en&as_sdt=0,5
       Excerpt … This paper presents a new static analysis based approach for identifying control flow in webapplications that is both automated and provides stronger guarantees of completeness … Theapproach is based on static analysis of the code of a web application … 

         Title Truth in advertising: The hidden cost of mobile ads for software developers
           URL http://scholar.google.com/https://ieeexplore.ieee.org/abstract/document/7194565/
          Year 2015
     Citations 120
      Versions 9
    Cluster ID 15709307698036432332
Citations list http://scholar.google.com/scholar?cites=15709307698036432332&as_sdt=2005&sciodt=0,5&hl=en
 Versions list http://scholar.google.com/scholar?cluster=15709307698036432332&hl=en&as_sdt=0,5
       Excerpt Page 1. Truth in Advertising: The Hidden Cost of Mobile Ads for Software DevelopersJiaping Gui∗, Stuart Mcilroy†, Meiyappan Nagappan‡ and William GJ Halfond∗ ∗University of Southern California, Los Angeles, CA, USA … 

         Title An empirical study of local database usage in android applications
           URL http://scholar.google.com/https://ieeexplore.ieee.org/abstract/document/8094443/
          Year 2017
     Citations 16
      Versions 3
    Cluster ID 12947571714816071288
Citations list http://scholar.google.com/scholar?cites=12947571714816071288&as_sdt=2005&sciodt=0,5&hl=en
 Versions list http://scholar.google.com/scholar?cluster=12947571714816071288&hl=en&as_sdt=0,5
       Excerpt … related operations. G. RQ 7: Which APIs are most frequently used in loops? Approach:To address this RQ, we used static analysis of the apps' bytecode to identifyinvocations that were made in loops for each AS. To identify … 

         Title Precise interface identification to improve testing and analysis of web applications
           URL http://scholar.google.com/https://dl.acm.org/doi/abs/10.1145/1572272.1572305
          Year 2009
     Citations 92
      Versions 5
    Cluster ID 14785167707013048285
Citations list http://scholar.google.com/scholar?cites=14785167707013048285&as_sdt=2005&sciodt=0,5&hl=en
 Versions list http://scholar.google.com/scholar?cluster=14785167707013048285&hl=en&as_sdt=0,5
       Excerpt … ob- served executions. Lastly, another approach [5] uses static analysis to identifyinterfaces. However, this … information it produces. In previous work [12], we proposed anew static analysis based approach for interface identification. In the … 

         Title Sif: A selective instrumentation framework for mobile applications
           URL http://scholar.google.com/https://dl.acm.org/doi/abs/10.1145/2462456.2465430
          Year 2013
     Citations 44
      Versions 4
    Cluster ID 10374742138407681061
Citations list http://scholar.google.com/scholar?cites=10374742138407681061&as_sdt=2005&sciodt=0,5&hl=en
 Versions list http://scholar.google.com/scholar?cluster=10374742138407681061&hl=en&as_sdt=0,5
       Excerpt … is particularly challenging for path inspection since some apps are highly complex and containseveral million distinct paths (a static analysis of the … More generally, setBytecode() takes as itsfirst argument a regular expression that specifies the kind of bytecode (in this ex- ample … 

         Title An Empirical Study of UI Implementations in Android Applications
           URL http://scholar.google.com/https://ieeexplore.ieee.org/abstract/document/8919059/
          Year 2019
     Citations 1
      Versions 2
    Cluster ID 5764013415779988425
Citations list http://scholar.google.com/scholar?cites=5764013415779988425&as_sdt=2005&sciodt=0,5&hl=en
 Versions list http://scholar.google.com/scholar?cluster=5764013415779988425&hl=en&as_sdt=0,5
       Excerpt … analyses. Index Terms—empirical study, mobile applications, user inter- face, staticanalysis, dynamic analysis … app. Most importantly, there do not exist any static analysisbased tools that are able to accurately identify UI layouts … 

