[query] http://scholar.google.com/scholar?as_q=&as_epq=%22findbugs%22%20OR%20%22spotbugs%22%20OR%20%22code%20review%22%20OR%20%22static%20analysis%22%20OR%20%22regex%22%20OR%20%22regular%20expression%22%20OR%20%22github%22%20OR%20%22pull%20requests%22&as_oq=&as_eq=&as_occt=any&as_sauthors=Xiaoyin%20Wang&as_publication=&as_ylo=&as_yhi=&as_vis=0&btnG=&hl=en&num=80&as_sdt=0%2C5
         Title Automatic building of java projects in software repositories: A study on feasibility and challenges
           URL http://scholar.google.com/https://ieeexplore.ieee.org/abstract/document/8170083/
          Year 2017
     Citations 25
      Versions 3
    Cluster ID 11487939761566986565
Citations list http://scholar.google.com/scholar?cites=11487939761566986565&as_sdt=2005&sciodt=0,5&hl=en
 Versions list http://scholar.google.com/scholar?cluster=11487939761566986565&hl=en&as_sdt=0,5
       Excerpt … projects are typically well maintained, we can naturally expect build rates to decline in a sampleof more average projects in GitHub … For build-failure identification, we used regular- expressionbased parser and for failure analysis we performed manual analysis on build failures … 

         Title An empirical study on the usage of mocking frameworks in software testing
           URL http://scholar.google.com/https://ieeexplore.ieee.org/abstract/document/6958396/
          Year 2014
     Citations 38
      Versions 3
    Cluster ID 3698205419544541034
Citations list http://scholar.google.com/scholar?cites=3698205419544541034&as_sdt=2005&sciodt=0,5&hl=en
 Versions list http://scholar.google.com/scholar?cluster=3698205419544541034&hl=en&as_sdt=0,5
       Excerpt … frameworks. In this paper, we report on an empirical study on the usage of four mostpopular mock frameworks (Mockito, EasyMock, JMock, and JMockit) in 5,000 open sourcesoftware projects from GitHub … server. 1GitHub: http://github.com … 

         Title Static Analysis of File Manipulation Scripts
           URL http://scholar.google.com/https://ieeexplore.ieee.org/abstract/document/8952118/
          Year 2019
     Citations 0
      Versions 3
 Versions list http://scholar.google.com/scholar?cluster=6591163486695225986&hl=en&as_sdt=0,5
       Excerpt ?@ABCDEBFG2 3 994 3 192 1 6 9 H1 2 1 I21342778J 37HK 4 6LM K26HH 7 89 1N2 K29N 77291 4 IJ36 4 H J29 N 311 636H3 61 M 2II36M726M 2M 9OP61Q39 R 41K N H S 7 6 S 7262789391 4Q63T 9 L7 I263 7213 6 94 3 191 9121342778H 1 41 21QU 721 H 926H 913I21 1Q 6 4 992 …

         Title Iconintent: automatic identification of sensitive ui widgets based on icon classification for android apps
           URL http://scholar.google.com/https://ieeexplore.ieee.org/abstract/document/8812108/
          Year 2019
     Citations 9
      Versions 7
    Cluster ID 15180851303103719428
Citations list http://scholar.google.com/scholar?cites=15180851303103719428&as_sdt=2005&sciodt=0,5&hl=en
 Versions list http://scholar.google.com/scholar?cluster=15180851303103719428&hl=en&as_sdt=0,5
       Excerpt … ICONINTENT automatically associates UI widgets and icons via static analysis on app's UI layoutfiles and code, and then adapts computer vision techniques to classify the associated icons intoeight categories of sensitive data … Static Analysis on UI Layout Files … 

         Title Toward a code pattern based vulnerability measurement model
           URL http://scholar.google.com/https://dl.acm.org/doi/abs/10.1145/3205977.3208948
          Year 2018
     Citations 1
      Versions 3
    Cluster ID 12200714053810531217
Citations list http://scholar.google.com/scholar?cites=12200714053810531217&as_sdt=2005&sciodt=0,5&hl=en
 Versions list http://scholar.google.com/scholar?cluster=12200714053810531217&hl=en&as_sdt=0,5
       Excerpt … we utilized SpotBugs2, a fork of the static analysis tool FindBugs [1]. The tool analyzes Javabytecode and detects the existence of bug patterns. To study the effectiveness of SpotBugs ondetecting bug code patterns, we downloaded the top 1,000 Java GitHub repositories that … 

         Title RUDSEA: recommending updates of Dockerfiles via software environment analysis
           URL http://scholar.google.com/https://dl.acm.org/doi/abs/10.1145/3238147.3240470
          Year 2018
     Citations 18
      Versions 5
    Cluster ID 3133528347425781140
Citations list http://scholar.google.com/scholar?cites=3133528347425781140&as_sdt=2005&sciodt=0,5&hl=en
 Versions list http://scholar.google.com/scholar?cluster=3133528347425781140&hl=en&as_sdt=0,5
       Excerpt … To evaluate RUDSEA, we carried out an experiment on a dataset of 375 dockerfiles in 40 softwareprojects collected from GitHub … The value dependency analysis in RUDSEA is a static analysison string concatenations and assign- ments within the software code base … 

         Title An Empirical Study on Bugs Inside TensorFlow
           URL http://scholar.google.com/https://link.springer.com/chapter/10.1007/978-3-030-59410-7_40
          Year 2020
     Citations 0
      Versions 2
 Versions list http://scholar.google.com/scholar?cluster=12811284373140541824&hl=en&as_sdt=0,5
       Excerpt … The extracted results and corresponding pull requests are used to determine their symptoms,root causes … More details are listed on our anonymized project website: https://github.com/fordataupload … others do not provide visible messages which are found by code review or other … 

         Title Checking enforcement of integrity constraints in database applications based on code patterns
           URL http://scholar.google.com/https://www.sciencedirect.com/science/article/pii/S0164121211001567
          Year 2011
     Citations 21
      Versions 5
    Cluster ID 4952913601303675516
Citations list http://scholar.google.com/scholar?cites=4952913601303675516&as_sdt=2005&sciodt=0,5&hl=en
 Versions list http://scholar.google.com/scholar?cluster=4952913601303675516&hl=en&as_sdt=0,5
       Excerpt … detect bugs or problematic code based on code patterns (eg, (FindBugs, 2011, Hovemeyer … section,the structure of constraint enforcement can be verified automatically via static analysis … theintersection of the context-free grammar with the regular expression representing the … 

         Title An empirical study of open source virtual reality software projects
           URL http://scholar.google.com/https://ieeexplore.ieee.org/abstract/document/8170138/
          Year 2017
     Citations 8
      Versions 2
    Cluster ID 8460254072623622543
Citations list http://scholar.google.com/scholar?cites=8460254072623622543&as_sdt=2005&sciodt=0,5&hl=en
 Versions list http://scholar.google.com/scholar?cluster=8460254072623622543&hl=en&as_sdt=0,5
       Excerpt … The earliest project in Unity List was added to Github in May 2013, which is four year ago.Figure 1 and Figure 2 present … C. Popular Keywords To answer RQ3, we collected the briefdescription of each project on their entrance page at Github … 

         Title Inferring Bug Signatures to Detect Real Bugs
           URL http://scholar.google.com/https://ieeexplore.ieee.org/abstract/document/9099449/
          Year 2020
     Citations 1
      Versions 2
    Cluster ID 9014587201624123866
Citations list http://scholar.google.com/scholar?cites=9014587201624123866&as_sdt=2005&sciodt=0,5&hl=en
 Versions list http://scholar.google.com/scholar?cluster=9014587201624123866&hl=en&as_sdt=0,5
       Excerpt … Therefore, existing bug-detection tools (eg, Findbugs) based on manual bug patterns areinsufficient in detecting many bugs … most bugs in the version history, it is infeasible to reproducethem for dynamic analysis or to feed buggy/fixed code directly into static analysis tools which … 

         Title Toward a reliability measurement framework automated using deep learning
           URL http://scholar.google.com/https://dl.acm.org/doi/abs/10.1145/3314058.3317733
          Year 2019
     Citations 0
      Versions 3
 Versions list http://scholar.google.com/scholar?cluster=3494653234379398385&hl=en&as_sdt=0,5
       Excerpt … To conduct the Pattern Detection in our framework, we utilized SpotBugs1, afork of the static analysis tool FindBugs [2]. Given code patterns, the tool analyzesJava bytecode and detects the existence of the patterns … 

         Title Mining readme files to support automatic building of java projects in software repositories
           URL http://scholar.google.com/https://ieeexplore.ieee.org/abstract/document/7965329/
          Year 2017
     Citations 9
      Versions 2
    Cluster ID 14013343039674556127
Citations list http://scholar.google.com/scholar?cites=14013343039674556127&as_sdt=2005&sciodt=0,5&hl=en
 Versions list http://scholar.google.com/scholar?cluster=14013343039674556127&hl=en&as_sdt=0,5
       Excerpt … Our experiment on top Java projects from GitHub reveals that, the proposed technique cancorrectly identify more than 90% of build commands, and can successfully build 84% of theprojects that can be built successfully through manual inspection of software support … 

         Title The symptoms, causes, and repairs of bugs inside a deep learning library
           URL http://scholar.google.com/https://www.sciencedirect.com/science/article/pii/S0164121221000327
          Year 2021
     Citations 0
      Versions 2
 Versions list http://scholar.google.com/scholar?cluster=11651518759192829920&hl=en&as_sdt=0,5
       Excerpt … as “resolved” or “fixed”. However, GitHub provides a much simpler issue tracker,and its status is often not reliable. Meanwhile, programmers often submit pull requestswithout reporting their found bugs. When submitting a pull … 

         Title Boosting complete-code tool for partial program
           URL http://scholar.google.com/https://ieeexplore.ieee.org/abstract/document/8115677/
          Year 2017
     Citations 14
      Versions 4
    Cluster ID 12822458926436820668
Citations list http://scholar.google.com/scholar?cites=12822458926436820668&as_sdt=2005&sciodt=0,5&hl=en
 Versions list http://scholar.google.com/scholar?cluster=12822458926436820668&hl=en&as_sdt=0,5
       Excerpt … xiaoyin.wang@utsa.edu Abstract—To improve software quality, researchers andprac- titioners have proposed static analysis tools for various purposes (eg, detectingbugs, anomalies, and vulnerabilities). Although many such … 

         Title Automating presentation changes in dynamic web applications via collaborative hybrid analysis
           URL http://scholar.google.com/https://dl.acm.org/doi/abs/10.1145/2393596.2393614
          Year 2012
     Citations 51
      Versions 11
    Cluster ID 153560931003999676
Citations list http://scholar.google.com/scholar?cites=153560931003999676&as_sdt=2005&sciodt=0,5&hl=en
 Versions list http://scholar.google.com/scholar?cluster=153560931003999676&hl=en&as_sdt=0,5
       Excerpt … The general idea of our approach is to generate code changes by mapping changesfrom the program output to its source code us- ing dynamic analysis and check the safetyof the changes through static analysis and dynamic analysis … 

         Title Taming behavioral backward incompatibilities via cross-project testing and analysis
           URL http://scholar.google.com/https://dl.acm.org/doi/abs/10.1145/3377811.3380436
          Year 2020
     Citations 6
      Versions 6
    Cluster ID 3412027112934875230
Citations list http://scholar.google.com/scholar?cites=3412027112934875230&as_sdt=2005&sciodt=0,5&hl=en
 Versions list http://scholar.google.com/scholar?cluster=3412027112934875230&hl=en&as_sdt=0,5
       Excerpt … We present an extensive study on testing JDK and other popular 3rd-party library (such as Apachelibraries) up- grades using tens of thousands of GitHub client Java projects … DeBBI first extractsthe changes (eg, file changes) among the two library versions via static analysis … 

         Title Netdroid: Summarizing network behavior of android apps for network code maintenance
           URL http://scholar.google.com/https://ieeexplore.ieee.org/abstract/document/7961514/
          Year 2017
     Citations 2
      Versions 3
    Cluster ID 1875392669364886975
Citations list http://scholar.google.com/scholar?cites=1875392669364886975&as_sdt=2005&sciodt=0,5&hl=en
 Versions list http://scholar.google.com/scholar?cluster=1875392669364886975&hl=en&as_sdt=0,5
       Excerpt … Furthermore, we performed an empirical evaluation on 8 real-world maintenance tasks extractedfrom bug reports of open-source Android projects on Github. The empirical evaluation showsthat our technique is effective in locating relevant network code … 

         Title Toward Detection of Access Control Models from Source Code via Word Embedding
           URL http://scholar.google.com/https://dl.acm.org/doi/abs/10.1145/3322431.3326329
          Year 2019
     Citations 1
      Versions 3
    Cluster ID 8472882931487816268
Citations list http://scholar.google.com/scholar?cites=8472882931487816268&as_sdt=2005&sciodt=0,5&hl=en
 Versions list http://scholar.google.com/scholar?cluster=8472882931487816268&hl=en&as_sdt=0,5
       Excerpt … They create two datasets using a combination of static analysis and manual inspection to labelcode functions as vulnerable (meaning the funtion … One dataset is constructed using a combinationof Debian Linux distribution and GitHub project source code, and the other dataset … 

         Title Autobuilder: Towards automatic building of java projects to support analysis of software repositories
           URL http://xywang.100871.net/TechReport_AutoBuild.pdf
          Year 2014
     Citations 2
      Versions 0
    Cluster ID 13211837405065330618
      PDF link http://xywang.100871.net/TechReport_AutoBuild.pdf
Citations list http://scholar.google.com/scholar?cites=13211837405065330618&as_sdt=2005&sciodt=0,5&hl=en
       Excerpt … To evaluate our technique, we apply our approach on a ran- domly collected set of 1,000 softwareprojects with 23 million lines of code from Github … To answer the above research questions, weapplied AutoBuilder on 1,000 software projects4 collected from Github … 

         Title ConDySTA: Context-Aware Dynamic Supplement to Static Taint Analysis
           URL http://scholar.google.com/https://www.computer.org/csdl/pds/api/csdl/proceedings/download-article/1oak9eyhHC8/pdf
     Citations 0
      Versions 0
       Excerpt … However, naïvely adding sources causes static analysis to lose con- text sensitivity andthus produce false positives … Static analysis would then be applied again incorporatingthe intermediate source, thus detect- ing the taint flow at Line 13 … 

