[query] http://scholar.google.com/scholar?as_q=&as_epq=%22findbugs%22%20OR%20%22spotbugs%22%20OR%20%22code%20review%22%20OR%20%22static%20analysis%22%20OR%20%22regex%22%20OR%20%22regular%20expression%22%20OR%20%22github%22%20OR%20%22pull%20requests%22&as_oq=&as_eq=&as_occt=any&as_sauthors=Xin%20Xia&as_publication=&as_ylo=&as_yhi=&as_vis=0&btnG=&hl=en&num=80&as_sdt=0%2C5
         Title Why and how developers fork what from whom in GitHub
           URL http://scholar.google.com/https://link.springer.com/content/pdf/10.1007/s10664-016-9436-6.pdf
          Year 2017
     Citations 78
      Versions 8
    Cluster ID 17090591723934133497
      PDF link http://scholar.google.com/https://link.springer.com/content/pdf/10.1007/s10664-016-9436-6.pdf
Citations list http://scholar.google.com/scholar?cites=17090591723934133497&as_sdt=2005&sciodt=0,5&hl=en
 Versions list http://scholar.google.com/scholar?cluster=17090591723934133497&hl=en&as_sdt=0,5
       Excerpt Forking is the creation of a new software repository by copying another repository. Though forking is controversial in traditional open source software (OSS) community, it is encouraged and is a built-in feature in GitHub. Developers freely fork repositories, use …

         Title Detecting similar repositories on GitHub
           URL http://scholar.google.com/https://ieeexplore.ieee.org/abstract/document/7884605/
          Year 2017
     Citations 46
      Versions 6
    Cluster ID 11163354251987150771
Citations list http://scholar.google.com/scholar?cites=11163354251987150771&as_sdt=2005&sciodt=0,5&hl=en
 Versions list http://scholar.google.com/scholar?cluster=11163354251987150771&hl=en&as_sdt=0,5
       Excerpt GitHub contains millions of repositories among which many are similar with one another (ie, having similar source codes or implementing similar functionalities). Finding similar repositories on GitHub can be helpful for software engineers as it can help them reuse …

         Title A large scale study of long-time contributor prediction for GitHub projects
           URL http://scholar.google.com/https://ieeexplore.ieee.org/abstract/document/8721092/
          Year 2019
     Citations 16
      Versions 6
    Cluster ID 12627438236301293027
Citations list http://scholar.google.com/scholar?cites=12627438236301293027&as_sdt=2005&sciodt=0,5&hl=en
 Versions list http://scholar.google.com/scholar?cluster=12627438236301293027&hl=en&as_sdt=0,5
       Excerpt The continuous contributions made by long time contributors LTCsare a key factor enabling open source software (OSS) projects to be successful and survival. We study Github as it has a large number of OSS projects and millions of contributors, which enables the study of …

         Title Personalized project recommendation on GitHub
           URL http://scholar.google.com/https://link.springer.com/article/10.1007/s11432-017-9419-x
          Year 2018
     Citations 17
      Versions 6
    Cluster ID 4549871944687093
Citations list http://scholar.google.com/scholar?cites=4549871944687093&as_sdt=2005&sciodt=0,5&hl=en
 Versions list http://scholar.google.com/scholar?cluster=4549871944687093&hl=en&as_sdt=0,5
       Excerpt GitHub is a software development platform that facilitates collaboration and participation in project development. Typically, developers search for relevant projects in order to reuse functions and identify useful features. Recommending suitable projects for developers can …

         Title Locating latent design information in developer discussions: A study on pull requests
           URL http://scholar.google.com/https://ieeexplore.ieee.org/abstract/document/8742578/
          Year 2019
     Citations 7
      Versions 3
    Cluster ID 8934094291834500233
Citations list http://scholar.google.com/scholar?cites=8934094291834500233&as_sdt=2005&sciodt=0,5&hl=en
 Versions list http://scholar.google.com/scholar?cluster=8934094291834500233&hl=en&as_sdt=0,5
       Excerpt A software system's design determines many of its properties, such as maintainability and performance. An understanding of design is needed to maintain system properties as changes to the system occur. Unfortunately, many systems do not have up-to-date design …

         Title Recommending tags for pull requests in GitHub
           URL http://scholar.google.com/https://www.sciencedirect.com/science/article/pii/S0950584920301580
          Year 2021
     Citations 0
      Versions 2
 Versions list http://scholar.google.com/scholar?cluster=9140043956902416134&hl=en&as_sdt=0,5
       Excerpt Abstract Context In GitHub, contributors make code changes, then create and submit pull requests to projects. Tags are a simple and effective way to attach additional information to pull requests and facilitate their organization. However, little effort has been devoted to study …

         Title Characterization and prediction of popular projects on github
           URL http://scholar.google.com/https://ieeexplore.ieee.org/abstract/document/8754436/
          Year 2019
     Citations 6
      Versions 4
    Cluster ID 257347643627358456
Citations list http://scholar.google.com/scholar?cites=257347643627358456&as_sdt=2005&sciodt=0,5&hl=en
 Versions list http://scholar.google.com/scholar?cluster=257347643627358456&hl=en&as_sdt=0,5
       Excerpt GitHub is a large and popular open source project platform, which hosts various open source projects. Despite the prevalence of GitHub platform, not every project has gained high popularity. Identification of popular projects on GitHub can help developers choose …

         Title Branch use in practice: A large-scale empirical study of 2,923 projects on github
           URL http://scholar.google.com/https://ieeexplore.ieee.org/abstract/document/8854734/
          Year 2019
     Citations 4
      Versions 2
    Cluster ID 12757662542346957988
Citations list http://scholar.google.com/scholar?cites=12757662542346957988&as_sdt=2005&sciodt=0,5&hl=en
 Versions list http://scholar.google.com/scholar?cluster=12757662542346957988&hl=en&as_sdt=0,5
       Excerpt Branching is often used to help developers work in parallel during distributed software development. Previous studies have examined branch usage in practice. However, most studies perform branch analysis on industrial projects or only a small number of open source …

         Title Scalable relevant project recommendation on GitHub
           URL http://scholar.google.com/https://dl.acm.org/doi/abs/10.1145/3131704.3131706
          Year 2017
     Citations 7
      Versions 2
    Cluster ID 11921700085102102923
Citations list http://scholar.google.com/scholar?cites=11921700085102102923&as_sdt=2005&sciodt=0,5&hl=en
 Versions list http://scholar.google.com/scholar?cluster=11921700085102102923&hl=en&as_sdt=0,5
       Excerpt GitHub, one of the largest social coding platforms, fosters a flexible and collaborative development process. In practice, developers in the open source software platform need to find projects relevant to their development work to reuse their function, explore ideas of …

         Title Who should review this change?: Putting text and file location analyses together for more accurate recommendations
           URL http://scholar.google.com/https://ieeexplore.ieee.org/abstract/document/7332472/
          Year 2015
     Citations 72
      Versions 10
    Cluster ID 5043416465738179595
Citations list http://scholar.google.com/scholar?cites=5043416465738179595&as_sdt=2005&sciodt=0,5&hl=en
 Versions list http://scholar.google.com/scholar?cluster=5043416465738179595&hl=en&as_sdt=0,5
       Excerpt … Abstract—Software code review is a process of developers inspecting new codechanges made by others, to evaluate their quality and identify and fix defects, beforeintegrating them to the main branch of a version control system … 

         Title Duplicate Pull Request Detection: When Time Matters
           URL http://scholar.google.com/https://dl.acm.org/doi/abs/10.1145/3361242.3361254
          Year 2019
     Citations 1
      Versions 2
    Cluster ID 14545792533294680127
Citations list http://scholar.google.com/scholar?cites=14545792533294680127&as_sdt=2005&sciodt=0,5&hl=en
 Versions list http://scholar.google.com/scholar?cluster=14545792533294680127&hl=en&as_sdt=0,5
       Excerpt … Many open source projects on GitHub use pull requests to manage changes from contributors.They are quite useful for providing a mechanism to inform project maintainers about changesthat contributors have made. Also, they could be used to initiate code review and general … 

         Title Automatic generation of pull request descriptions
           URL http://scholar.google.com/https://ieeexplore.ieee.org/abstract/document/8952330/
          Year 2019
     Citations 16
      Versions 8
    Cluster ID 3140627973470423706
Citations list http://scholar.google.com/scholar?cites=3140627973470423706&as_sdt=2005&sciodt=0,5&hl=en
 Versions list http://scholar.google.com/scholar?cluster=3140627973470423706&hl=en&as_sdt=0,5
       Excerpt … the RL loss. • We build a dataset with over 41K pull requests from GitHub for the PRdescription generation task. • We evaluate our approach on the dataset using theROUGE metric and a human evaluation. The evaluation results … 

         Title What design topics do developers discuss?
           URL http://scholar.google.com/https://ieeexplore.ieee.org/abstract/document/8973048/
          Year 2018
     Citations 9
      Versions 4
    Cluster ID 5498177855852176969
Citations list http://scholar.google.com/scholar?cites=5498177855852176969&as_sdt=2005&sciodt=0,5&hl=en
 Versions list http://scholar.google.com/scholar?cluster=5498177855852176969&hl=en&as_sdt=0,5
       Excerpt … Consider, for instance, the fact that discussions for pull requests can become lengthy … 2014.Let's talk about it: evaluating contri- butions through discussion in GitHub … 2016. AutomaticallyRecommending Peer Reviewers in Modern Code Review … 

         Title What do programmers discuss about deep learning frameworks
           URL http://scholar.google.com/https://link.springer.com/article/10.1007/s10664-020-09819-6
          Year 2020
     Citations 6
      Versions 3
    Cluster ID 8382052042594735238
Citations list http://scholar.google.com/scholar?cites=8382052042594735238&as_sdt=2005&sciodt=0,5&hl=en
 Versions list http://scholar.google.com/scholar?cluster=8382052042594735238&hl=en&as_sdt=0,5
       Excerpt … Moreover, the topics at the same workflow stages may have a different focus on differentplatforms, eg, developers may tend to find answers on GitHub by submitting the pull requestsor issues of bugs but not asking questions on Stack Overflow … 

         Title How Android App Developers Manage Power Consumption?-An Empirical Study by Mining Power Management Commits
           URL http://scholar.google.com/https://ieeexplore.ieee.org/abstract/document/7832885/
          Year 2016
     Citations 25
      Versions 6
    Cluster ID 18254849236564139202
Citations list http://scholar.google.com/scholar?cites=18254849236564139202&as_sdt=2005&sciodt=0,5&hl=en
 Versions list http://scholar.google.com/scholar?cluster=18254849236564139202&hl=en&as_sdt=0,5
       Excerpt … 2.2.2 Manual Checking We manually check each of the filtered commits through the interfaceprovided by Github which greatly increases the readability of a … These commits match the regularexpression “*power*”which we use, and we exclude them after a manual checking step … 

         Title Who should make decision on this pull request? Analyzing time-decaying relationships and file similarities for integrator prediction
           URL http://scholar.google.com/https://www.sciencedirect.com/science/article/pii/S0164121219300962
          Year 2019
     Citations 1
      Versions 6
    Cluster ID 12623477126318364918
Citations list http://scholar.google.com/scholar?cites=12623477126318364918&as_sdt=2005&sciodt=0,5&hl=en
 Versions list http://scholar.google.com/scholar?cluster=12623477126318364918&hl=en&as_sdt=0,5
       Excerpt … The code change will be integrated to the main repository when it receives a code-review scoreof +2 (Approved) and a verified score of +1 (Verified) in Gerrit (Hellendoorn et al., 2015). In GitHub,integrators directly decide to accept or reject pull requests, and do not give any … 

         Title Bug characteristics in blockchain systems: a large-scale empirical study
           URL http://scholar.google.com/https://ieeexplore.ieee.org/abstract/document/7962390/
          Year 2017
     Citations 62
      Versions 7
    Cluster ID 4451914185436684170
Citations list http://scholar.google.com/scholar?cites=4451914185436684170&as_sdt=2005&sciodt=0,5&hl=en
 Versions list http://scholar.google.com/scholar?cluster=4451914185436684170&hl=en&as_sdt=0,5
       Excerpt … A single bug can be fixed by one pull request or one/multiple commits. GitHub repositories storethe linkages between reported bugs and pull requests or code commits that fix the bugs. Tofacilitate further analysis, we also obtain pull requests and commits … 

         Title What permissions should this android app request?
           URL http://scholar.google.com/https://ieeexplore.ieee.org/abstract/document/7780191/
          Year 2016
     Citations 13
      Versions 3
    Cluster ID 8382963801471049363
Citations list http://scholar.google.com/scholar?cites=8382963801471049363&as_sdt=2005&sciodt=0,5&hl=en
 Versions list http://scholar.google.com/scholar?cluster=8382963801471049363&hl=en&as_sdt=0,5
       Excerpt … Among the 1,993 apps, 936 of them put their source code in Github and have readme files … Toextract APIs from Java source code, we first transform the source code into a single xml file usingsrcML which is a lightweight static analysis tool [9]. Then we can extract permissions … 

         Title Deep code comment generation
           URL http://scholar.google.com/https://ieeexplore.ieee.org/abstract/document/8973050/
          Year 2018
     Citations 178
      Versions 7
    Cluster ID 1082840393834763657
Citations list http://scholar.google.com/scholar?cites=1082840393834763657&as_sdt=2005&sciodt=0,5&hl=en
 Versions list http://scholar.google.com/scholar?cluster=1082840393834763657&hl=en&as_sdt=0,5
       Excerpt … generation. We conduct experiments on a large-scale Java corpus built from 9,714open source projects from GitHub … quences. We train and evaluate DeepCom on theJava dataset that consists of 9,714 Java projects from GitHub … 

         Title Why is my code change abandoned?
           URL http://scholar.google.com/https://www.sciencedirect.com/science/article/pii/S0950584919300424
          Year 2019
     Citations 3
      Versions 6
    Cluster ID 13980081527907591625
Citations list http://scholar.google.com/scholar?cites=13980081527907591625&as_sdt=2005&sciodt=0,5&hl=en
 Versions list http://scholar.google.com/scholar?cluster=13980081527907591625&hl=en&as_sdt=0,5
       Excerpt … Context: Software developers contribute numerous changes every day to the code review systems.However, not all submitted changes are merged into a codebase because they might not passthe code review process … Code review. Empirical study. Abandoned change … 

