[query] http://scholar.google.com/scholar?as_q=&as_epq=%22findbugs%22%20OR%20%22spotbugs%22%20OR%20%22code%20review%22%20OR%20%22static%20analysis%22%20OR%20%22regex%22%20OR%20%22regular%20expression%22%20OR%20%22github%22%20OR%20%22pull%20requests%22&as_oq=&as_eq=&as_occt=any&as_sauthors=Xuan-Bach%20D.%20Le&as_publication=&as_ylo=&as_yhi=&as_vis=0&btnG=&hl=en&num=80&as_sdt=0%2C5
         Title Symbolic pathfinder for SV-COMP
           URL http://scholar.google.com/https://link.springer.com/chapter/10.1007/978-3-030-17502-3_21
          Year 2019
     Citations 8
      Versions 2
    Cluster ID 7523194813640786667
Citations list http://scholar.google.com/scholar?cites=7523194813640786667&as_sdt=2005&sciodt=0,5&hl=en
 Versions list http://scholar.google.com/scholar?cluster=7523194813640786667&hl=en&as_sdt=0,5
       Excerpt … SPF uses several constraint solvers and decision procedures, most notably Z3 and Z3bitvector,which are available from https://github.com/Z3Prover/z3 … 4 Tool Setup and Configuration. SymbolicPathFinder is available at https://github.com/SymbolicPathFinder/jpf-symbc … 

         Title JFIX: semantics-based repair of Java programs via symbolic PathFinder
           URL http://scholar.google.com/https://dl.acm.org/doi/abs/10.1145/3092703.3098225
          Year 2017
     Citations 53
      Versions 7
    Cluster ID 10847134826545842386
Citations list http://scholar.google.com/scholar?cites=10847134826545842386&as_sdt=2005&sciodt=0,5&hl=en
 Versions list http://scholar.google.com/scholar?cluster=10847134826545842386&hl=en&as_sdt=0,5
       Excerpt … The demonstration of our tool is available via the project website at: https://xuanbachle.github.io/semanticsrepair … A demonstration of JFix is available at https://xuanbachle.github.io/semanticsrepair/. The remainder of this paper is as follows: Section 2 explains JFix … 

         Title Smart contract development: Challenges and opportunities
           URL http://scholar.google.com/https://ieeexplore.ieee.org/abstract/document/8847638/
          Year 2019
     Citations 33
      Versions 5
    Cluster ID 6150290471227240968
Citations list http://scholar.google.com/scholar?cites=6150290471227240968&as_sdt=2005&sciodt=0,5&hl=en
 Versions list http://scholar.google.com/scholar?cluster=6150290471227240968&hl=en&as_sdt=0,5
       Excerpt … Toward this end, we conducted this study in two phases. In the first phase, we conductedsemi-structured interviews with 20 developers from GitHub and industry professionals who areworking on smart contracts … We sent emails to smart contract developers on GitHub … 

         Title History driven program repair
           URL http://scholar.google.com/https://ieeexplore.ieee.org/abstract/document/7476644/
          Year 2016
     Citations 235
      Versions 9
    Cluster ID 2279745878392475086
Citations list http://scholar.google.com/scholar?cites=2279745878392475086&as_sdt=2005&sciodt=0,5&hl=en
 Versions list http://scholar.google.com/scholar?cluster=2279745878392475086&hl=en&as_sdt=0,5
       Excerpt … In the first phase, our technique mines historical bug fixes from revision control systems ofhundreds of projects in GitHub … To facilitate reproducible research, we made the implementationof our approach available at https://github.com/xuanbachle/bugfixes … 

         Title S3: syntax-and semantic-guided repair synthesis via programming by examples
           URL http://scholar.google.com/https://dl.acm.org/doi/abs/10.1145/3106237.3106309
          Year 2017
     Citations 141
      Versions 6
    Cluster ID 16038797746243500769
Citations list http://scholar.google.com/scholar?cites=16038797746243500769&as_sdt=2005&sciodt=0,5&hl=en
 Versions list http://scholar.google.com/scholar?cluster=16038797746243500769&hl=en&as_sdt=0,5
       Excerpt … The second dataset includes 100 large real-world Java bugs that we collected fromGitHub … 5We refer readers to the Angelix manual: https://github.com/mechtaev/angelix/blob/ master/doc/Tutorial.md to the original buggy expression … 

         Title SAFFRON: Adaptive grammar-based fuzzing for worst-case analysis
           URL http://scholar.google.com/https://dl.acm.org/doi/abs/10.1145/3364452.3364455
          Year 2019
     Citations 4
      Versions 9
    Cluster ID 1608411691267969886
Citations list http://scholar.google.com/scholar?cites=1608411691267969886&as_sdt=2005&sciodt=0,5&hl=en
 Versions list http://scholar.google.com/scholar?cluster=1608411691267969886&hl=en&as_sdt=0,5
       Excerpt … programs from DARPA engagements [6], which include four implementations of Calculator anda Python Static Analysis (PSA) tool … https://meta.stackoverflow.com/questions/32837/why-does-stack-overflow-use-a-backtracking-regex-implementation … 5] https://github.com/codehaus … 

         Title The Java Pathfinder Workshop 2019
           URL http://scholar.google.com/https://dl.acm.org/doi/abs/10.1145/3385678.3385685
          Year 2020
     Citations 0
      Versions 0
       Excerpt … bug detection, alter- native state space search strategies, temporal property verifica- tion andmany more (see https://github.com/javapathfinder/ jpf … The afternoon sessions started with anotherinvited talk on Ad- ventures in Commercial-Grade Static Analysis by Simon Gold- berg … 

         Title Enhancing automated program repair with deductive verification
           URL http://scholar.google.com/https://ieeexplore.ieee.org/abstract/document/7816488/
          Year 2016
     Citations 46
      Versions 10
    Cluster ID 16815105925363685270
Citations list http://scholar.google.com/scholar?cites=16815105925363685270&as_sdt=2005&sciodt=0,5&hl=en
 Versions list http://scholar.google.com/scholar?cluster=16815105925363685270&hl=en&as_sdt=0,5
       Excerpt … Le et al, introduced HDRepair that uses bug fix history to assess suitability of patches [13]. Whilethe above approaches use dynamic analysis (ie, testing) for detecting/localizing bugs andvalidating repaired programs, we use static analysis (ie, deductive verification) … 

         Title On reliability of patch correctness assessment
           URL http://scholar.google.com/https://ieeexplore.ieee.org/abstract/document/8812054/
          Year 2019
     Citations 26
      Versions 9
    Cluster ID 4285036284546549026
Citations list http://scholar.google.com/scholar?cites=4285036284546549026&as_sdt=2005&sciodt=0,5&hl=en
 Versions list http://scholar.google.com/scholar?cluster=4285036284546549026&hl=en&as_sdt=0,5
       Excerpt … We also provide additional resources including full source code files that are repairedby the patch, link to the GITHUB repository of the project, outputs when executingfailing test cases, and source code of the failing test cases … 

         Title Monadic decomposability of regular relations
           URL http://scholar.google.com/https://arxiv.org/abs/1903.00728
          Year 2019
     Citations 4
      Versions 8
    Cluster ID 6370945995030858650
Citations list http://scholar.google.com/scholar?cites=6370945995030858650&as_sdt=2005&sciodt=0,5&hl=en
 Versions list http://scholar.google.com/scholar?cluster=6370945995030858650&hl=en&as_sdt=0,5
       Excerpt … Firstly, the well-known cartesian abstractions in abstract interpretation [16] overapproximate theset R ⊆ Un of reachable states at a certain program point by a relation R ⊆ X1 ×···× Xm suchthat R ⊆ R . Having R instead of R sometimes allows a static analysis tool to prove … 

         Title Towards efficient and effective automatic program repair
           URL http://scholar.google.com/https://ieeexplore.ieee.org/abstract/document/7582831/
          Year 2016
     Citations 16
      Versions 5
    Cluster ID 3704479834481289842
Citations list http://scholar.google.com/scholar?cites=3704479834481289842&as_sdt=2005&sciodt=0,5&hl=en
 Versions list http://scholar.google.com/scholar?cluster=3704479834481289842&hl=en&as_sdt=0,5
       Excerpt … Our history driven APR technique works on there phases: (1) bug fix history extraction (2) bugfix history mining and (3) bug fix generation. In the first phase, historical bug fixes are minedfrom several revision control systems of hundreds of projects in GitHub … 

         Title Adversarial Patch Generation for Automatic Program Repair
           URL http://scholar.google.com/https://arxiv.org/abs/2012.11060
          Year 2012
     Citations 0
      Versions 2
 Versions list http://scholar.google.com/scholar?cluster=6763434656985646531&hl=en&as_sdt=0,5
       Excerpt … review in a timely manner. The availability of millions of software projects (eg over17 millions on GitHub) has given us an unprecedented opportunity in fixing softwaredefects and vulnerabilities. A massive amount of repositories … 

         Title Automatic Verification of Multi-threaded Programs by Inference of Rely-Guarantee Specifications
           URL http://scholar.google.com/https://ieeexplore.ieee.org/abstract/document/9376187/
          Year 2020
     Citations 0
      Versions 2
 Versions list http://scholar.google.com/scholar?cluster=7583618567300178732&hl=en&as_sdt=0,5
       Excerpt … modular proofs. For example, proofs can 1https://github.com/lexuanbach/ReGaSol-tool be combined … iterative refinement. Moreover, such sequential invariant can beobtained by lever- aging static analysis tools like [26] or [36]. In the … 

         Title An entailment-based scoring method for content selection in document summarization
           URL http://scholar.google.com/https://dl.acm.org/doi/abs/10.1145/3287921.3287976
          Year 2018
     Citations 2
      Versions 2
    Cluster ID 12799890041379326253
Citations list http://scholar.google.com/scholar?cites=12799890041379326253&as_sdt=2005&sciodt=0,5&hl=en
 Versions list http://scholar.google.com/scholar?cluster=12799890041379326253&hl=en&as_sdt=0,5
       Excerpt … sij = eijloд D ni (2) where ni is the number of documents with eij > 0. 1https://github.com/erickrf/multiffn-nli Entropy score. We refined the entailment scores in the form of the entropy of words …(2), (4) entropy scores in Eq. (3), (5) position and 5https://github.com/andersjo/pyrouge … 

         Title Overfitting in automated program repair: Challenges and solutions
           URL http://scholar.google.com/https://ink.library.smu.edu.sg/etd_coll/177/
          Year 2018
     Citations 6
      Versions 3
    Cluster ID 810815771396003829
Citations list http://scholar.google.com/scholar?cites=810815771396003829&as_sdt=2005&sciodt=0,5&hl=en
 Versions list http://scholar.google.com/scholar?cluster=810815771396003829&hl=en&as_sdt=0,5
       Excerpt … configuration will correct the buggy implementation. Often, those changes (regarded as fix orpatch) will be validated (eg, through a code review) before being committed or deployed to theusers. Manually fixing bugs is costly in terms of lost productivity and money to … 

         Title Overfitting in semantics-based automated program repair
           URL http://scholar.google.com/https://link.springer.com/article/10.1007/s10664-017-9577-2
          Year 2018
     Citations 48
      Versions 11
    Cluster ID 12521415654405860464
Citations list http://scholar.google.com/scholar?cites=12521415654405860464&as_sdt=2005&sciodt=0,5&hl=en
 Versions list http://scholar.google.com/scholar?cluster=12521415654405860464&hl=en&as_sdt=0,5
       Excerpt … 3.6). Experimental Data. We obtained Angelix from https://github.com/mechtaev/angelix/,using the version evaluated in Mechtaev et al. (2016). We set all tunable parametersto their defaults (Section 2.3) unless otherwise noted … 

         Title Synergizing specification miners through model fissions and fusions (t)
           URL http://scholar.google.com/https://ieeexplore.ieee.org/abstract/document/7372001/
          Year 2015
     Citations 50
      Versions 12
    Cluster ID 7750376095741443609
Citations list http://scholar.google.com/scholar?cites=7750376095741443609&as_sdt=2005&sciodt=0,5&hl=en
 Versions list http://scholar.google.com/scholar?cluster=7750376095741443609&hl=en&as_sdt=0,5
       Excerpt … et al. due to difficulties in running Daikon to collect execution traces from some ofthe JDK libraries2. The corrected ground-truth models are publicly available:https://github.com/ModelInference/SpecForge Evaluation Metrics … 

         Title Empirical study on synthesis engines for semantics-based program repair
           URL http://scholar.google.com/https://ieeexplore.ieee.org/abstract/document/7816487/
          Year 2016
     Citations 28
      Versions 7
    Cluster ID 1785919984353744524
Citations list http://scholar.google.com/scholar?cites=1785919984353744524&as_sdt=2005&sciodt=0,5&hl=en
 Versions list http://scholar.google.com/scholar?cluster=1785919984353744524&hl=en&as_sdt=0,5
       Excerpt … function's grammar. The integer expression in this grammar permits constants: 1,2,and 5, as 3Our framework is built on top of Angelix, and is available here:https://github.com/xuanbachle/syntax-guided-synthesis-repair/. 4At each … 

         Title Should fixing these failures be delegated to automated program repair?
           URL http://scholar.google.com/https://ieeexplore.ieee.org/abstract/document/7381836/
          Year 2015
     Citations 27
      Versions 11
    Cluster ID 8201684505596295549
Citations list http://scholar.google.com/scholar?cites=8201684505596295549&as_sdt=2005&sciodt=0,5&hl=en
 Versions list http://scholar.google.com/scholar?cluster=8201684505596295549&hl=en&as_sdt=0,5
       Excerpt … A. Dataset We apply our approach to predict the effectiveness of GenProg on a populardataset for automated program repair, 1http://kerneis.github.io/cil/ TABLE II. DATASETDESCRIPTION. “LOC” STANDS FOR NUMBER OF LINES OF CODE … 

         Title Exploring True Test Overfitting in Dynamic Automated Program Repair using Formal Methods
           URL http://scholar.google.com/https://www.researchgate.net/profile/Xuan_Bach_D_Le/publication/348899557_Exploring_True_Test_Overfitting_in_Dynamic_Automated_Program_Repair_using_Formal_Methods/links/60150d4da6fdcc071ba150fb/Exploring-True-Test-Overfitting-in-Dynamic-Automated-Program-Repair-using-Formal-Methods.pdf
     Citations 0
      Versions 2
      PDF link http://scholar.google.com/https://www.researchgate.net/profile/Xuan_Bach_D_Le/publication/348899557_Exploring_True_Test_Overfitting_in_Dynamic_Automated_Program_Repair_using_Formal_Methods/links/60150d4da6fdcc071ba150fb/Exploring-True-Test-Overfitting-in-Dynamic-Automated-Program-Repair-using-Formal-Methods.pdf
 Versions list http://scholar.google.com/scholar?cluster=13454160881924440704&hl=en&as_sdt=0,5
       Excerpt Page 1. Exploring True Test Overfitting in Dynamic Automated Program Repair usingFormal Methods Amirfarhad Nilizadeh∗, Gary T. Leavens∗, Xuan-Bach D. Le†,Corina S. P˘as˘areanu‡, and David R. Cok§ ∗ University of … 

