[query] http://scholar.google.com/scholar?as_q=&as_epq=%22findbugs%22%20OR%20%22spotbugs%22%20OR%20%22code%20review%22%20OR%20%22static%20analysis%22%20OR%20%22regex%22%20OR%20%22regular%20expression%22%20OR%20%22github%22%20OR%20%22pull%20requests%22&as_oq=&as_eq=&as_occt=any&as_sauthors=Xusheng%20Xiao&as_publication=&as_ylo=&as_yhi=&as_vis=0&btnG=&hl=en&num=80&as_sdt=0%2C5
         Title Cyber-guided Deep Neural Network for Malicious Repository Detection in GitHub
           URL http://scholar.google.com/https://ieeexplore.ieee.org/abstract/document/9194501/
          Year 2020
     Citations 0
      Versions 4
 Versions list http://scholar.google.com/scholar?cluster=3915958916780472030&hl=en&as_sdt=0,5
       Excerpt As the largest source code repository, GitHub has played a vital role in modern social coding ecosystem to generate production software. Despite the apparent benefits of such social coding paradigm, its potential security risks have been largely overlooked (eg, malicious …

         Title DeepIntent: Deep icon-behavior learning for detecting intention-behavior discrepancy in mobile apps
           URL http://scholar.google.com/https://dl.acm.org/doi/abs/10.1145/3319535.3363193
          Year 2019
     Citations 14
      Versions 5
    Cluster ID 6731854291154173187
Citations list http://scholar.google.com/scholar?cites=6731854291154173187&as_sdt=2005&sciodt=0,5&hl=en
 Versions list http://scholar.google.com/scholar?cluster=6731854291154173187&hl=en&as_sdt=0,5
       Excerpt … CCS CONCEPTS • Security and privacy → Malware and its mitigation; Soft- ware securityengineering. KEYWORDS mobile apps; discrepancy detection; static analysis; deep learning …Such model 3DeepIntent is publicly available at https://github.com/deepintent-ccs/DeepIntent … 

         Title Iconintent: automatic identification of sensitive ui widgets based on icon classification for android apps
           URL http://scholar.google.com/https://ieeexplore.ieee.org/abstract/document/8812108/
          Year 2019
     Citations 9
      Versions 7
    Cluster ID 15180851303103719428
Citations list http://scholar.google.com/scholar?cites=15180851303103719428&as_sdt=2005&sciodt=0,5&hl=en
 Versions list http://scholar.google.com/scholar?cluster=15180851303103719428&hl=en&as_sdt=0,5
       Excerpt … ICONINTENT automatically associates UI widgets and icons via static analysis on app's UI layoutfiles and code, and then adapts computer vision techniques to classify the associated icons intoeight categories of sensitive data … Static Analysis on UI Layout Files … 

         Title Characteristic studies of loop problems for structural test generation via symbolic execution
           URL http://scholar.google.com/https://ieeexplore.ieee.org/abstract/document/6693084/
          Year 2013
     Citations 52
      Versions 11
    Cluster ID 3421904303210121299
Citations list http://scholar.google.com/scholar?cites=3421904303210121299&as_sdt=2005&sciodt=0,5&hl=en
 Versions list http://scholar.google.com/scholar?cluster=3421904303210121299&hl=en&as_sdt=0,5
       Excerpt … surveyed articles, and select subject applications randomly from major open-source projecthostings including CodePlex [2] and GitHub [3]. In … of a program by verifying that the program meetsrequirements or given properties, often in the form of static analysis (Row “Verification … 

         Title RunDroid: recovering execution call graphs for Android applications
           URL http://scholar.google.com/https://dl.acm.org/doi/abs/10.1145/3106237.3122821
          Year 2017
     Citations 5
      Versions 2
    Cluster ID 14286198632095150086
Citations list http://scholar.google.com/scholar?cites=14286198632095150086&as_sdt=2005&sciodt=0,5&hl=en
 Versions list http://scholar.google.com/scholar?cluster=14286198632095150086&hl=en&as_sdt=0,5
       Excerpt … Demo : https://github.com/MiJack/RunDroid Video : https://youtu.be/EM7TJbE-Oaw … In Androidapps, each component, eg an activity, is required to follow a lifecycle, which are defined viacallbacks.1 Despite achievements made by static analysis [6, 10, 14, 15] to model Android … 

         Title ARC++: effective typestate and lifetime dependency analysis
           URL http://scholar.google.com/https://dl.acm.org/doi/abs/10.1145/2610384.2610395
          Year 2014
     Citations 3
      Versions 4
    Cluster ID 16801009672235248925
Citations list http://scholar.google.com/scholar?cites=16801009672235248925&as_sdt=2005&sciodt=0,5&hl=en
 Versions list http://scholar.google.com/scholar?cluster=16801009672235248925&hl=en&as_sdt=0,5
       Excerpt … C++. While many scal- able static analysis approaches for C and Java have beenproposed, there has been comparatively little work on the static analysis of C++programs. In … programs. Motivation: Static Analysis of C++. Software … 

         Title PreInfer: Automatic inference of preconditions via symbolic analysis
           URL http://scholar.google.com/https://ieeexplore.ieee.org/abstract/document/8416526/
          Year 2018
     Citations 6
      Versions 8
    Cluster ID 8016791100820444263
Citations list http://scholar.google.com/scholar?cites=8016791100820444263&as_sdt=2005&sciodt=0,5&hl=en
 Versions list http://scholar.google.com/scholar?cluster=8016791100820444263&hl=en&as_sdt=0,5
       Excerpt Page 1. PreInfer: Automatic Inference of Preconditions via Symbolic Analysis AngelloAstorga ∗ , Siwakorn Srisakaokul ∗ , Xusheng Xiao † , Tao Xie ∗ ∗ University of Illinoisat Urbana-Champaign † Case Western Reserve University … 

         Title Cooperative software testing and analysis: Advances and challenges
           URL http://scholar.google.com/https://link.springer.com/content/pdf/10.1007/s11390-014-1461-6.pdf
          Year 2014
     Citations 26
      Versions 10
    Cluster ID 14255767089774158792
      PDF link http://scholar.google.com/https://link.springer.com/content/pdf/10.1007/s11390-014-1461-6.pdf
Citations list http://scholar.google.com/scholar?cites=14255767089774158792&as_sdt=2005&sciodt=0,5&hl=en
 Versions list http://scholar.google.com/scholar?cluster=14255767089774158792&hl=en&as_sdt=0,5
       Excerpt … Software analysis (also referred to as pro- gram analysis) includes static analysis(ie, statically analyzing software without executing the software) and dynamic analysis(ie, dynamically analyzing software by executing the software) … 

         Title DroidMutator: an effective mutation analysis tool for Android applications
           URL http://scholar.google.com/https://dl.acm.org/doi/abs/10.1145/3377812.3382134
          Year 2020
     Citations 0
      Versions 5
 Versions list http://scholar.google.com/scholar?cluster=3309948058708525364&hl=en&as_sdt=0,5
       Excerpt … analysis. Demo link: https://github.com/SQS-JLiu/DroidMutator Video link:https://youtu.be/dtD0oTVioHM CCS … locations. Next, it uses Java reflection and staticanalysis to check the types of the objects in the mutation locations. Finally … 

         Title Problem identification for structural test generation: first step towards cooperative developer testing
           URL http://scholar.google.com/https://dl.acm.org/doi/abs/10.1145/1985793.1986035
          Year 2011
     Citations 7
      Versions 13
    Cluster ID 1667904854552786150
Citations list http://scholar.google.com/scholar?cites=1667904854552786150&as_sdt=2005&sciodt=0,5&hl=en
 Versions list http://scholar.google.com/scholar?cluster=1667904854552786150&hl=en&as_sdt=0,5
       Excerpt … Anand et al. [2] propose an approach that identi- fies problematic external-methodcalls in symbolic execu- tion by carrying out static analysis to determine whether anexternal-method call receives symbolic values as arguments … 

         Title Appcontext: Differentiating malicious and benign mobile app behaviors using context
           URL http://scholar.google.com/https://ieeexplore.ieee.org/abstract/document/7194583/
          Year 2015
     Citations 255
      Versions 20
    Cluster ID 16081432168802372382
Citations list http://scholar.google.com/scholar?cites=16081432168802372382&as_sdt=2005&sciodt=0,5&hl=en
 Versions list http://scholar.google.com/scholar?cluster=16081432168802372382&hl=en&as_sdt=0,5
       Excerpt … Resolving reflection or dynamic loading methods in static analysis is a known difficult problemwith fundamental limitations [24] … First, AppContext constructs a call graph from an apps binaryand performs static analysis to locate its security- sensitive behaviors … 

         Title Are vulnerabilities discovered and resolved like other defects?
           URL http://scholar.google.com/https://link.springer.com/article/10.1007/s10664-017-9541-1
          Year 2018
     Citations 15
      Versions 5
    Cluster ID 7706638940178060540
Citations list http://scholar.google.com/scholar?cites=7706638940178060540&as_sdt=2005&sciodt=0,5&hl=en
 Versions list http://scholar.google.com/scholar?cluster=7706638940178060540&hl=en&as_sdt=0,5
       Excerpt … Zheng et al. (2006) show the value of using static-analysis tools for ensuring software qualityby studying Firefox. They argue that although static-analysis tools find limited type of defects,in practice developers often repeat such limited types of defects. Likewise, Shin et al … 

         Title Precise identification of problems for structural test generation
           URL http://scholar.google.com/https://dl.acm.org/doi/abs/10.1145/1985793.1985876
          Year 2011
     Citations 92
      Versions 13
    Cluster ID 16355538595341930739
Citations list http://scholar.google.com/scholar?cites=16355538595341930739&as_sdt=2005&sciodt=0,5&hl=en
 Versions list http://scholar.google.com/scholar?cluster=16355538595341930739&hl=en&as_sdt=0,5
       Excerpt Page 1. Precise Identification of Problems for Structural Test Generation XushengXiao1 Tao Xie1 Nikolai Tillmann2 Jonathan de Halleux2 1Dept. of Computer Science,North Carolina State University, Raleigh, NC 2Microsoft … 

         Title An image-inspired and CNN-based Android malware detection approach
           URL http://scholar.google.com/https://ieeexplore.ieee.org/abstract/document/8952484/
          Year 2019
     Citations 4
      Versions 3
    Cluster ID 1181566052690196963
Citations list http://scholar.google.com/scholar?cites=1181566052690196963&as_sdt=2005&sciodt=0,5&hl=en
 Versions list http://scholar.google.com/scholar?cluster=1181566052690196963&hl=en&as_sdt=0,5
       Excerpt … However, both techniques have limitations. Approaches based on static analysissuch as [1] and [2] need to extract features, such as API calls and intent messages,from targeted apps, which is quite time consuming. Approaches … 

         Title User-aware privacy control via extended static-information-flow analysis
           URL http://scholar.google.com/https://link.springer.com/article/10.1007/s10515-014-0166-y
          Year 2015
     Citations 54
      Versions 16
    Cluster ID 3503675123268410575
Citations list http://scholar.google.com/scholar?cites=3503675123268410575&as_sdt=2005&sciodt=0,5&hl=en
 Versions list http://scholar.google.com/scholar?cluster=3503675123268410575&hl=en&as_sdt=0,5
       Excerpt … Our approach automatically computes information flows of private information via static analysisand visualizes the flows, as shown in Fig. 1. We use the term Source to refer to an origin of privateinformation and Sink to refer to a point where information may leak from an app … 

         Title High-confidence software evolution
           URL http://scholar.google.com/https://link.springer.com/article/10.1007/s11432-016-5572-2
          Year 2016
     Citations 7
      Versions 8
    Cluster ID 7077970597019356180
Citations list http://scholar.google.com/scholar?cites=7077970597019356180&as_sdt=2005&sciodt=0,5&hl=en
 Versions list http://scholar.google.com/scholar?cluster=7077970597019356180&hl=en&as_sdt=0,5
       Excerpt Software continues to evolve due to changing requirements, platforms and other environmentalpressures. Modern software is dependent on frameworks, and if.

         Title CHAMP: Characterizing Undesired App Behaviors from User Comments based on Market Policies
           URL http://scholar.google.com/https://arxiv.org/abs/2103.00712
          Year 2021
     Citations 0
      Versions 3
 Versions list http://scholar.google.com/scholar?cluster=14745524051620509249&hl=en&as_sdt=0,5
       Excerpt … We have released the CHAMP tool, along with the policies and dataset to the research communityat Github [26]. II … Table IV shows representative semantic rules for 3 undesired behaviors in Englishcomments (the complete set of rules can be found at Github [26]) … 

         Title Hyperservice: Interoperability and programmability across heterogeneous blockchains
           URL http://scholar.google.com/https://dl.acm.org/doi/abs/10.1145/3319535.3355503
          Year 2019
     Citations 15
      Versions 11
    Cluster ID 11071625216419447737
Citations list http://scholar.google.com/scholar?cites=11071625216419447737&as_sdt=2005&sciodt=0,5&hl=en
 Versions list http://scholar.google.com/scholar?cluster=11071625216419447737&hl=en&as_sdt=0,5
       Excerpt Page 1. HyperService: Interoperability and Programmability Across HeterogeneousBlockchains Zhuotao Liu1,2 Yangxi Xiang 3 Jian Shi 4 Peng Gao 5 Haoyu Wang3 Xusheng Xiao4,2 Bihan Wen 6 Yih-Chun Hu1,2 1University … 

