[query] http://scholar.google.com/scholar?as_q=&as_epq=%22findbugs%22%20OR%20%22spotbugs%22%20OR%20%22code%20review%22%20OR%20%22static%20analysis%22%20OR%20%22regex%22%20OR%20%22regular%20expression%22%20OR%20%22github%22%20OR%20%22pull%20requests%22&as_oq=&as_eq=&as_occt=any&as_sauthors=Yang%20Liu&as_publication=&as_ylo=&as_yhi=&as_vis=0&btnG=&hl=en&num=80&as_sdt=0%2C5
         Title Fast, memory-efficient regular expression matching with NFA-OBDDs
           URL http://scholar.google.com/https://www.sciencedirect.com/science/article/pii/S1389128611002489
          Year 2011
     Citations 25
      Versions 12
    Cluster ID 13186825598495082319
Citations list http://scholar.google.com/scholar?cites=13186825598495082319&as_sdt=2005&sciodt=0,5&hl=en
 Versions list http://scholar.google.com/scholar?cluster=13186825598495082319&hl=en&as_sdt=0,5
       Excerpt Modern network intrusion detection systems (NIDS) employ regular expressions as attack signatures. Internally, NIDS represent and operate these regular expressions as finite automata. However, finite automata present a well-known time/space tradeoff. Deterministic …

         Title CORE: Automating Review Recommendation for Code Changes
           URL http://scholar.google.com/https://ieeexplore.ieee.org/abstract/document/9054794/
          Year 2020
     Citations 6
      Versions 4
    Cluster ID 11114891813931646121
Citations list http://scholar.google.com/scholar?cites=11114891813931646121&as_sdt=2005&sciodt=0,5&hl=en
 Versions list http://scholar.google.com/scholar?cluster=11114891813931646121&hl=en&as_sdt=0,5
       Excerpt … Some research work, eg, ReviewBot [14], incorporates static analysis tools to publish reviewsautomatically. These static analyzers detect defect code and unconventional naming by thesubmitter and publish them as part of code review … Code Review … GitHub Pull Requests … 

         Title Recommending github projects for developer onboarding
           URL http://scholar.google.com/https://ieeexplore.ieee.org/abstract/document/8458104/
          Year 2018
     Citations 18
      Versions 3
    Cluster ID 15797344526120285892
Citations list http://scholar.google.com/scholar?cites=15797344526120285892&as_sdt=2005&sciodt=0,5&hl=en
 Versions list http://scholar.google.com/scholar?cluster=15797344526120285892&hl=en&as_sdt=0,5
       Excerpt Open-source platform (eg, GitHub) creates a tremendous opportunity for developers to learn and build experience. Contribution to open source can be rewarding for developers and advocates the evolutionary progress of the open-source software. However, finding a …

         Title Filter pruning via geometric median for deep convolutional neural networks acceleration
           URL http://openaccess.thecvf.com/content_CVPR_2019/html/He_Filter_Pruning_via_Geometric_Median_for_Deep_Convolutional_Neural_Networks_CVPR_2019_paper.html
          Year 2019
     Citations 276
      Versions 13
    Cluster ID 3978996322124428221
Citations list http://scholar.google.com/scholar?cites=3978996322124428221&as_sdt=2005&sciodt=0,5&hl=en
 Versions list http://scholar.google.com/scholar?cluster=3978996322124428221&hl=en&as_sdt=0,5
       Excerpt … Moreover, on ILSVRC- 2012, FPGM reduces more than 42% FLOPs on ResNet- 101 withouttop-5 accuracy drop, which has advanced the state-of-the-art. Code is publicly available on GitHub:https://github.com/he-y/filter-pruning-geometric-median 1. Introduction … 

         Title Reppoints: Point set representation for object detection
           URL http://openaccess.thecvf.com/content_ICCV_2019/html/Yang_RepPoints_Point_Set_Representation_for_Object_Detection_ICCV_2019_paper.html
          Year 2019
     Citations 148
      Versions 8
    Cluster ID 6731983785945015219
Citations list http://scholar.google.com/scholar?cites=6731983785945015219&as_sdt=2005&sciodt=0,5&hl=en
 Versions list http://scholar.google.com/scholar?cluster=6731983785945015219&hl=en&as_sdt=0,5
       Excerpt … detection benchmark, using ResNet-101 model. Code is available at https://github.com/microsoft/RepPoints. 1. Introduction Object detection aims to localize objectsin an image and provide their class labels. As one of the most … 

         Title Guided, stochastic model-based GUI testing of Android apps
           URL http://scholar.google.com/https://dl.acm.org/doi/abs/10.1145/3106237.3106298
          Year 2017
     Citations 145
      Versions 2
    Cluster ID 8932174413256484512
Citations list http://scholar.google.com/scholar?cites=8932174413256484512&as_sdt=2005&sciodt=0,5&hl=en
 Versions list http://scholar.google.com/scholar?cluster=8932174413256484512&hl=en&as_sdt=0,5
       Excerpt … Stoat operates in two phases: (1) Given an app as input, it uses dynamic analysis enhanced bya weighted UI exploration strategy and static analysis to reverse engineer a stochastic modelof the app's GUI interac- tions; and (2) it adapts Gibbs sampling to iteratively mutate … 

         Title Steelix: program-state based binary fuzzing
           URL http://scholar.google.com/https://dl.acm.org/doi/abs/10.1145/3106237.3106295
          Year 2017
     Citations 155
      Versions 2
    Cluster ID 4998062285776172733
Citations list http://scholar.google.com/scholar?cites=4998062285776172733&as_sdt=2005&sciodt=0,5&hl=en
 Versions list http://scholar.google.com/scholar?cluster=4998062285776172733&hl=en&as_sdt=0,5
       Excerpt … In particular, we use light-weight static analysis and binary instrumentation to provide notonly coverage information but also comparison progress information to a fuzzer … Static analysisfilters out uninteresting comparisons (eg, one-byte comparisons) … 

         Title Pre-training with whole word masking for chinese bert
           URL http://scholar.google.com/https://arxiv.org/abs/1906.08101
          Year 2019
     Citations 150
      Versions 7
    Cluster ID 16471472682319430064
Citations list http://scholar.google.com/scholar?cites=16471472682319430064&as_sdt=2005&sciodt=0,5&hl=en
 Versions list http://scholar.google.com/scholar?cluster=16471472682319430064&hl=en&as_sdt=0,5
       Excerpt … As we traverse several popular machine reading comprehension benchmarks, such as SQuAD(Rajpurkar et al., 2018), CoQA 1We release all the pre-trained models: https:// github.com/ymcui/Chinese-BERT-wwm … which was provided in BERT GitHub repository … 

         Title Hawkeye: Towards a desired directed grey-box fuzzer
           URL http://scholar.google.com/https://dl.acm.org/doi/abs/10.1145/3243734.3243849
          Year 2018
     Citations 74
      Versions 4
    Cluster ID 9358634238104377930
Citations list http://scholar.google.com/scholar?cites=9358634238104377930&as_sdt=2005&sciodt=0,5&hl=en
 Versions list http://scholar.google.com/scholar?cluster=9358634238104377930&hl=en&as_sdt=0,5
       Excerpt … Owing to a novel static analysis on the program under test and the target sites, Hawkeyeprecisely collects the information such as the call graph, function and basic block leveldistances to the targets … KEYWORDS Fuzz Testing; Static Analysis … 

         Title Leopard: Identifying vulnerable code for vulnerability assessment through program metrics
           URL http://scholar.google.com/https://ieeexplore.ieee.org/abstract/document/8812029/
          Year 2019
     Citations 27
      Versions 6
    Cluster ID 4284359522063979278
Citations list http://scholar.google.com/scholar?cites=4284359522063979278&as_sdt=2005&sciodt=0,5&hl=en
 Versions list http://scholar.google.com/scholar?cluster=4284359522063979278&hl=en&as_sdt=0,5
       Excerpt … that, LEOPARD can cover 74.0% of vulnerable functions by identifying 20% of functions asvulnerable and out- perform machine learning-based and static analysis-based tech- niques.We further propose three applications of LEOPARD for manual code review and fuzzing … 

         Title Reconstructing the global dynamics of unreported COVID-19 cases and infections
           URL http://datacompass.lshtm.ac.uk/1815/
          Year 2020
     Citations 1
      Versions 2
    Cluster ID 8951968760392658064
Citations list http://scholar.google.com/scholar?cites=8951968760392658064&as_sdt=2005&sciodt=0,5&hl=en
 Versions list http://scholar.google.com/scholar?cluster=8951968760392658064&hl=en&as_sdt=0,5
       Excerpt Using reported data on COVID-19 cases and fatalities globally, we estimated the proportion of symptomatic cases that were reported in 210 countries and territories. We then use these estimates to attempt to reconstruct the pandemic. The repo contains all the functions and …

         Title Genetic structure and insecticide resistance characteristics of fall armyworm populations invading China
           URL http://scholar.google.com/https://onlinelibrary.wiley.com/doi/abs/10.1111/1755-0998.13219
          Year 2020
     Citations 23
      Versions 13
    Cluster ID 4996950093622309774
Citations list http://scholar.google.com/scholar?cites=4996950093622309774&as_sdt=2005&sciodt=0,5&hl=en
 Versions list http://scholar.google.com/scholar?cluster=4996950093622309774&hl=en&as_sdt=0,5
       Excerpt … Arrow v2.1.0 (https://github.com/PacificBiosciences/GenomicConsensus) was used to correctassembly errors after comparing contigs with PacBio reads using pbalign v0.4.1(https://github.com/PacificBiosciences/pbalign). The Illumina … (https://github.com/gmarcais/Jellyfish) … 

         Title Multi-domain neural machine translation with word-level domain context discrimination
           URL http://scholar.google.com/https://www.aclweb.org/anthology/D18-1041.pdf
          Year 2018
     Citations 32
      Versions 9
    Cluster ID 8725146157822620202
      PDF link http://scholar.google.com/https://www.aclweb.org/anthology/D18-1041.pdf
Citations list http://scholar.google.com/scholar?cites=8725146157822620202&as_sdt=2005&sciodt=0,5&hl=en
 Versions list http://scholar.google.com/scholar?cluster=8725146157822620202&hl=en&as_sdt=0,5
       Excerpt … Experimental results on Chinese- English and English-French multi-domain translation tasksdemonstrate the effec- tiveness of the proposed model. Source codes of this paper are availableon Github https://github.com/DeepLearnXMU/WDCNMT. 1 Introduction … 

         Title Vanguard: Detecting missing checks for prognosing potential vulnerabilities
           URL http://scholar.google.com/https://dl.acm.org/doi/abs/10.1145/3275219.3275225
          Year 2018
     Citations 8
      Versions 2
    Cluster ID 1745457090360916810
Citations list http://scholar.google.com/scholar?cites=1745457090360916810&as_sdt=2005&sciodt=0,5&hl=en
 Versions list http://scholar.google.com/scholar?cluster=1745457090360916810&hl=en&as_sdt=0,5
       Excerpt … We first locate customized security-sensitive operations with light- weight static analysis; thenjudge assailability of sensitive data used in security-sensitive operations via static taint analysis;finally, as- sess the existence and risk degree of missing checks using static analysis … 

         Title Storydroid: Automated generation of storyboard for Android apps
           URL http://scholar.google.com/https://ieeexplore.ieee.org/abstract/document/8812043/
          Year 2019
     Citations 24
      Versions 8
    Cluster ID 2240931479490724233
Citations list http://scholar.google.com/scholar?cites=2240931479490724233&as_sdt=2005&sciodt=0,5&hl=en
 Versions list http://scholar.google.com/scholar?cluster=2240931479490724233&hl=en&as_sdt=0,5
       Excerpt … Specifically, StoryDroid extracts the activity transition graph and leverages static analysis tech-niques to render UI pages to visualize the storyboard with the rendered pages … First, ATGs areusually incomplete due to the limitation of static analysis tools [36, 62] … 

         Title Fot: A versatile, configurable, extensible fuzzing framework
           URL http://scholar.google.com/https://dl.acm.org/doi/abs/10.1145/3236024.3264593
          Year 2018
     Citations 11
      Versions 2
    Cluster ID 13284390372021291674
Citations list http://scholar.google.com/scholar?cites=13284390372021291674&as_sdt=2005&sciodt=0,5&hl=en
 Versions list http://scholar.google.com/scholar?cluster=13284390372021291674&hl=en&as_sdt=0,5
       Excerpt … fit multiple scenarios such as patching testing, crash reproduction, and static analysis reportverification [2 … 6 CVEs have been assigned to Oniguruma (a widely used regular expression libraryused … the Projects Project Name 0-day Bugs Time Since Release GitHub Stars KLOC … 

         Title Efficiently manifesting asynchronous programming errors in android apps
           URL http://scholar.google.com/https://dl.acm.org/doi/abs/10.1145/3238147.3238170
          Year 2018
     Citations 29
      Versions 6
    Cluster ID 8849828444756323881
Citations list http://scholar.google.com/scholar?cites=8849828444756323881&as_sdt=2005&sciodt=0,5&hl=en
 Versions list http://scholar.google.com/scholar?cluster=8849828444756323881&hl=en&as_sdt=0,5
       Excerpt … apps are open-source and maintained on Github, Google Code, etc. We use Soot[81], a static analysis tool, to identify aysnc constructs. Answer: Async constructsare widely-used by Android developers. We found 1019 out … 

         Title Insights into the genomic landscape of MYD88 wild-type Waldenström macroglobulinemia
           URL http://scholar.google.com/https://ashpublications.org/bloodadvances/article/2/21/2937/16173
          Year 2018
     Citations 30
      Versions 12
    Cluster ID 12912824163855973132
Citations list http://scholar.google.com/scholar?cites=12912824163855973132&as_sdt=2005&sciodt=0,5&hl=en
 Versions list http://scholar.google.com/scholar?cluster=12912824163855973132&hl=en&as_sdt=0,5
       Excerpt Key Points. Mutations affecting NF-κB, epigenomic regulation, or DNA damage repair wereidentified in MYD88 wild-type WM.NF-κB pathway mutations were downstrea.

         Title ETCM: an encyclopaedia of traditional Chinese medicine
           URL http://scholar.google.com/https://academic.oup.com/nar/article-abstract/47/D1/D976/5144966
          Year 2019
     Citations 112
      Versions 9
    Cluster ID 4325544204386578449
Citations list http://scholar.google.com/scholar?cites=4325544204386578449&as_sdt=2005&sciodt=0,5&hl=en
 Versions list http://scholar.google.com/scholar?cluster=4325544204386578449&hl=en&as_sdt=0,5
       Excerpt Abstract. Traditional Chinese medicine (TCM) is not only an effective solution for primaryhealth care, but also a great resource for drug innovation and disco.

         Title Analyzing deep neural networks with symbolic propagation: Towards higher precision and faster verification
           URL http://scholar.google.com/https://link.springer.com/chapter/10.1007/978-3-030-32304-2_15
          Year 2019
     Citations 20
      Versions 5
    Cluster ID 8768698689393391107
Citations list http://scholar.google.com/scholar?cites=8768698689393391107&as_sdt=2005&sciodt=0,5&hl=en
 Versions list http://scholar.google.com/scholar?cluster=8768698689393391107&hl=en&as_sdt=0,5
       Excerpt Deep neural networks (DNNs) have been shown lack of robustness, as they are vulnerable to small perturbations on the inputs, which has led to safety concerns on applying DNNs to safety-critical domains. Several verification approaches have been developed to …

