[query] http://scholar.google.com/scholar?as_q=&as_epq=%22findbugs%22%20OR%20%22spotbugs%22%20OR%20%22code%20review%22%20OR%20%22static%20analysis%22%20OR%20%22regex%22%20OR%20%22regular%20expression%22%20OR%20%22github%22%20OR%20%22pull%20requests%22&as_oq=&as_eq=&as_occt=any&as_sauthors=Yijun%20Yu&as_publication=&as_ylo=&as_yhi=&as_vis=0&btnG=&hl=en&num=80&as_sdt=0%2C5
         Title Relating identifier naming flaws and code quality: An empirical study
           URL http://scholar.google.com/https://ieeexplore.ieee.org/abstract/document/5328661/
          Year 2009
     Citations 85
      Versions 10
    Cluster ID 11332057215769047244
Citations list http://scholar.google.com/scholar?cites=11332057215769047244&as_sdt=2005&sciodt=0,5&hl=en
 Versions list http://scholar.google.com/scholar?cluster=11332057215769047244&hl=en&as_sdt=0,5
       Excerpt … We found statistically significant associations between flawed identifiers (ie violating atleast one guideline) and code quality issues reported by FindBugs, a static analysis tool …FindBugs, like other static analysis tools, reports false positives [11] … 

         Title Exploring the influence of identifier names on code quality: An empirical study
           URL http://scholar.google.com/https://ieeexplore.ieee.org/abstract/document/5714430/
          Year 2010
     Citations 104
      Versions 10
    Cluster ID 17820220324109595298
Citations list http://scholar.google.com/scholar?cites=17820220324109595298&as_sdt=2005&sciodt=0,5&hl=en
 Versions list http://scholar.google.com/scholar?cluster=17820220324109595298&hl=en&as_sdt=0,5
       Excerpt … By incorporating the Halstead Vocabulary, the MI is influenced by the complexity of a unit ofsource code in terms of the number of identifiers required to implement a solution. FindBugsis a static analysis tool for Java that analyses bytecode for 'bug patterns' … 

         Title Cross-language learning for program classification using bilateral tree-based convolutional neural networks
           URL http://scholar.google.com/https://arxiv.org/abs/1710.06159
          Year 2017
     Citations 13
      Versions 10
    Cluster ID 13737687474333441509
Citations list http://scholar.google.com/scholar?cites=13737687474333441509&as_sdt=2005&sciodt=0,5&hl=en
 Versions list http://scholar.google.com/scholar?cluster=13737687474333441509&hl=en&as_sdt=0,5
       Excerpt … For a preliminary evaluation, we use 3591 Java and 3534 C++ code snippets from 6 algorithmswe crawled systematically from GitHub … Page 3. Figure 3: BiTBCNN architecture for programclassification Table 1: C++ and Java code sampled from GitHub Lang./Algo … 

         Title Bilateral dependency neural networks for cross-language algorithm classification
           URL http://scholar.google.com/https://ieeexplore.ieee.org/abstract/document/8667995/
          Year 2019
     Citations 14
      Versions 6
    Cluster ID 9960279834680768520
Citations list http://scholar.google.com/scholar?cites=9960279834680768520&as_sdt=2005&sciodt=0,5&hl=en
 Versions list http://scholar.google.com/scholar?cluster=9960279834680768520&hl=en&as_sdt=0,5
       Excerpt … implementing 104 differ- ent algorithms and (2) 4932 unique Java and 4732 unique C++single-file programs from GitHub implementing 50 … Compared to TBCNN encodings, such semanticedges are explicitly identified by static analysis tools, instead of learnt by the NN from the … 

         Title Fast: Flattening abstract syntax trees for efficiency
           URL http://scholar.google.com/https://ieeexplore.ieee.org/abstract/document/8802796/
          Year 2019
     Citations 4
      Versions 4
    Cluster ID 4693511002535978590
Citations list http://scholar.google.com/scholar?cites=4693511002535978590&as_sdt=2005&sciodt=0,5&hl=en
 Versions list http://scholar.google.com/scholar?cluster=4693511002535978590&hl=en&as_sdt=0,5
       Excerpt … https://github.com/yijunyu/vscode-fast In this way, 'fAST' can be packaged together with program-ming tools in any programming language. 278 … To evaluate parsing performance, from GitHubwe chose the most starred projects in each language category … 

         Title On the Generalizability of Neural Program Analyzers with respect to Semantic-Preserving Program Transformations
           URL http://scholar.google.com/https://arxiv.org/abs/2008.01566
          Year 2020
     Citations 2
      Versions 2
    Cluster ID 7945015401852057907
Citations list http://scholar.google.com/scholar?cites=7945015401852057907&as_sdt=2005&sciodt=0,5&hl=en
 Versions list http://scholar.google.com/scholar?cluster=7945015401852057907&hl=en&as_sdt=0,5
       Excerpt … 2https://github.com/srcML/srcSlice 3https://www.srcml.org/, +400 node types for supporting multipleprogramming languages Table 1: Characteristics of the models in neural program analyzer … Twoauthors were involved in the implementation, testing and code review … 

         Title Dynamic gas estimation of loops using machine learning
           URL http://scholar.google.com/https://link.springer.com/chapter/10.1007/978-981-15-9213-3_34
          Year 2020
     Citations 1
      Versions 2
    Cluster ID 15264101750634779331
Citations list http://scholar.google.com/scholar?cites=15264101750634779331&as_sdt=2005&sciodt=0,5&hl=en
 Versions list http://scholar.google.com/scholar?cluster=15264101750634779331&hl=en&as_sdt=0,5
       Excerpt … ie, functions containing loops). Static analysis cannot figure out the iteration timesof any loops so that Gasol [1], a gas estimation tool, fails when the maximal numberof iteration times is unbounded. Dynamic methods often send … 

         Title Dragonfly: a tool for simulating self-adaptive drone behaviours
           URL http://scholar.google.com/https://ieeexplore.ieee.org/abstract/document/8787155/
          Year 2019
     Citations 6
      Versions 6
    Cluster ID 3882713580447899314
Citations list http://scholar.google.com/scholar?cites=3882713580447899314&as_sdt=2005&sciodt=0,5&hl=en
 Versions list http://scholar.google.com/scholar?cluster=3882713580447899314&hl=en&as_sdt=0,5
       Excerpt … Dragonfly simulator is an open source and extensible Java tool available at GitHub 2. It supportscreating environments for simulating the behaviour of a set of drones in drone-based applications …to manoeuvre a drone are available at the Dragonfly's GitHub repository … 

         Title A survey of the forms of Java reference names
           URL http://scholar.google.com/https://ieeexplore.ieee.org/abstract/document/7181448/
          Year 2015
     Citations 8
      Versions 6
    Cluster ID 10669670846161443273
Citations list http://scholar.google.com/scholar?cites=10669670846161443273&as_sdt=2005&sciodt=0,5&hl=en
 Versions list http://scholar.google.com/scholar?cluster=10669670846161443273&hl=en&as_sdt=0,5
       Excerpt … hillem/AMAP.tar.gz 5The word lists we used are available as part of the mdsc spell checkinglibrary https://github.com/sjbutler … truncations (eg impl for 'implemen- tation'), the elision of letters(eg ctxt for 'context') or multi- word abbreviations (eg regex for 'regular expression') [13 … 

         Title PmiRDiscVali: an integrated pipeline for plant microRNA discovery and validation
           URL http://scholar.google.com/https://link.springer.com/article/10.1186/s12864-019-5478-7
          Year 2019
     Citations 7
      Versions 12
    Cluster ID 17262453887880933848
Citations list http://scholar.google.com/scholar?cites=17262453887880933848&as_sdt=2005&sciodt=0,5&hl=en
 Versions list http://scholar.google.com/scholar?cluster=17262453887880933848&hl=en&as_sdt=0,5
       Excerpt … In this study, an integrated pipeline called PmiRDiscVali (https://github.com/unincrna/pmirdv)was developed for large-scale microRNA discovery in plants. Implementation … The results of thiscase study could be found at https://github.com/unincrna/pmirdv. Conclusions … 

         Title Recommending software features to designers: From the perspective of users
           URL http://scholar.google.com/https://onlinelibrary.wiley.com/doi/abs/10.1002/spe.2845
          Year 2020
     Citations 0
      Versions 2
 Versions list http://scholar.google.com/scholar?cluster=6268267327458231502&hl=en&as_sdt=0,5
       Excerpt … All the data are available at github (https://github.com/UPFR/ERF). TABLE 1. The datasets forevaluation Dataset, Number of Software Products. Antivirus, 576. Compress tool, 400 … All theimplementations can also be found in the github. 4.2.2 Descriptions of studies … 

         Title Investigating naming convention adherence in Java references
           URL http://scholar.google.com/https://ieeexplore.ieee.org/abstract/document/7332450/
          Year 2015
     Citations 19
      Versions 7
    Cluster ID 11057490695805409916
Citations list http://scholar.google.com/scholar?cites=11057490695805409916&as_sdt=2005&sciodt=0,5&hl=en
 Versions list http://scholar.google.com/scholar?cluster=11057490695805409916&hl=en&as_sdt=0,5
       Excerpt … 5https://github.com/sjbutler/mdsc 6http://msuweb.montclair.edu/∼hillem/AMAP.tar.gz … at the tokenlevel determine that tokens have the correct typography, rather than the name having theappearance of be- ing typographically correct, which is what a regular expression can test … 

         Title An open framework for semantic code queries on heterogeneous repositories
           URL http://scholar.google.com/https://ieeexplore.ieee.org/abstract/document/7307732/
          Year 2015
     Citations 7
      Versions 10
    Cluster ID 18193369977542242772
Citations list http://scholar.google.com/scholar?cites=18193369977542242772&as_sdt=2005&sciodt=0,5&hl=en
 Versions list http://scholar.google.com/scholar?cluster=18193369977542242772&hl=en&as_sdt=0,5
       Excerpt … projects. Representatives such as GitHub [1], SourceForge [2], Google Code [3],and Sourcerer [4] have become quite a popularity among software developers fortheir capability to supply various code for references. Available … 

         Title Reverse engineering goal models from legacy code
           URL http://scholar.google.com/https://ieeexplore.ieee.org/abstract/document/1531056/
          Year 2005
     Citations 116
      Versions 32
    Cluster ID 4617795986769243416
Citations list http://scholar.google.com/scholar?cites=4617795986769243416&as_sdt=2005&sciodt=0,5&hl=en
 Versions list http://scholar.google.com/scholar?cluster=4617795986769243416&hl=en&as_sdt=0,5
       Excerpt … 2 Concepts and approach Our proposal is based on well-founded concepts in soft- wareengineering. In particular, goal models [3, 31] arise during early requirements elicitation; programslices [34] are useful for program understanding and static analysis; … 

         Title INVocD: Identifier name vocabulary dataset
           URL http://scholar.google.com/https://ieeexplore.ieee.org/abstract/document/6624056/
          Year 2013
     Citations 12
      Versions 5
    Cluster ID 7135859156125528414
Citations list http://scholar.google.com/scholar?cites=7135859156125528414&as_sdt=2005&sciodt=0,5&hl=en
 Versions list http://scholar.google.com/scholar?cluster=7135859156125528414&hl=en&as_sdt=0,5
       Excerpt … The component words and identifier name records effectively form an index to the source code.For example, the component word array found in the identifier name ANEWARRAY (FindBugs)is linked to all other identifier names in INVocD containing the word array … 

         Title Teaching the Art of Computer Programming at a Distance by Generating Dialogues using Deep Neural Networks
           URL http://oro.open.ac.uk/62778/
          Year 2019
     Citations 0
      Versions 4
 Versions list http://scholar.google.com/scholar?cluster=13797242859634143259&hl=en&as_sdt=0,5
       Excerpt … 2.2 Alexa Skill Initially we have concentrated on high-level program classification. We used theopen-source project flask (https://github.com/johnwheeler/flask-ask) to simplify the developmentand deployment of server side implementation using its python interface … 

         Title Learning Distributed Representations of Code Snippets from Unlabeled Data
           URL http://scholar.google.com/https://arxiv.org/abs/2012.07023
          Year 2012
     Citations 0
      Versions 0
       Excerpt … We have two pillars that support the realization of our aim. One is the large amount of sourcecode available on public code hosting platforms, such as Github, Bitbucket, Gitlab … This datasetcontains a large number of Java projects collected from Github (4 million files) … 

         Title Assessing Security and Privacy Behavioural Risks for Self-Protection Systems
           URL http://scholar.google.com/https://link.springer.com/chapter/10.1007/978-981-13-2185-6_6
          Year 2019
     Citations 2
      Versions 4
    Cluster ID 5476565351962770752
Citations list http://scholar.google.com/scholar?cites=5476565351962770752&as_sdt=2005&sciodt=0,5&hl=en
 Versions list http://scholar.google.com/scholar?cluster=5476565351962770752&hl=en&as_sdt=0,5
       Excerpt … Note that the work of risk exploration is an ongoing research effort, where we have developedopen-source tools for colleagues to use and compare with our results https://github.com/yijunyu/demo-riskexplore. A guide tour of risk exploration can be found in the tutorial [15] … 

         Title Improving feature location using structural similarity and iterative graph mapping
           URL http://scholar.google.com/https://www.sciencedirect.com/science/article/pii/S0164121212003007
          Year 2013
     Citations 22
      Versions 10
    Cluster ID 1629312543968443500
Citations list http://scholar.google.com/scholar?cites=1629312543968443500&as_sdt=2005&sciodt=0,5&hl=en
 Versions list http://scholar.google.com/scholar?cluster=1629312543968443500&hl=en&as_sdt=0,5
       Excerpt … In particular, researchers have investigated using Information Retrieval (IR) (ie, lexical analysis)(Marcus and Maletic, 2003, Poshyvanyk and Marcus, 2007, Zhao et al., 2006, Marcus et al., 2004),static analysis (Warr and Robillard, 2007), dynamic analysis (Eisenbarth et al … 

         Title SAR: learning cross-language API mappings with little knowledge
           URL http://scholar.google.com/https://dl.acm.org/doi/abs/10.1145/3338906.3338924
          Year 2019
     Citations 6
      Versions 10
    Cluster ID 10674488404426329024
Citations list http://scholar.google.com/scholar?cites=10674488404426329024&as_sdt=2005&sciodt=0,5&hl=en
 Versions list http://scholar.google.com/scholar?cluster=10674488404426329024&hl=en&as_sdt=0,5
       Excerpt … [2]. It involves approximately 14,807 Java projects from Github and containsapproximately 2.1 millions of files. For C#, we clone the projects on Github that haveat least 1 star and collect 7,841 C# projects with about 958,000 files … 

