[query] http://scholar.google.com/scholar?as_q=&as_epq=%22findbugs%22%20OR%20%22spotbugs%22%20OR%20%22code%20review%22%20OR%20%22static%20analysis%22%20OR%20%22regex%22%20OR%20%22regular%20expression%22%20OR%20%22github%22%20OR%20%22pull%20requests%22&as_oq=&as_eq=&as_occt=any&as_sauthors=Yoshiki%20Higo&as_publication=&as_ylo=&as_yhi=&as_vis=0&btnG=&hl=en&num=80&as_sdt=0%2C5
         Title Ammonia: an approach for deriving project-specific bug patterns
           URL http://scholar.google.com/https://link.springer.com/content/pdf/10.1007/s10664-020-09807-w.pdf
          Year 2020
     Citations 1
      Versions 7
    Cluster ID 12156087059568591849
      PDF link http://scholar.google.com/https://link.springer.com/content/pdf/10.1007/s10664-020-09807-w.pdf
Citations list http://scholar.google.com/scholar?cites=12156087059568591849&as_sdt=2005&sciodt=0,5&hl=en
 Versions list http://scholar.google.com/scholar?cluster=12156087059568591849&hl=en&as_sdt=0,5
       Excerpt … 2008), bug prediction (Hall et al. 2012), and static analysis (SA) (Rah- man et al … After successfultesting and code review, the solution is committed to a source code repository such asGit/Subversion … Liu et al. experimented with 730 OSS projects with FindBugs (Liu et al … 

         Title Move code refactoring with dynamic analysis
           URL http://scholar.google.com/https://ieeexplore.ieee.org/abstract/document/6405324/
          Year 2012
     Citations 18
      Versions 3
    Cluster ID 6038806649679782519
Citations list http://scholar.google.com/scholar?cites=6038806649679782519&as_sdt=2005&sciodt=0,5&hl=en
 Versions list http://scholar.google.com/scholar?cluster=6038806649679782519&hl=en&as_sdt=0,5
       Excerpt … Previous research efforts for suggesting candidates of such refactorings are based on staticanalysis, which obtains relations among classes or methods from source code … For example, thereis a problem that we cannot obtain results of dynamic dispatch by using static analysis … 

         Title An empirical study of security warnings from static application security testing tools
           URL http://scholar.google.com/https://www.sciencedirect.com/science/article/pii/S0164121219302018
          Year 2019
     Citations 6
      Versions 2
    Cluster ID 149826911416865347
Citations list http://scholar.google.com/scholar?cites=149826911416865347&as_sdt=2005&sciodt=0,5&hl=en
 Versions list http://scholar.google.com/scholar?cluster=149826911416865347&hl=en&as_sdt=0,5
       Excerpt … They used bug warnings generated by three SAST tools for Java: FindBugs, Jlint, and … 1, we useprojects hosted on GitHub because we want to analyze real-world … Rough Auditing Tool for Security),Polyspace Bug Finder (Mathworks), and Coverity Static Analysis (Coverity Static … 

         Title Revealing purity and side effects on functions for reusing java libraries
           URL http://scholar.google.com/https://link.springer.com/chapter/10.1007/978-3-319-14130-5_22
          Year 2015
     Citations 11
      Versions 3
    Cluster ID 4337540393780043497
Citations list http://scholar.google.com/scholar?cites=4337540393780043497&as_sdt=2005&sciodt=0,5&hl=en
 Versions list http://scholar.google.com/scholar?cluster=4337540393780043497&hl=en&as_sdt=0,5
       Excerpt … Our study can help programmers to understand and reuse these libraries. Keywords: staticanalysis, pure function, state boundary, state depen- dency, object-oriented, design by contract …2 We have published purano at https://github.com/farseerfc/purano. Page 12 … 

         Title Introduction to Special Issue on Source Code Analysis and Manipulation
           URL http://scholar.google.com/https://www.win.tue.nl/~aserebre/SCAM2019-SI-Editorial.pdf
          Year 2021
     Citations 0
      Versions 2
      PDF link http://scholar.google.com/https://www.win.tue.nl/~aserebre/SCAM2019-SI-Editorial.pdf
 Versions list http://scholar.google.com/scholar?cluster=14905208172666766997&hl=en&as_sdt=0,5
       Excerpt … code analysis and manipulation techniques: from refactoring to decompilation, from automaticfixing of static analysis warnings to web … for common warnings issued by static code analysis toolssuch as FindBugs and SonarQube … code analysis tools (SonarQube and SpotBugs) … 

         Title Impacts of daylight saving time on software development
           URL http://scholar.google.com/https://ieeexplore.ieee.org/abstract/document/8816815/
          Year 2019
     Citations 1
      Versions 3
    Cluster ID 11531049491110892165
Citations list http://scholar.google.com/scholar?cites=11531049491110892165&as_sdt=2005&sciodt=0,5&hl=en
 Versions list http://scholar.google.com/scholar?cluster=11531049491110892165&hl=en&as_sdt=0,5
       Excerpt … A. RQ1. How many projects conduct DST-changes? 1) Methodology: We focus onpull requests (in short, PRs) in Git repositories on GitHub in order to analyzeDST-changes conducted in OSS projects. The PRs that we focused … 

         Title CLIONE: Clone Modification Support for Pull Request Based Development
           URL http://scholar.google.com/https://ieeexplore.ieee.org/abstract/document/9359312/
          Year 2020
     Citations 0
      Versions 2
 Versions list http://scholar.google.com/scholar?cluster=9330632468254715718&hl=en&as_sdt=0,5
       Excerpt … Wang, V. Filkov, P. Devanbu, and B. Vasilescu, “Wait for It: Determinants of Pull RequestEvaluation Latency on GitHub,” in 2015 … Luz, D. Marcılio, R. Bonifácio, G. Pinto, and E. Dias Canedo,“C-3PR: A Bot for Fixing Static Analysis Violations via Pull Requests,” in 2020 … 

         Title On an Automatic Function Point Measurement from Source Codes
           URL http://scholar.google.com/https://www.researchgate.net/profile/Hajimu_Iida/publication/239929678_A_Framework_for_Visualizing_Software_Development_Project_by_Layered_Mapping_based_on_the_Deliverables/links/00b4953ab6ef1e6c93000000/A-Framework-for-Visualizing-Software-Development-Project-by-Layered-Mapping-based-on-the-Deliverables.pdf#page=33
          Year 2008
     Citations 3
      Versions 5
    Cluster ID 14739574190885280975
Citations list http://scholar.google.com/scholar?cites=14739574190885280975&as_sdt=2005&sciodt=0,5&hl=en
 Versions list http://scholar.google.com/scholar?cluster=14739574190885280975&hl=en&as_sdt=0,5
       Excerpt … osaka-u. ac. jp Abstract This paper describes issues of introducing function point analysisto software organizations and then proposes a method to automatically extract data andtransaction functions from Web application using static analysis … 

         Title Evaluating automated program repair using characteristics of defects
           URL http://scholar.google.com/https://ieeexplore.ieee.org/abstract/document/7925424/
          Year 2017
     Citations 4
      Versions 2
    Cluster ID 9210369644815139634
Citations list http://scholar.google.com/scholar?cites=9210369644815139634&as_sdt=2005&sciodt=0,5&hl=en
 Versions list http://scholar.google.com/scholar?cluster=9210369644815139634&hl=en&as_sdt=0,5
       Excerpt … 1https://ja.atlassian.com/software/jira 2https://help.github.com/articles/about-issuesinvestigating their defect reports in JIRA and Github … In STEP-1, we match defects in theDefects4J dataset with their corresponding JIRA/Github defect report … 

         Title A study on inappropriately partitioned commits: How much and what kinds of ip commits in java projects?
           URL http://scholar.google.com/https://dl.acm.org/doi/abs/10.1145/3196398.3196406
          Year 2018
     Citations 4
      Versions 4
    Cluster ID 1519395494104256996
Citations list http://scholar.google.com/scholar?cites=1519395494104256996&as_sdt=2005&sciodt=0,5&hl=en
 Versions list http://scholar.google.com/scholar?cluster=1519395494104256996&hl=en&as_sdt=0,5
       Excerpt … Such information is very useful to know the intent of the developer–why he/she made the changes.However, if the 1https://github.com/apache/commons-collections 336 2018 ACM/IEEE 15thInternational Conference on Mining Software Repositories Page 2 … 

         Title Function point measurement from Web application source code based on screen transitions and database accesses
           URL http://scholar.google.com/https://www.sciencedirect.com/science/article/pii/S0164121211000215
          Year 2011
     Citations 19
      Versions 4
    Cluster ID 144775367307014422
Citations list http://scholar.google.com/scholar?cites=144775367307014422&as_sdt=2005&sciodt=0,5&hl=en
 Versions list http://scholar.google.com/scholar?cluster=144775367307014422&hl=en&as_sdt=0,5
       Excerpt … experience of the organization. In the present study, we propose a method by whichto automatically extract data and transaction functions from Web applications underseveral conditions using static analysis. The proposed method … 

         Title Problematic code clones identification using multiple detection results
           URL http://scholar.google.com/https://ieeexplore.ieee.org/abstract/document/5358749/
          Year 2009
     Citations 12
      Versions 5
    Cluster ID 6534885871331343509
Citations list http://scholar.google.com/scholar?cites=6534885871331343509&as_sdt=2005&sciodt=0,5&hl=en
 Versions list http://scholar.google.com/scholar?cluster=6534885871331343509&hl=en&as_sdt=0,5
       Excerpt Page 1. Problematic Code Clones Identification using Multiple Detection ResultsYoshiki Higo, Ken-ichi Sawa, and Shinji Kusumoto Graduate School of InformationScience and Technology, Osaka University, 1-5, Yamadaoka … 

         Title Codeease: harnessing method clone structures for reuse
           URL http://scholar.google.com/https://ieeexplore.ieee.org/abstract/document/7880505/
          Year 2017
     Citations 4
      Versions 2
    Cluster ID 11415335712877513574
Citations list http://scholar.google.com/scholar?cites=11415335712877513574&as_sdt=2005&sciodt=0,5&hl=en
 Versions list http://scholar.google.com/scholar?cluster=11415335712877513574&hl=en&as_sdt=0,5
       Excerpt … A token size threshold determines the size of method clones to be detected. In the 1https://github.com/QuickBlox/q-municate-android 2 https://github.com/chrisballinger/BLEMeshChat …First, we built a code repository from Java chat application systems downloaded from GitHub … 

         Title GenProg Meets Cluster Computing
           URL http://scholar.google.com/https://ieeexplore.ieee.org/abstract/document/8945093/
          Year 2019
     Citations 0
      Versions 2
 Versions list http://scholar.google.com/scholar?cluster=8643384987345929380&hl=en&as_sdt=0,5
       Excerpt … shortening execution time. Thus, we develop a framework2 to execute compilationand test execution with 1https://github.com/kusumotolab/kGenProg 2https://github.com/kusumotolab/clustered-kGenProg a cluster computing. In our … 

         Title How Weak Reference is Used in Java Projects?
           URL http://scholar.google.com/https://ieeexplore.ieee.org/abstract/document/9359258/
          Year 2020
     Citations 0
      Versions 2
 Versions list http://scholar.google.com/scholar?cluster=2942725451194696337&hl=en&as_sdt=0,5
       Excerpt … Index Terms—Weak reference, Garbage collection, Java, GitHub … This has the advantagethat developers do not have to worry about deleting unnecessary key-value pairs. B. TargetProjects The experimental targets are Java projects on GitHub … 

         Title Refinement of Transactional Functions Extraction Based on Screen Transitions and Database Accessses
           URL http://scholar.google.com/https://www.ieice.org/ken/paper/200807315aFc/eng/
          Year 2008
     Citations 0
      Versions 0
       Excerpt … Title (in English), Refinement of Transactional Functions Extraction Based on Screen Transitionsand Database Accessses. Sub Title (in English), Keyword(1), Estimation. Keyword(2), StaticAnalysis. Keyword(3), Function-Point. Keyword(4), Web Application. Keyword(5), SQL … 

         Title On tracking Java methods with Git mechanisms
           URL http://scholar.google.com/https://www.sciencedirect.com/science/article/pii/S0164121220300522
          Year 2020
     Citations 3
      Versions 4
    Cluster ID 10430068990672518478
Citations list http://scholar.google.com/scholar?cites=10430068990672518478&as_sdt=2005&sciodt=0,5&hl=en
 Versions list http://scholar.google.com/scholar?cluster=10430068990672518478&hl=en&as_sdt=0,5
       Excerpt … We provide a software tool based on FinerGit. The tool is open to the public on GitHub … Fig. 5.Tracking files w/ and w/o Heuristic-2. 4. Implementation. We have implemented a tool based onFinerGit. Our tool is open to the public in GitHub, and anyone can use it freely … 

         Title Towards purity-guided refactoring in Java
           URL http://scholar.google.com/https://ieeexplore.ieee.org/abstract/document/7332506/
          Year 2015
     Citations 7
      Versions 6
    Cluster ID 13552243539402132979
Citations list http://scholar.google.com/scholar?cites=13552243539402132979&as_sdt=2005&sciodt=0,5&hl=en
 Versions list http://scholar.google.com/scholar?cluster=13552243539402132979&hl=en&as_sdt=0,5
       Excerpt … Index Terms—refactoring, static analysis, pure function, side effect analysis … However, it is hardto reason about the semantic behavior of a code fragment automatically by refactoring tools, dueto the lack of semantic information from the traditional static analysis … 

         Title Identifying Cross-Function Side Effects using Static Analysis (ソフトウェアサイエンス)
           URL http://scholar.google.com/https://ci.nii.ac.jp/naid/110009903253/
          Year 2014
     Citations 0
      Versions 0
       Excerpt 抄録 Side effects are modifications done to the state of the objects in Object-Oriented Programming languages such as Java. Side effects can happen across the boundary of the functions, therefore they are important properties that often be neglected by the …

         Title Toward refactoring evaluation with code naturalness
           URL http://scholar.google.com/https://dl.acm.org/doi/abs/10.1145/3196321.3196362
          Year 2018
     Citations 4
      Versions 4
    Cluster ID 10104408008957361517
Citations list http://scholar.google.com/scholar?cites=10104408008957361517&as_sdt=2005&sciodt=0,5&hl=en
 Versions list http://scholar.google.com/scholar?cluster=10104408008957361517&hl=en&as_sdt=0,5
       Excerpt … Testing code and auto-generated code in the Java projects were manually eliminated. Weselected JUnit42 as our target. JUnit4 is managed with GitHub … The proposed consider onlysource 1http://www.apache.org/ 2https://github.com/junit-team/junit4 … 

