[query] http://scholar.google.com/scholar?as_q=&as_epq=%22findbugs%22%20OR%20%22spotbugs%22%20OR%20%22code%20review%22%20OR%20%22static%20analysis%22%20OR%20%22regex%22%20OR%20%22regular%20expression%22%20OR%20%22github%22%20OR%20%22pull%20requests%22&as_oq=&as_eq=&as_occt=any&as_sauthors=Yuan%20Tian&as_publication=&as_ylo=&as_yhi=&as_vis=0&btnG=&hl=en&num=80&as_sdt=0%2C5
         Title Anomaly detection over differential preserved privacy in online social networks
           URL http://scholar.google.com/https://journals.plos.org/plosone/article?id=10.1371/journal.pone.0215856
          Year 2019
     Citations 4
      Versions 13
    Cluster ID 13024792413676643234
Citations list http://scholar.google.com/scholar?cites=13024792413676643234&as_sdt=2005&sciodt=0,5&hl=en
 Versions list http://scholar.google.com/scholar?cluster=13024792413676643234&hl=en&as_sdt=0,5
       Excerpt … and source are credited. Data Availability: The data underlying this study have beenuploaded to GitHub and are accessible using the following link: https://github.com/Randoot/Local-Differential-Privacy. Funding: This work was … 

         Title Research on software security testing
           URL http://scholar.google.com/https://citeseerx.ist.psu.edu/viewdoc/download?doi=10.1.1.190.4771&rep=rep1&type=pdf
          Year 2010
     Citations 61
      Versions 4
    Cluster ID 15429602610557528547
Citations list http://scholar.google.com/scholar?cites=15429602610557528547&as_sdt=2005&sciodt=0,5&hl=en
 Versions list http://scholar.google.com/scholar?cluster=15429602610557528547&hl=en&as_sdt=0,5
       Excerpt … The main technologies of static analysis are deducing, data flow analysis and constraint analysis[8]. Ben Breech and Lori Pollock suggested a dynamic compiler based security testing framework[9], which could insert attack code into the running program and test … FindBugs … 

         Title Off-policy reinforcement learning for efficient and effective gan architecture search
           URL http://scholar.google.com/https://link.springer.com/chapter/10.1007/978-3-030-58571-6_11
          Year 2020
     Citations 9
      Versions 9
    Cluster ID 1035067928547475214
Citations list http://scholar.google.com/scholar?cites=1035067928547475214&as_sdt=2005&sciodt=0,5&hl=en
 Versions list http://scholar.google.com/scholar?cluster=1035067928547475214&hl=en&as_sdt=0,5
       Excerpt … Our code is available at https://github.com/Yuantian013/E2GAN. Keywords. Neuralarchitecture search Generative adversarial networks Reinforcement learning Markovdecision process Off-policy. Electronic supplementary material … 

         Title H∞ model-free reinforcement learning with robust stability guarantee
           URL http://scholar.google.com/https://deepai.org/publication/h-model-free-reinforcement-learning-with-robust-stability-guarantee
          Year 2019
     Citations 7
      Versions 0
    Cluster ID 13451665168709582058
Citations list http://scholar.google.com/scholar?cites=13451665168709582058&as_sdt=2005&sciodt=0,5&hl=en
       Excerpt … Anonymous code is available to reproduce the experimental results at https://github.com/RobustStabilityGuaranteeRL/RobustStabilityGuaranteeRL. READ FULL TEXT VIEW PDF. POSTCOMMENT. Comments. There are no comments yet. POST REPLY. × Authors. Minghao Han … 

         Title Observatory of trends in software related microblogs
           URL http://scholar.google.com/https://dl.acm.org/doi/abs/10.1145/2351676.2351740
          Year 2012
     Citations 37
      Versions 17
    Cluster ID 9860402603806013313
Citations list http://scholar.google.com/scholar?cites=9860402603806013313&as_sdt=2005&sciodt=0,5&hl=en
 Versions list http://scholar.google.com/scholar?cluster=9860402603806013313&hl=en&as_sdt=0,5
       Excerpt … 336 Page 4. Figure 5: Longitudinal trend about “GitHub secu- rity” Figure … observed.For instance, Figure 5 shows a longi- tudinal trend “GitHub security” related to thesecurity issue of GitHub, a popular online project hosting site … 

         Title PatchNet: a tool for deep patch classification
           URL http://scholar.google.com/https://ieeexplore.ieee.org/abstract/document/8802642/
          Year 2019
     Citations 3
      Versions 13
    Cluster ID 13757308164830173511
Citations list http://scholar.google.com/scholar?cites=13757308164830173511&as_sdt=2005&sciodt=0,5&hl=en
 Versions list http://scholar.google.com/scholar?cluster=13757308164830173511&hl=en&as_sdt=0,5
       Excerpt … A video demonstrating PatchNet is available at https://goo.gl/CZjG6X. The PatchNetimplementation is available at https://github.com/hvdthong/PatchNetTool … More details aboutPatchNet's installation instructions can be found at https://github.com/hvdthong/PatchNetTool … 

         Title Model Free Reinforcement Learning with Stability Guarantee
           URL http://scholar.google.com/https://repository.tudelft.nl/islandora/object/uuid:dde4e58f-e109-4e7f-8ecb-ed1734294e5c
          Year 2019
     Citations 1
      Versions 0
    Cluster ID 8486638375109155410
Citations list http://scholar.google.com/scholar?cites=8486638375109155410&as_sdt=2005&sciodt=0,5&hl=en
       Excerpt … It is also shown that the algorithm has the ability of recovery to equilibrium under perturbationusing the policy with stability guarantee. (Anonymous code is available to reproduce theexperimental esults\footnote{\url{https://github.com/RLControlTheoreticGuarantee … 

         Title Large-scale reconstruction of the chromatin structures of maize temperate and tropical inbred lines
           URL http://scholar.google.com/https://academic.oup.com/jxb/advance-article-abstract/doi/10.1093/jxb/erab087/6156966
          Year 2021
     Citations 0
      Versions 3
 Versions list http://scholar.google.com/scholar?cluster=1520407266858785290&hl=en&as_sdt=0,5
       Excerpt … Read mapping and filtering The low-quality reads were removed with fqtools_plus(https://github … Specifically, we used the matrix2 compartment module of the cworldonline resource (https:// github.com/dekkerlab/cworld-dekker) … 

         Title Forecasting COVID-19 cases using Machine Learning models
           URL http://scholar.google.com/https://www.medrxiv.org/content/10.1101/2020.07.02.20145474v1.abstract
          Year 2020
     Citations 9
      Versions 5
    Cluster ID 5920525563497260054
Citations list http://scholar.google.com/scholar?cites=5920525563497260054&as_sdt=2005&sciodt=0,5&hl=en
 Versions list http://scholar.google.com/scholar?cluster=5920525563497260054&hl=en&as_sdt=0,5
       Excerpt … into account. 3 Motivation and Justification 3.1 Prediction of COVID-19 progressionWe gathered the COVID-19 cases dataset from the Official Johns Hopkins UniversityCOVID github repository [Dong et al., 2020]. The record … 

         Title ebGSEA: an improved gene set enrichment analysis method for epigenome-wide-association studies
           URL http://scholar.google.com/https://academic.oup.com/bioinformatics/article-abstract/35/18/3514/5305022
          Year 2019
     Citations 5
      Versions 10
    Cluster ID 14023104412228180827
Citations list http://scholar.google.com/scholar?cites=14023104412228180827&as_sdt=2005&sciodt=0,5&hl=en
 Versions list http://scholar.google.com/scholar?cluster=14023104412228180827&hl=en&as_sdt=0,5
       Excerpt … data. Availability and implementation. ebGSEA is available from https://github.com/aet21/ebGSEA, and has been incorporated into the ChAMP Bioconductor package(https://www.bioconductor.org). Supplementary information … 

         Title NCResNet: noncoding ribonucleic acid prediction based on a deep resident network of ribonucleic acid sequences
           URL http://scholar.google.com/https://www.frontiersin.org/articles/10.3389/fgene.2020.00090/full?report=reader
          Year 2020
     Citations 2
      Versions 8
    Cluster ID 12278977509428945973
Citations list http://scholar.google.com/scholar?cites=12278977509428945973&as_sdt=2005&sciodt=0,5&hl=en
 Versions list http://scholar.google.com/scholar?cluster=12278977509428945973&hl=en&as_sdt=0,5
       Excerpt … Meanwhile, for long-ORF RNA sequence datasets, NCResNet also has better accuracyand MCC than other state-of-the-art methods on most test datasets. Codes and data areavailable at https://github.com/abcair/NCResNet. Introduction … 

         Title Efficient implementation of convolutional neural networks in the data processing of two-photon in vivo imaging
           URL http://scholar.google.com/https://academic.oup.com/bioinformatics/article-abstract/35/17/3208/5299447
          Year 2019
     Citations 1
      Versions 8
    Cluster ID 15827997956203301260
Citations list http://scholar.google.com/scholar?cites=15827997956203301260&as_sdt=2005&sciodt=0,5&hl=en
 Versions list http://scholar.google.com/scholar?cluster=15827997956203301260&hl=en&as_sdt=0,5
       Excerpt … Availability and implementation. ImageCN is implemented in MATLAB. The source code anddocumentation are available at https://github.com/ZhangChenLab/ImageCN. Supplementaryinformation. Supplementary data are available at Bioinformatics online. 1 Introduction … 

         Title OAuthLint: an empirical study on OAuth bugs in Android applications
           URL http://scholar.google.com/https://ieeexplore.ieee.org/abstract/document/8952200/
          Year 2019
     Citations 2
      Versions 5
    Cluster ID 16208906185060346200
Citations list http://scholar.google.com/scholar?cites=16208906185060346200&as_sdt=2005&sciodt=0,5&hl=en
 Versions list http://scholar.google.com/scholar?cluster=16208906185060346200&hl=en&as_sdt=0,5
       Excerpt … In particular, we develop OAUTHLINT, that incorporates a query-driven static analysisto automatically check programs on the Google Play marketplace … Index Terms—Security,OAuth, Android, Static Analysis, Bug Finding I. INTRODUCTION … 

         Title Intent Classification and Slot Filling for Privacy Policies
           URL http://scholar.google.com/https://arxiv.org/abs/2101.00123
          Year 2021
     Citations 0
      Versions 0
       Excerpt … 2.2). 1https://github.com/wasiahmad/PolicyIE 2.1 Privacy Policies Selection … Data2https://github.com/danieliu/play-scraper 3We ensure the mobile applications spandifferent appli- cation categories on the Play Store. Page 3 … 

         Title Unlocin: Unauthorized location inference on smartphones without being caught
           URL http://scholar.google.com/https://ieeexplore.ieee.org/abstract/document/6927176/
          Year 2013
     Citations 15
      Versions 10
    Cluster ID 17730306797261536261
Citations list http://scholar.google.com/scholar?cites=17730306797261536261&as_sdt=2005&sciodt=0,5&hl=en
 Versions list http://scholar.google.com/scholar?cluster=17730306797261536261&hl=en&as_sdt=0,5
       Excerpt … technique. In the current research, there has been a limited number of works addressingthe im- plicit information leak, though static analysis can theoretically be used. Gilbertet al … B. Permission Analysis Assisted by Static Analysis The … 

         Title iOS, Your {OS}, Everybody's {OS}: Vetting and Analyzing Network Services of iOS Applications
           URL http://scholar.google.com/https://www.usenix.org/conference/usenixsecurity20/presentation/tang
          Year 2020
     Citations 1
      Versions 7
    Cluster ID 14702213848383179921
Citations list http://scholar.google.com/scholar?cites=14702213848383179921&as_sdt=2005&sciodt=0,5&hl=en
 Versions list http://scholar.google.com/scholar?cluster=14702213848383179921&hl=en&as_sdt=0,5
       Excerpt … Some works have also proposed vetting methodologies to handle dynamic code loading [69],complex implicit control/data flows [31], or advanced code obfusca- tion [46, 79], techniquescreated to overcome the inherent lim- itations of Android app static analysis … Static analysis … 

         Title Adversarial training towards robust multimedia recommender system
           URL http://scholar.google.com/https://ieeexplore.ieee.org/abstract/document/8618394/
          Year 2019
     Citations 42
      Versions 8
    Cluster ID 9908345026635623913
Citations list http://scholar.google.com/scholar?cites=9908345026635623913&as_sdt=2005&sciodt=0,5&hl=en
 Versions list http://scholar.google.com/scholar?cluster=9908345026635623913&hl=en&as_sdt=0,5
       Excerpt … product recommendation. Extensive results verify the positive effect of adversariallearning and demonstrate the effectiveness of our AMR method. Source codes areavailable in https://github.com/duxy-me/AMR. Index Terms … 

         Title Deep convolutional neural network-aided detection of portal hypertension in patients with cirrhosis
           URL http://scholar.google.com/https://www.sciencedirect.com/science/article/pii/S1542356520303463
          Year 2020
     Citations 4
      Versions 6
    Cluster ID 2284778435505608515
Citations list http://scholar.google.com/scholar?cites=2284778435505608515&as_sdt=2005&sciodt=0,5&hl=en
 Versions list http://scholar.google.com/scholar?cluster=2284778435505608515&hl=en&as_sdt=0,5
       Excerpt JavaScript is disabled on your browser. Please enable JavaScript to use allthe features on this page. Skip to main content Skip to article … 

         Title LeveragingWeb 2.0 for software evolution
           URL http://scholar.google.com/https://link.springer.com/chapter/10.1007/978-3-642-45398-4_6
          Year 2014
     Citations 3
      Versions 4
    Cluster ID 11875844551859973276
Citations list http://scholar.google.com/scholar?cites=11875844551859973276&as_sdt=2005&sciodt=0,5&hl=en
 Versions list http://scholar.google.com/scholar?cluster=11875844551859973276&hl=en&as_sdt=0,5
       Excerpt … A software forge, eg, Google Code, SourceForge, GitHub, etc., hosts hundreds or even hundredsof thousands of projects … They also found that questions that ask for code review, the questionsmade by novices, and abstract questions are answered more frequently than other … 

         Title Quantitative identification of nonmuscle‐invasive and muscle‐invasive bladder carcinomas: a multiparametric MRI radiomics analysis
           URL http://scholar.google.com/https://onlinelibrary.wiley.com/doi/abs/10.1002/jmri.26327
          Year 2019
     Citations 34
      Versions 7
    Cluster ID 18003373520745620229
Citations list http://scholar.google.com/scholar?cites=18003373520745620229&as_sdt=2005&sciodt=0,5&hl=en
 Versions list http://scholar.google.com/scholar?cluster=18003373520745620229&hl=en&as_sdt=0,5
       Excerpt … The code for feature extraction were developed and implemented with MatLabR2015b, and has been uploaded on GitHub for all readers to evaluate and furtherapply (https://github.com/XiaopanXu/KnowledgeIsFuture.git).

