[query] http://scholar.google.com/scholar?as_q=&as_epq=%22findbugs%22%20OR%20%22spotbugs%22%20OR%20%22code%20review%22%20OR%20%22static%20analysis%22%20OR%20%22regex%22%20OR%20%22regular%20expression%22%20OR%20%22github%22%20OR%20%22pull%20requests%22&as_oq=&as_eq=&as_occt=any&as_sauthors=Zhenchang%20Xing&as_publication=&as_ylo=&as_yhi=&as_vis=0&btnG=&hl=en&num=80&as_sdt=0%2C5
         Title Unblind your apps: Predicting natural-language labels for mobile GUI components by deep learning
           URL http://scholar.google.com/https://ieeexplore.ieee.org/abstract/document/9284063/
          Year 2020
     Citations 16
      Versions 7
    Cluster ID 16433748058059408722
Citations list http://scholar.google.com/scholar?cites=16433748058059408722&as_sdt=2005&sciodt=0,5&hl=en
 Versions list http://scholar.google.com/scholar?cluster=16433748058059408722&hl=en&as_sdt=0,5
       Excerpt … All detailed p-values are listed in https://github.com/chenjshnn/LabelDroid … Apart from thestatic-analysis tools, there are also testing frameworks such as Espresso [10] and Robolectric[18] which can also check accessi- bility issues dynamically during the testing execution … 

         Title A neural model for method name generation from functional description
           URL http://scholar.google.com/https://ieeexplore.ieee.org/abstract/document/8667994/
          Year 2019
     Citations 15
      Versions 3
    Cluster ID 10516885271814260212
Citations list http://scholar.google.com/scholar?cites=10516885271814260212&as_sdt=2005&sciodt=0,5&hl=en
 Versions list http://scholar.google.com/scholar?cluster=10516885271814260212&hl=en&as_sdt=0,5
       Excerpt … We also address the cold-start problem using a training trick to utilize big data in Github forspecific projects … We collect three datasets from Github code repository, Java official APIdocumentation and Android API Reference documentation, respectively … 

         Title Mining likely analogical apis across third-party libraries via large-scale unsupervised api semantics embedding
           URL http://scholar.google.com/https://ieeexplore.ieee.org/abstract/document/8630054/
          Year 2019
     Citations 28
      Versions 3
    Cluster ID 16204782320500990917
Citations list http://scholar.google.com/scholar?cites=16204782320500990917&as_sdt=2005&sciodt=0,5&hl=en
 Versions list http://scholar.google.com/scholar?cluster=16204782320500990917&hl=en&as_sdt=0,5
       Excerpt … example). The objective function TABLE 1 Examples of Lexically Different ButSemantically Similar Method Declaration Comments from GitHub Code Query …prepared. We crawl a large corpus of source code from GitHub. Intra … 

         Title Combining Dynamic and Static Analysis for Automated Grading SQL Statements
           URL http://bit.kuas.edu.tw/~jni/2020/vol5/02_jni-0130.pdf
     Citations 0
      Versions 0
      PDF link http://bit.kuas.edu.tw/~jni/2020/vol5/02_jni-0130.pdf
       Excerpt Learning and teaching Structured Query Language (SQL) is a challenge that is widely recognized within the computer science education community. Programming activities are considered to be the most important aspect of the learning process. Manually grading of …

         Title Unsupervised software-specific morphological forms inference from informal discussions
           URL http://scholar.google.com/https://ieeexplore.ieee.org/abstract/document/7985684/
          Year 2017
     Citations 44
      Versions 5
    Cluster ID 12320784075767215377
Citations list http://scholar.google.com/scholar?cites=12320784075767215377&as_sdt=2005&sciodt=0,5&hl=en
 Versions list http://scholar.google.com/scholar?cluster=12320784075767215377&hl=en&as_sdt=0,5
       Excerpt … However, when mentioning regular expression and JavaScript, the three different usersuse many morphological forms (eg, regex, RegExp, regexes), and even the same useruses various forms in the same post (eg, JS, JavaScript) … 

         Title Neural-machine-translation-based commit message generation: how far are we?
           URL http://scholar.google.com/https://dl.acm.org/doi/abs/10.1145/3238147.3238190
          Year 2018
     Citations 65
      Versions 9
    Cluster ID 5842564871032716780
Citations list http://scholar.google.com/scholar?cites=5842564871032716780&as_sdt=2005&sciodt=0,5&hl=en
 Versions list http://scholar.google.com/scholar?cluster=5842564871032716780&hl=en&as_sdt=0,5
       Excerpt … However, after searching in GitHub, we find that this com- mit is pushed by a continuous integration(CI) bot named liferay- continuous … Since all such messages follow the same pattern, which is“ignore update filename”, it is easy to identify them through a regular expression … 

         Title Go-clone: graph-embedding based clone detector for Golang
           URL http://scholar.google.com/https://dl.acm.org/doi/abs/10.1145/3293882.3338996
          Year 2019
     Citations 2
      Versions 3
    Cluster ID 10107977324281547256
Citations list http://scholar.google.com/scholar?cites=10107977324281547256&as_sdt=2005&sciodt=0,5&hl=en
 Versions list http://scholar.google.com/scholar?cluster=10107977324281547256&hl=en&as_sdt=0,5
       Excerpt … inspection. To evaluate Go-Clone's performance, we collect 6,110 commit ver- sionsfrom 48 Github projects to construct a Golang clone detection data set … pairs. We collectprograms in different commit versions from Github's projects … 

         Title Escape from escape analysis of Golang
           URL http://scholar.google.com/https://dl.acm.org/doi/abs/10.1145/3377813.3381368
          Year 2020
     Citations 1
      Versions 4
    Cluster ID 5030881330129217535
Citations list http://scholar.google.com/scholar?cites=5030881330129217535&as_sdt=2005&sciodt=0,5&hl=en
 Versions list http://scholar.google.com/scholar?cluster=5030881330129217535&hl=en&as_sdt=0,5
       Excerpt … 1Tool Link: https://github.com/wangcong15/escape-from-escape-analysis-of-golang … ctx.ArдMain] =дetGcLoд(ctx.ArдMain) 4: for each pkд ∈ дetDeps(ctx.ArдMain,ctx.ArдPkд) do 5:ctx.PathToLoд[pkд] = дetGcLoд(pkд) 6: end for 7: rM ⇐ a regular expression for object moved … 

         Title From UI design image to GUI skeleton: a neural machine translator to bootstrap mobile GUI implementation
           URL http://scholar.google.com/https://dl.acm.org/doi/abs/10.1145/3180155.3180240
          Year 2018
     Citations 72
      Versions 5
    Cluster ID 17453108283404131249
Citations list http://scholar.google.com/scholar?cites=17453108283404131249&as_sdt=2005&sciodt=0,5&hl=en
 Versions list http://scholar.google.com/scholar?cluster=17453108283404131249&hl=en&as_sdt=0,5
       Excerpt … To overcome this issue, we integrate static analysis method (eg, [9]) to scan app code anddetect actions that are either registered with UI widgets (eg, setOnLongClickListener) orimplemented by overriding class methods (eg, onCreateOptionsMenu) … 

         Title Mining technology landscape from stack overflow
           URL http://scholar.google.com/https://dl.acm.org/doi/abs/10.1145/2961111.2962588
          Year 2016
     Citations 46
      Versions 3
    Cluster ID 5702500456827460154
Citations list http://scholar.google.com/scholar?cites=5702500456827460154&as_sdt=2005&sciodt=0,5&hl=en
 Versions list http://scholar.google.com/scholar?cluster=5702500456827460154&hl=en&as_sdt=0,5
       Excerpt … github git jpa asp.net-mvc-4 asp.net-mvc file forms objective-c div avnode.js express html5web-services iphone w wcf plsql email database-design apache .htaccess jsp jar hibernatewebview backbone.js java-ee 4 asp.net-mvc-3 xaml wpf regex flash actionscript-3 maven … 

         Title UIED: a hybrid tool for GUI element detection
           URL http://scholar.google.com/https://dl.acm.org/doi/abs/10.1145/3368089.3417940
          Year 2020
     Citations 1
      Versions 2
    Cluster ID 11763373083727945196
Citations list http://scholar.google.com/scholar?cites=11763373083727945196&as_sdt=2005&sciodt=0,5&hl=en
 Versions list http://scholar.google.com/scholar?cluster=11763373083727945196&hl=en&as_sdt=0,5
       Excerpt … Sketch and Pho- toshop. UIED is evaluated to be capable of accurate detectionand useful for downstream works. Tool URL: http://uied.online Github Link:https://github.com/MulongXie/UIED CCS CONCEPTS • Software and … 

         Title Enhancing developer interactions with programming screencasts through accurate code extraction
           URL http://scholar.google.com/https://dl.acm.org/doi/abs/10.1145/3368089.3417925
          Year 2020
     Citations 0
      Versions 2
 Versions list http://scholar.google.com/scholar?cluster=5288008853145958657&hl=en&as_sdt=0,5
       Excerpt … Demo video: https://youtu.be/Ju1JC78NEb8 Replication Package: https://github.com/baolingfeng/PSC2CODE … 3https://developers.google.com/youtube/v3/ 4The whole datasetcan be found: https://github.com/baolingfeng/psc2code 1583 Page 4 … 

         Title Enhancing developer interactions with programming screencasts through accurate code extraction.(2020)
           URL http://scholar.google.com/https://ink.library.smu.edu.sg/cgi/viewcontent.cgi?article=6635&context=sis_research
     Citations 0
      Versions 0
       Excerpt … Demo video: https://youtu.be/Ju1JC78NEb8 Replication Package: https://github.com/baolingfeng/PSC2CODE … 3https://developers.google.com/youtube/v3/ 4The whole datasetcan be found: https://github.com/baolingfeng/psc2code 1583 Page 6 … 

         Title Improving api caveats accessibility by mining api caveats knowledge graph
           URL http://scholar.google.com/https://ieeexplore.ieee.org/abstract/document/8530028/
          Year 2018
     Citations 36
      Versions 3
    Cluster ID 17565258559474318339
Citations list http://scholar.google.com/scholar?cites=17565258559474318339&as_sdt=2005&sciodt=0,5&hl=en
 Versions list http://scholar.google.com/scholar?cluster=17565258559474318339&hl=en&as_sdt=0,5
       Excerpt … Each subcategory has some distinctive syntactic patterns. A syntactic pattern is defined as aregular expression of some tokens. When a sentence matches a pattern, the sentence will becategorized as the corresponding subcategory … 3https://stanfordnlp.github.io/CoreNLP 186 … 

         Title Towards correlating search on google and asking on stack overflow
           URL http://scholar.google.com/https://ieeexplore.ieee.org/abstract/document/7551996/
          Year 2016
     Citations 25
      Versions 2
    Cluster ID 15967457996121624241
Citations list http://scholar.google.com/scholar?cites=15967457996121624241&as_sdt=2005&sciodt=0,5&hl=en
 Versions list http://scholar.google.com/scholar?cluster=15967457996121624241&hl=en&as_sdt=0,5
       Excerpt … Over the years, numbers of websites have been established to meet this need, such as Github(open source code), codeproject.com (technical … Technical terms with FLAT pattern are often relatedto com- mon programming concepts, such as regular expression regex in Fig … 

         Title Improving feature location practice with multi-faceted interactive exploration
           URL http://www.se.fudan.edu.cn/paper/225.pdf
          Year 2013
     Citations 51
      Versions 6
    Cluster ID 9706546985858232082
      PDF link http://www.se.fudan.edu.cn/paper/225.pdf
Citations list http://scholar.google.com/scholar?cites=9706546985858232082&as_sdt=2005&sciodt=0,5&hl=en
 Versions list http://scholar.google.com/scholar?cluster=9706546985858232082&hl=en&as_sdt=0,5
       Excerpt … These tech- niques use information retrieval (IR) [3], static analysis [4], [5], dynamic analysis[6], [7], or a hybrid of several analysis … by the developer, an initial set of candidate program ele-ments can be obtained by using techniques such as regular expression matching and IR … 

         Title Sethesaurus: Wordnet in software engineering
           URL http://scholar.google.com/https://ieeexplore.ieee.org/abstract/document/8827962/
          Year 2019
     Citations 9
      Versions 3
    Cluster ID 17951526562780165815
Citations list http://scholar.google.com/scholar?cites=17951526562780165815&as_sdt=2005&sciodt=0,5&hl=en
 Versions list http://scholar.google.com/scholar?cluster=17951526562780165815&hl=en&as_sdt=0,5
       Excerpt … JavaScript, these three different users use many mor- phological forms (eg, regex, RegExp,regexes … 1: The morphological forms of terms “regular expression” (blue) and “javascript” (red)in three posts … cal relations 2. https://se-dictionary.appspot.com/ 3. https://github.com/ccywch … 

         Title A large scale linux-kernel based benchmark for feature location research
           URL http://scholar.google.com/https://ieeexplore.ieee.org/abstract/document/6606705/
          Year 2013
     Citations 12
      Versions 7
    Cluster ID 12426954340592065859
Citations list http://scholar.google.com/scholar?cites=12426954340592065859&as_sdt=2005&sciodt=0,5&hl=en
 Versions list http://scholar.google.com/scholar?cluster=12426954340592065859&hl=en&as_sdt=0,5
       Excerpt … This activity is termed as feature or concept location [2][3]. To facilitate feature location, researchershave investigated using Information Retrieval (IR), static analysis, dynamic analysis, and thehybrid of several techniques to automatically link code units (functions, files, etc.) with … 

         Title Seenomaly: vision-based linting of GUI animation effects against design-don't guidelines
           URL http://scholar.google.com/https://ieeexplore.ieee.org/abstract/document/9284093/
          Year 2020
     Citations 9
      Versions 4
    Cluster ID 11271738455164245647
Citations list http://scholar.google.com/scholar?cites=11271738455164245647&as_sdt=2005&sciodt=0,5&hl=en
 Versions list http://scholar.google.com/scholar?cluster=11271738455164245647&hl=en&as_sdt=0,5
       Excerpt … All GUI animation examples in this paper are available at https://github.com/DehaiZhao/Seenomaly …Almost all major programming languages and platforms have corresponding lint tools, to namea few, the origin Unix lint for C, the famous FindBugs and CheckStyle for Java, and … 

         Title Main Research
           URL http://scholar.google.com/https://ieeexplore.ieee.org/abstract/document/7884599/
     Citations 0
      Versions 0
       Excerpt … 2 Detecting Similar Repositories on GitHub Yun Zhang, David Lo, Pavneet Singh Kochhar,Xin Xia, Quanlai Li, and Jianling Sun — Zhejiang University, China; Singapore ManagementUniversity, Singapore; University of California at Berkeley, USA … 

