[INFO] Scanning for projects...
[INFO] Downloading from adobe-public-releases: https://repo.adobe.com/nexus/content/groups/public/com/github/spotbugs/spotbugs-maven-plugin/4.1.4-ZY/spotbugs-maven-plugin-4.1.4-ZY.pom
[WARNING] The POM for com.github.spotbugs:spotbugs-maven-plugin:jar:4.1.4-ZY is missing, no dependency information available
[INFO] Downloading from adobe-public-releases: https://repo.adobe.com/nexus/content/groups/public/com/github/spotbugs/spotbugs-maven-plugin/4.1.4-ZY/spotbugs-maven-plugin-4.1.4-ZY.jar
[WARNING] Failed to retrieve plugin descriptor for com.github.spotbugs:spotbugs-maven-plugin:4.1.4-ZY: Plugin com.github.spotbugs:spotbugs-maven-plugin:4.1.4-ZY or one of its dependencies could not be resolved: Could not find artifact com.github.spotbugs:spotbugs-maven-plugin:jar:4.1.4-ZY in adobe-public-releases (https://repo.adobe.com/nexus/content/groups/public/)
[INFO] 
[INFO] ---------------------< adobe:component-generator >----------------------
[INFO] Building component-generator 1.0
[INFO] --------------------------------[ jar ]---------------------------------
[WARNING] The POM for com.github.spotbugs:spotbugs-maven-plugin:jar:4.1.4-ZY is missing, no dependency information available
[WARNING] Failed to retrieve plugin descriptor for com.github.spotbugs:spotbugs-maven-plugin:4.1.4-ZY: Plugin com.github.spotbugs:spotbugs-maven-plugin:4.1.4-ZY or one of its dependencies could not be resolved: Failure to find com.github.spotbugs:spotbugs-maven-plugin:jar:4.1.4-ZY in https://repo.adobe.com/nexus/content/groups/public/ was cached in the local repository, resolution will not be reattempted until the update interval of adobe-public-releases has elapsed or updates are forced
[INFO] Downloading from adobe-public-releases: https://repo.adobe.com/nexus/content/groups/public/org/junit/jupiter/junit-jupiter-api/5.3.2/junit-jupiter-api-5.3.2.pom
[INFO] Downloading from central: https://repo.maven.apache.org/maven2/org/junit/jupiter/junit-jupiter-api/5.3.2/junit-jupiter-api-5.3.2.pom
[INFO] Downloaded from central: https://repo.maven.apache.org/maven2/org/junit/jupiter/junit-jupiter-api/5.3.2/junit-jupiter-api-5.3.2.pom (0 B at 0 B/s)
[INFO] Downloading from adobe-public-releases: https://repo.adobe.com/nexus/content/groups/public/org/junit/platform/junit-platform-commons/1.3.2/junit-platform-commons-1.3.2.pom
[INFO] Downloading from central: https://repo.maven.apache.org/maven2/org/junit/platform/junit-platform-commons/1.3.2/junit-platform-commons-1.3.2.pom
[INFO] Downloaded from central: https://repo.maven.apache.org/maven2/org/junit/platform/junit-platform-commons/1.3.2/junit-platform-commons-1.3.2.pom (2.0 kB at 5.3 kB/s)
[INFO] Downloading from adobe-public-releases: https://repo.adobe.com/nexus/content/groups/public/net/sf/saxon/Saxon-HE/9.7.0-15/Saxon-HE-9.7.0-15.pom
[INFO] Downloading from central: https://repo.maven.apache.org/maven2/net/sf/saxon/Saxon-HE/9.7.0-15/Saxon-HE-9.7.0-15.pom
[INFO] Downloaded from central: https://repo.maven.apache.org/maven2/net/sf/saxon/Saxon-HE/9.7.0-15/Saxon-HE-9.7.0-15.pom (3.4 kB at 9.0 kB/s)
[INFO] Downloading from adobe-public-releases: https://repo.adobe.com/nexus/content/groups/public/org/apache/logging/log4j/log4j-core/2.13.2/log4j-core-2.13.2.pom
[INFO] Downloading from central: https://repo.maven.apache.org/maven2/org/apache/logging/log4j/log4j-core/2.13.2/log4j-core-2.13.2.pom
[INFO] Downloaded from central: https://repo.maven.apache.org/maven2/org/apache/logging/log4j/log4j-core/2.13.2/log4j-core-2.13.2.pom (23 kB at 40 kB/s)
[INFO] Downloading from adobe-public-releases: https://repo.adobe.com/nexus/content/groups/public/org/apache/sling/org.apache.sling.api/2.16.4/org.apache.sling.api-2.16.4.pom
[INFO] Downloading from central: https://repo.maven.apache.org/maven2/org/apache/sling/org.apache.sling.api/2.16.4/org.apache.sling.api-2.16.4.pom
[INFO] Downloaded from central: https://repo.maven.apache.org/maven2/org/apache/sling/org.apache.sling.api/2.16.4/org.apache.sling.api-2.16.4.pom (5.9 kB at 15 kB/s)
[INFO] Downloading from adobe-public-releases: https://repo.adobe.com/nexus/content/groups/public/org/apache/sling/sling/32/sling-32.pom
[INFO] Downloading from central: https://repo.maven.apache.org/maven2/org/apache/sling/sling/32/sling-32.pom
[INFO] Downloaded from central: https://repo.maven.apache.org/maven2/org/apache/sling/sling/32/sling-32.pom (56 kB at 83 kB/s)
[INFO] Downloading from adobe-public-releases: https://repo.adobe.com/nexus/content/groups/public/org/apache/sling/org.apache.sling.models.api/1.3.6/org.apache.sling.models.api-1.3.6.pom
[INFO] Downloading from central: https://repo.maven.apache.org/maven2/org/apache/sling/org.apache.sling.models.api/1.3.6/org.apache.sling.models.api-1.3.6.pom
[INFO] Downloaded from central: https://repo.maven.apache.org/maven2/org/apache/sling/org.apache.sling.models.api/1.3.6/org.apache.sling.models.api-1.3.6.pom (3.9 kB at 10 kB/s)
[INFO] Downloading from adobe-public-releases: https://repo.adobe.com/nexus/content/groups/public/org/apache/sling/sling/26/sling-26.pom
[INFO] Downloading from central: https://repo.maven.apache.org/maven2/org/apache/sling/sling/26/sling-26.pom
[INFO] Downloaded from central: https://repo.maven.apache.org/maven2/org/apache/sling/sling/26/sling-26.pom (56 kB at 88 kB/s)
[INFO] Downloading from central: https://repo.maven.apache.org/maven2/com/adobe/acs/acs-aem-commons-bundle/maven-metadata.xml
[INFO] Downloading from adobe-public-releases: https://repo.adobe.com/nexus/content/groups/public/com/adobe/acs/acs-aem-commons-bundle/maven-metadata.xml
[INFO] Downloaded from central: https://repo.maven.apache.org/maven2/com/adobe/acs/acs-aem-commons-bundle/maven-metadata.xml (3.9 kB at 10 kB/s)
[INFO] Downloaded from adobe-public-releases: https://repo.adobe.com/nexus/content/groups/public/com/adobe/acs/acs-aem-commons-bundle/maven-metadata.xml (3.6 kB at 2.7 kB/s)
[INFO] Downloading from adobe-public-releases: https://repo.adobe.com/nexus/content/groups/public/com/adobe/acs/acs-aem-commons-bundle/4.2.0/acs-aem-commons-bundle-4.2.0.pom
[INFO] Downloaded from adobe-public-releases: https://repo.adobe.com/nexus/content/groups/public/com/adobe/acs/acs-aem-commons-bundle/4.2.0/acs-aem-commons-bundle-4.2.0.pom (36 kB at 44 kB/s)
[INFO] Downloading from adobe-public-releases: https://repo.adobe.com/nexus/content/groups/public/com/adobe/acs/acs-aem-commons/4.2.0/acs-aem-commons-4.2.0.pom
[INFO] Downloaded from adobe-public-releases: https://repo.adobe.com/nexus/content/groups/public/com/adobe/acs/acs-aem-commons/4.2.0/acs-aem-commons-4.2.0.pom (28 kB at 33 kB/s)
[INFO] Downloading from adobe-public-releases: https://repo.adobe.com/nexus/content/groups/public/com/adobe/acs/acs-aem-commons-bundle/4.2.2/acs-aem-commons-bundle-4.2.2.pom
[INFO] Downloaded from adobe-public-releases: https://repo.adobe.com/nexus/content/groups/public/com/adobe/acs/acs-aem-commons-bundle/4.2.2/acs-aem-commons-bundle-4.2.2.pom (36 kB at 44 kB/s)
[INFO] Downloading from adobe-public-releases: https://repo.adobe.com/nexus/content/groups/public/com/adobe/acs/acs-aem-commons/4.2.2/acs-aem-commons-4.2.2.pom
[INFO] Downloaded from adobe-public-releases: https://repo.adobe.com/nexus/content/groups/public/com/adobe/acs/acs-aem-commons/4.2.2/acs-aem-commons-4.2.2.pom (28 kB at 33 kB/s)
[INFO] Downloading from adobe-public-releases: https://repo.adobe.com/nexus/content/groups/public/com/adobe/acs/acs-aem-commons-bundle/4.3.0/acs-aem-commons-bundle-4.3.0.pom
[INFO] Downloaded from adobe-public-releases: https://repo.adobe.com/nexus/content/groups/public/com/adobe/acs/acs-aem-commons-bundle/4.3.0/acs-aem-commons-bundle-4.3.0.pom (36 kB at 44 kB/s)
[INFO] Downloading from adobe-public-releases: https://repo.adobe.com/nexus/content/groups/public/com/adobe/acs/acs-aem-commons/4.3.0/acs-aem-commons-4.3.0.pom
[INFO] Downloaded from adobe-public-releases: https://repo.adobe.com/nexus/content/groups/public/com/adobe/acs/acs-aem-commons/4.3.0/acs-aem-commons-4.3.0.pom (28 kB at 34 kB/s)
[INFO] Downloading from adobe-public-releases: https://repo.adobe.com/nexus/content/groups/public/com/adobe/acs/acs-aem-commons-bundle/4.3.2/acs-aem-commons-bundle-4.3.2.pom
[INFO] Downloaded from adobe-public-releases: https://repo.adobe.com/nexus/content/groups/public/com/adobe/acs/acs-aem-commons-bundle/4.3.2/acs-aem-commons-bundle-4.3.2.pom (36 kB at 44 kB/s)
[INFO] Downloading from adobe-public-releases: https://repo.adobe.com/nexus/content/groups/public/com/adobe/acs/acs-aem-commons/4.3.2/acs-aem-commons-4.3.2.pom
[INFO] Downloaded from adobe-public-releases: https://repo.adobe.com/nexus/content/groups/public/com/adobe/acs/acs-aem-commons/4.3.2/acs-aem-commons-4.3.2.pom (28 kB at 35 kB/s)
[INFO] Downloading from adobe-public-releases: https://repo.adobe.com/nexus/content/groups/public/com/adobe/acs/acs-aem-commons-bundle/4.3.4/acs-aem-commons-bundle-4.3.4.pom
[INFO] Downloaded from adobe-public-releases: https://repo.adobe.com/nexus/content/groups/public/com/adobe/acs/acs-aem-commons-bundle/4.3.4/acs-aem-commons-bundle-4.3.4.pom (36 kB at 45 kB/s)
[INFO] Downloading from adobe-public-releases: https://repo.adobe.com/nexus/content/groups/public/com/adobe/acs/acs-aem-commons/4.3.4/acs-aem-commons-4.3.4.pom
[INFO] Downloaded from adobe-public-releases: https://repo.adobe.com/nexus/content/groups/public/com/adobe/acs/acs-aem-commons/4.3.4/acs-aem-commons-4.3.4.pom (28 kB at 36 kB/s)
[INFO] Downloading from adobe-public-releases: https://repo.adobe.com/nexus/content/groups/public/com/adobe/acs/acs-aem-commons-bundle/4.4.0/acs-aem-commons-bundle-4.4.0.pom
[INFO] Downloaded from adobe-public-releases: https://repo.adobe.com/nexus/content/groups/public/com/adobe/acs/acs-aem-commons-bundle/4.4.0/acs-aem-commons-bundle-4.4.0.pom (36 kB at 45 kB/s)
[INFO] Downloading from adobe-public-releases: https://repo.adobe.com/nexus/content/groups/public/com/adobe/acs/acs-aem-commons/4.4.0/acs-aem-commons-4.4.0.pom
[INFO] Downloaded from adobe-public-releases: https://repo.adobe.com/nexus/content/groups/public/com/adobe/acs/acs-aem-commons/4.4.0/acs-aem-commons-4.4.0.pom (28 kB at 35 kB/s)
[INFO] Downloading from adobe-public-releases: https://repo.adobe.com/nexus/content/groups/public/com/adobe/acs/acs-aem-commons-bundle/4.4.2/acs-aem-commons-bundle-4.4.2.pom
[INFO] Downloaded from adobe-public-releases: https://repo.adobe.com/nexus/content/groups/public/com/adobe/acs/acs-aem-commons-bundle/4.4.2/acs-aem-commons-bundle-4.4.2.pom (37 kB at 44 kB/s)
[INFO] Downloading from adobe-public-releases: https://repo.adobe.com/nexus/content/groups/public/com/adobe/acs/acs-aem-commons/4.4.2/acs-aem-commons-4.4.2.pom
[INFO] Downloaded from adobe-public-releases: https://repo.adobe.com/nexus/content/groups/public/com/adobe/acs/acs-aem-commons/4.4.2/acs-aem-commons-4.4.2.pom (28 kB at 34 kB/s)
[INFO] Downloading from adobe-public-releases: https://repo.adobe.com/nexus/content/groups/public/com/adobe/acs/acs-aem-commons-bundle/4.5.0/acs-aem-commons-bundle-4.5.0.pom
[INFO] Downloaded from adobe-public-releases: https://repo.adobe.com/nexus/content/groups/public/com/adobe/acs/acs-aem-commons-bundle/4.5.0/acs-aem-commons-bundle-4.5.0.pom (37 kB at 45 kB/s)
[INFO] Downloading from adobe-public-releases: https://repo.adobe.com/nexus/content/groups/public/com/adobe/acs/acs-aem-commons/4.5.0/acs-aem-commons-4.5.0.pom
[INFO] Downloaded from adobe-public-releases: https://repo.adobe.com/nexus/content/groups/public/com/adobe/acs/acs-aem-commons/4.5.0/acs-aem-commons-4.5.0.pom (29 kB at 35 kB/s)
[INFO] Downloading from adobe-public-releases: https://repo.adobe.com/nexus/content/groups/public/com/adobe/acs/acs-aem-commons-bundle/4.5.2/acs-aem-commons-bundle-4.5.2.pom
[INFO] Downloaded from adobe-public-releases: https://repo.adobe.com/nexus/content/groups/public/com/adobe/acs/acs-aem-commons-bundle/4.5.2/acs-aem-commons-bundle-4.5.2.pom (37 kB at 46 kB/s)
[INFO] Downloading from adobe-public-releases: https://repo.adobe.com/nexus/content/groups/public/com/adobe/acs/acs-aem-commons/4.5.2/acs-aem-commons-4.5.2.pom
[INFO] Downloaded from adobe-public-releases: https://repo.adobe.com/nexus/content/groups/public/com/adobe/acs/acs-aem-commons/4.5.2/acs-aem-commons-4.5.2.pom (29 kB at 36 kB/s)
[INFO] Downloading from adobe-public-releases: https://repo.adobe.com/nexus/content/groups/public/com/adobe/acs/acs-aem-commons-bundle/4.9.2/acs-aem-commons-bundle-4.9.2.pom
[INFO] Downloading from central: https://repo.maven.apache.org/maven2/com/adobe/acs/acs-aem-commons-bundle/4.9.2/acs-aem-commons-bundle-4.9.2.pom
[INFO] Downloaded from central: https://repo.maven.apache.org/maven2/com/adobe/acs/acs-aem-commons-bundle/4.9.2/acs-aem-commons-bundle-4.9.2.pom (40 kB at 64 kB/s)
[INFO] Downloading from adobe-public-releases: https://repo.adobe.com/nexus/content/groups/public/com/adobe/acs/acs-aem-commons/4.9.2/acs-aem-commons-4.9.2.pom
[INFO] Downloading from central: https://repo.maven.apache.org/maven2/com/adobe/acs/acs-aem-commons/4.9.2/acs-aem-commons-4.9.2.pom
[INFO] Downloaded from central: https://repo.maven.apache.org/maven2/com/adobe/acs/acs-aem-commons/4.9.2/acs-aem-commons-4.9.2.pom (34 kB at 57 kB/s)
[INFO] Downloading from adobe-public-releases: https://repo.adobe.com/nexus/content/groups/public/com/adobe/acs/acs-aem-commons-bundle/4.10.0/acs-aem-commons-bundle-4.10.0.pom
[INFO] Downloading from central: https://repo.maven.apache.org/maven2/com/adobe/acs/acs-aem-commons-bundle/4.10.0/acs-aem-commons-bundle-4.10.0.pom
[INFO] Downloaded from central: https://repo.maven.apache.org/maven2/com/adobe/acs/acs-aem-commons-bundle/4.10.0/acs-aem-commons-bundle-4.10.0.pom (40 kB at 67 kB/s)
[INFO] Downloading from adobe-public-releases: https://repo.adobe.com/nexus/content/groups/public/com/adobe/acs/acs-aem-commons/4.10.0/acs-aem-commons-4.10.0.pom
[INFO] Downloading from central: https://repo.maven.apache.org/maven2/com/adobe/acs/acs-aem-commons/4.10.0/acs-aem-commons-4.10.0.pom
[INFO] Downloaded from central: https://repo.maven.apache.org/maven2/com/adobe/acs/acs-aem-commons/4.10.0/acs-aem-commons-4.10.0.pom (34 kB at 62 kB/s)
[INFO] Downloading from adobe-public-releases: https://repo.adobe.com/nexus/content/groups/public/com/adobe/acs/acs-aem-commons-bundle/4.11.0/acs-aem-commons-bundle-4.11.0.pom
[INFO] Downloading from central: https://repo.maven.apache.org/maven2/com/adobe/acs/acs-aem-commons-bundle/4.11.0/acs-aem-commons-bundle-4.11.0.pom
[INFO] Downloaded from central: https://repo.maven.apache.org/maven2/com/adobe/acs/acs-aem-commons-bundle/4.11.0/acs-aem-commons-bundle-4.11.0.pom (40 kB at 60 kB/s)
[INFO] Downloading from adobe-public-releases: https://repo.adobe.com/nexus/content/groups/public/com/adobe/acs/acs-aem-commons/4.11.0/acs-aem-commons-4.11.0.pom
[INFO] Downloading from central: https://repo.maven.apache.org/maven2/com/adobe/acs/acs-aem-commons/4.11.0/acs-aem-commons-4.11.0.pom
[INFO] Downloaded from central: https://repo.maven.apache.org/maven2/com/adobe/acs/acs-aem-commons/4.11.0/acs-aem-commons-4.11.0.pom (34 kB at 62 kB/s)
[INFO] Downloading from adobe-public-releases: https://repo.adobe.com/nexus/content/groups/public/com/adobe/acs/acs-aem-commons-bundle/4.11.2/acs-aem-commons-bundle-4.11.2.pom
[INFO] Downloading from central: https://repo.maven.apache.org/maven2/com/adobe/acs/acs-aem-commons-bundle/4.11.2/acs-aem-commons-bundle-4.11.2.pom
[INFO] Downloaded from central: https://repo.maven.apache.org/maven2/com/adobe/acs/acs-aem-commons-bundle/4.11.2/acs-aem-commons-bundle-4.11.2.pom (40 kB at 69 kB/s)
[INFO] Downloading from adobe-public-releases: https://repo.adobe.com/nexus/content/groups/public/com/adobe/acs/acs-aem-commons/4.11.2/acs-aem-commons-4.11.2.pom
[INFO] Downloading from central: https://repo.maven.apache.org/maven2/com/adobe/acs/acs-aem-commons/4.11.2/acs-aem-commons-4.11.2.pom
[INFO] Downloaded from central: https://repo.maven.apache.org/maven2/com/adobe/acs/acs-aem-commons/4.11.2/acs-aem-commons-4.11.2.pom (34 kB at 62 kB/s)
[INFO] Downloading from adobe-public-releases: https://repo.adobe.com/nexus/content/groups/public/com/adobe/acs/acs-aem-commons-bundle/4.12.0/acs-aem-commons-bundle-4.12.0.pom
[INFO] Downloading from central: https://repo.maven.apache.org/maven2/com/adobe/acs/acs-aem-commons-bundle/4.12.0/acs-aem-commons-bundle-4.12.0.pom
[INFO] Downloaded from central: https://repo.maven.apache.org/maven2/com/adobe/acs/acs-aem-commons-bundle/4.12.0/acs-aem-commons-bundle-4.12.0.pom (40 kB at 59 kB/s)
[INFO] Downloading from adobe-public-releases: https://repo.adobe.com/nexus/content/groups/public/com/adobe/acs/acs-aem-commons/4.12.0/acs-aem-commons-4.12.0.pom
[INFO] Downloading from central: https://repo.maven.apache.org/maven2/com/adobe/acs/acs-aem-commons/4.12.0/acs-aem-commons-4.12.0.pom
[INFO] Downloaded from central: https://repo.maven.apache.org/maven2/com/adobe/acs/acs-aem-commons/4.12.0/acs-aem-commons-4.12.0.pom (34 kB at 53 kB/s)
[INFO] Downloading from adobe-public-releases: https://repo.adobe.com/nexus/content/groups/public/com/adobe/acs/acs-aem-commons-bundle/5.0.0/acs-aem-commons-bundle-5.0.0.pom
[INFO] Downloading from central: https://repo.maven.apache.org/maven2/com/adobe/acs/acs-aem-commons-bundle/5.0.0/acs-aem-commons-bundle-5.0.0.pom
[INFO] Downloaded from central: https://repo.maven.apache.org/maven2/com/adobe/acs/acs-aem-commons-bundle/5.0.0/acs-aem-commons-bundle-5.0.0.pom (40 kB at 61 kB/s)
[INFO] Downloading from adobe-public-releases: https://repo.adobe.com/nexus/content/groups/public/com/adobe/acs/acs-aem-commons/5.0.0/acs-aem-commons-5.0.0.pom
[INFO] Downloading from central: https://repo.maven.apache.org/maven2/com/adobe/acs/acs-aem-commons/5.0.0/acs-aem-commons-5.0.0.pom
[INFO] Downloaded from central: https://repo.maven.apache.org/maven2/com/adobe/acs/acs-aem-commons/5.0.0/acs-aem-commons-5.0.0.pom (34 kB at 66 kB/s)
[INFO] Downloading from adobe-public-releases: https://repo.adobe.com/nexus/content/groups/public/com/adobe/acs/acs-aem-commons-bundle/5.0.2/acs-aem-commons-bundle-5.0.2.pom
[INFO] Downloading from central: https://repo.maven.apache.org/maven2/com/adobe/acs/acs-aem-commons-bundle/5.0.2/acs-aem-commons-bundle-5.0.2.pom
[INFO] Downloaded from central: https://repo.maven.apache.org/maven2/com/adobe/acs/acs-aem-commons-bundle/5.0.2/acs-aem-commons-bundle-5.0.2.pom (40 kB at 70 kB/s)
[INFO] Downloading from adobe-public-releases: https://repo.adobe.com/nexus/content/groups/public/com/adobe/acs/acs-aem-commons/5.0.2/acs-aem-commons-5.0.2.pom
[INFO] Downloading from central: https://repo.maven.apache.org/maven2/com/adobe/acs/acs-aem-commons/5.0.2/acs-aem-commons-5.0.2.pom
[INFO] Downloaded from central: https://repo.maven.apache.org/maven2/com/adobe/acs/acs-aem-commons/5.0.2/acs-aem-commons-5.0.2.pom (34 kB at 66 kB/s)
[INFO] Downloading from adobe-public-releases: https://repo.adobe.com/nexus/content/groups/public/com/adobe/acs/acs-aem-commons-bundle/5.0.4/acs-aem-commons-bundle-5.0.4.pom
[INFO] Downloading from central: https://repo.maven.apache.org/maven2/com/adobe/acs/acs-aem-commons-bundle/5.0.4/acs-aem-commons-bundle-5.0.4.pom
[INFO] Downloaded from central: https://repo.maven.apache.org/maven2/com/adobe/acs/acs-aem-commons-bundle/5.0.4/acs-aem-commons-bundle-5.0.4.pom (40 kB at 69 kB/s)
[INFO] Downloading from adobe-public-releases: https://repo.adobe.com/nexus/content/groups/public/com/adobe/acs/acs-aem-commons/5.0.4/acs-aem-commons-5.0.4.pom
[INFO] Downloading from central: https://repo.maven.apache.org/maven2/com/adobe/acs/acs-aem-commons/5.0.4/acs-aem-commons-5.0.4.pom
[INFO] Downloaded from central: https://repo.maven.apache.org/maven2/com/adobe/acs/acs-aem-commons/5.0.4/acs-aem-commons-5.0.4.pom (34 kB at 58 kB/s)
[INFO] Downloading from adobe-public-releases: https://repo.adobe.com/nexus/content/groups/public/com/adobe/cq/com.adobe.cq.export.json/0.1.10/com.adobe.cq.export.json-0.1.10.pom
[INFO] Downloaded from adobe-public-releases: https://repo.adobe.com/nexus/content/groups/public/com/adobe/cq/com.adobe.cq.export.json/0.1.10/com.adobe.cq.export.json-0.1.10.pom (3.1 kB at 2.3 kB/s)
[INFO] Downloading from adobe-public-releases: https://repo.adobe.com/nexus/content/groups/public/com/day/cq/parent/68/parent-68.pom
[INFO] Downloaded from adobe-public-releases: https://repo.adobe.com/nexus/content/groups/public/com/day/cq/parent/68/parent-68.pom (33 kB at 42 kB/s)
[INFO] Downloading from adobe-public-releases: https://repo.adobe.com/nexus/content/groups/public/com/adobe/adobe/6/adobe-6.pom
[INFO] Downloaded from adobe-public-releases: https://repo.adobe.com/nexus/content/groups/public/com/adobe/adobe/6/adobe-6.pom (9.2 kB at 12 kB/s)
[INFO] Downloading from adobe-public-releases: https://repo.adobe.com/nexus/content/groups/public/org/junit/jupiter/junit-jupiter-api/5.3.2/junit-jupiter-api-5.3.2.jar
[INFO] Downloading from adobe-public-releases: https://repo.adobe.com/nexus/content/groups/public/org/junit/platform/junit-platform-commons/1.3.2/junit-platform-commons-1.3.2.jar
[INFO] Downloading from adobe-public-releases: https://repo.adobe.com/nexus/content/groups/public/net/sf/saxon/Saxon-HE/9.7.0-15/Saxon-HE-9.7.0-15.jar
[INFO] Downloading from adobe-public-releases: https://repo.adobe.com/nexus/content/groups/public/org/apache/logging/log4j/log4j-core/2.13.2/log4j-core-2.13.2.jar
[INFO] Downloading from adobe-public-releases: https://repo.adobe.com/nexus/content/groups/public/org/apache/sling/org.apache.sling.api/2.16.4/org.apache.sling.api-2.16.4.jar
[INFO] Downloading from adobe-public-releases: https://repo.adobe.com/nexus/content/groups/public/org/apache/sling/org.apache.sling.models.api/1.3.6/org.apache.sling.models.api-1.3.6.jar
[INFO] Downloading from adobe-public-releases: https://repo.adobe.com/nexus/content/groups/public/com/adobe/cq/com.adobe.cq.export.json/0.1.10/com.adobe.cq.export.json-0.1.10.jar
[INFO] Downloaded from adobe-public-releases: https://repo.adobe.com/nexus/content/groups/public/com/adobe/cq/com.adobe.cq.export.json/0.1.10/com.adobe.cq.export.json-0.1.10.jar (9.5 kB at 4.4 kB/s)
[INFO] Downloading from central: https://repo.maven.apache.org/maven2/org/junit/jupiter/junit-jupiter-api/5.3.2/junit-jupiter-api-5.3.2.jar
[INFO] Downloading from central: https://repo.maven.apache.org/maven2/org/junit/platform/junit-platform-commons/1.3.2/junit-platform-commons-1.3.2.jar
[INFO] Downloading from central: https://repo.maven.apache.org/maven2/org/apache/logging/log4j/log4j-core/2.13.2/log4j-core-2.13.2.jar
[INFO] Downloading from central: https://repo.maven.apache.org/maven2/net/sf/saxon/Saxon-HE/9.7.0-15/Saxon-HE-9.7.0-15.jar
[INFO] Downloading from central: https://repo.maven.apache.org/maven2/org/apache/sling/org.apache.sling.api/2.16.4/org.apache.sling.api-2.16.4.jar
[INFO] Downloaded from central: https://repo.maven.apache.org/maven2/org/junit/jupiter/junit-jupiter-api/5.3.2/junit-jupiter-api-5.3.2.jar (0 B at 0 B/s)
[INFO] Downloading from central: https://repo.maven.apache.org/maven2/org/apache/sling/org.apache.sling.models.api/1.3.6/org.apache.sling.models.api-1.3.6.jar
[INFO] Downloaded from central: https://repo.maven.apache.org/maven2/org/apache/sling/org.apache.sling.models.api/1.3.6/org.apache.sling.models.api-1.3.6.jar (44 kB at 55 kB/s)
[INFO] Downloading from central: https://repo.maven.apache.org/maven2/com/adobe/acs/acs-aem-commons-bundle/5.0.4/acs-aem-commons-bundle-5.0.4.jar
[INFO] Downloaded from central: https://repo.maven.apache.org/maven2/org/junit/platform/junit-platform-commons/1.3.2/junit-platform-commons-1.3.2.jar (78 kB at 79 kB/s)
[INFO] Downloaded from central: https://repo.maven.apache.org/maven2/org/apache/sling/org.apache.sling.api/2.16.4/org.apache.sling.api-2.16.4.jar (133 kB at 116 kB/s)
[INFO] Downloaded from central: https://repo.maven.apache.org/maven2/org/apache/logging/log4j/log4j-core/2.13.2/log4j-core-2.13.2.jar (1.7 MB at 997 kB/s)
[INFO] Downloaded from central: https://repo.maven.apache.org/maven2/net/sf/saxon/Saxon-HE/9.7.0-15/Saxon-HE-9.7.0-15.jar (4.8 MB at 292 kB/s)
[INFO] Downloaded from central: https://repo.maven.apache.org/maven2/com/adobe/acs/acs-aem-commons-bundle/5.0.4/acs-aem-commons-bundle-5.0.4.jar (15 MB at 359 kB/s)
[INFO] 
[INFO] --- maven-clean-plugin:2.5:clean (default-clean) @ component-generator ---
[INFO] Deleting /home/codegex/Documents/workspace/rbugs/experiment/top100repos/aem-component-generator/target
[INFO] 
[INFO] --- maven-resources-plugin:3.1.0:resources (default-resources) @ component-generator ---
[INFO] Using 'UTF-8' encoding to copy filtered resources.
[INFO] Copying 7 resources
[INFO] 
[INFO] --- maven-compiler-plugin:3.8.1:compile (default-compile) @ component-generator ---
[INFO] Changes detected - recompiling the module!
[INFO] Compiling 29 source files to /home/codegex/Documents/workspace/rbugs/experiment/top100repos/aem-component-generator/target/classes
[INFO] 
[INFO] --- maven-resources-plugin:3.1.0:testResources (default-testResources) @ component-generator ---
[INFO] Using 'UTF-8' encoding to copy filtered resources.
[INFO] skip non existing resourceDirectory /home/codegex/Documents/workspace/rbugs/experiment/top100repos/aem-component-generator/src/test/resources
[INFO] 
[INFO] --- maven-compiler-plugin:3.8.1:testCompile (default-testCompile) @ component-generator ---
[INFO] No sources to compile
[INFO] 
[INFO] --- maven-surefire-plugin:2.12.4:test (default-test) @ component-generator ---
[INFO] Tests are skipped.
[INFO] 
[INFO] --- maven-jar-plugin:2.4:jar (default-jar) @ component-generator ---
[INFO] Building jar: /home/codegex/Documents/workspace/rbugs/experiment/top100repos/aem-component-generator/target/component-generator-1.0.jar
[INFO] 
[INFO] --- maven-assembly-plugin:2.2-beta-5:single (default) @ component-generator ---
[INFO] artifact com.adobe.acs:acs-aem-commons-bundle: checking for updates from adobe-public-releases
[INFO] artifact com.adobe.acs:acs-aem-commons-bundle: checking for updates from central
[INFO] META-INF/ already added, skipping
[INFO] META-INF/MANIFEST.MF already added, skipping
[INFO] META-INF/LICENSE already added, skipping
[INFO] META-INF/maven/ already added, skipping
[INFO] META-INF/maven/com.fasterxml.jackson.core/ already added, skipping
[INFO] com/ already added, skipping
[INFO] com/fasterxml/ already added, skipping
[INFO] com/fasterxml/jackson/ already added, skipping
[INFO] module-info.class already added, skipping
[INFO] META-INF/ already added, skipping
[INFO] META-INF/MANIFEST.MF already added, skipping
[INFO] META-INF/LICENSE already added, skipping
[INFO] META-INF/NOTICE already added, skipping
[INFO] META-INF/maven/ already added, skipping
[INFO] META-INF/maven/com.fasterxml.jackson.core/ already added, skipping
[INFO] META-INF/services/ already added, skipping
[INFO] com/ already added, skipping
[INFO] com/fasterxml/ already added, skipping
[INFO] com/fasterxml/jackson/ already added, skipping
[INFO] module-info.class already added, skipping
[INFO] META-INF/MANIFEST.MF already added, skipping
[INFO] META-INF/ already added, skipping
[INFO] META-INF/maven/ already added, skipping
[INFO] META-INF/MANIFEST.MF already added, skipping
[INFO] META-INF/ already added, skipping
[INFO] org/ already added, skipping
[INFO] org/apache/ already added, skipping
[INFO] org/apache/commons/ already added, skipping
[INFO] META-INF/maven/ already added, skipping
[INFO] META-INF/maven/org.apache.commons/ already added, skipping
[INFO] META-INF/NOTICE.txt already added, skipping
[INFO] META-INF/LICENSE.txt already added, skipping
[INFO] META-INF/ already added, skipping
[INFO] META-INF/MANIFEST.MF already added, skipping
[INFO] org/ already added, skipping
[INFO] META-INF/ already added, skipping
[INFO] META-INF/MANIFEST.MF already added, skipping
[INFO] org/ already added, skipping
[INFO] META-INF/ already added, skipping
[INFO] META-INF/MANIFEST.MF already added, skipping
[INFO] org/ already added, skipping
[INFO] META-INF/ already added, skipping
[INFO] META-INF/MANIFEST.MF already added, skipping
[INFO] org/ already added, skipping
[INFO] org/junit/ already added, skipping
[INFO] META-INF/LICENSE.md already added, skipping
[INFO] META-INF/LICENSE-notice.md already added, skipping
[INFO] META-INF/ already added, skipping
[INFO] META-INF/MANIFEST.MF already added, skipping
[INFO] org/ already added, skipping
[INFO] org/junit/ already added, skipping
[INFO] META-INF/ already added, skipping
[INFO] META-INF/MANIFEST.MF already added, skipping
[INFO] org/ already added, skipping
[INFO] META-INF/MANIFEST.MF already added, skipping
[INFO] META-INF/ already added, skipping
[INFO] META-INF/services/ already added, skipping
[INFO] META-INF/ already added, skipping
[INFO] META-INF/MANIFEST.MF already added, skipping
[INFO] com/ already added, skipping
[INFO] META-INF/maven/ already added, skipping
[INFO] META-INF/MANIFEST.MF already added, skipping
[INFO] META-INF/ already added, skipping
[INFO] org/ already added, skipping
[INFO] org/apache/ already added, skipping
[INFO] META-INF/versions/9/ already added, skipping
[INFO] META-INF/versions/9/org/ already added, skipping
[INFO] META-INF/services/ already added, skipping
[INFO] META-INF/maven/ already added, skipping
[INFO] META-INF/LICENSE already added, skipping
[INFO] META-INF/NOTICE already added, skipping
[INFO] META-INF/MANIFEST.MF already added, skipping
[INFO] META-INF/ already added, skipping
[INFO] org/ already added, skipping
[INFO] org/apache/ already added, skipping
[INFO] org/apache/logging/ already added, skipping
[INFO] org/apache/logging/log4j/ already added, skipping
[INFO] META-INF/versions/ already added, skipping
[INFO] META-INF/versions/9/ already added, skipping
[INFO] META-INF/versions/9/org/ already added, skipping
[INFO] META-INF/versions/9/org/apache/ already added, skipping
[INFO] META-INF/versions/9/org/apache/logging/ already added, skipping
[INFO] META-INF/versions/9/org/apache/logging/log4j/ already added, skipping
[INFO] META-INF/services/ already added, skipping
[INFO] META-INF/maven/ already added, skipping
[INFO] META-INF/maven/org.apache.logging.log4j/ already added, skipping
[INFO] META-INF/DEPENDENCIES already added, skipping
[INFO] META-INF/NOTICE already added, skipping
[INFO] META-INF/LICENSE already added, skipping
[INFO] META-INF/MANIFEST.MF already added, skipping
[INFO] META-INF/ already added, skipping
[INFO] META-INF/DEPENDENCIES already added, skipping
[INFO] META-INF/LICENSE already added, skipping
[INFO] META-INF/NOTICE already added, skipping
[INFO] META-INF/maven/ already added, skipping
[INFO] org/ already added, skipping
[INFO] org/apache/ already added, skipping
[INFO] META-INF/MANIFEST.MF already added, skipping
[INFO] META-INF/ already added, skipping
[INFO] META-INF/DEPENDENCIES already added, skipping
[INFO] META-INF/LICENSE already added, skipping
[INFO] META-INF/NOTICE already added, skipping
[INFO] META-INF/maven/ already added, skipping
[INFO] META-INF/maven/org.apache.sling/ already added, skipping
[INFO] org/ already added, skipping
[INFO] org/apache/ already added, skipping
[INFO] org/apache/sling/ already added, skipping
[INFO] META-INF/MANIFEST.MF already added, skipping
[INFO] META-INF/ already added, skipping
[INFO] META-INF/DEPENDENCIES already added, skipping
[INFO] META-INF/LICENSE already added, skipping
[INFO] META-INF/NOTICE already added, skipping
[INFO] META-INF/maven/ already added, skipping
[INFO] META-INF/ already added, skipping
[INFO] META-INF/MANIFEST.MF already added, skipping
[INFO] javax/ already added, skipping
[INFO] javax/servlet/ already added, skipping
[INFO] javax/servlet/annotation/ already added, skipping
[INFO] javax/servlet/descriptor/ already added, skipping
[INFO] javax/servlet/http/ already added, skipping
[INFO] javax/servlet/resources/ already added, skipping
[INFO] javax/servlet/AsyncContext.class already added, skipping
[INFO] javax/servlet/AsyncEvent.class already added, skipping
[INFO] javax/servlet/AsyncListener.class already added, skipping
[INFO] javax/servlet/DispatcherType.class already added, skipping
[INFO] javax/servlet/Filter.class already added, skipping
[INFO] javax/servlet/FilterChain.class already added, skipping
[INFO] javax/servlet/FilterConfig.class already added, skipping
[INFO] javax/servlet/FilterRegistration$Dynamic.class already added, skipping
[INFO] javax/servlet/FilterRegistration.class already added, skipping
[INFO] javax/servlet/GenericServlet.class already added, skipping
[INFO] javax/servlet/HttpConstraintElement.class already added, skipping
[INFO] javax/servlet/HttpMethodConstraintElement.class already added, skipping
[INFO] javax/servlet/LocalStrings.properties already added, skipping
[INFO] javax/servlet/MultipartConfigElement.class already added, skipping
[INFO] javax/servlet/ReadListener.class already added, skipping
[INFO] javax/servlet/Registration$Dynamic.class already added, skipping
[INFO] javax/servlet/Registration.class already added, skipping
[INFO] javax/servlet/RequestDispatcher.class already added, skipping
[INFO] javax/servlet/Servlet.class already added, skipping
[INFO] javax/servlet/ServletConfig.class already added, skipping
[INFO] javax/servlet/ServletContainerInitializer.class already added, skipping
[INFO] javax/servlet/ServletContext.class already added, skipping
[INFO] javax/servlet/ServletContextAttributeEvent.class already added, skipping
[INFO] javax/servlet/ServletContextAttributeListener.class already added, skipping
[INFO] javax/servlet/ServletContextEvent.class already added, skipping
[INFO] javax/servlet/ServletContextListener.class already added, skipping
[INFO] javax/servlet/ServletException.class already added, skipping
[INFO] javax/servlet/ServletInputStream.class already added, skipping
[INFO] javax/servlet/ServletOutputStream.class already added, skipping
[INFO] javax/servlet/ServletRegistration$Dynamic.class already added, skipping
[INFO] javax/servlet/ServletRegistration.class already added, skipping
[INFO] javax/servlet/ServletRequest.class already added, skipping
[INFO] javax/servlet/ServletRequestAttributeEvent.class already added, skipping
[INFO] javax/servlet/ServletRequestAttributeListener.class already added, skipping
[INFO] javax/servlet/ServletRequestEvent.class already added, skipping
[INFO] javax/servlet/ServletRequestListener.class already added, skipping
[INFO] javax/servlet/ServletRequestWrapper.class already added, skipping
[INFO] javax/servlet/ServletResponse.class already added, skipping
[INFO] javax/servlet/ServletResponseWrapper.class already added, skipping
[INFO] javax/servlet/ServletSecurityElement.class already added, skipping
[INFO] javax/servlet/SessionCookieConfig.class already added, skipping
[INFO] javax/servlet/SessionTrackingMode.class already added, skipping
[INFO] javax/servlet/SingleThreadModel.class already added, skipping
[INFO] javax/servlet/UnavailableException.class already added, skipping
[INFO] javax/servlet/WriteListener.class already added, skipping
[INFO] javax/servlet/annotation/HandlesTypes.class already added, skipping
[INFO] javax/servlet/annotation/HttpConstraint.class already added, skipping
[INFO] javax/servlet/annotation/HttpMethodConstraint.class already added, skipping
[INFO] javax/servlet/annotation/MultipartConfig.class already added, skipping
[INFO] javax/servlet/annotation/ServletSecurity$EmptyRoleSemantic.class already added, skipping
[INFO] javax/servlet/annotation/ServletSecurity$TransportGuarantee.class already added, skipping
[INFO] javax/servlet/annotation/ServletSecurity.class already added, skipping
[INFO] javax/servlet/annotation/WebFilter.class already added, skipping
[INFO] javax/servlet/annotation/WebInitParam.class already added, skipping
[INFO] javax/servlet/annotation/WebListener.class already added, skipping
[INFO] javax/servlet/annotation/WebServlet.class already added, skipping
[INFO] javax/servlet/descriptor/JspConfigDescriptor.class already added, skipping
[INFO] javax/servlet/descriptor/JspPropertyGroupDescriptor.class already added, skipping
[INFO] javax/servlet/descriptor/TaglibDescriptor.class already added, skipping
[INFO] javax/servlet/http/Cookie.class already added, skipping
[INFO] javax/servlet/http/CookieNameValidator.class already added, skipping
[INFO] javax/servlet/http/HttpServlet.class already added, skipping
[INFO] javax/servlet/http/HttpServletRequest.class already added, skipping
[INFO] javax/servlet/http/HttpServletRequestWrapper.class already added, skipping
[INFO] javax/servlet/http/HttpServletResponse.class already added, skipping
[INFO] javax/servlet/http/HttpServletResponseWrapper.class already added, skipping
[INFO] javax/servlet/http/HttpSession.class already added, skipping
[INFO] javax/servlet/http/HttpSessionActivationListener.class already added, skipping
[INFO] javax/servlet/http/HttpSessionAttributeListener.class already added, skipping
[INFO] javax/servlet/http/HttpSessionBindingEvent.class already added, skipping
[INFO] javax/servlet/http/HttpSessionBindingListener.class already added, skipping
[INFO] javax/servlet/http/HttpSessionContext.class already added, skipping
[INFO] javax/servlet/http/HttpSessionEvent.class already added, skipping
[INFO] javax/servlet/http/HttpSessionIdListener.class already added, skipping
[INFO] javax/servlet/http/HttpSessionListener.class already added, skipping
[INFO] javax/servlet/http/HttpUpgradeHandler.class already added, skipping
[INFO] javax/servlet/http/HttpUtils.class already added, skipping
[INFO] javax/servlet/http/LocalStrings.properties already added, skipping
[INFO] javax/servlet/http/NetscapeValidator.class already added, skipping
[INFO] javax/servlet/http/NoBodyOutputStream.class already added, skipping
[INFO] javax/servlet/http/NoBodyResponse.class already added, skipping
[INFO] javax/servlet/http/Part.class already added, skipping
[INFO] javax/servlet/http/RFC2109Validator.class already added, skipping
[INFO] javax/servlet/http/RFC6265Validator.class already added, skipping
[INFO] javax/servlet/http/WebConnection.class already added, skipping
[INFO] javax/servlet/resources/XMLSchema.dtd already added, skipping
[INFO] javax/servlet/resources/datatypes.dtd already added, skipping
[INFO] javax/servlet/resources/j2ee_1_4.xsd already added, skipping
[INFO] javax/servlet/resources/j2ee_web_services_1_1.xsd already added, skipping
[INFO] javax/servlet/resources/j2ee_web_services_client_1_1.xsd already added, skipping
[INFO] javax/servlet/resources/javaee_5.xsd already added, skipping
[INFO] javax/servlet/resources/javaee_6.xsd already added, skipping
[INFO] javax/servlet/resources/javaee_7.xsd already added, skipping
[INFO] javax/servlet/resources/javaee_web_services_1_2.xsd already added, skipping
[INFO] javax/servlet/resources/javaee_web_services_1_3.xsd already added, skipping
[INFO] javax/servlet/resources/javaee_web_services_1_4.xsd already added, skipping
[INFO] javax/servlet/resources/javaee_web_services_client_1_2.xsd already added, skipping
[INFO] javax/servlet/resources/javaee_web_services_client_1_3.xsd already added, skipping
[INFO] javax/servlet/resources/javaee_web_services_client_1_4.xsd already added, skipping
[INFO] javax/servlet/resources/jsp_2_0.xsd already added, skipping
[INFO] javax/servlet/resources/jsp_2_1.xsd already added, skipping
[INFO] javax/servlet/resources/jsp_2_2.xsd already added, skipping
[INFO] javax/servlet/resources/jsp_2_3.xsd already added, skipping
[INFO] javax/servlet/resources/web-app_2_2.dtd already added, skipping
[INFO] javax/servlet/resources/web-app_2_3.dtd already added, skipping
[INFO] javax/servlet/resources/web-app_2_4.xsd already added, skipping
[INFO] javax/servlet/resources/web-app_2_5.xsd already added, skipping
[INFO] javax/servlet/resources/web-app_3_0.xsd already added, skipping
[INFO] javax/servlet/resources/web-app_3_1.xsd already added, skipping
[INFO] javax/servlet/resources/web-common_3_0.xsd already added, skipping
[INFO] javax/servlet/resources/web-common_3_1.xsd already added, skipping
[INFO] javax/servlet/resources/web-fragment_3_0.xsd already added, skipping
[INFO] javax/servlet/resources/web-fragment_3_1.xsd already added, skipping
[INFO] javax/servlet/resources/web-jsptaglibrary_1_1.dtd already added, skipping
[INFO] javax/servlet/resources/web-jsptaglibrary_1_2.dtd already added, skipping
[INFO] javax/servlet/resources/web-jsptaglibrary_2_0.xsd already added, skipping
[INFO] javax/servlet/resources/web-jsptaglibrary_2_1.xsd already added, skipping
[INFO] javax/servlet/resources/xml.xsd already added, skipping
[INFO] META-INF/NOTICE already added, skipping
[INFO] META-INF/LICENSE already added, skipping
[INFO] META-INF/ already added, skipping
[INFO] META-INF/MANIFEST.MF already added, skipping
[INFO] META-INF/LICENSE already added, skipping
[INFO] META-INF/maven/ already added, skipping
[INFO] META-INF/services/ already added, skipping
[INFO] META-INF/services/javax.annotation.processing.Processor already added, skipping
[INFO] com/ already added, skipping
[INFO] META-INF/MANIFEST.MF already added, skipping
[INFO] META-INF/ already added, skipping
[INFO] META-INF/LICENSE already added, skipping
[INFO] META-INF/maven/ already added, skipping
[INFO] com/ already added, skipping
[INFO] com/adobe/ already added, skipping
[INFO] META-INF/MANIFEST.MF already added, skipping
[INFO] Building jar: /home/codegex/Documents/workspace/rbugs/experiment/top100repos/aem-component-generator/target/component-generator-1.0.jar
[INFO] META-INF/ already added, skipping
[INFO] META-INF/MANIFEST.MF already added, skipping
[INFO] META-INF/LICENSE already added, skipping
[INFO] META-INF/maven/ already added, skipping
[INFO] META-INF/maven/com.fasterxml.jackson.core/ already added, skipping
[INFO] com/ already added, skipping
[INFO] com/fasterxml/ already added, skipping
[INFO] com/fasterxml/jackson/ already added, skipping
[INFO] module-info.class already added, skipping
[INFO] META-INF/ already added, skipping
[INFO] META-INF/MANIFEST.MF already added, skipping
[INFO] META-INF/LICENSE already added, skipping
[INFO] META-INF/NOTICE already added, skipping
[INFO] META-INF/maven/ already added, skipping
[INFO] META-INF/maven/com.fasterxml.jackson.core/ already added, skipping
[INFO] META-INF/services/ already added, skipping
[INFO] com/ already added, skipping
[INFO] com/fasterxml/ already added, skipping
[INFO] com/fasterxml/jackson/ already added, skipping
[INFO] module-info.class already added, skipping
[INFO] META-INF/MANIFEST.MF already added, skipping
[INFO] META-INF/ already added, skipping
[INFO] META-INF/maven/ already added, skipping
[INFO] META-INF/MANIFEST.MF already added, skipping
[INFO] META-INF/ already added, skipping
[INFO] org/ already added, skipping
[INFO] org/apache/ already added, skipping
[INFO] org/apache/commons/ already added, skipping
[INFO] META-INF/maven/ already added, skipping
[INFO] META-INF/maven/org.apache.commons/ already added, skipping
[INFO] META-INF/NOTICE.txt already added, skipping
[INFO] META-INF/LICENSE.txt already added, skipping
[INFO] META-INF/ already added, skipping
[INFO] META-INF/MANIFEST.MF already added, skipping
[INFO] org/ already added, skipping
[INFO] META-INF/ already added, skipping
[INFO] META-INF/MANIFEST.MF already added, skipping
[INFO] org/ already added, skipping
[INFO] META-INF/ already added, skipping
[INFO] META-INF/MANIFEST.MF already added, skipping
[INFO] org/ already added, skipping
[INFO] META-INF/ already added, skipping
[INFO] META-INF/MANIFEST.MF already added, skipping
[INFO] org/ already added, skipping
[INFO] org/junit/ already added, skipping
[INFO] META-INF/LICENSE.md already added, skipping
[INFO] META-INF/LICENSE-notice.md already added, skipping
[INFO] META-INF/ already added, skipping
[INFO] META-INF/MANIFEST.MF already added, skipping
[INFO] org/ already added, skipping
[INFO] org/junit/ already added, skipping
[INFO] META-INF/ already added, skipping
[INFO] META-INF/MANIFEST.MF already added, skipping
[INFO] org/ already added, skipping
[INFO] META-INF/MANIFEST.MF already added, skipping
[INFO] META-INF/ already added, skipping
[INFO] META-INF/services/ already added, skipping
[INFO] META-INF/ already added, skipping
[INFO] META-INF/MANIFEST.MF already added, skipping
[INFO] com/ already added, skipping
[INFO] META-INF/maven/ already added, skipping
[INFO] META-INF/MANIFEST.MF already added, skipping
[INFO] META-INF/ already added, skipping
[INFO] org/ already added, skipping
[INFO] org/apache/ already added, skipping
[INFO] META-INF/versions/9/ already added, skipping
[INFO] META-INF/versions/9/org/ already added, skipping
[INFO] META-INF/services/ already added, skipping
[INFO] META-INF/maven/ already added, skipping
[INFO] META-INF/LICENSE already added, skipping
[INFO] META-INF/NOTICE already added, skipping
[INFO] META-INF/MANIFEST.MF already added, skipping
[INFO] META-INF/ already added, skipping
[INFO] org/ already added, skipping
[INFO] org/apache/ already added, skipping
[INFO] org/apache/logging/ already added, skipping
[INFO] org/apache/logging/log4j/ already added, skipping
[INFO] META-INF/versions/ already added, skipping
[INFO] META-INF/versions/9/ already added, skipping
[INFO] META-INF/versions/9/org/ already added, skipping
[INFO] META-INF/versions/9/org/apache/ already added, skipping
[INFO] META-INF/versions/9/org/apache/logging/ already added, skipping
[INFO] META-INF/versions/9/org/apache/logging/log4j/ already added, skipping
[INFO] META-INF/services/ already added, skipping
[INFO] META-INF/maven/ already added, skipping
[INFO] META-INF/maven/org.apache.logging.log4j/ already added, skipping
[INFO] META-INF/DEPENDENCIES already added, skipping
[INFO] META-INF/NOTICE already added, skipping
[INFO] META-INF/LICENSE already added, skipping
[INFO] META-INF/MANIFEST.MF already added, skipping
[INFO] META-INF/ already added, skipping
[INFO] META-INF/DEPENDENCIES already added, skipping
[INFO] META-INF/LICENSE already added, skipping
[INFO] META-INF/NOTICE already added, skipping
[INFO] META-INF/maven/ already added, skipping
[INFO] org/ already added, skipping
[INFO] org/apache/ already added, skipping
[INFO] META-INF/MANIFEST.MF already added, skipping
[INFO] META-INF/ already added, skipping
[INFO] META-INF/DEPENDENCIES already added, skipping
[INFO] META-INF/LICENSE already added, skipping
[INFO] META-INF/NOTICE already added, skipping
[INFO] META-INF/maven/ already added, skipping
[INFO] META-INF/maven/org.apache.sling/ already added, skipping
[INFO] org/ already added, skipping
[INFO] org/apache/ already added, skipping
[INFO] org/apache/sling/ already added, skipping
[INFO] META-INF/MANIFEST.MF already added, skipping
[INFO] META-INF/ already added, skipping
[INFO] META-INF/DEPENDENCIES already added, skipping
[INFO] META-INF/LICENSE already added, skipping
[INFO] META-INF/NOTICE already added, skipping
[INFO] META-INF/maven/ already added, skipping
[INFO] META-INF/ already added, skipping
[INFO] META-INF/MANIFEST.MF already added, skipping
[INFO] javax/ already added, skipping
[INFO] javax/servlet/ already added, skipping
[INFO] javax/servlet/annotation/ already added, skipping
[INFO] javax/servlet/descriptor/ already added, skipping
[INFO] javax/servlet/http/ already added, skipping
[INFO] javax/servlet/resources/ already added, skipping
[INFO] javax/servlet/AsyncContext.class already added, skipping
[INFO] javax/servlet/AsyncEvent.class already added, skipping
[INFO] javax/servlet/AsyncListener.class already added, skipping
[INFO] javax/servlet/DispatcherType.class already added, skipping
[INFO] javax/servlet/Filter.class already added, skipping
[INFO] javax/servlet/FilterChain.class already added, skipping
[INFO] javax/servlet/FilterConfig.class already added, skipping
[INFO] javax/servlet/FilterRegistration$Dynamic.class already added, skipping
[INFO] javax/servlet/FilterRegistration.class already added, skipping
[INFO] javax/servlet/GenericServlet.class already added, skipping
[INFO] javax/servlet/HttpConstraintElement.class already added, skipping
[INFO] javax/servlet/HttpMethodConstraintElement.class already added, skipping
[INFO] javax/servlet/LocalStrings.properties already added, skipping
[INFO] javax/servlet/MultipartConfigElement.class already added, skipping
[INFO] javax/servlet/ReadListener.class already added, skipping
[INFO] javax/servlet/Registration$Dynamic.class already added, skipping
[INFO] javax/servlet/Registration.class already added, skipping
[INFO] javax/servlet/RequestDispatcher.class already added, skipping
[INFO] javax/servlet/Servlet.class already added, skipping
[INFO] javax/servlet/ServletConfig.class already added, skipping
[INFO] javax/servlet/ServletContainerInitializer.class already added, skipping
[INFO] javax/servlet/ServletContext.class already added, skipping
[INFO] javax/servlet/ServletContextAttributeEvent.class already added, skipping
[INFO] javax/servlet/ServletContextAttributeListener.class already added, skipping
[INFO] javax/servlet/ServletContextEvent.class already added, skipping
[INFO] javax/servlet/ServletContextListener.class already added, skipping
[INFO] javax/servlet/ServletException.class already added, skipping
[INFO] javax/servlet/ServletInputStream.class already added, skipping
[INFO] javax/servlet/ServletOutputStream.class already added, skipping
[INFO] javax/servlet/ServletRegistration$Dynamic.class already added, skipping
[INFO] javax/servlet/ServletRegistration.class already added, skipping
[INFO] javax/servlet/ServletRequest.class already added, skipping
[INFO] javax/servlet/ServletRequestAttributeEvent.class already added, skipping
[INFO] javax/servlet/ServletRequestAttributeListener.class already added, skipping
[INFO] javax/servlet/ServletRequestEvent.class already added, skipping
[INFO] javax/servlet/ServletRequestListener.class already added, skipping
[INFO] javax/servlet/ServletRequestWrapper.class already added, skipping
[INFO] javax/servlet/ServletResponse.class already added, skipping
[INFO] javax/servlet/ServletResponseWrapper.class already added, skipping
[INFO] javax/servlet/ServletSecurityElement.class already added, skipping
[INFO] javax/servlet/SessionCookieConfig.class already added, skipping
[INFO] javax/servlet/SessionTrackingMode.class already added, skipping
[INFO] javax/servlet/SingleThreadModel.class already added, skipping
[INFO] javax/servlet/UnavailableException.class already added, skipping
[INFO] javax/servlet/WriteListener.class already added, skipping
[INFO] javax/servlet/annotation/HandlesTypes.class already added, skipping
[INFO] javax/servlet/annotation/HttpConstraint.class already added, skipping
[INFO] javax/servlet/annotation/HttpMethodConstraint.class already added, skipping
[INFO] javax/servlet/annotation/MultipartConfig.class already added, skipping
[INFO] javax/servlet/annotation/ServletSecurity$EmptyRoleSemantic.class already added, skipping
[INFO] javax/servlet/annotation/ServletSecurity$TransportGuarantee.class already added, skipping
[INFO] javax/servlet/annotation/ServletSecurity.class already added, skipping
[INFO] javax/servlet/annotation/WebFilter.class already added, skipping
[INFO] javax/servlet/annotation/WebInitParam.class already added, skipping
[INFO] javax/servlet/annotation/WebListener.class already added, skipping
[INFO] javax/servlet/annotation/WebServlet.class already added, skipping
[INFO] javax/servlet/descriptor/JspConfigDescriptor.class already added, skipping
[INFO] javax/servlet/descriptor/JspPropertyGroupDescriptor.class already added, skipping
[INFO] javax/servlet/descriptor/TaglibDescriptor.class already added, skipping
[INFO] javax/servlet/http/Cookie.class already added, skipping
[INFO] javax/servlet/http/CookieNameValidator.class already added, skipping
[INFO] javax/servlet/http/HttpServlet.class already added, skipping
[INFO] javax/servlet/http/HttpServletRequest.class already added, skipping
[INFO] javax/servlet/http/HttpServletRequestWrapper.class already added, skipping
[INFO] javax/servlet/http/HttpServletResponse.class already added, skipping
[INFO] javax/servlet/http/HttpServletResponseWrapper.class already added, skipping
[INFO] javax/servlet/http/HttpSession.class already added, skipping
[INFO] javax/servlet/http/HttpSessionActivationListener.class already added, skipping
[INFO] javax/servlet/http/HttpSessionAttributeListener.class already added, skipping
[INFO] javax/servlet/http/HttpSessionBindingEvent.class already added, skipping
[INFO] javax/servlet/http/HttpSessionBindingListener.class already added, skipping
[INFO] javax/servlet/http/HttpSessionContext.class already added, skipping
[INFO] javax/servlet/http/HttpSessionEvent.class already added, skipping
[INFO] javax/servlet/http/HttpSessionIdListener.class already added, skipping
[INFO] javax/servlet/http/HttpSessionListener.class already added, skipping
[INFO] javax/servlet/http/HttpUpgradeHandler.class already added, skipping
[INFO] javax/servlet/http/HttpUtils.class already added, skipping
[INFO] javax/servlet/http/LocalStrings.properties already added, skipping
[INFO] javax/servlet/http/NetscapeValidator.class already added, skipping
[INFO] javax/servlet/http/NoBodyOutputStream.class already added, skipping
[INFO] javax/servlet/http/NoBodyResponse.class already added, skipping
[INFO] javax/servlet/http/Part.class already added, skipping
[INFO] javax/servlet/http/RFC2109Validator.class already added, skipping
[INFO] javax/servlet/http/RFC6265Validator.class already added, skipping
[INFO] javax/servlet/http/WebConnection.class already added, skipping
[INFO] javax/servlet/resources/XMLSchema.dtd already added, skipping
[INFO] javax/servlet/resources/datatypes.dtd already added, skipping
[INFO] javax/servlet/resources/j2ee_1_4.xsd already added, skipping
[INFO] javax/servlet/resources/j2ee_web_services_1_1.xsd already added, skipping
[INFO] javax/servlet/resources/j2ee_web_services_client_1_1.xsd already added, skipping
[INFO] javax/servlet/resources/javaee_5.xsd already added, skipping
[INFO] javax/servlet/resources/javaee_6.xsd already added, skipping
[INFO] javax/servlet/resources/javaee_7.xsd already added, skipping
[INFO] javax/servlet/resources/javaee_web_services_1_2.xsd already added, skipping
[INFO] javax/servlet/resources/javaee_web_services_1_3.xsd already added, skipping
[INFO] javax/servlet/resources/javaee_web_services_1_4.xsd already added, skipping
[INFO] javax/servlet/resources/javaee_web_services_client_1_2.xsd already added, skipping
[INFO] javax/servlet/resources/javaee_web_services_client_1_3.xsd already added, skipping
[INFO] javax/servlet/resources/javaee_web_services_client_1_4.xsd already added, skipping
[INFO] javax/servlet/resources/jsp_2_0.xsd already added, skipping
[INFO] javax/servlet/resources/jsp_2_1.xsd already added, skipping
[INFO] javax/servlet/resources/jsp_2_2.xsd already added, skipping
[INFO] javax/servlet/resources/jsp_2_3.xsd already added, skipping
[INFO] javax/servlet/resources/web-app_2_2.dtd already added, skipping
[INFO] javax/servlet/resources/web-app_2_3.dtd already added, skipping
[INFO] javax/servlet/resources/web-app_2_4.xsd already added, skipping
[INFO] javax/servlet/resources/web-app_2_5.xsd already added, skipping
[INFO] javax/servlet/resources/web-app_3_0.xsd already added, skipping
[INFO] javax/servlet/resources/web-app_3_1.xsd already added, skipping
[INFO] javax/servlet/resources/web-common_3_0.xsd already added, skipping
[INFO] javax/servlet/resources/web-common_3_1.xsd already added, skipping
[INFO] javax/servlet/resources/web-fragment_3_0.xsd already added, skipping
[INFO] javax/servlet/resources/web-fragment_3_1.xsd already added, skipping
[INFO] javax/servlet/resources/web-jsptaglibrary_1_1.dtd already added, skipping
[INFO] javax/servlet/resources/web-jsptaglibrary_1_2.dtd already added, skipping
[INFO] javax/servlet/resources/web-jsptaglibrary_2_0.xsd already added, skipping
[INFO] javax/servlet/resources/web-jsptaglibrary_2_1.xsd already added, skipping
[INFO] javax/servlet/resources/xml.xsd already added, skipping
[INFO] META-INF/NOTICE already added, skipping
[INFO] META-INF/LICENSE already added, skipping
[INFO] META-INF/ already added, skipping
[INFO] META-INF/MANIFEST.MF already added, skipping
[INFO] META-INF/LICENSE already added, skipping
[INFO] META-INF/maven/ already added, skipping
[INFO] META-INF/services/ already added, skipping
[INFO] META-INF/services/javax.annotation.processing.Processor already added, skipping
[INFO] com/ already added, skipping
[INFO] META-INF/MANIFEST.MF already added, skipping
[INFO] META-INF/ already added, skipping
[INFO] META-INF/LICENSE already added, skipping
[INFO] META-INF/maven/ already added, skipping
[INFO] com/ already added, skipping
[INFO] com/adobe/ already added, skipping
[INFO] META-INF/MANIFEST.MF already added, skipping
[WARNING] Configuration options: 'appendAssemblyId' is set to false, and 'classifier' is missing.
Instead of attaching the assembly file: /home/codegex/Documents/workspace/rbugs/experiment/top100repos/aem-component-generator/target/component-generator-1.0.jar, it will become the file for main project artifact.
NOTE: If multiple descriptors or descriptor-formats are provided for this project, the value of this file will be non-deterministic!
[WARNING] Replacing pre-existing project main-artifact file: /home/codegex/Documents/workspace/rbugs/experiment/top100repos/aem-component-generator/target/component-generator-1.0.jar
with assembly file: /home/codegex/Documents/workspace/rbugs/experiment/top100repos/aem-component-generator/target/component-generator-1.0.jar
[INFO] 
[INFO] --- maven-install-plugin:2.4:install (default-install) @ component-generator ---
[INFO] Installing /home/codegex/Documents/workspace/rbugs/experiment/top100repos/aem-component-generator/target/component-generator-1.0.jar to /home/codegex/.m2/repository/adobe/component-generator/1.0/component-generator-1.0.jar
[INFO] Installing /home/codegex/Documents/workspace/rbugs/experiment/top100repos/aem-component-generator/pom.xml to /home/codegex/.m2/repository/adobe/component-generator/1.0/component-generator-1.0.pom
[INFO] 
[INFO] --- maven-dependency-plugin:2.8:purge-local-repository (default-cli) @ component-generator ---
[INFO] Downloading from adobe-public-releases: https://repo.adobe.com/nexus/content/groups/public/com/fasterxml/jackson/core/jackson-databind/2.11.3/jackson-databind-2.11.3.pom
[INFO] Downloading from central: https://repo.maven.apache.org/maven2/com/fasterxml/jackson/core/jackson-databind/2.11.3/jackson-databind-2.11.3.pom
[INFO] Downloaded from central: https://repo.maven.apache.org/maven2/com/fasterxml/jackson/core/jackson-databind/2.11.3/jackson-databind-2.11.3.pom (7.4 kB at 20 kB/s)
[INFO] Downloading from adobe-public-releases: https://repo.adobe.com/nexus/content/groups/public/com/fasterxml/jackson/core/jackson-annotations/2.11.3/jackson-annotations-2.11.3.pom
[INFO] Downloading from central: https://repo.maven.apache.org/maven2/com/fasterxml/jackson/core/jackson-annotations/2.11.3/jackson-annotations-2.11.3.pom
[INFO] Downloaded from central: https://repo.maven.apache.org/maven2/com/fasterxml/jackson/core/jackson-annotations/2.11.3/jackson-annotations-2.11.3.pom (3.8 kB at 10 kB/s)
[INFO] Downloading from adobe-public-releases: https://repo.adobe.com/nexus/content/groups/public/com/fasterxml/jackson/core/jackson-core/2.11.3/jackson-core-2.11.3.pom
[INFO] Downloading from central: https://repo.maven.apache.org/maven2/com/fasterxml/jackson/core/jackson-core/2.11.3/jackson-core-2.11.3.pom
[INFO] Downloaded from central: https://repo.maven.apache.org/maven2/com/fasterxml/jackson/core/jackson-core/2.11.3/jackson-core-2.11.3.pom (4.9 kB at 13 kB/s)
[INFO] Downloading from adobe-public-releases: https://repo.adobe.com/nexus/content/groups/public/org/apache/commons/commons-text/1.6/commons-text-1.6.pom
[INFO] Downloading from central: https://repo.maven.apache.org/maven2/org/apache/commons/commons-text/1.6/commons-text-1.6.pom
[INFO] Downloaded from central: https://repo.maven.apache.org/maven2/org/apache/commons/commons-text/1.6/commons-text-1.6.pom (17 kB at 44 kB/s)
[INFO] Downloading from adobe-public-releases: https://repo.adobe.com/nexus/content/groups/public/org/apache/commons/commons-lang3/3.9/commons-lang3-3.9.pom
[INFO] Downloading from central: https://repo.maven.apache.org/maven2/org/apache/commons/commons-lang3/3.9/commons-lang3-3.9.pom
[INFO] Downloaded from central: https://repo.maven.apache.org/maven2/org/apache/commons/commons-lang3/3.9/commons-lang3-3.9.pom (28 kB at 71 kB/s)
[INFO] Downloading from adobe-public-releases: https://repo.adobe.com/nexus/content/groups/public/org/junit/jupiter/junit-jupiter-api/5.3.2/junit-jupiter-api-5.3.2.pom
[INFO] Downloading from central: https://repo.maven.apache.org/maven2/org/junit/jupiter/junit-jupiter-api/5.3.2/junit-jupiter-api-5.3.2.pom
[INFO] Downloaded from central: https://repo.maven.apache.org/maven2/org/junit/jupiter/junit-jupiter-api/5.3.2/junit-jupiter-api-5.3.2.pom (2.4 kB at 6.3 kB/s)
[INFO] Downloading from adobe-public-releases: https://repo.adobe.com/nexus/content/groups/public/org/apiguardian/apiguardian-api/1.0.0/apiguardian-api-1.0.0.pom
[INFO] Downloading from central: https://repo.maven.apache.org/maven2/org/apiguardian/apiguardian-api/1.0.0/apiguardian-api-1.0.0.pom
[INFO] Downloaded from central: https://repo.maven.apache.org/maven2/org/apiguardian/apiguardian-api/1.0.0/apiguardian-api-1.0.0.pom (1.2 kB at 3.2 kB/s)
[INFO] Downloading from adobe-public-releases: https://repo.adobe.com/nexus/content/groups/public/org/opentest4j/opentest4j/1.1.1/opentest4j-1.1.1.pom
[INFO] Downloading from central: https://repo.maven.apache.org/maven2/org/opentest4j/opentest4j/1.1.1/opentest4j-1.1.1.pom
[INFO] Downloaded from central: https://repo.maven.apache.org/maven2/org/opentest4j/opentest4j/1.1.1/opentest4j-1.1.1.pom (1.7 kB at 4.6 kB/s)
[INFO] Downloading from adobe-public-releases: https://repo.adobe.com/nexus/content/groups/public/org/junit/platform/junit-platform-commons/1.3.2/junit-platform-commons-1.3.2.pom
[INFO] Downloading from central: https://repo.maven.apache.org/maven2/org/junit/platform/junit-platform-commons/1.3.2/junit-platform-commons-1.3.2.pom
[INFO] Downloaded from central: https://repo.maven.apache.org/maven2/org/junit/platform/junit-platform-commons/1.3.2/junit-platform-commons-1.3.2.pom (2.0 kB at 5.5 kB/s)
[INFO] Downloading from adobe-public-releases: https://repo.adobe.com/nexus/content/groups/public/junit/junit/4.13.1/junit-4.13.1.pom
[INFO] Downloading from central: https://repo.maven.apache.org/maven2/junit/junit/4.13.1/junit-4.13.1.pom
[INFO] Downloaded from central: https://repo.maven.apache.org/maven2/junit/junit/4.13.1/junit-4.13.1.pom (25 kB at 65 kB/s)
[INFO] Downloading from adobe-public-releases: https://repo.adobe.com/nexus/content/groups/public/org/hamcrest/hamcrest-core/1.3/hamcrest-core-1.3.pom
[INFO] Downloaded from adobe-public-releases: https://repo.adobe.com/nexus/content/groups/public/org/hamcrest/hamcrest-core/1.3/hamcrest-core-1.3.pom (766 B at 568 B/s)
[INFO] Downloading from adobe-public-releases: https://repo.adobe.com/nexus/content/groups/public/net/sf/saxon/Saxon-HE/9.7.0-15/Saxon-HE-9.7.0-15.pom
[INFO] Downloading from central: https://repo.maven.apache.org/maven2/net/sf/saxon/Saxon-HE/9.7.0-15/Saxon-HE-9.7.0-15.pom
[INFO] Downloaded from central: https://repo.maven.apache.org/maven2/net/sf/saxon/Saxon-HE/9.7.0-15/Saxon-HE-9.7.0-15.pom (3.4 kB at 9.1 kB/s)
[INFO] Downloading from adobe-public-releases: https://repo.adobe.com/nexus/content/groups/public/com/sun/codemodel/codemodel/2.6/codemodel-2.6.pom
[INFO] Downloading from central: https://repo.maven.apache.org/maven2/com/sun/codemodel/codemodel/2.6/codemodel-2.6.pom
[INFO] Downloaded from central: https://repo.maven.apache.org/maven2/com/sun/codemodel/codemodel/2.6/codemodel-2.6.pom (2.9 kB at 8.0 kB/s)
[INFO] Downloading from adobe-public-releases: https://repo.adobe.com/nexus/content/groups/public/org/apache/logging/log4j/log4j-core/2.13.2/log4j-core-2.13.2.pom
[INFO] Downloading from central: https://repo.maven.apache.org/maven2/org/apache/logging/log4j/log4j-core/2.13.2/log4j-core-2.13.2.pom
[INFO] Downloaded from central: https://repo.maven.apache.org/maven2/org/apache/logging/log4j/log4j-core/2.13.2/log4j-core-2.13.2.pom (23 kB at 60 kB/s)
[INFO] Downloading from adobe-public-releases: https://repo.adobe.com/nexus/content/groups/public/org/apache/logging/log4j/log4j-api/2.13.2/log4j-api-2.13.2.pom
[INFO] Downloading from central: https://repo.maven.apache.org/maven2/org/apache/logging/log4j/log4j-api/2.13.2/log4j-api-2.13.2.pom
[INFO] Downloaded from central: https://repo.maven.apache.org/maven2/org/apache/logging/log4j/log4j-api/2.13.2/log4j-api-2.13.2.pom (13 kB at 35 kB/s)
[INFO] Downloading from adobe-public-releases: https://repo.adobe.com/nexus/content/groups/public/org/apache/sling/org.apache.sling.api/2.16.4/org.apache.sling.api-2.16.4.pom
[INFO] Downloading from central: https://repo.maven.apache.org/maven2/org/apache/sling/org.apache.sling.api/2.16.4/org.apache.sling.api-2.16.4.pom
[INFO] Downloaded from central: https://repo.maven.apache.org/maven2/org/apache/sling/org.apache.sling.api/2.16.4/org.apache.sling.api-2.16.4.pom (5.9 kB at 16 kB/s)
[INFO] Downloading from adobe-public-releases: https://repo.adobe.com/nexus/content/groups/public/org/apache/sling/org.apache.sling.models.api/1.3.6/org.apache.sling.models.api-1.3.6.pom
[INFO] Downloading from central: https://repo.maven.apache.org/maven2/org/apache/sling/org.apache.sling.models.api/1.3.6/org.apache.sling.models.api-1.3.6.pom
[INFO] Downloaded from central: https://repo.maven.apache.org/maven2/org/apache/sling/org.apache.sling.models.api/1.3.6/org.apache.sling.models.api-1.3.6.pom (3.9 kB at 11 kB/s)
[INFO] Downloading from adobe-public-releases: https://repo.adobe.com/nexus/content/groups/public/org/apache/felix/org.apache.felix.http.servlet-api/1.1.2/org.apache.felix.http.servlet-api-1.1.2.pom
[INFO] Downloading from central: https://repo.maven.apache.org/maven2/org/apache/felix/org.apache.felix.http.servlet-api/1.1.2/org.apache.felix.http.servlet-api-1.1.2.pom
[INFO] Downloaded from central: https://repo.maven.apache.org/maven2/org/apache/felix/org.apache.felix.http.servlet-api/1.1.2/org.apache.felix.http.servlet-api-1.1.2.pom (3.8 kB at 10 kB/s)
[INFO] Downloading from adobe-public-releases: https://repo.adobe.com/nexus/content/groups/public/org/apache/tomcat/tomcat-servlet-api/8.0.9/tomcat-servlet-api-8.0.9.pom
[INFO] Downloading from central: https://repo.maven.apache.org/maven2/org/apache/tomcat/tomcat-servlet-api/8.0.9/tomcat-servlet-api-8.0.9.pom
[INFO] Downloaded from central: https://repo.maven.apache.org/maven2/org/apache/tomcat/tomcat-servlet-api/8.0.9/tomcat-servlet-api-8.0.9.pom (2.2 kB at 5.9 kB/s)
[INFO] Downloading from adobe-public-releases: https://repo.adobe.com/nexus/content/groups/public/com/adobe/acs/acs-aem-commons-bundle/5.0.4/acs-aem-commons-bundle-5.0.4.pom
[INFO] Downloading from central: https://repo.maven.apache.org/maven2/com/adobe/acs/acs-aem-commons-bundle/5.0.4/acs-aem-commons-bundle-5.0.4.pom
[INFO] Downloaded from central: https://repo.maven.apache.org/maven2/com/adobe/acs/acs-aem-commons-bundle/5.0.4/acs-aem-commons-bundle-5.0.4.pom (40 kB at 88 kB/s)
[INFO] Downloading from adobe-public-releases: https://repo.adobe.com/nexus/content/groups/public/com/adobe/cq/com.adobe.cq.export.json/0.1.10/com.adobe.cq.export.json-0.1.10.pom
[INFO] Downloaded from adobe-public-releases: https://repo.adobe.com/nexus/content/groups/public/com/adobe/cq/com.adobe.cq.export.json/0.1.10/com.adobe.cq.export.json-0.1.10.pom (3.1 kB at 2.3 kB/s)
[INFO] Downloading from adobe-public-releases: https://repo.adobe.com/nexus/content/groups/public/com/fasterxml/jackson/core/jackson-databind/2.11.3/jackson-databind-2.11.3.jar
[INFO] Downloading from central: https://repo.maven.apache.org/maven2/com/fasterxml/jackson/core/jackson-databind/2.11.3/jackson-databind-2.11.3.jar
[INFO] Downloaded from central: https://repo.maven.apache.org/maven2/com/fasterxml/jackson/core/jackson-databind/2.11.3/jackson-databind-2.11.3.jar (1.4 MB at 758 kB/s)
[INFO] Downloading from adobe-public-releases: https://repo.adobe.com/nexus/content/groups/public/com/fasterxml/jackson/core/jackson-annotations/2.11.3/jackson-annotations-2.11.3.jar
[INFO] Downloading from central: https://repo.maven.apache.org/maven2/com/fasterxml/jackson/core/jackson-annotations/2.11.3/jackson-annotations-2.11.3.jar
[INFO] Downloaded from central: https://repo.maven.apache.org/maven2/com/fasterxml/jackson/core/jackson-annotations/2.11.3/jackson-annotations-2.11.3.jar (68 kB at 115 kB/s)
[INFO] Downloading from adobe-public-releases: https://repo.adobe.com/nexus/content/groups/public/com/fasterxml/jackson/core/jackson-core/2.11.3/jackson-core-2.11.3.jar
[INFO] Downloading from central: https://repo.maven.apache.org/maven2/com/fasterxml/jackson/core/jackson-core/2.11.3/jackson-core-2.11.3.jar
[INFO] Downloaded from central: https://repo.maven.apache.org/maven2/com/fasterxml/jackson/core/jackson-core/2.11.3/jackson-core-2.11.3.jar (351 kB at 344 kB/s)
[INFO] Downloading from adobe-public-releases: https://repo.adobe.com/nexus/content/groups/public/org/apache/commons/commons-text/1.6/commons-text-1.6.jar
[INFO] Downloading from central: https://repo.maven.apache.org/maven2/org/apache/commons/commons-text/1.6/commons-text-1.6.jar
[INFO] Downloaded from central: https://repo.maven.apache.org/maven2/org/apache/commons/commons-text/1.6/commons-text-1.6.jar (197 kB at 242 kB/s)
[INFO] Downloading from adobe-public-releases: https://repo.adobe.com/nexus/content/groups/public/org/apache/commons/commons-lang3/3.9/commons-lang3-3.9.jar
[INFO] Downloading from central: https://repo.maven.apache.org/maven2/org/apache/commons/commons-lang3/3.9/commons-lang3-3.9.jar
[INFO] Downloaded from central: https://repo.maven.apache.org/maven2/org/apache/commons/commons-lang3/3.9/commons-lang3-3.9.jar (504 kB at 253 kB/s)
[INFO] Downloading from adobe-public-releases: https://repo.adobe.com/nexus/content/groups/public/org/junit/jupiter/junit-jupiter-api/5.3.2/junit-jupiter-api-5.3.2.jar
[INFO] Downloading from central: https://repo.maven.apache.org/maven2/org/junit/jupiter/junit-jupiter-api/5.3.2/junit-jupiter-api-5.3.2.jar
[INFO] Downloaded from central: https://repo.maven.apache.org/maven2/org/junit/jupiter/junit-jupiter-api/5.3.2/junit-jupiter-api-5.3.2.jar (115 kB at 137 kB/s)
[INFO] Downloading from adobe-public-releases: https://repo.adobe.com/nexus/content/groups/public/org/apiguardian/apiguardian-api/1.0.0/apiguardian-api-1.0.0.jar
[INFO] Downloading from central: https://repo.maven.apache.org/maven2/org/apiguardian/apiguardian-api/1.0.0/apiguardian-api-1.0.0.jar
[INFO] Downloaded from central: https://repo.maven.apache.org/maven2/org/apiguardian/apiguardian-api/1.0.0/apiguardian-api-1.0.0.jar (2.2 kB at 5.9 kB/s)
[INFO] Downloading from adobe-public-releases: https://repo.adobe.com/nexus/content/groups/public/org/opentest4j/opentest4j/1.1.1/opentest4j-1.1.1.jar
[INFO] Downloading from central: https://repo.maven.apache.org/maven2/org/opentest4j/opentest4j/1.1.1/opentest4j-1.1.1.jar
[INFO] Downloaded from central: https://repo.maven.apache.org/maven2/org/opentest4j/opentest4j/1.1.1/opentest4j-1.1.1.jar (7.1 kB at 19 kB/s)
[INFO] Downloading from adobe-public-releases: https://repo.adobe.com/nexus/content/groups/public/org/junit/platform/junit-platform-commons/1.3.2/junit-platform-commons-1.3.2.jar
[INFO] Downloading from central: https://repo.maven.apache.org/maven2/org/junit/platform/junit-platform-commons/1.3.2/junit-platform-commons-1.3.2.jar
[INFO] Downloaded from central: https://repo.maven.apache.org/maven2/org/junit/platform/junit-platform-commons/1.3.2/junit-platform-commons-1.3.2.jar (78 kB at 118 kB/s)
[INFO] Downloading from adobe-public-releases: https://repo.adobe.com/nexus/content/groups/public/junit/junit/4.13.1/junit-4.13.1.jar
[INFO] Downloading from central: https://repo.maven.apache.org/maven2/junit/junit/4.13.1/junit-4.13.1.jar
[INFO] Downloaded from central: https://repo.maven.apache.org/maven2/junit/junit/4.13.1/junit-4.13.1.jar (383 kB at 196 kB/s)
[INFO] Downloading from adobe-public-releases: https://repo.adobe.com/nexus/content/groups/public/org/hamcrest/hamcrest-core/1.3/hamcrest-core-1.3.jar
[INFO] Downloaded from adobe-public-releases: https://repo.adobe.com/nexus/content/groups/public/org/hamcrest/hamcrest-core/1.3/hamcrest-core-1.3.jar (45 kB at 24 kB/s)
[INFO] Downloading from adobe-public-releases: https://repo.adobe.com/nexus/content/groups/public/net/sf/saxon/Saxon-HE/9.7.0-15/Saxon-HE-9.7.0-15.jar
[INFO] Downloading from central: https://repo.maven.apache.org/maven2/net/sf/saxon/Saxon-HE/9.7.0-15/Saxon-HE-9.7.0-15.jar
[INFO] Downloaded from central: https://repo.maven.apache.org/maven2/net/sf/saxon/Saxon-HE/9.7.0-15/Saxon-HE-9.7.0-15.jar (4.8 MB at 293 kB/s)
[INFO] Downloading from adobe-public-releases: https://repo.adobe.com/nexus/content/groups/public/com/sun/codemodel/codemodel/2.6/codemodel-2.6.jar
[INFO] Downloading from central: https://repo.maven.apache.org/maven2/com/sun/codemodel/codemodel/2.6/codemodel-2.6.jar
[INFO] Downloaded from central: https://repo.maven.apache.org/maven2/com/sun/codemodel/codemodel/2.6/codemodel-2.6.jar (152 kB at 268 kB/s)
[INFO] Downloading from adobe-public-releases: https://repo.adobe.com/nexus/content/groups/public/org/apache/logging/log4j/log4j-core/2.13.2/log4j-core-2.13.2.jar
[INFO] Downloading from central: https://repo.maven.apache.org/maven2/org/apache/logging/log4j/log4j-core/2.13.2/log4j-core-2.13.2.jar
[INFO] Downloaded from central: https://repo.maven.apache.org/maven2/org/apache/logging/log4j/log4j-core/2.13.2/log4j-core-2.13.2.jar (1.7 MB at 583 kB/s)
[INFO] Downloading from adobe-public-releases: https://repo.adobe.com/nexus/content/groups/public/org/apache/logging/log4j/log4j-api/2.13.2/log4j-api-2.13.2.jar
[INFO] Downloading from central: https://repo.maven.apache.org/maven2/org/apache/logging/log4j/log4j-api/2.13.2/log4j-api-2.13.2.jar
[INFO] Downloaded from central: https://repo.maven.apache.org/maven2/org/apache/logging/log4j/log4j-api/2.13.2/log4j-api-2.13.2.jar (292 kB at 309 kB/s)
[INFO] Downloading from adobe-public-releases: https://repo.adobe.com/nexus/content/groups/public/org/apache/sling/org.apache.sling.api/2.16.4/org.apache.sling.api-2.16.4.jar
[INFO] Downloading from central: https://repo.maven.apache.org/maven2/org/apache/sling/org.apache.sling.api/2.16.4/org.apache.sling.api-2.16.4.jar
[INFO] Downloaded from central: https://repo.maven.apache.org/maven2/org/apache/sling/org.apache.sling.api/2.16.4/org.apache.sling.api-2.16.4.jar (133 kB at 219 kB/s)
[INFO] Downloading from adobe-public-releases: https://repo.adobe.com/nexus/content/groups/public/org/apache/sling/org.apache.sling.models.api/1.3.6/org.apache.sling.models.api-1.3.6.jar
[INFO] Downloading from central: https://repo.maven.apache.org/maven2/org/apache/sling/org.apache.sling.models.api/1.3.6/org.apache.sling.models.api-1.3.6.jar
[INFO] Downloaded from central: https://repo.maven.apache.org/maven2/org/apache/sling/org.apache.sling.models.api/1.3.6/org.apache.sling.models.api-1.3.6.jar (44 kB at 102 kB/s)
[INFO] Downloading from adobe-public-releases: https://repo.adobe.com/nexus/content/groups/public/org/apache/felix/org.apache.felix.http.servlet-api/1.1.2/org.apache.felix.http.servlet-api-1.1.2.jar
[INFO] Downloading from central: https://repo.maven.apache.org/maven2/org/apache/felix/org.apache.felix.http.servlet-api/1.1.2/org.apache.felix.http.servlet-api-1.1.2.jar
[INFO] Downloaded from central: https://repo.maven.apache.org/maven2/org/apache/felix/org.apache.felix.http.servlet-api/1.1.2/org.apache.felix.http.servlet-api-1.1.2.jar (243 kB at 305 kB/s)
[INFO] Downloading from adobe-public-releases: https://repo.adobe.com/nexus/content/groups/public/org/apache/tomcat/tomcat-servlet-api/8.0.9/tomcat-servlet-api-8.0.9.jar
[INFO] Downloading from central: https://repo.maven.apache.org/maven2/org/apache/tomcat/tomcat-servlet-api/8.0.9/tomcat-servlet-api-8.0.9.jar
[INFO] Downloaded from central: https://repo.maven.apache.org/maven2/org/apache/tomcat/tomcat-servlet-api/8.0.9/tomcat-servlet-api-8.0.9.jar (244 kB at 310 kB/s)
[INFO] Downloading from adobe-public-releases: https://repo.adobe.com/nexus/content/groups/public/com/adobe/acs/acs-aem-commons-bundle/5.0.4/acs-aem-commons-bundle-5.0.4.jar
[INFO] Downloading from central: https://repo.maven.apache.org/maven2/com/adobe/acs/acs-aem-commons-bundle/5.0.4/acs-aem-commons-bundle-5.0.4.jar
[INFO] Downloaded from central: https://repo.maven.apache.org/maven2/com/adobe/acs/acs-aem-commons-bundle/5.0.4/acs-aem-commons-bundle-5.0.4.jar (15 MB at 329 kB/s)
[INFO] Downloading from adobe-public-releases: https://repo.adobe.com/nexus/content/groups/public/com/adobe/cq/com.adobe.cq.export.json/0.1.10/com.adobe.cq.export.json-0.1.10.jar
[INFO] Downloaded from adobe-public-releases: https://repo.adobe.com/nexus/content/groups/public/com/adobe/cq/com.adobe.cq.export.json/0.1.10/com.adobe.cq.export.json-0.1.10.jar (9.5 kB at 5.7 kB/s)
[INFO] ------------------------------------------------------------------------
[INFO] BUILD SUCCESS
[INFO] ------------------------------------------------------------------------
[INFO] Total time:  04:02 min
[INFO] Finished at: 2021-03-28T18:39:19+08:00
[INFO] ------------------------------------------------------------------------
WARNING: An illegal reflective access operation has occurred
WARNING: Illegal reflective access by com.google.inject.internal.cglib.core.$ReflectUtils$1 (file:/usr/share/maven/lib/guice.jar) to method java.lang.ClassLoader.defineClass(java.lang.String,byte[],int,int,java.security.ProtectionDomain)
WARNING: Please consider reporting this to the maintainers of com.google.inject.internal.cglib.core.$ReflectUtils$1
WARNING: Use --illegal-access=warn to enable warnings of further illegal reflective access operations
WARNING: All illegal access operations will be denied in a future release
