[INFO] Scanning for projects...
[WARNING] 
[WARNING] Some problems were encountered while building the effective model for cn.wensiqun:asmsupport-third:jar:0.4.4
[WARNING] 'build.plugins.plugin.version' for org.apache.maven.plugins:maven-source-plugin is missing. @ cn.wensiqun:asmsupport:0.4.4, /home/codegex/Documents/workspace/rbugs/experiment/top100repos/asmsupport/pom.xml, line 158, column 12
[WARNING] 
[WARNING] Some problems were encountered while building the effective model for cn.wensiqun:asmsupport-standard:jar:0.4.4
[WARNING] 'build.plugins.plugin.version' for org.apache.maven.plugins:maven-source-plugin is missing. @ cn.wensiqun:asmsupport:0.4.4, /home/codegex/Documents/workspace/rbugs/experiment/top100repos/asmsupport/pom.xml, line 158, column 12
[WARNING] 
[WARNING] Some problems were encountered while building the effective model for cn.wensiqun:asmsupport-core:jar:0.4.4
[WARNING] 'build.plugins.plugin.version' for org.apache.maven.plugins:maven-source-plugin is missing. @ cn.wensiqun:asmsupport:0.4.4, /home/codegex/Documents/workspace/rbugs/experiment/top100repos/asmsupport/pom.xml, line 158, column 12
[WARNING] 
[WARNING] Some problems were encountered while building the effective model for cn.wensiqun:asmsupport-client:jar:0.4.4
[WARNING] 'build.plugins.plugin.version' for org.apache.maven.plugins:maven-source-plugin is missing. @ cn.wensiqun:asmsupport:0.4.4, /home/codegex/Documents/workspace/rbugs/experiment/top100repos/asmsupport/pom.xml, line 158, column 12
[WARNING] 
[WARNING] Some problems were encountered while building the effective model for cn.wensiqun:asmsupport-grammar:jar:0.4.4
[WARNING] 'build.plugins.plugin.version' for org.apache.maven.plugins:maven-source-plugin is missing. @ cn.wensiqun:asmsupport:0.4.4, /home/codegex/Documents/workspace/rbugs/experiment/top100repos/asmsupport/pom.xml, line 158, column 12
[WARNING] 
[WARNING] Some problems were encountered while building the effective model for cn.wensiqun:asmsupport-issues:jar:0.4.4
[WARNING] 'build.plugins.plugin.version' for org.apache.maven.plugins:maven-source-plugin is missing. @ cn.wensiqun:asmsupport:0.4.4, /home/codegex/Documents/workspace/rbugs/experiment/top100repos/asmsupport/pom.xml, line 158, column 12
[WARNING] 
[WARNING] Some problems were encountered while building the effective model for cn.wensiqun:asmsupport-sample:jar:0.4.4
[WARNING] 'build.plugins.plugin.version' for org.apache.maven.plugins:maven-source-plugin is missing. @ cn.wensiqun:asmsupport:0.4.4, /home/codegex/Documents/workspace/rbugs/experiment/top100repos/asmsupport/pom.xml, line 158, column 12
[WARNING] 
[WARNING] Some problems were encountered while building the effective model for cn.wensiqun:asmsupport-lesson:jar:0.4.4
[WARNING] 'build.plugins.plugin.version' for org.apache.maven.plugins:maven-surefire-plugin is missing. @ line 29, column 21
[WARNING] 'build.plugins.plugin.version' for org.apache.maven.plugins:maven-source-plugin is missing. @ cn.wensiqun:asmsupport:0.4.4, /home/codegex/Documents/workspace/rbugs/experiment/top100repos/asmsupport/pom.xml, line 158, column 12
[WARNING] 
[WARNING] Some problems were encountered while building the effective model for cn.wensiqun:asmsupport:pom:0.4.4
[WARNING] 'build.plugins.plugin.version' for org.apache.maven.plugins:maven-source-plugin is missing. @ line 158, column 12
[WARNING] 
[WARNING] It is highly recommended to fix these problems because they threaten the stability of your build.
[WARNING] 
[WARNING] For this reason, future Maven versions might no longer support building such malformed projects.
[WARNING] 
[INFO] ------------------------------------------------------------------------
[INFO] Reactor Build Order:
[INFO] 
[INFO] asmsupport                                                         [pom]
[INFO] asmsupport-third                                                   [jar]
[INFO] asmsupport-standard                                                [jar]
[INFO] asmsupport-core                                                    [jar]
[INFO] asmsupport-client                                                  [jar]
[INFO] asmsupport-grammar                                                 [jar]
[INFO] asmsupport-issues                                                  [jar]
[INFO] asmsupport-sample                                                  [jar]
[INFO] asmsupport-lesson                                                  [jar]
[INFO] 
[INFO] -----------------------< cn.wensiqun:asmsupport >-----------------------
[INFO] Building asmsupport 0.4.4                                          [1/9]
[INFO] --------------------------------[ pom ]---------------------------------
[INFO] 
[INFO] --- maven-clean-plugin:2.5:clean (default-clean) @ asmsupport ---
[INFO] 
[INFO] --- jacoco-maven-plugin:0.7.5.201505241946:prepare-agent (prepare-agent) @ asmsupport ---
[INFO] argLine set to -javaagent:/home/codegex/.m2/repository/org/jacoco/org.jacoco.agent/0.7.5.201505241946/org.jacoco.agent-0.7.5.201505241946-runtime.jar=destfile=/home/codegex/Documents/workspace/rbugs/experiment/top100repos/asmsupport/target/jacoco.exec,excludes=**/org/apache/**/*.*:**/org/objectweb/**/*.*
[INFO] 
[INFO] >>> maven-source-plugin:3.2.1:jar (default) > generate-sources @ asmsupport >>>
[INFO] 
[INFO] --- jacoco-maven-plugin:0.7.5.201505241946:prepare-agent (prepare-agent) @ asmsupport ---
[INFO] argLine set to -javaagent:/home/codegex/.m2/repository/org/jacoco/org.jacoco.agent/0.7.5.201505241946/org.jacoco.agent-0.7.5.201505241946-runtime.jar=destfile=/home/codegex/Documents/workspace/rbugs/experiment/top100repos/asmsupport/target/jacoco.exec,excludes=**/org/apache/**/*.*:**/org/objectweb/**/*.*
[INFO] 
[INFO] <<< maven-source-plugin:3.2.1:jar (default) < generate-sources @ asmsupport <<<
[INFO] 
[INFO] 
[INFO] --- maven-source-plugin:3.2.1:jar (default) @ asmsupport ---
[INFO] 
[INFO] --- maven-install-plugin:2.4:install (default-install) @ asmsupport ---
[INFO] Installing /home/codegex/Documents/workspace/rbugs/experiment/top100repos/asmsupport/pom.xml to /home/codegex/.m2/repository/cn/wensiqun/asmsupport/0.4.4/asmsupport-0.4.4.pom
[INFO] 
[INFO] --------------------< cn.wensiqun:asmsupport-third >--------------------
[INFO] Building asmsupport-third 0.4.4                                    [2/9]
[INFO] --------------------------------[ jar ]---------------------------------
[INFO] 
[INFO] --- maven-clean-plugin:2.5:clean (default-clean) @ asmsupport-third ---
[INFO] Deleting /home/codegex/Documents/workspace/rbugs/experiment/top100repos/asmsupport/asmsupport-third/target
[INFO] 
[INFO] --- jacoco-maven-plugin:0.7.5.201505241946:prepare-agent (prepare-agent) @ asmsupport-third ---
[INFO] argLine set to -javaagent:/home/codegex/.m2/repository/org/jacoco/org.jacoco.agent/0.7.5.201505241946/org.jacoco.agent-0.7.5.201505241946-runtime.jar=destfile=/home/codegex/Documents/workspace/rbugs/experiment/top100repos/asmsupport/asmsupport-third/target/jacoco.exec,excludes=**/org/apache/**/*.*:**/org/objectweb/**/*.*
[INFO] 
[INFO] --- maven-resources-plugin:2.6:resources (default-resources) @ asmsupport-third ---
[INFO] Using 'UTF-8' encoding to copy filtered resources.
[INFO] skip non existing resourceDirectory /home/codegex/Documents/workspace/rbugs/experiment/top100repos/asmsupport/asmsupport-third/src/main/resources
[INFO] 
[INFO] --- maven-compiler-plugin:3.0:compile (default-compile) @ asmsupport-third ---
[INFO] Changes detected - recompiling the module!
[INFO] Compiling 31 source files to /home/codegex/Documents/workspace/rbugs/experiment/top100repos/asmsupport/asmsupport-third/target/classes
[WARNING] /home/codegex/Documents/workspace/rbugs/experiment/top100repos/asmsupport/asmsupport-third/src/main/java/cn/wensiqun/asmsupport/org/objectweb/asm/ClassReader.java: 某些输入文件使用或覆盖了已过时的 API。
[WARNING] /home/codegex/Documents/workspace/rbugs/experiment/top100repos/asmsupport/asmsupport-third/src/main/java/cn/wensiqun/asmsupport/org/objectweb/asm/ClassReader.java: 有关详细信息, 请使用 -Xlint:deprecation 重新编译。
[INFO] 
[INFO] >>> maven-source-plugin:3.2.1:jar (default) > generate-sources @ asmsupport-third >>>
[INFO] 
[INFO] --- jacoco-maven-plugin:0.7.5.201505241946:prepare-agent (prepare-agent) @ asmsupport-third ---
[INFO] argLine set to -javaagent:/home/codegex/.m2/repository/org/jacoco/org.jacoco.agent/0.7.5.201505241946/org.jacoco.agent-0.7.5.201505241946-runtime.jar=destfile=/home/codegex/Documents/workspace/rbugs/experiment/top100repos/asmsupport/asmsupport-third/target/jacoco.exec,excludes=**/org/apache/**/*.*:**/org/objectweb/**/*.*
[INFO] 
[INFO] <<< maven-source-plugin:3.2.1:jar (default) < generate-sources @ asmsupport-third <<<
[INFO] 
[INFO] 
[INFO] --- maven-source-plugin:3.2.1:jar (default) @ asmsupport-third ---
[INFO] Building jar: /home/codegex/Documents/workspace/rbugs/experiment/top100repos/asmsupport/asmsupport-third/target/asmsupport-third-0.4.4-sources.jar
[INFO] 
[INFO] --- maven-resources-plugin:2.6:testResources (default-testResources) @ asmsupport-third ---
[INFO] Using 'UTF-8' encoding to copy filtered resources.
[INFO] skip non existing resourceDirectory /home/codegex/Documents/workspace/rbugs/experiment/top100repos/asmsupport/asmsupport-third/src/test/resources
[INFO] 
[INFO] --- maven-compiler-plugin:3.0:testCompile (default-testCompile) @ asmsupport-third ---
[INFO] No sources to compile
[INFO] 
[INFO] --- maven-surefire-plugin:2.12.4:test (default-test) @ asmsupport-third ---
[INFO] Tests are skipped.
[INFO] 
[INFO] --- maven-jar-plugin:2.4:jar (default-jar) @ asmsupport-third ---
[INFO] Building jar: /home/codegex/Documents/workspace/rbugs/experiment/top100repos/asmsupport/asmsupport-third/target/asmsupport-third-0.4.4.jar
[INFO] 
[INFO] --- maven-install-plugin:2.4:install (default-install) @ asmsupport-third ---
[INFO] Installing /home/codegex/Documents/workspace/rbugs/experiment/top100repos/asmsupport/asmsupport-third/target/asmsupport-third-0.4.4.jar to /home/codegex/.m2/repository/cn/wensiqun/asmsupport-third/0.4.4/asmsupport-third-0.4.4.jar
[INFO] Installing /home/codegex/Documents/workspace/rbugs/experiment/top100repos/asmsupport/asmsupport-third/pom.xml to /home/codegex/.m2/repository/cn/wensiqun/asmsupport-third/0.4.4/asmsupport-third-0.4.4.pom
[INFO] Installing /home/codegex/Documents/workspace/rbugs/experiment/top100repos/asmsupport/asmsupport-third/target/asmsupport-third-0.4.4-sources.jar to /home/codegex/.m2/repository/cn/wensiqun/asmsupport-third/0.4.4/asmsupport-third-0.4.4-sources.jar
[INFO] 
[INFO] ------------------< cn.wensiqun:asmsupport-standard >-------------------
[INFO] Building asmsupport-standard 0.4.4                                 [3/9]
[INFO] --------------------------------[ jar ]---------------------------------
[INFO] 
[INFO] --- maven-clean-plugin:2.5:clean (default-clean) @ asmsupport-standard ---
[INFO] Deleting /home/codegex/Documents/workspace/rbugs/experiment/top100repos/asmsupport/asmsupport-standard/target
[INFO] 
[INFO] --- jacoco-maven-plugin:0.7.5.201505241946:prepare-agent (prepare-agent) @ asmsupport-standard ---
[INFO] argLine set to -javaagent:/home/codegex/.m2/repository/org/jacoco/org.jacoco.agent/0.7.5.201505241946/org.jacoco.agent-0.7.5.201505241946-runtime.jar=destfile=/home/codegex/Documents/workspace/rbugs/experiment/top100repos/asmsupport/asmsupport-standard/target/jacoco.exec,excludes=**/org/apache/**/*.*:**/org/objectweb/**/*.*
[INFO] 
[INFO] --- maven-resources-plugin:2.6:resources (default-resources) @ asmsupport-standard ---
[INFO] Using 'UTF-8' encoding to copy filtered resources.
[INFO] skip non existing resourceDirectory /home/codegex/Documents/workspace/rbugs/experiment/top100repos/asmsupport/asmsupport-standard/src/main/resources
[INFO] 
[INFO] --- maven-compiler-plugin:3.0:compile (default-compile) @ asmsupport-standard ---
[INFO] Changes detected - recompiling the module!
[INFO] Compiling 55 source files to /home/codegex/Documents/workspace/rbugs/experiment/top100repos/asmsupport/asmsupport-standard/target/classes
[WARNING] /home/codegex/Documents/workspace/rbugs/experiment/top100repos/asmsupport/asmsupport-standard/src/main/java/cn/wensiqun/asmsupport/standard/action/MethodInvokeAction.java: 某些输入文件使用了未经检查或不安全的操作。
[WARNING] /home/codegex/Documents/workspace/rbugs/experiment/top100repos/asmsupport/asmsupport-standard/src/main/java/cn/wensiqun/asmsupport/standard/action/MethodInvokeAction.java: 有关详细信息, 请使用 -Xlint:unchecked 重新编译。
[INFO] 
[INFO] >>> maven-source-plugin:3.2.1:jar (default) > generate-sources @ asmsupport-standard >>>
[INFO] 
[INFO] --- jacoco-maven-plugin:0.7.5.201505241946:prepare-agent (prepare-agent) @ asmsupport-standard ---
[INFO] argLine set to -javaagent:/home/codegex/.m2/repository/org/jacoco/org.jacoco.agent/0.7.5.201505241946/org.jacoco.agent-0.7.5.201505241946-runtime.jar=destfile=/home/codegex/Documents/workspace/rbugs/experiment/top100repos/asmsupport/asmsupport-standard/target/jacoco.exec,excludes=**/org/apache/**/*.*:**/org/objectweb/**/*.*
[INFO] 
[INFO] <<< maven-source-plugin:3.2.1:jar (default) < generate-sources @ asmsupport-standard <<<
[INFO] 
[INFO] 
[INFO] --- maven-source-plugin:3.2.1:jar (default) @ asmsupport-standard ---
[INFO] Building jar: /home/codegex/Documents/workspace/rbugs/experiment/top100repos/asmsupport/asmsupport-standard/target/asmsupport-standard-0.4.4-sources.jar
[INFO] 
[INFO] --- maven-resources-plugin:2.6:testResources (default-testResources) @ asmsupport-standard ---
[INFO] Using 'UTF-8' encoding to copy filtered resources.
[INFO] skip non existing resourceDirectory /home/codegex/Documents/workspace/rbugs/experiment/top100repos/asmsupport/asmsupport-standard/src/test/resources
[INFO] 
[INFO] --- maven-compiler-plugin:3.0:testCompile (default-testCompile) @ asmsupport-standard ---
[INFO] No sources to compile
[INFO] 
[INFO] --- maven-surefire-plugin:2.12.4:test (default-test) @ asmsupport-standard ---
[INFO] Tests are skipped.
[INFO] 
[INFO] --- maven-jar-plugin:2.4:jar (default-jar) @ asmsupport-standard ---
[INFO] Building jar: /home/codegex/Documents/workspace/rbugs/experiment/top100repos/asmsupport/asmsupport-standard/target/asmsupport-standard-0.4.4.jar
[INFO] 
[INFO] --- maven-install-plugin:2.4:install (default-install) @ asmsupport-standard ---
[INFO] Installing /home/codegex/Documents/workspace/rbugs/experiment/top100repos/asmsupport/asmsupport-standard/target/asmsupport-standard-0.4.4.jar to /home/codegex/.m2/repository/cn/wensiqun/asmsupport-standard/0.4.4/asmsupport-standard-0.4.4.jar
[INFO] Installing /home/codegex/Documents/workspace/rbugs/experiment/top100repos/asmsupport/asmsupport-standard/pom.xml to /home/codegex/.m2/repository/cn/wensiqun/asmsupport-standard/0.4.4/asmsupport-standard-0.4.4.pom
[INFO] Installing /home/codegex/Documents/workspace/rbugs/experiment/top100repos/asmsupport/asmsupport-standard/target/asmsupport-standard-0.4.4-sources.jar to /home/codegex/.m2/repository/cn/wensiqun/asmsupport-standard/0.4.4/asmsupport-standard-0.4.4-sources.jar
[INFO] 
[INFO] --------------------< cn.wensiqun:asmsupport-core >---------------------
[INFO] Building asmsupport-core 0.4.4                                     [4/9]
[INFO] --------------------------------[ jar ]---------------------------------
[INFO] 
[INFO] --- maven-clean-plugin:2.5:clean (default-clean) @ asmsupport-core ---
[INFO] Deleting /home/codegex/Documents/workspace/rbugs/experiment/top100repos/asmsupport/asmsupport-core/target
[INFO] 
[INFO] --- jacoco-maven-plugin:0.7.5.201505241946:prepare-agent (prepare-agent) @ asmsupport-core ---
[INFO] argLine set to -javaagent:/home/codegex/.m2/repository/org/jacoco/org.jacoco.agent/0.7.5.201505241946/org.jacoco.agent-0.7.5.201505241946-runtime.jar=destfile=/home/codegex/Documents/workspace/rbugs/experiment/top100repos/asmsupport/asmsupport-core/target/jacoco.exec,excludes=**/org/apache/**/*.*:**/org/objectweb/**/*.*
[INFO] 
[INFO] --- maven-resources-plugin:2.6:resources (default-resources) @ asmsupport-core ---
[INFO] Using 'UTF-8' encoding to copy filtered resources.
[INFO] skip non existing resourceDirectory /home/codegex/Documents/workspace/rbugs/experiment/top100repos/asmsupport/asmsupport-core/src/main/resources
[INFO] 
[INFO] --- maven-compiler-plugin:3.0:compile (default-compile) @ asmsupport-core ---
[INFO] Changes detected - recompiling the module!
[INFO] Compiling 187 source files to /home/codegex/Documents/workspace/rbugs/experiment/top100repos/asmsupport/asmsupport-core/target/classes
[WARNING] /home/codegex/Documents/workspace/rbugs/experiment/top100repos/asmsupport/asmsupport-core/src/main/java/cn/wensiqun/asmsupport/core/asm/Instructions.java: 某些输入文件使用或覆盖了已过时的 API。
[WARNING] /home/codegex/Documents/workspace/rbugs/experiment/top100repos/asmsupport/asmsupport-core/src/main/java/cn/wensiqun/asmsupport/core/asm/Instructions.java: 有关详细信息, 请使用 -Xlint:deprecation 重新编译。
[WARNING] /home/codegex/Documents/workspace/rbugs/experiment/top100repos/asmsupport/asmsupport-core/src/main/java/cn/wensiqun/asmsupport/core/block/control/condition/KernelElseIF.java: 某些输入文件使用了未经检查或不安全的操作。
[WARNING] /home/codegex/Documents/workspace/rbugs/experiment/top100repos/asmsupport/asmsupport-core/src/main/java/cn/wensiqun/asmsupport/core/block/control/condition/KernelElseIF.java: 有关详细信息, 请使用 -Xlint:unchecked 重新编译。
[INFO] 
[INFO] >>> maven-source-plugin:3.2.1:jar (default) > generate-sources @ asmsupport-core >>>
[INFO] 
[INFO] --- jacoco-maven-plugin:0.7.5.201505241946:prepare-agent (prepare-agent) @ asmsupport-core ---
[INFO] argLine set to -javaagent:/home/codegex/.m2/repository/org/jacoco/org.jacoco.agent/0.7.5.201505241946/org.jacoco.agent-0.7.5.201505241946-runtime.jar=destfile=/home/codegex/Documents/workspace/rbugs/experiment/top100repos/asmsupport/asmsupport-core/target/jacoco.exec,excludes=**/org/apache/**/*.*:**/org/objectweb/**/*.*
[INFO] 
[INFO] <<< maven-source-plugin:3.2.1:jar (default) < generate-sources @ asmsupport-core <<<
[INFO] 
[INFO] 
[INFO] --- maven-source-plugin:3.2.1:jar (default) @ asmsupport-core ---
[INFO] Building jar: /home/codegex/Documents/workspace/rbugs/experiment/top100repos/asmsupport/asmsupport-core/target/asmsupport-core-0.4.4-sources.jar
[INFO] 
[INFO] --- maven-resources-plugin:2.6:testResources (default-testResources) @ asmsupport-core ---
[INFO] Using 'UTF-8' encoding to copy filtered resources.
[INFO] skip non existing resourceDirectory /home/codegex/Documents/workspace/rbugs/experiment/top100repos/asmsupport/asmsupport-core/src/test/resources
[INFO] 
[INFO] --- maven-compiler-plugin:3.0:testCompile (default-testCompile) @ asmsupport-core ---
[INFO] Changes detected - recompiling the module!
[INFO] Compiling 37 source files to /home/codegex/Documents/workspace/rbugs/experiment/top100repos/asmsupport/asmsupport-core/target/test-classes
[WARNING] /home/codegex/Documents/workspace/rbugs/experiment/top100repos/asmsupport/asmsupport-core/src/test/java/cn/wensiqun/asmsupport/core/block/common/SynchronizedGeneratorSampleTestJunit.java: 某些输入文件使用或覆盖了已过时的 API。
[WARNING] /home/codegex/Documents/workspace/rbugs/experiment/top100repos/asmsupport/asmsupport-core/src/test/java/cn/wensiqun/asmsupport/core/block/common/SynchronizedGeneratorSampleTestJunit.java: 有关详细信息, 请使用 -Xlint:deprecation 重新编译。
[INFO] 
[INFO] --- maven-surefire-plugin:2.12.4:test (default-test) @ asmsupport-core ---
[INFO] Tests are skipped.
[INFO] 
[INFO] --- maven-jar-plugin:2.4:jar (default-jar) @ asmsupport-core ---
[INFO] Building jar: /home/codegex/Documents/workspace/rbugs/experiment/top100repos/asmsupport/asmsupport-core/target/asmsupport-core-0.4.4.jar
[INFO] 
[INFO] --- maven-install-plugin:2.4:install (default-install) @ asmsupport-core ---
[INFO] Installing /home/codegex/Documents/workspace/rbugs/experiment/top100repos/asmsupport/asmsupport-core/target/asmsupport-core-0.4.4.jar to /home/codegex/.m2/repository/cn/wensiqun/asmsupport-core/0.4.4/asmsupport-core-0.4.4.jar
[INFO] Installing /home/codegex/Documents/workspace/rbugs/experiment/top100repos/asmsupport/asmsupport-core/pom.xml to /home/codegex/.m2/repository/cn/wensiqun/asmsupport-core/0.4.4/asmsupport-core-0.4.4.pom
[INFO] Installing /home/codegex/Documents/workspace/rbugs/experiment/top100repos/asmsupport/asmsupport-core/target/asmsupport-core-0.4.4-sources.jar to /home/codegex/.m2/repository/cn/wensiqun/asmsupport-core/0.4.4/asmsupport-core-0.4.4-sources.jar
[INFO] 
[INFO] -------------------< cn.wensiqun:asmsupport-client >--------------------
[INFO] Building asmsupport-client 0.4.4                                   [5/9]
[INFO] --------------------------------[ jar ]---------------------------------
[INFO] 
[INFO] --- maven-clean-plugin:2.5:clean (default-clean) @ asmsupport-client ---
[INFO] Deleting /home/codegex/Documents/workspace/rbugs/experiment/top100repos/asmsupport/asmsupport-client/target
[INFO] 
[INFO] --- jacoco-maven-plugin:0.7.5.201505241946:prepare-agent (prepare-agent) @ asmsupport-client ---
[INFO] argLine set to -javaagent:/home/codegex/.m2/repository/org/jacoco/org.jacoco.agent/0.7.5.201505241946/org.jacoco.agent-0.7.5.201505241946-runtime.jar=destfile=/home/codegex/Documents/workspace/rbugs/experiment/top100repos/asmsupport/asmsupport-client/target/jacoco.exec,excludes=**/org/apache/**/*.*:**/org/objectweb/**/*.*
[INFO] 
[INFO] --- maven-resources-plugin:2.6:resources (default-resources) @ asmsupport-client ---
[INFO] Using 'UTF-8' encoding to copy filtered resources.
[INFO] skip non existing resourceDirectory /home/codegex/Documents/workspace/rbugs/experiment/top100repos/asmsupport/asmsupport-client/src/main/resources
[INFO] 
[INFO] --- maven-compiler-plugin:3.0:compile (default-compile) @ asmsupport-client ---
[INFO] Changes detected - recompiling the module!
[INFO] Compiling 88 source files to /home/codegex/Documents/workspace/rbugs/experiment/top100repos/asmsupport/asmsupport-client/target/classes
[WARNING] /home/codegex/Documents/workspace/rbugs/experiment/top100repos/asmsupport/asmsupport-client/src/main/java/cn/wensiqun/asmsupport/client/block/OperationBlock.java: /home/codegex/Documents/workspace/rbugs/experiment/top100repos/asmsupport/asmsupport-client/src/main/java/cn/wensiqun/asmsupport/client/block/OperationBlock.java使用了未经检查或不安全的操作。
[WARNING] /home/codegex/Documents/workspace/rbugs/experiment/top100repos/asmsupport/asmsupport-client/src/main/java/cn/wensiqun/asmsupport/client/block/OperationBlock.java: 有关详细信息, 请使用 -Xlint:unchecked 重新编译。
[INFO] 
[INFO] >>> maven-source-plugin:3.2.1:jar (default) > generate-sources @ asmsupport-client >>>
[INFO] 
[INFO] --- jacoco-maven-plugin:0.7.5.201505241946:prepare-agent (prepare-agent) @ asmsupport-client ---
[INFO] argLine set to -javaagent:/home/codegex/.m2/repository/org/jacoco/org.jacoco.agent/0.7.5.201505241946/org.jacoco.agent-0.7.5.201505241946-runtime.jar=destfile=/home/codegex/Documents/workspace/rbugs/experiment/top100repos/asmsupport/asmsupport-client/target/jacoco.exec,excludes=**/org/apache/**/*.*:**/org/objectweb/**/*.*
[INFO] 
[INFO] <<< maven-source-plugin:3.2.1:jar (default) < generate-sources @ asmsupport-client <<<
[INFO] 
[INFO] 
[INFO] --- maven-source-plugin:3.2.1:jar (default) @ asmsupport-client ---
[INFO] Building jar: /home/codegex/Documents/workspace/rbugs/experiment/top100repos/asmsupport/asmsupport-client/target/asmsupport-client-0.4.4-sources.jar
[INFO] 
[INFO] --- maven-resources-plugin:2.6:testResources (default-testResources) @ asmsupport-client ---
[INFO] Using 'UTF-8' encoding to copy filtered resources.
[INFO] skip non existing resourceDirectory /home/codegex/Documents/workspace/rbugs/experiment/top100repos/asmsupport/asmsupport-client/src/test/resources
[INFO] 
[INFO] --- maven-compiler-plugin:3.0:testCompile (default-testCompile) @ asmsupport-client ---
[INFO] Changes detected - recompiling the module!
[INFO] Compiling 12 source files to /home/codegex/Documents/workspace/rbugs/experiment/top100repos/asmsupport/asmsupport-client/target/test-classes
[WARNING] /home/codegex/Documents/workspace/rbugs/experiment/top100repos/asmsupport/asmsupport-client/src/test/java/cn/wensiqun/asmsupport/client/operations/BoolSampleTest.java: 某些输入文件使用或覆盖了已过时的 API。
[WARNING] /home/codegex/Documents/workspace/rbugs/experiment/top100repos/asmsupport/asmsupport-client/src/test/java/cn/wensiqun/asmsupport/client/operations/BoolSampleTest.java: 有关详细信息, 请使用 -Xlint:deprecation 重新编译。
[WARNING] /home/codegex/Documents/workspace/rbugs/experiment/top100repos/asmsupport/asmsupport-client/src/test/java/cn/wensiqun/asmsupport/client/operations/ObjectSample.java: /home/codegex/Documents/workspace/rbugs/experiment/top100repos/asmsupport/asmsupport-client/src/test/java/cn/wensiqun/asmsupport/client/operations/ObjectSample.java使用了未经检查或不安全的操作。
[WARNING] /home/codegex/Documents/workspace/rbugs/experiment/top100repos/asmsupport/asmsupport-client/src/test/java/cn/wensiqun/asmsupport/client/operations/ObjectSample.java: 有关详细信息, 请使用 -Xlint:unchecked 重新编译。
[INFO] 
[INFO] --- maven-surefire-plugin:2.12.4:test (default-test) @ asmsupport-client ---
[INFO] Tests are skipped.
[INFO] 
[INFO] --- maven-jar-plugin:2.4:jar (default-jar) @ asmsupport-client ---
[INFO] Building jar: /home/codegex/Documents/workspace/rbugs/experiment/top100repos/asmsupport/asmsupport-client/target/asmsupport-client-0.4.4.jar
[INFO] 
[INFO] --- maven-install-plugin:2.4:install (default-install) @ asmsupport-client ---
[INFO] Installing /home/codegex/Documents/workspace/rbugs/experiment/top100repos/asmsupport/asmsupport-client/target/asmsupport-client-0.4.4.jar to /home/codegex/.m2/repository/cn/wensiqun/asmsupport-client/0.4.4/asmsupport-client-0.4.4.jar
[INFO] Installing /home/codegex/Documents/workspace/rbugs/experiment/top100repos/asmsupport/asmsupport-client/pom.xml to /home/codegex/.m2/repository/cn/wensiqun/asmsupport-client/0.4.4/asmsupport-client-0.4.4.pom
[INFO] Installing /home/codegex/Documents/workspace/rbugs/experiment/top100repos/asmsupport/asmsupport-client/target/asmsupport-client-0.4.4-sources.jar to /home/codegex/.m2/repository/cn/wensiqun/asmsupport-client/0.4.4/asmsupport-client-0.4.4-sources.jar
[INFO] 
[INFO] -------------------< cn.wensiqun:asmsupport-grammar >-------------------
[INFO] Building asmsupport-grammar 0.4.4                                  [6/9]
[INFO] --------------------------------[ jar ]---------------------------------
[INFO] 
[INFO] --- maven-clean-plugin:2.5:clean (default-clean) @ asmsupport-grammar ---
[INFO] Deleting /home/codegex/Documents/workspace/rbugs/experiment/top100repos/asmsupport/asmsupport-grammar/target
[INFO] 
[INFO] --- jacoco-maven-plugin:0.7.5.201505241946:prepare-agent (prepare-agent) @ asmsupport-grammar ---
[INFO] argLine set to -javaagent:/home/codegex/.m2/repository/org/jacoco/org.jacoco.agent/0.7.5.201505241946/org.jacoco.agent-0.7.5.201505241946-runtime.jar=destfile=/home/codegex/Documents/workspace/rbugs/experiment/top100repos/asmsupport/asmsupport-grammar/target/jacoco.exec,excludes=**/org/apache/**/*.*:**/org/objectweb/**/*.*
[INFO] 
[INFO] --- maven-resources-plugin:2.6:resources (default-resources) @ asmsupport-grammar ---
[INFO] Using 'UTF-8' encoding to copy filtered resources.
[INFO] skip non existing resourceDirectory /home/codegex/Documents/workspace/rbugs/experiment/top100repos/asmsupport/asmsupport-grammar/src/main/resources
[INFO] 
[INFO] --- maven-compiler-plugin:3.0:compile (default-compile) @ asmsupport-grammar ---
[INFO] Changes detected - recompiling the module!
[INFO] Compiling 4 source files to /home/codegex/Documents/workspace/rbugs/experiment/top100repos/asmsupport/asmsupport-grammar/target/classes
[INFO] 
[INFO] >>> maven-source-plugin:3.2.1:jar (default) > generate-sources @ asmsupport-grammar >>>
[INFO] 
[INFO] --- jacoco-maven-plugin:0.7.5.201505241946:prepare-agent (prepare-agent) @ asmsupport-grammar ---
[INFO] argLine set to -javaagent:/home/codegex/.m2/repository/org/jacoco/org.jacoco.agent/0.7.5.201505241946/org.jacoco.agent-0.7.5.201505241946-runtime.jar=destfile=/home/codegex/Documents/workspace/rbugs/experiment/top100repos/asmsupport/asmsupport-grammar/target/jacoco.exec,excludes=**/org/apache/**/*.*:**/org/objectweb/**/*.*
[INFO] 
[INFO] <<< maven-source-plugin:3.2.1:jar (default) < generate-sources @ asmsupport-grammar <<<
[INFO] 
[INFO] 
[INFO] --- maven-source-plugin:3.2.1:jar (default) @ asmsupport-grammar ---
[INFO] Building jar: /home/codegex/Documents/workspace/rbugs/experiment/top100repos/asmsupport/asmsupport-grammar/target/asmsupport-grammar-0.4.4-sources.jar
[INFO] 
[INFO] --- maven-resources-plugin:2.6:testResources (default-testResources) @ asmsupport-grammar ---
[INFO] Using 'UTF-8' encoding to copy filtered resources.
[INFO] skip non existing resourceDirectory /home/codegex/Documents/workspace/rbugs/experiment/top100repos/asmsupport/asmsupport-grammar/src/test/resources
[INFO] 
[INFO] --- maven-compiler-plugin:3.0:testCompile (default-testCompile) @ asmsupport-grammar ---
[INFO] Changes detected - recompiling the module!
[INFO] Compiling 1 source file to /home/codegex/Documents/workspace/rbugs/experiment/top100repos/asmsupport/asmsupport-grammar/target/test-classes
[INFO] 
[INFO] --- maven-surefire-plugin:2.12.4:test (default-test) @ asmsupport-grammar ---
[INFO] Tests are skipped.
[INFO] 
[INFO] --- maven-jar-plugin:2.4:jar (default-jar) @ asmsupport-grammar ---
[INFO] Building jar: /home/codegex/Documents/workspace/rbugs/experiment/top100repos/asmsupport/asmsupport-grammar/target/asmsupport-grammar-0.4.4.jar
[INFO] 
[INFO] --- maven-install-plugin:2.4:install (default-install) @ asmsupport-grammar ---
[INFO] Installing /home/codegex/Documents/workspace/rbugs/experiment/top100repos/asmsupport/asmsupport-grammar/target/asmsupport-grammar-0.4.4.jar to /home/codegex/.m2/repository/cn/wensiqun/asmsupport-grammar/0.4.4/asmsupport-grammar-0.4.4.jar
[INFO] Installing /home/codegex/Documents/workspace/rbugs/experiment/top100repos/asmsupport/asmsupport-grammar/pom.xml to /home/codegex/.m2/repository/cn/wensiqun/asmsupport-grammar/0.4.4/asmsupport-grammar-0.4.4.pom
[INFO] Installing /home/codegex/Documents/workspace/rbugs/experiment/top100repos/asmsupport/asmsupport-grammar/target/asmsupport-grammar-0.4.4-sources.jar to /home/codegex/.m2/repository/cn/wensiqun/asmsupport-grammar/0.4.4/asmsupport-grammar-0.4.4-sources.jar
[INFO] 
[INFO] -------------------< cn.wensiqun:asmsupport-issues >--------------------
[INFO] Building asmsupport-issues 0.4.4                                   [7/9]
[INFO] --------------------------------[ jar ]---------------------------------
[INFO] 
[INFO] --- maven-clean-plugin:2.5:clean (default-clean) @ asmsupport-issues ---
[INFO] Deleting /home/codegex/Documents/workspace/rbugs/experiment/top100repos/asmsupport/asmsupport-issues/target
[INFO] 
[INFO] --- jacoco-maven-plugin:0.7.5.201505241946:prepare-agent (prepare-agent) @ asmsupport-issues ---
[INFO] argLine set to -javaagent:/home/codegex/.m2/repository/org/jacoco/org.jacoco.agent/0.7.5.201505241946/org.jacoco.agent-0.7.5.201505241946-runtime.jar=destfile=/home/codegex/Documents/workspace/rbugs/experiment/top100repos/asmsupport/asmsupport-issues/target/jacoco.exec,excludes=**/org/apache/**/*.*:**/org/objectweb/**/*.*
[INFO] 
[INFO] --- maven-resources-plugin:2.6:resources (default-resources) @ asmsupport-issues ---
[INFO] Using 'UTF-8' encoding to copy filtered resources.
[INFO] skip non existing resourceDirectory /home/codegex/Documents/workspace/rbugs/experiment/top100repos/asmsupport/asmsupport-issues/src/main/resources
[INFO] 
[INFO] --- maven-compiler-plugin:3.0:compile (default-compile) @ asmsupport-issues ---
[INFO] No sources to compile
[INFO] 
[INFO] >>> maven-source-plugin:3.2.1:jar (default) > generate-sources @ asmsupport-issues >>>
[INFO] 
[INFO] --- jacoco-maven-plugin:0.7.5.201505241946:prepare-agent (prepare-agent) @ asmsupport-issues ---
[INFO] argLine set to -javaagent:/home/codegex/.m2/repository/org/jacoco/org.jacoco.agent/0.7.5.201505241946/org.jacoco.agent-0.7.5.201505241946-runtime.jar=destfile=/home/codegex/Documents/workspace/rbugs/experiment/top100repos/asmsupport/asmsupport-issues/target/jacoco.exec,excludes=**/org/apache/**/*.*:**/org/objectweb/**/*.*
[INFO] 
[INFO] <<< maven-source-plugin:3.2.1:jar (default) < generate-sources @ asmsupport-issues <<<
[INFO] 
[INFO] 
[INFO] --- maven-source-plugin:3.2.1:jar (default) @ asmsupport-issues ---
[INFO] No sources in project. Archive not created.
[INFO] 
[INFO] --- maven-resources-plugin:2.6:testResources (default-testResources) @ asmsupport-issues ---
[INFO] Using 'UTF-8' encoding to copy filtered resources.
[INFO] skip non existing resourceDirectory /home/codegex/Documents/workspace/rbugs/experiment/top100repos/asmsupport/asmsupport-issues/src/test/resources
[INFO] 
[INFO] --- maven-compiler-plugin:3.0:testCompile (default-testCompile) @ asmsupport-issues ---
[INFO] Changes detected - recompiling the module!
[INFO] Compiling 34 source files to /home/codegex/Documents/workspace/rbugs/experiment/top100repos/asmsupport/asmsupport-issues/target/test-classes
[WARNING] /home/codegex/Documents/workspace/rbugs/experiment/top100repos/asmsupport/asmsupport-issues/src/test/java/cn/wensiqun/asmsupport/issues/fixed/earlier/test2463/MainTest.java: 某些输入文件使用或覆盖了已过时的 API。
[WARNING] /home/codegex/Documents/workspace/rbugs/experiment/top100repos/asmsupport/asmsupport-issues/src/test/java/cn/wensiqun/asmsupport/issues/fixed/earlier/test2463/MainTest.java: 有关详细信息, 请使用 -Xlint:deprecation 重新编译。
[WARNING] /home/codegex/Documents/workspace/rbugs/experiment/top100repos/asmsupport/asmsupport-issues/src/test/java/cn/wensiqun/asmsupport/issues/y2016/m05/com/github/i1/SingletonFactory.java: 某些输入文件使用了未经检查或不安全的操作。
[WARNING] /home/codegex/Documents/workspace/rbugs/experiment/top100repos/asmsupport/asmsupport-issues/src/test/java/cn/wensiqun/asmsupport/issues/y2016/m05/com/github/i1/SingletonFactory.java: 有关详细信息, 请使用 -Xlint:unchecked 重新编译。
[INFO] 
[INFO] --- maven-surefire-plugin:2.12.4:test (default-test) @ asmsupport-issues ---
[INFO] Tests are skipped.
[INFO] 
[INFO] --- maven-jar-plugin:2.4:jar (default-jar) @ asmsupport-issues ---
[WARNING] JAR will be empty - no content was marked for inclusion!
[INFO] Building jar: /home/codegex/Documents/workspace/rbugs/experiment/top100repos/asmsupport/asmsupport-issues/target/asmsupport-issues-0.4.4.jar
[INFO] 
[INFO] --- maven-install-plugin:2.4:install (default-install) @ asmsupport-issues ---
[INFO] Installing /home/codegex/Documents/workspace/rbugs/experiment/top100repos/asmsupport/asmsupport-issues/target/asmsupport-issues-0.4.4.jar to /home/codegex/.m2/repository/cn/wensiqun/asmsupport-issues/0.4.4/asmsupport-issues-0.4.4.jar
[INFO] Installing /home/codegex/Documents/workspace/rbugs/experiment/top100repos/asmsupport/asmsupport-issues/pom.xml to /home/codegex/.m2/repository/cn/wensiqun/asmsupport-issues/0.4.4/asmsupport-issues-0.4.4.pom
[INFO] 
[INFO] -------------------< cn.wensiqun:asmsupport-sample >--------------------
[INFO] Building asmsupport-sample 0.4.4                                   [8/9]
[INFO] --------------------------------[ jar ]---------------------------------
[INFO] 
[INFO] --- maven-clean-plugin:2.5:clean (default-clean) @ asmsupport-sample ---
[INFO] Deleting /home/codegex/Documents/workspace/rbugs/experiment/top100repos/asmsupport/asmsupport-sample/target
[INFO] 
[INFO] --- jacoco-maven-plugin:0.7.5.201505241946:prepare-agent (prepare-agent) @ asmsupport-sample ---
[INFO] argLine set to -javaagent:/home/codegex/.m2/repository/org/jacoco/org.jacoco.agent/0.7.5.201505241946/org.jacoco.agent-0.7.5.201505241946-runtime.jar=destfile=/home/codegex/Documents/workspace/rbugs/experiment/top100repos/asmsupport/asmsupport-sample/target/jacoco.exec,excludes=**/org/apache/**/*.*:**/org/objectweb/**/*.*
[INFO] 
[INFO] --- maven-resources-plugin:2.6:resources (default-resources) @ asmsupport-sample ---
[INFO] Using 'UTF-8' encoding to copy filtered resources.
[INFO] skip non existing resourceDirectory /home/codegex/Documents/workspace/rbugs/experiment/top100repos/asmsupport/asmsupport-sample/src/main/resources
[INFO] 
[INFO] --- maven-compiler-plugin:3.0:compile (default-compile) @ asmsupport-sample ---
[INFO] Changes detected - recompiling the module!
[INFO] Compiling 54 source files to /home/codegex/Documents/workspace/rbugs/experiment/top100repos/asmsupport/asmsupport-sample/target/classes
[WARNING] /home/codegex/Documents/workspace/rbugs/experiment/top100repos/asmsupport/asmsupport-sample/src/main/java/cn/wensiqun/asmsupport/sample/core/create/CreateClass.java: 某些输入文件使用或覆盖了已过时的 API。
[WARNING] /home/codegex/Documents/workspace/rbugs/experiment/top100repos/asmsupport/asmsupport-sample/src/main/java/cn/wensiqun/asmsupport/sample/core/create/CreateClass.java: 有关详细信息, 请使用 -Xlint:deprecation 重新编译。
[WARNING] /home/codegex/Documents/workspace/rbugs/experiment/top100repos/asmsupport/asmsupport-sample/src/main/java/cn/wensiqun/asmsupport/sample/client/proxy/ProxyGenerator.java: 某些输入文件使用了未经检查或不安全的操作。
[WARNING] /home/codegex/Documents/workspace/rbugs/experiment/top100repos/asmsupport/asmsupport-sample/src/main/java/cn/wensiqun/asmsupport/sample/client/proxy/ProxyGenerator.java: 有关详细信息, 请使用 -Xlint:unchecked 重新编译。
[INFO] 
[INFO] >>> maven-source-plugin:3.2.1:jar (default) > generate-sources @ asmsupport-sample >>>
[INFO] 
[INFO] --- jacoco-maven-plugin:0.7.5.201505241946:prepare-agent (prepare-agent) @ asmsupport-sample ---
[INFO] argLine set to -javaagent:/home/codegex/.m2/repository/org/jacoco/org.jacoco.agent/0.7.5.201505241946/org.jacoco.agent-0.7.5.201505241946-runtime.jar=destfile=/home/codegex/Documents/workspace/rbugs/experiment/top100repos/asmsupport/asmsupport-sample/target/jacoco.exec,excludes=**/org/apache/**/*.*:**/org/objectweb/**/*.*
[INFO] 
[INFO] <<< maven-source-plugin:3.2.1:jar (default) < generate-sources @ asmsupport-sample <<<
[INFO] 
[INFO] 
[INFO] --- maven-source-plugin:3.2.1:jar (default) @ asmsupport-sample ---
[INFO] Building jar: /home/codegex/Documents/workspace/rbugs/experiment/top100repos/asmsupport/asmsupport-sample/target/asmsupport-sample-0.4.4-sources.jar
[INFO] 
[INFO] --- maven-resources-plugin:2.6:testResources (default-testResources) @ asmsupport-sample ---
[INFO] Using 'UTF-8' encoding to copy filtered resources.
[INFO] skip non existing resourceDirectory /home/codegex/Documents/workspace/rbugs/experiment/top100repos/asmsupport/asmsupport-sample/src/test/resources
[INFO] 
[INFO] --- maven-compiler-plugin:3.0:testCompile (default-testCompile) @ asmsupport-sample ---
[INFO] Changes detected - recompiling the module!
[INFO] Compiling 1 source file to /home/codegex/Documents/workspace/rbugs/experiment/top100repos/asmsupport/asmsupport-sample/target/test-classes
[INFO] 
[INFO] --- maven-surefire-plugin:2.12.4:test (default-test) @ asmsupport-sample ---
[INFO] Tests are skipped.
[INFO] 
[INFO] --- maven-jar-plugin:2.4:jar (default-jar) @ asmsupport-sample ---
[INFO] Building jar: /home/codegex/Documents/workspace/rbugs/experiment/top100repos/asmsupport/asmsupport-sample/target/asmsupport-sample-0.4.4.jar
[INFO] 
[INFO] --- maven-install-plugin:2.4:install (default-install) @ asmsupport-sample ---
[INFO] Installing /home/codegex/Documents/workspace/rbugs/experiment/top100repos/asmsupport/asmsupport-sample/target/asmsupport-sample-0.4.4.jar to /home/codegex/.m2/repository/cn/wensiqun/asmsupport-sample/0.4.4/asmsupport-sample-0.4.4.jar
[INFO] Installing /home/codegex/Documents/workspace/rbugs/experiment/top100repos/asmsupport/asmsupport-sample/pom.xml to /home/codegex/.m2/repository/cn/wensiqun/asmsupport-sample/0.4.4/asmsupport-sample-0.4.4.pom
[INFO] Installing /home/codegex/Documents/workspace/rbugs/experiment/top100repos/asmsupport/asmsupport-sample/target/asmsupport-sample-0.4.4-sources.jar to /home/codegex/.m2/repository/cn/wensiqun/asmsupport-sample/0.4.4/asmsupport-sample-0.4.4-sources.jar
[INFO] 
[INFO] -------------------< cn.wensiqun:asmsupport-lesson >--------------------
[INFO] Building asmsupport-lesson 0.4.4                                   [9/9]
[INFO] --------------------------------[ jar ]---------------------------------
[INFO] 
[INFO] --- maven-clean-plugin:2.5:clean (default-clean) @ asmsupport-lesson ---
[INFO] Deleting /home/codegex/Documents/workspace/rbugs/experiment/top100repos/asmsupport/asmsupport-lesson/target
[INFO] 
[INFO] --- jacoco-maven-plugin:0.7.5.201505241946:prepare-agent (prepare-agent) @ asmsupport-lesson ---
[INFO] argLine set to -javaagent:/home/codegex/.m2/repository/org/jacoco/org.jacoco.agent/0.7.5.201505241946/org.jacoco.agent-0.7.5.201505241946-runtime.jar=destfile=/home/codegex/Documents/workspace/rbugs/experiment/top100repos/asmsupport/asmsupport-lesson/target/jacoco.exec,excludes=**/org/apache/**/*.*:**/org/objectweb/**/*.*
[INFO] 
[INFO] --- maven-resources-plugin:2.6:resources (default-resources) @ asmsupport-lesson ---
[INFO] Using 'UTF-8' encoding to copy filtered resources.
[INFO] skip non existing resourceDirectory /home/codegex/Documents/workspace/rbugs/experiment/top100repos/asmsupport/asmsupport-lesson/src/main/resources
[INFO] 
[INFO] --- maven-compiler-plugin:3.0:compile (default-compile) @ asmsupport-lesson ---
[INFO] No sources to compile
[INFO] 
[INFO] >>> maven-source-plugin:3.2.1:jar (default) > generate-sources @ asmsupport-lesson >>>
[INFO] 
[INFO] --- jacoco-maven-plugin:0.7.5.201505241946:prepare-agent (prepare-agent) @ asmsupport-lesson ---
[INFO] argLine set to -javaagent:/home/codegex/.m2/repository/org/jacoco/org.jacoco.agent/0.7.5.201505241946/org.jacoco.agent-0.7.5.201505241946-runtime.jar=destfile=/home/codegex/Documents/workspace/rbugs/experiment/top100repos/asmsupport/asmsupport-lesson/target/jacoco.exec,excludes=**/org/apache/**/*.*:**/org/objectweb/**/*.*
[INFO] 
[INFO] <<< maven-source-plugin:3.2.1:jar (default) < generate-sources @ asmsupport-lesson <<<
[INFO] 
[INFO] 
[INFO] --- maven-source-plugin:3.2.1:jar (default) @ asmsupport-lesson ---
[INFO] No sources in project. Archive not created.
[INFO] 
[INFO] --- maven-resources-plugin:2.6:testResources (default-testResources) @ asmsupport-lesson ---
[INFO] Using 'UTF-8' encoding to copy filtered resources.
[INFO] skip non existing resourceDirectory /home/codegex/Documents/workspace/rbugs/experiment/top100repos/asmsupport/asmsupport-lesson/src/test/resources
[INFO] 
[INFO] --- maven-compiler-plugin:3.0:testCompile (default-testCompile) @ asmsupport-lesson ---
[INFO] Changes detected - recompiling the module!
[INFO] Compiling 7 source files to /home/codegex/Documents/workspace/rbugs/experiment/top100repos/asmsupport/asmsupport-lesson/target/test-classes
[WARNING] /home/codegex/Documents/workspace/rbugs/experiment/top100repos/asmsupport/asmsupport-lesson/src/test/java/cn/wensiqun/asmsupport/lesson/Lesson4.java: 某些输入文件使用或覆盖了已过时的 API。
[WARNING] /home/codegex/Documents/workspace/rbugs/experiment/top100repos/asmsupport/asmsupport-lesson/src/test/java/cn/wensiqun/asmsupport/lesson/Lesson4.java: 有关详细信息, 请使用 -Xlint:deprecation 重新编译。
[WARNING] /home/codegex/Documents/workspace/rbugs/experiment/top100repos/asmsupport/asmsupport-lesson/src/test/java/cn/wensiqun/asmsupport/lesson/Lesson4.java: 某些输入文件使用了未经检查或不安全的操作。
[WARNING] /home/codegex/Documents/workspace/rbugs/experiment/top100repos/asmsupport/asmsupport-lesson/src/test/java/cn/wensiqun/asmsupport/lesson/Lesson4.java: 有关详细信息, 请使用 -Xlint:unchecked 重新编译。
[INFO] 
[INFO] --- maven-surefire-plugin:2.12.4:test (default-test) @ asmsupport-lesson ---
[INFO] Tests are skipped.
[INFO] 
[INFO] --- maven-jar-plugin:2.4:jar (default-jar) @ asmsupport-lesson ---
[WARNING] JAR will be empty - no content was marked for inclusion!
[INFO] Building jar: /home/codegex/Documents/workspace/rbugs/experiment/top100repos/asmsupport/asmsupport-lesson/target/asmsupport-lesson-0.4.4.jar
[INFO] 
[INFO] --- maven-install-plugin:2.4:install (default-install) @ asmsupport-lesson ---
[INFO] Installing /home/codegex/Documents/workspace/rbugs/experiment/top100repos/asmsupport/asmsupport-lesson/target/asmsupport-lesson-0.4.4.jar to /home/codegex/.m2/repository/cn/wensiqun/asmsupport-lesson/0.4.4/asmsupport-lesson-0.4.4.jar
[INFO] Installing /home/codegex/Documents/workspace/rbugs/experiment/top100repos/asmsupport/asmsupport-lesson/pom.xml to /home/codegex/.m2/repository/cn/wensiqun/asmsupport-lesson/0.4.4/asmsupport-lesson-0.4.4.pom
[INFO] ------------------------------------------------------------------------
[INFO] Reactor Summary for asmsupport 0.4.4:
[INFO] 
[INFO] asmsupport ......................................... SUCCESS [  0.535 s]
[INFO] asmsupport-third ................................... SUCCESS [  1.072 s]
[INFO] asmsupport-standard ................................ SUCCESS [  0.202 s]
[INFO] asmsupport-core .................................... SUCCESS [  1.879 s]
[INFO] asmsupport-client .................................. SUCCESS [  0.387 s]
[INFO] asmsupport-grammar ................................. SUCCESS [  0.048 s]
[INFO] asmsupport-issues .................................. SUCCESS [  0.139 s]
[INFO] asmsupport-sample .................................. SUCCESS [  0.518 s]
[INFO] asmsupport-lesson .................................. SUCCESS [  0.094 s]
[INFO] ------------------------------------------------------------------------
[INFO] BUILD SUCCESS
[INFO] ------------------------------------------------------------------------
[INFO] Total time:  4.971 s
[INFO] Finished at: 2022-01-16T11:54:43+08:00
[INFO] ------------------------------------------------------------------------
WARNING: An illegal reflective access operation has occurred
WARNING: Illegal reflective access by com.google.inject.internal.cglib.core.$ReflectUtils$1 (file:/usr/share/maven/lib/guice.jar) to method java.lang.ClassLoader.defineClass(java.lang.String,byte[],int,int,java.security.ProtectionDomain)
WARNING: Please consider reporting this to the maintainers of com.google.inject.internal.cglib.core.$ReflectUtils$1
WARNING: Use --illegal-access=warn to enable warnings of further illegal reflective access operations
WARNING: All illegal access operations will be denied in a future release
