[INFO] Scanning for projects...
[WARNING] The POM for com.github.spotbugs:spotbugs-maven-plugin:jar:4.1.4-ZY is missing, no dependency information available
[WARNING] Failed to retrieve plugin descriptor for com.github.spotbugs:spotbugs-maven-plugin:4.1.4-ZY: Plugin com.github.spotbugs:spotbugs-maven-plugin:4.1.4-ZY or one of its dependencies could not be resolved: Failure to find com.github.spotbugs:spotbugs-maven-plugin:jar:4.1.4-ZY in https://repo.maven.apache.org/maven2 was cached in the local repository, resolution will not be reattempted until the update interval of central has elapsed or updates are forced
[INFO] 
[INFO] ---------------< com.amazonaws.samples:aws-java-sample >----------------
[INFO] Building aws-java-sample 1.0
[INFO] --------------------------------[ jar ]---------------------------------
[WARNING] The POM for com.github.spotbugs:spotbugs-maven-plugin:jar:4.1.4-ZY is missing, no dependency information available
[WARNING] Failed to retrieve plugin descriptor for com.github.spotbugs:spotbugs-maven-plugin:4.1.4-ZY: Plugin com.github.spotbugs:spotbugs-maven-plugin:4.1.4-ZY or one of its dependencies could not be resolved: Failure to find com.github.spotbugs:spotbugs-maven-plugin:jar:4.1.4-ZY in https://repo.maven.apache.org/maven2 was cached in the local repository, resolution will not be reattempted until the update interval of central has elapsed or updates are forced
[INFO] Downloading from central: https://repo.maven.apache.org/maven2/com/amazonaws/aws-java-sdk/1.9.6/aws-java-sdk-1.9.6.pom
[INFO] Downloaded from central: https://repo.maven.apache.org/maven2/com/amazonaws/aws-java-sdk/1.9.6/aws-java-sdk-1.9.6.pom (8.5 kB at 7.1 kB/s)
[INFO] Downloading from central: https://repo.maven.apache.org/maven2/com/amazonaws/aws-java-sdk-pom/1.9.6/aws-java-sdk-pom-1.9.6.pom
[INFO] Downloaded from central: https://repo.maven.apache.org/maven2/com/amazonaws/aws-java-sdk-pom/1.9.6/aws-java-sdk-pom-1.9.6.pom (5.4 kB at 14 kB/s)
[INFO] Downloading from central: https://repo.maven.apache.org/maven2/com/amazonaws/aws-java-sdk-elastictranscoder/1.9.6/aws-java-sdk-elastictranscoder-1.9.6.pom
[INFO] Downloaded from central: https://repo.maven.apache.org/maven2/com/amazonaws/aws-java-sdk-elastictranscoder/1.9.6/aws-java-sdk-elastictranscoder-1.9.6.pom (1.7 kB at 4.7 kB/s)
[INFO] Downloading from central: https://repo.maven.apache.org/maven2/com/amazonaws/aws-java-sdk-core/1.9.6/aws-java-sdk-core-1.9.6.pom
[INFO] Downloaded from central: https://repo.maven.apache.org/maven2/com/amazonaws/aws-java-sdk-core/1.9.6/aws-java-sdk-core-1.9.6.pom (2.3 kB at 6.2 kB/s)
[INFO] Downloading from central: https://repo.maven.apache.org/maven2/joda-time/joda-time/maven-metadata.xml
[INFO] Downloaded from central: https://repo.maven.apache.org/maven2/joda-time/joda-time/maven-metadata.xml (1.7 kB at 4.5 kB/s)
[INFO] Downloading from central: https://repo.maven.apache.org/maven2/joda-time/joda-time/2.4/joda-time-2.4.pom
[INFO] Downloaded from central: https://repo.maven.apache.org/maven2/joda-time/joda-time/2.4/joda-time-2.4.pom (26 kB at 62 kB/s)
[INFO] Downloading from central: https://repo.maven.apache.org/maven2/joda-time/joda-time/2.5/joda-time-2.5.pom
[INFO] Downloaded from central: https://repo.maven.apache.org/maven2/joda-time/joda-time/2.5/joda-time-2.5.pom (27 kB at 66 kB/s)
[INFO] Downloading from central: https://repo.maven.apache.org/maven2/joda-time/joda-time/2.8/joda-time-2.8.pom
[INFO] Downloaded from central: https://repo.maven.apache.org/maven2/joda-time/joda-time/2.8/joda-time-2.8.pom (29 kB at 69 kB/s)
[INFO] Downloading from central: https://repo.maven.apache.org/maven2/joda-time/joda-time/2.8.2/joda-time-2.8.2.pom
[INFO] Downloaded from central: https://repo.maven.apache.org/maven2/joda-time/joda-time/2.8.2/joda-time-2.8.2.pom (29 kB at 70 kB/s)
[INFO] Downloading from central: https://repo.maven.apache.org/maven2/joda-time/joda-time/2.9.1/joda-time-2.9.1.pom
[INFO] Downloaded from central: https://repo.maven.apache.org/maven2/joda-time/joda-time/2.9.1/joda-time-2.9.1.pom (29 kB at 72 kB/s)
[INFO] Downloading from central: https://repo.maven.apache.org/maven2/joda-time/joda-time/2.9.3/joda-time-2.9.3.pom
[INFO] Downloaded from central: https://repo.maven.apache.org/maven2/joda-time/joda-time/2.9.3/joda-time-2.9.3.pom (30 kB at 74 kB/s)
[INFO] Downloading from central: https://repo.maven.apache.org/maven2/joda-time/joda-time/2.9.4/joda-time-2.9.4.pom
[INFO] Downloaded from central: https://repo.maven.apache.org/maven2/joda-time/joda-time/2.9.4/joda-time-2.9.4.pom (0 B at 0 B/s)
[INFO] Downloading from central: https://repo.maven.apache.org/maven2/joda-time/joda-time/2.9.5/joda-time-2.9.5.pom
[INFO] Downloaded from central: https://repo.maven.apache.org/maven2/joda-time/joda-time/2.9.5/joda-time-2.9.5.pom (33 kB at 78 kB/s)
[INFO] Downloading from central: https://repo.maven.apache.org/maven2/joda-time/joda-time/2.9.6/joda-time-2.9.6.pom
[INFO] Downloaded from central: https://repo.maven.apache.org/maven2/joda-time/joda-time/2.9.6/joda-time-2.9.6.pom (33 kB at 79 kB/s)
[INFO] Downloading from central: https://repo.maven.apache.org/maven2/joda-time/joda-time/2.9.8/joda-time-2.9.8.pom
[INFO] Downloaded from central: https://repo.maven.apache.org/maven2/joda-time/joda-time/2.9.8/joda-time-2.9.8.pom (33 kB at 81 kB/s)
[INFO] Downloading from central: https://repo.maven.apache.org/maven2/joda-time/joda-time/2.10.6/joda-time-2.10.6.pom
[INFO] Downloaded from central: https://repo.maven.apache.org/maven2/joda-time/joda-time/2.10.6/joda-time-2.10.6.pom (37 kB at 86 kB/s)
[INFO] Downloading from central: https://repo.maven.apache.org/maven2/joda-time/joda-time/2.10.7/joda-time-2.10.7.pom
[INFO] Downloaded from central: https://repo.maven.apache.org/maven2/joda-time/joda-time/2.10.7/joda-time-2.10.7.pom (37 kB at 88 kB/s)
[INFO] Downloading from central: https://repo.maven.apache.org/maven2/joda-time/joda-time/2.10.9/joda-time-2.10.9.pom
[INFO] Downloaded from central: https://repo.maven.apache.org/maven2/joda-time/joda-time/2.10.9/joda-time-2.10.9.pom (37 kB at 91 kB/s)
[INFO] Downloading from central: https://repo.maven.apache.org/maven2/joda-time/joda-time/2.10.10/joda-time-2.10.10.pom
[INFO] Downloaded from central: https://repo.maven.apache.org/maven2/joda-time/joda-time/2.10.10/joda-time-2.10.10.pom (37 kB at 91 kB/s)
[INFO] Downloading from central: https://repo.maven.apache.org/maven2/com/amazonaws/aws-java-sdk-ec2/1.9.6/aws-java-sdk-ec2-1.9.6.pom
[INFO] Downloaded from central: https://repo.maven.apache.org/maven2/com/amazonaws/aws-java-sdk-ec2/1.9.6/aws-java-sdk-ec2-1.9.6.pom (1.7 kB at 3.2 kB/s)
[INFO] Downloading from central: https://repo.maven.apache.org/maven2/com/amazonaws/aws-java-sdk-config/1.9.6/aws-java-sdk-config-1.9.6.pom
[INFO] Downloaded from central: https://repo.maven.apache.org/maven2/com/amazonaws/aws-java-sdk-config/1.9.6/aws-java-sdk-config-1.9.6.pom (1.7 kB at 4.6 kB/s)
[INFO] Downloading from central: https://repo.maven.apache.org/maven2/com/amazonaws/aws-java-sdk-emr/1.9.6/aws-java-sdk-emr-1.9.6.pom
[INFO] Downloaded from central: https://repo.maven.apache.org/maven2/com/amazonaws/aws-java-sdk-emr/1.9.6/aws-java-sdk-emr-1.9.6.pom (1.7 kB at 3.7 kB/s)
[INFO] Downloading from central: https://repo.maven.apache.org/maven2/com/amazonaws/aws-java-sdk-swf-libraries/1.9.6/aws-java-sdk-swf-libraries-1.9.6.pom
[INFO] Downloaded from central: https://repo.maven.apache.org/maven2/com/amazonaws/aws-java-sdk-swf-libraries/1.9.6/aws-java-sdk-swf-libraries-1.9.6.pom (3.8 kB at 10 kB/s)
[INFO] Downloading from central: https://repo.maven.apache.org/maven2/com/amazonaws/aws-java-sdk-simpleworkflow/1.9.6/aws-java-sdk-simpleworkflow-1.9.6.pom
[INFO] Downloaded from central: https://repo.maven.apache.org/maven2/com/amazonaws/aws-java-sdk-simpleworkflow/1.9.6/aws-java-sdk-simpleworkflow-1.9.6.pom (1.7 kB at 3.7 kB/s)
[INFO] Downloading from central: https://repo.maven.apache.org/maven2/com/amazonaws/aws-java-sdk-opsworks/1.9.6/aws-java-sdk-opsworks-1.9.6.pom
[INFO] Downloaded from central: https://repo.maven.apache.org/maven2/com/amazonaws/aws-java-sdk-opsworks/1.9.6/aws-java-sdk-opsworks-1.9.6.pom (1.7 kB at 3.7 kB/s)
[INFO] Downloading from central: https://repo.maven.apache.org/maven2/com/amazonaws/aws-java-sdk-kinesis/1.9.6/aws-java-sdk-kinesis-1.9.6.pom
[INFO] Downloaded from central: https://repo.maven.apache.org/maven2/com/amazonaws/aws-java-sdk-kinesis/1.9.6/aws-java-sdk-kinesis-1.9.6.pom (1.7 kB at 4.6 kB/s)
[INFO] Downloading from central: https://repo.maven.apache.org/maven2/com/amazonaws/aws-java-sdk-elasticloadbalancing/1.9.6/aws-java-sdk-elasticloadbalancing-1.9.6.pom
[INFO] Downloaded from central: https://repo.maven.apache.org/maven2/com/amazonaws/aws-java-sdk-elasticloadbalancing/1.9.6/aws-java-sdk-elasticloadbalancing-1.9.6.pom (1.7 kB at 3.7 kB/s)
[INFO] Downloading from central: https://repo.maven.apache.org/maven2/com/amazonaws/aws-java-sdk-elasticache/1.9.6/aws-java-sdk-elasticache-1.9.6.pom
[INFO] Downloaded from central: https://repo.maven.apache.org/maven2/com/amazonaws/aws-java-sdk-elasticache/1.9.6/aws-java-sdk-elasticache-1.9.6.pom (1.7 kB at 4.6 kB/s)
[INFO] Downloading from central: https://repo.maven.apache.org/maven2/com/amazonaws/aws-java-sdk-cognitosync/1.9.6/aws-java-sdk-cognitosync-1.9.6.pom
[INFO] Downloaded from central: https://repo.maven.apache.org/maven2/com/amazonaws/aws-java-sdk-cognitosync/1.9.6/aws-java-sdk-cognitosync-1.9.6.pom (1.7 kB at 4.6 kB/s)
[INFO] Downloading from central: https://repo.maven.apache.org/maven2/com/amazonaws/aws-java-sdk-simpledb/1.9.6/aws-java-sdk-simpledb-1.9.6.pom
[INFO] Downloaded from central: https://repo.maven.apache.org/maven2/com/amazonaws/aws-java-sdk-simpledb/1.9.6/aws-java-sdk-simpledb-1.9.6.pom (1.7 kB at 4.6 kB/s)
[INFO] Downloading from central: https://repo.maven.apache.org/maven2/com/amazonaws/aws-java-sdk-sts/1.9.6/aws-java-sdk-sts-1.9.6.pom
[INFO] Downloaded from central: https://repo.maven.apache.org/maven2/com/amazonaws/aws-java-sdk-sts/1.9.6/aws-java-sdk-sts-1.9.6.pom (1.7 kB at 4.6 kB/s)
[INFO] Downloading from central: https://repo.maven.apache.org/maven2/com/amazonaws/aws-java-sdk-importexport/1.9.6/aws-java-sdk-importexport-1.9.6.pom
[INFO] Downloaded from central: https://repo.maven.apache.org/maven2/com/amazonaws/aws-java-sdk-importexport/1.9.6/aws-java-sdk-importexport-1.9.6.pom (1.7 kB at 4.6 kB/s)
[INFO] Downloading from central: https://repo.maven.apache.org/maven2/com/amazonaws/aws-java-sdk-cloudtrail/1.9.6/aws-java-sdk-cloudtrail-1.9.6.pom
[INFO] Downloaded from central: https://repo.maven.apache.org/maven2/com/amazonaws/aws-java-sdk-cloudtrail/1.9.6/aws-java-sdk-cloudtrail-1.9.6.pom (1.7 kB at 4.6 kB/s)
[INFO] Downloading from central: https://repo.maven.apache.org/maven2/com/amazonaws/aws-java-sdk-cloudwatchmetrics/1.9.6/aws-java-sdk-cloudwatchmetrics-1.9.6.pom
[INFO] Downloaded from central: https://repo.maven.apache.org/maven2/com/amazonaws/aws-java-sdk-cloudwatchmetrics/1.9.6/aws-java-sdk-cloudwatchmetrics-1.9.6.pom (1.9 kB at 5.0 kB/s)
[INFO] Downloading from central: https://repo.maven.apache.org/maven2/com/amazonaws/aws-java-sdk-cloudwatch/1.9.6/aws-java-sdk-cloudwatch-1.9.6.pom
[INFO] Downloaded from central: https://repo.maven.apache.org/maven2/com/amazonaws/aws-java-sdk-cloudwatch/1.9.6/aws-java-sdk-cloudwatch-1.9.6.pom (1.7 kB at 3.8 kB/s)
[INFO] Downloading from central: https://repo.maven.apache.org/maven2/com/amazonaws/aws-java-sdk-dynamodb/1.9.6/aws-java-sdk-dynamodb-1.9.6.pom
[INFO] Downloaded from central: https://repo.maven.apache.org/maven2/com/amazonaws/aws-java-sdk-dynamodb/1.9.6/aws-java-sdk-dynamodb-1.9.6.pom (1.7 kB at 3.3 kB/s)
[INFO] Downloading from central: https://repo.maven.apache.org/maven2/com/amazonaws/aws-java-sdk-s3/1.9.6/aws-java-sdk-s3-1.9.6.pom
[INFO] Downloaded from central: https://repo.maven.apache.org/maven2/com/amazonaws/aws-java-sdk-s3/1.9.6/aws-java-sdk-s3-1.9.6.pom (1.7 kB at 4.6 kB/s)
[INFO] Downloading from central: https://repo.maven.apache.org/maven2/com/amazonaws/aws-java-sdk-kms/1.9.6/aws-java-sdk-kms-1.9.6.pom
[INFO] Downloaded from central: https://repo.maven.apache.org/maven2/com/amazonaws/aws-java-sdk-kms/1.9.6/aws-java-sdk-kms-1.9.6.pom (1.7 kB at 4.5 kB/s)
[INFO] Downloading from central: https://repo.maven.apache.org/maven2/com/amazonaws/aws-java-sdk-route53/1.9.6/aws-java-sdk-route53-1.9.6.pom
[INFO] Downloaded from central: https://repo.maven.apache.org/maven2/com/amazonaws/aws-java-sdk-route53/1.9.6/aws-java-sdk-route53-1.9.6.pom (1.7 kB at 4.6 kB/s)
[INFO] Downloading from central: https://repo.maven.apache.org/maven2/com/amazonaws/aws-java-sdk-storagegateway/1.9.6/aws-java-sdk-storagegateway-1.9.6.pom
[INFO] Downloaded from central: https://repo.maven.apache.org/maven2/com/amazonaws/aws-java-sdk-storagegateway/1.9.6/aws-java-sdk-storagegateway-1.9.6.pom (1.7 kB at 3.2 kB/s)
[INFO] Downloading from central: https://repo.maven.apache.org/maven2/com/amazonaws/aws-java-sdk-ses/1.9.6/aws-java-sdk-ses-1.9.6.pom
[INFO] Downloaded from central: https://repo.maven.apache.org/maven2/com/amazonaws/aws-java-sdk-ses/1.9.6/aws-java-sdk-ses-1.9.6.pom (1.9 kB at 5.1 kB/s)
[INFO] Downloading from central: https://repo.maven.apache.org/maven2/com/amazonaws/aws-java-sdk-support/1.9.6/aws-java-sdk-support-1.9.6.pom
[INFO] Downloaded from central: https://repo.maven.apache.org/maven2/com/amazonaws/aws-java-sdk-support/1.9.6/aws-java-sdk-support-1.9.6.pom (1.7 kB at 3.7 kB/s)
[INFO] Downloading from central: https://repo.maven.apache.org/maven2/com/amazonaws/aws-java-sdk-cloudfront/1.9.6/aws-java-sdk-cloudfront-1.9.6.pom
[INFO] Downloaded from central: https://repo.maven.apache.org/maven2/com/amazonaws/aws-java-sdk-cloudfront/1.9.6/aws-java-sdk-cloudfront-1.9.6.pom (1.7 kB at 4.6 kB/s)
[INFO] Downloading from central: https://repo.maven.apache.org/maven2/com/amazonaws/aws-java-sdk-cloudformation/1.9.6/aws-java-sdk-cloudformation-1.9.6.pom
[INFO] Downloaded from central: https://repo.maven.apache.org/maven2/com/amazonaws/aws-java-sdk-cloudformation/1.9.6/aws-java-sdk-cloudformation-1.9.6.pom (1.7 kB at 4.7 kB/s)
[INFO] Downloading from central: https://repo.maven.apache.org/maven2/com/amazonaws/aws-java-sdk-directconnect/1.9.6/aws-java-sdk-directconnect-1.9.6.pom
[INFO] Downloaded from central: https://repo.maven.apache.org/maven2/com/amazonaws/aws-java-sdk-directconnect/1.9.6/aws-java-sdk-directconnect-1.9.6.pom (1.7 kB at 4.6 kB/s)
[INFO] Downloading from central: https://repo.maven.apache.org/maven2/com/amazonaws/aws-java-sdk-elasticbeanstalk/1.9.6/aws-java-sdk-elasticbeanstalk-1.9.6.pom
[INFO] Downloaded from central: https://repo.maven.apache.org/maven2/com/amazonaws/aws-java-sdk-elasticbeanstalk/1.9.6/aws-java-sdk-elasticbeanstalk-1.9.6.pom (1.7 kB at 3.2 kB/s)
[INFO] Downloading from central: https://repo.maven.apache.org/maven2/com/amazonaws/aws-java-sdk-redshift/1.9.6/aws-java-sdk-redshift-1.9.6.pom
[INFO] Downloaded from central: https://repo.maven.apache.org/maven2/com/amazonaws/aws-java-sdk-redshift/1.9.6/aws-java-sdk-redshift-1.9.6.pom (1.7 kB at 4.6 kB/s)
[INFO] Downloading from central: https://repo.maven.apache.org/maven2/com/amazonaws/aws-java-sdk-datapipeline/1.9.6/aws-java-sdk-datapipeline-1.9.6.pom
[INFO] Downloaded from central: https://repo.maven.apache.org/maven2/com/amazonaws/aws-java-sdk-datapipeline/1.9.6/aws-java-sdk-datapipeline-1.9.6.pom (1.7 kB at 4.6 kB/s)
[INFO] Downloading from central: https://repo.maven.apache.org/maven2/com/amazonaws/aws-java-sdk-lambda/1.9.6/aws-java-sdk-lambda-1.9.6.pom
[INFO] Downloaded from central: https://repo.maven.apache.org/maven2/com/amazonaws/aws-java-sdk-lambda/1.9.6/aws-java-sdk-lambda-1.9.6.pom (1.7 kB at 4.4 kB/s)
[INFO] Downloading from central: https://repo.maven.apache.org/maven2/com/amazonaws/aws-java-sdk-autoscaling/1.9.6/aws-java-sdk-autoscaling-1.9.6.pom
[INFO] Downloaded from central: https://repo.maven.apache.org/maven2/com/amazonaws/aws-java-sdk-autoscaling/1.9.6/aws-java-sdk-autoscaling-1.9.6.pom (1.7 kB at 4.6 kB/s)
[INFO] Downloading from central: https://repo.maven.apache.org/maven2/com/amazonaws/aws-java-sdk-cognitoidentity/1.9.6/aws-java-sdk-cognitoidentity-1.9.6.pom
[INFO] Downloaded from central: https://repo.maven.apache.org/maven2/com/amazonaws/aws-java-sdk-cognitoidentity/1.9.6/aws-java-sdk-cognitoidentity-1.9.6.pom (1.7 kB at 4.7 kB/s)
[INFO] Downloading from central: https://repo.maven.apache.org/maven2/com/amazonaws/aws-java-sdk-iam/1.9.6/aws-java-sdk-iam-1.9.6.pom
[INFO] Downloaded from central: https://repo.maven.apache.org/maven2/com/amazonaws/aws-java-sdk-iam/1.9.6/aws-java-sdk-iam-1.9.6.pom (1.7 kB at 3.4 kB/s)
[INFO] Downloading from central: https://repo.maven.apache.org/maven2/com/amazonaws/aws-java-sdk-glacier/1.9.6/aws-java-sdk-glacier-1.9.6.pom
[INFO] Downloaded from central: https://repo.maven.apache.org/maven2/com/amazonaws/aws-java-sdk-glacier/1.9.6/aws-java-sdk-glacier-1.9.6.pom (2.1 kB at 4.5 kB/s)
[INFO] Downloading from central: https://repo.maven.apache.org/maven2/com/amazonaws/aws-java-sdk-sqs/1.9.6/aws-java-sdk-sqs-1.9.6.pom
[INFO] Downloaded from central: https://repo.maven.apache.org/maven2/com/amazonaws/aws-java-sdk-sqs/1.9.6/aws-java-sdk-sqs-1.9.6.pom (1.7 kB at 4.6 kB/s)
[INFO] Downloading from central: https://repo.maven.apache.org/maven2/com/amazonaws/aws-java-sdk-sns/1.9.6/aws-java-sdk-sns-1.9.6.pom
[INFO] Downloaded from central: https://repo.maven.apache.org/maven2/com/amazonaws/aws-java-sdk-sns/1.9.6/aws-java-sdk-sns-1.9.6.pom (1.7 kB at 4.6 kB/s)
[INFO] Downloading from central: https://repo.maven.apache.org/maven2/com/amazonaws/aws-java-sdk-cloudsearch/1.9.6/aws-java-sdk-cloudsearch-1.9.6.pom
[INFO] Downloaded from central: https://repo.maven.apache.org/maven2/com/amazonaws/aws-java-sdk-cloudsearch/1.9.6/aws-java-sdk-cloudsearch-1.9.6.pom (1.7 kB at 4.7 kB/s)
[INFO] Downloading from central: https://repo.maven.apache.org/maven2/com/amazonaws/aws-java-sdk-logs/1.9.6/aws-java-sdk-logs-1.9.6.pom
[INFO] Downloaded from central: https://repo.maven.apache.org/maven2/com/amazonaws/aws-java-sdk-logs/1.9.6/aws-java-sdk-logs-1.9.6.pom (1.7 kB at 4.6 kB/s)
[INFO] Downloading from central: https://repo.maven.apache.org/maven2/com/amazonaws/aws-java-sdk-codedeploy/1.9.6/aws-java-sdk-codedeploy-1.9.6.pom
[INFO] Downloaded from central: https://repo.maven.apache.org/maven2/com/amazonaws/aws-java-sdk-codedeploy/1.9.6/aws-java-sdk-codedeploy-1.9.6.pom (1.7 kB at 3.7 kB/s)
[INFO] Downloading from central: https://repo.maven.apache.org/maven2/com/amazonaws/aws-java-sdk-rds/1.9.6/aws-java-sdk-rds-1.9.6.pom
[INFO] Downloaded from central: https://repo.maven.apache.org/maven2/com/amazonaws/aws-java-sdk-rds/1.9.6/aws-java-sdk-rds-1.9.6.pom (1.7 kB at 4.6 kB/s)
[INFO] Downloading from central: https://repo.maven.apache.org/maven2/com/amazonaws/aws-java-sdk/1.9.6/aws-java-sdk-1.9.6.jar
[INFO] Downloading from central: https://repo.maven.apache.org/maven2/com/amazonaws/aws-java-sdk-elastictranscoder/1.9.6/aws-java-sdk-elastictranscoder-1.9.6.jar
[INFO] Downloading from central: https://repo.maven.apache.org/maven2/org/apache/httpcomponents/httpclient/4.3/httpclient-4.3.jar
[INFO] Downloading from central: https://repo.maven.apache.org/maven2/com/amazonaws/aws-java-sdk-core/1.9.6/aws-java-sdk-core-1.9.6.jar
[INFO] Downloading from central: https://repo.maven.apache.org/maven2/com/fasterxml/jackson/core/jackson-databind/2.3.2/jackson-databind-2.3.2.jar
[INFO] Downloaded from central: https://repo.maven.apache.org/maven2/com/amazonaws/aws-java-sdk/1.9.6/aws-java-sdk-1.9.6.jar (2.2 kB at 5.6 kB/s)
[INFO] Downloading from central: https://repo.maven.apache.org/maven2/com/fasterxml/jackson/core/jackson-annotations/2.3.0/jackson-annotations-2.3.0.jar
[INFO] Downloaded from central: https://repo.maven.apache.org/maven2/com/fasterxml/jackson/core/jackson-annotations/2.3.0/jackson-annotations-2.3.0.jar (35 kB at 44 kB/s)
[INFO] Downloading from central: https://repo.maven.apache.org/maven2/com/fasterxml/jackson/core/jackson-core/2.3.2/jackson-core-2.3.2.jar
[INFO] Downloaded from central: https://repo.maven.apache.org/maven2/com/amazonaws/aws-java-sdk-core/1.9.6/aws-java-sdk-core-1.9.6.jar (464 kB at 338 kB/s)
[INFO] Downloading from central: https://repo.maven.apache.org/maven2/joda-time/joda-time/2.10.10/joda-time-2.10.10.jar
[INFO] Downloaded from central: https://repo.maven.apache.org/maven2/com/amazonaws/aws-java-sdk-elastictranscoder/1.9.6/aws-java-sdk-elastictranscoder-1.9.6.jar (282 kB at 204 kB/s)
[INFO] Downloading from central: https://repo.maven.apache.org/maven2/com/amazonaws/aws-java-sdk-ec2/1.9.6/aws-java-sdk-ec2-1.9.6.jar
[INFO] Downloaded from central: https://repo.maven.apache.org/maven2/com/fasterxml/jackson/core/jackson-core/2.3.2/jackson-core-2.3.2.jar (200 kB at 138 kB/s)
[INFO] Downloading from central: https://repo.maven.apache.org/maven2/com/amazonaws/aws-java-sdk-config/1.9.6/aws-java-sdk-config-1.9.6.jar
[INFO] Downloaded from central: https://repo.maven.apache.org/maven2/org/apache/httpcomponents/httpclient/4.3/httpclient-4.3.jar (585 kB at 396 kB/s)
[INFO] Downloading from central: https://repo.maven.apache.org/maven2/com/amazonaws/aws-java-sdk-emr/1.9.6/aws-java-sdk-emr-1.9.6.jar
[INFO] Downloaded from central: https://repo.maven.apache.org/maven2/com/fasterxml/jackson/core/jackson-databind/2.3.2/jackson-databind-2.3.2.jar (915 kB at 584 kB/s)
[INFO] Downloading from central: https://repo.maven.apache.org/maven2/com/amazonaws/aws-java-sdk-swf-libraries/1.9.6/aws-java-sdk-swf-libraries-1.9.6.jar
[INFO] Downloaded from central: https://repo.maven.apache.org/maven2/com/amazonaws/aws-java-sdk-emr/1.9.6/aws-java-sdk-emr-1.9.6.jar (350 kB at 180 kB/s)
[INFO] Downloading from central: https://repo.maven.apache.org/maven2/com/amazonaws/aws-java-sdk-simpleworkflow/1.9.6/aws-java-sdk-simpleworkflow-1.9.6.jar
[INFO] Downloaded from central: https://repo.maven.apache.org/maven2/com/amazonaws/aws-java-sdk-config/1.9.6/aws-java-sdk-config-1.9.6.jar (160 kB at 82 kB/s)
[INFO] Downloading from central: https://repo.maven.apache.org/maven2/com/amazonaws/aws-java-sdk-opsworks/1.9.6/aws-java-sdk-opsworks-1.9.6.jar
[INFO] Downloaded from central: https://repo.maven.apache.org/maven2/joda-time/joda-time/2.10.10/joda-time-2.10.10.jar (644 kB at 326 kB/s)
[INFO] Downloading from central: https://repo.maven.apache.org/maven2/com/amazonaws/aws-java-sdk-kinesis/1.9.6/aws-java-sdk-kinesis-1.9.6.jar
[INFO] Downloaded from central: https://repo.maven.apache.org/maven2/com/amazonaws/aws-java-sdk-swf-libraries/1.9.6/aws-java-sdk-swf-libraries-1.9.6.jar (508 kB at 236 kB/s)
[INFO] Downloading from central: https://repo.maven.apache.org/maven2/com/amazonaws/aws-java-sdk-elasticloadbalancing/1.9.6/aws-java-sdk-elasticloadbalancing-1.9.6.jar
[INFO] Downloaded from central: https://repo.maven.apache.org/maven2/com/amazonaws/aws-java-sdk-kinesis/1.9.6/aws-java-sdk-kinesis-1.9.6.jar (128 kB at 54 kB/s)
[INFO] Downloading from central: https://repo.maven.apache.org/maven2/com/amazonaws/aws-java-sdk-elasticache/1.9.6/aws-java-sdk-elasticache-1.9.6.jar
[INFO] Downloaded from central: https://repo.maven.apache.org/maven2/com/amazonaws/aws-java-sdk-ec2/1.9.6/aws-java-sdk-ec2-1.9.6.jar (1.7 MB at 693 kB/s)
[INFO] Downloading from central: https://repo.maven.apache.org/maven2/com/amazonaws/aws-java-sdk-cognitosync/1.9.6/aws-java-sdk-cognitosync-1.9.6.jar
[INFO] Downloaded from central: https://repo.maven.apache.org/maven2/com/amazonaws/aws-java-sdk-opsworks/1.9.6/aws-java-sdk-opsworks-1.9.6.jar (623 kB at 251 kB/s)
[INFO] Downloading from central: https://repo.maven.apache.org/maven2/com/amazonaws/aws-java-sdk-simpledb/1.9.6/aws-java-sdk-simpledb-1.9.6.jar
[INFO] Downloaded from central: https://repo.maven.apache.org/maven2/com/amazonaws/aws-java-sdk-simpleworkflow/1.9.6/aws-java-sdk-simpleworkflow-1.9.6.jar (561 kB at 216 kB/s)
[INFO] Downloading from central: https://repo.maven.apache.org/maven2/com/amazonaws/aws-java-sdk-sts/1.9.6/aws-java-sdk-sts-1.9.6.jar
[INFO] Downloaded from central: https://repo.maven.apache.org/maven2/com/amazonaws/aws-java-sdk-elasticloadbalancing/1.9.6/aws-java-sdk-elasticloadbalancing-1.9.6.jar (352 kB at 130 kB/s)
[INFO] Downloading from central: https://repo.maven.apache.org/maven2/com/amazonaws/aws-java-sdk-importexport/1.9.6/aws-java-sdk-importexport-1.9.6.jar
[INFO] Downloaded from central: https://repo.maven.apache.org/maven2/com/amazonaws/aws-java-sdk-cognitosync/1.9.6/aws-java-sdk-cognitosync-1.9.6.jar (174 kB at 61 kB/s)
[INFO] Downloading from central: https://repo.maven.apache.org/maven2/com/amazonaws/aws-java-sdk-cloudtrail/1.9.6/aws-java-sdk-cloudtrail-1.9.6.jar
[INFO] Downloaded from central: https://repo.maven.apache.org/maven2/com/amazonaws/aws-java-sdk-elasticache/1.9.6/aws-java-sdk-elasticache-1.9.6.jar (424 kB at 147 kB/s)
[INFO] Downloading from central: https://repo.maven.apache.org/maven2/com/amazonaws/aws-java-sdk-cloudwatchmetrics/1.9.6/aws-java-sdk-cloudwatchmetrics-1.9.6.jar
[INFO] Downloaded from central: https://repo.maven.apache.org/maven2/com/amazonaws/aws-java-sdk-simpledb/1.9.6/aws-java-sdk-simpledb-1.9.6.jar (126 kB at 44 kB/s)
[INFO] Downloading from central: https://repo.maven.apache.org/maven2/com/amazonaws/aws-java-sdk-cloudwatch/1.9.6/aws-java-sdk-cloudwatch-1.9.6.jar
[INFO] Downloaded from central: https://repo.maven.apache.org/maven2/com/amazonaws/aws-java-sdk-sts/1.9.6/aws-java-sdk-sts-1.9.6.jar (92 kB at 30 kB/s)
[INFO] Downloading from central: https://repo.maven.apache.org/maven2/com/amazonaws/aws-java-sdk-dynamodb/1.9.6/aws-java-sdk-dynamodb-1.9.6.jar
[INFO] Downloaded from central: https://repo.maven.apache.org/maven2/com/amazonaws/aws-java-sdk-importexport/1.9.6/aws-java-sdk-importexport-1.9.6.jar (79 kB at 26 kB/s)
[INFO] Downloading from central: https://repo.maven.apache.org/maven2/com/amazonaws/aws-java-sdk-route53/1.9.6/aws-java-sdk-route53-1.9.6.jar
[INFO] Downloaded from central: https://repo.maven.apache.org/maven2/com/amazonaws/aws-java-sdk-cloudtrail/1.9.6/aws-java-sdk-cloudtrail-1.9.6.jar (93 kB at 29 kB/s)
[INFO] Downloading from central: https://repo.maven.apache.org/maven2/com/amazonaws/aws-java-sdk-storagegateway/1.9.6/aws-java-sdk-storagegateway-1.9.6.jar
[INFO] Downloaded from central: https://repo.maven.apache.org/maven2/com/amazonaws/aws-java-sdk-cloudwatchmetrics/1.9.6/aws-java-sdk-cloudwatchmetrics-1.9.6.jar (46 kB at 14 kB/s)
[INFO] Downloading from central: https://repo.maven.apache.org/maven2/com/amazonaws/aws-java-sdk-ses/1.9.6/aws-java-sdk-ses-1.9.6.jar
[INFO] Downloaded from central: https://repo.maven.apache.org/maven2/com/amazonaws/aws-java-sdk-cloudwatch/1.9.6/aws-java-sdk-cloudwatch-1.9.6.jar (142 kB at 43 kB/s)
[INFO] Downloading from central: https://repo.maven.apache.org/maven2/com/amazonaws/aws-java-sdk-support/1.9.6/aws-java-sdk-support-1.9.6.jar
[INFO] Downloaded from central: https://repo.maven.apache.org/maven2/com/amazonaws/aws-java-sdk-route53/1.9.6/aws-java-sdk-route53-1.9.6.jar (549 kB at 153 kB/s)
[INFO] Downloading from central: https://repo.maven.apache.org/maven2/com/amazonaws/aws-java-sdk-cloudfront/1.9.6/aws-java-sdk-cloudfront-1.9.6.jar
[INFO] Downloaded from central: https://repo.maven.apache.org/maven2/com/amazonaws/aws-java-sdk-ses/1.9.6/aws-java-sdk-ses-1.9.6.jar (179 kB at 49 kB/s)
[INFO] Downloading from central: https://repo.maven.apache.org/maven2/com/amazonaws/aws-java-sdk-cloudformation/1.9.6/aws-java-sdk-cloudformation-1.9.6.jar
[INFO] Downloaded from central: https://repo.maven.apache.org/maven2/com/amazonaws/aws-java-sdk-support/1.9.6/aws-java-sdk-support-1.9.6.jar (208 kB at 56 kB/s)
[INFO] Downloading from central: https://repo.maven.apache.org/maven2/com/amazonaws/aws-java-sdk-directconnect/1.9.6/aws-java-sdk-directconnect-1.9.6.jar
[INFO] Downloaded from central: https://repo.maven.apache.org/maven2/com/amazonaws/aws-java-sdk-dynamodb/1.9.6/aws-java-sdk-dynamodb-1.9.6.jar (616 kB at 165 kB/s)
[INFO] Downloading from central: https://repo.maven.apache.org/maven2/com/amazonaws/aws-java-sdk-elasticbeanstalk/1.9.6/aws-java-sdk-elasticbeanstalk-1.9.6.jar
[INFO] Downloaded from central: https://repo.maven.apache.org/maven2/com/amazonaws/aws-java-sdk-storagegateway/1.9.6/aws-java-sdk-storagegateway-1.9.6.jar (487 kB at 130 kB/s)
[INFO] Downloading from central: https://repo.maven.apache.org/maven2/com/amazonaws/aws-java-sdk-redshift/1.9.6/aws-java-sdk-redshift-1.9.6.jar
[INFO] Downloaded from central: https://repo.maven.apache.org/maven2/com/amazonaws/aws-java-sdk-cloudformation/1.9.6/aws-java-sdk-cloudformation-1.9.6.jar (196 kB at 48 kB/s)
[INFO] Downloading from central: https://repo.maven.apache.org/maven2/com/amazonaws/aws-java-sdk-datapipeline/1.9.6/aws-java-sdk-datapipeline-1.9.6.jar
[INFO] Downloaded from central: https://repo.maven.apache.org/maven2/com/amazonaws/aws-java-sdk-directconnect/1.9.6/aws-java-sdk-directconnect-1.9.6.jar (230 kB at 55 kB/s)
[INFO] Downloading from central: https://repo.maven.apache.org/maven2/com/amazonaws/aws-java-sdk-lambda/1.9.6/aws-java-sdk-lambda-1.9.6.jar
[INFO] Downloaded from central: https://repo.maven.apache.org/maven2/com/amazonaws/aws-java-sdk-cloudfront/1.9.6/aws-java-sdk-cloudfront-1.9.6.jar (729 kB at 175 kB/s)
[INFO] Downloading from central: https://repo.maven.apache.org/maven2/com/amazonaws/aws-java-sdk-autoscaling/1.9.6/aws-java-sdk-autoscaling-1.9.6.jar
[INFO] Downloaded from central: https://repo.maven.apache.org/maven2/com/amazonaws/aws-java-sdk-elasticbeanstalk/1.9.6/aws-java-sdk-elasticbeanstalk-1.9.6.jar (354 kB at 84 kB/s)
[INFO] Downloading from central: https://repo.maven.apache.org/maven2/com/amazonaws/aws-java-sdk-cognitoidentity/1.9.6/aws-java-sdk-cognitoidentity-1.9.6.jar
[INFO] Downloaded from central: https://repo.maven.apache.org/maven2/com/amazonaws/aws-java-sdk-redshift/1.9.6/aws-java-sdk-redshift-1.9.6.jar (592 kB at 135 kB/s)
[INFO] Downloading from central: https://repo.maven.apache.org/maven2/com/amazonaws/aws-java-sdk-iam/1.9.6/aws-java-sdk-iam-1.9.6.jar
[INFO] Downloaded from central: https://repo.maven.apache.org/maven2/com/amazonaws/aws-java-sdk-datapipeline/1.9.6/aws-java-sdk-datapipeline-1.9.6.jar (188 kB at 42 kB/s)
[INFO] Downloading from central: https://repo.maven.apache.org/maven2/com/amazonaws/aws-java-sdk-glacier/1.9.6/aws-java-sdk-glacier-1.9.6.jar
[INFO] Downloaded from central: https://repo.maven.apache.org/maven2/com/amazonaws/aws-java-sdk-lambda/1.9.6/aws-java-sdk-lambda-1.9.6.jar (140 kB at 31 kB/s)
[INFO] Downloading from central: https://repo.maven.apache.org/maven2/com/amazonaws/aws-java-sdk-sqs/1.9.6/aws-java-sdk-sqs-1.9.6.jar
[INFO] Downloaded from central: https://repo.maven.apache.org/maven2/com/amazonaws/aws-java-sdk-cognitoidentity/1.9.6/aws-java-sdk-cognitoidentity-1.9.6.jar (148 kB at 32 kB/s)
[INFO] Downloading from central: https://repo.maven.apache.org/maven2/com/amazonaws/aws-java-sdk-sns/1.9.6/aws-java-sdk-sns-1.9.6.jar
[INFO] Downloaded from central: https://repo.maven.apache.org/maven2/com/amazonaws/aws-java-sdk-autoscaling/1.9.6/aws-java-sdk-autoscaling-1.9.6.jar (423 kB at 91 kB/s)
[INFO] Downloading from central: https://repo.maven.apache.org/maven2/com/amazonaws/aws-java-sdk-s3/1.9.6/aws-java-sdk-s3-1.9.6.jar
[INFO] Downloaded from central: https://repo.maven.apache.org/maven2/com/amazonaws/aws-java-sdk-iam/1.9.6/aws-java-sdk-iam-1.9.6.jar (641 kB at 130 kB/s)
[INFO] Downloading from central: https://repo.maven.apache.org/maven2/com/amazonaws/aws-java-sdk-kms/1.9.6/aws-java-sdk-kms-1.9.6.jar
[INFO] Downloaded from central: https://repo.maven.apache.org/maven2/com/amazonaws/aws-java-sdk-glacier/1.9.6/aws-java-sdk-glacier-1.9.6.jar (247 kB at 49 kB/s)
[INFO] Downloading from central: https://repo.maven.apache.org/maven2/com/amazonaws/aws-java-sdk-cloudsearch/1.9.6/aws-java-sdk-cloudsearch-1.9.6.jar
[INFO] Downloaded from central: https://repo.maven.apache.org/maven2/com/amazonaws/aws-java-sdk-sqs/1.9.6/aws-java-sdk-sqs-1.9.6.jar (233 kB at 47 kB/s)
[INFO] Downloading from central: https://repo.maven.apache.org/maven2/com/amazonaws/aws-java-sdk-logs/1.9.6/aws-java-sdk-logs-1.9.6.jar
[INFO] Downloaded from central: https://repo.maven.apache.org/maven2/com/amazonaws/aws-java-sdk-sns/1.9.6/aws-java-sdk-sns-1.9.6.jar (219 kB at 44 kB/s)
[INFO] Downloading from central: https://repo.maven.apache.org/maven2/com/amazonaws/aws-java-sdk-codedeploy/1.9.6/aws-java-sdk-codedeploy-1.9.6.jar
[INFO] Downloaded from central: https://repo.maven.apache.org/maven2/com/amazonaws/aws-java-sdk-s3/1.9.6/aws-java-sdk-s3-1.9.6.jar (518 kB at 99 kB/s)
[INFO] Downloading from central: https://repo.maven.apache.org/maven2/com/amazonaws/aws-java-sdk-rds/1.9.6/aws-java-sdk-rds-1.9.6.jar
[INFO] Downloaded from central: https://repo.maven.apache.org/maven2/com/amazonaws/aws-java-sdk-logs/1.9.6/aws-java-sdk-logs-1.9.6.jar (146 kB at 27 kB/s)
[INFO] Downloaded from central: https://repo.maven.apache.org/maven2/com/amazonaws/aws-java-sdk-kms/1.9.6/aws-java-sdk-kms-1.9.6.jar (244 kB at 45 kB/s)
[INFO] Downloaded from central: https://repo.maven.apache.org/maven2/com/amazonaws/aws-java-sdk-codedeploy/1.9.6/aws-java-sdk-codedeploy-1.9.6.jar (370 kB at 68 kB/s)
[INFO] Downloaded from central: https://repo.maven.apache.org/maven2/com/amazonaws/aws-java-sdk-cloudsearch/1.9.6/aws-java-sdk-cloudsearch-1.9.6.jar (640 kB at 115 kB/s)
[INFO] Downloaded from central: https://repo.maven.apache.org/maven2/com/amazonaws/aws-java-sdk-rds/1.9.6/aws-java-sdk-rds-1.9.6.jar (637 kB at 111 kB/s)
[INFO] 
[INFO] --- maven-clean-plugin:2.5:clean (default-clean) @ aws-java-sample ---
[INFO] Deleting /home/codegex/Documents/workspace/rbugs/experiment/top100repos/aws-java-sample/target
[INFO] 
[INFO] --- maven-resources-plugin:2.6:resources (default-resources) @ aws-java-sample ---
[INFO] Using 'UTF-8' encoding to copy filtered resources.
[INFO] skip non existing resourceDirectory /home/codegex/.aws
[INFO] 
[INFO] --- maven-compiler-plugin:3.1:compile (default-compile) @ aws-java-sample ---
[INFO] Changes detected - recompiling the module!
[INFO] Compiling 1 source file to /home/codegex/Documents/workspace/rbugs/experiment/top100repos/aws-java-sample/target/classes
[INFO] -------------------------------------------------------------
[ERROR] COMPILATION ERROR : 
[INFO] -------------------------------------------------------------
[ERROR] Source option 5 is no longer supported. Use 6 or later.
[ERROR] Target option 1.5 is no longer supported. Use 1.6 or later.
[INFO] 2 errors 
[INFO] -------------------------------------------------------------
[INFO] ------------------------------------------------------------------------
[INFO] BUILD FAILURE
[INFO] ------------------------------------------------------------------------
[INFO] Total time:  31.397 s
[INFO] Finished at: 2021-03-29T01:46:40+08:00
[INFO] ------------------------------------------------------------------------
[ERROR] Failed to execute goal org.apache.maven.plugins:maven-compiler-plugin:3.1:compile (default-compile) on project aws-java-sample: Compilation failure: Compilation failure: 
[ERROR] Source option 5 is no longer supported. Use 6 or later.
[ERROR] Target option 1.5 is no longer supported. Use 1.6 or later.
[ERROR] -> [Help 1]
[ERROR] 
[ERROR] To see the full stack trace of the errors, re-run Maven with the -e switch.
[ERROR] Re-run Maven using the -X switch to enable full debug logging.
[ERROR] 
[ERROR] For more information about the errors and possible solutions, please read the following articles:
[ERROR] [Help 1] http://cwiki.apache.org/confluence/display/MAVEN/MojoFailureException
[INFO] Build failures were ignored.
WARNING: An illegal reflective access operation has occurred
WARNING: Illegal reflective access by com.google.inject.internal.cglib.core.$ReflectUtils$1 (file:/usr/share/maven/lib/guice.jar) to method java.lang.ClassLoader.defineClass(java.lang.String,byte[],int,int,java.security.ProtectionDomain)
WARNING: Please consider reporting this to the maintainers of com.google.inject.internal.cglib.core.$ReflectUtils$1
WARNING: Use --illegal-access=warn to enable warnings of further illegal reflective access operations
WARNING: All illegal access operations will be denied in a future release
