[INFO] Scanning for projects...
[INFO] Inspecting build with total of 1 modules...
[INFO] Installing Nexus Staging features:
[INFO]   ... total of 1 executions of maven-deploy-plugin replaced with nexus-staging-maven-plugin
[INFO] 
[INFO] ------------------< com.gluonhq:client-maven-plugin >-------------------
[INFO] Building client-maven-plugin Maven Mojo 0.1.39-SNAPSHOT
[INFO] ----------------------------[ maven-plugin ]----------------------------
[INFO] Downloading from gluon-snapshots: https://nexus.gluonhq.com/nexus/content/repositories/public-snapshots/com/gluonhq/substrate/0.0.37-SNAPSHOT/maven-metadata.xml
[INFO] Downloading from snapshot: https://oss.sonatype.org/content/repositories/snapshots/com/gluonhq/substrate/0.0.37-SNAPSHOT/maven-metadata.xml
[INFO] Downloading from gluon-releases: https://nexus.gluonhq.com/nexus/content/repositories/releases/com/gluonhq/substrate/0.0.37-SNAPSHOT/maven-metadata.xml
[WARNING] Could not transfer metadata com.gluonhq:substrate:0.0.37-SNAPSHOT/maven-metadata.xml from/to gluon-snapshots (https://nexus.gluonhq.com/nexus/content/repositories/public-snapshots): Transfer failed for https://nexus.gluonhq.com/nexus/content/repositories/public-snapshots/com/gluonhq/substrate/0.0.37-SNAPSHOT/maven-metadata.xml
[WARNING] Could not transfer metadata com.gluonhq:substrate:0.0.37-SNAPSHOT/maven-metadata.xml from/to gluon-releases (https://nexus.gluonhq.com/nexus/content/repositories/releases): Transfer failed for https://nexus.gluonhq.com/nexus/content/repositories/releases/com/gluonhq/substrate/0.0.37-SNAPSHOT/maven-metadata.xml
[WARNING] Failure to transfer com.gluonhq:substrate:0.0.37-SNAPSHOT/maven-metadata.xml from https://nexus.gluonhq.com/nexus/content/repositories/public-snapshots was cached in the local repository, resolution will not be reattempted until the update interval of gluon-snapshots has elapsed or updates are forced. Original error: Could not transfer metadata com.gluonhq:substrate:0.0.37-SNAPSHOT/maven-metadata.xml from/to gluon-snapshots (https://nexus.gluonhq.com/nexus/content/repositories/public-snapshots): Transfer failed for https://nexus.gluonhq.com/nexus/content/repositories/public-snapshots/com/gluonhq/substrate/0.0.37-SNAPSHOT/maven-metadata.xml
[WARNING] Failure to transfer com.gluonhq:substrate:0.0.37-SNAPSHOT/maven-metadata.xml from https://nexus.gluonhq.com/nexus/content/repositories/releases was cached in the local repository, resolution will not be reattempted until the update interval of gluon-releases has elapsed or updates are forced. Original error: Could not transfer metadata com.gluonhq:substrate:0.0.37-SNAPSHOT/maven-metadata.xml from/to gluon-releases (https://nexus.gluonhq.com/nexus/content/repositories/releases): Transfer failed for https://nexus.gluonhq.com/nexus/content/repositories/releases/com/gluonhq/substrate/0.0.37-SNAPSHOT/maven-metadata.xml
[INFO] Downloading from gluon-snapshots: https://nexus.gluonhq.com/nexus/content/repositories/public-snapshots/com/gluonhq/substrate/0.0.37-SNAPSHOT/substrate-0.0.37-SNAPSHOT.pom
[INFO] Downloading from gluon-releases: https://nexus.gluonhq.com/nexus/content/repositories/releases/com/gluonhq/substrate/0.0.37-SNAPSHOT/substrate-0.0.37-SNAPSHOT.pom
[INFO] Downloading from snapshot: https://oss.sonatype.org/content/repositories/snapshots/com/gluonhq/substrate/0.0.37-SNAPSHOT/substrate-0.0.37-SNAPSHOT.pom
[INFO] ------------------------------------------------------------------------
[INFO] BUILD FAILURE
[INFO] ------------------------------------------------------------------------
[INFO] Total time:  06:44 min
[INFO] Finished at: 2022-01-16T11:43:56+08:00
[INFO] ------------------------------------------------------------------------
[ERROR] Failed to execute goal on project client-maven-plugin: Could not resolve dependencies for project com.gluonhq:client-maven-plugin:maven-plugin:0.1.39-SNAPSHOT: Failed to collect dependencies at com.gluonhq:substrate:jar:0.0.37-SNAPSHOT: Failed to read artifact descriptor for com.gluonhq:substrate:jar:0.0.37-SNAPSHOT: Could not transfer artifact com.gluonhq:substrate:pom:0.0.37-SNAPSHOT from/to gluon-snapshots (https://nexus.gluonhq.com/nexus/content/repositories/public-snapshots): Transfer failed for https://nexus.gluonhq.com/nexus/content/repositories/public-snapshots/com/gluonhq/substrate/0.0.37-SNAPSHOT/substrate-0.0.37-SNAPSHOT.pom: Connect to nexus.gluonhq.com:443 [nexus.gluonhq.com/192.241.143.158] failed: 连接超时 (Connection timed out) -> [Help 1]
[ERROR] 
[ERROR] To see the full stack trace of the errors, re-run Maven with the -e switch.
[ERROR] Re-run Maven using the -X switch to enable full debug logging.
[ERROR] 
[ERROR] For more information about the errors and possible solutions, please read the following articles:
[ERROR] [Help 1] http://cwiki.apache.org/confluence/display/MAVEN/DependencyResolutionException
[INFO] Build failures were ignored.
WARNING: An illegal reflective access operation has occurred
WARNING: Illegal reflective access by com.google.inject.internal.cglib.core.$ReflectUtils$1 (file:/usr/share/maven/lib/guice.jar) to method java.lang.ClassLoader.defineClass(java.lang.String,byte[],int,int,java.security.ProtectionDomain)
WARNING: Please consider reporting this to the maintainers of com.google.inject.internal.cglib.core.$ReflectUtils$1
WARNING: Use --illegal-access=warn to enable warnings of further illegal reflective access operations
WARNING: All illegal access operations will be denied in a future release
