[INFO] Scanning for projects...
[INFO] Downloading from central: https://repo.maven.apache.org/maven2/org/apache/maven/plugins/maven-war-plugin/2.5/maven-war-plugin-2.5.pom
[INFO] Downloaded from central: https://repo.maven.apache.org/maven2/org/apache/maven/plugins/maven-war-plugin/2.5/maven-war-plugin-2.5.pom (8.8 kB at 7.2 kB/s)
[INFO] Downloading from central: https://repo.maven.apache.org/maven2/org/apache/maven/plugins/maven-plugins/25/maven-plugins-25.pom
[INFO] Downloaded from central: https://repo.maven.apache.org/maven2/org/apache/maven/plugins/maven-plugins/25/maven-plugins-25.pom (9.6 kB at 25 kB/s)
[INFO] Downloading from central: https://repo.maven.apache.org/maven2/org/apache/maven/maven-parent/24/maven-parent-24.pom
[INFO] Downloaded from central: https://repo.maven.apache.org/maven2/org/apache/maven/maven-parent/24/maven-parent-24.pom (37 kB at 83 kB/s)
[INFO] Downloading from central: https://repo.maven.apache.org/maven2/org/apache/apache/14/apache-14.pom
[INFO] Downloaded from central: https://repo.maven.apache.org/maven2/org/apache/apache/14/apache-14.pom (15 kB at 39 kB/s)
[INFO] Downloading from central: https://repo.maven.apache.org/maven2/org/apache/maven/plugins/maven-war-plugin/2.5/maven-war-plugin-2.5.jar
[INFO] Downloaded from central: https://repo.maven.apache.org/maven2/org/apache/maven/plugins/maven-war-plugin/2.5/maven-war-plugin-2.5.jar (86 kB at 159 kB/s)
[INFO] Downloading from central: https://repo.maven.apache.org/maven2/org/apache/maven/plugins/maven-release-plugin/2.5.1/maven-release-plugin-2.5.1.pom
[INFO] Downloaded from central: https://repo.maven.apache.org/maven2/org/apache/maven/plugins/maven-release-plugin/2.5.1/maven-release-plugin-2.5.1.pom (11 kB at 30 kB/s)
[INFO] Downloading from central: https://repo.maven.apache.org/maven2/org/apache/maven/release/maven-release/2.5.1/maven-release-2.5.1.pom
[INFO] Downloaded from central: https://repo.maven.apache.org/maven2/org/apache/maven/release/maven-release/2.5.1/maven-release-2.5.1.pom (4.3 kB at 12 kB/s)
[INFO] Downloading from central: https://repo.maven.apache.org/maven2/org/apache/maven/plugins/maven-release-plugin/2.5.1/maven-release-plugin-2.5.1.jar
[INFO] Downloaded from central: https://repo.maven.apache.org/maven2/org/apache/maven/plugins/maven-release-plugin/2.5.1/maven-release-plugin-2.5.1.jar (51 kB at 131 kB/s)
[INFO] Downloading from central: https://repo.maven.apache.org/maven2/org/eclipse/jetty/jetty-maven-plugin/9.2.6.v20141205/jetty-maven-plugin-9.2.6.v20141205.pom
[INFO] Downloaded from central: https://repo.maven.apache.org/maven2/org/eclipse/jetty/jetty-maven-plugin/9.2.6.v20141205/jetty-maven-plugin-9.2.6.v20141205.pom (5.4 kB at 15 kB/s)
[INFO] Downloading from central: https://repo.maven.apache.org/maven2/org/eclipse/jetty/jetty-project/9.2.6.v20141205/jetty-project-9.2.6.v20141205.pom
[INFO] Downloaded from central: https://repo.maven.apache.org/maven2/org/eclipse/jetty/jetty-project/9.2.6.v20141205/jetty-project-9.2.6.v20141205.pom (34 kB at 89 kB/s)
[INFO] Downloading from central: https://repo.maven.apache.org/maven2/org/eclipse/jetty/jetty-parent/23/jetty-parent-23.pom
[INFO] Downloaded from central: https://repo.maven.apache.org/maven2/org/eclipse/jetty/jetty-parent/23/jetty-parent-23.pom (22 kB at 59 kB/s)
[INFO] Downloading from central: https://repo.maven.apache.org/maven2/org/eclipse/jetty/jetty-maven-plugin/9.2.6.v20141205/jetty-maven-plugin-9.2.6.v20141205.jar
[INFO] Downloaded from central: https://repo.maven.apache.org/maven2/org/eclipse/jetty/jetty-maven-plugin/9.2.6.v20141205/jetty-maven-plugin-9.2.6.v20141205.jar (97 kB at 235 kB/s)
[WARNING] The POM for com.github.spotbugs:spotbugs-maven-plugin:jar:4.1.4-ZY is missing, no dependency information available
[WARNING] Failed to retrieve plugin descriptor for com.github.spotbugs:spotbugs-maven-plugin:4.1.4-ZY: Plugin com.github.spotbugs:spotbugs-maven-plugin:4.1.4-ZY or one of its dependencies could not be resolved: Failure to find com.github.spotbugs:spotbugs-maven-plugin:jar:4.1.4-ZY in https://repo.maven.apache.org/maven2 was cached in the local repository, resolution will not be reattempted until the update interval of central has elapsed or updates are forced
[INFO] 
[INFO] --------------< org.codingpedia:demo-rest-jersey-spring >---------------
[INFO] Building DemoRestWS 0.0.1-SNAPSHOT
[INFO] --------------------------------[ war ]---------------------------------
[WARNING] The POM for com.github.spotbugs:spotbugs-maven-plugin:jar:4.1.4-ZY is missing, no dependency information available
[WARNING] Failed to retrieve plugin descriptor for com.github.spotbugs:spotbugs-maven-plugin:4.1.4-ZY: Plugin com.github.spotbugs:spotbugs-maven-plugin:4.1.4-ZY or one of its dependencies could not be resolved: Failure to find com.github.spotbugs:spotbugs-maven-plugin:jar:4.1.4-ZY in https://repo.maven.apache.org/maven2 was cached in the local repository, resolution will not be reattempted until the update interval of central has elapsed or updates are forced
[INFO] Downloading from maven2-repository.java.net: http://download.java.net/maven/2/org/glassfish/jersey/ext/jersey-spring3/2.14/jersey-spring3-2.14.pom
[INFO] Downloading from central: https://repo.maven.apache.org/maven2/org/glassfish/jersey/ext/jersey-spring3/2.14/jersey-spring3-2.14.pom
[INFO] Downloaded from central: https://repo.maven.apache.org/maven2/org/glassfish/jersey/ext/jersey-spring3/2.14/jersey-spring3-2.14.pom (7.0 kB at 19 kB/s)
[INFO] Downloading from maven2-repository.java.net: http://download.java.net/maven/2/org/glassfish/jersey/ext/project/2.14/project-2.14.pom
[INFO] Downloading from central: https://repo.maven.apache.org/maven2/org/glassfish/jersey/ext/project/2.14/project-2.14.pom
[INFO] Downloaded from central: https://repo.maven.apache.org/maven2/org/glassfish/jersey/ext/project/2.14/project-2.14.pom (3.8 kB at 10 kB/s)
[INFO] Downloading from maven2-repository.java.net: http://download.java.net/maven/2/org/glassfish/jersey/project/2.14/project-2.14.pom
[INFO] Downloading from central: https://repo.maven.apache.org/maven2/org/glassfish/jersey/project/2.14/project-2.14.pom
[INFO] Downloaded from central: https://repo.maven.apache.org/maven2/org/glassfish/jersey/project/2.14/project-2.14.pom (67 kB at 171 kB/s)
[INFO] Downloading from maven2-repository.java.net: http://download.java.net/maven/2/net/java/jvnet-parent/4/jvnet-parent-4.pom
[INFO] Downloading from central: https://repo.maven.apache.org/maven2/net/java/jvnet-parent/4/jvnet-parent-4.pom
[INFO] Downloaded from central: https://repo.maven.apache.org/maven2/net/java/jvnet-parent/4/jvnet-parent-4.pom (7.8 kB at 21 kB/s)
[INFO] Downloading from maven2-repository.java.net: http://download.java.net/maven/2/org/glassfish/hk2/hk2-bom/2.4.0-b06/hk2-bom-2.4.0-b06.pom
[INFO] Downloading from central: https://repo.maven.apache.org/maven2/org/glassfish/hk2/hk2-bom/2.4.0-b06/hk2-bom-2.4.0-b06.pom
[INFO] Downloaded from central: https://repo.maven.apache.org/maven2/org/glassfish/hk2/hk2-bom/2.4.0-b06/hk2-bom-2.4.0-b06.pom (19 kB at 35 kB/s)
[INFO] Downloading from maven2-repository.java.net: http://download.java.net/maven/2/net/java/jvnet-parent/5/jvnet-parent-5.pom
[INFO] Downloading from central: https://repo.maven.apache.org/maven2/net/java/jvnet-parent/5/jvnet-parent-5.pom
[INFO] Downloaded from central: https://repo.maven.apache.org/maven2/net/java/jvnet-parent/5/jvnet-parent-5.pom (8.9 kB at 24 kB/s)
[INFO] Downloading from maven2-repository.java.net: http://download.java.net/maven/2/org/glassfish/jersey/core/jersey-server/2.14/jersey-server-2.14.pom
[INFO] Downloading from central: https://repo.maven.apache.org/maven2/org/glassfish/jersey/core/jersey-server/2.14/jersey-server-2.14.pom
[INFO] Downloaded from central: https://repo.maven.apache.org/maven2/org/glassfish/jersey/core/jersey-server/2.14/jersey-server-2.14.pom (10 kB at 28 kB/s)
[INFO] Downloading from maven2-repository.java.net: http://download.java.net/maven/2/org/glassfish/jersey/core/jersey-common/2.14/jersey-common-2.14.pom
[INFO] Downloading from central: https://repo.maven.apache.org/maven2/org/glassfish/jersey/core/jersey-common/2.14/jersey-common-2.14.pom
[INFO] Downloaded from central: https://repo.maven.apache.org/maven2/org/glassfish/jersey/core/jersey-common/2.14/jersey-common-2.14.pom (9.9 kB at 27 kB/s)
[INFO] Downloading from maven2-repository.java.net: http://download.java.net/maven/2/javax/ws/rs/javax.ws.rs-api/2.0.1/javax.ws.rs-api-2.0.1.pom
[INFO] Downloading from central: https://repo.maven.apache.org/maven2/javax/ws/rs/javax.ws.rs-api/2.0.1/javax.ws.rs-api-2.0.1.pom
[INFO] Downloaded from central: https://repo.maven.apache.org/maven2/javax/ws/rs/javax.ws.rs-api/2.0.1/javax.ws.rs-api-2.0.1.pom (21 kB at 56 kB/s)
[INFO] Downloading from maven2-repository.java.net: http://download.java.net/maven/2/javax/annotation/javax.annotation-api/1.2/javax.annotation-api-1.2.pom
[INFO] Downloading from central: https://repo.maven.apache.org/maven2/javax/annotation/javax.annotation-api/1.2/javax.annotation-api-1.2.pom
[INFO] Downloaded from central: https://repo.maven.apache.org/maven2/javax/annotation/javax.annotation-api/1.2/javax.annotation-api-1.2.pom (13 kB at 36 kB/s)
[INFO] Downloading from maven2-repository.java.net: http://download.java.net/maven/2/org/glassfish/jersey/bundles/repackaged/jersey-guava/2.14/jersey-guava-2.14.pom
[INFO] Downloading from central: https://repo.maven.apache.org/maven2/org/glassfish/jersey/bundles/repackaged/jersey-guava/2.14/jersey-guava-2.14.pom
[INFO] Downloaded from central: https://repo.maven.apache.org/maven2/org/glassfish/jersey/bundles/repackaged/jersey-guava/2.14/jersey-guava-2.14.pom (12 kB at 33 kB/s)
[INFO] Downloading from maven2-repository.java.net: http://download.java.net/maven/2/org/glassfish/jersey/bundles/repackaged/project/2.14/project-2.14.pom
[INFO] Downloading from central: https://repo.maven.apache.org/maven2/org/glassfish/jersey/bundles/repackaged/project/2.14/project-2.14.pom
[INFO] Downloaded from central: https://repo.maven.apache.org/maven2/org/glassfish/jersey/bundles/repackaged/project/2.14/project-2.14.pom (2.8 kB at 7.7 kB/s)
[INFO] Downloading from maven2-repository.java.net: http://download.java.net/maven/2/org/glassfish/jersey/bundles/project/2.14/project-2.14.pom
[INFO] Downloading from central: https://repo.maven.apache.org/maven2/org/glassfish/jersey/bundles/project/2.14/project-2.14.pom
[INFO] Downloaded from central: https://repo.maven.apache.org/maven2/org/glassfish/jersey/bundles/project/2.14/project-2.14.pom (3.1 kB at 8.6 kB/s)
[INFO] Downloading from maven2-repository.java.net: http://download.java.net/maven/2/org/glassfish/hk2/hk2-api/2.4.0-b06/hk2-api-2.4.0-b06.pom
[INFO] Downloading from central: https://repo.maven.apache.org/maven2/org/glassfish/hk2/hk2-api/2.4.0-b06/hk2-api-2.4.0-b06.pom
[INFO] Downloaded from central: https://repo.maven.apache.org/maven2/org/glassfish/hk2/hk2-api/2.4.0-b06/hk2-api-2.4.0-b06.pom (4.5 kB at 13 kB/s)
[INFO] Downloading from maven2-repository.java.net: http://download.java.net/maven/2/org/glassfish/hk2/hk2-parent/2.4.0-b06/hk2-parent-2.4.0-b06.pom
[INFO] Downloading from central: https://repo.maven.apache.org/maven2/org/glassfish/hk2/hk2-parent/2.4.0-b06/hk2-parent-2.4.0-b06.pom
[INFO] Downloaded from central: https://repo.maven.apache.org/maven2/org/glassfish/hk2/hk2-parent/2.4.0-b06/hk2-parent-2.4.0-b06.pom (43 kB at 105 kB/s)
[INFO] Downloading from maven2-repository.java.net: http://download.java.net/maven/2/org/glassfish/hk2/hk2-utils/2.4.0-b06/hk2-utils-2.4.0-b06.pom
[INFO] Downloading from central: https://repo.maven.apache.org/maven2/org/glassfish/hk2/hk2-utils/2.4.0-b06/hk2-utils-2.4.0-b06.pom
[INFO] Downloaded from central: https://repo.maven.apache.org/maven2/org/glassfish/hk2/hk2-utils/2.4.0-b06/hk2-utils-2.4.0-b06.pom (5.1 kB at 14 kB/s)
[INFO] Downloading from maven2-repository.java.net: http://download.java.net/maven/2/org/glassfish/hk2/external/aopalliance-repackaged/2.4.0-b06/aopalliance-repackaged-2.4.0-b06.pom
[INFO] Downloading from central: https://repo.maven.apache.org/maven2/org/glassfish/hk2/external/aopalliance-repackaged/2.4.0-b06/aopalliance-repackaged-2.4.0-b06.pom
[INFO] Downloaded from central: https://repo.maven.apache.org/maven2/org/glassfish/hk2/external/aopalliance-repackaged/2.4.0-b06/aopalliance-repackaged-2.4.0-b06.pom (6.8 kB at 19 kB/s)
[INFO] Downloading from maven2-repository.java.net: http://download.java.net/maven/2/org/glassfish/hk2/external/2.4.0-b06/external-2.4.0-b06.pom
[INFO] Downloading from central: https://repo.maven.apache.org/maven2/org/glassfish/hk2/external/2.4.0-b06/external-2.4.0-b06.pom
[INFO] Downloaded from central: https://repo.maven.apache.org/maven2/org/glassfish/hk2/external/2.4.0-b06/external-2.4.0-b06.pom (2.9 kB at 8.0 kB/s)
[INFO] Downloading from maven2-repository.java.net: http://download.java.net/maven/2/org/glassfish/hk2/external/javax.inject/2.4.0-b06/javax.inject-2.4.0-b06.pom
[INFO] Downloading from central: https://repo.maven.apache.org/maven2/org/glassfish/hk2/external/javax.inject/2.4.0-b06/javax.inject-2.4.0-b06.pom
[INFO] Downloaded from central: https://repo.maven.apache.org/maven2/org/glassfish/hk2/external/javax.inject/2.4.0-b06/javax.inject-2.4.0-b06.pom (6.5 kB at 18 kB/s)
[INFO] Downloading from maven2-repository.java.net: http://download.java.net/maven/2/org/glassfish/hk2/hk2-locator/2.4.0-b06/hk2-locator-2.4.0-b06.pom
[INFO] Downloading from central: https://repo.maven.apache.org/maven2/org/glassfish/hk2/hk2-locator/2.4.0-b06/hk2-locator-2.4.0-b06.pom
[INFO] Downloaded from central: https://repo.maven.apache.org/maven2/org/glassfish/hk2/hk2-locator/2.4.0-b06/hk2-locator-2.4.0-b06.pom (5.5 kB at 15 kB/s)
[INFO] Downloading from maven2-repository.java.net: http://download.java.net/maven/2/org/javassist/javassist/3.18.1-GA/javassist-3.18.1-GA.pom
[INFO] Downloading from central: https://repo.maven.apache.org/maven2/org/javassist/javassist/3.18.1-GA/javassist-3.18.1-GA.pom
[INFO] Downloaded from central: https://repo.maven.apache.org/maven2/org/javassist/javassist/3.18.1-GA/javassist-3.18.1-GA.pom (9.5 kB at 26 kB/s)
[INFO] Downloading from maven2-repository.java.net: http://download.java.net/maven/2/org/glassfish/hk2/osgi-resource-locator/1.0.1/osgi-resource-locator-1.0.1.pom
[INFO] Downloading from central: https://repo.maven.apache.org/maven2/org/glassfish/hk2/osgi-resource-locator/1.0.1/osgi-resource-locator-1.0.1.pom
[INFO] Downloaded from central: https://repo.maven.apache.org/maven2/org/glassfish/hk2/osgi-resource-locator/1.0.1/osgi-resource-locator-1.0.1.pom (6.2 kB at 17 kB/s)
[INFO] Downloading from maven2-repository.java.net: http://download.java.net/maven/2/org/glassfish/pom/8/pom-8.pom
[INFO] Downloading from central: https://repo.maven.apache.org/maven2/org/glassfish/pom/8/pom-8.pom
[INFO] Downloaded from central: https://repo.maven.apache.org/maven2/org/glassfish/pom/8/pom-8.pom (11 kB at 29 kB/s)
[INFO] Downloading from maven2-repository.java.net: http://download.java.net/maven/2/org/glassfish/jersey/core/jersey-client/2.14/jersey-client-2.14.pom
[INFO] Downloading from central: https://repo.maven.apache.org/maven2/org/glassfish/jersey/core/jersey-client/2.14/jersey-client-2.14.pom
[INFO] Downloaded from central: https://repo.maven.apache.org/maven2/org/glassfish/jersey/core/jersey-client/2.14/jersey-client-2.14.pom (6.0 kB at 17 kB/s)
[INFO] Downloading from maven2-repository.java.net: http://download.java.net/maven/2/javax/validation/validation-api/1.1.0.Final/validation-api-1.1.0.Final.pom
[INFO] Downloading from central: https://repo.maven.apache.org/maven2/javax/validation/validation-api/1.1.0.Final/validation-api-1.1.0.Final.pom
[INFO] Downloaded from central: https://repo.maven.apache.org/maven2/javax/validation/validation-api/1.1.0.Final/validation-api-1.1.0.Final.pom (7.9 kB at 22 kB/s)
[INFO] Downloading from maven2-repository.java.net: http://download.java.net/maven/2/org/glassfish/jersey/containers/jersey-container-servlet-core/2.14/jersey-container-servlet-core-2.14.pom
[INFO] Downloading from central: https://repo.maven.apache.org/maven2/org/glassfish/jersey/containers/jersey-container-servlet-core/2.14/jersey-container-servlet-core-2.14.pom
[INFO] Downloaded from central: https://repo.maven.apache.org/maven2/org/glassfish/jersey/containers/jersey-container-servlet-core/2.14/jersey-container-servlet-core-2.14.pom (4.7 kB at 13 kB/s)
[INFO] Downloading from maven2-repository.java.net: http://download.java.net/maven/2/org/glassfish/jersey/containers/project/2.14/project-2.14.pom
[INFO] Downloading from central: https://repo.maven.apache.org/maven2/org/glassfish/jersey/containers/project/2.14/project-2.14.pom
[INFO] Downloaded from central: https://repo.maven.apache.org/maven2/org/glassfish/jersey/containers/project/2.14/project-2.14.pom (3.8 kB at 10 kB/s)
[INFO] Downloading from maven2-repository.java.net: http://download.java.net/maven/2/org/glassfish/hk2/hk2/2.4.0-b06/hk2-2.4.0-b06.pom
[INFO] Downloading from central: https://repo.maven.apache.org/maven2/org/glassfish/hk2/hk2/2.4.0-b06/hk2-2.4.0-b06.pom
[INFO] Downloaded from central: https://repo.maven.apache.org/maven2/org/glassfish/hk2/hk2/2.4.0-b06/hk2-2.4.0-b06.pom (5.4 kB at 12 kB/s)
[INFO] Downloading from maven2-repository.java.net: http://download.java.net/maven/2/org/glassfish/hk2/config-types/2.4.0-b06/config-types-2.4.0-b06.pom
[INFO] Downloading from central: https://repo.maven.apache.org/maven2/org/glassfish/hk2/config-types/2.4.0-b06/config-types-2.4.0-b06.pom
[INFO] Downloaded from central: https://repo.maven.apache.org/maven2/org/glassfish/hk2/config-types/2.4.0-b06/config-types-2.4.0-b06.pom (4.2 kB at 12 kB/s)
[INFO] Downloading from maven2-repository.java.net: http://download.java.net/maven/2/org/glassfish/hk2/hk2-xml-dom/2.4.0-b06/hk2-xml-dom-2.4.0-b06.pom
[INFO] Downloading from central: https://repo.maven.apache.org/maven2/org/glassfish/hk2/hk2-xml-dom/2.4.0-b06/hk2-xml-dom-2.4.0-b06.pom
[INFO] Downloaded from central: https://repo.maven.apache.org/maven2/org/glassfish/hk2/hk2-xml-dom/2.4.0-b06/hk2-xml-dom-2.4.0-b06.pom (2.8 kB at 7.7 kB/s)
[INFO] Downloading from maven2-repository.java.net: http://download.java.net/maven/2/org/glassfish/hk2/hk2-configuration-persistence/2.4.0-b06/hk2-configuration-persistence-2.4.0-b06.pom
[INFO] Downloading from central: https://repo.maven.apache.org/maven2/org/glassfish/hk2/hk2-configuration-persistence/2.4.0-b06/hk2-configuration-persistence-2.4.0-b06.pom
[INFO] Downloaded from central: https://repo.maven.apache.org/maven2/org/glassfish/hk2/hk2-configuration-persistence/2.4.0-b06/hk2-configuration-persistence-2.4.0-b06.pom (2.7 kB at 6.1 kB/s)
[INFO] Downloading from maven2-repository.java.net: http://download.java.net/maven/2/org/glassfish/hk2/hk2-configuration/2.4.0-b06/hk2-configuration-2.4.0-b06.pom
[INFO] Downloading from central: https://repo.maven.apache.org/maven2/org/glassfish/hk2/hk2-configuration/2.4.0-b06/hk2-configuration-2.4.0-b06.pom
[INFO] Downloaded from central: https://repo.maven.apache.org/maven2/org/glassfish/hk2/hk2-configuration/2.4.0-b06/hk2-configuration-2.4.0-b06.pom (2.7 kB at 7.6 kB/s)
[INFO] Downloading from maven2-repository.java.net: http://download.java.net/maven/2/org/glassfish/hk2/hk2-config/2.4.0-b06/hk2-config-2.4.0-b06.pom
[INFO] Downloading from central: https://repo.maven.apache.org/maven2/org/glassfish/hk2/hk2-config/2.4.0-b06/hk2-config-2.4.0-b06.pom
[INFO] Downloaded from central: https://repo.maven.apache.org/maven2/org/glassfish/hk2/hk2-config/2.4.0-b06/hk2-config-2.4.0-b06.pom (6.2 kB at 17 kB/s)
[INFO] Downloading from maven2-repository.java.net: http://download.java.net/maven/2/org/glassfish/hk2/core/2.4.0-b06/core-2.4.0-b06.pom
[INFO] Downloading from central: https://repo.maven.apache.org/maven2/org/glassfish/hk2/core/2.4.0-b06/core-2.4.0-b06.pom
[INFO] Downloaded from central: https://repo.maven.apache.org/maven2/org/glassfish/hk2/core/2.4.0-b06/core-2.4.0-b06.pom (4.2 kB at 11 kB/s)
[INFO] Downloading from maven2-repository.java.net: http://download.java.net/maven/2/org/jvnet/tiger-types/1.4/tiger-types-1.4.pom
[INFO] Downloading from central: https://repo.maven.apache.org/maven2/org/jvnet/tiger-types/1.4/tiger-types-1.4.pom
[INFO] Downloaded from central: https://repo.maven.apache.org/maven2/org/jvnet/tiger-types/1.4/tiger-types-1.4.pom (2.3 kB at 6.5 kB/s)
[INFO] Downloading from maven2-repository.java.net: http://download.java.net/maven/2/org/glassfish/hk2/external/bean-validator/2.4.0-b06/bean-validator-2.4.0-b06.pom
[INFO] Downloading from central: https://repo.maven.apache.org/maven2/org/glassfish/hk2/external/bean-validator/2.4.0-b06/bean-validator-2.4.0-b06.pom
[INFO] Downloaded from central: https://repo.maven.apache.org/maven2/org/glassfish/hk2/external/bean-validator/2.4.0-b06/bean-validator-2.4.0-b06.pom (12 kB at 33 kB/s)
[INFO] Downloading from maven2-repository.java.net: http://download.java.net/maven/2/org/glassfish/hk2/hk2-runlevel/2.4.0-b06/hk2-runlevel-2.4.0-b06.pom
[INFO] Downloading from central: https://repo.maven.apache.org/maven2/org/glassfish/hk2/hk2-runlevel/2.4.0-b06/hk2-runlevel-2.4.0-b06.pom
[INFO] Downloaded from central: https://repo.maven.apache.org/maven2/org/glassfish/hk2/hk2-runlevel/2.4.0-b06/hk2-runlevel-2.4.0-b06.pom (4.3 kB at 12 kB/s)
[INFO] Downloading from maven2-repository.java.net: http://download.java.net/maven/2/org/glassfish/hk2/class-model/2.4.0-b06/class-model-2.4.0-b06.pom
[INFO] Downloading from central: https://repo.maven.apache.org/maven2/org/glassfish/hk2/class-model/2.4.0-b06/class-model-2.4.0-b06.pom
[INFO] Downloaded from central: https://repo.maven.apache.org/maven2/org/glassfish/hk2/class-model/2.4.0-b06/class-model-2.4.0-b06.pom (4.5 kB at 13 kB/s)
[INFO] Downloading from maven2-repository.java.net: http://download.java.net/maven/2/org/glassfish/hk2/external/asm-all-repackaged/2.4.0-b06/asm-all-repackaged-2.4.0-b06.pom
[INFO] Downloading from central: https://repo.maven.apache.org/maven2/org/glassfish/hk2/external/asm-all-repackaged/2.4.0-b06/asm-all-repackaged-2.4.0-b06.pom
[INFO] Downloaded from central: https://repo.maven.apache.org/maven2/org/glassfish/hk2/external/asm-all-repackaged/2.4.0-b06/asm-all-repackaged-2.4.0-b06.pom (4.9 kB at 14 kB/s)
[INFO] Downloading from maven2-repository.java.net: http://download.java.net/maven/2/org/glassfish/hk2/spring-bridge/2.4.0-b06/spring-bridge-2.4.0-b06.pom
[INFO] Downloading from central: https://repo.maven.apache.org/maven2/org/glassfish/hk2/spring-bridge/2.4.0-b06/spring-bridge-2.4.0-b06.pom
[INFO] Downloaded from central: https://repo.maven.apache.org/maven2/org/glassfish/hk2/spring-bridge/2.4.0-b06/spring-bridge-2.4.0-b06.pom (4.0 kB at 11 kB/s)
[INFO] Downloading from maven2-repository.java.net: http://download.java.net/maven/2/org/springframework/spring-context/3.2.3.RELEASE/spring-context-3.2.3.RELEASE.pom
[INFO] Downloading from central: https://repo.maven.apache.org/maven2/org/springframework/spring-context/3.2.3.RELEASE/spring-context-3.2.3.RELEASE.pom
[INFO] Downloaded from central: https://repo.maven.apache.org/maven2/org/springframework/spring-context/3.2.3.RELEASE/spring-context-3.2.3.RELEASE.pom (5.3 kB at 15 kB/s)
[INFO] Downloading from maven2-repository.java.net: http://download.java.net/maven/2/org/springframework/spring-aop/3.2.3.RELEASE/spring-aop-3.2.3.RELEASE.pom
[INFO] Downloading from central: https://repo.maven.apache.org/maven2/org/springframework/spring-aop/3.2.3.RELEASE/spring-aop-3.2.3.RELEASE.pom
[INFO] Downloaded from central: https://repo.maven.apache.org/maven2/org/springframework/spring-aop/3.2.3.RELEASE/spring-aop-3.2.3.RELEASE.pom (2.5 kB at 6.7 kB/s)
[INFO] Downloading from maven2-repository.java.net: http://download.java.net/maven/2/org/springframework/spring-expression/3.2.3.RELEASE/spring-expression-3.2.3.RELEASE.pom
[INFO] Downloading from central: https://repo.maven.apache.org/maven2/org/springframework/spring-expression/3.2.3.RELEASE/spring-expression-3.2.3.RELEASE.pom
[INFO] Downloaded from central: https://repo.maven.apache.org/maven2/org/springframework/spring-expression/3.2.3.RELEASE/spring-expression-3.2.3.RELEASE.pom (1.6 kB at 4.5 kB/s)
[INFO] Downloading from maven2-repository.java.net: http://download.java.net/maven/2/org/glassfish/jersey/media/jersey-media-json-jackson/2.14/jersey-media-json-jackson-2.14.pom
[INFO] Downloading from central: https://repo.maven.apache.org/maven2/org/glassfish/jersey/media/jersey-media-json-jackson/2.14/jersey-media-json-jackson-2.14.pom
[INFO] Downloaded from central: https://repo.maven.apache.org/maven2/org/glassfish/jersey/media/jersey-media-json-jackson/2.14/jersey-media-json-jackson-2.14.pom (4.6 kB at 13 kB/s)
[INFO] Downloading from maven2-repository.java.net: http://download.java.net/maven/2/org/glassfish/jersey/media/project/2.14/project-2.14.pom
[INFO] Downloading from central: https://repo.maven.apache.org/maven2/org/glassfish/jersey/media/project/2.14/project-2.14.pom
[INFO] Downloaded from central: https://repo.maven.apache.org/maven2/org/glassfish/jersey/media/project/2.14/project-2.14.pom (3.0 kB at 8.2 kB/s)
[INFO] Downloading from maven2-repository.java.net: http://download.java.net/maven/2/com/fasterxml/jackson/jaxrs/jackson-jaxrs-base/2.3.2/jackson-jaxrs-base-2.3.2.pom
[INFO] Downloading from central: https://repo.maven.apache.org/maven2/com/fasterxml/jackson/jaxrs/jackson-jaxrs-base/2.3.2/jackson-jaxrs-base-2.3.2.pom
[INFO] Downloaded from central: https://repo.maven.apache.org/maven2/com/fasterxml/jackson/jaxrs/jackson-jaxrs-base/2.3.2/jackson-jaxrs-base-2.3.2.pom (1.9 kB at 5.4 kB/s)
[INFO] Downloading from maven2-repository.java.net: http://download.java.net/maven/2/com/fasterxml/jackson/jaxrs/jackson-jaxrs-providers/2.3.2/jackson-jaxrs-providers-2.3.2.pom
[INFO] Downloading from central: https://repo.maven.apache.org/maven2/com/fasterxml/jackson/jaxrs/jackson-jaxrs-providers/2.3.2/jackson-jaxrs-providers-2.3.2.pom
[INFO] Downloaded from central: https://repo.maven.apache.org/maven2/com/fasterxml/jackson/jaxrs/jackson-jaxrs-providers/2.3.2/jackson-jaxrs-providers-2.3.2.pom (3.9 kB at 11 kB/s)
[INFO] Downloading from maven2-repository.java.net: http://download.java.net/maven/2/com/fasterxml/oss-parent/12/oss-parent-12.pom
[INFO] Downloading from central: https://repo.maven.apache.org/maven2/com/fasterxml/oss-parent/12/oss-parent-12.pom
[INFO] Downloaded from central: https://repo.maven.apache.org/maven2/com/fasterxml/oss-parent/12/oss-parent-12.pom (23 kB at 61 kB/s)
[INFO] Downloading from maven2-repository.java.net: http://download.java.net/maven/2/com/fasterxml/jackson/core/jackson-core/2.3.2/jackson-core-2.3.2.pom
[INFO] Downloading from central: https://repo.maven.apache.org/maven2/com/fasterxml/jackson/core/jackson-core/2.3.2/jackson-core-2.3.2.pom
[INFO] Downloaded from central: https://repo.maven.apache.org/maven2/com/fasterxml/jackson/core/jackson-core/2.3.2/jackson-core-2.3.2.pom (6.0 kB at 16 kB/s)
[INFO] Downloading from maven2-repository.java.net: http://download.java.net/maven/2/com/fasterxml/jackson/core/jackson-databind/2.3.2/jackson-databind-2.3.2.pom
[INFO] Downloading from central: https://repo.maven.apache.org/maven2/com/fasterxml/jackson/core/jackson-databind/2.3.2/jackson-databind-2.3.2.pom
[INFO] Downloaded from central: https://repo.maven.apache.org/maven2/com/fasterxml/jackson/core/jackson-databind/2.3.2/jackson-databind-2.3.2.pom (5.9 kB at 16 kB/s)
[INFO] Downloading from maven2-repository.java.net: http://download.java.net/maven/2/com/fasterxml/jackson/core/jackson-annotations/2.3.0/jackson-annotations-2.3.0.pom
[INFO] Downloading from central: https://repo.maven.apache.org/maven2/com/fasterxml/jackson/core/jackson-annotations/2.3.0/jackson-annotations-2.3.0.pom
[INFO] Downloaded from central: https://repo.maven.apache.org/maven2/com/fasterxml/jackson/core/jackson-annotations/2.3.0/jackson-annotations-2.3.0.pom (1.3 kB at 3.6 kB/s)
[INFO] Downloading from maven2-repository.java.net: http://download.java.net/maven/2/com/fasterxml/oss-parent/11/oss-parent-11.pom
[INFO] Downloading from central: https://repo.maven.apache.org/maven2/com/fasterxml/oss-parent/11/oss-parent-11.pom
[INFO] Downloaded from central: https://repo.maven.apache.org/maven2/com/fasterxml/oss-parent/11/oss-parent-11.pom (23 kB at 60 kB/s)
[INFO] Downloading from maven2-repository.java.net: http://download.java.net/maven/2/com/fasterxml/jackson/jaxrs/jackson-jaxrs-json-provider/2.3.2/jackson-jaxrs-json-provider-2.3.2.pom
[INFO] Downloading from central: https://repo.maven.apache.org/maven2/com/fasterxml/jackson/jaxrs/jackson-jaxrs-json-provider/2.3.2/jackson-jaxrs-json-provider-2.3.2.pom
[INFO] Downloaded from central: https://repo.maven.apache.org/maven2/com/fasterxml/jackson/jaxrs/jackson-jaxrs-json-provider/2.3.2/jackson-jaxrs-json-provider-2.3.2.pom (3.4 kB at 9.5 kB/s)
[INFO] Downloading from maven2-repository.java.net: http://download.java.net/maven/2/com/fasterxml/jackson/module/jackson-module-jaxb-annotations/2.3.2/jackson-module-jaxb-annotations-2.3.2.pom
[INFO] Downloading from central: https://repo.maven.apache.org/maven2/com/fasterxml/jackson/module/jackson-module-jaxb-annotations/2.3.2/jackson-module-jaxb-annotations-2.3.2.pom
[INFO] Downloaded from central: https://repo.maven.apache.org/maven2/com/fasterxml/jackson/module/jackson-module-jaxb-annotations/2.3.2/jackson-module-jaxb-annotations-2.3.2.pom (4.5 kB at 12 kB/s)
[INFO] Downloading from maven2-repository.java.net: http://download.java.net/maven/2/com/fasterxml/jackson/core/jackson-annotations/2.3.2/jackson-annotations-2.3.2.pom
[INFO] Downloading from central: https://repo.maven.apache.org/maven2/com/fasterxml/jackson/core/jackson-annotations/2.3.2/jackson-annotations-2.3.2.pom
[INFO] Downloaded from central: https://repo.maven.apache.org/maven2/com/fasterxml/jackson/core/jackson-annotations/2.3.2/jackson-annotations-2.3.2.pom (1.7 kB at 4.4 kB/s)
[INFO] Downloading from maven2-repository.java.net: http://download.java.net/maven/2/org/glassfish/jersey/media/jersey-media-multipart/2.14/jersey-media-multipart-2.14.pom
[INFO] Downloading from central: https://repo.maven.apache.org/maven2/org/glassfish/jersey/media/jersey-media-multipart/2.14/jersey-media-multipart-2.14.pom
[INFO] Downloaded from central: https://repo.maven.apache.org/maven2/org/glassfish/jersey/media/jersey-media-multipart/2.14/jersey-media-multipart-2.14.pom (5.1 kB at 11 kB/s)
[INFO] Downloading from maven2-repository.java.net: http://download.java.net/maven/2/org/jvnet/mimepull/mimepull/1.9.3/mimepull-1.9.3.pom
[INFO] Downloading from central: https://repo.maven.apache.org/maven2/org/jvnet/mimepull/mimepull/1.9.3/mimepull-1.9.3.pom
[INFO] Downloaded from central: https://repo.maven.apache.org/maven2/org/jvnet/mimepull/mimepull/1.9.3/mimepull-1.9.3.pom (13 kB at 34 kB/s)
[INFO] Downloading from maven2-repository.java.net: http://download.java.net/maven/2/org/glassfish/jersey/ext/jersey-entity-filtering/2.14/jersey-entity-filtering-2.14.pom
[INFO] Downloading from central: https://repo.maven.apache.org/maven2/org/glassfish/jersey/ext/jersey-entity-filtering/2.14/jersey-entity-filtering-2.14.pom
[INFO] Downloaded from central: https://repo.maven.apache.org/maven2/org/glassfish/jersey/ext/jersey-entity-filtering/2.14/jersey-entity-filtering-2.14.pom (4.6 kB at 13 kB/s)
[INFO] Downloading from maven2-repository.java.net: http://download.java.net/maven/2/org/springframework/spring-core/4.1.4.RELEASE/spring-core-4.1.4.RELEASE.pom
[INFO] Downloading from central: https://repo.maven.apache.org/maven2/org/springframework/spring-core/4.1.4.RELEASE/spring-core-4.1.4.RELEASE.pom
[INFO] Downloaded from central: https://repo.maven.apache.org/maven2/org/springframework/spring-core/4.1.4.RELEASE/spring-core-4.1.4.RELEASE.pom (2.5 kB at 6.9 kB/s)
[INFO] Downloading from maven2-repository.java.net: http://download.java.net/maven/2/org/springframework/spring-context/4.1.4.RELEASE/spring-context-4.1.4.RELEASE.pom
[INFO] Downloading from central: https://repo.maven.apache.org/maven2/org/springframework/spring-context/4.1.4.RELEASE/spring-context-4.1.4.RELEASE.pom
[INFO] Downloaded from central: https://repo.maven.apache.org/maven2/org/springframework/spring-context/4.1.4.RELEASE/spring-context-4.1.4.RELEASE.pom (4.8 kB at 13 kB/s)
[INFO] Downloading from maven2-repository.java.net: http://download.java.net/maven/2/org/springframework/spring-aop/4.1.4.RELEASE/spring-aop-4.1.4.RELEASE.pom
[INFO] Downloading from central: https://repo.maven.apache.org/maven2/org/springframework/spring-aop/4.1.4.RELEASE/spring-aop-4.1.4.RELEASE.pom
[INFO] Downloaded from central: https://repo.maven.apache.org/maven2/org/springframework/spring-aop/4.1.4.RELEASE/spring-aop-4.1.4.RELEASE.pom (2.7 kB at 7.3 kB/s)
[INFO] Downloading from maven2-repository.java.net: http://download.java.net/maven/2/org/springframework/spring-beans/4.1.4.RELEASE/spring-beans-4.1.4.RELEASE.pom
[INFO] Downloading from central: https://repo.maven.apache.org/maven2/org/springframework/spring-beans/4.1.4.RELEASE/spring-beans-4.1.4.RELEASE.pom
[INFO] Downloaded from central: https://repo.maven.apache.org/maven2/org/springframework/spring-beans/4.1.4.RELEASE/spring-beans-4.1.4.RELEASE.pom (2.5 kB at 7.0 kB/s)
[INFO] Downloading from maven2-repository.java.net: http://download.java.net/maven/2/org/springframework/spring-expression/4.1.4.RELEASE/spring-expression-4.1.4.RELEASE.pom
[INFO] Downloading from central: https://repo.maven.apache.org/maven2/org/springframework/spring-expression/4.1.4.RELEASE/spring-expression-4.1.4.RELEASE.pom
[INFO] Downloaded from central: https://repo.maven.apache.org/maven2/org/springframework/spring-expression/4.1.4.RELEASE/spring-expression-4.1.4.RELEASE.pom (1.7 kB at 4.7 kB/s)
[INFO] Downloading from maven2-repository.java.net: http://download.java.net/maven/2/org/springframework/spring-web/4.1.4.RELEASE/spring-web-4.1.4.RELEASE.pom
[INFO] Downloading from central: https://repo.maven.apache.org/maven2/org/springframework/spring-web/4.1.4.RELEASE/spring-web-4.1.4.RELEASE.pom
[INFO] Downloaded from central: https://repo.maven.apache.org/maven2/org/springframework/spring-web/4.1.4.RELEASE/spring-web-4.1.4.RELEASE.pom (7.5 kB at 21 kB/s)
[INFO] Downloading from maven2-repository.java.net: http://download.java.net/maven/2/org/springframework/spring-jdbc/4.1.4.RELEASE/spring-jdbc-4.1.4.RELEASE.pom
[INFO] Downloading from central: https://repo.maven.apache.org/maven2/org/springframework/spring-jdbc/4.1.4.RELEASE/spring-jdbc-4.1.4.RELEASE.pom
[INFO] Downloaded from central: https://repo.maven.apache.org/maven2/org/springframework/spring-jdbc/4.1.4.RELEASE/spring-jdbc-4.1.4.RELEASE.pom (3.5 kB at 9.8 kB/s)
[INFO] Downloading from maven2-repository.java.net: http://download.java.net/maven/2/org/springframework/spring-tx/4.1.4.RELEASE/spring-tx-4.1.4.RELEASE.pom
[INFO] Downloading from central: https://repo.maven.apache.org/maven2/org/springframework/spring-tx/4.1.4.RELEASE/spring-tx-4.1.4.RELEASE.pom
[INFO] Downloaded from central: https://repo.maven.apache.org/maven2/org/springframework/spring-tx/4.1.4.RELEASE/spring-tx-4.1.4.RELEASE.pom (3.4 kB at 9.4 kB/s)
[INFO] Downloading from maven2-repository.java.net: http://download.java.net/maven/2/org/springframework/spring-orm/4.1.4.RELEASE/spring-orm-4.1.4.RELEASE.pom
[INFO] Downloading from central: https://repo.maven.apache.org/maven2/org/springframework/spring-orm/4.1.4.RELEASE/spring-orm-4.1.4.RELEASE.pom
[INFO] Downloaded from central: https://repo.maven.apache.org/maven2/org/springframework/spring-orm/4.1.4.RELEASE/spring-orm-4.1.4.RELEASE.pom (6.9 kB at 19 kB/s)
[INFO] Downloading from maven2-repository.java.net: http://download.java.net/maven/2/org/springframework/security/spring-security-core/3.2.5.RELEASE/spring-security-core-3.2.5.RELEASE.pom
[INFO] Downloading from central: https://repo.maven.apache.org/maven2/org/springframework/security/spring-security-core/3.2.5.RELEASE/spring-security-core-3.2.5.RELEASE.pom
[INFO] Downloaded from central: https://repo.maven.apache.org/maven2/org/springframework/security/spring-security-core/3.2.5.RELEASE/spring-security-core-3.2.5.RELEASE.pom (8.7 kB at 24 kB/s)
[INFO] Downloading from maven2-repository.java.net: http://download.java.net/maven/2/org/springframework/spring-aop/3.2.8.RELEASE/spring-aop-3.2.8.RELEASE.pom
[INFO] Downloading from central: https://repo.maven.apache.org/maven2/org/springframework/spring-aop/3.2.8.RELEASE/spring-aop-3.2.8.RELEASE.pom
[INFO] Downloaded from central: https://repo.maven.apache.org/maven2/org/springframework/spring-aop/3.2.8.RELEASE/spring-aop-3.2.8.RELEASE.pom (2.5 kB at 6.9 kB/s)
[INFO] Downloading from maven2-repository.java.net: http://download.java.net/maven/2/org/springframework/spring-beans/3.2.8.RELEASE/spring-beans-3.2.8.RELEASE.pom
[INFO] Downloading from central: https://repo.maven.apache.org/maven2/org/springframework/spring-beans/3.2.8.RELEASE/spring-beans-3.2.8.RELEASE.pom
[INFO] Downloaded from central: https://repo.maven.apache.org/maven2/org/springframework/spring-beans/3.2.8.RELEASE/spring-beans-3.2.8.RELEASE.pom (1.9 kB at 5.4 kB/s)
[INFO] Downloading from maven2-repository.java.net: http://download.java.net/maven/2/org/springframework/spring-core/3.2.8.RELEASE/spring-core-3.2.8.RELEASE.pom
[INFO] Downloading from central: https://repo.maven.apache.org/maven2/org/springframework/spring-core/3.2.8.RELEASE/spring-core-3.2.8.RELEASE.pom
[INFO] Downloaded from central: https://repo.maven.apache.org/maven2/org/springframework/spring-core/3.2.8.RELEASE/spring-core-3.2.8.RELEASE.pom (2.2 kB at 5.9 kB/s)
[INFO] Downloading from maven2-repository.java.net: http://download.java.net/maven/2/org/apache/commons/commons-parent/28/commons-parent-28.pom
[INFO] Downloading from central: https://repo.maven.apache.org/maven2/org/apache/commons/commons-parent/28/commons-parent-28.pom
[INFO] Downloaded from central: https://repo.maven.apache.org/maven2/org/apache/commons/commons-parent/28/commons-parent-28.pom (50 kB at 121 kB/s)
[INFO] Downloading from maven2-repository.java.net: http://download.java.net/maven/2/org/springframework/spring-context/3.2.8.RELEASE/spring-context-3.2.8.RELEASE.pom
[INFO] Downloading from central: https://repo.maven.apache.org/maven2/org/springframework/spring-context/3.2.8.RELEASE/spring-context-3.2.8.RELEASE.pom
[INFO] Downloaded from central: https://repo.maven.apache.org/maven2/org/springframework/spring-context/3.2.8.RELEASE/spring-context-3.2.8.RELEASE.pom (4.9 kB at 14 kB/s)
[INFO] Downloading from maven2-repository.java.net: http://download.java.net/maven/2/org/springframework/spring-expression/3.2.8.RELEASE/spring-expression-3.2.8.RELEASE.pom
[INFO] Downloading from central: https://repo.maven.apache.org/maven2/org/springframework/spring-expression/3.2.8.RELEASE/spring-expression-3.2.8.RELEASE.pom
[INFO] Downloaded from central: https://repo.maven.apache.org/maven2/org/springframework/spring-expression/3.2.8.RELEASE/spring-expression-3.2.8.RELEASE.pom (1.6 kB at 4.4 kB/s)
[INFO] Downloading from maven2-repository.java.net: http://download.java.net/maven/2/org/springframework/security/spring-security-web/3.2.5.RELEASE/spring-security-web-3.2.5.RELEASE.pom
[INFO] Downloading from central: https://repo.maven.apache.org/maven2/org/springframework/security/spring-security-web/3.2.5.RELEASE/spring-security-web-3.2.5.RELEASE.pom
[INFO] Downloaded from central: https://repo.maven.apache.org/maven2/org/springframework/security/spring-security-web/3.2.5.RELEASE/spring-security-web-3.2.5.RELEASE.pom (7.7 kB at 21 kB/s)
[INFO] Downloading from maven2-repository.java.net: http://download.java.net/maven/2/org/springframework/spring-web/3.2.8.RELEASE/spring-web-3.2.8.RELEASE.pom
[INFO] Downloading from central: https://repo.maven.apache.org/maven2/org/springframework/spring-web/3.2.8.RELEASE/spring-web-3.2.8.RELEASE.pom
[INFO] Downloaded from central: https://repo.maven.apache.org/maven2/org/springframework/spring-web/3.2.8.RELEASE/spring-web-3.2.8.RELEASE.pom (7.0 kB at 19 kB/s)
[INFO] Downloading from maven2-repository.java.net: http://download.java.net/maven/2/org/springframework/security/spring-security-config/3.2.5.RELEASE/spring-security-config-3.2.5.RELEASE.pom
[INFO] Downloading from central: https://repo.maven.apache.org/maven2/org/springframework/security/spring-security-config/3.2.5.RELEASE/spring-security-config-3.2.5.RELEASE.pom
[INFO] Downloaded from central: https://repo.maven.apache.org/maven2/org/springframework/security/spring-security-config/3.2.5.RELEASE/spring-security-config-3.2.5.RELEASE.pom (13 kB at 34 kB/s)
[INFO] Downloading from maven2-repository.java.net: http://download.java.net/maven/2/org/apache/tomcat/tomcat-jdbc/7.0.35/tomcat-jdbc-7.0.35.pom
[INFO] Downloading from central: https://repo.maven.apache.org/maven2/org/apache/tomcat/tomcat-jdbc/7.0.35/tomcat-jdbc-7.0.35.pom
[INFO] Downloaded from central: https://repo.maven.apache.org/maven2/org/apache/tomcat/tomcat-jdbc/7.0.35/tomcat-jdbc-7.0.35.pom (1.5 kB at 4.3 kB/s)
[INFO] Downloading from maven2-repository.java.net: http://download.java.net/maven/2/org/apache/tomcat/tomcat-juli/7.0.35/tomcat-juli-7.0.35.pom
[INFO] Downloading from central: https://repo.maven.apache.org/maven2/org/apache/tomcat/tomcat-juli/7.0.35/tomcat-juli-7.0.35.pom
[INFO] Downloaded from central: https://repo.maven.apache.org/maven2/org/apache/tomcat/tomcat-juli/7.0.35/tomcat-juli-7.0.35.pom (1.3 kB at 3.7 kB/s)
[INFO] Downloading from maven2-repository.java.net: http://download.java.net/maven/2/org/hibernate/hibernate-core/4.2.7.Final/hibernate-core-4.2.7.Final.pom
[INFO] Downloading from central: https://repo.maven.apache.org/maven2/org/hibernate/hibernate-core/4.2.7.Final/hibernate-core-4.2.7.Final.pom
[INFO] Downloaded from central: https://repo.maven.apache.org/maven2/org/hibernate/hibernate-core/4.2.7.Final/hibernate-core-4.2.7.Final.pom (9.9 kB at 27 kB/s)
[INFO] Downloading from maven2-repository.java.net: http://download.java.net/maven/2/org/jboss/logging/jboss-logging/3.1.0.GA/jboss-logging-3.1.0.GA.pom
[INFO] Downloading from central: https://repo.maven.apache.org/maven2/org/jboss/logging/jboss-logging/3.1.0.GA/jboss-logging-3.1.0.GA.pom
[INFO] Downloaded from central: https://repo.maven.apache.org/maven2/org/jboss/logging/jboss-logging/3.1.0.GA/jboss-logging-3.1.0.GA.pom (6.1 kB at 17 kB/s)
[INFO] Downloading from maven2-repository.java.net: http://download.java.net/maven/2/org/jboss/jboss-parent/7/jboss-parent-7.pom
[INFO] Downloading from central: https://repo.maven.apache.org/maven2/org/jboss/jboss-parent/7/jboss-parent-7.pom
[INFO] Downloaded from central: https://repo.maven.apache.org/maven2/org/jboss/jboss-parent/7/jboss-parent-7.pom (22 kB at 58 kB/s)
[INFO] Downloading from maven2-repository.java.net: http://download.java.net/maven/2/org/jboss/spec/javax/transaction/jboss-transaction-api_1.1_spec/1.0.1.Final/jboss-transaction-api_1.1_spec-1.0.1.Final.pom
[INFO] Downloading from central: https://repo.maven.apache.org/maven2/org/jboss/spec/javax/transaction/jboss-transaction-api_1.1_spec/1.0.1.Final/jboss-transaction-api_1.1_spec-1.0.1.Final.pom
[INFO] Downloaded from central: https://repo.maven.apache.org/maven2/org/jboss/spec/javax/transaction/jboss-transaction-api_1.1_spec/1.0.1.Final/jboss-transaction-api_1.1_spec-1.0.1.Final.pom (4.1 kB at 11 kB/s)
[INFO] Downloading from maven2-repository.java.net: http://download.java.net/maven/2/org/jboss/jboss-parent/9/jboss-parent-9.pom
[INFO] Downloading from central: https://repo.maven.apache.org/maven2/org/jboss/jboss-parent/9/jboss-parent-9.pom
[INFO] Downloaded from central: https://repo.maven.apache.org/maven2/org/jboss/jboss-parent/9/jboss-parent-9.pom (29 kB at 73 kB/s)
[INFO] Downloading from maven2-repository.java.net: http://download.java.net/maven/2/org/hibernate/javax/persistence/hibernate-jpa-2.0-api/1.0.1.Final/hibernate-jpa-2.0-api-1.0.1.Final.pom
[INFO] Downloading from central: https://repo.maven.apache.org/maven2/org/hibernate/javax/persistence/hibernate-jpa-2.0-api/1.0.1.Final/hibernate-jpa-2.0-api-1.0.1.Final.pom
[INFO] Downloaded from central: https://repo.maven.apache.org/maven2/org/hibernate/javax/persistence/hibernate-jpa-2.0-api/1.0.1.Final/hibernate-jpa-2.0-api-1.0.1.Final.pom (7.1 kB at 19 kB/s)
[INFO] Downloading from maven2-repository.java.net: http://download.java.net/maven/2/org/hibernate/common/hibernate-commons-annotations/4.0.2.Final/hibernate-commons-annotations-4.0.2.Final.pom
[INFO] Downloading from central: https://repo.maven.apache.org/maven2/org/hibernate/common/hibernate-commons-annotations/4.0.2.Final/hibernate-commons-annotations-4.0.2.Final.pom
[INFO] Downloaded from central: https://repo.maven.apache.org/maven2/org/hibernate/common/hibernate-commons-annotations/4.0.2.Final/hibernate-commons-annotations-4.0.2.Final.pom (16 kB at 41 kB/s)
[INFO] Downloading from maven2-repository.java.net: http://download.java.net/maven/2/org/jboss/logging/jboss-logging/3.1.0.CR2/jboss-logging-3.1.0.CR2.pom
[INFO] Downloading from central: https://repo.maven.apache.org/maven2/org/jboss/logging/jboss-logging/3.1.0.CR2/jboss-logging-3.1.0.CR2.pom
[INFO] Downloaded from central: https://repo.maven.apache.org/maven2/org/jboss/logging/jboss-logging/3.1.0.CR2/jboss-logging-3.1.0.CR2.pom (6.1 kB at 13 kB/s)
[INFO] Downloading from maven2-repository.java.net: http://download.java.net/maven/2/org/jboss/jboss-parent/6/jboss-parent-6.pom
[INFO] Downloading from central: https://repo.maven.apache.org/maven2/org/jboss/jboss-parent/6/jboss-parent-6.pom
[INFO] Downloaded from central: https://repo.maven.apache.org/maven2/org/jboss/jboss-parent/6/jboss-parent-6.pom (23 kB at 60 kB/s)
[INFO] Downloading from maven2-repository.java.net: http://download.java.net/maven/2/org/hibernate/hibernate-entitymanager/4.2.7.Final/hibernate-entitymanager-4.2.7.Final.pom
[INFO] Downloading from central: https://repo.maven.apache.org/maven2/org/hibernate/hibernate-entitymanager/4.2.7.Final/hibernate-entitymanager-4.2.7.Final.pom
[INFO] Downloaded from central: https://repo.maven.apache.org/maven2/org/hibernate/hibernate-entitymanager/4.2.7.Final/hibernate-entitymanager-4.2.7.Final.pom (9.3 kB at 25 kB/s)
[INFO] Downloading from maven2-repository.java.net: http://download.java.net/maven/2/commons-dbcp/commons-dbcp/1.4/commons-dbcp-1.4.pom
[INFO] Downloading from central: https://repo.maven.apache.org/maven2/commons-dbcp/commons-dbcp/1.4/commons-dbcp-1.4.pom
[INFO] Downloaded from central: https://repo.maven.apache.org/maven2/commons-dbcp/commons-dbcp/1.4/commons-dbcp-1.4.pom (11 kB at 30 kB/s)
[INFO] Downloading from maven2-repository.java.net: http://download.java.net/maven/2/org/apache/commons/commons-parent/12/commons-parent-12.pom
[INFO] Downloading from central: https://repo.maven.apache.org/maven2/org/apache/commons/commons-parent/12/commons-parent-12.pom
[INFO] Downloaded from central: https://repo.maven.apache.org/maven2/org/apache/commons/commons-parent/12/commons-parent-12.pom (27 kB at 70 kB/s)
[INFO] Downloading from maven2-repository.java.net: http://download.java.net/maven/2/commons-pool/commons-pool/1.5.4/commons-pool-1.5.4.pom
[INFO] Downloading from central: https://repo.maven.apache.org/maven2/commons-pool/commons-pool/1.5.4/commons-pool-1.5.4.pom
[INFO] Downloaded from central: https://repo.maven.apache.org/maven2/commons-pool/commons-pool/1.5.4/commons-pool-1.5.4.pom (11 kB at 30 kB/s)
[INFO] Downloading from maven2-repository.java.net: http://download.java.net/maven/2/org/springframework/spring-test/4.1.4.RELEASE/spring-test-4.1.4.RELEASE.pom
[INFO] Downloading from central: https://repo.maven.apache.org/maven2/org/springframework/spring-test/4.1.4.RELEASE/spring-test-4.1.4.RELEASE.pom
[INFO] Downloaded from central: https://repo.maven.apache.org/maven2/org/springframework/spring-test/4.1.4.RELEASE/spring-test-4.1.4.RELEASE.pom (6.8 kB at 19 kB/s)
[INFO] Downloading from maven2-repository.java.net: http://download.java.net/maven/2/org/mockito/mockito-all/1.10.8/mockito-all-1.10.8.pom
[INFO] Downloading from central: https://repo.maven.apache.org/maven2/org/mockito/mockito-all/1.10.8/mockito-all-1.10.8.pom
[INFO] Downloaded from central: https://repo.maven.apache.org/maven2/org/mockito/mockito-all/1.10.8/mockito-all-1.10.8.pom (929 B at 2.6 kB/s)
[INFO] Downloading from maven2-repository.java.net: http://download.java.net/maven/2/org/glassfish/jersey/test-framework/providers/jersey-test-framework-provider-external/2.5.1/jersey-test-framework-provider-external-2.5.1.pom
[INFO] Downloading from central: https://repo.maven.apache.org/maven2/org/glassfish/jersey/test-framework/providers/jersey-test-framework-provider-external/2.5.1/jersey-test-framework-provider-external-2.5.1.pom
[INFO] Downloaded from central: https://repo.maven.apache.org/maven2/org/glassfish/jersey/test-framework/providers/jersey-test-framework-provider-external/2.5.1/jersey-test-framework-provider-external-2.5.1.pom (3.4 kB at 9.4 kB/s)
[INFO] Downloading from maven2-repository.java.net: http://download.java.net/maven/2/org/glassfish/jersey/test-framework/providers/project/2.5.1/project-2.5.1.pom
[INFO] Downloading from central: https://repo.maven.apache.org/maven2/org/glassfish/jersey/test-framework/providers/project/2.5.1/project-2.5.1.pom
[INFO] Downloaded from central: https://repo.maven.apache.org/maven2/org/glassfish/jersey/test-framework/providers/project/2.5.1/project-2.5.1.pom (3.0 kB at 8.4 kB/s)
[INFO] Downloading from maven2-repository.java.net: http://download.java.net/maven/2/org/glassfish/jersey/test-framework/project/2.5.1/project-2.5.1.pom
[INFO] Downloading from central: https://repo.maven.apache.org/maven2/org/glassfish/jersey/test-framework/project/2.5.1/project-2.5.1.pom
[INFO] Downloaded from central: https://repo.maven.apache.org/maven2/org/glassfish/jersey/test-framework/project/2.5.1/project-2.5.1.pom (3.0 kB at 6.6 kB/s)
[INFO] Downloading from maven2-repository.java.net: http://download.java.net/maven/2/org/glassfish/jersey/project/2.5.1/project-2.5.1.pom
[INFO] Downloading from central: https://repo.maven.apache.org/maven2/org/glassfish/jersey/project/2.5.1/project-2.5.1.pom
[INFO] Downloaded from central: https://repo.maven.apache.org/maven2/org/glassfish/jersey/project/2.5.1/project-2.5.1.pom (58 kB at 136 kB/s)
[INFO] Downloading from maven2-repository.java.net: http://download.java.net/maven/2/org/glassfish/hk2/hk2-bom/2.2.0-b21/hk2-bom-2.2.0-b21.pom
[INFO] Downloading from central: https://repo.maven.apache.org/maven2/org/glassfish/hk2/hk2-bom/2.2.0-b21/hk2-bom-2.2.0-b21.pom
[INFO] Downloaded from central: https://repo.maven.apache.org/maven2/org/glassfish/hk2/hk2-bom/2.2.0-b21/hk2-bom-2.2.0-b21.pom (16 kB at 43 kB/s)
[INFO] Downloading from maven2-repository.java.net: http://download.java.net/maven/2/org/glassfish/jersey/test-framework/jersey-test-framework-core/2.5.1/jersey-test-framework-core-2.5.1.pom
[INFO] Downloading from central: https://repo.maven.apache.org/maven2/org/glassfish/jersey/test-framework/jersey-test-framework-core/2.5.1/jersey-test-framework-core-2.5.1.pom
[INFO] Downloaded from central: https://repo.maven.apache.org/maven2/org/glassfish/jersey/test-framework/jersey-test-framework-core/2.5.1/jersey-test-framework-core-2.5.1.pom (3.1 kB at 8.7 kB/s)
[INFO] Downloading from maven2-repository.java.net: http://download.java.net/maven/2/org/glassfish/jersey/core/jersey-server/2.5.1/jersey-server-2.5.1.pom
[INFO] Downloading from central: https://repo.maven.apache.org/maven2/org/glassfish/jersey/core/jersey-server/2.5.1/jersey-server-2.5.1.pom
[INFO] Downloaded from central: https://repo.maven.apache.org/maven2/org/glassfish/jersey/core/jersey-server/2.5.1/jersey-server-2.5.1.pom (6.6 kB at 18 kB/s)
[INFO] Downloading from maven2-repository.java.net: http://download.java.net/maven/2/org/glassfish/jersey/core/jersey-common/2.5.1/jersey-common-2.5.1.pom
[INFO] Downloading from central: https://repo.maven.apache.org/maven2/org/glassfish/jersey/core/jersey-common/2.5.1/jersey-common-2.5.1.pom
[INFO] Downloaded from central: https://repo.maven.apache.org/maven2/org/glassfish/jersey/core/jersey-common/2.5.1/jersey-common-2.5.1.pom (7.8 kB at 21 kB/s)
[INFO] Downloading from maven2-repository.java.net: http://download.java.net/maven/2/javax/ws/rs/javax.ws.rs-api/2.0/javax.ws.rs-api-2.0.pom
[INFO] Downloading from central: https://repo.maven.apache.org/maven2/javax/ws/rs/javax.ws.rs-api/2.0/javax.ws.rs-api-2.0.pom
[INFO] Downloaded from central: https://repo.maven.apache.org/maven2/javax/ws/rs/javax.ws.rs-api/2.0/javax.ws.rs-api-2.0.pom (20 kB at 49 kB/s)
[INFO] Downloading from maven2-repository.java.net: http://download.java.net/maven/2/com/google/guava/guava/14.0.1/guava-14.0.1.pom
[INFO] Downloading from central: https://repo.maven.apache.org/maven2/com/google/guava/guava/14.0.1/guava-14.0.1.pom
[INFO] Downloaded from central: https://repo.maven.apache.org/maven2/com/google/guava/guava/14.0.1/guava-14.0.1.pom (5.4 kB at 13 kB/s)
[INFO] Downloading from maven2-repository.java.net: http://download.java.net/maven/2/com/google/guava/guava-parent/14.0.1/guava-parent-14.0.1.pom
[INFO] Downloading from central: https://repo.maven.apache.org/maven2/com/google/guava/guava-parent/14.0.1/guava-parent-14.0.1.pom
[INFO] Downloaded from central: https://repo.maven.apache.org/maven2/com/google/guava/guava-parent/14.0.1/guava-parent-14.0.1.pom (2.6 kB at 7.1 kB/s)
[INFO] Downloading from maven2-repository.java.net: http://download.java.net/maven/2/org/glassfish/hk2/hk2-api/2.2.0-b21/hk2-api-2.2.0-b21.pom
[INFO] Downloading from central: https://repo.maven.apache.org/maven2/org/glassfish/hk2/hk2-api/2.2.0-b21/hk2-api-2.2.0-b21.pom
[INFO] Downloaded from central: https://repo.maven.apache.org/maven2/org/glassfish/hk2/hk2-api/2.2.0-b21/hk2-api-2.2.0-b21.pom (4.9 kB at 14 kB/s)
[INFO] Downloading from maven2-repository.java.net: http://download.java.net/maven/2/org/glassfish/hk2/hk2-public/2.2.0-b21/hk2-public-2.2.0-b21.pom
[INFO] Downloading from central: https://repo.maven.apache.org/maven2/org/glassfish/hk2/hk2-public/2.2.0-b21/hk2-public-2.2.0-b21.pom
[INFO] Downloaded from central: https://repo.maven.apache.org/maven2/org/glassfish/hk2/hk2-public/2.2.0-b21/hk2-public-2.2.0-b21.pom (4.0 kB at 11 kB/s)
[INFO] Downloading from maven2-repository.java.net: http://download.java.net/maven/2/org/glassfish/hk2/hk2-parent/2.2.0-b21/hk2-parent-2.2.0-b21.pom
[INFO] Downloading from central: https://repo.maven.apache.org/maven2/org/glassfish/hk2/hk2-parent/2.2.0-b21/hk2-parent-2.2.0-b21.pom
[INFO] Downloaded from central: https://repo.maven.apache.org/maven2/org/glassfish/hk2/hk2-parent/2.2.0-b21/hk2-parent-2.2.0-b21.pom (21 kB at 54 kB/s)
[INFO] Downloading from maven2-repository.java.net: http://download.java.net/maven/2/org/glassfish/hk2/hk2-utils/2.2.0-b21/hk2-utils-2.2.0-b21.pom
[INFO] Downloading from central: https://repo.maven.apache.org/maven2/org/glassfish/hk2/hk2-utils/2.2.0-b21/hk2-utils-2.2.0-b21.pom
[INFO] Downloaded from central: https://repo.maven.apache.org/maven2/org/glassfish/hk2/hk2-utils/2.2.0-b21/hk2-utils-2.2.0-b21.pom (5.5 kB at 15 kB/s)
[INFO] Downloading from maven2-repository.java.net: http://download.java.net/maven/2/org/glassfish/hk2/external/javax.inject/2.2.0-b21/javax.inject-2.2.0-b21.pom
[INFO] Downloading from central: https://repo.maven.apache.org/maven2/org/glassfish/hk2/external/javax.inject/2.2.0-b21/javax.inject-2.2.0-b21.pom
[INFO] Downloaded from central: https://repo.maven.apache.org/maven2/org/glassfish/hk2/external/javax.inject/2.2.0-b21/javax.inject-2.2.0-b21.pom (6.9 kB at 19 kB/s)
[INFO] Downloading from maven2-repository.java.net: http://download.java.net/maven/2/org/glassfish/hk2/external/2.2.0-b21/external-2.2.0-b21.pom
[INFO] Downloading from central: https://repo.maven.apache.org/maven2/org/glassfish/hk2/external/2.2.0-b21/external-2.2.0-b21.pom
[INFO] Downloaded from central: https://repo.maven.apache.org/maven2/org/glassfish/hk2/external/2.2.0-b21/external-2.2.0-b21.pom (3.0 kB at 8.1 kB/s)
[INFO] Downloading from maven2-repository.java.net: http://download.java.net/maven/2/org/glassfish/hk2/hk2-locator/2.2.0-b21/hk2-locator-2.2.0-b21.pom
[INFO] Downloading from central: https://repo.maven.apache.org/maven2/org/glassfish/hk2/hk2-locator/2.2.0-b21/hk2-locator-2.2.0-b21.pom
[INFO] Downloaded from central: https://repo.maven.apache.org/maven2/org/glassfish/hk2/hk2-locator/2.2.0-b21/hk2-locator-2.2.0-b21.pom (6.2 kB at 16 kB/s)
[INFO] Downloading from maven2-repository.java.net: http://download.java.net/maven/2/org/glassfish/hk2/hk2-kernel-parent/2.2.0-b21/hk2-kernel-parent-2.2.0-b21.pom
[INFO] Downloading from central: https://repo.maven.apache.org/maven2/org/glassfish/hk2/hk2-kernel-parent/2.2.0-b21/hk2-kernel-parent-2.2.0-b21.pom
[INFO] Downloaded from central: https://repo.maven.apache.org/maven2/org/glassfish/hk2/hk2-kernel-parent/2.2.0-b21/hk2-kernel-parent-2.2.0-b21.pom (5.6 kB at 15 kB/s)
[INFO] Downloading from maven2-repository.java.net: http://download.java.net/maven/2/org/glassfish/hk2/external/asm-all-repackaged/2.2.0-b21/asm-all-repackaged-2.2.0-b21.pom
[INFO] Downloading from central: https://repo.maven.apache.org/maven2/org/glassfish/hk2/external/asm-all-repackaged/2.2.0-b21/asm-all-repackaged-2.2.0-b21.pom
[INFO] Downloaded from central: https://repo.maven.apache.org/maven2/org/glassfish/hk2/external/asm-all-repackaged/2.2.0-b21/asm-all-repackaged-2.2.0-b21.pom (7.4 kB at 20 kB/s)
[INFO] Downloading from maven2-repository.java.net: http://download.java.net/maven/2/org/glassfish/hk2/external/cglib/2.2.0-b21/cglib-2.2.0-b21.pom
[INFO] Downloading from central: https://repo.maven.apache.org/maven2/org/glassfish/hk2/external/cglib/2.2.0-b21/cglib-2.2.0-b21.pom
[INFO] Downloaded from central: https://repo.maven.apache.org/maven2/org/glassfish/hk2/external/cglib/2.2.0-b21/cglib-2.2.0-b21.pom (9.2 kB at 25 kB/s)
[INFO] Downloading from maven2-repository.java.net: http://download.java.net/maven/2/org/glassfish/jersey/core/jersey-client/2.5.1/jersey-client-2.5.1.pom
[INFO] Downloading from central: https://repo.maven.apache.org/maven2/org/glassfish/jersey/core/jersey-client/2.5.1/jersey-client-2.5.1.pom
[INFO] Downloaded from central: https://repo.maven.apache.org/maven2/org/glassfish/jersey/core/jersey-client/2.5.1/jersey-client-2.5.1.pom (4.6 kB at 13 kB/s)
[INFO] Downloading from maven2-repository.java.net: http://download.java.net/maven/2/org/slf4j/slf4j-api/1.7.6/slf4j-api-1.7.6.pom
[INFO] Downloading from central: https://repo.maven.apache.org/maven2/org/slf4j/slf4j-api/1.7.6/slf4j-api-1.7.6.pom
[INFO] Downloaded from central: https://repo.maven.apache.org/maven2/org/slf4j/slf4j-api/1.7.6/slf4j-api-1.7.6.pom (2.7 kB at 7.5 kB/s)
[INFO] Downloading from maven2-repository.java.net: http://download.java.net/maven/2/org/slf4j/slf4j-parent/1.7.6/slf4j-parent-1.7.6.pom
[INFO] Downloading from central: https://repo.maven.apache.org/maven2/org/slf4j/slf4j-parent/1.7.6/slf4j-parent-1.7.6.pom
[INFO] Downloaded from central: https://repo.maven.apache.org/maven2/org/slf4j/slf4j-parent/1.7.6/slf4j-parent-1.7.6.pom (12 kB at 32 kB/s)
[INFO] Downloading from maven2-repository.java.net: http://download.java.net/maven/2/org/slf4j/jcl-over-slf4j/1.7.6/jcl-over-slf4j-1.7.6.pom
[INFO] Downloading from central: https://repo.maven.apache.org/maven2/org/slf4j/jcl-over-slf4j/1.7.6/jcl-over-slf4j-1.7.6.pom
[INFO] Downloaded from central: https://repo.maven.apache.org/maven2/org/slf4j/jcl-over-slf4j/1.7.6/jcl-over-slf4j-1.7.6.pom (1.9 kB at 5.2 kB/s)
[INFO] Downloading from maven2-repository.java.net: http://download.java.net/maven/2/org/codehaus/jackson/jackson-core-asl/1.9.13/jackson-core-asl-1.9.13.pom
[INFO] Downloading from central: https://repo.maven.apache.org/maven2/org/codehaus/jackson/jackson-core-asl/1.9.13/jackson-core-asl-1.9.13.pom
[INFO] Downloaded from central: https://repo.maven.apache.org/maven2/org/codehaus/jackson/jackson-core-asl/1.9.13/jackson-core-asl-1.9.13.pom (1.3 kB at 3.6 kB/s)
[INFO] Downloading from maven2-repository.java.net: http://download.java.net/maven/2/org/codehaus/jackson/jackson-mapper-asl/1.9.13/jackson-mapper-asl-1.9.13.pom
[INFO] Downloading from central: https://repo.maven.apache.org/maven2/org/codehaus/jackson/jackson-mapper-asl/1.9.13/jackson-mapper-asl-1.9.13.pom
[INFO] Downloaded from central: https://repo.maven.apache.org/maven2/org/codehaus/jackson/jackson-mapper-asl/1.9.13/jackson-mapper-asl-1.9.13.pom (1.5 kB at 4.2 kB/s)
[INFO] Downloading from maven2-repository.java.net: http://download.java.net/maven/2/org/codehaus/jackson/jackson-jaxrs/1.9.13/jackson-jaxrs-1.9.13.pom
[INFO] Downloading from central: https://repo.maven.apache.org/maven2/org/codehaus/jackson/jackson-jaxrs/1.9.13/jackson-jaxrs-1.9.13.pom
[INFO] Downloaded from central: https://repo.maven.apache.org/maven2/org/codehaus/jackson/jackson-jaxrs/1.9.13/jackson-jaxrs-1.9.13.pom (1.9 kB at 5.3 kB/s)
[INFO] Downloading from maven2-repository.java.net: http://download.java.net/maven/2/org/glassfish/jersey/ext/jersey-spring3/2.14/jersey-spring3-2.14.jar
[INFO] Downloading from maven2-repository.java.net: http://download.java.net/maven/2/javax/annotation/javax.annotation-api/1.2/javax.annotation-api-1.2.jar
[INFO] Downloading from maven2-repository.java.net: http://download.java.net/maven/2/org/glassfish/jersey/core/jersey-server/2.14/jersey-server-2.14.jar
[INFO] Downloading from maven2-repository.java.net: http://download.java.net/maven/2/org/glassfish/jersey/containers/jersey-container-servlet-core/2.14/jersey-container-servlet-core-2.14.jar
[INFO] Downloading from maven2-repository.java.net: http://download.java.net/maven/2/javax/validation/validation-api/1.1.0.Final/validation-api-1.1.0.Final.jar
[INFO] Downloading from maven2-repository.java.net: http://download.java.net/maven/2/org/glassfish/hk2/hk2/2.4.0-b06/hk2-2.4.0-b06.jar
[INFO] Downloading from maven2-repository.java.net: http://download.java.net/maven/2/org/glassfish/hk2/hk2-utils/2.4.0-b06/hk2-utils-2.4.0-b06.jar
[INFO] Downloading from maven2-repository.java.net: http://download.java.net/maven/2/org/glassfish/hk2/config-types/2.4.0-b06/config-types-2.4.0-b06.jar
[INFO] Downloading from maven2-repository.java.net: http://download.java.net/maven/2/org/glassfish/hk2/core/2.4.0-b06/core-2.4.0-b06.jar
[INFO] Downloading from maven2-repository.java.net: http://download.java.net/maven/2/org/glassfish/hk2/hk2-config/2.4.0-b06/hk2-config-2.4.0-b06.jar
[INFO] Downloading from maven2-repository.java.net: http://download.java.net/maven/2/org/jvnet/tiger-types/1.4/tiger-types-1.4.jar
[INFO] Downloading from maven2-repository.java.net: http://download.java.net/maven/2/org/glassfish/hk2/external/bean-validator/2.4.0-b06/bean-validator-2.4.0-b06.jar
[INFO] Downloading from maven2-repository.java.net: http://download.java.net/maven/2/org/glassfish/hk2/hk2-runlevel/2.4.0-b06/hk2-runlevel-2.4.0-b06.jar
[INFO] Downloading from maven2-repository.java.net: http://download.java.net/maven/2/org/glassfish/hk2/class-model/2.4.0-b06/class-model-2.4.0-b06.jar
[INFO] Downloading from maven2-repository.java.net: http://download.java.net/maven/2/org/glassfish/hk2/external/asm-all-repackaged/2.4.0-b06/asm-all-repackaged-2.4.0-b06.jar
[INFO] Downloading from maven2-repository.java.net: http://download.java.net/maven/2/org/glassfish/hk2/spring-bridge/2.4.0-b06/spring-bridge-2.4.0-b06.jar
[INFO] Downloading from maven2-repository.java.net: http://download.java.net/maven/2/javax/ws/rs/javax.ws.rs-api/2.0.1/javax.ws.rs-api-2.0.1.jar
[INFO] Downloading from maven2-repository.java.net: http://download.java.net/maven/2/org/glassfish/jersey/media/jersey-media-json-jackson/2.14/jersey-media-json-jackson-2.14.jar
[INFO] Downloading from maven2-repository.java.net: http://download.java.net/maven/2/org/glassfish/jersey/core/jersey-common/2.14/jersey-common-2.14.jar
[INFO] Downloading from maven2-repository.java.net: http://download.java.net/maven/2/org/glassfish/jersey/bundles/repackaged/jersey-guava/2.14/jersey-guava-2.14.jar
[INFO] Downloading from maven2-repository.java.net: http://download.java.net/maven/2/org/glassfish/hk2/osgi-resource-locator/1.0.1/osgi-resource-locator-1.0.1.jar
[INFO] Downloading from maven2-repository.java.net: http://download.java.net/maven/2/com/fasterxml/jackson/jaxrs/jackson-jaxrs-base/2.3.2/jackson-jaxrs-base-2.3.2.jar
[INFO] Downloading from maven2-repository.java.net: http://download.java.net/maven/2/com/fasterxml/jackson/core/jackson-core/2.3.2/jackson-core-2.3.2.jar
[INFO] Downloading from maven2-repository.java.net: http://download.java.net/maven/2/com/fasterxml/jackson/core/jackson-databind/2.3.2/jackson-databind-2.3.2.jar
[INFO] Downloading from maven2-repository.java.net: http://download.java.net/maven/2/com/fasterxml/jackson/jaxrs/jackson-jaxrs-json-provider/2.3.2/jackson-jaxrs-json-provider-2.3.2.jar
[INFO] Downloading from maven2-repository.java.net: http://download.java.net/maven/2/com/fasterxml/jackson/module/jackson-module-jaxb-annotations/2.3.2/jackson-module-jaxb-annotations-2.3.2.jar
[INFO] Downloading from maven2-repository.java.net: http://download.java.net/maven/2/com/fasterxml/jackson/core/jackson-annotations/2.3.2/jackson-annotations-2.3.2.jar
[INFO] Downloading from maven2-repository.java.net: http://download.java.net/maven/2/org/glassfish/jersey/media/jersey-media-multipart/2.14/jersey-media-multipart-2.14.jar
[INFO] Downloading from maven2-repository.java.net: http://download.java.net/maven/2/org/jvnet/mimepull/mimepull/1.9.3/mimepull-1.9.3.jar
[INFO] Downloading from maven2-repository.java.net: http://download.java.net/maven/2/org/glassfish/jersey/ext/jersey-entity-filtering/2.14/jersey-entity-filtering-2.14.jar
[INFO] Downloading from maven2-repository.java.net: http://download.java.net/maven/2/org/springframework/spring-core/4.1.4.RELEASE/spring-core-4.1.4.RELEASE.jar
[INFO] Downloading from maven2-repository.java.net: http://download.java.net/maven/2/org/springframework/spring-context/4.1.4.RELEASE/spring-context-4.1.4.RELEASE.jar
[INFO] Downloading from maven2-repository.java.net: http://download.java.net/maven/2/org/springframework/spring-aop/4.1.4.RELEASE/spring-aop-4.1.4.RELEASE.jar
[INFO] Downloading from maven2-repository.java.net: http://download.java.net/maven/2/org/springframework/spring-beans/4.1.4.RELEASE/spring-beans-4.1.4.RELEASE.jar
[INFO] Downloading from maven2-repository.java.net: http://download.java.net/maven/2/org/springframework/spring-expression/4.1.4.RELEASE/spring-expression-4.1.4.RELEASE.jar
[INFO] Downloading from maven2-repository.java.net: http://download.java.net/maven/2/org/springframework/spring-web/4.1.4.RELEASE/spring-web-4.1.4.RELEASE.jar
[INFO] Downloading from maven2-repository.java.net: http://download.java.net/maven/2/org/springframework/spring-jdbc/4.1.4.RELEASE/spring-jdbc-4.1.4.RELEASE.jar
[INFO] Downloading from maven2-repository.java.net: http://download.java.net/maven/2/org/springframework/spring-tx/4.1.4.RELEASE/spring-tx-4.1.4.RELEASE.jar
[INFO] Downloading from maven2-repository.java.net: http://download.java.net/maven/2/org/springframework/spring-orm/4.1.4.RELEASE/spring-orm-4.1.4.RELEASE.jar
[INFO] Downloading from maven2-repository.java.net: http://download.java.net/maven/2/org/springframework/security/spring-security-core/3.2.5.RELEASE/spring-security-core-3.2.5.RELEASE.jar
[INFO] Downloading from maven2-repository.java.net: http://download.java.net/maven/2/org/springframework/security/spring-security-web/3.2.5.RELEASE/spring-security-web-3.2.5.RELEASE.jar
[INFO] Downloading from maven2-repository.java.net: http://download.java.net/maven/2/org/springframework/security/spring-security-config/3.2.5.RELEASE/spring-security-config-3.2.5.RELEASE.jar
[INFO] Downloading from maven2-repository.java.net: http://download.java.net/maven/2/org/apache/tomcat/tomcat-jdbc/7.0.35/tomcat-jdbc-7.0.35.jar
[INFO] Downloading from maven2-repository.java.net: http://download.java.net/maven/2/org/apache/tomcat/tomcat-juli/7.0.35/tomcat-juli-7.0.35.jar
[INFO] Downloading from maven2-repository.java.net: http://download.java.net/maven/2/org/hibernate/hibernate-core/4.2.7.Final/hibernate-core-4.2.7.Final.jar
[INFO] Downloading from maven2-repository.java.net: http://download.java.net/maven/2/org/jboss/logging/jboss-logging/3.1.0.GA/jboss-logging-3.1.0.GA.jar
[INFO] Downloading from maven2-repository.java.net: http://download.java.net/maven/2/org/javassist/javassist/3.18.1-GA/javassist-3.18.1-GA.jar
[INFO] Downloading from maven2-repository.java.net: http://download.java.net/maven/2/org/jboss/spec/javax/transaction/jboss-transaction-api_1.1_spec/1.0.1.Final/jboss-transaction-api_1.1_spec-1.0.1.Final.jar
[INFO] Downloading from maven2-repository.java.net: http://download.java.net/maven/2/org/hibernate/common/hibernate-commons-annotations/4.0.2.Final/hibernate-commons-annotations-4.0.2.Final.jar
[INFO] Downloading from maven2-repository.java.net: http://download.java.net/maven/2/org/hibernate/javax/persistence/hibernate-jpa-2.0-api/1.0.1.Final/hibernate-jpa-2.0-api-1.0.1.Final.jar
[INFO] Downloading from maven2-repository.java.net: http://download.java.net/maven/2/org/hibernate/hibernate-entitymanager/4.2.7.Final/hibernate-entitymanager-4.2.7.Final.jar
[INFO] Downloading from maven2-repository.java.net: http://download.java.net/maven/2/org/glassfish/jersey/core/jersey-client/2.14/jersey-client-2.14.jar
[INFO] Downloading from maven2-repository.java.net: http://download.java.net/maven/2/org/glassfish/hk2/hk2-api/2.4.0-b06/hk2-api-2.4.0-b06.jar
[INFO] Downloading from maven2-repository.java.net: http://download.java.net/maven/2/org/glassfish/hk2/external/aopalliance-repackaged/2.4.0-b06/aopalliance-repackaged-2.4.0-b06.jar
[INFO] Downloading from maven2-repository.java.net: http://download.java.net/maven/2/org/glassfish/hk2/external/javax.inject/2.4.0-b06/javax.inject-2.4.0-b06.jar
[INFO] Downloading from maven2-repository.java.net: http://download.java.net/maven/2/org/glassfish/hk2/hk2-locator/2.4.0-b06/hk2-locator-2.4.0-b06.jar
[INFO] Downloading from maven2-repository.java.net: http://download.java.net/maven/2/commons-dbcp/commons-dbcp/1.4/commons-dbcp-1.4.jar
[INFO] Downloading from maven2-repository.java.net: http://download.java.net/maven/2/commons-pool/commons-pool/1.5.4/commons-pool-1.5.4.jar
[INFO] Downloading from maven2-repository.java.net: http://download.java.net/maven/2/org/springframework/spring-test/4.1.4.RELEASE/spring-test-4.1.4.RELEASE.jar
[INFO] Downloading from maven2-repository.java.net: http://download.java.net/maven/2/junit/junit/4.11/junit-4.11.jar
[INFO] Downloading from maven2-repository.java.net: http://download.java.net/maven/2/org/mockito/mockito-all/1.10.8/mockito-all-1.10.8.jar
[INFO] Downloading from maven2-repository.java.net: http://download.java.net/maven/2/org/glassfish/jersey/test-framework/providers/jersey-test-framework-provider-external/2.5.1/jersey-test-framework-provider-external-2.5.1.jar
[INFO] Downloading from maven2-repository.java.net: http://download.java.net/maven/2/org/glassfish/jersey/test-framework/jersey-test-framework-core/2.5.1/jersey-test-framework-core-2.5.1.jar
[INFO] Downloading from maven2-repository.java.net: http://download.java.net/maven/2/org/slf4j/slf4j-api/1.7.6/slf4j-api-1.7.6.jar
[INFO] Downloading from maven2-repository.java.net: http://download.java.net/maven/2/org/slf4j/jcl-over-slf4j/1.7.6/jcl-over-slf4j-1.7.6.jar
[INFO] Downloading from maven2-repository.java.net: http://download.java.net/maven/2/org/codehaus/jackson/jackson-core-asl/1.9.13/jackson-core-asl-1.9.13.jar
[INFO] Downloading from maven2-repository.java.net: http://download.java.net/maven/2/org/codehaus/jackson/jackson-mapper-asl/1.9.13/jackson-mapper-asl-1.9.13.jar
[INFO] Downloading from maven2-repository.java.net: http://download.java.net/maven/2/org/codehaus/jackson/jackson-jaxrs/1.9.13/jackson-jaxrs-1.9.13.jar
[INFO] Downloading from central: https://repo.maven.apache.org/maven2/org/glassfish/jersey/ext/jersey-spring3/2.14/jersey-spring3-2.14.jar
[INFO] Downloading from central: https://repo.maven.apache.org/maven2/org/glassfish/jersey/core/jersey-server/2.14/jersey-server-2.14.jar
[INFO] Downloading from central: https://repo.maven.apache.org/maven2/javax/annotation/javax.annotation-api/1.2/javax.annotation-api-1.2.jar
[INFO] Downloading from central: https://repo.maven.apache.org/maven2/org/glassfish/jersey/containers/jersey-container-servlet-core/2.14/jersey-container-servlet-core-2.14.jar
[INFO] Downloading from central: https://repo.maven.apache.org/maven2/javax/validation/validation-api/1.1.0.Final/validation-api-1.1.0.Final.jar
[INFO] Downloaded from central: https://repo.maven.apache.org/maven2/org/glassfish/jersey/ext/jersey-spring3/2.14/jersey-spring3-2.14.jar (22 kB at 23 kB/s)
[INFO] Downloading from central: https://repo.maven.apache.org/maven2/org/glassfish/hk2/hk2/2.4.0-b06/hk2-2.4.0-b06.jar
[INFO] Downloaded from central: https://repo.maven.apache.org/maven2/javax/annotation/javax.annotation-api/1.2/javax.annotation-api-1.2.jar (26 kB at 27 kB/s)
[INFO] Downloading from central: https://repo.maven.apache.org/maven2/org/glassfish/hk2/hk2-utils/2.4.0-b06/hk2-utils-2.4.0-b06.jar
[INFO] Downloaded from central: https://repo.maven.apache.org/maven2/org/glassfish/jersey/containers/jersey-container-servlet-core/2.14/jersey-container-servlet-core-2.14.jar (56 kB at 50 kB/s)
[INFO] Downloading from central: https://repo.maven.apache.org/maven2/org/glassfish/hk2/config-types/2.4.0-b06/config-types-2.4.0-b06.jar
[INFO] Downloaded from central: https://repo.maven.apache.org/maven2/javax/validation/validation-api/1.1.0.Final/validation-api-1.1.0.Final.jar (64 kB at 56 kB/s)
[INFO] Downloading from central: https://repo.maven.apache.org/maven2/org/glassfish/hk2/core/2.4.0-b06/core-2.4.0-b06.jar
[INFO] Downloaded from central: https://repo.maven.apache.org/maven2/org/glassfish/hk2/hk2/2.4.0-b06/hk2-2.4.0-b06.jar (3.2 kB at 2.5 kB/s)
[INFO] Downloading from central: https://repo.maven.apache.org/maven2/org/glassfish/hk2/hk2-config/2.4.0-b06/hk2-config-2.4.0-b06.jar
[INFO] Downloaded from central: https://repo.maven.apache.org/maven2/org/glassfish/hk2/config-types/2.4.0-b06/config-types-2.4.0-b06.jar (6.5 kB at 4.4 kB/s)
[INFO] Downloading from central: https://repo.maven.apache.org/maven2/org/jvnet/tiger-types/1.4/tiger-types-1.4.jar
[INFO] Downloaded from central: https://repo.maven.apache.org/maven2/org/glassfish/hk2/hk2-utils/2.4.0-b06/hk2-utils-2.4.0-b06.jar (90 kB at 59 kB/s)
[INFO] Downloading from central: https://repo.maven.apache.org/maven2/org/glassfish/hk2/external/bean-validator/2.4.0-b06/bean-validator-2.4.0-b06.jar
[INFO] Downloaded from central: https://repo.maven.apache.org/maven2/org/glassfish/jersey/core/jersey-server/2.14/jersey-server-2.14.jar (924 kB at 535 kB/s)
[INFO] Downloading from central: https://repo.maven.apache.org/maven2/org/glassfish/hk2/hk2-runlevel/2.4.0-b06/hk2-runlevel-2.4.0-b06.jar
[INFO] Downloaded from central: https://repo.maven.apache.org/maven2/org/glassfish/hk2/core/2.4.0-b06/core-2.4.0-b06.jar (117 kB at 66 kB/s)
[INFO] Downloading from central: https://repo.maven.apache.org/maven2/org/glassfish/hk2/class-model/2.4.0-b06/class-model-2.4.0-b06.jar
[INFO] Downloaded from central: https://repo.maven.apache.org/maven2/org/jvnet/tiger-types/1.4/tiger-types-1.4.jar (18 kB at 9.3 kB/s)
[INFO] Downloading from central: https://repo.maven.apache.org/maven2/org/glassfish/hk2/external/asm-all-repackaged/2.4.0-b06/asm-all-repackaged-2.4.0-b06.jar
[INFO] Downloaded from central: https://repo.maven.apache.org/maven2/org/glassfish/hk2/hk2-config/2.4.0-b06/hk2-config-2.4.0-b06.jar (204 kB at 99 kB/s)
[INFO] Downloading from central: https://repo.maven.apache.org/maven2/org/glassfish/hk2/spring-bridge/2.4.0-b06/spring-bridge-2.4.0-b06.jar
[INFO] Downloaded from central: https://repo.maven.apache.org/maven2/org/glassfish/hk2/class-model/2.4.0-b06/class-model-2.4.0-b06.jar (88 kB at 40 kB/s)
[INFO] Downloading from central: https://repo.maven.apache.org/maven2/javax/ws/rs/javax.ws.rs-api/2.0.1/javax.ws.rs-api-2.0.1.jar
[INFO] Downloaded from central: https://repo.maven.apache.org/maven2/org/glassfish/hk2/hk2-runlevel/2.4.0-b06/hk2-runlevel-2.4.0-b06.jar (54 kB at 23 kB/s)
[INFO] Downloading from central: https://repo.maven.apache.org/maven2/org/glassfish/jersey/media/jersey-media-json-jackson/2.14/jersey-media-json-jackson-2.14.jar
[INFO] Downloaded from central: https://repo.maven.apache.org/maven2/org/glassfish/hk2/spring-bridge/2.4.0-b06/spring-bridge-2.4.0-b06.jar (13 kB at 5.4 kB/s)
[INFO] Downloading from central: https://repo.maven.apache.org/maven2/org/glassfish/jersey/core/jersey-common/2.14/jersey-common-2.14.jar
[INFO] Downloaded from central: https://repo.maven.apache.org/maven2/org/glassfish/hk2/external/bean-validator/2.4.0-b06/bean-validator-2.4.0-b06.jar (813 kB at 328 kB/s)
[INFO] Downloading from central: https://repo.maven.apache.org/maven2/org/glassfish/jersey/bundles/repackaged/jersey-guava/2.14/jersey-guava-2.14.jar
[INFO] Downloaded from central: https://repo.maven.apache.org/maven2/javax/ws/rs/javax.ws.rs-api/2.0.1/javax.ws.rs-api-2.0.1.jar (116 kB at 44 kB/s)
[INFO] Downloading from central: https://repo.maven.apache.org/maven2/org/glassfish/hk2/osgi-resource-locator/1.0.1/osgi-resource-locator-1.0.1.jar
[INFO] Downloaded from central: https://repo.maven.apache.org/maven2/org/glassfish/jersey/media/jersey-media-json-jackson/2.14/jersey-media-json-jackson-2.14.jar (6.7 kB at 2.5 kB/s)
[INFO] Downloading from central: https://repo.maven.apache.org/maven2/com/fasterxml/jackson/jaxrs/jackson-jaxrs-base/2.3.2/jackson-jaxrs-base-2.3.2.jar
[INFO] Downloaded from central: https://repo.maven.apache.org/maven2/org/glassfish/hk2/external/asm-all-repackaged/2.4.0-b06/asm-all-repackaged-2.4.0-b06.jar (399 kB at 146 kB/s)
[INFO] Downloading from central: https://repo.maven.apache.org/maven2/com/fasterxml/jackson/core/jackson-core/2.3.2/jackson-core-2.3.2.jar
[INFO] Downloaded from central: https://repo.maven.apache.org/maven2/org/glassfish/hk2/osgi-resource-locator/1.0.1/osgi-resource-locator-1.0.1.jar (20 kB at 6.8 kB/s)
[INFO] Downloading from central: https://repo.maven.apache.org/maven2/com/fasterxml/jackson/core/jackson-databind/2.3.2/jackson-databind-2.3.2.jar
[INFO] Downloaded from central: https://repo.maven.apache.org/maven2/com/fasterxml/jackson/jaxrs/jackson-jaxrs-base/2.3.2/jackson-jaxrs-base-2.3.2.jar (28 kB at 9.0 kB/s)
[INFO] Downloading from central: https://repo.maven.apache.org/maven2/com/fasterxml/jackson/jaxrs/jackson-jaxrs-json-provider/2.3.2/jackson-jaxrs-json-provider-2.3.2.jar
[INFO] Downloaded from central: https://repo.maven.apache.org/maven2/org/glassfish/jersey/core/jersey-common/2.14/jersey-common-2.14.jar (725 kB at 234 kB/s)
[INFO] Downloading from central: https://repo.maven.apache.org/maven2/com/fasterxml/jackson/module/jackson-module-jaxb-annotations/2.3.2/jackson-module-jaxb-annotations-2.3.2.jar
[INFO] Downloaded from central: https://repo.maven.apache.org/maven2/com/fasterxml/jackson/core/jackson-core/2.3.2/jackson-core-2.3.2.jar (200 kB at 64 kB/s)
[INFO] Downloading from central: https://repo.maven.apache.org/maven2/com/fasterxml/jackson/core/jackson-annotations/2.3.2/jackson-annotations-2.3.2.jar
[INFO] Downloaded from central: https://repo.maven.apache.org/maven2/org/glassfish/jersey/bundles/repackaged/jersey-guava/2.14/jersey-guava-2.14.jar (960 kB at 286 kB/s)
[INFO] Downloading from central: https://repo.maven.apache.org/maven2/org/glassfish/jersey/media/jersey-media-multipart/2.14/jersey-media-multipart-2.14.jar
[INFO] Downloaded from central: https://repo.maven.apache.org/maven2/com/fasterxml/jackson/jaxrs/jackson-jaxrs-json-provider/2.3.2/jackson-jaxrs-json-provider-2.3.2.jar (17 kB at 4.8 kB/s)
[INFO] Downloading from central: https://repo.maven.apache.org/maven2/org/jvnet/mimepull/mimepull/1.9.3/mimepull-1.9.3.jar
[INFO] Downloaded from central: https://repo.maven.apache.org/maven2/com/fasterxml/jackson/module/jackson-module-jaxb-annotations/2.3.2/jackson-module-jaxb-annotations-2.3.2.jar (32 kB at 9.2 kB/s)
[INFO] Downloading from central: https://repo.maven.apache.org/maven2/org/glassfish/jersey/ext/jersey-entity-filtering/2.14/jersey-entity-filtering-2.14.jar
[INFO] Downloaded from central: https://repo.maven.apache.org/maven2/com/fasterxml/jackson/core/jackson-annotations/2.3.2/jackson-annotations-2.3.2.jar (37 kB at 10 kB/s)
[INFO] Downloading from central: https://repo.maven.apache.org/maven2/org/springframework/spring-core/4.1.4.RELEASE/spring-core-4.1.4.RELEASE.jar
[INFO] Downloaded from central: https://repo.maven.apache.org/maven2/org/glassfish/jersey/media/jersey-media-multipart/2.14/jersey-media-multipart-2.14.jar (64 kB at 17 kB/s)
[INFO] Downloading from central: https://repo.maven.apache.org/maven2/org/springframework/spring-context/4.1.4.RELEASE/spring-context-4.1.4.RELEASE.jar
[INFO] Downloaded from central: https://repo.maven.apache.org/maven2/com/fasterxml/jackson/core/jackson-databind/2.3.2/jackson-databind-2.3.2.jar (915 kB at 244 kB/s)
[INFO] Downloading from central: https://repo.maven.apache.org/maven2/org/springframework/spring-aop/4.1.4.RELEASE/spring-aop-4.1.4.RELEASE.jar
[INFO] Downloaded from central: https://repo.maven.apache.org/maven2/org/jvnet/mimepull/mimepull/1.9.3/mimepull-1.9.3.jar (62 kB at 16 kB/s)
[INFO] Downloading from central: https://repo.maven.apache.org/maven2/org/springframework/spring-beans/4.1.4.RELEASE/spring-beans-4.1.4.RELEASE.jar
[INFO] Downloaded from central: https://repo.maven.apache.org/maven2/org/glassfish/jersey/ext/jersey-entity-filtering/2.14/jersey-entity-filtering-2.14.jar (68 kB at 17 kB/s)
[INFO] Downloading from central: https://repo.maven.apache.org/maven2/org/springframework/spring-expression/4.1.4.RELEASE/spring-expression-4.1.4.RELEASE.jar
[INFO] Downloaded from central: https://repo.maven.apache.org/maven2/org/springframework/spring-core/4.1.4.RELEASE/spring-core-4.1.4.RELEASE.jar (1.0 MB at 244 kB/s)
[INFO] Downloading from central: https://repo.maven.apache.org/maven2/org/springframework/spring-web/4.1.4.RELEASE/spring-web-4.1.4.RELEASE.jar
[INFO] Downloaded from central: https://repo.maven.apache.org/maven2/org/springframework/spring-aop/4.1.4.RELEASE/spring-aop-4.1.4.RELEASE.jar (359 kB at 86 kB/s)
[INFO] Downloading from central: https://repo.maven.apache.org/maven2/org/springframework/spring-jdbc/4.1.4.RELEASE/spring-jdbc-4.1.4.RELEASE.jar
[INFO] Downloaded from central: https://repo.maven.apache.org/maven2/org/springframework/spring-expression/4.1.4.RELEASE/spring-expression-4.1.4.RELEASE.jar (259 kB at 60 kB/s)
[INFO] Downloading from central: https://repo.maven.apache.org/maven2/org/springframework/spring-tx/4.1.4.RELEASE/spring-tx-4.1.4.RELEASE.jar
[INFO] Downloaded from central: https://repo.maven.apache.org/maven2/org/springframework/spring-beans/4.1.4.RELEASE/spring-beans-4.1.4.RELEASE.jar (708 kB at 154 kB/s)
[INFO] Downloading from central: https://repo.maven.apache.org/maven2/org/springframework/spring-orm/4.1.4.RELEASE/spring-orm-4.1.4.RELEASE.jar
[INFO] Downloaded from central: https://repo.maven.apache.org/maven2/org/springframework/spring-web/4.1.4.RELEASE/spring-web-4.1.4.RELEASE.jar (714 kB at 155 kB/s)
[INFO] Downloading from central: https://repo.maven.apache.org/maven2/org/springframework/security/spring-security-core/3.2.5.RELEASE/spring-security-core-3.2.5.RELEASE.jar
[INFO] Downloaded from central: https://repo.maven.apache.org/maven2/org/springframework/spring-jdbc/4.1.4.RELEASE/spring-jdbc-4.1.4.RELEASE.jar (427 kB at 92 kB/s)
[INFO] Downloading from central: https://repo.maven.apache.org/maven2/org/springframework/security/spring-security-web/3.2.5.RELEASE/spring-security-web-3.2.5.RELEASE.jar
[INFO] Downloaded from central: https://repo.maven.apache.org/maven2/org/springframework/spring-tx/4.1.4.RELEASE/spring-tx-4.1.4.RELEASE.jar (253 kB at 53 kB/s)
[INFO] Downloading from central: https://repo.maven.apache.org/maven2/org/springframework/security/spring-security-config/3.2.5.RELEASE/spring-security-config-3.2.5.RELEASE.jar
[INFO] Downloaded from central: https://repo.maven.apache.org/maven2/org/springframework/spring-context/4.1.4.RELEASE/spring-context-4.1.4.RELEASE.jar (1.0 MB at 214 kB/s)
[INFO] Downloading from central: https://repo.maven.apache.org/maven2/org/apache/tomcat/tomcat-jdbc/7.0.35/tomcat-jdbc-7.0.35.jar
[INFO] Downloaded from central: https://repo.maven.apache.org/maven2/org/springframework/security/spring-security-core/3.2.5.RELEASE/spring-security-core-3.2.5.RELEASE.jar (367 kB at 73 kB/s)
[INFO] Downloading from central: https://repo.maven.apache.org/maven2/org/apache/tomcat/tomcat-juli/7.0.35/tomcat-juli-7.0.35.jar
[INFO] Downloaded from central: https://repo.maven.apache.org/maven2/org/springframework/security/spring-security-web/3.2.5.RELEASE/spring-security-web-3.2.5.RELEASE.jar (342 kB at 67 kB/s)
[INFO] Downloading from central: https://repo.maven.apache.org/maven2/org/hibernate/hibernate-core/4.2.7.Final/hibernate-core-4.2.7.Final.jar
[INFO] Downloaded from central: https://repo.maven.apache.org/maven2/org/springframework/security/spring-security-config/3.2.5.RELEASE/spring-security-config-3.2.5.RELEASE.jar (407 kB at 79 kB/s)
[INFO] Downloading from central: https://repo.maven.apache.org/maven2/org/jboss/logging/jboss-logging/3.1.0.GA/jboss-logging-3.1.0.GA.jar
[INFO] Downloaded from central: https://repo.maven.apache.org/maven2/org/apache/tomcat/tomcat-jdbc/7.0.35/tomcat-jdbc-7.0.35.jar (124 kB at 24 kB/s)
[INFO] Downloading from central: https://repo.maven.apache.org/maven2/org/javassist/javassist/3.18.1-GA/javassist-3.18.1-GA.jar
[INFO] Downloaded from central: https://repo.maven.apache.org/maven2/org/springframework/spring-orm/4.1.4.RELEASE/spring-orm-4.1.4.RELEASE.jar (376 kB at 72 kB/s)
[INFO] Downloading from central: https://repo.maven.apache.org/maven2/org/jboss/spec/javax/transaction/jboss-transaction-api_1.1_spec/1.0.1.Final/jboss-transaction-api_1.1_spec-1.0.1.Final.jar
[INFO] Downloaded from central: https://repo.maven.apache.org/maven2/org/apache/tomcat/tomcat-juli/7.0.35/tomcat-juli-7.0.35.jar (38 kB at 7.1 kB/s)
[INFO] Downloading from central: https://repo.maven.apache.org/maven2/org/hibernate/common/hibernate-commons-annotations/4.0.2.Final/hibernate-commons-annotations-4.0.2.Final.jar
[INFO] Downloaded from central: https://repo.maven.apache.org/maven2/org/jboss/logging/jboss-logging/3.1.0.GA/jboss-logging-3.1.0.GA.jar (61 kB at 11 kB/s)
[INFO] Downloading from central: https://repo.maven.apache.org/maven2/org/hibernate/javax/persistence/hibernate-jpa-2.0-api/1.0.1.Final/hibernate-jpa-2.0-api-1.0.1.Final.jar
[INFO] Downloaded from central: https://repo.maven.apache.org/maven2/org/jboss/spec/javax/transaction/jboss-transaction-api_1.1_spec/1.0.1.Final/jboss-transaction-api_1.1_spec-1.0.1.Final.jar (25 kB at 4.5 kB/s)
[INFO] Downloading from central: https://repo.maven.apache.org/maven2/org/hibernate/hibernate-entitymanager/4.2.7.Final/hibernate-entitymanager-4.2.7.Final.jar
[INFO] Downloaded from central: https://repo.maven.apache.org/maven2/org/hibernate/common/hibernate-commons-annotations/4.0.2.Final/hibernate-commons-annotations-4.0.2.Final.jar (82 kB at 14 kB/s)
[INFO] Downloading from central: https://repo.maven.apache.org/maven2/org/glassfish/jersey/core/jersey-client/2.14/jersey-client-2.14.jar
[INFO] Downloaded from central: https://repo.maven.apache.org/maven2/org/javassist/javassist/3.18.1-GA/javassist-3.18.1-GA.jar (714 kB at 122 kB/s)
[INFO] Downloading from central: https://repo.maven.apache.org/maven2/org/glassfish/hk2/hk2-api/2.4.0-b06/hk2-api-2.4.0-b06.jar
[INFO] Downloaded from central: https://repo.maven.apache.org/maven2/org/hibernate/javax/persistence/hibernate-jpa-2.0-api/1.0.1.Final/hibernate-jpa-2.0-api-1.0.1.Final.jar (103 kB at 17 kB/s)
[INFO] Downloading from central: https://repo.maven.apache.org/maven2/org/glassfish/hk2/external/aopalliance-repackaged/2.4.0-b06/aopalliance-repackaged-2.4.0-b06.jar
[INFO] Downloaded from central: https://repo.maven.apache.org/maven2/org/glassfish/jersey/core/jersey-client/2.14/jersey-client-2.14.jar (155 kB at 25 kB/s)
[INFO] Downloading from central: https://repo.maven.apache.org/maven2/org/glassfish/hk2/external/javax.inject/2.4.0-b06/javax.inject-2.4.0-b06.jar
[INFO] Downloaded from central: https://repo.maven.apache.org/maven2/org/glassfish/hk2/hk2-api/2.4.0-b06/hk2-api-2.4.0-b06.jar (173 kB at 28 kB/s)
[INFO] Downloading from central: https://repo.maven.apache.org/maven2/org/glassfish/hk2/hk2-locator/2.4.0-b06/hk2-locator-2.4.0-b06.jar
[INFO] Downloaded from central: https://repo.maven.apache.org/maven2/org/glassfish/hk2/external/aopalliance-repackaged/2.4.0-b06/aopalliance-repackaged-2.4.0-b06.jar (15 kB at 2.4 kB/s)
[INFO] Downloading from central: https://repo.maven.apache.org/maven2/commons-dbcp/commons-dbcp/1.4/commons-dbcp-1.4.jar
[INFO] Downloaded from central: https://repo.maven.apache.org/maven2/org/hibernate/hibernate-entitymanager/4.2.7.Final/hibernate-entitymanager-4.2.7.Final.jar (485 kB at 76 kB/s)
[INFO] Downloading from central: https://repo.maven.apache.org/maven2/commons-pool/commons-pool/1.5.4/commons-pool-1.5.4.jar
[INFO] Downloaded from central: https://repo.maven.apache.org/maven2/org/hibernate/hibernate-core/4.2.7.Final/hibernate-core-4.2.7.Final.jar (4.6 MB at 725 kB/s)
[INFO] Downloading from central: https://repo.maven.apache.org/maven2/org/springframework/spring-test/4.1.4.RELEASE/spring-test-4.1.4.RELEASE.jar
[INFO] Downloaded from central: https://repo.maven.apache.org/maven2/org/glassfish/hk2/external/javax.inject/2.4.0-b06/javax.inject-2.4.0-b06.jar (6.0 kB at 910 B/s)
[INFO] Downloading from central: https://repo.maven.apache.org/maven2/junit/junit/4.11/junit-4.11.jar
[INFO] Downloaded from central: https://repo.maven.apache.org/maven2/commons-dbcp/commons-dbcp/1.4/commons-dbcp-1.4.jar (161 kB at 24 kB/s)
[INFO] Downloading from central: https://repo.maven.apache.org/maven2/org/mockito/mockito-all/1.10.8/mockito-all-1.10.8.jar
[INFO] Downloaded from central: https://repo.maven.apache.org/maven2/org/glassfish/hk2/hk2-locator/2.4.0-b06/hk2-locator-2.4.0-b06.jar (171 kB at 26 kB/s)
[INFO] Downloading from central: https://repo.maven.apache.org/maven2/org/glassfish/jersey/test-framework/providers/jersey-test-framework-provider-external/2.5.1/jersey-test-framework-provider-external-2.5.1.jar
[INFO] Downloaded from central: https://repo.maven.apache.org/maven2/commons-pool/commons-pool/1.5.4/commons-pool-1.5.4.jar (96 kB at 14 kB/s)
[INFO] Downloading from central: https://repo.maven.apache.org/maven2/org/glassfish/jersey/test-framework/jersey-test-framework-core/2.5.1/jersey-test-framework-core-2.5.1.jar
[INFO] Downloaded from central: https://repo.maven.apache.org/maven2/org/springframework/spring-test/4.1.4.RELEASE/spring-test-4.1.4.RELEASE.jar (503 kB at 73 kB/s)
[INFO] Downloading from central: https://repo.maven.apache.org/maven2/org/slf4j/slf4j-api/1.7.6/slf4j-api-1.7.6.jar
[INFO] Downloaded from central: https://repo.maven.apache.org/maven2/junit/junit/4.11/junit-4.11.jar (245 kB at 35 kB/s)
[INFO] Downloading from central: https://repo.maven.apache.org/maven2/org/slf4j/jcl-over-slf4j/1.7.6/jcl-over-slf4j-1.7.6.jar
[INFO] Downloaded from central: https://repo.maven.apache.org/maven2/org/glassfish/jersey/test-framework/providers/jersey-test-framework-provider-external/2.5.1/jersey-test-framework-provider-external-2.5.1.jar (5.9 kB at 834 B/s)
[INFO] Downloading from central: https://repo.maven.apache.org/maven2/org/codehaus/jackson/jackson-core-asl/1.9.13/jackson-core-asl-1.9.13.jar
[INFO] Downloaded from central: https://repo.maven.apache.org/maven2/org/slf4j/slf4j-api/1.7.6/slf4j-api-1.7.6.jar (29 kB at 4.0 kB/s)
[INFO] Downloading from central: https://repo.maven.apache.org/maven2/org/codehaus/jackson/jackson-mapper-asl/1.9.13/jackson-mapper-asl-1.9.13.jar
[INFO] Downloaded from central: https://repo.maven.apache.org/maven2/org/mockito/mockito-all/1.10.8/mockito-all-1.10.8.jar (1.2 MB at 167 kB/s)
[INFO] Downloading from central: https://repo.maven.apache.org/maven2/org/codehaus/jackson/jackson-jaxrs/1.9.13/jackson-jaxrs-1.9.13.jar
[INFO] Downloaded from central: https://repo.maven.apache.org/maven2/org/glassfish/jersey/test-framework/jersey-test-framework-core/2.5.1/jersey-test-framework-core-2.5.1.jar (15 kB at 2.0 kB/s)
[INFO] Downloaded from central: https://repo.maven.apache.org/maven2/org/slf4j/jcl-over-slf4j/1.7.6/jcl-over-slf4j-1.7.6.jar (17 kB at 2.3 kB/s)
[INFO] Downloaded from central: https://repo.maven.apache.org/maven2/org/codehaus/jackson/jackson-core-asl/1.9.13/jackson-core-asl-1.9.13.jar (232 kB at 31 kB/s)
[INFO] Downloaded from central: https://repo.maven.apache.org/maven2/org/codehaus/jackson/jackson-jaxrs/1.9.13/jackson-jaxrs-1.9.13.jar (18 kB at 2.4 kB/s)
[INFO] Downloaded from central: https://repo.maven.apache.org/maven2/org/codehaus/jackson/jackson-mapper-asl/1.9.13/jackson-mapper-asl-1.9.13.jar (781 kB at 101 kB/s)
[INFO] 
[INFO] --- maven-clean-plugin:2.5:clean (default-clean) @ demo-rest-jersey-spring ---
[INFO] Deleting /home/codegex/Documents/workspace/rbugs/experiment/top100repos/demo-rest-jersey-spring/target
[INFO] 
[INFO] --- maven-resources-plugin:2.6:resources (default-resources) @ demo-rest-jersey-spring ---
[WARNING] Using platform encoding (UTF-8 actually) to copy filtered resources, i.e. build is platform dependent!
[INFO] Copying 8 resources
[INFO] 
[INFO] --- maven-compiler-plugin:3.1:compile (default-compile) @ demo-rest-jersey-spring ---
[INFO] Changes detected - recompiling the module!
[WARNING] File encoding has not been set, using platform encoding UTF-8, i.e. build is platform dependent!
[INFO] Compiling 30 source files to /home/codegex/Documents/workspace/rbugs/experiment/top100repos/demo-rest-jersey-spring/target/classes
[INFO] -------------------------------------------------------------
[ERROR] COMPILATION ERROR : 
[INFO] -------------------------------------------------------------
[ERROR] Source option 5 is no longer supported. Use 6 or later.
[ERROR] Target option 1.5 is no longer supported. Use 1.6 or later.
[INFO] 2 errors 
[INFO] -------------------------------------------------------------
[INFO] ------------------------------------------------------------------------
[INFO] BUILD FAILURE
[INFO] ------------------------------------------------------------------------
[INFO] Total time:  05:19 min
[INFO] Finished at: 2021-03-27T21:20:51+08:00
[INFO] ------------------------------------------------------------------------
[ERROR] Failed to execute goal org.apache.maven.plugins:maven-compiler-plugin:3.1:compile (default-compile) on project demo-rest-jersey-spring: Compilation failure: Compilation failure: 
[ERROR] Source option 5 is no longer supported. Use 6 or later.
[ERROR] Target option 1.5 is no longer supported. Use 1.6 or later.
[ERROR] -> [Help 1]
[ERROR] 
[ERROR] To see the full stack trace of the errors, re-run Maven with the -e switch.
[ERROR] Re-run Maven using the -X switch to enable full debug logging.
[ERROR] 
[ERROR] For more information about the errors and possible solutions, please read the following articles:
[ERROR] [Help 1] http://cwiki.apache.org/confluence/display/MAVEN/MojoFailureException
[INFO] Build failures were ignored.
WARNING: An illegal reflective access operation has occurred
WARNING: Illegal reflective access by com.google.inject.internal.cglib.core.$ReflectUtils$1 (file:/usr/share/maven/lib/guice.jar) to method java.lang.ClassLoader.defineClass(java.lang.String,byte[],int,int,java.security.ProtectionDomain)
WARNING: Please consider reporting this to the maintainers of com.google.inject.internal.cglib.core.$ReflectUtils$1
WARNING: Use --illegal-access=warn to enable warnings of further illegal reflective access operations
WARNING: All illegal access operations will be denied in a future release