[INFO] Scanning for projects...
[WARNING] 
[WARNING] Some problems were encountered while building the effective model for com.gu:gchisto:jar:1.0.1-SNAPSHOT
[WARNING] 'build.plugins.plugin.version' for org.apache.maven.plugins:maven-compiler-plugin is missing. @ line 72, column 15
[WARNING] 'build.plugins.plugin.version' for org.apache.maven.plugins:maven-jar-plugin is missing. @ line 41, column 15
[WARNING] 
[WARNING] It is highly recommended to fix these problems because they threaten the stability of your build.
[WARNING] 
[WARNING] For this reason, future Maven versions might no longer support building such malformed projects.
[WARNING] 
[INFO] 
[INFO] ---------------------------< com.gu:gchisto >---------------------------
[INFO] Building GChisto 1.0.1-SNAPSHOT
[INFO] --------------------------------[ jar ]---------------------------------
[INFO] Downloading from central: https://repo.maven.apache.org/maven2/jfree/jcommon/1.0.12/jcommon-1.0.12.pom
[INFO] Downloaded from central: https://repo.maven.apache.org/maven2/jfree/jcommon/1.0.12/jcommon-1.0.12.pom (2.3 kB at 2.0 kB/s)
[INFO] Downloading from central: https://repo.maven.apache.org/maven2/net/java/dev/swing-layout/swing-layout/1.0.2/swing-layout-1.0.2.pom
[INFO] Downloaded from central: https://repo.maven.apache.org/maven2/net/java/dev/swing-layout/swing-layout/1.0.2/swing-layout-1.0.2.pom (1.5 kB at 4.0 kB/s)
[INFO] Downloading from central: https://repo.maven.apache.org/maven2/jfree/jfreechart/1.0.0/jfreechart-1.0.0.pom
[INFO] Downloaded from central: https://repo.maven.apache.org/maven2/jfree/jfreechart/1.0.0/jfreechart-1.0.0.pom (2.5 kB at 6.8 kB/s)
[INFO] Downloading from central: https://repo.maven.apache.org/maven2/jfree/jcommon/1.0.0/jcommon-1.0.0.pom
[INFO] Downloaded from central: https://repo.maven.apache.org/maven2/jfree/jcommon/1.0.0/jcommon-1.0.0.pom (2.4 kB at 6.5 kB/s)
[INFO] Downloading from central: https://repo.maven.apache.org/maven2/junit/junit/3.8/junit-3.8.pom
[INFO] Downloaded from central: https://repo.maven.apache.org/maven2/junit/junit/3.8/junit-3.8.pom (744 B at 2.0 kB/s)
[INFO] Downloading from central: https://repo.maven.apache.org/maven2/jfree/jcommon/1.0.12/jcommon-1.0.12.jar
[INFO] Downloading from central: https://repo.maven.apache.org/maven2/net/java/dev/swing-layout/swing-layout/1.0.2/swing-layout-1.0.2.jar
[INFO] Downloading from central: https://repo.maven.apache.org/maven2/junit/junit/3.8/junit-3.8.jar
[INFO] Downloading from central: https://repo.maven.apache.org/maven2/jfree/jfreechart/1.0.0/jfreechart-1.0.0.jar
[INFO] Downloaded from central: https://repo.maven.apache.org/maven2/jfree/jcommon/1.0.12/jcommon-1.0.12.jar (309 kB at 333 kB/s)
[INFO] Downloaded from central: https://repo.maven.apache.org/maven2/junit/junit/3.8/junit-3.8.jar (122 kB at 110 kB/s)
[INFO] Downloaded from central: https://repo.maven.apache.org/maven2/net/java/dev/swing-layout/swing-layout/1.0.2/swing-layout-1.0.2.jar (159 kB at 141 kB/s)
[INFO] Downloaded from central: https://repo.maven.apache.org/maven2/jfree/jfreechart/1.0.0/jfreechart-1.0.0.jar (1.1 MB at 285 kB/s)
[INFO] 
[INFO] --- maven-clean-plugin:2.5:clean (default-clean) @ gchisto ---
[INFO] Deleting /home/codegex/Documents/workspace/rbugs/experiment/top100repos/gchisto/target
[INFO] 
[INFO] --- maven-resources-plugin:2.6:resources (default-resources) @ gchisto ---
[WARNING] Using platform encoding (UTF-8 actually) to copy filtered resources, i.e. build is platform dependent!
[INFO] skip non existing resourceDirectory /home/codegex/Documents/workspace/rbugs/experiment/top100repos/gchisto/src/main/resources
[INFO] 
[INFO] --- maven-compiler-plugin:3.1:compile (default-compile) @ gchisto ---
[INFO] Changes detected - recompiling the module!
[WARNING] File encoding has not been set, using platform encoding UTF-8, i.e. build is platform dependent!
[INFO] Compiling 125 source files to /home/codegex/Documents/workspace/rbugs/experiment/top100repos/gchisto/target/classes
[WARNING] /home/codegex/Documents/workspace/rbugs/experiment/top100repos/gchisto/src/main/java/gchisto/gui/MainPanel.java: Some input files use or override a deprecated API.
[WARNING] /home/codegex/Documents/workspace/rbugs/experiment/top100repos/gchisto/src/main/java/gchisto/gui/MainPanel.java: Recompile with -Xlint:deprecation for details.
[WARNING] /home/codegex/Documents/workspace/rbugs/experiment/top100repos/gchisto/src/main/java/gchisto/gui/panels/tracemanagement/Panel.java: /home/codegex/Documents/workspace/rbugs/experiment/top100repos/gchisto/src/main/java/gchisto/gui/panels/tracemanagement/Panel.java uses unchecked or unsafe operations.
[WARNING] /home/codegex/Documents/workspace/rbugs/experiment/top100repos/gchisto/src/main/java/gchisto/gui/panels/tracemanagement/Panel.java: Recompile with -Xlint:unchecked for details.
[INFO] 
[INFO] --- maven-resources-plugin:2.6:testResources (default-testResources) @ gchisto ---
[WARNING] Using platform encoding (UTF-8 actually) to copy filtered resources, i.e. build is platform dependent!
[INFO] skip non existing resourceDirectory /home/codegex/Documents/workspace/rbugs/experiment/top100repos/gchisto/src/test/resources
[INFO] 
[INFO] --- maven-compiler-plugin:3.1:testCompile (default-testCompile) @ gchisto ---
[INFO] No sources to compile
[INFO] 
[INFO] --- maven-surefire-plugin:2.12.4:test (default-test) @ gchisto ---
[INFO] Tests are skipped.
[INFO] 
[INFO] --- maven-jar-plugin:2.4:jar (default-jar) @ gchisto ---
[INFO] Building jar: /home/codegex/Documents/workspace/rbugs/experiment/top100repos/gchisto/target/gchisto-1.0.1-SNAPSHOT.jar
[INFO] 
[INFO] --- maven-dependency-plugin:2.8:copy-dependencies (default) @ gchisto ---
[INFO] Copying jfreechart-1.0.0.jar to /home/codegex/Documents/workspace/rbugs/experiment/top100repos/gchisto/target/lib/jfreechart-1.0.0.jar
[INFO] Copying swing-layout-1.0.2.jar to /home/codegex/Documents/workspace/rbugs/experiment/top100repos/gchisto/target/lib/swing-layout-1.0.2.jar
[INFO] Copying jcommon-1.0.12.jar to /home/codegex/Documents/workspace/rbugs/experiment/top100repos/gchisto/target/lib/jcommon-1.0.12.jar
[INFO] Copying junit-3.8.jar to /home/codegex/Documents/workspace/rbugs/experiment/top100repos/gchisto/target/lib/junit-3.8.jar
[INFO] 
[INFO] --- maven-assembly-plugin:2.2-beta-5:single (default) @ gchisto ---
[INFO] Downloading from central: https://repo.maven.apache.org/maven2/org/apache/maven/shared/maven-common-artifact-filters/1.1/maven-common-artifact-filters-1.1.pom
[INFO] Downloaded from central: https://repo.maven.apache.org/maven2/org/apache/maven/shared/maven-common-artifact-filters/1.1/maven-common-artifact-filters-1.1.pom (2.8 kB at 7.7 kB/s)
[INFO] Downloading from central: https://repo.maven.apache.org/maven2/org/codehaus/plexus/plexus-interpolation/1.7/plexus-interpolation-1.7.pom
[INFO] Downloaded from central: https://repo.maven.apache.org/maven2/org/codehaus/plexus/plexus-interpolation/1.7/plexus-interpolation-1.7.pom (2.9 kB at 8.0 kB/s)
[INFO] Downloading from central: https://repo.maven.apache.org/maven2/org/codehaus/plexus/plexus-archiver/1.0-alpha-12/plexus-archiver-1.0-alpha-12.pom
[INFO] Downloaded from central: https://repo.maven.apache.org/maven2/org/codehaus/plexus/plexus-archiver/1.0-alpha-12/plexus-archiver-1.0-alpha-12.pom (1.6 kB at 4.3 kB/s)
[INFO] Downloading from central: https://repo.maven.apache.org/maven2/org/codehaus/plexus/plexus-io/1.0-alpha-4/plexus-io-1.0-alpha-4.pom
[INFO] Downloaded from central: https://repo.maven.apache.org/maven2/org/codehaus/plexus/plexus-io/1.0-alpha-4/plexus-io-1.0-alpha-4.pom (1.2 kB at 3.3 kB/s)
[INFO] Downloading from central: https://repo.maven.apache.org/maven2/org/codehaus/plexus/plexus-active-collections/1.0-beta-2/plexus-active-collections-1.0-beta-2.pom
[INFO] Downloaded from central: https://repo.maven.apache.org/maven2/org/codehaus/plexus/plexus-active-collections/1.0-beta-2/plexus-active-collections-1.0-beta-2.pom (2.8 kB at 7.6 kB/s)
[INFO] Downloading from central: https://repo.maven.apache.org/maven2/org/codehaus/plexus/plexus-container-default/1.0-alpha-22/plexus-container-default-1.0-alpha-22.pom
[INFO] Downloaded from central: https://repo.maven.apache.org/maven2/org/codehaus/plexus/plexus-container-default/1.0-alpha-22/plexus-container-default-1.0-alpha-22.pom (3.0 kB at 8.2 kB/s)
[INFO] Downloading from central: https://repo.maven.apache.org/maven2/org/codehaus/plexus/plexus-containers/1.0-alpha-22/plexus-containers-1.0-alpha-22.pom
[INFO] Downloaded from central: https://repo.maven.apache.org/maven2/org/codehaus/plexus/plexus-containers/1.0-alpha-22/plexus-containers-1.0-alpha-22.pom (1.9 kB at 5.2 kB/s)
[INFO] Downloading from central: https://repo.maven.apache.org/maven2/org/apache/maven/maven-archiver/2.4/maven-archiver-2.4.pom
[INFO] Downloaded from central: https://repo.maven.apache.org/maven2/org/apache/maven/maven-archiver/2.4/maven-archiver-2.4.pom (3.4 kB at 9.5 kB/s)
[INFO] Downloading from central: https://repo.maven.apache.org/maven2/org/codehaus/plexus/plexus-archiver/1.0-alpha-11/plexus-archiver-1.0-alpha-11.pom
[INFO] Downloaded from central: https://repo.maven.apache.org/maven2/org/codehaus/plexus/plexus-archiver/1.0-alpha-11/plexus-archiver-1.0-alpha-11.pom (1.8 kB at 4.7 kB/s)
[INFO] Downloading from central: https://repo.maven.apache.org/maven2/org/codehaus/plexus/plexus-io/1.0-alpha-3/plexus-io-1.0-alpha-3.pom
[INFO] Downloaded from central: https://repo.maven.apache.org/maven2/org/codehaus/plexus/plexus-io/1.0-alpha-3/plexus-io-1.0-alpha-3.pom (1.4 kB at 3.8 kB/s)
[INFO] Downloading from central: https://repo.maven.apache.org/maven2/org/codehaus/plexus/plexus-utils/2.0.1/plexus-utils-2.0.1.pom
[INFO] Downloaded from central: https://repo.maven.apache.org/maven2/org/codehaus/plexus/plexus-utils/2.0.1/plexus-utils-2.0.1.pom (3.3 kB at 7.6 kB/s)
[INFO] Downloading from central: https://repo.maven.apache.org/maven2/org/apache/maven/shared/maven-repository-builder/1.0-alpha-2/maven-repository-builder-1.0-alpha-2.pom
[INFO] Downloaded from central: https://repo.maven.apache.org/maven2/org/apache/maven/shared/maven-repository-builder/1.0-alpha-2/maven-repository-builder-1.0-alpha-2.pom (3.2 kB at 8.8 kB/s)
[INFO] Downloading from central: https://repo.maven.apache.org/maven2/org/apache/maven/shared/maven-common-artifact-filters/1.0-alpha-1/maven-common-artifact-filters-1.0-alpha-1.pom
[INFO] Downloaded from central: https://repo.maven.apache.org/maven2/org/apache/maven/shared/maven-common-artifact-filters/1.0-alpha-1/maven-common-artifact-filters-1.0-alpha-1.pom (1.8 kB at 5.0 kB/s)
[INFO] Downloading from central: https://repo.maven.apache.org/maven2/org/apache/maven/shared/maven-shared-components/6/maven-shared-components-6.pom
[INFO] Downloaded from central: https://repo.maven.apache.org/maven2/org/apache/maven/shared/maven-shared-components/6/maven-shared-components-6.pom (3.1 kB at 8.3 kB/s)
[INFO] Downloading from central: https://repo.maven.apache.org/maven2/org/apache/maven/shared/maven-common-artifact-filters/1.1/maven-common-artifact-filters-1.1.jar
[INFO] Downloading from central: https://repo.maven.apache.org/maven2/org/codehaus/plexus/plexus-interpolation/1.7/plexus-interpolation-1.7.jar
[INFO] Downloading from central: https://repo.maven.apache.org/maven2/org/codehaus/plexus/plexus-archiver/1.0-alpha-12/plexus-archiver-1.0-alpha-12.jar
[INFO] Downloading from central: https://repo.maven.apache.org/maven2/org/apache/maven/maven-repository-metadata/2.0.2/maven-repository-metadata-2.0.2.jar
[INFO] Downloading from central: https://repo.maven.apache.org/maven2/org/codehaus/plexus/plexus-active-collections/1.0-beta-2/plexus-active-collections-1.0-beta-2.jar
[INFO] Downloaded from central: https://repo.maven.apache.org/maven2/org/apache/maven/maven-repository-metadata/2.0.2/maven-repository-metadata-2.0.2.jar (20 kB at 54 kB/s)
[INFO] Downloading from central: https://repo.maven.apache.org/maven2/org/codehaus/plexus/plexus-io/1.0-alpha-4/plexus-io-1.0-alpha-4.jar
[INFO] Downloaded from central: https://repo.maven.apache.org/maven2/org/codehaus/plexus/plexus-interpolation/1.7/plexus-interpolation-1.7.jar (51 kB at 132 kB/s)
[INFO] Downloading from central: https://repo.maven.apache.org/maven2/org/apache/maven/maven-plugin-api/2.0.4/maven-plugin-api-2.0.4.jar
[INFO] Downloaded from central: https://repo.maven.apache.org/maven2/org/apache/maven/shared/maven-common-artifact-filters/1.1/maven-common-artifact-filters-1.1.jar (30 kB at 68 kB/s)
[INFO] Downloading from central: https://repo.maven.apache.org/maven2/org/apache/maven/maven-project/2.0.4/maven-project-2.0.4.jar
[INFO] Downloaded from central: https://repo.maven.apache.org/maven2/org/codehaus/plexus/plexus-archiver/1.0-alpha-12/plexus-archiver-1.0-alpha-12.jar (177 kB at 313 kB/s)
[INFO] Downloading from central: https://repo.maven.apache.org/maven2/org/apache/maven/maven-profile/2.0.4/maven-profile-2.0.4.jar
[INFO] Downloaded from central: https://repo.maven.apache.org/maven2/org/codehaus/plexus/plexus-io/1.0-alpha-4/plexus-io-1.0-alpha-4.jar (48 kB at 66 kB/s)
[INFO] Downloading from central: https://repo.maven.apache.org/maven2/org/apache/maven/maven-archiver/2.4/maven-archiver-2.4.jar
[INFO] Downloaded from central: https://repo.maven.apache.org/maven2/org/apache/maven/maven-plugin-api/2.0.4/maven-plugin-api-2.0.4.jar (8.3 kB at 11 kB/s)
[INFO] Downloading from central: https://repo.maven.apache.org/maven2/org/codehaus/plexus/plexus-utils/2.0.1/plexus-utils-2.0.1.jar
[INFO] Downloaded from central: https://repo.maven.apache.org/maven2/org/codehaus/plexus/plexus-active-collections/1.0-beta-2/plexus-active-collections-1.0-beta-2.jar (21 kB at 28 kB/s)
[INFO] Downloading from central: https://repo.maven.apache.org/maven2/org/apache/maven/maven-artifact/2.0.4/maven-artifact-2.0.4.jar
[INFO] Downloaded from central: https://repo.maven.apache.org/maven2/org/apache/maven/maven-profile/2.0.4/maven-profile-2.0.4.jar (30 kB at 32 kB/s)
[INFO] Downloading from central: https://repo.maven.apache.org/maven2/org/apache/maven/maven-model/2.0.4/maven-model-2.0.4.jar
[INFO] Downloaded from central: https://repo.maven.apache.org/maven2/org/apache/maven/maven-project/2.0.4/maven-project-2.0.4.jar (109 kB at 103 kB/s)
[INFO] Downloading from central: https://repo.maven.apache.org/maven2/org/apache/maven/shared/maven-repository-builder/1.0-alpha-2/maven-repository-builder-1.0-alpha-2.jar
[INFO] Downloaded from central: https://repo.maven.apache.org/maven2/org/apache/maven/maven-archiver/2.4/maven-archiver-2.4.jar (20 kB at 18 kB/s)
[INFO] Downloaded from central: https://repo.maven.apache.org/maven2/org/codehaus/plexus/plexus-utils/2.0.1/plexus-utils-2.0.1.jar (222 kB at 169 kB/s)
[INFO] Downloaded from central: https://repo.maven.apache.org/maven2/org/apache/maven/maven-model/2.0.4/maven-model-2.0.4.jar (80 kB at 61 kB/s)
[INFO] Downloaded from central: https://repo.maven.apache.org/maven2/org/apache/maven/maven-artifact/2.0.4/maven-artifact-2.0.4.jar (80 kB at 60 kB/s)
[INFO] Downloaded from central: https://repo.maven.apache.org/maven2/org/apache/maven/shared/maven-repository-builder/1.0-alpha-2/maven-repository-builder-1.0-alpha-2.jar (23 kB at 16 kB/s)
[INFO] Reading assembly descriptor: src/main/assembly.xml
[INFO] Building tar : /home/codegex/Documents/workspace/rbugs/experiment/top100repos/gchisto/target/gchisto-1.0.1-SNAPSHOT.tar.gz
[INFO] 
[INFO] --- maven-install-plugin:2.4:install (default-install) @ gchisto ---
[INFO] Installing /home/codegex/Documents/workspace/rbugs/experiment/top100repos/gchisto/target/gchisto-1.0.1-SNAPSHOT.jar to /home/codegex/.m2/repository/com/gu/gchisto/1.0.1-SNAPSHOT/gchisto-1.0.1-SNAPSHOT.jar
[INFO] Installing /home/codegex/Documents/workspace/rbugs/experiment/top100repos/gchisto/pom.xml to /home/codegex/.m2/repository/com/gu/gchisto/1.0.1-SNAPSHOT/gchisto-1.0.1-SNAPSHOT.pom
[INFO] Installing /home/codegex/Documents/workspace/rbugs/experiment/top100repos/gchisto/target/gchisto-1.0.1-SNAPSHOT.tar.gz to /home/codegex/.m2/repository/com/gu/gchisto/1.0.1-SNAPSHOT/gchisto-1.0.1-SNAPSHOT.tar.gz
[INFO] 
[INFO] --- maven-dependency-plugin:2.8:purge-local-repository (default-cli) @ gchisto ---
[INFO] Downloading from central: https://repo.maven.apache.org/maven2/jfree/jcommon/1.0.12/jcommon-1.0.12.pom
[INFO] Downloaded from central: https://repo.maven.apache.org/maven2/jfree/jcommon/1.0.12/jcommon-1.0.12.pom (2.3 kB at 6.3 kB/s)
[INFO] Downloading from central: https://repo.maven.apache.org/maven2/net/java/dev/swing-layout/swing-layout/1.0.2/swing-layout-1.0.2.pom
[INFO] Downloaded from central: https://repo.maven.apache.org/maven2/net/java/dev/swing-layout/swing-layout/1.0.2/swing-layout-1.0.2.pom (1.5 kB at 4.1 kB/s)
[INFO] Downloading from central: https://repo.maven.apache.org/maven2/jfree/jfreechart/1.0.0/jfreechart-1.0.0.pom
[INFO] Downloaded from central: https://repo.maven.apache.org/maven2/jfree/jfreechart/1.0.0/jfreechart-1.0.0.pom (2.5 kB at 7.0 kB/s)
[INFO] Downloading from central: https://repo.maven.apache.org/maven2/junit/junit/3.8/junit-3.8.pom
[INFO] Downloaded from central: https://repo.maven.apache.org/maven2/junit/junit/3.8/junit-3.8.pom (744 B at 2.1 kB/s)
[INFO] Downloading from central: https://repo.maven.apache.org/maven2/jfree/jcommon/1.0.12/jcommon-1.0.12.jar
[INFO] Downloaded from central: https://repo.maven.apache.org/maven2/jfree/jcommon/1.0.12/jcommon-1.0.12.jar (309 kB at 282 kB/s)
[INFO] Downloading from central: https://repo.maven.apache.org/maven2/net/java/dev/swing-layout/swing-layout/1.0.2/swing-layout-1.0.2.jar
[INFO] Downloaded from central: https://repo.maven.apache.org/maven2/net/java/dev/swing-layout/swing-layout/1.0.2/swing-layout-1.0.2.jar (159 kB at 214 kB/s)
[INFO] Downloading from central: https://repo.maven.apache.org/maven2/jfree/jfreechart/1.0.0/jfreechart-1.0.0.jar
[INFO] Downloaded from central: https://repo.maven.apache.org/maven2/jfree/jfreechart/1.0.0/jfreechart-1.0.0.jar (1.1 MB at 368 kB/s)
[INFO] Downloading from central: https://repo.maven.apache.org/maven2/junit/junit/3.8/junit-3.8.jar
[INFO] Downloaded from central: https://repo.maven.apache.org/maven2/junit/junit/3.8/junit-3.8.jar (122 kB at 189 kB/s)
[INFO] ------------------------------------------------------------------------
[INFO] BUILD SUCCESS
[INFO] ------------------------------------------------------------------------
[INFO] Total time:  22.534 s
[INFO] Finished at: 2021-03-28T03:58:17+08:00
[INFO] ------------------------------------------------------------------------
WARNING: An illegal reflective access operation has occurred
WARNING: Illegal reflective access by com.google.inject.internal.cglib.core.$ReflectUtils$1 (file:/usr/share/maven/lib/guice.jar) to method java.lang.ClassLoader.defineClass(java.lang.String,byte[],int,int,java.security.ProtectionDomain)
WARNING: Please consider reporting this to the maintainers of com.google.inject.internal.cglib.core.$ReflectUtils$1
WARNING: Use --illegal-access=warn to enable warnings of further illegal reflective access operations
WARNING: All illegal access operations will be denied in a future release
