[INFO] Scanning for projects...
[WARNING] The POM for com.github.spotbugs:spotbugs-maven-plugin:jar:4.1.4-ZY is missing, no dependency information available
[WARNING] Failed to retrieve plugin descriptor for com.github.spotbugs:spotbugs-maven-plugin:4.1.4-ZY: Plugin com.github.spotbugs:spotbugs-maven-plugin:4.1.4-ZY or one of its dependencies could not be resolved: Failure to find com.github.spotbugs:spotbugs-maven-plugin:jar:4.1.4-ZY in https://repo.maven.apache.org/maven2 was cached in the local repository, resolution will not be reattempted until the update interval of central has elapsed or updates are forced
[INFO] 
[INFO] -----------------------< org.hprose:hprose-java >-----------------------
[INFO] Building Hprose for Java 2.0.38
[INFO] --------------------------------[ jar ]---------------------------------
[WARNING] The POM for com.github.spotbugs:spotbugs-maven-plugin:jar:4.1.4-ZY is missing, no dependency information available
[WARNING] Failed to retrieve plugin descriptor for com.github.spotbugs:spotbugs-maven-plugin:4.1.4-ZY: Plugin com.github.spotbugs:spotbugs-maven-plugin:4.1.4-ZY or one of its dependencies could not be resolved: Failure to find com.github.spotbugs:spotbugs-maven-plugin:jar:4.1.4-ZY in https://repo.maven.apache.org/maven2 was cached in the local repository, resolution will not be reattempted until the update interval of central has elapsed or updates are forced
[INFO] Downloading from central: https://repo.maven.apache.org/maven2/javax/servlet/javax.servlet-api/maven-metadata.xml
[INFO] Downloading from sonatype-nexus-snapshots: https://oss.sonatype.org/content/repositories/snapshots/javax/servlet/javax.servlet-api/maven-metadata.xml
[INFO] Downloaded from central: https://repo.maven.apache.org/maven2/javax/servlet/javax.servlet-api/maven-metadata.xml (972 B at 862 B/s)
[INFO] Downloading from central: https://repo.maven.apache.org/maven2/javax/servlet/javax.servlet-api/3.1-b01/javax.servlet-api-3.1-b01.pom
[INFO] Downloaded from central: https://repo.maven.apache.org/maven2/javax/servlet/javax.servlet-api/3.1-b01/javax.servlet-api-3.1-b01.pom (13 kB at 33 kB/s)
[INFO] Downloading from central: https://repo.maven.apache.org/maven2/javax/servlet/javax.servlet-api/3.1-b02/javax.servlet-api-3.1-b02.pom
[INFO] Downloaded from central: https://repo.maven.apache.org/maven2/javax/servlet/javax.servlet-api/3.1-b02/javax.servlet-api-3.1-b02.pom (13 kB at 33 kB/s)
[INFO] Downloading from central: https://repo.maven.apache.org/maven2/javax/servlet/javax.servlet-api/3.1-b03/javax.servlet-api-3.1-b03.pom
[INFO] Downloaded from central: https://repo.maven.apache.org/maven2/javax/servlet/javax.servlet-api/3.1-b03/javax.servlet-api-3.1-b03.pom (13 kB at 33 kB/s)
[INFO] Downloading from central: https://repo.maven.apache.org/maven2/javax/servlet/javax.servlet-api/3.1-b04/javax.servlet-api-3.1-b04.pom
[INFO] Downloaded from central: https://repo.maven.apache.org/maven2/javax/servlet/javax.servlet-api/3.1-b04/javax.servlet-api-3.1-b04.pom (13 kB at 32 kB/s)
[INFO] Downloading from central: https://repo.maven.apache.org/maven2/javax/servlet/javax.servlet-api/3.1-b05/javax.servlet-api-3.1-b05.pom
[INFO] Downloaded from central: https://repo.maven.apache.org/maven2/javax/servlet/javax.servlet-api/3.1-b05/javax.servlet-api-3.1-b05.pom (13 kB at 33 kB/s)
[INFO] Downloading from central: https://repo.maven.apache.org/maven2/javax/servlet/javax.servlet-api/3.1-b06/javax.servlet-api-3.1-b06.pom
[INFO] Downloaded from central: https://repo.maven.apache.org/maven2/javax/servlet/javax.servlet-api/3.1-b06/javax.servlet-api-3.1-b06.pom (13 kB at 34 kB/s)
[INFO] Downloading from central: https://repo.maven.apache.org/maven2/javax/servlet/javax.servlet-api/3.1-b07/javax.servlet-api-3.1-b07.pom
[INFO] Downloaded from central: https://repo.maven.apache.org/maven2/javax/servlet/javax.servlet-api/3.1-b07/javax.servlet-api-3.1-b07.pom (13 kB at 35 kB/s)
[INFO] Downloading from central: https://repo.maven.apache.org/maven2/javax/servlet/javax.servlet-api/3.1-b08/javax.servlet-api-3.1-b08.pom
[INFO] Downloaded from central: https://repo.maven.apache.org/maven2/javax/servlet/javax.servlet-api/3.1-b08/javax.servlet-api-3.1-b08.pom (14 kB at 35 kB/s)
[INFO] Downloading from central: https://repo.maven.apache.org/maven2/javax/servlet/javax.servlet-api/3.1-b09/javax.servlet-api-3.1-b09.pom
[INFO] Downloaded from central: https://repo.maven.apache.org/maven2/javax/servlet/javax.servlet-api/3.1-b09/javax.servlet-api-3.1-b09.pom (14 kB at 35 kB/s)
[INFO] Downloading from central: https://repo.maven.apache.org/maven2/javax/servlet/javax.servlet-api/4.0.0-b01/javax.servlet-api-4.0.0-b01.pom
[INFO] Downloaded from central: https://repo.maven.apache.org/maven2/javax/servlet/javax.servlet-api/4.0.0-b01/javax.servlet-api-4.0.0-b01.pom (14 kB at 36 kB/s)
[INFO] Downloading from central: https://repo.maven.apache.org/maven2/javax/servlet/javax.servlet-api/4.0.0-b02/javax.servlet-api-4.0.0-b02.pom
[INFO] Downloaded from central: https://repo.maven.apache.org/maven2/javax/servlet/javax.servlet-api/4.0.0-b02/javax.servlet-api-4.0.0-b02.pom (15 kB at 39 kB/s)
[INFO] Downloading from central: https://repo.maven.apache.org/maven2/javax/servlet/javax.servlet-api/4.0.0-b03/javax.servlet-api-4.0.0-b03.pom
[INFO] Downloaded from central: https://repo.maven.apache.org/maven2/javax/servlet/javax.servlet-api/4.0.0-b03/javax.servlet-api-4.0.0-b03.pom (15 kB at 39 kB/s)
[INFO] Downloading from central: https://repo.maven.apache.org/maven2/javax/servlet/javax.servlet-api/4.0.0-b04/javax.servlet-api-4.0.0-b04.pom
[INFO] Downloaded from central: https://repo.maven.apache.org/maven2/javax/servlet/javax.servlet-api/4.0.0-b04/javax.servlet-api-4.0.0-b04.pom (15 kB at 39 kB/s)
[INFO] Downloading from central: https://repo.maven.apache.org/maven2/javax/servlet/javax.servlet-api/4.0.0-b05/javax.servlet-api-4.0.0-b05.pom
[INFO] Downloaded from central: https://repo.maven.apache.org/maven2/javax/servlet/javax.servlet-api/4.0.0-b05/javax.servlet-api-4.0.0-b05.pom (15 kB at 40 kB/s)
[INFO] Downloading from central: https://repo.maven.apache.org/maven2/javax/servlet/javax.servlet-api/4.0.0-b06/javax.servlet-api-4.0.0-b06.pom
[INFO] Downloaded from central: https://repo.maven.apache.org/maven2/javax/servlet/javax.servlet-api/4.0.0-b06/javax.servlet-api-4.0.0-b06.pom (15 kB at 38 kB/s)
[INFO] Downloading from central: https://repo.maven.apache.org/maven2/javax/servlet/javax.servlet-api/4.0.0-b07/javax.servlet-api-4.0.0-b07.pom
[INFO] Downloaded from central: https://repo.maven.apache.org/maven2/javax/servlet/javax.servlet-api/4.0.0-b07/javax.servlet-api-4.0.0-b07.pom (15 kB at 38 kB/s)
[INFO] Downloading from central: https://repo.maven.apache.org/maven2/javax/servlet/javax.servlet-api/4.0.1/javax.servlet-api-4.0.1.pom
[INFO] Downloaded from central: https://repo.maven.apache.org/maven2/javax/servlet/javax.servlet-api/4.0.1/javax.servlet-api-4.0.1.pom (0 B at 0 B/s)
[INFO] Downloading from sonatype-nexus-snapshots: https://oss.sonatype.org/content/repositories/snapshots/javax/websocket/javax.websocket-api/maven-metadata.xml
[INFO] Downloading from central: https://repo.maven.apache.org/maven2/javax/websocket/javax.websocket-api/maven-metadata.xml
[INFO] Downloaded from central: https://repo.maven.apache.org/maven2/javax/websocket/javax.websocket-api/maven-metadata.xml (748 B at 2.1 kB/s)
[INFO] Downloading from central: https://repo.maven.apache.org/maven2/javax/servlet/javax.servlet-api/4.0.1/javax.servlet-api-4.0.1.jar
[INFO] Downloaded from central: https://repo.maven.apache.org/maven2/javax/servlet/javax.servlet-api/4.0.1/javax.servlet-api-4.0.1.jar (0 B at 0 B/s)
[INFO] 
[INFO] --- maven-clean-plugin:2.5:clean (default-clean) @ hprose-java ---
[INFO] Deleting /home/codegex/Documents/workspace/rbugs/experiment/top100repos/hprose-java/target
[INFO] 
[INFO] --- maven-enforcer-plugin:1.2:enforce (enforce-maven) @ hprose-java ---
[INFO] 
[INFO] --- maven-resources-plugin:2.6:resources (default-resources) @ hprose-java ---
[INFO] Using 'UTF-8' encoding to copy filtered resources.
[INFO] skip non existing resourceDirectory /home/codegex/Documents/workspace/rbugs/experiment/top100repos/hprose-java/src/main/resources
[INFO] 
[INFO] --- maven-compiler-plugin:3.1:compile (default-compile) @ hprose-java ---
[INFO] Changes detected - recompiling the module!
[INFO] Compiling 323 source files to /home/codegex/Documents/workspace/rbugs/experiment/top100repos/hprose-java/target/classes
[WARNING] /home/codegex/Documents/workspace/rbugs/experiment/top100repos/hprose-java/src/main/java/hprose/io/ByteBufferStream.java:[23,18] sun.nio.ch.DirectBuffer is internal proprietary API and may be removed in a future release
[WARNING] /home/codegex/Documents/workspace/rbugs/experiment/top100repos/hprose-java/src/main/java/hprose/io/ByteBufferStream.java:[84,19] sun.nio.ch.DirectBuffer is internal proprietary API and may be removed in a future release
[WARNING] /home/codegex/Documents/workspace/rbugs/experiment/top100repos/hprose-java/src/main/java/hprose/io/access/Accessors.java:[37,28] sun.misc.Unsafe is internal proprietary API and may be removed in a future release
[WARNING] /home/codegex/Documents/workspace/rbugs/experiment/top100repos/hprose-java/src/main/java/hprose/io/access/Accessors.java:[39,28] sun.misc.Unsafe is internal proprietary API and may be removed in a future release
[WARNING] /home/codegex/Documents/workspace/rbugs/experiment/top100repos/hprose-java/src/main/java/hprose/io/access/Accessors.java:[43,27] sun.misc.Unsafe is internal proprietary API and may be removed in a future release
[WARNING] /home/codegex/Documents/workspace/rbugs/experiment/top100repos/hprose-java/src/main/java/hprose/io/access/Accessors.java:[43,48] sun.misc.Unsafe is internal proprietary API and may be removed in a future release
[WARNING] /home/codegex/Documents/workspace/rbugs/experiment/top100repos/hprose-java/src/main/java/hprose/io/access/Accessors.java:[56,26] sun.misc.Unsafe is internal proprietary API and may be removed in a future release
[INFO] 
[INFO] --- maven-resources-plugin:2.6:testResources (default-testResources) @ hprose-java ---
[INFO] Using 'UTF-8' encoding to copy filtered resources.
[INFO] skip non existing resourceDirectory /home/codegex/Documents/workspace/rbugs/experiment/top100repos/hprose-java/src/test/resources
[INFO] 
[INFO] --- maven-compiler-plugin:3.1:testCompile (default-testCompile) @ hprose-java ---
[INFO] No sources to compile
[INFO] 
[INFO] --- maven-surefire-plugin:2.12.4:test (default-test) @ hprose-java ---
[INFO] Tests are skipped.
[INFO] 
[INFO] --- maven-jar-plugin:2.4:jar (default-jar) @ hprose-java ---
[INFO] Building jar: /home/codegex/Documents/workspace/rbugs/experiment/top100repos/hprose-java/target/hprose-java-2.0.38.jar
[INFO] 
[INFO] --- maven-install-plugin:2.4:install (default-install) @ hprose-java ---
[INFO] Installing /home/codegex/Documents/workspace/rbugs/experiment/top100repos/hprose-java/target/hprose-java-2.0.38.jar to /home/codegex/.m2/repository/org/hprose/hprose-java/2.0.38/hprose-java-2.0.38.jar
[INFO] Installing /home/codegex/Documents/workspace/rbugs/experiment/top100repos/hprose-java/pom.xml to /home/codegex/.m2/repository/org/hprose/hprose-java/2.0.38/hprose-java-2.0.38.pom
[INFO] 
[INFO] --- maven-dependency-plugin:2.8:purge-local-repository (default-cli) @ hprose-java ---
[INFO] artifact javax.servlet:javax.servlet-api: checking for updates from central
[INFO] artifact javax.websocket:javax.websocket-api: checking for updates from central
[INFO] Downloading from central: https://repo.maven.apache.org/maven2/javax/servlet/javax.servlet-api/4.0.1/javax.servlet-api-4.0.1.pom
[INFO] Downloaded from central: https://repo.maven.apache.org/maven2/javax/servlet/javax.servlet-api/4.0.1/javax.servlet-api-4.0.1.pom (16 kB at 35 kB/s)
[INFO] Downloading from central: https://repo.maven.apache.org/maven2/javax/websocket/javax.websocket-api/1.1/javax.websocket-api-1.1.pom
[INFO] Downloaded from central: https://repo.maven.apache.org/maven2/javax/websocket/javax.websocket-api/1.1/javax.websocket-api-1.1.pom (8.4 kB at 16 kB/s)
[INFO] Downloading from central: https://repo.maven.apache.org/maven2/junit/junit/4.13.1/junit-4.13.1.pom
[INFO] Downloaded from central: https://repo.maven.apache.org/maven2/junit/junit/4.13.1/junit-4.13.1.pom (25 kB at 58 kB/s)
[INFO] Downloading from central: https://repo.maven.apache.org/maven2/org/hamcrest/hamcrest-core/1.3/hamcrest-core-1.3.pom
[INFO] Downloaded from central: https://repo.maven.apache.org/maven2/org/hamcrest/hamcrest-core/1.3/hamcrest-core-1.3.pom (766 B at 2.1 kB/s)
[INFO] Downloading from central: https://repo.maven.apache.org/maven2/javax/servlet/javax.servlet-api/4.0.1/javax.servlet-api-4.0.1.jar
[INFO] Downloaded from central: https://repo.maven.apache.org/maven2/javax/servlet/javax.servlet-api/4.0.1/javax.servlet-api-4.0.1.jar (96 kB at 162 kB/s)
[INFO] Downloading from central: https://repo.maven.apache.org/maven2/javax/websocket/javax.websocket-api/1.1/javax.websocket-api-1.1.jar
[INFO] Downloaded from central: https://repo.maven.apache.org/maven2/javax/websocket/javax.websocket-api/1.1/javax.websocket-api-1.1.jar (37 kB at 96 kB/s)
[INFO] Downloading from central: https://repo.maven.apache.org/maven2/junit/junit/4.13.1/junit-4.13.1.jar
[INFO] Downloaded from central: https://repo.maven.apache.org/maven2/junit/junit/4.13.1/junit-4.13.1.jar (383 kB at 598 kB/s)
[INFO] Downloading from central: https://repo.maven.apache.org/maven2/org/hamcrest/hamcrest-core/1.3/hamcrest-core-1.3.jar
[INFO] Downloaded from central: https://repo.maven.apache.org/maven2/org/hamcrest/hamcrest-core/1.3/hamcrest-core-1.3.jar (45 kB at 122 kB/s)
[INFO] ------------------------------------------------------------------------
[INFO] BUILD SUCCESS
[INFO] ------------------------------------------------------------------------
[INFO] Total time:  16.142 s
[INFO] Finished at: 2021-03-28T10:34:43+08:00
[INFO] ------------------------------------------------------------------------
WARNING: An illegal reflective access operation has occurred
WARNING: Illegal reflective access by com.google.inject.internal.cglib.core.$ReflectUtils$1 (file:/usr/share/maven/lib/guice.jar) to method java.lang.ClassLoader.defineClass(java.lang.String,byte[],int,int,java.security.ProtectionDomain)
WARNING: Please consider reporting this to the maintainers of com.google.inject.internal.cglib.core.$ReflectUtils$1
WARNING: Use --illegal-access=warn to enable warnings of further illegal reflective access operations
WARNING: All illegal access operations will be denied in a future release
