[INFO] Scanning for projects...
[INFO] Downloading from central: https://repo.maven.apache.org/maven2/org/apache/maven/plugins/maven-war-plugin/2.3/maven-war-plugin-2.3.pom
[INFO] Downloaded from central: https://repo.maven.apache.org/maven2/org/apache/maven/plugins/maven-war-plugin/2.3/maven-war-plugin-2.3.pom (7.9 kB at 6.6 kB/s)
[INFO] Downloading from central: https://repo.maven.apache.org/maven2/org/apache/maven/plugins/maven-war-plugin/2.3/maven-war-plugin-2.3.jar
[INFO] Downloaded from central: https://repo.maven.apache.org/maven2/org/apache/maven/plugins/maven-war-plugin/2.3/maven-war-plugin-2.3.jar (83 kB at 137 kB/s)
[WARNING] The POM for com.github.spotbugs:spotbugs-maven-plugin:jar:4.1.4-ZY is missing, no dependency information available
[WARNING] Failed to retrieve plugin descriptor for com.github.spotbugs:spotbugs-maven-plugin:4.1.4-ZY: Plugin com.github.spotbugs:spotbugs-maven-plugin:4.1.4-ZY or one of its dependencies could not be resolved: Failure to find com.github.spotbugs:spotbugs-maven-plugin:jar:4.1.4-ZY in https://repo.maven.apache.org/maven2 was cached in the local repository, resolution will not be reattempted until the update interval of central has elapsed or updates are forced
[INFO] 
[INFO] ------------------< org.glassfish:javaee-javascript >-------------------
[INFO] Building javaee-javascript 1.0-SNAPSHOT
[INFO] --------------------------------[ war ]---------------------------------
[WARNING] The POM for com.github.spotbugs:spotbugs-maven-plugin:jar:4.1.4-ZY is missing, no dependency information available
[WARNING] Failed to retrieve plugin descriptor for com.github.spotbugs:spotbugs-maven-plugin:4.1.4-ZY: Plugin com.github.spotbugs:spotbugs-maven-plugin:4.1.4-ZY or one of its dependencies could not be resolved: Failure to find com.github.spotbugs:spotbugs-maven-plugin:jar:4.1.4-ZY in https://repo.maven.apache.org/maven2 was cached in the local repository, resolution will not be reattempted until the update interval of central has elapsed or updates are forced
[INFO] Downloading from central: https://repo.maven.apache.org/maven2/org/glassfish/jersey/containers/jersey-container-servlet-core/2.0/jersey-container-servlet-core-2.0.pom
[INFO] Downloaded from central: https://repo.maven.apache.org/maven2/org/glassfish/jersey/containers/jersey-container-servlet-core/2.0/jersey-container-servlet-core-2.0.pom (4.8 kB at 13 kB/s)
[INFO] Downloading from central: https://repo.maven.apache.org/maven2/org/glassfish/jersey/containers/project/2.0/project-2.0.pom
[INFO] Downloaded from central: https://repo.maven.apache.org/maven2/org/glassfish/jersey/containers/project/2.0/project-2.0.pom (3.7 kB at 10 kB/s)
[INFO] Downloading from central: https://repo.maven.apache.org/maven2/org/glassfish/jersey/project/2.0/project-2.0.pom
[INFO] Downloaded from central: https://repo.maven.apache.org/maven2/org/glassfish/jersey/project/2.0/project-2.0.pom (48 kB at 121 kB/s)
[INFO] Downloading from central: https://repo.maven.apache.org/maven2/org/glassfish/hk2/hk2-bom/2.1.88/hk2-bom-2.1.88.pom
[INFO] Downloaded from central: https://repo.maven.apache.org/maven2/org/glassfish/hk2/hk2-bom/2.1.88/hk2-bom-2.1.88.pom (14 kB at 37 kB/s)
[INFO] Downloading from central: https://repo.maven.apache.org/maven2/org/glassfish/hk2/external/javax.inject/2.1.88/javax.inject-2.1.88.pom
[INFO] Downloaded from central: https://repo.maven.apache.org/maven2/org/glassfish/hk2/external/javax.inject/2.1.88/javax.inject-2.1.88.pom (8.3 kB at 22 kB/s)
[INFO] Downloading from central: https://repo.maven.apache.org/maven2/org/glassfish/hk2/external/2.1.88/external-2.1.88.pom
[INFO] Downloaded from central: https://repo.maven.apache.org/maven2/org/glassfish/hk2/external/2.1.88/external-2.1.88.pom (2.9 kB at 8.0 kB/s)
[INFO] Downloading from central: https://repo.maven.apache.org/maven2/org/glassfish/hk2/hk2-public/2.1.88/hk2-public-2.1.88.pom
[INFO] Downloaded from central: https://repo.maven.apache.org/maven2/org/glassfish/hk2/hk2-public/2.1.88/hk2-public-2.1.88.pom (4.0 kB at 11 kB/s)
[INFO] Downloading from central: https://repo.maven.apache.org/maven2/org/glassfish/hk2/hk2-parent/2.1.88/hk2-parent-2.1.88.pom
[INFO] Downloaded from central: https://repo.maven.apache.org/maven2/org/glassfish/hk2/hk2-parent/2.1.88/hk2-parent-2.1.88.pom (16 kB at 42 kB/s)
[INFO] Downloading from central: https://repo.maven.apache.org/maven2/org/glassfish/jersey/core/jersey-server/2.0/jersey-server-2.0.pom
[INFO] Downloaded from central: https://repo.maven.apache.org/maven2/org/glassfish/jersey/core/jersey-server/2.0/jersey-server-2.0.pom (6.6 kB at 18 kB/s)
[INFO] Downloading from central: https://repo.maven.apache.org/maven2/org/glassfish/jersey/core/jersey-common/2.0/jersey-common-2.0.pom
[INFO] Downloaded from central: https://repo.maven.apache.org/maven2/org/glassfish/jersey/core/jersey-common/2.0/jersey-common-2.0.pom (6.4 kB at 17 kB/s)
[INFO] Downloading from central: https://repo.maven.apache.org/maven2/org/glassfish/hk2/hk2-api/2.1.88/hk2-api-2.1.88.pom
[INFO] Downloaded from central: https://repo.maven.apache.org/maven2/org/glassfish/hk2/hk2-api/2.1.88/hk2-api-2.1.88.pom (4.3 kB at 12 kB/s)
[INFO] Downloading from central: https://repo.maven.apache.org/maven2/org/glassfish/hk2/hk2-utils/2.1.88/hk2-utils-2.1.88.pom
[INFO] Downloaded from central: https://repo.maven.apache.org/maven2/org/glassfish/hk2/hk2-utils/2.1.88/hk2-utils-2.1.88.pom (5.5 kB at 15 kB/s)
[INFO] Downloading from central: https://repo.maven.apache.org/maven2/org/glassfish/hk2/hk2-locator/2.1.88/hk2-locator-2.1.88.pom
[INFO] Downloaded from central: https://repo.maven.apache.org/maven2/org/glassfish/hk2/hk2-locator/2.1.88/hk2-locator-2.1.88.pom (6.2 kB at 17 kB/s)
[INFO] Downloading from central: https://repo.maven.apache.org/maven2/org/glassfish/hk2/hk2-kernel-parent/2.1.88/hk2-kernel-parent-2.1.88.pom
[INFO] Downloaded from central: https://repo.maven.apache.org/maven2/org/glassfish/hk2/hk2-kernel-parent/2.1.88/hk2-kernel-parent-2.1.88.pom (5.5 kB at 15 kB/s)
[INFO] Downloading from central: https://repo.maven.apache.org/maven2/org/glassfish/hk2/external/asm-all-repackaged/2.1.88/asm-all-repackaged-2.1.88.pom
[INFO] Downloaded from central: https://repo.maven.apache.org/maven2/org/glassfish/hk2/external/asm-all-repackaged/2.1.88/asm-all-repackaged-2.1.88.pom (8.7 kB at 23 kB/s)
[INFO] Downloading from central: https://repo.maven.apache.org/maven2/org/glassfish/hk2/external/cglib/2.1.88/cglib-2.1.88.pom
[INFO] Downloaded from central: https://repo.maven.apache.org/maven2/org/glassfish/hk2/external/cglib/2.1.88/cglib-2.1.88.pom (9.7 kB at 26 kB/s)
[INFO] Downloading from central: https://repo.maven.apache.org/maven2/org/glassfish/jersey/core/jersey-client/2.0/jersey-client-2.0.pom
[INFO] Downloaded from central: https://repo.maven.apache.org/maven2/org/glassfish/jersey/core/jersey-client/2.0/jersey-client-2.0.pom (4.6 kB at 13 kB/s)
[INFO] Downloading from central: https://repo.maven.apache.org/maven2/org/glassfish/jersey/media/jersey-media-moxy/2.2/jersey-media-moxy-2.2.pom
[INFO] Downloaded from central: https://repo.maven.apache.org/maven2/org/glassfish/jersey/media/jersey-media-moxy/2.2/jersey-media-moxy-2.2.pom (5.5 kB at 15 kB/s)
[INFO] Downloading from central: https://repo.maven.apache.org/maven2/org/glassfish/jersey/media/project/2.2/project-2.2.pom
[INFO] Downloaded from central: https://repo.maven.apache.org/maven2/org/glassfish/jersey/media/project/2.2/project-2.2.pom (2.9 kB at 8.1 kB/s)
[INFO] Downloading from central: https://repo.maven.apache.org/maven2/org/glassfish/jersey/project/2.2/project-2.2.pom
[INFO] Downloaded from central: https://repo.maven.apache.org/maven2/org/glassfish/jersey/project/2.2/project-2.2.pom (50 kB at 103 kB/s)
[INFO] Downloading from central: https://repo.maven.apache.org/maven2/org/glassfish/hk2/hk2-bom/2.2.0-b14/hk2-bom-2.2.0-b14.pom
[INFO] Downloaded from central: https://repo.maven.apache.org/maven2/org/glassfish/hk2/hk2-bom/2.2.0-b14/hk2-bom-2.2.0-b14.pom (16 kB at 43 kB/s)
[INFO] Downloading from central: https://repo.maven.apache.org/maven2/org/glassfish/jersey/core/jersey-common/2.2/jersey-common-2.2.pom
[INFO] Downloaded from central: https://repo.maven.apache.org/maven2/org/glassfish/jersey/core/jersey-common/2.2/jersey-common-2.2.pom (6.9 kB at 19 kB/s)
[INFO] Downloading from central: https://repo.maven.apache.org/maven2/org/glassfish/hk2/hk2-api/2.2.0-b14/hk2-api-2.2.0-b14.pom
[INFO] Downloaded from central: https://repo.maven.apache.org/maven2/org/glassfish/hk2/hk2-api/2.2.0-b14/hk2-api-2.2.0-b14.pom (4.9 kB at 13 kB/s)
[INFO] Downloading from central: https://repo.maven.apache.org/maven2/org/glassfish/hk2/hk2-public/2.2.0-b14/hk2-public-2.2.0-b14.pom
[INFO] Downloaded from central: https://repo.maven.apache.org/maven2/org/glassfish/hk2/hk2-public/2.2.0-b14/hk2-public-2.2.0-b14.pom (4.0 kB at 11 kB/s)
[INFO] Downloading from central: https://repo.maven.apache.org/maven2/org/glassfish/hk2/hk2-parent/2.2.0-b14/hk2-parent-2.2.0-b14.pom
[INFO] Downloaded from central: https://repo.maven.apache.org/maven2/org/glassfish/hk2/hk2-parent/2.2.0-b14/hk2-parent-2.2.0-b14.pom (19 kB at 50 kB/s)
[INFO] Downloading from central: https://repo.maven.apache.org/maven2/org/glassfish/hk2/hk2-utils/2.2.0-b14/hk2-utils-2.2.0-b14.pom
[INFO] Downloaded from central: https://repo.maven.apache.org/maven2/org/glassfish/hk2/hk2-utils/2.2.0-b14/hk2-utils-2.2.0-b14.pom (5.5 kB at 15 kB/s)
[INFO] Downloading from central: https://repo.maven.apache.org/maven2/org/glassfish/hk2/external/javax.inject/2.2.0-b14/javax.inject-2.2.0-b14.pom
[INFO] Downloaded from central: https://repo.maven.apache.org/maven2/org/glassfish/hk2/external/javax.inject/2.2.0-b14/javax.inject-2.2.0-b14.pom (6.9 kB at 19 kB/s)
[INFO] Downloading from central: https://repo.maven.apache.org/maven2/org/glassfish/hk2/external/2.2.0-b14/external-2.2.0-b14.pom
[INFO] Downloaded from central: https://repo.maven.apache.org/maven2/org/glassfish/hk2/external/2.2.0-b14/external-2.2.0-b14.pom (3.0 kB at 8.2 kB/s)
[INFO] Downloading from central: https://repo.maven.apache.org/maven2/org/glassfish/hk2/hk2-locator/2.2.0-b14/hk2-locator-2.2.0-b14.pom
[INFO] Downloaded from central: https://repo.maven.apache.org/maven2/org/glassfish/hk2/hk2-locator/2.2.0-b14/hk2-locator-2.2.0-b14.pom (6.2 kB at 17 kB/s)
[INFO] Downloading from central: https://repo.maven.apache.org/maven2/org/glassfish/hk2/hk2-kernel-parent/2.2.0-b14/hk2-kernel-parent-2.2.0-b14.pom
[INFO] Downloaded from central: https://repo.maven.apache.org/maven2/org/glassfish/hk2/hk2-kernel-parent/2.2.0-b14/hk2-kernel-parent-2.2.0-b14.pom (5.6 kB at 15 kB/s)
[INFO] Downloading from central: https://repo.maven.apache.org/maven2/org/glassfish/hk2/external/asm-all-repackaged/2.2.0-b14/asm-all-repackaged-2.2.0-b14.pom
[INFO] Downloaded from central: https://repo.maven.apache.org/maven2/org/glassfish/hk2/external/asm-all-repackaged/2.2.0-b14/asm-all-repackaged-2.2.0-b14.pom (7.4 kB at 20 kB/s)
[INFO] Downloading from central: https://repo.maven.apache.org/maven2/org/glassfish/hk2/external/cglib/2.2.0-b14/cglib-2.2.0-b14.pom
[INFO] Downloaded from central: https://repo.maven.apache.org/maven2/org/glassfish/hk2/external/cglib/2.2.0-b14/cglib-2.2.0-b14.pom (9.2 kB at 25 kB/s)
[INFO] Downloading from central: https://repo.maven.apache.org/maven2/org/eclipse/persistence/org.eclipse.persistence.moxy/2.5.0/org.eclipse.persistence.moxy-2.5.0.pom
[INFO] Downloaded from central: https://repo.maven.apache.org/maven2/org/eclipse/persistence/org.eclipse.persistence.moxy/2.5.0/org.eclipse.persistence.moxy-2.5.0.pom (2.9 kB at 8.0 kB/s)
[INFO] Downloading from central: https://repo.maven.apache.org/maven2/org/eclipse/persistence/org.eclipse.persistence.core/2.5.0/org.eclipse.persistence.core-2.5.0.pom
[INFO] Downloaded from central: https://repo.maven.apache.org/maven2/org/eclipse/persistence/org.eclipse.persistence.core/2.5.0/org.eclipse.persistence.core-2.5.0.pom (2.7 kB at 7.4 kB/s)
[INFO] Downloading from central: https://repo.maven.apache.org/maven2/org/eclipse/persistence/org.eclipse.persistence.asm/2.5.0/org.eclipse.persistence.asm-2.5.0.pom
[INFO] Downloaded from central: https://repo.maven.apache.org/maven2/org/eclipse/persistence/org.eclipse.persistence.asm/2.5.0/org.eclipse.persistence.asm-2.5.0.pom (2.4 kB at 6.7 kB/s)
[INFO] Downloading from central: https://repo.maven.apache.org/maven2/org/eclipse/persistence/org.eclipse.persistence.antlr/2.5.0/org.eclipse.persistence.antlr-2.5.0.pom
[INFO] Downloaded from central: https://repo.maven.apache.org/maven2/org/eclipse/persistence/org.eclipse.persistence.antlr/2.5.0/org.eclipse.persistence.antlr-2.5.0.pom (2.5 kB at 6.8 kB/s)
[INFO] Downloading from central: https://repo.maven.apache.org/maven2/org/glassfish/jersey/containers/jersey-container-servlet-core/2.0/jersey-container-servlet-core-2.0.jar
[INFO] Downloading from central: https://repo.maven.apache.org/maven2/org/glassfish/jersey/core/jersey-server/2.0/jersey-server-2.0.jar
[INFO] Downloading from central: https://repo.maven.apache.org/maven2/org/glassfish/hk2/hk2-api/2.1.88/hk2-api-2.1.88.jar
[INFO] Downloading from central: https://repo.maven.apache.org/maven2/org/glassfish/hk2/external/javax.inject/2.1.88/javax.inject-2.1.88.jar
[INFO] Downloading from central: https://repo.maven.apache.org/maven2/org/glassfish/jersey/core/jersey-client/2.0/jersey-client-2.0.jar
[INFO] Downloaded from central: https://repo.maven.apache.org/maven2/org/glassfish/jersey/containers/jersey-container-servlet-core/2.0/jersey-container-servlet-core-2.0.jar (51 kB at 125 kB/s)
[INFO] Downloading from central: https://repo.maven.apache.org/maven2/org/glassfish/hk2/hk2-utils/2.1.88/hk2-utils-2.1.88.jar
[INFO] Downloaded from central: https://repo.maven.apache.org/maven2/org/glassfish/hk2/external/javax.inject/2.1.88/javax.inject-2.1.88.jar (6.6 kB at 8.7 kB/s)
[INFO] Downloading from central: https://repo.maven.apache.org/maven2/org/glassfish/hk2/hk2-locator/2.1.88/hk2-locator-2.1.88.jar
[INFO] Downloaded from central: https://repo.maven.apache.org/maven2/org/glassfish/hk2/hk2-utils/2.1.88/hk2-utils-2.1.88.jar (52 kB at 65 kB/s)
[INFO] Downloading from central: https://repo.maven.apache.org/maven2/org/glassfish/hk2/external/asm-all-repackaged/2.1.88/asm-all-repackaged-2.1.88.jar
[INFO] Downloaded from central: https://repo.maven.apache.org/maven2/org/glassfish/hk2/hk2-api/2.1.88/hk2-api-2.1.88.jar (113 kB at 103 kB/s)
[INFO] Downloading from central: https://repo.maven.apache.org/maven2/org/glassfish/hk2/external/cglib/2.1.88/cglib-2.1.88.jar
[INFO] Downloaded from central: https://repo.maven.apache.org/maven2/org/glassfish/jersey/core/jersey-client/2.0/jersey-client-2.0.jar (115 kB at 104 kB/s)
[INFO] Downloading from central: https://repo.maven.apache.org/maven2/org/glassfish/jersey/core/jersey-common/2.0/jersey-common-2.0.jar
[INFO] Downloaded from central: https://repo.maven.apache.org/maven2/org/glassfish/hk2/external/asm-all-repackaged/2.1.88/asm-all-repackaged-2.1.88.jar (310 kB at 216 kB/s)
[INFO] Downloading from central: https://repo.maven.apache.org/maven2/org/glassfish/jersey/media/jersey-media-moxy/2.2/jersey-media-moxy-2.2.jar
[INFO] Downloaded from central: https://repo.maven.apache.org/maven2/org/glassfish/hk2/hk2-locator/2.1.88/hk2-locator-2.1.88.jar (126 kB at 84 kB/s)
[INFO] Downloading from central: https://repo.maven.apache.org/maven2/org/eclipse/persistence/org.eclipse.persistence.moxy/2.5.0/org.eclipse.persistence.moxy-2.5.0.jar
[INFO] Downloaded from central: https://repo.maven.apache.org/maven2/org/glassfish/jersey/core/jersey-server/2.0/jersey-server-2.0.jar (696 kB at 459 kB/s)
[INFO] Downloading from central: https://repo.maven.apache.org/maven2/org/eclipse/persistence/org.eclipse.persistence.core/2.5.0/org.eclipse.persistence.core-2.5.0.jar
[INFO] Downloaded from central: https://repo.maven.apache.org/maven2/org/glassfish/hk2/external/cglib/2.1.88/cglib-2.1.88.jar (283 kB at 164 kB/s)
[INFO] Downloading from central: https://repo.maven.apache.org/maven2/org/eclipse/persistence/org.eclipse.persistence.asm/2.5.0/org.eclipse.persistence.asm-2.5.0.jar
[INFO] Downloaded from central: https://repo.maven.apache.org/maven2/org/glassfish/jersey/media/jersey-media-moxy/2.2/jersey-media-moxy-2.2.jar (16 kB at 8.3 kB/s)
[INFO] Downloading from central: https://repo.maven.apache.org/maven2/org/eclipse/persistence/org.eclipse.persistence.antlr/2.5.0/org.eclipse.persistence.antlr-2.5.0.jar
[INFO] Downloaded from central: https://repo.maven.apache.org/maven2/org/glassfish/jersey/core/jersey-common/2.0/jersey-common-2.0.jar (582 kB at 307 kB/s)
[INFO] Downloaded from central: https://repo.maven.apache.org/maven2/org/eclipse/persistence/org.eclipse.persistence.asm/2.5.0/org.eclipse.persistence.asm-2.5.0.jar (271 kB at 126 kB/s)
[INFO] Downloaded from central: https://repo.maven.apache.org/maven2/org/eclipse/persistence/org.eclipse.persistence.moxy/2.5.0/org.eclipse.persistence.moxy-2.5.0.jar (488 kB at 217 kB/s)
[INFO] Downloaded from central: https://repo.maven.apache.org/maven2/org/eclipse/persistence/org.eclipse.persistence.antlr/2.5.0/org.eclipse.persistence.antlr-2.5.0.jar (190 kB at 83 kB/s)
[INFO] Downloaded from central: https://repo.maven.apache.org/maven2/org/eclipse/persistence/org.eclipse.persistence.core/2.5.0/org.eclipse.persistence.core-2.5.0.jar (5.0 MB at 1.0 MB/s)
[INFO] 
[INFO] --- maven-clean-plugin:2.5:clean (default-clean) @ javaee-javascript ---
[INFO] Deleting /home/codegex/Documents/workspace/rbugs/experiment/top100repos/javaee-javascript/target
[INFO] 
[INFO] --- maven-resources-plugin:2.6:resources (default-resources) @ javaee-javascript ---
[INFO] Using 'UTF-8' encoding to copy filtered resources.
[INFO] Copying 4 resources
[INFO] 
[INFO] --- maven-compiler-plugin:3.1:compile (default-compile) @ javaee-javascript ---
[INFO] Changes detected - recompiling the module!
[INFO] Compiling 10 source files to /home/codegex/Documents/workspace/rbugs/experiment/top100repos/javaee-javascript/target/classes
[WARNING] /home/codegex/Documents/workspace/rbugs/experiment/top100repos/javaee-javascript/src/main/java/org/glassfish/javaee/javascript/backend/todo/RestConfiguration.java: /home/codegex/Documents/workspace/rbugs/experiment/top100repos/javaee-javascript/src/main/java/org/glassfish/javaee/javascript/backend/todo/RestConfiguration.java uses unchecked or unsafe operations.
[WARNING] /home/codegex/Documents/workspace/rbugs/experiment/top100repos/javaee-javascript/src/main/java/org/glassfish/javaee/javascript/backend/todo/RestConfiguration.java: Recompile with -Xlint:unchecked for details.
[INFO] 
[INFO] --- maven-resources-plugin:2.6:testResources (default-testResources) @ javaee-javascript ---
[INFO] Using 'UTF-8' encoding to copy filtered resources.
[INFO] skip non existing resourceDirectory /home/codegex/Documents/workspace/rbugs/experiment/top100repos/javaee-javascript/src/test/resources
[INFO] 
[INFO] --- maven-compiler-plugin:3.1:testCompile (default-testCompile) @ javaee-javascript ---
[INFO] No sources to compile
[INFO] 
[INFO] --- maven-surefire-plugin:2.12.4:test (default-test) @ javaee-javascript ---
[INFO] Tests are skipped.
[INFO] 
[INFO] --- maven-war-plugin:2.3:war (default-war) @ javaee-javascript ---
[INFO] Downloading from central: https://repo.maven.apache.org/maven2/org/codehaus/plexus/plexus-io/2.0.5/plexus-io-2.0.5.pom
[INFO] Downloaded from central: https://repo.maven.apache.org/maven2/org/codehaus/plexus/plexus-io/2.0.5/plexus-io-2.0.5.pom (2.2 kB at 6.0 kB/s)
[INFO] Downloading from central: https://repo.maven.apache.org/maven2/com/thoughtworks/xstream/xstream/1.4.3/xstream-1.4.3.pom
[INFO] Downloaded from central: https://repo.maven.apache.org/maven2/com/thoughtworks/xstream/xstream/1.4.3/xstream-1.4.3.pom (8.6 kB at 23 kB/s)
[INFO] Downloading from central: https://repo.maven.apache.org/maven2/com/thoughtworks/xstream/xstream-parent/1.4.3/xstream-parent-1.4.3.pom
[INFO] Downloaded from central: https://repo.maven.apache.org/maven2/com/thoughtworks/xstream/xstream-parent/1.4.3/xstream-parent-1.4.3.pom (19 kB at 50 kB/s)
[INFO] Downloading from central: https://repo.maven.apache.org/maven2/org/codehaus/plexus/plexus-io/2.0.5/plexus-io-2.0.5.jar
[INFO] Downloading from central: https://repo.maven.apache.org/maven2/com/thoughtworks/xstream/xstream/1.4.3/xstream-1.4.3.jar
[INFO] Downloaded from central: https://repo.maven.apache.org/maven2/org/codehaus/plexus/plexus-io/2.0.5/plexus-io-2.0.5.jar (58 kB at 135 kB/s)
[INFO] Downloaded from central: https://repo.maven.apache.org/maven2/com/thoughtworks/xstream/xstream/1.4.3/xstream-1.4.3.jar (482 kB at 863 kB/s)
[INFO] Packaging webapp
[INFO] Assembling webapp [javaee-javascript] in [/home/codegex/Documents/workspace/rbugs/experiment/top100repos/javaee-javascript/target/javaee-javascript]
[INFO] Processing war project
[INFO] Copying webapp resources [/home/codegex/Documents/workspace/rbugs/experiment/top100repos/javaee-javascript/src/main/webapp]
[INFO] Webapp assembled in [47 msecs]
[INFO] Building war: /home/codegex/Documents/workspace/rbugs/experiment/top100repos/javaee-javascript/target/javaee-javascript.war
[INFO] 
[INFO] --- maven-install-plugin:2.4:install (default-install) @ javaee-javascript ---
[INFO] Installing /home/codegex/Documents/workspace/rbugs/experiment/top100repos/javaee-javascript/target/javaee-javascript.war to /home/codegex/.m2/repository/org/glassfish/javaee-javascript/1.0-SNAPSHOT/javaee-javascript-1.0-SNAPSHOT.war
[INFO] Installing /home/codegex/Documents/workspace/rbugs/experiment/top100repos/javaee-javascript/pom.xml to /home/codegex/.m2/repository/org/glassfish/javaee-javascript/1.0-SNAPSHOT/javaee-javascript-1.0-SNAPSHOT.pom
[INFO] 
[INFO] --- maven-dependency-plugin:2.8:purge-local-repository (default-cli) @ javaee-javascript ---
[INFO] Downloading from central: https://repo.maven.apache.org/maven2/javax/javaee-api/7.0/javaee-api-7.0.pom
[INFO] Downloaded from central: https://repo.maven.apache.org/maven2/javax/javaee-api/7.0/javaee-api-7.0.pom (8.6 kB at 24 kB/s)
[INFO] Downloading from central: https://repo.maven.apache.org/maven2/com/sun/mail/javax.mail/1.5.0/javax.mail-1.5.0.pom
[INFO] Downloaded from central: https://repo.maven.apache.org/maven2/com/sun/mail/javax.mail/1.5.0/javax.mail-1.5.0.pom (4.3 kB at 12 kB/s)
[INFO] Downloading from central: https://repo.maven.apache.org/maven2/javax/activation/activation/1.1/activation-1.1.pom
[INFO] Downloaded from central: https://repo.maven.apache.org/maven2/javax/activation/activation/1.1/activation-1.1.pom (1.1 kB at 2.9 kB/s)
[INFO] Downloading from central: https://repo.maven.apache.org/maven2/org/glassfish/jersey/containers/jersey-container-servlet-core/2.0/jersey-container-servlet-core-2.0.pom
[INFO] Downloaded from central: https://repo.maven.apache.org/maven2/org/glassfish/jersey/containers/jersey-container-servlet-core/2.0/jersey-container-servlet-core-2.0.pom (4.8 kB at 13 kB/s)
[INFO] Downloading from central: https://repo.maven.apache.org/maven2/org/glassfish/hk2/external/javax.inject/2.1.88/javax.inject-2.1.88.pom
[INFO] Downloaded from central: https://repo.maven.apache.org/maven2/org/glassfish/hk2/external/javax.inject/2.1.88/javax.inject-2.1.88.pom (8.3 kB at 23 kB/s)
[INFO] Downloading from central: https://repo.maven.apache.org/maven2/org/glassfish/jersey/core/jersey-server/2.0/jersey-server-2.0.pom
[INFO] Downloaded from central: https://repo.maven.apache.org/maven2/org/glassfish/jersey/core/jersey-server/2.0/jersey-server-2.0.pom (6.6 kB at 18 kB/s)
[INFO] Downloading from central: https://repo.maven.apache.org/maven2/org/glassfish/jersey/core/jersey-common/2.0/jersey-common-2.0.pom
[INFO] Downloaded from central: https://repo.maven.apache.org/maven2/org/glassfish/jersey/core/jersey-common/2.0/jersey-common-2.0.pom (6.4 kB at 18 kB/s)
[INFO] Downloading from central: https://repo.maven.apache.org/maven2/javax/ws/rs/javax.ws.rs-api/2.0/javax.ws.rs-api-2.0.pom
[INFO] Downloaded from central: https://repo.maven.apache.org/maven2/javax/ws/rs/javax.ws.rs-api/2.0/javax.ws.rs-api-2.0.pom (20 kB at 55 kB/s)
[INFO] Downloading from central: https://repo.maven.apache.org/maven2/javax/annotation/javax.annotation-api/1.2/javax.annotation-api-1.2.pom
[INFO] Downloaded from central: https://repo.maven.apache.org/maven2/javax/annotation/javax.annotation-api/1.2/javax.annotation-api-1.2.pom (13 kB at 37 kB/s)
[INFO] Downloading from central: https://repo.maven.apache.org/maven2/com/google/guava/guava/14.0.1/guava-14.0.1.pom
[INFO] Downloaded from central: https://repo.maven.apache.org/maven2/com/google/guava/guava/14.0.1/guava-14.0.1.pom (5.4 kB at 15 kB/s)
[INFO] Downloading from central: https://repo.maven.apache.org/maven2/org/glassfish/hk2/hk2-api/2.1.88/hk2-api-2.1.88.pom
[INFO] Downloaded from central: https://repo.maven.apache.org/maven2/org/glassfish/hk2/hk2-api/2.1.88/hk2-api-2.1.88.pom (4.3 kB at 12 kB/s)
[INFO] Downloading from central: https://repo.maven.apache.org/maven2/org/glassfish/hk2/osgi-resource-locator/1.0.1/osgi-resource-locator-1.0.1.pom
[INFO] Downloaded from central: https://repo.maven.apache.org/maven2/org/glassfish/hk2/osgi-resource-locator/1.0.1/osgi-resource-locator-1.0.1.pom (6.2 kB at 17 kB/s)
[INFO] Downloading from central: https://repo.maven.apache.org/maven2/org/glassfish/hk2/hk2-utils/2.1.88/hk2-utils-2.1.88.pom
[INFO] Downloaded from central: https://repo.maven.apache.org/maven2/org/glassfish/hk2/hk2-utils/2.1.88/hk2-utils-2.1.88.pom (5.5 kB at 15 kB/s)
[INFO] Downloading from central: https://repo.maven.apache.org/maven2/org/glassfish/hk2/hk2-locator/2.1.88/hk2-locator-2.1.88.pom
[INFO] Downloaded from central: https://repo.maven.apache.org/maven2/org/glassfish/hk2/hk2-locator/2.1.88/hk2-locator-2.1.88.pom (6.2 kB at 17 kB/s)
[INFO] Downloading from central: https://repo.maven.apache.org/maven2/org/glassfish/hk2/external/asm-all-repackaged/2.1.88/asm-all-repackaged-2.1.88.pom
[INFO] Downloaded from central: https://repo.maven.apache.org/maven2/org/glassfish/hk2/external/asm-all-repackaged/2.1.88/asm-all-repackaged-2.1.88.pom (8.7 kB at 24 kB/s)
[INFO] Downloading from central: https://repo.maven.apache.org/maven2/org/glassfish/hk2/external/cglib/2.1.88/cglib-2.1.88.pom
[INFO] Downloaded from central: https://repo.maven.apache.org/maven2/org/glassfish/hk2/external/cglib/2.1.88/cglib-2.1.88.pom (9.7 kB at 27 kB/s)
[INFO] Downloading from central: https://repo.maven.apache.org/maven2/org/glassfish/jersey/core/jersey-client/2.0/jersey-client-2.0.pom
[INFO] Downloaded from central: https://repo.maven.apache.org/maven2/org/glassfish/jersey/core/jersey-client/2.0/jersey-client-2.0.pom (4.6 kB at 13 kB/s)
[INFO] Downloading from central: https://repo.maven.apache.org/maven2/javax/validation/validation-api/1.1.0.Final/validation-api-1.1.0.Final.pom
[INFO] Downloaded from central: https://repo.maven.apache.org/maven2/javax/validation/validation-api/1.1.0.Final/validation-api-1.1.0.Final.pom (7.9 kB at 22 kB/s)
[INFO] Downloading from central: https://repo.maven.apache.org/maven2/org/glassfish/jersey/media/jersey-media-moxy/2.2/jersey-media-moxy-2.2.pom
[INFO] Downloaded from central: https://repo.maven.apache.org/maven2/org/glassfish/jersey/media/jersey-media-moxy/2.2/jersey-media-moxy-2.2.pom (5.5 kB at 15 kB/s)
[INFO] Downloading from central: https://repo.maven.apache.org/maven2/org/eclipse/persistence/org.eclipse.persistence.moxy/2.5.0/org.eclipse.persistence.moxy-2.5.0.pom
[INFO] Downloaded from central: https://repo.maven.apache.org/maven2/org/eclipse/persistence/org.eclipse.persistence.moxy/2.5.0/org.eclipse.persistence.moxy-2.5.0.pom (2.9 kB at 8.2 kB/s)
[INFO] Downloading from central: https://repo.maven.apache.org/maven2/org/eclipse/persistence/org.eclipse.persistence.core/2.5.0/org.eclipse.persistence.core-2.5.0.pom
[INFO] Downloaded from central: https://repo.maven.apache.org/maven2/org/eclipse/persistence/org.eclipse.persistence.core/2.5.0/org.eclipse.persistence.core-2.5.0.pom (2.7 kB at 7.5 kB/s)
[INFO] Downloading from central: https://repo.maven.apache.org/maven2/org/eclipse/persistence/org.eclipse.persistence.asm/2.5.0/org.eclipse.persistence.asm-2.5.0.pom
[INFO] Downloaded from central: https://repo.maven.apache.org/maven2/org/eclipse/persistence/org.eclipse.persistence.asm/2.5.0/org.eclipse.persistence.asm-2.5.0.pom (2.4 kB at 6.7 kB/s)
[INFO] Downloading from central: https://repo.maven.apache.org/maven2/org/eclipse/persistence/org.eclipse.persistence.antlr/2.5.0/org.eclipse.persistence.antlr-2.5.0.pom
[INFO] Downloaded from central: https://repo.maven.apache.org/maven2/org/eclipse/persistence/org.eclipse.persistence.antlr/2.5.0/org.eclipse.persistence.antlr-2.5.0.pom (2.5 kB at 6.8 kB/s)
[INFO] Downloading from central: https://repo.maven.apache.org/maven2/javax/javaee-api/7.0/javaee-api-7.0.jar
[INFO] Downloaded from central: https://repo.maven.apache.org/maven2/javax/javaee-api/7.0/javaee-api-7.0.jar (1.9 MB at 2.3 MB/s)
[INFO] Downloading from central: https://repo.maven.apache.org/maven2/com/sun/mail/javax.mail/1.5.0/javax.mail-1.5.0.jar
[INFO] Downloaded from central: https://repo.maven.apache.org/maven2/com/sun/mail/javax.mail/1.5.0/javax.mail-1.5.0.jar (522 kB at 1.0 MB/s)
[INFO] Downloading from central: https://repo.maven.apache.org/maven2/javax/activation/activation/1.1/activation-1.1.jar
[INFO] Downloaded from central: https://repo.maven.apache.org/maven2/javax/activation/activation/1.1/activation-1.1.jar (63 kB at 113 kB/s)
[INFO] Downloading from central: https://repo.maven.apache.org/maven2/org/glassfish/jersey/containers/jersey-container-servlet-core/2.0/jersey-container-servlet-core-2.0.jar
[INFO] Downloaded from central: https://repo.maven.apache.org/maven2/org/glassfish/jersey/containers/jersey-container-servlet-core/2.0/jersey-container-servlet-core-2.0.jar (51 kB at 134 kB/s)
[INFO] Downloading from central: https://repo.maven.apache.org/maven2/org/glassfish/hk2/external/javax.inject/2.1.88/javax.inject-2.1.88.jar
[INFO] Downloaded from central: https://repo.maven.apache.org/maven2/org/glassfish/hk2/external/javax.inject/2.1.88/javax.inject-2.1.88.jar (6.6 kB at 18 kB/s)
[INFO] Downloading from central: https://repo.maven.apache.org/maven2/org/glassfish/jersey/core/jersey-server/2.0/jersey-server-2.0.jar
[INFO] Downloaded from central: https://repo.maven.apache.org/maven2/org/glassfish/jersey/core/jersey-server/2.0/jersey-server-2.0.jar (696 kB at 1.1 MB/s)
[INFO] Downloading from central: https://repo.maven.apache.org/maven2/org/glassfish/jersey/core/jersey-common/2.0/jersey-common-2.0.jar
[INFO] Downloaded from central: https://repo.maven.apache.org/maven2/org/glassfish/jersey/core/jersey-common/2.0/jersey-common-2.0.jar (582 kB at 965 kB/s)
[INFO] Downloading from central: https://repo.maven.apache.org/maven2/javax/ws/rs/javax.ws.rs-api/2.0/javax.ws.rs-api-2.0.jar
[INFO] Downloaded from central: https://repo.maven.apache.org/maven2/javax/ws/rs/javax.ws.rs-api/2.0/javax.ws.rs-api-2.0.jar (113 kB at 281 kB/s)
[INFO] Downloading from central: https://repo.maven.apache.org/maven2/javax/annotation/javax.annotation-api/1.2/javax.annotation-api-1.2.jar
[INFO] Downloaded from central: https://repo.maven.apache.org/maven2/javax/annotation/javax.annotation-api/1.2/javax.annotation-api-1.2.jar (26 kB at 71 kB/s)
[INFO] Downloading from central: https://repo.maven.apache.org/maven2/com/google/guava/guava/14.0.1/guava-14.0.1.jar
[INFO] Downloaded from central: https://repo.maven.apache.org/maven2/com/google/guava/guava/14.0.1/guava-14.0.1.jar (2.2 MB at 1.3 MB/s)
[INFO] Downloading from central: https://repo.maven.apache.org/maven2/org/glassfish/hk2/hk2-api/2.1.88/hk2-api-2.1.88.jar
[INFO] Downloaded from central: https://repo.maven.apache.org/maven2/org/glassfish/hk2/hk2-api/2.1.88/hk2-api-2.1.88.jar (113 kB at 236 kB/s)
[INFO] Downloading from central: https://repo.maven.apache.org/maven2/org/glassfish/hk2/osgi-resource-locator/1.0.1/osgi-resource-locator-1.0.1.jar
[INFO] Downloaded from central: https://repo.maven.apache.org/maven2/org/glassfish/hk2/osgi-resource-locator/1.0.1/osgi-resource-locator-1.0.1.jar (20 kB at 54 kB/s)
[INFO] Downloading from central: https://repo.maven.apache.org/maven2/org/glassfish/hk2/hk2-utils/2.1.88/hk2-utils-2.1.88.jar
[INFO] Downloaded from central: https://repo.maven.apache.org/maven2/org/glassfish/hk2/hk2-utils/2.1.88/hk2-utils-2.1.88.jar (52 kB at 128 kB/s)
[INFO] Downloading from central: https://repo.maven.apache.org/maven2/org/glassfish/hk2/hk2-locator/2.1.88/hk2-locator-2.1.88.jar
[INFO] Downloaded from central: https://repo.maven.apache.org/maven2/org/glassfish/hk2/hk2-locator/2.1.88/hk2-locator-2.1.88.jar (126 kB at 262 kB/s)
[INFO] Downloading from central: https://repo.maven.apache.org/maven2/org/glassfish/hk2/external/asm-all-repackaged/2.1.88/asm-all-repackaged-2.1.88.jar
[INFO] Downloaded from central: https://repo.maven.apache.org/maven2/org/glassfish/hk2/external/asm-all-repackaged/2.1.88/asm-all-repackaged-2.1.88.jar (310 kB at 451 kB/s)
[INFO] Downloading from central: https://repo.maven.apache.org/maven2/org/glassfish/hk2/external/cglib/2.1.88/cglib-2.1.88.jar
[INFO] Downloaded from central: https://repo.maven.apache.org/maven2/org/glassfish/hk2/external/cglib/2.1.88/cglib-2.1.88.jar (283 kB at 417 kB/s)
[INFO] Downloading from central: https://repo.maven.apache.org/maven2/org/glassfish/jersey/core/jersey-client/2.0/jersey-client-2.0.jar
[INFO] Downloaded from central: https://repo.maven.apache.org/maven2/org/glassfish/jersey/core/jersey-client/2.0/jersey-client-2.0.jar (115 kB at 227 kB/s)
[INFO] Downloading from central: https://repo.maven.apache.org/maven2/javax/validation/validation-api/1.1.0.Final/validation-api-1.1.0.Final.jar
[INFO] Downloaded from central: https://repo.maven.apache.org/maven2/javax/validation/validation-api/1.1.0.Final/validation-api-1.1.0.Final.jar (64 kB at 145 kB/s)
[INFO] Downloading from central: https://repo.maven.apache.org/maven2/org/glassfish/jersey/media/jersey-media-moxy/2.2/jersey-media-moxy-2.2.jar
[INFO] Downloaded from central: https://repo.maven.apache.org/maven2/org/glassfish/jersey/media/jersey-media-moxy/2.2/jersey-media-moxy-2.2.jar (16 kB at 42 kB/s)
[INFO] Downloading from central: https://repo.maven.apache.org/maven2/org/eclipse/persistence/org.eclipse.persistence.moxy/2.5.0/org.eclipse.persistence.moxy-2.5.0.jar
[INFO] Downloaded from central: https://repo.maven.apache.org/maven2/org/eclipse/persistence/org.eclipse.persistence.moxy/2.5.0/org.eclipse.persistence.moxy-2.5.0.jar (488 kB at 479 kB/s)
[INFO] Downloading from central: https://repo.maven.apache.org/maven2/org/eclipse/persistence/org.eclipse.persistence.core/2.5.0/org.eclipse.persistence.core-2.5.0.jar
[INFO] Downloaded from central: https://repo.maven.apache.org/maven2/org/eclipse/persistence/org.eclipse.persistence.core/2.5.0/org.eclipse.persistence.core-2.5.0.jar (5.0 MB at 648 kB/s)
[INFO] Downloading from central: https://repo.maven.apache.org/maven2/org/eclipse/persistence/org.eclipse.persistence.asm/2.5.0/org.eclipse.persistence.asm-2.5.0.jar
[INFO] Downloaded from central: https://repo.maven.apache.org/maven2/org/eclipse/persistence/org.eclipse.persistence.asm/2.5.0/org.eclipse.persistence.asm-2.5.0.jar (271 kB at 303 kB/s)
[INFO] Downloading from central: https://repo.maven.apache.org/maven2/org/eclipse/persistence/org.eclipse.persistence.antlr/2.5.0/org.eclipse.persistence.antlr-2.5.0.jar
[INFO] Downloaded from central: https://repo.maven.apache.org/maven2/org/eclipse/persistence/org.eclipse.persistence.antlr/2.5.0/org.eclipse.persistence.antlr-2.5.0.jar (190 kB at 232 kB/s)
[INFO] ------------------------------------------------------------------------
[INFO] BUILD SUCCESS
[INFO] ------------------------------------------------------------------------
[INFO] Total time:  53.328 s
[INFO] Finished at: 2021-03-28T17:23:38+08:00
[INFO] ------------------------------------------------------------------------
WARNING: An illegal reflective access operation has occurred
WARNING: Illegal reflective access by com.google.inject.internal.cglib.core.$ReflectUtils$1 (file:/usr/share/maven/lib/guice.jar) to method java.lang.ClassLoader.defineClass(java.lang.String,byte[],int,int,java.security.ProtectionDomain)
WARNING: Please consider reporting this to the maintainers of com.google.inject.internal.cglib.core.$ReflectUtils$1
WARNING: Use --illegal-access=warn to enable warnings of further illegal reflective access operations
WARNING: All illegal access operations will be denied in a future release
