[INFO] Scanning for projects...
[INFO] Downloading from central: https://repo.maven.apache.org/maven2/org/apache/maven/archetype/archetype-packaging/2.3/archetype-packaging-2.3.pom
[INFO] Downloaded from central: https://repo.maven.apache.org/maven2/org/apache/maven/archetype/archetype-packaging/2.3/archetype-packaging-2.3.pom (1.6 kB at 1.3 kB/s)
[INFO] Downloading from central: https://repo.maven.apache.org/maven2/org/apache/maven/archetype/maven-archetype/2.3/maven-archetype-2.3.pom
[INFO] Downloaded from central: https://repo.maven.apache.org/maven2/org/apache/maven/archetype/maven-archetype/2.3/maven-archetype-2.3.pom (13 kB at 34 kB/s)
[INFO] Downloading from central: https://repo.maven.apache.org/maven2/org/apache/maven/archetype/archetype-packaging/2.3/archetype-packaging-2.3.jar
[INFO] Downloaded from central: https://repo.maven.apache.org/maven2/org/apache/maven/archetype/archetype-packaging/2.3/archetype-packaging-2.3.jar (7.5 kB at 20 kB/s)
[INFO] Downloading from central: https://repo.maven.apache.org/maven2/org/apache/maven/plugins/maven-resources-plugin/maven-metadata.xml
[INFO] Downloaded from central: https://repo.maven.apache.org/maven2/org/apache/maven/plugins/maven-resources-plugin/maven-metadata.xml (874 B at 2.4 kB/s)
[INFO] Downloading from central: https://repo.maven.apache.org/maven2/org/apache/maven/plugins/maven-release-plugin/2.5.2/maven-release-plugin-2.5.2.pom
[INFO] Downloaded from central: https://repo.maven.apache.org/maven2/org/apache/maven/plugins/maven-release-plugin/2.5.2/maven-release-plugin-2.5.2.pom (11 kB at 30 kB/s)
[INFO] Downloading from central: https://repo.maven.apache.org/maven2/org/apache/maven/release/maven-release/2.5.2/maven-release-2.5.2.pom
[INFO] Downloaded from central: https://repo.maven.apache.org/maven2/org/apache/maven/release/maven-release/2.5.2/maven-release-2.5.2.pom (5.1 kB at 14 kB/s)
[INFO] Downloading from central: https://repo.maven.apache.org/maven2/org/apache/maven/plugins/maven-release-plugin/2.5.2/maven-release-plugin-2.5.2.jar
[INFO] Downloaded from central: https://repo.maven.apache.org/maven2/org/apache/maven/plugins/maven-release-plugin/2.5.2/maven-release-plugin-2.5.2.jar (52 kB at 95 kB/s)
[WARNING] The POM for com.github.spotbugs:spotbugs-maven-plugin:jar:4.1.4-ZY is missing, no dependency information available
[WARNING] Failed to retrieve plugin descriptor for com.github.spotbugs:spotbugs-maven-plugin:4.1.4-ZY: Plugin com.github.spotbugs:spotbugs-maven-plugin:4.1.4-ZY or one of its dependencies could not be resolved: Failure to find com.github.spotbugs:spotbugs-maven-plugin:jar:4.1.4-ZY in https://repo.maven.apache.org/maven2 was cached in the local repository, resolution will not be reattempted until the update interval of central has elapsed or updates are forced
[INFO] Downloading from central: https://repo.maven.apache.org/maven2/org/apache/maven/plugins/maven-archetype-plugin/2.3/maven-archetype-plugin-2.3.pom
[INFO] Downloaded from central: https://repo.maven.apache.org/maven2/org/apache/maven/plugins/maven-archetype-plugin/2.3/maven-archetype-plugin-2.3.pom (8.4 kB at 23 kB/s)
[INFO] Downloading from central: https://repo.maven.apache.org/maven2/org/apache/maven/plugins/maven-archetype-plugin/2.3/maven-archetype-plugin-2.3.jar
[INFO] Downloaded from central: https://repo.maven.apache.org/maven2/org/apache/maven/plugins/maven-archetype-plugin/2.3/maven-archetype-plugin-2.3.jar (93 kB at 172 kB/s)
[INFO] 
[INFO] -------------< com.airhacks:javaee7-essentials-archetype >--------------
[INFO] Building javaee7-essentials-archetype 1.4-SNAPSHOT
[INFO] --------------------------[ maven-archetype ]---------------------------
[WARNING] The POM for com.github.spotbugs:spotbugs-maven-plugin:jar:4.1.4-ZY is missing, no dependency information available
[WARNING] Failed to retrieve plugin descriptor for com.github.spotbugs:spotbugs-maven-plugin:4.1.4-ZY: Plugin com.github.spotbugs:spotbugs-maven-plugin:4.1.4-ZY or one of its dependencies could not be resolved: Failure to find com.github.spotbugs:spotbugs-maven-plugin:jar:4.1.4-ZY in https://repo.maven.apache.org/maven2 was cached in the local repository, resolution will not be reattempted until the update interval of central has elapsed or updates are forced
[INFO] 
[INFO] --- maven-clean-plugin:2.5:clean (default-clean) @ javaee7-essentials-archetype ---
[INFO] Deleting /home/codegex/Documents/workspace/rbugs/experiment/top100repos/javaee7-essentials-archetype/target
[INFO] 
[INFO] --- maven-enforcer-plugin:1.2:enforce (enforce-maven) @ javaee7-essentials-archetype ---
[INFO] 
[INFO] --- maven-resources-plugin:3.2.0:resources (default-resources) @ javaee7-essentials-archetype ---
[INFO] Using 'UTF-8' encoding to copy filtered resources.
[INFO] Using 'UTF-8' encoding to copy filtered properties files.
[INFO] Copying 4 resources
[INFO] 
[INFO] --- maven-resources-plugin:3.2.0:testResources (default-testResources) @ javaee7-essentials-archetype ---
[INFO] Using 'UTF-8' encoding to copy filtered resources.
[INFO] Using 'UTF-8' encoding to copy filtered properties files.
[INFO] skip non existing resourceDirectory /home/codegex/Documents/workspace/rbugs/experiment/top100repos/javaee7-essentials-archetype/src/test/resources
[INFO] 
[INFO] --- maven-archetype-plugin:2.3:jar (default-jar) @ javaee7-essentials-archetype ---
[INFO] Downloading from central: https://repo.maven.apache.org/maven2/org/apache/maven/archetype/archetype-catalog/2.3/archetype-catalog-2.3.pom
[INFO] Downloaded from central: https://repo.maven.apache.org/maven2/org/apache/maven/archetype/archetype-catalog/2.3/archetype-catalog-2.3.pom (1.9 kB at 5.2 kB/s)
[INFO] Downloading from central: https://repo.maven.apache.org/maven2/org/apache/maven/archetype/archetype-models/2.3/archetype-models-2.3.pom
[INFO] Downloaded from central: https://repo.maven.apache.org/maven2/org/apache/maven/archetype/archetype-models/2.3/archetype-models-2.3.pom (2.8 kB at 7.6 kB/s)
[INFO] Downloading from central: https://repo.maven.apache.org/maven2/org/apache/maven/archetype/archetype-descriptor/2.3/archetype-descriptor-2.3.pom
[INFO] Downloaded from central: https://repo.maven.apache.org/maven2/org/apache/maven/archetype/archetype-descriptor/2.3/archetype-descriptor-2.3.pom (1.9 kB at 5.3 kB/s)
[INFO] Downloading from central: https://repo.maven.apache.org/maven2/org/apache/maven/archetype/archetype-registry/2.3/archetype-registry-2.3.pom
[INFO] Downloaded from central: https://repo.maven.apache.org/maven2/org/apache/maven/archetype/archetype-registry/2.3/archetype-registry-2.3.pom (1.9 kB at 4.2 kB/s)
[INFO] Downloading from central: https://repo.maven.apache.org/maven2/org/apache/maven/archetype/archetype-common/2.3/archetype-common-2.3.pom
[INFO] Downloaded from central: https://repo.maven.apache.org/maven2/org/apache/maven/archetype/archetype-common/2.3/archetype-common-2.3.pom (16 kB at 42 kB/s)
[INFO] Downloading from central: https://repo.maven.apache.org/maven2/net/sourceforge/jchardet/jchardet/1.0/jchardet-1.0.pom
[INFO] Downloaded from central: https://repo.maven.apache.org/maven2/net/sourceforge/jchardet/jchardet/1.0/jchardet-1.0.pom (1.3 kB at 3.6 kB/s)
[INFO] Downloading from central: https://repo.maven.apache.org/maven2/org/codehaus/groovy/groovy/1.8.3/groovy-1.8.3.pom
[INFO] Downloaded from central: https://repo.maven.apache.org/maven2/org/codehaus/groovy/groovy/1.8.3/groovy-1.8.3.pom (32 kB at 84 kB/s)
[INFO] Downloading from central: https://repo.maven.apache.org/maven2/org/apache/maven/shared/maven-script-interpreter/1.0/maven-script-interpreter-1.0.pom
[INFO] Downloaded from central: https://repo.maven.apache.org/maven2/org/apache/maven/shared/maven-script-interpreter/1.0/maven-script-interpreter-1.0.pom (3.8 kB at 11 kB/s)
[INFO] Downloading from central: https://repo.maven.apache.org/maven2/org/apache/maven/archetype/archetype-catalog/2.3/archetype-catalog-2.3.jar
[INFO] Downloading from central: https://repo.maven.apache.org/maven2/org/apache/maven/archetype/archetype-registry/2.3/archetype-registry-2.3.jar
[INFO] Downloading from central: https://repo.maven.apache.org/maven2/net/sourceforge/jchardet/jchardet/1.0/jchardet-1.0.jar
[INFO] Downloading from central: https://repo.maven.apache.org/maven2/org/apache/maven/archetype/archetype-descriptor/2.3/archetype-descriptor-2.3.jar
[INFO] Downloading from central: https://repo.maven.apache.org/maven2/org/apache/maven/archetype/archetype-common/2.3/archetype-common-2.3.jar
[INFO] Downloaded from central: https://repo.maven.apache.org/maven2/org/apache/maven/archetype/archetype-catalog/2.3/archetype-catalog-2.3.jar (19 kB at 40 kB/s)
[INFO] Downloading from central: https://repo.maven.apache.org/maven2/org/codehaus/plexus/plexus-classworlds/1.2-alpha-7/plexus-classworlds-1.2-alpha-7.jar
[INFO] Downloaded from central: https://repo.maven.apache.org/maven2/net/sourceforge/jchardet/jchardet/1.0/jchardet-1.0.jar (27 kB at 32 kB/s)
[INFO] Downloading from central: https://repo.maven.apache.org/maven2/org/codehaus/groovy/groovy/1.8.3/groovy-1.8.3.jar
[INFO] Downloaded from central: https://repo.maven.apache.org/maven2/org/apache/maven/archetype/archetype-descriptor/2.3/archetype-descriptor-2.3.jar (23 kB at 26 kB/s)
[INFO] Downloaded from central: https://repo.maven.apache.org/maven2/org/apache/maven/archetype/archetype-registry/2.3/archetype-registry-2.3.jar (17 kB at 18 kB/s)
[INFO] Downloading from central: https://repo.maven.apache.org/maven2/asm/asm/3.2/asm-3.2.jar
[INFO] Downloading from central: https://repo.maven.apache.org/maven2/asm/asm-commons/3.2/asm-commons-3.2.jar
[INFO] Downloaded from central: https://repo.maven.apache.org/maven2/org/codehaus/plexus/plexus-classworlds/1.2-alpha-7/plexus-classworlds-1.2-alpha-7.jar (43 kB at 40 kB/s)
[INFO] Downloading from central: https://repo.maven.apache.org/maven2/asm/asm-tree/3.2/asm-tree-3.2.jar
[INFO] Downloaded from central: https://repo.maven.apache.org/maven2/asm/asm/3.2/asm-3.2.jar (43 kB at 31 kB/s)
[INFO] Downloaded from central: https://repo.maven.apache.org/maven2/asm/asm-commons/3.2/asm-commons-3.2.jar (33 kB at 24 kB/s)
[INFO] Downloading from central: https://repo.maven.apache.org/maven2/org/apache/maven/shared/maven-script-interpreter/1.0/maven-script-interpreter-1.0.jar
[INFO] Downloaded from central: https://repo.maven.apache.org/maven2/asm/asm-tree/3.2/asm-tree-3.2.jar (22 kB at 14 kB/s)
[INFO] Downloaded from central: https://repo.maven.apache.org/maven2/org/apache/maven/archetype/archetype-common/2.3/archetype-common-2.3.jar (173 kB at 103 kB/s)
[INFO] Downloaded from central: https://repo.maven.apache.org/maven2/org/apache/maven/shared/maven-script-interpreter/1.0/maven-script-interpreter-1.0.jar (21 kB at 12 kB/s)
[INFO] Downloaded from central: https://repo.maven.apache.org/maven2/org/codehaus/groovy/groovy/1.8.3/groovy-1.8.3.jar (5.5 MB at 624 kB/s)
[INFO] Building archetype jar: /home/codegex/Documents/workspace/rbugs/experiment/top100repos/javaee7-essentials-archetype/target/javaee7-essentials-archetype-1.4-SNAPSHOT
[INFO] 
[INFO] --- maven-archetype-plugin:2.3:integration-test (default-integration-test) @ javaee7-essentials-archetype ---
[WARNING] No Archetype IT projects: root 'projects' directory not found.
[INFO] 
[INFO] --- maven-gpg-plugin:1.6:sign (sign-artifacts) @ javaee7-essentials-archetype ---
[INFO] 
[INFO] --- maven-source-plugin:2.4:jar-no-fork (attach-sources) @ javaee7-essentials-archetype ---
[INFO] Building jar: /home/codegex/Documents/workspace/rbugs/experiment/top100repos/javaee7-essentials-archetype/target/javaee7-essentials-archetype-1.4-SNAPSHOT-sources.jar
[INFO] 
[INFO] --- maven-install-plugin:3.0.0-M1:install (default-install) @ javaee7-essentials-archetype ---
[INFO] Installing /home/codegex/Documents/workspace/rbugs/experiment/top100repos/javaee7-essentials-archetype/target/javaee7-essentials-archetype-1.4-SNAPSHOT.jar to /home/codegex/.m2/repository/com/airhacks/javaee7-essentials-archetype/1.4-SNAPSHOT/javaee7-essentials-archetype-1.4-SNAPSHOT.jar
[INFO] Installing /home/codegex/Documents/workspace/rbugs/experiment/top100repos/javaee7-essentials-archetype/pom.xml to /home/codegex/.m2/repository/com/airhacks/javaee7-essentials-archetype/1.4-SNAPSHOT/javaee7-essentials-archetype-1.4-SNAPSHOT.pom
[INFO] Installing /home/codegex/Documents/workspace/rbugs/experiment/top100repos/javaee7-essentials-archetype/target/javaee7-essentials-archetype-1.4-SNAPSHOT-sources.jar to /home/codegex/.m2/repository/com/airhacks/javaee7-essentials-archetype/1.4-SNAPSHOT/javaee7-essentials-archetype-1.4-SNAPSHOT-sources.jar
[INFO] 
[INFO] --- maven-archetype-plugin:2.3:update-local-catalog (default-update-local-catalog) @ javaee7-essentials-archetype ---
[INFO] 
[INFO] --- maven-dependency-plugin:2.8:purge-local-repository (default-cli) @ javaee7-essentials-archetype ---
[INFO] No artifacts included for purge for project: com.airhacks:javaee7-essentials-archetype:maven-archetype:1.4-SNAPSHOT
[INFO] ------------------------------------------------------------------------
[INFO] BUILD SUCCESS
[INFO] ------------------------------------------------------------------------
[INFO] Total time:  17.965 s
[INFO] Finished at: 2021-03-28T04:24:07+08:00
[INFO] ------------------------------------------------------------------------
WARNING: An illegal reflective access operation has occurred
WARNING: Illegal reflective access by com.google.inject.internal.cglib.core.$ReflectUtils$1 (file:/usr/share/maven/lib/guice.jar) to method java.lang.ClassLoader.defineClass(java.lang.String,byte[],int,int,java.security.ProtectionDomain)
WARNING: Please consider reporting this to the maintainers of com.google.inject.internal.cglib.core.$ReflectUtils$1
WARNING: Use --illegal-access=warn to enable warnings of further illegal reflective access operations
WARNING: All illegal access operations will be denied in a future release
