[INFO] Scanning for projects...
[INFO] Downloading from central: https://repo.maven.apache.org/maven2/org/springframework/cloud/spring-cloud-dependencies/Hoxton.SR1/spring-cloud-dependencies-Hoxton.SR1.pom
[INFO] Downloaded from central: https://repo.maven.apache.org/maven2/org/springframework/cloud/spring-cloud-dependencies/Hoxton.SR1/spring-cloud-dependencies-Hoxton.SR1.pom (12 kB at 10 kB/s)
[INFO] Downloading from central: https://repo.maven.apache.org/maven2/org/springframework/cloud/spring-cloud-dependencies-parent/2.2.1.RELEASE/spring-cloud-dependencies-parent-2.2.1.RELEASE.pom
[INFO] Downloaded from central: https://repo.maven.apache.org/maven2/org/springframework/cloud/spring-cloud-dependencies-parent/2.2.1.RELEASE/spring-cloud-dependencies-parent-2.2.1.RELEASE.pom (8.3 kB at 21 kB/s)
[INFO] Downloading from central: https://repo.maven.apache.org/maven2/org/springframework/cloud/spring-cloud-commons-dependencies/2.2.1.RELEASE/spring-cloud-commons-dependencies-2.2.1.RELEASE.pom
[INFO] Downloaded from central: https://repo.maven.apache.org/maven2/org/springframework/cloud/spring-cloud-commons-dependencies/2.2.1.RELEASE/spring-cloud-commons-dependencies-2.2.1.RELEASE.pom (7.0 kB at 18 kB/s)
[INFO] Downloading from central: https://repo.maven.apache.org/maven2/org/springframework/cloud/spring-cloud-netflix-dependencies/2.2.1.RELEASE/spring-cloud-netflix-dependencies-2.2.1.RELEASE.pom
[INFO] Downloaded from central: https://repo.maven.apache.org/maven2/org/springframework/cloud/spring-cloud-netflix-dependencies/2.2.1.RELEASE/spring-cloud-netflix-dependencies-2.2.1.RELEASE.pom (19 kB at 45 kB/s)
[INFO] Downloading from central: https://repo.maven.apache.org/maven2/org/springframework/cloud/spring-cloud-stream-dependencies/Horsham.SR1/spring-cloud-stream-dependencies-Horsham.SR1.pom
[INFO] Downloaded from central: https://repo.maven.apache.org/maven2/org/springframework/cloud/spring-cloud-stream-dependencies/Horsham.SR1/spring-cloud-stream-dependencies-Horsham.SR1.pom (9.3 kB at 24 kB/s)
[INFO] Downloading from central: https://repo.maven.apache.org/maven2/org/springframework/cloud/spring-cloud-task-dependencies/2.2.2.RELEASE/spring-cloud-task-dependencies-2.2.2.RELEASE.pom
[INFO] Downloaded from central: https://repo.maven.apache.org/maven2/org/springframework/cloud/spring-cloud-task-dependencies/2.2.2.RELEASE/spring-cloud-task-dependencies-2.2.2.RELEASE.pom (3.0 kB at 8.1 kB/s)
[INFO] Downloading from central: https://repo.maven.apache.org/maven2/org/springframework/cloud/spring-cloud-circuitbreaker-dependencies/1.0.0.RELEASE/spring-cloud-circuitbreaker-dependencies-1.0.0.RELEASE.pom
[INFO] Downloaded from central: https://repo.maven.apache.org/maven2/org/springframework/cloud/spring-cloud-circuitbreaker-dependencies/1.0.0.RELEASE/spring-cloud-circuitbreaker-dependencies-1.0.0.RELEASE.pom (7.1 kB at 19 kB/s)
[INFO] Downloading from central: https://repo.maven.apache.org/maven2/org/springframework/cloud/spring-cloud-dependencies-parent/2.2.0.RELEASE/spring-cloud-dependencies-parent-2.2.0.RELEASE.pom
[INFO] Downloaded from central: https://repo.maven.apache.org/maven2/org/springframework/cloud/spring-cloud-dependencies-parent/2.2.0.RELEASE/spring-cloud-dependencies-parent-2.2.0.RELEASE.pom (4.8 kB at 13 kB/s)
[INFO] Downloading from central: https://repo.maven.apache.org/maven2/org/springframework/cloud/spring-cloud-config-dependencies/2.2.1.RELEASE/spring-cloud-config-dependencies-2.2.1.RELEASE.pom
[INFO] Downloaded from central: https://repo.maven.apache.org/maven2/org/springframework/cloud/spring-cloud-config-dependencies/2.2.1.RELEASE/spring-cloud-config-dependencies-2.2.1.RELEASE.pom (7.6 kB at 20 kB/s)
[INFO] Downloading from central: https://repo.maven.apache.org/maven2/org/springframework/cloud/spring-cloud-function-dependencies/3.0.1.RELEASE/spring-cloud-function-dependencies-3.0.1.RELEASE.pom
[INFO] Downloaded from central: https://repo.maven.apache.org/maven2/org/springframework/cloud/spring-cloud-function-dependencies/3.0.1.RELEASE/spring-cloud-function-dependencies-3.0.1.RELEASE.pom (6.2 kB at 16 kB/s)
[INFO] Downloading from central: https://repo.maven.apache.org/maven2/org/springframework/cloud/spring-cloud-gateway-dependencies/2.2.1.RELEASE/spring-cloud-gateway-dependencies-2.2.1.RELEASE.pom
[INFO] Downloaded from central: https://repo.maven.apache.org/maven2/org/springframework/cloud/spring-cloud-gateway-dependencies/2.2.1.RELEASE/spring-cloud-gateway-dependencies-2.2.1.RELEASE.pom (6.1 kB at 16 kB/s)
[INFO] Downloading from central: https://repo.maven.apache.org/maven2/org/springframework/cloud/spring-cloud-consul-dependencies/2.2.1.RELEASE/spring-cloud-consul-dependencies-2.2.1.RELEASE.pom
[INFO] Downloaded from central: https://repo.maven.apache.org/maven2/org/springframework/cloud/spring-cloud-consul-dependencies/2.2.1.RELEASE/spring-cloud-consul-dependencies-2.2.1.RELEASE.pom (7.6 kB at 20 kB/s)
[INFO] Downloading from central: https://repo.maven.apache.org/maven2/org/springframework/cloud/spring-cloud-sleuth-dependencies/2.2.1.RELEASE/spring-cloud-sleuth-dependencies-2.2.1.RELEASE.pom
[INFO] Downloaded from central: https://repo.maven.apache.org/maven2/org/springframework/cloud/spring-cloud-sleuth-dependencies/2.2.1.RELEASE/spring-cloud-sleuth-dependencies-2.2.1.RELEASE.pom (8.2 kB at 21 kB/s)
[INFO] Downloading from central: https://repo.maven.apache.org/maven2/io/zipkin/brave/brave-bom/5.9.0/brave-bom-5.9.0.pom
[INFO] Downloaded from central: https://repo.maven.apache.org/maven2/io/zipkin/brave/brave-bom/5.9.0/brave-bom-5.9.0.pom (10 kB at 26 kB/s)
[INFO] Downloading from central: https://repo.maven.apache.org/maven2/io/zipkin/reporter2/zipkin-reporter-bom/2.11.0/zipkin-reporter-bom-2.11.0.pom
[INFO] Downloaded from central: https://repo.maven.apache.org/maven2/io/zipkin/reporter2/zipkin-reporter-bom/2.11.0/zipkin-reporter-bom-2.11.0.pom (4.8 kB at 13 kB/s)
[INFO] Downloading from central: https://repo.maven.apache.org/maven2/org/springframework/cloud/spring-cloud-vault-dependencies/2.2.1.RELEASE/spring-cloud-vault-dependencies-2.2.1.RELEASE.pom
[INFO] Downloaded from central: https://repo.maven.apache.org/maven2/org/springframework/cloud/spring-cloud-vault-dependencies/2.2.1.RELEASE/spring-cloud-vault-dependencies-2.2.1.RELEASE.pom (6.3 kB at 17 kB/s)
[INFO] Downloading from central: https://repo.maven.apache.org/maven2/org/springframework/cloud/spring-cloud-zookeeper-dependencies/2.2.0.RELEASE/spring-cloud-zookeeper-dependencies-2.2.0.RELEASE.pom
[INFO] Downloaded from central: https://repo.maven.apache.org/maven2/org/springframework/cloud/spring-cloud-zookeeper-dependencies/2.2.0.RELEASE/spring-cloud-zookeeper-dependencies-2.2.0.RELEASE.pom (9.1 kB at 24 kB/s)
[INFO] Downloading from central: https://repo.maven.apache.org/maven2/org/springframework/cloud/spring-cloud-security-dependencies/2.2.0.RELEASE/spring-cloud-security-dependencies-2.2.0.RELEASE.pom
[INFO] Downloaded from central: https://repo.maven.apache.org/maven2/org/springframework/cloud/spring-cloud-security-dependencies/2.2.0.RELEASE/spring-cloud-security-dependencies-2.2.0.RELEASE.pom (6.3 kB at 17 kB/s)
[INFO] Downloading from central: https://repo.maven.apache.org/maven2/org/springframework/cloud/spring-cloud-cloudfoundry-dependencies/2.2.0.RELEASE/spring-cloud-cloudfoundry-dependencies-2.2.0.RELEASE.pom
[INFO] Downloaded from central: https://repo.maven.apache.org/maven2/org/springframework/cloud/spring-cloud-cloudfoundry-dependencies/2.2.0.RELEASE/spring-cloud-cloudfoundry-dependencies-2.2.0.RELEASE.pom (6.4 kB at 17 kB/s)
[INFO] Downloading from central: https://repo.maven.apache.org/maven2/org/springframework/cloud/spring-cloud-bus-dependencies/2.2.0.RELEASE/spring-cloud-bus-dependencies-2.2.0.RELEASE.pom
[INFO] Downloaded from central: https://repo.maven.apache.org/maven2/org/springframework/cloud/spring-cloud-bus-dependencies/2.2.0.RELEASE/spring-cloud-bus-dependencies-2.2.0.RELEASE.pom (5.9 kB at 15 kB/s)
[INFO] Downloading from central: https://repo.maven.apache.org/maven2/org/springframework/cloud/spring-cloud-contract-dependencies/2.2.1.RELEASE/spring-cloud-contract-dependencies-2.2.1.RELEASE.pom
[INFO] Downloaded from central: https://repo.maven.apache.org/maven2/org/springframework/cloud/spring-cloud-contract-dependencies/2.2.1.RELEASE/spring-cloud-contract-dependencies-2.2.1.RELEASE.pom (9.1 kB at 24 kB/s)
[INFO] Downloading from central: https://repo.maven.apache.org/maven2/org/springframework/cloud/spring-cloud-aws-dependencies/2.2.1.RELEASE/spring-cloud-aws-dependencies-2.2.1.RELEASE.pom
[INFO] Downloaded from central: https://repo.maven.apache.org/maven2/org/springframework/cloud/spring-cloud-aws-dependencies/2.2.1.RELEASE/spring-cloud-aws-dependencies-2.2.1.RELEASE.pom (10 kB at 27 kB/s)
[INFO] Downloading from central: https://repo.maven.apache.org/maven2/org/springframework/cloud/spring-cloud-openfeign-dependencies/2.2.1.RELEASE/spring-cloud-openfeign-dependencies-2.2.1.RELEASE.pom
[INFO] Downloaded from central: https://repo.maven.apache.org/maven2/org/springframework/cloud/spring-cloud-openfeign-dependencies/2.2.1.RELEASE/spring-cloud-openfeign-dependencies-2.2.1.RELEASE.pom (8.5 kB at 22 kB/s)
[INFO] Downloading from central: https://repo.maven.apache.org/maven2/org/springframework/cloud/spring-cloud-kubernetes-dependencies/1.1.1.RELEASE/spring-cloud-kubernetes-dependencies-1.1.1.RELEASE.pom
[INFO] Downloaded from central: https://repo.maven.apache.org/maven2/org/springframework/cloud/spring-cloud-kubernetes-dependencies/1.1.1.RELEASE/spring-cloud-kubernetes-dependencies-1.1.1.RELEASE.pom (11 kB at 28 kB/s)
[INFO] Downloading from central: https://repo.maven.apache.org/maven2/org/springframework/cloud/spring-cloud-gcp-dependencies/1.2.1.RELEASE/spring-cloud-gcp-dependencies-1.2.1.RELEASE.pom
[INFO] Downloaded from central: https://repo.maven.apache.org/maven2/org/springframework/cloud/spring-cloud-gcp-dependencies/1.2.1.RELEASE/spring-cloud-gcp-dependencies-1.2.1.RELEASE.pom (14 kB at 35 kB/s)
[INFO] Downloading from central: https://repo.maven.apache.org/maven2/com/google/cloud/google-cloud-bom/0.119.0-alpha/google-cloud-bom-0.119.0-alpha.pom
[INFO] Downloaded from central: https://repo.maven.apache.org/maven2/com/google/cloud/google-cloud-bom/0.119.0-alpha/google-cloud-bom-0.119.0-alpha.pom (36 kB at 83 kB/s)
[INFO] Downloading from central: https://repo.maven.apache.org/maven2/com/google/api/gax-bom/1.49.1/gax-bom-1.49.1.pom
[INFO] Downloaded from central: https://repo.maven.apache.org/maven2/com/google/api/gax-bom/1.49.1/gax-bom-1.49.1.pom (2.7 kB at 6.3 kB/s)
[INFO] Downloading from central: https://repo.maven.apache.org/maven2/com/google/cloud/google-cloud-asset-bom/0.115.0-beta/google-cloud-asset-bom-0.115.0-beta.pom
[INFO] Downloaded from central: https://repo.maven.apache.org/maven2/com/google/cloud/google-cloud-asset-bom/0.115.0-beta/google-cloud-asset-bom-0.115.0-beta.pom (4.1 kB at 10 kB/s)
[INFO] Downloading from central: https://repo.maven.apache.org/maven2/com/google/cloud/google-cloud-shared-config/0.2.1/google-cloud-shared-config-0.2.1.pom
[INFO] Downloaded from central: https://repo.maven.apache.org/maven2/com/google/cloud/google-cloud-shared-config/0.2.1/google-cloud-shared-config-0.2.1.pom (16 kB at 41 kB/s)
[INFO] Downloading from central: https://repo.maven.apache.org/maven2/com/google/cloud/google-cloud-automl-bom/0.114.1-beta/google-cloud-automl-bom-0.114.1-beta.pom
[INFO] Downloaded from central: https://repo.maven.apache.org/maven2/com/google/cloud/google-cloud-automl-bom/0.114.1-beta/google-cloud-automl-bom-0.114.1-beta.pom (3.6 kB at 9.8 kB/s)
[INFO] Downloading from central: https://repo.maven.apache.org/maven2/com/google/cloud/google-cloud-core-bom/1.91.3/google-cloud-core-bom-1.91.3.pom
[INFO] Downloaded from central: https://repo.maven.apache.org/maven2/com/google/cloud/google-cloud-core-bom/1.91.3/google-cloud-core-bom-1.91.3.pom (3.0 kB at 8.1 kB/s)
[INFO] Downloading from central: https://repo.maven.apache.org/maven2/com/google/cloud/google-cloud-datacatalog-bom/0.29.0-alpha/google-cloud-datacatalog-bom-0.29.0-alpha.pom
[INFO] Downloaded from central: https://repo.maven.apache.org/maven2/com/google/cloud/google-cloud-datacatalog-bom/0.29.0-alpha/google-cloud-datacatalog-bom-0.29.0-alpha.pom (3.2 kB at 8.6 kB/s)
[INFO] Downloading from central: https://repo.maven.apache.org/maven2/com/google/cloud/google-cloud-datalabeling-bom/0.116.1-alpha/google-cloud-datalabeling-bom-0.116.1-alpha.pom
[INFO] Downloaded from central: https://repo.maven.apache.org/maven2/com/google/cloud/google-cloud-datalabeling-bom/0.116.1-alpha/google-cloud-datalabeling-bom-0.116.1-alpha.pom (3.2 kB at 8.5 kB/s)
[INFO] Downloading from central: https://repo.maven.apache.org/maven2/com/google/cloud/google-cloud-dlp-bom/0.116.0-beta/google-cloud-dlp-bom-0.116.0-beta.pom
[INFO] Downloaded from central: https://repo.maven.apache.org/maven2/com/google/cloud/google-cloud-dlp-bom/0.116.0-beta/google-cloud-dlp-bom-0.116.0-beta.pom (3.0 kB at 8.1 kB/s)
[INFO] Downloading from central: https://repo.maven.apache.org/maven2/com/google/cloud/google-cloud-speech-bom/1.21.0/google-cloud-speech-bom-1.21.0.pom
[INFO] Downloaded from central: https://repo.maven.apache.org/maven2/com/google/cloud/google-cloud-speech-bom/1.21.0/google-cloud-speech-bom-1.21.0.pom (4.1 kB at 11 kB/s)
[INFO] Downloading from central: https://repo.maven.apache.org/maven2/com/google/cloud/google-cloud-tasks-bom/1.26.0/google-cloud-tasks-bom-1.26.0.pom
[INFO] Downloaded from central: https://repo.maven.apache.org/maven2/com/google/cloud/google-cloud-tasks-bom/1.26.0/google-cloud-tasks-bom-1.26.0.pom (4.0 kB at 11 kB/s)
[INFO] Downloading from central: https://repo.maven.apache.org/maven2/com/google/cloud/google-cloud-texttospeech-bom/0.117.0-beta/google-cloud-texttospeech-bom-0.117.0-beta.pom
[INFO] Downloaded from central: https://repo.maven.apache.org/maven2/com/google/cloud/google-cloud-texttospeech-bom/0.117.0-beta/google-cloud-texttospeech-bom-0.117.0-beta.pom (3.7 kB at 10.0 kB/s)
[INFO] Downloading from central: https://repo.maven.apache.org/maven2/com/google/cloud/google-cloud-trace-bom/0.109.0-beta/google-cloud-trace-bom-0.109.0-beta.pom
[INFO] Downloaded from central: https://repo.maven.apache.org/maven2/com/google/cloud/google-cloud-trace-bom/0.109.0-beta/google-cloud-trace-bom-0.109.0-beta.pom (3.5 kB at 9.6 kB/s)
[INFO] Downloading from central: https://repo.maven.apache.org/maven2/com/google/cloud/google-cloud-translate-bom/1.94.0/google-cloud-translate-bom-1.94.0.pom
[INFO] Downloaded from central: https://repo.maven.apache.org/maven2/com/google/cloud/google-cloud-translate-bom/1.94.0/google-cloud-translate-bom-1.94.0.pom (3.6 kB at 9.6 kB/s)
[INFO] Downloading from central: https://repo.maven.apache.org/maven2/com/google/cloud/google-cloud-vision-bom/1.98.0/google-cloud-vision-bom-1.98.0.pom
[INFO] Downloaded from central: https://repo.maven.apache.org/maven2/com/google/cloud/google-cloud-vision-bom/1.98.0/google-cloud-vision-bom-1.98.0.pom (5.1 kB at 14 kB/s)
[INFO] Downloading from central: https://repo.maven.apache.org/maven2/com/google/cloud/google-cloud-iot-bom/0.116.0-beta/google-cloud-iot-bom-0.116.0-beta.pom
[INFO] Downloaded from central: https://repo.maven.apache.org/maven2/com/google/cloud/google-cloud-iot-bom/0.116.0-beta/google-cloud-iot-bom-0.116.0-beta.pom (3.0 kB at 8.2 kB/s)
[INFO] Downloading from central: https://repo.maven.apache.org/maven2/com/google/cloud/google-cloud-websecurityscanner-bom/0.116.0/google-cloud-websecurityscanner-bom-0.116.0.pom
[INFO] Downloaded from central: https://repo.maven.apache.org/maven2/com/google/cloud/google-cloud-websecurityscanner-bom/0.116.0/google-cloud-websecurityscanner-bom-0.116.0.pom (3.8 kB at 10 kB/s)
[INFO] Downloading from central: https://repo.maven.apache.org/maven2/com/google/cloud/google-cloud-iamcredentials-bom/0.43.0-alpha/google-cloud-iamcredentials-bom-0.43.0-alpha.pom
[INFO] Downloaded from central: https://repo.maven.apache.org/maven2/com/google/cloud/google-cloud-iamcredentials-bom/0.43.0-alpha/google-cloud-iamcredentials-bom-0.43.0-alpha.pom (3.2 kB at 8.6 kB/s)
[INFO] Downloading from central: https://repo.maven.apache.org/maven2/com/google/cloud/google-cloud-talent-bom/0.34.0-beta/google-cloud-talent-bom-0.34.0-beta.pom
[INFO] Downloaded from central: https://repo.maven.apache.org/maven2/com/google/cloud/google-cloud-talent-bom/0.34.0-beta/google-cloud-talent-bom-0.34.0-beta.pom (3.1 kB at 8.4 kB/s)
[INFO] Downloading from central: https://repo.maven.apache.org/maven2/com/google/cloud/google-cloud-phishingprotection-bom/0.28.0/google-cloud-phishingprotection-bom-0.28.0.pom
[INFO] Downloaded from central: https://repo.maven.apache.org/maven2/com/google/cloud/google-cloud-phishingprotection-bom/0.28.0/google-cloud-phishingprotection-bom-0.28.0.pom (3.2 kB at 8.8 kB/s)
[INFO] Downloading from central: https://repo.maven.apache.org/maven2/com/google/cloud/google-cloud-gameservices-bom/0.17.0/google-cloud-gameservices-bom-0.17.0.pom
[INFO] Downloaded from central: https://repo.maven.apache.org/maven2/com/google/cloud/google-cloud-gameservices-bom/0.17.0/google-cloud-gameservices-bom-0.17.0.pom (3.1 kB at 8.5 kB/s)
[ERROR] [ERROR] Some problems were encountered while processing the POMs:
[FATAL] Non-resolvable parent POM for io.opentracing.contrib:opentracing-spring-cloud-aop:0.5.8-SNAPSHOT: Could not find artifact io.opentracing.contrib:opentracing-spring-cloud-parent:pom:0.5.8-SNAPSHOT and 'parent.relativePath' points at wrong local POM @ line 3, column 11
 @ 
[ERROR] The build could not read 1 project -> [Help 1]
[ERROR]   
[ERROR]   The project io.opentracing.contrib:opentracing-spring-cloud-aop:0.5.8-SNAPSHOT (/home/codegex/Documents/workspace/rbugs/experiment/top100repos/java-spring-cloud/instrument-starters/opentracing-spring-cloud-aop/pom.xml) has 1 error
[ERROR]     Non-resolvable parent POM for io.opentracing.contrib:opentracing-spring-cloud-aop:0.5.8-SNAPSHOT: Could not find artifact io.opentracing.contrib:opentracing-spring-cloud-parent:pom:0.5.8-SNAPSHOT and 'parent.relativePath' points at wrong local POM @ line 3, column 11 -> [Help 2]
[ERROR] 
[ERROR] To see the full stack trace of the errors, re-run Maven with the -e switch.
[ERROR] Re-run Maven using the -X switch to enable full debug logging.
[ERROR] 
[ERROR] For more information about the errors and possible solutions, please read the following articles:
[ERROR] [Help 1] http://cwiki.apache.org/confluence/display/MAVEN/ProjectBuildingException
[ERROR] [Help 2] http://cwiki.apache.org/confluence/display/MAVEN/UnresolvableModelException
[INFO] Build failures were ignored.
WARNING: An illegal reflective access operation has occurred
WARNING: Illegal reflective access by com.google.inject.internal.cglib.core.$ReflectUtils$1 (file:/usr/share/maven/lib/guice.jar) to method java.lang.ClassLoader.defineClass(java.lang.String,byte[],int,int,java.security.ProtectionDomain)
WARNING: Please consider reporting this to the maintainers of com.google.inject.internal.cglib.core.$ReflectUtils$1
WARNING: Use --illegal-access=warn to enable warnings of further illegal reflective access operations
WARNING: All illegal access operations will be denied in a future release
