[INFO] Scanning for projects...
[WARNING] 
[WARNING] Some problems were encountered while building the effective model for com.darkprograms.speech:java-speech-api:jar:1.13.0-SNAPSHOT
[WARNING] 'build.plugins.plugin.version' for org.apache.maven.plugins:maven-source-plugin is missing. @ line 103, column 17
[WARNING] 'build.plugins.plugin.version' for org.apache.maven.plugins:maven-javadoc-plugin is missing. @ line 115, column 17
[WARNING] 
[WARNING] It is highly recommended to fix these problems because they threaten the stability of your build.
[WARNING] 
[WARNING] For this reason, future Maven versions might no longer support building such malformed projects.
[WARNING] 
[INFO] Downloading from central: https://repo.maven.apache.org/maven2/org/apache/maven/plugins/maven-source-plugin/maven-metadata.xml
[INFO] Downloaded from central: https://repo.maven.apache.org/maven2/org/apache/maven/plugins/maven-source-plugin/maven-metadata.xml (905 B at 745 B/s)
[INFO] Downloading from central: https://repo.maven.apache.org/maven2/org/apache/maven/plugins/maven-release-plugin/2.2.2/maven-release-plugin-2.2.2.pom
[INFO] Downloaded from central: https://repo.maven.apache.org/maven2/org/apache/maven/plugins/maven-release-plugin/2.2.2/maven-release-plugin-2.2.2.pom (8.3 kB at 21 kB/s)
[INFO] Downloading from central: https://repo.maven.apache.org/maven2/org/apache/maven/release/maven-release/2.2.2/maven-release-2.2.2.pom
[INFO] Downloaded from central: https://repo.maven.apache.org/maven2/org/apache/maven/release/maven-release/2.2.2/maven-release-2.2.2.pom (8.7 kB at 22 kB/s)
[INFO] Downloading from central: https://repo.maven.apache.org/maven2/org/apache/maven/plugins/maven-release-plugin/2.2.2/maven-release-plugin-2.2.2.jar
[INFO] Downloaded from central: https://repo.maven.apache.org/maven2/org/apache/maven/plugins/maven-release-plugin/2.2.2/maven-release-plugin-2.2.2.jar (43 kB at 80 kB/s)
[WARNING] The POM for com.github.spotbugs:spotbugs-maven-plugin:jar:4.1.4-ZY is missing, no dependency information available
[WARNING] Failed to retrieve plugin descriptor for com.github.spotbugs:spotbugs-maven-plugin:4.1.4-ZY: Plugin com.github.spotbugs:spotbugs-maven-plugin:4.1.4-ZY or one of its dependencies could not be resolved: Failure to find com.github.spotbugs:spotbugs-maven-plugin:jar:4.1.4-ZY in https://repo.maven.apache.org/maven2 was cached in the local repository, resolution will not be reattempted until the update interval of central has elapsed or updates are forced
[INFO] 
[INFO] --------------< com.darkprograms.speech:java-speech-api >---------------
[INFO] Building java-speech-api 1.13.0-SNAPSHOT
[INFO] --------------------------------[ jar ]---------------------------------
[WARNING] The POM for com.github.spotbugs:spotbugs-maven-plugin:jar:4.1.4-ZY is missing, no dependency information available
[WARNING] Failed to retrieve plugin descriptor for com.github.spotbugs:spotbugs-maven-plugin:4.1.4-ZY: Plugin com.github.spotbugs:spotbugs-maven-plugin:4.1.4-ZY or one of its dependencies could not be resolved: Failure to find com.github.spotbugs:spotbugs-maven-plugin:jar:4.1.4-ZY in https://repo.maven.apache.org/maven2 was cached in the local repository, resolution will not be reattempted until the update interval of central has elapsed or updates are forced
[INFO] Downloading from central: https://repo.maven.apache.org/maven2/net/sourceforge/javaflacencoder/java-flac-encoder/0.3.7/java-flac-encoder-0.3.7.pom
[INFO] Downloaded from central: https://repo.maven.apache.org/maven2/net/sourceforge/javaflacencoder/java-flac-encoder/0.3.7/java-flac-encoder-0.3.7.pom (4.2 kB at 11 kB/s)
[INFO] Downloading from central: https://repo.maven.apache.org/maven2/org/json/json/20150729/json-20150729.pom
[INFO] Downloaded from central: https://repo.maven.apache.org/maven2/org/json/json/20150729/json-20150729.pom (4.7 kB at 13 kB/s)
[INFO] Downloading from central: https://repo.maven.apache.org/maven2/javax/xml/ws/jaxws-api/2.3.0/jaxws-api-2.3.0.pom
[INFO] Downloaded from central: https://repo.maven.apache.org/maven2/javax/xml/ws/jaxws-api/2.3.0/jaxws-api-2.3.0.pom (25 kB at 63 kB/s)
[INFO] Downloading from central: https://repo.maven.apache.org/maven2/net/sourceforge/javaflacencoder/java-flac-encoder/0.3.7/java-flac-encoder-0.3.7.jar
[INFO] Downloading from central: https://repo.maven.apache.org/maven2/org/json/json/20150729/json-20150729.jar
[INFO] Downloading from central: https://repo.maven.apache.org/maven2/javax/xml/ws/jaxws-api/2.3.0/jaxws-api-2.3.0.jar
[INFO] Downloaded from central: https://repo.maven.apache.org/maven2/net/sourceforge/javaflacencoder/java-flac-encoder/0.3.7/java-flac-encoder-0.3.7.jar (89 kB at 161 kB/s)
[INFO] Downloaded from central: https://repo.maven.apache.org/maven2/org/json/json/20150729/json-20150729.jar (48 kB at 53 kB/s)
[INFO] Downloaded from central: https://repo.maven.apache.org/maven2/javax/xml/ws/jaxws-api/2.3.0/jaxws-api-2.3.0.jar (52 kB at 57 kB/s)
[INFO] 
[INFO] --- maven-clean-plugin:2.5:clean (default-clean) @ java-speech-api ---
[INFO] Deleting /home/codegex/Documents/workspace/rbugs/experiment/top100repos/java-speech-api/target
[INFO] 
[INFO] --- maven-resources-plugin:2.6:resources (default-resources) @ java-speech-api ---
[INFO] Using 'UTF-8' encoding to copy filtered resources.
[INFO] skip non existing resourceDirectory /home/codegex/Documents/workspace/rbugs/experiment/top100repos/java-speech-api/src/main/resources
[INFO] 
[INFO] --- maven-compiler-plugin:3.1:compile (default-compile) @ java-speech-api ---
[INFO] Changes detected - recompiling the module!
[INFO] Compiling 16 source files to /home/codegex/Documents/workspace/rbugs/experiment/top100repos/java-speech-api/target/classes
[INFO] 
[INFO] --- maven-resources-plugin:2.6:testResources (default-testResources) @ java-speech-api ---
[INFO] Using 'UTF-8' encoding to copy filtered resources.
[INFO] skip non existing resourceDirectory /home/codegex/Documents/workspace/rbugs/experiment/top100repos/java-speech-api/src/test/resources
[INFO] 
[INFO] --- maven-compiler-plugin:3.1:testCompile (default-testCompile) @ java-speech-api ---
[INFO] No sources to compile
[INFO] 
[INFO] --- maven-surefire-plugin:2.12.4:test (default-test) @ java-speech-api ---
[INFO] Tests are skipped.
[INFO] 
[INFO] --- maven-jar-plugin:2.4:jar (default-jar) @ java-speech-api ---
[INFO] Building jar: /home/codegex/Documents/workspace/rbugs/experiment/top100repos/java-speech-api/target/java-speech-api-1.13.0-SNAPSHOT.jar
[INFO] 
[INFO] >>> maven-source-plugin:3.2.1:jar (attach-sources) > generate-sources @ java-speech-api >>>
[INFO] 
[INFO] <<< maven-source-plugin:3.2.1:jar (attach-sources) < generate-sources @ java-speech-api <<<
[INFO] 
[INFO] 
[INFO] --- maven-source-plugin:3.2.1:jar (attach-sources) @ java-speech-api ---
[INFO] Building jar: /home/codegex/Documents/workspace/rbugs/experiment/top100repos/java-speech-api/target/java-speech-api-1.13.0-SNAPSHOT-sources.jar
[INFO] 
[INFO] --- maven-javadoc-plugin:3.2.0:jar (attach-javadocs) @ java-speech-api ---
[INFO] Skipping javadoc generation
[INFO] 
[INFO] --- maven-install-plugin:2.4:install (default-install) @ java-speech-api ---
[INFO] Installing /home/codegex/Documents/workspace/rbugs/experiment/top100repos/java-speech-api/target/java-speech-api-1.13.0-SNAPSHOT.jar to /home/codegex/.m2/repository/com/darkprograms/speech/java-speech-api/1.13.0-SNAPSHOT/java-speech-api-1.13.0-SNAPSHOT.jar
[INFO] Installing /home/codegex/Documents/workspace/rbugs/experiment/top100repos/java-speech-api/pom.xml to /home/codegex/.m2/repository/com/darkprograms/speech/java-speech-api/1.13.0-SNAPSHOT/java-speech-api-1.13.0-SNAPSHOT.pom
[INFO] Installing /home/codegex/Documents/workspace/rbugs/experiment/top100repos/java-speech-api/target/java-speech-api-1.13.0-SNAPSHOT-sources.jar to /home/codegex/.m2/repository/com/darkprograms/speech/java-speech-api/1.13.0-SNAPSHOT/java-speech-api-1.13.0-SNAPSHOT-sources.jar
[INFO] 
[INFO] --- maven-dependency-plugin:2.8:purge-local-repository (default-cli) @ java-speech-api ---
[INFO] Downloading from central: https://repo.maven.apache.org/maven2/net/sourceforge/javaflacencoder/java-flac-encoder/0.3.7/java-flac-encoder-0.3.7.pom
[INFO] Downloaded from central: https://repo.maven.apache.org/maven2/net/sourceforge/javaflacencoder/java-flac-encoder/0.3.7/java-flac-encoder-0.3.7.pom (4.2 kB at 11 kB/s)
[INFO] Downloading from central: https://repo.maven.apache.org/maven2/org/json/json/20150729/json-20150729.pom
[INFO] Downloaded from central: https://repo.maven.apache.org/maven2/org/json/json/20150729/json-20150729.pom (4.7 kB at 13 kB/s)
[INFO] Downloading from central: https://repo.maven.apache.org/maven2/javax/xml/ws/jaxws-api/2.3.0/jaxws-api-2.3.0.pom
[INFO] Downloaded from central: https://repo.maven.apache.org/maven2/javax/xml/ws/jaxws-api/2.3.0/jaxws-api-2.3.0.pom (25 kB at 64 kB/s)
[INFO] Downloading from central: https://repo.maven.apache.org/maven2/javax/xml/bind/jaxb-api/2.3.0/jaxb-api-2.3.0.pom
[INFO] Downloaded from central: https://repo.maven.apache.org/maven2/javax/xml/bind/jaxb-api/2.3.0/jaxb-api-2.3.0.pom (23 kB at 60 kB/s)
[INFO] Downloading from central: https://repo.maven.apache.org/maven2/javax/xml/soap/javax.xml.soap-api/1.4.0/javax.xml.soap-api-1.4.0.pom
[INFO] Downloaded from central: https://repo.maven.apache.org/maven2/javax/xml/soap/javax.xml.soap-api/1.4.0/javax.xml.soap-api-1.4.0.pom (20 kB at 53 kB/s)
[INFO] Downloading from central: https://repo.maven.apache.org/maven2/net/sourceforge/javaflacencoder/java-flac-encoder/0.3.7/java-flac-encoder-0.3.7.jar
[INFO] Downloaded from central: https://repo.maven.apache.org/maven2/net/sourceforge/javaflacencoder/java-flac-encoder/0.3.7/java-flac-encoder-0.3.7.jar (89 kB at 200 kB/s)
[INFO] Downloading from central: https://repo.maven.apache.org/maven2/org/json/json/20150729/json-20150729.jar
[INFO] Downloaded from central: https://repo.maven.apache.org/maven2/org/json/json/20150729/json-20150729.jar (48 kB at 124 kB/s)
[INFO] Downloading from central: https://repo.maven.apache.org/maven2/javax/xml/ws/jaxws-api/2.3.0/jaxws-api-2.3.0.jar
[INFO] Downloaded from central: https://repo.maven.apache.org/maven2/javax/xml/ws/jaxws-api/2.3.0/jaxws-api-2.3.0.jar (52 kB at 136 kB/s)
[INFO] Downloading from central: https://repo.maven.apache.org/maven2/javax/xml/bind/jaxb-api/2.3.0/jaxb-api-2.3.0.jar
[INFO] Downloaded from central: https://repo.maven.apache.org/maven2/javax/xml/bind/jaxb-api/2.3.0/jaxb-api-2.3.0.jar (126 kB at 298 kB/s)
[INFO] Downloading from central: https://repo.maven.apache.org/maven2/javax/xml/soap/javax.xml.soap-api/1.4.0/javax.xml.soap-api-1.4.0.jar
[INFO] Downloaded from central: https://repo.maven.apache.org/maven2/javax/xml/soap/javax.xml.soap-api/1.4.0/javax.xml.soap-api-1.4.0.jar (46 kB at 121 kB/s)
[INFO] ------------------------------------------------------------------------
[INFO] BUILD SUCCESS
[INFO] ------------------------------------------------------------------------
[INFO] Total time:  10.591 s
[INFO] Finished at: 2021-03-28T12:26:28+08:00
[INFO] ------------------------------------------------------------------------
WARNING: An illegal reflective access operation has occurred
WARNING: Illegal reflective access by com.google.inject.internal.cglib.core.$ReflectUtils$1 (file:/usr/share/maven/lib/guice.jar) to method java.lang.ClassLoader.defineClass(java.lang.String,byte[],int,int,java.security.ProtectionDomain)
WARNING: Please consider reporting this to the maintainers of com.google.inject.internal.cglib.core.$ReflectUtils$1
WARNING: Use --illegal-access=warn to enable warnings of further illegal reflective access operations
WARNING: All illegal access operations will be denied in a future release
