[INFO] Scanning for projects...
[INFO] Downloading from central: https://repo.maven.apache.org/maven2/org/apache/maven/archetype/archetype-packaging/3.0.1/archetype-packaging-3.0.1.pom
[INFO] Downloaded from central: https://repo.maven.apache.org/maven2/org/apache/maven/archetype/archetype-packaging/3.0.1/archetype-packaging-3.0.1.pom (1.4 kB at 1.1 kB/s)
[INFO] Downloading from central: https://repo.maven.apache.org/maven2/org/apache/maven/archetype/archetype-packaging/3.0.1/archetype-packaging-3.0.1.jar
[INFO] Downloaded from central: https://repo.maven.apache.org/maven2/org/apache/maven/archetype/archetype-packaging/3.0.1/archetype-packaging-3.0.1.jar (7.5 kB at 20 kB/s)
[WARNING] The POM for com.github.spotbugs:spotbugs-maven-plugin:jar:4.1.4-ZY is missing, no dependency information available
[WARNING] Failed to retrieve plugin descriptor for com.github.spotbugs:spotbugs-maven-plugin:4.1.4-ZY: Plugin com.github.spotbugs:spotbugs-maven-plugin:4.1.4-ZY or one of its dependencies could not be resolved: Failure to find com.github.spotbugs:spotbugs-maven-plugin:jar:4.1.4-ZY in https://repo.maven.apache.org/maven2 was cached in the local repository, resolution will not be reattempted until the update interval of central has elapsed or updates are forced
[INFO] 
[INFO] -------------< com.airhacks:javaee8-essentials-archetype >--------------
[INFO] Building javaee8-essentials-archetype 0.0.5-SNAPSHOT
[INFO] --------------------------[ maven-archetype ]---------------------------
[WARNING] The POM for com.github.spotbugs:spotbugs-maven-plugin:jar:4.1.4-ZY is missing, no dependency information available
[WARNING] Failed to retrieve plugin descriptor for com.github.spotbugs:spotbugs-maven-plugin:4.1.4-ZY: Plugin com.github.spotbugs:spotbugs-maven-plugin:4.1.4-ZY or one of its dependencies could not be resolved: Failure to find com.github.spotbugs:spotbugs-maven-plugin:jar:4.1.4-ZY in https://repo.maven.apache.org/maven2 was cached in the local repository, resolution will not be reattempted until the update interval of central has elapsed or updates are forced
[INFO] 
[INFO] --- maven-clean-plugin:2.5:clean (default-clean) @ javaee8-essentials-archetype ---
[INFO] Deleting /home/codegex/Documents/workspace/rbugs/experiment/top100repos/javaee8-essentials-archetype/target
[INFO] 
[INFO] --- maven-enforcer-plugin:1.2:enforce (enforce-maven) @ javaee8-essentials-archetype ---
[INFO] 
[INFO] --- maven-resources-plugin:3.2.0:resources (default-resources) @ javaee8-essentials-archetype ---
[INFO] Using 'UTF-8' encoding to copy filtered resources.
[INFO] Using 'UTF-8' encoding to copy filtered properties files.
[INFO] Copying 9 resources
[INFO] 
[INFO] --- maven-resources-plugin:3.2.0:testResources (default-testResources) @ javaee8-essentials-archetype ---
[INFO] Using 'UTF-8' encoding to copy filtered resources.
[INFO] Using 'UTF-8' encoding to copy filtered properties files.
[INFO] skip non existing resourceDirectory /home/codegex/Documents/workspace/rbugs/experiment/top100repos/javaee8-essentials-archetype/src/test/resources
[INFO] 
[INFO] --- maven-archetype-plugin:3.0.1:jar (default-jar) @ javaee8-essentials-archetype ---
[INFO] Downloading from central: https://repo.maven.apache.org/maven2/org/apache/maven/archetype/archetype-catalog/3.0.1/archetype-catalog-3.0.1.pom
[INFO] Downloaded from central: https://repo.maven.apache.org/maven2/org/apache/maven/archetype/archetype-catalog/3.0.1/archetype-catalog-3.0.1.pom (2.0 kB at 5.1 kB/s)
[INFO] Downloading from central: https://repo.maven.apache.org/maven2/org/apache/maven/archetype/archetype-models/3.0.1/archetype-models-3.0.1.pom
[INFO] Downloaded from central: https://repo.maven.apache.org/maven2/org/apache/maven/archetype/archetype-models/3.0.1/archetype-models-3.0.1.pom (2.8 kB at 7.5 kB/s)
[INFO] Downloading from central: https://repo.maven.apache.org/maven2/org/apache/maven/archetype/archetype-descriptor/3.0.1/archetype-descriptor-3.0.1.pom
[INFO] Downloaded from central: https://repo.maven.apache.org/maven2/org/apache/maven/archetype/archetype-descriptor/3.0.1/archetype-descriptor-3.0.1.pom (2.0 kB at 5.2 kB/s)
[INFO] Downloading from central: https://repo.maven.apache.org/maven2/org/apache/maven/archetype/archetype-common/3.0.1/archetype-common-3.0.1.pom
[INFO] Downloaded from central: https://repo.maven.apache.org/maven2/org/apache/maven/archetype/archetype-common/3.0.1/archetype-common-3.0.1.pom (19 kB at 46 kB/s)
[INFO] Downloading from central: https://repo.maven.apache.org/maven2/org/apache/maven/archetype/archetype-catalog/3.0.1/archetype-catalog-3.0.1.jar
[INFO] Downloading from central: https://repo.maven.apache.org/maven2/org/apache/maven/archetype/archetype-common/3.0.1/archetype-common-3.0.1.jar
[INFO] Downloading from central: https://repo.maven.apache.org/maven2/org/apache/maven/archetype/archetype-descriptor/3.0.1/archetype-descriptor-3.0.1.jar
[INFO] Downloaded from central: https://repo.maven.apache.org/maven2/org/apache/maven/archetype/archetype-catalog/3.0.1/archetype-catalog-3.0.1.jar (19 kB at 24 kB/s)
[INFO] Downloaded from central: https://repo.maven.apache.org/maven2/org/apache/maven/archetype/archetype-descriptor/3.0.1/archetype-descriptor-3.0.1.jar (24 kB at 30 kB/s)
[INFO] Downloaded from central: https://repo.maven.apache.org/maven2/org/apache/maven/archetype/archetype-common/3.0.1/archetype-common-3.0.1.jar (331 kB at 358 kB/s)
[INFO] Building archetype jar: /home/codegex/Documents/workspace/rbugs/experiment/top100repos/javaee8-essentials-archetype/target/javaee8-essentials-archetype-0.0.5-SNAPSHOT
[INFO] 
[INFO] --- maven-archetype-plugin:3.0.1:integration-test (default-integration-test) @ javaee8-essentials-archetype ---
[WARNING] No Archetype IT projects: root 'projects' directory not found.
[INFO] 
[INFO] --- maven-gpg-plugin:1.6:sign (sign-artifacts) @ javaee8-essentials-archetype ---
[INFO] 
[INFO] --- maven-source-plugin:3.0.1:jar-no-fork (attach-sources) @ javaee8-essentials-archetype ---
[INFO] Building jar: /home/codegex/Documents/workspace/rbugs/experiment/top100repos/javaee8-essentials-archetype/target/javaee8-essentials-archetype-0.0.5-SNAPSHOT-sources.jar
[INFO] 
[INFO] --- maven-install-plugin:3.0.0-M1:install (default-install) @ javaee8-essentials-archetype ---
[INFO] Installing /home/codegex/Documents/workspace/rbugs/experiment/top100repos/javaee8-essentials-archetype/target/javaee8-essentials-archetype-0.0.5-SNAPSHOT.jar to /home/codegex/.m2/repository/com/airhacks/javaee8-essentials-archetype/0.0.5-SNAPSHOT/javaee8-essentials-archetype-0.0.5-SNAPSHOT.jar
[INFO] Installing /home/codegex/Documents/workspace/rbugs/experiment/top100repos/javaee8-essentials-archetype/pom.xml to /home/codegex/.m2/repository/com/airhacks/javaee8-essentials-archetype/0.0.5-SNAPSHOT/javaee8-essentials-archetype-0.0.5-SNAPSHOT.pom
[INFO] Installing /home/codegex/Documents/workspace/rbugs/experiment/top100repos/javaee8-essentials-archetype/target/javaee8-essentials-archetype-0.0.5-SNAPSHOT-sources.jar to /home/codegex/.m2/repository/com/airhacks/javaee8-essentials-archetype/0.0.5-SNAPSHOT/javaee8-essentials-archetype-0.0.5-SNAPSHOT-sources.jar
[INFO] 
[INFO] --- maven-archetype-plugin:3.0.1:update-local-catalog (default-update-local-catalog) @ javaee8-essentials-archetype ---
[INFO] 
[INFO] --- maven-dependency-plugin:2.8:purge-local-repository (default-cli) @ javaee8-essentials-archetype ---
[INFO] No artifacts included for purge for project: com.airhacks:javaee8-essentials-archetype:maven-archetype:0.0.5-SNAPSHOT
[INFO] ------------------------------------------------------------------------
[INFO] BUILD SUCCESS
[INFO] ------------------------------------------------------------------------
[INFO] Total time:  5.588 s
[INFO] Finished at: 2021-03-28T11:29:04+08:00
[INFO] ------------------------------------------------------------------------
WARNING: An illegal reflective access operation has occurred
WARNING: Illegal reflective access by com.google.inject.internal.cglib.core.$ReflectUtils$1 (file:/usr/share/maven/lib/guice.jar) to method java.lang.ClassLoader.defineClass(java.lang.String,byte[],int,int,java.security.ProtectionDomain)
WARNING: Please consider reporting this to the maintainers of com.google.inject.internal.cglib.core.$ReflectUtils$1
WARNING: Use --illegal-access=warn to enable warnings of further illegal reflective access operations
WARNING: All illegal access operations will be denied in a future release
