[INFO] Scanning for projects...
[INFO] Downloading from central: https://repo.maven.apache.org/maven2/org/eclipse/tycho/tycho-maven-plugin/2.0.0/tycho-maven-plugin-2.0.0.pom
[INFO] Downloaded from central: https://repo.maven.apache.org/maven2/org/eclipse/tycho/tycho-maven-plugin/2.0.0/tycho-maven-plugin-2.0.0.pom (2.1 kB at 1.8 kB/s)
[INFO] Downloading from central: https://repo.maven.apache.org/maven2/org/eclipse/tycho/tycho/2.0.0/tycho-2.0.0.pom
[INFO] Downloaded from central: https://repo.maven.apache.org/maven2/org/eclipse/tycho/tycho/2.0.0/tycho-2.0.0.pom (18 kB at 45 kB/s)
[INFO] Downloading from central: https://repo.maven.apache.org/maven2/org/eclipse/tycho/tycho-core/2.0.0/tycho-core-2.0.0.pom
[INFO] Downloaded from central: https://repo.maven.apache.org/maven2/org/eclipse/tycho/tycho-core/2.0.0/tycho-core-2.0.0.pom (6.6 kB at 17 kB/s)
[INFO] Downloading from central: https://repo.maven.apache.org/maven2/org/apache/maven/maven-core/3.6.3/maven-core-3.6.3.pom
[INFO] Downloaded from central: https://repo.maven.apache.org/maven2/org/apache/maven/maven-core/3.6.3/maven-core-3.6.3.pom (8.8 kB at 23 kB/s)
[INFO] Downloading from central: https://repo.maven.apache.org/maven2/org/apache/maven/maven-repository-metadata/3.6.3/maven-repository-metadata-3.6.3.pom
[INFO] Downloaded from central: https://repo.maven.apache.org/maven2/org/apache/maven/maven-repository-metadata/3.6.3/maven-repository-metadata-3.6.3.pom (1.9 kB at 5.4 kB/s)
[INFO] Downloading from central: https://repo.maven.apache.org/maven2/org/codehaus/plexus/plexus-component-annotations/2.1.0/plexus-component-annotations-2.1.0.pom
[INFO] Downloaded from central: https://repo.maven.apache.org/maven2/org/codehaus/plexus/plexus-component-annotations/2.1.0/plexus-component-annotations-2.1.0.pom (750 B at 2.1 kB/s)
[INFO] Downloading from central: https://repo.maven.apache.org/maven2/org/codehaus/plexus/plexus-containers/2.1.0/plexus-containers-2.1.0.pom
[INFO] Downloaded from central: https://repo.maven.apache.org/maven2/org/codehaus/plexus/plexus-containers/2.1.0/plexus-containers-2.1.0.pom (4.8 kB at 13 kB/s)
[INFO] Downloading from central: https://repo.maven.apache.org/maven2/org/apache/maven/maven-model-builder/3.6.3/maven-model-builder-3.6.3.pom
[INFO] Downloaded from central: https://repo.maven.apache.org/maven2/org/apache/maven/maven-model-builder/3.6.3/maven-model-builder-3.6.3.pom (3.4 kB at 9.4 kB/s)
[INFO] Downloading from central: https://repo.maven.apache.org/maven2/org/apache/maven/maven-resolver-provider/3.6.3/maven-resolver-provider-3.6.3.pom
[INFO] Downloaded from central: https://repo.maven.apache.org/maven2/org/apache/maven/maven-resolver-provider/3.6.3/maven-resolver-provider-3.6.3.pom (4.3 kB at 12 kB/s)
[INFO] Downloading from central: https://repo.maven.apache.org/maven2/org/apache/maven/resolver/maven-resolver-api/1.4.1/maven-resolver-api-1.4.1.pom
[INFO] Downloaded from central: https://repo.maven.apache.org/maven2/org/apache/maven/resolver/maven-resolver-api/1.4.1/maven-resolver-api-1.4.1.pom (2.6 kB at 7.3 kB/s)
[INFO] Downloading from central: https://repo.maven.apache.org/maven2/org/apache/maven/resolver/maven-resolver/1.4.1/maven-resolver-1.4.1.pom
[INFO] Downloaded from central: https://repo.maven.apache.org/maven2/org/apache/maven/resolver/maven-resolver/1.4.1/maven-resolver-1.4.1.pom (18 kB at 46 kB/s)
[INFO] Downloading from central: https://repo.maven.apache.org/maven2/org/apache/maven/resolver/maven-resolver-spi/1.4.1/maven-resolver-spi-1.4.1.pom
[INFO] Downloaded from central: https://repo.maven.apache.org/maven2/org/apache/maven/resolver/maven-resolver-spi/1.4.1/maven-resolver-spi-1.4.1.pom (2.6 kB at 7.3 kB/s)
[INFO] Downloading from central: https://repo.maven.apache.org/maven2/org/apache/maven/resolver/maven-resolver-util/1.4.1/maven-resolver-util-1.4.1.pom
[INFO] Downloaded from central: https://repo.maven.apache.org/maven2/org/apache/maven/resolver/maven-resolver-util/1.4.1/maven-resolver-util-1.4.1.pom (2.8 kB at 7.8 kB/s)
[INFO] Downloading from central: https://repo.maven.apache.org/maven2/org/apache/maven/resolver/maven-resolver-impl/1.4.1/maven-resolver-impl-1.4.1.pom
[INFO] Downloaded from central: https://repo.maven.apache.org/maven2/org/apache/maven/resolver/maven-resolver-impl/1.4.1/maven-resolver-impl-1.4.1.pom (4.1 kB at 11 kB/s)
[INFO] Downloading from central: https://repo.maven.apache.org/maven2/org/slf4j/slf4j-api/1.7.29/slf4j-api-1.7.29.pom
[INFO] Downloaded from central: https://repo.maven.apache.org/maven2/org/slf4j/slf4j-api/1.7.29/slf4j-api-1.7.29.pom (3.8 kB at 11 kB/s)
[INFO] Downloading from central: https://repo.maven.apache.org/maven2/org/slf4j/slf4j-parent/1.7.29/slf4j-parent-1.7.29.pom
[INFO] Downloaded from central: https://repo.maven.apache.org/maven2/org/slf4j/slf4j-parent/1.7.29/slf4j-parent-1.7.29.pom (14 kB at 35 kB/s)
[INFO] Downloading from central: https://repo.maven.apache.org/maven2/com/google/inject/guice/4.2.1/guice-4.2.1.pom
[INFO] Downloaded from central: https://repo.maven.apache.org/maven2/com/google/inject/guice/4.2.1/guice-4.2.1.pom (11 kB at 29 kB/s)
[INFO] Downloading from central: https://repo.maven.apache.org/maven2/com/google/inject/guice-parent/4.2.1/guice-parent-4.2.1.pom
[INFO] Downloaded from central: https://repo.maven.apache.org/maven2/com/google/inject/guice-parent/4.2.1/guice-parent-4.2.1.pom (16 kB at 41 kB/s)
[INFO] Downloading from central: https://repo.maven.apache.org/maven2/com/google/guava/guava/25.1-android/guava-25.1-android.pom
[INFO] Downloaded from central: https://repo.maven.apache.org/maven2/com/google/guava/guava/25.1-android/guava-25.1-android.pom (7.8 kB at 21 kB/s)
[INFO] Downloading from central: https://repo.maven.apache.org/maven2/com/google/guava/guava-parent/25.1-android/guava-parent-25.1-android.pom
[INFO] Downloaded from central: https://repo.maven.apache.org/maven2/com/google/guava/guava-parent/25.1-android/guava-parent-25.1-android.pom (10 kB at 27 kB/s)
[INFO] Downloading from central: https://repo.maven.apache.org/maven2/org/codehaus/mojo/animal-sniffer-annotations/1.14/animal-sniffer-annotations-1.14.pom
[INFO] Downloaded from central: https://repo.maven.apache.org/maven2/org/codehaus/mojo/animal-sniffer-annotations/1.14/animal-sniffer-annotations-1.14.pom (0 B at 0 B/s)
[INFO] Downloading from central: https://repo.maven.apache.org/maven2/org/eclipse/tycho/org.eclipse.tycho.p2.tools.shared/2.0.0/org.eclipse.tycho.p2.tools.shared-2.0.0.pom
[INFO] Downloaded from central: https://repo.maven.apache.org/maven2/org/eclipse/tycho/org.eclipse.tycho.p2.tools.shared/2.0.0/org.eclipse.tycho.p2.tools.shared-2.0.0.pom (1.1 kB at 2.8 kB/s)
[INFO] Downloading from central: https://repo.maven.apache.org/maven2/org/eclipse/tycho/tycho-bundles/2.0.0/tycho-bundles-2.0.0.pom
[INFO] Downloaded from central: https://repo.maven.apache.org/maven2/org/eclipse/tycho/tycho-bundles/2.0.0/tycho-bundles-2.0.0.pom (3.0 kB at 8.3 kB/s)
[INFO] Downloading from central: https://repo.maven.apache.org/maven2/org/eclipse/tycho/org.eclipse.tycho.p2.resolver.shared/2.0.0/org.eclipse.tycho.p2.resolver.shared-2.0.0.pom
[INFO] Downloaded from central: https://repo.maven.apache.org/maven2/org/eclipse/tycho/org.eclipse.tycho.p2.resolver.shared/2.0.0/org.eclipse.tycho.p2.resolver.shared-2.0.0.pom (1.1 kB at 3.0 kB/s)
[INFO] Downloading from central: https://repo.maven.apache.org/maven2/org/eclipse/platform/org.eclipse.osgi.compatibility.state/1.1.800/org.eclipse.osgi.compatibility.state-1.1.800.pom
[INFO] Downloaded from central: https://repo.maven.apache.org/maven2/org/eclipse/platform/org.eclipse.osgi.compatibility.state/1.1.800/org.eclipse.osgi.compatibility.state-1.1.800.pom (2.0 kB at 5.5 kB/s)
[INFO] Downloading from central: https://repo.maven.apache.org/maven2/org/eclipse/platform/org.eclipse.osgi/3.15.300/org.eclipse.osgi-3.15.300.pom
[INFO] Downloaded from central: https://repo.maven.apache.org/maven2/org/eclipse/platform/org.eclipse.osgi/3.15.300/org.eclipse.osgi-3.15.300.pom (1.7 kB at 4.8 kB/s)
[INFO] Downloading from central: https://repo.maven.apache.org/maven2/org/eclipse/tycho/sisu-equinox-embedder/2.0.0/sisu-equinox-embedder-2.0.0.pom
[INFO] Downloaded from central: https://repo.maven.apache.org/maven2/org/eclipse/tycho/sisu-equinox-embedder/2.0.0/sisu-equinox-embedder-2.0.0.pom (1.8 kB at 4.2 kB/s)
[INFO] Downloading from central: https://repo.maven.apache.org/maven2/org/eclipse/tycho/sisu-equinox/2.0.0/sisu-equinox-2.0.0.pom
[INFO] Downloaded from central: https://repo.maven.apache.org/maven2/org/eclipse/tycho/sisu-equinox/2.0.0/sisu-equinox-2.0.0.pom (1.0 kB at 2.9 kB/s)
[INFO] Downloading from central: https://repo.maven.apache.org/maven2/org/eclipse/tycho/sisu-equinox-api/2.0.0/sisu-equinox-api-2.0.0.pom
[INFO] Downloaded from central: https://repo.maven.apache.org/maven2/org/eclipse/tycho/sisu-equinox-api/2.0.0/sisu-equinox-api-2.0.0.pom (1.7 kB at 4.8 kB/s)
[INFO] Downloading from central: https://repo.maven.apache.org/maven2/org/eclipse/tycho/tycho-metadata-model/2.0.0/tycho-metadata-model-2.0.0.pom
[INFO] Downloaded from central: https://repo.maven.apache.org/maven2/org/eclipse/tycho/tycho-metadata-model/2.0.0/tycho-metadata-model-2.0.0.pom (1.3 kB at 3.5 kB/s)
[INFO] Downloading from central: https://repo.maven.apache.org/maven2/de/pdark/decentxml/1.4/decentxml-1.4.pom
[INFO] Downloaded from central: https://repo.maven.apache.org/maven2/de/pdark/decentxml/1.4/decentxml-1.4.pom (9.5 kB at 25 kB/s)
[INFO] Downloading from central: https://repo.maven.apache.org/maven2/org/eclipse/tycho/tycho-embedder-api/2.0.0/tycho-embedder-api-2.0.0.pom
[INFO] Downloaded from central: https://repo.maven.apache.org/maven2/org/eclipse/tycho/tycho-embedder-api/2.0.0/tycho-embedder-api-2.0.0.pom (2.1 kB at 5.7 kB/s)
[INFO] Downloading from central: https://repo.maven.apache.org/maven2/org/eclipse/tycho/org.eclipse.tycho.embedder.shared/2.0.0/org.eclipse.tycho.embedder.shared-2.0.0.pom
[INFO] Downloaded from central: https://repo.maven.apache.org/maven2/org/eclipse/tycho/org.eclipse.tycho.embedder.shared/2.0.0/org.eclipse.tycho.embedder.shared-2.0.0.pom (1.1 kB at 2.7 kB/s)
[INFO] Downloading from central: https://repo.maven.apache.org/maven2/org/eclipse/tycho/org.eclipse.tycho.core.shared/2.0.0/org.eclipse.tycho.core.shared-2.0.0.pom
[INFO] Downloaded from central: https://repo.maven.apache.org/maven2/org/eclipse/tycho/org.eclipse.tycho.core.shared/2.0.0/org.eclipse.tycho.core.shared-2.0.0.pom (1.0 kB at 2.9 kB/s)
[INFO] Downloading from central: https://repo.maven.apache.org/maven2/org/apache/maven/maven-compat/3.6.3/maven-compat-3.6.3.pom
[INFO] Downloaded from central: https://repo.maven.apache.org/maven2/org/apache/maven/maven-compat/3.6.3/maven-compat-3.6.3.pom (4.6 kB at 13 kB/s)
[INFO] Downloading from central: https://repo.maven.apache.org/maven2/org/apache/maven/wagon/wagon-provider-api/3.3.4/wagon-provider-api-3.3.4.pom
[INFO] Downloaded from central: https://repo.maven.apache.org/maven2/org/apache/maven/wagon/wagon-provider-api/3.3.4/wagon-provider-api-3.3.4.pom (1.9 kB at 5.2 kB/s)
[INFO] Downloading from central: https://repo.maven.apache.org/maven2/org/apache/maven/wagon/wagon/3.3.4/wagon-3.3.4.pom
[INFO] Downloaded from central: https://repo.maven.apache.org/maven2/org/apache/maven/wagon/wagon/3.3.4/wagon-3.3.4.pom (21 kB at 52 kB/s)
[INFO] Downloading from central: https://repo.maven.apache.org/maven2/org/eclipse/tycho/tycho-p2-facade/2.0.0/tycho-p2-facade-2.0.0.pom
[INFO] Downloaded from central: https://repo.maven.apache.org/maven2/org/eclipse/tycho/tycho-p2-facade/2.0.0/tycho-p2-facade-2.0.0.pom (2.2 kB at 6.0 kB/s)
[INFO] Downloading from central: https://repo.maven.apache.org/maven2/org/eclipse/tycho/tycho-p2/2.0.0/tycho-p2-2.0.0.pom
[INFO] Downloaded from central: https://repo.maven.apache.org/maven2/org/eclipse/tycho/tycho-p2/2.0.0/tycho-p2-2.0.0.pom (1.1 kB at 3.1 kB/s)
[INFO] Downloading from central: https://repo.maven.apache.org/maven2/org/eclipse/tycho/tycho-maven-plugin/2.0.0/tycho-maven-plugin-2.0.0.jar
[INFO] Downloading from central: https://repo.maven.apache.org/maven2/org/eclipse/tycho/tycho-core/2.0.0/tycho-core-2.0.0.jar
[INFO] Downloading from central: https://repo.maven.apache.org/maven2/org/apache/maven/maven-settings/3.6.3/maven-settings-3.6.3.jar
[INFO] Downloading from central: https://repo.maven.apache.org/maven2/org/apache/maven/maven-core/3.6.3/maven-core-3.6.3.jar
[INFO] Downloading from central: https://repo.maven.apache.org/maven2/org/apache/maven/maven-repository-metadata/3.6.3/maven-repository-metadata-3.6.3.jar
[INFO] Downloaded from central: https://repo.maven.apache.org/maven2/org/eclipse/tycho/tycho-maven-plugin/2.0.0/tycho-maven-plugin-2.0.0.jar (5.7 kB at 7.5 kB/s)
[INFO] Downloading from central: https://repo.maven.apache.org/maven2/org/apache/maven/maven-model-builder/3.6.3/maven-model-builder-3.6.3.jar
[INFO] Downloaded from central: https://repo.maven.apache.org/maven2/org/eclipse/tycho/tycho-core/2.0.0/tycho-core-2.0.0.jar (234 kB at 296 kB/s)
[INFO] Downloading from central: https://repo.maven.apache.org/maven2/org/apache/maven/maven-resolver-provider/3.6.3/maven-resolver-provider-3.6.3.jar
[INFO] Downloaded from central: https://repo.maven.apache.org/maven2/org/apache/maven/maven-repository-metadata/3.6.3/maven-repository-metadata-3.6.3.jar (27 kB at 34 kB/s)
[INFO] Downloading from central: https://repo.maven.apache.org/maven2/org/slf4j/slf4j-api/1.7.29/slf4j-api-1.7.29.jar
[INFO] Downloaded from central: https://repo.maven.apache.org/maven2/org/apache/maven/maven-settings/3.6.3/maven-settings-3.6.3.jar (44 kB at 47 kB/s)
[INFO] Downloading from central: https://repo.maven.apache.org/maven2/org/apache/maven/resolver/maven-resolver-impl/1.4.1/maven-resolver-impl-1.4.1.jar
[INFO] Downloaded from central: https://repo.maven.apache.org/maven2/org/apache/maven/maven-resolver-provider/3.6.3/maven-resolver-provider-3.6.3.jar (66 kB at 57 kB/s)
[INFO] Downloading from central: https://repo.maven.apache.org/maven2/org/apache/maven/resolver/maven-resolver-api/1.4.1/maven-resolver-api-1.4.1.jar
[INFO] Downloaded from central: https://repo.maven.apache.org/maven2/org/slf4j/slf4j-api/1.7.29/slf4j-api-1.7.29.jar (41 kB at 34 kB/s)
[INFO] Downloading from central: https://repo.maven.apache.org/maven2/org/apache/maven/resolver/maven-resolver-spi/1.4.1/maven-resolver-spi-1.4.1.jar
[INFO] Downloaded from central: https://repo.maven.apache.org/maven2/org/apache/maven/maven-core/3.6.3/maven-core-3.6.3.jar (633 kB at 423 kB/s)
[INFO] Downloading from central: https://repo.maven.apache.org/maven2/org/apache/maven/resolver/maven-resolver-util/1.4.1/maven-resolver-util-1.4.1.jar
[INFO] Downloaded from central: https://repo.maven.apache.org/maven2/org/apache/maven/maven-model-builder/3.6.3/maven-model-builder-3.6.3.jar (192 kB at 125 kB/s)
[INFO] Downloading from central: https://repo.maven.apache.org/maven2/com/google/inject/guice/4.2.1/guice-4.2.1-no_aop.jar
[INFO] Downloaded from central: https://repo.maven.apache.org/maven2/org/apache/maven/resolver/maven-resolver-impl/1.4.1/maven-resolver-impl-1.4.1.jar (181 kB at 116 kB/s)
[INFO] Downloading from central: https://repo.maven.apache.org/maven2/com/google/guava/guava/25.1-android/guava-25.1-android.jar
[INFO] Downloaded from central: https://repo.maven.apache.org/maven2/org/apache/maven/resolver/maven-resolver-api/1.4.1/maven-resolver-api-1.4.1.jar (149 kB at 94 kB/s)
[INFO] Downloading from central: https://repo.maven.apache.org/maven2/org/codehaus/mojo/animal-sniffer-annotations/1.14/animal-sniffer-annotations-1.14.jar
[INFO] Downloaded from central: https://repo.maven.apache.org/maven2/org/apache/maven/resolver/maven-resolver-spi/1.4.1/maven-resolver-spi-1.4.1.jar (37 kB at 23 kB/s)
[INFO] Downloading from central: https://repo.maven.apache.org/maven2/org/eclipse/tycho/org.eclipse.tycho.p2.tools.shared/2.0.0/org.eclipse.tycho.p2.tools.shared-2.0.0.jar
[INFO] Downloaded from central: https://repo.maven.apache.org/maven2/org/codehaus/mojo/animal-sniffer-annotations/1.14/animal-sniffer-annotations-1.14.jar (0 B at 0 B/s)
[INFO] Downloading from central: https://repo.maven.apache.org/maven2/org/eclipse/tycho/org.eclipse.tycho.p2.resolver.shared/2.0.0/org.eclipse.tycho.p2.resolver.shared-2.0.0.jar
[INFO] Downloaded from central: https://repo.maven.apache.org/maven2/org/apache/maven/resolver/maven-resolver-util/1.4.1/maven-resolver-util-1.4.1.jar (168 kB at 88 kB/s)
[INFO] Downloading from central: https://repo.maven.apache.org/maven2/org/eclipse/platform/org.eclipse.osgi.compatibility.state/1.1.800/org.eclipse.osgi.compatibility.state-1.1.800.jar
[INFO] Downloaded from central: https://repo.maven.apache.org/maven2/org/eclipse/tycho/org.eclipse.tycho.p2.tools.shared/2.0.0/org.eclipse.tycho.p2.tools.shared-2.0.0.jar (22 kB at 11 kB/s)
[INFO] Downloading from central: https://repo.maven.apache.org/maven2/org/eclipse/platform/org.eclipse.osgi/3.15.300/org.eclipse.osgi-3.15.300.jar
[INFO] Downloaded from central: https://repo.maven.apache.org/maven2/org/eclipse/tycho/org.eclipse.tycho.p2.resolver.shared/2.0.0/org.eclipse.tycho.p2.resolver.shared-2.0.0.jar (29 kB at 14 kB/s)
[INFO] Downloading from central: https://repo.maven.apache.org/maven2/org/eclipse/tycho/sisu-equinox-embedder/2.0.0/sisu-equinox-embedder-2.0.0.jar
[INFO] Downloaded from central: https://repo.maven.apache.org/maven2/com/google/inject/guice/4.2.1/guice-4.2.1-no_aop.jar (521 kB at 240 kB/s)
[INFO] Downloading from central: https://repo.maven.apache.org/maven2/org/eclipse/tycho/sisu-equinox-api/2.0.0/sisu-equinox-api-2.0.0.jar
[INFO] Downloaded from central: https://repo.maven.apache.org/maven2/org/eclipse/platform/org.eclipse.osgi.compatibility.state/1.1.800/org.eclipse.osgi.compatibility.state-1.1.800.jar (248 kB at 106 kB/s)
[INFO] Downloading from central: https://repo.maven.apache.org/maven2/org/eclipse/tycho/tycho-metadata-model/2.0.0/tycho-metadata-model-2.0.0.jar
[INFO] Downloaded from central: https://repo.maven.apache.org/maven2/org/eclipse/tycho/sisu-equinox-embedder/2.0.0/sisu-equinox-embedder-2.0.0.jar (13 kB at 5.3 kB/s)
[INFO] Downloading from central: https://repo.maven.apache.org/maven2/de/pdark/decentxml/1.4/decentxml-1.4.jar
[INFO] Downloaded from central: https://repo.maven.apache.org/maven2/org/eclipse/tycho/sisu-equinox-api/2.0.0/sisu-equinox-api-2.0.0.jar (3.1 kB at 1.2 kB/s)
[INFO] Downloading from central: https://repo.maven.apache.org/maven2/org/eclipse/tycho/tycho-embedder-api/2.0.0/tycho-embedder-api-2.0.0.jar
[INFO] Downloaded from central: https://repo.maven.apache.org/maven2/org/eclipse/tycho/tycho-metadata-model/2.0.0/tycho-metadata-model-2.0.0.jar (38 kB at 14 kB/s)
[INFO] Downloading from central: https://repo.maven.apache.org/maven2/org/eclipse/tycho/org.eclipse.tycho.embedder.shared/2.0.0/org.eclipse.tycho.embedder.shared-2.0.0.jar
[INFO] Downloaded from central: https://repo.maven.apache.org/maven2/org/eclipse/tycho/tycho-embedder-api/2.0.0/tycho-embedder-api-2.0.0.jar (7.0 kB at 2.4 kB/s)
[INFO] Downloading from central: https://repo.maven.apache.org/maven2/org/eclipse/tycho/org.eclipse.tycho.core.shared/2.0.0/org.eclipse.tycho.core.shared-2.0.0.jar
[INFO] Downloaded from central: https://repo.maven.apache.org/maven2/de/pdark/decentxml/1.4/decentxml-1.4.jar (131 kB at 45 kB/s)
[INFO] Downloading from central: https://repo.maven.apache.org/maven2/org/apache/maven/maven-compat/3.6.3/maven-compat-3.6.3.jar
[INFO] Downloaded from central: https://repo.maven.apache.org/maven2/com/google/guava/guava/25.1-android/guava-25.1-android.jar (2.6 MB at 887 kB/s)
[INFO] Downloading from central: https://repo.maven.apache.org/maven2/org/apache/maven/wagon/wagon-provider-api/3.3.4/wagon-provider-api-3.3.4.jar
[INFO] Downloaded from central: https://repo.maven.apache.org/maven2/org/eclipse/tycho/org.eclipse.tycho.embedder.shared/2.0.0/org.eclipse.tycho.embedder.shared-2.0.0.jar (9.3 kB at 3.0 kB/s)
[INFO] Downloading from central: https://repo.maven.apache.org/maven2/org/eclipse/tycho/tycho-p2-facade/2.0.0/tycho-p2-facade-2.0.0.jar
[INFO] Downloaded from central: https://repo.maven.apache.org/maven2/org/eclipse/platform/org.eclipse.osgi/3.15.300/org.eclipse.osgi-3.15.300.jar (1.5 MB at 467 kB/s)
[INFO] Downloading from central: https://repo.maven.apache.org/maven2/org/codehaus/plexus/plexus-component-annotations/2.1.0/plexus-component-annotations-2.1.0.jar
[INFO] Downloaded from central: https://repo.maven.apache.org/maven2/org/eclipse/tycho/org.eclipse.tycho.core.shared/2.0.0/org.eclipse.tycho.core.shared-2.0.0.jar (41 kB at 12 kB/s)
[INFO] Downloaded from central: https://repo.maven.apache.org/maven2/org/apache/maven/wagon/wagon-provider-api/3.3.4/wagon-provider-api-3.3.4.jar (56 kB at 17 kB/s)
[INFO] Downloaded from central: https://repo.maven.apache.org/maven2/org/apache/maven/maven-compat/3.6.3/maven-compat-3.6.3.jar (288 kB at 86 kB/s)
[INFO] Downloaded from central: https://repo.maven.apache.org/maven2/org/eclipse/tycho/tycho-p2-facade/2.0.0/tycho-p2-facade-2.0.0.jar (25 kB at 7.3 kB/s)
[INFO] Downloaded from central: https://repo.maven.apache.org/maven2/org/codehaus/plexus/plexus-component-annotations/2.1.0/plexus-component-annotations-2.1.0.jar (4.2 kB at 1.2 kB/s)
[INFO] Downloading from central: https://repo.maven.apache.org/maven2/org/eclipse/tycho/tycho-bundles-external/2.0.0/tycho-bundles-external-2.0.0.zip
[INFO] Downloaded from central: https://repo.maven.apache.org/maven2/org/eclipse/tycho/tycho-bundles-external/2.0.0/tycho-bundles-external-2.0.0.zip (8.2 MB at 3.7 MB/s)
[INFO] Downloading from central: https://repo.maven.apache.org/maven2/org/eclipse/tycho/org.eclipse.tycho.p2.resolver.impl/2.0.0/org.eclipse.tycho.p2.resolver.impl-2.0.0.jar
[INFO] Downloaded from central: https://repo.maven.apache.org/maven2/org/eclipse/tycho/org.eclipse.tycho.p2.resolver.impl/2.0.0/org.eclipse.tycho.p2.resolver.impl-2.0.0.jar (237 kB at 598 kB/s)
[INFO] Downloading from central: https://repo.maven.apache.org/maven2/org/eclipse/tycho/org.eclipse.tycho.p2.maven.repository/2.0.0/org.eclipse.tycho.p2.maven.repository-2.0.0.jar
[INFO] Downloaded from central: https://repo.maven.apache.org/maven2/org/eclipse/tycho/org.eclipse.tycho.p2.maven.repository/2.0.0/org.eclipse.tycho.p2.maven.repository-2.0.0.jar (163 kB at 424 kB/s)
[INFO] Downloading from central: https://repo.maven.apache.org/maven2/org/eclipse/tycho/org.eclipse.tycho.p2.tools.impl/2.0.0/org.eclipse.tycho.p2.tools.impl-2.0.0.jar
[INFO] Downloaded from central: https://repo.maven.apache.org/maven2/org/eclipse/tycho/org.eclipse.tycho.p2.tools.impl/2.0.0/org.eclipse.tycho.p2.tools.impl-2.0.0.jar (50 kB at 136 kB/s)
[INFO] Downloading from central: https://repo.maven.apache.org/maven2/org/eclipse/tycho/target-platform-configuration/2.0.0/target-platform-configuration-2.0.0.pom
[INFO] Downloaded from central: https://repo.maven.apache.org/maven2/org/eclipse/tycho/target-platform-configuration/2.0.0/target-platform-configuration-2.0.0.pom (1.7 kB at 4.7 kB/s)
[INFO] Downloading from central: https://repo.maven.apache.org/maven2/org/eclipse/tycho/target-platform-configuration/2.0.0/target-platform-configuration-2.0.0.jar
[INFO] Downloaded from central: https://repo.maven.apache.org/maven2/org/eclipse/tycho/target-platform-configuration/2.0.0/target-platform-configuration-2.0.0.jar (11 kB at 31 kB/s)
[INFO] Downloading from central: https://repo.maven.apache.org/maven2/org/eclipse/tycho/tycho-compiler-plugin/2.0.0/tycho-compiler-plugin-2.0.0.pom
[INFO] Downloaded from central: https://repo.maven.apache.org/maven2/org/eclipse/tycho/tycho-compiler-plugin/2.0.0/tycho-compiler-plugin-2.0.0.pom (2.4 kB at 6.7 kB/s)
[INFO] Downloading from central: https://repo.maven.apache.org/maven2/org/eclipse/tycho/tycho-compiler-plugin/2.0.0/tycho-compiler-plugin-2.0.0.jar
[INFO] Downloaded from central: https://repo.maven.apache.org/maven2/org/eclipse/tycho/tycho-compiler-plugin/2.0.0/tycho-compiler-plugin-2.0.0.jar (35 kB at 96 kB/s)
[INFO] Downloading from central: https://repo.maven.apache.org/maven2/org/eclipse/tycho/tycho-p2-repository-plugin/2.0.0/tycho-p2-repository-plugin-2.0.0.pom
[INFO] Downloaded from central: https://repo.maven.apache.org/maven2/org/eclipse/tycho/tycho-p2-repository-plugin/2.0.0/tycho-p2-repository-plugin-2.0.0.pom (1.4 kB at 3.9 kB/s)
[INFO] Downloading from central: https://repo.maven.apache.org/maven2/org/eclipse/tycho/tycho-p2-repository-plugin/2.0.0/tycho-p2-repository-plugin-2.0.0.jar
[INFO] Downloaded from central: https://repo.maven.apache.org/maven2/org/eclipse/tycho/tycho-p2-repository-plugin/2.0.0/tycho-p2-repository-plugin-2.0.0.jar (15 kB at 42 kB/s)
[INFO] Downloading from central: https://repo.maven.apache.org/maven2/org/eclipse/tycho/tycho-packaging-plugin/2.0.0/tycho-packaging-plugin-2.0.0.pom
[INFO] Downloaded from central: https://repo.maven.apache.org/maven2/org/eclipse/tycho/tycho-packaging-plugin/2.0.0/tycho-packaging-plugin-2.0.0.pom (2.5 kB at 7.0 kB/s)
[INFO] Downloading from central: https://repo.maven.apache.org/maven2/org/eclipse/tycho/tycho-packaging-plugin/2.0.0/tycho-packaging-plugin-2.0.0.jar
[INFO] Downloaded from central: https://repo.maven.apache.org/maven2/org/eclipse/tycho/tycho-packaging-plugin/2.0.0/tycho-packaging-plugin-2.0.0.jar (132 kB at 350 kB/s)
[INFO] Downloading from central: https://repo.maven.apache.org/maven2/org/commonjava/maven/plugins/directory-maven-plugin/0.3.1/directory-maven-plugin-0.3.1.pom
[INFO] Downloaded from central: https://repo.maven.apache.org/maven2/org/commonjava/maven/plugins/directory-maven-plugin/0.3.1/directory-maven-plugin-0.3.1.pom (3.3 kB at 9.1 kB/s)
[INFO] Downloading from central: https://repo.maven.apache.org/maven2/org/apache/maven/maven/3.0.3/maven-3.0.3.pom
[INFO] Downloaded from central: https://repo.maven.apache.org/maven2/org/apache/maven/maven/3.0.3/maven-3.0.3.pom (23 kB at 62 kB/s)
[INFO] Downloading from central: https://repo.maven.apache.org/maven2/org/commonjava/maven/plugins/directory-maven-plugin/0.3.1/directory-maven-plugin-0.3.1.jar
[INFO] Downloaded from central: https://repo.maven.apache.org/maven2/org/commonjava/maven/plugins/directory-maven-plugin/0.3.1/directory-maven-plugin-0.3.1.jar (12 kB at 33 kB/s)
[INFO] Downloading from central: https://repo.maven.apache.org/maven2/org/codehaus/mojo/buildnumber-maven-plugin/1.4/buildnumber-maven-plugin-1.4.pom
[INFO] Downloaded from central: https://repo.maven.apache.org/maven2/org/codehaus/mojo/buildnumber-maven-plugin/1.4/buildnumber-maven-plugin-1.4.pom (14 kB at 37 kB/s)
[INFO] Downloading from central: https://repo.maven.apache.org/maven2/org/codehaus/mojo/mojo-parent/38/mojo-parent-38.pom
[INFO] Downloaded from central: https://repo.maven.apache.org/maven2/org/codehaus/mojo/mojo-parent/38/mojo-parent-38.pom (0 B at 0 B/s)
[INFO] Downloading from central: https://repo.maven.apache.org/maven2/org/codehaus/mojo/buildnumber-maven-plugin/1.4/buildnumber-maven-plugin-1.4.jar
[INFO] Downloaded from central: https://repo.maven.apache.org/maven2/org/codehaus/mojo/buildnumber-maven-plugin/1.4/buildnumber-maven-plugin-1.4.jar (40 kB at 106 kB/s)
[INFO] Downloading from central: https://repo.maven.apache.org/maven2/org/apache/maven/plugins/maven-enforcer-plugin/3.0.0-M1/maven-enforcer-plugin-3.0.0-M1.pom
[INFO] Downloaded from central: https://repo.maven.apache.org/maven2/org/apache/maven/plugins/maven-enforcer-plugin/3.0.0-M1/maven-enforcer-plugin-3.0.0-M1.pom (7.2 kB at 20 kB/s)
[INFO] Downloading from central: https://repo.maven.apache.org/maven2/org/apache/maven/enforcer/enforcer/3.0.0-M1/enforcer-3.0.0-M1.pom
[INFO] Downloaded from central: https://repo.maven.apache.org/maven2/org/apache/maven/enforcer/enforcer/3.0.0-M1/enforcer-3.0.0-M1.pom (8.3 kB at 23 kB/s)
[INFO] Downloading from central: https://repo.maven.apache.org/maven2/org/apache/maven/plugins/maven-enforcer-plugin/3.0.0-M1/maven-enforcer-plugin-3.0.0-M1.jar
[INFO] Downloaded from central: https://repo.maven.apache.org/maven2/org/apache/maven/plugins/maven-enforcer-plugin/3.0.0-M1/maven-enforcer-plugin-3.0.0-M1.jar (26 kB at 72 kB/s)
[INFO] Downloading from central: https://repo.maven.apache.org/maven2/com/diffplug/spotless/spotless-maven-plugin/2.5.0/spotless-maven-plugin-2.5.0.pom
[INFO] Downloaded from central: https://repo.maven.apache.org/maven2/com/diffplug/spotless/spotless-maven-plugin/2.5.0/spotless-maven-plugin-2.5.0.pom (2.9 kB at 7.9 kB/s)
[INFO] Downloading from central: https://repo.maven.apache.org/maven2/com/diffplug/spotless/spotless-maven-plugin/2.5.0/spotless-maven-plugin-2.5.0.jar
[INFO] Downloaded from central: https://repo.maven.apache.org/maven2/com/diffplug/spotless/spotless-maven-plugin/2.5.0/spotless-maven-plugin-2.5.0.jar (62 kB at 169 kB/s)
[WARNING] The POM for com.github.spotbugs:spotbugs-maven-plugin:jar:4.1.4-ZY is missing, no dependency information available
[INFO] Downloading from central: https://repo.maven.apache.org/maven2/org/eclipse/tycho/tycho-p2-plugin/2.0.0/tycho-p2-plugin-2.0.0.pom
[INFO] Downloaded from central: https://repo.maven.apache.org/maven2/org/eclipse/tycho/tycho-p2-plugin/2.0.0/tycho-p2-plugin-2.0.0.pom (2.2 kB at 5.9 kB/s)
[INFO] Downloading from central: https://repo.maven.apache.org/maven2/org/eclipse/tycho/tycho-p2-plugin/2.0.0/tycho-p2-plugin-2.0.0.jar
[INFO] Downloaded from central: https://repo.maven.apache.org/maven2/org/eclipse/tycho/tycho-p2-plugin/2.0.0/tycho-p2-plugin-2.0.0.jar (29 kB at 80 kB/s)
[INFO] Downloading from central: https://repo.maven.apache.org/maven2/org/eclipse/tycho/sisu-equinox-launching/2.0.0/sisu-equinox-launching-2.0.0.pom
[INFO] Downloaded from central: https://repo.maven.apache.org/maven2/org/eclipse/tycho/sisu-equinox-launching/2.0.0/sisu-equinox-launching-2.0.0.pom (2.7 kB at 7.3 kB/s)
[INFO] Downloading from central: https://repo.maven.apache.org/maven2/org/eclipse/tycho/tycho-artifactcomparator/2.0.0/tycho-artifactcomparator-2.0.0.pom
[INFO] Downloaded from central: https://repo.maven.apache.org/maven2/org/eclipse/tycho/tycho-artifactcomparator/2.0.0/tycho-artifactcomparator-2.0.0.pom (2.2 kB at 6.0 kB/s)
[INFO] Downloading from central: https://repo.maven.apache.org/maven2/org/ow2/asm/asm-tree/8.0.1/asm-tree-8.0.1.pom
[INFO] Downloaded from central: https://repo.maven.apache.org/maven2/org/ow2/asm/asm-tree/8.0.1/asm-tree-8.0.1.pom (3.1 kB at 8.7 kB/s)
[INFO] Downloading from central: https://repo.maven.apache.org/maven2/org/ow2/asm/asm/8.0.1/asm-8.0.1.pom
[INFO] Downloaded from central: https://repo.maven.apache.org/maven2/org/ow2/asm/asm/8.0.1/asm-8.0.1.pom (2.9 kB at 8.2 kB/s)
[INFO] Downloading from central: https://repo.maven.apache.org/maven2/org/ow2/asm/asm-util/8.0.1/asm-util-8.0.1.pom
[INFO] Downloaded from central: https://repo.maven.apache.org/maven2/org/ow2/asm/asm-util/8.0.1/asm-util-8.0.1.pom (3.7 kB at 10 kB/s)
[INFO] Downloading from central: https://repo.maven.apache.org/maven2/org/ow2/asm/asm-analysis/8.0.1/asm-analysis-8.0.1.pom
[INFO] Downloaded from central: https://repo.maven.apache.org/maven2/org/ow2/asm/asm-analysis/8.0.1/asm-analysis-8.0.1.pom (3.2 kB at 8.7 kB/s)
[INFO] Downloading from central: https://repo.maven.apache.org/maven2/org/eclipse/tycho/sisu-equinox-launching/2.0.0/sisu-equinox-launching-2.0.0.jar
[INFO] Downloading from central: https://repo.maven.apache.org/maven2/org/eclipse/tycho/tycho-artifactcomparator/2.0.0/tycho-artifactcomparator-2.0.0.jar
[INFO] Downloading from central: https://repo.maven.apache.org/maven2/org/ow2/asm/asm-tree/8.0.1/asm-tree-8.0.1.jar
[INFO] Downloading from central: https://repo.maven.apache.org/maven2/org/ow2/asm/asm/8.0.1/asm-8.0.1.jar
[INFO] Downloading from central: https://repo.maven.apache.org/maven2/org/ow2/asm/asm-util/8.0.1/asm-util-8.0.1.jar
[INFO] Downloaded from central: https://repo.maven.apache.org/maven2/org/eclipse/tycho/sisu-equinox-launching/2.0.0/sisu-equinox-launching-2.0.0.jar (28 kB at 76 kB/s)
[INFO] Downloading from central: https://repo.maven.apache.org/maven2/org/ow2/asm/asm-analysis/8.0.1/asm-analysis-8.0.1.jar
[INFO] Downloaded from central: https://repo.maven.apache.org/maven2/org/eclipse/tycho/tycho-artifactcomparator/2.0.0/tycho-artifactcomparator-2.0.0.jar (20 kB at 56 kB/s)
[INFO] Downloaded from central: https://repo.maven.apache.org/maven2/org/ow2/asm/asm-tree/8.0.1/asm-tree-8.0.1.jar (53 kB at 142 kB/s)
[INFO] Downloaded from central: https://repo.maven.apache.org/maven2/org/ow2/asm/asm-util/8.0.1/asm-util-8.0.1.jar (85 kB at 221 kB/s)
[INFO] Downloaded from central: https://repo.maven.apache.org/maven2/org/ow2/asm/asm/8.0.1/asm-8.0.1.jar (122 kB at 309 kB/s)
[INFO] Downloaded from central: https://repo.maven.apache.org/maven2/org/ow2/asm/asm-analysis/8.0.1/asm-analysis-8.0.1.jar (33 kB at 46 kB/s)
[WARNING] The POM for com.github.spotbugs:spotbugs-maven-plugin:jar:4.1.4-ZY is missing, no dependency information available
[WARNING] The POM for com.github.spotbugs:spotbugs-maven-plugin:jar:4.1.4-ZY is missing, no dependency information available
[WARNING] The POM for com.github.spotbugs:spotbugs-maven-plugin:jar:4.1.4-ZY is missing, no dependency information available
[WARNING] The POM for com.github.spotbugs:spotbugs-maven-plugin:jar:4.1.4-ZY is missing, no dependency information available
[WARNING] The POM for com.github.spotbugs:spotbugs-maven-plugin:jar:4.1.4-ZY is missing, no dependency information available
[WARNING] The POM for com.github.spotbugs:spotbugs-maven-plugin:jar:4.1.4-ZY is missing, no dependency information available
[WARNING] The POM for com.github.spotbugs:spotbugs-maven-plugin:jar:4.1.4-ZY is missing, no dependency information available
[WARNING] The POM for com.github.spotbugs:spotbugs-maven-plugin:jar:4.1.4-ZY is missing, no dependency information available
[WARNING] The POM for com.github.spotbugs:spotbugs-maven-plugin:jar:4.1.4-ZY is missing, no dependency information available
[WARNING] The POM for com.github.spotbugs:spotbugs-maven-plugin:jar:4.1.4-ZY is missing, no dependency information available
[WARNING] The POM for com.github.spotbugs:spotbugs-maven-plugin:jar:4.1.4-ZY is missing, no dependency information available
[WARNING] The POM for com.github.spotbugs:spotbugs-maven-plugin:jar:4.1.4-ZY is missing, no dependency information available
[WARNING] The POM for com.github.spotbugs:spotbugs-maven-plugin:jar:4.1.4-ZY is missing, no dependency information available
[WARNING] The POM for com.github.spotbugs:spotbugs-maven-plugin:jar:4.1.4-ZY is missing, no dependency information available
[WARNING] The POM for com.github.spotbugs:spotbugs-maven-plugin:jar:4.1.4-ZY is missing, no dependency information available
[WARNING] The POM for com.github.spotbugs:spotbugs-maven-plugin:jar:4.1.4-ZY is missing, no dependency information available
[WARNING] The POM for com.github.spotbugs:spotbugs-maven-plugin:jar:4.1.4-ZY is missing, no dependency information available
[WARNING] The POM for com.github.spotbugs:spotbugs-maven-plugin:jar:4.1.4-ZY is missing, no dependency information available
[WARNING] The POM for com.github.spotbugs:spotbugs-maven-plugin:jar:4.1.4-ZY is missing, no dependency information available
[WARNING] The POM for com.github.spotbugs:spotbugs-maven-plugin:jar:4.1.4-ZY is missing, no dependency information available
[WARNING] The POM for com.github.spotbugs:spotbugs-maven-plugin:jar:4.1.4-ZY is missing, no dependency information available
[WARNING] The POM for com.github.spotbugs:spotbugs-maven-plugin:jar:4.1.4-ZY is missing, no dependency information available
[WARNING] The POM for com.github.spotbugs:spotbugs-maven-plugin:jar:4.1.4-ZY is missing, no dependency information available
[WARNING] The POM for com.github.spotbugs:spotbugs-maven-plugin:jar:4.1.4-ZY is missing, no dependency information available
[WARNING] The POM for com.github.spotbugs:spotbugs-maven-plugin:jar:4.1.4-ZY is missing, no dependency information available
[WARNING] The POM for com.github.spotbugs:spotbugs-maven-plugin:jar:4.1.4-ZY is missing, no dependency information available
[WARNING] The POM for com.github.spotbugs:spotbugs-maven-plugin:jar:4.1.4-ZY is missing, no dependency information available
[WARNING] The POM for com.github.spotbugs:spotbugs-maven-plugin:jar:4.1.4-ZY is missing, no dependency information available
[WARNING] The POM for com.github.spotbugs:spotbugs-maven-plugin:jar:4.1.4-ZY is missing, no dependency information available
[WARNING] The POM for com.github.spotbugs:spotbugs-maven-plugin:jar:4.1.4-ZY is missing, no dependency information available
[WARNING] The POM for com.github.spotbugs:spotbugs-maven-plugin:jar:4.1.4-ZY is missing, no dependency information available
[WARNING] The POM for com.github.spotbugs:spotbugs-maven-plugin:jar:4.1.4-ZY is missing, no dependency information available
[WARNING] The POM for com.github.spotbugs:spotbugs-maven-plugin:jar:4.1.4-ZY is missing, no dependency information available
[WARNING] The POM for com.github.spotbugs:spotbugs-maven-plugin:jar:4.1.4-ZY is missing, no dependency information available
[INFO] Downloading from central: https://repo.maven.apache.org/maven2/com/googlecode/maven-download-plugin/download-maven-plugin/1.6.0/download-maven-plugin-1.6.0.pom
[INFO] Downloaded from central: https://repo.maven.apache.org/maven2/com/googlecode/maven-download-plugin/download-maven-plugin/1.6.0/download-maven-plugin-1.6.0.pom (11 kB at 30 kB/s)
[INFO] Downloading from central: https://repo.maven.apache.org/maven2/com/googlecode/maven-download-plugin/download-maven-plugin/1.6.0/download-maven-plugin-1.6.0.jar
[INFO] Downloaded from central: https://repo.maven.apache.org/maven2/com/googlecode/maven-download-plugin/download-maven-plugin/1.6.0/download-maven-plugin-1.6.0.jar (49 kB at 132 kB/s)
[WARNING] The POM for com.github.spotbugs:spotbugs-maven-plugin:jar:4.1.4-ZY is missing, no dependency information available
[INFO] Downloading from central: https://repo.maven.apache.org/maven2/com/googlecode/maven-download-plugin/download-maven-plugin/1.4.2/download-maven-plugin-1.4.2.pom
[INFO] Downloaded from central: https://repo.maven.apache.org/maven2/com/googlecode/maven-download-plugin/download-maven-plugin/1.4.2/download-maven-plugin-1.4.2.pom (11 kB at 30 kB/s)
[INFO] Downloading from central: https://repo.maven.apache.org/maven2/com/googlecode/maven-download-plugin/download-maven-plugin/1.4.2/download-maven-plugin-1.4.2.jar
[INFO] Downloaded from central: https://repo.maven.apache.org/maven2/com/googlecode/maven-download-plugin/download-maven-plugin/1.4.2/download-maven-plugin-1.4.2.jar (42 kB at 114 kB/s)
[WARNING] The POM for com.github.spotbugs:spotbugs-maven-plugin:jar:4.1.4-ZY is missing, no dependency information available
[WARNING] The POM for com.github.spotbugs:spotbugs-maven-plugin:jar:4.1.4-ZY is missing, no dependency information available
[WARNING] The POM for com.github.spotbugs:spotbugs-maven-plugin:jar:4.1.4-ZY is missing, no dependency information available
[WARNING] The POM for com.github.spotbugs:spotbugs-maven-plugin:jar:4.1.4-ZY is missing, no dependency information available
[WARNING] The POM for com.github.spotbugs:spotbugs-maven-plugin:jar:4.1.4-ZY is missing, no dependency information available
[WARNING] The POM for com.github.spotbugs:spotbugs-maven-plugin:jar:4.1.4-ZY is missing, no dependency information available
[WARNING] The POM for com.github.spotbugs:spotbugs-maven-plugin:jar:4.1.4-ZY is missing, no dependency information available
[WARNING] The POM for com.github.spotbugs:spotbugs-maven-plugin:jar:4.1.4-ZY is missing, no dependency information available
[WARNING] The POM for com.github.spotbugs:spotbugs-maven-plugin:jar:4.1.4-ZY is missing, no dependency information available
[WARNING] The POM for com.github.spotbugs:spotbugs-maven-plugin:jar:4.1.4-ZY is missing, no dependency information available
[WARNING] The POM for com.github.spotbugs:spotbugs-maven-plugin:jar:4.1.4-ZY is missing, no dependency information available
[WARNING] The POM for com.github.spotbugs:spotbugs-maven-plugin:jar:4.1.4-ZY is missing, no dependency information available
[WARNING] The POM for com.github.spotbugs:spotbugs-maven-plugin:jar:4.1.4-ZY is missing, no dependency information available
[WARNING] The POM for com.github.spotbugs:spotbugs-maven-plugin:jar:4.1.4-ZY is missing, no dependency information available
[WARNING] The POM for com.github.spotbugs:spotbugs-maven-plugin:jar:4.1.4-ZY is missing, no dependency information available
[WARNING] The POM for com.github.spotbugs:spotbugs-maven-plugin:jar:4.1.4-ZY is missing, no dependency information available
[WARNING] The POM for com.github.spotbugs:spotbugs-maven-plugin:jar:4.1.4-ZY is missing, no dependency information available
[WARNING] The POM for com.github.spotbugs:spotbugs-maven-plugin:jar:4.1.4-ZY is missing, no dependency information available
[INFO] Downloading from buchen-maven-repo: http://buchen.github.io/maven-repo/org/eclipse/tycho/tycho-p2-director-plugin/2.0.0/tycho-p2-director-plugin-2.0.0.pom
[INFO] Downloading from central: https://repo.maven.apache.org/maven2/org/eclipse/tycho/tycho-p2-director-plugin/2.0.0/tycho-p2-director-plugin-2.0.0.pom
[INFO] Downloaded from central: https://repo.maven.apache.org/maven2/org/eclipse/tycho/tycho-p2-director-plugin/2.0.0/tycho-p2-director-plugin-2.0.0.pom (2.9 kB at 8.0 kB/s)
[INFO] Downloading from buchen-maven-repo: http://buchen.github.io/maven-repo/org/eclipse/tycho/tycho-p2-director-plugin/2.0.0/tycho-p2-director-plugin-2.0.0.jar
[INFO] Downloading from central: https://repo.maven.apache.org/maven2/org/eclipse/tycho/tycho-p2-director-plugin/2.0.0/tycho-p2-director-plugin-2.0.0.jar
[INFO] Downloaded from central: https://repo.maven.apache.org/maven2/org/eclipse/tycho/tycho-p2-director-plugin/2.0.0/tycho-p2-director-plugin-2.0.0.jar (45 kB at 122 kB/s)
[INFO] Downloading from buchen-maven-repo: http://buchen.github.io/maven-repo/org/eclipse/tycho/tycho-standalone-p2-director/2.0.0/tycho-standalone-p2-director-2.0.0.pom
[INFO] Downloading from central: https://repo.maven.apache.org/maven2/org/eclipse/tycho/tycho-standalone-p2-director/2.0.0/tycho-standalone-p2-director-2.0.0.pom
[INFO] Downloaded from central: https://repo.maven.apache.org/maven2/org/eclipse/tycho/tycho-standalone-p2-director/2.0.0/tycho-standalone-p2-director-2.0.0.pom (1.8 kB at 4.9 kB/s)
[INFO] Downloading from buchen-maven-repo: http://buchen.github.io/maven-repo/org/eclipse/tycho/tycho-standalone-p2-director/2.0.0/tycho-standalone-p2-director-2.0.0.zip
[INFO] Downloading from buchen-maven-repo: http://buchen.github.io/maven-repo/org/apache/commons/commons-compress/1.20/commons-compress-1.20-sources.jar
[INFO] Downloading from central: https://repo.maven.apache.org/maven2/org/eclipse/tycho/tycho-standalone-p2-director/2.0.0/tycho-standalone-p2-director-2.0.0.zip
[INFO] Downloading from central: https://repo.maven.apache.org/maven2/org/apache/commons/commons-compress/1.20/commons-compress-1.20-sources.jar
[INFO] Downloaded from central: https://repo.maven.apache.org/maven2/org/apache/commons/commons-compress/1.20/commons-compress-1.20-sources.jar (580 kB at 1.1 MB/s)
[INFO] Downloaded from central: https://repo.maven.apache.org/maven2/org/eclipse/tycho/tycho-standalone-p2-director/2.0.0/tycho-standalone-p2-director-2.0.0.zip (8.1 MB at 5.2 MB/s)
[INFO] Downloading from buchen-maven-repo: http://buchen.github.io/maven-repo/name/abuchen/fix-info-plist-maven-plugin/1.5/fix-info-plist-maven-plugin-1.5.pom
[INFO] Downloading from central: https://repo.maven.apache.org/maven2/name/abuchen/fix-info-plist-maven-plugin/1.5/fix-info-plist-maven-plugin-1.5.pom
[INFO] Downloaded from central: https://repo.maven.apache.org/maven2/name/abuchen/fix-info-plist-maven-plugin/1.5/fix-info-plist-maven-plugin-1.5.pom (6.2 kB at 17 kB/s)
[INFO] Downloading from buchen-maven-repo: http://buchen.github.io/maven-repo/name/abuchen/fix-info-plist-maven-plugin/1.5/fix-info-plist-maven-plugin-1.5.jar
[INFO] Downloading from central: https://repo.maven.apache.org/maven2/name/abuchen/fix-info-plist-maven-plugin/1.5/fix-info-plist-maven-plugin-1.5.jar
[INFO] Downloaded from central: https://repo.maven.apache.org/maven2/name/abuchen/fix-info-plist-maven-plugin/1.5/fix-info-plist-maven-plugin-1.5.jar (18 kB at 50 kB/s)
[INFO] Downloading from buchen-maven-repo: http://buchen.github.io/maven-repo/com/github/spotbugs/spotbugs-maven-plugin/4.1.4-ZY/spotbugs-maven-plugin-4.1.4-ZY.pom
[WARNING] The POM for com.github.spotbugs:spotbugs-maven-plugin:jar:4.1.4-ZY is missing, no dependency information available
[INFO] Downloading from buchen-maven-repo: http://buchen.github.io/maven-repo/com/github/spotbugs/spotbugs-maven-plugin/4.1.4-ZY/spotbugs-maven-plugin-4.1.4-ZY.jar
[INFO] Downloading from buchen-maven-repo: http://buchen.github.io/maven-repo/org/eclipse/tycho/tycho-p2-publisher-plugin/2.0.0/tycho-p2-publisher-plugin-2.0.0.pom
[INFO] Downloading from central: https://repo.maven.apache.org/maven2/org/eclipse/tycho/tycho-p2-publisher-plugin/2.0.0/tycho-p2-publisher-plugin-2.0.0.pom
[INFO] Downloaded from central: https://repo.maven.apache.org/maven2/org/eclipse/tycho/tycho-p2-publisher-plugin/2.0.0/tycho-p2-publisher-plugin-2.0.0.pom (1.9 kB at 5.4 kB/s)
[INFO] Downloading from buchen-maven-repo: http://buchen.github.io/maven-repo/org/eclipse/tycho/tycho-p2-publisher-plugin/2.0.0/tycho-p2-publisher-plugin-2.0.0.jar
[INFO] Downloading from central: https://repo.maven.apache.org/maven2/org/eclipse/tycho/tycho-p2-publisher-plugin/2.0.0/tycho-p2-publisher-plugin-2.0.0.jar
[INFO] Downloaded from central: https://repo.maven.apache.org/maven2/org/eclipse/tycho/tycho-p2-publisher-plugin/2.0.0/tycho-p2-publisher-plugin-2.0.0.jar (22 kB at 59 kB/s)
[WARNING] The POM for com.github.spotbugs:spotbugs-maven-plugin:jar:4.1.4-ZY is missing, no dependency information available
[WARNING] The POM for com.github.spotbugs:spotbugs-maven-plugin:jar:4.1.4-ZY is missing, no dependency information available
[WARNING] The POM for com.github.spotbugs:spotbugs-maven-plugin:jar:4.1.4-ZY is missing, no dependency information available
[WARNING] The POM for com.github.spotbugs:spotbugs-maven-plugin:jar:4.1.4-ZY is missing, no dependency information available
[WARNING] The POM for com.github.spotbugs:spotbugs-maven-plugin:jar:4.1.4-ZY is missing, no dependency information available
[WARNING] The POM for com.github.spotbugs:spotbugs-maven-plugin:jar:4.1.4-ZY is missing, no dependency information available
[WARNING] The POM for com.github.spotbugs:spotbugs-maven-plugin:jar:4.1.4-ZY is missing, no dependency information available
[WARNING] The POM for com.github.spotbugs:spotbugs-maven-plugin:jar:4.1.4-ZY is missing, no dependency information available
[WARNING] The POM for com.github.spotbugs:spotbugs-maven-plugin:jar:4.1.4-ZY is missing, no dependency information available
[WARNING] The POM for com.github.spotbugs:spotbugs-maven-plugin:jar:4.1.4-ZY is missing, no dependency information available
[WARNING] The POM for com.github.spotbugs:spotbugs-maven-plugin:jar:4.1.4-ZY is missing, no dependency information available
[WARNING] The POM for com.github.spotbugs:spotbugs-maven-plugin:jar:4.1.4-ZY is missing, no dependency information available
[WARNING] The POM for com.github.spotbugs:spotbugs-maven-plugin:jar:4.1.4-ZY is missing, no dependency information available
[WARNING] The POM for com.github.spotbugs:spotbugs-maven-plugin:jar:4.1.4-ZY is missing, no dependency information available
[WARNING] The POM for com.github.spotbugs:spotbugs-maven-plugin:jar:4.1.4-ZY is missing, no dependency information available
[WARNING] The POM for com.github.spotbugs:spotbugs-maven-plugin:jar:4.1.4-ZY is missing, no dependency information available
[WARNING] The POM for com.github.spotbugs:spotbugs-maven-plugin:jar:4.1.4-ZY is missing, no dependency information available
[WARNING] The POM for com.github.spotbugs:spotbugs-maven-plugin:jar:4.1.4-ZY is missing, no dependency information available
[WARNING] The POM for com.github.spotbugs:spotbugs-maven-plugin:jar:4.1.4-ZY is missing, no dependency information available
[WARNING] The POM for com.github.spotbugs:spotbugs-maven-plugin:jar:4.1.4-ZY is missing, no dependency information available
[WARNING] The POM for com.github.spotbugs:spotbugs-maven-plugin:jar:4.1.4-ZY is missing, no dependency information available
[WARNING] The POM for com.github.spotbugs:spotbugs-maven-plugin:jar:4.1.4-ZY is missing, no dependency information available
[WARNING] The POM for com.github.spotbugs:spotbugs-maven-plugin:jar:4.1.4-ZY is missing, no dependency information available
[WARNING] The POM for com.github.spotbugs:spotbugs-maven-plugin:jar:4.1.4-ZY is missing, no dependency information available
[WARNING] The POM for com.github.spotbugs:spotbugs-maven-plugin:jar:4.1.4-ZY is missing, no dependency information available
[WARNING] The POM for com.github.spotbugs:spotbugs-maven-plugin:jar:4.1.4-ZY is missing, no dependency information available
[WARNING] The POM for com.github.spotbugs:spotbugs-maven-plugin:jar:4.1.4-ZY is missing, no dependency information available
[WARNING] The POM for com.github.spotbugs:spotbugs-maven-plugin:jar:4.1.4-ZY is missing, no dependency information available
[WARNING] The POM for com.github.spotbugs:spotbugs-maven-plugin:jar:4.1.4-ZY is missing, no dependency information available
[WARNING] The POM for com.github.spotbugs:spotbugs-maven-plugin:jar:4.1.4-ZY is missing, no dependency information available
[WARNING] The POM for com.github.spotbugs:spotbugs-maven-plugin:jar:4.1.4-ZY is missing, no dependency information available
[WARNING] The POM for com.github.spotbugs:spotbugs-maven-plugin:jar:4.1.4-ZY is missing, no dependency information available
[WARNING] The POM for com.github.spotbugs:spotbugs-maven-plugin:jar:4.1.4-ZY is missing, no dependency information available
[WARNING] The POM for com.github.spotbugs:spotbugs-maven-plugin:jar:4.1.4-ZY is missing, no dependency information available
[WARNING] The POM for com.github.spotbugs:spotbugs-maven-plugin:jar:4.1.4-ZY is missing, no dependency information available
[WARNING] The POM for com.github.spotbugs:spotbugs-maven-plugin:jar:4.1.4-ZY is missing, no dependency information available
[WARNING] The POM for com.github.spotbugs:spotbugs-maven-plugin:jar:4.1.4-ZY is missing, no dependency information available
[WARNING] The POM for com.github.spotbugs:spotbugs-maven-plugin:jar:4.1.4-ZY is missing, no dependency information available
[WARNING] The POM for com.github.spotbugs:spotbugs-maven-plugin:jar:4.1.4-ZY is missing, no dependency information available
[WARNING] The POM for com.github.spotbugs:spotbugs-maven-plugin:jar:4.1.4-ZY is missing, no dependency information available
[WARNING] The POM for com.github.spotbugs:spotbugs-maven-plugin:jar:4.1.4-ZY is missing, no dependency information available
[WARNING] The POM for com.github.spotbugs:spotbugs-maven-plugin:jar:4.1.4-ZY is missing, no dependency information available
[WARNING] The POM for com.github.spotbugs:spotbugs-maven-plugin:jar:4.1.4-ZY is missing, no dependency information available
[WARNING] The POM for com.github.spotbugs:spotbugs-maven-plugin:jar:4.1.4-ZY is missing, no dependency information available
[WARNING] The POM for com.github.spotbugs:spotbugs-maven-plugin:jar:4.1.4-ZY is missing, no dependency information available
[WARNING] The POM for com.github.spotbugs:spotbugs-maven-plugin:jar:4.1.4-ZY is missing, no dependency information available
[WARNING] The POM for com.github.spotbugs:spotbugs-maven-plugin:jar:4.1.4-ZY is missing, no dependency information available
[WARNING] The POM for com.github.spotbugs:spotbugs-maven-plugin:jar:4.1.4-ZY is missing, no dependency information available
[WARNING] The POM for com.github.spotbugs:spotbugs-maven-plugin:jar:4.1.4-ZY is missing, no dependency information available
[WARNING] The POM for com.github.spotbugs:spotbugs-maven-plugin:jar:4.1.4-ZY is missing, no dependency information available
[WARNING] The POM for com.github.spotbugs:spotbugs-maven-plugin:jar:4.1.4-ZY is missing, no dependency information available
[WARNING] The POM for com.github.spotbugs:spotbugs-maven-plugin:jar:4.1.4-ZY is missing, no dependency information available
[WARNING] The POM for com.github.spotbugs:spotbugs-maven-plugin:jar:4.1.4-ZY is missing, no dependency information available
[WARNING] The POM for com.github.spotbugs:spotbugs-maven-plugin:jar:4.1.4-ZY is missing, no dependency information available
[WARNING] The POM for com.github.spotbugs:spotbugs-maven-plugin:jar:4.1.4-ZY is missing, no dependency information available
[INFO] Downloading from central: https://repo.maven.apache.org/maven2/org/jacoco/jacoco-maven-plugin/0.8.6/jacoco-maven-plugin-0.8.6.pom
[INFO] Downloaded from central: https://repo.maven.apache.org/maven2/org/jacoco/jacoco-maven-plugin/0.8.6/jacoco-maven-plugin-0.8.6.pom (4.4 kB at 12 kB/s)
[INFO] Downloading from central: https://repo.maven.apache.org/maven2/org/jacoco/org.jacoco.build/0.8.6/org.jacoco.build-0.8.6.pom
[INFO] Downloaded from central: https://repo.maven.apache.org/maven2/org/jacoco/org.jacoco.build/0.8.6/org.jacoco.build-0.8.6.pom (42 kB at 115 kB/s)
[INFO] Downloading from central: https://repo.maven.apache.org/maven2/org/jacoco/jacoco-maven-plugin/0.8.6/jacoco-maven-plugin-0.8.6.jar
[INFO] Downloaded from central: https://repo.maven.apache.org/maven2/org/jacoco/jacoco-maven-plugin/0.8.6/jacoco-maven-plugin-0.8.6.jar (53 kB at 147 kB/s)
[INFO] Downloading from central: https://repo.maven.apache.org/maven2/org/eclipse/tycho/tycho-surefire-plugin/2.0.0/tycho-surefire-plugin-2.0.0.pom
[INFO] Downloaded from central: https://repo.maven.apache.org/maven2/org/eclipse/tycho/tycho-surefire-plugin/2.0.0/tycho-surefire-plugin-2.0.0.pom (6.0 kB at 16 kB/s)
[INFO] Downloading from central: https://repo.maven.apache.org/maven2/org/eclipse/tycho/tycho-surefire-plugin/2.0.0/tycho-surefire-plugin-2.0.0.jar
[INFO] Downloaded from central: https://repo.maven.apache.org/maven2/org/eclipse/tycho/tycho-surefire-plugin/2.0.0/tycho-surefire-plugin-2.0.0.jar (64 kB at 172 kB/s)
[INFO] Downloading from central: https://repo.maven.apache.org/maven2/org/eclipse/tycho/org.eclipse.tycho.surefire.osgibooter/2.0.0/org.eclipse.tycho.surefire.osgibooter-2.0.0.pom
[INFO] Downloaded from central: https://repo.maven.apache.org/maven2/org/eclipse/tycho/org.eclipse.tycho.surefire.osgibooter/2.0.0/org.eclipse.tycho.surefire.osgibooter-2.0.0.pom (3.3 kB at 8.3 kB/s)
[INFO] Downloading from central: https://repo.maven.apache.org/maven2/org/eclipse/tycho/org.eclipse.tycho.surefire.junit/2.0.0/org.eclipse.tycho.surefire.junit-2.0.0.pom
[INFO] Downloaded from central: https://repo.maven.apache.org/maven2/org/eclipse/tycho/org.eclipse.tycho.surefire.junit/2.0.0/org.eclipse.tycho.surefire.junit-2.0.0.pom (1.5 kB at 4.1 kB/s)
[INFO] Downloading from central: https://repo.maven.apache.org/maven2/org/eclipse/tycho/tycho-surefire/2.0.0/tycho-surefire-2.0.0.pom
[INFO] Downloaded from central: https://repo.maven.apache.org/maven2/org/eclipse/tycho/tycho-surefire/2.0.0/tycho-surefire-2.0.0.pom (3.2 kB at 8.8 kB/s)
[INFO] Downloading from central: https://repo.maven.apache.org/maven2/org/eclipse/tycho/org.eclipse.tycho.surefire.junit4/2.0.0/org.eclipse.tycho.surefire.junit4-2.0.0.pom
[INFO] Downloaded from central: https://repo.maven.apache.org/maven2/org/eclipse/tycho/org.eclipse.tycho.surefire.junit4/2.0.0/org.eclipse.tycho.surefire.junit4-2.0.0.pom (1.5 kB at 4.1 kB/s)
[INFO] Downloading from central: https://repo.maven.apache.org/maven2/org/eclipse/tycho/org.eclipse.tycho.surefire.junit47/2.0.0/org.eclipse.tycho.surefire.junit47-2.0.0.pom
[INFO] Downloaded from central: https://repo.maven.apache.org/maven2/org/eclipse/tycho/org.eclipse.tycho.surefire.junit47/2.0.0/org.eclipse.tycho.surefire.junit47-2.0.0.pom (1.9 kB at 5.1 kB/s)
[INFO] Downloading from central: https://repo.maven.apache.org/maven2/org/eclipse/tycho/org.eclipse.tycho.surefire.junit5/2.0.0/org.eclipse.tycho.surefire.junit5-2.0.0.pom
[INFO] Downloaded from central: https://repo.maven.apache.org/maven2/org/eclipse/tycho/org.eclipse.tycho.surefire.junit5/2.0.0/org.eclipse.tycho.surefire.junit5-2.0.0.pom (3.3 kB at 9.0 kB/s)
[INFO] Downloading from central: https://repo.maven.apache.org/maven2/org/eclipse/tycho/org.eclipse.tycho.surefire.junit54/2.0.0/org.eclipse.tycho.surefire.junit54-2.0.0.pom
[INFO] Downloaded from central: https://repo.maven.apache.org/maven2/org/eclipse/tycho/org.eclipse.tycho.surefire.junit54/2.0.0/org.eclipse.tycho.surefire.junit54-2.0.0.pom (3.3 kB at 9.1 kB/s)
[INFO] Downloading from central: https://repo.maven.apache.org/maven2/org/eclipse/tycho/org.eclipse.tycho.surefire.junit55/2.0.0/org.eclipse.tycho.surefire.junit55-2.0.0.pom
[INFO] Downloaded from central: https://repo.maven.apache.org/maven2/org/eclipse/tycho/org.eclipse.tycho.surefire.junit55/2.0.0/org.eclipse.tycho.surefire.junit55-2.0.0.pom (3.3 kB at 9.1 kB/s)
[INFO] Downloading from central: https://repo.maven.apache.org/maven2/org/eclipse/tycho/org.eclipse.tycho.surefire.junit56/2.0.0/org.eclipse.tycho.surefire.junit56-2.0.0.pom
[INFO] Downloaded from central: https://repo.maven.apache.org/maven2/org/eclipse/tycho/org.eclipse.tycho.surefire.junit56/2.0.0/org.eclipse.tycho.surefire.junit56-2.0.0.pom (3.3 kB at 9.1 kB/s)
[INFO] Downloading from central: https://repo.maven.apache.org/maven2/org/eclipse/tycho/org.eclipse.tycho.surefire.testng/2.0.0/org.eclipse.tycho.surefire.testng-2.0.0.pom
[INFO] Downloaded from central: https://repo.maven.apache.org/maven2/org/eclipse/tycho/org.eclipse.tycho.surefire.testng/2.0.0/org.eclipse.tycho.surefire.testng-2.0.0.pom (2.1 kB at 5.7 kB/s)
[INFO] Downloading from central: https://repo.maven.apache.org/maven2/org/apache/maven/plugin-tools/maven-plugin-annotations/3.6.0/maven-plugin-annotations-3.6.0.pom
[INFO] Downloaded from central: https://repo.maven.apache.org/maven2/org/apache/maven/plugin-tools/maven-plugin-annotations/3.6.0/maven-plugin-annotations-3.6.0.pom (1.6 kB at 4.5 kB/s)
[INFO] Downloading from central: https://repo.maven.apache.org/maven2/org/apache/maven/plugin-tools/maven-plugin-tools/3.6.0/maven-plugin-tools-3.6.0.pom
[INFO] Downloaded from central: https://repo.maven.apache.org/maven2/org/apache/maven/plugin-tools/maven-plugin-tools/3.6.0/maven-plugin-tools-3.6.0.pom (15 kB at 41 kB/s)
[INFO] Downloading from central: https://repo.maven.apache.org/maven2/org/hamcrest/hamcrest-core/2.2/hamcrest-core-2.2.pom
[INFO] Downloaded from central: https://repo.maven.apache.org/maven2/org/hamcrest/hamcrest-core/2.2/hamcrest-core-2.2.pom (1.4 kB at 3.8 kB/s)
[INFO] Downloading from central: https://repo.maven.apache.org/maven2/org/eclipse/tycho/org.eclipse.tycho.surefire.osgibooter/2.0.0/org.eclipse.tycho.surefire.osgibooter-2.0.0.jar
[INFO] Downloading from central: https://repo.maven.apache.org/maven2/org/eclipse/tycho/org.eclipse.tycho.surefire.junit/2.0.0/org.eclipse.tycho.surefire.junit-2.0.0.jar
[INFO] Downloading from central: https://repo.maven.apache.org/maven2/org/eclipse/tycho/org.eclipse.tycho.surefire.junit47/2.0.0/org.eclipse.tycho.surefire.junit47-2.0.0.jar
[INFO] Downloading from central: https://repo.maven.apache.org/maven2/org/eclipse/tycho/org.eclipse.tycho.surefire.junit4/2.0.0/org.eclipse.tycho.surefire.junit4-2.0.0.jar
[INFO] Downloading from central: https://repo.maven.apache.org/maven2/org/eclipse/tycho/org.eclipse.tycho.surefire.junit5/2.0.0/org.eclipse.tycho.surefire.junit5-2.0.0.jar
[INFO] Downloaded from central: https://repo.maven.apache.org/maven2/org/eclipse/tycho/org.eclipse.tycho.surefire.junit/2.0.0/org.eclipse.tycho.surefire.junit-2.0.0.jar (26 kB at 70 kB/s)
[INFO] Downloading from central: https://repo.maven.apache.org/maven2/org/eclipse/tycho/org.eclipse.tycho.surefire.junit54/2.0.0/org.eclipse.tycho.surefire.junit54-2.0.0.jar
[INFO] Downloaded from central: https://repo.maven.apache.org/maven2/org/eclipse/tycho/org.eclipse.tycho.surefire.junit4/2.0.0/org.eclipse.tycho.surefire.junit4-2.0.0.jar (65 kB at 174 kB/s)
[INFO] Downloading from central: https://repo.maven.apache.org/maven2/org/eclipse/tycho/org.eclipse.tycho.surefire.junit55/2.0.0/org.eclipse.tycho.surefire.junit55-2.0.0.jar
[INFO] Downloaded from central: https://repo.maven.apache.org/maven2/org/eclipse/tycho/org.eclipse.tycho.surefire.junit47/2.0.0/org.eclipse.tycho.surefire.junit47-2.0.0.jar (185 kB at 450 kB/s)
[INFO] Downloading from central: https://repo.maven.apache.org/maven2/org/eclipse/tycho/org.eclipse.tycho.surefire.junit56/2.0.0/org.eclipse.tycho.surefire.junit56-2.0.0.jar
[INFO] Downloaded from central: https://repo.maven.apache.org/maven2/org/eclipse/tycho/org.eclipse.tycho.surefire.junit5/2.0.0/org.eclipse.tycho.surefire.junit5-2.0.0.jar (425 kB at 904 kB/s)
[INFO] Downloading from central: https://repo.maven.apache.org/maven2/org/eclipse/tycho/org.eclipse.tycho.surefire.testng/2.0.0/org.eclipse.tycho.surefire.testng-2.0.0.jar
[INFO] Downloaded from central: https://repo.maven.apache.org/maven2/org/eclipse/tycho/org.eclipse.tycho.surefire.osgibooter/2.0.0/org.eclipse.tycho.surefire.osgibooter-2.0.0.jar (936 kB at 1.3 MB/s)
[INFO] Downloaded from central: https://repo.maven.apache.org/maven2/org/eclipse/tycho/org.eclipse.tycho.surefire.junit54/2.0.0/org.eclipse.tycho.surefire.junit54-2.0.0.jar (616 kB at 776 kB/s)
[INFO] Downloaded from central: https://repo.maven.apache.org/maven2/org/eclipse/tycho/org.eclipse.tycho.surefire.testng/2.0.0/org.eclipse.tycho.surefire.testng-2.0.0.jar (111 kB at 129 kB/s)
[INFO] Downloaded from central: https://repo.maven.apache.org/maven2/org/eclipse/tycho/org.eclipse.tycho.surefire.junit55/2.0.0/org.eclipse.tycho.surefire.junit55-2.0.0.jar (680 kB at 742 kB/s)
[INFO] Downloaded from central: https://repo.maven.apache.org/maven2/org/eclipse/tycho/org.eclipse.tycho.surefire.junit56/2.0.0/org.eclipse.tycho.surefire.junit56-2.0.0.jar (706 kB at 713 kB/s)
[WARNING] The POM for com.github.spotbugs:spotbugs-maven-plugin:jar:4.1.4-ZY is missing, no dependency information available
[WARNING] The POM for com.github.spotbugs:spotbugs-maven-plugin:jar:4.1.4-ZY is missing, no dependency information available
[WARNING] The POM for com.github.spotbugs:spotbugs-maven-plugin:jar:4.1.4-ZY is missing, no dependency information available
[WARNING] The POM for com.github.spotbugs:spotbugs-maven-plugin:jar:4.1.4-ZY is missing, no dependency information available
[WARNING] The POM for com.github.spotbugs:spotbugs-maven-plugin:jar:4.1.4-ZY is missing, no dependency information available
[WARNING] The POM for com.github.spotbugs:spotbugs-maven-plugin:jar:4.1.4-ZY is missing, no dependency information available
[WARNING] The POM for com.github.spotbugs:spotbugs-maven-plugin:jar:4.1.4-ZY is missing, no dependency information available
[WARNING] The POM for com.github.spotbugs:spotbugs-maven-plugin:jar:4.1.4-ZY is missing, no dependency information available
[WARNING] The POM for com.github.spotbugs:spotbugs-maven-plugin:jar:4.1.4-ZY is missing, no dependency information available
[WARNING] The POM for com.github.spotbugs:spotbugs-maven-plugin:jar:4.1.4-ZY is missing, no dependency information available
[WARNING] The POM for com.github.spotbugs:spotbugs-maven-plugin:jar:4.1.4-ZY is missing, no dependency information available
[WARNING] The POM for com.github.spotbugs:spotbugs-maven-plugin:jar:4.1.4-ZY is missing, no dependency information available
[WARNING] The POM for com.github.spotbugs:spotbugs-maven-plugin:jar:4.1.4-ZY is missing, no dependency information available
[INFO] Computing target platform for MavenProject: org.openjdk.jmc:org.openjdk.jmc.alert:8.1.0-SNAPSHOT @ /home/codegex/Documents/workspace/rbugs/experiment/top100repos/jmc/application/org.openjdk.jmc.alert/pom.xml
[WARNING] Missing POM for org.openjdk.jmc:common:jar:8.1.0-SNAPSHOT
[WARNING] Missing POM for org.openjdk.jmc:common.test:jar:8.1.0-SNAPSHOT
[WARNING] Missing POM for org.openjdk.jmc:flightrecorder:jar:8.1.0-SNAPSHOT
[WARNING] Missing POM for org.openjdk.jmc:flightrecorder.rules:jar:8.1.0-SNAPSHOT
[WARNING] Missing POM for org.openjdk.jmc:flightrecorder.rules.jdk:jar:8.1.0-SNAPSHOT
[WARNING] Missing POM for org.openjdk.jmc:jdp:jar:8.1.0-SNAPSHOT
[WARNING] Missing POM for org.openjdk.jmc:flightrecorder.test:jar:8.1.0-SNAPSHOT
[INFO] Downloading from central: https://repo.maven.apache.org/maven2/org/jacoco/org.jacoco.agent/0.8.6/org.jacoco.agent-0.8.6.pom
[INFO] Downloaded from central: https://repo.maven.apache.org/maven2/org/jacoco/org.jacoco.agent/0.8.6/org.jacoco.agent-0.8.6.pom (3.5 kB at 9.6 kB/s)
[INFO] Downloading from central: https://repo.maven.apache.org/maven2/org/jacoco/org.jacoco.core/0.8.6/org.jacoco.core-0.8.6.pom
[INFO] Downloaded from central: https://repo.maven.apache.org/maven2/org/jacoco/org.jacoco.core/0.8.6/org.jacoco.core-0.8.6.pom (2.1 kB at 5.7 kB/s)
[INFO] Downloading from central: https://repo.maven.apache.org/maven2/org/ow2/asm/asm-commons/8.0.1/asm-commons-8.0.1.pom
[INFO] Downloaded from central: https://repo.maven.apache.org/maven2/org/ow2/asm/asm-commons/8.0.1/asm-commons-8.0.1.pom (3.7 kB at 10 kB/s)
[INFO] Downloading from central: https://repo.maven.apache.org/maven2/org/jacoco/org.jacoco.report/0.8.6/org.jacoco.report-0.8.6.pom
[INFO] Downloaded from central: https://repo.maven.apache.org/maven2/org/jacoco/org.jacoco.report/0.8.6/org.jacoco.report-0.8.6.pom (1.9 kB at 5.1 kB/s)
[INFO] Downloading from central: https://repo.maven.apache.org/maven2/org/apache/maven/maven-artifact-manager/2.0.2/maven-artifact-manager-2.0.2.jar
[INFO] Downloading from central: https://repo.maven.apache.org/maven2/org/apache/maven/maven-profile/2.0.10/maven-profile-2.0.10.jar
[INFO] Downloading from central: https://repo.maven.apache.org/maven2/org/apache/maven/maven-project/2.0.10/maven-project-2.0.10.jar
[INFO] Downloading from central: https://repo.maven.apache.org/maven2/org/apache/maven/maven-plugin-registry/2.0.10/maven-plugin-registry-2.0.10.jar
[INFO] Downloading from central: https://repo.maven.apache.org/maven2/org/jacoco/org.jacoco.agent/0.8.6/org.jacoco.agent-0.8.6-runtime.jar
[INFO] Downloaded from central: https://repo.maven.apache.org/maven2/org/apache/maven/maven-plugin-registry/2.0.10/maven-plugin-registry-2.0.10.jar (30 kB at 84 kB/s)
[INFO] Downloading from central: https://repo.maven.apache.org/maven2/org/jacoco/org.jacoco.core/0.8.6/org.jacoco.core-0.8.6.jar
[INFO] Downloaded from central: https://repo.maven.apache.org/maven2/org/apache/maven/maven-profile/2.0.10/maven-profile-2.0.10.jar (37 kB at 101 kB/s)
[INFO] Downloading from central: https://repo.maven.apache.org/maven2/org/ow2/asm/asm-commons/8.0.1/asm-commons-8.0.1.jar
[INFO] Downloaded from central: https://repo.maven.apache.org/maven2/org/apache/maven/maven-project/2.0.10/maven-project-2.0.10.jar (123 kB at 315 kB/s)
[INFO] Downloading from central: https://repo.maven.apache.org/maven2/org/jacoco/org.jacoco.report/0.8.6/org.jacoco.report-0.8.6.jar
[INFO] Downloaded from central: https://repo.maven.apache.org/maven2/org/apache/maven/maven-artifact-manager/2.0.2/maven-artifact-manager-2.0.2.jar (49 kB at 124 kB/s)
[INFO] Downloaded from central: https://repo.maven.apache.org/maven2/org/jacoco/org.jacoco.agent/0.8.6/org.jacoco.agent-0.8.6-runtime.jar (292 kB at 646 kB/s)
[INFO] Downloaded from central: https://repo.maven.apache.org/maven2/org/ow2/asm/asm-commons/8.0.1/asm-commons-8.0.1.jar (72 kB at 197 kB/s)
[INFO] Downloaded from central: https://repo.maven.apache.org/maven2/org/jacoco/org.jacoco.core/0.8.6/org.jacoco.core-0.8.6.jar (199 kB at 497 kB/s)
[INFO] Downloaded from central: https://repo.maven.apache.org/maven2/org/jacoco/org.jacoco.report/0.8.6/org.jacoco.report-0.8.6.jar (129 kB at 330 kB/s)
[ERROR] Internal error: java.lang.RuntimeException: Could not resolve project dependencies: Missing:
[ERROR] ----------
[ERROR] 1) org.openjdk.jmc:common:jar:8.1.0-SNAPSHOT
[ERROR] 
[ERROR]   Try downloading the file manually from the project website.
[ERROR] 
[ERROR]   Then, install it using the command: 
[ERROR]       mvn install:install-file -DgroupId=org.openjdk.jmc -DartifactId=common -Dversion=8.1.0-SNAPSHOT -Dpackaging=jar -Dfile=/path/to/file
[ERROR] 
[ERROR]   Alternatively, if you host your own repository you can deploy the file there: 
[ERROR]       mvn deploy:deploy-file -DgroupId=org.openjdk.jmc -DartifactId=common -Dversion=8.1.0-SNAPSHOT -Dpackaging=jar -Dfile=/path/to/file -Durl=[url] -DrepositoryId=[id]
[ERROR] 
[ERROR]   Path to dependency: 
[ERROR]   	1) org.openjdk.jmc:org.openjdk.jmc.alert:pom:8.1.0-SNAPSHOT
[ERROR]   	2) org.openjdk.jmc:common:jar:8.1.0-SNAPSHOT
[ERROR] 
[ERROR] 2) org.openjdk.jmc:common.test:jar:8.1.0-SNAPSHOT
[ERROR] 
[ERROR]   Try downloading the file manually from the project website.
[ERROR] 
[ERROR]   Then, install it using the command: 
[ERROR]       mvn install:install-file -DgroupId=org.openjdk.jmc -DartifactId=common.test -Dversion=8.1.0-SNAPSHOT -Dpackaging=jar -Dfile=/path/to/file
[ERROR] 
[ERROR]   Alternatively, if you host your own repository you can deploy the file there: 
[ERROR]       mvn deploy:deploy-file -DgroupId=org.openjdk.jmc -DartifactId=common.test -Dversion=8.1.0-SNAPSHOT -Dpackaging=jar -Dfile=/path/to/file -Durl=[url] -DrepositoryId=[id]
[ERROR] 
[ERROR]   Path to dependency: 
[ERROR]   	1) org.openjdk.jmc:org.openjdk.jmc.alert:pom:8.1.0-SNAPSHOT
[ERROR]   	2) org.openjdk.jmc:common.test:jar:8.1.0-SNAPSHOT
[ERROR] 
[ERROR] 3) org.openjdk.jmc:flightrecorder:jar:8.1.0-SNAPSHOT
[ERROR] 
[ERROR]   Try downloading the file manually from the project website.
[ERROR] 
[ERROR]   Then, install it using the command: 
[ERROR]       mvn install:install-file -DgroupId=org.openjdk.jmc -DartifactId=flightrecorder -Dversion=8.1.0-SNAPSHOT -Dpackaging=jar -Dfile=/path/to/file
[ERROR] 
[ERROR]   Alternatively, if you host your own repository you can deploy the file there: 
[ERROR]       mvn deploy:deploy-file -DgroupId=org.openjdk.jmc -DartifactId=flightrecorder -Dversion=8.1.0-SNAPSHOT -Dpackaging=jar -Dfile=/path/to/file -Durl=[url] -DrepositoryId=[id]
[ERROR] 
[ERROR]   Path to dependency: 
[ERROR]   	1) org.openjdk.jmc:org.openjdk.jmc.alert:pom:8.1.0-SNAPSHOT
[ERROR]   	2) org.openjdk.jmc:flightrecorder:jar:8.1.0-SNAPSHOT
[ERROR] 
[ERROR] 4) org.openjdk.jmc:jdp:jar:8.1.0-SNAPSHOT
[ERROR] 
[ERROR]   Try downloading the file manually from the project website.
[ERROR] 
[ERROR]   Then, install it using the command: 
[ERROR]       mvn install:install-file -DgroupId=org.openjdk.jmc -DartifactId=jdp -Dversion=8.1.0-SNAPSHOT -Dpackaging=jar -Dfile=/path/to/file
[ERROR] 
[ERROR]   Alternatively, if you host your own repository you can deploy the file there: 
[ERROR]       mvn deploy:deploy-file -DgroupId=org.openjdk.jmc -DartifactId=jdp -Dversion=8.1.0-SNAPSHOT -Dpackaging=jar -Dfile=/path/to/file -Durl=[url] -DrepositoryId=[id]
[ERROR] 
[ERROR]   Path to dependency: 
[ERROR]   	1) org.openjdk.jmc:org.openjdk.jmc.alert:pom:8.1.0-SNAPSHOT
[ERROR]   	2) org.openjdk.jmc:jdp:jar:8.1.0-SNAPSHOT
[ERROR] 
[ERROR] 5) org.openjdk.jmc:flightrecorder.rules:jar:8.1.0-SNAPSHOT
[ERROR] 
[ERROR]   Try downloading the file manually from the project website.
[ERROR] 
[ERROR]   Then, install it using the command: 
[ERROR]       mvn install:install-file -DgroupId=org.openjdk.jmc -DartifactId=flightrecorder.rules -Dversion=8.1.0-SNAPSHOT -Dpackaging=jar -Dfile=/path/to/file
[ERROR] 
[ERROR]   Alternatively, if you host your own repository you can deploy the file there: 
[ERROR]       mvn deploy:deploy-file -DgroupId=org.openjdk.jmc -DartifactId=flightrecorder.rules -Dversion=8.1.0-SNAPSHOT -Dpackaging=jar -Dfile=/path/to/file -Durl=[url] -DrepositoryId=[id]
[ERROR] 
[ERROR]   Path to dependency: 
[ERROR]   	1) org.openjdk.jmc:org.openjdk.jmc.alert:pom:8.1.0-SNAPSHOT
[ERROR]   	2) org.openjdk.jmc:flightrecorder.rules:jar:8.1.0-SNAPSHOT
[ERROR] 
[ERROR] 6) org.openjdk.jmc:flightrecorder.rules.jdk:jar:8.1.0-SNAPSHOT
[ERROR] 
[ERROR]   Try downloading the file manually from the project website.
[ERROR] 
[ERROR]   Then, install it using the command: 
[ERROR]       mvn install:install-file -DgroupId=org.openjdk.jmc -DartifactId=flightrecorder.rules.jdk -Dversion=8.1.0-SNAPSHOT -Dpackaging=jar -Dfile=/path/to/file
[ERROR] 
[ERROR]   Alternatively, if you host your own repository you can deploy the file there: 
[ERROR]       mvn deploy:deploy-file -DgroupId=org.openjdk.jmc -DartifactId=flightrecorder.rules.jdk -Dversion=8.1.0-SNAPSHOT -Dpackaging=jar -Dfile=/path/to/file -Durl=[url] -DrepositoryId=[id]
[ERROR] 
[ERROR]   Path to dependency: 
[ERROR]   	1) org.openjdk.jmc:org.openjdk.jmc.alert:pom:8.1.0-SNAPSHOT
[ERROR]   	2) org.openjdk.jmc:flightrecorder.rules.jdk:jar:8.1.0-SNAPSHOT
[ERROR] 
[ERROR] 7) org.openjdk.jmc:flightrecorder.test:jar:8.1.0-SNAPSHOT
[ERROR] 
[ERROR]   Try downloading the file manually from the project website.
[ERROR] 
[ERROR]   Then, install it using the command: 
[ERROR]       mvn install:install-file -DgroupId=org.openjdk.jmc -DartifactId=flightrecorder.test -Dversion=8.1.0-SNAPSHOT -Dpackaging=jar -Dfile=/path/to/file
[ERROR] 
[ERROR]   Alternatively, if you host your own repository you can deploy the file there: 
[ERROR]       mvn deploy:deploy-file -DgroupId=org.openjdk.jmc -DartifactId=flightrecorder.test -Dversion=8.1.0-SNAPSHOT -Dpackaging=jar -Dfile=/path/to/file -Durl=[url] -DrepositoryId=[id]
[ERROR] 
[ERROR]   Path to dependency: 
[ERROR]   	1) org.openjdk.jmc:org.openjdk.jmc.alert:pom:8.1.0-SNAPSHOT
[ERROR]   	2) org.openjdk.jmc:flightrecorder.test:jar:8.1.0-SNAPSHOT
[ERROR] 
[ERROR] ----------
[ERROR] 7 required artifacts are missing.
[ERROR] 
[ERROR] for artifact: 
[ERROR]   org.openjdk.jmc:org.openjdk.jmc.alert:pom:8.1.0-SNAPSHOT
[ERROR] 
[ERROR] from the specified remote repositories:
[ERROR]   central (https://repo.maven.apache.org/maven2, releases=true, snapshots=false)
[ERROR] -> [Help 1]
org.apache.maven.InternalErrorException: Internal error: java.lang.RuntimeException: Could not resolve project dependencies
    at org.apache.maven.DefaultMaven.execute (DefaultMaven.java:120)
    at org.apache.maven.cli.MavenCli.execute (MavenCli.java:957)
    at org.apache.maven.cli.MavenCli.doMain (MavenCli.java:289)
    at org.apache.maven.cli.MavenCli.main (MavenCli.java:193)
    at jdk.internal.reflect.NativeMethodAccessorImpl.invoke0 (Native Method)
    at jdk.internal.reflect.NativeMethodAccessorImpl.invoke (NativeMethodAccessorImpl.java:62)
    at jdk.internal.reflect.DelegatingMethodAccessorImpl.invoke (DelegatingMethodAccessorImpl.java:43)
    at java.lang.reflect.Method.invoke (Method.java:566)
    at org.codehaus.plexus.classworlds.launcher.Launcher.launchEnhanced (Launcher.java:282)
    at org.codehaus.plexus.classworlds.launcher.Launcher.launch (Launcher.java:225)
    at org.codehaus.plexus.classworlds.launcher.Launcher.mainWithExitCode (Launcher.java:406)
    at org.codehaus.plexus.classworlds.launcher.Launcher.main (Launcher.java:347)
Caused by: java.lang.RuntimeException: Could not resolve project dependencies
    at org.eclipse.tycho.p2.resolver.P2DependencyResolver.collectPomDependencies (P2DependencyResolver.java:282)
    at org.eclipse.tycho.p2.resolver.P2DependencyResolver.computePreliminaryTargetPlatform (P2DependencyResolver.java:210)
    at org.eclipse.tycho.core.resolver.DefaultTychoResolver.resolveProject (DefaultTychoResolver.java:120)
    at org.eclipse.tycho.core.maven.TychoMavenLifecycleParticipant.afterProjectsRead (TychoMavenLifecycleParticipant.java:95)
    at org.apache.maven.DefaultMaven.doExecute (DefaultMaven.java:264)
    at org.apache.maven.DefaultMaven.doExecute (DefaultMaven.java:192)
    at org.apache.maven.DefaultMaven.execute (DefaultMaven.java:105)
    at org.apache.maven.cli.MavenCli.execute (MavenCli.java:957)
    at org.apache.maven.cli.MavenCli.doMain (MavenCli.java:289)
    at org.apache.maven.cli.MavenCli.main (MavenCli.java:193)
    at jdk.internal.reflect.NativeMethodAccessorImpl.invoke0 (Native Method)
    at jdk.internal.reflect.NativeMethodAccessorImpl.invoke (NativeMethodAccessorImpl.java:62)
    at jdk.internal.reflect.DelegatingMethodAccessorImpl.invoke (DelegatingMethodAccessorImpl.java:43)
    at java.lang.reflect.Method.invoke (Method.java:566)
    at org.codehaus.plexus.classworlds.launcher.Launcher.launchEnhanced (Launcher.java:282)
    at org.codehaus.plexus.classworlds.launcher.Launcher.launch (Launcher.java:225)
    at org.codehaus.plexus.classworlds.launcher.Launcher.mainWithExitCode (Launcher.java:406)
    at org.codehaus.plexus.classworlds.launcher.Launcher.main (Launcher.java:347)
Caused by: org.apache.maven.artifact.resolver.MultipleArtifactsNotFoundException: Missing:
----------
1) org.openjdk.jmc:common:jar:8.1.0-SNAPSHOT

  Try downloading the file manually from the project website.

  Then, install it using the command: 
      mvn install:install-file -DgroupId=org.openjdk.jmc -DartifactId=common -Dversion=8.1.0-SNAPSHOT -Dpackaging=jar -Dfile=/path/to/file

  Alternatively, if you host your own repository you can deploy the file there: 
      mvn deploy:deploy-file -DgroupId=org.openjdk.jmc -DartifactId=common -Dversion=8.1.0-SNAPSHOT -Dpackaging=jar -Dfile=/path/to/file -Durl=[url] -DrepositoryId=[id]

  Path to dependency: 
  	1) org.openjdk.jmc:org.openjdk.jmc.alert:pom:8.1.0-SNAPSHOT
  	2) org.openjdk.jmc:common:jar:8.1.0-SNAPSHOT

2) org.openjdk.jmc:common.test:jar:8.1.0-SNAPSHOT

  Try downloading the file manually from the project website.

  Then, install it using the command: 
      mvn install:install-file -DgroupId=org.openjdk.jmc -DartifactId=common.test -Dversion=8.1.0-SNAPSHOT -Dpackaging=jar -Dfile=/path/to/file

  Alternatively, if you host your own repository you can deploy the file there: 
      mvn deploy:deploy-file -DgroupId=org.openjdk.jmc -DartifactId=common.test -Dversion=8.1.0-SNAPSHOT -Dpackaging=jar -Dfile=/path/to/file -Durl=[url] -DrepositoryId=[id]

  Path to dependency: 
  	1) org.openjdk.jmc:org.openjdk.jmc.alert:pom:8.1.0-SNAPSHOT
  	2) org.openjdk.jmc:common.test:jar:8.1.0-SNAPSHOT

3) org.openjdk.jmc:flightrecorder:jar:8.1.0-SNAPSHOT

  Try downloading the file manually from the project website.

  Then, install it using the command: 
      mvn install:install-file -DgroupId=org.openjdk.jmc -DartifactId=flightrecorder -Dversion=8.1.0-SNAPSHOT -Dpackaging=jar -Dfile=/path/to/file

  Alternatively, if you host your own repository you can deploy the file there: 
      mvn deploy:deploy-file -DgroupId=org.openjdk.jmc -DartifactId=flightrecorder -Dversion=8.1.0-SNAPSHOT -Dpackaging=jar -Dfile=/path/to/file -Durl=[url] -DrepositoryId=[id]

  Path to dependency: 
  	1) org.openjdk.jmc:org.openjdk.jmc.alert:pom:8.1.0-SNAPSHOT
  	2) org.openjdk.jmc:flightrecorder:jar:8.1.0-SNAPSHOT

4) org.openjdk.jmc:jdp:jar:8.1.0-SNAPSHOT

  Try downloading the file manually from the project website.

  Then, install it using the command: 
      mvn install:install-file -DgroupId=org.openjdk.jmc -DartifactId=jdp -Dversion=8.1.0-SNAPSHOT -Dpackaging=jar -Dfile=/path/to/file

  Alternatively, if you host your own repository you can deploy the file there: 
      mvn deploy:deploy-file -DgroupId=org.openjdk.jmc -DartifactId=jdp -Dversion=8.1.0-SNAPSHOT -Dpackaging=jar -Dfile=/path/to/file -Durl=[url] -DrepositoryId=[id]

  Path to dependency: 
  	1) org.openjdk.jmc:org.openjdk.jmc.alert:pom:8.1.0-SNAPSHOT
  	2) org.openjdk.jmc:jdp:jar:8.1.0-SNAPSHOT

5) org.openjdk.jmc:flightrecorder.rules:jar:8.1.0-SNAPSHOT

  Try downloading the file manually from the project website.

  Then, install it using the command: 
      mvn install:install-file -DgroupId=org.openjdk.jmc -DartifactId=flightrecorder.rules -Dversion=8.1.0-SNAPSHOT -Dpackaging=jar -Dfile=/path/to/file

  Alternatively, if you host your own repository you can deploy the file there: 
      mvn deploy:deploy-file -DgroupId=org.openjdk.jmc -DartifactId=flightrecorder.rules -Dversion=8.1.0-SNAPSHOT -Dpackaging=jar -Dfile=/path/to/file -Durl=[url] -DrepositoryId=[id]

  Path to dependency: 
  	1) org.openjdk.jmc:org.openjdk.jmc.alert:pom:8.1.0-SNAPSHOT
  	2) org.openjdk.jmc:flightrecorder.rules:jar:8.1.0-SNAPSHOT

6) org.openjdk.jmc:flightrecorder.rules.jdk:jar:8.1.0-SNAPSHOT

  Try downloading the file manually from the project website.

  Then, install it using the command: 
      mvn install:install-file -DgroupId=org.openjdk.jmc -DartifactId=flightrecorder.rules.jdk -Dversion=8.1.0-SNAPSHOT -Dpackaging=jar -Dfile=/path/to/file

  Alternatively, if you host your own repository you can deploy the file there: 
      mvn deploy:deploy-file -DgroupId=org.openjdk.jmc -DartifactId=flightrecorder.rules.jdk -Dversion=8.1.0-SNAPSHOT -Dpackaging=jar -Dfile=/path/to/file -Durl=[url] -DrepositoryId=[id]

  Path to dependency: 
  	1) org.openjdk.jmc:org.openjdk.jmc.alert:pom:8.1.0-SNAPSHOT
  	2) org.openjdk.jmc:flightrecorder.rules.jdk:jar:8.1.0-SNAPSHOT

7) org.openjdk.jmc:flightrecorder.test:jar:8.1.0-SNAPSHOT

  Try downloading the file manually from the project website.

  Then, install it using the command: 
      mvn install:install-file -DgroupId=org.openjdk.jmc -DartifactId=flightrecorder.test -Dversion=8.1.0-SNAPSHOT -Dpackaging=jar -Dfile=/path/to/file

  Alternatively, if you host your own repository you can deploy the file there: 
      mvn deploy:deploy-file -DgroupId=org.openjdk.jmc -DartifactId=flightrecorder.test -Dversion=8.1.0-SNAPSHOT -Dpackaging=jar -Dfile=/path/to/file -Durl=[url] -DrepositoryId=[id]

  Path to dependency: 
  	1) org.openjdk.jmc:org.openjdk.jmc.alert:pom:8.1.0-SNAPSHOT
  	2) org.openjdk.jmc:flightrecorder.test:jar:8.1.0-SNAPSHOT

----------
7 required artifacts are missing.

for artifact: 
  org.openjdk.jmc:org.openjdk.jmc.alert:pom:8.1.0-SNAPSHOT

from the specified remote repositories:
  central (https://repo.maven.apache.org/maven2, releases=true, snapshots=false)

    at org.apache.maven.artifact.resolver.DefaultResolutionErrorHandler.throwErrors (DefaultResolutionErrorHandler.java:73)
    at org.apache.maven.DefaultProjectDependenciesResolver.resolveImpl (DefaultProjectDependenciesResolver.java:169)
    at org.apache.maven.DefaultProjectDependenciesResolver.resolve (DefaultProjectDependenciesResolver.java:81)
    at org.apache.maven.DefaultProjectDependenciesResolver.resolve (DefaultProjectDependenciesResolver.java:65)
    at org.eclipse.tycho.p2.resolver.P2DependencyResolver.collectPomDependencies (P2DependencyResolver.java:269)
    at org.eclipse.tycho.p2.resolver.P2DependencyResolver.computePreliminaryTargetPlatform (P2DependencyResolver.java:210)
    at org.eclipse.tycho.core.resolver.DefaultTychoResolver.resolveProject (DefaultTychoResolver.java:120)
    at org.eclipse.tycho.core.maven.TychoMavenLifecycleParticipant.afterProjectsRead (TychoMavenLifecycleParticipant.java:95)
    at org.apache.maven.DefaultMaven.doExecute (DefaultMaven.java:264)
    at org.apache.maven.DefaultMaven.doExecute (DefaultMaven.java:192)
    at org.apache.maven.DefaultMaven.execute (DefaultMaven.java:105)
    at org.apache.maven.cli.MavenCli.execute (MavenCli.java:957)
    at org.apache.maven.cli.MavenCli.doMain (MavenCli.java:289)
    at org.apache.maven.cli.MavenCli.main (MavenCli.java:193)
    at jdk.internal.reflect.NativeMethodAccessorImpl.invoke0 (Native Method)
    at jdk.internal.reflect.NativeMethodAccessorImpl.invoke (NativeMethodAccessorImpl.java:62)
    at jdk.internal.reflect.DelegatingMethodAccessorImpl.invoke (DelegatingMethodAccessorImpl.java:43)
    at java.lang.reflect.Method.invoke (Method.java:566)
    at org.codehaus.plexus.classworlds.launcher.Launcher.launchEnhanced (Launcher.java:282)
    at org.codehaus.plexus.classworlds.launcher.Launcher.launch (Launcher.java:225)
    at org.codehaus.plexus.classworlds.launcher.Launcher.mainWithExitCode (Launcher.java:406)
    at org.codehaus.plexus.classworlds.launcher.Launcher.main (Launcher.java:347)
[ERROR] 
[ERROR] To see the full stack trace of the errors, re-run Maven with the -e switch.
[ERROR] Re-run Maven using the -X switch to enable full debug logging.
[ERROR] 
[ERROR] For more information about the errors and possible solutions, please read the following articles:
[ERROR] [Help 1] http://cwiki.apache.org/confluence/display/MAVEN/InternalErrorException
[INFO] Build failures were ignored.
WARNING: An illegal reflective access operation has occurred
WARNING: Illegal reflective access by com.google.inject.internal.cglib.core.$ReflectUtils$1 (file:/usr/share/maven/lib/guice.jar) to method java.lang.ClassLoader.defineClass(java.lang.String,byte[],int,int,java.security.ProtectionDomain)
WARNING: Please consider reporting this to the maintainers of com.google.inject.internal.cglib.core.$ReflectUtils$1
WARNING: Use --illegal-access=warn to enable warnings of further illegal reflective access operations
WARNING: All illegal access operations will be denied in a future release
