[INFO] Scanning for projects...
[WARNING] The POM for com.github.spotbugs:spotbugs-maven-plugin:jar:4.1.4-ZY is missing, no dependency information available
[WARNING] Failed to retrieve plugin descriptor for com.github.spotbugs:spotbugs-maven-plugin:4.1.4-ZY: Plugin com.github.spotbugs:spotbugs-maven-plugin:4.1.4-ZY or one of its dependencies could not be resolved: Failure to find com.github.spotbugs:spotbugs-maven-plugin:jar:4.1.4-ZY in https://repo.maven.apache.org/maven2 was cached in the local repository, resolution will not be reattempted until the update interval of central has elapsed or updates are forced
[INFO] 
[INFO] ----------------------< jp.eisbahn:oauth2-server >----------------------
[INFO] Building jp.eisbahn.oauth2-server 1.0-SNAPSHOT
[INFO] --------------------------------[ jar ]---------------------------------
[WARNING] The POM for com.github.spotbugs:spotbugs-maven-plugin:jar:4.1.4-ZY is missing, no dependency information available
[WARNING] Failed to retrieve plugin descriptor for com.github.spotbugs:spotbugs-maven-plugin:4.1.4-ZY: Plugin com.github.spotbugs:spotbugs-maven-plugin:4.1.4-ZY or one of its dependencies could not be resolved: Failure to find com.github.spotbugs:spotbugs-maven-plugin:jar:4.1.4-ZY in https://repo.maven.apache.org/maven2 was cached in the local repository, resolution will not be reattempted until the update interval of central has elapsed or updates are forced
[INFO] Downloading from central: https://repo.maven.apache.org/maven2/commons-codec/commons-codec/1.7/commons-codec-1.7.pom
[INFO] Downloaded from central: https://repo.maven.apache.org/maven2/commons-codec/commons-codec/1.7/commons-codec-1.7.pom (0 B at 0 B/s)
[INFO] Downloading from central: https://repo.maven.apache.org/maven2/org/apache/commons/commons-parent/26/commons-parent-26.pom
[INFO] Downloaded from central: https://repo.maven.apache.org/maven2/org/apache/commons/commons-parent/26/commons-parent-26.pom (0 B at 0 B/s)
[INFO] Downloading from central: https://repo.maven.apache.org/maven2/org/codehaus/jackson/jackson-mapper-lgpl/1.9.9/jackson-mapper-lgpl-1.9.9.pom
[INFO] Downloaded from central: https://repo.maven.apache.org/maven2/org/codehaus/jackson/jackson-mapper-lgpl/1.9.9/jackson-mapper-lgpl-1.9.9.pom (1.2 kB at 3.1 kB/s)
[INFO] Downloading from central: https://repo.maven.apache.org/maven2/org/codehaus/jackson/jackson-core-lgpl/1.9.9/jackson-core-lgpl-1.9.9.pom
[INFO] Downloaded from central: https://repo.maven.apache.org/maven2/org/codehaus/jackson/jackson-core-lgpl/1.9.9/jackson-core-lgpl-1.9.9.pom (1.0 kB at 2.8 kB/s)
[INFO] Downloading from central: https://repo.maven.apache.org/maven2/org/easymock/easymock/3.0/easymock-3.0.pom
[INFO] Downloaded from central: https://repo.maven.apache.org/maven2/org/easymock/easymock/3.0/easymock-3.0.pom (5.6 kB at 15 kB/s)
[INFO] Downloading from central: https://repo.maven.apache.org/maven2/org/easymock/easymock-parent/3.0/easymock-parent-3.0.pom
[INFO] Downloaded from central: https://repo.maven.apache.org/maven2/org/easymock/easymock-parent/3.0/easymock-parent-3.0.pom (10 kB at 28 kB/s)
[INFO] Downloading from central: https://repo.maven.apache.org/maven2/cglib/cglib-nodep/2.2/cglib-nodep-2.2.pom
[INFO] Downloaded from central: https://repo.maven.apache.org/maven2/cglib/cglib-nodep/2.2/cglib-nodep-2.2.pom (807 B at 2.2 kB/s)
[INFO] Downloading from central: https://repo.maven.apache.org/maven2/org/springframework/spring-context/3.2.1.RELEASE/spring-context-3.2.1.RELEASE.pom
[INFO] Downloaded from central: https://repo.maven.apache.org/maven2/org/springframework/spring-context/3.2.1.RELEASE/spring-context-3.2.1.RELEASE.pom (5.3 kB at 14 kB/s)
[INFO] Downloading from central: https://repo.maven.apache.org/maven2/org/springframework/spring-beans/3.2.1.RELEASE/spring-beans-3.2.1.RELEASE.pom
[INFO] Downloaded from central: https://repo.maven.apache.org/maven2/org/springframework/spring-beans/3.2.1.RELEASE/spring-beans-3.2.1.RELEASE.pom (1.9 kB at 5.1 kB/s)
[INFO] Downloading from central: https://repo.maven.apache.org/maven2/org/springframework/spring-core/3.2.1.RELEASE/spring-core-3.2.1.RELEASE.pom
[INFO] Downloaded from central: https://repo.maven.apache.org/maven2/org/springframework/spring-core/3.2.1.RELEASE/spring-core-3.2.1.RELEASE.pom (2.1 kB at 5.9 kB/s)
[INFO] Downloading from central: https://repo.maven.apache.org/maven2/org/springframework/spring-aop/3.2.1.RELEASE/spring-aop-3.2.1.RELEASE.pom
[INFO] Downloaded from central: https://repo.maven.apache.org/maven2/org/springframework/spring-aop/3.2.1.RELEASE/spring-aop-3.2.1.RELEASE.pom (2.5 kB at 6.9 kB/s)
[INFO] Downloading from central: https://repo.maven.apache.org/maven2/org/springframework/spring-expression/3.2.1.RELEASE/spring-expression-3.2.1.RELEASE.pom
[INFO] Downloaded from central: https://repo.maven.apache.org/maven2/org/springframework/spring-expression/3.2.1.RELEASE/spring-expression-3.2.1.RELEASE.pom (1.6 kB at 4.4 kB/s)
[INFO] Downloading from central: https://repo.maven.apache.org/maven2/org/springframework/spring-test/3.2.1.RELEASE/spring-test-3.2.1.RELEASE.pom
[INFO] Downloaded from central: https://repo.maven.apache.org/maven2/org/springframework/spring-test/3.2.1.RELEASE/spring-test-3.2.1.RELEASE.pom (6.1 kB at 16 kB/s)
[INFO] Downloading from central: https://repo.maven.apache.org/maven2/javax/servlet/servlet-api/2.4/servlet-api-2.4.pom
[INFO] Downloaded from central: https://repo.maven.apache.org/maven2/javax/servlet/servlet-api/2.4/servlet-api-2.4.pom (156 B at 429 B/s)
[INFO] Downloading from central: https://repo.maven.apache.org/maven2/commons-codec/commons-codec/1.7/commons-codec-1.7.jar
[INFO] Downloading from central: https://repo.maven.apache.org/maven2/org/codehaus/jackson/jackson-core-lgpl/1.9.9/jackson-core-lgpl-1.9.9.jar
[INFO] Downloading from central: https://repo.maven.apache.org/maven2/org/codehaus/jackson/jackson-mapper-lgpl/1.9.9/jackson-mapper-lgpl-1.9.9.jar
[INFO] Downloading from central: https://repo.maven.apache.org/maven2/cglib/cglib-nodep/2.2/cglib-nodep-2.2.jar
[INFO] Downloading from central: https://repo.maven.apache.org/maven2/org/easymock/easymock/3.0/easymock-3.0.jar
[INFO] Downloaded from central: https://repo.maven.apache.org/maven2/commons-codec/commons-codec/1.7/commons-codec-1.7.jar (0 B at 0 B/s)
[INFO] Downloading from central: https://repo.maven.apache.org/maven2/org/springframework/spring-context/3.2.1.RELEASE/spring-context-3.2.1.RELEASE.jar
[INFO] Downloaded from central: https://repo.maven.apache.org/maven2/org/easymock/easymock/3.0/easymock-3.0.jar (114 kB at 102 kB/s)
[INFO] Downloading from central: https://repo.maven.apache.org/maven2/org/springframework/spring-beans/3.2.1.RELEASE/spring-beans-3.2.1.RELEASE.jar
[INFO] Downloaded from central: https://repo.maven.apache.org/maven2/org/springframework/spring-context/3.2.1.RELEASE/spring-context-3.2.1.RELEASE.jar (859 kB at 646 kB/s)
[INFO] Downloading from central: https://repo.maven.apache.org/maven2/org/springframework/spring-aop/3.2.1.RELEASE/spring-aop-3.2.1.RELEASE.jar
[INFO] Downloaded from central: https://repo.maven.apache.org/maven2/cglib/cglib-nodep/2.2/cglib-nodep-2.2.jar (322 kB at 242 kB/s)
[INFO] Downloading from central: https://repo.maven.apache.org/maven2/org/springframework/spring-expression/3.2.1.RELEASE/spring-expression-3.2.1.RELEASE.jar
[INFO] Downloaded from central: https://repo.maven.apache.org/maven2/org/codehaus/jackson/jackson-core-lgpl/1.9.9/jackson-core-lgpl-1.9.9.jar (238 kB at 163 kB/s)
[INFO] Downloading from central: https://repo.maven.apache.org/maven2/org/springframework/spring-core/3.2.1.RELEASE/spring-core-3.2.1.RELEASE.jar
[INFO] Downloaded from central: https://repo.maven.apache.org/maven2/org/codehaus/jackson/jackson-mapper-lgpl/1.9.9/jackson-mapper-lgpl-1.9.9.jar (786 kB at 487 kB/s)
[INFO] Downloading from central: https://repo.maven.apache.org/maven2/org/springframework/spring-test/3.2.1.RELEASE/spring-test-3.2.1.RELEASE.jar
[INFO] Downloaded from central: https://repo.maven.apache.org/maven2/org/springframework/spring-expression/3.2.1.RELEASE/spring-expression-3.2.1.RELEASE.jar (195 kB at 111 kB/s)
[INFO] Downloading from central: https://repo.maven.apache.org/maven2/javax/servlet/servlet-api/2.4/servlet-api-2.4.jar
[INFO] Downloaded from central: https://repo.maven.apache.org/maven2/org/springframework/spring-aop/3.2.1.RELEASE/spring-aop-3.2.1.RELEASE.jar (335 kB at 188 kB/s)
[INFO] Downloaded from central: https://repo.maven.apache.org/maven2/org/springframework/spring-beans/3.2.1.RELEASE/spring-beans-3.2.1.RELEASE.jar (607 kB at 319 kB/s)
[INFO] Downloaded from central: https://repo.maven.apache.org/maven2/org/springframework/spring-core/3.2.1.RELEASE/spring-core-3.2.1.RELEASE.jar (864 kB at 452 kB/s)
[INFO] Downloaded from central: https://repo.maven.apache.org/maven2/org/springframework/spring-test/3.2.1.RELEASE/spring-test-3.2.1.RELEASE.jar (454 kB at 214 kB/s)
[INFO] Downloaded from central: https://repo.maven.apache.org/maven2/javax/servlet/servlet-api/2.4/servlet-api-2.4.jar (98 kB at 46 kB/s)
[INFO] 
[INFO] --- maven-clean-plugin:2.5:clean (default-clean) @ oauth2-server ---
[INFO] Deleting /home/codegex/Documents/workspace/rbugs/experiment/top100repos/oauth2-server/target
[INFO] 
[INFO] --- maven-resources-plugin:2.6:resources (default-resources) @ oauth2-server ---
[INFO] Using 'UTF-8' encoding to copy filtered resources.
[INFO] skip non existing resourceDirectory /home/codegex/Documents/workspace/rbugs/experiment/top100repos/oauth2-server/src/main/resources
[INFO] 
[INFO] --- maven-compiler-plugin:3.1:compile (default-compile) @ oauth2-server ---
[INFO] Changes detected - recompiling the module!
[INFO] Compiling 40 source files to /home/codegex/Documents/workspace/rbugs/experiment/top100repos/oauth2-server/target/classes
[INFO] -------------------------------------------------------------
[ERROR] COMPILATION ERROR : 
[INFO] -------------------------------------------------------------
[ERROR] Source option 5 is no longer supported. Use 6 or later.
[ERROR] Target option 1.5 is no longer supported. Use 1.6 or later.
[INFO] 2 errors 
[INFO] -------------------------------------------------------------
[INFO] ------------------------------------------------------------------------
[INFO] BUILD FAILURE
[INFO] ------------------------------------------------------------------------
[INFO] Total time:  8.535 s
[INFO] Finished at: 2021-03-28T09:54:14+08:00
[INFO] ------------------------------------------------------------------------
[ERROR] Failed to execute goal org.apache.maven.plugins:maven-compiler-plugin:3.1:compile (default-compile) on project oauth2-server: Compilation failure: Compilation failure: 
[ERROR] Source option 5 is no longer supported. Use 6 or later.
[ERROR] Target option 1.5 is no longer supported. Use 1.6 or later.
[ERROR] -> [Help 1]
[ERROR] 
[ERROR] To see the full stack trace of the errors, re-run Maven with the -e switch.
[ERROR] Re-run Maven using the -X switch to enable full debug logging.
[ERROR] 
[ERROR] For more information about the errors and possible solutions, please read the following articles:
[ERROR] [Help 1] http://cwiki.apache.org/confluence/display/MAVEN/MojoFailureException
[INFO] Build failures were ignored.
WARNING: An illegal reflective access operation has occurred
WARNING: Illegal reflective access by com.google.inject.internal.cglib.core.$ReflectUtils$1 (file:/usr/share/maven/lib/guice.jar) to method java.lang.ClassLoader.defineClass(java.lang.String,byte[],int,int,java.security.ProtectionDomain)
WARNING: Please consider reporting this to the maintainers of com.google.inject.internal.cglib.core.$ReflectUtils$1
WARNING: Use --illegal-access=warn to enable warnings of further illegal reflective access operations
WARNING: All illegal access operations will be denied in a future release
