[INFO] Scanning for projects...
[INFO] Downloading from cbi: https://repo.eclipse.org/content/repositories/cbi-releases/org/sonatype/nexus/maven/nexus-common/1.6.5/nexus-common-1.6.5.pom
[INFO] Downloading from central: https://repo.maven.apache.org/maven2/org/sonatype/nexus/maven/nexus-common/1.6.5/nexus-common-1.6.5.pom
[INFO] Downloaded from central: https://repo.maven.apache.org/maven2/org/sonatype/nexus/maven/nexus-common/1.6.5/nexus-common-1.6.5.pom (2.2 kB at 1.9 kB/s)
[INFO] Downloading from cbi: https://repo.eclipse.org/content/repositories/cbi-releases/org/sonatype/nexus/maven/nexus-common/1.6.5/nexus-common-1.6.5.jar
[INFO] Downloading from central: https://repo.maven.apache.org/maven2/org/sonatype/nexus/maven/nexus-common/1.6.5/nexus-common-1.6.5.jar
[INFO] Downloaded from central: https://repo.maven.apache.org/maven2/org/sonatype/nexus/maven/nexus-common/1.6.5/nexus-common-1.6.5.jar (16 kB at 41 kB/s)
[INFO] Inspecting build with total of 8 modules...
[INFO] Installing Nexus Staging features:
[INFO]   ... total of 8 executions of maven-deploy-plugin replaced with nexus-staging-maven-plugin
[WARNING] No explicit target runtime environment configuration. Build is platform dependent.
[INFO] Downloading from cbi: https://repo.eclipse.org/content/repositories/cbi-releases/org/eclipse/tycho/tycho-versions-plugin/1.7.0/tycho-versions-plugin-1.7.0.pom
[INFO] Downloading from central: https://repo.maven.apache.org/maven2/org/eclipse/tycho/tycho-versions-plugin/1.7.0/tycho-versions-plugin-1.7.0.pom
[INFO] Downloaded from central: https://repo.maven.apache.org/maven2/org/eclipse/tycho/tycho-versions-plugin/1.7.0/tycho-versions-plugin-1.7.0.pom (1.9 kB at 5.2 kB/s)
[INFO] Downloading from cbi: https://repo.eclipse.org/content/repositories/cbi-releases/org/eclipse/tycho/tycho-release/1.7.0/tycho-release-1.7.0.pom
[INFO] Downloading from central: https://repo.maven.apache.org/maven2/org/eclipse/tycho/tycho-release/1.7.0/tycho-release-1.7.0.pom
[INFO] Downloaded from central: https://repo.maven.apache.org/maven2/org/eclipse/tycho/tycho-release/1.7.0/tycho-release-1.7.0.pom (965 B at 1.0 kB/s)
[INFO] Downloading from cbi: https://repo.eclipse.org/content/repositories/cbi-releases/org/eclipse/tycho/tycho-versions-plugin/1.7.0/tycho-versions-plugin-1.7.0.jar
[INFO] Downloading from central: https://repo.maven.apache.org/maven2/org/eclipse/tycho/tycho-versions-plugin/1.7.0/tycho-versions-plugin-1.7.0.jar
[INFO] Downloaded from central: https://repo.maven.apache.org/maven2/org/eclipse/tycho/tycho-versions-plugin/1.7.0/tycho-versions-plugin-1.7.0.jar (92 kB at 155 kB/s)
[INFO] Downloading from cbi: https://repo.eclipse.org/content/repositories/cbi-releases/org/jacoco/jacoco-maven-plugin/0.8.2/jacoco-maven-plugin-0.8.2.pom
[INFO] Downloading from central: https://repo.maven.apache.org/maven2/org/jacoco/jacoco-maven-plugin/0.8.2/jacoco-maven-plugin-0.8.2.pom
[INFO] Downloaded from central: https://repo.maven.apache.org/maven2/org/jacoco/jacoco-maven-plugin/0.8.2/jacoco-maven-plugin-0.8.2.pom (4.9 kB at 13 kB/s)
[INFO] Downloading from cbi: https://repo.eclipse.org/content/repositories/cbi-releases/org/jacoco/org.jacoco.build/0.8.2/org.jacoco.build-0.8.2.pom
[INFO] Downloading from central: https://repo.maven.apache.org/maven2/org/jacoco/org.jacoco.build/0.8.2/org.jacoco.build-0.8.2.pom
[INFO] Downloaded from central: https://repo.maven.apache.org/maven2/org/jacoco/org.jacoco.build/0.8.2/org.jacoco.build-0.8.2.pom (40 kB at 38 kB/s)
[INFO] Downloading from cbi: https://repo.eclipse.org/content/repositories/cbi-releases/org/jacoco/jacoco-maven-plugin/0.8.2/jacoco-maven-plugin-0.8.2.jar
[INFO] Downloading from central: https://repo.maven.apache.org/maven2/org/jacoco/jacoco-maven-plugin/0.8.2/jacoco-maven-plugin-0.8.2.jar
[INFO] Downloaded from central: https://repo.maven.apache.org/maven2/org/jacoco/jacoco-maven-plugin/0.8.2/jacoco-maven-plugin-0.8.2.jar (54 kB at 123 kB/s)
[INFO] Downloading from cbi: https://repo.eclipse.org/content/repositories/cbi-releases/org/codehaus/mojo/templating-maven-plugin/1.0.0/templating-maven-plugin-1.0.0.pom
[INFO] Downloading from central: https://repo.maven.apache.org/maven2/org/codehaus/mojo/templating-maven-plugin/1.0.0/templating-maven-plugin-1.0.0.pom
[INFO] Downloaded from central: https://repo.maven.apache.org/maven2/org/codehaus/mojo/templating-maven-plugin/1.0.0/templating-maven-plugin-1.0.0.pom (7.7 kB at 21 kB/s)
[INFO] Downloading from cbi: https://repo.eclipse.org/content/repositories/cbi-releases/org/codehaus/mojo/templating-maven-plugin/1.0.0/templating-maven-plugin-1.0.0.jar
[INFO] Downloading from central: https://repo.maven.apache.org/maven2/org/codehaus/mojo/templating-maven-plugin/1.0.0/templating-maven-plugin-1.0.0.jar
[INFO] Downloaded from central: https://repo.maven.apache.org/maven2/org/codehaus/mojo/templating-maven-plugin/1.0.0/templating-maven-plugin-1.0.0.jar (22 kB at 23 kB/s)
[INFO] Downloading from cbi: https://repo.eclipse.org/content/repositories/cbi-releases/com/github/spotbugs/spotbugs-maven-plugin/4.1.4-ZY/spotbugs-maven-plugin-4.1.4-ZY.pom
[WARNING] No explicit target runtime environment configuration. Build is platform dependent.
[WARNING] No explicit target runtime environment configuration. Build is platform dependent.
[WARNING] No explicit target runtime environment configuration. Build is platform dependent.
[INFO] Computing target platform for MavenProject: org.eclipse.paho:org.eclipse.paho.client.mqttv3:1.2.5 @ /home/codegex/Documents/workspace/rbugs/experiment/top100repos/paho.mqtt.java/org.eclipse.paho.client.mqttv3/pom.xml
[INFO] Resolving dependencies of MavenProject: org.eclipse.paho:org.eclipse.paho.client.mqttv3:1.2.5 @ /home/codegex/Documents/workspace/rbugs/experiment/top100repos/paho.mqtt.java/org.eclipse.paho.client.mqttv3/pom.xml
[INFO] Resolving class path of MavenProject: org.eclipse.paho:org.eclipse.paho.client.mqttv3:1.2.5 @ /home/codegex/Documents/workspace/rbugs/experiment/top100repos/paho.mqtt.java/org.eclipse.paho.client.mqttv3/pom.xml
[INFO] Computing target platform for MavenProject: org.eclipse.paho:org.eclipse.paho.client.mqttv3.repository:1.2.5 @ /home/codegex/Documents/workspace/rbugs/experiment/top100repos/paho.mqtt.java/org.eclipse.paho.client.mqttv3.repository/pom.xml
[INFO] Resolving dependencies of MavenProject: org.eclipse.paho:org.eclipse.paho.client.mqttv3.repository:1.2.5 @ /home/codegex/Documents/workspace/rbugs/experiment/top100repos/paho.mqtt.java/org.eclipse.paho.client.mqttv3.repository/pom.xml
[INFO] Resolving class path of MavenProject: org.eclipse.paho:org.eclipse.paho.client.mqttv3.repository:1.2.5 @ /home/codegex/Documents/workspace/rbugs/experiment/top100repos/paho.mqtt.java/org.eclipse.paho.client.mqttv3.repository/pom.xml
[INFO] Computing target platform for MavenProject: org.eclipse.paho:org.eclipse.paho.mqttv5.client:1.2.5 @ /home/codegex/Documents/workspace/rbugs/experiment/top100repos/paho.mqtt.java/org.eclipse.paho.mqttv5.client/pom.xml
[INFO] Resolving dependencies of MavenProject: org.eclipse.paho:org.eclipse.paho.mqttv5.client:1.2.5 @ /home/codegex/Documents/workspace/rbugs/experiment/top100repos/paho.mqtt.java/org.eclipse.paho.mqttv5.client/pom.xml
[INFO] Resolving class path of MavenProject: org.eclipse.paho:org.eclipse.paho.mqttv5.client:1.2.5 @ /home/codegex/Documents/workspace/rbugs/experiment/top100repos/paho.mqtt.java/org.eclipse.paho.mqttv5.client/pom.xml
[INFO] Computing target platform for MavenProject: org.eclipse.paho:org.eclipse.paho.mqttv5.client.repository:1.2.5 @ /home/codegex/Documents/workspace/rbugs/experiment/top100repos/paho.mqtt.java/org.eclipse.paho.mqttv5.client.repository/pom.xml
[INFO] Resolving dependencies of MavenProject: org.eclipse.paho:org.eclipse.paho.mqttv5.client.repository:1.2.5 @ /home/codegex/Documents/workspace/rbugs/experiment/top100repos/paho.mqtt.java/org.eclipse.paho.mqttv5.client.repository/pom.xml
[INFO] Resolving class path of MavenProject: org.eclipse.paho:org.eclipse.paho.mqttv5.client.repository:1.2.5 @ /home/codegex/Documents/workspace/rbugs/experiment/top100repos/paho.mqtt.java/org.eclipse.paho.mqttv5.client.repository/pom.xml
[INFO] ------------------------------------------------------------------------
[INFO] Reactor Build Order:
[INFO] 
[INFO] Eclipse Paho                                                       [pom]
[INFO] org.eclipse.paho.client.mqttv3                          [eclipse-plugin]
[INFO] org.eclipse.paho.client.mqttv3.test                                [jar]
[INFO] Paho P2 Repository for mqttv3 client                [eclipse-repository]
[INFO] org.eclipse.paho.mqtt.utility                                      [jar]
[INFO] org.eclipse.paho.mqttv5.client                          [eclipse-plugin]
[INFO] org.eclipse.paho.mqttv5.client.test                                [jar]
[INFO] Paho P2 Repository                                  [eclipse-repository]
[WARNING] Failed to retrieve plugin descriptor for com.github.spotbugs:spotbugs-maven-plugin:4.1.4-ZY: Plugin com.github.spotbugs:spotbugs-maven-plugin:4.1.4-ZY or one of its dependencies could not be resolved: Failed to read artifact descriptor for com.github.spotbugs:spotbugs-maven-plugin:jar:4.1.4-ZY
[INFO] 
[INFO] --------------------< org.eclipse.paho:java-parent >--------------------
[INFO] Building Eclipse Paho 1.2.5                                        [1/8]
[INFO] --------------------------------[ pom ]---------------------------------
[WARNING] Failed to retrieve plugin descriptor for com.github.spotbugs:spotbugs-maven-plugin:4.1.4-ZY: Plugin com.github.spotbugs:spotbugs-maven-plugin:4.1.4-ZY or one of its dependencies could not be resolved: Failed to read artifact descriptor for com.github.spotbugs:spotbugs-maven-plugin:jar:4.1.4-ZY
[INFO] 
[INFO] --- maven-clean-plugin:2.5:clean (default-clean) @ java-parent ---
[INFO] Deleting /home/codegex/Documents/workspace/rbugs/experiment/top100repos/paho.mqtt.java/target
[INFO] 
[INFO] --- tycho-source-plugin:1.7.0:plugin-source (plugin-source) @ java-parent ---
[INFO] 
[INFO] --- maven-install-plugin:2.4:install (default-install) @ java-parent ---
[INFO] Installing /home/codegex/Documents/workspace/rbugs/experiment/top100repos/paho.mqtt.java/pom.xml to /home/codegex/.m2/repository/org/eclipse/paho/java-parent/1.2.5/java-parent-1.2.5.pom
[INFO] 
[INFO] --- maven-dependency-plugin:2.8:purge-local-repository (default-cli) @ java-parent ---
[INFO] No artifacts included for purge for project: org.eclipse.paho:java-parent:pom:1.2.5
[INFO] 
[INFO] ----------< org.eclipse.paho:org.eclipse.paho.client.mqttv3 >-----------
[INFO] Building org.eclipse.paho.client.mqttv3 1.2.5                      [2/8]
[INFO] ---------------------------[ eclipse-plugin ]---------------------------
[WARNING] Failed to retrieve plugin descriptor for com.github.spotbugs:spotbugs-maven-plugin:4.1.4-ZY: Plugin com.github.spotbugs:spotbugs-maven-plugin:4.1.4-ZY or one of its dependencies could not be resolved: Failed to read artifact descriptor for com.github.spotbugs:spotbugs-maven-plugin:jar:4.1.4-ZY
[INFO] 
[INFO] --- maven-clean-plugin:2.5:clean (default-clean) @ org.eclipse.paho.client.mqttv3 ---
[INFO] Deleting /home/codegex/Documents/workspace/rbugs/experiment/top100repos/paho.mqtt.java/org.eclipse.paho.client.mqttv3/target
[INFO] 
[INFO] --- tycho-packaging-plugin:1.7.0:build-qualifier (default-build-qualifier) @ org.eclipse.paho.client.mqttv3 ---
[INFO] The project's OSGi version is 1.2.5
[INFO] 
[INFO] --- tycho-packaging-plugin:1.7.0:validate-id (default-validate-id) @ org.eclipse.paho.client.mqttv3 ---
[INFO] 
[INFO] --- tycho-packaging-plugin:1.7.0:validate-version (default-validate-version) @ org.eclipse.paho.client.mqttv3 ---
[INFO] 
[INFO] --- jacoco-maven-plugin:0.8.2:prepare-agent (default) @ org.eclipse.paho.client.mqttv3 ---
[INFO] Downloading from cbi: https://repo.eclipse.org/content/repositories/cbi-releases/org/jacoco/org.jacoco.agent/0.8.2/org.jacoco.agent-0.8.2.pom
[INFO] Downloading from central: https://repo.maven.apache.org/maven2/org/jacoco/org.jacoco.agent/0.8.2/org.jacoco.agent-0.8.2.pom
[INFO] Downloaded from central: https://repo.maven.apache.org/maven2/org/jacoco/org.jacoco.agent/0.8.2/org.jacoco.agent-0.8.2.pom (3.5 kB at 9.6 kB/s)
[INFO] Downloading from cbi: https://repo.eclipse.org/content/repositories/cbi-releases/org/jacoco/org.jacoco.core/0.8.2/org.jacoco.core-0.8.2.pom
[INFO] Downloading from central: https://repo.maven.apache.org/maven2/org/jacoco/org.jacoco.core/0.8.2/org.jacoco.core-0.8.2.pom
[INFO] Downloaded from central: https://repo.maven.apache.org/maven2/org/jacoco/org.jacoco.core/0.8.2/org.jacoco.core-0.8.2.pom (2.1 kB at 2.2 kB/s)
[INFO] Downloading from cbi: https://repo.eclipse.org/content/repositories/cbi-releases/org/jacoco/org.jacoco.report/0.8.2/org.jacoco.report-0.8.2.pom
[INFO] Downloading from central: https://repo.maven.apache.org/maven2/org/jacoco/org.jacoco.report/0.8.2/org.jacoco.report-0.8.2.pom
[INFO] Downloaded from central: https://repo.maven.apache.org/maven2/org/jacoco/org.jacoco.report/0.8.2/org.jacoco.report-0.8.2.pom (1.9 kB at 5.0 kB/s)
[INFO] Downloading from cbi: https://repo.eclipse.org/content/repositories/cbi-releases/org/jacoco/org.jacoco.agent/0.8.2/org.jacoco.agent-0.8.2-runtime.jar
[INFO] Downloading from cbi: https://repo.eclipse.org/content/repositories/cbi-releases/org/jacoco/org.jacoco.core/0.8.2/org.jacoco.core-0.8.2.jar
[INFO] Downloading from cbi: https://repo.eclipse.org/content/repositories/cbi-releases/org/jacoco/org.jacoco.report/0.8.2/org.jacoco.report-0.8.2.jar
[INFO] Downloading from central: https://repo.maven.apache.org/maven2/org/jacoco/org.jacoco.agent/0.8.2/org.jacoco.agent-0.8.2-runtime.jar
[INFO] Downloading from central: https://repo.maven.apache.org/maven2/org/jacoco/org.jacoco.core/0.8.2/org.jacoco.core-0.8.2.jar
[INFO] Downloading from central: https://repo.maven.apache.org/maven2/org/jacoco/org.jacoco.report/0.8.2/org.jacoco.report-0.8.2.jar
[INFO] Downloaded from central: https://repo.maven.apache.org/maven2/org/jacoco/org.jacoco.agent/0.8.2/org.jacoco.agent-0.8.2-runtime.jar (270 kB at 297 kB/s)
[INFO] Downloaded from central: https://repo.maven.apache.org/maven2/org/jacoco/org.jacoco.report/0.8.2/org.jacoco.report-0.8.2.jar (128 kB at 115 kB/s)
[INFO] Downloaded from central: https://repo.maven.apache.org/maven2/org/jacoco/org.jacoco.core/0.8.2/org.jacoco.core-0.8.2.jar (175 kB at 153 kB/s)
[INFO] argLine set to -javaagent:/home/codegex/.m2/repository/org/jacoco/org.jacoco.agent/0.8.2/org.jacoco.agent-0.8.2-runtime.jar=destfile=/home/codegex/Documents/workspace/rbugs/experiment/top100repos/paho.mqtt.java/org.eclipse.paho.client.mqttv3/target/jacoco.exec
[INFO] 
[INFO] --- templating-maven-plugin:1.0.0:filter-sources (filter-src) @ org.eclipse.paho.client.mqttv3 ---
[INFO] Coping files with filtering to temporary directory.
[INFO] Using 'UTF-8' encoding to copy filtered resources.
[INFO] Copying 1 resource
[INFO] Copied 1 files to output directory: /home/codegex/Documents/workspace/rbugs/experiment/top100repos/paho.mqtt.java/org.eclipse.paho.client.mqttv3/target/generated-sources/java-templates
[INFO] Source directory: /home/codegex/Documents/workspace/rbugs/experiment/top100repos/paho.mqtt.java/org.eclipse.paho.client.mqttv3/target/generated-sources/java-templates added.
[INFO] 
[INFO] --- maven-resources-plugin:3.0.2:resources (default-resources) @ org.eclipse.paho.client.mqttv3 ---
[INFO] Using 'UTF-8' encoding to copy filtered resources.
[INFO] Copying 17 resources
[INFO] 
[INFO] --- maven-resources-plugin:3.0.2:copy-resources (default-copy-resources) @ org.eclipse.paho.client.mqttv3 ---
[INFO] Using 'UTF-8' encoding to copy filtered resources.
[INFO] Copying 1 resource
[INFO] 
[INFO] --- tycho-compiler-plugin:1.7.0:compile (default-compile) @ org.eclipse.paho.client.mqttv3 ---
[INFO] Downloading from cbi: https://repo.eclipse.org/content/repositories/cbi-releases/org/codehaus/plexus/plexus-compiler-manager/2.8.5/plexus-compiler-manager-2.8.5.pom
[INFO] Downloading from central: https://repo.maven.apache.org/maven2/org/codehaus/plexus/plexus-compiler-manager/2.8.5/plexus-compiler-manager-2.8.5.pom
[INFO] Downloaded from central: https://repo.maven.apache.org/maven2/org/codehaus/plexus/plexus-compiler-manager/2.8.5/plexus-compiler-manager-2.8.5.pom (692 B at 1.9 kB/s)
[INFO] Downloading from cbi: https://repo.eclipse.org/content/repositories/cbi-releases/org/eclipse/tycho/tycho-compiler-jdt/1.7.0/tycho-compiler-jdt-1.7.0.pom
[INFO] Downloading from central: https://repo.maven.apache.org/maven2/org/eclipse/tycho/tycho-compiler-jdt/1.7.0/tycho-compiler-jdt-1.7.0.pom
[INFO] Downloaded from central: https://repo.maven.apache.org/maven2/org/eclipse/tycho/tycho-compiler-jdt/1.7.0/tycho-compiler-jdt-1.7.0.pom (2.4 kB at 6.5 kB/s)
[INFO] Downloading from cbi: https://repo.eclipse.org/content/repositories/cbi-releases/org/eclipse/tycho/tycho-lib-detector/1.7.0/tycho-lib-detector-1.7.0.pom
[INFO] Downloading from central: https://repo.maven.apache.org/maven2/org/eclipse/tycho/tycho-lib-detector/1.7.0/tycho-lib-detector-1.7.0.pom
[INFO] Downloaded from central: https://repo.maven.apache.org/maven2/org/eclipse/tycho/tycho-lib-detector/1.7.0/tycho-lib-detector-1.7.0.pom (1.6 kB at 1.7 kB/s)
[INFO] Downloading from cbi: https://repo.eclipse.org/content/repositories/cbi-releases/org/codehaus/plexus/plexus-compiler-manager/2.8.5/plexus-compiler-manager-2.8.5.jar
[INFO] Downloading from cbi: https://repo.eclipse.org/content/repositories/cbi-releases/org/codehaus/plexus/plexus-compiler-api/2.8.5/plexus-compiler-api-2.8.5.jar
[INFO] Downloading from cbi: https://repo.eclipse.org/content/repositories/cbi-releases/org/eclipse/tycho/tycho-lib-detector/1.7.0/tycho-lib-detector-1.7.0.jar
[INFO] Downloading from cbi: https://repo.eclipse.org/content/repositories/cbi-releases/org/eclipse/tycho/tycho-compiler-jdt/1.7.0/tycho-compiler-jdt-1.7.0.jar
[INFO] Downloading from central: https://repo.maven.apache.org/maven2/org/codehaus/plexus/plexus-compiler-manager/2.8.5/plexus-compiler-manager-2.8.5.jar
[INFO] Downloading from central: https://repo.maven.apache.org/maven2/org/codehaus/plexus/plexus-compiler-api/2.8.5/plexus-compiler-api-2.8.5.jar
[INFO] Downloading from central: https://repo.maven.apache.org/maven2/org/eclipse/tycho/tycho-compiler-jdt/1.7.0/tycho-compiler-jdt-1.7.0.jar
[INFO] Downloading from central: https://repo.maven.apache.org/maven2/org/eclipse/tycho/tycho-lib-detector/1.7.0/tycho-lib-detector-1.7.0.jar
[INFO] Downloaded from central: https://repo.maven.apache.org/maven2/org/codehaus/plexus/plexus-compiler-manager/2.8.5/plexus-compiler-manager-2.8.5.jar (4.7 kB at 13 kB/s)
[INFO] Downloaded from central: https://repo.maven.apache.org/maven2/org/eclipse/tycho/tycho-compiler-jdt/1.7.0/tycho-compiler-jdt-1.7.0.jar (18 kB at 23 kB/s)
[INFO] Downloaded from central: https://repo.maven.apache.org/maven2/org/eclipse/tycho/tycho-lib-detector/1.7.0/tycho-lib-detector-1.7.0.jar (3.5 kB at 4.7 kB/s)
[INFO] Downloaded from central: https://repo.maven.apache.org/maven2/org/codehaus/plexus/plexus-compiler-api/2.8.5/plexus-compiler-api-2.8.5.jar (27 kB at 35 kB/s)
[WARNING] The effective compiler target level 1.8 is incompatible with the following OSGi execution environments: [JavaSE-1.7 (assumes 1.7)] @ MavenProject: org.eclipse.paho:org.eclipse.paho.client.mqttv3:1.2.5 @ /home/codegex/Documents/workspace/rbugs/experiment/top100repos/paho.mqtt.java/org.eclipse.paho.client.mqttv3/pom.xml
[INFO] Compiling 97 source files to /home/codegex/Documents/workspace/rbugs/experiment/top100repos/paho.mqtt.java/org.eclipse.paho.client.mqttv3/target/classes
[INFO] 
[INFO] --- maven-resources-plugin:3.0.2:testResources (default-testResources) @ org.eclipse.paho.client.mqttv3 ---
[INFO] Using 'UTF-8' encoding to copy filtered resources.
[INFO] skip non existing resourceDirectory /home/codegex/Documents/workspace/rbugs/experiment/top100repos/paho.mqtt.java/org.eclipse.paho.client.mqttv3/src/test/resources
[INFO] 
[INFO] --- tycho-source-plugin:1.7.0:plugin-source (plugin-source) @ org.eclipse.paho.client.mqttv3 ---
[WARNING] bundle localization file /home/codegex/Documents/workspace/rbugs/experiment/top100repos/paho.mqtt.java/org.eclipse.paho.client.mqttv3/plugin.properties not found
[WARNING] Bundle-Vendor header not found in /home/codegex/Documents/workspace/rbugs/experiment/top100repos/paho.mqtt.java/org.eclipse.paho.client.mqttv3/META-INF/MANIFEST.MF, fallback to 'unknown' for source bundle
[INFO] Building jar: /home/codegex/Documents/workspace/rbugs/experiment/top100repos/paho.mqtt.java/org.eclipse.paho.client.mqttv3/target/org.eclipse.paho.client.mqttv3-1.2.5-sources.jar
[INFO] 
[INFO] --- target-platform-configuration:1.7.0:target-platform (default-target-platform) @ org.eclipse.paho.client.mqttv3 ---
[INFO] 
[INFO] --- tycho-packaging-plugin:1.7.0:package-plugin (default-package-plugin) @ org.eclipse.paho.client.mqttv3 ---
[INFO] Building jar: /home/codegex/Documents/workspace/rbugs/experiment/top100repos/paho.mqtt.java/org.eclipse.paho.client.mqttv3/target/org.eclipse.paho.client.mqttv3-1.2.5.jar
[INFO] 
[INFO] --- tycho-p2-plugin:1.7.0:p2-metadata-default (default-p2-metadata-default) @ org.eclipse.paho.client.mqttv3 ---
[INFO] 
[INFO] --- maven-javadoc-plugin:3.2.0:jar (attach-javadocs) @ org.eclipse.paho.client.mqttv3 ---
[INFO] Skipping javadoc generation
[INFO] 
[INFO] --- maven-install-plugin:2.3.1:install (default-install) @ org.eclipse.paho.client.mqttv3 ---
[INFO] Installing /home/codegex/Documents/workspace/rbugs/experiment/top100repos/paho.mqtt.java/org.eclipse.paho.client.mqttv3/target/org.eclipse.paho.client.mqttv3-1.2.5.jar to /home/codegex/.m2/repository/org/eclipse/paho/org.eclipse.paho.client.mqttv3/1.2.5/org.eclipse.paho.client.mqttv3-1.2.5.jar
[INFO] Installing /home/codegex/Documents/workspace/rbugs/experiment/top100repos/paho.mqtt.java/org.eclipse.paho.client.mqttv3/pom.xml to /home/codegex/.m2/repository/org/eclipse/paho/org.eclipse.paho.client.mqttv3/1.2.5/org.eclipse.paho.client.mqttv3-1.2.5.pom
[INFO] Installing /home/codegex/Documents/workspace/rbugs/experiment/top100repos/paho.mqtt.java/org.eclipse.paho.client.mqttv3/target/org.eclipse.paho.client.mqttv3-1.2.5-sources.jar to /home/codegex/.m2/repository/org/eclipse/paho/org.eclipse.paho.client.mqttv3/1.2.5/org.eclipse.paho.client.mqttv3-1.2.5-sources.jar
[INFO] Installing /home/codegex/Documents/workspace/rbugs/experiment/top100repos/paho.mqtt.java/org.eclipse.paho.client.mqttv3/target/p2content.xml to /home/codegex/.m2/repository/org/eclipse/paho/org.eclipse.paho.client.mqttv3/1.2.5/org.eclipse.paho.client.mqttv3-1.2.5-p2metadata.xml
[INFO] Installing /home/codegex/Documents/workspace/rbugs/experiment/top100repos/paho.mqtt.java/org.eclipse.paho.client.mqttv3/target/p2artifacts.xml to /home/codegex/.m2/repository/org/eclipse/paho/org.eclipse.paho.client.mqttv3/1.2.5/org.eclipse.paho.client.mqttv3-1.2.5-p2artifacts.xml
[INFO] 
[INFO] --- tycho-p2-plugin:1.7.0:update-local-index (default-update-local-index) @ org.eclipse.paho.client.mqttv3 ---
[INFO] 
[INFO] --- maven-dependency-plugin:2.8:purge-local-repository (default-cli) @ org.eclipse.paho.client.mqttv3 ---
[INFO] No artifacts included for purge for project: org.eclipse.paho:org.eclipse.paho.client.mqttv3:eclipse-plugin:1.2.5
[INFO] 
[INFO] --------< org.eclipse.paho:org.eclipse.paho.client.mqttv3.test >--------
[INFO] Building org.eclipse.paho.client.mqttv3.test 1.2.5                 [3/8]
[INFO] --------------------------------[ jar ]---------------------------------
[INFO] Downloading from cbi: https://repo.eclipse.org/content/repositories/cbi-releases/org/apache/maven/plugins/maven-surefire-plugin/2.15/maven-surefire-plugin-2.15.pom
[INFO] Downloading from central: https://repo.maven.apache.org/maven2/org/apache/maven/plugins/maven-surefire-plugin/2.15/maven-surefire-plugin-2.15.pom
[INFO] Downloaded from central: https://repo.maven.apache.org/maven2/org/apache/maven/plugins/maven-surefire-plugin/2.15/maven-surefire-plugin-2.15.pom (6.0 kB at 16 kB/s)
[INFO] Downloading from cbi: https://repo.eclipse.org/content/repositories/cbi-releases/org/apache/maven/surefire/surefire/2.15/surefire-2.15.pom
[INFO] Downloading from central: https://repo.maven.apache.org/maven2/org/apache/maven/surefire/surefire/2.15/surefire-2.15.pom
[INFO] Downloaded from central: https://repo.maven.apache.org/maven2/org/apache/maven/surefire/surefire/2.15/surefire-2.15.pom (19 kB at 49 kB/s)
[INFO] Downloading from cbi: https://repo.eclipse.org/content/repositories/cbi-releases/org/apache/maven/plugins/maven-surefire-plugin/2.15/maven-surefire-plugin-2.15.jar
[INFO] Downloading from central: https://repo.maven.apache.org/maven2/org/apache/maven/plugins/maven-surefire-plugin/2.15/maven-surefire-plugin-2.15.jar
[INFO] Downloaded from central: https://repo.maven.apache.org/maven2/org/apache/maven/plugins/maven-surefire-plugin/2.15/maven-surefire-plugin-2.15.jar (32 kB at 33 kB/s)
[WARNING] Failed to retrieve plugin descriptor for com.github.spotbugs:spotbugs-maven-plugin:4.1.4-ZY: Plugin com.github.spotbugs:spotbugs-maven-plugin:4.1.4-ZY or one of its dependencies could not be resolved: Failed to read artifact descriptor for com.github.spotbugs:spotbugs-maven-plugin:jar:4.1.4-ZY
[INFO] 
[INFO] --- maven-clean-plugin:2.5:clean (default-clean) @ org.eclipse.paho.client.mqttv3.test ---
[INFO] Deleting /home/codegex/Documents/workspace/rbugs/experiment/top100repos/paho.mqtt.java/org.eclipse.paho.client.mqttv3.test/target
[INFO] 
[INFO] --- jacoco-maven-plugin:0.8.2:prepare-agent (default) @ org.eclipse.paho.client.mqttv3.test ---
[INFO] argLine set to -javaagent:/home/codegex/.m2/repository/org/jacoco/org.jacoco.agent/0.8.2/org.jacoco.agent-0.8.2-runtime.jar=destfile=/home/codegex/Documents/workspace/rbugs/experiment/top100repos/paho.mqtt.java/org.eclipse.paho.client.mqttv3.test/target/jacoco.exec
[INFO] 
[INFO] --- maven-resources-plugin:3.0.2:resources (default-resources) @ org.eclipse.paho.client.mqttv3.test ---
[INFO] Using 'UTF-8' encoding to copy filtered resources.
[INFO] skip non existing resourceDirectory /home/codegex/Documents/workspace/rbugs/experiment/top100repos/paho.mqtt.java/org.eclipse.paho.client.mqttv3.test/src/main/resources
[INFO] 
[INFO] --- maven-compiler-plugin:3.5.1:compile (default-compile) @ org.eclipse.paho.client.mqttv3.test ---
[INFO] No sources to compile
[INFO] 
[INFO] --- maven-resources-plugin:3.0.2:testResources (default-testResources) @ org.eclipse.paho.client.mqttv3.test ---
[INFO] Using 'UTF-8' encoding to copy filtered resources.
[INFO] Copying 4 resources
[INFO] 
[INFO] --- maven-compiler-plugin:3.5.1:testCompile (default-testCompile) @ org.eclipse.paho.client.mqttv3.test ---
[INFO] Changes detected - recompiling the module!
[INFO] Compiling 38 source files to /home/codegex/Documents/workspace/rbugs/experiment/top100repos/paho.mqtt.java/org.eclipse.paho.client.mqttv3.test/target/test-classes
[INFO] /home/codegex/Documents/workspace/rbugs/experiment/top100repos/paho.mqtt.java/org.eclipse.paho.client.mqttv3.test/src/test/java/org/eclipse/paho/client/mqttv3/test/utilities/TestMemoryPersistence.java: /home/codegex/Documents/workspace/rbugs/experiment/top100repos/paho.mqtt.java/org.eclipse.paho.client.mqttv3.test/src/test/java/org/eclipse/paho/client/mqttv3/test/utilities/TestMemoryPersistence.java uses unchecked or unsafe operations.
[INFO] /home/codegex/Documents/workspace/rbugs/experiment/top100repos/paho.mqtt.java/org.eclipse.paho.client.mqttv3.test/src/test/java/org/eclipse/paho/client/mqttv3/test/utilities/TestMemoryPersistence.java: Recompile with -Xlint:unchecked for details.
[INFO] 
[INFO] --- maven-surefire-plugin:2.15:test (default-test) @ org.eclipse.paho.client.mqttv3.test ---
[INFO] Downloading from cbi: https://repo.eclipse.org/content/repositories/cbi-releases/org/apache/maven/surefire/maven-surefire-common/2.15/maven-surefire-common-2.15.pom
[INFO] Downloading from central: https://repo.maven.apache.org/maven2/org/apache/maven/surefire/maven-surefire-common/2.15/maven-surefire-common-2.15.pom
[INFO] Downloaded from central: https://repo.maven.apache.org/maven2/org/apache/maven/surefire/maven-surefire-common/2.15/maven-surefire-common-2.15.pom (6.1 kB at 16 kB/s)
[INFO] Downloading from cbi: https://repo.eclipse.org/content/repositories/cbi-releases/org/apache/maven/surefire/surefire-api/2.15/surefire-api-2.15.pom
[INFO] Downloading from central: https://repo.maven.apache.org/maven2/org/apache/maven/surefire/surefire-api/2.15/surefire-api-2.15.pom
[INFO] Downloaded from central: https://repo.maven.apache.org/maven2/org/apache/maven/surefire/surefire-api/2.15/surefire-api-2.15.pom (2.3 kB at 6.2 kB/s)
[INFO] Downloading from cbi: https://repo.eclipse.org/content/repositories/cbi-releases/org/apache/maven/surefire/surefire-booter/2.15/surefire-booter-2.15.pom
[INFO] Downloading from central: https://repo.maven.apache.org/maven2/org/apache/maven/surefire/surefire-booter/2.15/surefire-booter-2.15.pom
[INFO] Downloaded from central: https://repo.maven.apache.org/maven2/org/apache/maven/surefire/surefire-booter/2.15/surefire-booter-2.15.pom (2.8 kB at 3.1 kB/s)
[INFO] Downloading from cbi: https://repo.eclipse.org/content/repositories/cbi-releases/org/apache/maven/surefire/maven-surefire-common/2.15/maven-surefire-common-2.15.jar
[INFO] Downloading from cbi: https://repo.eclipse.org/content/repositories/cbi-releases/org/apache/maven/surefire/surefire-booter/2.15/surefire-booter-2.15.jar
[INFO] Downloading from cbi: https://repo.eclipse.org/content/repositories/cbi-releases/org/apache/maven/surefire/surefire-api/2.15/surefire-api-2.15.jar
[INFO] Downloading from central: https://repo.maven.apache.org/maven2/org/apache/maven/surefire/maven-surefire-common/2.15/maven-surefire-common-2.15.jar
[INFO] Downloading from central: https://repo.maven.apache.org/maven2/org/apache/maven/surefire/surefire-booter/2.15/surefire-booter-2.15.jar
[INFO] Downloading from central: https://repo.maven.apache.org/maven2/org/apache/maven/surefire/surefire-api/2.15/surefire-api-2.15.jar
[INFO] Downloaded from central: https://repo.maven.apache.org/maven2/org/apache/maven/surefire/surefire-booter/2.15/surefire-booter-2.15.jar (40 kB at 50 kB/s)
[INFO] Downloaded from central: https://repo.maven.apache.org/maven2/org/apache/maven/surefire/maven-surefire-common/2.15/maven-surefire-common-2.15.jar (261 kB at 290 kB/s)
[INFO] Downloaded from central: https://repo.maven.apache.org/maven2/org/apache/maven/surefire/surefire-api/2.15/surefire-api-2.15.jar (152 kB at 133 kB/s)
[INFO] Tests are skipped.
[INFO] 
[INFO] --- jacoco-maven-plugin:0.8.2:report-aggregate (generate-test-report) @ org.eclipse.paho.client.mqttv3.test ---
[INFO] Analyzed bundle 'org.eclipse.paho.client.mqttv3' with 91 classes
[INFO] 
[INFO] --- tycho-source-plugin:1.7.0:plugin-source (plugin-source) @ org.eclipse.paho.client.mqttv3.test ---
[INFO] 
[INFO] --- maven-jar-plugin:2.4:jar (default-jar) @ org.eclipse.paho.client.mqttv3.test ---
[WARNING] JAR will be empty - no content was marked for inclusion!
[INFO] Building jar: /home/codegex/Documents/workspace/rbugs/experiment/top100repos/paho.mqtt.java/org.eclipse.paho.client.mqttv3.test/target/org.eclipse.paho.client.mqttv3.test-1.2.5.jar
[INFO] 
[INFO] --- maven-source-plugin:2.2.1:test-jar-no-fork (attach-sources) @ org.eclipse.paho.client.mqttv3.test ---
[INFO] Building jar: /home/codegex/Documents/workspace/rbugs/experiment/top100repos/paho.mqtt.java/org.eclipse.paho.client.mqttv3.test/target/org.eclipse.paho.client.mqttv3.test-1.2.5-test-sources.jar
[INFO] 
[INFO] --- maven-jar-plugin:2.4:test-jar (default) @ org.eclipse.paho.client.mqttv3.test ---
[INFO] Building jar: /home/codegex/Documents/workspace/rbugs/experiment/top100repos/paho.mqtt.java/org.eclipse.paho.client.mqttv3.test/target/org.eclipse.paho.client.mqttv3.test-1.2.5-tests.jar
[INFO] 
[INFO] --- maven-install-plugin:2.4:install (default-install) @ org.eclipse.paho.client.mqttv3.test ---
[INFO] Installing /home/codegex/Documents/workspace/rbugs/experiment/top100repos/paho.mqtt.java/org.eclipse.paho.client.mqttv3.test/target/org.eclipse.paho.client.mqttv3.test-1.2.5.jar to /home/codegex/.m2/repository/org/eclipse/paho/org.eclipse.paho.client.mqttv3.test/1.2.5/org.eclipse.paho.client.mqttv3.test-1.2.5.jar
[INFO] Installing /home/codegex/Documents/workspace/rbugs/experiment/top100repos/paho.mqtt.java/org.eclipse.paho.client.mqttv3.test/pom.xml to /home/codegex/.m2/repository/org/eclipse/paho/org.eclipse.paho.client.mqttv3.test/1.2.5/org.eclipse.paho.client.mqttv3.test-1.2.5.pom
[INFO] Installing /home/codegex/Documents/workspace/rbugs/experiment/top100repos/paho.mqtt.java/org.eclipse.paho.client.mqttv3.test/target/org.eclipse.paho.client.mqttv3.test-1.2.5-test-sources.jar to /home/codegex/.m2/repository/org/eclipse/paho/org.eclipse.paho.client.mqttv3.test/1.2.5/org.eclipse.paho.client.mqttv3.test-1.2.5-test-sources.jar
[INFO] Installing /home/codegex/Documents/workspace/rbugs/experiment/top100repos/paho.mqtt.java/org.eclipse.paho.client.mqttv3.test/target/org.eclipse.paho.client.mqttv3.test-1.2.5-tests.jar to /home/codegex/.m2/repository/org/eclipse/paho/org.eclipse.paho.client.mqttv3.test/1.2.5/org.eclipse.paho.client.mqttv3.test-1.2.5-tests.jar
[INFO] 
[INFO] --- maven-dependency-plugin:2.8:purge-local-repository (default-cli) @ org.eclipse.paho.client.mqttv3.test ---
[INFO] Downloading from central: https://repo.maven.apache.org/maven2/junit/junit/4.12/junit-4.12.pom
[INFO] Downloaded from central: https://repo.maven.apache.org/maven2/junit/junit/4.12/junit-4.12.pom (24 kB at 62 kB/s)
[INFO] Downloading from central: https://repo.maven.apache.org/maven2/org/hamcrest/hamcrest-core/1.3/hamcrest-core-1.3.pom
[INFO] Downloaded from central: https://repo.maven.apache.org/maven2/org/hamcrest/hamcrest-core/1.3/hamcrest-core-1.3.pom (766 B at 2.1 kB/s)
[INFO] Downloading from central: https://repo.maven.apache.org/maven2/javax/xml/bind/jaxb-api/2.3.1/jaxb-api-2.3.1.pom
[INFO] Downloaded from central: https://repo.maven.apache.org/maven2/javax/xml/bind/jaxb-api/2.3.1/jaxb-api-2.3.1.pom (20 kB at 54 kB/s)
[INFO] Downloading from central: https://repo.maven.apache.org/maven2/javax/activation/javax.activation-api/1.2.0/javax.activation-api-1.2.0.pom
[INFO] Downloaded from central: https://repo.maven.apache.org/maven2/javax/activation/javax.activation-api/1.2.0/javax.activation-api-1.2.0.pom (4.9 kB at 13 kB/s)
[INFO] Downloading from central: https://repo.maven.apache.org/maven2/org/glassfish/jaxb/jaxb-runtime/2.3.1/jaxb-runtime-2.3.1.pom
[INFO] Downloaded from central: https://repo.maven.apache.org/maven2/org/glassfish/jaxb/jaxb-runtime/2.3.1/jaxb-runtime-2.3.1.pom (7.8 kB at 21 kB/s)
[INFO] Downloading from central: https://repo.maven.apache.org/maven2/org/glassfish/jaxb/txw2/2.3.1/txw2-2.3.1.pom
[INFO] Downloaded from central: https://repo.maven.apache.org/maven2/org/glassfish/jaxb/txw2/2.3.1/txw2-2.3.1.pom (4.3 kB at 12 kB/s)
[INFO] Downloading from central: https://repo.maven.apache.org/maven2/com/sun/istack/istack-commons-runtime/3.0.7/istack-commons-runtime-3.0.7.pom
[INFO] Downloaded from central: https://repo.maven.apache.org/maven2/com/sun/istack/istack-commons-runtime/3.0.7/istack-commons-runtime-3.0.7.pom (5.9 kB at 16 kB/s)
[INFO] Downloading from central: https://repo.maven.apache.org/maven2/org/jvnet/staxex/stax-ex/1.8/stax-ex-1.8.pom
[INFO] Downloaded from central: https://repo.maven.apache.org/maven2/org/jvnet/staxex/stax-ex/1.8/stax-ex-1.8.pom (15 kB at 39 kB/s)
[INFO] Downloading from central: https://repo.maven.apache.org/maven2/com/sun/xml/fastinfoset/FastInfoset/1.2.15/FastInfoset-1.2.15.pom
[INFO] Downloaded from central: https://repo.maven.apache.org/maven2/com/sun/xml/fastinfoset/FastInfoset/1.2.15/FastInfoset-1.2.15.pom (6.9 kB at 19 kB/s)
[INFO] Downloading from central: https://repo.maven.apache.org/maven2/junit/junit/4.12/junit-4.12.jar
[INFO] Downloaded from central: https://repo.maven.apache.org/maven2/junit/junit/4.12/junit-4.12.jar (315 kB at 514 kB/s)
[INFO] Downloading from central: https://repo.maven.apache.org/maven2/org/hamcrest/hamcrest-core/1.3/hamcrest-core-1.3.jar
[INFO] Downloaded from central: https://repo.maven.apache.org/maven2/org/hamcrest/hamcrest-core/1.3/hamcrest-core-1.3.jar (45 kB at 121 kB/s)
[INFO] Downloading from central: https://repo.maven.apache.org/maven2/javax/xml/bind/jaxb-api/2.3.1/jaxb-api-2.3.1.jar
[INFO] Downloaded from central: https://repo.maven.apache.org/maven2/javax/xml/bind/jaxb-api/2.3.1/jaxb-api-2.3.1.jar (128 kB at 324 kB/s)
[INFO] Downloading from central: https://repo.maven.apache.org/maven2/javax/activation/javax.activation-api/1.2.0/javax.activation-api-1.2.0.jar
[INFO] Downloaded from central: https://repo.maven.apache.org/maven2/javax/activation/javax.activation-api/1.2.0/javax.activation-api-1.2.0.jar (57 kB at 150 kB/s)
[INFO] Downloading from central: https://repo.maven.apache.org/maven2/org/glassfish/jaxb/jaxb-runtime/2.3.1/jaxb-runtime-2.3.1.jar
[INFO] Downloaded from central: https://repo.maven.apache.org/maven2/org/glassfish/jaxb/jaxb-runtime/2.3.1/jaxb-runtime-2.3.1.jar (1.1 MB at 1.7 MB/s)
[INFO] Downloading from central: https://repo.maven.apache.org/maven2/org/glassfish/jaxb/txw2/2.3.1/txw2-2.3.1.jar
[INFO] Downloaded from central: https://repo.maven.apache.org/maven2/org/glassfish/jaxb/txw2/2.3.1/txw2-2.3.1.jar (70 kB at 184 kB/s)
[INFO] Downloading from central: https://repo.maven.apache.org/maven2/com/sun/istack/istack-commons-runtime/3.0.7/istack-commons-runtime-3.0.7.jar
[INFO] Downloaded from central: https://repo.maven.apache.org/maven2/com/sun/istack/istack-commons-runtime/3.0.7/istack-commons-runtime-3.0.7.jar (26 kB at 69 kB/s)
[INFO] Downloading from central: https://repo.maven.apache.org/maven2/org/jvnet/staxex/stax-ex/1.8/stax-ex-1.8.jar
[INFO] Downloaded from central: https://repo.maven.apache.org/maven2/org/jvnet/staxex/stax-ex/1.8/stax-ex-1.8.jar (36 kB at 96 kB/s)
[INFO] Downloading from central: https://repo.maven.apache.org/maven2/com/sun/xml/fastinfoset/FastInfoset/1.2.15/FastInfoset-1.2.15.jar
[INFO] Downloaded from central: https://repo.maven.apache.org/maven2/com/sun/xml/fastinfoset/FastInfoset/1.2.15/FastInfoset-1.2.15.jar (312 kB at 730 kB/s)
[INFO] 
[INFO] -----< org.eclipse.paho:org.eclipse.paho.client.mqttv3.repository >-----
[INFO] Building Paho P2 Repository for mqttv3 client 1.2.5                [4/8]
[INFO] -------------------------[ eclipse-repository ]-------------------------
[WARNING] Failed to retrieve plugin descriptor for com.github.spotbugs:spotbugs-maven-plugin:4.1.4-ZY: Plugin com.github.spotbugs:spotbugs-maven-plugin:4.1.4-ZY or one of its dependencies could not be resolved: Failed to read artifact descriptor for com.github.spotbugs:spotbugs-maven-plugin:jar:4.1.4-ZY
[INFO] 
[INFO] --- maven-clean-plugin:2.5:clean (default-clean) @ org.eclipse.paho.client.mqttv3.repository ---
[INFO] Deleting /home/codegex/Documents/workspace/rbugs/experiment/top100repos/paho.mqtt.java/org.eclipse.paho.client.mqttv3.repository/target
[INFO] 
[INFO] --- tycho-packaging-plugin:1.7.0:build-qualifier-aggregator (default-build-qualifier-aggregator) @ org.eclipse.paho.client.mqttv3.repository ---
[INFO] The project's OSGi version is 1.2.5
[INFO] 
[INFO] --- maven-clean-plugin:2.5:clean (default-clean-1) @ org.eclipse.paho.client.mqttv3.repository ---
[INFO] 
[INFO] --- maven-resources-plugin:3.0.2:resources (default-resources) @ org.eclipse.paho.client.mqttv3.repository ---
[INFO] Using 'UTF-8' encoding to copy filtered resources.
[INFO] skip non existing resourceDirectory /home/codegex/Documents/workspace/rbugs/experiment/top100repos/paho.mqtt.java/org.eclipse.paho.client.mqttv3.repository/src/main/resources
[INFO] 
[INFO] --- tycho-source-plugin:1.7.0:plugin-source (plugin-source) @ org.eclipse.paho.client.mqttv3.repository ---
[INFO] 
[INFO] --- target-platform-configuration:1.7.0:target-platform (default-target-platform) @ org.eclipse.paho.client.mqttv3.repository ---
[INFO] 
[INFO] --- tycho-p2-publisher-plugin:1.7.0:publish-osgi-ee (default-publish-osgi-ee) @ org.eclipse.paho.client.mqttv3.repository ---
[INFO] Published profile IUs: [a.jre.javase 11.0.0, config.a.jre.javase 11.0.0]
[INFO] Published profile IUs: [a.jre.javase 14.0.0, config.a.jre.javase 14.0.0]
[INFO] 
[INFO] --- tycho-p2-publisher-plugin:1.7.0:publish-products (default-publish-products) @ org.eclipse.paho.client.mqttv3.repository ---
[INFO] 
[INFO] --- tycho-p2-publisher-plugin:1.7.0:publish-categories (default-publish-categories) @ org.eclipse.paho.client.mqttv3.repository ---
[INFO] 
[INFO] --- tycho-p2-publisher-plugin:1.7.0:attach-artifacts (default-attach-artifacts) @ org.eclipse.paho.client.mqttv3.repository ---
[INFO] 
[INFO] --- tycho-p2-repository-plugin:1.7.0:assemble-repository (default-assemble-repository) @ org.eclipse.paho.client.mqttv3.repository ---
[INFO] 
[INFO] --- tycho-p2-repository-plugin:1.7.0:archive-repository (default-archive-repository) @ org.eclipse.paho.client.mqttv3.repository ---
[INFO] Building zip: /home/codegex/Documents/workspace/rbugs/experiment/top100repos/paho.mqtt.java/org.eclipse.paho.client.mqttv3.repository/target/org.eclipse.paho.client.mqttv3.repository-1.2.5.zip
[INFO] 
[INFO] --- maven-install-plugin:2.3.1:install (default-install) @ org.eclipse.paho.client.mqttv3.repository ---
[INFO] Installing /home/codegex/Documents/workspace/rbugs/experiment/top100repos/paho.mqtt.java/org.eclipse.paho.client.mqttv3.repository/target/org.eclipse.paho.client.mqttv3.repository-1.2.5.zip to /home/codegex/.m2/repository/org/eclipse/paho/org.eclipse.paho.client.mqttv3.repository/1.2.5/org.eclipse.paho.client.mqttv3.repository-1.2.5.zip
[INFO] Installing /home/codegex/Documents/workspace/rbugs/experiment/top100repos/paho.mqtt.java/org.eclipse.paho.client.mqttv3.repository/pom.xml to /home/codegex/.m2/repository/org/eclipse/paho/org.eclipse.paho.client.mqttv3.repository/1.2.5/org.eclipse.paho.client.mqttv3.repository-1.2.5.pom
[INFO] Installing /home/codegex/Documents/workspace/rbugs/experiment/top100repos/paho.mqtt.java/org.eclipse.paho.client.mqttv3.repository/target/p2content.xml to /home/codegex/.m2/repository/org/eclipse/paho/org.eclipse.paho.client.mqttv3.repository/1.2.5/org.eclipse.paho.client.mqttv3.repository-1.2.5-p2metadata.xml
[INFO] Installing /home/codegex/Documents/workspace/rbugs/experiment/top100repos/paho.mqtt.java/org.eclipse.paho.client.mqttv3.repository/target/p2artifacts.xml to /home/codegex/.m2/repository/org/eclipse/paho/org.eclipse.paho.client.mqttv3.repository/1.2.5/org.eclipse.paho.client.mqttv3.repository-1.2.5-p2artifacts.xml
[INFO] 
[INFO] --- tycho-p2-plugin:1.7.0:update-local-index (default-update-local-index) @ org.eclipse.paho.client.mqttv3.repository ---
[INFO] 
[INFO] --- maven-dependency-plugin:2.8:purge-local-repository (default-cli) @ org.eclipse.paho.client.mqttv3.repository ---
[WARNING] Unable to purge local repository location: /home/codegex/.m2/repository/org/eclipse/paho/org.eclipse.paho.client.mqttv3/1.2.5
[INFO] 
[INFO] -----------< org.eclipse.paho:org.eclipse.paho.mqtt.utility >-----------
[INFO] Building org.eclipse.paho.mqtt.utility 1.2.5                       [5/8]
[INFO] --------------------------------[ jar ]---------------------------------
[INFO] Downloading from cbi: https://repo.eclipse.org/content/repositories/cbi-releases/org/apache/maven/plugins/maven-javadoc-plugin/3.0.0/maven-javadoc-plugin-3.0.0.pom
[INFO] Downloading from central: https://repo.maven.apache.org/maven2/org/apache/maven/plugins/maven-javadoc-plugin/3.0.0/maven-javadoc-plugin-3.0.0.pom
[INFO] Downloaded from central: https://repo.maven.apache.org/maven2/org/apache/maven/plugins/maven-javadoc-plugin/3.0.0/maven-javadoc-plugin-3.0.0.pom (18 kB at 50 kB/s)
[INFO] Downloading from cbi: https://repo.eclipse.org/content/repositories/cbi-releases/org/apache/maven/plugins/maven-javadoc-plugin/3.0.0/maven-javadoc-plugin-3.0.0.jar
[INFO] Downloading from central: https://repo.maven.apache.org/maven2/org/apache/maven/plugins/maven-javadoc-plugin/3.0.0/maven-javadoc-plugin-3.0.0.jar
[INFO] Downloaded from central: https://repo.maven.apache.org/maven2/org/apache/maven/plugins/maven-javadoc-plugin/3.0.0/maven-javadoc-plugin-3.0.0.jar (416 kB at 928 kB/s)
[WARNING] Failed to retrieve plugin descriptor for com.github.spotbugs:spotbugs-maven-plugin:4.1.4-ZY: Plugin com.github.spotbugs:spotbugs-maven-plugin:4.1.4-ZY or one of its dependencies could not be resolved: Failed to read artifact descriptor for com.github.spotbugs:spotbugs-maven-plugin:jar:4.1.4-ZY
[INFO] Downloading from central: https://repo.maven.apache.org/maven2/org/eclipse/paho/org.eclipse.paho.client.mqttv3/1.2.4/org.eclipse.paho.client.mqttv3-1.2.4.pom
[INFO] Downloaded from central: https://repo.maven.apache.org/maven2/org/eclipse/paho/org.eclipse.paho.client.mqttv3/1.2.4/org.eclipse.paho.client.mqttv3-1.2.4.pom (3.9 kB at 11 kB/s)
[INFO] Downloading from central: https://repo.maven.apache.org/maven2/org/eclipse/paho/java-parent/1.2.4/java-parent-1.2.4.pom
[INFO] Downloaded from central: https://repo.maven.apache.org/maven2/org/eclipse/paho/java-parent/1.2.4/java-parent-1.2.4.pom (11 kB at 29 kB/s)
[INFO] Downloading from central: https://repo.maven.apache.org/maven2/org/eclipse/paho/org.eclipse.paho.client.mqttv3/1.2.4/org.eclipse.paho.client.mqttv3-1.2.4.jar
[INFO] Downloaded from central: https://repo.maven.apache.org/maven2/org/eclipse/paho/org.eclipse.paho.client.mqttv3/1.2.4/org.eclipse.paho.client.mqttv3-1.2.4.jar (240 kB at 576 kB/s)
[INFO] 
[INFO] --- maven-clean-plugin:2.5:clean (default-clean) @ org.eclipse.paho.mqtt.utility ---
[INFO] Deleting /home/codegex/Documents/workspace/rbugs/experiment/top100repos/paho.mqtt.java/org.eclipse.paho.sample.utility/target
[INFO] 
[INFO] --- maven-resources-plugin:3.0.2:resources (default-resources) @ org.eclipse.paho.mqtt.utility ---
[INFO] Using 'UTF-8' encoding to copy filtered resources.
[INFO] Copying 2 resources
[INFO] 
[INFO] --- maven-compiler-plugin:3.5.1:compile (default-compile) @ org.eclipse.paho.mqtt.utility ---
[INFO] Changes detected - recompiling the module!
[INFO] Compiling 6 source files to /home/codegex/Documents/workspace/rbugs/experiment/top100repos/paho.mqtt.java/org.eclipse.paho.sample.utility/target/classes
[INFO] /home/codegex/Documents/workspace/rbugs/experiment/top100repos/paho.mqtt.java/org.eclipse.paho.sample.utility/src/main/java/org/eclipse/paho/sample/utility/ConnOpts.java: Some input files use unchecked or unsafe operations.
[INFO] /home/codegex/Documents/workspace/rbugs/experiment/top100repos/paho.mqtt.java/org.eclipse.paho.sample.utility/src/main/java/org/eclipse/paho/sample/utility/ConnOpts.java: Recompile with -Xlint:unchecked for details.
[INFO] 
[INFO] --- maven-resources-plugin:3.0.2:testResources (default-testResources) @ org.eclipse.paho.mqtt.utility ---
[INFO] Using 'UTF-8' encoding to copy filtered resources.
[INFO] skip non existing resourceDirectory /home/codegex/Documents/workspace/rbugs/experiment/top100repos/paho.mqtt.java/org.eclipse.paho.sample.utility/src/test/resources
[INFO] 
[INFO] --- maven-compiler-plugin:3.5.1:testCompile (default-testCompile) @ org.eclipse.paho.mqtt.utility ---
[INFO] No sources to compile
[INFO] 
[INFO] --- maven-surefire-plugin:2.12.4:test (default-test) @ org.eclipse.paho.mqtt.utility ---
[INFO] Tests are skipped.
[INFO] 
[INFO] --- tycho-source-plugin:1.7.0:plugin-source (plugin-source) @ org.eclipse.paho.mqtt.utility ---
[INFO] 
[INFO] --- maven-jar-plugin:2.4:jar (default-jar) @ org.eclipse.paho.mqtt.utility ---
[INFO] Building jar: /home/codegex/Documents/workspace/rbugs/experiment/top100repos/paho.mqtt.java/org.eclipse.paho.sample.utility/target/org.eclipse.paho.mqtt.utility-1.2.5.jar
[INFO] 
[INFO] --- maven-assembly-plugin:2.2-beta-5:single (default) @ org.eclipse.paho.mqtt.utility ---
[INFO] META-INF/MANIFEST.MF already added, skipping
[INFO] Building jar: /home/codegex/Documents/workspace/rbugs/experiment/top100repos/paho.mqtt.java/org.eclipse.paho.sample.utility/target/org.eclipse.paho.mqtt.utility-1.2.5-jar-with-dependencies.jar
[INFO] META-INF/MANIFEST.MF already added, skipping
[INFO] 
[INFO] >>> maven-source-plugin:3.0.1:jar (attach-sources) > generate-sources @ org.eclipse.paho.mqtt.utility >>>
[INFO] 
[INFO] <<< maven-source-plugin:3.0.1:jar (attach-sources) < generate-sources @ org.eclipse.paho.mqtt.utility <<<
[INFO] 
[INFO] 
[INFO] --- maven-source-plugin:3.0.1:jar (attach-sources) @ org.eclipse.paho.mqtt.utility ---
[INFO] Building jar: /home/codegex/Documents/workspace/rbugs/experiment/top100repos/paho.mqtt.java/org.eclipse.paho.sample.utility/target/org.eclipse.paho.mqtt.utility-1.2.5-sources.jar
[INFO] 
[INFO] --- maven-javadoc-plugin:3.0.0:jar (attach-javadocs) @ org.eclipse.paho.mqtt.utility ---
[INFO] Downloading from cbi: https://repo.eclipse.org/content/repositories/cbi-releases/org/codehaus/plexus/plexus-java/0.9.5/plexus-java-0.9.5.pom
[INFO] Downloading from central: https://repo.maven.apache.org/maven2/org/codehaus/plexus/plexus-java/0.9.5/plexus-java-0.9.5.pom
[INFO] Downloaded from central: https://repo.maven.apache.org/maven2/org/codehaus/plexus/plexus-java/0.9.5/plexus-java-0.9.5.pom (2.4 kB at 2.6 kB/s)
[INFO] Downloading from cbi: https://repo.eclipse.org/content/repositories/cbi-releases/org/codehaus/plexus/plexus-languages/0.9.5/plexus-languages-0.9.5.pom
[INFO] Downloading from central: https://repo.maven.apache.org/maven2/org/codehaus/plexus/plexus-languages/0.9.5/plexus-languages-0.9.5.pom
[INFO] Downloaded from central: https://repo.maven.apache.org/maven2/org/codehaus/plexus/plexus-languages/0.9.5/plexus-languages-0.9.5.pom (2.3 kB at 6.3 kB/s)
[INFO] Downloading from cbi: https://repo.eclipse.org/content/repositories/cbi-releases/org/codehaus/plexus/plexus-java/0.9.5/plexus-java-0.9.5.jar
[INFO] Downloading from central: https://repo.maven.apache.org/maven2/org/codehaus/plexus/plexus-java/0.9.5/plexus-java-0.9.5.jar
[INFO] Downloaded from central: https://repo.maven.apache.org/maven2/org/codehaus/plexus/plexus-java/0.9.5/plexus-java-0.9.5.jar (32 kB at 79 kB/s)
[INFO] Skipping javadoc generation
[INFO] 
[INFO] --- maven-install-plugin:2.4:install (default-install) @ org.eclipse.paho.mqtt.utility ---
[INFO] Installing /home/codegex/Documents/workspace/rbugs/experiment/top100repos/paho.mqtt.java/org.eclipse.paho.sample.utility/target/org.eclipse.paho.mqtt.utility-1.2.5.jar to /home/codegex/.m2/repository/org/eclipse/paho/org.eclipse.paho.mqtt.utility/1.2.5/org.eclipse.paho.mqtt.utility-1.2.5.jar
[INFO] Installing /home/codegex/Documents/workspace/rbugs/experiment/top100repos/paho.mqtt.java/org.eclipse.paho.sample.utility/pom.xml to /home/codegex/.m2/repository/org/eclipse/paho/org.eclipse.paho.mqtt.utility/1.2.5/org.eclipse.paho.mqtt.utility-1.2.5.pom
[INFO] Installing /home/codegex/Documents/workspace/rbugs/experiment/top100repos/paho.mqtt.java/org.eclipse.paho.sample.utility/target/org.eclipse.paho.mqtt.utility-1.2.5-jar-with-dependencies.jar to /home/codegex/.m2/repository/org/eclipse/paho/org.eclipse.paho.mqtt.utility/1.2.5/org.eclipse.paho.mqtt.utility-1.2.5-jar-with-dependencies.jar
[INFO] Installing /home/codegex/Documents/workspace/rbugs/experiment/top100repos/paho.mqtt.java/org.eclipse.paho.sample.utility/target/org.eclipse.paho.mqtt.utility-1.2.5-sources.jar to /home/codegex/.m2/repository/org/eclipse/paho/org.eclipse.paho.mqtt.utility/1.2.5/org.eclipse.paho.mqtt.utility-1.2.5-sources.jar
[INFO] 
[INFO] --- maven-dependency-plugin:2.8:purge-local-repository (default-cli) @ org.eclipse.paho.mqtt.utility ---
[INFO] Downloading from central: https://repo.maven.apache.org/maven2/org/eclipse/paho/org.eclipse.paho.client.mqttv3/1.2.4/org.eclipse.paho.client.mqttv3-1.2.4.pom
[INFO] Downloaded from central: https://repo.maven.apache.org/maven2/org/eclipse/paho/org.eclipse.paho.client.mqttv3/1.2.4/org.eclipse.paho.client.mqttv3-1.2.4.pom (3.9 kB at 11 kB/s)
[INFO] Downloading from central: https://repo.maven.apache.org/maven2/org/eclipse/paho/org.eclipse.paho.client.mqttv3/1.2.4/org.eclipse.paho.client.mqttv3-1.2.4.jar
[INFO] Downloaded from central: https://repo.maven.apache.org/maven2/org/eclipse/paho/org.eclipse.paho.client.mqttv3/1.2.4/org.eclipse.paho.client.mqttv3-1.2.4.jar (240 kB at 328 kB/s)
[INFO] 
[INFO] ----------< org.eclipse.paho:org.eclipse.paho.mqttv5.client >-----------
[INFO] Building org.eclipse.paho.mqttv5.client 1.2.5                      [6/8]
[INFO] ---------------------------[ eclipse-plugin ]---------------------------
[WARNING] Failed to retrieve plugin descriptor for com.github.spotbugs:spotbugs-maven-plugin:4.1.4-ZY: Plugin com.github.spotbugs:spotbugs-maven-plugin:4.1.4-ZY or one of its dependencies could not be resolved: Failed to read artifact descriptor for com.github.spotbugs:spotbugs-maven-plugin:jar:4.1.4-ZY
[INFO] 
[INFO] --- maven-clean-plugin:2.5:clean (default-clean) @ org.eclipse.paho.mqttv5.client ---
[INFO] Deleting /home/codegex/Documents/workspace/rbugs/experiment/top100repos/paho.mqtt.java/org.eclipse.paho.mqttv5.client/target
[INFO] 
[INFO] --- tycho-packaging-plugin:1.7.0:build-qualifier (default-build-qualifier) @ org.eclipse.paho.mqttv5.client ---
[INFO] The project's OSGi version is 1.2.5
[INFO] 
[INFO] --- tycho-packaging-plugin:1.7.0:validate-id (default-validate-id) @ org.eclipse.paho.mqttv5.client ---
[INFO] 
[INFO] --- tycho-packaging-plugin:1.7.0:validate-version (default-validate-version) @ org.eclipse.paho.mqttv5.client ---
[INFO] 
[INFO] --- jacoco-maven-plugin:0.8.2:prepare-agent (default) @ org.eclipse.paho.mqttv5.client ---
[INFO] argLine set to -javaagent:/home/codegex/.m2/repository/org/jacoco/org.jacoco.agent/0.8.2/org.jacoco.agent-0.8.2-runtime.jar=destfile=/home/codegex/Documents/workspace/rbugs/experiment/top100repos/paho.mqtt.java/org.eclipse.paho.mqttv5.client/target/jacoco.exec
[INFO] 
[INFO] --- maven-resources-plugin:3.0.2:resources (default-resources) @ org.eclipse.paho.mqttv5.client ---
[INFO] Using 'UTF-8' encoding to copy filtered resources.
[INFO] Copying 18 resources
[INFO] 
[INFO] --- maven-resources-plugin:3.0.2:copy-resources (default-copy-resources) @ org.eclipse.paho.mqttv5.client ---
[INFO] Using 'UTF-8' encoding to copy filtered resources.
[INFO] Copying 1 resource
[INFO] 
[INFO] --- tycho-compiler-plugin:1.7.0:compile (default-compile) @ org.eclipse.paho.mqttv5.client ---
[WARNING] Parameter 'useProjectSettings' is set to true, but preferences file '/home/codegex/Documents/workspace/rbugs/experiment/top100repos/paho.mqtt.java/org.eclipse.paho.mqttv5.client/.settings/org.eclipse.jdt.core.prefs' could not be found!
[INFO] Compiling 113 source files to /home/codegex/Documents/workspace/rbugs/experiment/top100repos/paho.mqtt.java/org.eclipse.paho.mqttv5.client/target/classes
[INFO] 
[INFO] --- maven-resources-plugin:3.0.2:testResources (default-testResources) @ org.eclipse.paho.mqttv5.client ---
[INFO] Using 'UTF-8' encoding to copy filtered resources.
[INFO] skip non existing resourceDirectory /home/codegex/Documents/workspace/rbugs/experiment/top100repos/paho.mqtt.java/org.eclipse.paho.mqttv5.client/src/test/resources
[INFO] 
[INFO] --- jacoco-maven-plugin:0.8.2:report-aggregate (generate-test-report) @ org.eclipse.paho.mqttv5.client ---
[INFO] 
[INFO] --- tycho-source-plugin:1.7.0:plugin-source (plugin-source) @ org.eclipse.paho.mqttv5.client ---
[WARNING] bundle localization file /home/codegex/Documents/workspace/rbugs/experiment/top100repos/paho.mqtt.java/org.eclipse.paho.mqttv5.client/plugin.properties not found
[INFO] Building jar: /home/codegex/Documents/workspace/rbugs/experiment/top100repos/paho.mqtt.java/org.eclipse.paho.mqttv5.client/target/org.eclipse.paho.mqttv5.client-1.2.5-sources.jar
[INFO] 
[INFO] --- target-platform-configuration:1.7.0:target-platform (default-target-platform) @ org.eclipse.paho.mqttv5.client ---
[INFO] 
[INFO] --- tycho-packaging-plugin:1.7.0:package-plugin (default-package-plugin) @ org.eclipse.paho.mqttv5.client ---
[INFO] Building jar: /home/codegex/Documents/workspace/rbugs/experiment/top100repos/paho.mqtt.java/org.eclipse.paho.mqttv5.client/target/org.eclipse.paho.mqttv5.client-1.2.5.jar
[INFO] 
[INFO] --- tycho-p2-plugin:1.7.0:p2-metadata-default (default-p2-metadata-default) @ org.eclipse.paho.mqttv5.client ---
[INFO] 
[INFO] --- maven-javadoc-plugin:3.2.0:jar (attach-javadocs) @ org.eclipse.paho.mqttv5.client ---
[INFO] Skipping javadoc generation
[INFO] 
[INFO] --- maven-install-plugin:2.3.1:install (default-install) @ org.eclipse.paho.mqttv5.client ---
[INFO] Installing /home/codegex/Documents/workspace/rbugs/experiment/top100repos/paho.mqtt.java/org.eclipse.paho.mqttv5.client/target/org.eclipse.paho.mqttv5.client-1.2.5.jar to /home/codegex/.m2/repository/org/eclipse/paho/org.eclipse.paho.mqttv5.client/1.2.5/org.eclipse.paho.mqttv5.client-1.2.5.jar
[INFO] Installing /home/codegex/Documents/workspace/rbugs/experiment/top100repos/paho.mqtt.java/org.eclipse.paho.mqttv5.client/pom.xml to /home/codegex/.m2/repository/org/eclipse/paho/org.eclipse.paho.mqttv5.client/1.2.5/org.eclipse.paho.mqttv5.client-1.2.5.pom
[INFO] Installing /home/codegex/Documents/workspace/rbugs/experiment/top100repos/paho.mqtt.java/org.eclipse.paho.mqttv5.client/target/org.eclipse.paho.mqttv5.client-1.2.5-sources.jar to /home/codegex/.m2/repository/org/eclipse/paho/org.eclipse.paho.mqttv5.client/1.2.5/org.eclipse.paho.mqttv5.client-1.2.5-sources.jar
[INFO] Installing /home/codegex/Documents/workspace/rbugs/experiment/top100repos/paho.mqtt.java/org.eclipse.paho.mqttv5.client/target/p2content.xml to /home/codegex/.m2/repository/org/eclipse/paho/org.eclipse.paho.mqttv5.client/1.2.5/org.eclipse.paho.mqttv5.client-1.2.5-p2metadata.xml
[INFO] Installing /home/codegex/Documents/workspace/rbugs/experiment/top100repos/paho.mqtt.java/org.eclipse.paho.mqttv5.client/target/p2artifacts.xml to /home/codegex/.m2/repository/org/eclipse/paho/org.eclipse.paho.mqttv5.client/1.2.5/org.eclipse.paho.mqttv5.client-1.2.5-p2artifacts.xml
[INFO] 
[INFO] --- tycho-p2-plugin:1.7.0:update-local-index (default-update-local-index) @ org.eclipse.paho.mqttv5.client ---
[INFO] 
[INFO] --- maven-dependency-plugin:2.8:purge-local-repository (default-cli) @ org.eclipse.paho.mqttv5.client ---
[INFO] Downloading from central: https://repo.maven.apache.org/maven2/junit/junit/3.8.1/junit-3.8.1.pom
[INFO] Downloaded from central: https://repo.maven.apache.org/maven2/junit/junit/3.8.1/junit-3.8.1.pom (998 B at 2.8 kB/s)
[INFO] Downloading from central: https://repo.maven.apache.org/maven2/junit/junit/3.8.1/junit-3.8.1.jar
[INFO] Downloaded from central: https://repo.maven.apache.org/maven2/junit/junit/3.8.1/junit-3.8.1.jar (121 kB at 308 kB/s)
[INFO] 
[INFO] --------< org.eclipse.paho:org.eclipse.paho.mqttv5.client.test >--------
[INFO] Building org.eclipse.paho.mqttv5.client.test 1.2.5                 [7/8]
[INFO] --------------------------------[ jar ]---------------------------------
[WARNING] Failed to retrieve plugin descriptor for com.github.spotbugs:spotbugs-maven-plugin:4.1.4-ZY: Plugin com.github.spotbugs:spotbugs-maven-plugin:4.1.4-ZY or one of its dependencies could not be resolved: Failed to read artifact descriptor for com.github.spotbugs:spotbugs-maven-plugin:jar:4.1.4-ZY
[INFO] 
[INFO] --- maven-clean-plugin:2.5:clean (default-clean) @ org.eclipse.paho.mqttv5.client.test ---
[INFO] Deleting /home/codegex/Documents/workspace/rbugs/experiment/top100repos/paho.mqtt.java/org.eclipse.paho.mqttv5.client.test/target
[INFO] 
[INFO] --- jacoco-maven-plugin:0.8.2:prepare-agent (default) @ org.eclipse.paho.mqttv5.client.test ---
[INFO] argLine set to -javaagent:/home/codegex/.m2/repository/org/jacoco/org.jacoco.agent/0.8.2/org.jacoco.agent-0.8.2-runtime.jar=destfile=/home/codegex/Documents/workspace/rbugs/experiment/top100repos/paho.mqtt.java/org.eclipse.paho.mqttv5.client.test/target/jacoco.exec
[INFO] 
[INFO] --- maven-resources-plugin:3.0.2:resources (default-resources) @ org.eclipse.paho.mqttv5.client.test ---
[INFO] Using 'UTF-8' encoding to copy filtered resources.
[INFO] skip non existing resourceDirectory /home/codegex/Documents/workspace/rbugs/experiment/top100repos/paho.mqtt.java/org.eclipse.paho.mqttv5.client.test/src/main/resources
[INFO] 
[INFO] --- maven-compiler-plugin:3.5.1:compile (default-compile) @ org.eclipse.paho.mqttv5.client.test ---
[INFO] No sources to compile
[INFO] 
[INFO] --- maven-resources-plugin:3.0.2:testResources (default-testResources) @ org.eclipse.paho.mqttv5.client.test ---
[INFO] Using 'UTF-8' encoding to copy filtered resources.
[INFO] Copying 5 resources
[INFO] 
[INFO] --- maven-compiler-plugin:3.5.1:testCompile (default-testCompile) @ org.eclipse.paho.mqttv5.client.test ---
[INFO] Changes detected - recompiling the module!
[INFO] Compiling 51 source files to /home/codegex/Documents/workspace/rbugs/experiment/top100repos/paho.mqtt.java/org.eclipse.paho.mqttv5.client.test/target/test-classes
[INFO] 
[INFO] --- maven-surefire-plugin:2.15:test (default-test) @ org.eclipse.paho.mqttv5.client.test ---
[INFO] Tests are skipped.
[INFO] 
[INFO] --- jacoco-maven-plugin:0.8.2:report-aggregate (generate-test-report) @ org.eclipse.paho.mqttv5.client.test ---
[INFO] Analyzed bundle 'org.eclipse.paho.mqttv5.client' with 103 classes
[INFO] 
[INFO] --- tycho-source-plugin:1.7.0:plugin-source (plugin-source) @ org.eclipse.paho.mqttv5.client.test ---
[INFO] 
[INFO] --- maven-jar-plugin:2.4:jar (default-jar) @ org.eclipse.paho.mqttv5.client.test ---
[WARNING] JAR will be empty - no content was marked for inclusion!
[INFO] Building jar: /home/codegex/Documents/workspace/rbugs/experiment/top100repos/paho.mqtt.java/org.eclipse.paho.mqttv5.client.test/target/org.eclipse.paho.mqttv5.client.test-1.2.5.jar
[INFO] 
[INFO] --- maven-source-plugin:2.2.1:test-jar-no-fork (attach-sources) @ org.eclipse.paho.mqttv5.client.test ---
[INFO] Building jar: /home/codegex/Documents/workspace/rbugs/experiment/top100repos/paho.mqtt.java/org.eclipse.paho.mqttv5.client.test/target/org.eclipse.paho.mqttv5.client.test-1.2.5-test-sources.jar
[INFO] 
[INFO] --- maven-jar-plugin:2.4:test-jar (default) @ org.eclipse.paho.mqttv5.client.test ---
[INFO] Building jar: /home/codegex/Documents/workspace/rbugs/experiment/top100repos/paho.mqtt.java/org.eclipse.paho.mqttv5.client.test/target/org.eclipse.paho.mqttv5.client.test-1.2.5-tests.jar
[INFO] 
[INFO] --- maven-install-plugin:2.4:install (default-install) @ org.eclipse.paho.mqttv5.client.test ---
[INFO] Installing /home/codegex/Documents/workspace/rbugs/experiment/top100repos/paho.mqtt.java/org.eclipse.paho.mqttv5.client.test/target/org.eclipse.paho.mqttv5.client.test-1.2.5.jar to /home/codegex/.m2/repository/org/eclipse/paho/org.eclipse.paho.mqttv5.client.test/1.2.5/org.eclipse.paho.mqttv5.client.test-1.2.5.jar
[INFO] Installing /home/codegex/Documents/workspace/rbugs/experiment/top100repos/paho.mqtt.java/org.eclipse.paho.mqttv5.client.test/pom.xml to /home/codegex/.m2/repository/org/eclipse/paho/org.eclipse.paho.mqttv5.client.test/1.2.5/org.eclipse.paho.mqttv5.client.test-1.2.5.pom
[INFO] Installing /home/codegex/Documents/workspace/rbugs/experiment/top100repos/paho.mqtt.java/org.eclipse.paho.mqttv5.client.test/target/org.eclipse.paho.mqttv5.client.test-1.2.5-test-sources.jar to /home/codegex/.m2/repository/org/eclipse/paho/org.eclipse.paho.mqttv5.client.test/1.2.5/org.eclipse.paho.mqttv5.client.test-1.2.5-test-sources.jar
[INFO] Installing /home/codegex/Documents/workspace/rbugs/experiment/top100repos/paho.mqtt.java/org.eclipse.paho.mqttv5.client.test/target/org.eclipse.paho.mqttv5.client.test-1.2.5-tests.jar to /home/codegex/.m2/repository/org/eclipse/paho/org.eclipse.paho.mqttv5.client.test/1.2.5/org.eclipse.paho.mqttv5.client.test-1.2.5-tests.jar
[INFO] 
[INFO] --- maven-dependency-plugin:2.8:purge-local-repository (default-cli) @ org.eclipse.paho.mqttv5.client.test ---
[INFO] Downloading from central: https://repo.maven.apache.org/maven2/junit/junit/4.12/junit-4.12.pom
[INFO] Downloaded from central: https://repo.maven.apache.org/maven2/junit/junit/4.12/junit-4.12.pom (24 kB at 65 kB/s)
[INFO] Downloading from central: https://repo.maven.apache.org/maven2/org/hamcrest/hamcrest-core/1.3/hamcrest-core-1.3.pom
[INFO] Downloaded from central: https://repo.maven.apache.org/maven2/org/hamcrest/hamcrest-core/1.3/hamcrest-core-1.3.pom (766 B at 2.1 kB/s)
[INFO] Downloading from central: https://repo.maven.apache.org/maven2/javax/xml/bind/jaxb-api/2.3.1/jaxb-api-2.3.1.pom
[INFO] Downloaded from central: https://repo.maven.apache.org/maven2/javax/xml/bind/jaxb-api/2.3.1/jaxb-api-2.3.1.pom (20 kB at 55 kB/s)
[INFO] Downloading from central: https://repo.maven.apache.org/maven2/javax/activation/javax.activation-api/1.2.0/javax.activation-api-1.2.0.pom
[INFO] Downloaded from central: https://repo.maven.apache.org/maven2/javax/activation/javax.activation-api/1.2.0/javax.activation-api-1.2.0.pom (4.9 kB at 14 kB/s)
[INFO] Downloading from central: https://repo.maven.apache.org/maven2/org/glassfish/jaxb/jaxb-runtime/2.3.1/jaxb-runtime-2.3.1.pom
[INFO] Downloaded from central: https://repo.maven.apache.org/maven2/org/glassfish/jaxb/jaxb-runtime/2.3.1/jaxb-runtime-2.3.1.pom (7.8 kB at 22 kB/s)
[INFO] Downloading from central: https://repo.maven.apache.org/maven2/org/glassfish/jaxb/txw2/2.3.1/txw2-2.3.1.pom
[INFO] Downloaded from central: https://repo.maven.apache.org/maven2/org/glassfish/jaxb/txw2/2.3.1/txw2-2.3.1.pom (4.3 kB at 12 kB/s)
[INFO] Downloading from central: https://repo.maven.apache.org/maven2/com/sun/istack/istack-commons-runtime/3.0.7/istack-commons-runtime-3.0.7.pom
[INFO] Downloaded from central: https://repo.maven.apache.org/maven2/com/sun/istack/istack-commons-runtime/3.0.7/istack-commons-runtime-3.0.7.pom (5.9 kB at 16 kB/s)
[INFO] Downloading from central: https://repo.maven.apache.org/maven2/org/jvnet/staxex/stax-ex/1.8/stax-ex-1.8.pom
[INFO] Downloaded from central: https://repo.maven.apache.org/maven2/org/jvnet/staxex/stax-ex/1.8/stax-ex-1.8.pom (15 kB at 41 kB/s)
[INFO] Downloading from central: https://repo.maven.apache.org/maven2/com/sun/xml/fastinfoset/FastInfoset/1.2.15/FastInfoset-1.2.15.pom
[INFO] Downloaded from central: https://repo.maven.apache.org/maven2/com/sun/xml/fastinfoset/FastInfoset/1.2.15/FastInfoset-1.2.15.pom (6.9 kB at 19 kB/s)
[INFO] Downloading from central: https://repo.maven.apache.org/maven2/junit/junit/4.12/junit-4.12.jar
[INFO] Downloaded from central: https://repo.maven.apache.org/maven2/junit/junit/4.12/junit-4.12.jar (315 kB at 590 kB/s)
[INFO] Downloading from central: https://repo.maven.apache.org/maven2/org/hamcrest/hamcrest-core/1.3/hamcrest-core-1.3.jar
[INFO] Downloaded from central: https://repo.maven.apache.org/maven2/org/hamcrest/hamcrest-core/1.3/hamcrest-core-1.3.jar (45 kB at 122 kB/s)
[INFO] Downloading from central: https://repo.maven.apache.org/maven2/javax/xml/bind/jaxb-api/2.3.1/jaxb-api-2.3.1.jar
[INFO] Downloaded from central: https://repo.maven.apache.org/maven2/javax/xml/bind/jaxb-api/2.3.1/jaxb-api-2.3.1.jar (128 kB at 328 kB/s)
[INFO] Downloading from central: https://repo.maven.apache.org/maven2/javax/activation/javax.activation-api/1.2.0/javax.activation-api-1.2.0.jar
[INFO] Downloaded from central: https://repo.maven.apache.org/maven2/javax/activation/javax.activation-api/1.2.0/javax.activation-api-1.2.0.jar (57 kB at 153 kB/s)
[INFO] Downloading from central: https://repo.maven.apache.org/maven2/org/glassfish/jaxb/jaxb-runtime/2.3.1/jaxb-runtime-2.3.1.jar
[INFO] Downloaded from central: https://repo.maven.apache.org/maven2/org/glassfish/jaxb/jaxb-runtime/2.3.1/jaxb-runtime-2.3.1.jar (1.1 MB at 1.7 MB/s)
[INFO] Downloading from central: https://repo.maven.apache.org/maven2/org/glassfish/jaxb/txw2/2.3.1/txw2-2.3.1.jar
[INFO] Downloaded from central: https://repo.maven.apache.org/maven2/org/glassfish/jaxb/txw2/2.3.1/txw2-2.3.1.jar (70 kB at 186 kB/s)
[INFO] Downloading from central: https://repo.maven.apache.org/maven2/com/sun/istack/istack-commons-runtime/3.0.7/istack-commons-runtime-3.0.7.jar
[INFO] Downloaded from central: https://repo.maven.apache.org/maven2/com/sun/istack/istack-commons-runtime/3.0.7/istack-commons-runtime-3.0.7.jar (26 kB at 70 kB/s)
[INFO] Downloading from central: https://repo.maven.apache.org/maven2/org/jvnet/staxex/stax-ex/1.8/stax-ex-1.8.jar
[INFO] Downloaded from central: https://repo.maven.apache.org/maven2/org/jvnet/staxex/stax-ex/1.8/stax-ex-1.8.jar (36 kB at 99 kB/s)
[INFO] Downloading from central: https://repo.maven.apache.org/maven2/com/sun/xml/fastinfoset/FastInfoset/1.2.15/FastInfoset-1.2.15.jar
[INFO] Downloaded from central: https://repo.maven.apache.org/maven2/com/sun/xml/fastinfoset/FastInfoset/1.2.15/FastInfoset-1.2.15.jar (312 kB at 720 kB/s)
[INFO] 
[INFO] -----< org.eclipse.paho:org.eclipse.paho.mqttv5.client.repository >-----
[INFO] Building Paho P2 Repository 1.2.5                                  [8/8]
[INFO] -------------------------[ eclipse-repository ]-------------------------
[WARNING] Failed to retrieve plugin descriptor for com.github.spotbugs:spotbugs-maven-plugin:4.1.4-ZY: Plugin com.github.spotbugs:spotbugs-maven-plugin:4.1.4-ZY or one of its dependencies could not be resolved: Failed to read artifact descriptor for com.github.spotbugs:spotbugs-maven-plugin:jar:4.1.4-ZY
[INFO] 
[INFO] --- maven-clean-plugin:2.5:clean (default-clean) @ org.eclipse.paho.mqttv5.client.repository ---
[INFO] Deleting /home/codegex/Documents/workspace/rbugs/experiment/top100repos/paho.mqtt.java/org.eclipse.paho.mqttv5.client.repository/target
[INFO] 
[INFO] --- tycho-packaging-plugin:1.7.0:build-qualifier-aggregator (default-build-qualifier-aggregator) @ org.eclipse.paho.mqttv5.client.repository ---
[INFO] The project's OSGi version is 1.2.5
[INFO] 
[INFO] --- maven-clean-plugin:2.5:clean (default-clean-1) @ org.eclipse.paho.mqttv5.client.repository ---
[INFO] 
[INFO] --- maven-resources-plugin:3.0.2:resources (default-resources) @ org.eclipse.paho.mqttv5.client.repository ---
[INFO] Using 'UTF-8' encoding to copy filtered resources.
[INFO] skip non existing resourceDirectory /home/codegex/Documents/workspace/rbugs/experiment/top100repos/paho.mqtt.java/org.eclipse.paho.mqttv5.client.repository/src/main/resources
[INFO] 
[INFO] --- tycho-source-plugin:1.7.0:plugin-source (plugin-source) @ org.eclipse.paho.mqttv5.client.repository ---
[INFO] 
[INFO] --- target-platform-configuration:1.7.0:target-platform (default-target-platform) @ org.eclipse.paho.mqttv5.client.repository ---
[INFO] 
[INFO] --- tycho-p2-publisher-plugin:1.7.0:publish-osgi-ee (default-publish-osgi-ee) @ org.eclipse.paho.mqttv5.client.repository ---
[INFO] Published profile IUs: [a.jre.javase 11.0.0, config.a.jre.javase 11.0.0]
[INFO] Published profile IUs: [a.jre.javase 14.0.0, config.a.jre.javase 14.0.0]
[INFO] 
[INFO] --- tycho-p2-publisher-plugin:1.7.0:publish-products (default-publish-products) @ org.eclipse.paho.mqttv5.client.repository ---
[INFO] 
[INFO] --- tycho-p2-publisher-plugin:1.7.0:publish-categories (default-publish-categories) @ org.eclipse.paho.mqttv5.client.repository ---
[INFO] 
[INFO] --- tycho-p2-publisher-plugin:1.7.0:attach-artifacts (default-attach-artifacts) @ org.eclipse.paho.mqttv5.client.repository ---
[INFO] 
[INFO] --- tycho-p2-repository-plugin:1.7.0:assemble-repository (default-assemble-repository) @ org.eclipse.paho.mqttv5.client.repository ---
[INFO] 
[INFO] --- tycho-p2-repository-plugin:1.7.0:archive-repository (default-archive-repository) @ org.eclipse.paho.mqttv5.client.repository ---
[INFO] Building zip: /home/codegex/Documents/workspace/rbugs/experiment/top100repos/paho.mqtt.java/org.eclipse.paho.mqttv5.client.repository/target/org.eclipse.paho.mqttv5.client.repository-1.2.5.zip
[INFO] 
[INFO] --- maven-install-plugin:2.3.1:install (default-install) @ org.eclipse.paho.mqttv5.client.repository ---
[INFO] Installing /home/codegex/Documents/workspace/rbugs/experiment/top100repos/paho.mqtt.java/org.eclipse.paho.mqttv5.client.repository/target/org.eclipse.paho.mqttv5.client.repository-1.2.5.zip to /home/codegex/.m2/repository/org/eclipse/paho/org.eclipse.paho.mqttv5.client.repository/1.2.5/org.eclipse.paho.mqttv5.client.repository-1.2.5.zip
[INFO] Installing /home/codegex/Documents/workspace/rbugs/experiment/top100repos/paho.mqtt.java/org.eclipse.paho.mqttv5.client.repository/pom.xml to /home/codegex/.m2/repository/org/eclipse/paho/org.eclipse.paho.mqttv5.client.repository/1.2.5/org.eclipse.paho.mqttv5.client.repository-1.2.5.pom
[INFO] Installing /home/codegex/Documents/workspace/rbugs/experiment/top100repos/paho.mqtt.java/org.eclipse.paho.mqttv5.client.repository/target/p2content.xml to /home/codegex/.m2/repository/org/eclipse/paho/org.eclipse.paho.mqttv5.client.repository/1.2.5/org.eclipse.paho.mqttv5.client.repository-1.2.5-p2metadata.xml
[INFO] Installing /home/codegex/Documents/workspace/rbugs/experiment/top100repos/paho.mqtt.java/org.eclipse.paho.mqttv5.client.repository/target/p2artifacts.xml to /home/codegex/.m2/repository/org/eclipse/paho/org.eclipse.paho.mqttv5.client.repository/1.2.5/org.eclipse.paho.mqttv5.client.repository-1.2.5-p2artifacts.xml
[INFO] 
[INFO] --- tycho-p2-plugin:1.7.0:update-local-index (default-update-local-index) @ org.eclipse.paho.mqttv5.client.repository ---
[INFO] 
[INFO] --- maven-dependency-plugin:2.8:purge-local-repository (default-cli) @ org.eclipse.paho.mqttv5.client.repository ---
[WARNING] Unable to purge local repository location: /home/codegex/.m2/repository/org/eclipse/paho/org.eclipse.paho.mqttv5.client/1.2.5
[INFO] ------------------------------------------------------------------------
[INFO] Reactor Summary for Eclipse Paho 1.2.5:
[INFO] 
[INFO] Eclipse Paho ....................................... SUCCESS [  0.422 s]
[INFO] org.eclipse.paho.client.mqttv3 ..................... SUCCESS [17:32 min]
[INFO] org.eclipse.paho.client.mqttv3.test ................ SUCCESS [15:28 min]
[INFO] Paho P2 Repository for mqttv3 client ............... SUCCESS [  0.741 s]
[INFO] org.eclipse.paho.mqtt.utility ...................... SUCCESS [10:57 min]
[INFO] org.eclipse.paho.mqttv5.client ..................... SUCCESS [  1.340 s]
[INFO] org.eclipse.paho.mqttv5.client.test ................ SUCCESS [  7.820 s]
[INFO] Paho P2 Repository ................................. SUCCESS [  0.848 s]
[INFO] ------------------------------------------------------------------------
[INFO] BUILD SUCCESS
[INFO] ------------------------------------------------------------------------
[INFO] Total time:  01:08 h
[INFO] Finished at: 2021-03-28T18:31:51+08:00
[INFO] ------------------------------------------------------------------------
WARNING: An illegal reflective access operation has occurred
WARNING: Illegal reflective access by com.google.inject.internal.cglib.core.$ReflectUtils$1 (file:/usr/share/maven/lib/guice.jar) to method java.lang.ClassLoader.defineClass(java.lang.String,byte[],int,int,java.security.ProtectionDomain)
WARNING: Please consider reporting this to the maintainers of com.google.inject.internal.cglib.core.$ReflectUtils$1
WARNING: Use --illegal-access=warn to enable warnings of further illegal reflective access operations
WARNING: All illegal access operations will be denied in a future release
