[INFO] Scanning for projects...
[INFO] Downloading from maven.eclipse.org: https://repo.eclipse.org/content/repositories/releases/org/eclipse/tycho/tycho-maven-plugin/1.7.0/tycho-maven-plugin-1.7.0.pom
[INFO] Downloading from eclipse.org-mylyn: https://repo.eclipse.org/content/repositories/mylyn-snapshots/org/eclipse/tycho/tycho-maven-plugin/1.7.0/tycho-maven-plugin-1.7.0.pom
[INFO] Downloading from central: https://repo.maven.apache.org/maven2/org/eclipse/tycho/tycho-maven-plugin/1.7.0/tycho-maven-plugin-1.7.0.pom
[INFO] Downloaded from central: https://repo.maven.apache.org/maven2/org/eclipse/tycho/tycho-maven-plugin/1.7.0/tycho-maven-plugin-1.7.0.pom (2.1 kB at 1.8 kB/s)
[INFO] Downloading from maven.eclipse.org: https://repo.eclipse.org/content/repositories/releases/org/eclipse/tycho/tycho/1.7.0/tycho-1.7.0.pom
[INFO] Downloading from eclipse.org-mylyn: https://repo.eclipse.org/content/repositories/mylyn-snapshots/org/eclipse/tycho/tycho/1.7.0/tycho-1.7.0.pom
[INFO] Downloading from central: https://repo.maven.apache.org/maven2/org/eclipse/tycho/tycho/1.7.0/tycho-1.7.0.pom
[INFO] Downloaded from central: https://repo.maven.apache.org/maven2/org/eclipse/tycho/tycho/1.7.0/tycho-1.7.0.pom (17 kB at 46 kB/s)
[INFO] Downloading from maven.eclipse.org: https://repo.eclipse.org/content/repositories/releases/org/eclipse/tycho/tycho-core/1.7.0/tycho-core-1.7.0.pom
[INFO] Downloading from eclipse.org-mylyn: https://repo.eclipse.org/content/repositories/mylyn-snapshots/org/eclipse/tycho/tycho-core/1.7.0/tycho-core-1.7.0.pom
[INFO] Downloading from central: https://repo.maven.apache.org/maven2/org/eclipse/tycho/tycho-core/1.7.0/tycho-core-1.7.0.pom
[INFO] Downloaded from central: https://repo.maven.apache.org/maven2/org/eclipse/tycho/tycho-core/1.7.0/tycho-core-1.7.0.pom (4.8 kB at 4.8 kB/s)
[INFO] Downloading from maven.eclipse.org: https://repo.eclipse.org/content/repositories/releases/org/eclipse/tycho/org.eclipse.tycho.p2.tools.shared/1.7.0/org.eclipse.tycho.p2.tools.shared-1.7.0.pom
[INFO] Downloading from eclipse.org-mylyn: https://repo.eclipse.org/content/repositories/mylyn-snapshots/org/eclipse/tycho/org.eclipse.tycho.p2.tools.shared/1.7.0/org.eclipse.tycho.p2.tools.shared-1.7.0.pom
[INFO] Downloading from central: https://repo.maven.apache.org/maven2/org/eclipse/tycho/org.eclipse.tycho.p2.tools.shared/1.7.0/org.eclipse.tycho.p2.tools.shared-1.7.0.pom
[INFO] Downloaded from central: https://repo.maven.apache.org/maven2/org/eclipse/tycho/org.eclipse.tycho.p2.tools.shared/1.7.0/org.eclipse.tycho.p2.tools.shared-1.7.0.pom (1.1 kB at 2.9 kB/s)
[INFO] Downloading from maven.eclipse.org: https://repo.eclipse.org/content/repositories/releases/org/eclipse/tycho/tycho-bundles/1.7.0/tycho-bundles-1.7.0.pom
[INFO] Downloading from eclipse.org-mylyn: https://repo.eclipse.org/content/repositories/mylyn-snapshots/org/eclipse/tycho/tycho-bundles/1.7.0/tycho-bundles-1.7.0.pom
[INFO] Downloading from central: https://repo.maven.apache.org/maven2/org/eclipse/tycho/tycho-bundles/1.7.0/tycho-bundles-1.7.0.pom
[INFO] Downloaded from central: https://repo.maven.apache.org/maven2/org/eclipse/tycho/tycho-bundles/1.7.0/tycho-bundles-1.7.0.pom (3.0 kB at 3.2 kB/s)
[INFO] Downloading from maven.eclipse.org: https://repo.eclipse.org/content/repositories/releases/org/eclipse/platform/org.eclipse.osgi.compatibility.state/1.1.700/org.eclipse.osgi.compatibility.state-1.1.700.pom
[INFO] Downloading from eclipse.org-mylyn: https://repo.eclipse.org/content/repositories/mylyn-snapshots/org/eclipse/platform/org.eclipse.osgi.compatibility.state/1.1.700/org.eclipse.osgi.compatibility.state-1.1.700.pom
[INFO] Downloading from central: https://repo.maven.apache.org/maven2/org/eclipse/platform/org.eclipse.osgi.compatibility.state/1.1.700/org.eclipse.osgi.compatibility.state-1.1.700.pom
[INFO] Downloaded from central: https://repo.maven.apache.org/maven2/org/eclipse/platform/org.eclipse.osgi.compatibility.state/1.1.700/org.eclipse.osgi.compatibility.state-1.1.700.pom (2.0 kB at 5.4 kB/s)
[INFO] Downloading from maven.eclipse.org: https://repo.eclipse.org/content/repositories/releases/org/eclipse/platform/org.eclipse.osgi/3.15.200/org.eclipse.osgi-3.15.200.pom
[INFO] Downloading from eclipse.org-mylyn: https://repo.eclipse.org/content/repositories/mylyn-snapshots/org/eclipse/platform/org.eclipse.osgi/3.15.200/org.eclipse.osgi-3.15.200.pom
[INFO] Downloading from central: https://repo.maven.apache.org/maven2/org/eclipse/platform/org.eclipse.osgi/3.15.200/org.eclipse.osgi-3.15.200.pom
[INFO] Downloaded from central: https://repo.maven.apache.org/maven2/org/eclipse/platform/org.eclipse.osgi/3.15.200/org.eclipse.osgi-3.15.200.pom (1.7 kB at 1.8 kB/s)
[INFO] Downloading from maven.eclipse.org: https://repo.eclipse.org/content/repositories/releases/org/eclipse/tycho/sisu-equinox-embedder/1.7.0/sisu-equinox-embedder-1.7.0.pom
[INFO] Downloading from eclipse.org-mylyn: https://repo.eclipse.org/content/repositories/mylyn-snapshots/org/eclipse/tycho/sisu-equinox-embedder/1.7.0/sisu-equinox-embedder-1.7.0.pom
[INFO] Downloading from central: https://repo.maven.apache.org/maven2/org/eclipse/tycho/sisu-equinox-embedder/1.7.0/sisu-equinox-embedder-1.7.0.pom
[INFO] Downloaded from central: https://repo.maven.apache.org/maven2/org/eclipse/tycho/sisu-equinox-embedder/1.7.0/sisu-equinox-embedder-1.7.0.pom (1.8 kB at 4.9 kB/s)
[INFO] Downloading from maven.eclipse.org: https://repo.eclipse.org/content/repositories/releases/org/eclipse/tycho/sisu-equinox/1.7.0/sisu-equinox-1.7.0.pom
[INFO] Downloading from eclipse.org-mylyn: https://repo.eclipse.org/content/repositories/mylyn-snapshots/org/eclipse/tycho/sisu-equinox/1.7.0/sisu-equinox-1.7.0.pom
[INFO] Downloading from central: https://repo.maven.apache.org/maven2/org/eclipse/tycho/sisu-equinox/1.7.0/sisu-equinox-1.7.0.pom
[INFO] Downloaded from central: https://repo.maven.apache.org/maven2/org/eclipse/tycho/sisu-equinox/1.7.0/sisu-equinox-1.7.0.pom (1.0 kB at 1.1 kB/s)
[INFO] Downloading from maven.eclipse.org: https://repo.eclipse.org/content/repositories/releases/org/eclipse/tycho/sisu-equinox-api/1.7.0/sisu-equinox-api-1.7.0.pom
[INFO] Downloading from eclipse.org-mylyn: https://repo.eclipse.org/content/repositories/mylyn-snapshots/org/eclipse/tycho/sisu-equinox-api/1.7.0/sisu-equinox-api-1.7.0.pom
[INFO] Downloading from central: https://repo.maven.apache.org/maven2/org/eclipse/tycho/sisu-equinox-api/1.7.0/sisu-equinox-api-1.7.0.pom
[INFO] Downloaded from central: https://repo.maven.apache.org/maven2/org/eclipse/tycho/sisu-equinox-api/1.7.0/sisu-equinox-api-1.7.0.pom (1.7 kB at 4.6 kB/s)
[INFO] Downloading from maven.eclipse.org: https://repo.eclipse.org/content/repositories/releases/org/eclipse/tycho/tycho-metadata-model/1.7.0/tycho-metadata-model-1.7.0.pom
[INFO] Downloading from eclipse.org-mylyn: https://repo.eclipse.org/content/repositories/mylyn-snapshots/org/eclipse/tycho/tycho-metadata-model/1.7.0/tycho-metadata-model-1.7.0.pom
[INFO] Downloading from central: https://repo.maven.apache.org/maven2/org/eclipse/tycho/tycho-metadata-model/1.7.0/tycho-metadata-model-1.7.0.pom
[INFO] Downloaded from central: https://repo.maven.apache.org/maven2/org/eclipse/tycho/tycho-metadata-model/1.7.0/tycho-metadata-model-1.7.0.pom (1.3 kB at 1.3 kB/s)
[INFO] Downloading from maven.eclipse.org: https://repo.eclipse.org/content/repositories/releases/org/eclipse/tycho/tycho-embedder-api/1.7.0/tycho-embedder-api-1.7.0.pom
[INFO] Downloading from eclipse.org-mylyn: https://repo.eclipse.org/content/repositories/mylyn-snapshots/org/eclipse/tycho/tycho-embedder-api/1.7.0/tycho-embedder-api-1.7.0.pom
[INFO] Downloading from central: https://repo.maven.apache.org/maven2/org/eclipse/tycho/tycho-embedder-api/1.7.0/tycho-embedder-api-1.7.0.pom
[INFO] Downloaded from central: https://repo.maven.apache.org/maven2/org/eclipse/tycho/tycho-embedder-api/1.7.0/tycho-embedder-api-1.7.0.pom (2.1 kB at 5.6 kB/s)
[INFO] Downloading from maven.eclipse.org: https://repo.eclipse.org/content/repositories/releases/org/eclipse/tycho/org.eclipse.tycho.embedder.shared/1.7.0/org.eclipse.tycho.embedder.shared-1.7.0.pom
[INFO] Downloading from eclipse.org-mylyn: https://repo.eclipse.org/content/repositories/mylyn-snapshots/org/eclipse/tycho/org.eclipse.tycho.embedder.shared/1.7.0/org.eclipse.tycho.embedder.shared-1.7.0.pom
[INFO] Downloading from central: https://repo.maven.apache.org/maven2/org/eclipse/tycho/org.eclipse.tycho.embedder.shared/1.7.0/org.eclipse.tycho.embedder.shared-1.7.0.pom
[INFO] Downloaded from central: https://repo.maven.apache.org/maven2/org/eclipse/tycho/org.eclipse.tycho.embedder.shared/1.7.0/org.eclipse.tycho.embedder.shared-1.7.0.pom (1.1 kB at 1.1 kB/s)
[INFO] Downloading from maven.eclipse.org: https://repo.eclipse.org/content/repositories/releases/org/eclipse/tycho/org.eclipse.tycho.core.shared/1.7.0/org.eclipse.tycho.core.shared-1.7.0.pom
[INFO] Downloading from eclipse.org-mylyn: https://repo.eclipse.org/content/repositories/mylyn-snapshots/org/eclipse/tycho/org.eclipse.tycho.core.shared/1.7.0/org.eclipse.tycho.core.shared-1.7.0.pom
[INFO] Downloading from central: https://repo.maven.apache.org/maven2/org/eclipse/tycho/org.eclipse.tycho.core.shared/1.7.0/org.eclipse.tycho.core.shared-1.7.0.pom
[INFO] Downloaded from central: https://repo.maven.apache.org/maven2/org/eclipse/tycho/org.eclipse.tycho.core.shared/1.7.0/org.eclipse.tycho.core.shared-1.7.0.pom (1.0 kB at 2.8 kB/s)
[INFO] Downloading from maven.eclipse.org: https://repo.eclipse.org/content/repositories/releases/org/eclipse/tycho/tycho-p2-facade/1.7.0/tycho-p2-facade-1.7.0.pom
[INFO] Downloading from eclipse.org-mylyn: https://repo.eclipse.org/content/repositories/mylyn-snapshots/org/eclipse/tycho/tycho-p2-facade/1.7.0/tycho-p2-facade-1.7.0.pom
[INFO] Downloading from central: https://repo.maven.apache.org/maven2/org/eclipse/tycho/tycho-p2-facade/1.7.0/tycho-p2-facade-1.7.0.pom
[INFO] Downloaded from central: https://repo.maven.apache.org/maven2/org/eclipse/tycho/tycho-p2-facade/1.7.0/tycho-p2-facade-1.7.0.pom (2.1 kB at 2.2 kB/s)
[INFO] Downloading from maven.eclipse.org: https://repo.eclipse.org/content/repositories/releases/org/eclipse/tycho/tycho-p2/1.7.0/tycho-p2-1.7.0.pom
[INFO] Downloading from eclipse.org-mylyn: https://repo.eclipse.org/content/repositories/mylyn-snapshots/org/eclipse/tycho/tycho-p2/1.7.0/tycho-p2-1.7.0.pom
[INFO] Downloading from central: https://repo.maven.apache.org/maven2/org/eclipse/tycho/tycho-p2/1.7.0/tycho-p2-1.7.0.pom
[INFO] Downloaded from central: https://repo.maven.apache.org/maven2/org/eclipse/tycho/tycho-p2/1.7.0/tycho-p2-1.7.0.pom (1.1 kB at 3.0 kB/s)
[INFO] Downloading from maven.eclipse.org: https://repo.eclipse.org/content/repositories/releases/org/eclipse/tycho/org.eclipse.tycho.p2.resolver.shared/1.7.0/org.eclipse.tycho.p2.resolver.shared-1.7.0.pom
[INFO] Downloading from eclipse.org-mylyn: https://repo.eclipse.org/content/repositories/mylyn-snapshots/org/eclipse/tycho/org.eclipse.tycho.p2.resolver.shared/1.7.0/org.eclipse.tycho.p2.resolver.shared-1.7.0.pom
[INFO] Downloading from central: https://repo.maven.apache.org/maven2/org/eclipse/tycho/org.eclipse.tycho.p2.resolver.shared/1.7.0/org.eclipse.tycho.p2.resolver.shared-1.7.0.pom
[INFO] Downloaded from central: https://repo.maven.apache.org/maven2/org/eclipse/tycho/org.eclipse.tycho.p2.resolver.shared/1.7.0/org.eclipse.tycho.p2.resolver.shared-1.7.0.pom (1.1 kB at 1.1 kB/s)
[INFO] Downloading from maven.eclipse.org: https://repo.eclipse.org/content/repositories/releases/org/eclipse/tycho/tycho-maven-plugin/1.7.0/tycho-maven-plugin-1.7.0.jar
[INFO] Downloading from maven.eclipse.org: https://repo.eclipse.org/content/repositories/releases/org/eclipse/tycho/org.eclipse.tycho.p2.tools.shared/1.7.0/org.eclipse.tycho.p2.tools.shared-1.7.0.jar
[INFO] Downloading from maven.eclipse.org: https://repo.eclipse.org/content/repositories/releases/org/eclipse/tycho/tycho-core/1.7.0/tycho-core-1.7.0.jar
[INFO] Downloading from maven.eclipse.org: https://repo.eclipse.org/content/repositories/releases/org/eclipse/platform/org.eclipse.osgi/3.15.200/org.eclipse.osgi-3.15.200.jar
[INFO] Downloading from maven.eclipse.org: https://repo.eclipse.org/content/repositories/releases/org/eclipse/platform/org.eclipse.osgi.compatibility.state/1.1.700/org.eclipse.osgi.compatibility.state-1.1.700.jar
[INFO] Downloading from maven.eclipse.org: https://repo.eclipse.org/content/repositories/releases/org/eclipse/tycho/sisu-equinox-embedder/1.7.0/sisu-equinox-embedder-1.7.0.jar
[INFO] Downloading from maven.eclipse.org: https://repo.eclipse.org/content/repositories/releases/org/eclipse/tycho/sisu-equinox-api/1.7.0/sisu-equinox-api-1.7.0.jar
[INFO] Downloading from maven.eclipse.org: https://repo.eclipse.org/content/repositories/releases/org/eclipse/tycho/org.eclipse.tycho.embedder.shared/1.7.0/org.eclipse.tycho.embedder.shared-1.7.0.jar
[INFO] Downloading from maven.eclipse.org: https://repo.eclipse.org/content/repositories/releases/org/eclipse/tycho/tycho-embedder-api/1.7.0/tycho-embedder-api-1.7.0.jar
[INFO] Downloading from maven.eclipse.org: https://repo.eclipse.org/content/repositories/releases/org/eclipse/tycho/tycho-metadata-model/1.7.0/tycho-metadata-model-1.7.0.jar
[INFO] Downloading from maven.eclipse.org: https://repo.eclipse.org/content/repositories/releases/org/eclipse/tycho/tycho-p2-facade/1.7.0/tycho-p2-facade-1.7.0.jar
[INFO] Downloading from maven.eclipse.org: https://repo.eclipse.org/content/repositories/releases/org/eclipse/tycho/org.eclipse.tycho.p2.resolver.shared/1.7.0/org.eclipse.tycho.p2.resolver.shared-1.7.0.jar
[INFO] Downloading from maven.eclipse.org: https://repo.eclipse.org/content/repositories/releases/org/eclipse/tycho/org.eclipse.tycho.core.shared/1.7.0/org.eclipse.tycho.core.shared-1.7.0.jar
[INFO] Downloading from eclipse.org-mylyn: https://repo.eclipse.org/content/repositories/mylyn-snapshots/org/eclipse/tycho/tycho-maven-plugin/1.7.0/tycho-maven-plugin-1.7.0.jar
[INFO] Downloading from eclipse.org-mylyn: https://repo.eclipse.org/content/repositories/mylyn-snapshots/org/eclipse/tycho/tycho-core/1.7.0/tycho-core-1.7.0.jar
[INFO] Downloading from eclipse.org-mylyn: https://repo.eclipse.org/content/repositories/mylyn-snapshots/org/eclipse/tycho/org.eclipse.tycho.p2.tools.shared/1.7.0/org.eclipse.tycho.p2.tools.shared-1.7.0.jar
[INFO] Downloading from eclipse.org-mylyn: https://repo.eclipse.org/content/repositories/mylyn-snapshots/org/eclipse/platform/org.eclipse.osgi/3.15.200/org.eclipse.osgi-3.15.200.jar
[INFO] Downloading from eclipse.org-mylyn: https://repo.eclipse.org/content/repositories/mylyn-snapshots/org/eclipse/platform/org.eclipse.osgi.compatibility.state/1.1.700/org.eclipse.osgi.compatibility.state-1.1.700.jar
[INFO] Downloading from eclipse.org-mylyn: https://repo.eclipse.org/content/repositories/mylyn-snapshots/org/eclipse/tycho/sisu-equinox-embedder/1.7.0/sisu-equinox-embedder-1.7.0.jar
[INFO] Downloading from eclipse.org-mylyn: https://repo.eclipse.org/content/repositories/mylyn-snapshots/org/eclipse/tycho/org.eclipse.tycho.embedder.shared/1.7.0/org.eclipse.tycho.embedder.shared-1.7.0.jar
[INFO] Downloading from eclipse.org-mylyn: https://repo.eclipse.org/content/repositories/mylyn-snapshots/org/eclipse/tycho/tycho-embedder-api/1.7.0/tycho-embedder-api-1.7.0.jar
[INFO] Downloading from eclipse.org-mylyn: https://repo.eclipse.org/content/repositories/mylyn-snapshots/org/eclipse/tycho/tycho-metadata-model/1.7.0/tycho-metadata-model-1.7.0.jar
[INFO] Downloading from eclipse.org-mylyn: https://repo.eclipse.org/content/repositories/mylyn-snapshots/org/eclipse/tycho/sisu-equinox-api/1.7.0/sisu-equinox-api-1.7.0.jar
[INFO] Downloading from eclipse.org-mylyn: https://repo.eclipse.org/content/repositories/mylyn-snapshots/org/eclipse/tycho/org.eclipse.tycho.core.shared/1.7.0/org.eclipse.tycho.core.shared-1.7.0.jar
[INFO] Downloading from eclipse.org-mylyn: https://repo.eclipse.org/content/repositories/mylyn-snapshots/org/eclipse/tycho/org.eclipse.tycho.p2.resolver.shared/1.7.0/org.eclipse.tycho.p2.resolver.shared-1.7.0.jar
[INFO] Downloading from eclipse.org-mylyn: https://repo.eclipse.org/content/repositories/mylyn-snapshots/org/eclipse/tycho/tycho-p2-facade/1.7.0/tycho-p2-facade-1.7.0.jar
[INFO] Downloading from central: https://repo.maven.apache.org/maven2/org/eclipse/tycho/tycho-maven-plugin/1.7.0/tycho-maven-plugin-1.7.0.jar
[INFO] Downloading from central: https://repo.maven.apache.org/maven2/org/eclipse/tycho/tycho-core/1.7.0/tycho-core-1.7.0.jar
[INFO] Downloading from central: https://repo.maven.apache.org/maven2/org/eclipse/tycho/org.eclipse.tycho.p2.tools.shared/1.7.0/org.eclipse.tycho.p2.tools.shared-1.7.0.jar
[INFO] Downloading from central: https://repo.maven.apache.org/maven2/org/eclipse/platform/org.eclipse.osgi.compatibility.state/1.1.700/org.eclipse.osgi.compatibility.state-1.1.700.jar
[INFO] Downloading from central: https://repo.maven.apache.org/maven2/org/eclipse/platform/org.eclipse.osgi/3.15.200/org.eclipse.osgi-3.15.200.jar
[INFO] Downloaded from central: https://repo.maven.apache.org/maven2/org/eclipse/tycho/tycho-maven-plugin/1.7.0/tycho-maven-plugin-1.7.0.jar (5.4 kB at 4.9 kB/s)
[INFO] Downloading from central: https://repo.maven.apache.org/maven2/org/eclipse/tycho/sisu-equinox-embedder/1.7.0/sisu-equinox-embedder-1.7.0.jar
[INFO] Downloaded from central: https://repo.maven.apache.org/maven2/org/eclipse/tycho/org.eclipse.tycho.p2.tools.shared/1.7.0/org.eclipse.tycho.p2.tools.shared-1.7.0.jar (22 kB at 19 kB/s)
[INFO] Downloading from central: https://repo.maven.apache.org/maven2/org/eclipse/tycho/sisu-equinox-api/1.7.0/sisu-equinox-api-1.7.0.jar
[INFO] Downloaded from central: https://repo.maven.apache.org/maven2/org/eclipse/tycho/sisu-equinox-embedder/1.7.0/sisu-equinox-embedder-1.7.0.jar (13 kB at 8.9 kB/s)
[INFO] Downloading from central: https://repo.maven.apache.org/maven2/org/eclipse/tycho/tycho-metadata-model/1.7.0/tycho-metadata-model-1.7.0.jar
[INFO] Downloaded from central: https://repo.maven.apache.org/maven2/org/eclipse/tycho/sisu-equinox-api/1.7.0/sisu-equinox-api-1.7.0.jar (3.1 kB at 2.1 kB/s)
[INFO] Downloading from central: https://repo.maven.apache.org/maven2/org/eclipse/tycho/tycho-embedder-api/1.7.0/tycho-embedder-api-1.7.0.jar
[INFO] Downloaded from central: https://repo.maven.apache.org/maven2/org/eclipse/tycho/tycho-core/1.7.0/tycho-core-1.7.0.jar (205 kB at 135 kB/s)
[INFO] Downloading from central: https://repo.maven.apache.org/maven2/org/eclipse/tycho/org.eclipse.tycho.embedder.shared/1.7.0/org.eclipse.tycho.embedder.shared-1.7.0.jar
[INFO] Downloaded from central: https://repo.maven.apache.org/maven2/org/eclipse/platform/org.eclipse.osgi.compatibility.state/1.1.700/org.eclipse.osgi.compatibility.state-1.1.700.jar (248 kB at 160 kB/s)
[INFO] Downloading from central: https://repo.maven.apache.org/maven2/org/eclipse/tycho/org.eclipse.tycho.core.shared/1.7.0/org.eclipse.tycho.core.shared-1.7.0.jar
[INFO] Downloaded from central: https://repo.maven.apache.org/maven2/org/eclipse/tycho/tycho-embedder-api/1.7.0/tycho-embedder-api-1.7.0.jar (7.0 kB at 3.7 kB/s)
[INFO] Downloading from central: https://repo.maven.apache.org/maven2/org/eclipse/tycho/tycho-p2-facade/1.7.0/tycho-p2-facade-1.7.0.jar
[INFO] Downloaded from central: https://repo.maven.apache.org/maven2/org/eclipse/tycho/org.eclipse.tycho.embedder.shared/1.7.0/org.eclipse.tycho.embedder.shared-1.7.0.jar (9.3 kB at 4.9 kB/s)
[INFO] Downloading from central: https://repo.maven.apache.org/maven2/org/eclipse/tycho/org.eclipse.tycho.p2.resolver.shared/1.7.0/org.eclipse.tycho.p2.resolver.shared-1.7.0.jar
[INFO] Downloaded from central: https://repo.maven.apache.org/maven2/org/eclipse/tycho/org.eclipse.tycho.core.shared/1.7.0/org.eclipse.tycho.core.shared-1.7.0.jar (37 kB at 19 kB/s)
[INFO] Downloaded from central: https://repo.maven.apache.org/maven2/org/eclipse/tycho/tycho-metadata-model/1.7.0/tycho-metadata-model-1.7.0.jar (38 kB at 20 kB/s)
[INFO] Downloaded from central: https://repo.maven.apache.org/maven2/org/eclipse/platform/org.eclipse.osgi/3.15.200/org.eclipse.osgi-3.15.200.jar (1.5 MB at 702 kB/s)
[INFO] Downloaded from central: https://repo.maven.apache.org/maven2/org/eclipse/tycho/org.eclipse.tycho.p2.resolver.shared/1.7.0/org.eclipse.tycho.p2.resolver.shared-1.7.0.jar (29 kB at 13 kB/s)
[INFO] Downloaded from central: https://repo.maven.apache.org/maven2/org/eclipse/tycho/tycho-p2-facade/1.7.0/tycho-p2-facade-1.7.0.jar (37 kB at 16 kB/s)
[INFO] Downloading from maven.eclipse.org: https://repo.eclipse.org/content/repositories/releases/org/eclipse/tycho/tycho-bundles-external/1.7.0/tycho-bundles-external-1.7.0.zip
[INFO] Downloading from eclipse.org-mylyn: https://repo.eclipse.org/content/repositories/mylyn-snapshots/org/eclipse/tycho/tycho-bundles-external/1.7.0/tycho-bundles-external-1.7.0.zip
[INFO] Downloading from central: https://repo.maven.apache.org/maven2/org/eclipse/tycho/tycho-bundles-external/1.7.0/tycho-bundles-external-1.7.0.zip
[INFO] Downloaded from central: https://repo.maven.apache.org/maven2/org/eclipse/tycho/tycho-bundles-external/1.7.0/tycho-bundles-external-1.7.0.zip (8.2 MB at 2.8 MB/s)
[INFO] Downloading from maven.eclipse.org: https://repo.eclipse.org/content/repositories/releases/org/eclipse/tycho/org.eclipse.tycho.p2.resolver.impl/1.7.0/org.eclipse.tycho.p2.resolver.impl-1.7.0.jar
[INFO] Downloading from eclipse.org-mylyn: https://repo.eclipse.org/content/repositories/mylyn-snapshots/org/eclipse/tycho/org.eclipse.tycho.p2.resolver.impl/1.7.0/org.eclipse.tycho.p2.resolver.impl-1.7.0.jar
[INFO] Downloading from central: https://repo.maven.apache.org/maven2/org/eclipse/tycho/org.eclipse.tycho.p2.resolver.impl/1.7.0/org.eclipse.tycho.p2.resolver.impl-1.7.0.jar
[INFO] Downloaded from central: https://repo.maven.apache.org/maven2/org/eclipse/tycho/org.eclipse.tycho.p2.resolver.impl/1.7.0/org.eclipse.tycho.p2.resolver.impl-1.7.0.jar (218 kB at 158 kB/s)
[INFO] Downloading from maven.eclipse.org: https://repo.eclipse.org/content/repositories/releases/org/eclipse/tycho/org.eclipse.tycho.p2.maven.repository/1.7.0/org.eclipse.tycho.p2.maven.repository-1.7.0.jar
[INFO] Downloading from eclipse.org-mylyn: https://repo.eclipse.org/content/repositories/mylyn-snapshots/org/eclipse/tycho/org.eclipse.tycho.p2.maven.repository/1.7.0/org.eclipse.tycho.p2.maven.repository-1.7.0.jar
[INFO] Downloading from central: https://repo.maven.apache.org/maven2/org/eclipse/tycho/org.eclipse.tycho.p2.maven.repository/1.7.0/org.eclipse.tycho.p2.maven.repository-1.7.0.jar
[INFO] Downloaded from central: https://repo.maven.apache.org/maven2/org/eclipse/tycho/org.eclipse.tycho.p2.maven.repository/1.7.0/org.eclipse.tycho.p2.maven.repository-1.7.0.jar (148 kB at 355 kB/s)
[INFO] Downloading from maven.eclipse.org: https://repo.eclipse.org/content/repositories/releases/org/eclipse/tycho/org.eclipse.tycho.p2.tools.impl/1.7.0/org.eclipse.tycho.p2.tools.impl-1.7.0.jar
[INFO] Downloading from eclipse.org-mylyn: https://repo.eclipse.org/content/repositories/mylyn-snapshots/org/eclipse/tycho/org.eclipse.tycho.p2.tools.impl/1.7.0/org.eclipse.tycho.p2.tools.impl-1.7.0.jar
[INFO] Downloading from central: https://repo.maven.apache.org/maven2/org/eclipse/tycho/org.eclipse.tycho.p2.tools.impl/1.7.0/org.eclipse.tycho.p2.tools.impl-1.7.0.jar
[INFO] Downloaded from central: https://repo.maven.apache.org/maven2/org/eclipse/tycho/org.eclipse.tycho.p2.tools.impl/1.7.0/org.eclipse.tycho.p2.tools.impl-1.7.0.jar (50 kB at 45 kB/s)
[INFO] Downloading from maven.eclipse.org: https://repo.eclipse.org/content/repositories/releases/org/eclipse/tycho/tycho-source-plugin/1.7.0/tycho-source-plugin-1.7.0.pom
[INFO] Downloading from eclipse.org-mylyn: https://repo.eclipse.org/content/repositories/mylyn-snapshots/org/eclipse/tycho/tycho-source-plugin/1.7.0/tycho-source-plugin-1.7.0.pom
[INFO] Downloading from central: https://repo.maven.apache.org/maven2/org/eclipse/tycho/tycho-source-plugin/1.7.0/tycho-source-plugin-1.7.0.pom
[INFO] Downloaded from central: https://repo.maven.apache.org/maven2/org/eclipse/tycho/tycho-source-plugin/1.7.0/tycho-source-plugin-1.7.0.pom (2.8 kB at 7.4 kB/s)
[INFO] Downloading from maven.eclipse.org: https://repo.eclipse.org/content/repositories/releases/org/eclipse/tycho/tycho-source-plugin/1.7.0/tycho-source-plugin-1.7.0.jar
[INFO] Downloading from eclipse.org-mylyn: https://repo.eclipse.org/content/repositories/mylyn-snapshots/org/eclipse/tycho/tycho-source-plugin/1.7.0/tycho-source-plugin-1.7.0.jar
[INFO] Downloading from central: https://repo.maven.apache.org/maven2/org/eclipse/tycho/tycho-source-plugin/1.7.0/tycho-source-plugin-1.7.0.jar
[INFO] Downloaded from central: https://repo.maven.apache.org/maven2/org/eclipse/tycho/tycho-source-plugin/1.7.0/tycho-source-plugin-1.7.0.jar (23 kB at 24 kB/s)
[INFO] Downloading from maven.eclipse.org: https://repo.eclipse.org/content/repositories/releases/org/apache/maven/plugins/maven-source-plugin/2.1/maven-source-plugin-2.1.pom
[INFO] Downloading from eclipse.org-mylyn: https://repo.eclipse.org/content/repositories/mylyn-snapshots/org/apache/maven/plugins/maven-source-plugin/2.1/maven-source-plugin-2.1.pom
[INFO] Downloading from central: https://repo.maven.apache.org/maven2/org/apache/maven/plugins/maven-source-plugin/2.1/maven-source-plugin-2.1.pom
[INFO] Downloaded from central: https://repo.maven.apache.org/maven2/org/apache/maven/plugins/maven-source-plugin/2.1/maven-source-plugin-2.1.pom (0 B at 0 B/s)
[INFO] Downloading from maven.eclipse.org: https://repo.eclipse.org/content/repositories/releases/org/apache/maven/plugins/maven-plugins/13/maven-plugins-13.pom
[INFO] Downloading from eclipse.org-mylyn: https://repo.eclipse.org/content/repositories/mylyn-snapshots/org/apache/maven/plugins/maven-plugins/13/maven-plugins-13.pom
[INFO] Downloading from central: https://repo.maven.apache.org/maven2/org/apache/maven/plugins/maven-plugins/13/maven-plugins-13.pom
[INFO] Downloaded from central: https://repo.maven.apache.org/maven2/org/apache/maven/plugins/maven-plugins/13/maven-plugins-13.pom (0 B at 0 B/s)
[INFO] Downloading from maven.eclipse.org: https://repo.eclipse.org/content/repositories/releases/org/eclipse/tycho/tycho-packaging-plugin/1.7.0/tycho-packaging-plugin-1.7.0.pom
[INFO] Downloading from eclipse.org-mylyn: https://repo.eclipse.org/content/repositories/mylyn-snapshots/org/eclipse/tycho/tycho-packaging-plugin/1.7.0/tycho-packaging-plugin-1.7.0.pom
[INFO] Downloading from central: https://repo.maven.apache.org/maven2/org/eclipse/tycho/tycho-packaging-plugin/1.7.0/tycho-packaging-plugin-1.7.0.pom
[INFO] Downloaded from central: https://repo.maven.apache.org/maven2/org/eclipse/tycho/tycho-packaging-plugin/1.7.0/tycho-packaging-plugin-1.7.0.pom (2.5 kB at 6.8 kB/s)
[INFO] Downloading from maven.eclipse.org: https://repo.eclipse.org/content/repositories/releases/org/apache/maven/plugins/maven-source-plugin/2.1/maven-source-plugin-2.1.jar
[INFO] Downloading from maven.eclipse.org: https://repo.eclipse.org/content/repositories/releases/org/eclipse/tycho/tycho-packaging-plugin/1.7.0/tycho-packaging-plugin-1.7.0.jar
[INFO] Downloading from eclipse.org-mylyn: https://repo.eclipse.org/content/repositories/mylyn-snapshots/org/apache/maven/plugins/maven-source-plugin/2.1/maven-source-plugin-2.1.jar
[INFO] Downloading from eclipse.org-mylyn: https://repo.eclipse.org/content/repositories/mylyn-snapshots/org/eclipse/tycho/tycho-packaging-plugin/1.7.0/tycho-packaging-plugin-1.7.0.jar
[INFO] Downloading from central: https://repo.maven.apache.org/maven2/org/apache/maven/plugins/maven-source-plugin/2.1/maven-source-plugin-2.1.jar
[INFO] Downloading from central: https://repo.maven.apache.org/maven2/org/eclipse/tycho/tycho-packaging-plugin/1.7.0/tycho-packaging-plugin-1.7.0.jar
[INFO] Downloaded from central: https://repo.maven.apache.org/maven2/org/apache/maven/plugins/maven-source-plugin/2.1/maven-source-plugin-2.1.jar (0 B at 0 B/s)
[INFO] Downloaded from central: https://repo.maven.apache.org/maven2/org/eclipse/tycho/tycho-packaging-plugin/1.7.0/tycho-packaging-plugin-1.7.0.jar (130 kB at 97 kB/s)
[INFO] Downloading from maven.eclipse.org: https://repo.eclipse.org/content/repositories/releases/org/eclipse/tycho/target-platform-configuration/1.7.0/target-platform-configuration-1.7.0.pom
[INFO] Downloading from eclipse.org-mylyn: https://repo.eclipse.org/content/repositories/mylyn-snapshots/org/eclipse/tycho/target-platform-configuration/1.7.0/target-platform-configuration-1.7.0.pom
[INFO] Downloading from central: https://repo.maven.apache.org/maven2/org/eclipse/tycho/target-platform-configuration/1.7.0/target-platform-configuration-1.7.0.pom
[INFO] Downloaded from central: https://repo.maven.apache.org/maven2/org/eclipse/tycho/target-platform-configuration/1.7.0/target-platform-configuration-1.7.0.pom (1.7 kB at 4.7 kB/s)
[INFO] Downloading from maven.eclipse.org: https://repo.eclipse.org/content/repositories/releases/org/eclipse/tycho/target-platform-configuration/1.7.0/target-platform-configuration-1.7.0.jar
[INFO] Downloading from eclipse.org-mylyn: https://repo.eclipse.org/content/repositories/mylyn-snapshots/org/eclipse/tycho/target-platform-configuration/1.7.0/target-platform-configuration-1.7.0.jar
[INFO] Downloading from central: https://repo.maven.apache.org/maven2/org/eclipse/tycho/target-platform-configuration/1.7.0/target-platform-configuration-1.7.0.jar
[INFO] Downloaded from central: https://repo.maven.apache.org/maven2/org/eclipse/tycho/target-platform-configuration/1.7.0/target-platform-configuration-1.7.0.jar (7.8 kB at 8.2 kB/s)
[INFO] Downloading from maven.eclipse.org: https://repo.eclipse.org/content/repositories/releases/org/eclipse/tycho/extras/tycho-eclipserun-plugin/1.7.0/tycho-eclipserun-plugin-1.7.0.pom
[INFO] Downloading from eclipse.org-mylyn: https://repo.eclipse.org/content/repositories/mylyn-snapshots/org/eclipse/tycho/extras/tycho-eclipserun-plugin/1.7.0/tycho-eclipserun-plugin-1.7.0.pom
[INFO] Downloading from central: https://repo.maven.apache.org/maven2/org/eclipse/tycho/extras/tycho-eclipserun-plugin/1.7.0/tycho-eclipserun-plugin-1.7.0.pom
[INFO] Downloaded from central: https://repo.maven.apache.org/maven2/org/eclipse/tycho/extras/tycho-eclipserun-plugin/1.7.0/tycho-eclipserun-plugin-1.7.0.pom (2.1 kB at 5.8 kB/s)
[INFO] Downloading from maven.eclipse.org: https://repo.eclipse.org/content/repositories/releases/org/eclipse/tycho/extras/tycho-extras/1.7.0/tycho-extras-1.7.0.pom
[INFO] Downloading from eclipse.org-mylyn: https://repo.eclipse.org/content/repositories/mylyn-snapshots/org/eclipse/tycho/extras/tycho-extras/1.7.0/tycho-extras-1.7.0.pom
[INFO] Downloading from central: https://repo.maven.apache.org/maven2/org/eclipse/tycho/extras/tycho-extras/1.7.0/tycho-extras-1.7.0.pom
[INFO] Downloaded from central: https://repo.maven.apache.org/maven2/org/eclipse/tycho/extras/tycho-extras/1.7.0/tycho-extras-1.7.0.pom (6.3 kB at 6.4 kB/s)
[INFO] Downloading from maven.eclipse.org: https://repo.eclipse.org/content/repositories/releases/org/eclipse/tycho/extras/tycho-eclipserun-plugin/1.7.0/tycho-eclipserun-plugin-1.7.0.jar
[INFO] Downloading from eclipse.org-mylyn: https://repo.eclipse.org/content/repositories/mylyn-snapshots/org/eclipse/tycho/extras/tycho-eclipserun-plugin/1.7.0/tycho-eclipserun-plugin-1.7.0.jar
[INFO] Downloading from central: https://repo.maven.apache.org/maven2/org/eclipse/tycho/extras/tycho-eclipserun-plugin/1.7.0/tycho-eclipserun-plugin-1.7.0.jar
[INFO] Downloaded from central: https://repo.maven.apache.org/maven2/org/eclipse/tycho/extras/tycho-eclipserun-plugin/1.7.0/tycho-eclipserun-plugin-1.7.0.jar (12 kB at 33 kB/s)
[INFO] Downloading from maven.eclipse.org: https://repo.eclipse.org/content/repositories/releases/org/eclipse/tycho/sisu-equinox-launching/1.7.0/sisu-equinox-launching-1.7.0.pom
[INFO] Downloading from eclipse.org-mylyn: https://repo.eclipse.org/content/repositories/mylyn-snapshots/org/eclipse/tycho/sisu-equinox-launching/1.7.0/sisu-equinox-launching-1.7.0.pom
[INFO] Downloading from central: https://repo.maven.apache.org/maven2/org/eclipse/tycho/sisu-equinox-launching/1.7.0/sisu-equinox-launching-1.7.0.pom
[INFO] Downloaded from central: https://repo.maven.apache.org/maven2/org/eclipse/tycho/sisu-equinox-launching/1.7.0/sisu-equinox-launching-1.7.0.pom (2.7 kB at 2.7 kB/s)
[INFO] Downloading from maven.eclipse.org: https://repo.eclipse.org/content/repositories/releases/org/eclipse/tycho/extras/tycho-p2-extras-plugin/1.7.0/tycho-p2-extras-plugin-1.7.0.pom
[INFO] Downloading from eclipse.org-mylyn: https://repo.eclipse.org/content/repositories/mylyn-snapshots/org/eclipse/tycho/extras/tycho-p2-extras-plugin/1.7.0/tycho-p2-extras-plugin-1.7.0.pom
[INFO] Downloading from central: https://repo.maven.apache.org/maven2/org/eclipse/tycho/extras/tycho-p2-extras-plugin/1.7.0/tycho-p2-extras-plugin-1.7.0.pom
[INFO] Downloaded from central: https://repo.maven.apache.org/maven2/org/eclipse/tycho/extras/tycho-p2-extras-plugin/1.7.0/tycho-p2-extras-plugin-1.7.0.pom (5.6 kB at 15 kB/s)
[INFO] Downloading from maven.eclipse.org: https://repo.eclipse.org/content/repositories/releases/org/eclipse/tycho/tycho-artifactcomparator/1.7.0/tycho-artifactcomparator-1.7.0.pom
[INFO] Downloading from eclipse.org-mylyn: https://repo.eclipse.org/content/repositories/mylyn-snapshots/org/eclipse/tycho/tycho-artifactcomparator/1.7.0/tycho-artifactcomparator-1.7.0.pom
[INFO] Downloading from central: https://repo.maven.apache.org/maven2/org/eclipse/tycho/tycho-artifactcomparator/1.7.0/tycho-artifactcomparator-1.7.0.pom
[INFO] Downloaded from central: https://repo.maven.apache.org/maven2/org/eclipse/tycho/tycho-artifactcomparator/1.7.0/tycho-artifactcomparator-1.7.0.pom (2.2 kB at 2.3 kB/s)
[INFO] Downloading from maven.eclipse.org: https://repo.eclipse.org/content/repositories/releases/org/ow2/asm/asm-util/7.2/asm-util-7.2.pom
[INFO] Downloading from eclipse.org-mylyn: https://repo.eclipse.org/content/repositories/mylyn-snapshots/org/ow2/asm/asm-util/7.2/asm-util-7.2.pom
[INFO] Downloading from central: https://repo.maven.apache.org/maven2/org/ow2/asm/asm-util/7.2/asm-util-7.2.pom
[INFO] Downloaded from central: https://repo.maven.apache.org/maven2/org/ow2/asm/asm-util/7.2/asm-util-7.2.pom (3.7 kB at 9.6 kB/s)
[INFO] Downloading from maven.eclipse.org: https://repo.eclipse.org/content/repositories/releases/org/eclipse/tycho/sisu-equinox-launching/1.7.0/sisu-equinox-launching-1.7.0.jar
[INFO] Downloading from maven.eclipse.org: https://repo.eclipse.org/content/repositories/releases/org/eclipse/tycho/extras/tycho-p2-extras-plugin/1.7.0/tycho-p2-extras-plugin-1.7.0.jar
[INFO] Downloading from maven.eclipse.org: https://repo.eclipse.org/content/repositories/releases/org/ow2/asm/asm-util/7.2/asm-util-7.2.jar
[INFO] Downloading from maven.eclipse.org: https://repo.eclipse.org/content/repositories/releases/org/eclipse/tycho/tycho-artifactcomparator/1.7.0/tycho-artifactcomparator-1.7.0.jar
[INFO] Downloading from eclipse.org-mylyn: https://repo.eclipse.org/content/repositories/mylyn-snapshots/org/eclipse/tycho/sisu-equinox-launching/1.7.0/sisu-equinox-launching-1.7.0.jar
[INFO] Downloading from eclipse.org-mylyn: https://repo.eclipse.org/content/repositories/mylyn-snapshots/org/eclipse/tycho/extras/tycho-p2-extras-plugin/1.7.0/tycho-p2-extras-plugin-1.7.0.jar
[INFO] Downloading from eclipse.org-mylyn: https://repo.eclipse.org/content/repositories/mylyn-snapshots/org/ow2/asm/asm-util/7.2/asm-util-7.2.jar
[INFO] Downloading from eclipse.org-mylyn: https://repo.eclipse.org/content/repositories/mylyn-snapshots/org/eclipse/tycho/tycho-artifactcomparator/1.7.0/tycho-artifactcomparator-1.7.0.jar
[INFO] Downloading from central: https://repo.maven.apache.org/maven2/org/eclipse/tycho/sisu-equinox-launching/1.7.0/sisu-equinox-launching-1.7.0.jar
[INFO] Downloading from central: https://repo.maven.apache.org/maven2/org/eclipse/tycho/extras/tycho-p2-extras-plugin/1.7.0/tycho-p2-extras-plugin-1.7.0.jar
[INFO] Downloading from central: https://repo.maven.apache.org/maven2/org/eclipse/tycho/tycho-artifactcomparator/1.7.0/tycho-artifactcomparator-1.7.0.jar
[INFO] Downloading from central: https://repo.maven.apache.org/maven2/org/ow2/asm/asm-util/7.2/asm-util-7.2.jar
[INFO] Downloaded from central: https://repo.maven.apache.org/maven2/org/eclipse/tycho/tycho-artifactcomparator/1.7.0/tycho-artifactcomparator-1.7.0.jar (20 kB at 20 kB/s)
[INFO] Downloaded from central: https://repo.maven.apache.org/maven2/org/eclipse/tycho/sisu-equinox-launching/1.7.0/sisu-equinox-launching-1.7.0.jar (28 kB at 27 kB/s)
[INFO] Downloaded from central: https://repo.maven.apache.org/maven2/org/eclipse/tycho/extras/tycho-p2-extras-plugin/1.7.0/tycho-p2-extras-plugin-1.7.0.jar (29 kB at 28 kB/s)
[INFO] Downloaded from central: https://repo.maven.apache.org/maven2/org/ow2/asm/asm-util/7.2/asm-util-7.2.jar (81 kB at 67 kB/s)
[INFO] Downloading from maven.eclipse.org: https://repo.eclipse.org/content/repositories/releases/com/github/spotbugs/spotbugs-maven-plugin/4.1.4-ZY/spotbugs-maven-plugin-4.1.4-ZY.pom
[INFO] Downloading from eclipse.org-mylyn: https://repo.eclipse.org/content/repositories/mylyn-snapshots/com/github/spotbugs/spotbugs-maven-plugin/4.1.4-ZY/spotbugs-maven-plugin-4.1.4-ZY.pom
[INFO] Downloading from maven.eclipse.org: https://repo.eclipse.org/content/repositories/releases/org/eclipse/tycho/tycho-p2-plugin/1.7.0/tycho-p2-plugin-1.7.0.pom
[INFO] Downloading from eclipse.org-mylyn: https://repo.eclipse.org/content/repositories/mylyn-snapshots/org/eclipse/tycho/tycho-p2-plugin/1.7.0/tycho-p2-plugin-1.7.0.pom
[INFO] Downloading from central: https://repo.maven.apache.org/maven2/org/eclipse/tycho/tycho-p2-plugin/1.7.0/tycho-p2-plugin-1.7.0.pom
[INFO] Downloaded from central: https://repo.maven.apache.org/maven2/org/eclipse/tycho/tycho-p2-plugin/1.7.0/tycho-p2-plugin-1.7.0.pom (2.2 kB at 2.2 kB/s)
[INFO] Downloading from maven.eclipse.org: https://repo.eclipse.org/content/repositories/releases/org/eclipse/tycho/tycho-p2-plugin/1.7.0/tycho-p2-plugin-1.7.0.jar
[INFO] Downloading from eclipse.org-mylyn: https://repo.eclipse.org/content/repositories/mylyn-snapshots/org/eclipse/tycho/tycho-p2-plugin/1.7.0/tycho-p2-plugin-1.7.0.jar
[INFO] Downloading from central: https://repo.maven.apache.org/maven2/org/eclipse/tycho/tycho-p2-plugin/1.7.0/tycho-p2-plugin-1.7.0.jar
[INFO] Downloaded from central: https://repo.maven.apache.org/maven2/org/eclipse/tycho/tycho-p2-plugin/1.7.0/tycho-p2-plugin-1.7.0.jar (29 kB at 73 kB/s)
[INFO] Downloading from maven.eclipse.org: https://repo.eclipse.org/content/repositories/releases/org/eclipse/tycho/tycho-compiler-plugin/1.7.0/tycho-compiler-plugin-1.7.0.pom
[INFO] Downloading from eclipse.org-mylyn: https://repo.eclipse.org/content/repositories/mylyn-snapshots/org/eclipse/tycho/tycho-compiler-plugin/1.7.0/tycho-compiler-plugin-1.7.0.pom
[INFO] Downloading from central: https://repo.maven.apache.org/maven2/org/eclipse/tycho/tycho-compiler-plugin/1.7.0/tycho-compiler-plugin-1.7.0.pom
[INFO] Downloaded from central: https://repo.maven.apache.org/maven2/org/eclipse/tycho/tycho-compiler-plugin/1.7.0/tycho-compiler-plugin-1.7.0.pom (2.5 kB at 2.5 kB/s)
[INFO] Downloading from maven.eclipse.org: https://repo.eclipse.org/content/repositories/releases/org/eclipse/tycho/tycho-compiler-plugin/1.7.0/tycho-compiler-plugin-1.7.0.jar
[INFO] Downloading from eclipse.org-mylyn: https://repo.eclipse.org/content/repositories/mylyn-snapshots/org/eclipse/tycho/tycho-compiler-plugin/1.7.0/tycho-compiler-plugin-1.7.0.jar
[INFO] Downloading from central: https://repo.maven.apache.org/maven2/org/eclipse/tycho/tycho-compiler-plugin/1.7.0/tycho-compiler-plugin-1.7.0.jar
[INFO] Downloaded from central: https://repo.maven.apache.org/maven2/org/eclipse/tycho/tycho-compiler-plugin/1.7.0/tycho-compiler-plugin-1.7.0.jar (34 kB at 297 B/s)
[INFO] Downloading from maven.eclipse.org: https://repo.eclipse.org/content/repositories/releases/org/apache/maven/plugins/maven-deploy-plugin/2.5/maven-deploy-plugin-2.5.pom
[INFO] Downloading from eclipse.org-mylyn: https://repo.eclipse.org/content/repositories/mylyn-snapshots/org/apache/maven/plugins/maven-deploy-plugin/2.5/maven-deploy-plugin-2.5.pom
[INFO] Downloading from central: https://repo.maven.apache.org/maven2/org/apache/maven/plugins/maven-deploy-plugin/2.5/maven-deploy-plugin-2.5.pom
[INFO] Downloaded from central: https://repo.maven.apache.org/maven2/org/apache/maven/plugins/maven-deploy-plugin/2.5/maven-deploy-plugin-2.5.pom (5.7 kB at 6.0 kB/s)
[INFO] Downloading from maven.eclipse.org: https://repo.eclipse.org/content/repositories/releases/org/apache/maven/plugins/maven-deploy-plugin/2.5/maven-deploy-plugin-2.5.jar
[INFO] Downloading from eclipse.org-mylyn: https://repo.eclipse.org/content/repositories/mylyn-snapshots/org/apache/maven/plugins/maven-deploy-plugin/2.5/maven-deploy-plugin-2.5.jar
[INFO] Downloading from central: https://repo.maven.apache.org/maven2/org/apache/maven/plugins/maven-deploy-plugin/2.5/maven-deploy-plugin-2.5.jar
[INFO] Downloaded from central: https://repo.maven.apache.org/maven2/org/apache/maven/plugins/maven-deploy-plugin/2.5/maven-deploy-plugin-2.5.jar (23 kB at 60 kB/s)
[INFO] Downloading from maven.eclipse.org: https://repo.eclipse.org/content/repositories/releases/org/eclipse/tycho/tycho-surefire-plugin/1.7.0/tycho-surefire-plugin-1.7.0.pom
[INFO] Downloading from eclipse.org-mylyn: https://repo.eclipse.org/content/repositories/mylyn-snapshots/org/eclipse/tycho/tycho-surefire-plugin/1.7.0/tycho-surefire-plugin-1.7.0.pom
[INFO] Downloading from central: https://repo.maven.apache.org/maven2/org/eclipse/tycho/tycho-surefire-plugin/1.7.0/tycho-surefire-plugin-1.7.0.pom
[INFO] Downloaded from central: https://repo.maven.apache.org/maven2/org/eclipse/tycho/tycho-surefire-plugin/1.7.0/tycho-surefire-plugin-1.7.0.pom (5.8 kB at 6.1 kB/s)
[INFO] Downloading from maven.eclipse.org: https://repo.eclipse.org/content/repositories/releases/org/eclipse/tycho/tycho-surefire-plugin/1.7.0/tycho-surefire-plugin-1.7.0.jar
[INFO] Downloading from eclipse.org-mylyn: https://repo.eclipse.org/content/repositories/mylyn-snapshots/org/eclipse/tycho/tycho-surefire-plugin/1.7.0/tycho-surefire-plugin-1.7.0.jar
[INFO] Downloading from central: https://repo.maven.apache.org/maven2/org/eclipse/tycho/tycho-surefire-plugin/1.7.0/tycho-surefire-plugin-1.7.0.jar
[INFO] Downloaded from central: https://repo.maven.apache.org/maven2/org/eclipse/tycho/tycho-surefire-plugin/1.7.0/tycho-surefire-plugin-1.7.0.jar (63 kB at 114 kB/s)
[INFO] Downloading from maven.eclipse.org: https://repo.eclipse.org/content/repositories/releases/org/eclipse/tycho/org.eclipse.tycho.surefire.osgibooter/1.7.0/org.eclipse.tycho.surefire.osgibooter-1.7.0.pom
[INFO] Downloading from eclipse.org-mylyn: https://repo.eclipse.org/content/repositories/mylyn-snapshots/org/eclipse/tycho/org.eclipse.tycho.surefire.osgibooter/1.7.0/org.eclipse.tycho.surefire.osgibooter-1.7.0.pom
[INFO] Downloading from central: https://repo.maven.apache.org/maven2/org/eclipse/tycho/org.eclipse.tycho.surefire.osgibooter/1.7.0/org.eclipse.tycho.surefire.osgibooter-1.7.0.pom
[INFO] Downloaded from central: https://repo.maven.apache.org/maven2/org/eclipse/tycho/org.eclipse.tycho.surefire.osgibooter/1.7.0/org.eclipse.tycho.surefire.osgibooter-1.7.0.pom (3.3 kB at 3.5 kB/s)
[INFO] Downloading from maven.eclipse.org: https://repo.eclipse.org/content/repositories/releases/org/eclipse/tycho/org.eclipse.tycho.surefire.junit/1.7.0/org.eclipse.tycho.surefire.junit-1.7.0.pom
[INFO] Downloading from eclipse.org-mylyn: https://repo.eclipse.org/content/repositories/mylyn-snapshots/org/eclipse/tycho/org.eclipse.tycho.surefire.junit/1.7.0/org.eclipse.tycho.surefire.junit-1.7.0.pom
[INFO] Downloading from central: https://repo.maven.apache.org/maven2/org/eclipse/tycho/org.eclipse.tycho.surefire.junit/1.7.0/org.eclipse.tycho.surefire.junit-1.7.0.pom
[INFO] Downloaded from central: https://repo.maven.apache.org/maven2/org/eclipse/tycho/org.eclipse.tycho.surefire.junit/1.7.0/org.eclipse.tycho.surefire.junit-1.7.0.pom (1.5 kB at 4.1 kB/s)
[INFO] Downloading from maven.eclipse.org: https://repo.eclipse.org/content/repositories/releases/org/eclipse/tycho/tycho-surefire/1.7.0/tycho-surefire-1.7.0.pom
[INFO] Downloading from eclipse.org-mylyn: https://repo.eclipse.org/content/repositories/mylyn-snapshots/org/eclipse/tycho/tycho-surefire/1.7.0/tycho-surefire-1.7.0.pom
[INFO] Downloading from central: https://repo.maven.apache.org/maven2/org/eclipse/tycho/tycho-surefire/1.7.0/tycho-surefire-1.7.0.pom
[INFO] Downloaded from central: https://repo.maven.apache.org/maven2/org/eclipse/tycho/tycho-surefire/1.7.0/tycho-surefire-1.7.0.pom (3.2 kB at 3.2 kB/s)
[INFO] Downloading from maven.eclipse.org: https://repo.eclipse.org/content/repositories/releases/org/eclipse/tycho/org.eclipse.tycho.surefire.junit4/1.7.0/org.eclipse.tycho.surefire.junit4-1.7.0.pom
[INFO] Downloading from eclipse.org-mylyn: https://repo.eclipse.org/content/repositories/mylyn-snapshots/org/eclipse/tycho/org.eclipse.tycho.surefire.junit4/1.7.0/org.eclipse.tycho.surefire.junit4-1.7.0.pom
[INFO] Downloading from central: https://repo.maven.apache.org/maven2/org/eclipse/tycho/org.eclipse.tycho.surefire.junit4/1.7.0/org.eclipse.tycho.surefire.junit4-1.7.0.pom
[INFO] Downloaded from central: https://repo.maven.apache.org/maven2/org/eclipse/tycho/org.eclipse.tycho.surefire.junit4/1.7.0/org.eclipse.tycho.surefire.junit4-1.7.0.pom (1.5 kB at 4.0 kB/s)
[INFO] Downloading from maven.eclipse.org: https://repo.eclipse.org/content/repositories/releases/org/eclipse/tycho/org.eclipse.tycho.surefire.junit47/1.7.0/org.eclipse.tycho.surefire.junit47-1.7.0.pom
[INFO] Downloading from eclipse.org-mylyn: https://repo.eclipse.org/content/repositories/mylyn-snapshots/org/eclipse/tycho/org.eclipse.tycho.surefire.junit47/1.7.0/org.eclipse.tycho.surefire.junit47-1.7.0.pom
[INFO] Downloading from central: https://repo.maven.apache.org/maven2/org/eclipse/tycho/org.eclipse.tycho.surefire.junit47/1.7.0/org.eclipse.tycho.surefire.junit47-1.7.0.pom
[INFO] Downloaded from central: https://repo.maven.apache.org/maven2/org/eclipse/tycho/org.eclipse.tycho.surefire.junit47/1.7.0/org.eclipse.tycho.surefire.junit47-1.7.0.pom (1.9 kB at 2.0 kB/s)
[INFO] Downloading from maven.eclipse.org: https://repo.eclipse.org/content/repositories/releases/org/eclipse/tycho/org.eclipse.tycho.surefire.junit5/1.7.0/org.eclipse.tycho.surefire.junit5-1.7.0.pom
[INFO] Downloading from eclipse.org-mylyn: https://repo.eclipse.org/content/repositories/mylyn-snapshots/org/eclipse/tycho/org.eclipse.tycho.surefire.junit5/1.7.0/org.eclipse.tycho.surefire.junit5-1.7.0.pom
[INFO] Downloading from central: https://repo.maven.apache.org/maven2/org/eclipse/tycho/org.eclipse.tycho.surefire.junit5/1.7.0/org.eclipse.tycho.surefire.junit5-1.7.0.pom
[INFO] Downloaded from central: https://repo.maven.apache.org/maven2/org/eclipse/tycho/org.eclipse.tycho.surefire.junit5/1.7.0/org.eclipse.tycho.surefire.junit5-1.7.0.pom (3.3 kB at 9.0 kB/s)
[INFO] Downloading from maven.eclipse.org: https://repo.eclipse.org/content/repositories/releases/org/eclipse/tycho/org.eclipse.tycho.surefire.junit54/1.7.0/org.eclipse.tycho.surefire.junit54-1.7.0.pom
[INFO] Downloading from eclipse.org-mylyn: https://repo.eclipse.org/content/repositories/mylyn-snapshots/org/eclipse/tycho/org.eclipse.tycho.surefire.junit54/1.7.0/org.eclipse.tycho.surefire.junit54-1.7.0.pom
[INFO] Downloading from central: https://repo.maven.apache.org/maven2/org/eclipse/tycho/org.eclipse.tycho.surefire.junit54/1.7.0/org.eclipse.tycho.surefire.junit54-1.7.0.pom
[INFO] Downloaded from central: https://repo.maven.apache.org/maven2/org/eclipse/tycho/org.eclipse.tycho.surefire.junit54/1.7.0/org.eclipse.tycho.surefire.junit54-1.7.0.pom (3.3 kB at 3.5 kB/s)
[INFO] Downloading from maven.eclipse.org: https://repo.eclipse.org/content/repositories/releases/org/eclipse/tycho/org.eclipse.tycho.surefire.junit55/1.7.0/org.eclipse.tycho.surefire.junit55-1.7.0.pom
[INFO] Downloading from eclipse.org-mylyn: https://repo.eclipse.org/content/repositories/mylyn-snapshots/org/eclipse/tycho/org.eclipse.tycho.surefire.junit55/1.7.0/org.eclipse.tycho.surefire.junit55-1.7.0.pom
[INFO] Downloading from central: https://repo.maven.apache.org/maven2/org/eclipse/tycho/org.eclipse.tycho.surefire.junit55/1.7.0/org.eclipse.tycho.surefire.junit55-1.7.0.pom
[INFO] Downloaded from central: https://repo.maven.apache.org/maven2/org/eclipse/tycho/org.eclipse.tycho.surefire.junit55/1.7.0/org.eclipse.tycho.surefire.junit55-1.7.0.pom (3.3 kB at 9.0 kB/s)
[INFO] Downloading from maven.eclipse.org: https://repo.eclipse.org/content/repositories/releases/org/eclipse/tycho/org.eclipse.tycho.surefire.junit56/1.7.0/org.eclipse.tycho.surefire.junit56-1.7.0.pom
[INFO] Downloading from eclipse.org-mylyn: https://repo.eclipse.org/content/repositories/mylyn-snapshots/org/eclipse/tycho/org.eclipse.tycho.surefire.junit56/1.7.0/org.eclipse.tycho.surefire.junit56-1.7.0.pom
[INFO] Downloading from central: https://repo.maven.apache.org/maven2/org/eclipse/tycho/org.eclipse.tycho.surefire.junit56/1.7.0/org.eclipse.tycho.surefire.junit56-1.7.0.pom
[INFO] Downloaded from central: https://repo.maven.apache.org/maven2/org/eclipse/tycho/org.eclipse.tycho.surefire.junit56/1.7.0/org.eclipse.tycho.surefire.junit56-1.7.0.pom (3.3 kB at 3.5 kB/s)
[INFO] Downloading from maven.eclipse.org: https://repo.eclipse.org/content/repositories/releases/org/eclipse/tycho/org.eclipse.tycho.surefire.testng/1.7.0/org.eclipse.tycho.surefire.testng-1.7.0.pom
[INFO] Downloading from eclipse.org-mylyn: https://repo.eclipse.org/content/repositories/mylyn-snapshots/org/eclipse/tycho/org.eclipse.tycho.surefire.testng/1.7.0/org.eclipse.tycho.surefire.testng-1.7.0.pom
[INFO] Downloading from central: https://repo.maven.apache.org/maven2/org/eclipse/tycho/org.eclipse.tycho.surefire.testng/1.7.0/org.eclipse.tycho.surefire.testng-1.7.0.pom
[INFO] Downloaded from central: https://repo.maven.apache.org/maven2/org/eclipse/tycho/org.eclipse.tycho.surefire.testng/1.7.0/org.eclipse.tycho.surefire.testng-1.7.0.pom (2.1 kB at 5.6 kB/s)
[INFO] Downloading from maven.eclipse.org: https://repo.eclipse.org/content/repositories/releases/org/eclipse/tycho/org.eclipse.tycho.surefire.osgibooter/1.7.0/org.eclipse.tycho.surefire.osgibooter-1.7.0.jar
[INFO] Downloading from maven.eclipse.org: https://repo.eclipse.org/content/repositories/releases/org/eclipse/tycho/org.eclipse.tycho.surefire.junit/1.7.0/org.eclipse.tycho.surefire.junit-1.7.0.jar
[INFO] Downloading from maven.eclipse.org: https://repo.eclipse.org/content/repositories/releases/org/eclipse/tycho/org.eclipse.tycho.surefire.junit47/1.7.0/org.eclipse.tycho.surefire.junit47-1.7.0.jar
[INFO] Downloading from maven.eclipse.org: https://repo.eclipse.org/content/repositories/releases/org/eclipse/tycho/org.eclipse.tycho.surefire.junit4/1.7.0/org.eclipse.tycho.surefire.junit4-1.7.0.jar
[INFO] Downloading from maven.eclipse.org: https://repo.eclipse.org/content/repositories/releases/org/eclipse/tycho/org.eclipse.tycho.surefire.junit5/1.7.0/org.eclipse.tycho.surefire.junit5-1.7.0.jar
[INFO] Downloading from maven.eclipse.org: https://repo.eclipse.org/content/repositories/releases/org/eclipse/tycho/org.eclipse.tycho.surefire.junit55/1.7.0/org.eclipse.tycho.surefire.junit55-1.7.0.jar
[INFO] Downloading from maven.eclipse.org: https://repo.eclipse.org/content/repositories/releases/org/eclipse/tycho/org.eclipse.tycho.surefire.testng/1.7.0/org.eclipse.tycho.surefire.testng-1.7.0.jar
[INFO] Downloading from maven.eclipse.org: https://repo.eclipse.org/content/repositories/releases/org/eclipse/tycho/org.eclipse.tycho.surefire.junit56/1.7.0/org.eclipse.tycho.surefire.junit56-1.7.0.jar
[INFO] Downloading from maven.eclipse.org: https://repo.eclipse.org/content/repositories/releases/org/eclipse/tycho/org.eclipse.tycho.surefire.junit54/1.7.0/org.eclipse.tycho.surefire.junit54-1.7.0.jar
[INFO] Downloading from eclipse.org-mylyn: https://repo.eclipse.org/content/repositories/mylyn-snapshots/org/eclipse/tycho/org.eclipse.tycho.surefire.osgibooter/1.7.0/org.eclipse.tycho.surefire.osgibooter-1.7.0.jar
[INFO] Downloading from eclipse.org-mylyn: https://repo.eclipse.org/content/repositories/mylyn-snapshots/org/eclipse/tycho/org.eclipse.tycho.surefire.junit4/1.7.0/org.eclipse.tycho.surefire.junit4-1.7.0.jar
[INFO] Downloading from eclipse.org-mylyn: https://repo.eclipse.org/content/repositories/mylyn-snapshots/org/eclipse/tycho/org.eclipse.tycho.surefire.junit5/1.7.0/org.eclipse.tycho.surefire.junit5-1.7.0.jar
[INFO] Downloading from eclipse.org-mylyn: https://repo.eclipse.org/content/repositories/mylyn-snapshots/org/eclipse/tycho/org.eclipse.tycho.surefire.junit47/1.7.0/org.eclipse.tycho.surefire.junit47-1.7.0.jar
[INFO] Downloading from eclipse.org-mylyn: https://repo.eclipse.org/content/repositories/mylyn-snapshots/org/eclipse/tycho/org.eclipse.tycho.surefire.junit/1.7.0/org.eclipse.tycho.surefire.junit-1.7.0.jar
[INFO] Downloading from eclipse.org-mylyn: https://repo.eclipse.org/content/repositories/mylyn-snapshots/org/eclipse/tycho/org.eclipse.tycho.surefire.junit54/1.7.0/org.eclipse.tycho.surefire.junit54-1.7.0.jar
[INFO] Downloading from eclipse.org-mylyn: https://repo.eclipse.org/content/repositories/mylyn-snapshots/org/eclipse/tycho/org.eclipse.tycho.surefire.junit55/1.7.0/org.eclipse.tycho.surefire.junit55-1.7.0.jar
[INFO] Downloading from eclipse.org-mylyn: https://repo.eclipse.org/content/repositories/mylyn-snapshots/org/eclipse/tycho/org.eclipse.tycho.surefire.testng/1.7.0/org.eclipse.tycho.surefire.testng-1.7.0.jar
[INFO] Downloading from eclipse.org-mylyn: https://repo.eclipse.org/content/repositories/mylyn-snapshots/org/eclipse/tycho/org.eclipse.tycho.surefire.junit56/1.7.0/org.eclipse.tycho.surefire.junit56-1.7.0.jar
[INFO] Downloading from central: https://repo.maven.apache.org/maven2/org/eclipse/tycho/org.eclipse.tycho.surefire.osgibooter/1.7.0/org.eclipse.tycho.surefire.osgibooter-1.7.0.jar
[INFO] Downloading from central: https://repo.maven.apache.org/maven2/org/eclipse/tycho/org.eclipse.tycho.surefire.junit/1.7.0/org.eclipse.tycho.surefire.junit-1.7.0.jar
[INFO] Downloading from central: https://repo.maven.apache.org/maven2/org/eclipse/tycho/org.eclipse.tycho.surefire.junit47/1.7.0/org.eclipse.tycho.surefire.junit47-1.7.0.jar
[INFO] Downloading from central: https://repo.maven.apache.org/maven2/org/eclipse/tycho/org.eclipse.tycho.surefire.junit4/1.7.0/org.eclipse.tycho.surefire.junit4-1.7.0.jar
[INFO] Downloading from central: https://repo.maven.apache.org/maven2/org/eclipse/tycho/org.eclipse.tycho.surefire.junit5/1.7.0/org.eclipse.tycho.surefire.junit5-1.7.0.jar
[INFO] Downloaded from central: https://repo.maven.apache.org/maven2/org/eclipse/tycho/org.eclipse.tycho.surefire.junit/1.7.0/org.eclipse.tycho.surefire.junit-1.7.0.jar (25 kB at 26 kB/s)
[INFO] Downloading from central: https://repo.maven.apache.org/maven2/org/eclipse/tycho/org.eclipse.tycho.surefire.junit54/1.7.0/org.eclipse.tycho.surefire.junit54-1.7.0.jar
[INFO] Downloaded from central: https://repo.maven.apache.org/maven2/org/eclipse/tycho/org.eclipse.tycho.surefire.junit4/1.7.0/org.eclipse.tycho.surefire.junit4-1.7.0.jar (65 kB at 57 kB/s)
[INFO] Downloading from central: https://repo.maven.apache.org/maven2/org/eclipse/tycho/org.eclipse.tycho.surefire.junit55/1.7.0/org.eclipse.tycho.surefire.junit55-1.7.0.jar
[INFO] Downloaded from central: https://repo.maven.apache.org/maven2/org/eclipse/tycho/org.eclipse.tycho.surefire.junit47/1.7.0/org.eclipse.tycho.surefire.junit47-1.7.0.jar (185 kB at 135 kB/s)
[INFO] Downloading from central: https://repo.maven.apache.org/maven2/org/eclipse/tycho/org.eclipse.tycho.surefire.junit56/1.7.0/org.eclipse.tycho.surefire.junit56-1.7.0.jar
[INFO] Downloaded from central: https://repo.maven.apache.org/maven2/org/eclipse/tycho/org.eclipse.tycho.surefire.junit5/1.7.0/org.eclipse.tycho.surefire.junit5-1.7.0.jar (424 kB at 272 kB/s)
[INFO] Downloading from central: https://repo.maven.apache.org/maven2/org/eclipse/tycho/org.eclipse.tycho.surefire.testng/1.7.0/org.eclipse.tycho.surefire.testng-1.7.0.jar
[INFO] Downloaded from central: https://repo.maven.apache.org/maven2/org/eclipse/tycho/org.eclipse.tycho.surefire.osgibooter/1.7.0/org.eclipse.tycho.surefire.osgibooter-1.7.0.jar (927 kB at 527 kB/s)
[INFO] Downloaded from central: https://repo.maven.apache.org/maven2/org/eclipse/tycho/org.eclipse.tycho.surefire.testng/1.7.0/org.eclipse.tycho.surefire.testng-1.7.0.jar (110 kB at 57 kB/s)
[INFO] Downloaded from central: https://repo.maven.apache.org/maven2/org/eclipse/tycho/org.eclipse.tycho.surefire.junit54/1.7.0/org.eclipse.tycho.surefire.junit54-1.7.0.jar (616 kB at 313 kB/s)
[INFO] Downloaded from central: https://repo.maven.apache.org/maven2/org/eclipse/tycho/org.eclipse.tycho.surefire.junit55/1.7.0/org.eclipse.tycho.surefire.junit55-1.7.0.jar (680 kB at 331 kB/s)
[INFO] Downloaded from central: https://repo.maven.apache.org/maven2/org/eclipse/tycho/org.eclipse.tycho.surefire.junit56/1.7.0/org.eclipse.tycho.surefire.junit56-1.7.0.jar (706 kB at 331 kB/s)
[INFO] Downloading from maven.eclipse.org: https://repo.eclipse.org/content/repositories/releases/org/eclipse/tycho/tycho-p2-publisher-plugin/1.7.0/tycho-p2-publisher-plugin-1.7.0.pom
[INFO] Downloading from eclipse.org-mylyn: https://repo.eclipse.org/content/repositories/mylyn-snapshots/org/eclipse/tycho/tycho-p2-publisher-plugin/1.7.0/tycho-p2-publisher-plugin-1.7.0.pom
[INFO] Downloading from central: https://repo.maven.apache.org/maven2/org/eclipse/tycho/tycho-p2-publisher-plugin/1.7.0/tycho-p2-publisher-plugin-1.7.0.pom
[INFO] Downloaded from central: https://repo.maven.apache.org/maven2/org/eclipse/tycho/tycho-p2-publisher-plugin/1.7.0/tycho-p2-publisher-plugin-1.7.0.pom (1.9 kB at 5.2 kB/s)
[INFO] Downloading from maven.eclipse.org: https://repo.eclipse.org/content/repositories/releases/org/eclipse/tycho/tycho-p2-publisher-plugin/1.7.0/tycho-p2-publisher-plugin-1.7.0.jar
[INFO] Downloading from eclipse.org-mylyn: https://repo.eclipse.org/content/repositories/mylyn-snapshots/org/eclipse/tycho/tycho-p2-publisher-plugin/1.7.0/tycho-p2-publisher-plugin-1.7.0.jar
[INFO] Downloading from central: https://repo.maven.apache.org/maven2/org/eclipse/tycho/tycho-p2-publisher-plugin/1.7.0/tycho-p2-publisher-plugin-1.7.0.jar
[INFO] Downloaded from central: https://repo.maven.apache.org/maven2/org/eclipse/tycho/tycho-p2-publisher-plugin/1.7.0/tycho-p2-publisher-plugin-1.7.0.jar (21 kB at 20 kB/s)
[INFO] Downloading from maven.eclipse.org: https://repo.eclipse.org/content/repositories/releases/org/eclipse/tycho/tycho-p2-repository-plugin/1.7.0/tycho-p2-repository-plugin-1.7.0.pom
[INFO] Downloading from eclipse.org-mylyn: https://repo.eclipse.org/content/repositories/mylyn-snapshots/org/eclipse/tycho/tycho-p2-repository-plugin/1.7.0/tycho-p2-repository-plugin-1.7.0.pom
[INFO] Downloading from central: https://repo.maven.apache.org/maven2/org/eclipse/tycho/tycho-p2-repository-plugin/1.7.0/tycho-p2-repository-plugin-1.7.0.pom
[INFO] Downloaded from central: https://repo.maven.apache.org/maven2/org/eclipse/tycho/tycho-p2-repository-plugin/1.7.0/tycho-p2-repository-plugin-1.7.0.pom (1.4 kB at 3.9 kB/s)
[INFO] Downloading from maven.eclipse.org: https://repo.eclipse.org/content/repositories/releases/org/eclipse/tycho/tycho-p2-repository-plugin/1.7.0/tycho-p2-repository-plugin-1.7.0.jar
[INFO] Downloading from eclipse.org-mylyn: https://repo.eclipse.org/content/repositories/mylyn-snapshots/org/eclipse/tycho/tycho-p2-repository-plugin/1.7.0/tycho-p2-repository-plugin-1.7.0.jar
[INFO] Downloading from central: https://repo.maven.apache.org/maven2/org/eclipse/tycho/tycho-p2-repository-plugin/1.7.0/tycho-p2-repository-plugin-1.7.0.jar
[INFO] Downloaded from central: https://repo.maven.apache.org/maven2/org/eclipse/tycho/tycho-p2-repository-plugin/1.7.0/tycho-p2-repository-plugin-1.7.0.jar (15 kB at 15 kB/s)
[INFO] Computing target platform for MavenProject: org.eclipse.php:org.eclipse.php.help:8.0.0-SNAPSHOT @ /home/codegex/Documents/workspace/rbugs/experiment/top100repos/pdt/plugins/org.eclipse.php.help/pom.xml
[INFO] Adding repository https://download.eclipse.org/releases/2020-03
[ERROR] Failed to resolve target definition /home/codegex/Documents/workspace/rbugs/experiment/top100repos/pdt/dev/org.eclipse.php.target.current/org.eclipse.php.target.current.target: Failed to load p2 metadata repository from location https://download.eclipse.org/releases/2020-03/: Unable to read repository at https://download.eclipse.org/releases/2020-03/content.xml. Connect to download.eclipse.org:443 [download.eclipse.org/198.41.30.199] failed: connect timed out -> [Help 1]
[ERROR] 
[ERROR] To see the full stack trace of the errors, re-run Maven with the -e switch.
[ERROR] Re-run Maven using the -X switch to enable full debug logging.
[ERROR] 
[ERROR] For more information about the errors and possible solutions, please read the following articles:
[ERROR] [Help 1] http://cwiki.apache.org/confluence/display/MAVEN/MavenExecutionException
[INFO] Build failures were ignored.
WARNING: An illegal reflective access operation has occurred
WARNING: Illegal reflective access by com.google.inject.internal.cglib.core.$ReflectUtils$1 (file:/usr/share/maven/lib/guice.jar) to method java.lang.ClassLoader.defineClass(java.lang.String,byte[],int,int,java.security.ProtectionDomain)
WARNING: Please consider reporting this to the maintainers of com.google.inject.internal.cglib.core.$ReflectUtils$1
WARNING: Use --illegal-access=warn to enable warnings of further illegal reflective access operations
WARNING: All illegal access operations will be denied in a future release
