[INFO] Scanning for projects...
[WARNING] The POM for com.github.spotbugs:spotbugs-maven-plugin:jar:4.1.4-ZY is missing, no dependency information available
[WARNING] Failed to retrieve plugin descriptor for com.github.spotbugs:spotbugs-maven-plugin:4.1.4-ZY: Plugin com.github.spotbugs:spotbugs-maven-plugin:4.1.4-ZY or one of its dependencies could not be resolved: Failure to find com.github.spotbugs:spotbugs-maven-plugin:jar:4.1.4-ZY in https://repo.maven.apache.org/maven2 was cached in the local repository, resolution will not be reattempted until the update interval of central has elapsed or updates are forced
[INFO] 
[INFO] --------------------< Project_16x16:Project_16x16 >---------------------
[INFO] Building Project-16x16 0.0.1
[INFO] --------------------------------[ jar ]---------------------------------
[WARNING] The POM for com.github.spotbugs:spotbugs-maven-plugin:jar:4.1.4-ZY is missing, no dependency information available
[WARNING] Failed to retrieve plugin descriptor for com.github.spotbugs:spotbugs-maven-plugin:4.1.4-ZY: Plugin com.github.spotbugs:spotbugs-maven-plugin:4.1.4-ZY or one of its dependencies could not be resolved: Failure to find com.github.spotbugs:spotbugs-maven-plugin:jar:4.1.4-ZY in https://repo.maven.apache.org/maven2 was cached in the local repository, resolution will not be reattempted until the update interval of central has elapsed or updates are forced
[INFO] Downloading from lib: file:///home/codegex/Documents/workspace/rbugs/experiment/top100repos/Project-16x16/lib/org/processing/core/3.3.6/core-3.3.6.pom
[INFO] Downloading from central: https://repo.maven.apache.org/maven2/org/processing/core/3.3.6/core-3.3.6.pom
[INFO] Downloaded from central: https://repo.maven.apache.org/maven2/org/processing/core/3.3.6/core-3.3.6.pom (4.2 kB at 3.4 kB/s)
[INFO] Downloading from lib: file:///home/codegex/Documents/workspace/rbugs/experiment/top100repos/Project-16x16/lib/org/processing/processing-complete/3.3.6/processing-complete-3.3.6.pom
[INFO] Downloading from central: https://repo.maven.apache.org/maven2/org/processing/processing-complete/3.3.6/processing-complete-3.3.6.pom
[INFO] Downloaded from central: https://repo.maven.apache.org/maven2/org/processing/processing-complete/3.3.6/processing-complete-3.3.6.pom (8.4 kB at 22 kB/s)
[WARNING] The POM for org.processing:core:jar:3.3.6 is invalid, transitive dependencies (if any) will not be available, enable debug logging for more details
[INFO] Downloading from lib: file:///home/codegex/Documents/workspace/rbugs/experiment/top100repos/Project-16x16/lib/processing/gicentreUtils/local/gicentreUtils-local.pom
[INFO] Downloaded from lib: file:///home/codegex/Documents/workspace/rbugs/experiment/top100repos/Project-16x16/lib/processing/gicentreUtils/local/gicentreUtils-local.pom (0 B at 0 B/s)
[WARNING] The POM for processing:gicentreUtils:jar:local is invalid, transitive dependencies (if any) will not be available, enable debug logging for more details
[INFO] Downloading from lib: file:///home/codegex/Documents/workspace/rbugs/experiment/top100repos/Project-16x16/lib/org/processing/net/3.2.3/net-3.2.3.pom
[INFO] Downloading from central: https://repo.maven.apache.org/maven2/org/processing/net/3.2.3/net-3.2.3.pom
[INFO] Downloaded from central: https://repo.maven.apache.org/maven2/org/processing/net/3.2.3/net-3.2.3.pom (3.1 kB at 6.8 kB/s)
[INFO] Downloading from lib: file:///home/codegex/Documents/workspace/rbugs/experiment/top100repos/Project-16x16/lib/org/processing/processing-complete/3.2.3/processing-complete-3.2.3.pom
[INFO] Downloading from central: https://repo.maven.apache.org/maven2/org/processing/processing-complete/3.2.3/processing-complete-3.2.3.pom
[INFO] Downloaded from central: https://repo.maven.apache.org/maven2/org/processing/processing-complete/3.2.3/processing-complete-3.2.3.pom (8.4 kB at 22 kB/s)
[INFO] Downloading from lib: file:///home/codegex/Documents/workspace/rbugs/experiment/top100repos/Project-16x16/lib/org/processing/core/3.2.3/core-3.2.3.pom
[INFO] Downloading from central: https://repo.maven.apache.org/maven2/org/processing/core/3.2.3/core-3.2.3.pom
[INFO] Downloaded from central: https://repo.maven.apache.org/maven2/org/processing/core/3.2.3/core-3.2.3.pom (4.2 kB at 12 kB/s)
[WARNING] The POM for org.processing:core:jar:3.2.3 is invalid, transitive dependencies (if any) will not be available, enable debug logging for more details
[INFO] Downloading from lib: file:///home/codegex/Documents/workspace/rbugs/experiment/top100repos/Project-16x16/lib/net/compartmental/code/minim/2.2.2/minim-2.2.2.pom
[INFO] Downloading from central: https://repo.maven.apache.org/maven2/net/compartmental/code/minim/2.2.2/minim-2.2.2.pom
[INFO] Downloaded from central: https://repo.maven.apache.org/maven2/net/compartmental/code/minim/2.2.2/minim-2.2.2.pom (8.0 kB at 21 kB/s)
[INFO] Downloading from lib: file:///home/codegex/Documents/workspace/rbugs/experiment/top100repos/Project-16x16/lib/org/apache/maven/wagon/wagon-file/1.0-beta-6/wagon-file-1.0-beta-6.pom
[INFO] Downloading from central: https://repo.maven.apache.org/maven2/org/apache/maven/wagon/wagon-file/1.0-beta-6/wagon-file-1.0-beta-6.pom
[INFO] Downloaded from central: https://repo.maven.apache.org/maven2/org/apache/maven/wagon/wagon-file/1.0-beta-6/wagon-file-1.0-beta-6.pom (1.4 kB at 3.9 kB/s)
[INFO] Downloading from lib: file:///home/codegex/Documents/workspace/rbugs/experiment/top100repos/Project-16x16/lib/org/apache/maven/wagon/wagon-providers/1.0-beta-6/wagon-providers-1.0-beta-6.pom
[INFO] Downloading from central: https://repo.maven.apache.org/maven2/org/apache/maven/wagon/wagon-providers/1.0-beta-6/wagon-providers-1.0-beta-6.pom
[INFO] Downloaded from central: https://repo.maven.apache.org/maven2/org/apache/maven/wagon/wagon-providers/1.0-beta-6/wagon-providers-1.0-beta-6.pom (2.1 kB at 5.8 kB/s)
[INFO] Downloading from lib: file:///home/codegex/Documents/workspace/rbugs/experiment/top100repos/Project-16x16/lib/org/apache/maven/wagon/wagon-http-lightweight/1.0-beta-6/wagon-http-lightweight-1.0-beta-6.pom
[INFO] Downloading from central: https://repo.maven.apache.org/maven2/org/apache/maven/wagon/wagon-http-lightweight/1.0-beta-6/wagon-http-lightweight-1.0-beta-6.pom
[INFO] Downloaded from central: https://repo.maven.apache.org/maven2/org/apache/maven/wagon/wagon-http-lightweight/1.0-beta-6/wagon-http-lightweight-1.0-beta-6.pom (1.8 kB at 5.1 kB/s)
[INFO] Downloading from lib: file:///home/codegex/Documents/workspace/rbugs/experiment/top100repos/Project-16x16/lib/org/apache/maven/wagon/wagon-http-shared/1.0-beta-6/wagon-http-shared-1.0-beta-6.pom
[INFO] Downloading from central: https://repo.maven.apache.org/maven2/org/apache/maven/wagon/wagon-http-shared/1.0-beta-6/wagon-http-shared-1.0-beta-6.pom
[INFO] Downloaded from central: https://repo.maven.apache.org/maven2/org/apache/maven/wagon/wagon-http-shared/1.0-beta-6/wagon-http-shared-1.0-beta-6.pom (2.1 kB at 5.8 kB/s)
[INFO] Downloading from lib: file:///home/codegex/Documents/workspace/rbugs/experiment/top100repos/Project-16x16/lib/nekohtml/xercesMinimal/1.9.6.2/xercesMinimal-1.9.6.2.pom
[INFO] Downloading from central: https://repo.maven.apache.org/maven2/nekohtml/xercesMinimal/1.9.6.2/xercesMinimal-1.9.6.2.pom
[INFO] Downloaded from central: https://repo.maven.apache.org/maven2/nekohtml/xercesMinimal/1.9.6.2/xercesMinimal-1.9.6.2.pom (390 B at 1.1 kB/s)
[INFO] Downloading from lib: file:///home/codegex/Documents/workspace/rbugs/experiment/top100repos/Project-16x16/lib/nekohtml/nekohtml/1.9.6.2/nekohtml-1.9.6.2.pom
[INFO] Downloading from central: https://repo.maven.apache.org/maven2/nekohtml/nekohtml/1.9.6.2/nekohtml-1.9.6.2.pom
[INFO] Downloaded from central: https://repo.maven.apache.org/maven2/nekohtml/nekohtml/1.9.6.2/nekohtml-1.9.6.2.pom (704 B at 1.9 kB/s)
[INFO] Downloading from lib: file:///home/codegex/Documents/workspace/rbugs/experiment/top100repos/Project-16x16/lib/org/apache/maven/wagon/wagon-http/1.0-beta-6/wagon-http-1.0-beta-6.pom
[INFO] Downloading from central: https://repo.maven.apache.org/maven2/org/apache/maven/wagon/wagon-http/1.0-beta-6/wagon-http-1.0-beta-6.pom
[INFO] Downloaded from central: https://repo.maven.apache.org/maven2/org/apache/maven/wagon/wagon-http/1.0-beta-6/wagon-http-1.0-beta-6.pom (3.3 kB at 9.2 kB/s)
[INFO] Downloading from lib: file:///home/codegex/Documents/workspace/rbugs/experiment/top100repos/Project-16x16/lib/org/apache/maven/wagon/wagon-webdav-jackrabbit/1.0-beta-6/wagon-webdav-jackrabbit-1.0-beta-6.pom
[INFO] Downloading from central: https://repo.maven.apache.org/maven2/org/apache/maven/wagon/wagon-webdav-jackrabbit/1.0-beta-6/wagon-webdav-jackrabbit-1.0-beta-6.pom
[INFO] Downloaded from central: https://repo.maven.apache.org/maven2/org/apache/maven/wagon/wagon-webdav-jackrabbit/1.0-beta-6/wagon-webdav-jackrabbit-1.0-beta-6.pom (3.5 kB at 9.6 kB/s)
[INFO] Downloading from lib: file:///home/codegex/Documents/workspace/rbugs/experiment/top100repos/Project-16x16/lib/org/apache/jackrabbit/jackrabbit-webdav/1.5.0/jackrabbit-webdav-1.5.0.pom
[INFO] Downloading from central: https://repo.maven.apache.org/maven2/org/apache/jackrabbit/jackrabbit-webdav/1.5.0/jackrabbit-webdav-1.5.0.pom
[INFO] Downloaded from central: https://repo.maven.apache.org/maven2/org/apache/jackrabbit/jackrabbit-webdav/1.5.0/jackrabbit-webdav-1.5.0.pom (3.3 kB at 9.1 kB/s)
[INFO] Downloading from lib: file:///home/codegex/Documents/workspace/rbugs/experiment/top100repos/Project-16x16/lib/org/apache/jackrabbit/jackrabbit-parent/1.5.0/jackrabbit-parent-1.5.0.pom
[INFO] Downloading from central: https://repo.maven.apache.org/maven2/org/apache/jackrabbit/jackrabbit-parent/1.5.0/jackrabbit-parent-1.5.0.pom
[INFO] Downloaded from central: https://repo.maven.apache.org/maven2/org/apache/jackrabbit/jackrabbit-parent/1.5.0/jackrabbit-parent-1.5.0.pom (25 kB at 61 kB/s)
[INFO] Downloading from lib: file:///home/codegex/Documents/workspace/rbugs/experiment/top100repos/Project-16x16/lib/org/apache/jackrabbit/jackrabbit-jcr-commons/1.5.0/jackrabbit-jcr-commons-1.5.0.pom
[INFO] Downloading from central: https://repo.maven.apache.org/maven2/org/apache/jackrabbit/jackrabbit-jcr-commons/1.5.0/jackrabbit-jcr-commons-1.5.0.pom
[INFO] Downloaded from central: https://repo.maven.apache.org/maven2/org/apache/jackrabbit/jackrabbit-jcr-commons/1.5.0/jackrabbit-jcr-commons-1.5.0.pom (3.0 kB at 8.2 kB/s)
[INFO] Downloading from lib: file:///home/codegex/Documents/workspace/rbugs/experiment/top100repos/Project-16x16/lib/org/slf4j/slf4j-api/1.5.3/slf4j-api-1.5.3.pom
[INFO] Downloading from central: https://repo.maven.apache.org/maven2/org/slf4j/slf4j-api/1.5.3/slf4j-api-1.5.3.pom
[INFO] Downloaded from central: https://repo.maven.apache.org/maven2/org/slf4j/slf4j-api/1.5.3/slf4j-api-1.5.3.pom (3.0 kB at 8.2 kB/s)
[INFO] Downloading from lib: file:///home/codegex/Documents/workspace/rbugs/experiment/top100repos/Project-16x16/lib/org/slf4j/slf4j-parent/1.5.3/slf4j-parent-1.5.3.pom
[INFO] Downloading from central: https://repo.maven.apache.org/maven2/org/slf4j/slf4j-parent/1.5.3/slf4j-parent-1.5.3.pom
[INFO] Downloaded from central: https://repo.maven.apache.org/maven2/org/slf4j/slf4j-parent/1.5.3/slf4j-parent-1.5.3.pom (7.7 kB at 21 kB/s)
[INFO] Downloading from lib: file:///home/codegex/Documents/workspace/rbugs/experiment/top100repos/Project-16x16/lib/commons-httpclient/commons-httpclient/3.0/commons-httpclient-3.0.pom
[INFO] Downloading from central: https://repo.maven.apache.org/maven2/commons-httpclient/commons-httpclient/3.0/commons-httpclient-3.0.pom
[INFO] Downloaded from central: https://repo.maven.apache.org/maven2/commons-httpclient/commons-httpclient/3.0/commons-httpclient-3.0.pom (8.0 kB at 22 kB/s)
[INFO] Downloading from lib: file:///home/codegex/Documents/workspace/rbugs/experiment/top100repos/Project-16x16/lib/org/slf4j/slf4j-nop/1.5.3/slf4j-nop-1.5.3.pom
[INFO] Downloading from central: https://repo.maven.apache.org/maven2/org/slf4j/slf4j-nop/1.5.3/slf4j-nop-1.5.3.pom
[INFO] Downloaded from central: https://repo.maven.apache.org/maven2/org/slf4j/slf4j-nop/1.5.3/slf4j-nop-1.5.3.pom (1.5 kB at 4.0 kB/s)
[INFO] Downloading from lib: file:///home/codegex/Documents/workspace/rbugs/experiment/top100repos/Project-16x16/lib/org/apache/maven/wagon/wagon-ssh-external/1.0-beta-6/wagon-ssh-external-1.0-beta-6.pom
[INFO] Downloading from central: https://repo.maven.apache.org/maven2/org/apache/maven/wagon/wagon-ssh-external/1.0-beta-6/wagon-ssh-external-1.0-beta-6.pom
[INFO] Downloaded from central: https://repo.maven.apache.org/maven2/org/apache/maven/wagon/wagon-ssh-external/1.0-beta-6/wagon-ssh-external-1.0-beta-6.pom (2.6 kB at 7.1 kB/s)
[INFO] Downloading from lib: file:///home/codegex/Documents/workspace/rbugs/experiment/top100repos/Project-16x16/lib/org/apache/maven/wagon/wagon-ssh-common/1.0-beta-6/wagon-ssh-common-1.0-beta-6.pom
[INFO] Downloading from central: https://repo.maven.apache.org/maven2/org/apache/maven/wagon/wagon-ssh-common/1.0-beta-6/wagon-ssh-common-1.0-beta-6.pom
[INFO] Downloaded from central: https://repo.maven.apache.org/maven2/org/apache/maven/wagon/wagon-ssh-common/1.0-beta-6/wagon-ssh-common-1.0-beta-6.pom (1.8 kB at 5.0 kB/s)
[INFO] Downloading from lib: file:///home/codegex/Documents/workspace/rbugs/experiment/top100repos/Project-16x16/lib/org/apache/maven/wagon/wagon-ssh/1.0-beta-6/wagon-ssh-1.0-beta-6.pom
[INFO] Downloading from central: https://repo.maven.apache.org/maven2/org/apache/maven/wagon/wagon-ssh/1.0-beta-6/wagon-ssh-1.0-beta-6.pom
[INFO] Downloaded from central: https://repo.maven.apache.org/maven2/org/apache/maven/wagon/wagon-ssh/1.0-beta-6/wagon-ssh-1.0-beta-6.pom (2.9 kB at 8.0 kB/s)
[INFO] Downloading from lib: file:///home/codegex/Documents/workspace/rbugs/experiment/top100repos/Project-16x16/lib/com/jcraft/jsch/0.1.38/jsch-0.1.38.pom
[INFO] Downloading from central: https://repo.maven.apache.org/maven2/com/jcraft/jsch/0.1.38/jsch-0.1.38.pom
[INFO] Downloaded from central: https://repo.maven.apache.org/maven2/com/jcraft/jsch/0.1.38/jsch-0.1.38.pom (967 B at 2.7 kB/s)
[INFO] Downloading from lib: file:///home/codegex/Documents/workspace/rbugs/experiment/top100repos/Project-16x16/lib/org/apache/maven/wagon/wagon-file/1.0-beta-2/wagon-file-1.0-beta-2.pom
[INFO] Downloading from central: https://repo.maven.apache.org/maven2/org/apache/maven/wagon/wagon-file/1.0-beta-2/wagon-file-1.0-beta-2.pom
[INFO] Downloaded from central: https://repo.maven.apache.org/maven2/org/apache/maven/wagon/wagon-file/1.0-beta-2/wagon-file-1.0-beta-2.pom (637 B at 1.8 kB/s)
[INFO] Downloading from lib: file:///home/codegex/Documents/workspace/rbugs/experiment/top100repos/Project-16x16/lib/org/apache/maven/wagon/wagon-providers/1.0-beta-2/wagon-providers-1.0-beta-2.pom
[INFO] Downloading from central: https://repo.maven.apache.org/maven2/org/apache/maven/wagon/wagon-providers/1.0-beta-2/wagon-providers-1.0-beta-2.pom
[INFO] Downloaded from central: https://repo.maven.apache.org/maven2/org/apache/maven/wagon/wagon-providers/1.0-beta-2/wagon-providers-1.0-beta-2.pom (1.8 kB at 4.8 kB/s)
[INFO] Downloading from lib: file:///home/codegex/Documents/workspace/rbugs/experiment/top100repos/Project-16x16/lib/org/apache/maven/wagon/wagon/1.0-beta-2/wagon-1.0-beta-2.pom
[INFO] Downloading from central: https://repo.maven.apache.org/maven2/org/apache/maven/wagon/wagon/1.0-beta-2/wagon-1.0-beta-2.pom
[INFO] Downloaded from central: https://repo.maven.apache.org/maven2/org/apache/maven/wagon/wagon/1.0-beta-2/wagon-1.0-beta-2.pom (5.9 kB at 16 kB/s)
[INFO] Downloading from lib: file:///home/codegex/Documents/workspace/rbugs/experiment/top100repos/Project-16x16/lib/org/apache/maven/wagon/wagon-provider-api/1.0-beta-2/wagon-provider-api-1.0-beta-2.pom
[INFO] Downloading from central: https://repo.maven.apache.org/maven2/org/apache/maven/wagon/wagon-provider-api/1.0-beta-2/wagon-provider-api-1.0-beta-2.pom
[INFO] Downloaded from central: https://repo.maven.apache.org/maven2/org/apache/maven/wagon/wagon-provider-api/1.0-beta-2/wagon-provider-api-1.0-beta-2.pom (680 B at 1.9 kB/s)
[INFO] Downloading from lib: file:///home/codegex/Documents/workspace/rbugs/experiment/top100repos/Project-16x16/lib/org/apache/maven/wagon/wagon-http-lightweight/1.0-beta-2/wagon-http-lightweight-1.0-beta-2.pom
[INFO] Downloading from central: https://repo.maven.apache.org/maven2/org/apache/maven/wagon/wagon-http-lightweight/1.0-beta-2/wagon-http-lightweight-1.0-beta-2.pom
[INFO] Downloaded from central: https://repo.maven.apache.org/maven2/org/apache/maven/wagon/wagon-http-lightweight/1.0-beta-2/wagon-http-lightweight-1.0-beta-2.pom (1.4 kB at 3.8 kB/s)
[INFO] Downloading from lib: file:///home/codegex/Documents/workspace/rbugs/experiment/top100repos/Project-16x16/lib/org/apache/maven/wagon/wagon-http-shared/1.0-beta-2/wagon-http-shared-1.0-beta-2.pom
[INFO] Downloading from central: https://repo.maven.apache.org/maven2/org/apache/maven/wagon/wagon-http-shared/1.0-beta-2/wagon-http-shared-1.0-beta-2.pom
[INFO] Downloaded from central: https://repo.maven.apache.org/maven2/org/apache/maven/wagon/wagon-http-shared/1.0-beta-2/wagon-http-shared-1.0-beta-2.pom (845 B at 2.3 kB/s)
[INFO] Downloading from lib: file:///home/codegex/Documents/workspace/rbugs/experiment/top100repos/Project-16x16/lib/jtidy/jtidy/4aug2000r7-dev/jtidy-4aug2000r7-dev.pom
[INFO] Downloading from central: https://repo.maven.apache.org/maven2/jtidy/jtidy/4aug2000r7-dev/jtidy-4aug2000r7-dev.pom
[INFO] Downloaded from central: https://repo.maven.apache.org/maven2/jtidy/jtidy/4aug2000r7-dev/jtidy-4aug2000r7-dev.pom (1.3 kB at 3.5 kB/s)
[INFO] Downloading from lib: file:///home/codegex/Documents/workspace/rbugs/experiment/top100repos/Project-16x16/lib/org/apache/maven/wagon/wagon-ssh-external/1.0-beta-2/wagon-ssh-external-1.0-beta-2.pom
[INFO] Downloading from central: https://repo.maven.apache.org/maven2/org/apache/maven/wagon/wagon-ssh-external/1.0-beta-2/wagon-ssh-external-1.0-beta-2.pom
[INFO] Downloaded from central: https://repo.maven.apache.org/maven2/org/apache/maven/wagon/wagon-ssh-external/1.0-beta-2/wagon-ssh-external-1.0-beta-2.pom (1.5 kB at 4.1 kB/s)
[INFO] Downloading from lib: file:///home/codegex/Documents/workspace/rbugs/experiment/top100repos/Project-16x16/lib/org/apache/maven/wagon/wagon-ssh-common/1.0-beta-2/wagon-ssh-common-1.0-beta-2.pom
[INFO] Downloading from central: https://repo.maven.apache.org/maven2/org/apache/maven/wagon/wagon-ssh-common/1.0-beta-2/wagon-ssh-common-1.0-beta-2.pom
[INFO] Downloaded from central: https://repo.maven.apache.org/maven2/org/apache/maven/wagon/wagon-ssh-common/1.0-beta-2/wagon-ssh-common-1.0-beta-2.pom (851 B at 2.4 kB/s)
[INFO] Downloading from lib: file:///home/codegex/Documents/workspace/rbugs/experiment/top100repos/Project-16x16/lib/org/apache/maven/wagon/wagon-ssh/1.0-beta-2/wagon-ssh-1.0-beta-2.pom
[INFO] Downloading from central: https://repo.maven.apache.org/maven2/org/apache/maven/wagon/wagon-ssh/1.0-beta-2/wagon-ssh-1.0-beta-2.pom
[INFO] Downloaded from central: https://repo.maven.apache.org/maven2/org/apache/maven/wagon/wagon-ssh/1.0-beta-2/wagon-ssh-1.0-beta-2.pom (1.7 kB at 4.8 kB/s)
[INFO] Downloading from lib: file:///home/codegex/Documents/workspace/rbugs/experiment/top100repos/Project-16x16/lib/com/jcraft/jsch/0.1.27/jsch-0.1.27.pom
[INFO] Downloading from central: https://repo.maven.apache.org/maven2/com/jcraft/jsch/0.1.27/jsch-0.1.27.pom
[INFO] Downloaded from central: https://repo.maven.apache.org/maven2/com/jcraft/jsch/0.1.27/jsch-0.1.27.pom (965 B at 2.7 kB/s)
[INFO] Downloading from lib: file:///home/codegex/Documents/workspace/rbugs/experiment/top100repos/Project-16x16/lib/com/googlecode/soundlibs/tritonus-share/0.3.7-2/tritonus-share-0.3.7-2.pom
[INFO] Downloading from central: https://repo.maven.apache.org/maven2/com/googlecode/soundlibs/tritonus-share/0.3.7-2/tritonus-share-0.3.7-2.pom
[INFO] Downloaded from central: https://repo.maven.apache.org/maven2/com/googlecode/soundlibs/tritonus-share/0.3.7-2/tritonus-share-0.3.7-2.pom (2.2 kB at 6.2 kB/s)
[INFO] Downloading from lib: file:///home/codegex/Documents/workspace/rbugs/experiment/top100repos/Project-16x16/lib/com/googlecode/soundlibs/soundlibs/1.2/soundlibs-1.2.pom
[INFO] Downloading from central: https://repo.maven.apache.org/maven2/com/googlecode/soundlibs/soundlibs/1.2/soundlibs-1.2.pom
[INFO] Downloaded from central: https://repo.maven.apache.org/maven2/com/googlecode/soundlibs/soundlibs/1.2/soundlibs-1.2.pom (4.5 kB at 12 kB/s)
[INFO] Downloading from lib: file:///home/codegex/Documents/workspace/rbugs/experiment/top100repos/Project-16x16/lib/com/googlecode/soundlibs/mp3spi/1.9.5-1/mp3spi-1.9.5-1.pom
[INFO] Downloading from central: https://repo.maven.apache.org/maven2/com/googlecode/soundlibs/mp3spi/1.9.5-1/mp3spi-1.9.5-1.pom
[INFO] Downloaded from central: https://repo.maven.apache.org/maven2/com/googlecode/soundlibs/mp3spi/1.9.5-1/mp3spi-1.9.5-1.pom (2.4 kB at 6.6 kB/s)
[INFO] Downloading from lib: file:///home/codegex/Documents/workspace/rbugs/experiment/top100repos/Project-16x16/lib/com/googlecode/soundlibs/soundlibs/1.1/soundlibs-1.1.pom
[INFO] Downloading from central: https://repo.maven.apache.org/maven2/com/googlecode/soundlibs/soundlibs/1.1/soundlibs-1.1.pom
[INFO] Downloaded from central: https://repo.maven.apache.org/maven2/com/googlecode/soundlibs/soundlibs/1.1/soundlibs-1.1.pom (4.3 kB at 12 kB/s)
[INFO] Downloading from lib: file:///home/codegex/Documents/workspace/rbugs/experiment/top100repos/Project-16x16/lib/com/googlecode/soundlibs/jlayer/1.0.1-1/jlayer-1.0.1-1.pom
[INFO] Downloading from central: https://repo.maven.apache.org/maven2/com/googlecode/soundlibs/jlayer/1.0.1-1/jlayer-1.0.1-1.pom
[INFO] Downloaded from central: https://repo.maven.apache.org/maven2/com/googlecode/soundlibs/jlayer/1.0.1-1/jlayer-1.0.1-1.pom (2.0 kB at 5.6 kB/s)
[INFO] Downloading from lib: file:///home/codegex/Documents/workspace/rbugs/experiment/top100repos/Project-16x16/lib/com/googlecode/soundlibs/tritonus-share/0.3.7-1/tritonus-share-0.3.7-1.pom
[INFO] Downloading from central: https://repo.maven.apache.org/maven2/com/googlecode/soundlibs/tritonus-share/0.3.7-1/tritonus-share-0.3.7-1.pom
[INFO] Downloaded from central: https://repo.maven.apache.org/maven2/com/googlecode/soundlibs/tritonus-share/0.3.7-1/tritonus-share-0.3.7-1.pom (2.2 kB at 6.2 kB/s)
[INFO] Downloading from lib: file:///home/codegex/Documents/workspace/rbugs/experiment/top100repos/Project-16x16/lib/javazoom/jlayer/1.0.1/jlayer-1.0.1.pom
[INFO] Downloading from central: https://repo.maven.apache.org/maven2/javazoom/jlayer/1.0.1/jlayer-1.0.1.pom
[INFO] Downloaded from central: https://repo.maven.apache.org/maven2/javazoom/jlayer/1.0.1/jlayer-1.0.1.pom (4.0 kB at 11 kB/s)
[INFO] Downloading from lib: file:///home/codegex/Documents/workspace/rbugs/experiment/top100repos/Project-16x16/lib/org/junit/jupiter/junit-jupiter-engine/5.2.0/junit-jupiter-engine-5.2.0.pom
[INFO] Downloading from central: https://repo.maven.apache.org/maven2/org/junit/jupiter/junit-jupiter-engine/5.2.0/junit-jupiter-engine-5.2.0.pom
[INFO] Downloaded from central: https://repo.maven.apache.org/maven2/org/junit/jupiter/junit-jupiter-engine/5.2.0/junit-jupiter-engine-5.2.0.pom (2.4 kB at 6.6 kB/s)
[INFO] Downloading from lib: file:///home/codegex/Documents/workspace/rbugs/experiment/top100repos/Project-16x16/lib/org/apiguardian/apiguardian-api/1.0.0/apiguardian-api-1.0.0.pom
[INFO] Downloading from central: https://repo.maven.apache.org/maven2/org/apiguardian/apiguardian-api/1.0.0/apiguardian-api-1.0.0.pom
[INFO] Downloaded from central: https://repo.maven.apache.org/maven2/org/apiguardian/apiguardian-api/1.0.0/apiguardian-api-1.0.0.pom (1.2 kB at 3.1 kB/s)
[INFO] Downloading from lib: file:///home/codegex/Documents/workspace/rbugs/experiment/top100repos/Project-16x16/lib/org/junit/platform/junit-platform-engine/1.2.0/junit-platform-engine-1.2.0.pom
[INFO] Downloading from central: https://repo.maven.apache.org/maven2/org/junit/platform/junit-platform-engine/1.2.0/junit-platform-engine-1.2.0.pom
[INFO] Downloaded from central: https://repo.maven.apache.org/maven2/org/junit/platform/junit-platform-engine/1.2.0/junit-platform-engine-1.2.0.pom (2.4 kB at 6.5 kB/s)
[INFO] Downloading from lib: file:///home/codegex/Documents/workspace/rbugs/experiment/top100repos/Project-16x16/lib/org/junit/platform/junit-platform-commons/1.2.0/junit-platform-commons-1.2.0.pom
[INFO] Downloading from central: https://repo.maven.apache.org/maven2/org/junit/platform/junit-platform-commons/1.2.0/junit-platform-commons-1.2.0.pom
[INFO] Downloaded from central: https://repo.maven.apache.org/maven2/org/junit/platform/junit-platform-commons/1.2.0/junit-platform-commons-1.2.0.pom (2.0 kB at 5.6 kB/s)
[INFO] Downloading from lib: file:///home/codegex/Documents/workspace/rbugs/experiment/top100repos/Project-16x16/lib/org/opentest4j/opentest4j/1.1.0/opentest4j-1.1.0.pom
[INFO] Downloading from central: https://repo.maven.apache.org/maven2/org/opentest4j/opentest4j/1.1.0/opentest4j-1.1.0.pom
[INFO] Downloaded from central: https://repo.maven.apache.org/maven2/org/opentest4j/opentest4j/1.1.0/opentest4j-1.1.0.pom (1.7 kB at 4.7 kB/s)
[INFO] Downloading from lib: file:///home/codegex/Documents/workspace/rbugs/experiment/top100repos/Project-16x16/lib/org/junit/jupiter/junit-jupiter-api/5.2.0/junit-jupiter-api-5.2.0.pom
[INFO] Downloading from central: https://repo.maven.apache.org/maven2/org/junit/jupiter/junit-jupiter-api/5.2.0/junit-jupiter-api-5.2.0.pom
[INFO] Downloaded from central: https://repo.maven.apache.org/maven2/org/junit/jupiter/junit-jupiter-api/5.2.0/junit-jupiter-api-5.2.0.pom (2.4 kB at 6.6 kB/s)
[INFO] Downloading from lib: file:///home/codegex/Documents/workspace/rbugs/experiment/top100repos/Project-16x16/lib/org/processing/core/3.3.6/core-3.3.6.jar
[INFO] Downloading from lib: file:///home/codegex/Documents/workspace/rbugs/experiment/top100repos/Project-16x16/lib/org/processing/net/3.2.3/net-3.2.3.jar
[INFO] Downloading from lib: file:///home/codegex/Documents/workspace/rbugs/experiment/top100repos/Project-16x16/lib/processing/gicentreUtils/local/gicentreUtils-local.jar
[INFO] Downloading from lib: file:///home/codegex/Documents/workspace/rbugs/experiment/top100repos/Project-16x16/lib/org/apache/maven/wagon/wagon-file/1.0-beta-6/wagon-file-1.0-beta-6.jar
[INFO] Downloading from lib: file:///home/codegex/Documents/workspace/rbugs/experiment/top100repos/Project-16x16/lib/net/compartmental/code/minim/2.2.2/minim-2.2.2.jar
[INFO] Downloading from lib: file:///home/codegex/Documents/workspace/rbugs/experiment/top100repos/Project-16x16/lib/org/apache/maven/wagon/wagon-http-lightweight/1.0-beta-6/wagon-http-lightweight-1.0-beta-6.jar
[INFO] Downloading from lib: file:///home/codegex/Documents/workspace/rbugs/experiment/top100repos/Project-16x16/lib/nekohtml/xercesMinimal/1.9.6.2/xercesMinimal-1.9.6.2.jar
[INFO] Downloading from lib: file:///home/codegex/Documents/workspace/rbugs/experiment/top100repos/Project-16x16/lib/org/apache/maven/wagon/wagon-http-shared/1.0-beta-6/wagon-http-shared-1.0-beta-6.jar
[INFO] Downloading from lib: file:///home/codegex/Documents/workspace/rbugs/experiment/top100repos/Project-16x16/lib/org/apache/maven/wagon/wagon-webdav-jackrabbit/1.0-beta-6/wagon-webdav-jackrabbit-1.0-beta-6.jar
[INFO] Downloading from lib: file:///home/codegex/Documents/workspace/rbugs/experiment/top100repos/Project-16x16/lib/org/apache/maven/wagon/wagon-http/1.0-beta-6/wagon-http-1.0-beta-6.jar
[INFO] Downloading from lib: file:///home/codegex/Documents/workspace/rbugs/experiment/top100repos/Project-16x16/lib/nekohtml/nekohtml/1.9.6.2/nekohtml-1.9.6.2.jar
[INFO] Downloading from lib: file:///home/codegex/Documents/workspace/rbugs/experiment/top100repos/Project-16x16/lib/commons-httpclient/commons-httpclient/3.0/commons-httpclient-3.0.jar
[INFO] Downloading from lib: file:///home/codegex/Documents/workspace/rbugs/experiment/top100repos/Project-16x16/lib/org/apache/jackrabbit/jackrabbit-jcr-commons/1.5.0/jackrabbit-jcr-commons-1.5.0.jar
[INFO] Downloading from lib: file:///home/codegex/Documents/workspace/rbugs/experiment/top100repos/Project-16x16/lib/org/apache/jackrabbit/jackrabbit-webdav/1.5.0/jackrabbit-webdav-1.5.0.jar
[INFO] Downloading from lib: file:///home/codegex/Documents/workspace/rbugs/experiment/top100repos/Project-16x16/lib/org/apache/maven/wagon/wagon-ssh-common/1.0-beta-6/wagon-ssh-common-1.0-beta-6.jar
[INFO] Downloading from lib: file:///home/codegex/Documents/workspace/rbugs/experiment/top100repos/Project-16x16/lib/org/apache/maven/wagon/wagon-ssh-external/1.0-beta-6/wagon-ssh-external-1.0-beta-6.jar
[INFO] Downloading from lib: file:///home/codegex/Documents/workspace/rbugs/experiment/top100repos/Project-16x16/lib/org/slf4j/slf4j-nop/1.5.3/slf4j-nop-1.5.3.jar
[INFO] Downloading from lib: file:///home/codegex/Documents/workspace/rbugs/experiment/top100repos/Project-16x16/lib/com/googlecode/soundlibs/tritonus-share/0.3.7-2/tritonus-share-0.3.7-2.jar
[INFO] Downloading from lib: file:///home/codegex/Documents/workspace/rbugs/experiment/top100repos/Project-16x16/lib/com/jcraft/jsch/0.1.38/jsch-0.1.38.jar
[INFO] Downloading from lib: file:///home/codegex/Documents/workspace/rbugs/experiment/top100repos/Project-16x16/lib/org/apache/maven/wagon/wagon-ssh/1.0-beta-6/wagon-ssh-1.0-beta-6.jar
[INFO] Downloading from lib: file:///home/codegex/Documents/workspace/rbugs/experiment/top100repos/Project-16x16/lib/javazoom/jlayer/1.0.1/jlayer-1.0.1.jar
[INFO] Downloading from lib: file:///home/codegex/Documents/workspace/rbugs/experiment/top100repos/Project-16x16/lib/com/googlecode/soundlibs/jlayer/1.0.1-1/jlayer-1.0.1-1.jar
[INFO] Downloading from lib: file:///home/codegex/Documents/workspace/rbugs/experiment/top100repos/Project-16x16/lib/com/googlecode/soundlibs/mp3spi/1.9.5-1/mp3spi-1.9.5-1.jar
[INFO] Downloading from lib: file:///home/codegex/Documents/workspace/rbugs/experiment/top100repos/Project-16x16/lib/org/junit/platform/junit-platform-engine/1.2.0/junit-platform-engine-1.2.0.jar
[INFO] Downloading from lib: file:///home/codegex/Documents/workspace/rbugs/experiment/top100repos/Project-16x16/lib/org/apiguardian/apiguardian-api/1.0.0/apiguardian-api-1.0.0.jar
[INFO] Downloading from lib: file:///home/codegex/Documents/workspace/rbugs/experiment/top100repos/Project-16x16/lib/org/junit/jupiter/junit-jupiter-engine/5.2.0/junit-jupiter-engine-5.2.0.jar
[INFO] Downloading from lib: file:///home/codegex/Documents/workspace/rbugs/experiment/top100repos/Project-16x16/lib/org/junit/jupiter/junit-jupiter-api/5.2.0/junit-jupiter-api-5.2.0.jar
[INFO] Downloading from lib: file:///home/codegex/Documents/workspace/rbugs/experiment/top100repos/Project-16x16/lib/org/opentest4j/opentest4j/1.1.0/opentest4j-1.1.0.jar
[INFO] Downloading from lib: file:///home/codegex/Documents/workspace/rbugs/experiment/top100repos/Project-16x16/lib/org/junit/platform/junit-platform-commons/1.2.0/junit-platform-commons-1.2.0.jar
[INFO] Downloaded from lib: file:///home/codegex/Documents/workspace/rbugs/experiment/top100repos/Project-16x16/lib/processing/gicentreUtils/local/gicentreUtils-local.jar (245 kB at 16 MB/s)
[INFO] Downloading from central: https://repo.maven.apache.org/maven2/org/processing/core/3.3.6/core-3.3.6.jar
[INFO] Downloading from central: https://repo.maven.apache.org/maven2/org/processing/net/3.2.3/net-3.2.3.jar
[INFO] Downloading from central: https://repo.maven.apache.org/maven2/net/compartmental/code/minim/2.2.2/minim-2.2.2.jar
[INFO] Downloading from central: https://repo.maven.apache.org/maven2/org/apache/maven/wagon/wagon-file/1.0-beta-6/wagon-file-1.0-beta-6.jar
[INFO] Downloading from central: https://repo.maven.apache.org/maven2/org/apache/maven/wagon/wagon-http-lightweight/1.0-beta-6/wagon-http-lightweight-1.0-beta-6.jar
[INFO] Downloaded from central: https://repo.maven.apache.org/maven2/org/processing/net/3.2.3/net-3.2.3.jar (9.8 kB at 13 kB/s)
[INFO] Downloading from central: https://repo.maven.apache.org/maven2/org/apache/maven/wagon/wagon-http-shared/1.0-beta-6/wagon-http-shared-1.0-beta-6.jar
[INFO] Downloaded from central: https://repo.maven.apache.org/maven2/org/apache/maven/wagon/wagon-file/1.0-beta-6/wagon-file-1.0-beta-6.jar (11 kB at 14 kB/s)
[INFO] Downloading from central: https://repo.maven.apache.org/maven2/nekohtml/xercesMinimal/1.9.6.2/xercesMinimal-1.9.6.2.jar
[INFO] Downloaded from central: https://repo.maven.apache.org/maven2/org/apache/maven/wagon/wagon-http-lightweight/1.0-beta-6/wagon-http-lightweight-1.0-beta-6.jar (15 kB at 19 kB/s)
[INFO] Downloading from central: https://repo.maven.apache.org/maven2/nekohtml/nekohtml/1.9.6.2/nekohtml-1.9.6.2.jar
[INFO] Downloaded from central: https://repo.maven.apache.org/maven2/org/apache/maven/wagon/wagon-http-shared/1.0-beta-6/wagon-http-shared-1.0-beta-6.jar (25 kB at 22 kB/s)
[INFO] Downloading from central: https://repo.maven.apache.org/maven2/org/apache/maven/wagon/wagon-http/1.0-beta-6/wagon-http-1.0-beta-6.jar
[INFO] Downloaded from central: https://repo.maven.apache.org/maven2/org/processing/core/3.3.6/core-3.3.6.jar (1.0 MB at 852 kB/s)
[INFO] Downloading from central: https://repo.maven.apache.org/maven2/org/apache/maven/wagon/wagon-webdav-jackrabbit/1.0-beta-6/wagon-webdav-jackrabbit-1.0-beta-6.jar
[INFO] Downloaded from central: https://repo.maven.apache.org/maven2/nekohtml/xercesMinimal/1.9.6.2/xercesMinimal-1.9.6.2.jar (40 kB at 32 kB/s)
[INFO] Downloading from central: https://repo.maven.apache.org/maven2/org/apache/jackrabbit/jackrabbit-webdav/1.5.0/jackrabbit-webdav-1.5.0.jar
[INFO] Downloaded from central: https://repo.maven.apache.org/maven2/net/compartmental/code/minim/2.2.2/minim-2.2.2.jar (202 kB at 157 kB/s)
[INFO] Downloading from central: https://repo.maven.apache.org/maven2/org/apache/jackrabbit/jackrabbit-jcr-commons/1.5.0/jackrabbit-jcr-commons-1.5.0.jar
[INFO] Downloaded from central: https://repo.maven.apache.org/maven2/nekohtml/nekohtml/1.9.6.2/nekohtml-1.9.6.2.jar (112 kB at 75 kB/s)
[INFO] Downloading from central: https://repo.maven.apache.org/maven2/commons-httpclient/commons-httpclient/3.0/commons-httpclient-3.0.jar
[INFO] Downloaded from central: https://repo.maven.apache.org/maven2/org/apache/maven/wagon/wagon-http/1.0-beta-6/wagon-http-1.0-beta-6.jar (11 kB at 6.8 kB/s)
[INFO] Downloading from central: https://repo.maven.apache.org/maven2/org/slf4j/slf4j-nop/1.5.3/slf4j-nop-1.5.3.jar
[INFO] Downloaded from central: https://repo.maven.apache.org/maven2/org/apache/maven/wagon/wagon-webdav-jackrabbit/1.0-beta-6/wagon-webdav-jackrabbit-1.0-beta-6.jar (18 kB at 12 kB/s)
[INFO] Downloading from central: https://repo.maven.apache.org/maven2/org/apache/maven/wagon/wagon-ssh-external/1.0-beta-6/wagon-ssh-external-1.0-beta-6.jar
[INFO] Downloaded from central: https://repo.maven.apache.org/maven2/org/apache/jackrabbit/jackrabbit-jcr-commons/1.5.0/jackrabbit-jcr-commons-1.5.0.jar (203 kB at 110 kB/s)
[INFO] Downloading from central: https://repo.maven.apache.org/maven2/org/apache/maven/wagon/wagon-ssh-common/1.0-beta-6/wagon-ssh-common-1.0-beta-6.jar
[INFO] Downloaded from central: https://repo.maven.apache.org/maven2/org/slf4j/slf4j-nop/1.5.3/slf4j-nop-1.5.3.jar (5.2 kB at 2.7 kB/s)
[INFO] Downloading from central: https://repo.maven.apache.org/maven2/org/apache/maven/wagon/wagon-ssh/1.0-beta-6/wagon-ssh-1.0-beta-6.jar
[INFO] Downloaded from central: https://repo.maven.apache.org/maven2/org/apache/maven/wagon/wagon-ssh-external/1.0-beta-6/wagon-ssh-external-1.0-beta-6.jar (14 kB at 7.5 kB/s)
[INFO] Downloading from central: https://repo.maven.apache.org/maven2/com/jcraft/jsch/0.1.38/jsch-0.1.38.jar
[INFO] Downloaded from central: https://repo.maven.apache.org/maven2/org/apache/jackrabbit/jackrabbit-webdav/1.5.0/jackrabbit-webdav-1.5.0.jar (303 kB at 153 kB/s)
[INFO] Downloading from central: https://repo.maven.apache.org/maven2/com/googlecode/soundlibs/tritonus-share/0.3.7-2/tritonus-share-0.3.7-2.jar
[INFO] Downloaded from central: https://repo.maven.apache.org/maven2/commons-httpclient/commons-httpclient/3.0/commons-httpclient-3.0.jar (279 kB at 133 kB/s)
[INFO] Downloading from central: https://repo.maven.apache.org/maven2/com/googlecode/soundlibs/mp3spi/1.9.5-1/mp3spi-1.9.5-1.jar
[INFO] Downloaded from central: https://repo.maven.apache.org/maven2/org/apache/maven/wagon/wagon-ssh-common/1.0-beta-6/wagon-ssh-common-1.0-beta-6.jar (27 kB at 12 kB/s)
[INFO] Downloading from central: https://repo.maven.apache.org/maven2/com/googlecode/soundlibs/jlayer/1.0.1-1/jlayer-1.0.1-1.jar
[INFO] Downloaded from central: https://repo.maven.apache.org/maven2/com/jcraft/jsch/0.1.38/jsch-0.1.38.jar (178 kB at 77 kB/s)
[INFO] Downloading from central: https://repo.maven.apache.org/maven2/javazoom/jlayer/1.0.1/jlayer-1.0.1.jar
[INFO] Downloaded from central: https://repo.maven.apache.org/maven2/org/apache/maven/wagon/wagon-ssh/1.0-beta-6/wagon-ssh-1.0-beta-6.jar (28 kB at 12 kB/s)
[INFO] Downloading from central: https://repo.maven.apache.org/maven2/org/junit/jupiter/junit-jupiter-engine/5.2.0/junit-jupiter-engine-5.2.0.jar
[INFO] Downloaded from central: https://repo.maven.apache.org/maven2/com/googlecode/soundlibs/tritonus-share/0.3.7-2/tritonus-share-0.3.7-2.jar (222 kB at 92 kB/s)
[INFO] Downloading from central: https://repo.maven.apache.org/maven2/org/apiguardian/apiguardian-api/1.0.0/apiguardian-api-1.0.0.jar
[INFO] Downloaded from central: https://repo.maven.apache.org/maven2/com/googlecode/soundlibs/mp3spi/1.9.5-1/mp3spi-1.9.5-1.jar (33 kB at 13 kB/s)
[INFO] Downloading from central: https://repo.maven.apache.org/maven2/org/junit/platform/junit-platform-engine/1.2.0/junit-platform-engine-1.2.0.jar
[INFO] Downloaded from central: https://repo.maven.apache.org/maven2/com/googlecode/soundlibs/jlayer/1.0.1-1/jlayer-1.0.1-1.jar (139 kB at 53 kB/s)
[INFO] Downloading from central: https://repo.maven.apache.org/maven2/org/junit/platform/junit-platform-commons/1.2.0/junit-platform-commons-1.2.0.jar
[INFO] Downloaded from central: https://repo.maven.apache.org/maven2/javazoom/jlayer/1.0.1/jlayer-1.0.1.jar (144 kB at 53 kB/s)
[INFO] Downloading from central: https://repo.maven.apache.org/maven2/org/opentest4j/opentest4j/1.1.0/opentest4j-1.1.0.jar
[INFO] Downloaded from central: https://repo.maven.apache.org/maven2/org/apiguardian/apiguardian-api/1.0.0/apiguardian-api-1.0.0.jar (2.2 kB at 780 B/s)
[INFO] Downloading from central: https://repo.maven.apache.org/maven2/org/junit/jupiter/junit-jupiter-api/5.2.0/junit-jupiter-api-5.2.0.jar
[INFO] Downloaded from central: https://repo.maven.apache.org/maven2/org/junit/platform/junit-platform-engine/1.2.0/junit-platform-engine-1.2.0.jar (90 kB at 32 kB/s)
[INFO] Downloaded from central: https://repo.maven.apache.org/maven2/org/junit/jupiter/junit-jupiter-engine/5.2.0/junit-jupiter-engine-5.2.0.jar (143 kB at 48 kB/s)
[INFO] Downloaded from central: https://repo.maven.apache.org/maven2/org/junit/platform/junit-platform-commons/1.2.0/junit-platform-commons-1.2.0.jar (78 kB at 26 kB/s)
[INFO] Downloaded from central: https://repo.maven.apache.org/maven2/org/opentest4j/opentest4j/1.1.0/opentest4j-1.1.0.jar (6.8 kB at 2.2 kB/s)
[INFO] Downloaded from central: https://repo.maven.apache.org/maven2/org/junit/jupiter/junit-jupiter-api/5.2.0/junit-jupiter-api-5.2.0.jar (108 kB at 34 kB/s)
[INFO] 
[INFO] --- maven-clean-plugin:2.5:clean (default-clean) @ Project_16x16 ---
[INFO] Deleting /home/codegex/Documents/workspace/rbugs/experiment/top100repos/Project-16x16/target
[INFO] 
[INFO] --- maven-resources-plugin:2.6:resources (default-resources) @ Project_16x16 ---
[INFO] Using 'UTF-8' encoding to copy filtered resources.
[INFO] Copying 31 resources
[INFO] 
[INFO] --- maven-compiler-plugin:3.8.0:compile (default-compile) @ Project_16x16 ---
[INFO] Changes detected - recompiling the module!
[INFO] Compiling 72 source files to /home/codegex/Documents/workspace/rbugs/experiment/top100repos/Project-16x16/target/classes
[INFO] -------------------------------------------------------------
[ERROR] COMPILATION ERROR : 
[INFO] -------------------------------------------------------------
[ERROR] /home/codegex/Documents/workspace/rbugs/experiment/top100repos/Project-16x16/src/main/java/project_16x16/SideScroller.java:[6,20] package javafx.scene does not exist
[ERROR] /home/codegex/Documents/workspace/rbugs/experiment/top100repos/Project-16x16/src/main/java/project_16x16/SideScroller.java:[7,27] package javafx.scene.canvas does not exist
[ERROR] /home/codegex/Documents/workspace/rbugs/experiment/top100repos/Project-16x16/src/main/java/project_16x16/SideScroller.java:[8,26] package javafx.scene.input does not exist
[ERROR] /home/codegex/Documents/workspace/rbugs/experiment/top100repos/Project-16x16/src/main/java/project_16x16/SideScroller.java:[9,30] package javafx.scene.transform does not exist
[ERROR] /home/codegex/Documents/workspace/rbugs/experiment/top100repos/Project-16x16/src/main/java/project_16x16/SideScroller.java:[10,20] package javafx.stage does not exist
[ERROR] /home/codegex/Documents/workspace/rbugs/experiment/top100repos/Project-16x16/src/main/java/project_16x16/SideScroller.java:[11,20] package javafx.stage does not exist
[ERROR] /home/codegex/Documents/workspace/rbugs/experiment/top100repos/Project-16x16/src/main/java/project_16x16/SideScroller.java:[114,17] cannot find symbol
  symbol:   class Canvas
  location: class project_16x16.SideScroller
[ERROR] /home/codegex/Documents/workspace/rbugs/experiment/top100repos/Project-16x16/src/main/java/project_16x16/SideScroller.java:[119,19] cannot find symbol
  symbol:   class Scene
  location: class project_16x16.SideScroller
[ERROR] /home/codegex/Documents/workspace/rbugs/experiment/top100repos/Project-16x16/src/main/java/project_16x16/SideScroller.java:[123,17] cannot find symbol
  symbol:   class Stage
  location: class project_16x16.SideScroller
[ERROR] /home/codegex/Documents/workspace/rbugs/experiment/top100repos/Project-16x16/src/main/java/project_16x16/SideScroller.java:[158,39] cannot find symbol
  symbol:   class WindowEvent
  location: class project_16x16.SideScroller
[ERROR] /home/codegex/Documents/workspace/rbugs/experiment/top100repos/Project-16x16/src/main/java/project_16x16/SideScroller.java:[140,27] cannot find symbol
  symbol:   class Canvas
  location: class project_16x16.SideScroller
[ERROR] /home/codegex/Documents/workspace/rbugs/experiment/top100repos/Project-16x16/src/main/java/project_16x16/SideScroller.java:[144,26] cannot find symbol
  symbol:   class Stage
  location: class project_16x16.SideScroller
[ERROR] /home/codegex/Documents/workspace/rbugs/experiment/top100repos/Project-16x16/src/main/java/project_16x16/SideScroller.java:[148,55] cannot find symbol
  symbol:   variable KeyCombination
  location: class project_16x16.SideScroller
[ERROR] /home/codegex/Documents/workspace/rbugs/experiment/top100repos/Project-16x16/src/main/java/project_16x16/SideScroller.java:[149,50] cannot find symbol
  symbol:   variable WindowEvent
  location: class project_16x16.SideScroller
[ERROR] /home/codegex/Documents/workspace/rbugs/experiment/top100repos/Project-16x16/src/main/java/project_16x16/SideScroller.java:[479,59] cannot find symbol
  symbol:   class Scale
  location: class project_16x16.SideScroller
[INFO] 15 errors 
[INFO] -------------------------------------------------------------
[INFO] ------------------------------------------------------------------------
[INFO] BUILD FAILURE
[INFO] ------------------------------------------------------------------------
[INFO] Total time:  24.761 s
[INFO] Finished at: 2021-03-28T03:58:42+08:00
[INFO] ------------------------------------------------------------------------
[ERROR] Failed to execute goal org.apache.maven.plugins:maven-compiler-plugin:3.8.0:compile (default-compile) on project Project_16x16: Compilation failure: Compilation failure: 
[ERROR] /home/codegex/Documents/workspace/rbugs/experiment/top100repos/Project-16x16/src/main/java/project_16x16/SideScroller.java:[6,20] package javafx.scene does not exist
[ERROR] /home/codegex/Documents/workspace/rbugs/experiment/top100repos/Project-16x16/src/main/java/project_16x16/SideScroller.java:[7,27] package javafx.scene.canvas does not exist
[ERROR] /home/codegex/Documents/workspace/rbugs/experiment/top100repos/Project-16x16/src/main/java/project_16x16/SideScroller.java:[8,26] package javafx.scene.input does not exist
[ERROR] /home/codegex/Documents/workspace/rbugs/experiment/top100repos/Project-16x16/src/main/java/project_16x16/SideScroller.java:[9,30] package javafx.scene.transform does not exist
[ERROR] /home/codegex/Documents/workspace/rbugs/experiment/top100repos/Project-16x16/src/main/java/project_16x16/SideScroller.java:[10,20] package javafx.stage does not exist
[ERROR] /home/codegex/Documents/workspace/rbugs/experiment/top100repos/Project-16x16/src/main/java/project_16x16/SideScroller.java:[11,20] package javafx.stage does not exist
[ERROR] /home/codegex/Documents/workspace/rbugs/experiment/top100repos/Project-16x16/src/main/java/project_16x16/SideScroller.java:[114,17] cannot find symbol
[ERROR]   symbol:   class Canvas
[ERROR]   location: class project_16x16.SideScroller
[ERROR] /home/codegex/Documents/workspace/rbugs/experiment/top100repos/Project-16x16/src/main/java/project_16x16/SideScroller.java:[119,19] cannot find symbol
[ERROR]   symbol:   class Scene
[ERROR]   location: class project_16x16.SideScroller
[ERROR] /home/codegex/Documents/workspace/rbugs/experiment/top100repos/Project-16x16/src/main/java/project_16x16/SideScroller.java:[123,17] cannot find symbol
[ERROR]   symbol:   class Stage
[ERROR]   location: class project_16x16.SideScroller
[ERROR] /home/codegex/Documents/workspace/rbugs/experiment/top100repos/Project-16x16/src/main/java/project_16x16/SideScroller.java:[158,39] cannot find symbol
[ERROR]   symbol:   class WindowEvent
[ERROR]   location: class project_16x16.SideScroller
[ERROR] /home/codegex/Documents/workspace/rbugs/experiment/top100repos/Project-16x16/src/main/java/project_16x16/SideScroller.java:[140,27] cannot find symbol
[ERROR]   symbol:   class Canvas
[ERROR]   location: class project_16x16.SideScroller
[ERROR] /home/codegex/Documents/workspace/rbugs/experiment/top100repos/Project-16x16/src/main/java/project_16x16/SideScroller.java:[144,26] cannot find symbol
[ERROR]   symbol:   class Stage
[ERROR]   location: class project_16x16.SideScroller
[ERROR] /home/codegex/Documents/workspace/rbugs/experiment/top100repos/Project-16x16/src/main/java/project_16x16/SideScroller.java:[148,55] cannot find symbol
[ERROR]   symbol:   variable KeyCombination
[ERROR]   location: class project_16x16.SideScroller
[ERROR] /home/codegex/Documents/workspace/rbugs/experiment/top100repos/Project-16x16/src/main/java/project_16x16/SideScroller.java:[149,50] cannot find symbol
[ERROR]   symbol:   variable WindowEvent
[ERROR]   location: class project_16x16.SideScroller
[ERROR] /home/codegex/Documents/workspace/rbugs/experiment/top100repos/Project-16x16/src/main/java/project_16x16/SideScroller.java:[479,59] cannot find symbol
[ERROR]   symbol:   class Scale
[ERROR]   location: class project_16x16.SideScroller
[ERROR] -> [Help 1]
[ERROR] 
[ERROR] To see the full stack trace of the errors, re-run Maven with the -e switch.
[ERROR] Re-run Maven using the -X switch to enable full debug logging.
[ERROR] 
[ERROR] For more information about the errors and possible solutions, please read the following articles:
[ERROR] [Help 1] http://cwiki.apache.org/confluence/display/MAVEN/MojoFailureException
[INFO] Build failures were ignored.
WARNING: An illegal reflective access operation has occurred
WARNING: Illegal reflective access by com.google.inject.internal.cglib.core.$ReflectUtils$1 (file:/usr/share/maven/lib/guice.jar) to method java.lang.ClassLoader.defineClass(java.lang.String,byte[],int,int,java.security.ProtectionDomain)
WARNING: Please consider reporting this to the maintainers of com.google.inject.internal.cglib.core.$ReflectUtils$1
WARNING: Use --illegal-access=warn to enable warnings of further illegal reflective access operations
WARNING: All illegal access operations will be denied in a future release
