[INFO] Scanning for projects...
[INFO] Downloading from central: https://repo.maven.apache.org/maven2/com/jcabi/parent/0.49.5/parent-0.49.5.pom
[INFO] Downloaded from central: https://repo.maven.apache.org/maven2/com/jcabi/parent/0.49.5/parent-0.49.5.pom (62 kB at 46 kB/s)
[INFO] Downloading from oss.sonatype.org: https://oss.sonatype.org/content/groups/public/org/kuali/maven/wagons/maven-s3-wagon/1.2.1/maven-s3-wagon-1.2.1.pom
[INFO] Downloaded from oss.sonatype.org: https://oss.sonatype.org/content/groups/public/org/kuali/maven/wagons/maven-s3-wagon/1.2.1/maven-s3-wagon-1.2.1.pom (5.7 kB at 2.2 kB/s)
[INFO] Downloading from oss.sonatype.org: https://oss.sonatype.org/content/groups/public/org/kuali/pom/kuali-common/3.3.35/kuali-common-3.3.35.pom
[INFO] Downloaded from oss.sonatype.org: https://oss.sonatype.org/content/groups/public/org/kuali/pom/kuali-common/3.3.35/kuali-common-3.3.35.pom (42 kB at 29 kB/s)
[INFO] Downloading from oss.sonatype.org: https://oss.sonatype.org/content/groups/public/org/kuali/pom/kuali-pom/3.3.35/kuali-pom-3.3.35.pom
[INFO] Downloaded from oss.sonatype.org: https://oss.sonatype.org/content/groups/public/org/kuali/pom/kuali-pom/3.3.35/kuali-pom-3.3.35.pom (64 kB at 51 kB/s)
[INFO] Downloading from oss.sonatype.org: https://oss.sonatype.org/content/groups/public/org/kuali/common/kuali-s3/1.0.1/kuali-s3-1.0.1.pom
[INFO] Downloaded from oss.sonatype.org: https://oss.sonatype.org/content/groups/public/org/kuali/common/kuali-s3/1.0.1/kuali-s3-1.0.1.pom (2.6 kB at 2.2 kB/s)
[INFO] Downloading from oss.sonatype.org: https://oss.sonatype.org/content/groups/public/org/kuali/pom/kuali-common/2.0.0/kuali-common-2.0.0.pom
[INFO] Downloaded from oss.sonatype.org: https://oss.sonatype.org/content/groups/public/org/kuali/pom/kuali-common/2.0.0/kuali-common-2.0.0.pom (35 kB at 29 kB/s)
[INFO] Downloading from oss.sonatype.org: https://oss.sonatype.org/content/groups/public/org/kuali/pom/kuali-pom/2.0.0/kuali-pom-2.0.0.pom
[INFO] Downloaded from oss.sonatype.org: https://oss.sonatype.org/content/groups/public/org/kuali/pom/kuali-pom/2.0.0/kuali-pom-2.0.0.pom (56 kB at 46 kB/s)
[INFO] Downloading from oss.sonatype.org: https://oss.sonatype.org/content/groups/public/com/amazonaws/aws-java-sdk/1.3.22/aws-java-sdk-1.3.22.pom
[INFO] Downloaded from oss.sonatype.org: https://oss.sonatype.org/content/groups/public/com/amazonaws/aws-java-sdk/1.3.22/aws-java-sdk-1.3.22.pom (5.6 kB at 4.7 kB/s)
[INFO] Downloading from oss.sonatype.org: https://oss.sonatype.org/content/groups/public/org/apache/httpcomponents/httpclient/4.1/httpclient-4.1.pom
[INFO] Downloaded from oss.sonatype.org: https://oss.sonatype.org/content/groups/public/org/apache/httpcomponents/httpclient/4.1/httpclient-4.1.pom (6.0 kB at 5.1 kB/s)
[INFO] Downloading from oss.sonatype.org: https://oss.sonatype.org/content/groups/public/org/apache/httpcomponents/httpcomponents-client/4.1/httpcomponents-client-4.1.pom
[INFO] Downloaded from oss.sonatype.org: https://oss.sonatype.org/content/groups/public/org/apache/httpcomponents/httpcomponents-client/4.1/httpcomponents-client-4.1.pom (11 kB at 9.5 kB/s)
[INFO] Downloading from oss.sonatype.org: https://oss.sonatype.org/content/groups/public/org/codehaus/jackson/jackson-core-asl/1.8.9/jackson-core-asl-1.8.9.pom
[INFO] Downloaded from oss.sonatype.org: https://oss.sonatype.org/content/groups/public/org/codehaus/jackson/jackson-core-asl/1.8.9/jackson-core-asl-1.8.9.pom (1.0 kB at 855 B/s)
[INFO] Downloading from oss.sonatype.org: https://oss.sonatype.org/content/groups/public/org/codehaus/jackson/jackson-mapper-asl/1.8.9/jackson-mapper-asl-1.8.9.pom
[INFO] Downloaded from oss.sonatype.org: https://oss.sonatype.org/content/groups/public/org/codehaus/jackson/jackson-mapper-asl/1.8.9/jackson-mapper-asl-1.8.9.pom (1.2 kB at 1.0 kB/s)
[INFO] Downloading from oss.sonatype.org: https://oss.sonatype.org/content/groups/public/org/kuali/common/kuali-threads/1.0.9/kuali-threads-1.0.9.pom
[INFO] Downloaded from oss.sonatype.org: https://oss.sonatype.org/content/groups/public/org/kuali/common/kuali-threads/1.0.9/kuali-threads-1.0.9.pom (2.6 kB at 1.8 kB/s)
[INFO] Downloading from oss.sonatype.org: https://oss.sonatype.org/content/groups/public/org/kuali/pom/kuali-common/1.2.2/kuali-common-1.2.2.pom
[INFO] Downloaded from oss.sonatype.org: https://oss.sonatype.org/content/groups/public/org/kuali/pom/kuali-common/1.2.2/kuali-common-1.2.2.pom (31 kB at 25 kB/s)
[INFO] Downloading from oss.sonatype.org: https://oss.sonatype.org/content/groups/public/org/kuali/pom/kuali-pom/1.2.2/kuali-pom-1.2.2.pom
[INFO] Downloaded from oss.sonatype.org: https://oss.sonatype.org/content/groups/public/org/kuali/pom/kuali-pom/1.2.2/kuali-pom-1.2.2.pom (43 kB at 30 kB/s)
[INFO] Downloading from oss.sonatype.org: https://oss.sonatype.org/content/groups/public/org/slf4j/slf4j-log4j12/1.6.4/slf4j-log4j12-1.6.4.pom
[INFO] Downloaded from oss.sonatype.org: https://oss.sonatype.org/content/groups/public/org/slf4j/slf4j-log4j12/1.6.4/slf4j-log4j12-1.6.4.pom (1.7 kB at 1.4 kB/s)
[INFO] Downloading from oss.sonatype.org: https://oss.sonatype.org/content/groups/public/com/amazonaws/aws-java-sdk/1.6.4/aws-java-sdk-1.6.4.pom
[INFO] Downloaded from oss.sonatype.org: https://oss.sonatype.org/content/groups/public/com/amazonaws/aws-java-sdk/1.6.4/aws-java-sdk-1.6.4.pom (6.5 kB at 5.5 kB/s)
[INFO] Downloading from oss.sonatype.org: https://oss.sonatype.org/content/groups/public/org/apache/httpcomponents/httpclient/4.2/httpclient-4.2.pom
[INFO] Downloaded from oss.sonatype.org: https://oss.sonatype.org/content/groups/public/org/apache/httpcomponents/httpclient/4.2/httpclient-4.2.pom (5.9 kB at 4.9 kB/s)
[INFO] Downloading from oss.sonatype.org: https://oss.sonatype.org/content/groups/public/org/apache/httpcomponents/httpcomponents-client/4.2/httpcomponents-client-4.2.pom
[INFO] Downloaded from oss.sonatype.org: https://oss.sonatype.org/content/groups/public/org/apache/httpcomponents/httpcomponents-client/4.2/httpcomponents-client-4.2.pom (14 kB at 12 kB/s)
[INFO] Downloading from oss.sonatype.org: https://oss.sonatype.org/content/groups/public/org/apache/httpcomponents/httpcore/4.2/httpcore-4.2.pom
[INFO] Downloaded from oss.sonatype.org: https://oss.sonatype.org/content/groups/public/org/apache/httpcomponents/httpcore/4.2/httpcore-4.2.pom (5.7 kB at 4.7 kB/s)
[INFO] Downloading from oss.sonatype.org: https://oss.sonatype.org/content/groups/public/org/apache/httpcomponents/httpcomponents-core/4.2/httpcomponents-core-4.2.pom
[INFO] Downloaded from oss.sonatype.org: https://oss.sonatype.org/content/groups/public/org/apache/httpcomponents/httpcomponents-core/4.2/httpcomponents-core-4.2.pom (11 kB at 9.4 kB/s)
[INFO] Downloading from oss.sonatype.org: https://oss.sonatype.org/content/groups/public/com/fasterxml/jackson/core/jackson-core/2.1.1/jackson-core-2.1.1.pom
[INFO] Downloaded from oss.sonatype.org: https://oss.sonatype.org/content/groups/public/com/fasterxml/jackson/core/jackson-core/2.1.1/jackson-core-2.1.1.pom (5.6 kB at 4.7 kB/s)
[INFO] Downloading from oss.sonatype.org: https://oss.sonatype.org/content/groups/public/com/fasterxml/oss-parent/4/oss-parent-4.pom
[INFO] Downloaded from oss.sonatype.org: https://oss.sonatype.org/content/groups/public/com/fasterxml/oss-parent/4/oss-parent-4.pom (0 B at 0 B/s)
[INFO] Downloading from oss.sonatype.org: https://oss.sonatype.org/content/groups/public/com/fasterxml/jackson/core/jackson-databind/2.1.1/jackson-databind-2.1.1.pom
[INFO] Downloaded from oss.sonatype.org: https://oss.sonatype.org/content/groups/public/com/fasterxml/jackson/core/jackson-databind/2.1.1/jackson-databind-2.1.1.pom (5.6 kB at 4.7 kB/s)
[INFO] Downloading from oss.sonatype.org: https://oss.sonatype.org/content/groups/public/com/fasterxml/jackson/core/jackson-annotations/2.1.1/jackson-annotations-2.1.1.pom
[INFO] Downloaded from oss.sonatype.org: https://oss.sonatype.org/content/groups/public/com/fasterxml/jackson/core/jackson-annotations/2.1.1/jackson-annotations-2.1.1.pom (1.9 kB at 1.6 kB/s)
[INFO] Downloading from oss.sonatype.org: https://oss.sonatype.org/content/groups/public/org/springframework/spring-core/3.2.5.RELEASE/spring-core-3.2.5.RELEASE.pom
[INFO] Downloaded from oss.sonatype.org: https://oss.sonatype.org/content/groups/public/org/springframework/spring-core/3.2.5.RELEASE/spring-core-3.2.5.RELEASE.pom (2.1 kB at 1.8 kB/s)
[INFO] Downloading from oss.sonatype.org: https://oss.sonatype.org/content/groups/public/org/kuali/common/kuali-threads/1.0.10/kuali-threads-1.0.10.pom
[INFO] Downloaded from oss.sonatype.org: https://oss.sonatype.org/content/groups/public/org/kuali/common/kuali-threads/1.0.10/kuali-threads-1.0.10.pom (2.6 kB at 2.2 kB/s)
[INFO] Downloading from oss.sonatype.org: https://oss.sonatype.org/content/groups/public/org/kuali/pom/kuali-common/2.3.9/kuali-common-2.3.9.pom
[INFO] Downloaded from oss.sonatype.org: https://oss.sonatype.org/content/groups/public/org/kuali/pom/kuali-common/2.3.9/kuali-common-2.3.9.pom (41 kB at 32 kB/s)
[INFO] Downloading from oss.sonatype.org: https://oss.sonatype.org/content/groups/public/org/kuali/pom/kuali-pom/2.3.9/kuali-pom-2.3.9.pom
[INFO] Downloaded from oss.sonatype.org: https://oss.sonatype.org/content/groups/public/org/kuali/pom/kuali-pom/2.3.9/kuali-pom-2.3.9.pom (59 kB at 45 kB/s)
[INFO] Downloading from oss.sonatype.org: https://oss.sonatype.org/content/groups/public/org/kuali/maven/wagons/maven-s3-wagon/1.2.1/maven-s3-wagon-1.2.1.jar
[INFO] Downloading from oss.sonatype.org: https://oss.sonatype.org/content/groups/public/com/amazonaws/aws-java-sdk/1.6.4/aws-java-sdk-1.6.4.jar
[INFO] Downloading from oss.sonatype.org: https://oss.sonatype.org/content/groups/public/org/kuali/common/kuali-s3/1.0.1/kuali-s3-1.0.1.jar
[INFO] Downloading from oss.sonatype.org: https://oss.sonatype.org/content/groups/public/org/apache/httpcomponents/httpcore/4.2/httpcore-4.2.jar
[INFO] Downloading from oss.sonatype.org: https://oss.sonatype.org/content/groups/public/org/apache/httpcomponents/httpclient/4.2/httpclient-4.2.jar
[INFO] Downloaded from oss.sonatype.org: https://oss.sonatype.org/content/groups/public/org/kuali/common/kuali-s3/1.0.1/kuali-s3-1.0.1.jar (27 kB at 11 kB/s)
[INFO] Downloading from oss.sonatype.org: https://oss.sonatype.org/content/groups/public/com/fasterxml/jackson/core/jackson-core/2.1.1/jackson-core-2.1.1.jar
[INFO] Downloaded from oss.sonatype.org: https://oss.sonatype.org/content/groups/public/org/kuali/maven/wagons/maven-s3-wagon/1.2.1/maven-s3-wagon-1.2.1.jar (42 kB at 17 kB/s)
[INFO] Downloading from oss.sonatype.org: https://oss.sonatype.org/content/groups/public/com/fasterxml/jackson/core/jackson-databind/2.1.1/jackson-databind-2.1.1.jar
[INFO] Downloaded from oss.sonatype.org: https://oss.sonatype.org/content/groups/public/org/apache/httpcomponents/httpcore/4.2/httpcore-4.2.jar (223 kB at 80 kB/s)
[INFO] Downloading from oss.sonatype.org: https://oss.sonatype.org/content/groups/public/com/fasterxml/jackson/core/jackson-annotations/2.1.1/jackson-annotations-2.1.1.jar
[INFO] Downloaded from oss.sonatype.org: https://oss.sonatype.org/content/groups/public/org/apache/httpcomponents/httpclient/4.2/httpclient-4.2.jar (425 kB at 143 kB/s)
[INFO] Downloading from oss.sonatype.org: https://oss.sonatype.org/content/groups/public/org/springframework/spring-core/3.2.5.RELEASE/spring-core-3.2.5.RELEASE.jar
[INFO] Downloaded from oss.sonatype.org: https://oss.sonatype.org/content/groups/public/com/fasterxml/jackson/core/jackson-core/2.1.1/jackson-core-2.1.1.jar (206 kB at 52 kB/s)
[INFO] Downloading from oss.sonatype.org: https://oss.sonatype.org/content/groups/public/org/kuali/common/kuali-threads/1.0.10/kuali-threads-1.0.10.jar
[INFO] Downloaded from oss.sonatype.org: https://oss.sonatype.org/content/groups/public/com/fasterxml/jackson/core/jackson-databind/2.1.1/jackson-databind-2.1.1.jar (923 kB at 231 kB/s)
[INFO] Downloading from oss.sonatype.org: https://oss.sonatype.org/content/groups/public/org/slf4j/slf4j-log4j12/1.7.5/slf4j-log4j12-1.7.5.jar
[INFO] Downloaded from oss.sonatype.org: https://oss.sonatype.org/content/groups/public/com/fasterxml/jackson/core/jackson-annotations/2.1.1/jackson-annotations-2.1.1.jar (34 kB at 8.6 kB/s)
[INFO] Downloaded from oss.sonatype.org: https://oss.sonatype.org/content/groups/public/org/springframework/spring-core/3.2.5.RELEASE/spring-core-3.2.5.RELEASE.jar (871 kB at 198 kB/s)
[INFO] Downloaded from oss.sonatype.org: https://oss.sonatype.org/content/groups/public/org/slf4j/slf4j-log4j12/1.7.5/slf4j-log4j12-1.7.5.jar (0 B at 0 B/s)
[INFO] Downloaded from oss.sonatype.org: https://oss.sonatype.org/content/groups/public/org/kuali/common/kuali-threads/1.0.10/kuali-threads-1.0.10.jar (22 kB at 4.3 kB/s)
[INFO] Downloaded from oss.sonatype.org: https://oss.sonatype.org/content/groups/public/com/amazonaws/aws-java-sdk/1.6.4/aws-java-sdk-1.6.4.jar (11 MB at 316 kB/s)
[INFO] ------------------------------------------------------------------------
[INFO] Reactor Build Order:
[INFO] 
[INFO] qulice                                                             [pom]
[INFO] qulice-spi                                                         [jar]
[INFO] qulice-checkstyle                                                  [jar]
[INFO] qulice-pmd                                                         [jar]
[INFO] qulice-findbugs                                                    [jar]
[INFO] qulice-ant                                                         [jar]
[INFO] qulice-maven-plugin                                       [maven-plugin]
[INFO] qulice-spotbugs                                                    [jar]
[INFO] qulice-gradle-plugin                                               [jar]
[INFO] Downloading from oss.sonatype.org: https://oss.sonatype.org/content/groups/public/org/apache/maven/plugins/maven-enforcer-plugin/1.3.1/maven-enforcer-plugin-1.3.1.pom
[INFO] Downloaded from oss.sonatype.org: https://oss.sonatype.org/content/groups/public/org/apache/maven/plugins/maven-enforcer-plugin/1.3.1/maven-enforcer-plugin-1.3.1.pom (6.5 kB at 4.8 kB/s)
[INFO] Downloading from oss.sonatype.org: https://oss.sonatype.org/content/groups/public/org/apache/maven/enforcer/enforcer/1.3.1/enforcer-1.3.1.pom
[INFO] Downloaded from oss.sonatype.org: https://oss.sonatype.org/content/groups/public/org/apache/maven/enforcer/enforcer/1.3.1/enforcer-1.3.1.pom (12 kB at 9.6 kB/s)
[INFO] Downloading from oss.sonatype.org: https://oss.sonatype.org/content/groups/public/org/apache/maven/plugins/maven-enforcer-plugin/1.3.1/maven-enforcer-plugin-1.3.1.jar
[INFO] Downloaded from oss.sonatype.org: https://oss.sonatype.org/content/groups/public/org/apache/maven/plugins/maven-enforcer-plugin/1.3.1/maven-enforcer-plugin-1.3.1.jar (26 kB at 20 kB/s)
[INFO] Downloading from oss.sonatype.org: https://oss.sonatype.org/content/groups/public/com/github/github/site-maven-plugin/0.12/site-maven-plugin-0.12.pom
[INFO] Downloaded from oss.sonatype.org: https://oss.sonatype.org/content/groups/public/com/github/github/site-maven-plugin/0.12/site-maven-plugin-0.12.pom (5.9 kB at 5.0 kB/s)
[INFO] Downloading from oss.sonatype.org: https://oss.sonatype.org/content/groups/public/com/github/github/github-maven-plugins-parent/0.12/github-maven-plugins-parent-0.12.pom
[INFO] Downloaded from oss.sonatype.org: https://oss.sonatype.org/content/groups/public/com/github/github/github-maven-plugins-parent/0.12/github-maven-plugins-parent-0.12.pom (7.8 kB at 6.5 kB/s)
[INFO] Downloading from oss.sonatype.org: https://oss.sonatype.org/content/groups/public/com/github/github/site-maven-plugin/0.12/site-maven-plugin-0.12.jar
[INFO] Downloaded from oss.sonatype.org: https://oss.sonatype.org/content/groups/public/com/github/github/site-maven-plugin/0.12/site-maven-plugin-0.12.jar (17 kB at 14 kB/s)
[INFO] Downloading from oss.sonatype.org: https://oss.sonatype.org/content/groups/public/com/github/spotbugs/spotbugs-maven-plugin/4.1.4-ZY/spotbugs-maven-plugin-4.1.4-ZY.pom
[WARNING] The POM for com.github.spotbugs:spotbugs-maven-plugin:jar:4.1.4-ZY is missing, no dependency information available
[INFO] Downloading from oss.sonatype.org: https://oss.sonatype.org/content/groups/public/com/github/spotbugs/spotbugs-maven-plugin/4.1.4-ZY/spotbugs-maven-plugin-4.1.4-ZY.jar
[WARNING] Failed to retrieve plugin descriptor for com.github.spotbugs:spotbugs-maven-plugin:4.1.4-ZY: Plugin com.github.spotbugs:spotbugs-maven-plugin:4.1.4-ZY or one of its dependencies could not be resolved: Could not find artifact com.github.spotbugs:spotbugs-maven-plugin:jar:4.1.4-ZY in oss.sonatype.org (https://oss.sonatype.org/content/groups/public)
[INFO] Downloading from oss.sonatype.org: https://oss.sonatype.org/content/groups/public/com/jcabi/jcabi-maven-plugin/0.14.1/jcabi-maven-plugin-0.14.1.pom
[INFO] Downloaded from oss.sonatype.org: https://oss.sonatype.org/content/groups/public/com/jcabi/jcabi-maven-plugin/0.14.1/jcabi-maven-plugin-0.14.1.pom (12 kB at 10 kB/s)
[INFO] Downloading from oss.sonatype.org: https://oss.sonatype.org/content/groups/public/com/jcabi/jcabi/1.15/jcabi-1.15.pom
[INFO] Downloaded from oss.sonatype.org: https://oss.sonatype.org/content/groups/public/com/jcabi/jcabi/1.15/jcabi-1.15.pom (6.2 kB at 4.9 kB/s)
[INFO] Downloading from oss.sonatype.org: https://oss.sonatype.org/content/groups/public/com/jcabi/parent/0.29/parent-0.29.pom
[INFO] Downloaded from oss.sonatype.org: https://oss.sonatype.org/content/groups/public/com/jcabi/parent/0.29/parent-0.29.pom (74 kB at 62 kB/s)
[INFO] Downloading from oss.sonatype.org: https://oss.sonatype.org/content/groups/public/com/jcabi/jcabi-maven-plugin/0.14.1/jcabi-maven-plugin-0.14.1.jar
[INFO] Downloaded from oss.sonatype.org: https://oss.sonatype.org/content/groups/public/com/jcabi/jcabi-maven-plugin/0.14.1/jcabi-maven-plugin-0.14.1.jar (32 kB at 27 kB/s)
[INFO] Downloading from oss.sonatype.org: https://oss.sonatype.org/content/groups/public/com/jcabi/jcabi-mysql-maven-plugin/0.9/jcabi-mysql-maven-plugin-0.9.pom
[INFO] Downloaded from oss.sonatype.org: https://oss.sonatype.org/content/groups/public/com/jcabi/jcabi-mysql-maven-plugin/0.9/jcabi-mysql-maven-plugin-0.9.pom (13 kB at 11 kB/s)
[INFO] Downloading from oss.sonatype.org: https://oss.sonatype.org/content/groups/public/com/jcabi/jcabi-mysql-maven-plugin/0.9/jcabi-mysql-maven-plugin-0.9.jar
[INFO] Downloaded from oss.sonatype.org: https://oss.sonatype.org/content/groups/public/com/jcabi/jcabi-mysql-maven-plugin/0.9/jcabi-mysql-maven-plugin-0.9.jar (33 kB at 27 kB/s)
[INFO] Downloading from oss.sonatype.org: https://oss.sonatype.org/content/groups/public/com/jcabi/jcabi-dynamodb-maven-plugin/0.8/jcabi-dynamodb-maven-plugin-0.8.pom
[INFO] Downloaded from oss.sonatype.org: https://oss.sonatype.org/content/groups/public/com/jcabi/jcabi-dynamodb-maven-plugin/0.8/jcabi-dynamodb-maven-plugin-0.8.pom (11 kB at 8.6 kB/s)
[INFO] Downloading from oss.sonatype.org: https://oss.sonatype.org/content/groups/public/com/jcabi/jcabi/1.21/jcabi-1.21.pom
[INFO] Downloaded from oss.sonatype.org: https://oss.sonatype.org/content/groups/public/com/jcabi/jcabi/1.21/jcabi-1.21.pom (6.2 kB at 4.9 kB/s)
[INFO] Downloading from oss.sonatype.org: https://oss.sonatype.org/content/groups/public/com/jcabi/parent/0.39/parent-0.39.pom
[INFO] Downloaded from oss.sonatype.org: https://oss.sonatype.org/content/groups/public/com/jcabi/parent/0.39/parent-0.39.pom (75 kB at 62 kB/s)
[INFO] Downloading from oss.sonatype.org: https://oss.sonatype.org/content/groups/public/com/jcabi/jcabi-dynamodb-maven-plugin/0.8/jcabi-dynamodb-maven-plugin-0.8.jar
[INFO] Downloaded from oss.sonatype.org: https://oss.sonatype.org/content/groups/public/com/jcabi/jcabi-dynamodb-maven-plugin/0.8/jcabi-dynamodb-maven-plugin-0.8.jar (27 kB at 21 kB/s)
[INFO] Downloading from oss.sonatype.org: https://oss.sonatype.org/content/groups/public/com/jcabi/jcabi-ssl-maven-plugin/0.11/jcabi-ssl-maven-plugin-0.11.pom
[INFO] Downloaded from oss.sonatype.org: https://oss.sonatype.org/content/groups/public/com/jcabi/jcabi-ssl-maven-plugin/0.11/jcabi-ssl-maven-plugin-0.11.pom (9.6 kB at 7.6 kB/s)
[INFO] Downloading from oss.sonatype.org: https://oss.sonatype.org/content/groups/public/com/jcabi/jcabi/1.16/jcabi-1.16.pom
[INFO] Downloaded from oss.sonatype.org: https://oss.sonatype.org/content/groups/public/com/jcabi/jcabi/1.16/jcabi-1.16.pom (6.2 kB at 5.3 kB/s)
[INFO] Downloading from oss.sonatype.org: https://oss.sonatype.org/content/groups/public/com/jcabi/parent/0.31/parent-0.31.pom
[INFO] Downloaded from oss.sonatype.org: https://oss.sonatype.org/content/groups/public/com/jcabi/parent/0.31/parent-0.31.pom (74 kB at 62 kB/s)
[INFO] Downloading from oss.sonatype.org: https://oss.sonatype.org/content/groups/public/com/jcabi/jcabi-ssl-maven-plugin/0.11/jcabi-ssl-maven-plugin-0.11.jar
[INFO] Downloaded from oss.sonatype.org: https://oss.sonatype.org/content/groups/public/com/jcabi/jcabi-ssl-maven-plugin/0.11/jcabi-ssl-maven-plugin-0.11.jar (30 kB at 24 kB/s)
[INFO] Downloading from oss.sonatype.org: https://oss.sonatype.org/content/groups/public/com/jcabi/jcabi-heroku-maven-plugin/0.9/jcabi-heroku-maven-plugin-0.9.pom
[INFO] Downloaded from oss.sonatype.org: https://oss.sonatype.org/content/groups/public/com/jcabi/jcabi-heroku-maven-plugin/0.9/jcabi-heroku-maven-plugin-0.9.pom (11 kB at 7.7 kB/s)
[INFO] Downloading from oss.sonatype.org: https://oss.sonatype.org/content/groups/public/com/jcabi/jcabi/1.14/jcabi-1.14.pom
[INFO] Downloaded from oss.sonatype.org: https://oss.sonatype.org/content/groups/public/com/jcabi/jcabi/1.14/jcabi-1.14.pom (6.2 kB at 5.3 kB/s)
[INFO] Downloading from oss.sonatype.org: https://oss.sonatype.org/content/groups/public/com/jcabi/parent/0.27.1/parent-0.27.1.pom
[INFO] Downloaded from oss.sonatype.org: https://oss.sonatype.org/content/groups/public/com/jcabi/parent/0.27.1/parent-0.27.1.pom (74 kB at 62 kB/s)
[INFO] Downloading from oss.sonatype.org: https://oss.sonatype.org/content/groups/public/com/jcabi/jcabi-heroku-maven-plugin/0.9/jcabi-heroku-maven-plugin-0.9.jar
[INFO] Downloaded from oss.sonatype.org: https://oss.sonatype.org/content/groups/public/com/jcabi/jcabi-heroku-maven-plugin/0.9/jcabi-heroku-maven-plugin-0.9.jar (28 kB at 23 kB/s)
[INFO] Downloading from oss.sonatype.org: https://oss.sonatype.org/content/groups/public/com/jcabi/jcabi-beanstalk-maven-plugin/0.11/jcabi-beanstalk-maven-plugin-0.11.pom
[INFO] Downloaded from oss.sonatype.org: https://oss.sonatype.org/content/groups/public/com/jcabi/jcabi-beanstalk-maven-plugin/0.11/jcabi-beanstalk-maven-plugin-0.11.pom (9.8 kB at 8.3 kB/s)
[INFO] Downloading from oss.sonatype.org: https://oss.sonatype.org/content/groups/public/com/jcabi/jcabi-beanstalk-maven-plugin/0.11/jcabi-beanstalk-maven-plugin-0.11.jar
[INFO] Downloaded from oss.sonatype.org: https://oss.sonatype.org/content/groups/public/com/jcabi/jcabi-beanstalk-maven-plugin/0.11/jcabi-beanstalk-maven-plugin-0.11.jar (72 kB at 56 kB/s)
[INFO] Downloading from oss.sonatype.org: https://oss.sonatype.org/content/groups/public/org/apache/maven/plugins/maven-assembly-plugin/3.0.0/maven-assembly-plugin-3.0.0.pom
[INFO] Downloaded from oss.sonatype.org: https://oss.sonatype.org/content/groups/public/org/apache/maven/plugins/maven-assembly-plugin/3.0.0/maven-assembly-plugin-3.0.0.pom (15 kB at 13 kB/s)
[INFO] Downloading from oss.sonatype.org: https://oss.sonatype.org/content/groups/public/org/apache/maven/plugins/maven-assembly-plugin/3.0.0/maven-assembly-plugin-3.0.0.jar
[INFO] Downloaded from oss.sonatype.org: https://oss.sonatype.org/content/groups/public/org/apache/maven/plugins/maven-assembly-plugin/3.0.0/maven-assembly-plugin-3.0.0.jar (241 kB at 193 kB/s)
[INFO] Downloading from oss.sonatype.org: https://oss.sonatype.org/content/groups/public/org/apache/maven/plugins/maven-changes-plugin/2.12.1/maven-changes-plugin-2.12.1.pom
[INFO] Downloaded from oss.sonatype.org: https://oss.sonatype.org/content/groups/public/org/apache/maven/plugins/maven-changes-plugin/2.12.1/maven-changes-plugin-2.12.1.pom (18 kB at 16 kB/s)
[INFO] Downloading from oss.sonatype.org: https://oss.sonatype.org/content/groups/public/org/apache/maven/plugins/maven-changes-plugin/2.12.1/maven-changes-plugin-2.12.1.jar
[INFO] Downloaded from oss.sonatype.org: https://oss.sonatype.org/content/groups/public/org/apache/maven/plugins/maven-changes-plugin/2.12.1/maven-changes-plugin-2.12.1.jar (223 kB at 173 kB/s)
[INFO] 
[INFO] -------------------------< com.qulice:qulice >--------------------------
[INFO] Building qulice 1.0-SNAPSHOT                                       [1/9]
[INFO] --------------------------------[ pom ]---------------------------------
[WARNING] The POM for com.github.spotbugs:spotbugs-maven-plugin:jar:4.1.4-ZY is missing, no dependency information available
[WARNING] Failed to retrieve plugin descriptor for com.github.spotbugs:spotbugs-maven-plugin:4.1.4-ZY: Plugin com.github.spotbugs:spotbugs-maven-plugin:4.1.4-ZY or one of its dependencies could not be resolved: Failure to find com.github.spotbugs:spotbugs-maven-plugin:jar:4.1.4-ZY in https://oss.sonatype.org/content/groups/public was cached in the local repository, resolution will not be reattempted until the update interval of oss.sonatype.org has elapsed or updates are forced
[INFO] 
[INFO] --- maven-clean-plugin:3.0.0:clean (default-clean) @ qulice ---
[INFO] Deleting /home/codegex/Documents/workspace/rbugs/experiment/top100repos/qulice/target
[INFO] 
[INFO] --- maven-enforcer-plugin:1.3.1:enforce (enforce-maven) @ qulice ---
[INFO] Downloading from oss.sonatype.org: https://oss.sonatype.org/content/groups/public/org/apache/maven/enforcer/enforcer-api/1.3.1/enforcer-api-1.3.1.pom
[INFO] Downloaded from oss.sonatype.org: https://oss.sonatype.org/content/groups/public/org/apache/maven/enforcer/enforcer-api/1.3.1/enforcer-api-1.3.1.pom (2.7 kB at 2.3 kB/s)
[INFO] Downloading from oss.sonatype.org: https://oss.sonatype.org/content/groups/public/org/apache/maven/enforcer/enforcer-rules/1.3.1/enforcer-rules-1.3.1.pom
[INFO] Downloaded from oss.sonatype.org: https://oss.sonatype.org/content/groups/public/org/apache/maven/enforcer/enforcer-rules/1.3.1/enforcer-rules-1.3.1.pom (3.8 kB at 3.2 kB/s)
[INFO] Downloading from oss.sonatype.org: https://oss.sonatype.org/content/groups/public/org/apache/maven/enforcer/enforcer-api/1.3.1/enforcer-api-1.3.1.jar
[INFO] Downloading from oss.sonatype.org: https://oss.sonatype.org/content/groups/public/org/apache/maven/enforcer/enforcer-rules/1.3.1/enforcer-rules-1.3.1.jar
[INFO] Downloaded from oss.sonatype.org: https://oss.sonatype.org/content/groups/public/org/apache/maven/enforcer/enforcer-api/1.3.1/enforcer-api-1.3.1.jar (9.8 kB at 8.3 kB/s)
[INFO] Downloaded from oss.sonatype.org: https://oss.sonatype.org/content/groups/public/org/apache/maven/enforcer/enforcer-rules/1.3.1/enforcer-rules-1.3.1.jar (87 kB at 73 kB/s)
[INFO] 
[INFO] --- maven-enforcer-plugin:1.3.1:enforce (enforce-maven-3) @ qulice ---
[INFO] 
[INFO] --- buildnumber-maven-plugin:1.4:create (jcabi-build-number) @ qulice ---
[INFO] ShortRevision tag detected. The value is '7'.
[INFO] Executing: /bin/sh -c cd '/home/codegex/Documents/workspace/rbugs/experiment/top100repos/qulice' && 'git' 'rev-parse' '--verify' '--short=7' 'HEAD'
[INFO] Working directory: /home/codegex/Documents/workspace/rbugs/experiment/top100repos/qulice
[INFO] Storing buildNumber: e296098 at timestamp: 2021-03-29T11:37:52
[INFO] Storing buildScmBranch: master
[INFO] 
[INFO] --- buildnumber-maven-plugin:1.4:create-timestamp (jcabi-build-number) @ qulice ---
[INFO] 
[INFO] --- maven-antrun-plugin:1.8:run (default) @ qulice ---
[INFO] Downloading from oss.sonatype.org: https://oss.sonatype.org/content/groups/public/ant-contrib/ant-contrib/1.0b3/ant-contrib-1.0b3.pom
[INFO] Downloaded from oss.sonatype.org: https://oss.sonatype.org/content/groups/public/ant-contrib/ant-contrib/1.0b3/ant-contrib-1.0b3.pom (761 B at 651 B/s)
[INFO] Downloading from oss.sonatype.org: https://oss.sonatype.org/content/groups/public/ant-contrib/ant-contrib/1.0b3/ant-contrib-1.0b3.jar
[INFO] Downloaded from oss.sonatype.org: https://oss.sonatype.org/content/groups/public/ant-contrib/ant-contrib/1.0b3/ant-contrib-1.0b3.jar (224 kB at 179 kB/s)
[INFO] Executing tasks

main:
     [echo] XCOP is not available in PATH
[INFO] Executed tasks
[INFO] 
[INFO] --- maven-install-plugin:2.5.2:install (default-install) @ qulice ---
[INFO] Installing /home/codegex/Documents/workspace/rbugs/experiment/top100repos/qulice/pom.xml to /home/codegex/.m2/repository/com/qulice/qulice/1.0-SNAPSHOT/qulice-1.0-SNAPSHOT.pom
[INFO] 
[INFO] --- maven-dependency-plugin:2.10:purge-local-repository (default-cli) @ qulice ---
[INFO] No artifacts included for purge for project: com.qulice:qulice:pom:1.0-SNAPSHOT
[INFO] 
[INFO] -----------------------< com.qulice:qulice-spi >------------------------
[INFO] Building qulice-spi 1.0-SNAPSHOT                                   [2/9]
[INFO] --------------------------------[ jar ]---------------------------------
[WARNING] The POM for com.github.spotbugs:spotbugs-maven-plugin:jar:4.1.4-ZY is missing, no dependency information available
[WARNING] Failed to retrieve plugin descriptor for com.github.spotbugs:spotbugs-maven-plugin:4.1.4-ZY: Plugin com.github.spotbugs:spotbugs-maven-plugin:4.1.4-ZY or one of its dependencies could not be resolved: Failure to find com.github.spotbugs:spotbugs-maven-plugin:jar:4.1.4-ZY in https://oss.sonatype.org/content/groups/public was cached in the local repository, resolution will not be reattempted until the update interval of oss.sonatype.org has elapsed or updates are forced
[INFO] Downloading from central: https://repo.maven.apache.org/maven2/org/projectlombok/lombok/1.16.18/lombok-1.16.18.pom
[INFO] Downloaded from central: https://repo.maven.apache.org/maven2/org/projectlombok/lombok/1.16.18/lombok-1.16.18.pom (1.6 kB at 4.4 kB/s)
[INFO] Downloading from central: https://repo.maven.apache.org/maven2/org/mockito/mockito-core/2.10.0/mockito-core-2.10.0.pom
[INFO] Downloaded from central: https://repo.maven.apache.org/maven2/org/mockito/mockito-core/2.10.0/mockito-core-2.10.0.pom (15 kB at 40 kB/s)
[INFO] Downloading from central: https://repo.maven.apache.org/maven2/net/bytebuddy/byte-buddy/1.7.4/byte-buddy-1.7.4.pom
[INFO] Downloaded from central: https://repo.maven.apache.org/maven2/net/bytebuddy/byte-buddy/1.7.4/byte-buddy-1.7.4.pom (12 kB at 33 kB/s)
[INFO] Downloading from central: https://repo.maven.apache.org/maven2/net/bytebuddy/byte-buddy-parent/1.7.4/byte-buddy-parent-1.7.4.pom
[INFO] Downloaded from central: https://repo.maven.apache.org/maven2/net/bytebuddy/byte-buddy-parent/1.7.4/byte-buddy-parent-1.7.4.pom (25 kB at 67 kB/s)
[INFO] Downloading from central: https://repo.maven.apache.org/maven2/net/bytebuddy/byte-buddy-agent/1.7.4/byte-buddy-agent-1.7.4.pom
[INFO] Downloaded from central: https://repo.maven.apache.org/maven2/net/bytebuddy/byte-buddy-agent/1.7.4/byte-buddy-agent-1.7.4.pom (4.9 kB at 14 kB/s)
[INFO] Downloading from central: https://repo.maven.apache.org/maven2/org/projectlombok/lombok/1.16.18/lombok-1.16.18.jar
[INFO] Downloading from central: https://repo.maven.apache.org/maven2/org/mockito/mockito-core/2.10.0/mockito-core-2.10.0.jar
[INFO] Downloading from central: https://repo.maven.apache.org/maven2/net/bytebuddy/byte-buddy/1.7.4/byte-buddy-1.7.4.jar
[INFO] Downloading from central: https://repo.maven.apache.org/maven2/net/bytebuddy/byte-buddy-agent/1.7.4/byte-buddy-agent-1.7.4.jar
[INFO] Downloaded from central: https://repo.maven.apache.org/maven2/net/bytebuddy/byte-buddy-agent/1.7.4/byte-buddy-agent-1.7.4.jar (43 kB at 47 kB/s)
[INFO] Downloaded from central: https://repo.maven.apache.org/maven2/org/projectlombok/lombok/1.16.18/lombok-1.16.18.jar (1.4 MB at 1.3 MB/s)
[INFO] Downloaded from central: https://repo.maven.apache.org/maven2/org/mockito/mockito-core/2.10.0/mockito-core-2.10.0.jar (535 kB at 385 kB/s)
[INFO] Downloaded from central: https://repo.maven.apache.org/maven2/net/bytebuddy/byte-buddy/1.7.4/byte-buddy-1.7.4.jar (2.9 MB at 1.3 MB/s)
[INFO] 
[INFO] --- maven-clean-plugin:3.0.0:clean (default-clean) @ qulice-spi ---
[INFO] Deleting /home/codegex/Documents/workspace/rbugs/experiment/top100repos/qulice/qulice-spi/target
[INFO] 
[INFO] --- maven-enforcer-plugin:1.3.1:enforce (enforce-maven) @ qulice-spi ---
[INFO] 
[INFO] --- maven-enforcer-plugin:1.3.1:enforce (enforce-maven-3) @ qulice-spi ---
[INFO] 
[INFO] --- buildnumber-maven-plugin:1.4:create (jcabi-build-number) @ qulice-spi ---
[INFO] 
[INFO] --- buildnumber-maven-plugin:1.4:create-timestamp (jcabi-build-number) @ qulice-spi ---
[INFO] 
[INFO] --- maven-resources-plugin:3.0.1:resources (default-resources) @ qulice-spi ---
[INFO] Using 'UTF-8' encoding to copy filtered resources.
[INFO] skip non existing resourceDirectory /home/codegex/Documents/workspace/rbugs/experiment/top100repos/qulice/qulice-spi/src/main/resources
[INFO] 
[INFO] --- maven-compiler-plugin:3.7.0:compile (default-compile) @ qulice-spi ---
[INFO] Changes detected - recompiling the module!
[INFO] Compiling 6 source files to /home/codegex/Documents/workspace/rbugs/experiment/top100repos/qulice/qulice-spi/target/classes
[INFO] 
[INFO] --------------------< com.qulice:qulice-checkstyle >--------------------
[INFO] Building qulice-checkstyle 1.0-SNAPSHOT                            [3/9]
[INFO] --------------------------------[ jar ]---------------------------------
[WARNING] The POM for com.github.spotbugs:spotbugs-maven-plugin:jar:4.1.4-ZY is missing, no dependency information available
[WARNING] Failed to retrieve plugin descriptor for com.github.spotbugs:spotbugs-maven-plugin:4.1.4-ZY: Plugin com.github.spotbugs:spotbugs-maven-plugin:4.1.4-ZY or one of its dependencies could not be resolved: Failure to find com.github.spotbugs:spotbugs-maven-plugin:jar:4.1.4-ZY in https://oss.sonatype.org/content/groups/public was cached in the local repository, resolution will not be reattempted until the update interval of oss.sonatype.org has elapsed or updates are forced
[INFO] Downloading from central: https://repo.maven.apache.org/maven2/org/cactoos/cactoos/0.41/cactoos-0.41.pom
[INFO] Downloaded from central: https://repo.maven.apache.org/maven2/org/cactoos/cactoos/0.41/cactoos-0.41.pom (11 kB at 30 kB/s)
[INFO] Downloading from central: https://repo.maven.apache.org/maven2/com/jcabi/parent/0.49.4/parent-0.49.4.pom
[INFO] Downloaded from central: https://repo.maven.apache.org/maven2/com/jcabi/parent/0.49.4/parent-0.49.4.pom (61 kB at 162 kB/s)
[INFO] Downloading from central: https://repo.maven.apache.org/maven2/com/jcabi/jcabi-log/0.17.2/jcabi-log-0.17.2.pom
[INFO] Downloaded from central: https://repo.maven.apache.org/maven2/com/jcabi/jcabi-log/0.17.2/jcabi-log-0.17.2.pom (6.6 kB at 18 kB/s)
[INFO] Downloading from central: https://repo.maven.apache.org/maven2/com/jcabi/jcabi/1.20.1/jcabi-1.20.1.pom
[INFO] Downloaded from central: https://repo.maven.apache.org/maven2/com/jcabi/jcabi/1.20.1/jcabi-1.20.1.pom (6.2 kB at 17 kB/s)
[INFO] Downloading from central: https://repo.maven.apache.org/maven2/com/jcabi/parent/0.37.1/parent-0.37.1.pom
[INFO] Downloaded from central: https://repo.maven.apache.org/maven2/com/jcabi/parent/0.37.1/parent-0.37.1.pom (75 kB at 197 kB/s)
[INFO] Downloading from central: https://repo.maven.apache.org/maven2/com/jcabi/jcabi-aspects/0.22.6/jcabi-aspects-0.22.6.pom
[INFO] Downloaded from central: https://repo.maven.apache.org/maven2/com/jcabi/jcabi-aspects/0.22.6/jcabi-aspects-0.22.6.pom (11 kB at 30 kB/s)
[INFO] Downloading from central: https://repo.maven.apache.org/maven2/org/aspectj/aspectjrt/1.8.11/aspectjrt-1.8.11.pom
[INFO] Downloaded from central: https://repo.maven.apache.org/maven2/org/aspectj/aspectjrt/1.8.11/aspectjrt-1.8.11.pom (1.0 kB at 2.9 kB/s)
[INFO] Downloading from central: https://repo.maven.apache.org/maven2/javax/validation/validation-api/2.0.0.Final/validation-api-2.0.0.Final.pom
[INFO] Downloaded from central: https://repo.maven.apache.org/maven2/javax/validation/validation-api/2.0.0.Final/validation-api-2.0.0.Final.pom (12 kB at 32 kB/s)
[INFO] Downloading from central: https://repo.maven.apache.org/maven2/com/puppycrawl/tools/checkstyle/8.15/checkstyle-8.15.pom
[INFO] Downloaded from central: https://repo.maven.apache.org/maven2/com/puppycrawl/tools/checkstyle/8.15/checkstyle-8.15.pom (106 kB at 275 kB/s)
[INFO] Downloading from central: https://repo.maven.apache.org/maven2/info/picocli/picocli/3.8.0/picocli-3.8.0.pom
[INFO] Downloaded from central: https://repo.maven.apache.org/maven2/info/picocli/picocli/3.8.0/picocli-3.8.0.pom (1.4 kB at 4.0 kB/s)
[INFO] Downloading from central: https://repo.maven.apache.org/maven2/org/antlr/antlr4-runtime/4.7.1/antlr4-runtime-4.7.1.pom
[INFO] Downloaded from central: https://repo.maven.apache.org/maven2/org/antlr/antlr4-runtime/4.7.1/antlr4-runtime-4.7.1.pom (3.5 kB at 9.8 kB/s)
[INFO] Downloading from central: https://repo.maven.apache.org/maven2/org/antlr/antlr4-master/4.7.1/antlr4-master-4.7.1.pom
[INFO] Downloaded from central: https://repo.maven.apache.org/maven2/org/antlr/antlr4-master/4.7.1/antlr4-master-4.7.1.pom (4.4 kB at 12 kB/s)
[INFO] Downloading from central: https://repo.maven.apache.org/maven2/org/slf4j/slf4j-log4j12/1.8.0-alpha2/slf4j-log4j12-1.8.0-alpha2.pom
[INFO] Downloaded from central: https://repo.maven.apache.org/maven2/org/slf4j/slf4j-log4j12/1.8.0-alpha2/slf4j-log4j12-1.8.0-alpha2.pom (2.0 kB at 5.5 kB/s)
[INFO] Downloading from central: https://repo.maven.apache.org/maven2/org/slf4j/slf4j-parent/1.8.0-alpha2/slf4j-parent-1.8.0-alpha2.pom
[INFO] Downloaded from central: https://repo.maven.apache.org/maven2/org/slf4j/slf4j-parent/1.8.0-alpha2/slf4j-parent-1.8.0-alpha2.pom (0 B at 0 B/s)
[INFO] Downloading from central: https://repo.maven.apache.org/maven2/org/slf4j/slf4j-api/1.8.0-alpha2/slf4j-api-1.8.0-alpha2.pom
[INFO] Downloaded from central: https://repo.maven.apache.org/maven2/org/slf4j/slf4j-api/1.8.0-alpha2/slf4j-api-1.8.0-alpha2.pom (0 B at 0 B/s)
[INFO] Downloading from central: https://repo.maven.apache.org/maven2/org/cactoos/cactoos/0.41/cactoos-0.41.jar
[INFO] Downloading from central: https://repo.maven.apache.org/maven2/com/jcabi/jcabi-log/0.17.2/jcabi-log-0.17.2.jar
[INFO] Downloading from central: https://repo.maven.apache.org/maven2/com/jcabi/jcabi-aspects/0.22.6/jcabi-aspects-0.22.6.jar
[INFO] Downloading from central: https://repo.maven.apache.org/maven2/org/aspectj/aspectjrt/1.8.11/aspectjrt-1.8.11.jar
[INFO] Downloading from central: https://repo.maven.apache.org/maven2/javax/validation/validation-api/2.0.0.Final/validation-api-2.0.0.Final.jar
[INFO] Downloaded from central: https://repo.maven.apache.org/maven2/com/jcabi/jcabi-aspects/0.22.6/jcabi-aspects-0.22.6.jar (84 kB at 225 kB/s)
[INFO] Downloading from central: https://repo.maven.apache.org/maven2/com/puppycrawl/tools/checkstyle/8.15/checkstyle-8.15.jar
[INFO] Downloaded from central: https://repo.maven.apache.org/maven2/com/jcabi/jcabi-log/0.17.2/jcabi-log-0.17.2.jar (56 kB at 150 kB/s)
[INFO] Downloading from central: https://repo.maven.apache.org/maven2/info/picocli/picocli/3.8.0/picocli-3.8.0.jar
[INFO] Downloaded from central: https://repo.maven.apache.org/maven2/org/cactoos/cactoos/0.41/cactoos-0.41.jar (338 kB at 755 kB/s)
[INFO] Downloading from central: https://repo.maven.apache.org/maven2/org/antlr/antlr4-runtime/4.7.1/antlr4-runtime-4.7.1.jar
[INFO] Downloaded from central: https://repo.maven.apache.org/maven2/org/aspectj/aspectjrt/1.8.11/aspectjrt-1.8.11.jar (119 kB at 207 kB/s)
[INFO] Downloading from central: https://repo.maven.apache.org/maven2/org/slf4j/slf4j-log4j12/1.8.0-alpha2/slf4j-log4j12-1.8.0-alpha2.jar
[INFO] Downloaded from central: https://repo.maven.apache.org/maven2/info/picocli/picocli/3.8.0/picocli-3.8.0.jar (245 kB at 311 kB/s)
[INFO] Downloaded from central: https://repo.maven.apache.org/maven2/org/antlr/antlr4-runtime/4.7.1/antlr4-runtime-4.7.1.jar (337 kB at 376 kB/s)
[INFO] Downloaded from central: https://repo.maven.apache.org/maven2/org/slf4j/slf4j-log4j12/1.8.0-alpha2/slf4j-log4j12-1.8.0-alpha2.jar (15 kB at 16 kB/s)
[INFO] Downloaded from central: https://repo.maven.apache.org/maven2/javax/validation/validation-api/2.0.0.Final/validation-api-2.0.0.Final.jar (93 kB at 96 kB/s)
[INFO] Downloaded from central: https://repo.maven.apache.org/maven2/com/puppycrawl/tools/checkstyle/8.15/checkstyle-8.15.jar (1.3 MB at 1.0 MB/s)
[INFO] 
[INFO] -----------------------< com.qulice:qulice-pmd >------------------------
[INFO] Building qulice-pmd 1.0-SNAPSHOT                                   [4/9]
[INFO] --------------------------------[ jar ]---------------------------------
[WARNING] The POM for com.github.spotbugs:spotbugs-maven-plugin:jar:4.1.4-ZY is missing, no dependency information available
[WARNING] Failed to retrieve plugin descriptor for com.github.spotbugs:spotbugs-maven-plugin:4.1.4-ZY: Plugin com.github.spotbugs:spotbugs-maven-plugin:4.1.4-ZY or one of its dependencies could not be resolved: Failure to find com.github.spotbugs:spotbugs-maven-plugin:jar:4.1.4-ZY in https://oss.sonatype.org/content/groups/public was cached in the local repository, resolution will not be reattempted until the update interval of oss.sonatype.org has elapsed or updates are forced
[INFO] Downloading from central: https://repo.maven.apache.org/maven2/com/jcabi/jcabi-matchers/1.3/jcabi-matchers-1.3.pom
[INFO] Downloaded from central: https://repo.maven.apache.org/maven2/com/jcabi/jcabi-matchers/1.3/jcabi-matchers-1.3.pom (7.4 kB at 20 kB/s)
[INFO] Downloading from central: https://repo.maven.apache.org/maven2/net/sourceforge/pmd/pmd-core/6.10.0/pmd-core-6.10.0.pom
[INFO] Downloaded from central: https://repo.maven.apache.org/maven2/net/sourceforge/pmd/pmd-core/6.10.0/pmd-core-6.10.0.pom (8.5 kB at 23 kB/s)
[INFO] Downloading from central: https://repo.maven.apache.org/maven2/net/sourceforge/pmd/pmd/6.10.0/pmd-6.10.0.pom
[INFO] Downloaded from central: https://repo.maven.apache.org/maven2/net/sourceforge/pmd/pmd/6.10.0/pmd-6.10.0.pom (47 kB at 122 kB/s)
[INFO] Downloading from central: https://repo.maven.apache.org/maven2/net/sourceforge/pmd/pmd-java/6.10.0/pmd-java-6.10.0.pom
[INFO] Downloaded from central: https://repo.maven.apache.org/maven2/net/sourceforge/pmd/pmd-java/6.10.0/pmd-java-6.10.0.pom (6.2 kB at 17 kB/s)
[INFO] Downloading from central: https://repo.maven.apache.org/maven2/net/sourceforge/pmd/pmd-jsp/6.10.0/pmd-jsp-6.10.0.pom
[INFO] Downloaded from central: https://repo.maven.apache.org/maven2/net/sourceforge/pmd/pmd-jsp/6.10.0/pmd-jsp-6.10.0.pom (3.9 kB at 11 kB/s)
[INFO] Downloading from central: https://repo.maven.apache.org/maven2/com/jcabi/jcabi-matchers/1.3/jcabi-matchers-1.3.jar
[INFO] Downloading from central: https://repo.maven.apache.org/maven2/net/sourceforge/pmd/pmd-core/6.10.0/pmd-core-6.10.0.jar
[INFO] Downloading from central: https://repo.maven.apache.org/maven2/net/sourceforge/pmd/pmd-java/6.10.0/pmd-java-6.10.0.jar
[INFO] Downloading from central: https://repo.maven.apache.org/maven2/net/sourceforge/pmd/pmd-jsp/6.10.0/pmd-jsp-6.10.0.jar
[INFO] Downloaded from central: https://repo.maven.apache.org/maven2/com/jcabi/jcabi-matchers/1.3/jcabi-matchers-1.3.jar (20 kB at 54 kB/s)
[INFO] Downloaded from central: https://repo.maven.apache.org/maven2/net/sourceforge/pmd/pmd-jsp/6.10.0/pmd-jsp-6.10.0.jar (100 kB at 258 kB/s)
[INFO] Downloaded from central: https://repo.maven.apache.org/maven2/net/sourceforge/pmd/pmd-java/6.10.0/pmd-java-6.10.0.jar (1.0 MB at 1.1 MB/s)
[INFO] Downloaded from central: https://repo.maven.apache.org/maven2/net/sourceforge/pmd/pmd-core/6.10.0/pmd-core-6.10.0.jar (1.1 MB at 1.1 MB/s)
[INFO] 
[INFO] ---------------------< com.qulice:qulice-findbugs >---------------------
[INFO] Building qulice-findbugs 1.0-SNAPSHOT                              [5/9]
[INFO] --------------------------------[ jar ]---------------------------------
[INFO] Downloading from oss.sonatype.org: https://oss.sonatype.org/content/groups/public/org/codehaus/mojo/build-helper-maven-plugin/1.12/build-helper-maven-plugin-1.12.pom
[INFO] Downloaded from oss.sonatype.org: https://oss.sonatype.org/content/groups/public/org/codehaus/mojo/build-helper-maven-plugin/1.12/build-helper-maven-plugin-1.12.pom (6.1 kB at 5.2 kB/s)
[INFO] Downloading from oss.sonatype.org: https://oss.sonatype.org/content/groups/public/org/codehaus/mojo/build-helper-maven-plugin/1.12/build-helper-maven-plugin-1.12.jar
[INFO] Downloaded from oss.sonatype.org: https://oss.sonatype.org/content/groups/public/org/codehaus/mojo/build-helper-maven-plugin/1.12/build-helper-maven-plugin-1.12.jar (62 kB at 43 kB/s)
[WARNING] The POM for com.github.spotbugs:spotbugs-maven-plugin:jar:4.1.4-ZY is missing, no dependency information available
[WARNING] Failed to retrieve plugin descriptor for com.github.spotbugs:spotbugs-maven-plugin:4.1.4-ZY: Plugin com.github.spotbugs:spotbugs-maven-plugin:4.1.4-ZY or one of its dependencies could not be resolved: Failure to find com.github.spotbugs:spotbugs-maven-plugin:jar:4.1.4-ZY in https://oss.sonatype.org/content/groups/public was cached in the local repository, resolution will not be reattempted until the update interval of oss.sonatype.org has elapsed or updates are forced
[INFO] Downloading from central: https://repo.maven.apache.org/maven2/com/ibm/icu/icu4j/53.1/icu4j-53.1.pom
[INFO] Downloaded from central: https://repo.maven.apache.org/maven2/com/ibm/icu/icu4j/53.1/icu4j-53.1.pom (4.8 kB at 13 kB/s)
[INFO] Downloading from central: https://repo.maven.apache.org/maven2/org/ow2/asm/asm-debug-all/5.0.3/asm-debug-all-5.0.3.pom
[INFO] Downloaded from central: https://repo.maven.apache.org/maven2/org/ow2/asm/asm-debug-all/5.0.3/asm-debug-all-5.0.3.pom (0 B at 0 B/s)
[INFO] Downloading from central: https://repo.maven.apache.org/maven2/com/mebigfatguy/fb-contrib/fb-contrib/6.6.0/fb-contrib-6.6.0.pom
[INFO] Downloaded from central: https://repo.maven.apache.org/maven2/com/mebigfatguy/fb-contrib/fb-contrib/6.6.0/fb-contrib-6.6.0.pom (11 kB at 29 kB/s)
[INFO] Downloading from central: https://repo.maven.apache.org/maven2/com/ibm/icu/icu4j/53.1/icu4j-53.1.jar
[INFO] Downloading from central: https://repo.maven.apache.org/maven2/org/ow2/asm/asm-debug-all/5.0.3/asm-debug-all-5.0.3.jar
[INFO] Downloading from central: https://repo.maven.apache.org/maven2/com/mebigfatguy/fb-contrib/fb-contrib/6.6.0/fb-contrib-6.6.0.jar
[INFO] Downloaded from central: https://repo.maven.apache.org/maven2/org/ow2/asm/asm-debug-all/5.0.3/asm-debug-all-5.0.3.jar (0 B at 0 B/s)
[INFO] Downloaded from central: https://repo.maven.apache.org/maven2/com/mebigfatguy/fb-contrib/fb-contrib/6.6.0/fb-contrib-6.6.0.jar (701 kB at 1.3 MB/s)
[INFO] Downloaded from central: https://repo.maven.apache.org/maven2/com/ibm/icu/icu4j/53.1/icu4j-53.1.jar (9.7 MB at 2.8 MB/s)
[INFO] 
[INFO] -----------------------< com.qulice:qulice-ant >------------------------
[INFO] Building qulice-ant 1.0-SNAPSHOT                                   [6/9]
[INFO] --------------------------------[ jar ]---------------------------------
[WARNING] The POM for com.github.spotbugs:spotbugs-maven-plugin:jar:4.1.4-ZY is missing, no dependency information available
[WARNING] Failed to retrieve plugin descriptor for com.github.spotbugs:spotbugs-maven-plugin:4.1.4-ZY: Plugin com.github.spotbugs:spotbugs-maven-plugin:4.1.4-ZY or one of its dependencies could not be resolved: Failure to find com.github.spotbugs:spotbugs-maven-plugin:jar:4.1.4-ZY in https://oss.sonatype.org/content/groups/public was cached in the local repository, resolution will not be reattempted until the update interval of oss.sonatype.org has elapsed or updates are forced
[INFO] 
[INFO] -------------------< com.qulice:qulice-maven-plugin >-------------------
[INFO] Building qulice-maven-plugin 1.0-SNAPSHOT                          [7/9]
[INFO] ----------------------------[ maven-plugin ]----------------------------
[INFO] Downloading from oss.sonatype.org: https://oss.sonatype.org/content/groups/public/org/apache/maven/plugins/maven-plugin-plugin/3.4/maven-plugin-plugin-3.4.pom
[INFO] Downloaded from oss.sonatype.org: https://oss.sonatype.org/content/groups/public/org/apache/maven/plugins/maven-plugin-plugin/3.4/maven-plugin-plugin-3.4.pom (0 B at 0 B/s)
[INFO] Downloading from oss.sonatype.org: https://oss.sonatype.org/content/groups/public/org/apache/maven/plugins/maven-plugin-plugin/3.4/maven-plugin-plugin-3.4.jar
[INFO] Downloaded from oss.sonatype.org: https://oss.sonatype.org/content/groups/public/org/apache/maven/plugins/maven-plugin-plugin/3.4/maven-plugin-plugin-3.4.jar (0 B at 0 B/s)
[WARNING] The POM for com.github.spotbugs:spotbugs-maven-plugin:jar:4.1.4-ZY is missing, no dependency information available
[WARNING] Failed to retrieve plugin descriptor for com.github.spotbugs:spotbugs-maven-plugin:4.1.4-ZY: Plugin com.github.spotbugs:spotbugs-maven-plugin:4.1.4-ZY or one of its dependencies could not be resolved: Failure to find com.github.spotbugs:spotbugs-maven-plugin:jar:4.1.4-ZY in https://oss.sonatype.org/content/groups/public was cached in the local repository, resolution will not be reattempted until the update interval of oss.sonatype.org has elapsed or updates are forced
[INFO] Downloading from central: https://repo.maven.apache.org/maven2/org/apache/maven/reporting/maven-reporting-exec/1.1/maven-reporting-exec-1.1.pom
[INFO] Downloaded from central: https://repo.maven.apache.org/maven2/org/apache/maven/reporting/maven-reporting-exec/1.1/maven-reporting-exec-1.1.pom (11 kB at 31 kB/s)
[INFO] Downloading from central: https://repo.maven.apache.org/maven2/com/google/code/findbugs/jsr305/2.0.3/jsr305-2.0.3.pom
[INFO] Downloaded from central: https://repo.maven.apache.org/maven2/com/google/code/findbugs/jsr305/2.0.3/jsr305-2.0.3.pom (1.4 kB at 3.9 kB/s)
[INFO] Downloading from central: https://repo.maven.apache.org/maven2/com/jcabi/jcabi-xml/0.17.1/jcabi-xml-0.17.1.pom
[INFO] Downloaded from central: https://repo.maven.apache.org/maven2/com/jcabi/jcabi-xml/0.17.1/jcabi-xml-0.17.1.pom (12 kB at 32 kB/s)
[INFO] Downloading from central: https://repo.maven.apache.org/maven2/com/jcabi/jcabi-immutable/1.4/jcabi-immutable-1.4.pom
[INFO] Downloaded from central: https://repo.maven.apache.org/maven2/com/jcabi/jcabi-immutable/1.4/jcabi-immutable-1.4.pom (3.1 kB at 8.6 kB/s)
[INFO] Downloading from central: https://repo.maven.apache.org/maven2/com/jcabi/jcabi-maven-slf4j/0.9/jcabi-maven-slf4j-0.9.pom
[INFO] Downloaded from central: https://repo.maven.apache.org/maven2/com/jcabi/jcabi-maven-slf4j/0.9/jcabi-maven-slf4j-0.9.pom (4.7 kB at 13 kB/s)
[INFO] Downloading from central: https://repo.maven.apache.org/maven2/org/apache/maven/shared/maven-dependency-analyzer/1.5/maven-dependency-analyzer-1.5.pom
[INFO] Downloaded from central: https://repo.maven.apache.org/maven2/org/apache/maven/shared/maven-dependency-analyzer/1.5/maven-dependency-analyzer-1.5.pom (5.4 kB at 15 kB/s)
[INFO] Downloading from central: https://repo.maven.apache.org/maven2/org/apache/maven/plugin-testing/maven-plugin-testing-harness/3.1.0/maven-plugin-testing-harness-3.1.0.pom
[INFO] Downloaded from central: https://repo.maven.apache.org/maven2/org/apache/maven/plugin-testing/maven-plugin-testing-harness/3.1.0/maven-plugin-testing-harness-3.1.0.pom (2.9 kB at 8.1 kB/s)
[INFO] Downloading from central: https://repo.maven.apache.org/maven2/org/apache/maven/plugin-testing/maven-plugin-testing/3.1.0/maven-plugin-testing-3.1.0.pom
[INFO] Downloaded from central: https://repo.maven.apache.org/maven2/org/apache/maven/plugin-testing/maven-plugin-testing/3.1.0/maven-plugin-testing-3.1.0.pom (11 kB at 32 kB/s)
[INFO] Downloading from central: https://repo.maven.apache.org/maven2/org/hibernate/hibernate-validator/5.0.0.Final/hibernate-validator-5.0.0.Final.pom
[INFO] Downloaded from central: https://repo.maven.apache.org/maven2/org/hibernate/hibernate-validator/5.0.0.Final/hibernate-validator-5.0.0.Final.pom (13 kB at 36 kB/s)
[INFO] Downloading from central: https://repo.maven.apache.org/maven2/org/hibernate/hibernate-validator-parent/5.0.0.Final/hibernate-validator-parent-5.0.0.Final.pom
[INFO] Downloaded from central: https://repo.maven.apache.org/maven2/org/hibernate/hibernate-validator-parent/5.0.0.Final/hibernate-validator-parent-5.0.0.Final.pom (26 kB at 72 kB/s)
[INFO] Downloading from central: https://repo.maven.apache.org/maven2/com/fasterxml/classmate/0.8.0/classmate-0.8.0.pom
[INFO] Downloaded from central: https://repo.maven.apache.org/maven2/com/fasterxml/classmate/0.8.0/classmate-0.8.0.pom (6.6 kB at 18 kB/s)
[INFO] Downloading from central: https://repo.maven.apache.org/maven2/org/glassfish/web/javax.el/2.2.4/javax.el-2.2.4.pom
[INFO] Downloaded from central: https://repo.maven.apache.org/maven2/org/glassfish/web/javax.el/2.2.4/javax.el-2.2.4.pom (12 kB at 33 kB/s)
[INFO] Downloading from central: https://repo.maven.apache.org/maven2/javax/el/javax.el-api/3.0.1-b04/javax.el-api-3.0.1-b04.pom
[INFO] Downloaded from central: https://repo.maven.apache.org/maven2/javax/el/javax.el-api/3.0.1-b04/javax.el-api-3.0.1-b04.pom (11 kB at 32 kB/s)
[INFO] Downloading from central: https://repo.maven.apache.org/maven2/org/apache/maven/reporting/maven-reporting-exec/1.1/maven-reporting-exec-1.1.jar
[INFO] Downloading from central: https://repo.maven.apache.org/maven2/com/google/code/findbugs/jsr305/2.0.3/jsr305-2.0.3.jar
[INFO] Downloading from central: https://repo.maven.apache.org/maven2/com/jcabi/jcabi-xml/0.17.1/jcabi-xml-0.17.1.jar
[INFO] Downloading from central: https://repo.maven.apache.org/maven2/com/jcabi/jcabi-immutable/1.4/jcabi-immutable-1.4.jar
[INFO] Downloading from central: https://repo.maven.apache.org/maven2/com/jcabi/jcabi-maven-slf4j/0.9/jcabi-maven-slf4j-0.9.jar
[INFO] Downloaded from central: https://repo.maven.apache.org/maven2/com/jcabi/jcabi-maven-slf4j/0.9/jcabi-maven-slf4j-0.9.jar (7.9 kB at 22 kB/s)
[INFO] Downloading from central: https://repo.maven.apache.org/maven2/org/apache/maven/shared/maven-dependency-analyzer/1.5/maven-dependency-analyzer-1.5.jar
[INFO] Downloaded from central: https://repo.maven.apache.org/maven2/org/apache/maven/reporting/maven-reporting-exec/1.1/maven-reporting-exec-1.1.jar (26 kB at 72 kB/s)
[INFO] Downloading from central: https://repo.maven.apache.org/maven2/org/apache/maven/plugin-testing/maven-plugin-testing-harness/3.1.0/maven-plugin-testing-harness-3.1.0.jar
[INFO] Downloaded from central: https://repo.maven.apache.org/maven2/com/google/code/findbugs/jsr305/2.0.3/jsr305-2.0.3.jar (33 kB at 90 kB/s)
[INFO] Downloading from central: https://repo.maven.apache.org/maven2/org/hibernate/hibernate-validator/5.0.0.Final/hibernate-validator-5.0.0.Final.jar
[INFO] Downloaded from central: https://repo.maven.apache.org/maven2/com/jcabi/jcabi-immutable/1.4/jcabi-immutable-1.4.jar (23 kB at 61 kB/s)
[INFO] Downloading from central: https://repo.maven.apache.org/maven2/org/jboss/logging/jboss-logging/3.1.1.GA/jboss-logging-3.1.1.GA.jar
[INFO] Downloaded from central: https://repo.maven.apache.org/maven2/com/jcabi/jcabi-xml/0.17.1/jcabi-xml-0.17.1.jar (38 kB at 102 kB/s)
[INFO] Downloading from central: https://repo.maven.apache.org/maven2/com/fasterxml/classmate/0.8.0/classmate-0.8.0.jar
[INFO] Downloaded from central: https://repo.maven.apache.org/maven2/org/apache/maven/shared/maven-dependency-analyzer/1.5/maven-dependency-analyzer-1.5.jar (31 kB at 43 kB/s)
[INFO] Downloading from central: https://repo.maven.apache.org/maven2/org/glassfish/web/javax.el/2.2.4/javax.el-2.2.4.jar
[INFO] Downloaded from central: https://repo.maven.apache.org/maven2/org/apache/maven/plugin-testing/maven-plugin-testing-harness/3.1.0/maven-plugin-testing-harness-3.1.0.jar (48 kB at 66 kB/s)
[INFO] Downloading from central: https://repo.maven.apache.org/maven2/javax/el/javax.el-api/3.0.1-b04/javax.el-api-3.0.1-b04.jar
[INFO] Downloaded from central: https://repo.maven.apache.org/maven2/com/fasterxml/classmate/0.8.0/classmate-0.8.0.jar (60 kB at 78 kB/s)
[INFO] Downloaded from central: https://repo.maven.apache.org/maven2/org/jboss/logging/jboss-logging/3.1.1.GA/jboss-logging-3.1.1.GA.jar (61 kB at 79 kB/s)
[INFO] Downloaded from central: https://repo.maven.apache.org/maven2/org/hibernate/hibernate-validator/5.0.0.Final/hibernate-validator-5.0.0.Final.jar (573 kB at 660 kB/s)
[INFO] Downloaded from central: https://repo.maven.apache.org/maven2/org/glassfish/web/javax.el/2.2.4/javax.el-2.2.4.jar (118 kB at 107 kB/s)
[INFO] Downloaded from central: https://repo.maven.apache.org/maven2/javax/el/javax.el-api/3.0.1-b04/javax.el-api-3.0.1-b04.jar (73 kB at 66 kB/s)
[INFO] 
[INFO] ---------------------< com.qulice:qulice-spotbugs >---------------------
[INFO] Building qulice-spotbugs 1.0-SNAPSHOT                              [8/9]
[INFO] --------------------------------[ jar ]---------------------------------
[WARNING] The POM for com.github.spotbugs:spotbugs-maven-plugin:jar:4.1.4-ZY is missing, no dependency information available
[WARNING] Failed to retrieve plugin descriptor for com.github.spotbugs:spotbugs-maven-plugin:4.1.4-ZY: Plugin com.github.spotbugs:spotbugs-maven-plugin:4.1.4-ZY or one of its dependencies could not be resolved: Failure to find com.github.spotbugs:spotbugs-maven-plugin:jar:4.1.4-ZY in https://oss.sonatype.org/content/groups/public was cached in the local repository, resolution will not be reattempted until the update interval of oss.sonatype.org has elapsed or updates are forced
[INFO] 
[INFO] ------------------< com.qulice:qulice-gradle-plugin >-------------------
[INFO] Building qulice-gradle-plugin 1.0-SNAPSHOT                         [9/9]
[INFO] --------------------------------[ jar ]---------------------------------
[WARNING] The POM for com.github.spotbugs:spotbugs-maven-plugin:jar:4.1.4-ZY is missing, no dependency information available
[WARNING] Failed to retrieve plugin descriptor for com.github.spotbugs:spotbugs-maven-plugin:4.1.4-ZY: Plugin com.github.spotbugs:spotbugs-maven-plugin:4.1.4-ZY or one of its dependencies could not be resolved: Failure to find com.github.spotbugs:spotbugs-maven-plugin:jar:4.1.4-ZY in https://oss.sonatype.org/content/groups/public was cached in the local repository, resolution will not be reattempted until the update interval of oss.sonatype.org has elapsed or updates are forced
[INFO] Downloading from Spring Source Libs: http://repo.springsource.org/libs-release-remote/org/gradle/gradle-core/2.2.1/gradle-core-2.2.1.pom
[INFO] Downloading from central: https://repo.maven.apache.org/maven2/org/gradle/gradle-core/2.2.1/gradle-core-2.2.1.pom
[INFO] ------------------------------------------------------------------------
[INFO] Reactor Summary for qulice 1.0-SNAPSHOT:
[INFO] 
[INFO] qulice ............................................. SUCCESS [  6.870 s]
[INFO] qulice-spi ......................................... FAILURE [  4.531 s]
[INFO] qulice-checkstyle .................................. FAILURE [  6.537 s]
[INFO] qulice-pmd ......................................... FAILURE [  2.934 s]
[INFO] qulice-findbugs .................................... FAILURE [  7.091 s]
[INFO] qulice-ant ......................................... FAILURE [  0.066 s]
[INFO] qulice-maven-plugin ................................ FAILURE [  7.115 s]
[INFO] qulice-spotbugs .................................... FAILURE [  0.004 s]
[INFO] qulice-gradle-plugin ............................... FAILURE [  0.543 s]
[INFO] ------------------------------------------------------------------------
[INFO] BUILD FAILURE
[INFO] ------------------------------------------------------------------------
[INFO] Total time:  02:26 min
[INFO] Finished at: 2021-03-29T11:38:24+08:00
[INFO] ------------------------------------------------------------------------
[ERROR] Failed to execute goal org.apache.maven.plugins:maven-compiler-plugin:3.7.0:compile (default-compile) on project qulice-spi: Fatal error compiling: java.lang.ExceptionInInitializerError: com.sun.tools.javac.code.TypeTags -> [Help 1]
[ERROR] Failed to execute goal on project qulice-checkstyle: Could not resolve dependencies for project com.qulice:qulice-checkstyle:jar:1.0-SNAPSHOT: Could not find artifact com.qulice:qulice-spi:jar:1.0-SNAPSHOT, try downloading from https://oss.sonatype.org/content/groups/public -> [Help 2]
[ERROR] Failed to execute goal on project qulice-pmd: Could not resolve dependencies for project com.qulice:qulice-pmd:jar:1.0-SNAPSHOT: Could not find artifact com.qulice:qulice-spi:jar:1.0-SNAPSHOT, try downloading from https://oss.sonatype.org/content/groups/public -> [Help 2]
[ERROR] Failed to execute goal on project qulice-findbugs: Could not resolve dependencies for project com.qulice:qulice-findbugs:jar:1.0-SNAPSHOT: Could not find artifact com.qulice:qulice-spi:jar:1.0-SNAPSHOT, try downloading from https://oss.sonatype.org/content/groups/public -> [Help 2]
[ERROR] Failed to execute goal on project qulice-ant: Could not resolve dependencies for project com.qulice:qulice-ant:jar:1.0-SNAPSHOT: The following artifacts could not be resolved: com.qulice:qulice-checkstyle:jar:1.0-SNAPSHOT, com.qulice:qulice-pmd:jar:1.0-SNAPSHOT, com.qulice:qulice-findbugs:jar:1.0-SNAPSHOT, com.qulice:qulice-spi:jar:1.0-SNAPSHOT: Could not find artifact com.qulice:qulice-checkstyle:jar:1.0-SNAPSHOT, try downloading from https://oss.sonatype.org/content/groups/public -> [Help 2]
[ERROR] Failed to execute goal on project qulice-maven-plugin: Could not resolve dependencies for project com.qulice:qulice-maven-plugin:maven-plugin:1.0-SNAPSHOT: The following artifacts could not be resolved: com.qulice:qulice-spi:jar:1.0-SNAPSHOT, com.qulice:qulice-checkstyle:jar:1.0-SNAPSHOT, com.qulice:qulice-pmd:jar:1.0-SNAPSHOT, com.qulice:qulice-findbugs:jar:1.0-SNAPSHOT: Could not find artifact com.qulice:qulice-spi:jar:1.0-SNAPSHOT, try downloading from https://oss.sonatype.org/content/groups/public -> [Help 2]
[ERROR] Failed to execute goal on project qulice-spotbugs: Could not resolve dependencies for project com.qulice:qulice-spotbugs:jar:1.0-SNAPSHOT: Could not find artifact com.qulice:qulice-spi:jar:1.0-SNAPSHOT, try downloading from https://oss.sonatype.org/content/groups/public -> [Help 2]
[ERROR] Failed to execute goal on project qulice-gradle-plugin: Could not resolve dependencies for project com.qulice:qulice-gradle-plugin:jar:1.0-SNAPSHOT: Failed to collect dependencies at org.gradle:gradle-core:jar:2.2.1: Failed to read artifact descriptor for org.gradle:gradle-core:jar:2.2.1: Could not transfer artifact org.gradle:gradle-core:pom:2.2.1 from/to Spring Source Libs (http://repo.springsource.org/libs-release-remote/): Authorization failed for http://repo.springsource.org/libs-release-remote/org/gradle/gradle-core/2.2.1/gradle-core-2.2.1.pom 403 Forbidden -> [Help 2]
[ERROR] 
[ERROR] To see the full stack trace of the errors, re-run Maven with the -e switch.
[ERROR] Re-run Maven using the -X switch to enable full debug logging.
[ERROR] 
[ERROR] For more information about the errors and possible solutions, please read the following articles:
[ERROR] [Help 1] http://cwiki.apache.org/confluence/display/MAVEN/MojoExecutionException
[ERROR] [Help 2] http://cwiki.apache.org/confluence/display/MAVEN/DependencyResolutionException
[ERROR] 
[ERROR] After correcting the problems, you can resume the build with the command
[ERROR]   mvn <args> -rf :qulice-spi
[INFO] Build failures were ignored.
WARNING: An illegal reflective access operation has occurred
WARNING: Illegal reflective access by com.google.inject.internal.cglib.core.$ReflectUtils$1 (file:/usr/share/maven/lib/guice.jar) to method java.lang.ClassLoader.defineClass(java.lang.String,byte[],int,int,java.security.ProtectionDomain)
WARNING: Please consider reporting this to the maintainers of com.google.inject.internal.cglib.core.$ReflectUtils$1
WARNING: Use --illegal-access=warn to enable warnings of further illegal reflective access operations
WARNING: All illegal access operations will be denied in a future release
