[INFO] Scanning for projects...
[INFO] Downloading from central: https://repo.maven.apache.org/maven2/org/codehaus/mojo/properties-maven-plugin/1.0-alpha-2/properties-maven-plugin-1.0-alpha-2.pom
[INFO] Downloaded from central: https://repo.maven.apache.org/maven2/org/codehaus/mojo/properties-maven-plugin/1.0-alpha-2/properties-maven-plugin-1.0-alpha-2.pom (3.8 kB at 3.2 kB/s)
[INFO] Downloading from central: https://repo.maven.apache.org/maven2/org/codehaus/mojo/mojo-parent/21/mojo-parent-21.pom
[INFO] Downloaded from central: https://repo.maven.apache.org/maven2/org/codehaus/mojo/mojo-parent/21/mojo-parent-21.pom (19 kB at 46 kB/s)
[INFO] Downloading from central: https://repo.maven.apache.org/maven2/org/codehaus/mojo/properties-maven-plugin/1.0-alpha-2/properties-maven-plugin-1.0-alpha-2.jar
[INFO] Downloaded from central: https://repo.maven.apache.org/maven2/org/codehaus/mojo/properties-maven-plugin/1.0-alpha-2/properties-maven-plugin-1.0-alpha-2.jar (15 kB at 37 kB/s)
[INFO] Downloading from central: https://repo.maven.apache.org/maven2/org/apache/maven/plugins/maven-antrun-plugin/1.7/maven-antrun-plugin-1.7.pom
[INFO] Downloaded from central: https://repo.maven.apache.org/maven2/org/apache/maven/plugins/maven-antrun-plugin/1.7/maven-antrun-plugin-1.7.pom (4.1 kB at 11 kB/s)
[INFO] Downloading from central: https://repo.maven.apache.org/maven2/org/apache/maven/plugins/maven-antrun-plugin/1.7/maven-antrun-plugin-1.7.jar
[INFO] Downloaded from central: https://repo.maven.apache.org/maven2/org/apache/maven/plugins/maven-antrun-plugin/1.7/maven-antrun-plugin-1.7.jar (32 kB at 69 kB/s)
[WARNING] The POM for com.github.spotbugs:spotbugs-maven-plugin:jar:4.1.4-ZY is missing, no dependency information available
[WARNING] Failed to retrieve plugin descriptor for com.github.spotbugs:spotbugs-maven-plugin:4.1.4-ZY: Plugin com.github.spotbugs:spotbugs-maven-plugin:4.1.4-ZY or one of its dependencies could not be resolved: Failure to find com.github.spotbugs:spotbugs-maven-plugin:jar:4.1.4-ZY in https://repo.maven.apache.org/maven2 was cached in the local repository, resolution will not be reattempted until the update interval of central has elapsed or updates are forced
[INFO] 
[INFO] ------------------< pl.jpetryk.redditbot:reddit-bot >-------------------
[INFO] Building reddit-bot 0.1-SNAPSHOT
[INFO] --------------------------------[ jar ]---------------------------------
[WARNING] The POM for com.github.spotbugs:spotbugs-maven-plugin:jar:4.1.4-ZY is missing, no dependency information available
[WARNING] Failed to retrieve plugin descriptor for com.github.spotbugs:spotbugs-maven-plugin:4.1.4-ZY: Plugin com.github.spotbugs:spotbugs-maven-plugin:4.1.4-ZY or one of its dependencies could not be resolved: Failure to find com.github.spotbugs:spotbugs-maven-plugin:jar:4.1.4-ZY in https://repo.maven.apache.org/maven2 was cached in the local repository, resolution will not be reattempted until the update interval of central has elapsed or updates are forced
[INFO] Downloading from central: http://jcenter.bintray.com/com/squareup/okhttp3/okhttp/3.8.1/okhttp-3.8.1.pom
[INFO] Downloaded from central: http://jcenter.bintray.com/com/squareup/okhttp3/okhttp/3.8.1/okhttp-3.8.1.pom (1.7 kB at 4.3 kB/s)
[INFO] Downloading from central: http://jcenter.bintray.com/com/squareup/okhttp3/parent/3.8.1/parent-3.8.1.pom
[INFO] Downloaded from central: http://jcenter.bintray.com/com/squareup/okhttp3/parent/3.8.1/parent-3.8.1.pom (17 kB at 52 kB/s)
[INFO] Downloading from central: http://jcenter.bintray.com/org/slf4j/slf4j-simple/1.7.7/slf4j-simple-1.7.7.pom
[INFO] Downloaded from central: http://jcenter.bintray.com/org/slf4j/slf4j-simple/1.7.7/slf4j-simple-1.7.7.pom (1.5 kB at 53 kB/s)
[INFO] Downloading from central: http://jcenter.bintray.com/joda-time/joda-time/2.6/joda-time-2.6.pom
[INFO] Downloaded from central: http://jcenter.bintray.com/joda-time/joda-time/2.6/joda-time-2.6.pom (27 kB at 85 kB/s)
[INFO] Downloading from central: http://jcenter.bintray.com/org/twitter4j/twitter4j-core/4.0.6/twitter4j-core-4.0.6.pom
[INFO] Downloaded from central: http://jcenter.bintray.com/org/twitter4j/twitter4j-core/4.0.6/twitter4j-core-4.0.6.pom (9.1 kB at 29 kB/s)
[INFO] Downloading from central: http://jcenter.bintray.com/org/json/json/20090211/json-20090211.pom
[INFO] Downloaded from central: http://jcenter.bintray.com/org/json/json/20090211/json-20090211.pom (0 B at 0 B/s)
[INFO] Downloading from central: http://jcenter.bintray.com/com/google/inject/guice/3.0/guice-3.0.pom
[INFO] Downloaded from central: http://jcenter.bintray.com/com/google/inject/guice/3.0/guice-3.0.pom (0 B at 0 B/s)
[INFO] Downloading from central: http://jcenter.bintray.com/org/apache/maven/maven-plugin-api/2.0/maven-plugin-api-2.0.jar
[INFO] Downloading from central: http://jcenter.bintray.com/org/slf4j/slf4j-simple/1.7.7/slf4j-simple-1.7.7.jar
[INFO] Downloading from central: http://jcenter.bintray.com/com/squareup/okhttp3/okhttp/3.8.1/okhttp-3.8.1.jar
[INFO] Downloading from central: http://jcenter.bintray.com/org/twitter4j/twitter4j-core/4.0.6/twitter4j-core-4.0.6.jar
[INFO] Downloading from central: http://jcenter.bintray.com/joda-time/joda-time/2.6/joda-time-2.6.jar
[INFO] Downloaded from central: http://jcenter.bintray.com/org/apache/maven/maven-plugin-api/2.0/maven-plugin-api-2.0.jar (10 kB at 156 kB/s)
[INFO] Downloading from central: http://jcenter.bintray.com/org/json/json/20090211/json-20090211.jar
[INFO] Downloaded from central: http://jcenter.bintray.com/org/json/json/20090211/json-20090211.jar (0 B at 0 B/s)
[INFO] Downloading from central: http://jcenter.bintray.com/com/google/inject/guice/3.0/guice-3.0.jar
[INFO] Downloaded from central: http://jcenter.bintray.com/org/slf4j/slf4j-simple/1.7.7/slf4j-simple-1.7.7.jar (11 kB at 96 kB/s)
[INFO] Downloaded from central: http://jcenter.bintray.com/com/google/inject/guice/3.0/guice-3.0.jar (0 B at 0 B/s)
[INFO] Downloaded from central: http://jcenter.bintray.com/com/squareup/okhttp3/okhttp/3.8.1/okhttp-3.8.1.jar (398 kB at 867 kB/s)
[INFO] Downloaded from central: http://jcenter.bintray.com/joda-time/joda-time/2.6/joda-time-2.6.jar (588 kB at 1.1 MB/s)
[INFO] Downloaded from central: http://jcenter.bintray.com/org/twitter4j/twitter4j-core/4.0.6/twitter4j-core-4.0.6.jar (305 kB at 490 kB/s)
[INFO] 
[INFO] --- maven-clean-plugin:2.5:clean (default-clean) @ reddit-bot ---
[INFO] Deleting /home/codegex/Documents/workspace/rbugs/experiment/top100repos/reddit-bot/target
[INFO] 
[INFO] --- properties-maven-plugin:1.0-alpha-2:read-project-properties (default) @ reddit-bot ---
[INFO] 
[INFO] --- maven-resources-plugin:2.6:resources (default-resources) @ reddit-bot ---
[WARNING] Using platform encoding (UTF-8 actually) to copy filtered resources, i.e. build is platform dependent!
[INFO] Copying 5 resources
[INFO] 
[INFO] --- maven-compiler-plugin:3.2:compile (default-compile) @ reddit-bot ---
[INFO] Changes detected - recompiling the module!
[WARNING] File encoding has not been set, using platform encoding UTF-8, i.e. build is platform dependent!
[INFO] Compiling 30 source files to /home/codegex/Documents/workspace/rbugs/experiment/top100repos/reddit-bot/target/classes
[INFO] 
[INFO] --- maven-resources-plugin:2.6:testResources (default-testResources) @ reddit-bot ---
[WARNING] Using platform encoding (UTF-8 actually) to copy filtered resources, i.e. build is platform dependent!
[INFO] skip non existing resourceDirectory /home/codegex/Documents/workspace/rbugs/experiment/top100repos/reddit-bot/src/test/resources
[INFO] 
[INFO] --- maven-compiler-plugin:3.2:testCompile (default-testCompile) @ reddit-bot ---
[INFO] Changes detected - recompiling the module!
[WARNING] File encoding has not been set, using platform encoding UTF-8, i.e. build is platform dependent!
[INFO] Compiling 15 source files to /home/codegex/Documents/workspace/rbugs/experiment/top100repos/reddit-bot/target/test-classes
[INFO] /home/codegex/Documents/workspace/rbugs/experiment/top100repos/reddit-bot/src/test/java/pl/jpetryk/redditbot/GuiceJUnitRunner.java: /home/codegex/Documents/workspace/rbugs/experiment/top100repos/reddit-bot/src/test/java/pl/jpetryk/redditbot/GuiceJUnitRunner.java uses or overrides a deprecated API.
[INFO] /home/codegex/Documents/workspace/rbugs/experiment/top100repos/reddit-bot/src/test/java/pl/jpetryk/redditbot/GuiceJUnitRunner.java: Recompile with -Xlint:deprecation for details.
[INFO] /home/codegex/Documents/workspace/rbugs/experiment/top100repos/reddit-bot/src/test/java/pl/jpetryk/redditbot/model/BufferTest.java: /home/codegex/Documents/workspace/rbugs/experiment/top100repos/reddit-bot/src/test/java/pl/jpetryk/redditbot/model/BufferTest.java uses unchecked or unsafe operations.
[INFO] /home/codegex/Documents/workspace/rbugs/experiment/top100repos/reddit-bot/src/test/java/pl/jpetryk/redditbot/model/BufferTest.java: Recompile with -Xlint:unchecked for details.
[INFO] 
[INFO] --- maven-surefire-plugin:2.12.4:test (default-test) @ reddit-bot ---
[INFO] Tests are skipped.
[INFO] 
[INFO] --- maven-jar-plugin:2.4:jar (default-jar) @ reddit-bot ---
[INFO] Building jar: /home/codegex/Documents/workspace/rbugs/experiment/top100repos/reddit-bot/target/reddit-bot-0.1-SNAPSHOT.jar
[INFO] 
[INFO] --- maven-assembly-plugin:2.2-beta-5:single (make-assembly) @ reddit-bot ---
[INFO] META-INF/MANIFEST.MF already added, skipping
[INFO] META-INF/ already added, skipping
[INFO] META-INF/maven/ already added, skipping
[INFO] org/ already added, skipping
[INFO] org/apache/ already added, skipping
[INFO] META-INF/ already added, skipping
[INFO] META-INF/MANIFEST.MF already added, skipping
[INFO] META-INF/maven/ already added, skipping
[INFO] META-INF/ already added, skipping
[INFO] META-INF/MANIFEST.MF already added, skipping
[INFO] META-INF/maven/ already added, skipping
[INFO] META-INF/MANIFEST.MF already added, skipping
[INFO] META-INF/ already added, skipping
[INFO] META-INF/LICENSE already added, skipping
[INFO] META-INF/NOTICE already added, skipping
[INFO] org/ already added, skipping
[INFO] META-INF/MANIFEST.MF already added, skipping
[INFO] META-INF/ already added, skipping
[INFO] META-INF/ASL2.0 already added, skipping
[INFO] META-INF/LICENSE already added, skipping
[INFO] META-INF/NOTICE already added, skipping
[INFO] org/ already added, skipping
[INFO] org/codehaus/ already added, skipping
[INFO] org/codehaus/jackson/ already added, skipping
[INFO] META-INF/MANIFEST.MF already added, skipping
[INFO] META-INF/ already added, skipping
[INFO] META-INF/ASL2.0 already added, skipping
[INFO] META-INF/LICENSE already added, skipping
[INFO] META-INF/NOTICE already added, skipping
[INFO] org/ already added, skipping
[INFO] org/codehaus/ already added, skipping
[INFO] org/codehaus/jackson/ already added, skipping
[INFO] META-INF/ already added, skipping
[INFO] META-INF/MANIFEST.MF already added, skipping
[INFO] org/ already added, skipping
[INFO] META-INF/maven/ already added, skipping
[INFO] META-INF/ already added, skipping
[INFO] META-INF/MANIFEST.MF already added, skipping
[INFO] org/ already added, skipping
[INFO] org/slf4j/ already added, skipping
[INFO] META-INF/maven/ already added, skipping
[INFO] META-INF/maven/org.slf4j/ already added, skipping
[INFO] META-INF/MANIFEST.MF already added, skipping
[INFO] META-INF/ already added, skipping
[INFO] META-INF/maven/ already added, skipping
[INFO] META-INF/ already added, skipping
[INFO] META-INF/MANIFEST.MF already added, skipping
[INFO] org/ already added, skipping
[INFO] META-INF/maven/ already added, skipping
[INFO] META-INF/ already added, skipping
[INFO] META-INF/MANIFEST.MF already added, skipping
[INFO] META-INF/LICENSE.txt already added, skipping
[INFO] META-INF/maven/ already added, skipping
[INFO] META-INF/ already added, skipping
[INFO] META-INF/MANIFEST.MF already added, skipping
[INFO] META-INF/ already added, skipping
[INFO] META-INF/MANIFEST.MF already added, skipping
[INFO] com/ already added, skipping
[INFO] com/google/ already added, skipping
[INFO] META-INF/LICENSE already added, skipping
[INFO] META-INF/NOTICE already added, skipping
[INFO] META-INF/ already added, skipping
[INFO] META-INF/MANIFEST.MF already added, skipping
[INFO] org/ already added, skipping
[INFO] Building jar: /home/codegex/Documents/workspace/rbugs/experiment/top100repos/reddit-bot/target/reddit-bot-0.1-SNAPSHOT-jar-with-dependencies.jar
[INFO] META-INF/MANIFEST.MF already added, skipping
[INFO] META-INF/ already added, skipping
[INFO] META-INF/maven/ already added, skipping
[INFO] org/ already added, skipping
[INFO] org/apache/ already added, skipping
[INFO] META-INF/ already added, skipping
[INFO] META-INF/MANIFEST.MF already added, skipping
[INFO] META-INF/maven/ already added, skipping
[INFO] META-INF/ already added, skipping
[INFO] META-INF/MANIFEST.MF already added, skipping
[INFO] META-INF/maven/ already added, skipping
[INFO] META-INF/MANIFEST.MF already added, skipping
[INFO] META-INF/ already added, skipping
[INFO] META-INF/LICENSE already added, skipping
[INFO] META-INF/NOTICE already added, skipping
[INFO] org/ already added, skipping
[INFO] META-INF/MANIFEST.MF already added, skipping
[INFO] META-INF/ already added, skipping
[INFO] META-INF/ASL2.0 already added, skipping
[INFO] META-INF/LICENSE already added, skipping
[INFO] META-INF/NOTICE already added, skipping
[INFO] org/ already added, skipping
[INFO] org/codehaus/ already added, skipping
[INFO] org/codehaus/jackson/ already added, skipping
[INFO] META-INF/MANIFEST.MF already added, skipping
[INFO] META-INF/ already added, skipping
[INFO] META-INF/ASL2.0 already added, skipping
[INFO] META-INF/LICENSE already added, skipping
[INFO] META-INF/NOTICE already added, skipping
[INFO] org/ already added, skipping
[INFO] org/codehaus/ already added, skipping
[INFO] org/codehaus/jackson/ already added, skipping
[INFO] META-INF/ already added, skipping
[INFO] META-INF/MANIFEST.MF already added, skipping
[INFO] org/ already added, skipping
[INFO] META-INF/maven/ already added, skipping
[INFO] META-INF/ already added, skipping
[INFO] META-INF/MANIFEST.MF already added, skipping
[INFO] org/ already added, skipping
[INFO] org/slf4j/ already added, skipping
[INFO] META-INF/maven/ already added, skipping
[INFO] META-INF/maven/org.slf4j/ already added, skipping
[INFO] META-INF/MANIFEST.MF already added, skipping
[INFO] META-INF/ already added, skipping
[INFO] META-INF/maven/ already added, skipping
[INFO] META-INF/ already added, skipping
[INFO] META-INF/MANIFEST.MF already added, skipping
[INFO] org/ already added, skipping
[INFO] META-INF/maven/ already added, skipping
[INFO] META-INF/ already added, skipping
[INFO] META-INF/MANIFEST.MF already added, skipping
[INFO] META-INF/LICENSE.txt already added, skipping
[INFO] META-INF/maven/ already added, skipping
[INFO] META-INF/ already added, skipping
[INFO] META-INF/MANIFEST.MF already added, skipping
[INFO] META-INF/ already added, skipping
[INFO] META-INF/MANIFEST.MF already added, skipping
[INFO] com/ already added, skipping
[INFO] com/google/ already added, skipping
[INFO] META-INF/LICENSE already added, skipping
[INFO] META-INF/NOTICE already added, skipping
[INFO] META-INF/ already added, skipping
[INFO] META-INF/MANIFEST.MF already added, skipping
[INFO] org/ already added, skipping
[INFO] 
[INFO] --- maven-failsafe-plugin:2.19:integration-test (default) @ reddit-bot ---
[INFO] Tests are skipped.
[INFO] 
[INFO] --- maven-failsafe-plugin:2.19:verify (default) @ reddit-bot ---
[INFO] Tests are skipped.
[INFO] 
[INFO] --- maven-install-plugin:2.4:install (default-install) @ reddit-bot ---
[INFO] Installing /home/codegex/Documents/workspace/rbugs/experiment/top100repos/reddit-bot/target/reddit-bot-0.1-SNAPSHOT.jar to /home/codegex/.m2/repository/pl/jpetryk/redditbot/reddit-bot/0.1-SNAPSHOT/reddit-bot-0.1-SNAPSHOT.jar
[INFO] Installing /home/codegex/Documents/workspace/rbugs/experiment/top100repos/reddit-bot/pom.xml to /home/codegex/.m2/repository/pl/jpetryk/redditbot/reddit-bot/0.1-SNAPSHOT/reddit-bot-0.1-SNAPSHOT.pom
[INFO] Installing /home/codegex/Documents/workspace/rbugs/experiment/top100repos/reddit-bot/target/reddit-bot-0.1-SNAPSHOT-jar-with-dependencies.jar to /home/codegex/.m2/repository/pl/jpetryk/redditbot/reddit-bot/0.1-SNAPSHOT/reddit-bot-0.1-SNAPSHOT-jar-with-dependencies.jar
[INFO] 
[INFO] --- maven-dependency-plugin:2.8:purge-local-repository (default-cli) @ reddit-bot ---
[INFO] Downloading from central: http://jcenter.bintray.com/org/apache/maven/maven-plugin-api/2.0/maven-plugin-api-2.0.pom
[INFO] Downloaded from central: http://jcenter.bintray.com/org/apache/maven/maven-plugin-api/2.0/maven-plugin-api-2.0.pom (601 B at 20 kB/s)
[INFO] Downloading from central: http://jcenter.bintray.com/log4j/log4j/1.2.17/log4j-1.2.17.pom
[INFO] Downloaded from central: http://jcenter.bintray.com/log4j/log4j/1.2.17/log4j-1.2.17.pom (22 kB at 68 kB/s)
[INFO] Downloading from central: http://jcenter.bintray.com/com/squareup/okhttp3/okhttp/3.8.1/okhttp-3.8.1.pom
[INFO] Downloaded from central: http://jcenter.bintray.com/com/squareup/okhttp3/okhttp/3.8.1/okhttp-3.8.1.pom (1.7 kB at 5.3 kB/s)
[INFO] Downloading from central: http://jcenter.bintray.com/com/squareup/okio/okio/1.13.0/okio-1.13.0.pom
[INFO] Downloaded from central: http://jcenter.bintray.com/com/squareup/okio/okio/1.13.0/okio-1.13.0.pom (1.6 kB at 56 kB/s)
[INFO] Downloading from central: http://jcenter.bintray.com/org/codehaus/jackson/jackson-jaxrs/1.9.13/jackson-jaxrs-1.9.13.pom
[INFO] Downloaded from central: http://jcenter.bintray.com/org/codehaus/jackson/jackson-jaxrs/1.9.13/jackson-jaxrs-1.9.13.pom (1.9 kB at 3.2 kB/s)
[INFO] Downloading from central: http://jcenter.bintray.com/org/codehaus/jackson/jackson-core-asl/1.9.13/jackson-core-asl-1.9.13.pom
[INFO] Downloaded from central: http://jcenter.bintray.com/org/codehaus/jackson/jackson-core-asl/1.9.13/jackson-core-asl-1.9.13.pom (1.3 kB at 4.1 kB/s)
[INFO] Downloading from central: http://jcenter.bintray.com/org/codehaus/jackson/jackson-mapper-asl/1.9.13/jackson-mapper-asl-1.9.13.pom
[INFO] Downloaded from central: http://jcenter.bintray.com/org/codehaus/jackson/jackson-mapper-asl/1.9.13/jackson-mapper-asl-1.9.13.pom (1.5 kB at 4.7 kB/s)
[INFO] Downloading from central: http://jcenter.bintray.com/org/slf4j/slf4j-api/1.7.7/slf4j-api-1.7.7.pom
[INFO] Downloaded from central: http://jcenter.bintray.com/org/slf4j/slf4j-api/1.7.7/slf4j-api-1.7.7.pom (2.7 kB at 93 kB/s)
[INFO] Downloading from central: http://jcenter.bintray.com/org/slf4j/slf4j-simple/1.7.7/slf4j-simple-1.7.7.pom
[INFO] Downloaded from central: http://jcenter.bintray.com/org/slf4j/slf4j-simple/1.7.7/slf4j-simple-1.7.7.pom (1.5 kB at 47 kB/s)
[INFO] Downloading from central: http://jcenter.bintray.com/com/google/guava/guava/18.0/guava-18.0.pom
[INFO] Downloaded from central: http://jcenter.bintray.com/com/google/guava/guava/18.0/guava-18.0.pom (5.7 kB at 35 kB/s)
[INFO] Downloading from central: http://jcenter.bintray.com/junit/junit/4.12/junit-4.12.pom
[INFO] Downloaded from central: http://jcenter.bintray.com/junit/junit/4.12/junit-4.12.pom (24 kB at 658 kB/s)
[INFO] Downloading from central: http://jcenter.bintray.com/org/hamcrest/hamcrest-core/1.3/hamcrest-core-1.3.pom
[INFO] Downloaded from central: http://jcenter.bintray.com/org/hamcrest/hamcrest-core/1.3/hamcrest-core-1.3.pom (766 B at 28 kB/s)
[INFO] Downloading from central: http://jcenter.bintray.com/joda-time/joda-time/2.6/joda-time-2.6.pom
[INFO] Downloaded from central: http://jcenter.bintray.com/joda-time/joda-time/2.6/joda-time-2.6.pom (27 kB at 86 kB/s)
[INFO] Downloading from central: http://jcenter.bintray.com/org/twitter4j/twitter4j-core/4.0.6/twitter4j-core-4.0.6.pom
[INFO] Downloaded from central: http://jcenter.bintray.com/org/twitter4j/twitter4j-core/4.0.6/twitter4j-core-4.0.6.pom (9.1 kB at 29 kB/s)
[INFO] Downloading from central: http://jcenter.bintray.com/org/json/json/20090211/json-20090211.pom
[INFO] Downloaded from central: http://jcenter.bintray.com/org/json/json/20090211/json-20090211.pom (1.4 kB at 2.4 kB/s)
[INFO] Downloading from central: http://jcenter.bintray.com/com/google/inject/guice/3.0/guice-3.0.pom
[INFO] Downloaded from central: http://jcenter.bintray.com/com/google/inject/guice/3.0/guice-3.0.pom (7.3 kB at 23 kB/s)
[INFO] Downloading from central: http://jcenter.bintray.com/javax/inject/javax.inject/1/javax.inject-1.pom
[INFO] Downloaded from central: http://jcenter.bintray.com/javax/inject/javax.inject/1/javax.inject-1.pom (612 B at 23 kB/s)
[INFO] Downloading from central: http://jcenter.bintray.com/aopalliance/aopalliance/1.0/aopalliance-1.0.pom
[INFO] Downloaded from central: http://jcenter.bintray.com/aopalliance/aopalliance/1.0/aopalliance-1.0.pom (363 B at 13 kB/s)
[INFO] Downloading from central: http://jcenter.bintray.com/org/apache/maven/maven-plugin-api/2.0/maven-plugin-api-2.0.jar
[INFO] Downloaded from central: http://jcenter.bintray.com/org/apache/maven/maven-plugin-api/2.0/maven-plugin-api-2.0.jar (10 kB at 327 kB/s)
[INFO] Downloading from central: http://jcenter.bintray.com/log4j/log4j/1.2.17/log4j-1.2.17.jar
[INFO] Downloaded from central: http://jcenter.bintray.com/log4j/log4j/1.2.17/log4j-1.2.17.jar (490 kB at 1.3 MB/s)
[INFO] Downloading from central: http://jcenter.bintray.com/com/squareup/okhttp3/okhttp/3.8.1/okhttp-3.8.1.jar
[INFO] Downloaded from central: http://jcenter.bintray.com/com/squareup/okhttp3/okhttp/3.8.1/okhttp-3.8.1.jar (398 kB at 11 MB/s)
[INFO] Downloading from central: http://jcenter.bintray.com/com/squareup/okio/okio/1.13.0/okio-1.13.0.jar
[INFO] Downloaded from central: http://jcenter.bintray.com/com/squareup/okio/okio/1.13.0/okio-1.13.0.jar (82 kB at 260 kB/s)
[INFO] Downloading from central: http://jcenter.bintray.com/org/codehaus/jackson/jackson-jaxrs/1.9.13/jackson-jaxrs-1.9.13.jar
[INFO] Downloaded from central: http://jcenter.bintray.com/org/codehaus/jackson/jackson-jaxrs/1.9.13/jackson-jaxrs-1.9.13.jar (18 kB at 30 kB/s)
[INFO] Downloading from central: http://jcenter.bintray.com/org/codehaus/jackson/jackson-core-asl/1.9.13/jackson-core-asl-1.9.13.jar
[INFO] Downloaded from central: http://jcenter.bintray.com/org/codehaus/jackson/jackson-core-asl/1.9.13/jackson-core-asl-1.9.13.jar (232 kB at 735 kB/s)
[INFO] Downloading from central: http://jcenter.bintray.com/org/codehaus/jackson/jackson-mapper-asl/1.9.13/jackson-mapper-asl-1.9.13.jar
[INFO] Downloaded from central: http://jcenter.bintray.com/org/codehaus/jackson/jackson-mapper-asl/1.9.13/jackson-mapper-asl-1.9.13.jar (781 kB at 12 MB/s)
[INFO] Downloading from central: http://jcenter.bintray.com/org/slf4j/slf4j-api/1.7.7/slf4j-api-1.7.7.jar
[INFO] Downloaded from central: http://jcenter.bintray.com/org/slf4j/slf4j-api/1.7.7/slf4j-api-1.7.7.jar (29 kB at 84 kB/s)
[INFO] Downloading from central: http://jcenter.bintray.com/org/slf4j/slf4j-simple/1.7.7/slf4j-simple-1.7.7.jar
[INFO] Downloaded from central: http://jcenter.bintray.com/org/slf4j/slf4j-simple/1.7.7/slf4j-simple-1.7.7.jar (11 kB at 356 kB/s)
[INFO] Downloading from central: http://jcenter.bintray.com/com/google/guava/guava/18.0/guava-18.0.jar
[INFO] Downloaded from central: http://jcenter.bintray.com/com/google/guava/guava/18.0/guava-18.0.jar (2.3 MB at 6.3 MB/s)
[INFO] Downloading from central: http://jcenter.bintray.com/junit/junit/4.12/junit-4.12.jar
[INFO] Downloaded from central: http://jcenter.bintray.com/junit/junit/4.12/junit-4.12.jar (315 kB at 9.3 MB/s)
[INFO] Downloading from central: http://jcenter.bintray.com/org/hamcrest/hamcrest-core/1.3/hamcrest-core-1.3.jar
[INFO] Downloaded from central: http://jcenter.bintray.com/org/hamcrest/hamcrest-core/1.3/hamcrest-core-1.3.jar (45 kB at 1.6 MB/s)
[INFO] Downloading from central: http://jcenter.bintray.com/joda-time/joda-time/2.6/joda-time-2.6.jar
[INFO] Downloaded from central: http://jcenter.bintray.com/joda-time/joda-time/2.6/joda-time-2.6.jar (588 kB at 702 kB/s)
[INFO] Downloading from central: http://jcenter.bintray.com/org/twitter4j/twitter4j-core/4.0.6/twitter4j-core-4.0.6.jar
[INFO] Downloaded from central: http://jcenter.bintray.com/org/twitter4j/twitter4j-core/4.0.6/twitter4j-core-4.0.6.jar (305 kB at 635 kB/s)
[INFO] Downloading from central: http://jcenter.bintray.com/org/json/json/20090211/json-20090211.jar
[INFO] Downloaded from central: http://jcenter.bintray.com/org/json/json/20090211/json-20090211.jar (46 kB at 1.4 MB/s)
[INFO] Downloading from central: http://jcenter.bintray.com/com/google/inject/guice/3.0/guice-3.0.jar
[INFO] Downloaded from central: http://jcenter.bintray.com/com/google/inject/guice/3.0/guice-3.0.jar (710 kB at 634 kB/s)
[INFO] Downloading from central: http://jcenter.bintray.com/javax/inject/javax.inject/1/javax.inject-1.jar
[INFO] Downloaded from central: http://jcenter.bintray.com/javax/inject/javax.inject/1/javax.inject-1.jar (2.5 kB at 89 kB/s)
[INFO] Downloading from central: http://jcenter.bintray.com/aopalliance/aopalliance/1.0/aopalliance-1.0.jar
[INFO] Downloaded from central: http://jcenter.bintray.com/aopalliance/aopalliance/1.0/aopalliance-1.0.jar (4.5 kB at 160 kB/s)
[INFO] ------------------------------------------------------------------------
[INFO] BUILD SUCCESS
[INFO] ------------------------------------------------------------------------
[INFO] Total time:  17.256 s
[INFO] Finished at: 2021-03-29T01:43:26+08:00
[INFO] ------------------------------------------------------------------------
WARNING: An illegal reflective access operation has occurred
WARNING: Illegal reflective access by com.google.inject.internal.cglib.core.$ReflectUtils$1 (file:/usr/share/maven/lib/guice.jar) to method java.lang.ClassLoader.defineClass(java.lang.String,byte[],int,int,java.security.ProtectionDomain)
WARNING: Please consider reporting this to the maintainers of com.google.inject.internal.cglib.core.$ReflectUtils$1
WARNING: Use --illegal-access=warn to enable warnings of further illegal reflective access operations
WARNING: All illegal access operations will be denied in a future release
