[INFO] Scanning for projects...
[WARNING] The POM for com.github.spotbugs:spotbugs-maven-plugin:jar:4.1.4-ZY is missing, no dependency information available
[WARNING] Failed to retrieve plugin descriptor for com.github.spotbugs:spotbugs-maven-plugin:4.1.4-ZY: Plugin com.github.spotbugs:spotbugs-maven-plugin:4.1.4-ZY or one of its dependencies could not be resolved: Failure to find com.github.spotbugs:spotbugs-maven-plugin:jar:4.1.4-ZY in https://repo.maven.apache.org/maven2 was cached in the local repository, resolution will not be reattempted until the update interval of central has elapsed or updates are forced
[INFO] 
[INFO] ------------------------< sharpen:sharpencore >-------------------------
[INFO] Building sharpencore 0.0.1-SNAPSHOT
[INFO] --------------------------------[ jar ]---------------------------------
[WARNING] The POM for com.github.spotbugs:spotbugs-maven-plugin:jar:4.1.4-ZY is missing, no dependency information available
[WARNING] Failed to retrieve plugin descriptor for com.github.spotbugs:spotbugs-maven-plugin:4.1.4-ZY: Plugin com.github.spotbugs:spotbugs-maven-plugin:4.1.4-ZY or one of its dependencies could not be resolved: Failure to find com.github.spotbugs:spotbugs-maven-plugin:jar:4.1.4-ZY in https://repo.maven.apache.org/maven2 was cached in the local repository, resolution will not be reattempted until the update interval of central has elapsed or updates are forced
[INFO] Downloading from central: https://repo.maven.apache.org/maven2/org/eclipse/jdt/org.eclipse.jdt.core/3.7.1/org.eclipse.jdt.core-3.7.1.pom
[INFO] Downloaded from central: https://repo.maven.apache.org/maven2/org/eclipse/jdt/org.eclipse.jdt.core/3.7.1/org.eclipse.jdt.core-3.7.1.pom (1.8 kB at 1.5 kB/s)
[INFO] Downloading from central: https://repo.maven.apache.org/maven2/org/eclipse/core/org.eclipse.core.resources/3.7.100/org.eclipse.core.resources-3.7.100.pom
[INFO] Downloaded from central: https://repo.maven.apache.org/maven2/org/eclipse/core/org.eclipse.core.resources/3.7.100/org.eclipse.core.resources-3.7.100.pom (1.6 kB at 4.4 kB/s)
[INFO] Downloading from central: https://repo.maven.apache.org/maven2/org/eclipse/core/org.eclipse.core.expressions/3.4.300/org.eclipse.core.expressions-3.4.300.pom
[INFO] Downloaded from central: https://repo.maven.apache.org/maven2/org/eclipse/core/org.eclipse.core.expressions/3.4.300/org.eclipse.core.expressions-3.4.300.pom (1.1 kB at 3.0 kB/s)
[INFO] Downloading from central: https://repo.maven.apache.org/maven2/org/eclipse/core/org.eclipse.core.runtime/3.7.0/org.eclipse.core.runtime-3.7.0.pom
[INFO] Downloaded from central: https://repo.maven.apache.org/maven2/org/eclipse/core/org.eclipse.core.runtime/3.7.0/org.eclipse.core.runtime-3.7.0.pom (2.3 kB at 6.1 kB/s)
[INFO] Downloading from central: https://repo.maven.apache.org/maven2/org/eclipse/osgi/org.eclipse.osgi/3.7.1/org.eclipse.osgi-3.7.1.pom
[INFO] Downloaded from central: https://repo.maven.apache.org/maven2/org/eclipse/osgi/org.eclipse.osgi/3.7.1/org.eclipse.osgi-3.7.1.pom (868 B at 2.4 kB/s)
[INFO] Downloading from central: https://repo.maven.apache.org/maven2/org/eclipse/equinox/org.eclipse.equinox.common/3.6.0/org.eclipse.equinox.common-3.6.0.pom
[INFO] Downloaded from central: https://repo.maven.apache.org/maven2/org/eclipse/equinox/org.eclipse.equinox.common/3.6.0/org.eclipse.equinox.common-3.6.0.pom (1.0 kB at 2.8 kB/s)
[INFO] Downloading from central: https://repo.maven.apache.org/maven2/org/eclipse/core/org.eclipse.core.jobs/3.5.100/org.eclipse.core.jobs-3.5.100.pom
[INFO] Downloaded from central: https://repo.maven.apache.org/maven2/org/eclipse/core/org.eclipse.core.jobs/3.5.100/org.eclipse.core.jobs-3.5.100.pom (1.1 kB at 2.9 kB/s)
[INFO] Downloading from central: https://repo.maven.apache.org/maven2/org/eclipse/equinox/org.eclipse.equinox.registry/3.5.101/org.eclipse.equinox.registry-3.5.101.pom
[INFO] Downloaded from central: https://repo.maven.apache.org/maven2/org/eclipse/equinox/org.eclipse.equinox.registry/3.5.101/org.eclipse.equinox.registry-3.5.101.pom (1.2 kB at 3.2 kB/s)
[INFO] Downloading from central: https://repo.maven.apache.org/maven2/org/eclipse/equinox/org.eclipse.equinox.preferences/3.4.1/org.eclipse.equinox.preferences-3.4.1.pom
[INFO] Downloaded from central: https://repo.maven.apache.org/maven2/org/eclipse/equinox/org.eclipse.equinox.preferences/3.4.1/org.eclipse.equinox.preferences-3.4.1.pom (1.3 kB at 3.6 kB/s)
[INFO] Downloading from central: https://repo.maven.apache.org/maven2/org/eclipse/core/org.eclipse.core.contenttype/3.4.100/org.eclipse.core.contenttype-3.4.100.pom
[INFO] Downloaded from central: https://repo.maven.apache.org/maven2/org/eclipse/core/org.eclipse.core.contenttype/3.4.100/org.eclipse.core.contenttype-3.4.100.pom (1.5 kB at 4.0 kB/s)
[INFO] Downloading from central: https://repo.maven.apache.org/maven2/org/eclipse/equinox/org.eclipse.equinox.app/1.3.100/org.eclipse.equinox.app-1.3.100.pom
[INFO] Downloaded from central: https://repo.maven.apache.org/maven2/org/eclipse/equinox/org.eclipse.equinox.app/1.3.100/org.eclipse.equinox.app-1.3.100.pom (782 B at 2.1 kB/s)
[INFO] Downloading from central: https://repo.maven.apache.org/maven2/org/eclipse/core/org.eclipse.core.filesystem/1.3.100/org.eclipse.core.filesystem-1.3.100.pom
[INFO] Downloaded from central: https://repo.maven.apache.org/maven2/org/eclipse/core/org.eclipse.core.filesystem/1.3.100/org.eclipse.core.filesystem-1.3.100.pom (1.4 kB at 3.9 kB/s)
[INFO] Downloading from central: https://repo.maven.apache.org/maven2/org/eclipse/text/org.eclipse.text/3.5.101/org.eclipse.text-3.5.101.pom
[INFO] Downloaded from central: https://repo.maven.apache.org/maven2/org/eclipse/text/org.eclipse.text/3.5.101/org.eclipse.text-3.5.101.pom (1.2 kB at 3.4 kB/s)
[INFO] Downloading from central: https://repo.maven.apache.org/maven2/org/eclipse/core/org.eclipse.core.commands/3.6.0/org.eclipse.core.commands-3.6.0.pom
[INFO] Downloaded from central: https://repo.maven.apache.org/maven2/org/eclipse/core/org.eclipse.core.commands/3.6.0/org.eclipse.core.commands-3.6.0.pom (896 B at 2.4 kB/s)
[INFO] Downloading from central: https://repo.maven.apache.org/maven2/org/eclipse/core/runtime/3.10.0-v20140318-2214/runtime-3.10.0-v20140318-2214.pom
[INFO] Downloaded from central: https://repo.maven.apache.org/maven2/org/eclipse/core/runtime/3.10.0-v20140318-2214/runtime-3.10.0-v20140318-2214.pom (2.7 kB at 7.3 kB/s)
[INFO] Downloading from central: https://repo.maven.apache.org/maven2/org/eclipse/osgi/maven-metadata.xml
[INFO] Downloaded from central: https://repo.maven.apache.org/maven2/org/eclipse/osgi/maven-metadata.xml (611 B at 1.7 kB/s)
[INFO] Downloading from central: https://repo.maven.apache.org/maven2/org/eclipse/osgi/3.9.1-v20130814-1242/osgi-3.9.1-v20130814-1242.pom
[INFO] Downloaded from central: https://repo.maven.apache.org/maven2/org/eclipse/osgi/3.9.1-v20130814-1242/osgi-3.9.1-v20130814-1242.pom (807 B at 2.2 kB/s)
[INFO] Downloading from central: https://repo.maven.apache.org/maven2/org/eclipse/osgi/3.9.1-v20140110-1610/osgi-3.9.1-v20140110-1610.pom
[INFO] Downloaded from central: https://repo.maven.apache.org/maven2/org/eclipse/osgi/3.9.1-v20140110-1610/osgi-3.9.1-v20140110-1610.pom (807 B at 2.2 kB/s)
[INFO] Downloading from central: https://repo.maven.apache.org/maven2/org/eclipse/osgi/3.10.0-v20140606-1445/osgi-3.10.0-v20140606-1445.pom
[INFO] Downloaded from central: https://repo.maven.apache.org/maven2/org/eclipse/osgi/3.10.0-v20140606-1445/osgi-3.10.0-v20140606-1445.pom (808 B at 2.2 kB/s)
[INFO] Downloading from central: https://repo.maven.apache.org/maven2/org/eclipse/equinox/common/maven-metadata.xml
[INFO] Downloaded from central: https://repo.maven.apache.org/maven2/org/eclipse/equinox/common/maven-metadata.xml (383 B at 1.0 kB/s)
[INFO] Downloading from central: https://repo.maven.apache.org/maven2/org/eclipse/equinox/common/3.6.200-v20130402-1505/common-3.6.200-v20130402-1505.pom
[INFO] Downloaded from central: https://repo.maven.apache.org/maven2/org/eclipse/equinox/common/3.6.200-v20130402-1505/common-3.6.200-v20130402-1505.pom (837 B at 2.3 kB/s)
[INFO] Downloading from central: https://repo.maven.apache.org/maven2/org/eclipse/core/jobs/maven-metadata.xml
[INFO] Downloaded from central: https://repo.maven.apache.org/maven2/org/eclipse/core/jobs/maven-metadata.xml (420 B at 1.1 kB/s)
[INFO] Downloading from central: https://repo.maven.apache.org/maven2/org/eclipse/core/jobs/3.5.300-v20130429-1813/jobs-3.5.300-v20130429-1813.pom
[INFO] Downloaded from central: https://repo.maven.apache.org/maven2/org/eclipse/core/jobs/3.5.300-v20130429-1813/jobs-3.5.300-v20130429-1813.pom (1.1 kB at 2.4 kB/s)
[INFO] Downloading from central: https://repo.maven.apache.org/maven2/org/eclipse/core/jobs/3.6.0-v20140424-0053/jobs-3.6.0-v20140424-0053.pom
[INFO] Downloaded from central: https://repo.maven.apache.org/maven2/org/eclipse/core/jobs/3.6.0-v20140424-0053/jobs-3.6.0-v20140424-0053.pom (1.1 kB at 2.9 kB/s)
[INFO] Downloading from central: https://repo.maven.apache.org/maven2/org/eclipse/equinox/registry/maven-metadata.xml
[INFO] Downloaded from central: https://repo.maven.apache.org/maven2/org/eclipse/equinox/registry/maven-metadata.xml (433 B at 1.1 kB/s)
[INFO] Downloading from central: https://repo.maven.apache.org/maven2/org/eclipse/equinox/registry/3.5.301-v20130717-1549/registry-3.5.301-v20130717-1549.pom
[INFO] Downloaded from central: https://repo.maven.apache.org/maven2/org/eclipse/equinox/registry/3.5.301-v20130717-1549/registry-3.5.301-v20130717-1549.pom (1.1 kB at 2.9 kB/s)
[INFO] Downloading from central: https://repo.maven.apache.org/maven2/org/eclipse/equinox/registry/3.5.400-v20140428-1507/registry-3.5.400-v20140428-1507.pom
[INFO] Downloaded from central: https://repo.maven.apache.org/maven2/org/eclipse/equinox/registry/3.5.400-v20140428-1507/registry-3.5.400-v20140428-1507.pom (1.1 kB at 2.9 kB/s)
[INFO] Downloading from central: https://repo.maven.apache.org/maven2/org/eclipse/equinox/preferences/maven-metadata.xml
[INFO] Downloaded from central: https://repo.maven.apache.org/maven2/org/eclipse/equinox/preferences/maven-metadata.xml (436 B at 1.2 kB/s)
[INFO] Downloading from central: https://repo.maven.apache.org/maven2/org/eclipse/equinox/preferences/3.5.100-v20130422-1538/preferences-3.5.100-v20130422-1538.pom
[INFO] Downloaded from central: https://repo.maven.apache.org/maven2/org/eclipse/equinox/preferences/3.5.100-v20130422-1538/preferences-3.5.100-v20130422-1538.pom (1.3 kB at 3.4 kB/s)
[INFO] Downloading from central: https://repo.maven.apache.org/maven2/org/eclipse/equinox/preferences/3.5.200-v20140224-1527/preferences-3.5.200-v20140224-1527.pom
[INFO] Downloaded from central: https://repo.maven.apache.org/maven2/org/eclipse/equinox/preferences/3.5.200-v20140224-1527/preferences-3.5.200-v20140224-1527.pom (1.3 kB at 3.5 kB/s)
[INFO] Downloading from central: https://repo.maven.apache.org/maven2/org/eclipse/core/contenttype/maven-metadata.xml
[INFO] Downloaded from central: https://repo.maven.apache.org/maven2/org/eclipse/core/contenttype/maven-metadata.xml (433 B at 1.2 kB/s)
[INFO] Downloading from central: https://repo.maven.apache.org/maven2/org/eclipse/core/contenttype/3.4.200-v20130326-1255/contenttype-3.4.200-v20130326-1255.pom
[INFO] Downloaded from central: https://repo.maven.apache.org/maven2/org/eclipse/core/contenttype/3.4.200-v20130326-1255/contenttype-3.4.200-v20130326-1255.pom (1.5 kB at 3.8 kB/s)
[INFO] Downloading from central: https://repo.maven.apache.org/maven2/org/eclipse/core/contenttype/3.4.200-v20140207-1251/contenttype-3.4.200-v20140207-1251.pom
[INFO] Downloaded from central: https://repo.maven.apache.org/maven2/org/eclipse/core/contenttype/3.4.200-v20140207-1251/contenttype-3.4.200-v20140207-1251.pom (1.5 kB at 4.0 kB/s)
[INFO] Downloading from central: https://repo.maven.apache.org/maven2/org/eclipse/equinox/app/maven-metadata.xml
[INFO] Downloaded from central: https://repo.maven.apache.org/maven2/org/eclipse/equinox/app/maven-metadata.xml (428 B at 1.1 kB/s)
[INFO] Downloading from central: https://repo.maven.apache.org/maven2/org/eclipse/equinox/app/1.3.100-v20130327-1442/app-1.3.100-v20130327-1442.pom
[INFO] Downloaded from central: https://repo.maven.apache.org/maven2/org/eclipse/equinox/app/1.3.100-v20130327-1442/app-1.3.100-v20130327-1442.pom (1.3 kB at 3.5 kB/s)
[INFO] Downloading from central: https://repo.maven.apache.org/maven2/org/eclipse/equinox/app/1.3.200-v20130910-1609/app-1.3.200-v20130910-1609.pom
[INFO] Downloaded from central: https://repo.maven.apache.org/maven2/org/eclipse/equinox/app/1.3.200-v20130910-1609/app-1.3.200-v20130910-1609.pom (1.3 kB at 3.5 kB/s)
[INFO] Downloading from central: https://repo.maven.apache.org/maven2/org/eclipse/osgi/org.eclipse.osgi/3.6.0.v20100517/org.eclipse.osgi-3.6.0.v20100517.pom
[INFO] Downloaded from central: https://repo.maven.apache.org/maven2/org/eclipse/osgi/org.eclipse.osgi/3.6.0.v20100517/org.eclipse.osgi-3.6.0.v20100517.pom (699 B at 1.9 kB/s)
[INFO] Downloading from central: https://repo.maven.apache.org/maven2/org/eclipse/org.eclipse.eclipse/3.6.0.v20100505/org.eclipse.eclipse-3.6.0.v20100505.pom
[INFO] Downloaded from central: https://repo.maven.apache.org/maven2/org/eclipse/org.eclipse.eclipse/3.6.0.v20100505/org.eclipse.eclipse-3.6.0.v20100505.pom (4.1 kB at 11 kB/s)
[INFO] Downloading from central: https://repo.maven.apache.org/maven2/junit/junit/4.4/junit-4.4.pom
[INFO] Downloaded from central: https://repo.maven.apache.org/maven2/junit/junit/4.4/junit-4.4.pom (1.2 kB at 3.4 kB/s)
[INFO] Downloading from central: https://repo.maven.apache.org/maven2/org/eclipse/jdt/org.eclipse.jdt.core/3.7.1/org.eclipse.jdt.core-3.7.1.jar
[INFO] Downloading from central: https://repo.maven.apache.org/maven2/org/eclipse/core/org.eclipse.core.expressions/3.4.300/org.eclipse.core.expressions-3.4.300.jar
[INFO] Downloading from central: https://repo.maven.apache.org/maven2/org/eclipse/core/org.eclipse.core.resources/3.7.100/org.eclipse.core.resources-3.7.100.jar
[INFO] Downloading from central: https://repo.maven.apache.org/maven2/org/eclipse/equinox/org.eclipse.equinox.common/3.6.0/org.eclipse.equinox.common-3.6.0.jar
[INFO] Downloading from central: https://repo.maven.apache.org/maven2/org/eclipse/core/org.eclipse.core.runtime/3.7.0/org.eclipse.core.runtime-3.7.0.jar
[INFO] Downloaded from central: https://repo.maven.apache.org/maven2/org/eclipse/core/org.eclipse.core.runtime/3.7.0/org.eclipse.core.runtime-3.7.0.jar (71 kB at 74 kB/s)
[INFO] Downloaded from central: https://repo.maven.apache.org/maven2/org/eclipse/core/org.eclipse.core.expressions/3.4.300/org.eclipse.core.expressions-3.4.300.jar (87 kB at 91 kB/s)
[INFO] Downloading from central: https://repo.maven.apache.org/maven2/org/eclipse/core/org.eclipse.core.jobs/3.5.100/org.eclipse.core.jobs-3.5.100.jar
[INFO] Downloading from central: https://repo.maven.apache.org/maven2/org/eclipse/equinox/org.eclipse.equinox.registry/3.5.101/org.eclipse.equinox.registry-3.5.101.jar
[INFO] Downloaded from central: https://repo.maven.apache.org/maven2/org/eclipse/equinox/org.eclipse.equinox.common/3.6.0/org.eclipse.equinox.common-3.6.0.jar (106 kB at 96 kB/s)
[INFO] Downloading from central: https://repo.maven.apache.org/maven2/org/eclipse/equinox/org.eclipse.equinox.preferences/3.4.1/org.eclipse.equinox.preferences-3.4.1.jar
[INFO] Downloaded from central: https://repo.maven.apache.org/maven2/org/eclipse/core/org.eclipse.core.jobs/3.5.100/org.eclipse.core.jobs-3.5.100.jar (91 kB at 61 kB/s)
[INFO] Downloading from central: https://repo.maven.apache.org/maven2/org/eclipse/core/org.eclipse.core.contenttype/3.4.100/org.eclipse.core.contenttype-3.4.100.jar
[INFO] Downloaded from central: https://repo.maven.apache.org/maven2/org/eclipse/equinox/org.eclipse.equinox.preferences/3.4.1/org.eclipse.equinox.preferences-3.4.1.jar (112 kB at 72 kB/s)
[INFO] Downloaded from central: https://repo.maven.apache.org/maven2/org/eclipse/equinox/org.eclipse.equinox.registry/3.5.101/org.eclipse.equinox.registry-3.5.101.jar (183 kB at 119 kB/s)
[INFO] Downloading from central: https://repo.maven.apache.org/maven2/org/eclipse/equinox/org.eclipse.equinox.app/1.3.100/org.eclipse.equinox.app-1.3.100.jar
[INFO] Downloading from central: https://repo.maven.apache.org/maven2/org/eclipse/core/org.eclipse.core.filesystem/1.3.100/org.eclipse.core.filesystem-1.3.100.jar
[INFO] Downloaded from central: https://repo.maven.apache.org/maven2/org/eclipse/core/org.eclipse.core.contenttype/3.4.100/org.eclipse.core.contenttype-3.4.100.jar (92 kB at 48 kB/s)
[INFO] Downloading from central: https://repo.maven.apache.org/maven2/org/eclipse/text/org.eclipse.text/3.5.101/org.eclipse.text-3.5.101.jar
[INFO] Downloaded from central: https://repo.maven.apache.org/maven2/org/eclipse/core/org.eclipse.core.filesystem/1.3.100/org.eclipse.core.filesystem-1.3.100.jar (53 kB at 27 kB/s)
[INFO] Downloading from central: https://repo.maven.apache.org/maven2/org/eclipse/core/org.eclipse.core.commands/3.6.0/org.eclipse.core.commands-3.6.0.jar
[INFO] Downloaded from central: https://repo.maven.apache.org/maven2/org/eclipse/equinox/org.eclipse.equinox.app/1.3.100/org.eclipse.equinox.app-1.3.100.jar (85 kB at 41 kB/s)
[INFO] Downloading from central: https://repo.maven.apache.org/maven2/org/eclipse/core/runtime/3.10.0-v20140318-2214/runtime-3.10.0-v20140318-2214.jar
[INFO] Downloaded from central: https://repo.maven.apache.org/maven2/org/eclipse/jdt/org.eclipse.jdt.core/3.7.1/org.eclipse.jdt.core-3.7.1.jar (4.6 MB at 2.0 MB/s)
[INFO] Downloading from central: https://repo.maven.apache.org/maven2/org/eclipse/osgi/3.10.0-v20140606-1445/osgi-3.10.0-v20140606-1445.jar
[INFO] Downloaded from central: https://repo.maven.apache.org/maven2/org/eclipse/core/org.eclipse.core.commands/3.6.0/org.eclipse.core.commands-3.6.0.jar (107 kB at 45 kB/s)
[INFO] Downloading from central: https://repo.maven.apache.org/maven2/org/eclipse/core/jobs/3.6.0-v20140424-0053/jobs-3.6.0-v20140424-0053.jar
[INFO] Downloaded from central: https://repo.maven.apache.org/maven2/org/eclipse/text/org.eclipse.text/3.5.101/org.eclipse.text-3.5.101.jar (248 kB at 99 kB/s)
[INFO] Downloading from central: https://repo.maven.apache.org/maven2/org/eclipse/equinox/registry/3.5.400-v20140428-1507/registry-3.5.400-v20140428-1507.jar
[INFO] Downloaded from central: https://repo.maven.apache.org/maven2/org/eclipse/core/runtime/3.10.0-v20140318-2214/runtime-3.10.0-v20140318-2214.jar (75 kB at 30 kB/s)
[INFO] Downloading from central: https://repo.maven.apache.org/maven2/org/eclipse/equinox/preferences/3.5.200-v20140224-1527/preferences-3.5.200-v20140224-1527.jar
[INFO] Downloaded from central: https://repo.maven.apache.org/maven2/org/eclipse/core/jobs/3.6.0-v20140424-0053/jobs-3.6.0-v20140424-0053.jar (98 kB at 35 kB/s)
[INFO] Downloading from central: https://repo.maven.apache.org/maven2/org/eclipse/core/contenttype/3.4.200-v20140207-1251/contenttype-3.4.200-v20140207-1251.jar
[INFO] Downloaded from central: https://repo.maven.apache.org/maven2/org/eclipse/equinox/registry/3.5.400-v20140428-1507/registry-3.5.400-v20140428-1507.jar (184 kB at 61 kB/s)
[INFO] Downloading from central: https://repo.maven.apache.org/maven2/org/eclipse/equinox/app/1.3.200-v20130910-1609/app-1.3.200-v20130910-1609.jar
[INFO] Downloaded from central: https://repo.maven.apache.org/maven2/org/eclipse/osgi/3.10.0-v20140606-1445/osgi-3.10.0-v20140606-1445.jar (1.3 MB at 419 kB/s)
[INFO] Downloading from central: https://repo.maven.apache.org/maven2/org/eclipse/equinox/common/3.6.200-v20130402-1505/common-3.6.200-v20130402-1505.jar
[INFO] Downloaded from central: https://repo.maven.apache.org/maven2/org/eclipse/equinox/preferences/3.5.200-v20140224-1527/preferences-3.5.200-v20140224-1527.jar (127 kB at 41 kB/s)
[INFO] Downloading from central: https://repo.maven.apache.org/maven2/org/eclipse/osgi/org.eclipse.osgi/3.6.0.v20100517/org.eclipse.osgi-3.6.0.v20100517.jar
[INFO] Downloaded from central: https://repo.maven.apache.org/maven2/org/eclipse/core/contenttype/3.4.200-v20140207-1251/contenttype-3.4.200-v20140207-1251.jar (94 kB at 30 kB/s)
[INFO] Downloading from central: https://repo.maven.apache.org/maven2/junit/junit/4.4/junit-4.4.jar
[INFO] Downloaded from central: https://repo.maven.apache.org/maven2/org/eclipse/equinox/common/3.6.200-v20130402-1505/common-3.6.200-v20130402-1505.jar (107 kB at 31 kB/s)
[INFO] Downloaded from central: https://repo.maven.apache.org/maven2/org/eclipse/equinox/app/1.3.200-v20130910-1609/app-1.3.200-v20130910-1609.jar (86 kB at 25 kB/s)
[INFO] Downloaded from central: https://repo.maven.apache.org/maven2/junit/junit/4.4/junit-4.4.jar (161 kB at 45 kB/s)
[INFO] Downloaded from central: https://repo.maven.apache.org/maven2/org/eclipse/core/org.eclipse.core.resources/3.7.100/org.eclipse.core.resources-3.7.100.jar (810 kB at 208 kB/s)
[INFO] Downloaded from central: https://repo.maven.apache.org/maven2/org/eclipse/osgi/org.eclipse.osgi/3.6.0.v20100517/org.eclipse.osgi-3.6.0.v20100517.jar (1.1 MB at 224 kB/s)
[INFO] 
[INFO] --- maven-clean-plugin:2.5:clean (default-clean) @ sharpencore ---
[INFO] Deleting /home/codegex/Documents/workspace/rbugs/experiment/top100repos/sharpen/src/target
[INFO] 
[INFO] --- maven-resources-plugin:2.6:resources (default-resources) @ sharpencore ---
[INFO] Using 'UTF-8' encoding to copy filtered resources.
[INFO] Copying 496 resources
[INFO] 
[INFO] --- maven-compiler-plugin:3.1:compile (default-compile) @ sharpencore ---
[INFO] Changes detected - recompiling the module!
[INFO] Compiling 158 source files to /home/codegex/Documents/workspace/rbugs/experiment/top100repos/sharpen/src/target/classes
[INFO] -------------------------------------------------------------
[ERROR] COMPILATION ERROR : 
[INFO] -------------------------------------------------------------
[ERROR] Source option 5 is no longer supported. Use 6 or later.
[ERROR] Target option 1.5 is no longer supported. Use 1.6 or later.
[INFO] 2 errors 
[INFO] -------------------------------------------------------------
[INFO] ------------------------------------------------------------------------
[INFO] BUILD FAILURE
[INFO] ------------------------------------------------------------------------
[INFO] Total time:  21.398 s
[INFO] Finished at: 2021-03-27T23:47:18+08:00
[INFO] ------------------------------------------------------------------------
[ERROR] Failed to execute goal org.apache.maven.plugins:maven-compiler-plugin:3.1:compile (default-compile) on project sharpencore: Compilation failure: Compilation failure: 
[ERROR] Source option 5 is no longer supported. Use 6 or later.
[ERROR] Target option 1.5 is no longer supported. Use 1.6 or later.
[ERROR] -> [Help 1]
[ERROR] 
[ERROR] To see the full stack trace of the errors, re-run Maven with the -e switch.
[ERROR] Re-run Maven using the -X switch to enable full debug logging.
[ERROR] 
[ERROR] For more information about the errors and possible solutions, please read the following articles:
[ERROR] [Help 1] http://cwiki.apache.org/confluence/display/MAVEN/MojoFailureException
[INFO] Build failures were ignored.
WARNING: An illegal reflective access operation has occurred
WARNING: Illegal reflective access by com.google.inject.internal.cglib.core.$ReflectUtils$1 (file:/usr/share/maven/lib/guice.jar) to method java.lang.ClassLoader.defineClass(java.lang.String,byte[],int,int,java.security.ProtectionDomain)
WARNING: Please consider reporting this to the maintainers of com.google.inject.internal.cglib.core.$ReflectUtils$1
WARNING: Use --illegal-access=warn to enable warnings of further illegal reflective access operations
WARNING: All illegal access operations will be denied in a future release
