[INFO] Scanning for projects...
[INFO] 
[INFO] ------< com.danielmichalski:spring-boot-java-swing-reservations >-------
[INFO] Building Spring Boot Java Swing Reservations 1.0.0-SNAPSHOT
[INFO] --------------------------------[ jar ]---------------------------------
[INFO] 
[INFO] --- maven-clean-plugin:3.1.0:clean (default-clean) @ spring-boot-java-swing-reservations ---
[INFO] Deleting /home/codegex/Documents/workspace/rbugs/experiment/top100repos/spring-boot-java-swing-reservations/target
[INFO] 
[INFO] --- maven-resources-plugin:3.1.0:resources (default-resources) @ spring-boot-java-swing-reservations ---
[INFO] Using 'UTF-8' encoding to copy filtered resources.
[INFO] Copying 1 resource
[INFO] Copying 24 resources
[INFO] 
[INFO] --- maven-compiler-plugin:3.8.1:compile (default-compile) @ spring-boot-java-swing-reservations ---
[INFO] Changes detected - recompiling the module!
[INFO] Compiling 194 source files to /home/codegex/Documents/workspace/rbugs/experiment/top100repos/spring-boot-java-swing-reservations/target/classes
[INFO] /home/codegex/Documents/workspace/rbugs/experiment/top100repos/spring-boot-java-swing-reservations/src/main/java/com/danielmichalski/reservations/business/ui/shared/model/DefaultAbstractComboBoxModel.java: /home/codegex/Documents/workspace/rbugs/experiment/top100repos/spring-boot-java-swing-reservations/src/main/java/com/danielmichalski/reservations/business/ui/shared/model/DefaultAbstractComboBoxModel.java使用了未经检查或不安全的操作。
[INFO] /home/codegex/Documents/workspace/rbugs/experiment/top100repos/spring-boot-java-swing-reservations/src/main/java/com/danielmichalski/reservations/business/ui/shared/model/DefaultAbstractComboBoxModel.java: 有关详细信息, 请使用 -Xlint:unchecked 重新编译。
[INFO] 
[INFO] --- maven-checkstyle-plugin:3.1.0:check (verify-style) @ spring-boot-java-swing-reservations ---
[INFO] 
[INFO] >>> findbugs-maven-plugin:3.0.5:check (analyze-compile) > :findbugs @ spring-boot-java-swing-reservations >>>
[INFO] 
[INFO] --- findbugs-maven-plugin:3.0.5:findbugs (findbugs) @ spring-boot-java-swing-reservations ---
[INFO] Fork Value is true
     [java] WARNING: An illegal reflective access operation has occurred
     [java] WARNING: Illegal reflective access by org.dom4j.io.SAXContentHandler (file:/home/codegex/.m2/repository/dom4j/dom4j/1.6.1/dom4j-1.6.1.jar) to method com.sun.org.apache.xerces.internal.parsers.AbstractSAXParser$LocatorProxy.getEncoding()
     [java] WARNING: Please consider reporting this to the maintainers of org.dom4j.io.SAXContentHandler
     [java] WARNING: Use --illegal-access=warn to enable warnings of further illegal reflective access operations
     [java] WARNING: All illegal access operations will be denied in a future release
     [java] The following classes needed for analysis were missing:
     [java]   java.lang.Object
     [java]   java.io.Serializable
     [java]   java.lang.annotation.Annotation
     [java]   javax.swing.table.AbstractTableModel
     [java]   javax.swing.DefaultComboBoxModel
     [java]   javax.swing.JFrame
     [java]   javax.swing.JPanel
     [java]   javax.swing.JDialog
     [java]   java.lang.String
     [java]   java.awt.Component
     [java]   java.lang.StringBuilder
     [java]   javax.swing.border.Border
     [java]   java.awt.GridLayout
     [java]   java.awt.LayoutManager
     [java]   javax.swing.JLabel
     [java]   javax.swing.JComboBox
     [java]   javax.swing.JTextField
     [java]   java.lang.Long
     [java]   java.lang.Integer
     [java]   java.awt.event.ActionEvent
     [java]   java.util.Optional
     [java]   javax.swing.JTable
     [java]   javax.swing.JOptionPane
     [java]   java.util.Date
     [java]   javax.swing.JButton
     [java]   javax.swing.UIManager
     [java]   java.util.List
     [java]   javax.swing.SpinnerNumberModel
     [java]   javax.swing.JSpinner
     [java]   javax.swing.JRootPane
     [java]   java.awt.BorderLayout
     [java]   javax.swing.JScrollPane
     [java]   java.util.stream.Stream
     [java]   java.util.stream.Collectors
     [java]   javax.swing.BorderFactory
     [java]   java.text.SimpleDateFormat
     [java]   javax.swing.SwingUtilities
     [java]   java.util.Properties
     [java]   java.util.Objects
     [java]   java.util.Map
     [java]   java.lang.NoSuchFieldError
     [java]   javax.swing.WindowConstants
     [java]   java.lang.UnsatisfiedLinkError
     [java]   java.lang.IllegalAccessError
     [java]   java.lang.NoSuchMethodError
     [java]   java.lang.IncompatibleClassChangeError
     [java]   java.lang.Error
     [java]   java.lang.Exception
     [java]   java.lang.NoClassDefFoundError
     [java]   javax.swing.ListSelectionModel
     [java]   java.lang.NullPointerException
     [java]   java.lang.invoke.LambdaMetafactory
     [java]   java.lang.invoke.MethodHandles$Lookup
     [java]   java.lang.invoke.MethodHandles
     [java]   java.lang.AbstractMethodError
     [java]   java.lang.NumberFormatException
     [java]   java.lang.ClassFormatError
     [java]   java.lang.VerifyError
     [java]   java.lang.ExceptionInInitializerError
     [java]   java.lang.ClassCastException
     [java] Missing classes: 38
[INFO] Done FindBugs Analysis....
[INFO] 
[INFO] <<< findbugs-maven-plugin:3.0.5:check (analyze-compile) < :findbugs @ spring-boot-java-swing-reservations <<<
[INFO] 
[INFO] 
[INFO] --- findbugs-maven-plugin:3.0.5:check (analyze-compile) @ spring-boot-java-swing-reservations ---
[INFO] BugInstance size is 0
[INFO] Error size is 0
[INFO] No errors/warnings found
[INFO] 
[INFO] --- maven-resources-plugin:3.1.0:testResources (default-testResources) @ spring-boot-java-swing-reservations ---
[INFO] Using 'UTF-8' encoding to copy filtered resources.
[INFO] skip non existing resourceDirectory /home/codegex/Documents/workspace/rbugs/experiment/top100repos/spring-boot-java-swing-reservations/src/test/resources
[INFO] 
[INFO] --- maven-compiler-plugin:3.8.1:testCompile (default-testCompile) @ spring-boot-java-swing-reservations ---
[INFO] No sources to compile
[INFO] 
[INFO] --- maven-surefire-plugin:2.22.2:test (default-test) @ spring-boot-java-swing-reservations ---
[INFO] Tests are skipped.
[INFO] 
[INFO] --- maven-jar-plugin:3.2.0:jar (default-jar) @ spring-boot-java-swing-reservations ---
[INFO] Building jar: /home/codegex/Documents/workspace/rbugs/experiment/top100repos/spring-boot-java-swing-reservations/target/spring-boot-java-swing-reservations-1.0.0-SNAPSHOT.jar
[INFO] 
[INFO] --- spring-boot-maven-plugin:2.3.2.RELEASE:repackage (repackage) @ spring-boot-java-swing-reservations ---
[INFO] Downloading from central: https://repo.maven.apache.org/maven2/com/fasterxml/jackson/core/jackson-databind/2.11.1/jackson-databind-2.11.1.pom
[INFO] Downloaded from central: https://repo.maven.apache.org/maven2/com/fasterxml/jackson/core/jackson-databind/2.11.1/jackson-databind-2.11.1.pom (0 B at 0 B/s)
[INFO] Downloading from central: https://repo.maven.apache.org/maven2/com/fasterxml/jackson/core/jackson-annotations/2.11.1/jackson-annotations-2.11.1.pom
[INFO] Downloaded from central: https://repo.maven.apache.org/maven2/com/fasterxml/jackson/core/jackson-annotations/2.11.1/jackson-annotations-2.11.1.pom (0 B at 0 B/s)
[INFO] Downloading from central: https://repo.maven.apache.org/maven2/com/fasterxml/jackson/core/jackson-core/2.11.1/jackson-core-2.11.1.pom
[INFO] Downloaded from central: https://repo.maven.apache.org/maven2/com/fasterxml/jackson/core/jackson-core/2.11.1/jackson-core-2.11.1.pom (0 B at 0 B/s)
[INFO] Downloading from central: https://repo.maven.apache.org/maven2/com/fasterxml/jackson/core/jackson-databind/2.11.1/jackson-databind-2.11.1.jar
[INFO] Downloading from central: https://repo.maven.apache.org/maven2/com/fasterxml/jackson/core/jackson-annotations/2.11.1/jackson-annotations-2.11.1.jar
[INFO] Downloading from central: https://repo.maven.apache.org/maven2/com/fasterxml/jackson/core/jackson-core/2.11.1/jackson-core-2.11.1.jar
[INFO] Downloaded from central: https://repo.maven.apache.org/maven2/com/fasterxml/jackson/core/jackson-databind/2.11.1/jackson-databind-2.11.1.jar (0 B at 0 B/s)
[INFO] Downloaded from central: https://repo.maven.apache.org/maven2/com/fasterxml/jackson/core/jackson-core/2.11.1/jackson-core-2.11.1.jar (0 B at 0 B/s)
[INFO] Downloaded from central: https://repo.maven.apache.org/maven2/com/fasterxml/jackson/core/jackson-annotations/2.11.1/jackson-annotations-2.11.1.jar (0 B at 0 B/s)
[INFO] Replacing main artifact with repackaged archive
[INFO] 
[INFO] --- maven-install-plugin:2.5.2:install (default-install) @ spring-boot-java-swing-reservations ---
[INFO] Installing /home/codegex/Documents/workspace/rbugs/experiment/top100repos/spring-boot-java-swing-reservations/target/spring-boot-java-swing-reservations-1.0.0-SNAPSHOT.jar to /home/codegex/.m2/repository/com/danielmichalski/spring-boot-java-swing-reservations/1.0.0-SNAPSHOT/spring-boot-java-swing-reservations-1.0.0-SNAPSHOT.jar
[INFO] Installing /home/codegex/Documents/workspace/rbugs/experiment/top100repos/spring-boot-java-swing-reservations/pom.xml to /home/codegex/.m2/repository/com/danielmichalski/spring-boot-java-swing-reservations/1.0.0-SNAPSHOT/spring-boot-java-swing-reservations-1.0.0-SNAPSHOT.pom
[INFO] ------------------------------------------------------------------------
[INFO] BUILD SUCCESS
[INFO] ------------------------------------------------------------------------
[INFO] Total time:  13.391 s
[INFO] Finished at: 2022-01-16T11:22:31+08:00
[INFO] ------------------------------------------------------------------------
WARNING: An illegal reflective access operation has occurred
WARNING: Illegal reflective access by com.google.inject.internal.cglib.core.$ReflectUtils$1 (file:/usr/share/maven/lib/guice.jar) to method java.lang.ClassLoader.defineClass(java.lang.String,byte[],int,int,java.security.ProtectionDomain)
WARNING: Please consider reporting this to the maintainers of com.google.inject.internal.cglib.core.$ReflectUtils$1
WARNING: Use --illegal-access=warn to enable warnings of further illegal reflective access operations
WARNING: All illegal access operations will be denied in a future release
