[INFO] Scanning for projects...
[INFO] 
[INFO] ------------------< io.jonashackt:spring-boot-graal >-------------------
[INFO] Building spring-boot-graal 0.0.1-SNAPSHOT
[INFO] --------------------------------[ jar ]---------------------------------
[INFO] 
[INFO] --- maven-clean-plugin:3.1.0:clean (default-clean) @ spring-boot-graal ---
[INFO] Deleting /home/codegex/Documents/workspace/rbugs/experiment/top100repos/spring-boot-graalvm/target
[INFO] 
[INFO] --- maven-resources-plugin:3.2.0:resources (default-resources) @ spring-boot-graal ---
[INFO] Using 'UTF-8' encoding to copy filtered resources.
[INFO] Using 'UTF-8' encoding to copy filtered properties files.
[INFO] skip non existing resourceDirectory /home/codegex/Documents/workspace/rbugs/experiment/top100repos/spring-boot-graalvm/src/main/resources
[INFO] skip non existing resourceDirectory /home/codegex/Documents/workspace/rbugs/experiment/top100repos/spring-boot-graalvm/src/main/resources
[INFO] 
[INFO] --- maven-compiler-plugin:3.8.1:compile (default-compile) @ spring-boot-graal ---
[INFO] Changes detected - recompiling the module!
[INFO] Compiling 3 source files to /home/codegex/Documents/workspace/rbugs/experiment/top100repos/spring-boot-graalvm/target/classes
[INFO] 
[INFO] --- maven-resources-plugin:3.2.0:testResources (default-testResources) @ spring-boot-graal ---
[INFO] Using 'UTF-8' encoding to copy filtered resources.
[INFO] Using 'UTF-8' encoding to copy filtered properties files.
[INFO] skip non existing resourceDirectory /home/codegex/Documents/workspace/rbugs/experiment/top100repos/spring-boot-graalvm/src/test/resources
[INFO] 
[INFO] --- maven-compiler-plugin:3.8.1:testCompile (default-testCompile) @ spring-boot-graal ---
[INFO] Changes detected - recompiling the module!
[INFO] Compiling 1 source file to /home/codegex/Documents/workspace/rbugs/experiment/top100repos/spring-boot-graalvm/target/test-classes
[INFO] 
[INFO] --- maven-surefire-plugin:2.22.2:test (default-test) @ spring-boot-graal ---
[INFO] Tests are skipped.
[INFO] 
[INFO] --- maven-jar-plugin:3.2.0:jar (default-jar) @ spring-boot-graal ---
[INFO] Building jar: /home/codegex/Documents/workspace/rbugs/experiment/top100repos/spring-boot-graalvm/target/spring-boot-graal-0.0.1-SNAPSHOT.jar
[INFO] 
[INFO] --- spring-boot-maven-plugin:2.4.3:repackage (repackage) @ spring-boot-graal ---
[INFO] Replacing main artifact with repackaged archive
[INFO] 
[INFO] --- maven-install-plugin:2.5.2:install (default-install) @ spring-boot-graal ---
[INFO] Installing /home/codegex/Documents/workspace/rbugs/experiment/top100repos/spring-boot-graalvm/target/spring-boot-graal-0.0.1-SNAPSHOT.jar to /home/codegex/.m2/repository/io/jonashackt/spring-boot-graal/0.0.1-SNAPSHOT/spring-boot-graal-0.0.1-SNAPSHOT.jar
[INFO] Installing /home/codegex/Documents/workspace/rbugs/experiment/top100repos/spring-boot-graalvm/pom.xml to /home/codegex/.m2/repository/io/jonashackt/spring-boot-graal/0.0.1-SNAPSHOT/spring-boot-graal-0.0.1-SNAPSHOT.pom
[INFO] ------------------------------------------------------------------------
[INFO] BUILD SUCCESS
[INFO] ------------------------------------------------------------------------
[INFO] Total time:  1.773 s
[INFO] Finished at: 2022-01-16T11:56:05+08:00
[INFO] ------------------------------------------------------------------------
WARNING: An illegal reflective access operation has occurred
WARNING: Illegal reflective access by com.google.inject.internal.cglib.core.$ReflectUtils$1 (file:/usr/share/maven/lib/guice.jar) to method java.lang.ClassLoader.defineClass(java.lang.String,byte[],int,int,java.security.ProtectionDomain)
WARNING: Please consider reporting this to the maintainers of com.google.inject.internal.cglib.core.$ReflectUtils$1
WARNING: Use --illegal-access=warn to enable warnings of further illegal reflective access operations
WARNING: All illegal access operations will be denied in a future release
