[INFO] Scanning for projects...
[INFO] 
[INFO] -------------< com.alibaba.spring:spring-context-support >--------------
[INFO] Building spring-context-support 1.0.11
[INFO] --------------------------------[ jar ]---------------------------------
[INFO] 
[INFO] --- maven-clean-plugin:2.5:clean (default-clean) @ spring-context-support ---
[INFO] Deleting /home/codegex/Documents/workspace/rbugs/experiment/top100repos/spring-context-support/target
[INFO] 
[INFO] --- maven-enforcer-plugin:1.0:enforce (enforce-maven) @ spring-context-support ---
[INFO] 
[INFO] --- maven-resources-plugin:2.6:resources (default-resources) @ spring-context-support ---
[INFO] Using 'UTF-8' encoding to copy filtered resources.
[INFO] skip non existing resourceDirectory /home/codegex/Documents/workspace/rbugs/experiment/top100repos/spring-context-support/src/main/resources
[INFO] 
[INFO] --- maven-compiler-plugin:3.8.1:compile (default-compile) @ spring-context-support ---
[INFO] Changes detected - recompiling the module!
[INFO] Compiling 27 source files to /home/codegex/Documents/workspace/rbugs/experiment/top100repos/spring-context-support/target/classes
[INFO] /home/codegex/Documents/workspace/rbugs/experiment/top100repos/spring-context-support/src/main/java/com/alibaba/spring/util/FieldUtils.java: /home/codegex/Documents/workspace/rbugs/experiment/top100repos/spring-context-support/src/main/java/com/alibaba/spring/util/FieldUtils.java使用或覆盖了已过时的 API。
[INFO] /home/codegex/Documents/workspace/rbugs/experiment/top100repos/spring-context-support/src/main/java/com/alibaba/spring/util/FieldUtils.java: 有关详细信息, 请使用 -Xlint:deprecation 重新编译。
[INFO] 
[INFO] --- maven-resources-plugin:2.6:testResources (default-testResources) @ spring-context-support ---
[INFO] Using 'UTF-8' encoding to copy filtered resources.
[INFO] Copying 4 resources
[INFO] 
[INFO] --- maven-compiler-plugin:3.8.1:testCompile (default-testCompile) @ spring-context-support ---
[INFO] Changes detected - recompiling the module!
[INFO] Compiling 25 source files to /home/codegex/Documents/workspace/rbugs/experiment/top100repos/spring-context-support/target/test-classes
[INFO] 
[INFO] --- maven-surefire-plugin:2.12.4:test (default-test) @ spring-context-support ---
[INFO] Tests are skipped.
[INFO] 
[INFO] --- maven-jar-plugin:2.4:jar (default-jar) @ spring-context-support ---
[INFO] Building jar: /home/codegex/Documents/workspace/rbugs/experiment/top100repos/spring-context-support/target/spring-context-support-1.0.11.jar
[INFO] 
[INFO] --- maven-source-plugin:3.2.0:jar-no-fork (attach-sources) @ spring-context-support ---
[INFO] Building jar: /home/codegex/Documents/workspace/rbugs/experiment/top100repos/spring-context-support/target/spring-context-support-1.0.11-sources.jar
[INFO] 
[INFO] --- maven-install-plugin:2.4:install (default-install) @ spring-context-support ---
[INFO] Installing /home/codegex/Documents/workspace/rbugs/experiment/top100repos/spring-context-support/target/spring-context-support-1.0.11.jar to /home/codegex/.m2/repository/com/alibaba/spring/spring-context-support/1.0.11/spring-context-support-1.0.11.jar
[INFO] Installing /home/codegex/Documents/workspace/rbugs/experiment/top100repos/spring-context-support/pom.xml to /home/codegex/.m2/repository/com/alibaba/spring/spring-context-support/1.0.11/spring-context-support-1.0.11.pom
[INFO] Installing /home/codegex/Documents/workspace/rbugs/experiment/top100repos/spring-context-support/target/spring-context-support-1.0.11-sources.jar to /home/codegex/.m2/repository/com/alibaba/spring/spring-context-support/1.0.11/spring-context-support-1.0.11-sources.jar
[INFO] ------------------------------------------------------------------------
[INFO] BUILD SUCCESS
[INFO] ------------------------------------------------------------------------
[INFO] Total time:  1.680 s
[INFO] Finished at: 2022-01-16T11:55:33+08:00
[INFO] ------------------------------------------------------------------------
WARNING: An illegal reflective access operation has occurred
WARNING: Illegal reflective access by com.google.inject.internal.cglib.core.$ReflectUtils$1 (file:/usr/share/maven/lib/guice.jar) to method java.lang.ClassLoader.defineClass(java.lang.String,byte[],int,int,java.security.ProtectionDomain)
WARNING: Please consider reporting this to the maintainers of com.google.inject.internal.cglib.core.$ReflectUtils$1
WARNING: Use --illegal-access=warn to enable warnings of further illegal reflective access operations
WARNING: All illegal access operations will be denied in a future release
