[INFO] Scanning for projects...
[INFO] Downloading from spring-snapshots: https://repo.spring.io/libs-snapshot-local/org/springframework/cloud/spring-cloud-build/3.0.2-SNAPSHOT/maven-metadata.xml
[INFO] Downloaded from spring-snapshots: https://repo.spring.io/libs-snapshot-local/org/springframework/cloud/spring-cloud-build/3.0.2-SNAPSHOT/maven-metadata.xml (624 B at 441 B/s)
[INFO] Downloading from spring-snapshots: https://repo.spring.io/libs-snapshot-local/org/springframework/cloud/spring-cloud-dependencies-parent/3.0.2-SNAPSHOT/maven-metadata.xml
[INFO] Downloaded from spring-snapshots: https://repo.spring.io/libs-snapshot-local/org/springframework/cloud/spring-cloud-dependencies-parent/3.0.2-SNAPSHOT/maven-metadata.xml (638 B at 1.3 kB/s)
[INFO] Downloading from spring-snapshots: https://repo.spring.io/libs-snapshot-local/org/springframework/cloud/spring-cloud-build-dependencies/3.0.2-SNAPSHOT/maven-metadata.xml
[INFO] Downloaded from spring-snapshots: https://repo.spring.io/libs-snapshot-local/org/springframework/cloud/spring-cloud-build-dependencies/3.0.2-SNAPSHOT/maven-metadata.xml (637 B at 1.3 kB/s)
[INFO] Downloading from spring-snapshots: https://repo.spring.io/libs-snapshot-local/org/springframework/cloud/spring-cloud-commons-dependencies/3.0.2-SNAPSHOT/maven-metadata.xml
[INFO] Downloaded from spring-snapshots: https://repo.spring.io/libs-snapshot-local/org/springframework/cloud/spring-cloud-commons-dependencies/3.0.2-SNAPSHOT/maven-metadata.xml (639 B at 1.2 kB/s)
[INFO] Downloading from spring-snapshots: https://repo.spring.io/libs-snapshot-local/org/springframework/cloud/spring-cloud-netflix-dependencies/3.0.2-SNAPSHOT/maven-metadata.xml
[INFO] Downloaded from spring-snapshots: https://repo.spring.io/libs-snapshot-local/org/springframework/cloud/spring-cloud-netflix-dependencies/3.0.2-SNAPSHOT/maven-metadata.xml (639 B at 1.0 kB/s)
[INFO] Downloading from spring-snapshots: https://repo.spring.io/libs-snapshot-local/org/springframework/cloud/spring-cloud-stream-dependencies/3.1.1-SNAPSHOT/maven-metadata.xml
[INFO] Downloaded from spring-snapshots: https://repo.spring.io/libs-snapshot-local/org/springframework/cloud/spring-cloud-stream-dependencies/3.1.1-SNAPSHOT/maven-metadata.xml (636 B at 1.1 kB/s)
[INFO] Downloading from spring-snapshots: https://repo.spring.io/libs-snapshot-local/org/springframework/cloud/spring-cloud-task-dependencies/2.3.1-SNAPSHOT/maven-metadata.xml
[INFO] Downloaded from spring-snapshots: https://repo.spring.io/libs-snapshot-local/org/springframework/cloud/spring-cloud-task-dependencies/2.3.1-SNAPSHOT/maven-metadata.xml (636 B at 1.3 kB/s)
[INFO] Downloading from spring-snapshots: https://repo.spring.io/libs-snapshot-local/org/springframework/cloud/spring-cloud-circuitbreaker-dependencies/2.0.1-SNAPSHOT/maven-metadata.xml
[INFO] Downloaded from spring-snapshots: https://repo.spring.io/libs-snapshot-local/org/springframework/cloud/spring-cloud-circuitbreaker-dependencies/2.0.1-SNAPSHOT/maven-metadata.xml (646 B at 1.3 kB/s)
[INFO] Downloading from spring-snapshots: https://repo.spring.io/libs-snapshot-local/org/springframework/cloud/spring-cloud-config-dependencies/3.0.3-SNAPSHOT/maven-metadata.xml
[INFO] Downloaded from spring-snapshots: https://repo.spring.io/libs-snapshot-local/org/springframework/cloud/spring-cloud-config-dependencies/3.0.3-SNAPSHOT/maven-metadata.xml (638 B at 1.3 kB/s)
[INFO] Downloading from spring-snapshots: https://repo.spring.io/libs-snapshot-local/org/springframework/cloud/spring-cloud-function-dependencies/3.1.2-SNAPSHOT/maven-metadata.xml
[INFO] Downloaded from spring-snapshots: https://repo.spring.io/libs-snapshot-local/org/springframework/cloud/spring-cloud-function-dependencies/3.1.2-SNAPSHOT/maven-metadata.xml (638 B at 1.3 kB/s)
[INFO] Downloading from spring-snapshots: https://repo.spring.io/libs-snapshot-local/org/springframework/cloud/spring-cloud-gateway-dependencies/3.0.2-SNAPSHOT/maven-metadata.xml
[INFO] Downloaded from spring-snapshots: https://repo.spring.io/libs-snapshot-local/org/springframework/cloud/spring-cloud-gateway-dependencies/3.0.2-SNAPSHOT/maven-metadata.xml (639 B at 1.3 kB/s)
[INFO] Downloading from spring-snapshots: https://repo.spring.io/libs-snapshot-local/org/springframework/cloud/spring-cloud-consul-dependencies/3.0.2-SNAPSHOT/maven-metadata.xml
[INFO] Downloaded from spring-snapshots: https://repo.spring.io/libs-snapshot-local/org/springframework/cloud/spring-cloud-consul-dependencies/3.0.2-SNAPSHOT/maven-metadata.xml (636 B at 1.3 kB/s)
[INFO] Downloading from spring-snapshots: https://repo.spring.io/libs-snapshot-local/org/springframework/cloud/spring-cloud-sleuth-dependencies/3.0.2-SNAPSHOT/maven-metadata.xml
[INFO] Downloaded from spring-snapshots: https://repo.spring.io/libs-snapshot-local/org/springframework/cloud/spring-cloud-sleuth-dependencies/3.0.2-SNAPSHOT/maven-metadata.xml (638 B at 1.3 kB/s)
[INFO] Downloading from spring-snapshots: https://repo.spring.io/libs-snapshot-local/org/springframework/cloud/spring-cloud-vault-dependencies/3.0.2-SNAPSHOT/maven-metadata.xml
[INFO] Downloaded from spring-snapshots: https://repo.spring.io/libs-snapshot-local/org/springframework/cloud/spring-cloud-vault-dependencies/3.0.2-SNAPSHOT/maven-metadata.xml (637 B at 1.3 kB/s)
[INFO] Downloading from spring-snapshots: https://repo.spring.io/libs-snapshot-local/org/springframework/cloud/spring-cloud-zookeeper-dependencies/3.0.2-SNAPSHOT/maven-metadata.xml
[INFO] Downloaded from spring-snapshots: https://repo.spring.io/libs-snapshot-local/org/springframework/cloud/spring-cloud-zookeeper-dependencies/3.0.2-SNAPSHOT/maven-metadata.xml (641 B at 1.3 kB/s)
[INFO] Downloading from spring-snapshots: https://repo.spring.io/libs-snapshot-local/org/springframework/cloud/spring-cloud-cloudfoundry-dependencies/3.0.1-SNAPSHOT/maven-metadata.xml
[INFO] Downloaded from spring-snapshots: https://repo.spring.io/libs-snapshot-local/org/springframework/cloud/spring-cloud-cloudfoundry-dependencies/3.0.1-SNAPSHOT/maven-metadata.xml (644 B at 1.3 kB/s)
[INFO] Downloading from spring-snapshots: https://repo.spring.io/libs-snapshot-local/org/springframework/cloud/spring-cloud-bus-dependencies/3.0.2-SNAPSHOT/maven-metadata.xml
[INFO] Downloaded from spring-snapshots: https://repo.spring.io/libs-snapshot-local/org/springframework/cloud/spring-cloud-bus-dependencies/3.0.2-SNAPSHOT/maven-metadata.xml (633 B at 1.3 kB/s)
[INFO] Downloading from spring-snapshots: https://repo.spring.io/libs-snapshot-local/org/springframework/cloud/spring-cloud-contract-dependencies/3.0.2-SNAPSHOT/maven-metadata.xml
[INFO] Downloaded from spring-snapshots: https://repo.spring.io/libs-snapshot-local/org/springframework/cloud/spring-cloud-contract-dependencies/3.0.2-SNAPSHOT/maven-metadata.xml (640 B at 1.3 kB/s)
[INFO] Downloading from spring-snapshots: https://repo.spring.io/libs-snapshot-local/org/springframework/cloud/spring-cloud-openfeign-dependencies/3.0.2-SNAPSHOT/maven-metadata.xml
[INFO] Downloaded from spring-snapshots: https://repo.spring.io/libs-snapshot-local/org/springframework/cloud/spring-cloud-openfeign-dependencies/3.0.2-SNAPSHOT/maven-metadata.xml (641 B at 1.3 kB/s)
[INFO] Downloading from spring-snapshots: https://repo.spring.io/libs-snapshot-local/org/springframework/cloud/spring-cloud-kubernetes-dependencies/2.0.2-SNAPSHOT/maven-metadata.xml
[INFO] Downloaded from spring-snapshots: https://repo.spring.io/libs-snapshot-local/org/springframework/cloud/spring-cloud-kubernetes-dependencies/2.0.2-SNAPSHOT/maven-metadata.xml (642 B at 1.3 kB/s)
[WARNING] 
[WARNING] Some problems were encountered while building the effective model for org.springframework.cloud:spring-cloud-dependencies:pom:2020.0.2-SNAPSHOT
[WARNING] 'build.plugins.plugin.version' for org.codehaus.mojo:flatten-maven-plugin is missing. @ line 162, column 12
[WARNING] 
[WARNING] Some problems were encountered while building the effective model for org.springframework.cloud:spring-cloud-starter-parent:pom:2020.0.2-SNAPSHOT
[WARNING] 'parent.relativePath' of POM org.springframework.cloud:spring-cloud-starter-parent:2020.0.2-SNAPSHOT (/home/codegex/Documents/workspace/rbugs/experiment/top100repos/spring-cloud-release/spring-cloud-starter-parent/pom.xml) points at org.springframework.cloud:spring-cloud-starter-build instead of org.springframework.boot:spring-boot-starter-parent, please verify your project structure @ line 3, column 10
[WARNING] 
[WARNING] Some problems were encountered while building the effective model for org.springframework.cloud:spring-cloud-starter-docs:pom:2020.0.2-SNAPSHOT
[WARNING] 'build.plugins.plugin.version' for org.codehaus.mojo:flatten-maven-plugin is missing. @ org.springframework.cloud:spring-cloud-starter-build:2020.0.2-SNAPSHOT, /home/codegex/Documents/workspace/rbugs/experiment/top100repos/spring-cloud-release/pom.xml, line 66, column 12
[WARNING] 
[WARNING] Some problems were encountered while building the effective model for org.springframework.cloud:spring-cloud-starter-build:pom:2020.0.2-SNAPSHOT
[WARNING] 'build.plugins.plugin.version' for org.codehaus.mojo:flatten-maven-plugin is missing. @ line 66, column 12
[WARNING] 
[WARNING] It is highly recommended to fix these problems because they threaten the stability of your build.
[WARNING] 
[WARNING] For this reason, future Maven versions might no longer support building such malformed projects.
[WARNING] 
[INFO] ------------------------------------------------------------------------
[INFO] Reactor Build Order:
[INFO] 
[INFO] spring-cloud-dependencies                                          [pom]
[INFO] spring-cloud-starter-parent                                        [pom]
[INFO] Spring Cloud Starter Build                                         [pom]
[INFO] Spring Cloud Starter Docs                                          [pom]
[INFO] 
[INFO] --------< org.springframework.cloud:spring-cloud-dependencies >---------
[INFO] Building spring-cloud-dependencies 2020.0.2-SNAPSHOT               [1/4]
[INFO] --------------------------------[ pom ]---------------------------------
[INFO] Downloading from spring-releases: https://repo.spring.io/release/org/codehaus/mojo/flatten-maven-plugin/maven-metadata.xml
[INFO] Downloading from spring-milestones: https://repo.spring.io/libs-milestone-local/org/codehaus/mojo/flatten-maven-plugin/maven-metadata.xml
[INFO] Downloading from spring-snapshots: https://repo.spring.io/libs-snapshot-local/org/codehaus/mojo/flatten-maven-plugin/maven-metadata.xml
[INFO] 
[INFO] --- maven-clean-plugin:2.5:clean (default-clean) @ spring-cloud-dependencies ---
[INFO] 
[INFO] --- flatten-maven-plugin:1.2.7:clean (flatten-clean) @ spring-cloud-dependencies ---
[INFO] Deleting /home/codegex/Documents/workspace/rbugs/experiment/top100repos/spring-cloud-release/spring-cloud-dependencies/.flattened-pom.xml
[INFO] 
[INFO] --- flatten-maven-plugin:1.2.7:flatten (flatten) @ spring-cloud-dependencies ---
[INFO] Generating flattened POM of project org.springframework.cloud:spring-cloud-dependencies:pom:2020.0.2-SNAPSHOT...
[INFO] 
[INFO] --- maven-install-plugin:2.4:install (default-install) @ spring-cloud-dependencies ---
[INFO] Installing /home/codegex/Documents/workspace/rbugs/experiment/top100repos/spring-cloud-release/spring-cloud-dependencies/.flattened-pom.xml to /home/codegex/.m2/repository/org/springframework/cloud/spring-cloud-dependencies/2020.0.2-SNAPSHOT/spring-cloud-dependencies-2020.0.2-SNAPSHOT.pom
[INFO] 
[INFO] -------< org.springframework.cloud:spring-cloud-starter-parent >--------
[INFO] Building spring-cloud-starter-parent 2020.0.2-SNAPSHOT             [2/4]
[INFO] --------------------------------[ pom ]---------------------------------
[INFO] 
[INFO] --- maven-clean-plugin:3.1.0:clean (default-clean) @ spring-cloud-starter-parent ---
[INFO] 
[INFO] --- maven-install-plugin:2.5.2:install (default-install) @ spring-cloud-starter-parent ---
[INFO] Installing /home/codegex/Documents/workspace/rbugs/experiment/top100repos/spring-cloud-release/spring-cloud-starter-parent/pom.xml to /home/codegex/.m2/repository/org/springframework/cloud/spring-cloud-starter-parent/2020.0.2-SNAPSHOT/spring-cloud-starter-parent-2020.0.2-SNAPSHOT.pom
[INFO] 
[INFO] --------< org.springframework.cloud:spring-cloud-starter-build >--------
[INFO] Building Spring Cloud Starter Build 2020.0.2-SNAPSHOT              [3/4]
[INFO] --------------------------------[ pom ]---------------------------------
[INFO] 
[INFO] --- maven-clean-plugin:2.5:clean (default-clean) @ spring-cloud-starter-build ---
[INFO] Deleting /home/codegex/Documents/workspace/rbugs/experiment/top100repos/spring-cloud-release/target
[INFO] 
[INFO] --- maven-enforcer-plugin:3.0.0-M2:enforce (enforce-versions) @ spring-cloud-starter-build ---
[INFO] 
[INFO] --- maven-enforcer-plugin:3.0.0-M2:enforce (enforce-rules) @ spring-cloud-starter-build ---
[INFO] 
[INFO] --- spring-javaformat-maven-plugin:0.0.25:apply (default) @ spring-cloud-starter-build ---
[INFO] 
[INFO] --- spring-javaformat-maven-plugin:0.0.25:validate (default) @ spring-cloud-starter-build ---
[INFO] 
[INFO] --- maven-checkstyle-plugin:3.1.0:check (checkstyle-validation) @ spring-cloud-starter-build ---
[INFO] Downloading from apache.snapshots: https://repository.apache.org/snapshots/org/springframework/cloud/spring-cloud-build-tools/3.0.2-SNAPSHOT/maven-metadata.xml
[INFO] Downloading from spring-snapshots: https://repo.spring.io/libs-snapshot-local/org/springframework/cloud/spring-cloud-build-tools/3.0.2-SNAPSHOT/maven-metadata.xml
[INFO] Downloaded from spring-snapshots: https://repo.spring.io/libs-snapshot-local/org/springframework/cloud/spring-cloud-build-tools/3.0.2-SNAPSHOT/maven-metadata.xml (1.0 kB at 752 B/s)
[INFO] Downloading from apache.snapshots: https://repository.apache.org/snapshots/org/springframework/cloud/spring-cloud-build/3.0.2-SNAPSHOT/maven-metadata.xml
[INFO] Downloading from apache.snapshots: https://repository.apache.org/snapshots/org/springframework/cloud/spring-cloud-build-dependencies/3.0.2-SNAPSHOT/maven-metadata.xml
[INFO] 开始检查……
检查完成。
[INFO] 
[INFO] --- maven-checkstyle-plugin:3.1.0:check (no-http-checkstyle-validation) @ spring-cloud-starter-build ---
[INFO] 
[INFO] --- flatten-maven-plugin:1.2.7:flatten (flatten) @ spring-cloud-starter-build ---
[INFO] Generating flattened POM of project org.springframework.cloud:spring-cloud-starter-build:pom:2020.0.2-SNAPSHOT...
[INFO] 
[INFO] --- maven-javadoc-plugin:3.2.0:jar (javadoc) @ spring-cloud-starter-build ---
[INFO] Skipping javadoc generation
[INFO] 
[INFO] >>> maven-source-plugin:3.2.1:jar (attach-sources) > generate-sources @ spring-cloud-starter-build >>>
[INFO] 
[INFO] --- maven-enforcer-plugin:3.0.0-M2:enforce (enforce-versions) @ spring-cloud-starter-build ---
[INFO] 
[INFO] --- maven-enforcer-plugin:3.0.0-M2:enforce (enforce-rules) @ spring-cloud-starter-build ---
[INFO] 
[INFO] --- spring-javaformat-maven-plugin:0.0.25:apply (default) @ spring-cloud-starter-build ---
[INFO] 
[INFO] --- spring-javaformat-maven-plugin:0.0.25:validate (default) @ spring-cloud-starter-build ---
[INFO] 
[INFO] --- maven-checkstyle-plugin:3.1.0:check (checkstyle-validation) @ spring-cloud-starter-build ---
[INFO] 开始检查……
检查完成。
[INFO] 
[INFO] --- maven-checkstyle-plugin:3.1.0:check (no-http-checkstyle-validation) @ spring-cloud-starter-build ---
[INFO] 
[INFO] <<< maven-source-plugin:3.2.1:jar (attach-sources) < generate-sources @ spring-cloud-starter-build <<<
[INFO] 
[INFO] 
[INFO] --- maven-source-plugin:3.2.1:jar (attach-sources) @ spring-cloud-starter-build ---
[INFO] 
[INFO] --- maven-install-plugin:2.4:install (default-install) @ spring-cloud-starter-build ---
[INFO] Installing /home/codegex/Documents/workspace/rbugs/experiment/top100repos/spring-cloud-release/.flattened-pom.xml to /home/codegex/.m2/repository/org/springframework/cloud/spring-cloud-starter-build/2020.0.2-SNAPSHOT/spring-cloud-starter-build-2020.0.2-SNAPSHOT.pom
[INFO] 
[INFO] --------< org.springframework.cloud:spring-cloud-starter-docs >---------
[INFO] Building Spring Cloud Starter Docs 2020.0.2-SNAPSHOT               [4/4]
[INFO] --------------------------------[ pom ]---------------------------------
[INFO] 
[INFO] --- maven-clean-plugin:2.5:clean (default-clean) @ spring-cloud-starter-docs ---
[INFO] Deleting /home/codegex/Documents/workspace/rbugs/experiment/top100repos/spring-cloud-release/docs/target
[INFO] 
[INFO] --- maven-enforcer-plugin:3.0.0-M2:enforce (enforce-versions) @ spring-cloud-starter-docs ---
[INFO] 
[INFO] --- maven-enforcer-plugin:3.0.0-M2:enforce (enforce-rules) @ spring-cloud-starter-docs ---
[INFO] 
[INFO] --- spring-javaformat-maven-plugin:0.0.25:apply (default) @ spring-cloud-starter-docs ---
[INFO] 
[INFO] --- spring-javaformat-maven-plugin:0.0.25:validate (default) @ spring-cloud-starter-docs ---
[INFO] 
[INFO] --- maven-checkstyle-plugin:3.1.0:check (checkstyle-validation) @ spring-cloud-starter-docs ---
[INFO] 开始检查……
检查完成。
[INFO] 
[INFO] --- maven-checkstyle-plugin:3.1.0:check (no-http-checkstyle-validation) @ spring-cloud-starter-docs ---
[INFO] 
[INFO] --- flatten-maven-plugin:1.2.7:flatten (flatten) @ spring-cloud-starter-docs ---
[INFO] Generating flattened POM of project org.springframework.cloud:spring-cloud-starter-docs:pom:2020.0.2-SNAPSHOT...
[INFO] 
[INFO] --- maven-javadoc-plugin:3.2.0:jar (javadoc) @ spring-cloud-starter-docs ---
[INFO] Skipping javadoc generation
[INFO] 
[INFO] >>> maven-source-plugin:3.2.1:jar (attach-sources) > generate-sources @ spring-cloud-starter-docs >>>
[INFO] 
[INFO] --- maven-enforcer-plugin:3.0.0-M2:enforce (enforce-versions) @ spring-cloud-starter-docs ---
[INFO] 
[INFO] --- maven-enforcer-plugin:3.0.0-M2:enforce (enforce-rules) @ spring-cloud-starter-docs ---
[INFO] 
[INFO] --- spring-javaformat-maven-plugin:0.0.25:apply (default) @ spring-cloud-starter-docs ---
[INFO] 
[INFO] --- spring-javaformat-maven-plugin:0.0.25:validate (default) @ spring-cloud-starter-docs ---
[INFO] 
[INFO] --- maven-checkstyle-plugin:3.1.0:check (checkstyle-validation) @ spring-cloud-starter-docs ---
[INFO] 开始检查……
检查完成。
[INFO] 
[INFO] --- maven-checkstyle-plugin:3.1.0:check (no-http-checkstyle-validation) @ spring-cloud-starter-docs ---
[INFO] 
[INFO] <<< maven-source-plugin:3.2.1:jar (attach-sources) < generate-sources @ spring-cloud-starter-docs <<<
[INFO] 
[INFO] 
[INFO] --- maven-source-plugin:3.2.1:jar (attach-sources) @ spring-cloud-starter-docs ---
[INFO] 
[INFO] --- maven-install-plugin:2.4:install (default-install) @ spring-cloud-starter-docs ---
[INFO] Installing /home/codegex/Documents/workspace/rbugs/experiment/top100repos/spring-cloud-release/docs/.flattened-pom.xml to /home/codegex/.m2/repository/org/springframework/cloud/spring-cloud-starter-docs/2020.0.2-SNAPSHOT/spring-cloud-starter-docs-2020.0.2-SNAPSHOT.pom
[INFO] ------------------------------------------------------------------------
[INFO] Reactor Summary for Spring Cloud Starter Build 2020.0.2-SNAPSHOT:
[INFO] 
[INFO] spring-cloud-dependencies .......................... SUCCESS [  1.360 s]
[INFO] spring-cloud-starter-parent ........................ SUCCESS [  0.076 s]
[INFO] Spring Cloud Starter Build ......................... SUCCESS [  4.827 s]
[INFO] Spring Cloud Starter Docs .......................... SUCCESS [  0.214 s]
[INFO] ------------------------------------------------------------------------
[INFO] BUILD SUCCESS
[INFO] ------------------------------------------------------------------------
[INFO] Total time:  18.715 s
[INFO] Finished at: 2022-01-16T11:26:25+08:00
[INFO] ------------------------------------------------------------------------
WARNING: An illegal reflective access operation has occurred
WARNING: Illegal reflective access by com.google.inject.internal.cglib.core.$ReflectUtils$1 (file:/usr/share/maven/lib/guice.jar) to method java.lang.ClassLoader.defineClass(java.lang.String,byte[],int,int,java.security.ProtectionDomain)
WARNING: Please consider reporting this to the maintainers of com.google.inject.internal.cglib.core.$ReflectUtils$1
WARNING: Use --illegal-access=warn to enable warnings of further illegal reflective access operations
WARNING: All illegal access operations will be denied in a future release
