[INFO] Scanning for projects...
[INFO] Downloading from central: https://repo.maven.apache.org/maven2/org/apache/maven/plugins/maven-source-plugin/2.2.1/maven-source-plugin-2.2.1.pom
[INFO] Downloaded from central: https://repo.maven.apache.org/maven2/org/apache/maven/plugins/maven-source-plugin/2.2.1/maven-source-plugin-2.2.1.pom (6.7 kB at 5.7 kB/s)
[INFO] Downloading from central: https://repo.maven.apache.org/maven2/org/apache/maven/plugins/maven-source-plugin/2.2.1/maven-source-plugin-2.2.1.jar
[INFO] Downloaded from central: https://repo.maven.apache.org/maven2/org/apache/maven/plugins/maven-source-plugin/2.2.1/maven-source-plugin-2.2.1.jar (30 kB at 69 kB/s)
[INFO] Downloading from central: https://repo.maven.apache.org/maven2/org/apache/maven/plugins/maven-javadoc-plugin/2.9.1/maven-javadoc-plugin-2.9.1.pom
[INFO] Downloaded from central: https://repo.maven.apache.org/maven2/org/apache/maven/plugins/maven-javadoc-plugin/2.9.1/maven-javadoc-plugin-2.9.1.pom (16 kB at 40 kB/s)
[INFO] Downloading from central: https://repo.maven.apache.org/maven2/org/apache/maven/plugins/maven-javadoc-plugin/2.9.1/maven-javadoc-plugin-2.9.1.jar
[INFO] Downloaded from central: https://repo.maven.apache.org/maven2/org/apache/maven/plugins/maven-javadoc-plugin/2.9.1/maven-javadoc-plugin-2.9.1.jar (368 kB at 454 kB/s)
[WARNING] The POM for com.github.spotbugs:spotbugs-maven-plugin:jar:4.1.4-ZY is missing, no dependency information available
[WARNING] Failed to retrieve plugin descriptor for com.github.spotbugs:spotbugs-maven-plugin:4.1.4-ZY: Plugin com.github.spotbugs:spotbugs-maven-plugin:4.1.4-ZY or one of its dependencies could not be resolved: Failure to find com.github.spotbugs:spotbugs-maven-plugin:jar:4.1.4-ZY in https://repo.maven.apache.org/maven2 was cached in the local repository, resolution will not be reattempted until the update interval of central has elapsed or updates are forced
[INFO] 
[INFO] -------------------------< com.trivago:triava >-------------------------
[INFO] Building triava 2.0.1
[INFO] --------------------------------[ jar ]---------------------------------
[WARNING] The POM for com.github.spotbugs:spotbugs-maven-plugin:jar:4.1.4-ZY is missing, no dependency information available
[WARNING] Failed to retrieve plugin descriptor for com.github.spotbugs:spotbugs-maven-plugin:4.1.4-ZY: Plugin com.github.spotbugs:spotbugs-maven-plugin:4.1.4-ZY or one of its dependencies could not be resolved: Failure to find com.github.spotbugs:spotbugs-maven-plugin:jar:4.1.4-ZY in https://repo.maven.apache.org/maven2 was cached in the local repository, resolution will not be reattempted until the update interval of central has elapsed or updates are forced
[INFO] 
[INFO] --- maven-clean-plugin:2.5:clean (default-clean) @ triava ---
[INFO] Deleting /home/codegex/Documents/workspace/rbugs/experiment/top100repos/triava/target
[INFO] 
[INFO] --- maven-resources-plugin:2.6:resources (default-resources) @ triava ---
[INFO] Using 'UTF-8' encoding to copy filtered resources.
[INFO] Copying 1 resource
[INFO] 
[INFO] --- maven-compiler-plugin:3.5.1:compile (default-compile) @ triava ---
[INFO] Changes detected - recompiling the module!
[INFO] Compiling 96 source files to /home/codegex/Documents/workspace/rbugs/experiment/top100repos/triava/target/classes
[INFO] /home/codegex/Documents/workspace/rbugs/experiment/top100repos/triava/src/main/java/com/trivago/triava/tcache/TCacheFactory.java: /home/codegex/Documents/workspace/rbugs/experiment/top100repos/triava/src/main/java/com/trivago/triava/tcache/TCacheFactory.java uses or overrides a deprecated API.
[INFO] /home/codegex/Documents/workspace/rbugs/experiment/top100repos/triava/src/main/java/com/trivago/triava/tcache/TCacheFactory.java: Recompile with -Xlint:deprecation for details.
[INFO] 
[INFO] --- maven-resources-plugin:2.6:testResources (default-testResources) @ triava ---
[INFO] Using 'UTF-8' encoding to copy filtered resources.
[INFO] skip non existing resourceDirectory /home/codegex/Documents/workspace/rbugs/experiment/top100repos/triava/src/test/resources
[INFO] 
[INFO] --- maven-compiler-plugin:3.5.1:testCompile (default-testCompile) @ triava ---
[INFO] Changes detected - recompiling the module!
[INFO] Compiling 17 source files to /home/codegex/Documents/workspace/rbugs/experiment/top100repos/triava/target/test-classes
[INFO] /home/codegex/Documents/workspace/rbugs/experiment/top100repos/triava/src/test/java/com/trivago/triava/tcache/util/TestUtils.java: Some input files use unchecked or unsafe operations.
[INFO] /home/codegex/Documents/workspace/rbugs/experiment/top100repos/triava/src/test/java/com/trivago/triava/tcache/util/TestUtils.java: Recompile with -Xlint:unchecked for details.
[INFO] 
[INFO] --- maven-surefire-plugin:2.12.4:test (default-test) @ triava ---
[INFO] Tests are skipped.
[INFO] 
[INFO] --- maven-jar-plugin:2.4:jar (default-jar) @ triava ---
[INFO] Building jar: /home/codegex/Documents/workspace/rbugs/experiment/top100repos/triava/target/triava-2.0.1.jar
[INFO] 
[INFO] >>> maven-source-plugin:2.2.1:jar (attach-sources) > generate-sources @ triava >>>
[INFO] 
[INFO] <<< maven-source-plugin:2.2.1:jar (attach-sources) < generate-sources @ triava <<<
[INFO] 
[INFO] 
[INFO] --- maven-source-plugin:2.2.1:jar (attach-sources) @ triava ---
[INFO] Building jar: /home/codegex/Documents/workspace/rbugs/experiment/top100repos/triava/target/triava-2.0.1-sources.jar
[INFO] 
[INFO] --- maven-javadoc-plugin:2.9.1:jar (attach-javadocs) @ triava ---
[INFO] Downloading from central: https://repo.maven.apache.org/maven2/org/codehaus/plexus/plexus-archiver/2.1.2/plexus-archiver-2.1.2.pom
[INFO] Downloaded from central: https://repo.maven.apache.org/maven2/org/codehaus/plexus/plexus-archiver/2.1.2/plexus-archiver-2.1.2.pom (3.8 kB at 10 kB/s)
[INFO] Downloading from central: https://repo.maven.apache.org/maven2/org/codehaus/plexus/plexus-utils/3.0.2/plexus-utils-3.0.2.pom
[INFO] Downloaded from central: https://repo.maven.apache.org/maven2/org/codehaus/plexus/plexus-utils/3.0.2/plexus-utils-3.0.2.pom (2.5 kB at 6.9 kB/s)
[INFO] Downloading from central: https://repo.maven.apache.org/maven2/org/codehaus/plexus/plexus-archiver/2.1.2/plexus-archiver-2.1.2.jar
[INFO] Downloaded from central: https://repo.maven.apache.org/maven2/org/codehaus/plexus/plexus-archiver/2.1.2/plexus-archiver-2.1.2.jar (185 kB at 432 kB/s)
[INFO] Skipping javadoc generation
[INFO] 
[INFO] --- maven-install-plugin:2.4:install (default-install) @ triava ---
[INFO] Installing /home/codegex/Documents/workspace/rbugs/experiment/top100repos/triava/target/triava-2.0.1.jar to /home/codegex/.m2/repository/com/trivago/triava/2.0.1/triava-2.0.1.jar
[INFO] Installing /home/codegex/Documents/workspace/rbugs/experiment/top100repos/triava/pom.xml to /home/codegex/.m2/repository/com/trivago/triava/2.0.1/triava-2.0.1.pom
[INFO] Installing /home/codegex/Documents/workspace/rbugs/experiment/top100repos/triava/target/triava-2.0.1-sources.jar to /home/codegex/.m2/repository/com/trivago/triava/2.0.1/triava-2.0.1-sources.jar
[INFO] 
[INFO] --- maven-dependency-plugin:2.8:purge-local-repository (default-cli) @ triava ---
[INFO] Downloading from central: https://repo.maven.apache.org/maven2/junit/junit/4.12/junit-4.12.pom
[INFO] Downloaded from central: https://repo.maven.apache.org/maven2/junit/junit/4.12/junit-4.12.pom (24 kB at 65 kB/s)
[INFO] Downloading from central: https://repo.maven.apache.org/maven2/org/hamcrest/hamcrest-core/1.3/hamcrest-core-1.3.pom
[INFO] Downloaded from central: https://repo.maven.apache.org/maven2/org/hamcrest/hamcrest-core/1.3/hamcrest-core-1.3.pom (766 B at 2.1 kB/s)
[INFO] Downloading from central: https://repo.maven.apache.org/maven2/javax/cache/cache-api/1.0.0/cache-api-1.0.0.pom
[INFO] Downloaded from central: https://repo.maven.apache.org/maven2/javax/cache/cache-api/1.0.0/cache-api-1.0.0.pom (11 kB at 31 kB/s)
[INFO] Downloading from central: https://repo.maven.apache.org/maven2/junit/junit/4.12/junit-4.12.jar
[INFO] Downloaded from central: https://repo.maven.apache.org/maven2/junit/junit/4.12/junit-4.12.jar (315 kB at 657 kB/s)
[INFO] Downloading from central: https://repo.maven.apache.org/maven2/org/hamcrest/hamcrest-core/1.3/hamcrest-core-1.3.jar
[INFO] Downloaded from central: https://repo.maven.apache.org/maven2/org/hamcrest/hamcrest-core/1.3/hamcrest-core-1.3.jar (45 kB at 119 kB/s)
[INFO] Downloading from central: https://repo.maven.apache.org/maven2/javax/cache/cache-api/1.0.0/cache-api-1.0.0.jar
[INFO] Downloaded from central: https://repo.maven.apache.org/maven2/javax/cache/cache-api/1.0.0/cache-api-1.0.0.jar (50 kB at 130 kB/s)
[INFO] ------------------------------------------------------------------------
[INFO] BUILD SUCCESS
[INFO] ------------------------------------------------------------------------
[INFO] Total time:  8.734 s
[INFO] Finished at: 2021-03-28T11:28:42+08:00
[INFO] ------------------------------------------------------------------------
WARNING: An illegal reflective access operation has occurred
WARNING: Illegal reflective access by com.google.inject.internal.cglib.core.$ReflectUtils$1 (file:/usr/share/maven/lib/guice.jar) to method java.lang.ClassLoader.defineClass(java.lang.String,byte[],int,int,java.security.ProtectionDomain)
WARNING: Please consider reporting this to the maintainers of com.google.inject.internal.cglib.core.$ReflectUtils$1
WARNING: Use --illegal-access=warn to enable warnings of further illegal reflective access operations
WARNING: All illegal access operations will be denied in a future release
