[Start Not Found] /home/codegex/Documents/workspace/rbugs/experiment/log/report/spotbugs/fabric8-maven-plugin/enricher/standard/spotbugsXml.xml
	DMI_COLLECTION_OF_URLS
	synthetic: true
	classname: io.fabric8.maven.enricher.standard.DependencyEnricher
	sourcepath: io/fabric8/maven/enricher/standard/DependencyEnricher.java
	sourcefile: DependencyEnricher.java
[Start Not Found] /home/codegex/Documents/workspace/rbugs/experiment/log/report/spotbugs/fabric8-maven-plugin/enricher/standard/spotbugsXml.xml
	DMI_COLLECTION_OF_URLS
	synthetic: true
	classname: io.fabric8.maven.enricher.standard.DependencyEnricher
	sourcepath: io/fabric8/maven/enricher/standard/DependencyEnricher.java
	sourcefile: DependencyEnricher.java
[Start Not Found] /home/codegex/Documents/workspace/rbugs/experiment/log/report/spotbugs/fabric8-maven-plugin/enricher/standard/spotbugsXml.xml
	DMI_COLLECTION_OF_URLS
	synthetic: true
	classname: io.fabric8.maven.enricher.standard.DependencyEnricher
	sourcepath: io/fabric8/maven/enricher/standard/DependencyEnricher.java
	sourcefile: DependencyEnricher.java
[Start Not Found] /home/codegex/Documents/workspace/rbugs/experiment/log/report/spotbugs/webcam-capture/webcam-capture-drivers/driver-mjpeg/spotbugsXml.xml
	DMI_COLLECTION_OF_URLS
	synthetic: true
	classname: com.github.sarxos.webcam.ds.mjpeg.MjpegCaptureDriver
	sourcepath: com/github/sarxos/webcam/ds/mjpeg/MjpegCaptureDriver.java
	sourcefile: MjpegCaptureDriver.java
[Start Not Found] /home/codegex/Documents/workspace/rbugs/experiment/log/report/spotbugs/jmh/jmh-core/spotbugsXml.xml
	VO_VOLATILE_REFERENCE_TO_ARRAY
	synthetic: true
	classname: org.openjdk.jmh.generators.core.BenchmarkGenerator
	sourcepath: org/openjdk/jmh/generators/core/BenchmarkGenerator.java
	sourcefile: BenchmarkGenerator.java
[Start Not Found] /home/codegex/Documents/workspace/rbugs/experiment/log/report/spotbugs/superword/spotbugsXml.xml
	STCAL_STATIC_SIMPLE_DATE_FORMAT_INSTANCE
	synthetic: true
	classname: org.apdplat.superword.model.HistoryRecord
	sourcepath: org/apdplat/superword/model/HistoryRecord.java
	sourcefile: HistoryRecord.java
[Start Not Found] /home/codegex/Documents/workspace/rbugs/experiment/log/report/spotbugs/superword/spotbugsXml.xml
	STCAL_STATIC_SIMPLE_DATE_FORMAT_INSTANCE
	synthetic: true
	classname: org.apdplat.superword.model.User
	sourcepath: org/apdplat/superword/model/User.java
	sourcefile: User.java
[Start Not Found] /home/codegex/Documents/workspace/rbugs/experiment/log/report/spotbugs/spring-mvc-angular-js-hibernate-bootstrap-java-single-page-jwt-auth-rest-api-webapp-framework/spotbugsXml.xml
	NM_SAME_SIMPLE_NAME_AS_INTERFACE
	synthetic: true
	classname: yourwebproject2.unusedspringsecurity.UserDetailsService
	sourcepath: yourwebproject2/unusedspringsecurity/UserDetailsService.java
	sourcefile: UserDetailsService.java
[Start Not Found] /home/codegex/Documents/workspace/rbugs/experiment/log/report/spotbugs/iot-dc3/dc3-driver/dc3-driver-opc-da/spotbugsXml.xml
	NM_SAME_SIMPLE_NAME_AS_INTERFACE
	synthetic: true
	classname: org.openscada.opc.dcom.da.Constants
	sourcepath: org/openscada/opc/dcom/da/Constants.java
	sourcefile: Constants.java
[Start Not Found] /home/codegex/Documents/workspace/rbugs/experiment/log/report/spotbugs/iot-dc3/dc3-driver/dc3-driver-opc-da/spotbugsXml.xml
	NM_SAME_SIMPLE_NAME_AS_INTERFACE
	synthetic: true
	classname: org.openscada.opc.dcom.list.Constants
	sourcepath: org/openscada/opc/dcom/list/Constants.java
	sourcefile: Constants.java
