WARNING: An illegal reflective access operation has occurred
WARNING: Illegal reflective access by com.google.inject.internal.cglib.core.$ReflectUtils$1 (file:/usr/share/maven/lib/guice.jar) to method java.lang.ClassLoader.defineClass(java.lang.String,byte[],int,int,java.security.ProtectionDomain)
WARNING: Please consider reporting this to the maintainers of com.google.inject.internal.cglib.core.$ReflectUtils$1
WARNING: Use --illegal-access=warn to enable warnings of further illegal reflective access operations
WARNING: All illegal access operations will be denied in a future release
[INFO] Scanning for projects...
[INFO] ------------------------------------------------------------------------
[INFO] Reactor Build Order:
[INFO] 
[INFO] carrental                                                          [pom]
[INFO] carrental: EJB Module                                              [ejb]
[INFO] carrental: WAR Module                                              [war]
[INFO] carrental: EAR Module                                              [ear]
[INFO] 
[INFO] --------------------------< ch.xxx:carrental >--------------------------
[INFO] Building carrental 0.0.1-SNAPSHOT                                  [1/4]
[INFO] --------------------------------[ pom ]---------------------------------
[INFO] 
[INFO] >>> spotbugs-maven-plugin:4.2.3-SNAPSHOT:check (default-cli) > :spotbugs @ carrental >>>
[INFO] 
[INFO] --- spotbugs-maven-plugin:4.2.3-SNAPSHOT:spotbugs (spotbugs) @ carrental ---
[INFO] 
[INFO] <<< spotbugs-maven-plugin:4.2.3-SNAPSHOT:check (default-cli) < :spotbugs @ carrental <<<
[INFO] 
[INFO] 
[INFO] --- spotbugs-maven-plugin:4.2.3-SNAPSHOT:check (default-cli) @ carrental ---
[INFO] 
[INFO] ------------------------< ch.xxx:carrental-ejb >------------------------
[INFO] Building carrental: EJB Module 0.0.1-SNAPSHOT                      [2/4]
[INFO] --------------------------------[ ejb ]---------------------------------
[INFO] 
[INFO] >>> spotbugs-maven-plugin:4.2.3-SNAPSHOT:check (default-cli) > :spotbugs @ carrental-ejb >>>
[INFO] 
[INFO] --- spotbugs-maven-plugin:4.2.3-SNAPSHOT:spotbugs (spotbugs) @ carrental-ejb ---
[INFO] Fork Value is true
[INFO] Done SpotBugs Analysis....
[INFO] 
[INFO] <<< spotbugs-maven-plugin:4.2.3-SNAPSHOT:check (default-cli) < :spotbugs @ carrental-ejb <<<
[INFO] 
[INFO] 
[INFO] --- spotbugs-maven-plugin:4.2.3-SNAPSHOT:check (default-cli) @ carrental-ejb ---
[INFO] BugInstance size is 0
[INFO] Error size is 0
[INFO] No errors/warnings found
[INFO] 
[INFO] ------------------------< ch.xxx:carrental-web >------------------------
[INFO] Building carrental: WAR Module 0.0.1-SNAPSHOT                      [3/4]
[INFO] --------------------------------[ war ]---------------------------------
[INFO] 
[INFO] >>> spotbugs-maven-plugin:4.2.3-SNAPSHOT:check (default-cli) > :spotbugs @ carrental-web >>>
[INFO] 
[INFO] ------------------------< ch.xxx:carrental-ear >------------------------
[INFO] Building carrental: EAR Module 0.0.1-SNAPSHOT                      [4/4]
[INFO] --------------------------------[ ear ]---------------------------------
[INFO] 
[INFO] >>> spotbugs-maven-plugin:4.2.3-SNAPSHOT:check (default-cli) > :spotbugs @ carrental-ear >>>
[INFO] ------------------------------------------------------------------------
[INFO] Reactor Summary for carrental 0.0.1-SNAPSHOT:
[INFO] 
[INFO] carrental .......................................... SUCCESS [  0.971 s]
[INFO] carrental: EJB Module .............................. SUCCESS [  2.612 s]
[INFO] carrental: WAR Module .............................. FAILURE [  0.065 s]
[INFO] carrental: EAR Module .............................. FAILURE [  0.003 s]
[INFO] ------------------------------------------------------------------------
[INFO] BUILD FAILURE
[INFO] ------------------------------------------------------------------------
[INFO] Total time:  3.812 s
[INFO] Finished at: 2021-03-29T14:50:00+08:00
[INFO] ------------------------------------------------------------------------
[ERROR] Failed to execute goal on project carrental-web: Could not resolve dependencies for project ch.xxx:carrental-web:war:0.0.1-SNAPSHOT: Could not find artifact ch.xxx:carrental-ejb:jar:0.0.1-SNAPSHOT -> [Help 1]
[ERROR] Failed to execute goal on project carrental-ear: Could not resolve dependencies for project ch.xxx:carrental-ear:ear:0.0.1-SNAPSHOT: The following artifacts could not be resolved: ch.xxx:carrental-web:war:0.0.1-SNAPSHOT, ch.xxx:carrental-ejb:jar:0.0.1-SNAPSHOT: Could not find artifact ch.xxx:carrental-web:war:0.0.1-SNAPSHOT -> [Help 1]
[ERROR] 
[ERROR] To see the full stack trace of the errors, re-run Maven with the -e switch.
[ERROR] Re-run Maven using the -X switch to enable full debug logging.
[ERROR] 
[ERROR] For more information about the errors and possible solutions, please read the following articles:
[ERROR] [Help 1] http://cwiki.apache.org/confluence/display/MAVEN/DependencyResolutionException
[ERROR] 
[ERROR] After correcting the problems, you can resume the build with the command
[ERROR]   mvn <args> -rf :carrental-web
[INFO] Build failures were ignored.
