WARNING: An illegal reflective access operation has occurred
WARNING: Illegal reflective access by com.google.inject.internal.cglib.core.$ReflectUtils$1 (file:/usr/share/maven/lib/guice.jar) to method java.lang.ClassLoader.defineClass(java.lang.String,byte[],int,int,java.security.ProtectionDomain)
WARNING: Please consider reporting this to the maintainers of com.google.inject.internal.cglib.core.$ReflectUtils$1
WARNING: Use --illegal-access=warn to enable warnings of further illegal reflective access operations
WARNING: All illegal access operations will be denied in a future release
[INFO] Scanning for projects...
[WARNING] 
[WARNING] Some problems were encountered while building the effective model for cn.wensiqun:asmsupport-third:jar:0.4.4
[WARNING] 'build.plugins.plugin.version' for org.apache.maven.plugins:maven-source-plugin is missing. @ cn.wensiqun:asmsupport:0.4.4, /home/codegex/Documents/workspace/rbugs/experiment/top100repos/asmsupport/pom.xml, line 158, column 12
[WARNING] 
[WARNING] Some problems were encountered while building the effective model for cn.wensiqun:asmsupport-standard:jar:0.4.4
[WARNING] 'build.plugins.plugin.version' for org.apache.maven.plugins:maven-source-plugin is missing. @ cn.wensiqun:asmsupport:0.4.4, /home/codegex/Documents/workspace/rbugs/experiment/top100repos/asmsupport/pom.xml, line 158, column 12
[WARNING] 
[WARNING] Some problems were encountered while building the effective model for cn.wensiqun:asmsupport-core:jar:0.4.4
[WARNING] 'build.plugins.plugin.version' for org.apache.maven.plugins:maven-source-plugin is missing. @ cn.wensiqun:asmsupport:0.4.4, /home/codegex/Documents/workspace/rbugs/experiment/top100repos/asmsupport/pom.xml, line 158, column 12
[WARNING] 
[WARNING] Some problems were encountered while building the effective model for cn.wensiqun:asmsupport-client:jar:0.4.4
[WARNING] 'build.plugins.plugin.version' for org.apache.maven.plugins:maven-source-plugin is missing. @ cn.wensiqun:asmsupport:0.4.4, /home/codegex/Documents/workspace/rbugs/experiment/top100repos/asmsupport/pom.xml, line 158, column 12
[WARNING] 
[WARNING] Some problems were encountered while building the effective model for cn.wensiqun:asmsupport-grammar:jar:0.4.4
[WARNING] 'build.plugins.plugin.version' for org.apache.maven.plugins:maven-source-plugin is missing. @ cn.wensiqun:asmsupport:0.4.4, /home/codegex/Documents/workspace/rbugs/experiment/top100repos/asmsupport/pom.xml, line 158, column 12
[WARNING] 
[WARNING] Some problems were encountered while building the effective model for cn.wensiqun:asmsupport-issues:jar:0.4.4
[WARNING] 'build.plugins.plugin.version' for org.apache.maven.plugins:maven-source-plugin is missing. @ cn.wensiqun:asmsupport:0.4.4, /home/codegex/Documents/workspace/rbugs/experiment/top100repos/asmsupport/pom.xml, line 158, column 12
[WARNING] 
[WARNING] Some problems were encountered while building the effective model for cn.wensiqun:asmsupport-sample:jar:0.4.4
[WARNING] 'build.plugins.plugin.version' for org.apache.maven.plugins:maven-source-plugin is missing. @ cn.wensiqun:asmsupport:0.4.4, /home/codegex/Documents/workspace/rbugs/experiment/top100repos/asmsupport/pom.xml, line 158, column 12
[WARNING] 
[WARNING] Some problems were encountered while building the effective model for cn.wensiqun:asmsupport-lesson:jar:0.4.4
[WARNING] 'build.plugins.plugin.version' for org.apache.maven.plugins:maven-surefire-plugin is missing. @ line 29, column 21
[WARNING] 'build.plugins.plugin.version' for org.apache.maven.plugins:maven-source-plugin is missing. @ cn.wensiqun:asmsupport:0.4.4, /home/codegex/Documents/workspace/rbugs/experiment/top100repos/asmsupport/pom.xml, line 158, column 12
[WARNING] 
[WARNING] Some problems were encountered while building the effective model for cn.wensiqun:asmsupport:pom:0.4.4
[WARNING] 'build.plugins.plugin.version' for org.apache.maven.plugins:maven-source-plugin is missing. @ line 158, column 12
[WARNING] 
[WARNING] It is highly recommended to fix these problems because they threaten the stability of your build.
[WARNING] 
[WARNING] For this reason, future Maven versions might no longer support building such malformed projects.
[WARNING] 
[INFO] ------------------------------------------------------------------------
[INFO] Reactor Build Order:
[INFO] 
[INFO] asmsupport                                                         [pom]
[INFO] asmsupport-third                                                   [jar]
[INFO] asmsupport-standard                                                [jar]
[INFO] asmsupport-core                                                    [jar]
[INFO] asmsupport-client                                                  [jar]
[INFO] asmsupport-grammar                                                 [jar]
[INFO] asmsupport-issues                                                  [jar]
[INFO] asmsupport-sample                                                  [jar]
[INFO] asmsupport-lesson                                                  [jar]
[INFO] 
[INFO] -----------------------< cn.wensiqun:asmsupport >-----------------------
[INFO] Building asmsupport 0.4.4                                          [1/9]
[INFO] --------------------------------[ pom ]---------------------------------
[INFO] 
[INFO] >>> spotbugs-maven-plugin:4.2.3-SNAPSHOT:check (default-cli) > :spotbugs @ asmsupport >>>
[INFO] 
[INFO] --- spotbugs-maven-plugin:4.2.3-SNAPSHOT:spotbugs (spotbugs) @ asmsupport ---
[INFO] 
[INFO] <<< spotbugs-maven-plugin:4.2.3-SNAPSHOT:check (default-cli) < :spotbugs @ asmsupport <<<
[INFO] 
[INFO] 
[INFO] --- spotbugs-maven-plugin:4.2.3-SNAPSHOT:check (default-cli) @ asmsupport ---
[INFO] 
[INFO] --------------------< cn.wensiqun:asmsupport-third >--------------------
[INFO] Building asmsupport-third 0.4.4                                    [2/9]
[INFO] --------------------------------[ jar ]---------------------------------
[INFO] 
[INFO] >>> spotbugs-maven-plugin:4.2.3-SNAPSHOT:check (default-cli) > :spotbugs @ asmsupport-third >>>
[INFO] 
[INFO] --- spotbugs-maven-plugin:4.2.3-SNAPSHOT:spotbugs (spotbugs) @ asmsupport-third ---
[INFO] Fork Value is true
[INFO] Done SpotBugs Analysis....
[INFO] 
[INFO] <<< spotbugs-maven-plugin:4.2.3-SNAPSHOT:check (default-cli) < :spotbugs @ asmsupport-third <<<
[INFO] 
[INFO] 
[INFO] --- spotbugs-maven-plugin:4.2.3-SNAPSHOT:check (default-cli) @ asmsupport-third ---
[INFO] BugInstance size is 9
[INFO] Error size is 0
[INFO] Total bugs: 9
[ERROR] Low: cn.wensiqun.asmsupport.org.objectweb.asm.ClassReader.readConst(int, char[]) invokes inefficient new Double(double) constructor; use Double.valueOf(double) instead [cn.wensiqun.asmsupport.org.objectweb.asm.ClassReader] At ClassReader.java:[line 2480] DM_FP_NUMBER_CTOR
[ERROR] Low: cn.wensiqun.asmsupport.org.objectweb.asm.ClassReader.readConst(int, char[]) invokes inefficient new Float(float) constructor; use Float.valueOf(float) instead [cn.wensiqun.asmsupport.org.objectweb.asm.ClassReader] At ClassReader.java:[line 2476] DM_FP_NUMBER_CTOR
[ERROR] Medium: cn.wensiqun.asmsupport.org.objectweb.asm.ClassReader.readAnnotationValue(int, char[], String, AnnotationVisitor) invokes inefficient new Byte(byte) constructor; use Byte.valueOf(byte) instead [cn.wensiqun.asmsupport.org.objectweb.asm.ClassReader] At ClassReader.java:[line 1834] DM_NUMBER_CTOR
[ERROR] Medium: cn.wensiqun.asmsupport.org.objectweb.asm.ClassReader.readAnnotationValue(int, char[], String, AnnotationVisitor) invokes inefficient new Character(char) constructor; use Character.valueOf(char) instead [cn.wensiqun.asmsupport.org.objectweb.asm.ClassReader] At ClassReader.java:[line 1850] DM_NUMBER_CTOR
[ERROR] Medium: cn.wensiqun.asmsupport.org.objectweb.asm.ClassReader.readAnnotationValue(int, char[], String, AnnotationVisitor) invokes inefficient new Short(short) constructor; use Short.valueOf(short) instead [cn.wensiqun.asmsupport.org.objectweb.asm.ClassReader] At ClassReader.java:[line 1845] DM_NUMBER_CTOR
[ERROR] Medium: cn.wensiqun.asmsupport.org.objectweb.asm.ClassReader.readConst(int, char[]) invokes inefficient new Integer(int) constructor; use Integer.valueOf(int) instead [cn.wensiqun.asmsupport.org.objectweb.asm.ClassReader] At ClassReader.java:[line 2474] DM_NUMBER_CTOR
[ERROR] Medium: cn.wensiqun.asmsupport.org.objectweb.asm.ClassReader.readConst(int, char[]) invokes inefficient new Long(long) constructor; use Long.valueOf(long) instead [cn.wensiqun.asmsupport.org.objectweb.asm.ClassReader] At ClassReader.java:[line 2478] DM_NUMBER_CTOR
[ERROR] Medium: Comparison of String objects using == or != in cn.wensiqun.asmsupport.org.objectweb.asm.ClassReader.readMethod(ClassVisitor, Context, int) [cn.wensiqun.asmsupport.org.objectweb.asm.ClassReader] At ClassReader.java:[line 931] ES_COMPARING_STRINGS_WITH_EQ
[ERROR] Medium: cn.wensiqun.asmsupport.org.objectweb.asm.Opcodes.<static initializer for Opcodes>() invokes inefficient new Integer(int) constructor; use Integer.valueOf(int) instead [cn.wensiqun.asmsupport.org.objectweb.asm.Opcodes, cn.wensiqun.asmsupport.org.objectweb.asm.Opcodes, cn.wensiqun.asmsupport.org.objectweb.asm.Opcodes, cn.wensiqun.asmsupport.org.objectweb.asm.Opcodes, cn.wensiqun.asmsupport.org.objectweb.asm.Opcodes, cn.wensiqun.asmsupport.org.objectweb.asm.Opcodes, cn.wensiqun.asmsupport.org.objectweb.asm.Opcodes] At Opcodes.java:[line 150]Another occurrence at Opcodes.java:[line 151]Another occurrence at Opcodes.java:[line 152]Another occurrence at Opcodes.java:[line 153]Another occurrence at Opcodes.java:[line 154]Another occurrence at Opcodes.java:[line 155]Another occurrence at Opcodes.java:[line 156] DM_NUMBER_CTOR
[INFO] 


To see bug detail using the Spotbugs GUI, use the following command "mvn spotbugs:gui"



[INFO] 
[INFO] ------------------< cn.wensiqun:asmsupport-standard >-------------------
[INFO] Building asmsupport-standard 0.4.4                                 [3/9]
[INFO] --------------------------------[ jar ]---------------------------------
[INFO] 
[INFO] >>> spotbugs-maven-plugin:4.2.3-SNAPSHOT:check (default-cli) > :spotbugs @ asmsupport-standard >>>
[INFO] 
[INFO] --- spotbugs-maven-plugin:4.2.3-SNAPSHOT:spotbugs (spotbugs) @ asmsupport-standard ---
[INFO] Fork Value is true
[INFO] Done SpotBugs Analysis....
[INFO] 
[INFO] <<< spotbugs-maven-plugin:4.2.3-SNAPSHOT:check (default-cli) < :spotbugs @ asmsupport-standard <<<
[INFO] 
[INFO] 
[INFO] --- spotbugs-maven-plugin:4.2.3-SNAPSHOT:check (default-cli) @ asmsupport-standard ---
[INFO] BugInstance size is 1
[INFO] Error size is 0
[INFO] Total bugs: 1
[ERROR] Medium: Class cn.wensiqun.asmsupport.standard.def.clazz.AnyException is not derived from an Exception, even though it is named as such [cn.wensiqun.asmsupport.standard.def.clazz.AnyException] At AnyException.java:[lines 30-51] NM_CLASS_NOT_EXCEPTION
[INFO] 


To see bug detail using the Spotbugs GUI, use the following command "mvn spotbugs:gui"



[INFO] 
[INFO] --------------------< cn.wensiqun:asmsupport-core >---------------------
[INFO] Building asmsupport-core 0.4.4                                     [4/9]
[INFO] --------------------------------[ jar ]---------------------------------
[INFO] 
[INFO] >>> spotbugs-maven-plugin:4.2.3-SNAPSHOT:check (default-cli) > :spotbugs @ asmsupport-core >>>
[INFO] 
[INFO] --- spotbugs-maven-plugin:4.2.3-SNAPSHOT:spotbugs (spotbugs) @ asmsupport-core ---
[INFO] Fork Value is true
[INFO] Done SpotBugs Analysis....
[INFO] 
[INFO] <<< spotbugs-maven-plugin:4.2.3-SNAPSHOT:check (default-cli) < :spotbugs @ asmsupport-core <<<
[INFO] 
[INFO] 
[INFO] --- spotbugs-maven-plugin:4.2.3-SNAPSHOT:check (default-cli) @ asmsupport-core ---
[INFO] BugInstance size is 4
[INFO] Error size is 0
[INFO] Total bugs: 4
[ERROR] Low: cn.wensiqun.asmsupport.core.asm.Instructions.push(double) invokes inefficient new Double(double) constructor; use Double.valueOf(double) instead [cn.wensiqun.asmsupport.core.asm.Instructions] At Instructions.java:[line 197] DM_FP_NUMBER_CTOR
[ERROR] Low: cn.wensiqun.asmsupport.core.asm.Instructions.push(float) invokes inefficient new Float(float) constructor; use Float.valueOf(float) instead [cn.wensiqun.asmsupport.core.asm.Instructions] At Instructions.java:[line 182] DM_FP_NUMBER_CTOR
[ERROR] Medium: cn.wensiqun.asmsupport.core.asm.Instructions.push(long) invokes inefficient new Long(long) constructor; use Long.valueOf(long) instead [cn.wensiqun.asmsupport.core.asm.Instructions] At Instructions.java:[line 167] DM_NUMBER_CTOR
[ERROR] Medium: cn.wensiqun.asmsupport.core.asm.Instructions.pushInt(int) invokes inefficient new Integer(int) constructor; use Integer.valueOf(int) instead [cn.wensiqun.asmsupport.core.asm.Instructions] At Instructions.java:[line 106] DM_NUMBER_CTOR
[INFO] 


To see bug detail using the Spotbugs GUI, use the following command "mvn spotbugs:gui"



[INFO] 
[INFO] -------------------< cn.wensiqun:asmsupport-client >--------------------
[INFO] Building asmsupport-client 0.4.4                                   [5/9]
[INFO] --------------------------------[ jar ]---------------------------------
[INFO] 
[INFO] >>> spotbugs-maven-plugin:4.2.3-SNAPSHOT:check (default-cli) > :spotbugs @ asmsupport-client >>>
[INFO] 
[INFO] --- spotbugs-maven-plugin:4.2.3-SNAPSHOT:spotbugs (spotbugs) @ asmsupport-client ---
[INFO] Fork Value is true
[INFO] Done SpotBugs Analysis....
[INFO] 
[INFO] <<< spotbugs-maven-plugin:4.2.3-SNAPSHOT:check (default-cli) < :spotbugs @ asmsupport-client <<<
[INFO] 
[INFO] 
[INFO] --- spotbugs-maven-plugin:4.2.3-SNAPSHOT:check (default-cli) @ asmsupport-client ---
[INFO] BugInstance size is 0
[INFO] Error size is 0
[INFO] No errors/warnings found
[INFO] 
[INFO] -------------------< cn.wensiqun:asmsupport-grammar >-------------------
[INFO] Building asmsupport-grammar 0.4.4                                  [6/9]
[INFO] --------------------------------[ jar ]---------------------------------
[INFO] 
[INFO] >>> spotbugs-maven-plugin:4.2.3-SNAPSHOT:check (default-cli) > :spotbugs @ asmsupport-grammar >>>
[INFO] 
[INFO] --- spotbugs-maven-plugin:4.2.3-SNAPSHOT:spotbugs (spotbugs) @ asmsupport-grammar ---
[INFO] Fork Value is true
[INFO] Done SpotBugs Analysis....
[INFO] 
[INFO] <<< spotbugs-maven-plugin:4.2.3-SNAPSHOT:check (default-cli) < :spotbugs @ asmsupport-grammar <<<
[INFO] 
[INFO] 
[INFO] --- spotbugs-maven-plugin:4.2.3-SNAPSHOT:check (default-cli) @ asmsupport-grammar ---
[INFO] BugInstance size is 0
[INFO] Error size is 0
[INFO] No errors/warnings found
[INFO] 
[INFO] -------------------< cn.wensiqun:asmsupport-issues >--------------------
[INFO] Building asmsupport-issues 0.4.4                                   [7/9]
[INFO] --------------------------------[ jar ]---------------------------------
[INFO] 
[INFO] >>> spotbugs-maven-plugin:4.2.3-SNAPSHOT:check (default-cli) > :spotbugs @ asmsupport-issues >>>
[INFO] 
[INFO] --- spotbugs-maven-plugin:4.2.3-SNAPSHOT:spotbugs (spotbugs) @ asmsupport-issues ---
[INFO] 
[INFO] <<< spotbugs-maven-plugin:4.2.3-SNAPSHOT:check (default-cli) < :spotbugs @ asmsupport-issues <<<
[INFO] 
[INFO] 
[INFO] --- spotbugs-maven-plugin:4.2.3-SNAPSHOT:check (default-cli) @ asmsupport-issues ---
[INFO] 
[INFO] -------------------< cn.wensiqun:asmsupport-sample >--------------------
[INFO] Building asmsupport-sample 0.4.4                                   [8/9]
[INFO] --------------------------------[ jar ]---------------------------------
[INFO] 
[INFO] >>> spotbugs-maven-plugin:4.2.3-SNAPSHOT:check (default-cli) > :spotbugs @ asmsupport-sample >>>
[INFO] 
[INFO] --- spotbugs-maven-plugin:4.2.3-SNAPSHOT:spotbugs (spotbugs) @ asmsupport-sample ---
[INFO] Fork Value is true
[INFO] Done SpotBugs Analysis....
[INFO] 
[INFO] <<< spotbugs-maven-plugin:4.2.3-SNAPSHOT:check (default-cli) < :spotbugs @ asmsupport-sample <<<
[INFO] 
[INFO] 
[INFO] --- spotbugs-maven-plugin:4.2.3-SNAPSHOT:check (default-cli) @ asmsupport-sample ---
[INFO] BugInstance size is 7
[INFO] Error size is 0
[INFO] Total bugs: 7
[ERROR] Medium: The method name cn.wensiqun.asmsupport.sample.core.create.ByModify.String() doesn't start with a lower case letter [cn.wensiqun.asmsupport.sample.core.create.ByModify] At ByModify.java:[lines 13-14] NM_METHOD_NAMING_CONVENTION
[ERROR] Medium: Format string should use %n rather than \n in cn.wensiqun.asmsupport.sample.core.operators.LogicalOperatorGenerate.willGenerate(String[]) [cn.wensiqun.asmsupport.sample.core.operators.LogicalOperatorGenerate] At LogicalOperatorGenerate.java:[line 54] VA_FORMAT_STRING_USES_NEWLINE
[ERROR] Medium: Format string should use %n rather than \n in cn.wensiqun.asmsupport.sample.core.operators.LogicalOperatorGenerate.willGenerate(String[]) [cn.wensiqun.asmsupport.sample.core.operators.LogicalOperatorGenerate] At LogicalOperatorGenerate.java:[line 18] VA_FORMAT_STRING_USES_NEWLINE
[ERROR] Medium: Format string should use %n rather than \n in cn.wensiqun.asmsupport.sample.core.operators.LogicalOperatorGenerate.willGenerate(String[]) [cn.wensiqun.asmsupport.sample.core.operators.LogicalOperatorGenerate] At LogicalOperatorGenerate.java:[line 30] VA_FORMAT_STRING_USES_NEWLINE
[ERROR] Medium: Format string should use %n rather than \n in cn.wensiqun.asmsupport.sample.core.operators.LogicalOperatorGenerate.willGenerate(String[]) [cn.wensiqun.asmsupport.sample.core.operators.LogicalOperatorGenerate] At LogicalOperatorGenerate.java:[line 36] VA_FORMAT_STRING_USES_NEWLINE
[ERROR] Medium: Format string should use %n rather than \n in cn.wensiqun.asmsupport.sample.core.operators.LogicalOperatorGenerate.willGenerate(String[]) [cn.wensiqun.asmsupport.sample.core.operators.LogicalOperatorGenerate] At LogicalOperatorGenerate.java:[line 42] VA_FORMAT_STRING_USES_NEWLINE
[ERROR] Medium: Format string should use %n rather than \n in cn.wensiqun.asmsupport.sample.core.operators.LogicalOperatorGenerate.willGenerate(String[]) [cn.wensiqun.asmsupport.sample.core.operators.LogicalOperatorGenerate] At LogicalOperatorGenerate.java:[line 48] VA_FORMAT_STRING_USES_NEWLINE
[INFO] 


To see bug detail using the Spotbugs GUI, use the following command "mvn spotbugs:gui"



[INFO] 
[INFO] -------------------< cn.wensiqun:asmsupport-lesson >--------------------
[INFO] Building asmsupport-lesson 0.4.4                                   [9/9]
[INFO] --------------------------------[ jar ]---------------------------------
[INFO] 
[INFO] >>> spotbugs-maven-plugin:4.2.3-SNAPSHOT:check (default-cli) > :spotbugs @ asmsupport-lesson >>>
[INFO] 
[INFO] --- spotbugs-maven-plugin:4.2.3-SNAPSHOT:spotbugs (spotbugs) @ asmsupport-lesson ---
[INFO] 
[INFO] <<< spotbugs-maven-plugin:4.2.3-SNAPSHOT:check (default-cli) < :spotbugs @ asmsupport-lesson <<<
[INFO] 
[INFO] 
[INFO] --- spotbugs-maven-plugin:4.2.3-SNAPSHOT:check (default-cli) @ asmsupport-lesson ---
[INFO] ------------------------------------------------------------------------
[INFO] Reactor Summary for asmsupport 0.4.4:
[INFO] 
[INFO] asmsupport ......................................... SUCCESS [  0.927 s]
[INFO] asmsupport-third ................................... FAILURE [  3.212 s]
[INFO] asmsupport-standard ................................ FAILURE [  2.198 s]
[INFO] asmsupport-core .................................... FAILURE [  3.719 s]
[INFO] asmsupport-client .................................. SUCCESS [  2.311 s]
[INFO] asmsupport-grammar ................................. SUCCESS [  1.459 s]
[INFO] asmsupport-issues .................................. SUCCESS [  0.004 s]
[INFO] asmsupport-sample .................................. FAILURE [  2.707 s]
[INFO] asmsupport-lesson .................................. SUCCESS [  0.005 s]
[INFO] ------------------------------------------------------------------------
[INFO] BUILD FAILURE
[INFO] ------------------------------------------------------------------------
[INFO] Total time:  16.685 s
[INFO] Finished at: 2022-01-16T13:28:32+08:00
[INFO] ------------------------------------------------------------------------
[ERROR] Failed to execute goal com.github.spotbugs:spotbugs-maven-plugin:4.2.3-SNAPSHOT:check (default-cli) on project asmsupport-third: failed with 9 bugs and 0 errors -> [Help 1]
[ERROR] Failed to execute goal com.github.spotbugs:spotbugs-maven-plugin:4.2.3-SNAPSHOT:check (default-cli) on project asmsupport-standard: failed with 1 bugs and 0 errors -> [Help 1]
[ERROR] Failed to execute goal com.github.spotbugs:spotbugs-maven-plugin:4.2.3-SNAPSHOT:check (default-cli) on project asmsupport-core: failed with 4 bugs and 0 errors -> [Help 1]
[ERROR] Failed to execute goal com.github.spotbugs:spotbugs-maven-plugin:4.2.3-SNAPSHOT:check (default-cli) on project asmsupport-sample: failed with 7 bugs and 0 errors -> [Help 1]
[ERROR] 
[ERROR] To see the full stack trace of the errors, re-run Maven with the -e switch.
[ERROR] Re-run Maven using the -X switch to enable full debug logging.
[ERROR] 
[ERROR] For more information about the errors and possible solutions, please read the following articles:
[ERROR] [Help 1] http://cwiki.apache.org/confluence/display/MAVEN/MojoExecutionException
[ERROR] 
[ERROR] After correcting the problems, you can resume the build with the command
[ERROR]   mvn <args> -rf :asmsupport-third
[INFO] Build failures were ignored.
