WARNING: An illegal reflective access operation has occurred
WARNING: Illegal reflective access by com.google.inject.internal.cglib.core.$ReflectUtils$1 (file:/usr/share/maven/lib/guice.jar) to method java.lang.ClassLoader.defineClass(java.lang.String,byte[],int,int,java.security.ProtectionDomain)
WARNING: Please consider reporting this to the maintainers of com.google.inject.internal.cglib.core.$ReflectUtils$1
WARNING: Use --illegal-access=warn to enable warnings of further illegal reflective access operations
WARNING: All illegal access operations will be denied in a future release
[INFO] Scanning for projects...
[WARNING] 
[WARNING] Some problems were encountered while building the effective model for com.darkprograms.speech:java-speech-api:jar:1.13.0-SNAPSHOT
[WARNING] 'build.plugins.plugin.version' for org.apache.maven.plugins:maven-source-plugin is missing. @ line 103, column 17
[WARNING] 'build.plugins.plugin.version' for org.apache.maven.plugins:maven-javadoc-plugin is missing. @ line 115, column 17
[WARNING] 
[WARNING] It is highly recommended to fix these problems because they threaten the stability of your build.
[WARNING] 
[WARNING] For this reason, future Maven versions might no longer support building such malformed projects.
[WARNING] 
[INFO] 
[INFO] --------------< com.darkprograms.speech:java-speech-api >---------------
[INFO] Building java-speech-api 1.13.0-SNAPSHOT
[INFO] --------------------------------[ jar ]---------------------------------
[INFO] 
[INFO] >>> spotbugs-maven-plugin:4.2.3-SNAPSHOT:check (default-cli) > :spotbugs @ java-speech-api >>>
[INFO] 
[INFO] --- spotbugs-maven-plugin:4.2.3-SNAPSHOT:spotbugs (spotbugs) @ java-speech-api ---
[INFO] Fork Value is true
[INFO] Done SpotBugs Analysis....
[INFO] 
[INFO] <<< spotbugs-maven-plugin:4.2.3-SNAPSHOT:check (default-cli) < :spotbugs @ java-speech-api <<<
[INFO] 
[INFO] 
[INFO] --- spotbugs-maven-plugin:4.2.3-SNAPSHOT:check (default-cli) @ java-speech-api ---
[INFO] BugInstance size is 4
[INFO] Error size is 0
[INFO] Total bugs: 4
[ERROR] Low: com.darkprograms.speech.recognizer.GSpeechDuplex.parseResponse(String, GoogleResponse) uses String.indexOf(String) instead of String.indexOf(int) [com.darkprograms.speech.recognizer.GSpeechDuplex] At GSpeechDuplex.java:[line 456] IIO_INEFFICIENT_INDEX_OF
[ERROR] Low: com.darkprograms.speech.recognizer.RecognizerChunked.parseTranscript(String) uses String.indexOf(String) instead of String.indexOf(int) [com.darkprograms.speech.recognizer.RecognizerChunked] At RecognizerChunked.java:[line 252] IIO_INEFFICIENT_INDEX_OF
[ERROR] Medium: The method name com.darkprograms.speech.translator.GoogleTranslate.RL(int, String) doesn't start with a lower case letter [com.darkprograms.speech.translator.GoogleTranslate] At GoogleTranslate.java:[lines 238-244] NM_METHOD_NAMING_CONVENTION
[ERROR] Medium: The method name com.darkprograms.speech.translator.GoogleTranslate.TKK() doesn't start with a lower case letter [com.darkprograms.speech.translator.GoogleTranslate] At GoogleTranslate.java:[lines 218-219] NM_METHOD_NAMING_CONVENTION
[INFO] 


To see bug detail using the Spotbugs GUI, use the following command "mvn spotbugs:gui"



[INFO] ------------------------------------------------------------------------
[INFO] BUILD FAILURE
[INFO] ------------------------------------------------------------------------
[INFO] Total time:  3.878 s
[INFO] Finished at: 2022-01-16T13:27:03+08:00
[INFO] ------------------------------------------------------------------------
[ERROR] Failed to execute goal com.github.spotbugs:spotbugs-maven-plugin:4.2.3-SNAPSHOT:check (default-cli) on project java-speech-api: failed with 4 bugs and 0 errors -> [Help 1]
[ERROR] 
[ERROR] To see the full stack trace of the errors, re-run Maven with the -e switch.
[ERROR] Re-run Maven using the -X switch to enable full debug logging.
[ERROR] 
[ERROR] For more information about the errors and possible solutions, please read the following articles:
[ERROR] [Help 1] http://cwiki.apache.org/confluence/display/MAVEN/MojoExecutionException
[INFO] Build failures were ignored.
