WARNING: An illegal reflective access operation has occurred
WARNING: Illegal reflective access by com.google.inject.internal.cglib.core.$ReflectUtils$1 (file:/usr/share/maven/lib/guice.jar) to method java.lang.ClassLoader.defineClass(java.lang.String,byte[],int,int,java.security.ProtectionDomain)
WARNING: Please consider reporting this to the maintainers of com.google.inject.internal.cglib.core.$ReflectUtils$1
WARNING: Use --illegal-access=warn to enable warnings of further illegal reflective access operations
WARNING: All illegal access operations will be denied in a future release
[INFO] Scanning for projects...
[WARNING] 
[WARNING] Some problems were encountered while building the effective model for com.alibaba.nacos:nacos-spring-context:jar:1.0.1
[WARNING] 'build.plugins.plugin.version' for io.spring.javaformat:spring-javaformat-maven-plugin is missing. @ com.alibaba.nacos:nacos-spring-parent:1.0.1, /home/codegex/Documents/workspace/rbugs/experiment/top100repos/nacos-spring-project/pom.xml, line 314, column 21
[WARNING] 'build.plugins.plugin.version' for org.apache.maven.plugins:maven-checkstyle-plugin is missing. @ com.alibaba.nacos:nacos-spring-parent:1.0.1, /home/codegex/Documents/workspace/rbugs/experiment/top100repos/nacos-spring-project/pom.xml, line 318, column 21
[WARNING] 'build.plugins.plugin.version' for org.apache.maven.plugins:maven-source-plugin is missing. @ com.alibaba.nacos:nacos-spring-parent:1.0.1, /home/codegex/Documents/workspace/rbugs/experiment/top100repos/nacos-spring-project/pom.xml, line 322, column 21
[WARNING] 'build.plugins.plugin.version' for org.apache.maven.plugins:maven-javadoc-plugin is missing. @ com.alibaba.nacos:nacos-spring-parent:1.0.1, /home/codegex/Documents/workspace/rbugs/experiment/top100repos/nacos-spring-project/pom.xml, line 281, column 21
[WARNING] 'build.plugins.plugin.version' for org.apache.maven.plugins:maven-eclipse-plugin is missing. @ com.alibaba.nacos:nacos-spring-parent:1.0.1, /home/codegex/Documents/workspace/rbugs/experiment/top100repos/nacos-spring-project/pom.xml, line 293, column 21
[WARNING] 
[WARNING] Some problems were encountered while building the effective model for com.alibaba.nacos:nacos-embedded-webserver:jar:1.0.1
[WARNING] 'build.plugins.plugin.version' for io.spring.javaformat:spring-javaformat-maven-plugin is missing. @ com.alibaba.nacos:nacos-spring-parent:1.0.1, /home/codegex/Documents/workspace/rbugs/experiment/top100repos/nacos-spring-project/pom.xml, line 314, column 21
[WARNING] 'build.plugins.plugin.version' for org.apache.maven.plugins:maven-checkstyle-plugin is missing. @ com.alibaba.nacos:nacos-spring-parent:1.0.1, /home/codegex/Documents/workspace/rbugs/experiment/top100repos/nacos-spring-project/pom.xml, line 318, column 21
[WARNING] 'build.plugins.plugin.version' for org.apache.maven.plugins:maven-source-plugin is missing. @ com.alibaba.nacos:nacos-spring-parent:1.0.1, /home/codegex/Documents/workspace/rbugs/experiment/top100repos/nacos-spring-project/pom.xml, line 322, column 21
[WARNING] 'build.plugins.plugin.version' for org.apache.maven.plugins:maven-javadoc-plugin is missing. @ com.alibaba.nacos:nacos-spring-parent:1.0.1, /home/codegex/Documents/workspace/rbugs/experiment/top100repos/nacos-spring-project/pom.xml, line 281, column 21
[WARNING] 'build.plugins.plugin.version' for org.apache.maven.plugins:maven-eclipse-plugin is missing. @ com.alibaba.nacos:nacos-spring-parent:1.0.1, /home/codegex/Documents/workspace/rbugs/experiment/top100repos/nacos-spring-project/pom.xml, line 293, column 21
[WARNING] 
[WARNING] Some problems were encountered while building the effective model for com.alibaba.nacos:nacos-spring-webmvc-sample:war:1.0.1
[WARNING] 'build.plugins.plugin.version' for io.spring.javaformat:spring-javaformat-maven-plugin is missing. @ com.alibaba.nacos:nacos-spring-parent:1.0.1, /home/codegex/Documents/workspace/rbugs/experiment/top100repos/nacos-spring-project/pom.xml, line 314, column 21
[WARNING] 'build.plugins.plugin.version' for org.apache.maven.plugins:maven-checkstyle-plugin is missing. @ com.alibaba.nacos:nacos-spring-parent:1.0.1, /home/codegex/Documents/workspace/rbugs/experiment/top100repos/nacos-spring-project/pom.xml, line 318, column 21
[WARNING] 'build.plugins.plugin.version' for org.apache.maven.plugins:maven-source-plugin is missing. @ com.alibaba.nacos:nacos-spring-parent:1.0.1, /home/codegex/Documents/workspace/rbugs/experiment/top100repos/nacos-spring-project/pom.xml, line 322, column 21
[WARNING] 'build.plugins.plugin.version' for org.apache.maven.plugins:maven-javadoc-plugin is missing. @ com.alibaba.nacos:nacos-spring-parent:1.0.1, /home/codegex/Documents/workspace/rbugs/experiment/top100repos/nacos-spring-project/pom.xml, line 281, column 21
[WARNING] 'build.plugins.plugin.version' for org.apache.maven.plugins:maven-deploy-plugin is missing. @ com.alibaba.nacos:nacos-spring-samples:1.0.1, /home/codegex/Documents/workspace/rbugs/experiment/top100repos/nacos-spring-project/nacos-spring-samples/pom.xml, line 36, column 21
[WARNING] 'build.plugins.plugin.version' for org.apache.maven.plugins:maven-eclipse-plugin is missing. @ com.alibaba.nacos:nacos-spring-parent:1.0.1, /home/codegex/Documents/workspace/rbugs/experiment/top100repos/nacos-spring-project/pom.xml, line 293, column 21
[WARNING] The expression ${artifactId} is deprecated. Please use ${project.artifactId} instead.
[WARNING] 
[WARNING] Some problems were encountered while building the effective model for com.alibaba.nacos:nacos-spring-samples:pom:1.0.1
[WARNING] 'build.plugins.plugin.version' for io.spring.javaformat:spring-javaformat-maven-plugin is missing. @ com.alibaba.nacos:nacos-spring-parent:1.0.1, /home/codegex/Documents/workspace/rbugs/experiment/top100repos/nacos-spring-project/pom.xml, line 314, column 21
[WARNING] 'build.plugins.plugin.version' for org.apache.maven.plugins:maven-checkstyle-plugin is missing. @ com.alibaba.nacos:nacos-spring-parent:1.0.1, /home/codegex/Documents/workspace/rbugs/experiment/top100repos/nacos-spring-project/pom.xml, line 318, column 21
[WARNING] 'build.plugins.plugin.version' for org.apache.maven.plugins:maven-source-plugin is missing. @ com.alibaba.nacos:nacos-spring-parent:1.0.1, /home/codegex/Documents/workspace/rbugs/experiment/top100repos/nacos-spring-project/pom.xml, line 322, column 21
[WARNING] 'build.plugins.plugin.version' for org.apache.maven.plugins:maven-javadoc-plugin is missing. @ com.alibaba.nacos:nacos-spring-parent:1.0.1, /home/codegex/Documents/workspace/rbugs/experiment/top100repos/nacos-spring-project/pom.xml, line 281, column 21
[WARNING] 'build.plugins.plugin.version' for org.apache.maven.plugins:maven-deploy-plugin is missing. @ line 36, column 21
[WARNING] 'build.plugins.plugin.version' for org.apache.maven.plugins:maven-eclipse-plugin is missing. @ com.alibaba.nacos:nacos-spring-parent:1.0.1, /home/codegex/Documents/workspace/rbugs/experiment/top100repos/nacos-spring-project/pom.xml, line 293, column 21
[WARNING] 
[WARNING] Some problems were encountered while building the effective model for com.alibaba.nacos:nacos-spring-parent:pom:1.0.1
[WARNING] 'build.plugins.plugin.version' for io.spring.javaformat:spring-javaformat-maven-plugin is missing. @ line 314, column 21
[WARNING] 'build.plugins.plugin.version' for org.apache.maven.plugins:maven-checkstyle-plugin is missing. @ line 318, column 21
[WARNING] 'build.plugins.plugin.version' for org.apache.maven.plugins:maven-source-plugin is missing. @ line 322, column 21
[WARNING] 'build.plugins.plugin.version' for org.apache.maven.plugins:maven-javadoc-plugin is missing. @ line 281, column 21
[WARNING] 'build.plugins.plugin.version' for org.apache.maven.plugins:maven-eclipse-plugin is missing. @ line 293, column 21
[WARNING] 
[WARNING] It is highly recommended to fix these problems because they threaten the stability of your build.
[WARNING] 
[WARNING] For this reason, future Maven versions might no longer support building such malformed projects.
[WARNING] 
[INFO] ------------------------------------------------------------------------
[INFO] Reactor Build Order:
[INFO] 
[INFO] Alibaba Nacos :: Spring :: POM                                     [pom]
[INFO] Alibaba Nacos :: Samples :: Embedded Web Server                    [jar]
[INFO] Alibaba Nacos :: Spring :: Context                                 [jar]
[INFO] Alibaba Nacos :: Samples :: POM                                    [pom]
[INFO] Alibaba Nacos :: Samples :: Spring Web MVC                         [war]
[INFO] 
[INFO] ---------------< com.alibaba.nacos:nacos-spring-parent >----------------
[INFO] Building Alibaba Nacos :: Spring :: POM 1.0.1                      [1/5]
[INFO] --------------------------------[ pom ]---------------------------------
[INFO] 
[INFO] >>> spotbugs-maven-plugin:4.2.3-SNAPSHOT:check (default-cli) > :spotbugs @ nacos-spring-parent >>>
[INFO] 
[INFO] --- spotbugs-maven-plugin:4.2.3-SNAPSHOT:spotbugs (spotbugs) @ nacos-spring-parent ---
[INFO] 
[INFO] <<< spotbugs-maven-plugin:4.2.3-SNAPSHOT:check (default-cli) < :spotbugs @ nacos-spring-parent <<<
[INFO] 
[INFO] 
[INFO] --- spotbugs-maven-plugin:4.2.3-SNAPSHOT:check (default-cli) @ nacos-spring-parent ---
[INFO] 
[INFO] -------------< com.alibaba.nacos:nacos-embedded-webserver >-------------
[INFO] Building Alibaba Nacos :: Samples :: Embedded Web Server 1.0.1     [2/5]
[INFO] --------------------------------[ jar ]---------------------------------
[INFO] 
[INFO] >>> spotbugs-maven-plugin:4.2.3-SNAPSHOT:check (default-cli) > :spotbugs @ nacos-embedded-webserver >>>
[INFO] 
[INFO] --- spotbugs-maven-plugin:4.2.3-SNAPSHOT:spotbugs (spotbugs) @ nacos-embedded-webserver ---
[INFO] Fork Value is true
[INFO] Done SpotBugs Analysis....
[INFO] 
[INFO] <<< spotbugs-maven-plugin:4.2.3-SNAPSHOT:check (default-cli) < :spotbugs @ nacos-embedded-webserver <<<
[INFO] 
[INFO] 
[INFO] --- spotbugs-maven-plugin:4.2.3-SNAPSHOT:check (default-cli) @ nacos-embedded-webserver ---
[INFO] BugInstance size is 0
[INFO] Error size is 0
[INFO] No errors/warnings found
[INFO] 
[INFO] ---------------< com.alibaba.nacos:nacos-spring-context >---------------
[INFO] Building Alibaba Nacos :: Spring :: Context 1.0.1                  [3/5]
[INFO] --------------------------------[ jar ]---------------------------------
[INFO] 
[INFO] >>> spotbugs-maven-plugin:4.2.3-SNAPSHOT:check (default-cli) > :spotbugs @ nacos-spring-context >>>
[INFO] 
[INFO] ---------------< com.alibaba.nacos:nacos-spring-samples >---------------
[INFO] Building Alibaba Nacos :: Samples :: POM 1.0.1                     [4/5]
[INFO] --------------------------------[ pom ]---------------------------------
[INFO] 
[INFO] >>> spotbugs-maven-plugin:4.2.3-SNAPSHOT:check (default-cli) > :spotbugs @ nacos-spring-samples >>>
[INFO] 
[INFO] --- spotbugs-maven-plugin:4.2.3-SNAPSHOT:spotbugs (spotbugs) @ nacos-spring-samples ---
[INFO] 
[INFO] <<< spotbugs-maven-plugin:4.2.3-SNAPSHOT:check (default-cli) < :spotbugs @ nacos-spring-samples <<<
[INFO] 
[INFO] 
[INFO] --- spotbugs-maven-plugin:4.2.3-SNAPSHOT:check (default-cli) @ nacos-spring-samples ---
[INFO] 
[INFO] ------------< com.alibaba.nacos:nacos-spring-webmvc-sample >------------
[INFO] Building Alibaba Nacos :: Samples :: Spring Web MVC 1.0.1          [5/5]
[INFO] --------------------------------[ war ]---------------------------------
[INFO] 
[INFO] >>> spotbugs-maven-plugin:4.2.3-SNAPSHOT:check (default-cli) > :spotbugs @ nacos-spring-webmvc-sample >>>
[INFO] ------------------------------------------------------------------------
[INFO] Reactor Summary for Alibaba Nacos :: Spring :: POM 1.0.1:
[INFO] 
[INFO] Alibaba Nacos :: Spring :: POM ..................... SUCCESS [  0.946 s]
[INFO] Alibaba Nacos :: Samples :: Embedded Web Server .... SUCCESS [  2.373 s]
[INFO] Alibaba Nacos :: Spring :: Context ................. FAILURE [  0.034 s]
[INFO] Alibaba Nacos :: Samples :: POM .................... SUCCESS [  0.012 s]
[INFO] Alibaba Nacos :: Samples :: Spring Web MVC ......... FAILURE [  0.013 s]
[INFO] ------------------------------------------------------------------------
[INFO] BUILD FAILURE
[INFO] ------------------------------------------------------------------------
[INFO] Total time:  3.613 s
[INFO] Finished at: 2021-03-29T15:03:02+08:00
[INFO] ------------------------------------------------------------------------
[ERROR] Failed to execute goal on project nacos-spring-context: Could not resolve dependencies for project com.alibaba.nacos:nacos-spring-context:jar:1.0.1: Failure to find com.alibaba.nacos:nacos-embedded-webserver:jar:1.0.1 in https://repo.maven.apache.org/maven2 was cached in the local repository, resolution will not be reattempted until the update interval of central has elapsed or updates are forced -> [Help 1]
[ERROR] Failed to execute goal on project nacos-spring-webmvc-sample: Could not resolve dependencies for project com.alibaba.nacos:nacos-spring-webmvc-sample:war:1.0.1: The following artifacts could not be resolved: com.alibaba.nacos:nacos-spring-context:jar:1.0.1, com.alibaba.nacos:nacos-embedded-webserver:jar:1.0.1: Failure to find com.alibaba.nacos:nacos-spring-context:jar:1.0.1 in https://repo.maven.apache.org/maven2 was cached in the local repository, resolution will not be reattempted until the update interval of central has elapsed or updates are forced -> [Help 1]
[ERROR] 
[ERROR] To see the full stack trace of the errors, re-run Maven with the -e switch.
[ERROR] Re-run Maven using the -X switch to enable full debug logging.
[ERROR] 
[ERROR] For more information about the errors and possible solutions, please read the following articles:
[ERROR] [Help 1] http://cwiki.apache.org/confluence/display/MAVEN/DependencyResolutionException
[ERROR] 
[ERROR] After correcting the problems, you can resume the build with the command
[ERROR]   mvn <args> -rf :nacos-spring-context
[INFO] Build failures were ignored.
