WARNING: An illegal reflective access operation has occurred
WARNING: Illegal reflective access by com.google.inject.internal.cglib.core.$ReflectUtils$1 (file:/usr/share/maven/lib/guice.jar) to method java.lang.ClassLoader.defineClass(java.lang.String,byte[],int,int,java.security.ProtectionDomain)
WARNING: Please consider reporting this to the maintainers of com.google.inject.internal.cglib.core.$ReflectUtils$1
WARNING: Use --illegal-access=warn to enable warnings of further illegal reflective access operations
WARNING: All illegal access operations will be denied in a future release
[INFO] Scanning for projects...
[INFO] 
[INFO] --------------< io.github.mariazevedo88:travels-java-api >--------------
[INFO] Building travels-java-api 5.0.1-SNAPSHOT
[INFO] --------------------------------[ jar ]---------------------------------
[INFO] 
[INFO] >>> spotbugs-maven-plugin:4.2.3-SNAPSHOT:check (default-cli) > :spotbugs @ travels-java-api >>>
[INFO] 
[INFO] --- spotbugs-maven-plugin:4.2.3-SNAPSHOT:spotbugs (spotbugs) @ travels-java-api ---
[INFO] Fork Value is true
[INFO] Done SpotBugs Analysis....
[INFO] 
[INFO] <<< spotbugs-maven-plugin:4.2.3-SNAPSHOT:check (default-cli) < :spotbugs @ travels-java-api <<<
[INFO] 
[INFO] 
[INFO] --- spotbugs-maven-plugin:4.2.3-SNAPSHOT:check (default-cli) @ travels-java-api ---
[INFO] BugInstance size is 0
[INFO] Error size is 0
[INFO] No errors/warnings found
[INFO] ------------------------------------------------------------------------
[INFO] BUILD SUCCESS
[INFO] ------------------------------------------------------------------------
[INFO] Total time:  4.733 s
[INFO] Finished at: 2021-03-29T14:55:38+08:00
[INFO] ------------------------------------------------------------------------
