WARNING: An illegal reflective access operation has occurred
WARNING: Illegal reflective access by com.google.inject.internal.cglib.core.$ReflectUtils$1 (file:/usr/share/maven/lib/guice.jar) to method java.lang.ClassLoader.defineClass(java.lang.String,byte[],int,int,java.security.ProtectionDomain)
WARNING: Please consider reporting this to the maintainers of com.google.inject.internal.cglib.core.$ReflectUtils$1
WARNING: Use --illegal-access=warn to enable warnings of further illegal reflective access operations
WARNING: All illegal access operations will be denied in a future release
[INFO] Scanning for projects...
[INFO] ------------------------------------------------------------------------
[INFO] Reactor Build Order:
[INFO] 
[INFO] Webcam Capture Parent POM                                          [pom]
[INFO] Webcam Capture                                                  [bundle]
[INFO] Webcam Capture Drivers                                             [pom]
[INFO] Webcam Capture - FFmpeg CLI Driver                                 [jar]
[INFO] Webcam Capture - FsWebcam Driver                                   [jar]
[INFO] Webcam Capture - GStreamer 1.x Driver                              [jar]
[INFO] Webcam Capture - GStreamer Driver                                  [jar]
[INFO] Webcam Capture - IP Camera Driver                               [bundle]
[INFO] Webcam Capture - JMF Driver                                        [jar]
[INFO] Webcam Capture - LTI-CIVIL Driver                                  [jar]
[INFO] Webcam Capture - MJPEG Stream Capture Driver                       [jar]
[INFO] Webcam Capture - OpenIMAJ Driver                                   [jar]
[INFO] Webcam Capture - JavaCV Driver                                     [jar]
[INFO] Webcam Capture - Screen Capture Driver                             [jar]
[INFO] Webcam Capture - V4L4J Driver                                      [jar]
[INFO] Webcam Capture - Vlcj Driver                                    [bundle]
[INFO] Webcam Capture - Raspberry Pi camera Driver                        [jar]
[INFO] 
[INFO] --------------< com.github.sarxos:webcam-capture-parent >---------------
[INFO] Building Webcam Capture Parent POM 0.3.13-SNAPSHOT                [1/17]
[INFO] --------------------------------[ pom ]---------------------------------
[INFO] 
[INFO] >>> spotbugs-maven-plugin:4.2.3-SNAPSHOT:check (default-cli) > :spotbugs @ webcam-capture-parent >>>
[INFO] 
[INFO] --- spotbugs-maven-plugin:4.2.3-SNAPSHOT:spotbugs (spotbugs) @ webcam-capture-parent ---
[INFO] 
[INFO] <<< spotbugs-maven-plugin:4.2.3-SNAPSHOT:check (default-cli) < :spotbugs @ webcam-capture-parent <<<
[INFO] 
[INFO] 
[INFO] --- spotbugs-maven-plugin:4.2.3-SNAPSHOT:check (default-cli) @ webcam-capture-parent ---
[INFO] 
[INFO] ------------------< com.github.sarxos:webcam-capture >------------------
[INFO] Building Webcam Capture 0.3.13-SNAPSHOT                           [2/17]
[INFO] -------------------------------[ bundle ]-------------------------------
[INFO] 
[INFO] >>> spotbugs-maven-plugin:4.2.3-SNAPSHOT:check (default-cli) > :spotbugs @ webcam-capture >>>
[INFO] 
[INFO] --- spotbugs-maven-plugin:4.2.3-SNAPSHOT:spotbugs (spotbugs) @ webcam-capture ---
[INFO] Fork Value is true
[INFO] Done SpotBugs Analysis....
[INFO] 
[INFO] <<< spotbugs-maven-plugin:4.2.3-SNAPSHOT:check (default-cli) < :spotbugs @ webcam-capture <<<
[INFO] 
[INFO] 
[INFO] --- spotbugs-maven-plugin:4.2.3-SNAPSHOT:check (default-cli) @ webcam-capture ---
[INFO] BugInstance size is 3
[INFO] Error size is 0
[INFO] Total bugs: 3
[ERROR] Medium: new com.github.sarxos.webcam.ds.dummy.WebcamDummyDevice(int) uses the nextDouble method of Random to generate a random integer; using nextInt is more efficient [com.github.sarxos.webcam.ds.dummy.WebcamDummyDevice, com.github.sarxos.webcam.ds.dummy.WebcamDummyDevice, com.github.sarxos.webcam.ds.dummy.WebcamDummyDevice] At WebcamDummyDevice.java:[line 61]Another occurrence at WebcamDummyDevice.java:[line 62]Another occurrence at WebcamDummyDevice.java:[line 63] DM_NEXTINT_VIA_NEXTDOUBLE
[ERROR] Medium: com.github.sarxos.webcam.ds.dummy.WebcamDummyDevice.drawRect(Graphics2D, int, int) uses the nextDouble method of Random to generate a random integer; using nextInt is more efficient [com.github.sarxos.webcam.ds.dummy.WebcamDummyDevice] At WebcamDummyDevice.java:[line 72] DM_NEXTINT_VIA_NEXTDOUBLE
[ERROR] Medium: Hard coded reference to an absolute pathname in com.github.sarxos.webcam.util.NixVideoDevUtils.<static initializer for NixVideoDevUtils>() [com.github.sarxos.webcam.util.NixVideoDevUtils] At NixVideoDevUtils.java:[line 9] DMI_HARDCODED_ABSOLUTE_FILENAME
[INFO] 


To see bug detail using the Spotbugs GUI, use the following command "mvn spotbugs:gui"



[INFO] 
[INFO] --------------< com.github.sarxos:webcam-capture-drivers >--------------
[INFO] Building Webcam Capture Drivers 0.3.13-SNAPSHOT                   [3/17]
[INFO] --------------------------------[ pom ]---------------------------------
[INFO] 
[INFO] >>> spotbugs-maven-plugin:4.2.3-SNAPSHOT:check (default-cli) > :spotbugs @ webcam-capture-drivers >>>
[INFO] 
[INFO] --- spotbugs-maven-plugin:4.2.3-SNAPSHOT:spotbugs (spotbugs) @ webcam-capture-drivers ---
[INFO] 
[INFO] <<< spotbugs-maven-plugin:4.2.3-SNAPSHOT:check (default-cli) < :spotbugs @ webcam-capture-drivers <<<
[INFO] 
[INFO] 
[INFO] --- spotbugs-maven-plugin:4.2.3-SNAPSHOT:check (default-cli) @ webcam-capture-drivers ---
[INFO] 
[INFO] ---------< com.github.sarxos:webcam-capture-driver-ffmpeg-cli >---------
[INFO] Building Webcam Capture - FFmpeg CLI Driver 0.3.13-SNAPSHOT       [4/17]
[INFO] --------------------------------[ jar ]---------------------------------
[INFO] 
[INFO] >>> spotbugs-maven-plugin:4.2.3-SNAPSHOT:check (default-cli) > :spotbugs @ webcam-capture-driver-ffmpeg-cli >>>
[INFO] 
[INFO] --- spotbugs-maven-plugin:4.2.3-SNAPSHOT:spotbugs (spotbugs) @ webcam-capture-driver-ffmpeg-cli ---
[INFO] Fork Value is true
[INFO] Done SpotBugs Analysis....
[INFO] 
[INFO] <<< spotbugs-maven-plugin:4.2.3-SNAPSHOT:check (default-cli) < :spotbugs @ webcam-capture-driver-ffmpeg-cli <<<
[INFO] 
[INFO] 
[INFO] --- spotbugs-maven-plugin:4.2.3-SNAPSHOT:check (default-cli) @ webcam-capture-driver-ffmpeg-cli ---
[INFO] BugInstance size is 2
[INFO] Error size is 0
[INFO] Total bugs: 2
[ERROR] Low: com.github.sarxos.webcam.ds.ffmpegcli.FFmpegCliDriver.buildWindowsDevice(String) uses String.indexOf(String) instead of String.indexOf(int) [com.github.sarxos.webcam.ds.ffmpegcli.FFmpegCliDriver] At FFmpegCliDriver.java:[line 134] IIO_INEFFICIENT_INDEX_OF
[ERROR] Medium: Hard coded reference to an absolute pathname in com.github.sarxos.webcam.ds.ffmpegcli.impl.VideoDeviceFilenameFilter.<static initializer for VideoDeviceFilenameFilter>() [com.github.sarxos.webcam.ds.ffmpegcli.impl.VideoDeviceFilenameFilter] At VideoDeviceFilenameFilter.java:[line 9] DMI_HARDCODED_ABSOLUTE_FILENAME
[INFO] 


To see bug detail using the Spotbugs GUI, use the following command "mvn spotbugs:gui"



[INFO] 
[INFO] ----------< com.github.sarxos:webcam-capture-driver-fswebcam >----------
[INFO] Building Webcam Capture - FsWebcam Driver 0.3.13-SNAPSHOT         [5/17]
[INFO] --------------------------------[ jar ]---------------------------------
[INFO] 
[INFO] >>> spotbugs-maven-plugin:4.2.3-SNAPSHOT:check (default-cli) > :spotbugs @ webcam-capture-driver-fswebcam >>>
[INFO] 
[INFO] --- spotbugs-maven-plugin:4.2.3-SNAPSHOT:spotbugs (spotbugs) @ webcam-capture-driver-fswebcam ---
[INFO] Fork Value is true
[INFO] Done SpotBugs Analysis....
[INFO] 
[INFO] <<< spotbugs-maven-plugin:4.2.3-SNAPSHOT:check (default-cli) < :spotbugs @ webcam-capture-driver-fswebcam <<<
[INFO] 
[INFO] 
[INFO] --- spotbugs-maven-plugin:4.2.3-SNAPSHOT:check (default-cli) @ webcam-capture-driver-fswebcam ---
[INFO] BugInstance size is 1
[INFO] Error size is 0
[INFO] Total bugs: 1
[ERROR] Medium: Hard coded reference to an absolute pathname in com.github.sarxos.webcam.ds.fswebcam.impl.VideoDeviceFilenameFilter.<static initializer for VideoDeviceFilenameFilter>() [com.github.sarxos.webcam.ds.fswebcam.impl.VideoDeviceFilenameFilter] At VideoDeviceFilenameFilter.java:[line 9] DMI_HARDCODED_ABSOLUTE_FILENAME
[INFO] 


To see bug detail using the Spotbugs GUI, use the following command "mvn spotbugs:gui"



[INFO] 
[INFO] ------------< com.github.sarxos:webcam-capture-driver-gst1 >------------
[INFO] Building Webcam Capture - GStreamer 1.x Driver 0.3.13-SNAPSHOT    [6/17]
[INFO] --------------------------------[ jar ]---------------------------------
[INFO] 
[INFO] >>> spotbugs-maven-plugin:4.2.3-SNAPSHOT:check (default-cli) > :spotbugs @ webcam-capture-driver-gst1 >>>
[INFO] 
[INFO] --- spotbugs-maven-plugin:4.2.3-SNAPSHOT:spotbugs (spotbugs) @ webcam-capture-driver-gst1 ---
[INFO] Fork Value is true
[INFO] Done SpotBugs Analysis....
[INFO] 
[INFO] <<< spotbugs-maven-plugin:4.2.3-SNAPSHOT:check (default-cli) < :spotbugs @ webcam-capture-driver-gst1 <<<
[INFO] 
[INFO] 
[INFO] --- spotbugs-maven-plugin:4.2.3-SNAPSHOT:check (default-cli) @ webcam-capture-driver-gst1 ---
[INFO] BugInstance size is 0
[INFO] Error size is 0
[INFO] No errors/warnings found
[INFO] 
[INFO] ---------< com.github.sarxos:webcam-capture-driver-gstreamer >----------
[INFO] Building Webcam Capture - GStreamer Driver 0.3.13-SNAPSHOT        [7/17]
[INFO] --------------------------------[ jar ]---------------------------------
[INFO] 
[INFO] >>> spotbugs-maven-plugin:4.2.3-SNAPSHOT:check (default-cli) > :spotbugs @ webcam-capture-driver-gstreamer >>>
[INFO] 
[INFO] --- spotbugs-maven-plugin:4.2.3-SNAPSHOT:spotbugs (spotbugs) @ webcam-capture-driver-gstreamer ---
[INFO] Fork Value is true
[INFO] Done SpotBugs Analysis....
[INFO] 
[INFO] <<< spotbugs-maven-plugin:4.2.3-SNAPSHOT:check (default-cli) < :spotbugs @ webcam-capture-driver-gstreamer <<<
[INFO] 
[INFO] 
[INFO] --- spotbugs-maven-plugin:4.2.3-SNAPSHOT:check (default-cli) @ webcam-capture-driver-gstreamer ---
[INFO] BugInstance size is 0
[INFO] Error size is 0
[INFO] No errors/warnings found
[INFO] 
[INFO] -----------< com.github.sarxos:webcam-capture-driver-ipcam >------------
[INFO] Building Webcam Capture - IP Camera Driver 0.3.13-SNAPSHOT        [8/17]
[INFO] -------------------------------[ bundle ]-------------------------------
[INFO] 
[INFO] >>> spotbugs-maven-plugin:4.2.3-SNAPSHOT:check (default-cli) > :spotbugs @ webcam-capture-driver-ipcam >>>
[INFO] 
[INFO] --- spotbugs-maven-plugin:4.2.3-SNAPSHOT:spotbugs (spotbugs) @ webcam-capture-driver-ipcam ---
[INFO] Fork Value is true
[INFO] Done SpotBugs Analysis....
[INFO] 
[INFO] <<< spotbugs-maven-plugin:4.2.3-SNAPSHOT:check (default-cli) < :spotbugs @ webcam-capture-driver-ipcam <<<
[INFO] 
[INFO] 
[INFO] --- spotbugs-maven-plugin:4.2.3-SNAPSHOT:check (default-cli) @ webcam-capture-driver-ipcam ---
[INFO] BugInstance size is 0
[INFO] Error size is 0
[INFO] No errors/warnings found
[INFO] 
[INFO] ------------< com.github.sarxos:webcam-capture-driver-jmf >-------------
[INFO] Building Webcam Capture - JMF Driver 0.3.13-SNAPSHOT              [9/17]
[INFO] --------------------------------[ jar ]---------------------------------
[INFO] 
[INFO] >>> spotbugs-maven-plugin:4.2.3-SNAPSHOT:check (default-cli) > :spotbugs @ webcam-capture-driver-jmf >>>
[INFO] 
[INFO] --- spotbugs-maven-plugin:4.2.3-SNAPSHOT:spotbugs (spotbugs) @ webcam-capture-driver-jmf ---
[INFO] Fork Value is true
[INFO] Done SpotBugs Analysis....
[INFO] 
[INFO] <<< spotbugs-maven-plugin:4.2.3-SNAPSHOT:check (default-cli) < :spotbugs @ webcam-capture-driver-jmf <<<
[INFO] 
[INFO] 
[INFO] --- spotbugs-maven-plugin:4.2.3-SNAPSHOT:check (default-cli) @ webcam-capture-driver-jmf ---
[INFO] BugInstance size is 0
[INFO] Error size is 0
[INFO] No errors/warnings found
[INFO] 
[INFO] ---------< com.github.sarxos:webcam-capture-driver-lti-civil >----------
[INFO] Building Webcam Capture - LTI-CIVIL Driver 0.3.13-SNAPSHOT       [10/17]
[INFO] --------------------------------[ jar ]---------------------------------
[INFO] 
[INFO] >>> spotbugs-maven-plugin:4.2.3-SNAPSHOT:check (default-cli) > :spotbugs @ webcam-capture-driver-lti-civil >>>
[INFO] 
[INFO] --- spotbugs-maven-plugin:4.2.3-SNAPSHOT:spotbugs (spotbugs) @ webcam-capture-driver-lti-civil ---
[INFO] Fork Value is true
[INFO] Done SpotBugs Analysis....
[INFO] 
[INFO] <<< spotbugs-maven-plugin:4.2.3-SNAPSHOT:check (default-cli) < :spotbugs @ webcam-capture-driver-lti-civil <<<
[INFO] 
[INFO] 
[INFO] --- spotbugs-maven-plugin:4.2.3-SNAPSHOT:check (default-cli) @ webcam-capture-driver-lti-civil ---
[INFO] BugInstance size is 0
[INFO] Error size is 0
[INFO] No errors/warnings found
[INFO] 
[INFO] -----------< com.github.sarxos:webcam-capture-driver-mjpeg >------------
[INFO] Building Webcam Capture - MJPEG Stream Capture Driver 0.3.13-SNAPSHOT [11/17]
[INFO] --------------------------------[ jar ]---------------------------------
[INFO] 
[INFO] >>> spotbugs-maven-plugin:4.2.3-SNAPSHOT:check (default-cli) > :spotbugs @ webcam-capture-driver-mjpeg >>>
[INFO] 
[INFO] --- spotbugs-maven-plugin:4.2.3-SNAPSHOT:spotbugs (spotbugs) @ webcam-capture-driver-mjpeg ---
[INFO] Fork Value is true
[INFO] Done SpotBugs Analysis....
[INFO] 
[INFO] <<< spotbugs-maven-plugin:4.2.3-SNAPSHOT:check (default-cli) < :spotbugs @ webcam-capture-driver-mjpeg <<<
[INFO] 
[INFO] 
[INFO] --- spotbugs-maven-plugin:4.2.3-SNAPSHOT:check (default-cli) @ webcam-capture-driver-mjpeg ---
[INFO] BugInstance size is 1
[INFO] Error size is 0
[INFO] Total bugs: 1
[ERROR] High: com.github.sarxos.webcam.ds.mjpeg.MjpegCaptureDriver.urls is or uses a map or set of URLs, which can be a performance hog [com.github.sarxos.webcam.ds.mjpeg.MjpegCaptureDriver] In MjpegCaptureDriver.java DMI_COLLECTION_OF_URLS
[INFO] 


To see bug detail using the Spotbugs GUI, use the following command "mvn spotbugs:gui"



[INFO] 
[INFO] ----------< com.github.sarxos:webcam-capture-driver-openimaj >----------
[INFO] Building Webcam Capture - OpenIMAJ Driver 0.3.13-SNAPSHOT        [12/17]
[INFO] --------------------------------[ jar ]---------------------------------
[INFO] 
[INFO] >>> spotbugs-maven-plugin:4.2.3-SNAPSHOT:check (default-cli) > :spotbugs @ webcam-capture-driver-openimaj >>>
[INFO] 
[INFO] --- spotbugs-maven-plugin:4.2.3-SNAPSHOT:spotbugs (spotbugs) @ webcam-capture-driver-openimaj ---
[INFO] Fork Value is true
[INFO] Done SpotBugs Analysis....
[INFO] 
[INFO] <<< spotbugs-maven-plugin:4.2.3-SNAPSHOT:check (default-cli) < :spotbugs @ webcam-capture-driver-openimaj <<<
[INFO] 
[INFO] 
[INFO] --- spotbugs-maven-plugin:4.2.3-SNAPSHOT:check (default-cli) @ webcam-capture-driver-openimaj ---
[INFO] BugInstance size is 0
[INFO] Error size is 0
[INFO] No errors/warnings found
[INFO] 
[INFO] -----------< com.github.sarxos:webcam-capture-driver-opencv >-----------
[INFO] Building Webcam Capture - JavaCV Driver 0.3.13-SNAPSHOT          [13/17]
[INFO] --------------------------------[ jar ]---------------------------------
[INFO] 
[INFO] >>> spotbugs-maven-plugin:4.2.3-SNAPSHOT:check (default-cli) > :spotbugs @ webcam-capture-driver-opencv >>>
[INFO] 
[INFO] --- spotbugs-maven-plugin:4.2.3-SNAPSHOT:spotbugs (spotbugs) @ webcam-capture-driver-opencv ---
[INFO] Fork Value is true
[INFO] Done SpotBugs Analysis....
[INFO] 
[INFO] <<< spotbugs-maven-plugin:4.2.3-SNAPSHOT:check (default-cli) < :spotbugs @ webcam-capture-driver-opencv <<<
[INFO] 
[INFO] 
[INFO] --- spotbugs-maven-plugin:4.2.3-SNAPSHOT:check (default-cli) @ webcam-capture-driver-opencv ---
[INFO] BugInstance size is 0
[INFO] Error size is 0
[INFO] No errors/warnings found
[INFO] 
[INFO] -------< com.github.sarxos:webcam-capture-driver-screencapture >--------
[INFO] Building Webcam Capture - Screen Capture Driver 0.3.13-SNAPSHOT  [14/17]
[INFO] --------------------------------[ jar ]---------------------------------
[INFO] 
[INFO] >>> spotbugs-maven-plugin:4.2.3-SNAPSHOT:check (default-cli) > :spotbugs @ webcam-capture-driver-screencapture >>>
[INFO] 
[INFO] --- spotbugs-maven-plugin:4.2.3-SNAPSHOT:spotbugs (spotbugs) @ webcam-capture-driver-screencapture ---
[INFO] Fork Value is true
[INFO] Done SpotBugs Analysis....
[INFO] 
[INFO] <<< spotbugs-maven-plugin:4.2.3-SNAPSHOT:check (default-cli) < :spotbugs @ webcam-capture-driver-screencapture <<<
[INFO] 
[INFO] 
[INFO] --- spotbugs-maven-plugin:4.2.3-SNAPSHOT:check (default-cli) @ webcam-capture-driver-screencapture ---
[INFO] BugInstance size is 0
[INFO] Error size is 0
[INFO] No errors/warnings found
[INFO] 
[INFO] -----------< com.github.sarxos:webcam-capture-driver-v4l4j >------------
[INFO] Building Webcam Capture - V4L4J Driver 0.3.13-SNAPSHOT           [15/17]
[INFO] --------------------------------[ jar ]---------------------------------
[INFO] 
[INFO] >>> spotbugs-maven-plugin:4.2.3-SNAPSHOT:check (default-cli) > :spotbugs @ webcam-capture-driver-v4l4j >>>
[INFO] 
[INFO] --- spotbugs-maven-plugin:4.2.3-SNAPSHOT:spotbugs (spotbugs) @ webcam-capture-driver-v4l4j ---
[INFO] Fork Value is true
[INFO] Done SpotBugs Analysis....
[INFO] 
[INFO] <<< spotbugs-maven-plugin:4.2.3-SNAPSHOT:check (default-cli) < :spotbugs @ webcam-capture-driver-v4l4j <<<
[INFO] 
[INFO] 
[INFO] --- spotbugs-maven-plugin:4.2.3-SNAPSHOT:check (default-cli) @ webcam-capture-driver-v4l4j ---
[INFO] BugInstance size is 0
[INFO] Error size is 0
[INFO] No errors/warnings found
[INFO] 
[INFO] ------------< com.github.sarxos:webcam-capture-driver-vlcj >------------
[INFO] Building Webcam Capture - Vlcj Driver 0.3.13-SNAPSHOT            [16/17]
[INFO] -------------------------------[ bundle ]-------------------------------
[INFO] 
[INFO] >>> spotbugs-maven-plugin:4.2.3-SNAPSHOT:check (default-cli) > :spotbugs @ webcam-capture-driver-vlcj >>>
[INFO] 
[INFO] --- spotbugs-maven-plugin:4.2.3-SNAPSHOT:spotbugs (spotbugs) @ webcam-capture-driver-vlcj ---
[INFO] Fork Value is true
[INFO] Done SpotBugs Analysis....
[INFO] 
[INFO] <<< spotbugs-maven-plugin:4.2.3-SNAPSHOT:check (default-cli) < :spotbugs @ webcam-capture-driver-vlcj <<<
[INFO] 
[INFO] 
[INFO] --- spotbugs-maven-plugin:4.2.3-SNAPSHOT:check (default-cli) @ webcam-capture-driver-vlcj ---
[INFO] BugInstance size is 0
[INFO] Error size is 0
[INFO] No errors/warnings found
[INFO] 
[INFO] --------< com.github.sarxos:webcam-capture-driver-raspberrypi >---------
[INFO] Building Webcam Capture - Raspberry Pi camera Driver 0.3.13-SNAPSHOT [17/17]
[INFO] --------------------------------[ jar ]---------------------------------
[INFO] 
[INFO] >>> spotbugs-maven-plugin:4.2.3-SNAPSHOT:check (default-cli) > :spotbugs @ webcam-capture-driver-raspberrypi >>>
[INFO] 
[INFO] --- spotbugs-maven-plugin:4.2.3-SNAPSHOT:spotbugs (spotbugs) @ webcam-capture-driver-raspberrypi ---
[INFO] Fork Value is true
[INFO] Done SpotBugs Analysis....
[INFO] 
[INFO] <<< spotbugs-maven-plugin:4.2.3-SNAPSHOT:check (default-cli) < :spotbugs @ webcam-capture-driver-raspberrypi <<<
[INFO] 
[INFO] 
[INFO] --- spotbugs-maven-plugin:4.2.3-SNAPSHOT:check (default-cli) @ webcam-capture-driver-raspberrypi ---
[INFO] BugInstance size is 3
[INFO] Error size is 0
[INFO] Total bugs: 3
[ERROR] Low: com.github.sarxos.webcam.ds.raspberrypi.IPCDriver.getDevices() uses String.indexOf(String) instead of String.indexOf(int) [com.github.sarxos.webcam.ds.raspberrypi.IPCDriver] At IPCDriver.java:[line 127] IIO_INEFFICIENT_INDEX_OF
[ERROR] Low: com.github.sarxos.webcam.ds.raspberrypi.IPCDriver.getDevices() uses String.lastIndexOf(String) instead of String.lastIndexOf(int) [com.github.sarxos.webcam.ds.raspberrypi.IPCDriver] At IPCDriver.java:[line 134] IIO_INEFFICIENT_LAST_INDEX_OF
[ERROR] Low: com.github.sarxos.webcam.ds.raspberrypi.OptionsBuilder.create(String) uses String.indexOf(String) instead of String.indexOf(int) [com.github.sarxos.webcam.ds.raspberrypi.OptionsBuilder] At OptionsBuilder.java:[line 91] IIO_INEFFICIENT_INDEX_OF
[INFO] 


To see bug detail using the Spotbugs GUI, use the following command "mvn spotbugs:gui"



[INFO] ------------------------------------------------------------------------
[INFO] Reactor Summary for Webcam Capture Parent POM 0.3.13-SNAPSHOT:
[INFO] 
[INFO] Webcam Capture Parent POM .......................... SUCCESS [  0.784 s]
[INFO] Webcam Capture ..................................... FAILURE [  4.433 s]
[INFO] Webcam Capture Drivers ............................. SUCCESS [  0.005 s]
[INFO] Webcam Capture - FFmpeg CLI Driver ................. FAILURE [  2.090 s]
[INFO] Webcam Capture - FsWebcam Driver ................... FAILURE [  1.696 s]
[INFO] Webcam Capture - GStreamer 1.x Driver .............. SUCCESS [  2.034 s]
[INFO] Webcam Capture - GStreamer Driver .................. SUCCESS [  1.895 s]
[INFO] Webcam Capture - IP Camera Driver .................. SUCCESS [  2.787 s]
[INFO] Webcam Capture - JMF Driver ........................ SUCCESS [  1.841 s]
[INFO] Webcam Capture - LTI-CIVIL Driver .................. SUCCESS [  1.854 s]
[INFO] Webcam Capture - MJPEG Stream Capture Driver ....... FAILURE [  1.654 s]
[INFO] Webcam Capture - OpenIMAJ Driver ................... SUCCESS [  1.498 s]
[INFO] Webcam Capture - JavaCV Driver ..................... SUCCESS [  1.741 s]
[INFO] Webcam Capture - Screen Capture Driver ............. SUCCESS [  1.505 s]
[INFO] Webcam Capture - V4L4J Driver ...................... SUCCESS [  1.619 s]
[INFO] Webcam Capture - Vlcj Driver ....................... SUCCESS [  1.739 s]
[INFO] Webcam Capture - Raspberry Pi camera Driver ........ FAILURE [  2.257 s]
[INFO] ------------------------------------------------------------------------
[INFO] BUILD FAILURE
[INFO] ------------------------------------------------------------------------
[INFO] Total time:  32.069 s
[INFO] Finished at: 2022-01-16T13:25:09+08:00
[INFO] ------------------------------------------------------------------------
[ERROR] Failed to execute goal com.github.spotbugs:spotbugs-maven-plugin:4.2.3-SNAPSHOT:check (default-cli) on project webcam-capture: failed with 3 bugs and 0 errors -> [Help 1]
[ERROR] Failed to execute goal com.github.spotbugs:spotbugs-maven-plugin:4.2.3-SNAPSHOT:check (default-cli) on project webcam-capture-driver-ffmpeg-cli: failed with 2 bugs and 0 errors -> [Help 1]
[ERROR] Failed to execute goal com.github.spotbugs:spotbugs-maven-plugin:4.2.3-SNAPSHOT:check (default-cli) on project webcam-capture-driver-fswebcam: failed with 1 bugs and 0 errors -> [Help 1]
[ERROR] Failed to execute goal com.github.spotbugs:spotbugs-maven-plugin:4.2.3-SNAPSHOT:check (default-cli) on project webcam-capture-driver-mjpeg: failed with 1 bugs and 0 errors -> [Help 1]
[ERROR] Failed to execute goal com.github.spotbugs:spotbugs-maven-plugin:4.2.3-SNAPSHOT:check (default-cli) on project webcam-capture-driver-raspberrypi: failed with 3 bugs and 0 errors -> [Help 1]
[ERROR] 
[ERROR] To see the full stack trace of the errors, re-run Maven with the -e switch.
[ERROR] Re-run Maven using the -X switch to enable full debug logging.
[ERROR] 
[ERROR] For more information about the errors and possible solutions, please read the following articles:
[ERROR] [Help 1] http://cwiki.apache.org/confluence/display/MAVEN/MojoExecutionException
[ERROR] 
[ERROR] After correcting the problems, you can resume the build with the command
[ERROR]   mvn <args> -rf :webcam-capture
[INFO] Build failures were ignored.
