WARNING: An illegal reflective access operation has occurred
WARNING: Illegal reflective access by com.google.inject.internal.cglib.core.$ReflectUtils$1 (file:/usr/share/maven/lib/guice.jar) to method java.lang.ClassLoader.defineClass(java.lang.String,byte[],int,int,java.security.ProtectionDomain)
WARNING: Please consider reporting this to the maintainers of com.google.inject.internal.cglib.core.$ReflectUtils$1
WARNING: Use --illegal-access=warn to enable warnings of further illegal reflective access operations
WARNING: All illegal access operations will be denied in a future release
[INFO] Scanning for projects...
[INFO] Downloading from adobe-public-releases: https://repo.adobe.com/nexus/content/groups/public/com/github/spotbugs/spotbugs-maven-plugin/4.2.3-SNAPSHOT/maven-metadata.xml
[INFO] 
[INFO] ---------------------< adobe:component-generator >----------------------
[INFO] Building component-generator 1.0
[INFO] --------------------------------[ jar ]---------------------------------
[INFO] 
[INFO] >>> spotbugs-maven-plugin:4.2.3-SNAPSHOT:check (default-cli) > :spotbugs @ component-generator >>>
[INFO] Downloading from central: https://repo.maven.apache.org/maven2/com/adobe/acs/acs-aem-commons-bundle/maven-metadata.xml
[INFO] Downloading from adobe-public-releases: https://repo.adobe.com/nexus/content/groups/public/com/adobe/acs/acs-aem-commons-bundle/maven-metadata.xml
[INFO] Downloaded from central: https://repo.maven.apache.org/maven2/com/adobe/acs/acs-aem-commons-bundle/maven-metadata.xml (3.9 kB at 3.6 kB/s)
[INFO] Downloaded from adobe-public-releases: https://repo.adobe.com/nexus/content/groups/public/com/adobe/acs/acs-aem-commons-bundle/maven-metadata.xml (3.6 kB at 2.6 kB/s)
[INFO] 
[INFO] --- spotbugs-maven-plugin:4.2.3-SNAPSHOT:spotbugs (spotbugs) @ component-generator ---
[INFO] Fork Value is true
[INFO] Done SpotBugs Analysis....
[INFO] 
[INFO] <<< spotbugs-maven-plugin:4.2.3-SNAPSHOT:check (default-cli) < :spotbugs @ component-generator <<<
[INFO] 
[INFO] 
[INFO] --- spotbugs-maven-plugin:4.2.3-SNAPSHOT:check (default-cli) @ component-generator ---
[INFO] BugInstance size is 11
[INFO] Error size is 0
[INFO] Total bugs: 11
[ERROR] Medium: com.adobe.aem.compgenerator.javacodemodel.PrologCodeWriter.openSource(JPackage, String) may fail to close stream [com.adobe.aem.compgenerator.javacodemodel.PrologCodeWriter] At PrologCodeWriter.java:[line 54] OS_OPEN_STREAM
[ERROR] Medium: Exceptional return value of java.io.File.mkdirs() ignored in com.adobe.aem.compgenerator.javacodemodel.RenameFileCodeWriter.getFile(JPackage, String) [com.adobe.aem.compgenerator.javacodemodel.RenameFileCodeWriter] At RenameFileCodeWriter.java:[line 48] RV_RETURN_VALUE_IGNORED_BAD_PRACTICE
[ERROR] Medium: com.adobe.aem.compgenerator.models.Options.getModelAdaptables() may expose internal representation by returning Options.DEFAULT_ADAPTABLES [com.adobe.aem.compgenerator.models.Options] At Options.java:[line 167] EI_EXPOSE_REP
[ERROR] Medium: com.adobe.aem.compgenerator.models.Options.getModelAdaptables() may expose internal representation by returning Options.modelAdaptables [com.adobe.aem.compgenerator.models.Options] At Options.java:[line 169] EI_EXPOSE_REP
[ERROR] Medium: com.adobe.aem.compgenerator.models.Options.setModelAdaptables(String[]) may expose internal representation by storing an externally mutable object into Options.modelAdaptables [com.adobe.aem.compgenerator.models.Options] At Options.java:[line 173] EI_EXPOSE_REP2
[ERROR] Low: Property.label not initialized in constructor and dereferenced in com.adobe.aem.compgenerator.models.Property.getField() [com.adobe.aem.compgenerator.models.Property] At Property.java:[line 68] UWF_FIELD_NOT_INITIALIZED_IN_CONSTRUCTOR
[ERROR] Low: Property.label not initialized in constructor and dereferenced in com.adobe.aem.compgenerator.models.Property.getFieldGetterName() [com.adobe.aem.compgenerator.models.Property] At Property.java:[line 77] UWF_FIELD_NOT_INITIALIZED_IN_CONSTRUCTOR
[ERROR] High: Found reliance on default encoding in com.adobe.aem.compgenerator.utils.CommonUtils.getFileWriterFromTemplate(String, String, GenerationConfig): new java.io.FileWriter(File) [com.adobe.aem.compgenerator.utils.CommonUtils] At CommonUtils.java:[line 225] DM_DEFAULT_ENCODING
[ERROR] High: Found reliance on default encoding in com.adobe.aem.compgenerator.utils.CommonUtils.getTemplateFileAsString(String, GenerationConfig): new java.io.InputStreamReader(InputStream) [com.adobe.aem.compgenerator.utils.CommonUtils] At CommonUtils.java:[line 114] DM_DEFAULT_ENCODING
[ERROR] Medium: com.adobe.aem.compgenerator.utils.CommonUtils.getTemplateFileAsString(String, GenerationConfig) may fail to close stream [com.adobe.aem.compgenerator.utils.CommonUtils] At CommonUtils.java:[line 114] OS_OPEN_STREAM
[ERROR] Low: Exception is caught when Exception is not thrown in com.adobe.aem.compgenerator.utils.XMLUtils.transformDomToFile(Document, String) [com.adobe.aem.compgenerator.utils.XMLUtils] At XMLUtils.java:[line 84] REC_CATCH_EXCEPTION
[INFO] 


To see bug detail using the Spotbugs GUI, use the following command "mvn spotbugs:gui"



[INFO] ------------------------------------------------------------------------
[INFO] BUILD FAILURE
[INFO] ------------------------------------------------------------------------
[INFO] Total time:  8.019 s
[INFO] Finished at: 2021-04-08T23:19:01+08:00
[INFO] ------------------------------------------------------------------------
[ERROR] Failed to execute goal com.github.spotbugs:spotbugs-maven-plugin:4.2.3-SNAPSHOT:check (default-cli) on project component-generator: failed with 11 bugs and 0 errors -> [Help 1]
[ERROR] 
[ERROR] To see the full stack trace of the errors, re-run Maven with the -e switch.
[ERROR] Re-run Maven using the -X switch to enable full debug logging.
[ERROR] 
[ERROR] For more information about the errors and possible solutions, please read the following articles:
[ERROR] [Help 1] http://cwiki.apache.org/confluence/display/MAVEN/MojoExecutionException
[INFO] Build failures were ignored.
