WARNING: An illegal reflective access operation has occurred
WARNING: Illegal reflective access by com.google.inject.internal.cglib.core.$ReflectUtils$1 (file:/usr/share/maven/lib/guice.jar) to method java.lang.ClassLoader.defineClass(java.lang.String,byte[],int,int,java.security.ProtectionDomain)
WARNING: Please consider reporting this to the maintainers of com.google.inject.internal.cglib.core.$ReflectUtils$1
WARNING: Use --illegal-access=warn to enable warnings of further illegal reflective access operations
WARNING: All illegal access operations will be denied in a future release
[INFO] Scanning for projects...
[WARNING] 
[WARNING] Some problems were encountered while building the effective model for cn.wensiqun:asmsupport-third:jar:0.4.4
[WARNING] 'build.plugins.plugin.version' for org.apache.maven.plugins:maven-source-plugin is missing. @ cn.wensiqun:asmsupport:0.4.4, /home/codegex/Documents/workspace/rbugs/experiment/top100repos/asmsupport/pom.xml, line 158, column 12
[WARNING] 
[WARNING] Some problems were encountered while building the effective model for cn.wensiqun:asmsupport-standard:jar:0.4.4
[WARNING] 'build.plugins.plugin.version' for org.apache.maven.plugins:maven-source-plugin is missing. @ cn.wensiqun:asmsupport:0.4.4, /home/codegex/Documents/workspace/rbugs/experiment/top100repos/asmsupport/pom.xml, line 158, column 12
[WARNING] 
[WARNING] Some problems were encountered while building the effective model for cn.wensiqun:asmsupport-core:jar:0.4.4
[WARNING] 'build.plugins.plugin.version' for org.apache.maven.plugins:maven-source-plugin is missing. @ cn.wensiqun:asmsupport:0.4.4, /home/codegex/Documents/workspace/rbugs/experiment/top100repos/asmsupport/pom.xml, line 158, column 12
[WARNING] 
[WARNING] Some problems were encountered while building the effective model for cn.wensiqun:asmsupport-client:jar:0.4.4
[WARNING] 'build.plugins.plugin.version' for org.apache.maven.plugins:maven-source-plugin is missing. @ cn.wensiqun:asmsupport:0.4.4, /home/codegex/Documents/workspace/rbugs/experiment/top100repos/asmsupport/pom.xml, line 158, column 12
[WARNING] 
[WARNING] Some problems were encountered while building the effective model for cn.wensiqun:asmsupport-grammar:jar:0.4.4
[WARNING] 'build.plugins.plugin.version' for org.apache.maven.plugins:maven-source-plugin is missing. @ cn.wensiqun:asmsupport:0.4.4, /home/codegex/Documents/workspace/rbugs/experiment/top100repos/asmsupport/pom.xml, line 158, column 12
[WARNING] 
[WARNING] Some problems were encountered while building the effective model for cn.wensiqun:asmsupport-issues:jar:0.4.4
[WARNING] 'build.plugins.plugin.version' for org.apache.maven.plugins:maven-source-plugin is missing. @ cn.wensiqun:asmsupport:0.4.4, /home/codegex/Documents/workspace/rbugs/experiment/top100repos/asmsupport/pom.xml, line 158, column 12
[WARNING] 
[WARNING] Some problems were encountered while building the effective model for cn.wensiqun:asmsupport-sample:jar:0.4.4
[WARNING] 'build.plugins.plugin.version' for org.apache.maven.plugins:maven-source-plugin is missing. @ cn.wensiqun:asmsupport:0.4.4, /home/codegex/Documents/workspace/rbugs/experiment/top100repos/asmsupport/pom.xml, line 158, column 12
[WARNING] 
[WARNING] Some problems were encountered while building the effective model for cn.wensiqun:asmsupport-lesson:jar:0.4.4
[WARNING] 'build.plugins.plugin.version' for org.apache.maven.plugins:maven-surefire-plugin is missing. @ line 29, column 21
[WARNING] 'build.plugins.plugin.version' for org.apache.maven.plugins:maven-source-plugin is missing. @ cn.wensiqun:asmsupport:0.4.4, /home/codegex/Documents/workspace/rbugs/experiment/top100repos/asmsupport/pom.xml, line 158, column 12
[WARNING] 
[WARNING] Some problems were encountered while building the effective model for cn.wensiqun:asmsupport:pom:0.4.4
[WARNING] 'build.plugins.plugin.version' for org.apache.maven.plugins:maven-source-plugin is missing. @ line 158, column 12
[WARNING] 
[WARNING] It is highly recommended to fix these problems because they threaten the stability of your build.
[WARNING] 
[WARNING] For this reason, future Maven versions might no longer support building such malformed projects.
[WARNING] 
[INFO] ------------------------------------------------------------------------
[INFO] Reactor Build Order:
[INFO] 
[INFO] asmsupport                                                         [pom]
[INFO] asmsupport-third                                                   [jar]
[INFO] asmsupport-standard                                                [jar]
[INFO] asmsupport-core                                                    [jar]
[INFO] asmsupport-client                                                  [jar]
[INFO] asmsupport-grammar                                                 [jar]
[INFO] asmsupport-issues                                                  [jar]
[INFO] asmsupport-sample                                                  [jar]
[INFO] asmsupport-lesson                                                  [jar]
[INFO] 
[INFO] -----------------------< cn.wensiqun:asmsupport >-----------------------
[INFO] Building asmsupport 0.4.4                                          [1/9]
[INFO] --------------------------------[ pom ]---------------------------------
[INFO] 
[INFO] >>> spotbugs-maven-plugin:4.2.3-SNAPSHOT:check (default-cli) > :spotbugs @ asmsupport >>>
[INFO] 
[INFO] --- spotbugs-maven-plugin:4.2.3-SNAPSHOT:spotbugs (spotbugs) @ asmsupport ---
[INFO] 
[INFO] <<< spotbugs-maven-plugin:4.2.3-SNAPSHOT:check (default-cli) < :spotbugs @ asmsupport <<<
[INFO] 
[INFO] 
[INFO] --- spotbugs-maven-plugin:4.2.3-SNAPSHOT:check (default-cli) @ asmsupport ---
[INFO] 
[INFO] --------------------< cn.wensiqun:asmsupport-third >--------------------
[INFO] Building asmsupport-third 0.4.4                                    [2/9]
[INFO] --------------------------------[ jar ]---------------------------------
[INFO] 
[INFO] >>> spotbugs-maven-plugin:4.2.3-SNAPSHOT:check (default-cli) > :spotbugs @ asmsupport-third >>>
[INFO] 
[INFO] --- spotbugs-maven-plugin:4.2.3-SNAPSHOT:spotbugs (spotbugs) @ asmsupport-third ---
[INFO] Fork Value is true
[INFO] Done SpotBugs Analysis....
[INFO] 
[INFO] <<< spotbugs-maven-plugin:4.2.3-SNAPSHOT:check (default-cli) < :spotbugs @ asmsupport-third <<<
[INFO] 
[INFO] 
[INFO] --- spotbugs-maven-plugin:4.2.3-SNAPSHOT:check (default-cli) @ asmsupport-third ---
[INFO] BugInstance size is 29
[INFO] Error size is 0
[INFO] Total bugs: 29
[ERROR] Low: Unread public/protected field: cn.wensiqun.asmsupport.org.objectweb.asm.AnnotationVisitor.api [cn.wensiqun.asmsupport.org.objectweb.asm.AnnotationVisitor] At AnnotationVisitor.java:[line 79] URF_UNREAD_PUBLIC_OR_PROTECTED_FIELD
[ERROR] Low: Should cn.wensiqun.asmsupport.org.objectweb.asm.Attribute.getLabels() return a zero length array rather than null? [cn.wensiqun.asmsupport.org.objectweb.asm.Attribute] At Attribute.java:[line 91] PZLA_PREFER_ZERO_LENGTH_ARRAYS
[ERROR] Low: Attribute.value not initialized in constructor and dereferenced in cn.wensiqun.asmsupport.org.objectweb.asm.Attribute.write(ClassWriter, byte[], int, int, int) [cn.wensiqun.asmsupport.org.objectweb.asm.Attribute] At Attribute.java:[line 163] UWF_FIELD_NOT_INITIALIZED_IN_CONSTRUCTOR
[ERROR] Low: cn.wensiqun.asmsupport.org.objectweb.asm.ClassReader.readConst(int, char[]) invokes inefficient new Double(double) constructor; use Double.valueOf(double) instead [cn.wensiqun.asmsupport.org.objectweb.asm.ClassReader] At ClassReader.java:[line 2480] DM_FP_NUMBER_CTOR
[ERROR] Low: cn.wensiqun.asmsupport.org.objectweb.asm.ClassReader.readConst(int, char[]) invokes inefficient new Float(float) constructor; use Float.valueOf(float) instead [cn.wensiqun.asmsupport.org.objectweb.asm.ClassReader] At ClassReader.java:[line 2476] DM_FP_NUMBER_CTOR
[ERROR] Medium: cn.wensiqun.asmsupport.org.objectweb.asm.ClassReader.readAnnotationValue(int, char[], String, AnnotationVisitor) invokes inefficient new Byte(byte) constructor; use Byte.valueOf(byte) instead [cn.wensiqun.asmsupport.org.objectweb.asm.ClassReader] At ClassReader.java:[line 1834] DM_NUMBER_CTOR
[ERROR] Medium: cn.wensiqun.asmsupport.org.objectweb.asm.ClassReader.readAnnotationValue(int, char[], String, AnnotationVisitor) invokes inefficient new Character(char) constructor; use Character.valueOf(char) instead [cn.wensiqun.asmsupport.org.objectweb.asm.ClassReader] At ClassReader.java:[line 1850] DM_NUMBER_CTOR
[ERROR] Medium: cn.wensiqun.asmsupport.org.objectweb.asm.ClassReader.readAnnotationValue(int, char[], String, AnnotationVisitor) invokes inefficient new Short(short) constructor; use Short.valueOf(short) instead [cn.wensiqun.asmsupport.org.objectweb.asm.ClassReader] At ClassReader.java:[line 1845] DM_NUMBER_CTOR
[ERROR] Medium: cn.wensiqun.asmsupport.org.objectweb.asm.ClassReader.readConst(int, char[]) invokes inefficient new Integer(int) constructor; use Integer.valueOf(int) instead [cn.wensiqun.asmsupport.org.objectweb.asm.ClassReader] At ClassReader.java:[line 2474] DM_NUMBER_CTOR
[ERROR] Medium: cn.wensiqun.asmsupport.org.objectweb.asm.ClassReader.readConst(int, char[]) invokes inefficient new Long(long) constructor; use Long.valueOf(long) instead [cn.wensiqun.asmsupport.org.objectweb.asm.ClassReader] At ClassReader.java:[line 2478] DM_NUMBER_CTOR
[ERROR] Medium: Comparison of String objects using == or != in cn.wensiqun.asmsupport.org.objectweb.asm.ClassReader.readMethod(ClassVisitor, Context, int) [cn.wensiqun.asmsupport.org.objectweb.asm.ClassReader] At ClassReader.java:[line 931] ES_COMPARING_STRINGS_WITH_EQ
[ERROR] Low: Redundant nullcheck of attr, which is known to be non-null in cn.wensiqun.asmsupport.org.objectweb.asm.ClassReader.accept(ClassVisitor, Attribute[], int) [cn.wensiqun.asmsupport.org.objectweb.asm.ClassReader] Redundant null check at ClassReader.java:[line 615] RCN_REDUNDANT_NULLCHECK_OF_NONNULL_VALUE
[ERROR] Low: Redundant nullcheck of attr, which is known to be non-null in cn.wensiqun.asmsupport.org.objectweb.asm.ClassReader.readCode(MethodVisitor, Context, int) [cn.wensiqun.asmsupport.org.objectweb.asm.ClassReader] Redundant null check at ClassReader.java:[line 1230] RCN_REDUNDANT_NULLCHECK_OF_NONNULL_VALUE
[ERROR] Low: Redundant nullcheck of attr, which is known to be non-null in cn.wensiqun.asmsupport.org.objectweb.asm.ClassReader.readField(ClassVisitor, Context, int) [cn.wensiqun.asmsupport.org.objectweb.asm.ClassReader] Redundant null check at ClassReader.java:[line 760] RCN_REDUNDANT_NULLCHECK_OF_NONNULL_VALUE
[ERROR] Low: Redundant nullcheck of attr, which is known to be non-null in cn.wensiqun.asmsupport.org.objectweb.asm.ClassReader.readMethod(ClassVisitor, Context, int) [cn.wensiqun.asmsupport.org.objectweb.asm.ClassReader] Redundant null check at ClassReader.java:[line 903] RCN_REDUNDANT_NULLCHECK_OF_NONNULL_VALUE
[ERROR] Medium: Switch statement found in cn.wensiqun.asmsupport.org.objectweb.asm.ClassReader.readAnnotationValue(int, char[], String, AnnotationVisitor) where default case is missing [cn.wensiqun.asmsupport.org.objectweb.asm.ClassReader] At ClassReader.java:[lines 1824-1952] SF_SWITCH_NO_DEFAULT
[ERROR] Medium: Switch statement found in cn.wensiqun.asmsupport.org.objectweb.asm.ClassReader.readUTF(int, int, char[]) where default case is missing [cn.wensiqun.asmsupport.org.objectweb.asm.ClassReader] At ClassReader.java:[lines 2408-2429] SF_SWITCH_NO_DEFAULT
[ERROR] Low: Context.attrs not initialized in constructor and dereferenced in cn.wensiqun.asmsupport.org.objectweb.asm.ClassReader.readCode(MethodVisitor, Context, int) [cn.wensiqun.asmsupport.org.objectweb.asm.ClassReader] At ClassReader.java:[line 1226] UWF_FIELD_NOT_INITIALIZED_IN_CONSTRUCTOR
[ERROR] Low: Context.bootstrapMethods not initialized in constructor and dereferenced in cn.wensiqun.asmsupport.org.objectweb.asm.ClassReader.readCode(MethodVisitor, Context, int) [cn.wensiqun.asmsupport.org.objectweb.asm.ClassReader] At ClassReader.java:[line 1429] UWF_FIELD_NOT_INITIALIZED_IN_CONSTRUCTOR
[ERROR] Low: cn.wensiqun.asmsupport.org.objectweb.asm.Frame.execute(int, int, ClassWriter, Item) uses the same code for two switch clauses [cn.wensiqun.asmsupport.org.objectweb.asm.Frame, cn.wensiqun.asmsupport.org.objectweb.asm.Frame] At Frame.java:[lines 933-935]At Frame.java:[lines 1104-1106] DB_DUPLICATE_SWITCH_CLAUSES
[ERROR] Low: cn.wensiqun.asmsupport.org.objectweb.asm.Frame.execute(int, int, ClassWriter, Item) uses the same code for two switch clauses [cn.wensiqun.asmsupport.org.objectweb.asm.Frame, cn.wensiqun.asmsupport.org.objectweb.asm.Frame] At Frame.java:[lines 943-945]At Frame.java:[lines 1126-1128] DB_DUPLICATE_SWITCH_CLAUSES
[ERROR] Medium: Switch statement found in cn.wensiqun.asmsupport.org.objectweb.asm.Item.set(int, String, String, String) where one case falls through to the next case [cn.wensiqun.asmsupport.org.objectweb.asm.Item] At Item.java:[lines 212-217] SF_SWITCH_FALLTHROUGH
[ERROR] Medium: Unused public or protected field: cn.wensiqun.asmsupport.org.objectweb.asm.Label.info [cn.wensiqun.asmsupport.org.objectweb.asm.Label] In Label.java UUF_UNUSED_PUBLIC_OR_PROTECTED_FIELD
[ERROR] Medium: Switch statement found in cn.wensiqun.asmsupport.org.objectweb.asm.MethodWriter.visitFrame(int, int, Object[], int, Object[]) where default case is missing [cn.wensiqun.asmsupport.org.objectweb.asm.MethodWriter] At MethodWriter.java:[lines 664-701] SF_SWITCH_NO_DEFAULT
[ERROR] Medium: Switch statement found in cn.wensiqun.asmsupport.org.objectweb.asm.MethodWriter.writeFrame() where default case is missing [cn.wensiqun.asmsupport.org.objectweb.asm.MethodWriter] At MethodWriter.java:[lines 1877-1890] SF_SWITCH_NO_DEFAULT
[ERROR] Medium: cn.wensiqun.asmsupport.org.objectweb.asm.Opcodes.<static initializer for Opcodes>() invokes inefficient new Integer(int) constructor; use Integer.valueOf(int) instead [cn.wensiqun.asmsupport.org.objectweb.asm.Opcodes, cn.wensiqun.asmsupport.org.objectweb.asm.Opcodes, cn.wensiqun.asmsupport.org.objectweb.asm.Opcodes, cn.wensiqun.asmsupport.org.objectweb.asm.Opcodes, cn.wensiqun.asmsupport.org.objectweb.asm.Opcodes, cn.wensiqun.asmsupport.org.objectweb.asm.Opcodes, cn.wensiqun.asmsupport.org.objectweb.asm.Opcodes] At Opcodes.java:[line 150]Another occurrence at Opcodes.java:[line 151]Another occurrence at Opcodes.java:[line 152]Another occurrence at Opcodes.java:[line 153]Another occurrence at Opcodes.java:[line 154]Another occurrence at Opcodes.java:[line 155]Another occurrence at Opcodes.java:[line 156] DM_NUMBER_CTOR
[ERROR] Low: Should cn.wensiqun.asmsupport.utils.lang.ArrayUtils.subarray(int[], int, int) return a zero length array rather than null? [cn.wensiqun.asmsupport.utils.lang.ArrayUtils] At ArrayUtils.java:[line 119] PZLA_PREFER_ZERO_LENGTH_ARRAYS
[ERROR] Low: Should cn.wensiqun.asmsupport.utils.lang.ArrayUtils.subarray(Object[], int, int) return a zero length array rather than null? [cn.wensiqun.asmsupport.utils.lang.ArrayUtils] At ArrayUtils.java:[line 75] PZLA_PREFER_ZERO_LENGTH_ARRAYS
[ERROR] Low: Use of non-localized String.toUpperCase() or String.toLowerCase() in cn.wensiqun.asmsupport.utils.lang.StringUtils.upperCase(String, int, int) [cn.wensiqun.asmsupport.utils.lang.StringUtils] At StringUtils.java:[line 49] DM_CONVERT_CASE
[INFO] 


To see bug detail using the Spotbugs GUI, use the following command "mvn spotbugs:gui"



[INFO] 
[INFO] ------------------< cn.wensiqun:asmsupport-standard >-------------------
[INFO] Building asmsupport-standard 0.4.4                                 [3/9]
[INFO] --------------------------------[ jar ]---------------------------------
[INFO] 
[INFO] >>> spotbugs-maven-plugin:4.2.3-SNAPSHOT:check (default-cli) > :spotbugs @ asmsupport-standard >>>
[INFO] 
[INFO] --- spotbugs-maven-plugin:4.2.3-SNAPSHOT:spotbugs (spotbugs) @ asmsupport-standard ---
[INFO] Fork Value is true
[INFO] Done SpotBugs Analysis....
[INFO] 
[INFO] <<< spotbugs-maven-plugin:4.2.3-SNAPSHOT:check (default-cli) < :spotbugs @ asmsupport-standard <<<
[INFO] 
[INFO] 
[INFO] --- spotbugs-maven-plugin:4.2.3-SNAPSHOT:check (default-cli) @ asmsupport-standard ---
[INFO] BugInstance size is 10
[INFO] Error size is 0
[INFO] Total bugs: 10
[ERROR] Medium: Class cn.wensiqun.asmsupport.standard.def.clazz.AnyException is not derived from an Exception, even though it is named as such [cn.wensiqun.asmsupport.standard.def.clazz.AnyException] At AnyException.java:[lines 30-51] NM_CLASS_NOT_EXCEPTION
[ERROR] High: Call to Class<java.lang.Object>.equals(cn.wensiqun.asmsupport.standard.def.clazz.IClass) in cn.wensiqun.asmsupport.standard.def.clazz.ProductClass.getField(String) [cn.wensiqun.asmsupport.standard.def.clazz.ProductClass] At ProductClass.java:[line 89] EC_UNRELATED_CLASS_AND_INTERFACE
[ERROR] Medium: cn.wensiqun.asmsupport.standard.def.method.AMethodMeta.getExceptions() may expose internal representation by returning AMethodMeta.exceptions [cn.wensiqun.asmsupport.standard.def.method.AMethodMeta] At AMethodMeta.java:[line 198] EI_EXPOSE_REP
[ERROR] Medium: cn.wensiqun.asmsupport.standard.def.method.AMethodMeta.getParameterAsmTypes() may expose internal representation by returning AMethodMeta.argTypes [cn.wensiqun.asmsupport.standard.def.method.AMethodMeta] At AMethodMeta.java:[line 170] EI_EXPOSE_REP
[ERROR] Medium: cn.wensiqun.asmsupport.standard.def.method.AMethodMeta.getParameterNames() may expose internal representation by returning AMethodMeta.argNames [cn.wensiqun.asmsupport.standard.def.method.AMethodMeta] At AMethodMeta.java:[line 178] EI_EXPOSE_REP
[ERROR] Medium: cn.wensiqun.asmsupport.standard.def.method.AMethodMeta.getParameterTypes() may expose internal representation by returning AMethodMeta.argClasses [cn.wensiqun.asmsupport.standard.def.method.AMethodMeta] At AMethodMeta.java:[line 174] EI_EXPOSE_REP
[ERROR] Low: Unchecked/unconfirmed cast from cn.wensiqun.asmsupport.standard.def.clazz.IClass to cn.wensiqun.asmsupport.standard.def.clazz.ArrayClass in cn.wensiqun.asmsupport.standard.utils.jls.TypeUtils.directSuperAmongArrayType(IClass) [cn.wensiqun.asmsupport.standard.utils.jls.TypeUtils] At TypeUtils.java:[line 174] BC_UNCONFIRMED_CAST
[ERROR] Low: cn.wensiqun.asmsupport.standard.utils.jls.TypeUtils.directSuperAmongPrimitiveType(IClass) uses the same code for two switch clauses [cn.wensiqun.asmsupport.standard.utils.jls.TypeUtils, cn.wensiqun.asmsupport.standard.utils.jls.TypeUtils] At TypeUtils.java:[line 83]At TypeUtils.java:[line 85] DB_DUPLICATE_SWITCH_CLAUSES
[ERROR] Low: Should cn.wensiqun.asmsupport.standard.utils.jls.TypeUtils.directSuperType(IClass) return a zero length array rather than null? [cn.wensiqun.asmsupport.standard.utils.jls.TypeUtils] At TypeUtils.java:[line 54] PZLA_PREFER_ZERO_LENGTH_ARRAYS
[ERROR] Low: cn.wensiqun.asmsupport.standard.utils.jls15_12_2.ConversionsPromotionsUtils.checkWideningPrimitiveConversion(IClass, IClass) uses the same code for two switch clauses [cn.wensiqun.asmsupport.standard.utils.jls15_12_2.ConversionsPromotionsUtils, cn.wensiqun.asmsupport.standard.utils.jls15_12_2.ConversionsPromotionsUtils] At ConversionsPromotionsUtils.java:[lines 56-61]At ConversionsPromotionsUtils.java:[lines 73-78] DB_DUPLICATE_SWITCH_CLAUSES
[INFO] 


To see bug detail using the Spotbugs GUI, use the following command "mvn spotbugs:gui"



[INFO] 
[INFO] --------------------< cn.wensiqun:asmsupport-core >---------------------
[INFO] Building asmsupport-core 0.4.4                                     [4/9]
[INFO] --------------------------------[ jar ]---------------------------------
[INFO] 
[INFO] >>> spotbugs-maven-plugin:4.2.3-SNAPSHOT:check (default-cli) > :spotbugs @ asmsupport-core >>>
[INFO] 
[INFO] --- spotbugs-maven-plugin:4.2.3-SNAPSHOT:spotbugs (spotbugs) @ asmsupport-core ---
[INFO] Fork Value is true
[INFO] Done SpotBugs Analysis....
[INFO] 
[INFO] <<< spotbugs-maven-plugin:4.2.3-SNAPSHOT:check (default-cli) < :spotbugs @ asmsupport-core <<<
[INFO] 
[INFO] 
[INFO] --- spotbugs-maven-plugin:4.2.3-SNAPSHOT:check (default-cli) @ asmsupport-core ---
[INFO] BugInstance size is 56
[INFO] Error size is 0
[INFO] Total bugs: 56
[ERROR] Low: cn.wensiqun.asmsupport.core.asm.Instructions.push(double) invokes inefficient new Double(double) constructor; use Double.valueOf(double) instead [cn.wensiqun.asmsupport.core.asm.Instructions] At Instructions.java:[line 197] DM_FP_NUMBER_CTOR
[ERROR] Low: cn.wensiqun.asmsupport.core.asm.Instructions.push(float) invokes inefficient new Float(float) constructor; use Float.valueOf(float) instead [cn.wensiqun.asmsupport.core.asm.Instructions] At Instructions.java:[line 182] DM_FP_NUMBER_CTOR
[ERROR] Medium: cn.wensiqun.asmsupport.core.asm.Instructions.push(long) invokes inefficient new Long(long) constructor; use Long.valueOf(long) instead [cn.wensiqun.asmsupport.core.asm.Instructions] At Instructions.java:[line 167] DM_NUMBER_CTOR
[ERROR] Medium: cn.wensiqun.asmsupport.core.asm.Instructions.pushInt(int) invokes inefficient new Integer(int) constructor; use Integer.valueOf(int) instead [cn.wensiqun.asmsupport.core.asm.Instructions] At Instructions.java:[line 106] DM_NUMBER_CTOR
[ERROR] Medium: Switch statement found in cn.wensiqun.asmsupport.core.asm.Instructions.ifCmp(Type, int, Label) where default case is missing [cn.wensiqun.asmsupport.core.asm.Instructions] At Instructions.java:[lines 1042-1059] SF_SWITCH_NO_DEFAULT
[ERROR] Low: Should cn.wensiqun.asmsupport.core.asm.VirtualMethodVisitor.triggerPushStack() return a zero length array rather than null? [cn.wensiqun.asmsupport.core.asm.VirtualMethodVisitor] At VirtualMethodVisitor.java:[line 44] PZLA_PREFER_ZERO_LENGTH_ARRAYS
[ERROR] Low: Unchecked/unconfirmed cast from cn.wensiqun.asmsupport.core.utils.InstructionBlockNode to cn.wensiqun.asmsupport.core.block.KernelProgramBlock in cn.wensiqun.asmsupport.core.block.KernelProgramBlock.setParent(InstructionBlockNode) [cn.wensiqun.asmsupport.core.block.KernelProgramBlock] At KernelProgramBlock.java:[line 959] BC_UNCONFIRMED_CAST
[ERROR] Medium: cn.wensiqun.asmsupport.core.block.method.AbstractMethodBody.getArguments() may expose internal representation by returning AbstractMethodBody.arguments [cn.wensiqun.asmsupport.core.block.method.AbstractMethodBody] At AbstractMethodBody.java:[line 74] EI_EXPOSE_REP
[ERROR] Medium: Unread public/protected field: cn.wensiqun.asmsupport.core.block.method.clinit.KernelEnumStaticBlockBody.enumNameList [cn.wensiqun.asmsupport.core.block.method.clinit.KernelEnumStaticBlockBody] At KernelEnumStaticBlockBody.java:[line 42] URF_UNREAD_PUBLIC_OR_PROTECTED_FIELD
[ERROR] Medium: Should cn.wensiqun.asmsupport.core.block.method.clinit.KernelEnumStaticBlockBody$EnumConstructorInfo be a _static_ inner class? [cn.wensiqun.asmsupport.core.block.method.clinit.KernelEnumStaticBlockBody$EnumConstructorInfo] At KernelEnumStaticBlockBody.java:[lines 51-59] SIC_INNER_SHOULD_BE_STATIC
[ERROR] Low: KernelSync.dupSynArgument not initialized in constructor and dereferenced in cn.wensiqun.asmsupport.core.block.sync.KernelSync.doExecute(MethodExecuteContext) [cn.wensiqun.asmsupport.core.block.sync.KernelSync] At KernelSync.java:[line 96] UWF_FIELD_NOT_INITIALIZED_IN_CONSTRUCTOR
[ERROR] Medium: new cn.wensiqun.asmsupport.core.build.SemiClass(ASMSupportClassLoader, int, int, String, IClass, IClass[]) may expose internal representation by storing an externally mutable object into SemiClass.interfaces [cn.wensiqun.asmsupport.core.build.SemiClass] At SemiClass.java:[line 22] EI_EXPOSE_REP2
[ERROR] Low: DefaultFieldBuild.fe not initialized in constructor and dereferenced in cn.wensiqun.asmsupport.core.build.impl.DefaultFieldBuild.execute(ClassExecuteContext) [cn.wensiqun.asmsupport.core.build.impl.DefaultFieldBuild] At DefaultFieldBuild.java:[line 89] UWF_FIELD_NOT_INITIALIZED_IN_CONSTRUCTOR
[ERROR] Medium: cn.wensiqun.asmsupport.core.build.impl.DefaultMethodBuilder.getArguments() may expose internal representation by returning DefaultMethodBuilder.arguments [cn.wensiqun.asmsupport.core.build.impl.DefaultMethodBuilder] At DefaultMethodBuilder.java:[line 131] EI_EXPOSE_REP
[ERROR] Low: DefaultMethodBuilder.method not initialized in constructor and dereferenced in cn.wensiqun.asmsupport.core.build.impl.DefaultMethodBuilder.execute(ClassExecuteContext) [cn.wensiqun.asmsupport.core.build.impl.DefaultMethodBuilder] At DefaultMethodBuilder.java:[line 115] UWF_FIELD_NOT_INITIALIZED_IN_CONSTRUCTOR
[ERROR] Low: Confusing to have methods cn.wensiqun.asmsupport.core.build.resolver.AbstractBytecodeResolver.setClassOutputPath(String) and cn.wensiqun.asmsupport.core.context.ClassExecuteContext.setClassOutPutPath(String) [cn.wensiqun.asmsupport.core.build.resolver.AbstractBytecodeResolver] At AbstractBytecodeResolver.java:[lines 73-74] NM_CONFUSING
[ERROR] High: Call to cn.wensiqun.asmsupport.standard.def.clazz.IClass.equals(Class) in cn.wensiqun.asmsupport.core.build.resolver.ClassBuildResolver.allMethodInClass(IClass, List, List) [cn.wensiqun.asmsupport.core.build.resolver.ClassBuildResolver] At ClassBuildResolver.java:[line 233] EC_UNRELATED_CLASS_AND_INTERFACE
[ERROR] Low: Exception is caught when Exception is not thrown in cn.wensiqun.asmsupport.core.build.resolver.ClassModifyResolver.initialized(ClassExecuteContext) [cn.wensiqun.asmsupport.core.build.resolver.ClassModifyResolver] At ClassModifyResolver.java:[line 236] REC_CATCH_EXCEPTION
[ERROR] Low: The class cn.wensiqun.asmsupport.core.build.resolver.ClassResolver$1 could be refactored into a named _static_ inner class [cn.wensiqun.asmsupport.core.build.resolver.ClassResolver] At ClassResolver.java:[line 120] SIC_INNER_SHOULD_BE_STATIC_ANON
[ERROR] Low: The class cn.wensiqun.asmsupport.core.build.resolver.EnumResolver$2 could be refactored into a named _static_ inner class [cn.wensiqun.asmsupport.core.build.resolver.EnumResolver] At EnumResolver.java:[line 246] SIC_INNER_SHOULD_BE_STATIC_ANON
[ERROR] Medium: Possible null pointer dereference of Value.value in cn.wensiqun.asmsupport.core.definition.value.Value.equals(Object) [cn.wensiqun.asmsupport.core.definition.value.Value, cn.wensiqun.asmsupport.core.definition.value.Value] Dereferenced at Value.java:[line 589]Known null at Value.java:[line 586] NP_NULL_ON_SOME_PATH
[ERROR] Medium: Switch statement found in cn.wensiqun.asmsupport.core.definition.value.Value.convert(Value, IClass) where default case is missing [cn.wensiqun.asmsupport.core.definition.value.Value] At Value.java:[lines 429-452] SF_SWITCH_NO_DEFAULT
[ERROR] Low: The class cn.wensiqun.asmsupport.core.definition.variable.LocalVariable$VariableOperatorException could be refactored into a _static_ inner class [cn.wensiqun.asmsupport.core.definition.variable.LocalVariable$VariableOperatorException] At LocalVariable.java:[lines 66-72] SIC_INNER_SHOULD_BE_STATIC_NEEDS_THIS
[ERROR] Low: Class cn.wensiqun.asmsupport.core.exception.InstructionException defines non-transient non-serializable instance field stackCopy [cn.wensiqun.asmsupport.core.exception.InstructionException] In InstructionException.java SE_BAD_FIELD
[ERROR] Low: Class cn.wensiqun.asmsupport.core.exception.UnreachableCodeException defines non-transient non-serializable instance field block [cn.wensiqun.asmsupport.core.exception.UnreachableCodeException] In UnreachableCodeException.java SE_BAD_FIELD
[ERROR] Low: Class cn.wensiqun.asmsupport.core.exception.UnreachableCodeException defines non-transient non-serializable instance field unreachableOperator [cn.wensiqun.asmsupport.core.exception.UnreachableCodeException] In UnreachableCodeException.java SE_BAD_FIELD
[ERROR] Medium: cn.wensiqun.asmsupport.core.loader.CachedThreadLocalClassLoader.getDescription(IClass, int) uses the same code for two branches [cn.wensiqun.asmsupport.core.loader.CachedThreadLocalClassLoader, cn.wensiqun.asmsupport.core.loader.CachedThreadLocalClassLoader] At CachedThreadLocalClassLoader.java:[line 329]At CachedThreadLocalClassLoader.java:[line 331] DB_DUPLICATE_BRANCHES
[ERROR] Medium: cn.wensiqun.asmsupport.core.loader.CachedThreadLocalClassLoader.getInstance(ClassLoader) creates a cn.wensiqun.asmsupport.core.loader.CachedThreadLocalClassLoader classloader, which should be performed within a doPrivileged block [cn.wensiqun.asmsupport.core.loader.CachedThreadLocalClassLoader, cn.wensiqun.asmsupport.core.loader.CachedThreadLocalClassLoader] At CachedThreadLocalClassLoader.java:[line 250]Another occurrence at CachedThreadLocalClassLoader.java:[line 251] DP_CREATE_CLASSLOADER_INSIDE_DO_PRIVILEGED
[ERROR] Low: Invocation of reflect.Method.setAccessible(boolean), which should be invoked from within a doPrivileged block, in cn.wensiqun.asmsupport.core.loader.CachedThreadLocalClassLoader.defineClass(String, byte[]) [cn.wensiqun.asmsupport.core.loader.CachedThreadLocalClassLoader, cn.wensiqun.asmsupport.core.loader.CachedThreadLocalClassLoader] At CachedThreadLocalClassLoader.java:[line 60]Another occurrence at CachedThreadLocalClassLoader.java:[line 62] DP_DO_INSIDE_DO_PRIVILEGED
[ERROR] Low: Class cn.wensiqun.asmsupport.core.operator.array.KernelArrayLength implements same interface as superclass [cn.wensiqun.asmsupport.core.operator.array.KernelArrayLength] At KernelArrayLength.java:[lines 33-87] RI_REDUNDANT_INTERFACES
[ERROR] Low: Class cn.wensiqun.asmsupport.core.operator.array.KernelArrayLoad implements same interface as superclass [cn.wensiqun.asmsupport.core.operator.array.KernelArrayLoad] At KernelArrayLoad.java:[lines 35-95] RI_REDUNDANT_INTERFACES
[ERROR] Medium: Redundant nullcheck of cn.wensiqun.asmsupport.core.operator.array.KernelArrayValue.allocateDims, which is known to be non-null in cn.wensiqun.asmsupport.core.operator.array.KernelArrayValue.doExecute(MethodExecuteContext) [cn.wensiqun.asmsupport.core.operator.array.KernelArrayValue] Redundant null check at KernelArrayValue.java:[line 208] RCN_REDUNDANT_NULLCHECK_OF_NONNULL_VALUE
[ERROR] Medium: Unread public/protected field: cn.wensiqun.asmsupport.core.operator.logical.ConditionOperator.falseLbl [cn.wensiqun.asmsupport.core.operator.logical.ConditionOperator] At ConditionOperator.java:[line 37] URF_UNREAD_PUBLIC_OR_PROTECTED_FIELD
[ERROR] Medium: Unread public/protected field: cn.wensiqun.asmsupport.core.operator.logical.ConditionOperator.trueLbl [cn.wensiqun.asmsupport.core.operator.logical.ConditionOperator] At ConditionOperator.java:[line 38] URF_UNREAD_PUBLIC_OR_PROTECTED_FIELD
[ERROR] Low: Unchecked/unconfirmed cast from Throwable to cn.wensiqun.asmsupport.standard.error.ASMSupportException of return value in cn.wensiqun.asmsupport.core.operator.numerical.OperatorFactory.newOperator(Class, boolean, Class[], Object[]) [cn.wensiqun.asmsupport.core.operator.numerical.OperatorFactory] At OperatorFactory.java:[line 101] BC_UNCONFIRMED_CAST_OF_RETURN_VALUE
[ERROR] Low: Unchecked/unconfirmed cast from Throwable to RuntimeException of return value in cn.wensiqun.asmsupport.core.operator.numerical.OperatorFactory.newOperator(Class, boolean, Class[], Object[]) [cn.wensiqun.asmsupport.core.operator.numerical.OperatorFactory] At OperatorFactory.java:[line 103] BC_UNCONFIRMED_CAST_OF_RETURN_VALUE
[ERROR] Low: Invocation of reflect.Method.setAccessible(boolean), which should be invoked from within a doPrivileged block, in cn.wensiqun.asmsupport.core.operator.numerical.OperatorFactory.newOperator(Class, boolean, Class[], Object[]) [cn.wensiqun.asmsupport.core.operator.numerical.OperatorFactory, cn.wensiqun.asmsupport.core.operator.numerical.OperatorFactory] At OperatorFactory.java:[line 90]Another occurrence at OperatorFactory.java:[line 92] DP_DO_INSIDE_DO_PRIVILEGED
[ERROR] High: Redundant nullcheck of parameterTypes, which is known to be non-null in cn.wensiqun.asmsupport.core.operator.numerical.OperatorFactory.newOperator(Class, boolean, Class[], Object[]) [cn.wensiqun.asmsupport.core.operator.numerical.OperatorFactory, cn.wensiqun.asmsupport.core.operator.numerical.OperatorFactory] Redundant null check at OperatorFactory.java:[line 79]Another occurrence at OperatorFactory.java:[line 75] RCN_REDUNDANT_NULLCHECK_OF_NONNULL_VALUE
[ERROR] Medium: Dead store to block in cn.wensiqun.asmsupport.core.operator.numerical.relational.NumericalAndReferenceRelational.factorsToStack(MethodExecuteContext) [cn.wensiqun.asmsupport.core.operator.numerical.relational.NumericalAndReferenceRelational] At NumericalAndReferenceRelational.java:[line 62] DLS_DEAD_LOCAL_STORE
[ERROR] Medium: cn.wensiqun.asmsupport.core.utils.CommonUtils.JAVA_KEYWORDS is a mutable collection which should be package protected [cn.wensiqun.asmsupport.core.utils.CommonUtils] At CommonUtils.java:[line 32] MS_MUTABLE_COLLECTION_PKGPROTECT
[ERROR] Low: cn.wensiqun.asmsupport.core.utils.CommonUtils.toLocal(byte[], String, String) may fail to close stream on exception [cn.wensiqun.asmsupport.core.utils.CommonUtils] At CommonUtils.java:[line 97] OS_OPEN_STREAM_EXCEPTION_PATH
[ERROR] Low: Exception is caught when Exception is not thrown in cn.wensiqun.asmsupport.core.utils.CommonUtils.toLocal(byte[], String, String) [cn.wensiqun.asmsupport.core.utils.CommonUtils] At CommonUtils.java:[line 101] REC_CATCH_EXCEPTION
[ERROR] Medium: Exceptional return value of java.io.File.createNewFile() ignored in cn.wensiqun.asmsupport.core.utils.CommonUtils.toLocal(byte[], String, String) [cn.wensiqun.asmsupport.core.utils.CommonUtils] At CommonUtils.java:[line 95] RV_RETURN_VALUE_IGNORED_BAD_PRACTICE
[ERROR] Medium: Exceptional return value of java.io.File.mkdirs() ignored in cn.wensiqun.asmsupport.core.utils.CommonUtils.toLocal(byte[], String, String) [cn.wensiqun.asmsupport.core.utils.CommonUtils] At CommonUtils.java:[line 93] RV_RETURN_VALUE_IGNORED_BAD_PRACTICE
[ERROR] Medium: Class cn.wensiqun.asmsupport.core.utils.InstructionList implements Cloneable but does not define or use clone method [cn.wensiqun.asmsupport.core.utils.InstructionList] At InstructionList.java:[lines 19-191] CN_IDIOM
[ERROR] Medium: Should cn.wensiqun.asmsupport.core.utils.InstructionList$Itr be a _static_ inner class? [cn.wensiqun.asmsupport.core.utils.InstructionList$Itr] At InstructionList.java:[lines 194-216] SIC_INNER_SHOULD_BE_STATIC
[ERROR] Low: InstructionNode.previous not initialized in constructor and dereferenced in cn.wensiqun.asmsupport.core.utils.InstructionNode.replace(InstructionNode) [cn.wensiqun.asmsupport.core.utils.InstructionNode] At InstructionNode.java:[line 97] UWF_FIELD_NOT_INITIALIZED_IN_CONSTRUCTOR
[ERROR] Low: The class cn.wensiqun.asmsupport.core.utils.bridge2method.OverrideBridgeMethodCreator$1 could be refactored into a named _static_ inner class [cn.wensiqun.asmsupport.core.utils.bridge2method.OverrideBridgeMethodCreator] At OverrideBridgeMethodCreator.java:[line 115] SIC_INNER_SHOULD_BE_STATIC_ANON
[ERROR] Medium: new cn.wensiqun.asmsupport.core.utils.jls15_12_2.MethodChooser(ClassLoader, IClass, IClass, String, IClass[]) may expose internal representation by storing an externally mutable object into MethodChooser.argumentTypes [cn.wensiqun.asmsupport.core.utils.jls15_12_2.MethodChooser] At MethodChooser.java:[line 76] EI_EXPOSE_REP2
[ERROR] Low: Should cn.wensiqun.asmsupport.core.utils.jls15_12_2.MethodChooser.mostSpecificMethod(AMethodMeta, AMethodMeta) return a zero length array rather than null? [cn.wensiqun.asmsupport.core.utils.jls15_12_2.MethodChooser] At MethodChooser.java:[line 461] PZLA_PREFER_ZERO_LENGTH_ARRAYS
[ERROR] Low: The class cn.wensiqun.asmsupport.core.utils.jls15_12_2.MethodChooser$5 could be refactored into a named _static_ inner class [cn.wensiqun.asmsupport.core.utils.jls15_12_2.MethodChooser] At MethodChooser.java:[line 552] SIC_INNER_SHOULD_BE_STATIC_ANON
[ERROR] Low: The class cn.wensiqun.asmsupport.core.utils.log.LogFactory$1 could be refactored into a named _static_ inner class [cn.wensiqun.asmsupport.core.utils.log.LogFactory] At LogFactory.java:[line 31] SIC_INNER_SHOULD_BE_STATIC_ANON
[ERROR] Medium: Class cn.wensiqun.asmsupport.core.utils.memory.LocalVariables implements Cloneable but does not define or use clone method [cn.wensiqun.asmsupport.core.utils.memory.LocalVariables] At LocalVariables.java:[lines 30-170] CN_IDIOM
[ERROR] Medium: Class cn.wensiqun.asmsupport.core.utils.memory.LocalVariables$LocalHistory implements Cloneable but does not define or use clone method [cn.wensiqun.asmsupport.core.utils.memory.LocalVariables$LocalHistory] At LocalVariables.java:[lines 32-51] CN_IDIOM
[ERROR] Medium: cn.wensiqun.asmsupport.core.utils.memory.ScopeLogicVariable.getPositions() may expose internal representation by returning ScopeLogicVariable.positions [cn.wensiqun.asmsupport.core.utils.memory.ScopeLogicVariable] At ScopeLogicVariable.java:[line 198] EI_EXPOSE_REP
[ERROR] High: Call to Class.equals(cn.wensiqun.asmsupport.standard.def.clazz.IClass) in cn.wensiqun.asmsupport.core.utils.reflect.MethodUtils.getOverriddenMethod(AMethodMeta) [cn.wensiqun.asmsupport.core.utils.reflect.MethodUtils] At MethodUtils.java:[line 41] EC_UNRELATED_CLASS_AND_INTERFACE
[INFO] 


To see bug detail using the Spotbugs GUI, use the following command "mvn spotbugs:gui"



[INFO] 
[INFO] -------------------< cn.wensiqun:asmsupport-client >--------------------
[INFO] Building asmsupport-client 0.4.4                                   [5/9]
[INFO] --------------------------------[ jar ]---------------------------------
[INFO] 
[INFO] >>> spotbugs-maven-plugin:4.2.3-SNAPSHOT:check (default-cli) > :spotbugs @ asmsupport-client >>>
[INFO] 
[INFO] --- spotbugs-maven-plugin:4.2.3-SNAPSHOT:spotbugs (spotbugs) @ asmsupport-client ---
[INFO] Fork Value is true
[INFO] Done SpotBugs Analysis....
[INFO] 
[INFO] <<< spotbugs-maven-plugin:4.2.3-SNAPSHOT:check (default-cli) < :spotbugs @ asmsupport-client <<<
[INFO] 
[INFO] 
[INFO] --- spotbugs-maven-plugin:4.2.3-SNAPSHOT:check (default-cli) @ asmsupport-client ---
[INFO] BugInstance size is 9
[INFO] Error size is 0
[INFO] Total bugs: 9
[ERROR] Medium: cn.wensiqun.asmsupport.client.DummyConstructor.throws_(IClass[]) may expose internal representation by storing an externally mutable object into DummyConstructor.exceptionTypes [cn.wensiqun.asmsupport.client.DummyConstructor] At DummyConstructor.java:[line 122] EI_EXPOSE_REP2
[ERROR] Medium: cn.wensiqun.asmsupport.client.DummyMethod.throws_(IClass[]) may expose internal representation by storing an externally mutable object into DummyMethod.exceptionTypes [cn.wensiqun.asmsupport.client.DummyMethod] At DummyMethod.java:[line 302] EI_EXPOSE_REP2
[ERROR] Medium: Load of known null value in cn.wensiqun.asmsupport.client.DummyModifiedClass.newStaticBlock(StaticBlockBody) [cn.wensiqun.asmsupport.client.DummyModifiedClass] At DummyModifiedClass.java:[line 151] NP_LOAD_OF_KNOWN_NULL_VALUE
[ERROR] Medium: new cn.wensiqun.asmsupport.client.DummyModifiedMethod(String, Class[], ModifiedMethodBody) may expose internal representation by storing an externally mutable object into DummyModifiedMethod.argTypes [cn.wensiqun.asmsupport.client.DummyModifiedMethod] At DummyModifiedMethod.java:[line 30] EI_EXPOSE_REP2
[ERROR] Low: OperationBlock.clientBridge not initialized in constructor and dereferenced in cn.wensiqun.asmsupport.client.block.OperationBlock.getDelegate() [cn.wensiqun.asmsupport.client.block.OperationBlock] At OperationBlock.java:[line 399] UWF_FIELD_NOT_INITIALIZED_IN_CONSTRUCTOR
[ERROR] Low: Should cn.wensiqun.asmsupport.client.block.ProgramBlock.internalVar2ClientVar(LocalVariable[]) return a zero length array rather than null? [cn.wensiqun.asmsupport.client.block.ProgramBlock] At ProgramBlock.java:[line 153] PZLA_PREFER_ZERO_LENGTH_ARRAYS
[ERROR] Low: Should cn.wensiqun.asmsupport.client.def.ParamPostern.getTarget(Param[]) return a zero length array rather than null? [cn.wensiqun.asmsupport.client.def.ParamPostern] At ParamPostern.java:[line 15] PZLA_PREFER_ZERO_LENGTH_ARRAYS
[ERROR] Low: Should cn.wensiqun.asmsupport.client.def.ParamPostern.getTarget(Param[], int) return a zero length array rather than null? [cn.wensiqun.asmsupport.client.def.ParamPostern] At ParamPostern.java:[line 26] PZLA_PREFER_ZERO_LENGTH_ARRAYS
[ERROR] Low: Unchecked/unconfirmed cast from cn.wensiqun.asmsupport.core.utils.common.BlockTracker to cn.wensiqun.asmsupport.client.ClientBridge in new cn.wensiqun.asmsupport.client.def.param.basic.PriorityParam(BlockTracker, OperatorAction, Param[]) [cn.wensiqun.asmsupport.client.def.param.basic.PriorityParam] At PriorityParam.java:[line 47] BC_UNCONFIRMED_CAST
[INFO] 


To see bug detail using the Spotbugs GUI, use the following command "mvn spotbugs:gui"



[INFO] 
[INFO] -------------------< cn.wensiqun:asmsupport-grammar >-------------------
[INFO] Building asmsupport-grammar 0.4.4                                  [6/9]
[INFO] --------------------------------[ jar ]---------------------------------
[INFO] 
[INFO] >>> spotbugs-maven-plugin:4.2.3-SNAPSHOT:check (default-cli) > :spotbugs @ asmsupport-grammar >>>
[INFO] 
[INFO] --- spotbugs-maven-plugin:4.2.3-SNAPSHOT:spotbugs (spotbugs) @ asmsupport-grammar ---
[INFO] Fork Value is true
[INFO] Done SpotBugs Analysis....
[INFO] 
[INFO] <<< spotbugs-maven-plugin:4.2.3-SNAPSHOT:check (default-cli) < :spotbugs @ asmsupport-grammar <<<
[INFO] 
[INFO] 
[INFO] --- spotbugs-maven-plugin:4.2.3-SNAPSHOT:check (default-cli) @ asmsupport-grammar ---
[INFO] BugInstance size is 6
[INFO] Error size is 0
[INFO] Total bugs: 6
[ERROR] Medium: Unused public or protected field: cn.wensiqun.asmsupport.grammar.def.DeclaratorMeta.id [cn.wensiqun.asmsupport.grammar.def.DeclaratorMeta] In DeclaratorMeta.java UUF_UNUSED_PUBLIC_OR_PROTECTED_FIELD
[ERROR] Medium: Unused public or protected field: cn.wensiqun.asmsupport.grammar.def.DeclaratorMeta.val [cn.wensiqun.asmsupport.grammar.def.DeclaratorMeta] In DeclaratorMeta.java UUF_UNUSED_PUBLIC_OR_PROTECTED_FIELD
[ERROR] Medium: Unused public or protected field: cn.wensiqun.asmsupport.grammar.def.IdentifyWrapper.iden [cn.wensiqun.asmsupport.grammar.def.IdentifyWrapper] In IdentifyWrapper.java UUF_UNUSED_PUBLIC_OR_PROTECTED_FIELD
[ERROR] Medium: cn.wensiqun.asmsupport.grammar.def.ParamWrapper.setDimensions(Param[]) may expose internal representation by storing an externally mutable object into ParamWrapper.dimensions [cn.wensiqun.asmsupport.grammar.def.ParamWrapper] At ParamWrapper.java:[line 50] EI_EXPOSE_REP2
[ERROR] Medium: Unchecked/unconfirmed cast from cn.wensiqun.asmsupport.client.block.ProgramBlock<?> to cn.wensiqun.asmsupport.client.block.ConstructorBody in cn.wensiqun.asmsupport.grammar.def.PrimaryData.call(ProgramBlock, Param[]) [cn.wensiqun.asmsupport.grammar.def.PrimaryData] At PrimaryData.java:[line 168] BC_UNCONFIRMED_CAST
[ERROR] Low: PrimaryData.name not initialized in constructor and dereferenced in cn.wensiqun.asmsupport.grammar.def.PrimaryData.call(ProgramBlock, Param[]) [cn.wensiqun.asmsupport.grammar.def.PrimaryData] At PrimaryData.java:[line 148] UWF_FIELD_NOT_INITIALIZED_IN_CONSTRUCTOR
[INFO] 


To see bug detail using the Spotbugs GUI, use the following command "mvn spotbugs:gui"



[INFO] 
[INFO] -------------------< cn.wensiqun:asmsupport-issues >--------------------
[INFO] Building asmsupport-issues 0.4.4                                   [7/9]
[INFO] --------------------------------[ jar ]---------------------------------
[INFO] 
[INFO] >>> spotbugs-maven-plugin:4.2.3-SNAPSHOT:check (default-cli) > :spotbugs @ asmsupport-issues >>>
[INFO] 
[INFO] --- spotbugs-maven-plugin:4.2.3-SNAPSHOT:spotbugs (spotbugs) @ asmsupport-issues ---
[INFO] 
[INFO] <<< spotbugs-maven-plugin:4.2.3-SNAPSHOT:check (default-cli) < :spotbugs @ asmsupport-issues <<<
[INFO] 
[INFO] 
[INFO] --- spotbugs-maven-plugin:4.2.3-SNAPSHOT:check (default-cli) @ asmsupport-issues ---
[INFO] 
[INFO] -------------------< cn.wensiqun:asmsupport-sample >--------------------
[INFO] Building asmsupport-sample 0.4.4                                   [8/9]
[INFO] --------------------------------[ jar ]---------------------------------
[INFO] 
[INFO] >>> spotbugs-maven-plugin:4.2.3-SNAPSHOT:check (default-cli) > :spotbugs @ asmsupport-sample >>>
[INFO] 
[INFO] --- spotbugs-maven-plugin:4.2.3-SNAPSHOT:spotbugs (spotbugs) @ asmsupport-sample ---
[INFO] Fork Value is true
[INFO] Done SpotBugs Analysis....
[INFO] 
[INFO] <<< spotbugs-maven-plugin:4.2.3-SNAPSHOT:check (default-cli) < :spotbugs @ asmsupport-sample <<<
[INFO] 
[INFO] 
[INFO] --- spotbugs-maven-plugin:4.2.3-SNAPSHOT:check (default-cli) @ asmsupport-sample ---
[INFO] BugInstance size is 53
[INFO] Error size is 0
[INFO] Total bugs: 53
[ERROR] Medium: Synchronization performed on java.util.concurrent.ConcurrentMap in cn.wensiqun.asmsupport.sample.client.json.JSONPool.getOrRegister(Class) [cn.wensiqun.asmsupport.sample.client.json.JSONPool] At JSONPool.java:[line 76] JLM_JSR166_UTILCONCURRENT_MONITORENTER
[ERROR] High: Possible null pointer dereference of val in cn.wensiqun.asmsupport.sample.client.json.JSONPool.getJson(StringEncoder, Object) [cn.wensiqun.asmsupport.sample.client.json.JSONPool, cn.wensiqun.asmsupport.sample.client.json.JSONPool, cn.wensiqun.asmsupport.sample.client.json.JSONPool] Dereferenced at JSONPool.java:[line 119]Null value at JSONPool.java:[line 116]Known null at JSONPool.java:[line 117] NP_NULL_ON_SOME_PATH
[ERROR] Low: Exception is caught when Exception is not thrown in cn.wensiqun.asmsupport.sample.client.json.JSONPool.getOrRegister(Class) [cn.wensiqun.asmsupport.sample.client.json.JSONPool] At JSONPool.java:[line 83] REC_CATCH_EXCEPTION
[ERROR] Low: The class cn.wensiqun.asmsupport.sample.client.json.JSONPool$1 could be refactored into a named _static_ inner class [cn.wensiqun.asmsupport.sample.client.json.JSONPool] At JSONPool.java:[line 127] SIC_INNER_SHOULD_BE_STATIC_ANON
[ERROR] Medium: cn.wensiqun.asmsupport.sample.client.json.demo.Geo.getOtherSubdivisions() may expose internal representation by returning Geo.otherSubdivisions [cn.wensiqun.asmsupport.sample.client.json.demo.Geo] At Geo.java:[line 52] EI_EXPOSE_REP
[ERROR] Medium: cn.wensiqun.asmsupport.sample.client.json.demo.Geo.setOtherSubdivisions(Subdivision[]) may expose internal representation by storing an externally mutable object into Geo.otherSubdivisions [cn.wensiqun.asmsupport.sample.client.json.demo.Geo] At Geo.java:[line 56] EI_EXPOSE_REP2
[ERROR] Low: The class cn.wensiqun.asmsupport.sample.client.json.generator.impl.ArrayGeneratorChain$1 could be refactored into a named _static_ inner class [cn.wensiqun.asmsupport.sample.client.json.generator.impl.ArrayGeneratorChain] At ArrayGeneratorChain.java:[line 23] SIC_INNER_SHOULD_BE_STATIC_ANON
[ERROR] Low: The class cn.wensiqun.asmsupport.sample.client.proxy.ProxyGenerator$2 could be refactored into a named _static_ inner class [cn.wensiqun.asmsupport.sample.client.proxy.ProxyGenerator] At ProxyGenerator.java:[line 123] SIC_INNER_SHOULD_BE_STATIC_ANON
[ERROR] Low: The class cn.wensiqun.asmsupport.sample.client.proxy.ProxyGenerator$3 could be refactored into a named _static_ inner class [cn.wensiqun.asmsupport.sample.client.proxy.ProxyGenerator] At ProxyGenerator.java:[line 134] SIC_INNER_SHOULD_BE_STATIC_ANON
[ERROR] Low: The class cn.wensiqun.asmsupport.sample.client.proxy.ProxyGenerator$4 could be refactored into a named _static_ inner class [cn.wensiqun.asmsupport.sample.client.proxy.ProxyGenerator] At ProxyGenerator.java:[line 168] SIC_INNER_SHOULD_BE_STATIC_ANON
[ERROR] Low: The class cn.wensiqun.asmsupport.sample.client.proxy.ProxyGenerator$5 could be refactored into a named _static_ inner class [cn.wensiqun.asmsupport.sample.client.proxy.ProxyGenerator] At ProxyGenerator.java:[line 188] SIC_INNER_SHOULD_BE_STATIC_ANON
[ERROR] High: cn.wensiqun.asmsupport.sample.core.AbstractExample.classLoader isn't final but should be [cn.wensiqun.asmsupport.sample.core.AbstractExample] At AbstractExample.java:[line 14] MS_SHOULD_BE_FINAL
[ERROR] High: cn.wensiqun.asmsupport.sample.core.AbstractExample.systemOut isn't final but should be [cn.wensiqun.asmsupport.sample.core.AbstractExample] At AbstractExample.java:[line 19] MS_SHOULD_BE_FINAL
[ERROR] High: cn.wensiqun.asmsupport.sample.core.create.ByModify.name isn't final but should be [cn.wensiqun.asmsupport.sample.core.create.ByModify] At ByModify.java:[line 6] MS_SHOULD_BE_FINAL
[ERROR] Medium: The method name cn.wensiqun.asmsupport.sample.core.create.ByModify.String() doesn't start with a lower case letter [cn.wensiqun.asmsupport.sample.core.create.ByModify] At ByModify.java:[lines 13-14] NM_METHOD_NAMING_CONVENTION
[ERROR] Low: Private method cn.wensiqun.asmsupport.sample.core.create.ByModify.say() is never called [cn.wensiqun.asmsupport.sample.core.create.ByModify] At ByModify.java:[line 21] UPM_UNCALLED_PRIVATE_METHOD
[ERROR] Medium: instanceof will always return true for all non-null values in cn.wensiqun.asmsupport.sample.core.create.CreateClassAndExtend.main(String[]), since all cn.wensiqun.asmsupport.core.build.resolver.ClassResolver are instances of cn.wensiqun.asmsupport.core.build.resolver.ClassResolver [cn.wensiqun.asmsupport.sample.core.create.CreateClassAndExtend] At CreateClassAndExtend.java:[line 111] BC_VACUOUS_INSTANCEOF
[ERROR] Low: Exception is caught when Exception is not thrown in cn.wensiqun.asmsupport.sample.core.create.CreateClassAndExtend.main(String[]) [cn.wensiqun.asmsupport.sample.core.create.CreateClassAndExtend] At CreateClassAndExtend.java:[line 114] REC_CATCH_EXCEPTION
[ERROR] Low: cn.wensiqun.asmsupport.sample.core.create.CreateClassAndExtend.main(String[]) does an unnecessary type check using instanceof operator when it can be determined statically [cn.wensiqun.asmsupport.sample.core.create.CreateClassAndExtend] At CreateClassAndExtend.java:[line 111] SIO_SUPERFLUOUS_INSTANCEOF
[ERROR] Low: cn.wensiqun.asmsupport.sample.core.create.ParentCreateClassExample.COMMON_POST isn't final but should be [cn.wensiqun.asmsupport.sample.core.create.ParentCreateClassExample] At ParentCreateClassExample.java:[line 7] MS_SHOULD_BE_FINAL
[ERROR] Low: cn.wensiqun.asmsupport.sample.core.create.ParentCreateClassExample.COMMON_PRE isn't final but should be [cn.wensiqun.asmsupport.sample.core.create.ParentCreateClassExample] At ParentCreateClassExample.java:[line 5] MS_SHOULD_BE_FINAL
[ERROR] Medium: Unused field: cn.wensiqun.asmsupport.sample.core.operators.A.i [cn.wensiqun.asmsupport.sample.core.operators.A] In InstanceofOperatorGenerate.java UUF_UNUSED_FIELD
[ERROR] Medium: Unused field: cn.wensiqun.asmsupport.sample.core.operators.A.j [cn.wensiqun.asmsupport.sample.core.operators.A] In InstanceofOperatorGenerate.java UUF_UNUSED_FIELD
[ERROR] Medium: Unused field: cn.wensiqun.asmsupport.sample.core.operators.B.i [cn.wensiqun.asmsupport.sample.core.operators.B] In InstanceofOperatorGenerate.java UUF_UNUSED_FIELD
[ERROR] Medium: Unused field: cn.wensiqun.asmsupport.sample.core.operators.B.j [cn.wensiqun.asmsupport.sample.core.operators.B] In InstanceofOperatorGenerate.java UUF_UNUSED_FIELD
[ERROR] Medium: Unused field: cn.wensiqun.asmsupport.sample.core.operators.C.k [cn.wensiqun.asmsupport.sample.core.operators.C] In InstanceofOperatorGenerate.java UUF_UNUSED_FIELD
[ERROR] Medium: Unused field: cn.wensiqun.asmsupport.sample.core.operators.D.k [cn.wensiqun.asmsupport.sample.core.operators.D] In InstanceofOperatorGenerate.java UUF_UNUSED_FIELD
[ERROR] Medium: instanceof will always return false in cn.wensiqun.asmsupport.sample.core.operators.InstanceOf.main(String[]), since a cn.wensiqun.asmsupport.sample.core.operators.A can't be a cn.wensiqun.asmsupport.sample.core.operators.C [cn.wensiqun.asmsupport.sample.core.operators.InstanceOf] At InstanceofOperatorGenerate.java:[line 305] BC_IMPOSSIBLE_INSTANCEOF
[ERROR] Medium: instanceof will always return false in cn.wensiqun.asmsupport.sample.core.operators.InstanceOf.main(String[]), since a cn.wensiqun.asmsupport.sample.core.operators.C can't be a cn.wensiqun.asmsupport.sample.core.operators.D [cn.wensiqun.asmsupport.sample.core.operators.InstanceOf] At InstanceofOperatorGenerate.java:[line 322] BC_IMPOSSIBLE_INSTANCEOF
[ERROR] Medium: instanceof will always return true for all non-null values in cn.wensiqun.asmsupport.sample.core.operators.InstanceOf.main(String[]), since all cn.wensiqun.asmsupport.sample.core.operators.A are instances of cn.wensiqun.asmsupport.sample.core.operators.A [cn.wensiqun.asmsupport.sample.core.operators.InstanceOf] At InstanceofOperatorGenerate.java:[line 296] BC_VACUOUS_INSTANCEOF
[ERROR] Medium: instanceof will always return true for all non-null values in cn.wensiqun.asmsupport.sample.core.operators.InstanceOf.main(String[]), since all cn.wensiqun.asmsupport.sample.core.operators.A are instances of Object [cn.wensiqun.asmsupport.sample.core.operators.InstanceOf] At InstanceofOperatorGenerate.java:[line 333] BC_VACUOUS_INSTANCEOF
[ERROR] Medium: instanceof will always return true for all non-null values in cn.wensiqun.asmsupport.sample.core.operators.InstanceOf.main(String[]), since all cn.wensiqun.asmsupport.sample.core.operators.B are instances of cn.wensiqun.asmsupport.sample.core.operators.B [cn.wensiqun.asmsupport.sample.core.operators.InstanceOf] At InstanceofOperatorGenerate.java:[line 298] BC_VACUOUS_INSTANCEOF
[ERROR] Medium: instanceof will always return true for all non-null values in cn.wensiqun.asmsupport.sample.core.operators.InstanceOf.main(String[]), since all cn.wensiqun.asmsupport.sample.core.operators.B are instances of Object [cn.wensiqun.asmsupport.sample.core.operators.InstanceOf] At InstanceofOperatorGenerate.java:[line 335] BC_VACUOUS_INSTANCEOF
[ERROR] Medium: instanceof will always return true for all non-null values in cn.wensiqun.asmsupport.sample.core.operators.InstanceOf.main(String[]), since all cn.wensiqun.asmsupport.sample.core.operators.C are instances of cn.wensiqun.asmsupport.sample.core.operators.A [cn.wensiqun.asmsupport.sample.core.operators.InstanceOf, cn.wensiqun.asmsupport.sample.core.operators.InstanceOf] At InstanceofOperatorGenerate.java:[line 302]Another occurrence at InstanceofOperatorGenerate.java:[line 327] BC_VACUOUS_INSTANCEOF
[ERROR] Medium: instanceof will always return true for all non-null values in cn.wensiqun.asmsupport.sample.core.operators.InstanceOf.main(String[]), since all cn.wensiqun.asmsupport.sample.core.operators.C are instances of cn.wensiqun.asmsupport.sample.core.operators.C [cn.wensiqun.asmsupport.sample.core.operators.InstanceOf] At InstanceofOperatorGenerate.java:[line 300] BC_VACUOUS_INSTANCEOF
[ERROR] Medium: instanceof will always return true for all non-null values in cn.wensiqun.asmsupport.sample.core.operators.InstanceOf.main(String[]), since all cn.wensiqun.asmsupport.sample.core.operators.C are instances of Object [cn.wensiqun.asmsupport.sample.core.operators.InstanceOf] At InstanceofOperatorGenerate.java:[line 337] BC_VACUOUS_INSTANCEOF
[ERROR] Medium: instanceof will always return true for all non-null values in cn.wensiqun.asmsupport.sample.core.operators.InstanceOf.main(String[]), since all cn.wensiqun.asmsupport.sample.core.operators.D are instances of cn.wensiqun.asmsupport.sample.core.operators.D [cn.wensiqun.asmsupport.sample.core.operators.InstanceOf] At InstanceofOperatorGenerate.java:[line 314] BC_VACUOUS_INSTANCEOF
[ERROR] Medium: instanceof will always return true for all non-null values in cn.wensiqun.asmsupport.sample.core.operators.InstanceOf.main(String[]), since all cn.wensiqun.asmsupport.sample.core.operators.D are instances of Object [cn.wensiqun.asmsupport.sample.core.operators.InstanceOf] At InstanceofOperatorGenerate.java:[line 339] BC_VACUOUS_INSTANCEOF
[ERROR] Low: cn.wensiqun.asmsupport.sample.core.operators.InstanceOf.main(String[]) does an unnecessary type check using instanceof operator when it can be determined statically [cn.wensiqun.asmsupport.sample.core.operators.InstanceOf] At InstanceofOperatorGenerate.java:[line 296] SIO_SUPERFLUOUS_INSTANCEOF
[ERROR] Low: cn.wensiqun.asmsupport.sample.core.operators.InstanceOf.main(String[]) does an unnecessary type check using instanceof operator when it can be determined statically [cn.wensiqun.asmsupport.sample.core.operators.InstanceOf] At InstanceofOperatorGenerate.java:[line 298] SIO_SUPERFLUOUS_INSTANCEOF
[ERROR] Low: cn.wensiqun.asmsupport.sample.core.operators.InstanceOf.main(String[]) does an unnecessary type check using instanceof operator when it can be determined statically [cn.wensiqun.asmsupport.sample.core.operators.InstanceOf] At InstanceofOperatorGenerate.java:[line 300] SIO_SUPERFLUOUS_INSTANCEOF
[ERROR] Low: cn.wensiqun.asmsupport.sample.core.operators.InstanceOf.main(String[]) does an unnecessary type check using instanceof operator when it can be determined statically [cn.wensiqun.asmsupport.sample.core.operators.InstanceOf] At InstanceofOperatorGenerate.java:[line 302] SIO_SUPERFLUOUS_INSTANCEOF
[ERROR] Low: cn.wensiqun.asmsupport.sample.core.operators.InstanceOf.main(String[]) does an unnecessary type check using instanceof operator when it can be determined statically [cn.wensiqun.asmsupport.sample.core.operators.InstanceOf] At InstanceofOperatorGenerate.java:[line 327] SIO_SUPERFLUOUS_INSTANCEOF
[ERROR] Low: cn.wensiqun.asmsupport.sample.core.operators.InstanceOf.main(String[]) does an unnecessary type check using instanceof operator when it can be determined statically [cn.wensiqun.asmsupport.sample.core.operators.InstanceOf] At InstanceofOperatorGenerate.java:[line 333] SIO_SUPERFLUOUS_INSTANCEOF
[ERROR] Low: cn.wensiqun.asmsupport.sample.core.operators.InstanceOf.main(String[]) does an unnecessary type check using instanceof operator when it can be determined statically [cn.wensiqun.asmsupport.sample.core.operators.InstanceOf] At InstanceofOperatorGenerate.java:[line 335] SIO_SUPERFLUOUS_INSTANCEOF
[ERROR] Low: cn.wensiqun.asmsupport.sample.core.operators.InstanceOf.main(String[]) does an unnecessary type check using instanceof operator when it can be determined statically [cn.wensiqun.asmsupport.sample.core.operators.InstanceOf] At InstanceofOperatorGenerate.java:[line 337] SIO_SUPERFLUOUS_INSTANCEOF
[ERROR] Low: cn.wensiqun.asmsupport.sample.core.operators.InstanceOf.main(String[]) does an unnecessary type check using instanceof operator when it can be determined statically [cn.wensiqun.asmsupport.sample.core.operators.InstanceOf] At InstanceofOperatorGenerate.java:[line 339] SIO_SUPERFLUOUS_INSTANCEOF
[ERROR] Medium: Format string should use %n rather than \n in cn.wensiqun.asmsupport.sample.core.operators.LogicalOperatorGenerate.willGenerate(String[]) [cn.wensiqun.asmsupport.sample.core.operators.LogicalOperatorGenerate] At LogicalOperatorGenerate.java:[line 54] VA_FORMAT_STRING_USES_NEWLINE
[ERROR] Medium: Format string should use %n rather than \n in cn.wensiqun.asmsupport.sample.core.operators.LogicalOperatorGenerate.willGenerate(String[]) [cn.wensiqun.asmsupport.sample.core.operators.LogicalOperatorGenerate] At LogicalOperatorGenerate.java:[line 18] VA_FORMAT_STRING_USES_NEWLINE
[ERROR] Medium: Format string should use %n rather than \n in cn.wensiqun.asmsupport.sample.core.operators.LogicalOperatorGenerate.willGenerate(String[]) [cn.wensiqun.asmsupport.sample.core.operators.LogicalOperatorGenerate] At LogicalOperatorGenerate.java:[line 30] VA_FORMAT_STRING_USES_NEWLINE
[ERROR] Medium: Format string should use %n rather than \n in cn.wensiqun.asmsupport.sample.core.operators.LogicalOperatorGenerate.willGenerate(String[]) [cn.wensiqun.asmsupport.sample.core.operators.LogicalOperatorGenerate] At LogicalOperatorGenerate.java:[line 36] VA_FORMAT_STRING_USES_NEWLINE
[ERROR] Medium: Format string should use %n rather than \n in cn.wensiqun.asmsupport.sample.core.operators.LogicalOperatorGenerate.willGenerate(String[]) [cn.wensiqun.asmsupport.sample.core.operators.LogicalOperatorGenerate] At LogicalOperatorGenerate.java:[line 42] VA_FORMAT_STRING_USES_NEWLINE
[ERROR] Medium: Format string should use %n rather than \n in cn.wensiqun.asmsupport.sample.core.operators.LogicalOperatorGenerate.willGenerate(String[]) [cn.wensiqun.asmsupport.sample.core.operators.LogicalOperatorGenerate] At LogicalOperatorGenerate.java:[line 48] VA_FORMAT_STRING_USES_NEWLINE
[INFO] 


To see bug detail using the Spotbugs GUI, use the following command "mvn spotbugs:gui"



[INFO] 
[INFO] -------------------< cn.wensiqun:asmsupport-lesson >--------------------
[INFO] Building asmsupport-lesson 0.4.4                                   [9/9]
[INFO] --------------------------------[ jar ]---------------------------------
[INFO] 
[INFO] >>> spotbugs-maven-plugin:4.2.3-SNAPSHOT:check (default-cli) > :spotbugs @ asmsupport-lesson >>>
[INFO] 
[INFO] --- spotbugs-maven-plugin:4.2.3-SNAPSHOT:spotbugs (spotbugs) @ asmsupport-lesson ---
[INFO] 
[INFO] <<< spotbugs-maven-plugin:4.2.3-SNAPSHOT:check (default-cli) < :spotbugs @ asmsupport-lesson <<<
[INFO] 
[INFO] 
[INFO] --- spotbugs-maven-plugin:4.2.3-SNAPSHOT:check (default-cli) @ asmsupport-lesson ---
[INFO] ------------------------------------------------------------------------
[INFO] Reactor Summary for asmsupport 0.4.4:
[INFO] 
[INFO] asmsupport ......................................... SUCCESS [  0.927 s]
[INFO] asmsupport-third ................................... FAILURE [  4.501 s]
[INFO] asmsupport-standard ................................ FAILURE [  3.029 s]
[INFO] asmsupport-core .................................... FAILURE [  5.206 s]
[INFO] asmsupport-client .................................. FAILURE [  3.048 s]
[INFO] asmsupport-grammar ................................. FAILURE [  1.621 s]
[INFO] asmsupport-issues .................................. SUCCESS [  0.004 s]
[INFO] asmsupport-sample .................................. FAILURE [  3.349 s]
[INFO] asmsupport-lesson .................................. SUCCESS [  0.006 s]
[INFO] ------------------------------------------------------------------------
[INFO] BUILD FAILURE
[INFO] ------------------------------------------------------------------------
[INFO] Total time:  21.833 s
[INFO] Finished at: 2021-04-08T23:19:42+08:00
[INFO] ------------------------------------------------------------------------
[ERROR] Failed to execute goal com.github.spotbugs:spotbugs-maven-plugin:4.2.3-SNAPSHOT:check (default-cli) on project asmsupport-third: failed with 29 bugs and 0 errors -> [Help 1]
[ERROR] Failed to execute goal com.github.spotbugs:spotbugs-maven-plugin:4.2.3-SNAPSHOT:check (default-cli) on project asmsupport-standard: failed with 10 bugs and 0 errors -> [Help 1]
[ERROR] Failed to execute goal com.github.spotbugs:spotbugs-maven-plugin:4.2.3-SNAPSHOT:check (default-cli) on project asmsupport-core: failed with 56 bugs and 0 errors -> [Help 1]
[ERROR] Failed to execute goal com.github.spotbugs:spotbugs-maven-plugin:4.2.3-SNAPSHOT:check (default-cli) on project asmsupport-client: failed with 9 bugs and 0 errors -> [Help 1]
[ERROR] Failed to execute goal com.github.spotbugs:spotbugs-maven-plugin:4.2.3-SNAPSHOT:check (default-cli) on project asmsupport-grammar: failed with 6 bugs and 0 errors -> [Help 1]
[ERROR] Failed to execute goal com.github.spotbugs:spotbugs-maven-plugin:4.2.3-SNAPSHOT:check (default-cli) on project asmsupport-sample: failed with 53 bugs and 0 errors -> [Help 1]
[ERROR] 
[ERROR] To see the full stack trace of the errors, re-run Maven with the -e switch.
[ERROR] Re-run Maven using the -X switch to enable full debug logging.
[ERROR] 
[ERROR] For more information about the errors and possible solutions, please read the following articles:
[ERROR] [Help 1] http://cwiki.apache.org/confluence/display/MAVEN/MojoExecutionException
[ERROR] 
[ERROR] After correcting the problems, you can resume the build with the command
[ERROR]   mvn <args> -rf :asmsupport-third
[INFO] Build failures were ignored.
