WARNING: An illegal reflective access operation has occurred
WARNING: Illegal reflective access by com.google.inject.internal.cglib.core.$ReflectUtils$1 (file:/usr/share/maven/lib/guice.jar) to method java.lang.ClassLoader.defineClass(java.lang.String,byte[],int,int,java.security.ProtectionDomain)
WARNING: Please consider reporting this to the maintainers of com.google.inject.internal.cglib.core.$ReflectUtils$1
WARNING: Use --illegal-access=warn to enable warnings of further illegal reflective access operations
WARNING: All illegal access operations will be denied in a future release
[INFO] Scanning for projects...
[INFO] 
[INFO] -------------< com.github.jnidzwetzki:bitfinex-v2-wss-api >-------------
[INFO] Building Bitfinex v2 WSS API 0.7.8-snapshot
[INFO] --------------------------------[ jar ]---------------------------------
[INFO] 
[INFO] >>> spotbugs-maven-plugin:4.2.3-SNAPSHOT:check (default-cli) > :spotbugs @ bitfinex-v2-wss-api >>>
[INFO] 
[INFO] --- spotbugs-maven-plugin:4.2.3-SNAPSHOT:spotbugs (spotbugs) @ bitfinex-v2-wss-api ---
[INFO] Fork Value is true
[INFO] Done SpotBugs Analysis....
[INFO] 
[INFO] <<< spotbugs-maven-plugin:4.2.3-SNAPSHOT:check (default-cli) < :spotbugs @ bitfinex-v2-wss-api <<<
[INFO] 
[INFO] 
[INFO] --- spotbugs-maven-plugin:4.2.3-SNAPSHOT:check (default-cli) @ bitfinex-v2-wss-api ---
[INFO] BugInstance size is 54
[INFO] Error size is 0
[INFO] Total bugs: 54
[ERROR] Low: Exceptional return value of java.util.Queue.offer(Object) ignored in com.github.jnidzwetzki.bitfinex.v2.BitfinexApiCallbackListeners.onAuthenticationFailedEvent(Consumer) [com.github.jnidzwetzki.bitfinex.v2.BitfinexApiCallbackListeners] At BitfinexApiCallbackListeners.java:[line 255] RV_RETURN_VALUE_IGNORED_BAD_PRACTICE
[ERROR] Low: Exceptional return value of java.util.Queue.offer(Object) ignored in com.github.jnidzwetzki.bitfinex.v2.BitfinexApiCallbackListeners.onAuthenticationSuccessEvent(Consumer) [com.github.jnidzwetzki.bitfinex.v2.BitfinexApiCallbackListeners] At BitfinexApiCallbackListeners.java:[line 245] RV_RETURN_VALUE_IGNORED_BAD_PRACTICE
[ERROR] Low: Exceptional return value of java.util.Queue.offer(Object) ignored in com.github.jnidzwetzki.bitfinex.v2.BitfinexApiCallbackListeners.onBalanceUpdateEvent(BiConsumer) [com.github.jnidzwetzki.bitfinex.v2.BitfinexApiCallbackListeners] At BitfinexApiCallbackListeners.java:[line 225] RV_RETURN_VALUE_IGNORED_BAD_PRACTICE
[ERROR] Low: Exceptional return value of java.util.Queue.offer(Object) ignored in com.github.jnidzwetzki.bitfinex.v2.BitfinexApiCallbackListeners.onCandlesticksEvent(BiConsumer) [com.github.jnidzwetzki.bitfinex.v2.BitfinexApiCallbackListeners] At BitfinexApiCallbackListeners.java:[line 185] RV_RETURN_VALUE_IGNORED_BAD_PRACTICE
[ERROR] Low: Exceptional return value of java.util.Queue.offer(Object) ignored in com.github.jnidzwetzki.bitfinex.v2.BitfinexApiCallbackListeners.onConnectionFailed(Runnable) [com.github.jnidzwetzki.bitfinex.v2.BitfinexApiCallbackListeners] At BitfinexApiCallbackListeners.java:[line 95] RV_RETURN_VALUE_IGNORED_BAD_PRACTICE
[ERROR] Low: Exceptional return value of java.util.Queue.offer(Object) ignored in com.github.jnidzwetzki.bitfinex.v2.BitfinexApiCallbackListeners.onConnectionStateChange(Consumer) [com.github.jnidzwetzki.bitfinex.v2.BitfinexApiCallbackListeners] At BitfinexApiCallbackListeners.java:[line 75] RV_RETURN_VALUE_IGNORED_BAD_PRACTICE
[ERROR] Low: Exceptional return value of java.util.Queue.offer(Object) ignored in com.github.jnidzwetzki.bitfinex.v2.BitfinexApiCallbackListeners.onConnectionSuccess(Runnable) [com.github.jnidzwetzki.bitfinex.v2.BitfinexApiCallbackListeners] At BitfinexApiCallbackListeners.java:[line 85] RV_RETURN_VALUE_IGNORED_BAD_PRACTICE
[ERROR] Low: Exceptional return value of java.util.Queue.offer(Object) ignored in com.github.jnidzwetzki.bitfinex.v2.BitfinexApiCallbackListeners.onDisconnect(Runnable) [com.github.jnidzwetzki.bitfinex.v2.BitfinexApiCallbackListeners] At BitfinexApiCallbackListeners.java:[line 105] RV_RETURN_VALUE_IGNORED_BAD_PRACTICE
[ERROR] Low: Exceptional return value of java.util.Queue.offer(Object) ignored in com.github.jnidzwetzki.bitfinex.v2.BitfinexApiCallbackListeners.onExecutedTradeEvent(BiConsumer) [com.github.jnidzwetzki.bitfinex.v2.BitfinexApiCallbackListeners] At BitfinexApiCallbackListeners.java:[line 195] RV_RETURN_VALUE_IGNORED_BAD_PRACTICE
[ERROR] Low: Exceptional return value of java.util.Queue.offer(Object) ignored in com.github.jnidzwetzki.bitfinex.v2.BitfinexApiCallbackListeners.onMyOrderNotification(BiConsumer) [com.github.jnidzwetzki.bitfinex.v2.BitfinexApiCallbackListeners] At BitfinexApiCallbackListeners.java:[line 135] RV_RETURN_VALUE_IGNORED_BAD_PRACTICE
[ERROR] Low: Exceptional return value of java.util.Queue.offer(Object) ignored in com.github.jnidzwetzki.bitfinex.v2.BitfinexApiCallbackListeners.onMyPositionEvent(BiConsumer) [com.github.jnidzwetzki.bitfinex.v2.BitfinexApiCallbackListeners] At BitfinexApiCallbackListeners.java:[line 155] RV_RETURN_VALUE_IGNORED_BAD_PRACTICE
[ERROR] Low: Exceptional return value of java.util.Queue.offer(Object) ignored in com.github.jnidzwetzki.bitfinex.v2.BitfinexApiCallbackListeners.onMySubmittedOrderEvent(BiConsumer) [com.github.jnidzwetzki.bitfinex.v2.BitfinexApiCallbackListeners] At BitfinexApiCallbackListeners.java:[line 145] RV_RETURN_VALUE_IGNORED_BAD_PRACTICE
[ERROR] Low: Exceptional return value of java.util.Queue.offer(Object) ignored in com.github.jnidzwetzki.bitfinex.v2.BitfinexApiCallbackListeners.onMyTradeEvent(BiConsumer) [com.github.jnidzwetzki.bitfinex.v2.BitfinexApiCallbackListeners] At BitfinexApiCallbackListeners.java:[line 165] RV_RETURN_VALUE_IGNORED_BAD_PRACTICE
[ERROR] Low: Exceptional return value of java.util.Queue.offer(Object) ignored in com.github.jnidzwetzki.bitfinex.v2.BitfinexApiCallbackListeners.onMyWalletEvent(BiConsumer) [com.github.jnidzwetzki.bitfinex.v2.BitfinexApiCallbackListeners] At BitfinexApiCallbackListeners.java:[line 175] RV_RETURN_VALUE_IGNORED_BAD_PRACTICE
[ERROR] Low: Exceptional return value of java.util.Queue.offer(Object) ignored in com.github.jnidzwetzki.bitfinex.v2.BitfinexApiCallbackListeners.onOrderbookEvent(BiConsumer) [com.github.jnidzwetzki.bitfinex.v2.BitfinexApiCallbackListeners] At BitfinexApiCallbackListeners.java:[line 205] RV_RETURN_VALUE_IGNORED_BAD_PRACTICE
[ERROR] Low: Exceptional return value of java.util.Queue.offer(Object) ignored in com.github.jnidzwetzki.bitfinex.v2.BitfinexApiCallbackListeners.onRawOrderbookEvent(BiConsumer) [com.github.jnidzwetzki.bitfinex.v2.BitfinexApiCallbackListeners] At BitfinexApiCallbackListeners.java:[line 215] RV_RETURN_VALUE_IGNORED_BAD_PRACTICE
[ERROR] Low: Exceptional return value of java.util.Queue.offer(Object) ignored in com.github.jnidzwetzki.bitfinex.v2.BitfinexApiCallbackListeners.onSubscribeChannelEvent(Consumer) [com.github.jnidzwetzki.bitfinex.v2.BitfinexApiCallbackListeners] At BitfinexApiCallbackListeners.java:[line 115] RV_RETURN_VALUE_IGNORED_BAD_PRACTICE
[ERROR] Low: Exceptional return value of java.util.Queue.offer(Object) ignored in com.github.jnidzwetzki.bitfinex.v2.BitfinexApiCallbackListeners.onTickEvent(BiConsumer) [com.github.jnidzwetzki.bitfinex.v2.BitfinexApiCallbackListeners] At BitfinexApiCallbackListeners.java:[line 235] RV_RETURN_VALUE_IGNORED_BAD_PRACTICE
[ERROR] Low: Exceptional return value of java.util.Queue.offer(Object) ignored in com.github.jnidzwetzki.bitfinex.v2.BitfinexApiCallbackListeners.onUnsubscribeChannelEvent(Consumer) [com.github.jnidzwetzki.bitfinex.v2.BitfinexApiCallbackListeners] At BitfinexApiCallbackListeners.java:[line 125] RV_RETURN_VALUE_IGNORED_BAD_PRACTICE
[ERROR] Low: Unchecked/unconfirmed cast from com.github.jnidzwetzki.bitfinex.v2.BitfinexApiCallbackListeners to com.github.jnidzwetzki.bitfinex.v2.BitfinexApiCallbackRegistry of return value in new com.github.jnidzwetzki.bitfinex.v2.HeartbeatThread(BitfinexWebsocketClient, WebsocketClientEndpoint, Supplier) [com.github.jnidzwetzki.bitfinex.v2.HeartbeatThread] At HeartbeatThread.java:[line 99] BC_UNCONFIRMED_CAST_OF_RETURN_VALUE
[ERROR] Low: Exception is caught when Exception is not thrown in com.github.jnidzwetzki.bitfinex.v2.PooledBitfinexApiBroker.close() [com.github.jnidzwetzki.bitfinex.v2.PooledBitfinexApiBroker] At PooledBitfinexApiBroker.java:[line 118] REC_CATCH_EXCEPTION
[ERROR] Low: Exception is caught when Exception is not thrown in com.github.jnidzwetzki.bitfinex.v2.PooledBitfinexApiBroker.connect() [com.github.jnidzwetzki.bitfinex.v2.PooledBitfinexApiBroker] At PooledBitfinexApiBroker.java:[line 104] REC_CATCH_EXCEPTION
[ERROR] Low: Exception is caught when Exception is not thrown in com.github.jnidzwetzki.bitfinex.v2.PooledBitfinexApiBroker.reconnect() [com.github.jnidzwetzki.bitfinex.v2.PooledBitfinexApiBroker] At PooledBitfinexApiBroker.java:[line 170] REC_CATCH_EXCEPTION
[ERROR] Low: Exception is caught when Exception is not thrown in com.github.jnidzwetzki.bitfinex.v2.SimpleBitfinexApiBroker.connect() [com.github.jnidzwetzki.bitfinex.v2.SimpleBitfinexApiBroker] At SimpleBitfinexApiBroker.java:[line 332] REC_CATCH_EXCEPTION
[ERROR] Low: Exception is caught when Exception is not thrown in com.github.jnidzwetzki.bitfinex.v2.SimpleBitfinexApiBroker.reconnect() [com.github.jnidzwetzki.bitfinex.v2.SimpleBitfinexApiBroker] At SimpleBitfinexApiBroker.java:[line 462] REC_CATCH_EXCEPTION
[ERROR] Medium: Return value of java.util.concurrent.CountDownLatch.await(long, TimeUnit) ignored in com.github.jnidzwetzki.bitfinex.v2.SimpleBitfinexApiBroker.authenticateAndWait(CountDownLatch) [com.github.jnidzwetzki.bitfinex.v2.SimpleBitfinexApiBroker] At SimpleBitfinexApiBroker.java:[line 516] RV_RETURN_VALUE_IGNORED
[ERROR] Medium: Return value of java.util.concurrent.CountDownLatch.await(long, TimeUnit) ignored in com.github.jnidzwetzki.bitfinex.v2.SimpleBitfinexApiBroker.unsubscribeAllChannels() [com.github.jnidzwetzki.bitfinex.v2.SimpleBitfinexApiBroker] At SimpleBitfinexApiBroker.java:[line 730] RV_RETURN_VALUE_IGNORED
[ERROR] Medium: Return value of java.util.concurrent.CountDownLatch.await(long, TimeUnit) ignored in com.github.jnidzwetzki.bitfinex.v2.WebsocketClientEndpoint.connect() [com.github.jnidzwetzki.bitfinex.v2.WebsocketClientEndpoint] At WebsocketClientEndpoint.java:[line 99] RV_RETURN_VALUE_IGNORED
[ERROR] High: Comparison of String parameter using == or != in com.github.jnidzwetzki.bitfinex.v2.callback.channel.ExecutedTradeHandler.handleChannelData(String, JSONArray) [com.github.jnidzwetzki.bitfinex.v2.callback.channel.ExecutedTradeHandler] At ExecutedTradeHandler.java:[line 54] ES_COMPARING_PARAMETER_STRING_WITH_EQ
[ERROR] Low: Confusing to have methods com.github.jnidzwetzki.bitfinex.v2.callback.channel.OrderbookHandler.onOrderBookEvent(BiConsumer) and com.github.jnidzwetzki.bitfinex.v2.callback.channel.RawOrderbookHandler.onOrderbookEvent(BiConsumer) [com.github.jnidzwetzki.bitfinex.v2.callback.channel.OrderbookHandler] At OrderbookHandler.java:[lines 91-92] NM_CONFUSING
[ERROR] Medium: com.github.jnidzwetzki.bitfinex.v2.callback.command.SubscribedCallback.handleBookCallback(JSONObject) uses the same code for two branches [com.github.jnidzwetzki.bitfinex.v2.callback.command.SubscribedCallback, com.github.jnidzwetzki.bitfinex.v2.callback.command.SubscribedCallback] At SubscribedCallback.java:[line 80]At SubscribedCallback.java:[line 82] DB_DUPLICATE_BRANCHES
[ERROR] Low: UnsubscribedCallback.unsubscribedConsumer not initialized in constructor and dereferenced in com.github.jnidzwetzki.bitfinex.v2.callback.command.UnsubscribedCallback.handleChannelData(JSONObject) [com.github.jnidzwetzki.bitfinex.v2.callback.command.UnsubscribedCallback] At UnsubscribedCallback.java:[line 36] UWF_FIELD_NOT_INITIALIZED_IN_CONSTRUCTOR
[ERROR] Low: Use of non-localized String.toUpperCase() or String.toLowerCase() in com.github.jnidzwetzki.bitfinex.v2.command.AuthCommand.getCommand(BitfinexWebsocketClient) [com.github.jnidzwetzki.bitfinex.v2.command.AuthCommand] At AuthCommand.java:[line 72] DM_CONVERT_CASE
[ERROR] High: Found reliance on default encoding in com.github.jnidzwetzki.bitfinex.v2.command.AuthCommand.getCommand(BitfinexWebsocketClient): String.getBytes() [com.github.jnidzwetzki.bitfinex.v2.command.AuthCommand, com.github.jnidzwetzki.bitfinex.v2.command.AuthCommand] At AuthCommand.java:[line 62]Another occurrence at AuthCommand.java:[line 66] DM_DEFAULT_ENCODING
[ERROR] High: com.github.jnidzwetzki.bitfinex.v2.command.AuthCommand.AUTH_NONCE_PRODUCER_TIMESTAMP isn't final but should be [com.github.jnidzwetzki.bitfinex.v2.command.AuthCommand] At AuthCommand.java:[line 46] MS_SHOULD_BE_FINAL
[ERROR] Low: Exception is caught when Exception is not thrown in com.github.jnidzwetzki.bitfinex.v2.command.AuthCommand.getCommand(BitfinexWebsocketClient) [com.github.jnidzwetzki.bitfinex.v2.command.AuthCommand] At AuthCommand.java:[line 81] REC_CATCH_EXCEPTION
[ERROR] High: com.github.jnidzwetzki.bitfinex.v2.entity.BitfinexApiKeyPermissions.NO_PERMISSIONS isn't final but should be [com.github.jnidzwetzki.bitfinex.v2.entity.BitfinexApiKeyPermissions] At BitfinexApiKeyPermissions.java:[line 44] MS_SHOULD_BE_FINAL
[ERROR] Low: com.github.jnidzwetzki.bitfinex.v2.entity.BitfinexApiKeyPermissions.ALL_PERMISSIONS isn't final but should be [com.github.jnidzwetzki.bitfinex.v2.entity.BitfinexApiKeyPermissions] At BitfinexApiKeyPermissions.java:[line 50] MS_SHOULD_BE_FINAL
[ERROR] Low: Unread public/protected field: com.github.jnidzwetzki.bitfinex.v2.entity.BitfinexApiKeyPermissions.ALL_PERMISSIONS [com.github.jnidzwetzki.bitfinex.v2.entity.BitfinexApiKeyPermissions] At BitfinexApiKeyPermissions.java:[line 50] URF_UNREAD_PUBLIC_OR_PROTECTED_FIELD
[ERROR] Low: Use of non-localized String.toUpperCase() or String.toLowerCase() in com.github.jnidzwetzki.bitfinex.v2.entity.currency.BitfinexCurrencyPair.parseCurrencyType(Pair) [com.github.jnidzwetzki.bitfinex.v2.entity.currency.BitfinexCurrencyPair, com.github.jnidzwetzki.bitfinex.v2.entity.currency.BitfinexCurrencyPair, com.github.jnidzwetzki.bitfinex.v2.entity.currency.BitfinexCurrencyPair] At BitfinexCurrencyPair.java:[line 90]Another occurrence at BitfinexCurrencyPair.java:[line 92]Another occurrence at BitfinexCurrencyPair.java:[line 93] DM_CONVERT_CASE
[ERROR] Low: Use of non-localized String.toUpperCase() or String.toLowerCase() in com.github.jnidzwetzki.bitfinex.v2.entity.currency.BitfinexCurrencyPair.parsePair(String) [com.github.jnidzwetzki.bitfinex.v2.entity.currency.BitfinexCurrencyPair, com.github.jnidzwetzki.bitfinex.v2.entity.currency.BitfinexCurrencyPair, com.github.jnidzwetzki.bitfinex.v2.entity.currency.BitfinexCurrencyPair, com.github.jnidzwetzki.bitfinex.v2.entity.currency.BitfinexCurrencyPair] At BitfinexCurrencyPair.java:[line 113]Another occurrence at BitfinexCurrencyPair.java:[line 114]Another occurrence at BitfinexCurrencyPair.java:[line 119]Another occurrence at BitfinexCurrencyPair.java:[line 120] DM_CONVERT_CASE
[ERROR] Low: Exceptional return value of java.util.concurrent.ExecutorService.submit(Runnable) ignored in com.github.jnidzwetzki.bitfinex.v2.manager.BiConsumerCallbackManager.lambda$handleEvent$3(Object, Object, BiConsumer) [com.github.jnidzwetzki.bitfinex.v2.manager.BiConsumerCallbackManager] At BiConsumerCallbackManager.java:[line 119] RV_RETURN_VALUE_IGNORED_BAD_PRACTICE
[ERROR] Medium: Return value of java.util.concurrent.CountDownLatch.await(long, TimeUnit) ignored in com.github.jnidzwetzki.bitfinex.v2.manager.FutureOperation.waitForCompletion(long, TimeUnit) [com.github.jnidzwetzki.bitfinex.v2.manager.FutureOperation] At FutureOperation.java:[line 87] RV_RETURN_VALUE_IGNORED
[ERROR] Low: Exception is caught when Exception is not thrown in com.github.jnidzwetzki.bitfinex.v2.manager.OrderManager.cancelOrderOnAPI(long) [com.github.jnidzwetzki.bitfinex.v2.manager.OrderManager] At OrderManager.java:[line 281] REC_CATCH_EXCEPTION
[ERROR] Low: Exception is caught when Exception is not thrown in com.github.jnidzwetzki.bitfinex.v2.manager.OrderManager.placeOrderOrderOnAPI(BitfinexOrder) [com.github.jnidzwetzki.bitfinex.v2.manager.OrderManager] At OrderManager.java:[line 211] REC_CATCH_EXCEPTION
[ERROR] Medium: Return value of java.util.concurrent.CountDownLatch.await(long, TimeUnit) ignored in com.github.jnidzwetzki.bitfinex.v2.manager.OrderManager.cancelOrderOnAPI(long) [com.github.jnidzwetzki.bitfinex.v2.manager.OrderManager] At OrderManager.java:[line 274] RV_RETURN_VALUE_IGNORED
[ERROR] Medium: Return value of java.util.concurrent.CountDownLatch.await(long, TimeUnit) ignored in com.github.jnidzwetzki.bitfinex.v2.manager.OrderManager.placeOrderOrderOnAPI(BitfinexOrder) [com.github.jnidzwetzki.bitfinex.v2.manager.OrderManager] At OrderManager.java:[line 191] RV_RETURN_VALUE_IGNORED
[ERROR] Low: Exceptional return value of java.util.concurrent.ExecutorService.submit(Runnable) ignored in com.github.jnidzwetzki.bitfinex.v2.manager.SimpleCallbackManager.lambda$notifyCallbacks$1(Object, Consumer) [com.github.jnidzwetzki.bitfinex.v2.manager.SimpleCallbackManager] At SimpleCallbackManager.java:[line 79] RV_RETURN_VALUE_IGNORED_BAD_PRACTICE
[ERROR] Low: Use of non-localized String.toUpperCase() or String.toLowerCase() in com.github.jnidzwetzki.bitfinex.v2.symbol.BitfinexSymbols.candlesticks(String, String, BitfinexCandleTimeFrame) [com.github.jnidzwetzki.bitfinex.v2.symbol.BitfinexSymbols, com.github.jnidzwetzki.bitfinex.v2.symbol.BitfinexSymbols] At BitfinexSymbols.java:[line 69]Another occurrence at BitfinexSymbols.java:[line 70] DM_CONVERT_CASE
[ERROR] Low: Use of non-localized String.toUpperCase() or String.toLowerCase() in com.github.jnidzwetzki.bitfinex.v2.symbol.BitfinexSymbols.executedTrades(String, String) [com.github.jnidzwetzki.bitfinex.v2.symbol.BitfinexSymbols, com.github.jnidzwetzki.bitfinex.v2.symbol.BitfinexSymbols] At BitfinexSymbols.java:[line 95]Another occurrence at BitfinexSymbols.java:[line 96] DM_CONVERT_CASE
[ERROR] Low: Use of non-localized String.toUpperCase() or String.toLowerCase() in com.github.jnidzwetzki.bitfinex.v2.symbol.BitfinexSymbols.funding(String) [com.github.jnidzwetzki.bitfinex.v2.symbol.BitfinexSymbols] At BitfinexSymbols.java:[line 208] DM_CONVERT_CASE
[ERROR] Low: Use of non-localized String.toUpperCase() or String.toLowerCase() in com.github.jnidzwetzki.bitfinex.v2.symbol.BitfinexSymbols.orderBook(String, String, BitfinexOrderBookSymbol$Precision, BitfinexOrderBookSymbol$Frequency, int) [com.github.jnidzwetzki.bitfinex.v2.symbol.BitfinexSymbols, com.github.jnidzwetzki.bitfinex.v2.symbol.BitfinexSymbols] At BitfinexSymbols.java:[line 159]Another occurrence at BitfinexSymbols.java:[line 160] DM_CONVERT_CASE
[ERROR] Low: Use of non-localized String.toUpperCase() or String.toLowerCase() in com.github.jnidzwetzki.bitfinex.v2.symbol.BitfinexSymbols.rawOrderBook(String, String) [com.github.jnidzwetzki.bitfinex.v2.symbol.BitfinexSymbols, com.github.jnidzwetzki.bitfinex.v2.symbol.BitfinexSymbols] At BitfinexSymbols.java:[line 119]Another occurrence at BitfinexSymbols.java:[line 120] DM_CONVERT_CASE
[ERROR] Low: Use of non-localized String.toUpperCase() or String.toLowerCase() in com.github.jnidzwetzki.bitfinex.v2.symbol.BitfinexSymbols.ticker(String, String) [com.github.jnidzwetzki.bitfinex.v2.symbol.BitfinexSymbols, com.github.jnidzwetzki.bitfinex.v2.symbol.BitfinexSymbols] At BitfinexSymbols.java:[line 184]Another occurrence at BitfinexSymbols.java:[line 185] DM_CONVERT_CASE
[INFO] 


To see bug detail using the Spotbugs GUI, use the following command "mvn spotbugs:gui"



[INFO] ------------------------------------------------------------------------
[INFO] BUILD FAILURE
[INFO] ------------------------------------------------------------------------
[INFO] Total time:  5.704 s
[INFO] Finished at: 2021-04-08T23:18:52+08:00
[INFO] ------------------------------------------------------------------------
[ERROR] Failed to execute goal com.github.spotbugs:spotbugs-maven-plugin:4.2.3-SNAPSHOT:check (default-cli) on project bitfinex-v2-wss-api: failed with 54 bugs and 0 errors -> [Help 1]
[ERROR] 
[ERROR] To see the full stack trace of the errors, re-run Maven with the -e switch.
[ERROR] Re-run Maven using the -X switch to enable full debug logging.
[ERROR] 
[ERROR] For more information about the errors and possible solutions, please read the following articles:
[ERROR] [Help 1] http://cwiki.apache.org/confluence/display/MAVEN/MojoExecutionException
[INFO] Build failures were ignored.
