WARNING: An illegal reflective access operation has occurred
WARNING: Illegal reflective access by com.google.inject.internal.cglib.core.$ReflectUtils$1 (file:/usr/share/maven/lib/guice.jar) to method java.lang.ClassLoader.defineClass(java.lang.String,byte[],int,int,java.security.ProtectionDomain)
WARNING: Please consider reporting this to the maintainers of com.google.inject.internal.cglib.core.$ReflectUtils$1
WARNING: Use --illegal-access=warn to enable warnings of further illegal reflective access operations
WARNING: All illegal access operations will be denied in a future release
[INFO] Scanning for projects...
[INFO] 
[INFO] ---------------------< diamond.cms:cms-web-server >---------------------
[INFO] Building cms-web-server 0.0.1-SNAPSHOT
[INFO] --------------------------------[ jar ]---------------------------------
[INFO] 
[INFO] >>> spotbugs-maven-plugin:4.2.3-SNAPSHOT:check (default-cli) > :spotbugs @ cms-web-server >>>
[INFO] 
[INFO] --- spotbugs-maven-plugin:4.2.3-SNAPSHOT:spotbugs (spotbugs) @ cms-web-server ---
[INFO] Fork Value is true
[INFO] Done SpotBugs Analysis....
[INFO] 
[INFO] <<< spotbugs-maven-plugin:4.2.3-SNAPSHOT:check (default-cli) < :spotbugs @ cms-web-server <<<
[INFO] 
[INFO] 
[INFO] --- spotbugs-maven-plugin:4.2.3-SNAPSHOT:check (default-cli) @ cms-web-server ---
[INFO] BugInstance size is 75
[INFO] Error size is 0
[INFO] Total bugs: 75
[ERROR] Medium: The method name diamond.cms.server.config.WebConfig.JsonReturnHandler() doesn't start with a lower case letter [diamond.cms.server.config.WebConfig] At WebConfig.java:[line 42] NM_METHOD_NAMING_CONVENTION
[ERROR] Low: new diamond.cms.server.core.cache.MapCacheManagerImpl() invokes Thread.start() [diamond.cms.server.core.cache.MapCacheManagerImpl] At MapCacheManagerImpl.java:[line 43] SC_START_IN_CTOR
[ERROR] Low: Use of non-localized String.toUpperCase() or String.toLowerCase() in diamond.cms.server.dao.JOOQGenericDao.toCamelCase(String) [diamond.cms.server.dao.JOOQGenericDao] At JOOQGenericDao.java:[line 348] DM_CONVERT_CASE
[ERROR] Medium: diamond.cms.server.model.Article.getTagIds() may expose internal representation by returning Article.tagIds [diamond.cms.server.model.Article] At Article.java:[line 45] EI_EXPOSE_REP
[ERROR] Medium: diamond.cms.server.model.Article.setTagIds(String[]) may expose internal representation by storing an externally mutable object into Article.tagIds [diamond.cms.server.model.Article] At Article.java:[line 49] EI_EXPOSE_REP2
[ERROR] Medium: diamond.cms.server.model.jooq.Cms doesn't override org.jooq.impl.SchemaImpl.equals(Object) [diamond.cms.server.model.jooq.Cms] At Cms.java:[line 1] EQ_DOESNT_OVERRIDE_EQUALS
[ERROR] Medium: diamond.cms.server.model.jooq.DefaultCatalog doesn't override org.jooq.impl.CatalogImpl.equals(Object) [diamond.cms.server.model.jooq.DefaultCatalog] At DefaultCatalog.java:[line 1] EQ_DOESNT_OVERRIDE_EQUALS
[ERROR] Medium: diamond.cms.server.model.jooq.tables.CArticle doesn't override org.jooq.impl.TableImpl.equals(Object) [diamond.cms.server.model.jooq.tables.CArticle] At CArticle.java:[line 1] EQ_DOESNT_OVERRIDE_EQUALS
[ERROR] Medium: diamond.cms.server.model.jooq.tables.CArticleTag doesn't override org.jooq.impl.TableImpl.equals(Object) [diamond.cms.server.model.jooq.tables.CArticleTag] At CArticleTag.java:[line 1] EQ_DOESNT_OVERRIDE_EQUALS
[ERROR] Medium: diamond.cms.server.model.jooq.tables.CCatalog doesn't override org.jooq.impl.TableImpl.equals(Object) [diamond.cms.server.model.jooq.tables.CCatalog] At CCatalog.java:[line 1] EQ_DOESNT_OVERRIDE_EQUALS
[ERROR] Medium: diamond.cms.server.model.jooq.tables.CComment doesn't override org.jooq.impl.TableImpl.equals(Object) [diamond.cms.server.model.jooq.tables.CComment] At CComment.java:[line 1] EQ_DOESNT_OVERRIDE_EQUALS
[ERROR] Medium: diamond.cms.server.model.jooq.tables.CEmailConfig doesn't override org.jooq.impl.TableImpl.equals(Object) [diamond.cms.server.model.jooq.tables.CEmailConfig] At CEmailConfig.java:[line 1] EQ_DOESNT_OVERRIDE_EQUALS
[ERROR] Medium: diamond.cms.server.model.jooq.tables.CEmailSend doesn't override org.jooq.impl.TableImpl.equals(Object) [diamond.cms.server.model.jooq.tables.CEmailSend] At CEmailSend.java:[line 1] EQ_DOESNT_OVERRIDE_EQUALS
[ERROR] Medium: diamond.cms.server.model.jooq.tables.CGuest doesn't override org.jooq.impl.TableImpl.equals(Object) [diamond.cms.server.model.jooq.tables.CGuest] At CGuest.java:[line 1] EQ_DOESNT_OVERRIDE_EQUALS
[ERROR] Medium: diamond.cms.server.model.jooq.tables.CIpLocation doesn't override org.jooq.impl.TableImpl.equals(Object) [diamond.cms.server.model.jooq.tables.CIpLocation] At CIpLocation.java:[line 1] EQ_DOESNT_OVERRIDE_EQUALS
[ERROR] Medium: diamond.cms.server.model.jooq.tables.CKeyword doesn't override org.jooq.impl.TableImpl.equals(Object) [diamond.cms.server.model.jooq.tables.CKeyword] At CKeyword.java:[line 1] EQ_DOESNT_OVERRIDE_EQUALS
[ERROR] Medium: diamond.cms.server.model.jooq.tables.CPageView doesn't override org.jooq.impl.TableImpl.equals(Object) [diamond.cms.server.model.jooq.tables.CPageView] At CPageView.java:[line 1] EQ_DOESNT_OVERRIDE_EQUALS
[ERROR] Medium: diamond.cms.server.model.jooq.tables.CSetting doesn't override org.jooq.impl.TableImpl.equals(Object) [diamond.cms.server.model.jooq.tables.CSetting] At CSetting.java:[line 1] EQ_DOESNT_OVERRIDE_EQUALS
[ERROR] Medium: diamond.cms.server.model.jooq.tables.CTag doesn't override org.jooq.impl.TableImpl.equals(Object) [diamond.cms.server.model.jooq.tables.CTag] At CTag.java:[line 1] EQ_DOESNT_OVERRIDE_EQUALS
[ERROR] Medium: diamond.cms.server.model.jooq.tables.CUser doesn't override org.jooq.impl.TableImpl.equals(Object) [diamond.cms.server.model.jooq.tables.CUser] At CUser.java:[line 1] EQ_DOESNT_OVERRIDE_EQUALS
[ERROR] Medium: diamond.cms.server.model.jooq.tables.pojos.CArticlePojo.getCreateTime() may expose internal representation by returning CArticlePojo.createTime [diamond.cms.server.model.jooq.tables.pojos.CArticlePojo] At CArticlePojo.java:[line 139] EI_EXPOSE_REP
[ERROR] Medium: diamond.cms.server.model.jooq.tables.pojos.CArticlePojo.getUpdateTime() may expose internal representation by returning CArticlePojo.updateTime [diamond.cms.server.model.jooq.tables.pojos.CArticlePojo] At CArticlePojo.java:[line 149] EI_EXPOSE_REP
[ERROR] Medium: new diamond.cms.server.model.jooq.tables.pojos.CArticlePojo(String, String, String, String, Integer, Timestamp, Timestamp, String, String, String) may expose internal representation by storing an externally mutable object into CArticlePojo.createTime [diamond.cms.server.model.jooq.tables.pojos.CArticlePojo] At CArticlePojo.java:[line 74] EI_EXPOSE_REP2
[ERROR] Medium: new diamond.cms.server.model.jooq.tables.pojos.CArticlePojo(String, String, String, String, Integer, Timestamp, Timestamp, String, String, String) may expose internal representation by storing an externally mutable object into CArticlePojo.updateTime [diamond.cms.server.model.jooq.tables.pojos.CArticlePojo] At CArticlePojo.java:[line 75] EI_EXPOSE_REP2
[ERROR] Medium: diamond.cms.server.model.jooq.tables.pojos.CArticlePojo.setCreateTime(Timestamp) may expose internal representation by storing an externally mutable object into CArticlePojo.createTime [diamond.cms.server.model.jooq.tables.pojos.CArticlePojo] At CArticlePojo.java:[line 144] EI_EXPOSE_REP2
[ERROR] Medium: diamond.cms.server.model.jooq.tables.pojos.CArticlePojo.setUpdateTime(Timestamp) may expose internal representation by storing an externally mutable object into CArticlePojo.updateTime [diamond.cms.server.model.jooq.tables.pojos.CArticlePojo] At CArticlePojo.java:[line 154] EI_EXPOSE_REP2
[ERROR] Medium: diamond.cms.server.model.jooq.tables.pojos.CCatalogPojo.getCreateTime() may expose internal representation by returning CCatalogPojo.createTime [diamond.cms.server.model.jooq.tables.pojos.CCatalogPojo] At CCatalogPojo.java:[line 112] EI_EXPOSE_REP
[ERROR] Medium: diamond.cms.server.model.jooq.tables.pojos.CCatalogPojo.getUpdateTime() may expose internal representation by returning CCatalogPojo.updateTime [diamond.cms.server.model.jooq.tables.pojos.CCatalogPojo] At CCatalogPojo.java:[line 122] EI_EXPOSE_REP
[ERROR] Medium: new diamond.cms.server.model.jooq.tables.pojos.CCatalogPojo(String, String, Integer, String, Timestamp, Timestamp) may expose internal representation by storing an externally mutable object into CCatalogPojo.createTime [diamond.cms.server.model.jooq.tables.pojos.CCatalogPojo] At CCatalogPojo.java:[line 61] EI_EXPOSE_REP2
[ERROR] Medium: new diamond.cms.server.model.jooq.tables.pojos.CCatalogPojo(String, String, Integer, String, Timestamp, Timestamp) may expose internal representation by storing an externally mutable object into CCatalogPojo.updateTime [diamond.cms.server.model.jooq.tables.pojos.CCatalogPojo] At CCatalogPojo.java:[line 62] EI_EXPOSE_REP2
[ERROR] Medium: diamond.cms.server.model.jooq.tables.pojos.CCatalogPojo.setCreateTime(Timestamp) may expose internal representation by storing an externally mutable object into CCatalogPojo.createTime [diamond.cms.server.model.jooq.tables.pojos.CCatalogPojo] At CCatalogPojo.java:[line 117] EI_EXPOSE_REP2
[ERROR] Medium: diamond.cms.server.model.jooq.tables.pojos.CCatalogPojo.setUpdateTime(Timestamp) may expose internal representation by storing an externally mutable object into CCatalogPojo.updateTime [diamond.cms.server.model.jooq.tables.pojos.CCatalogPojo] At CCatalogPojo.java:[line 127] EI_EXPOSE_REP2
[ERROR] Medium: diamond.cms.server.model.jooq.tables.pojos.CCommentPojo.getCreateTime() may expose internal representation by returning CCommentPojo.createTime [diamond.cms.server.model.jooq.tables.pojos.CCommentPojo] At CCommentPojo.java:[line 156] EI_EXPOSE_REP
[ERROR] Medium: diamond.cms.server.model.jooq.tables.pojos.CCommentPojo.getUpdateTime() may expose internal representation by returning CCommentPojo.updateTime [diamond.cms.server.model.jooq.tables.pojos.CCommentPojo] At CCommentPojo.java:[line 166] EI_EXPOSE_REP
[ERROR] Medium: new diamond.cms.server.model.jooq.tables.pojos.CCommentPojo(String, String, String, String, String, Integer, Timestamp, Timestamp, String, String, Boolean) may expose internal representation by storing an externally mutable object into CCommentPojo.createTime [diamond.cms.server.model.jooq.tables.pojos.CCommentPojo] At CCommentPojo.java:[line 78] EI_EXPOSE_REP2
[ERROR] Medium: new diamond.cms.server.model.jooq.tables.pojos.CCommentPojo(String, String, String, String, String, Integer, Timestamp, Timestamp, String, String, Boolean) may expose internal representation by storing an externally mutable object into CCommentPojo.updateTime [diamond.cms.server.model.jooq.tables.pojos.CCommentPojo] At CCommentPojo.java:[line 79] EI_EXPOSE_REP2
[ERROR] Medium: diamond.cms.server.model.jooq.tables.pojos.CCommentPojo.setCreateTime(Timestamp) may expose internal representation by storing an externally mutable object into CCommentPojo.createTime [diamond.cms.server.model.jooq.tables.pojos.CCommentPojo] At CCommentPojo.java:[line 161] EI_EXPOSE_REP2
[ERROR] Medium: diamond.cms.server.model.jooq.tables.pojos.CCommentPojo.setUpdateTime(Timestamp) may expose internal representation by storing an externally mutable object into CCommentPojo.updateTime [diamond.cms.server.model.jooq.tables.pojos.CCommentPojo] At CCommentPojo.java:[line 171] EI_EXPOSE_REP2
[ERROR] Medium: diamond.cms.server.model.jooq.tables.pojos.CEmailConfigPojo.getCreateTime() may expose internal representation by returning CEmailConfigPojo.createTime [diamond.cms.server.model.jooq.tables.pojos.CEmailConfigPojo] At CEmailConfigPojo.java:[line 154] EI_EXPOSE_REP
[ERROR] Medium: new diamond.cms.server.model.jooq.tables.pojos.CEmailConfigPojo(String, String, Integer, Boolean, String, String, Boolean, Timestamp) may expose internal representation by storing an externally mutable object into CEmailConfigPojo.createTime [diamond.cms.server.model.jooq.tables.pojos.CEmailConfigPojo] At CEmailConfigPojo.java:[line 70] EI_EXPOSE_REP2
[ERROR] Medium: diamond.cms.server.model.jooq.tables.pojos.CEmailConfigPojo.setCreateTime(Timestamp) may expose internal representation by storing an externally mutable object into CEmailConfigPojo.createTime [diamond.cms.server.model.jooq.tables.pojos.CEmailConfigPojo] At CEmailConfigPojo.java:[line 159] EI_EXPOSE_REP2
[ERROR] Medium: diamond.cms.server.model.jooq.tables.pojos.CEmailSendPojo.getCreateTime() may expose internal representation by returning CEmailSendPojo.createTime [diamond.cms.server.model.jooq.tables.pojos.CEmailSendPojo] At CEmailSendPojo.java:[line 156] EI_EXPOSE_REP
[ERROR] Medium: new diamond.cms.server.model.jooq.tables.pojos.CEmailSendPojo(String, String, String, String, String, String, String, Timestamp) may expose internal representation by storing an externally mutable object into CEmailSendPojo.createTime [diamond.cms.server.model.jooq.tables.pojos.CEmailSendPojo] At CEmailSendPojo.java:[line 70] EI_EXPOSE_REP2
[ERROR] Medium: diamond.cms.server.model.jooq.tables.pojos.CEmailSendPojo.setCreateTime(Timestamp) may expose internal representation by storing an externally mutable object into CEmailSendPojo.createTime [diamond.cms.server.model.jooq.tables.pojos.CEmailSendPojo] At CEmailSendPojo.java:[line 161] EI_EXPOSE_REP2
[ERROR] Medium: diamond.cms.server.model.jooq.tables.pojos.CGuestPojo.getCreateTime() may expose internal representation by returning CGuestPojo.createTime [diamond.cms.server.model.jooq.tables.pojos.CGuestPojo] At CGuestPojo.java:[line 95] EI_EXPOSE_REP
[ERROR] Medium: diamond.cms.server.model.jooq.tables.pojos.CGuestPojo.getLoginTime() may expose internal representation by returning CGuestPojo.loginTime [diamond.cms.server.model.jooq.tables.pojos.CGuestPojo] At CGuestPojo.java:[line 105] EI_EXPOSE_REP
[ERROR] Medium: new diamond.cms.server.model.jooq.tables.pojos.CGuestPojo(String, String, Timestamp, Timestamp, String, String, String) may expose internal representation by storing an externally mutable object into CGuestPojo.createTime [diamond.cms.server.model.jooq.tables.pojos.CGuestPojo] At CGuestPojo.java:[line 62] EI_EXPOSE_REP2
[ERROR] Medium: new diamond.cms.server.model.jooq.tables.pojos.CGuestPojo(String, String, Timestamp, Timestamp, String, String, String) may expose internal representation by storing an externally mutable object into CGuestPojo.loginTime [diamond.cms.server.model.jooq.tables.pojos.CGuestPojo] At CGuestPojo.java:[line 63] EI_EXPOSE_REP2
[ERROR] Medium: diamond.cms.server.model.jooq.tables.pojos.CGuestPojo.setCreateTime(Timestamp) may expose internal representation by storing an externally mutable object into CGuestPojo.createTime [diamond.cms.server.model.jooq.tables.pojos.CGuestPojo] At CGuestPojo.java:[line 100] EI_EXPOSE_REP2
[ERROR] Medium: diamond.cms.server.model.jooq.tables.pojos.CGuestPojo.setLoginTime(Timestamp) may expose internal representation by storing an externally mutable object into CGuestPojo.loginTime [diamond.cms.server.model.jooq.tables.pojos.CGuestPojo] At CGuestPojo.java:[line 110] EI_EXPOSE_REP2
[ERROR] Medium: diamond.cms.server.model.jooq.tables.pojos.CPageViewPojo.getCreateTime() may expose internal representation by returning CPageViewPojo.createTime [diamond.cms.server.model.jooq.tables.pojos.CPageViewPojo] At CPageViewPojo.java:[line 146] EI_EXPOSE_REP
[ERROR] Medium: new diamond.cms.server.model.jooq.tables.pojos.CPageViewPojo(String, String, String, String, String, String, Timestamp, String, String) may expose internal representation by storing an externally mutable object into CPageViewPojo.createTime [diamond.cms.server.model.jooq.tables.pojos.CPageViewPojo] At CPageViewPojo.java:[line 72] EI_EXPOSE_REP2
[ERROR] Medium: diamond.cms.server.model.jooq.tables.pojos.CPageViewPojo.setCreateTime(Timestamp) may expose internal representation by storing an externally mutable object into CPageViewPojo.createTime [diamond.cms.server.model.jooq.tables.pojos.CPageViewPojo] At CPageViewPojo.java:[line 151] EI_EXPOSE_REP2
[ERROR] Medium: diamond.cms.server.model.jooq.tables.pojos.CUserPojo.getCreateTime() may expose internal representation by returning CUserPojo.createTime [diamond.cms.server.model.jooq.tables.pojos.CUserPojo] At CUserPojo.java:[line 128] EI_EXPOSE_REP
[ERROR] Medium: diamond.cms.server.model.jooq.tables.pojos.CUserPojo.getLastLoginTime() may expose internal representation by returning CUserPojo.lastLoginTime [diamond.cms.server.model.jooq.tables.pojos.CUserPojo] At CUserPojo.java:[line 138] EI_EXPOSE_REP
[ERROR] Medium: new diamond.cms.server.model.jooq.tables.pojos.CUserPojo(String, String, String, String, Long, Timestamp, Timestamp) may expose internal representation by storing an externally mutable object into CUserPojo.createTime [diamond.cms.server.model.jooq.tables.pojos.CUserPojo] At CUserPojo.java:[line 65] EI_EXPOSE_REP2
[ERROR] Medium: new diamond.cms.server.model.jooq.tables.pojos.CUserPojo(String, String, String, String, Long, Timestamp, Timestamp) may expose internal representation by storing an externally mutable object into CUserPojo.lastLoginTime [diamond.cms.server.model.jooq.tables.pojos.CUserPojo] At CUserPojo.java:[line 66] EI_EXPOSE_REP2
[ERROR] Medium: diamond.cms.server.model.jooq.tables.pojos.CUserPojo.setCreateTime(Timestamp) may expose internal representation by storing an externally mutable object into CUserPojo.createTime [diamond.cms.server.model.jooq.tables.pojos.CUserPojo] At CUserPojo.java:[line 133] EI_EXPOSE_REP2
[ERROR] Medium: diamond.cms.server.model.jooq.tables.pojos.CUserPojo.setLastLoginTime(Timestamp) may expose internal representation by storing an externally mutable object into CUserPojo.lastLoginTime [diamond.cms.server.model.jooq.tables.pojos.CUserPojo] At CUserPojo.java:[line 143] EI_EXPOSE_REP2
[ERROR] High: diamond.cms.server.mvc.aspect.CommentEmailNoticeAspect.COMMENT_NOTICE_TEMP isn't final but should be [diamond.cms.server.mvc.aspect.CommentEmailNoticeAspect] At CommentEmailNoticeAspect.java:[line 27] MS_SHOULD_BE_FINAL
[ERROR] High: diamond.cms.server.mvc.aspect.CommentEmailNoticeAspect.REPLY_NOTICE_TEMP isn't final but should be [diamond.cms.server.mvc.aspect.CommentEmailNoticeAspect] At CommentEmailNoticeAspect.java:[line 28] MS_SHOULD_BE_FINAL
[ERROR] Medium: HTTP parameter directly written to HTTP header output in diamond.cms.server.mvc.interceptor.CORSInterceptor.preHandle(HttpServletRequest, HttpServletResponse, Object) [diamond.cms.server.mvc.interceptor.CORSInterceptor, diamond.cms.server.mvc.interceptor.CORSInterceptor] At CORSInterceptor.java:[line 17]Another occurrence at CORSInterceptor.java:[line 19] HRS_REQUEST_PARAMETER_TO_HTTP_HEADER
[ERROR] Low: Exception is caught when Exception is not thrown in diamond.cms.server.services.EmailSendService.sendEmail(String, String, String, String, Optional) [diamond.cms.server.services.EmailSendService] At EmailSendService.java:[line 33] REC_CATCH_EXCEPTION
[ERROR] Medium: diamond.cms.server.services.GenericService.save(Object) might ignore java.lang.Exception [diamond.cms.server.services.GenericService, diamond.cms.server.services.GenericService] At GenericService.java:[line 42]At GenericService.java:[line 42] DE_MIGHT_IGNORE
[ERROR] Medium: Exception is caught when Exception is not thrown in diamond.cms.server.services.GenericService.save(Object) [diamond.cms.server.services.GenericService] At GenericService.java:[line 42] REC_CATCH_EXCEPTION
[ERROR] Medium: Unread field: diamond.cms.server.services.GithubAuth2Service.log [diamond.cms.server.services.GithubAuth2Service] At GithubAuth2Service.java:[line 27] URF_UNREAD_FIELD
[ERROR] Low: Unread field: diamond.cms.server.services.GithubAuth2Service.AUTH2_URL [diamond.cms.server.services.GithubAuth2Service] At GithubAuth2Service.java:[line 29] URF_UNREAD_FIELD
[ERROR] Low: The class diamond.cms.server.services.UserService$1 could be refactored into a named _static_ inner class [diamond.cms.server.services.UserService] At UserService.java:[line 92] SIC_INNER_SHOULD_BE_STATIC_ANON
[ERROR] Medium: diamond.cms.server.utils.EmailUtils.removeCryptographyRestrictions() might ignore java.lang.Exception [diamond.cms.server.utils.EmailUtils, diamond.cms.server.utils.EmailUtils] At EmailUtils.java:[line 101]At EmailUtils.java:[line 101] DE_MIGHT_IGNORE
[ERROR] Low: Invocation of reflect.Field.setAccessible(boolean), which should be invoked from within a doPrivileged block, in diamond.cms.server.utils.EmailUtils.removeCryptographyRestrictions() [diamond.cms.server.utils.EmailUtils, diamond.cms.server.utils.EmailUtils, diamond.cms.server.utils.EmailUtils, diamond.cms.server.utils.EmailUtils, diamond.cms.server.utils.EmailUtils] At EmailUtils.java:[line 83]Another occurrence at EmailUtils.java:[line 85]Another occurrence at EmailUtils.java:[line 90]Another occurrence at EmailUtils.java:[line 94]Another occurrence at EmailUtils.java:[line 98] DP_DO_INSIDE_DO_PRIVILEGED
[ERROR] Medium: Exception is caught when Exception is not thrown in diamond.cms.server.utils.EmailUtils.removeCryptographyRestrictions() [diamond.cms.server.utils.EmailUtils] At EmailUtils.java:[line 101] REC_CATCH_EXCEPTION
[ERROR] High: Found reliance on default encoding in diamond.cms.server.utils.PwdUtils.md5(String): String.getBytes() [diamond.cms.server.utils.PwdUtils] At PwdUtils.java:[line 15] DM_DEFAULT_ENCODING
[ERROR] Low: Use of non-localized String.toUpperCase() or String.toLowerCase() in diamond.cms.server.utils.TemplateRenderUtil.lambda$render$2(Object, Map, Method) [diamond.cms.server.utils.TemplateRenderUtil] At TemplateRenderUtil.java:[line 74] DM_CONVERT_CASE
[ERROR] High: Found reliance on default encoding in diamond.cms.server.utils.TemplateRenderUtil.render(InputStream, Object): new java.io.InputStreamReader(InputStream) [diamond.cms.server.utils.TemplateRenderUtil] At TemplateRenderUtil.java:[line 42] DM_DEFAULT_ENCODING
[ERROR] Low: Exception is caught when Exception is not thrown in diamond.cms.server.utils.TemplateRenderUtil.lambda$render$2(Object, Map, Method) [diamond.cms.server.utils.TemplateRenderUtil] At TemplateRenderUtil.java:[line 79] REC_CATCH_EXCEPTION
[INFO] 


To see bug detail using the Spotbugs GUI, use the following command "mvn spotbugs:gui"



[INFO] ------------------------------------------------------------------------
[INFO] BUILD FAILURE
[INFO] ------------------------------------------------------------------------
[INFO] Total time:  8.566 s
[INFO] Finished at: 2021-04-08T23:22:05+08:00
[INFO] ------------------------------------------------------------------------
[ERROR] Failed to execute goal com.github.spotbugs:spotbugs-maven-plugin:4.2.3-SNAPSHOT:check (default-cli) on project cms-web-server: failed with 75 bugs and 0 errors -> [Help 1]
[ERROR] 
[ERROR] To see the full stack trace of the errors, re-run Maven with the -e switch.
[ERROR] Re-run Maven using the -X switch to enable full debug logging.
[ERROR] 
[ERROR] For more information about the errors and possible solutions, please read the following articles:
[ERROR] [Help 1] http://cwiki.apache.org/confluence/display/MAVEN/MojoExecutionException
[INFO] Build failures were ignored.
