WARNING: An illegal reflective access operation has occurred
WARNING: Illegal reflective access by com.google.inject.internal.cglib.core.$ReflectUtils$1 (file:/usr/share/maven/lib/guice.jar) to method java.lang.ClassLoader.defineClass(java.lang.String,byte[],int,int,java.security.ProtectionDomain)
WARNING: Please consider reporting this to the maintainers of com.google.inject.internal.cglib.core.$ReflectUtils$1
WARNING: Use --illegal-access=warn to enable warnings of further illegal reflective access operations
WARNING: All illegal access operations will be denied in a future release
[INFO] Scanning for projects...
[INFO] 
[INFO] -----------------------< com.flyer:flyer-maker >------------------------
[INFO] Building flyer-maker 0.0.1
[INFO] --------------------------------[ jar ]---------------------------------
[INFO] 
[INFO] >>> spotbugs-maven-plugin:4.2.3-SNAPSHOT:check (default-cli) > :spotbugs @ flyer-maker >>>
[INFO] 
[INFO] --- spotbugs-maven-plugin:4.2.3-SNAPSHOT:spotbugs (spotbugs) @ flyer-maker ---
[INFO] Fork Value is true
[INFO] Done SpotBugs Analysis....
[INFO] 
[INFO] <<< spotbugs-maven-plugin:4.2.3-SNAPSHOT:check (default-cli) < :spotbugs @ flyer-maker <<<
[INFO] 
[INFO] 
[INFO] --- spotbugs-maven-plugin:4.2.3-SNAPSHOT:check (default-cli) @ flyer-maker ---
[INFO] BugInstance size is 34
[INFO] Error size is 0
[INFO] Total bugs: 34
[ERROR] Medium: com.flyer.maker.base.Config.author isn't final and can't be protected from malicious code [com.flyer.maker.base.Config] At Config.java:[line 12] MS_CANNOT_BE_FINAL
[ERROR] Medium: com.flyer.maker.base.Config.mysqlJdbcUrl isn't final and can't be protected from malicious code [com.flyer.maker.base.Config] At Config.java:[line 20] MS_CANNOT_BE_FINAL
[ERROR] Medium: com.flyer.maker.base.Config.mysqlPassword isn't final and can't be protected from malicious code [com.flyer.maker.base.Config] At Config.java:[line 22] MS_CANNOT_BE_FINAL
[ERROR] Medium: com.flyer.maker.base.Config.mysqlUsername isn't final and can't be protected from malicious code [com.flyer.maker.base.Config] At Config.java:[line 21] MS_CANNOT_BE_FINAL
[ERROR] Medium: com.flyer.maker.base.Config.projectArtifactId isn't final and can't be protected from malicious code [com.flyer.maker.base.Config] At Config.java:[line 17] MS_CANNOT_BE_FINAL
[ERROR] Medium: com.flyer.maker.base.Config.projectGroupId isn't final and can't be protected from malicious code [com.flyer.maker.base.Config] At Config.java:[line 16] MS_CANNOT_BE_FINAL
[ERROR] Medium: com.flyer.maker.base.Config.projectPackage isn't final and can't be protected from malicious code [com.flyer.maker.base.Config] At Config.java:[line 18] MS_CANNOT_BE_FINAL
[ERROR] Medium: com.flyer.maker.base.Config.projectType isn't final and can't be protected from malicious code [com.flyer.maker.base.Config] At Config.java:[line 15] MS_CANNOT_BE_FINAL
[ERROR] Medium: com.flyer.maker.base.Config.targetDir isn't final and can't be protected from malicious code [com.flyer.maker.base.Config] At Config.java:[line 13] MS_CANNOT_BE_FINAL
[ERROR] High: com.flyer.maker.base.Config.columnExcludeList isn't final but should be [com.flyer.maker.base.Config] At Config.java:[line 27] MS_SHOULD_BE_FINAL
[ERROR] High: com.flyer.maker.base.Config.tableExcludeList isn't final but should be [com.flyer.maker.base.Config] At Config.java:[line 26] MS_SHOULD_BE_FINAL
[ERROR] High: com.flyer.maker.base.Config.tableIncludeList isn't final but should be [com.flyer.maker.base.Config] At Config.java:[line 25] MS_SHOULD_BE_FINAL
[ERROR] Medium: com.flyer.maker.base.ConfigSupport.properties should be package protected [com.flyer.maker.base.ConfigSupport] At ConfigSupport.java:[line 20] MS_PKGPROTECT
[ERROR] Medium: com.flyer.maker.base.ConfigSupport.loadConfigFromFile(File) may fail to clean up java.io.InputStream [com.flyer.maker.base.ConfigSupport, com.flyer.maker.base.ConfigSupport, com.flyer.maker.base.ConfigSupport, com.flyer.maker.base.ConfigSupport, com.flyer.maker.base.ConfigSupport, com.flyer.maker.base.ConfigSupport, com.flyer.maker.base.ConfigSupport, com.flyer.maker.base.ConfigSupport] Obligation to clean up resource created at ConfigSupport.java:[line 38] is not dischargedPath continues at ConfigSupport.java:[line 39]Path continues at ConfigSupport.java:[line 40]Path continues at ConfigSupport.java:[line 41]Path continues at ConfigSupport.java:[line 42]Path continues at ConfigSupport.java:[line 43]Path continues at ConfigSupport.java:[line 46]Path continues at ConfigSupport.java:[line 47] OBL_UNSATISFIED_OBLIGATION
[ERROR] Medium: com.flyer.maker.base.ConfigSupport.loadConfigFromFile(File) may fail to close stream [com.flyer.maker.base.ConfigSupport] At ConfigSupport.java:[line 38] OS_OPEN_STREAM
[ERROR] Low: Exception is caught when Exception is not thrown in com.flyer.maker.base.ConfigSupport.loadConfigFromFile(File) [com.flyer.maker.base.ConfigSupport] At ConfigSupport.java:[line 44] REC_CATCH_EXCEPTION
[ERROR] Medium: Incorrect lazy initialization and update of static field com.flyer.maker.freemarker.FreemarkerConfig.config in com.flyer.maker.freemarker.FreemarkerConfig.getConfiguration() [com.flyer.maker.freemarker.FreemarkerConfig] At FreemarkerConfig.java:[lines 18-19] LI_LAZY_INIT_UPDATE_STATIC
[ERROR] Low: Use of non-localized String.toUpperCase() or String.toLowerCase() in com.flyer.maker.parser.impl.MySQLParser.getField(String, String) [com.flyer.maker.parser.impl.MySQLParser, com.flyer.maker.parser.impl.MySQLParser, com.flyer.maker.parser.impl.MySQLParser, com.flyer.maker.parser.impl.MySQLParser] At MySQLParser.java:[line 89]Another occurrence at MySQLParser.java:[line 92]Another occurrence at MySQLParser.java:[line 93]Another occurrence at MySQLParser.java:[line 103] DM_CONVERT_CASE
[ERROR] Low: Use of non-localized String.toUpperCase() or String.toLowerCase() in com.flyer.maker.parser.impl.MySQLParser.parseDatabase() [com.flyer.maker.parser.impl.MySQLParser] At MySQLParser.java:[line 50] DM_CONVERT_CASE
[ERROR] Medium: com.flyer.maker.parser.impl.MySQLParser.getField(String, String) may fail to clean up java.sql.ResultSet [com.flyer.maker.parser.impl.MySQLParser, com.flyer.maker.parser.impl.MySQLParser, com.flyer.maker.parser.impl.MySQLParser, com.flyer.maker.parser.impl.MySQLParser] Obligation to clean up resource created at MySQLParser.java:[line 81] is not dischargedPath continues at MySQLParser.java:[line 82]Path continues at MySQLParser.java:[line 83]Path continues at MySQLParser.java:[line 106] OBL_UNSATISFIED_OBLIGATION
[ERROR] Medium: com.flyer.maker.parser.impl.MySQLParser.getField(String, String) may fail to clean up java.sql.Statement [com.flyer.maker.parser.impl.MySQLParser, com.flyer.maker.parser.impl.MySQLParser, com.flyer.maker.parser.impl.MySQLParser, com.flyer.maker.parser.impl.MySQLParser, com.flyer.maker.parser.impl.MySQLParser] Obligation to clean up resource created at MySQLParser.java:[line 80] is not dischargedPath continues at MySQLParser.java:[line 81]Path continues at MySQLParser.java:[line 82]Path continues at MySQLParser.java:[line 83]Path continues at MySQLParser.java:[line 106] OBL_UNSATISFIED_OBLIGATION
[ERROR] Medium: com.flyer.maker.parser.impl.MySQLParser.parseDatabase() may fail to clean up java.sql.ResultSet [com.flyer.maker.parser.impl.MySQLParser, com.flyer.maker.parser.impl.MySQLParser, com.flyer.maker.parser.impl.MySQLParser, com.flyer.maker.parser.impl.MySQLParser, com.flyer.maker.parser.impl.MySQLParser] Obligation to clean up resource created at MySQLParser.java:[line 46] is not dischargedPath continues at MySQLParser.java:[line 47]Path continues at MySQLParser.java:[line 49]Path continues at MySQLParser.java:[line 72]Path continues at MySQLParser.java:[line 73] OBL_UNSATISFIED_OBLIGATION
[ERROR] Medium: com.flyer.maker.parser.impl.MySQLParser.parseDatabase() may fail to clean up java.sql.Statement [com.flyer.maker.parser.impl.MySQLParser, com.flyer.maker.parser.impl.MySQLParser, com.flyer.maker.parser.impl.MySQLParser, com.flyer.maker.parser.impl.MySQLParser, com.flyer.maker.parser.impl.MySQLParser, com.flyer.maker.parser.impl.MySQLParser, com.flyer.maker.parser.impl.MySQLParser] Obligation to clean up resource created at MySQLParser.java:[line 42] is not dischargedPath continues at MySQLParser.java:[line 43]Path continues at MySQLParser.java:[line 46]Path continues at MySQLParser.java:[line 47]Path continues at MySQLParser.java:[line 49]Path continues at MySQLParser.java:[line 72]Path continues at MySQLParser.java:[line 73] OBL_UNSATISFIED_OBLIGATION
[ERROR] Medium: com.flyer.maker.parser.impl.MySQLParser.getField(String, String) may fail to close Statement [com.flyer.maker.parser.impl.MySQLParser] At MySQLParser.java:[line 80] ODR_OPEN_DATABASE_RESOURCE
[ERROR] Medium: com.flyer.maker.parser.impl.MySQLParser.parseDatabase() may fail to close Statement [com.flyer.maker.parser.impl.MySQLParser] At MySQLParser.java:[line 42] ODR_OPEN_DATABASE_RESOURCE
[ERROR] High: com.flyer.maker.parser.impl.MySQLParser.getField(String, String) passes a nonconstant String to an execute or addBatch method on an SQL statement [com.flyer.maker.parser.impl.MySQLParser] At MySQLParser.java:[line 81] SQL_NONCONSTANT_STRING_PASSED_TO_EXECUTE
[ERROR] High: com.flyer.maker.parser.impl.MySQLParser.parseDatabase() passes a nonconstant String to an execute or addBatch method on an SQL statement [com.flyer.maker.parser.impl.MySQLParser] At MySQLParser.java:[line 46] SQL_NONCONSTANT_STRING_PASSED_TO_EXECUTE
[ERROR] Low: Use of non-localized String.toUpperCase() or String.toLowerCase() in com.flyer.maker.utils.FormatUtil.formatBClassName(String) [com.flyer.maker.utils.FormatUtil] At FormatUtil.java:[line 45] DM_CONVERT_CASE
[ERROR] Low: Use of non-localized String.toUpperCase() or String.toLowerCase() in com.flyer.maker.utils.FormatUtil.formatBField(String) [com.flyer.maker.utils.FormatUtil] At FormatUtil.java:[line 26] DM_CONVERT_CASE
[ERROR] Low: Use of non-localized String.toUpperCase() or String.toLowerCase() in com.flyer.maker.utils.FormatUtil.formatClassName(String) [com.flyer.maker.utils.FormatUtil] At FormatUtil.java:[line 34] DM_CONVERT_CASE
[ERROR] Low: Use of non-localized String.toUpperCase() or String.toLowerCase() in com.flyer.maker.utils.FormatUtil.formatField(String) [com.flyer.maker.utils.FormatUtil, com.flyer.maker.utils.FormatUtil, com.flyer.maker.utils.FormatUtil] At FormatUtil.java:[line 12]Another occurrence at FormatUtil.java:[line 16]Another occurrence at FormatUtil.java:[line 18] DM_CONVERT_CASE
[ERROR] Low: Use of non-localized String.toUpperCase() or String.toLowerCase() in com.flyer.maker.utils.FormatUtil.formatResource(String) [com.flyer.maker.utils.FormatUtil] At FormatUtil.java:[line 50] DM_CONVERT_CASE
[ERROR] Medium: com.flyer.maker.utils.FormatUtil.formatField(String) concatenates strings using + in a loop [com.flyer.maker.utils.FormatUtil] At FormatUtil.java:[line 19] SBSC_USE_STRINGBUFFER_CONCATENATION
[ERROR] Low: com.flyer.maker.utils.GU.generateFile(String, String, Map) may fail to close stream on exception [com.flyer.maker.utils.GU] At GU.java:[line 74] OS_OPEN_STREAM_EXCEPTION_PATH
[INFO] 


To see bug detail using the Spotbugs GUI, use the following command "mvn spotbugs:gui"



[INFO] ------------------------------------------------------------------------
[INFO] BUILD FAILURE
[INFO] ------------------------------------------------------------------------
[INFO] Total time:  4.154 s
[INFO] Finished at: 2021-04-08T23:05:43+08:00
[INFO] ------------------------------------------------------------------------
[ERROR] Failed to execute goal com.github.spotbugs:spotbugs-maven-plugin:4.2.3-SNAPSHOT:check (default-cli) on project flyer-maker: failed with 34 bugs and 0 errors -> [Help 1]
[ERROR] 
[ERROR] To see the full stack trace of the errors, re-run Maven with the -e switch.
[ERROR] Re-run Maven using the -X switch to enable full debug logging.
[ERROR] 
[ERROR] For more information about the errors and possible solutions, please read the following articles:
[ERROR] [Help 1] http://cwiki.apache.org/confluence/display/MAVEN/MojoExecutionException
[INFO] Build failures were ignored.
