WARNING: An illegal reflective access operation has occurred
WARNING: Illegal reflective access by com.google.inject.internal.cglib.core.$ReflectUtils$1 (file:/usr/share/maven/lib/guice.jar) to method java.lang.ClassLoader.defineClass(java.lang.String,byte[],int,int,java.security.ProtectionDomain)
WARNING: Please consider reporting this to the maintainers of com.google.inject.internal.cglib.core.$ReflectUtils$1
WARNING: Use --illegal-access=warn to enable warnings of further illegal reflective access operations
WARNING: All illegal access operations will be denied in a future release
[INFO] Scanning for projects...
[WARNING] 
[WARNING] Some problems were encountered while building the effective model for com.gu:gchisto:jar:1.0.1-SNAPSHOT
[WARNING] 'build.plugins.plugin.version' for org.apache.maven.plugins:maven-compiler-plugin is missing. @ line 72, column 15
[WARNING] 'build.plugins.plugin.version' for org.apache.maven.plugins:maven-jar-plugin is missing. @ line 41, column 15
[WARNING] 
[WARNING] It is highly recommended to fix these problems because they threaten the stability of your build.
[WARNING] 
[WARNING] For this reason, future Maven versions might no longer support building such malformed projects.
[WARNING] 
[INFO] 
[INFO] ---------------------------< com.gu:gchisto >---------------------------
[INFO] Building GChisto 1.0.1-SNAPSHOT
[INFO] --------------------------------[ jar ]---------------------------------
[INFO] 
[INFO] >>> spotbugs-maven-plugin:4.2.3-SNAPSHOT:check (default-cli) > :spotbugs @ gchisto >>>
[INFO] 
[INFO] --- spotbugs-maven-plugin:4.2.3-SNAPSHOT:spotbugs (spotbugs) @ gchisto ---
[INFO] Fork Value is true
[INFO] Done SpotBugs Analysis....
[INFO] 
[INFO] <<< spotbugs-maven-plugin:4.2.3-SNAPSHOT:check (default-cli) < :spotbugs @ gchisto <<<
[INFO] 
[INFO] 
[INFO] --- spotbugs-maven-plugin:4.2.3-SNAPSHOT:check (default-cli) @ gchisto ---
[INFO] BugInstance size is 105
[INFO] Error size is 0
[INFO] Total bugs: 105
[ERROR] Medium: gchisto.gcactivity.GCActivitySet doesn't override java.util.ArrayList.equals(Object) [gchisto.gcactivity.GCActivitySet] At GCActivitySet.java:[line 1] EQ_DOESNT_OVERRIDE_EQUALS
[ERROR] Medium: Class gchisto.gcactivity.GCActivitySet defines non-transient non-serializable instance field numberSeq [gchisto.gcactivity.GCActivitySet] In GCActivitySet.java SE_BAD_FIELD
[ERROR] Low: gchisto.gcactivity.GCActivitySet is Serializable; consider declaring a serialVersionUID [gchisto.gcactivity.GCActivitySet] At GCActivitySet.java:[lines 45-99] SE_NO_SERIALVERSIONID
[ERROR] Low: gchisto.gctrace.GCActivityNames is Serializable; consider declaring a serialVersionUID [gchisto.gctrace.GCActivityNames] At GCActivityNames.java:[lines 40-69] SE_NO_SERIALVERSIONID
[ERROR] Medium: gchisto.gctrace.GCTrace.getAddedDate() may expose internal representation by returning GCTrace.addedDate [gchisto.gctrace.GCTrace] At GCTrace.java:[line 125] EI_EXPOSE_REP
[ERROR] Medium: gchisto.gctrace.GCTrace.setAddedDate(Date) may expose internal representation by storing an externally mutable object into GCTrace.addedDate [gchisto.gctrace.GCTrace] At GCTrace.java:[line 182] EI_EXPOSE_REP2
[ERROR] Low: Inconsistent synchronization of gchisto.gctrace.GCTrace.lastTimeStampSec; locked 50% of time [gchisto.gctrace.GCTrace, gchisto.gctrace.GCTrace] Unsynchronized access at GCTrace.java:[line 142]Synchronized access at GCTrace.java:[line 253] IS2_INCONSISTENT_SYNC
[ERROR] Medium: Inconsistent synchronization of gchisto.gctrace.GCTraceCheckpoint.allSize; locked 50% of time [gchisto.gctrace.GCTraceCheckpoint, gchisto.gctrace.GCTraceCheckpoint, gchisto.gctrace.GCTraceCheckpoint, gchisto.gctrace.GCTraceCheckpoint] Unsynchronized access at GCTraceCheckpoint.java:[line 76]Unsynchronized access at GCTraceCheckpoint.java:[line 85]Synchronized access at GCTraceCheckpoint.java:[line 50]Synchronized access at GCTraceCheckpoint.java:[line 56] IS2_INCONSISTENT_SYNC
[ERROR] Low: Inconsistent synchronization of gchisto.gctrace.GCTraceCheckpoint.prevAllSize; locked 50% of time [gchisto.gctrace.GCTraceCheckpoint, gchisto.gctrace.GCTraceCheckpoint] Unsynchronized access at GCTraceCheckpoint.java:[line 72]Synchronized access at GCTraceCheckpoint.java:[line 50] IS2_INCONSISTENT_SYNC
[ERROR] Medium: Class gchisto.gctrace.GCTraceSet defines non-transient non-serializable instance field listeners [gchisto.gctrace.GCTraceSet] In GCTraceSet.java SE_BAD_FIELD
[ERROR] Low: gchisto.gctrace.GCTraceSet is Serializable; consider declaring a serialVersionUID [gchisto.gctrace.GCTraceSet] At GCTraceSet.java:[lines 48-344] SE_NO_SERIALVERSIONID
[ERROR] Low: Class gchisto.gctracegenerator.GCTraceGeneratorSet defines non-transient non-serializable instance field gcTraceGeneratorForFiles [gchisto.gctracegenerator.GCTraceGeneratorSet] In GCTraceGeneratorSet.java SE_BAD_FIELD
[ERROR] Low: gchisto.gctracegenerator.GCTraceGeneratorSet is Serializable; consider declaring a serialVersionUID [gchisto.gctracegenerator.GCTraceGeneratorSet] At GCTraceGeneratorSet.java:[lines 32-74] SE_NO_SERIALVERSIONID
[ERROR] Medium: Naked notify in gchisto.gctracegenerator.file.DynamicFileGCTrace.finished() [gchisto.gctracegenerator.file.DynamicFileGCTrace] At DynamicFileGCTrace.java:[line 264] NN_NAKED_NOTIFY
[ERROR] Medium: Naked notify in gchisto.gctracegenerator.file.DynamicFileGCTrace.shouldFinish() [gchisto.gctracegenerator.file.DynamicFileGCTrace] At DynamicFileGCTrace.java:[line 252] NN_NAKED_NOTIFY
[ERROR] Medium: Naked notify in gchisto.gctracegenerator.file.DynamicFileGCTrace.unpause() [gchisto.gctracegenerator.file.DynamicFileGCTrace] At DynamicFileGCTrace.java:[line 242] NN_NAKED_NOTIFY
[ERROR] Low: gchisto.gctracegenerator.file.DynamicFileGCTrace is Serializable; consider declaring a serialVersionUID [gchisto.gctracegenerator.file.DynamicFileGCTrace] At DynamicFileGCTrace.java:[lines 36-301] SE_NO_SERIALVERSIONID
[ERROR] Medium: Integral division result cast to double or float in gchisto.gctracegenerator.file.DynamicFileGCTrace$FastFileReaderThrottle.beforeAddingGCActivity(double) [gchisto.gctracegenerator.file.DynamicFileGCTrace$FastFileReaderThrottle] At DynamicFileGCTrace.java:[line 137] ICAST_IDIV_CAST_TO_DOUBLE
[ERROR] Medium: Unread field: gchisto.gctracegenerator.file.DynamicFileGCTrace$RealFileReaderThrottle.speed [gchisto.gctracegenerator.file.DynamicFileGCTrace$RealFileReaderThrottle] At DynamicFileGCTrace.java:[line 124] URF_UNREAD_FIELD
[ERROR] Low: Class gchisto.gctracegenerator.file.FileGCTrace defines non-transient non-serializable instance field reader [gchisto.gctracegenerator.file.FileGCTrace] In FileGCTrace.java SE_BAD_FIELD
[ERROR] Low: gchisto.gctracegenerator.file.FileGCTrace is Serializable; consider declaring a serialVersionUID [gchisto.gctracegenerator.file.FileGCTrace] At FileGCTrace.java:[lines 37-112] SE_NO_SERIALVERSIONID
[ERROR] High: Write to static field gchisto.gctracegenerator.file.FileGCTraceGenerator.currDir from instance method gchisto.gctracegenerator.file.FileGCTraceGenerator.createNewGCTrace(File, GCTraceGeneratorListener) [gchisto.gctracegenerator.file.FileGCTraceGenerator] At FileGCTraceGenerator.java:[line 63] ST_WRITE_TO_STATIC_FROM_INSTANCE_METHOD
[ERROR] Low: Unchecked/unconfirmed cast from gcparser.GCStats to gcparser.GCDataStore of return value in gchisto.gctracegenerator.file.hotspot.GCLogFileReader.readFile(File, GCTrace, GCLogFileReaderThrottle) [gchisto.gctracegenerator.file.hotspot.GCLogFileReader] At GCLogFileReader.java:[line 168] BC_UNCONFIRMED_CAST_OF_RETURN_VALUE
[ERROR] Medium: The class name gchisto.gctracegenerator.file.hotspot.GCLogFileReader shadows the simple name of implemented interface gchisto.gctracegenerator.file.GCLogFileReader [gchisto.gctracegenerator.file.hotspot.GCLogFileReader] At GCLogFileReader.java:[lines 41-212] NM_SAME_SIMPLE_NAME_AS_INTERFACE
[ERROR] Medium: Should gchisto.gctracegenerator.file.hotspot.GCLogFileReader$MetricData be a _static_ inner class? [gchisto.gctracegenerator.file.hotspot.GCLogFileReader$MetricData] At GCLogFileReader.java:[lines 44-85] SIC_INNER_SHOULD_BE_STATIC
[ERROR] Medium: gchisto.gctracegenerator.file.hotspot.GCLogFileReader$MetricDataSet doesn't override java.util.ArrayList.equals(Object) [gchisto.gctracegenerator.file.hotspot.GCLogFileReader$MetricDataSet] At GCLogFileReader.java:[line 1] EQ_DOESNT_OVERRIDE_EQUALS
[ERROR] Low: Class gchisto.gctracegenerator.file.hotspot.GCLogFileReader$MetricDataSet defines non-transient non-serializable instance field last [gchisto.gctracegenerator.file.hotspot.GCLogFileReader$MetricDataSet] In GCLogFileReader.java SE_BAD_FIELD
[ERROR] Low: gchisto.gctracegenerator.file.hotspot.GCLogFileReader$MetricDataSet is serializable but also an inner class of a non-serializable class [gchisto.gctracegenerator.file.hotspot.GCLogFileReader$MetricDataSet] At GCLogFileReader.java:[lines 88-129] SE_BAD_FIELD_INNER_CLASS
[ERROR] Low: gchisto.gctracegenerator.file.hotspot.GCLogFileReader$MetricDataSet is Serializable; consider declaring a serialVersionUID [gchisto.gctracegenerator.file.hotspot.GCLogFileReader$MetricDataSet] At GCLogFileReader.java:[lines 88-129] SE_NO_SERIALVERSIONID
[ERROR] Medium: Should gchisto.gctracegenerator.file.hotspot.GCLogFileReader$MetricDataSet be a _static_ inner class? [gchisto.gctracegenerator.file.hotspot.GCLogFileReader$MetricDataSet] At GCLogFileReader.java:[lines 88-129] SIC_INNER_SHOULD_BE_STATIC
[ERROR] Medium: Dead store to spacesAfter in gchisto.gctracegenerator.file.simple.GCLogFileReader.readFile(File, GCTrace, GCLogFileReaderThrottle) [gchisto.gctracegenerator.file.simple.GCLogFileReader] At GCLogFileReader.java:[line 162] DLS_DEAD_LOCAL_STORE
[ERROR] Medium: Dead store to spacesBefore in gchisto.gctracegenerator.file.simple.GCLogFileReader.readFile(File, GCTrace, GCLogFileReaderThrottle) [gchisto.gctracegenerator.file.simple.GCLogFileReader] At GCLogFileReader.java:[line 161] DLS_DEAD_LOCAL_STORE
[ERROR] High: Found reliance on default encoding in gchisto.gctracegenerator.file.simple.GCLogFileReader.readFile(File, GCTrace, GCLogFileReaderThrottle): new java.io.FileReader(File) [gchisto.gctracegenerator.file.simple.GCLogFileReader] At GCLogFileReader.java:[line 123] DM_DEFAULT_ENCODING
[ERROR] Medium: The class name gchisto.gctracegenerator.file.simple.GCLogFileReader shadows the simple name of implemented interface gchisto.gctracegenerator.file.GCLogFileReader [gchisto.gctracegenerator.file.simple.GCLogFileReader] At GCLogFileReader.java:[lines 42-196] NM_SAME_SIMPLE_NAME_AS_INTERFACE
[ERROR] Medium: gchisto.gctracegenerator.file.simple.GCLogFileReader.readFile(File, GCTrace, GCLogFileReaderThrottle) may fail to close stream [gchisto.gctracegenerator.file.simple.GCLogFileReader] At GCLogFileReader.java:[line 124] OS_OPEN_STREAM
[ERROR] Medium: Useless object stored in variable spacesAfter of method gchisto.gctracegenerator.file.simple.GCLogFileReader.readFile(File, GCTrace, GCLogFileReaderThrottle) [gchisto.gctracegenerator.file.simple.GCLogFileReader] At GCLogFileReader.java:[line 167] UC_USELESS_OBJECT
[ERROR] Medium: Useless object stored in variable spacesBefore of method gchisto.gctracegenerator.file.simple.GCLogFileReader.readFile(File, GCTrace, GCLogFileReaderThrottle) [gchisto.gctracegenerator.file.simple.GCLogFileReader] At GCLogFileReader.java:[line 165] UC_USELESS_OBJECT
[ERROR] Low: Class gchisto.gui.panels.gcdata.DataPanel defines non-transient non-serializable instance field locker [gchisto.gui.panels.gcdata.DataPanel] In DataPanel.java SE_BAD_FIELD
[ERROR] Low: Class gchisto.gui.panels.gcdata.DataPanel defines non-transient non-serializable instance field refresher [gchisto.gui.panels.gcdata.DataPanel] In DataPanel.java SE_BAD_FIELD
[ERROR] Medium: Format string should use %n rather than \n in gchisto.gui.panels.gcdata.DataPanel.getString(GCActivity) [gchisto.gui.panels.gcdata.DataPanel] At DataPanel.java:[line 50] VA_FORMAT_STRING_USES_NEWLINE
[ERROR] Low: Class gchisto.gui.panels.gcdistribution.ChartPanelSingle defines non-transient non-serializable instance field checkpoint [gchisto.gui.panels.gcdistribution.ChartPanelSingle] In ChartPanelSingle.java SE_BAD_FIELD
[ERROR] Low: Class gchisto.gui.panels.gcdistribution.ChartPanelSingle defines non-transient non-serializable instance field locker [gchisto.gui.panels.gcdistribution.ChartPanelSingle] In ChartPanelSingle.java SE_BAD_FIELD
[ERROR] Low: Class gchisto.gui.panels.gcdistribution.ChartPanelSingle defines non-transient non-serializable instance field refresher [gchisto.gui.panels.gcdistribution.ChartPanelSingle] In ChartPanelSingle.java SE_BAD_FIELD
[ERROR] Medium: Class gchisto.gui.panels.gcdistribution.Dataset defines non-transient non-serializable instance field checkpoint [gchisto.gui.panels.gcdistribution.Dataset] In Dataset.java SE_BAD_FIELD
[ERROR] Low: gchisto.gui.panels.gcdistribution.Dataset is Serializable; consider declaring a serialVersionUID [gchisto.gui.panels.gcdistribution.Dataset] At Dataset.java:[lines 46-594] SE_NO_SERIALVERSIONID
[ERROR] Low: Class gchisto.gui.panels.gcstats.AllStatsTableMulti defines non-transient non-serializable instance field locker [gchisto.gui.panels.gcstats.AllStatsTableMulti] In AllStatsTableMulti.java SE_BAD_FIELD
[ERROR] Medium: Unread field: gchisto.gui.panels.gcstats.AllStatsTableMulti$Model.columns; should this field be static? [gchisto.gui.panels.gcstats.AllStatsTableMulti$Model] At AllStatsTableMulti.java:[line 211] SS_SHOULD_BE_STATIC
[ERROR] Medium: Should gchisto.gui.panels.gcstats.AllStatsTableMulti$Renderer be a _static_ inner class? [gchisto.gui.panels.gcstats.AllStatsTableMulti$Renderer] At AllStatsTableMulti.java:[lines 167-191] SIC_INNER_SHOULD_BE_STATIC
[ERROR] Low: Class gchisto.gui.panels.gcstats.AllStatsTableSingle defines non-transient non-serializable instance field locker [gchisto.gui.panels.gcstats.AllStatsTableSingle] In AllStatsTableSingle.java SE_BAD_FIELD
[ERROR] Medium: Should gchisto.gui.panels.gcstats.AllStatsTableSingle$Model be a _static_ inner class? [gchisto.gui.panels.gcstats.AllStatsTableSingle$Model] At AllStatsTableSingle.java:[lines 88-251] SIC_INNER_SHOULD_BE_STATIC
[ERROR] Medium: Unread field: gchisto.gui.panels.gcstats.AllStatsTableSingle$Model.columns; should this field be static? [gchisto.gui.panels.gcstats.AllStatsTableSingle$Model] At AllStatsTableSingle.java:[line 98] SS_SHOULD_BE_STATIC
[ERROR] Medium: Should gchisto.gui.panels.gcstats.AllStatsTableSingle$Renderer be a _static_ inner class? [gchisto.gui.panels.gcstats.AllStatsTableSingle$Renderer] At AllStatsTableSingle.java:[lines 55-79] SIC_INNER_SHOULD_BE_STATIC
[ERROR] Low: Class gchisto.gui.panels.gcstats.BreakdownChartPanelMulti defines non-transient non-serializable instance field locker [gchisto.gui.panels.gcstats.BreakdownChartPanelMulti] In BreakdownChartPanelMulti.java SE_BAD_FIELD
[ERROR] Low: Class gchisto.gui.panels.gcstats.BreakdownChartPanelSingle defines non-transient non-serializable instance field locker [gchisto.gui.panels.gcstats.BreakdownChartPanelSingle] In BreakdownChartPanelSingle.java SE_BAD_FIELD
[ERROR] Low: Unchecked/unconfirmed cast from Comparable to String in gchisto.gui.panels.gcstats.DatasetGenerator$Facade.getColumnIndex(Comparable) [gchisto.gui.panels.gcstats.DatasetGenerator$Facade] At DatasetGenerator.java:[line 280] BC_UNCONFIRMED_CAST
[ERROR] Low: Unchecked/unconfirmed cast from Comparable to String in gchisto.gui.panels.gcstats.DatasetGenerator$Facade.getIndex(Comparable) [gchisto.gui.panels.gcstats.DatasetGenerator$Facade] At DatasetGenerator.java:[line 379] BC_UNCONFIRMED_CAST
[ERROR] Low: Unchecked/unconfirmed cast from Comparable to String in gchisto.gui.panels.gcstats.DatasetGenerator$Facade.getRowIndex(Comparable) [gchisto.gui.panels.gcstats.DatasetGenerator$Facade] At DatasetGenerator.java:[line 255] BC_UNCONFIRMED_CAST
[ERROR] Low: Unchecked/unconfirmed cast from Comparable to String in gchisto.gui.panels.gcstats.DatasetGenerator$Facade.getValue(Comparable, Comparable) [gchisto.gui.panels.gcstats.DatasetGenerator$Facade] At DatasetGenerator.java:[line 301] BC_UNCONFIRMED_CAST
[ERROR] Low: Unchecked/unconfirmed cast from Comparable to String in gchisto.gui.panels.gcstats.DatasetGenerator$Facade.getValue(Comparable, Comparable) [gchisto.gui.panels.gcstats.DatasetGenerator$Facade] At DatasetGenerator.java:[line 300] BC_UNCONFIRMED_CAST
[ERROR] Low: gchisto.gui.panels.gcstats.DatasetGenerator$Facade is serializable but also an inner class of a non-serializable class [gchisto.gui.panels.gcstats.DatasetGenerator$Facade] At DatasetGenerator.java:[lines 242-430] SE_BAD_FIELD_INNER_CLASS
[ERROR] Low: gchisto.gui.panels.gcstats.DatasetGenerator$Facade is Serializable; consider declaring a serialVersionUID [gchisto.gui.panels.gcstats.DatasetGenerator$Facade] At DatasetGenerator.java:[lines 242-430] SE_NO_SERIALVERSIONID
[ERROR] Low: Class gchisto.gui.panels.gcstats.MetricChartPanel defines non-transient non-serializable instance field locker [gchisto.gui.panels.gcstats.MetricChartPanel] In MetricChartPanel.java SE_BAD_FIELD
[ERROR] Medium: Inconsistent synchronization of gchisto.gui.panels.gcstats.Panel.tabbedPane; locked 78% of time [gchisto.gui.panels.gcstats.Panel, gchisto.gui.panels.gcstats.Panel, gchisto.gui.panels.gcstats.Panel, gchisto.gui.panels.gcstats.Panel, gchisto.gui.panels.gcstats.Panel, gchisto.gui.panels.gcstats.Panel, gchisto.gui.panels.gcstats.Panel, gchisto.gui.panels.gcstats.Panel, gchisto.gui.panels.gcstats.Panel, gchisto.gui.panels.gcstats.Panel, gchisto.gui.panels.gcstats.Panel, gchisto.gui.panels.gcstats.Panel, gchisto.gui.panels.gcstats.Panel, gchisto.gui.panels.gcstats.Panel] Unsynchronized access at Panel.java:[line 300]Unsynchronized access at Panel.java:[line 307]Unsynchronized access at Panel.java:[line 314]Synchronized access at Panel.java:[line 161]Synchronized access at Panel.java:[line 166]Synchronized access at Panel.java:[line 174]Synchronized access at Panel.java:[line 167]Synchronized access at Panel.java:[line 171]Synchronized access at Panel.java:[line 127]Synchronized access at Panel.java:[line 136]Synchronized access at Panel.java:[line 144]Synchronized access at Panel.java:[line 137]Synchronized access at Panel.java:[line 130]Synchronized access at Panel.java:[line 141] IS2_INCONSISTENT_SYNC
[ERROR] Low: Class gchisto.gui.panels.gcstats.Panel defines non-transient non-serializable instance field datasetGenerator [gchisto.gui.panels.gcstats.Panel] In Panel.java SE_BAD_FIELD
[ERROR] Low: Class gchisto.gui.panels.gcstats.Panel defines non-transient non-serializable instance field locker [gchisto.gui.panels.gcstats.Panel] In Panel.java SE_BAD_FIELD
[ERROR] Low: Class gchisto.gui.panels.gctimeline.ChartPanel defines non-transient non-serializable instance field checkpoint [gchisto.gui.panels.gctimeline.ChartPanel] In ChartPanel.java SE_BAD_FIELD
[ERROR] Low: Class gchisto.gui.panels.gctimeline.ChartPanel defines non-transient non-serializable instance field locker [gchisto.gui.panels.gctimeline.ChartPanel] In ChartPanel.java SE_BAD_FIELD
[ERROR] Low: Class gchisto.gui.panels.gctimeline.ChartPanel defines non-transient non-serializable instance field refresher [gchisto.gui.panels.gctimeline.ChartPanel] In ChartPanel.java SE_BAD_FIELD
[ERROR] Medium: Class gchisto.gui.panels.gctimeline.Dataset defines non-transient non-serializable instance field checkpoint [gchisto.gui.panels.gctimeline.Dataset] In Dataset.java SE_BAD_FIELD
[ERROR] Low: gchisto.gui.panels.gctimeline.Dataset is Serializable; consider declaring a serialVersionUID [gchisto.gui.panels.gctimeline.Dataset] At Dataset.java:[lines 43-475] SE_NO_SERIALVERSIONID
[ERROR] High: gchisto.gui.panels.tracemanagement.Panel.forceGCButtonActionPerformed(ActionEvent) forces garbage collection; extremely dubious except in benchmarking code [gchisto.gui.panels.tracemanagement.Panel] At Panel.java:[line 689] DM_GC
[ERROR] Medium: gchisto.gui.panels.tracemanagement.Panel$SetListener stored into non-transient field Panel.setListener [gchisto.gui.panels.tracemanagement.Panel] At Panel.java:[line 103] SE_BAD_FIELD_STORE
[ERROR] Low: Private method gchisto.gui.panels.tracemanagement.Panel.setComponentsEnabled(boolean) is never called [gchisto.gui.panels.tracemanagement.Panel] At Panel.java:[lines 425-432] UPM_UNCALLED_PRIVATE_METHOD
[ERROR] Low: Class gchisto.gui.utils.GroupActivatingPanel defines non-transient non-serializable instance field locker [gchisto.gui.utils.GroupActivatingPanel] In GroupActivatingPanel.java SE_BAD_FIELD
[ERROR] Medium: Should gchisto.gui.utils.GroupActivatingPanel$BooleanRenderer be a _static_ inner class? [gchisto.gui.utils.GroupActivatingPanel$BooleanRenderer] At GroupActivatingPanel.java:[lines 119-147] SIC_INNER_SHOULD_BE_STATIC
[ERROR] Medium: Should gchisto.gui.utils.GroupActivatingPanel$StringRenderer be a _static_ inner class? [gchisto.gui.utils.GroupActivatingPanel$StringRenderer] At GroupActivatingPanel.java:[lines 83-111] SIC_INNER_SHOULD_BE_STATIC
[ERROR] Low: new gchisto.gui.utils.StatusLabelManager(JLabel) invokes Thread.start() [gchisto.gui.utils.StatusLabelManager] At StatusLabelManager.java:[line 248] SC_START_IN_CTOR
[ERROR] Medium: Inconsistent synchronization of gchisto.gui.utils.TabbedPane.tabbedPane; locked 76% of time [gchisto.gui.utils.TabbedPane, gchisto.gui.utils.TabbedPane, gchisto.gui.utils.TabbedPane, gchisto.gui.utils.TabbedPane, gchisto.gui.utils.TabbedPane, gchisto.gui.utils.TabbedPane, gchisto.gui.utils.TabbedPane, gchisto.gui.utils.TabbedPane, gchisto.gui.utils.TabbedPane, gchisto.gui.utils.TabbedPane, gchisto.gui.utils.TabbedPane, gchisto.gui.utils.TabbedPane, gchisto.gui.utils.TabbedPane] Unsynchronized access at TabbedPane.java:[line 122]Unsynchronized access at TabbedPane.java:[line 129]Unsynchronized access at TabbedPane.java:[line 136]Synchronized access at TabbedPane.java:[line 88]Synchronized access at TabbedPane.java:[line 89]Synchronized access at TabbedPane.java:[line 90]Synchronized access at TabbedPane.java:[line 78]Synchronized access at TabbedPane.java:[line 80]Synchronized access at TabbedPane.java:[line 81]Synchronized access at TabbedPane.java:[line 62]Synchronized access at TabbedPane.java:[line 64]Synchronized access at TabbedPane.java:[line 55]Synchronized access at TabbedPane.java:[line 70] IS2_INCONSISTENT_SYNC
[ERROR] Low: Redundant nullcheck of panel, which is known to be non-null in gchisto.gui.utils.TabbedPane.gcTraceMovedUp(GCTrace) [gchisto.gui.utils.TabbedPane] Redundant null check at TabbedPane.java:[line 75] RCN_REDUNDANT_NULLCHECK_OF_NONNULL_VALUE
[ERROR] Medium: Inconsistent synchronization of gchisto.jfreechart.extensions.AbstractDatasetWithGroups.groupNum; locked 57% of time [gchisto.jfreechart.extensions.AbstractDatasetWithGroups, gchisto.jfreechart.extensions.AbstractDatasetWithGroups, gchisto.jfreechart.extensions.AbstractDatasetWithGroups, gchisto.jfreechart.extensions.AbstractDatasetWithGroups, gchisto.jfreechart.extensions.AbstractDatasetWithGroups, gchisto.jfreechart.extensions.AbstractDatasetWithGroups, gchisto.jfreechart.extensions.AbstractDatasetWithGroups] Unsynchronized access at AbstractDatasetWithGroups.java:[line 55]Unsynchronized access at AbstractDatasetWithGroups.java:[line 65]Unsynchronized access at AbstractDatasetWithGroups.java:[line 51]Synchronized access at AbstractDatasetWithGroups.java:[line 80]Synchronized access at AbstractDatasetWithGroups.java:[line 80]Synchronized access at AbstractDatasetWithGroups.java:[line 82]Synchronized access at AbstractDatasetWithGroups.java:[line 83] IS2_INCONSISTENT_SYNC
[ERROR] Low: gchisto.jfreechart.extensions.AbstractDatasetWithGroups is Serializable; consider declaring a serialVersionUID [gchisto.jfreechart.extensions.AbstractDatasetWithGroups] At AbstractDatasetWithGroups.java:[lines 33-95] SE_NO_SERIALVERSIONID
[ERROR] Medium: Switch statement found in gchisto.jfreechart.extensions.ChartLocker.chartProgress(ChartProgressEvent) where default case is missing [gchisto.jfreechart.extensions.ChartLocker] At ChartLocker.java:[lines 37-42] SF_SWITCH_NO_DEFAULT
[ERROR] Medium: Integral division result cast to double or float in gchisto.jfreechart.extensions.ConsolidatingXYDatasetWithGroups.getXValue(int, int) [gchisto.jfreechart.extensions.ConsolidatingXYDatasetWithGroups] At ConsolidatingXYDatasetWithGroups.java:[line 212] ICAST_IDIV_CAST_TO_DOUBLE
[ERROR] Low: gchisto.jfreechart.extensions.ConsolidatingXYDatasetWithGroups is Serializable; consider declaring a serialVersionUID [gchisto.jfreechart.extensions.ConsolidatingXYDatasetWithGroups] At ConsolidatingXYDatasetWithGroups.java:[lines 66-349] SE_NO_SERIALVERSIONID
[ERROR] Low: gchisto.jfreechart.extensions.SwappingCategoryDatasetWithTTG is Serializable; consider declaring a serialVersionUID [gchisto.jfreechart.extensions.SwappingCategoryDatasetWithTTG] At SwappingCategoryDatasetWithTTG.java:[lines 38-182] SE_NO_SERIALVERSIONID
[ERROR] Low: Inconsistent synchronization of gchisto.utils.Refresher.pending; locked 75% of time [gchisto.utils.Refresher, gchisto.utils.Refresher, gchisto.utils.Refresher, gchisto.utils.Refresher] Unsynchronized access at Refresher.java:[line 60]Synchronized access at Refresher.java:[line 70]Synchronized access at Refresher.java:[line 51]Synchronized access at Refresher.java:[line 53] IS2_INCONSISTENT_SYNC
[ERROR] Low: Exceptional return value of java.util.Queue.offer(Object) ignored in gchisto.utils.WorkerThread.add(WorkerTask) [gchisto.utils.WorkerThread] At WorkerThread.java:[line 67] RV_RETURN_VALUE_IGNORED_BAD_PRACTICE
[ERROR] Medium: Null passed for non-null parameter of GCParser.add_dp(GCMetric, double) in gcparser.CMSGCParser.concurrent_phase_end(Matcher) [gcparser.CMSGCParser, gcparser.CMSGCParser, gcparser.CMSGCParser] Method invoked at CMSGCParser.java:[line 163]Null value at CMSGCParser.java:[line 136]Known null at CMSGCParser.java:[line 154] NP_NULL_PARAM_DEREF
[ERROR] Medium: Null passed for non-null parameter of GCParser.add_dp(GCMetric, Matcher, int) in gcparser.CMSGCParser.concurrent_phase_end(Matcher) [gcparser.CMSGCParser, gcparser.CMSGCParser, gcparser.CMSGCParser] Method invoked at CMSGCParser.java:[line 164]Null value at CMSGCParser.java:[line 137]Known null at CMSGCParser.java:[line 154] NP_NULL_PARAM_DEREF
[ERROR] High: Found reliance on default encoding in gcparser.GCDataStore.save(GCMetric, String, String): new java.io.FileWriter(String) [gcparser.GCDataStore] At GCDataStore.java:[line 112] DM_DEFAULT_ENCODING
[ERROR] Low: gcparser.GCDataStore.add(GCMetric, double) invokes inefficient new Double(double) constructor; use Double.valueOf(double) instead [gcparser.GCDataStore] At GCDataStore.java:[line 61] DM_FP_NUMBER_CTOR
[ERROR] Low: gcparser.GCDataStore.save(GCMetric, String, String) may fail to close stream on exception [gcparser.GCDataStore] At GCDataStore.java:[line 113] OS_OPEN_STREAM_EXCEPTION_PATH
[ERROR] Medium: Switch statement found in new gcparser.GCDataStore(EnumMap, int, boolean) where default case is missing [gcparser.GCDataStore] At GCDataStore.java:[lines 49-52] SF_SWITCH_NO_DEFAULT
[ERROR] High: Found reliance on default encoding in gcparser.GCParserDriver.parse(File): new java.io.InputStreamReader(InputStream) [gcparser.GCParserDriver] At GCParserDriver.java:[line 417] DM_DEFAULT_ENCODING
[ERROR] High: Found reliance on default encoding in gcparser.GCParserDriver.parse(InputStream, String): new java.io.InputStreamReader(InputStream) [gcparser.GCParserDriver] At GCParserDriver.java:[line 410] DM_DEFAULT_ENCODING
[ERROR] Medium: new gcparser.GCParserDriver(String[], int) invokes System.exit(...), which shuts down the entire virtual machine [gcparser.GCParserDriver, gcparser.GCParserDriver, gcparser.GCParserDriver, gcparser.GCParserDriver] At GCParserDriver.java:[line 145]Another occurrence at GCParserDriver.java:[line 152]Another occurrence at GCParserDriver.java:[line 207]Another occurrence at GCParserDriver.java:[line 225] DM_EXIT
[ERROR] Low: gcparser.GCParserDriver.parse(File) may fail to close stream on exception [gcparser.GCParserDriver] At GCParserDriver.java:[line 417] OS_OPEN_STREAM_EXCEPTION_PATH
[ERROR] Low: Should gcparser.GCParserDriver.parse_metric_names(String, Collection) return a zero length array rather than null? [gcparser.GCParserDriver] At GCParserDriver.java:[line 592] PZLA_PREFER_ZERO_LENGTH_ARRAYS
[ERROR] Low: Should gcparser.GCParserDriver.parse_metric_names(String[], Collection) return a zero length array rather than null? [gcparser.GCParserDriver, gcparser.GCParserDriver] At GCParserDriver.java:[line 561]At GCParserDriver.java:[line 580] PZLA_PREFER_ZERO_LENGTH_ARRAYS
[ERROR] High: Double assignment of field GCStats._th_timestamp_end in gcparser.GCStats.save_heap_sizes(double, double, double, double, double) [gcparser.GCStats] At GCStats.java:[line 201] SA_FIELD_DOUBLE_ASSIGNMENT
[ERROR] Medium: Should gcparser.GCStats$RateVars be a _static_ inner class? [gcparser.GCStats$RateVars] At GCStats.java:[lines 328-346] SIC_INNER_SHOULD_BE_STATIC
[ERROR] Low: gcparser.NumberIterator.next() invokes inefficient new Double(double) constructor; use Double.valueOf(double) instead [gcparser.NumberIterator] At NumberIterator.java:[line 41] DM_FP_NUMBER_CTOR
[ERROR] Low: gcparser.NumberIterator.next() can't throw NoSuchElementException [gcparser.NumberIterator] At NumberIterator.java:[lines 41-43] IT_NO_SUCH_ELEMENT
[ERROR] Low: Test for floating point equality in gcparser.Stats.remove(double, Collection) [gcparser.Stats, gcparser.Stats] At Stats.java:[line 181]Another occurrence at Stats.java:[line 181] FE_FLOATING_POINT_EQUALITY
[ERROR] High: There is an apparent infinite loop in gcparser.Stats.add(BufferedReader) [gcparser.Stats, gcparser.Stats, gcparser.Stats] At Stats.java:[line 172]Loop bottom at Stats.java:[line 174]Last changed at Stats.java:[line 171] IL_INFINITE_LOOP
[INFO] 


To see bug detail using the Spotbugs GUI, use the following command "mvn spotbugs:gui"



[INFO] ------------------------------------------------------------------------
[INFO] BUILD FAILURE
[INFO] ------------------------------------------------------------------------
[INFO] Total time:  7.189 s
[INFO] Finished at: 2021-04-08T23:05:51+08:00
[INFO] ------------------------------------------------------------------------
[ERROR] Failed to execute goal com.github.spotbugs:spotbugs-maven-plugin:4.2.3-SNAPSHOT:check (default-cli) on project gchisto: failed with 105 bugs and 0 errors -> [Help 1]
[ERROR] 
[ERROR] To see the full stack trace of the errors, re-run Maven with the -e switch.
[ERROR] Re-run Maven using the -X switch to enable full debug logging.
[ERROR] 
[ERROR] For more information about the errors and possible solutions, please read the following articles:
[ERROR] [Help 1] http://cwiki.apache.org/confluence/display/MAVEN/MojoExecutionException
[INFO] Build failures were ignored.
