WARNING: An illegal reflective access operation has occurred
WARNING: Illegal reflective access by com.google.inject.internal.cglib.core.$ReflectUtils$1 (file:/usr/share/maven/lib/guice.jar) to method java.lang.ClassLoader.defineClass(java.lang.String,byte[],int,int,java.security.ProtectionDomain)
WARNING: Please consider reporting this to the maintainers of com.google.inject.internal.cglib.core.$ReflectUtils$1
WARNING: Use --illegal-access=warn to enable warnings of further illegal reflective access operations
WARNING: All illegal access operations will be denied in a future release
[INFO] Scanning for projects...
[INFO] 
[INFO] -----------------------< org.hprose:hprose-java >-----------------------
[INFO] Building Hprose for Java 2.0.38
[INFO] --------------------------------[ jar ]---------------------------------
[INFO] 
[INFO] >>> spotbugs-maven-plugin:4.2.3-SNAPSHOT:check (default-cli) > :spotbugs @ hprose-java >>>
[INFO] Downloading from central: https://repo.maven.apache.org/maven2/javax/servlet/javax.servlet-api/maven-metadata.xml
[INFO] Downloading from sonatype-nexus-snapshots: https://oss.sonatype.org/content/repositories/snapshots/javax/servlet/javax.servlet-api/maven-metadata.xml
[INFO] Downloaded from central: https://repo.maven.apache.org/maven2/javax/servlet/javax.servlet-api/maven-metadata.xml (972 B at 857 B/s)
[INFO] Downloading from sonatype-nexus-snapshots: https://oss.sonatype.org/content/repositories/snapshots/javax/websocket/javax.websocket-api/maven-metadata.xml
[INFO] Downloading from central: https://repo.maven.apache.org/maven2/javax/websocket/javax.websocket-api/maven-metadata.xml
[INFO] Downloaded from central: https://repo.maven.apache.org/maven2/javax/websocket/javax.websocket-api/maven-metadata.xml (748 B at 1.9 kB/s)
[INFO] 
[INFO] --- spotbugs-maven-plugin:4.2.3-SNAPSHOT:spotbugs (spotbugs) @ hprose-java ---
[INFO] Fork Value is true
[INFO] Done SpotBugs Analysis....
[INFO] 
[INFO] <<< spotbugs-maven-plugin:4.2.3-SNAPSHOT:check (default-cli) < :spotbugs @ hprose-java <<<
[INFO] 
[INFO] 
[INFO] --- spotbugs-maven-plugin:4.2.3-SNAPSHOT:check (default-cli) @ hprose-java ---
[INFO] BugInstance size is 158
[INFO] Error size is 0
[INFO] Total bugs: 158
[ERROR] Medium: Sequence of calls to java.util.concurrent.ConcurrentHashMap may not be atomic in hprose.client.CookieManager.setCookie(List, String) [hprose.client.CookieManager] At CookieManager.java:[line 134] AT_OPERATION_SEQUENCE_ON_CONCURRENT_ABSTRACTION
[ERROR] Low: Sequence of calls to java.util.concurrent.ConcurrentHashMap may not be atomic in hprose.client.CookieManager.setCookie(List, String) [hprose.client.CookieManager] At CookieManager.java:[line 124] AT_OPERATION_SEQUENCE_ON_CONCURRENT_ABSTRACTION
[ERROR] Low: Sequence of calls to java.util.concurrent.ConcurrentHashMap may not be atomic in hprose.client.CookieManager.setCookie(List, String) [hprose.client.CookieManager] At CookieManager.java:[line 129] AT_OPERATION_SEQUENCE_ON_CONCURRENT_ABSTRACTION
[ERROR] Low: Use of non-localized String.toUpperCase() or String.toLowerCase() in hprose.client.CookieManager.parseMonth(String) [hprose.client.CookieManager] At CookieManager.java:[line 33] DM_CONVERT_CASE
[ERROR] Low: Use of non-localized String.toUpperCase() or String.toLowerCase() in hprose.client.CookieManager.setCookie(List, String) [hprose.client.CookieManager, hprose.client.CookieManager, hprose.client.CookieManager] At CookieManager.java:[line 110]Another occurrence at CookieManager.java:[line 112]Another occurrence at CookieManager.java:[line 129] DM_CONVERT_CASE
[ERROR] Low: Unchecked/unconfirmed cast from hprose.common.HproseContext to hprose.client.ClientContext in hprose.client.HproseClient.afterFilterHandler(ByteBuffer, HproseContext) [hprose.client.HproseClient] At HproseClient.java:[line 533] BC_UNCONFIRMED_CAST
[ERROR] Low: Unchecked/unconfirmed cast from hprose.common.HproseContext to hprose.client.ClientContext in hprose.client.HproseClient.beforeFilterHandler(ByteBuffer, HproseContext) [hprose.client.HproseClient] At HproseClient.java:[line 528] BC_UNCONFIRMED_CAST
[ERROR] Low: Unchecked/unconfirmed cast from hprose.common.HproseContext to hprose.client.ClientContext in hprose.client.HproseClient.invokeHandler(String, Object[], HproseContext) [hprose.client.HproseClient] At HproseClient.java:[line 523] BC_UNCONFIRMED_CAST
[ERROR] Medium: Load of known null value in hprose.client.HproseClient.create(String[], HproseMode) [hprose.client.HproseClient] At HproseClient.java:[line 143] NP_LOAD_OF_KNOWN_NULL_VALUE
[ERROR] Medium: Exception is caught when Exception is not thrown in hprose.client.HproseClient.create(String[], HproseMode) [hprose.client.HproseClient] At HproseClient.java:[line 158] REC_CATCH_EXCEPTION
[ERROR] Low: The class hprose.client.HproseClient$2 could be refactored into a named _static_ inner class [hprose.client.HproseClient] At HproseClient.java:[line 343] SIC_INNER_SHOULD_BE_STATIC_ANON
[ERROR] Low: The class hprose.client.HproseClient$3 could be refactored into a named _static_ inner class [hprose.client.HproseClient] At HproseClient.java:[line 350] SIC_INNER_SHOULD_BE_STATIC_ANON
[ERROR] Low: Field only ever set to null: hprose.client.HproseClient.onError [hprose.client.HproseClient] In HproseClient.java UWF_NULL_FIELD
[ERROR] Low: Field only ever set to null: hprose.client.HproseClient.onFailswitch [hprose.client.HproseClient] In HproseClient.java UWF_NULL_FIELD
[ERROR] Medium: Increment of volatile field hprose.client.HproseClient.failround in hprose.client.HproseClient.failswitch() [hprose.client.HproseClient] At HproseClient.java:[line 406] VO_VOLATILE_INCREMENT
[ERROR] Medium: Increment of volatile field hprose.client.HproseClient.failround in hprose.client.HproseClient.failswitch() [hprose.client.HproseClient] At HproseClient.java:[line 413] VO_VOLATILE_INCREMENT
[ERROR] Low: Use of non-localized String.toUpperCase() or String.toLowerCase() in hprose.client.HproseHttpClient.setHeader(String, String) [hprose.client.HproseHttpClient] At HproseHttpClient.java:[line 127] DM_CONVERT_CASE
[ERROR] High: Found reliance on default encoding in hprose.client.HproseHttpClient.syncSendAndReceive(ByteBuffer, ClientContext): String.getBytes() [hprose.client.HproseHttpClient] At HproseHttpClient.java:[line 244] DM_DEFAULT_ENCODING
[ERROR] Low: Exceptional return value of java.util.concurrent.ExecutorService.submit(Runnable) ignored in hprose.client.HproseHttpClient.sendAndReceive(ByteBuffer, ClientContext) [hprose.client.HproseHttpClient] At HproseHttpClient.java:[line 318] RV_RETURN_VALUE_IGNORED_BAD_PRACTICE
[ERROR] Medium: Unused public or protected field: hprose.client.Result.buffer [hprose.client.Result] In HproseTcpClient.java UUF_UNUSED_PUBLIC_OR_PROTECTED_FIELD
[ERROR] Medium: Unused public or protected field: hprose.client.Result.e [hprose.client.Result] In HproseTcpClient.java UUF_UNUSED_PUBLIC_OR_PROTECTED_FIELD
[ERROR] Low: The class hprose.common.HandlerManager$4 could be refactored into a named _static_ inner class [hprose.common.HandlerManager] At HandlerManager.java:[line 77] SIC_INNER_SHOULD_BE_STATIC_ANON
[ERROR] Low: The class hprose.common.HandlerManager$5 could be refactored into a named _static_ inner class [hprose.common.HandlerManager] At HandlerManager.java:[line 90] SIC_INNER_SHOULD_BE_STATIC_ANON
[ERROR] Low: Use of non-localized String.toUpperCase() or String.toLowerCase() in hprose.common.HproseMethods.addMethod(String, HproseMethod) [hprose.common.HproseMethods] At HproseMethods.java:[line 64] DM_CONVERT_CASE
[ERROR] Low: Use of non-localized String.toUpperCase() or String.toLowerCase() in hprose.common.HproseMethods.remove(String) [hprose.common.HproseMethods] At HproseMethods.java:[line 958] DM_CONVERT_CASE
[ERROR] Low: The class hprose.common.HproseMethods$1 could be refactored into a named _static_ inner class [hprose.common.HproseMethods] At HproseMethods.java:[line 222] SIC_INNER_SHOULD_BE_STATIC_ANON
[ERROR] Low: The class hprose.common.HproseMethods$10 could be refactored into a named _static_ inner class [hprose.common.HproseMethods] At HproseMethods.java:[line 344] SIC_INNER_SHOULD_BE_STATIC_ANON
[ERROR] Low: The class hprose.common.HproseMethods$11 could be refactored into a named _static_ inner class [hprose.common.HproseMethods] At HproseMethods.java:[line 406] SIC_INNER_SHOULD_BE_STATIC_ANON
[ERROR] Low: The class hprose.common.HproseMethods$12 could be refactored into a named _static_ inner class [hprose.common.HproseMethods] At HproseMethods.java:[line 414] SIC_INNER_SHOULD_BE_STATIC_ANON
[ERROR] Low: The class hprose.common.HproseMethods$13 could be refactored into a named _static_ inner class [hprose.common.HproseMethods] At HproseMethods.java:[line 422] SIC_INNER_SHOULD_BE_STATIC_ANON
[ERROR] Low: The class hprose.common.HproseMethods$14 could be refactored into a named _static_ inner class [hprose.common.HproseMethods] At HproseMethods.java:[line 430] SIC_INNER_SHOULD_BE_STATIC_ANON
[ERROR] Low: The class hprose.common.HproseMethods$15 could be refactored into a named _static_ inner class [hprose.common.HproseMethods] At HproseMethods.java:[line 438] SIC_INNER_SHOULD_BE_STATIC_ANON
[ERROR] Low: The class hprose.common.HproseMethods$16 could be refactored into a named _static_ inner class [hprose.common.HproseMethods] At HproseMethods.java:[line 460] SIC_INNER_SHOULD_BE_STATIC_ANON
[ERROR] Low: The class hprose.common.HproseMethods$17 could be refactored into a named _static_ inner class [hprose.common.HproseMethods] At HproseMethods.java:[line 468] SIC_INNER_SHOULD_BE_STATIC_ANON
[ERROR] Low: The class hprose.common.HproseMethods$18 could be refactored into a named _static_ inner class [hprose.common.HproseMethods] At HproseMethods.java:[line 476] SIC_INNER_SHOULD_BE_STATIC_ANON
[ERROR] Low: The class hprose.common.HproseMethods$19 could be refactored into a named _static_ inner class [hprose.common.HproseMethods] At HproseMethods.java:[line 484] SIC_INNER_SHOULD_BE_STATIC_ANON
[ERROR] Low: The class hprose.common.HproseMethods$2 could be refactored into a named _static_ inner class [hprose.common.HproseMethods] At HproseMethods.java:[line 230] SIC_INNER_SHOULD_BE_STATIC_ANON
[ERROR] Low: The class hprose.common.HproseMethods$20 could be refactored into a named _static_ inner class [hprose.common.HproseMethods] At HproseMethods.java:[line 492] SIC_INNER_SHOULD_BE_STATIC_ANON
[ERROR] Low: The class hprose.common.HproseMethods$21 could be refactored into a named _static_ inner class [hprose.common.HproseMethods] At HproseMethods.java:[line 513] SIC_INNER_SHOULD_BE_STATIC_ANON
[ERROR] Low: The class hprose.common.HproseMethods$22 could be refactored into a named _static_ inner class [hprose.common.HproseMethods] At HproseMethods.java:[line 521] SIC_INNER_SHOULD_BE_STATIC_ANON
[ERROR] Low: The class hprose.common.HproseMethods$23 could be refactored into a named _static_ inner class [hprose.common.HproseMethods] At HproseMethods.java:[line 529] SIC_INNER_SHOULD_BE_STATIC_ANON
[ERROR] Low: The class hprose.common.HproseMethods$24 could be refactored into a named _static_ inner class [hprose.common.HproseMethods] At HproseMethods.java:[line 537] SIC_INNER_SHOULD_BE_STATIC_ANON
[ERROR] Low: The class hprose.common.HproseMethods$25 could be refactored into a named _static_ inner class [hprose.common.HproseMethods] At HproseMethods.java:[line 545] SIC_INNER_SHOULD_BE_STATIC_ANON
[ERROR] Low: The class hprose.common.HproseMethods$26 could be refactored into a named _static_ inner class [hprose.common.HproseMethods] At HproseMethods.java:[line 686] SIC_INNER_SHOULD_BE_STATIC_ANON
[ERROR] Low: The class hprose.common.HproseMethods$27 could be refactored into a named _static_ inner class [hprose.common.HproseMethods] At HproseMethods.java:[line 694] SIC_INNER_SHOULD_BE_STATIC_ANON
[ERROR] Low: The class hprose.common.HproseMethods$28 could be refactored into a named _static_ inner class [hprose.common.HproseMethods] At HproseMethods.java:[line 702] SIC_INNER_SHOULD_BE_STATIC_ANON
[ERROR] Low: The class hprose.common.HproseMethods$29 could be refactored into a named _static_ inner class [hprose.common.HproseMethods] At HproseMethods.java:[line 710] SIC_INNER_SHOULD_BE_STATIC_ANON
[ERROR] Low: The class hprose.common.HproseMethods$3 could be refactored into a named _static_ inner class [hprose.common.HproseMethods] At HproseMethods.java:[line 238] SIC_INNER_SHOULD_BE_STATIC_ANON
[ERROR] Low: The class hprose.common.HproseMethods$30 could be refactored into a named _static_ inner class [hprose.common.HproseMethods] At HproseMethods.java:[line 718] SIC_INNER_SHOULD_BE_STATIC_ANON
[ERROR] Low: The class hprose.common.HproseMethods$31 could be refactored into a named _static_ inner class [hprose.common.HproseMethods] At HproseMethods.java:[line 739] SIC_INNER_SHOULD_BE_STATIC_ANON
[ERROR] Low: The class hprose.common.HproseMethods$32 could be refactored into a named _static_ inner class [hprose.common.HproseMethods] At HproseMethods.java:[line 747] SIC_INNER_SHOULD_BE_STATIC_ANON
[ERROR] Low: The class hprose.common.HproseMethods$33 could be refactored into a named _static_ inner class [hprose.common.HproseMethods] At HproseMethods.java:[line 755] SIC_INNER_SHOULD_BE_STATIC_ANON
[ERROR] Low: The class hprose.common.HproseMethods$34 could be refactored into a named _static_ inner class [hprose.common.HproseMethods] At HproseMethods.java:[line 763] SIC_INNER_SHOULD_BE_STATIC_ANON
[ERROR] Low: The class hprose.common.HproseMethods$35 could be refactored into a named _static_ inner class [hprose.common.HproseMethods] At HproseMethods.java:[line 771] SIC_INNER_SHOULD_BE_STATIC_ANON
[ERROR] Low: The class hprose.common.HproseMethods$36 could be refactored into a named _static_ inner class [hprose.common.HproseMethods] At HproseMethods.java:[line 830] SIC_INNER_SHOULD_BE_STATIC_ANON
[ERROR] Low: The class hprose.common.HproseMethods$37 could be refactored into a named _static_ inner class [hprose.common.HproseMethods] At HproseMethods.java:[line 838] SIC_INNER_SHOULD_BE_STATIC_ANON
[ERROR] Low: The class hprose.common.HproseMethods$38 could be refactored into a named _static_ inner class [hprose.common.HproseMethods] At HproseMethods.java:[line 846] SIC_INNER_SHOULD_BE_STATIC_ANON
[ERROR] Low: The class hprose.common.HproseMethods$39 could be refactored into a named _static_ inner class [hprose.common.HproseMethods] At HproseMethods.java:[line 854] SIC_INNER_SHOULD_BE_STATIC_ANON
[ERROR] Low: The class hprose.common.HproseMethods$4 could be refactored into a named _static_ inner class [hprose.common.HproseMethods] At HproseMethods.java:[line 246] SIC_INNER_SHOULD_BE_STATIC_ANON
[ERROR] Low: The class hprose.common.HproseMethods$40 could be refactored into a named _static_ inner class [hprose.common.HproseMethods] At HproseMethods.java:[line 862] SIC_INNER_SHOULD_BE_STATIC_ANON
[ERROR] Low: The class hprose.common.HproseMethods$41 could be refactored into a named _static_ inner class [hprose.common.HproseMethods] At HproseMethods.java:[line 879] SIC_INNER_SHOULD_BE_STATIC_ANON
[ERROR] Low: The class hprose.common.HproseMethods$42 could be refactored into a named _static_ inner class [hprose.common.HproseMethods] At HproseMethods.java:[line 887] SIC_INNER_SHOULD_BE_STATIC_ANON
[ERROR] Low: The class hprose.common.HproseMethods$43 could be refactored into a named _static_ inner class [hprose.common.HproseMethods] At HproseMethods.java:[line 894] SIC_INNER_SHOULD_BE_STATIC_ANON
[ERROR] Low: The class hprose.common.HproseMethods$44 could be refactored into a named _static_ inner class [hprose.common.HproseMethods] At HproseMethods.java:[line 902] SIC_INNER_SHOULD_BE_STATIC_ANON
[ERROR] Low: The class hprose.common.HproseMethods$45 could be refactored into a named _static_ inner class [hprose.common.HproseMethods] At HproseMethods.java:[line 910] SIC_INNER_SHOULD_BE_STATIC_ANON
[ERROR] Low: The class hprose.common.HproseMethods$5 could be refactored into a named _static_ inner class [hprose.common.HproseMethods] At HproseMethods.java:[line 254] SIC_INNER_SHOULD_BE_STATIC_ANON
[ERROR] Low: The class hprose.common.HproseMethods$6 could be refactored into a named _static_ inner class [hprose.common.HproseMethods] At HproseMethods.java:[line 312] SIC_INNER_SHOULD_BE_STATIC_ANON
[ERROR] Low: The class hprose.common.HproseMethods$7 could be refactored into a named _static_ inner class [hprose.common.HproseMethods] At HproseMethods.java:[line 320] SIC_INNER_SHOULD_BE_STATIC_ANON
[ERROR] Low: The class hprose.common.HproseMethods$8 could be refactored into a named _static_ inner class [hprose.common.HproseMethods] At HproseMethods.java:[line 328] SIC_INNER_SHOULD_BE_STATIC_ANON
[ERROR] Low: The class hprose.common.HproseMethods$9 could be refactored into a named _static_ inner class [hprose.common.HproseMethods] At HproseMethods.java:[line 336] SIC_INNER_SHOULD_BE_STATIC_ANON
[ERROR] Medium: Unread field: hprose.io.ByteBufferStream$ByteBufferPool.POOLNUM; should this field be static? [hprose.io.ByteBufferStream$ByteBufferPool] At ByteBufferStream.java:[line 34] SS_SHOULD_BE_STATIC
[ERROR] Medium: Unread field: hprose.io.ByteBufferStream$ByteBufferPool.POOLSIZE; should this field be static? [hprose.io.ByteBufferStream$ByteBufferPool] At ByteBufferStream.java:[line 35] SS_SHOULD_BE_STATIC
[ERROR] Medium: Sequence of calls to java.util.concurrent.ConcurrentHashMap may not be atomic in hprose.io.access.Accessors.getFields(Type) [hprose.io.access.Accessors] At Accessors.java:[line 170] AT_OPERATION_SEQUENCE_ON_CONCURRENT_ABSTRACTION
[ERROR] Medium: Sequence of calls to java.util.concurrent.ConcurrentHashMap may not be atomic in hprose.io.access.Accessors.getMembers(Type) [hprose.io.access.Accessors] At Accessors.java:[line 215] AT_OPERATION_SEQUENCE_ON_CONCURRENT_ABSTRACTION
[ERROR] Medium: Sequence of calls to java.util.concurrent.ConcurrentHashMap may not be atomic in hprose.io.access.Accessors.getProperties(Type) [hprose.io.access.Accessors] At Accessors.java:[line 119] AT_OPERATION_SEQUENCE_ON_CONCURRENT_ABSTRACTION
[ERROR] Low: Use of non-localized String.toUpperCase() or String.toLowerCase() in hprose.io.access.Accessors.isAndroid() [hprose.io.access.Accessors] At Accessors.java:[line 63] DM_CONVERT_CASE
[ERROR] Medium: Exception is caught when Exception is not thrown in hprose.io.access.Accessors.getUnsafe() [hprose.io.access.Accessors] At Accessors.java:[line 51] REC_CATCH_EXCEPTION
[ERROR] Low: Invocation of reflect.Field.setAccessible(boolean), which should be invoked from within a doPrivileged block, in new hprose.io.access.BoolFieldAccessor(Field) [hprose.io.access.BoolFieldAccessor] At BoolFieldAccessor.java:[line 33] DP_DO_INSIDE_DO_PRIVILEGED
[ERROR] Low: Invocation of reflect.Field.setAccessible(boolean), which should be invoked from within a doPrivileged block, in new hprose.io.access.ByteFieldAccessor(Field) [hprose.io.access.ByteFieldAccessor] At ByteFieldAccessor.java:[line 33] DP_DO_INSIDE_DO_PRIVILEGED
[ERROR] Low: Invocation of reflect.Field.setAccessible(boolean), which should be invoked from within a doPrivileged block, in new hprose.io.access.CharFieldAccessor(Field) [hprose.io.access.CharFieldAccessor] At CharFieldAccessor.java:[line 33] DP_DO_INSIDE_DO_PRIVILEGED
[ERROR] Medium: Sequence of calls to java.util.concurrent.ConcurrentHashMap may not be atomic in hprose.io.access.ConstructorAccessor.getArgs(Constructor) [hprose.io.access.ConstructorAccessor] At ConstructorAccessor.java:[line 100] AT_OPERATION_SEQUENCE_ON_CONCURRENT_ABSTRACTION
[ERROR] Medium: Sequence of calls to java.util.concurrent.ConcurrentHashMap may not be atomic in hprose.io.access.ConstructorAccessor.newInstance(Class) [hprose.io.access.ConstructorAccessor] At ConstructorAccessor.java:[line 115] AT_OPERATION_SEQUENCE_ON_CONCURRENT_ABSTRACTION
[ERROR] Medium: Sequence of calls to java.util.concurrent.ConcurrentHashMap may not be atomic in hprose.io.access.ConstructorAccessor.newInstance(Class) [hprose.io.access.ConstructorAccessor] At ConstructorAccessor.java:[line 121] AT_OPERATION_SEQUENCE_ON_CONCURRENT_ABSTRACTION
[ERROR] Low: Invocation of reflect.Method.setAccessible(boolean), which should be invoked from within a doPrivileged block, in hprose.io.access.ConstructorAccessor.<static initializer for ConstructorAccessor>() [hprose.io.access.ConstructorAccessor] At ConstructorAccessor.java:[line 57] DP_DO_INSIDE_DO_PRIVILEGED
[ERROR] Medium: Exception is caught when Exception is not thrown in hprose.io.access.ConstructorAccessor.newInstance(Class) [hprose.io.access.ConstructorAccessor] At ConstructorAccessor.java:[line 118] REC_CATCH_EXCEPTION
[ERROR] Low: Exception is caught when Exception is not thrown in hprose.io.access.ConstructorAccessor.<static initializer for ConstructorAccessor>() [hprose.io.access.ConstructorAccessor, hprose.io.access.ConstructorAccessor] At ConstructorAccessor.java:[line 48]Another occurrence at ConstructorAccessor.java:[line 59] REC_CATCH_EXCEPTION
[ERROR] Medium: hprose.io.access.ConstructorAccessor$ConstructorComparator implements Comparator but not Serializable [hprose.io.access.ConstructorAccessor$ConstructorComparator] At ConstructorAccessor.java:[lines 66-69] SE_COMPARATOR_SHOULD_BE_SERIALIZABLE
[ERROR] Low: Invocation of reflect.Field.setAccessible(boolean), which should be invoked from within a doPrivileged block, in new hprose.io.access.DoubleFieldAccessor(Field) [hprose.io.access.DoubleFieldAccessor] At DoubleFieldAccessor.java:[line 33] DP_DO_INSIDE_DO_PRIVILEGED
[ERROR] Low: Invocation of reflect.Field.setAccessible(boolean), which should be invoked from within a doPrivileged block, in new hprose.io.access.FieldAccessor(Type, Field) [hprose.io.access.FieldAccessor] At FieldAccessor.java:[line 41] DP_DO_INSIDE_DO_PRIVILEGED
[ERROR] Low: Invocation of reflect.Field.setAccessible(boolean), which should be invoked from within a doPrivileged block, in new hprose.io.access.FloatFieldAccessor(Field) [hprose.io.access.FloatFieldAccessor] At FloatFieldAccessor.java:[line 33] DP_DO_INSIDE_DO_PRIVILEGED
[ERROR] Low: Invocation of reflect.Field.setAccessible(boolean), which should be invoked from within a doPrivileged block, in new hprose.io.access.IntFieldAccessor(Field) [hprose.io.access.IntFieldAccessor] At IntFieldAccessor.java:[line 33] DP_DO_INSIDE_DO_PRIVILEGED
[ERROR] Low: Invocation of reflect.Field.setAccessible(boolean), which should be invoked from within a doPrivileged block, in new hprose.io.access.LongFieldAccessor(Field) [hprose.io.access.LongFieldAccessor] At LongFieldAccessor.java:[line 33] DP_DO_INSIDE_DO_PRIVILEGED
[ERROR] Low: Invocation of reflect.Method.setAccessible(boolean), which should be invoked from within a doPrivileged block, in new hprose.io.access.PropertyAccessor(Type, Method, Method) [hprose.io.access.PropertyAccessor, hprose.io.access.PropertyAccessor] At PropertyAccessor.java:[line 43]Another occurrence at PropertyAccessor.java:[line 44] DP_DO_INSIDE_DO_PRIVILEGED
[ERROR] Low: Invocation of reflect.Field.setAccessible(boolean), which should be invoked from within a doPrivileged block, in new hprose.io.access.SafeFieldAccessor(Type, Field) [hprose.io.access.SafeFieldAccessor] At SafeFieldAccessor.java:[line 41] DP_DO_INSIDE_DO_PRIVILEGED
[ERROR] Low: Invocation of reflect.Field.setAccessible(boolean), which should be invoked from within a doPrivileged block, in new hprose.io.access.ShortFieldAccessor(Field) [hprose.io.access.ShortFieldAccessor] At ShortFieldAccessor.java:[line 33] DP_DO_INSIDE_DO_PRIVILEGED
[ERROR] Medium: Sequence of calls to java.util.concurrent.ConcurrentHashMap may not be atomic in hprose.io.serialize.OtherTypeSerializer.writeClass(Writer, Class) [hprose.io.serialize.OtherTypeSerializer] At OtherTypeSerializer.java:[line 83] AT_OPERATION_SEQUENCE_ON_CONCURRENT_ABSTRACTION
[ERROR] Medium: Sequence of calls to java.util.concurrent.ConcurrentHashMap may not be atomic in hprose.io.serialize.SerializerFactory.get(Class) [hprose.io.serialize.SerializerFactory] At SerializerFactory.java:[line 182] AT_OPERATION_SEQUENCE_ON_CONCURRENT_ABSTRACTION
[ERROR] Medium: int converted to long and passed as absolute time to new java.util.Date(long) in hprose.io.unserialize.DateTimeUnserializer.unserialize(Reader, int, Type) [hprose.io.unserialize.DateTimeUnserializer] At DateTimeUnserializer.java:[line 49] ICAST_INT_2_LONG_AS_INSTANT
[ERROR] Medium: int converted to long and passed as absolute time to new java.sql.Date(long) in hprose.io.unserialize.DateUnserializer.unserialize(Reader, int, Type) [hprose.io.unserialize.DateUnserializer] At DateUnserializer.java:[line 48] ICAST_INT_2_LONG_AS_INSTANT
[ERROR] Medium: int converted to long and passed as absolute time to new java.util.Date(long) in hprose.io.unserialize.HproseDateTimeUnserializer.unserialize(Reader, int, Type) [hprose.io.unserialize.HproseDateTimeUnserializer] At HproseDateTimeUnserializer.java:[line 50] ICAST_INT_2_LONG_AS_INSTANT
[ERROR] Low: hprose.io.unserialize.StringBufferUnserializer.unserialize(Reader, int, Type) uses the same code for two switch clauses [hprose.io.unserialize.StringBufferUnserializer, hprose.io.unserialize.StringBufferUnserializer, hprose.io.unserialize.StringBufferUnserializer] At StringBufferUnserializer.java:[line 52]At StringBufferUnserializer.java:[line 53]At StringBufferUnserializer.java:[line 54] DB_DUPLICATE_SWITCH_CLAUSES
[ERROR] Low: hprose.io.unserialize.StringUnserializer.unserialize(Reader, int, Type) uses the same code for two switch clauses [hprose.io.unserialize.StringUnserializer, hprose.io.unserialize.StringUnserializer, hprose.io.unserialize.StringUnserializer] At StringUnserializer.java:[line 50]At StringUnserializer.java:[line 51]At StringUnserializer.java:[line 52] DB_DUPLICATE_SWITCH_CLAUSES
[ERROR] Medium: Sequence of calls to java.util.concurrent.ConcurrentHashMap may not be atomic in hprose.io.unserialize.UnserializerFactory.get(Class) [hprose.io.unserialize.UnserializerFactory] At UnserializerFactory.java:[line 184] AT_OPERATION_SEQUENCE_ON_CONCURRENT_ABSTRACTION
[ERROR] Medium: Switch statement found in hprose.io.unserialize.ValueReader.readInt(Reader, int) where one case falls through to the next case [hprose.io.unserialize.ValueReader] At ValueReader.java:[lines 61-63] SF_SWITCH_FALLTHROUGH
[ERROR] Medium: Switch statement found in hprose.io.unserialize.ValueReader.readLong(Reader, int) where one case falls through to the next case [hprose.io.unserialize.ValueReader] At ValueReader.java:[lines 91-93] SF_SWITCH_FALLTHROUGH
[ERROR] Medium: Switch statement found in hprose.io.unserialize.ValueReader.readLongAsDouble(Reader) where one case falls through to the next case [hprose.io.unserialize.ValueReader] At ValueReader.java:[lines 151-153] SF_SWITCH_FALLTHROUGH
[ERROR] Medium: Switch statement found in hprose.io.unserialize.ValueReader.readLongAsFloat(Reader) where one case falls through to the next case [hprose.io.unserialize.ValueReader] At ValueReader.java:[lines 121-123] SF_SWITCH_FALLTHROUGH
[ERROR] Medium: Switch statement found in hprose.io.unserialize.ValueReader.readInt(Reader, int) where default case is missing [hprose.io.unserialize.ValueReader] At ValueReader.java:[lines 59-63] SF_SWITCH_NO_DEFAULT
[ERROR] Medium: Switch statement found in hprose.io.unserialize.ValueReader.readLong(Reader, int) where default case is missing [hprose.io.unserialize.ValueReader] At ValueReader.java:[lines 89-93] SF_SWITCH_NO_DEFAULT
[ERROR] Medium: Switch statement found in hprose.io.unserialize.ValueReader.readLongAsDouble(Reader) where default case is missing [hprose.io.unserialize.ValueReader] At ValueReader.java:[lines 149-153] SF_SWITCH_NO_DEFAULT
[ERROR] Medium: Switch statement found in hprose.io.unserialize.ValueReader.readLongAsFloat(Reader) where default case is missing [hprose.io.unserialize.ValueReader] At ValueReader.java:[lines 119-123] SF_SWITCH_NO_DEFAULT
[ERROR] Low: hprose.net.Connection.close(boolean, Exception) might ignore java.lang.Exception [hprose.net.Connection, hprose.net.Connection] At Connection.java:[line 101]At Connection.java:[line 101] DE_MIGHT_IGNORE
[ERROR] Medium: Synchronization performed on java.util.concurrent.ConcurrentLinkedQueue in hprose.net.Connection.send() [hprose.net.Connection] At Connection.java:[line 212] JLM_JSR166_UTILCONCURRENT_MONITORENTER
[ERROR] Low: Exceptional return value of java.util.Queue.offer(Object) ignored in hprose.net.Connection.send(ByteBuffer, Integer) [hprose.net.Connection] At Connection.java:[line 183] RV_RETURN_VALUE_IGNORED_BAD_PRACTICE
[ERROR] Low: Class hprose.net.Connector is final but declares protected field hprose.net.Connector.size [hprose.net.Connector] In Connector.java CI_CONFUSED_INHERITANCE
[ERROR] Medium: hprose.net.Connector.close() might ignore java.io.IOException [hprose.net.Connector, hprose.net.Connector] At Connector.java:[line 65]At Connector.java:[line 65] DE_MIGHT_IGNORE
[ERROR] Low: Exceptional return value of java.util.Queue.offer(Object) ignored in hprose.net.Connector.register(Connection) [hprose.net.Connector] At Connector.java:[line 118] RV_RETURN_VALUE_IGNORED_BAD_PRACTICE
[ERROR] Low: Unread public/protected field: hprose.net.Connector.size [hprose.net.Connector] At Connector.java:[line 35] URF_UNREAD_PUBLIC_OR_PROTECTED_FIELD
[ERROR] Medium: hprose.net.Reactor.process() might ignore java.nio.channels.ClosedChannelException [hprose.net.Reactor, hprose.net.Reactor] At Reactor.java:[line 78]At Reactor.java:[line 78] DE_MIGHT_IGNORE
[ERROR] Low: Exceptional return value of java.util.Queue.offer(Object) ignored in hprose.net.Reactor.register(Connection) [hprose.net.Reactor] At Reactor.java:[line 113] RV_RETURN_VALUE_IGNORED_BAD_PRACTICE
[ERROR] Low: Exceptional return value of java.util.Queue.offer(Object) ignored in hprose.net.Reactor.write(Connection) [hprose.net.Reactor] At Reactor.java:[line 118] RV_RETURN_VALUE_IGNORED_BAD_PRACTICE
[ERROR] Medium: hprose.net.TimeoutType.toString() may return null [hprose.net.TimeoutType] At TimeoutType.java:[line 31] NP_TOSTRING_COULD_RETURN_NULL
[ERROR] Low: Unchecked/unconfirmed cast from hprose.server.ServiceContext to hprose.server.HttpContext in hprose.server.HproseHttpService.fixArguments(Type[], Object[], ServiceContext) [hprose.server.HproseHttpService] At HproseHttpService.java:[line 111] BC_UNCONFIRMED_CAST
[ERROR] Medium: HTTP parameter directly written to HTTP header output in hprose.server.HproseHttpService.sendHeader(HttpContext) [hprose.server.HproseHttpService] At HproseHttpService.java:[line 159] HRS_REQUEST_PARAMETER_TO_HTTP_HEADER
[ERROR] Low: The class hprose.server.HproseHttpService$1 could be refactored into a named _static_ inner class [hprose.server.HproseHttpService] At HproseHttpService.java:[line 217] SIC_INNER_SHOULD_BE_STATIC_ANON
[ERROR] Low: The class hprose.server.HproseHttpService$3 could be refactored into a named _static_ inner class [hprose.server.HproseHttpService] At HproseHttpService.java:[line 290] SIC_INNER_SHOULD_BE_STATIC_ANON
[ERROR] Low: The class hprose.server.HproseHttpService$5 could be refactored into a named _static_ inner class [hprose.server.HproseHttpService] At HproseHttpService.java:[line 279] SIC_INNER_SHOULD_BE_STATIC_ANON
[ERROR] Low: Unchecked/unconfirmed cast from hprose.common.HproseContext to hprose.server.ServiceContext in hprose.server.HproseService.afterFilterHandler(ByteBuffer, HproseContext) [hprose.server.HproseService] At HproseService.java:[line 961] BC_UNCONFIRMED_CAST
[ERROR] Low: Unchecked/unconfirmed cast from hprose.common.HproseContext to hprose.server.ServiceContext in hprose.server.HproseService.beforeFilterHandler(ByteBuffer, HproseContext) [hprose.server.HproseService] At HproseService.java:[line 956] BC_UNCONFIRMED_CAST
[ERROR] Low: Unchecked/unconfirmed cast from hprose.common.HproseContext to hprose.server.ServiceContext in hprose.server.HproseService.invokeHandler(String, Object[], HproseContext) [hprose.server.HproseService] At HproseService.java:[line 951] BC_UNCONFIRMED_CAST
[ERROR] Low: Use of non-localized String.toUpperCase() or String.toLowerCase() in hprose.server.HproseService.doInvoke(ByteBufferStream, ServiceContext) [hprose.server.HproseService] At HproseService.java:[line 993] DM_CONVERT_CASE
[ERROR] Low: The class hprose.server.HproseService$11 could be refactored into a named _static_ inner class [hprose.server.HproseService] At HproseService.java:[line 1140] SIC_INNER_SHOULD_BE_STATIC_ANON
[ERROR] Low: The class hprose.server.HproseService$15 could be refactored into a named _static_ inner class [hprose.server.HproseService] At HproseService.java:[line 1364] SIC_INNER_SHOULD_BE_STATIC_ANON
[ERROR] Low: The class hprose.server.HproseService$16 could be refactored into a named _static_ inner class [hprose.server.HproseService] At HproseService.java:[line 1393] SIC_INNER_SHOULD_BE_STATIC_ANON
[ERROR] Low: The class hprose.server.HproseService$2 could be refactored into a named _static_ inner class [hprose.server.HproseService] At HproseService.java:[line 83] SIC_INNER_SHOULD_BE_STATIC_ANON
[ERROR] Low: The class hprose.server.HproseService$7 could be refactored into a named _static_ inner class [hprose.server.HproseService] At HproseService.java:[line 1053] SIC_INNER_SHOULD_BE_STATIC_ANON
[ERROR] Low: The class hprose.server.HproseService$8 could be refactored into a named _static_ inner class [hprose.server.HproseService] At HproseService.java:[line 1053] SIC_INNER_SHOULD_BE_STATIC_ANON
[ERROR] Low: Use of non-localized String.toUpperCase() or String.toLowerCase() in hprose.server.HproseServlet.init(ServletConfig) [hprose.server.HproseServlet, hprose.server.HproseServlet, hprose.server.HproseServlet, hprose.server.HproseServlet, hprose.server.HproseServlet] At HproseServlet.java:[line 44]Another occurrence at HproseServlet.java:[line 57]Another occurrence at HproseServlet.java:[line 64]Another occurrence at HproseServlet.java:[line 78]Another occurrence at HproseServlet.java:[line 85] DM_CONVERT_CASE
[ERROR] Low: Exception is caught when Exception is not thrown in hprose.server.HproseServlet.init(ServletConfig) [hprose.server.HproseServlet, hprose.server.HproseServlet, hprose.server.HproseServlet, hprose.server.HproseServlet, hprose.server.HproseServlet, hprose.server.HproseServlet] At HproseServlet.java:[line 98]Another occurrence at HproseServlet.java:[line 113]Another occurrence at HproseServlet.java:[line 128]Another occurrence at HproseServlet.java:[line 143]Another occurrence at HproseServlet.java:[line 158]Another occurrence at HproseServlet.java:[line 198] REC_CATCH_EXCEPTION
[ERROR] Medium: Class hprose.server.HproseServlet defines non-transient non-serializable instance field service [hprose.server.HproseServlet] In HproseServlet.java SE_BAD_FIELD
[ERROR] Medium: Switch statement found in hprose.server.HproseServlet.init(ServletConfig) where default case is missing [hprose.server.HproseServlet] At HproseServlet.java:[lines 240-249] SF_SWITCH_NO_DEFAULT
[ERROR] Low: Unchecked/unconfirmed cast from hprose.server.ServiceContext to hprose.server.TcpContext in hprose.server.HproseTcpServer.fixArguments(Type[], Object[], ServiceContext) [hprose.server.HproseTcpServer] At HproseTcpServer.java:[line 218] BC_UNCONFIRMED_CAST
[ERROR] Low: Unchecked/unconfirmed cast from hprose.server.ServiceContext to hprose.server.WebSocketContext in hprose.server.HproseWebSocketService.fixArguments(Type[], Object[], ServiceContext) [hprose.server.HproseWebSocketService] At HproseWebSocketService.java:[line 61] BC_UNCONFIRMED_CAST
[ERROR] Low: The class hprose.server.HproseWebSocketService$1 could be refactored into a named _static_ inner class [hprose.server.HproseWebSocketService] At HproseWebSocketService.java:[line 92] SIC_INNER_SHOULD_BE_STATIC_ANON
[ERROR] Low: The class hprose.server.HproseWebSocketService$2 could be refactored into a named _static_ inner class [hprose.server.HproseWebSocketService] At HproseWebSocketService.java:[line 92] SIC_INNER_SHOULD_BE_STATIC_ANON
[ERROR] High: Found reliance on default encoding in hprose.util.Base64.decode(String): String.getBytes() [hprose.util.Base64] At Base64.java:[line 76] DM_DEFAULT_ENCODING
[ERROR] Low: Use of non-localized String.toUpperCase() or String.toLowerCase() in hprose.util.CaseInsensitiveMap.convertKey(Object) [hprose.util.CaseInsensitiveMap] At CaseInsensitiveMap.java:[line 41] DM_CONVERT_CASE
[ERROR] Low: hprose.util.CaseInsensitiveMap is Serializable; consider declaring a serialVersionUID [hprose.util.CaseInsensitiveMap] At CaseInsensitiveMap.java:[lines 26-69] SE_NO_SERIALVERSIONID
[ERROR] Low: Use of non-localized String.toUpperCase() or String.toLowerCase() in hprose.util.LinkedCaseInsensitiveMap.convertKey(Object) [hprose.util.LinkedCaseInsensitiveMap] At LinkedCaseInsensitiveMap.java:[line 49] DM_CONVERT_CASE
[ERROR] Low: hprose.util.LinkedCaseInsensitiveMap is Serializable; consider declaring a serialVersionUID [hprose.util.LinkedCaseInsensitiveMap] At LinkedCaseInsensitiveMap.java:[lines 27-77] SE_NO_SERIALVERSIONID
[ERROR] High: Found reliance on default encoding in hprose.util.StrUtil.toString(byte[]): new String(byte[]) [hprose.util.StrUtil] At StrUtil.java:[line 33] DM_DEFAULT_ENCODING
[ERROR] Low: Should hprose.util.StrUtil.split(String, char, int) return a zero length array rather than null? [hprose.util.StrUtil] At StrUtil.java:[line 52] PZLA_PREFER_ZERO_LENGTH_ARRAYS
[ERROR] Low: Should hprose.util.concurrent.Promise$21.call(Object[]) return a zero length array rather than null? [hprose.util.concurrent.Promise$21] At Promise.java:[line 494] PZLA_PREFER_ZERO_LENGTH_ARRAYS
[ERROR] Low: Should hprose.util.concurrent.Promise$22.call(Object[]) return a zero length array rather than null? [hprose.util.concurrent.Promise$22] At Promise.java:[line 509] PZLA_PREFER_ZERO_LENGTH_ARRAYS
[ERROR] Low: Should hprose.util.concurrent.Promise$23.call(Object[]) return a zero length array rather than null? [hprose.util.concurrent.Promise$23] At Promise.java:[line 551] PZLA_PREFER_ZERO_LENGTH_ARRAYS
[ERROR] Low: Should hprose.util.concurrent.Promise$24.call(Object[]) return a zero length array rather than null? [hprose.util.concurrent.Promise$24] At Promise.java:[line 566] PZLA_PREFER_ZERO_LENGTH_ARRAYS
[ERROR] Low: Should hprose.util.concurrent.Promise$25.call(Object[]) return a zero length array rather than null? [hprose.util.concurrent.Promise$25] At Promise.java:[line 583] PZLA_PREFER_ZERO_LENGTH_ARRAYS
[ERROR] Low: Unconditional wait in hprose.util.concurrent.Threads$1.run() [hprose.util.concurrent.Threads$1] At Threads.java:[line 79] UW_UNCOND_WAIT
[INFO] 


To see bug detail using the Spotbugs GUI, use the following command "mvn spotbugs:gui"



[INFO] ------------------------------------------------------------------------
[INFO] BUILD FAILURE
[INFO] ------------------------------------------------------------------------
[INFO] Total time:  12.028 s
[INFO] Finished at: 2021-04-08T23:08:48+08:00
[INFO] ------------------------------------------------------------------------
[ERROR] Failed to execute goal com.github.spotbugs:spotbugs-maven-plugin:4.2.3-SNAPSHOT:check (default-cli) on project hprose-java: failed with 158 bugs and 0 errors -> [Help 1]
[ERROR] 
[ERROR] To see the full stack trace of the errors, re-run Maven with the -e switch.
[ERROR] Re-run Maven using the -X switch to enable full debug logging.
[ERROR] 
[ERROR] For more information about the errors and possible solutions, please read the following articles:
[ERROR] [Help 1] http://cwiki.apache.org/confluence/display/MAVEN/MojoExecutionException
[INFO] Build failures were ignored.
