WARNING: An illegal reflective access operation has occurred
WARNING: Illegal reflective access by com.google.inject.internal.cglib.core.$ReflectUtils$1 (file:/usr/share/maven/lib/guice.jar) to method java.lang.ClassLoader.defineClass(java.lang.String,byte[],int,int,java.security.ProtectionDomain)
WARNING: Please consider reporting this to the maintainers of com.google.inject.internal.cglib.core.$ReflectUtils$1
WARNING: Use --illegal-access=warn to enable warnings of further illegal reflective access operations
WARNING: All illegal access operations will be denied in a future release
[INFO] Scanning for projects...
[WARNING] 
[WARNING] Some problems were encountered while building the effective model for com.darkprograms.speech:java-speech-api:jar:1.13.0-SNAPSHOT
[WARNING] 'build.plugins.plugin.version' for org.apache.maven.plugins:maven-source-plugin is missing. @ line 103, column 17
[WARNING] 'build.plugins.plugin.version' for org.apache.maven.plugins:maven-javadoc-plugin is missing. @ line 115, column 17
[WARNING] 
[WARNING] It is highly recommended to fix these problems because they threaten the stability of your build.
[WARNING] 
[WARNING] For this reason, future Maven versions might no longer support building such malformed projects.
[WARNING] 
[INFO] 
[INFO] --------------< com.darkprograms.speech:java-speech-api >---------------
[INFO] Building java-speech-api 1.13.0-SNAPSHOT
[INFO] --------------------------------[ jar ]---------------------------------
[INFO] 
[INFO] >>> spotbugs-maven-plugin:4.2.3-SNAPSHOT:check (default-cli) > :spotbugs @ java-speech-api >>>
[INFO] 
[INFO] --- spotbugs-maven-plugin:4.2.3-SNAPSHOT:spotbugs (spotbugs) @ java-speech-api ---
[INFO] Fork Value is true
[INFO] Done SpotBugs Analysis....
[INFO] 
[INFO] <<< spotbugs-maven-plugin:4.2.3-SNAPSHOT:check (default-cli) < :spotbugs @ java-speech-api <<<
[INFO] 
[INFO] 
[INFO] --- spotbugs-maven-plugin:4.2.3-SNAPSHOT:check (default-cli) @ java-speech-api ---
[INFO] BugInstance size is 16
[INFO] Error size is 0
[INFO] Total bugs: 16
[ERROR] Medium: Integral division result cast to double or float in com.darkprograms.speech.microphone.MicrophoneAnalyzer.calculateRMSLevel(byte[]) [com.darkprograms.speech.microphone.MicrophoneAnalyzer] At MicrophoneAnalyzer.java:[line 64] ICAST_IDIV_CAST_TO_DOUBLE
[ERROR] Low: Should com.darkprograms.speech.microphone.MicrophoneAnalyzer.getBytes(int) return a zero length array rather than null? [com.darkprograms.speech.microphone.MicrophoneAnalyzer] At MicrophoneAnalyzer.java:[line 103] PZLA_PREFER_ZERO_LENGTH_ARRAYS
[ERROR] Low: Exception is caught when Exception is not thrown in com.darkprograms.speech.recognizer.FlacEncoder.convertWaveToFlac(File, File) [com.darkprograms.speech.recognizer.FlacEncoder] At FlacEncoder.java:[line 88] REC_CATCH_EXCEPTION
[ERROR] Medium: com.darkprograms.speech.recognizer.Recognizer.rawRequest(File, int, int) may fail to clean up java.io.InputStream on checked exception [com.darkprograms.speech.recognizer.Recognizer, com.darkprograms.speech.recognizer.Recognizer, com.darkprograms.speech.recognizer.Recognizer] Obligation to clean up resource created at Recognizer.java:[line 443] is not dischargedPath continues at Recognizer.java:[line 445]Path continues at Recognizer.java:[line 447] OBL_UNSATISFIED_OBLIGATION_EXCEPTION_EDGE
[ERROR] Low: com.darkprograms.speech.recognizer.Recognizer.rawRequest(File, int, int) may fail to close stream on exception [com.darkprograms.speech.recognizer.Recognizer] At Recognizer.java:[line 443] OS_OPEN_STREAM_EXCEPTION_PATH
[ERROR] Low: com.darkprograms.speech.recognizer.Recognizer.rawRequest(File, int, int) may fail to close stream on exception [com.darkprograms.speech.recognizer.Recognizer] At Recognizer.java:[line 455] OS_OPEN_STREAM_EXCEPTION_PATH
[ERROR] Medium: Exceptional return value of java.io.File.delete() ignored in com.darkprograms.speech.recognizer.Recognizer.getRecognizedDataForWave(File, int) [com.darkprograms.speech.recognizer.Recognizer] At Recognizer.java:[line 240] RV_RETURN_VALUE_IGNORED_BAD_PRACTICE
[ERROR] High: Found reliance on default encoding in com.darkprograms.speech.recognizer.RecognizerChunked$1.run(): new java.io.InputStreamReader(InputStream) [com.darkprograms.speech.recognizer.RecognizerChunked$1] At RecognizerChunked.java:[line 178] DM_DEFAULT_ENCODING
[ERROR] Medium: com.darkprograms.speech.recognizer.RecognizerChunked$1.run() may fail to close stream [com.darkprograms.speech.recognizer.RecognizerChunked$1] At RecognizerChunked.java:[line 178] OS_OPEN_STREAM
[ERROR] Low: Useless condition: it's known that resCode < 401 (0x191) at this point [com.darkprograms.speech.recognizer.RecognizerChunked$1] At RecognizerChunked.java:[line 180] UC_USELESS_CONDITION
[ERROR] Medium: Vacuous iand operation on d in com.darkprograms.speech.translator.GoogleTranslate.RL(int, String) [com.darkprograms.speech.translator.GoogleTranslate] At GoogleTranslate.java:[line 242] INT_VACUOUS_BIT_OPERATION
[ERROR] Medium: com.darkprograms.speech.translator.GoogleTranslate.urlToText(URL) may fail to close stream [com.darkprograms.speech.translator.GoogleTranslate] At GoogleTranslate.java:[line 154] OS_OPEN_STREAM
[ERROR] Medium: Redundant nullcheck of rawData, which is known to be non-null in com.darkprograms.speech.translator.GoogleTranslate.translate(String, String, String) [com.darkprograms.speech.translator.GoogleTranslate] Redundant null check at GoogleTranslate.java:[line 134] RCN_REDUNDANT_NULLCHECK_OF_NONNULL_VALUE
[ERROR] High: Found reliance on default encoding in com.darkprograms.speech.util.ChunkedOutputStream.done(): new java.io.PrintStream(OutputStream) [com.darkprograms.speech.util.ChunkedOutputStream] At ChunkedOutputStream.java:[line 115] DM_DEFAULT_ENCODING
[ERROR] Medium: com.darkprograms.speech.util.Complex defines equals(Complex) method and uses Object.equals(Object) [com.darkprograms.speech.util.Complex] At Complex.java:[lines 117-120] EQ_SELF_USE_OBJECT
[ERROR] Medium: com.darkprograms.speech.util.Complex defines equals and uses Object.hashCode() [com.darkprograms.speech.util.Complex] At Complex.java:[lines 117-120] HE_EQUALS_USE_HASHCODE
[INFO] 


To see bug detail using the Spotbugs GUI, use the following command "mvn spotbugs:gui"



[INFO] ------------------------------------------------------------------------
[INFO] BUILD FAILURE
[INFO] ------------------------------------------------------------------------
[INFO] Total time:  4.736 s
[INFO] Finished at: 2021-04-08T23:14:03+08:00
[INFO] ------------------------------------------------------------------------
[ERROR] Failed to execute goal com.github.spotbugs:spotbugs-maven-plugin:4.2.3-SNAPSHOT:check (default-cli) on project java-speech-api: failed with 16 bugs and 0 errors -> [Help 1]
[ERROR] 
[ERROR] To see the full stack trace of the errors, re-run Maven with the -e switch.
[ERROR] Re-run Maven using the -X switch to enable full debug logging.
[ERROR] 
[ERROR] For more information about the errors and possible solutions, please read the following articles:
[ERROR] [Help 1] http://cwiki.apache.org/confluence/display/MAVEN/MojoExecutionException
[INFO] Build failures were ignored.
