WARNING: An illegal reflective access operation has occurred
WARNING: Illegal reflective access by com.google.inject.internal.cglib.core.$ReflectUtils$1 (file:/usr/share/maven/lib/guice.jar) to method java.lang.ClassLoader.defineClass(java.lang.String,byte[],int,int,java.security.ProtectionDomain)
WARNING: Please consider reporting this to the maintainers of com.google.inject.internal.cglib.core.$ReflectUtils$1
WARNING: Use --illegal-access=warn to enable warnings of further illegal reflective access operations
WARNING: All illegal access operations will be denied in a future release
[INFO] Scanning for projects...
[INFO] 
[INFO] ------------------< org.glassfish:javaee-javascript >-------------------
[INFO] Building javaee-javascript 1.0-SNAPSHOT
[INFO] --------------------------------[ war ]---------------------------------
[INFO] 
[INFO] >>> spotbugs-maven-plugin:4.2.3-SNAPSHOT:check (default-cli) > :spotbugs @ javaee-javascript >>>
[INFO] 
[INFO] --- spotbugs-maven-plugin:4.2.3-SNAPSHOT:spotbugs (spotbugs) @ javaee-javascript ---
[INFO] Fork Value is true
[INFO] Done SpotBugs Analysis....
[INFO] 
[INFO] <<< spotbugs-maven-plugin:4.2.3-SNAPSHOT:check (default-cli) < :spotbugs @ javaee-javascript <<<
[INFO] 
[INFO] 
[INFO] --- spotbugs-maven-plugin:4.2.3-SNAPSHOT:check (default-cli) @ javaee-javascript ---
[INFO] BugInstance size is 2
[INFO] Error size is 0
[INFO] Total bugs: 2
[ERROR] Low: Unchecked/unconfirmed cast from Throwable to javax.validation.ConstraintViolationException of return value in org.glassfish.javaee.javascript.backend.chat.ChatServer.onError(Session, Throwable) [org.glassfish.javaee.javascript.backend.chat.ChatServer] At ChatServer.java:[line 110] BC_UNCONFIRMED_CAST_OF_RETURN_VALUE
[ERROR] Medium: Class org.glassfish.javaee.javascript.backend.todo.ToDoResource defines non-transient non-serializable instance field service [org.glassfish.javaee.javascript.backend.todo.ToDoResource] In ToDoResource.java SE_BAD_FIELD
[INFO] 


To see bug detail using the Spotbugs GUI, use the following command "mvn spotbugs:gui"



[INFO] ------------------------------------------------------------------------
[INFO] BUILD FAILURE
[INFO] ------------------------------------------------------------------------
[INFO] Total time:  4.207 s
[INFO] Finished at: 2021-04-08T23:16:14+08:00
[INFO] ------------------------------------------------------------------------
[ERROR] Failed to execute goal com.github.spotbugs:spotbugs-maven-plugin:4.2.3-SNAPSHOT:check (default-cli) on project javaee-javascript: failed with 2 bugs and 0 errors -> [Help 1]
[ERROR] 
[ERROR] To see the full stack trace of the errors, re-run Maven with the -e switch.
[ERROR] Re-run Maven using the -X switch to enable full debug logging.
[ERROR] 
[ERROR] For more information about the errors and possible solutions, please read the following articles:
[ERROR] [Help 1] http://cwiki.apache.org/confluence/display/MAVEN/MojoExecutionException
[INFO] Build failures were ignored.
