WARNING: An illegal reflective access operation has occurred
WARNING: Illegal reflective access by com.google.inject.internal.cglib.core.$ReflectUtils$1 (file:/usr/share/maven/lib/guice.jar) to method java.lang.ClassLoader.defineClass(java.lang.String,byte[],int,int,java.security.ProtectionDomain)
WARNING: Please consider reporting this to the maintainers of com.google.inject.internal.cglib.core.$ReflectUtils$1
WARNING: Use --illegal-access=warn to enable warnings of further illegal reflective access operations
WARNING: All illegal access operations will be denied in a future release
[INFO] Scanning for projects...
[WARNING] 
[WARNING] Some problems were encountered while building the effective model for com.alibaba.nacos:nacos-spring-context:jar:1.0.1
[WARNING] 'build.plugins.plugin.version' for io.spring.javaformat:spring-javaformat-maven-plugin is missing. @ com.alibaba.nacos:nacos-spring-parent:1.0.1, /home/codegex/Documents/workspace/rbugs/experiment/top100repos/nacos-spring-project/pom.xml, line 314, column 21
[WARNING] 'build.plugins.plugin.version' for org.apache.maven.plugins:maven-checkstyle-plugin is missing. @ com.alibaba.nacos:nacos-spring-parent:1.0.1, /home/codegex/Documents/workspace/rbugs/experiment/top100repos/nacos-spring-project/pom.xml, line 318, column 21
[WARNING] 'build.plugins.plugin.version' for org.apache.maven.plugins:maven-source-plugin is missing. @ com.alibaba.nacos:nacos-spring-parent:1.0.1, /home/codegex/Documents/workspace/rbugs/experiment/top100repos/nacos-spring-project/pom.xml, line 322, column 21
[WARNING] 'build.plugins.plugin.version' for org.apache.maven.plugins:maven-javadoc-plugin is missing. @ com.alibaba.nacos:nacos-spring-parent:1.0.1, /home/codegex/Documents/workspace/rbugs/experiment/top100repos/nacos-spring-project/pom.xml, line 281, column 21
[WARNING] 'build.plugins.plugin.version' for org.apache.maven.plugins:maven-eclipse-plugin is missing. @ com.alibaba.nacos:nacos-spring-parent:1.0.1, /home/codegex/Documents/workspace/rbugs/experiment/top100repos/nacos-spring-project/pom.xml, line 293, column 21
[WARNING] 
[WARNING] Some problems were encountered while building the effective model for com.alibaba.nacos:nacos-embedded-webserver:jar:1.0.1
[WARNING] 'build.plugins.plugin.version' for io.spring.javaformat:spring-javaformat-maven-plugin is missing. @ com.alibaba.nacos:nacos-spring-parent:1.0.1, /home/codegex/Documents/workspace/rbugs/experiment/top100repos/nacos-spring-project/pom.xml, line 314, column 21
[WARNING] 'build.plugins.plugin.version' for org.apache.maven.plugins:maven-checkstyle-plugin is missing. @ com.alibaba.nacos:nacos-spring-parent:1.0.1, /home/codegex/Documents/workspace/rbugs/experiment/top100repos/nacos-spring-project/pom.xml, line 318, column 21
[WARNING] 'build.plugins.plugin.version' for org.apache.maven.plugins:maven-source-plugin is missing. @ com.alibaba.nacos:nacos-spring-parent:1.0.1, /home/codegex/Documents/workspace/rbugs/experiment/top100repos/nacos-spring-project/pom.xml, line 322, column 21
[WARNING] 'build.plugins.plugin.version' for org.apache.maven.plugins:maven-javadoc-plugin is missing. @ com.alibaba.nacos:nacos-spring-parent:1.0.1, /home/codegex/Documents/workspace/rbugs/experiment/top100repos/nacos-spring-project/pom.xml, line 281, column 21
[WARNING] 'build.plugins.plugin.version' for org.apache.maven.plugins:maven-eclipse-plugin is missing. @ com.alibaba.nacos:nacos-spring-parent:1.0.1, /home/codegex/Documents/workspace/rbugs/experiment/top100repos/nacos-spring-project/pom.xml, line 293, column 21
[WARNING] 
[WARNING] Some problems were encountered while building the effective model for com.alibaba.nacos:nacos-spring-webmvc-sample:war:1.0.1
[WARNING] 'build.plugins.plugin.version' for io.spring.javaformat:spring-javaformat-maven-plugin is missing. @ com.alibaba.nacos:nacos-spring-parent:1.0.1, /home/codegex/Documents/workspace/rbugs/experiment/top100repos/nacos-spring-project/pom.xml, line 314, column 21
[WARNING] 'build.plugins.plugin.version' for org.apache.maven.plugins:maven-checkstyle-plugin is missing. @ com.alibaba.nacos:nacos-spring-parent:1.0.1, /home/codegex/Documents/workspace/rbugs/experiment/top100repos/nacos-spring-project/pom.xml, line 318, column 21
[WARNING] 'build.plugins.plugin.version' for org.apache.maven.plugins:maven-source-plugin is missing. @ com.alibaba.nacos:nacos-spring-parent:1.0.1, /home/codegex/Documents/workspace/rbugs/experiment/top100repos/nacos-spring-project/pom.xml, line 322, column 21
[WARNING] 'build.plugins.plugin.version' for org.apache.maven.plugins:maven-javadoc-plugin is missing. @ com.alibaba.nacos:nacos-spring-parent:1.0.1, /home/codegex/Documents/workspace/rbugs/experiment/top100repos/nacos-spring-project/pom.xml, line 281, column 21
[WARNING] 'build.plugins.plugin.version' for org.apache.maven.plugins:maven-deploy-plugin is missing. @ com.alibaba.nacos:nacos-spring-samples:1.0.1, /home/codegex/Documents/workspace/rbugs/experiment/top100repos/nacos-spring-project/nacos-spring-samples/pom.xml, line 36, column 21
[WARNING] 'build.plugins.plugin.version' for org.apache.maven.plugins:maven-eclipse-plugin is missing. @ com.alibaba.nacos:nacos-spring-parent:1.0.1, /home/codegex/Documents/workspace/rbugs/experiment/top100repos/nacos-spring-project/pom.xml, line 293, column 21
[WARNING] The expression ${artifactId} is deprecated. Please use ${project.artifactId} instead.
[WARNING] 
[WARNING] Some problems were encountered while building the effective model for com.alibaba.nacos:nacos-spring-samples:pom:1.0.1
[WARNING] 'build.plugins.plugin.version' for io.spring.javaformat:spring-javaformat-maven-plugin is missing. @ com.alibaba.nacos:nacos-spring-parent:1.0.1, /home/codegex/Documents/workspace/rbugs/experiment/top100repos/nacos-spring-project/pom.xml, line 314, column 21
[WARNING] 'build.plugins.plugin.version' for org.apache.maven.plugins:maven-checkstyle-plugin is missing. @ com.alibaba.nacos:nacos-spring-parent:1.0.1, /home/codegex/Documents/workspace/rbugs/experiment/top100repos/nacos-spring-project/pom.xml, line 318, column 21
[WARNING] 'build.plugins.plugin.version' for org.apache.maven.plugins:maven-source-plugin is missing. @ com.alibaba.nacos:nacos-spring-parent:1.0.1, /home/codegex/Documents/workspace/rbugs/experiment/top100repos/nacos-spring-project/pom.xml, line 322, column 21
[WARNING] 'build.plugins.plugin.version' for org.apache.maven.plugins:maven-javadoc-plugin is missing. @ com.alibaba.nacos:nacos-spring-parent:1.0.1, /home/codegex/Documents/workspace/rbugs/experiment/top100repos/nacos-spring-project/pom.xml, line 281, column 21
[WARNING] 'build.plugins.plugin.version' for org.apache.maven.plugins:maven-deploy-plugin is missing. @ line 36, column 21
[WARNING] 'build.plugins.plugin.version' for org.apache.maven.plugins:maven-eclipse-plugin is missing. @ com.alibaba.nacos:nacos-spring-parent:1.0.1, /home/codegex/Documents/workspace/rbugs/experiment/top100repos/nacos-spring-project/pom.xml, line 293, column 21
[WARNING] 
[WARNING] Some problems were encountered while building the effective model for com.alibaba.nacos:nacos-spring-parent:pom:1.0.1
[WARNING] 'build.plugins.plugin.version' for io.spring.javaformat:spring-javaformat-maven-plugin is missing. @ line 314, column 21
[WARNING] 'build.plugins.plugin.version' for org.apache.maven.plugins:maven-checkstyle-plugin is missing. @ line 318, column 21
[WARNING] 'build.plugins.plugin.version' for org.apache.maven.plugins:maven-source-plugin is missing. @ line 322, column 21
[WARNING] 'build.plugins.plugin.version' for org.apache.maven.plugins:maven-javadoc-plugin is missing. @ line 281, column 21
[WARNING] 'build.plugins.plugin.version' for org.apache.maven.plugins:maven-eclipse-plugin is missing. @ line 293, column 21
[WARNING] 
[WARNING] It is highly recommended to fix these problems because they threaten the stability of your build.
[WARNING] 
[WARNING] For this reason, future Maven versions might no longer support building such malformed projects.
[WARNING] 
[INFO] ------------------------------------------------------------------------
[INFO] Reactor Build Order:
[INFO] 
[INFO] Alibaba Nacos :: Spring :: POM                                     [pom]
[INFO] Alibaba Nacos :: Samples :: Embedded Web Server                    [jar]
[INFO] Alibaba Nacos :: Spring :: Context                                 [jar]
[INFO] Alibaba Nacos :: Samples :: POM                                    [pom]
[INFO] Alibaba Nacos :: Samples :: Spring Web MVC                         [war]
[INFO] 
[INFO] ---------------< com.alibaba.nacos:nacos-spring-parent >----------------
[INFO] Building Alibaba Nacos :: Spring :: POM 1.0.1                      [1/5]
[INFO] --------------------------------[ pom ]---------------------------------
[INFO] 
[INFO] >>> spotbugs-maven-plugin:4.2.3-SNAPSHOT:check (default-cli) > :spotbugs @ nacos-spring-parent >>>
[INFO] 
[INFO] --- spotbugs-maven-plugin:4.2.3-SNAPSHOT:spotbugs (spotbugs) @ nacos-spring-parent ---
[INFO] 
[INFO] <<< spotbugs-maven-plugin:4.2.3-SNAPSHOT:check (default-cli) < :spotbugs @ nacos-spring-parent <<<
[INFO] 
[INFO] 
[INFO] --- spotbugs-maven-plugin:4.2.3-SNAPSHOT:check (default-cli) @ nacos-spring-parent ---
[INFO] 
[INFO] -------------< com.alibaba.nacos:nacos-embedded-webserver >-------------
[INFO] Building Alibaba Nacos :: Samples :: Embedded Web Server 1.0.1     [2/5]
[INFO] --------------------------------[ jar ]---------------------------------
[INFO] 
[INFO] >>> spotbugs-maven-plugin:4.2.3-SNAPSHOT:check (default-cli) > :spotbugs @ nacos-embedded-webserver >>>
[INFO] 
[INFO] --- spotbugs-maven-plugin:4.2.3-SNAPSHOT:spotbugs (spotbugs) @ nacos-embedded-webserver ---
[INFO] Fork Value is true
[INFO] Done SpotBugs Analysis....
[INFO] 
[INFO] <<< spotbugs-maven-plugin:4.2.3-SNAPSHOT:check (default-cli) < :spotbugs @ nacos-embedded-webserver <<<
[INFO] 
[INFO] 
[INFO] --- spotbugs-maven-plugin:4.2.3-SNAPSHOT:check (default-cli) @ nacos-embedded-webserver ---
[INFO] BugInstance size is 0
[INFO] Error size is 0
[INFO] No errors/warnings found
[INFO] 
[INFO] ---------------< com.alibaba.nacos:nacos-spring-context >---------------
[INFO] Building Alibaba Nacos :: Spring :: Context 1.0.1                  [3/5]
[INFO] --------------------------------[ jar ]---------------------------------
[INFO] 
[INFO] >>> spotbugs-maven-plugin:4.2.3-SNAPSHOT:check (default-cli) > :spotbugs @ nacos-spring-context >>>
[INFO] 
[INFO] --- spotbugs-maven-plugin:4.2.3-SNAPSHOT:spotbugs (spotbugs) @ nacos-spring-context ---
[INFO] Fork Value is true
[INFO] Done SpotBugs Analysis....
[INFO] 
[INFO] <<< spotbugs-maven-plugin:4.2.3-SNAPSHOT:check (default-cli) < :spotbugs @ nacos-spring-context <<<
[INFO] 
[INFO] 
[INFO] --- spotbugs-maven-plugin:4.2.3-SNAPSHOT:check (default-cli) @ nacos-spring-context ---
[INFO] BugInstance size is 39
[INFO] Error size is 0
[INFO] Total bugs: 39
[ERROR] Low: Private method com.alibaba.nacos.spring.context.annotation.config.NacosConfigListenerMethodProcessor.resolveConfigService(Properties, ApplicationContext) is never called [com.alibaba.nacos.spring.context.annotation.config.NacosConfigListenerMethodProcessor] At NacosConfigListenerMethodProcessor.java:[lines 177-186] UPM_UNCALLED_PRIVATE_METHOD
[ERROR] Low: Class com.alibaba.nacos.spring.context.annotation.config.NacosValueAnnotationBeanPostProcessor implements same interface as superclass [com.alibaba.nacos.spring.context.annotation.config.NacosValueAnnotationBeanPostProcessor] At NacosValueAnnotationBeanPostProcessor.java:[lines 61-346] RI_REDUNDANT_INTERFACES
[ERROR] Low: Unread field: com.alibaba.nacos.spring.context.config.xml.NacosPropertySourceBeanDefinitionParser.logger [com.alibaba.nacos.spring.context.config.xml.NacosPropertySourceBeanDefinitionParser] At NacosPropertySourceBeanDefinitionParser.java:[line 45] URF_UNREAD_FIELD
[ERROR] Medium: com.alibaba.nacos.spring.context.config.xml.NacosPropertySourceXmlBeanDefinition doesn't override org.springframework.beans.factory.support.GenericBeanDefinition.equals(Object) [com.alibaba.nacos.spring.context.config.xml.NacosPropertySourceXmlBeanDefinition] At NacosPropertySourceXmlBeanDefinition.java:[line 1] EQ_DOESNT_OVERRIDE_EQUALS
[ERROR] Medium: Class com.alibaba.nacos.spring.context.config.xml.NacosPropertySourceXmlBeanDefinition defines non-transient non-serializable instance field xmlReaderContext [com.alibaba.nacos.spring.context.config.xml.NacosPropertySourceXmlBeanDefinition] In NacosPropertySourceXmlBeanDefinition.java SE_BAD_FIELD
[ERROR] Low: Class com.alibaba.nacos.spring.context.config.xml.NacosPropertySourceXmlBeanDefinition defines non-transient non-serializable instance field element [com.alibaba.nacos.spring.context.config.xml.NacosPropertySourceXmlBeanDefinition] In NacosPropertySourceXmlBeanDefinition.java SE_BAD_FIELD
[ERROR] Low: com.alibaba.nacos.spring.context.config.xml.NacosPropertySourceXmlBeanDefinition is Serializable; consider declaring a serialVersionUID [com.alibaba.nacos.spring.context.config.xml.NacosPropertySourceXmlBeanDefinition] At NacosPropertySourceXmlBeanDefinition.java:[lines 37-56] SE_NO_SERIALVERSIONID
[ERROR] Low: Exception is caught when Exception is not thrown in com.alibaba.nacos.spring.context.event.DeferredApplicationEventPublisher.publishEvent(ApplicationEvent) [com.alibaba.nacos.spring.context.event.DeferredApplicationEventPublisher] At DeferredApplicationEventPublisher.java:[line 65] REC_CATCH_EXCEPTION
[ERROR] Low: Class com.alibaba.nacos.spring.context.event.config.NacosConfigListenerRegisteredEvent defines non-transient non-serializable instance field listener [com.alibaba.nacos.spring.context.event.config.NacosConfigListenerRegisteredEvent] In NacosConfigListenerRegisteredEvent.java SE_BAD_FIELD
[ERROR] Low: com.alibaba.nacos.spring.context.event.config.NacosConfigListenerRegisteredEvent is Serializable; consider declaring a serialVersionUID [com.alibaba.nacos.spring.context.event.config.NacosConfigListenerRegisteredEvent] At NacosConfigListenerRegisteredEvent.java:[lines 44-54] SE_NO_SERIALVERSIONID
[ERROR] Low: Class com.alibaba.nacos.spring.context.event.config.NacosConfigMetadataEvent defines non-transient non-serializable instance field xmlResource [com.alibaba.nacos.spring.context.event.config.NacosConfigMetadataEvent] In NacosConfigMetadataEvent.java SE_BAD_FIELD
[ERROR] Low: com.alibaba.nacos.spring.context.event.config.NacosConfigMetadataEvent is Serializable; consider declaring a serialVersionUID [com.alibaba.nacos.spring.context.event.config.NacosConfigMetadataEvent] At NacosConfigMetadataEvent.java:[lines 68-166] SE_NO_SERIALVERSIONID
[ERROR] Low: com.alibaba.nacos.spring.context.event.config.NacosConfigPublishedEvent is Serializable; consider declaring a serialVersionUID [com.alibaba.nacos.spring.context.event.config.NacosConfigPublishedEvent] At NacosConfigPublishedEvent.java:[lines 35-57] SE_NO_SERIALVERSIONID
[ERROR] Low: com.alibaba.nacos.spring.context.event.config.NacosConfigReceivedEvent is Serializable; consider declaring a serialVersionUID [com.alibaba.nacos.spring.context.event.config.NacosConfigReceivedEvent] At NacosConfigReceivedEvent.java:[lines 34-49] SE_NO_SERIALVERSIONID
[ERROR] Low: com.alibaba.nacos.spring.context.event.config.NacosConfigRemovedEvent is Serializable; consider declaring a serialVersionUID [com.alibaba.nacos.spring.context.event.config.NacosConfigRemovedEvent] At NacosConfigRemovedEvent.java:[lines 33-44] SE_NO_SERIALVERSIONID
[ERROR] Low: com.alibaba.nacos.spring.context.event.config.NacosConfigTimeoutEvent is Serializable; consider declaring a serialVersionUID [com.alibaba.nacos.spring.context.event.config.NacosConfigTimeoutEvent] At NacosConfigTimeoutEvent.java:[lines 43-63] SE_NO_SERIALVERSIONID
[ERROR] Low: Class com.alibaba.nacos.spring.context.event.config.NacosConfigurationPropertiesBeanBoundEvent defines non-transient non-serializable instance field properties [com.alibaba.nacos.spring.context.event.config.NacosConfigurationPropertiesBeanBoundEvent] In NacosConfigurationPropertiesBeanBoundEvent.java SE_BAD_FIELD
[ERROR] Low: com.alibaba.nacos.spring.context.event.config.NacosConfigurationPropertiesBeanBoundEvent is Serializable; consider declaring a serialVersionUID [com.alibaba.nacos.spring.context.event.config.NacosConfigurationPropertiesBeanBoundEvent] At NacosConfigurationPropertiesBeanBoundEvent.java:[lines 52-72] SE_NO_SERIALVERSIONID
[ERROR] Low: Exception is caught when Exception is not thrown in com.alibaba.nacos.spring.context.properties.config.NacosConfigurationPropertiesBindingPostProcessor.bind(Object, String, NacosConfigurationProperties) [com.alibaba.nacos.spring.context.properties.config.NacosConfigurationPropertiesBindingPostProcessor] At NacosConfigurationPropertiesBindingPostProcessor.java:[line 87] REC_CATCH_EXCEPTION
[ERROR] Medium: Write to static field com.alibaba.nacos.spring.core.env.NacosPropertySourcePostProcessor.beanFactory from instance method com.alibaba.nacos.spring.core.env.NacosPropertySourcePostProcessor.postProcessBeanFactory(ConfigurableListableBeanFactory) [com.alibaba.nacos.spring.core.env.NacosPropertySourcePostProcessor] At NacosPropertySourcePostProcessor.java:[line 162] ST_WRITE_TO_STATIC_FROM_INSTANCE_METHOD
[ERROR] Medium: Dead store to length in com.alibaba.nacos.spring.core.env.XmlNacosPropertySourceBuilder.initAttributesMetadata(NacosPropertySource, Element) [com.alibaba.nacos.spring.core.env.XmlNacosPropertySourceBuilder] At XmlNacosPropertySourceBuilder.java:[line 140] DLS_DEAD_LOCAL_STORE
[ERROR] Low: Use of non-localized String.toUpperCase() or String.toLowerCase() in com.alibaba.nacos.spring.core.env.XmlNacosPropertySourceBuilder.resolveRuntimeAttributesArray(NacosPropertySourceXmlBeanDefinition, Properties) [com.alibaba.nacos.spring.core.env.XmlNacosPropertySourceBuilder] At XmlNacosPropertySourceBuilder.java:[line 94] DM_CONVERT_CASE
[ERROR] Medium: Method com.alibaba.nacos.spring.core.env.XmlNacosPropertySourceBuilder.initAttributesMetadata(NacosPropertySource, Element) seems to be useless [com.alibaba.nacos.spring.core.env.XmlNacosPropertySourceBuilder] At XmlNacosPropertySourceBuilder.java:[line 141] UC_USELESS_VOID_METHOD
[ERROR] Low: Use of non-localized String.toUpperCase() or String.toLowerCase() in com.alibaba.nacos.spring.enums.FileTypeEnum.getFileTypeEnumByFileExtensionOrFileType(String) [com.alibaba.nacos.spring.enums.FileTypeEnum] At FileTypeEnum.java:[line 94] DM_CONVERT_CASE
[ERROR] Low: Use of non-localized String.toUpperCase() or String.toLowerCase() in com.alibaba.nacos.spring.util.ConfigParseUtils.<static initializer for ConfigParseUtils>() [com.alibaba.nacos.spring.util.ConfigParseUtils, com.alibaba.nacos.spring.util.ConfigParseUtils, com.alibaba.nacos.spring.util.ConfigParseUtils, com.alibaba.nacos.spring.util.ConfigParseUtils, com.alibaba.nacos.spring.util.ConfigParseUtils] At ConfigParseUtils.java:[line 50]Another occurrence at ConfigParseUtils.java:[line 52]Another occurrence at ConfigParseUtils.java:[line 54]Another occurrence at ConfigParseUtils.java:[line 56]Another occurrence at ConfigParseUtils.java:[line 63] DM_CONVERT_CASE
[ERROR] Low: Use of non-localized String.toUpperCase() or String.toLowerCase() in com.alibaba.nacos.spring.util.ConfigParseUtils.toProperties(String, String) [com.alibaba.nacos.spring.util.ConfigParseUtils] At ConfigParseUtils.java:[line 91] DM_CONVERT_CASE
[ERROR] Low: Use of non-localized String.toUpperCase() or String.toLowerCase() in com.alibaba.nacos.spring.util.ConfigParseUtils.toProperties(String, String, String, String) [com.alibaba.nacos.spring.util.ConfigParseUtils] At ConfigParseUtils.java:[line 110] DM_CONVERT_CASE
[ERROR] Low: Unchecked/unconfirmed cast from org.springframework.beans.factory.support.BeanDefinitionRegistry to org.springframework.beans.factory.ListableBeanFactory in com.alibaba.nacos.spring.util.NacosBeanUtils.isBeanDefinitionPresent(BeanDefinitionRegistry, String, Class) [com.alibaba.nacos.spring.util.NacosBeanUtils] At NacosBeanUtils.java:[line 207] BC_UNCONFIRMED_CAST
[ERROR] Low: Use of non-localized String.toUpperCase() or String.toLowerCase() in com.alibaba.nacos.spring.util.NacosUtils.toProperties(String, String, String, String) [com.alibaba.nacos.spring.util.NacosUtils] At NacosUtils.java:[line 501] DM_CONVERT_CASE
[ERROR] Medium: Exception is caught when Exception is not thrown in com.alibaba.nacos.spring.util.NacosUtils$1.doWith(Method) [com.alibaba.nacos.spring.util.NacosUtils$1] At NacosUtils.java:[line 192] REC_CATCH_EXCEPTION
[ERROR] Low: Invocation of reflect.Field.setAccessible(boolean), which should be invoked from within a doPrivileged block, in com.alibaba.nacos.spring.util.ObjectUtils$1.doWith(Field) [com.alibaba.nacos.spring.util.ObjectUtils$1] At ObjectUtils.java:[line 47] DP_DO_INSIDE_DO_PRIVILEGED
[ERROR] Low: Unread field: com.alibaba.nacos.spring.util.config.NacosConfigLoader.environment [com.alibaba.nacos.spring.util.config.NacosConfigLoader] At NacosConfigLoader.java:[line 51] URF_UNREAD_FIELD
[ERROR] Low: The class com.alibaba.nacos.spring.util.parse.DefaultJsonConfigParse$1 could be refactored into a named _static_ inner class [com.alibaba.nacos.spring.util.parse.DefaultJsonConfigParse] At DefaultJsonConfigParse.java:[line 36] SIC_INNER_SHOULD_BE_STATIC_ANON
[ERROR] Medium: com.alibaba.nacos.spring.util.parse.DefaultPropertiesConfigParse$OriginTrackedValue.toString() may return null [com.alibaba.nacos.spring.util.parse.DefaultPropertiesConfigParse$OriginTrackedValue, com.alibaba.nacos.spring.util.parse.DefaultPropertiesConfigParse$OriginTrackedValue] Returned at DefaultPropertiesConfigParse.java:[line 156]Known null at DefaultPropertiesConfigParse.java:[line 156] NP_TOSTRING_COULD_RETURN_NULL
[ERROR] Low: new com.alibaba.nacos.spring.util.parse.DefaultPropertiesConfigParse$TextResourceOrigin(DefaultPropertiesConfigParse, Resource, DefaultPropertiesConfigParse$Location) needlessly instantiates a class that only supplies static methods [com.alibaba.nacos.spring.util.parse.DefaultPropertiesConfigParse$TextResourceOrigin] At DefaultPropertiesConfigParse.java:[line 519] ISC_INSTANTIATE_STATIC_CLASS
[ERROR] Low: Dead store to lastName in com.alibaba.nacos.spring.util.parse.DefaultXmlConfigParse.mapToProperties(String, Map, Object) [com.alibaba.nacos.spring.util.parse.DefaultXmlConfigParse] At DefaultXmlConfigParse.java:[line 140] DLS_DEAD_LOCAL_STORE
[ERROR] Low: Exception is caught when Exception is not thrown in com.alibaba.nacos.spring.util.parse.DefaultXmlConfigParse.parse(String) [com.alibaba.nacos.spring.util.parse.DefaultXmlConfigParse] At DefaultXmlConfigParse.java:[line 91] REC_CATCH_EXCEPTION
[ERROR] Low: The class com.alibaba.nacos.spring.util.parse.DefaultYamlConfigParse$1 could be refactored into a named _static_ inner class [com.alibaba.nacos.spring.util.parse.DefaultYamlConfigParse] At DefaultYamlConfigParse.java:[line 153] SIC_INNER_SHOULD_BE_STATIC_ANON
[ERROR] Low: The class com.alibaba.nacos.spring.util.parse.DefaultYamlConfigParse$MapAppenderConstructor$1 could be refactored into a named _static_ inner class [com.alibaba.nacos.spring.util.parse.DefaultYamlConfigParse$MapAppenderConstructor] At DefaultYamlConfigParse.java:[line 197] SIC_INNER_SHOULD_BE_STATIC_ANON
[INFO] 


To see bug detail using the Spotbugs GUI, use the following command "mvn spotbugs:gui"



[INFO] 
[INFO] ---------------< com.alibaba.nacos:nacos-spring-samples >---------------
[INFO] Building Alibaba Nacos :: Samples :: POM 1.0.1                     [4/5]
[INFO] --------------------------------[ pom ]---------------------------------
[INFO] 
[INFO] >>> spotbugs-maven-plugin:4.2.3-SNAPSHOT:check (default-cli) > :spotbugs @ nacos-spring-samples >>>
[INFO] 
[INFO] --- spotbugs-maven-plugin:4.2.3-SNAPSHOT:spotbugs (spotbugs) @ nacos-spring-samples ---
[INFO] 
[INFO] <<< spotbugs-maven-plugin:4.2.3-SNAPSHOT:check (default-cli) < :spotbugs @ nacos-spring-samples <<<
[INFO] 
[INFO] 
[INFO] --- spotbugs-maven-plugin:4.2.3-SNAPSHOT:check (default-cli) @ nacos-spring-samples ---
[INFO] 
[INFO] ------------< com.alibaba.nacos:nacos-spring-webmvc-sample >------------
[INFO] Building Alibaba Nacos :: Samples :: Spring Web MVC 1.0.1          [5/5]
[INFO] --------------------------------[ war ]---------------------------------
[INFO] 
[INFO] >>> spotbugs-maven-plugin:4.2.3-SNAPSHOT:check (default-cli) > :spotbugs @ nacos-spring-webmvc-sample >>>
[INFO] 
[INFO] --- spotbugs-maven-plugin:4.2.3-SNAPSHOT:spotbugs (spotbugs) @ nacos-spring-webmvc-sample ---
[INFO] Fork Value is true
[INFO] Done SpotBugs Analysis....
[INFO] 
[INFO] <<< spotbugs-maven-plugin:4.2.3-SNAPSHOT:check (default-cli) < :spotbugs @ nacos-spring-webmvc-sample <<<
[INFO] 
[INFO] 
[INFO] --- spotbugs-maven-plugin:4.2.3-SNAPSHOT:check (default-cli) @ nacos-spring-webmvc-sample ---
[INFO] BugInstance size is 6
[INFO] Error size is 0
[INFO] Total bugs: 6
[ERROR] Medium: com.alibaba.nacos.samples.spring.domain.Pojo.getCreated() may expose internal representation by returning Pojo.created [com.alibaba.nacos.samples.spring.domain.Pojo] At Pojo.java:[line 67] EI_EXPOSE_REP
[ERROR] Medium: com.alibaba.nacos.samples.spring.domain.Pojo.setCreated(Date) may expose internal representation by storing an externally mutable object into Pojo.created [com.alibaba.nacos.samples.spring.domain.Pojo] At Pojo.java:[line 71] EI_EXPOSE_REP2
[ERROR] Low: The class com.alibaba.nacos.samples.spring.event.NacosEventListenerConfiguration$1 could be refactored into a named _static_ inner class [com.alibaba.nacos.samples.spring.event.NacosEventListenerConfiguration] At NacosEventListenerConfiguration.java:[line 64] SIC_INNER_SHOULD_BE_STATIC_ANON
[ERROR] Low: The class com.alibaba.nacos.samples.spring.event.NacosEventListenerConfiguration$2 could be refactored into a named _static_ inner class [com.alibaba.nacos.samples.spring.event.NacosEventListenerConfiguration] At NacosEventListenerConfiguration.java:[line 79] SIC_INNER_SHOULD_BE_STATIC_ANON
[ERROR] Low: The class com.alibaba.nacos.samples.spring.event.NacosEventListenerConfiguration$3 could be refactored into a named _static_ inner class [com.alibaba.nacos.samples.spring.event.NacosEventListenerConfiguration] At NacosEventListenerConfiguration.java:[line 93] SIC_INNER_SHOULD_BE_STATIC_ANON
[ERROR] Low: The class com.alibaba.nacos.samples.spring.event.NacosEventListenerConfiguration$4 could be refactored into a named _static_ inner class [com.alibaba.nacos.samples.spring.event.NacosEventListenerConfiguration] At NacosEventListenerConfiguration.java:[line 107] SIC_INNER_SHOULD_BE_STATIC_ANON
[INFO] 


To see bug detail using the Spotbugs GUI, use the following command "mvn spotbugs:gui"



[INFO] ------------------------------------------------------------------------
[INFO] Reactor Summary for Alibaba Nacos :: Spring :: POM 1.0.1:
[INFO] 
[INFO] Alibaba Nacos :: Spring :: POM ..................... SUCCESS [  0.913 s]
[INFO] Alibaba Nacos :: Samples :: Embedded Web Server .... SUCCESS [  3.105 s]
[INFO] Alibaba Nacos :: Spring :: Context ................. FAILURE [  4.011 s]
[INFO] Alibaba Nacos :: Samples :: POM .................... SUCCESS [  0.006 s]
[INFO] Alibaba Nacos :: Samples :: Spring Web MVC ......... FAILURE [  2.173 s]
[INFO] ------------------------------------------------------------------------
[INFO] BUILD FAILURE
[INFO] ------------------------------------------------------------------------
[INFO] Total time:  10.665 s
[INFO] Finished at: 2021-04-08T23:21:51+08:00
[INFO] ------------------------------------------------------------------------
[ERROR] Failed to execute goal com.github.spotbugs:spotbugs-maven-plugin:4.2.3-SNAPSHOT:check (default-cli) on project nacos-spring-context: failed with 39 bugs and 0 errors -> [Help 1]
[ERROR] Failed to execute goal com.github.spotbugs:spotbugs-maven-plugin:4.2.3-SNAPSHOT:check (default-cli) on project nacos-spring-webmvc-sample: failed with 6 bugs and 0 errors -> [Help 1]
[ERROR] 
[ERROR] To see the full stack trace of the errors, re-run Maven with the -e switch.
[ERROR] Re-run Maven using the -X switch to enable full debug logging.
[ERROR] 
[ERROR] For more information about the errors and possible solutions, please read the following articles:
[ERROR] [Help 1] http://cwiki.apache.org/confluence/display/MAVEN/MojoExecutionException
[ERROR] 
[ERROR] After correcting the problems, you can resume the build with the command
[ERROR]   mvn <args> -rf :nacos-spring-context
[INFO] Build failures were ignored.
