WARNING: An illegal reflective access operation has occurred
WARNING: Illegal reflective access by com.google.inject.internal.cglib.core.$ReflectUtils$1 (file:/usr/share/maven/lib/guice.jar) to method java.lang.ClassLoader.defineClass(java.lang.String,byte[],int,int,java.security.ProtectionDomain)
WARNING: Please consider reporting this to the maintainers of com.google.inject.internal.cglib.core.$ReflectUtils$1
WARNING: Use --illegal-access=warn to enable warnings of further illegal reflective access operations
WARNING: All illegal access operations will be denied in a future release
[INFO] Scanning for projects...
[INFO] ------------------------------------------------------------------------
[INFO] Reactor Build Order:
[INFO] 
[INFO] pandomium-parent                                                   [pom]
[INFO] pandomium                                                          [jar]
[INFO] 
[INFO] ------------------< org.panda-lang:pandomium-parent >-------------------
[INFO] Building pandomium-parent 67.0.6                                   [1/2]
[INFO] --------------------------------[ pom ]---------------------------------
[INFO] 
[INFO] >>> spotbugs-maven-plugin:4.2.3-SNAPSHOT:check (default-cli) > :spotbugs @ pandomium-parent >>>
[INFO] 
[INFO] --- spotbugs-maven-plugin:4.2.3-SNAPSHOT:spotbugs (spotbugs) @ pandomium-parent ---
[INFO] 
[INFO] <<< spotbugs-maven-plugin:4.2.3-SNAPSHOT:check (default-cli) < :spotbugs @ pandomium-parent <<<
[INFO] 
[INFO] 
[INFO] --- spotbugs-maven-plugin:4.2.3-SNAPSHOT:check (default-cli) @ pandomium-parent ---
[INFO] 
[INFO] ----------------------< org.panda-lang:pandomium >----------------------
[INFO] Building pandomium 67.0.6                                          [2/2]
[INFO] --------------------------------[ jar ]---------------------------------
[INFO] 
[INFO] >>> spotbugs-maven-plugin:4.2.3-SNAPSHOT:check (default-cli) > :spotbugs @ pandomium >>>
[INFO] 
[INFO] --- spotbugs-maven-plugin:4.2.3-SNAPSHOT:spotbugs (spotbugs) @ pandomium ---
[INFO] Fork Value is true
[INFO] Done SpotBugs Analysis....
[INFO] 
[INFO] <<< spotbugs-maven-plugin:4.2.3-SNAPSHOT:check (default-cli) < :spotbugs @ pandomium <<<
[INFO] 
[INFO] 
[INFO] --- spotbugs-maven-plugin:4.2.3-SNAPSHOT:check (default-cli) @ pandomium ---
[INFO] BugInstance size is 5
[INFO] Error size is 0
[INFO] Total bugs: 5
[ERROR] High: org.panda_lang.pandomium.PandomiumLogger.PANDOMIUM_LOGGER isn't final but should be [org.panda_lang.pandomium.PandomiumLogger] At PandomiumLogger.java:[line 7] MS_SHOULD_BE_FINAL
[ERROR] Medium: Exceptional return value of java.io.File.createNewFile() ignored in org.panda_lang.pandomium.util.ArchiveUtils.unpackTarArchiveEntry(TarArchiveInputStream, TarArchiveEntry, File) [org.panda_lang.pandomium.util.ArchiveUtils] At ArchiveUtils.java:[line 51] RV_RETURN_VALUE_IGNORED_BAD_PRACTICE
[ERROR] Medium: Exceptional return value of java.io.File.mkdirs() ignored in org.panda_lang.pandomium.util.ArchiveUtils.unpackTarArchiveEntry(TarArchiveInputStream, TarArchiveEntry, File) [org.panda_lang.pandomium.util.ArchiveUtils] At ArchiveUtils.java:[line 50] RV_RETURN_VALUE_IGNORED_BAD_PRACTICE
[ERROR] Low: Invocation of reflect.Field.setAccessible(boolean), which should be invoked from within a doPrivileged block, in org.panda_lang.pandomium.util.SystemUtils.injectLibraryPath(String) [org.panda_lang.pandomium.util.SystemUtils] At SystemUtils.java:[line 12] DP_DO_INSIDE_DO_PRIVILEGED
[ERROR] Low: Use of non-localized String.toUpperCase() or String.toLowerCase() in org.panda_lang.pandomium.util.os.PandomiumOS.getOSType() [org.panda_lang.pandomium.util.os.PandomiumOS] At PandomiumOS.java:[line 20] DM_CONVERT_CASE
[INFO] 


To see bug detail using the Spotbugs GUI, use the following command "mvn spotbugs:gui"



[INFO] ------------------------------------------------------------------------
[INFO] Reactor Summary for pandomium-parent 67.0.6:
[INFO] 
[INFO] pandomium-parent ................................... SUCCESS [  0.970 s]
[INFO] pandomium .......................................... FAILURE [  3.316 s]
[INFO] ------------------------------------------------------------------------
[INFO] BUILD FAILURE
[INFO] ------------------------------------------------------------------------
[INFO] Total time:  4.385 s
[INFO] Finished at: 2021-04-08T23:07:35+08:00
[INFO] ------------------------------------------------------------------------
[ERROR] Failed to execute goal com.github.spotbugs:spotbugs-maven-plugin:4.2.3-SNAPSHOT:check (default-cli) on project pandomium: failed with 5 bugs and 0 errors -> [Help 1]
[ERROR] 
[ERROR] To see the full stack trace of the errors, re-run Maven with the -e switch.
[ERROR] Re-run Maven using the -X switch to enable full debug logging.
[ERROR] 
[ERROR] For more information about the errors and possible solutions, please read the following articles:
[ERROR] [Help 1] http://cwiki.apache.org/confluence/display/MAVEN/MojoExecutionException
[ERROR] 
[ERROR] After correcting the problems, you can resume the build with the command
[ERROR]   mvn <args> -rf :pandomium
[INFO] Build failures were ignored.
