WARNING: An illegal reflective access operation has occurred
WARNING: Illegal reflective access by com.google.inject.internal.cglib.core.$ReflectUtils$1 (file:/usr/share/maven/lib/guice.jar) to method java.lang.ClassLoader.defineClass(java.lang.String,byte[],int,int,java.security.ProtectionDomain)
WARNING: Please consider reporting this to the maintainers of com.google.inject.internal.cglib.core.$ReflectUtils$1
WARNING: Use --illegal-access=warn to enable warnings of further illegal reflective access operations
WARNING: All illegal access operations will be denied in a future release
[INFO] Scanning for projects...
[INFO] 
[INFO] --< org.learning.by.example.reactive.microservices:reactive-ms-example >--
[INFO] Building reactive-ms-example 1.1.2
[INFO] --------------------------------[ jar ]---------------------------------
[INFO] 
[INFO] >>> spotbugs-maven-plugin:4.2.3-SNAPSHOT:check (default-cli) > :spotbugs @ reactive-ms-example >>>
[INFO] 
[INFO] --- spotbugs-maven-plugin:4.2.3-SNAPSHOT:spotbugs (spotbugs) @ reactive-ms-example ---
[INFO] Fork Value is true
[INFO] Done SpotBugs Analysis....
[INFO] 
[INFO] <<< spotbugs-maven-plugin:4.2.3-SNAPSHOT:check (default-cli) < :spotbugs @ reactive-ms-example <<<
[INFO] 
[INFO] 
[INFO] --- spotbugs-maven-plugin:4.2.3-SNAPSHOT:check (default-cli) @ reactive-ms-example ---
[INFO] BugInstance size is 35
[INFO] Error size is 0
[INFO] Total bugs: 35
[ERROR] Medium: org.learning.by.example.reactive.microservices.model.GeoLocationResponse.getResults() may expose internal representation by returning GeoLocationResponse.results [org.learning.by.example.reactive.microservices.model.GeoLocationResponse] At GeoLocationResponse.java:[line 22] EI_EXPOSE_REP
[ERROR] Medium: new org.learning.by.example.reactive.microservices.model.GeoLocationResponse(GeoLocationResponse$Result[], String) may expose internal representation by storing an externally mutable object into GeoLocationResponse.results [org.learning.by.example.reactive.microservices.model.GeoLocationResponse] At GeoLocationResponse.java:[line 13] EI_EXPOSE_REP2
[ERROR] Medium: new org.learning.by.example.reactive.microservices.model.GeoLocationResponse$Result(GeoLocationResponse$Result$Address_component[], String, GeoLocationResponse$Result$Geometry, String, String[]) may expose internal representation by storing an externally mutable object into GeoLocationResponse$Result.address_components [org.learning.by.example.reactive.microservices.model.GeoLocationResponse$Result] At GeoLocationResponse.java:[line 39] EI_EXPOSE_REP2
[ERROR] Medium: new org.learning.by.example.reactive.microservices.model.GeoLocationResponse$Result(GeoLocationResponse$Result$Address_component[], String, GeoLocationResponse$Result$Geometry, String, String[]) may expose internal representation by storing an externally mutable object into GeoLocationResponse$Result.types [org.learning.by.example.reactive.microservices.model.GeoLocationResponse$Result] At GeoLocationResponse.java:[line 43] EI_EXPOSE_REP2
[ERROR] Low: Unread field: org.learning.by.example.reactive.microservices.model.GeoLocationResponse$Result.address_components [org.learning.by.example.reactive.microservices.model.GeoLocationResponse$Result] At GeoLocationResponse.java:[line 39] URF_UNREAD_FIELD
[ERROR] Low: Unread field: org.learning.by.example.reactive.microservices.model.GeoLocationResponse$Result.formatted_address [org.learning.by.example.reactive.microservices.model.GeoLocationResponse$Result] At GeoLocationResponse.java:[line 40] URF_UNREAD_FIELD
[ERROR] Low: Unread field: org.learning.by.example.reactive.microservices.model.GeoLocationResponse$Result.place_id [org.learning.by.example.reactive.microservices.model.GeoLocationResponse$Result] At GeoLocationResponse.java:[line 42] URF_UNREAD_FIELD
[ERROR] Low: Unread field: org.learning.by.example.reactive.microservices.model.GeoLocationResponse$Result.types [org.learning.by.example.reactive.microservices.model.GeoLocationResponse$Result] At GeoLocationResponse.java:[line 43] URF_UNREAD_FIELD
[ERROR] Medium: new org.learning.by.example.reactive.microservices.model.GeoLocationResponse$Result$Address_component(String, String, String[]) may expose internal representation by storing an externally mutable object into GeoLocationResponse$Result$Address_component.types [org.learning.by.example.reactive.microservices.model.GeoLocationResponse$Result$Address_component] At GeoLocationResponse.java:[line 55] EI_EXPOSE_REP2
[ERROR] Low: Unread field: org.learning.by.example.reactive.microservices.model.GeoLocationResponse$Result$Address_component.long_name [org.learning.by.example.reactive.microservices.model.GeoLocationResponse$Result$Address_component] At GeoLocationResponse.java:[line 53] URF_UNREAD_FIELD
[ERROR] Low: Unread field: org.learning.by.example.reactive.microservices.model.GeoLocationResponse$Result$Address_component.short_name [org.learning.by.example.reactive.microservices.model.GeoLocationResponse$Result$Address_component] At GeoLocationResponse.java:[line 54] URF_UNREAD_FIELD
[ERROR] Low: Unread field: org.learning.by.example.reactive.microservices.model.GeoLocationResponse$Result$Address_component.types [org.learning.by.example.reactive.microservices.model.GeoLocationResponse$Result$Address_component] At GeoLocationResponse.java:[line 55] URF_UNREAD_FIELD
[ERROR] Low: Unread field: org.learning.by.example.reactive.microservices.model.GeoLocationResponse$Result$Geometry.bounds [org.learning.by.example.reactive.microservices.model.GeoLocationResponse$Result$Geometry] At GeoLocationResponse.java:[line 72] URF_UNREAD_FIELD
[ERROR] Low: Unread field: org.learning.by.example.reactive.microservices.model.GeoLocationResponse$Result$Geometry.location_type [org.learning.by.example.reactive.microservices.model.GeoLocationResponse$Result$Geometry] At GeoLocationResponse.java:[line 74] URF_UNREAD_FIELD
[ERROR] Low: Unread field: org.learning.by.example.reactive.microservices.model.GeoLocationResponse$Result$Geometry.viewport [org.learning.by.example.reactive.microservices.model.GeoLocationResponse$Result$Geometry] At GeoLocationResponse.java:[line 75] URF_UNREAD_FIELD
[ERROR] Low: Unread field: org.learning.by.example.reactive.microservices.model.GeoLocationResponse$Result$Geometry$Bounds.northeast [org.learning.by.example.reactive.microservices.model.GeoLocationResponse$Result$Geometry$Bounds] At GeoLocationResponse.java:[line 84] URF_UNREAD_FIELD
[ERROR] Low: Unread field: org.learning.by.example.reactive.microservices.model.GeoLocationResponse$Result$Geometry$Bounds.southwest [org.learning.by.example.reactive.microservices.model.GeoLocationResponse$Result$Geometry$Bounds] At GeoLocationResponse.java:[line 85] URF_UNREAD_FIELD
[ERROR] Low: Unread field: org.learning.by.example.reactive.microservices.model.GeoLocationResponse$Result$Geometry$Bounds$Northeast.lat [org.learning.by.example.reactive.microservices.model.GeoLocationResponse$Result$Geometry$Bounds$Northeast] At GeoLocationResponse.java:[line 94] URF_UNREAD_FIELD
[ERROR] Low: Unread field: org.learning.by.example.reactive.microservices.model.GeoLocationResponse$Result$Geometry$Bounds$Northeast.lng [org.learning.by.example.reactive.microservices.model.GeoLocationResponse$Result$Geometry$Bounds$Northeast] At GeoLocationResponse.java:[line 95] URF_UNREAD_FIELD
[ERROR] Low: Unread field: org.learning.by.example.reactive.microservices.model.GeoLocationResponse$Result$Geometry$Bounds$Southwest.lat [org.learning.by.example.reactive.microservices.model.GeoLocationResponse$Result$Geometry$Bounds$Southwest] At GeoLocationResponse.java:[line 105] URF_UNREAD_FIELD
[ERROR] Low: Unread field: org.learning.by.example.reactive.microservices.model.GeoLocationResponse$Result$Geometry$Bounds$Southwest.lng [org.learning.by.example.reactive.microservices.model.GeoLocationResponse$Result$Geometry$Bounds$Southwest] At GeoLocationResponse.java:[line 106] URF_UNREAD_FIELD
[ERROR] Low: Unread field: org.learning.by.example.reactive.microservices.model.GeoLocationResponse$Result$Geometry$Viewport.northeast [org.learning.by.example.reactive.microservices.model.GeoLocationResponse$Result$Geometry$Viewport] At GeoLocationResponse.java:[line 136] URF_UNREAD_FIELD
[ERROR] Low: Unread field: org.learning.by.example.reactive.microservices.model.GeoLocationResponse$Result$Geometry$Viewport.southwest [org.learning.by.example.reactive.microservices.model.GeoLocationResponse$Result$Geometry$Viewport] At GeoLocationResponse.java:[line 137] URF_UNREAD_FIELD
[ERROR] Low: Unread field: org.learning.by.example.reactive.microservices.model.GeoLocationResponse$Result$Geometry$Viewport$Northeast.lat [org.learning.by.example.reactive.microservices.model.GeoLocationResponse$Result$Geometry$Viewport$Northeast] At GeoLocationResponse.java:[line 146] URF_UNREAD_FIELD
[ERROR] Low: Unread field: org.learning.by.example.reactive.microservices.model.GeoLocationResponse$Result$Geometry$Viewport$Northeast.lng [org.learning.by.example.reactive.microservices.model.GeoLocationResponse$Result$Geometry$Viewport$Northeast] At GeoLocationResponse.java:[line 147] URF_UNREAD_FIELD
[ERROR] Low: Unread field: org.learning.by.example.reactive.microservices.model.GeoLocationResponse$Result$Geometry$Viewport$Southwest.lat [org.learning.by.example.reactive.microservices.model.GeoLocationResponse$Result$Geometry$Viewport$Southwest] At GeoLocationResponse.java:[line 157] URF_UNREAD_FIELD
[ERROR] Low: Unread field: org.learning.by.example.reactive.microservices.model.GeoLocationResponse$Result$Geometry$Viewport$Southwest.lng [org.learning.by.example.reactive.microservices.model.GeoLocationResponse$Result$Geometry$Viewport$Southwest] At GeoLocationResponse.java:[line 158] URF_UNREAD_FIELD
[ERROR] Low: Unread field: org.learning.by.example.reactive.microservices.model.GeoTimesResponse$Results.astronomical_twilight_begin [org.learning.by.example.reactive.microservices.model.GeoTimesResponse$Results] At GeoTimesResponse.java:[line 55] URF_UNREAD_FIELD
[ERROR] Low: Unread field: org.learning.by.example.reactive.microservices.model.GeoTimesResponse$Results.astronomical_twilight_end [org.learning.by.example.reactive.microservices.model.GeoTimesResponse$Results] At GeoTimesResponse.java:[line 56] URF_UNREAD_FIELD
[ERROR] Low: Unread field: org.learning.by.example.reactive.microservices.model.GeoTimesResponse$Results.civil_twilight_begin [org.learning.by.example.reactive.microservices.model.GeoTimesResponse$Results] At GeoTimesResponse.java:[line 51] URF_UNREAD_FIELD
[ERROR] Low: Unread field: org.learning.by.example.reactive.microservices.model.GeoTimesResponse$Results.civil_twilight_end [org.learning.by.example.reactive.microservices.model.GeoTimesResponse$Results] At GeoTimesResponse.java:[line 52] URF_UNREAD_FIELD
[ERROR] Low: Unread field: org.learning.by.example.reactive.microservices.model.GeoTimesResponse$Results.day_length [org.learning.by.example.reactive.microservices.model.GeoTimesResponse$Results] At GeoTimesResponse.java:[line 50] URF_UNREAD_FIELD
[ERROR] Low: Unread field: org.learning.by.example.reactive.microservices.model.GeoTimesResponse$Results.nautical_twilight_begin [org.learning.by.example.reactive.microservices.model.GeoTimesResponse$Results] At GeoTimesResponse.java:[line 53] URF_UNREAD_FIELD
[ERROR] Low: Unread field: org.learning.by.example.reactive.microservices.model.GeoTimesResponse$Results.nautical_twilight_end [org.learning.by.example.reactive.microservices.model.GeoTimesResponse$Results] At GeoTimesResponse.java:[line 54] URF_UNREAD_FIELD
[ERROR] Low: Unread field: org.learning.by.example.reactive.microservices.model.GeoTimesResponse$Results.solar_noon [org.learning.by.example.reactive.microservices.model.GeoTimesResponse$Results] At GeoTimesResponse.java:[line 49] URF_UNREAD_FIELD
[INFO] 


To see bug detail using the Spotbugs GUI, use the following command "mvn spotbugs:gui"



[INFO] ------------------------------------------------------------------------
[INFO] BUILD FAILURE
[INFO] ------------------------------------------------------------------------
[INFO] Total time:  5.052 s
[INFO] Finished at: 2021-04-08T23:07:30+08:00
[INFO] ------------------------------------------------------------------------
[ERROR] Failed to execute goal com.github.spotbugs:spotbugs-maven-plugin:4.2.3-SNAPSHOT:check (default-cli) on project reactive-ms-example: failed with 35 bugs and 0 errors -> [Help 1]
[ERROR] 
[ERROR] To see the full stack trace of the errors, re-run Maven with the -e switch.
[ERROR] Re-run Maven using the -X switch to enable full debug logging.
[ERROR] 
[ERROR] For more information about the errors and possible solutions, please read the following articles:
[ERROR] [Help 1] http://cwiki.apache.org/confluence/display/MAVEN/MojoExecutionException
[INFO] Build failures were ignored.
