WARNING: An illegal reflective access operation has occurred
WARNING: Illegal reflective access by com.google.inject.internal.cglib.core.$ReflectUtils$1 (file:/usr/share/maven/lib/guice.jar) to method java.lang.ClassLoader.defineClass(java.lang.String,byte[],int,int,java.security.ProtectionDomain)
WARNING: Please consider reporting this to the maintainers of com.google.inject.internal.cglib.core.$ReflectUtils$1
WARNING: Use --illegal-access=warn to enable warnings of further illegal reflective access operations
WARNING: All illegal access operations will be denied in a future release
[INFO] Scanning for projects...
[INFO] 
[INFO] ------------------< pl.jpetryk.redditbot:reddit-bot >-------------------
[INFO] Building reddit-bot 0.1-SNAPSHOT
[INFO] --------------------------------[ jar ]---------------------------------
[INFO] 
[INFO] >>> spotbugs-maven-plugin:4.2.3-SNAPSHOT:check (default-cli) > :spotbugs @ reddit-bot >>>
[INFO] 
[INFO] --- spotbugs-maven-plugin:4.2.3-SNAPSHOT:spotbugs (spotbugs) @ reddit-bot ---
[INFO] Fork Value is true
[INFO] Done SpotBugs Analysis....
[INFO] 
[INFO] <<< spotbugs-maven-plugin:4.2.3-SNAPSHOT:check (default-cli) < :spotbugs @ reddit-bot <<<
[INFO] 
[INFO] 
[INFO] --- spotbugs-maven-plugin:4.2.3-SNAPSHOT:check (default-cli) @ reddit-bot ---
[INFO] BugInstance size is 12
[INFO] Error size is 0
[INFO] Total bugs: 12
[ERROR] High: Found reliance on default encoding in pl.jpetryk.redditbot.BotModule.configure(): new java.io.InputStreamReader(InputStream) [pl.jpetryk.redditbot.BotModule, pl.jpetryk.redditbot.BotModule] At BotModule.java:[line 50]Another occurrence at BotModule.java:[line 52] DM_DEFAULT_ENCODING
[ERROR] Low: The class pl.jpetryk.redditbot.BotModule$1 could be refactored into a named _static_ inner class [pl.jpetryk.redditbot.BotModule] At BotModule.java:[line 63] SIC_INNER_SHOULD_BE_STATIC_ANON
[ERROR] High: Boxing/unboxing to parse a primitive pl.jpetryk.redditbot.Runner.main(String[]) [pl.jpetryk.redditbot.Runner] At Runner.java:[line 30] DM_BOXED_PRIMITIVE_FOR_PARSING
[ERROR] Low: Use of non-localized String.toUpperCase() or String.toLowerCase() in new pl.jpetryk.redditbot.bot.impl.TweetsInCommentsBot(TwitterConnectorInterface, RedditConnectorInterface, ImgurConnectorInterface, CommentParser, String, ResponseCommentCreatorInterface, List) [pl.jpetryk.redditbot.bot.impl.TweetsInCommentsBot] At TweetsInCommentsBot.java:[line 56] DM_CONVERT_CASE
[ERROR] Low: Use of non-localized String.toUpperCase() or String.toLowerCase() in pl.jpetryk.redditbot.bot.impl.TweetsInCommentsBot.processComment(Comment) [pl.jpetryk.redditbot.bot.impl.TweetsInCommentsBot] At TweetsInCommentsBot.java:[line 62] DM_CONVERT_CASE
[ERROR] High: Found reliance on default encoding in pl.jpetryk.redditbot.connectors.ImgurConnector.readResponse(HttpURLConnection): new java.io.InputStreamReader(InputStream) [pl.jpetryk.redditbot.connectors.ImgurConnector] At ImgurConnector.java:[line 54] DM_DEFAULT_ENCODING
[ERROR] High: Found reliance on default encoding in pl.jpetryk.redditbot.connectors.ImgurConnector.reuploadImage(String): new java.io.OutputStreamWriter(OutputStream) [pl.jpetryk.redditbot.connectors.ImgurConnector] At ImgurConnector.java:[line 41] DM_DEFAULT_ENCODING
[ERROR] Low: pl.jpetryk.redditbot.connectors.ImgurConnector.readResponse(HttpURLConnection) may fail to close stream on exception [pl.jpetryk.redditbot.connectors.ImgurConnector] At ImgurConnector.java:[line 53] OS_OPEN_STREAM_EXCEPTION_PATH
[ERROR] Low: Result of integer multiplication cast to long in pl.jpetryk.redditbot.connectors.Twitter4JConnector.showStatus(Long) [pl.jpetryk.redditbot.connectors.Twitter4JConnector] At Twitter4JConnector.java:[line 55] ICAST_INTEGER_MULTIPLY_CAST_TO_LONG
[ERROR] Medium: pl.jpetryk.redditbot.model.TweetWithRehostedImages doesn't override Tweet.equals(Object) [pl.jpetryk.redditbot.model.TweetWithRehostedImages] At TweetWithRehostedImages.java:[line 1] EQ_DOESNT_OVERRIDE_EQUALS
[ERROR] Low: Use of non-localized String.toUpperCase() or String.toLowerCase() in pl.jpetryk.redditbot.utils.ResponseCommentCreator.createResponseComment(TweetWithRehostedImages, Comment) [pl.jpetryk.redditbot.utils.ResponseCommentCreator] At ResponseCommentCreator.java:[line 58] DM_CONVERT_CASE
[ERROR] Medium: pl.jpetryk.redditbot.utils.ResponseCommentCreator.createResponseComment(List, Comment) concatenates strings using + in a loop [pl.jpetryk.redditbot.utils.ResponseCommentCreator] At ResponseCommentCreator.java:[line 45] SBSC_USE_STRINGBUFFER_CONCATENATION
[INFO] 


To see bug detail using the Spotbugs GUI, use the following command "mvn spotbugs:gui"



[INFO] ------------------------------------------------------------------------
[INFO] BUILD FAILURE
[INFO] ------------------------------------------------------------------------
[INFO] Total time:  5.198 s
[INFO] Finished at: 2021-04-08T23:19:19+08:00
[INFO] ------------------------------------------------------------------------
[ERROR] Failed to execute goal com.github.spotbugs:spotbugs-maven-plugin:4.2.3-SNAPSHOT:check (default-cli) on project reddit-bot: failed with 12 bugs and 0 errors -> [Help 1]
[ERROR] 
[ERROR] To see the full stack trace of the errors, re-run Maven with the -e switch.
[ERROR] Re-run Maven using the -X switch to enable full debug logging.
[ERROR] 
[ERROR] For more information about the errors and possible solutions, please read the following articles:
[ERROR] [Help 1] http://cwiki.apache.org/confluence/display/MAVEN/MojoExecutionException
[INFO] Build failures were ignored.
