WARNING: An illegal reflective access operation has occurred
WARNING: Illegal reflective access by com.google.inject.internal.cglib.core.$ReflectUtils$1 (file:/usr/share/maven/lib/guice.jar) to method java.lang.ClassLoader.defineClass(java.lang.String,byte[],int,int,java.security.ProtectionDomain)
WARNING: Please consider reporting this to the maintainers of com.google.inject.internal.cglib.core.$ReflectUtils$1
WARNING: Use --illegal-access=warn to enable warnings of further illegal reflective access operations
WARNING: All illegal access operations will be denied in a future release
[INFO] Scanning for projects...
[INFO] 
[INFO] ------< com.danielmichalski:spring-boot-java-swing-reservations >-------
[INFO] Building Spring Boot Java Swing Reservations 1.0.0-SNAPSHOT
[INFO] --------------------------------[ jar ]---------------------------------
[INFO] 
[INFO] >>> spotbugs-maven-plugin:4.2.3-SNAPSHOT:check (default-cli) > :spotbugs @ spring-boot-java-swing-reservations >>>
[INFO] 
[INFO] --- spotbugs-maven-plugin:4.2.3-SNAPSHOT:spotbugs (spotbugs) @ spring-boot-java-swing-reservations ---
[INFO] Fork Value is true
[INFO] Done SpotBugs Analysis....
[INFO] 
[INFO] <<< spotbugs-maven-plugin:4.2.3-SNAPSHOT:check (default-cli) < :spotbugs @ spring-boot-java-swing-reservations <<<
[INFO] 
[INFO] 
[INFO] --- spotbugs-maven-plugin:4.2.3-SNAPSHOT:check (default-cli) @ spring-boot-java-swing-reservations ---
[INFO] BugInstance size is 24
[INFO] Error size is 0
[INFO] Total bugs: 24
[ERROR] Low: com.danielmichalski.reservations.business.domain.entity.address.AddressEntity is Serializable; consider declaring a serialVersionUID [com.danielmichalski.reservations.business.domain.entity.address.AddressEntity] At AddressEntity.java:[lines 14-31] SE_NO_SERIALVERSIONID
[ERROR] Low: com.danielmichalski.reservations.business.domain.entity.client.ClientEntity is Serializable; consider declaring a serialVersionUID [com.danielmichalski.reservations.business.domain.entity.client.ClientEntity] At ClientEntity.java:[lines 17-38] SE_NO_SERIALVERSIONID
[ERROR] Low: com.danielmichalski.reservations.business.domain.entity.payment.PaymentEntity is Serializable; consider declaring a serialVersionUID [com.danielmichalski.reservations.business.domain.entity.payment.PaymentEntity] At PaymentEntity.java:[lines 17-43] SE_NO_SERIALVERSIONID
[ERROR] Low: com.danielmichalski.reservations.business.domain.entity.payment.PaymentMethodEntity is Serializable; consider declaring a serialVersionUID [com.danielmichalski.reservations.business.domain.entity.payment.PaymentMethodEntity] At PaymentMethodEntity.java:[lines 14-23] SE_NO_SERIALVERSIONID
[ERROR] Low: com.danielmichalski.reservations.business.domain.entity.rate.RateEntity is Serializable; consider declaring a serialVersionUID [com.danielmichalski.reservations.business.domain.entity.rate.RateEntity] At RateEntity.java:[lines 18-31] SE_NO_SERIALVERSIONID
[ERROR] Low: com.danielmichalski.reservations.business.domain.entity.reservation.ReservationEntity is Serializable; consider declaring a serialVersionUID [com.danielmichalski.reservations.business.domain.entity.reservation.ReservationEntity] At ReservationEntity.java:[lines 18-72] SE_NO_SERIALVERSIONID
[ERROR] Low: com.danielmichalski.reservations.business.domain.entity.reservation.ReservationStatusEntity is Serializable; consider declaring a serialVersionUID [com.danielmichalski.reservations.business.domain.entity.reservation.ReservationStatusEntity] At ReservationStatusEntity.java:[lines 14-23] SE_NO_SERIALVERSIONID
[ERROR] Low: com.danielmichalski.reservations.business.domain.entity.room.RoomEntity is Serializable; consider declaring a serialVersionUID [com.danielmichalski.reservations.business.domain.entity.room.RoomEntity] At RoomEntity.java:[lines 17-34] SE_NO_SERIALVERSIONID
[ERROR] Low: com.danielmichalski.reservations.business.domain.entity.room.RoomStatusEntity is Serializable; consider declaring a serialVersionUID [com.danielmichalski.reservations.business.domain.entity.room.RoomStatusEntity] At RoomStatusEntity.java:[lines 14-25] SE_NO_SERIALVERSIONID
[ERROR] Low: com.danielmichalski.reservations.business.domain.entity.room.RoomTypeEntity is Serializable; consider declaring a serialVersionUID [com.danielmichalski.reservations.business.domain.entity.room.RoomTypeEntity] At RoomTypeEntity.java:[lines 14-25] SE_NO_SERIALVERSIONID
[ERROR] Low: RoomXReservationEntity.roomPrice not initialized in constructor and dereferenced in com.danielmichalski.reservations.business.domain.entity.room.RoomXReservationEntity.getRoomPrice() [com.danielmichalski.reservations.business.domain.entity.room.RoomXReservationEntity] At RoomXReservationEntity.java:[line 42] UWF_FIELD_NOT_INITIALIZED_IN_CONSTRUCTOR
[ERROR] Low: com.danielmichalski.reservations.business.domain.entity.room.RoomXReservationPK is Serializable; consider declaring a serialVersionUID [com.danielmichalski.reservations.business.domain.entity.room.RoomXReservationPK] At RoomXReservationPK.java:[lines 15-26] SE_NO_SERIALVERSIONID
[ERROR] Low: Exception is caught when Exception is not thrown in com.danielmichalski.reservations.business.ui.forms.address.controller.AddressController.removeEntity() [com.danielmichalski.reservations.business.ui.forms.address.controller.AddressController] At AddressController.java:[line 99] REC_CATCH_EXCEPTION
[ERROR] Low: Exception is caught when Exception is not thrown in com.danielmichalski.reservations.business.ui.forms.client.controller.ClientController.removeClient() [com.danielmichalski.reservations.business.ui.forms.client.controller.ClientController] At ClientController.java:[line 111] REC_CATCH_EXCEPTION
[ERROR] Low: Exception is caught when Exception is not thrown in com.danielmichalski.reservations.business.ui.forms.payment.controller.PaymentController.removeEntity() [com.danielmichalski.reservations.business.ui.forms.payment.controller.PaymentController] At PaymentController.java:[line 111] REC_CATCH_EXCEPTION
[ERROR] Low: Exception is caught when Exception is not thrown in com.danielmichalski.reservations.business.ui.forms.paymentmethod.controller.PaymentMethodController.removeEntity() [com.danielmichalski.reservations.business.ui.forms.paymentmethod.controller.PaymentMethodController] At PaymentMethodController.java:[line 99] REC_CATCH_EXCEPTION
[ERROR] Low: Exception is caught when Exception is not thrown in com.danielmichalski.reservations.business.ui.forms.rate.controller.RateController.removeEntity() [com.danielmichalski.reservations.business.ui.forms.rate.controller.RateController] At RateController.java:[line 123] REC_CATCH_EXCEPTION
[ERROR] Low: com.danielmichalski.reservations.business.ui.forms.rate.view.modal.RateFormPanel.getEntityFromForm() might ignore java.lang.Exception [com.danielmichalski.reservations.business.ui.forms.rate.view.modal.RateFormPanel, com.danielmichalski.reservations.business.ui.forms.rate.view.modal.RateFormPanel] At RateFormPanel.java:[line 71]At RateFormPanel.java:[line 71] DE_MIGHT_IGNORE
[ERROR] Low: Exception is caught when Exception is not thrown in com.danielmichalski.reservations.business.ui.forms.reservation.controller.ReservationController.removeEntity() [com.danielmichalski.reservations.business.ui.forms.reservation.controller.ReservationController] At ReservationController.java:[line 135] REC_CATCH_EXCEPTION
[ERROR] Low: Exception is caught when Exception is not thrown in com.danielmichalski.reservations.business.ui.forms.reservationstatus.controller.ReservationStatusController.removeEntity() [com.danielmichalski.reservations.business.ui.forms.reservationstatus.controller.ReservationStatusController] At ReservationStatusController.java:[line 99] REC_CATCH_EXCEPTION
[ERROR] Low: Exception is caught when Exception is not thrown in com.danielmichalski.reservations.business.ui.forms.room.controller.RoomController.removeEntity() [com.danielmichalski.reservations.business.ui.forms.room.controller.RoomController] At RoomController.java:[line 111] REC_CATCH_EXCEPTION
[ERROR] Low: Exception is caught when Exception is not thrown in com.danielmichalski.reservations.business.ui.forms.roomstatus.controller.RoomStatusController.removeEntity() [com.danielmichalski.reservations.business.ui.forms.roomstatus.controller.RoomStatusController] At RoomStatusController.java:[line 99] REC_CATCH_EXCEPTION
[ERROR] Low: Exception is caught when Exception is not thrown in com.danielmichalski.reservations.business.ui.forms.roomtype.controller.RoomTypeController.removeEntity() [com.danielmichalski.reservations.business.ui.forms.roomtype.controller.RoomTypeController] At RoomTypeController.java:[line 99] REC_CATCH_EXCEPTION
[ERROR] Low: Exception is caught when Exception is not thrown in com.danielmichalski.reservations.business.ui.forms.roomxreservation.controller.RoomXReservationController.removeEntity() [com.danielmichalski.reservations.business.ui.forms.roomxreservation.controller.RoomXReservationController] At RoomXReservationController.java:[line 123] REC_CATCH_EXCEPTION
[INFO] 


To see bug detail using the Spotbugs GUI, use the following command "mvn spotbugs:gui"



[INFO] ------------------------------------------------------------------------
[INFO] BUILD FAILURE
[INFO] ------------------------------------------------------------------------
[INFO] Total time:  8.049 s
[INFO] Finished at: 2021-04-08T23:00:22+08:00
[INFO] ------------------------------------------------------------------------
[ERROR] Failed to execute goal com.github.spotbugs:spotbugs-maven-plugin:4.2.3-SNAPSHOT:check (default-cli) on project spring-boot-java-swing-reservations: failed with 24 bugs and 0 errors -> [Help 1]
[ERROR] 
[ERROR] To see the full stack trace of the errors, re-run Maven with the -e switch.
[ERROR] Re-run Maven using the -X switch to enable full debug logging.
[ERROR] 
[ERROR] For more information about the errors and possible solutions, please read the following articles:
[ERROR] [Help 1] http://cwiki.apache.org/confluence/display/MAVEN/MojoExecutionException
[INFO] Build failures were ignored.
