WARNING: An illegal reflective access operation has occurred
WARNING: Illegal reflective access by com.google.inject.internal.cglib.core.$ReflectUtils$1 (file:/usr/share/maven/lib/guice.jar) to method java.lang.ClassLoader.defineClass(java.lang.String,byte[],int,int,java.security.ProtectionDomain)
WARNING: Please consider reporting this to the maintainers of com.google.inject.internal.cglib.core.$ReflectUtils$1
WARNING: Use --illegal-access=warn to enable warnings of further illegal reflective access operations
WARNING: All illegal access operations will be denied in a future release
[INFO] Scanning for projects...
[INFO] 
[INFO] -------------< com.alibaba.spring:spring-context-support >--------------
[INFO] Building spring-context-support 1.0.11
[INFO] --------------------------------[ jar ]---------------------------------
[INFO] 
[INFO] >>> spotbugs-maven-plugin:4.2.3-SNAPSHOT:check (default-cli) > :spotbugs @ spring-context-support >>>
[INFO] 
[INFO] --- spotbugs-maven-plugin:4.2.3-SNAPSHOT:spotbugs (spotbugs) @ spring-context-support ---
[INFO] Fork Value is true
[INFO] Done SpotBugs Analysis....
[INFO] 
[INFO] <<< spotbugs-maven-plugin:4.2.3-SNAPSHOT:check (default-cli) < :spotbugs @ spring-context-support <<<
[INFO] 
[INFO] 
[INFO] --- spotbugs-maven-plugin:4.2.3-SNAPSHOT:check (default-cli) @ spring-context-support ---
[INFO] BugInstance size is 14
[INFO] Error size is 0
[INFO] Total bugs: 14
[ERROR] Medium: Synchronization performed on java.util.concurrent.ConcurrentHashMap in com.alibaba.spring.beans.factory.annotation.AbstractAnnotationBeanPostProcessor.findInjectionMetadata(String, Class, PropertyValues) [com.alibaba.spring.beans.factory.annotation.AbstractAnnotationBeanPostProcessor] At AbstractAnnotationBeanPostProcessor.java:[line 301] JLM_JSR166_UTILCONCURRENT_MONITORENTER
[ERROR] Low: Return value of putIfAbsent is ignored, but injectedObject is reused in com.alibaba.spring.beans.factory.annotation.AbstractAnnotationBeanPostProcessor.getInjectedObject(AnnotationAttributes, Object, String, Class, InjectionMetadata$InjectedElement) [com.alibaba.spring.beans.factory.annotation.AbstractAnnotationBeanPostProcessor] At AbstractAnnotationBeanPostProcessor.java:[line 411] RV_RETURN_VALUE_OF_PUTIFABSENT_IGNORED
[ERROR] Medium: Unwritten field: com.alibaba.spring.beans.factory.annotation.AbstractAnnotationBeanPostProcessor$AnnotatedFieldElement.bean [com.alibaba.spring.beans.factory.annotation.AbstractAnnotationBeanPostProcessor$AnnotatedFieldElement] At AbstractAnnotationBeanPostProcessor.java:[line 607] UWF_UNWRITTEN_FIELD
[ERROR] Medium: Should com.alibaba.spring.beans.factory.annotation.AbstractAnnotationBeanPostProcessor$AnnotatedInjectionMetadata be a _static_ inner class? [com.alibaba.spring.beans.factory.annotation.AbstractAnnotationBeanPostProcessor$AnnotatedInjectionMetadata] At AbstractAnnotationBeanPostProcessor.java:[lines 557-568] SIC_INNER_SHOULD_BE_STATIC
[ERROR] Medium: Unwritten field: com.alibaba.spring.beans.factory.annotation.AbstractAnnotationBeanPostProcessor$AnnotatedMethodElement.object [com.alibaba.spring.beans.factory.annotation.AbstractAnnotationBeanPostProcessor$AnnotatedMethodElement] At AbstractAnnotationBeanPostProcessor.java:[line 575] UWF_UNWRITTEN_FIELD
[ERROR] Medium: Useless object stored in variable resolvedPackagesToScan of method com.alibaba.spring.beans.factory.annotation.AnnotationBeanDefinitionRegistryPostProcessor.resolveBasePackages(Set) [com.alibaba.spring.beans.factory.annotation.AnnotationBeanDefinitionRegistryPostProcessor] At AnnotationBeanDefinitionRegistryPostProcessor.java:[line 266] UC_USELESS_OBJECT
[ERROR] Medium: Synchronization performed on java.util.concurrent.ConcurrentHashMap in com.alibaba.spring.beans.factory.annotation.AnnotationInjectedBeanPostProcessor.findInjectionMetadata(String, Class, PropertyValues) [com.alibaba.spring.beans.factory.annotation.AnnotationInjectedBeanPostProcessor] At AnnotationInjectedBeanPostProcessor.java:[line 236] JLM_JSR166_UTILCONCURRENT_MONITORENTER
[ERROR] Low: Return value of putIfAbsent is ignored, but injectedObject is reused in com.alibaba.spring.beans.factory.annotation.AnnotationInjectedBeanPostProcessor.getInjectedObject(Annotation, Object, String, Class, InjectionMetadata$InjectedElement) [com.alibaba.spring.beans.factory.annotation.AnnotationInjectedBeanPostProcessor] At AnnotationInjectedBeanPostProcessor.java:[line 345] RV_RETURN_VALUE_OF_PUTIFABSENT_IGNORED
[ERROR] Medium: Unwritten field: com.alibaba.spring.beans.factory.annotation.AnnotationInjectedBeanPostProcessor$AnnotatedFieldElement.bean [com.alibaba.spring.beans.factory.annotation.AnnotationInjectedBeanPostProcessor$AnnotatedFieldElement] At AnnotationInjectedBeanPostProcessor.java:[line 504] UWF_UNWRITTEN_FIELD
[ERROR] Medium: Unwritten field: com.alibaba.spring.beans.factory.annotation.AnnotationInjectedBeanPostProcessor$AnnotatedMethodElement.object [com.alibaba.spring.beans.factory.annotation.AnnotationInjectedBeanPostProcessor$AnnotatedMethodElement] At AnnotationInjectedBeanPostProcessor.java:[line 472] UWF_UNWRITTEN_FIELD
[ERROR] Medium: Switch statement found in com.alibaba.spring.util.AnnotationUtils.findAnnotations(Method, Class) where default case is missing [com.alibaba.spring.util.AnnotationUtils] At AnnotationUtils.java:[lines 100-142] SF_SWITCH_NO_DEFAULT
[ERROR] Medium: com.alibaba.spring.util.BeanUtils$NamingBean defines compareTo(BeanUtils$NamingBean) and uses Object.equals() [com.alibaba.spring.util.BeanUtils$NamingBean] At BeanUtils.java:[line 362] EQ_COMPARETO_USE_OBJECT_EQUALS
[ERROR] Medium: com.alibaba.spring.util.BeanUtils$NamingBean implements Comparator but not Serializable [com.alibaba.spring.util.BeanUtils$NamingBean] At BeanUtils.java:[lines 348-367] SE_COMPARATOR_SHOULD_BE_SERIALIZABLE
[ERROR] Low: Invocation of reflect.Field.setAccessible(boolean), which should be invoked from within a doPrivileged block, in com.alibaba.spring.util.FieldUtils.getFieldValue(Object, String, Class) [com.alibaba.spring.util.FieldUtils] At FieldUtils.java:[line 77] DP_DO_INSIDE_DO_PRIVILEGED
[INFO] 


To see bug detail using the Spotbugs GUI, use the following command "mvn spotbugs:gui"



[INFO] ------------------------------------------------------------------------
[INFO] BUILD FAILURE
[INFO] ------------------------------------------------------------------------
[INFO] Total time:  4.717 s
[INFO] Finished at: 2021-04-08T23:21:39+08:00
[INFO] ------------------------------------------------------------------------
[ERROR] Failed to execute goal com.github.spotbugs:spotbugs-maven-plugin:4.2.3-SNAPSHOT:check (default-cli) on project spring-context-support: failed with 14 bugs and 0 errors -> [Help 1]
[ERROR] 
[ERROR] To see the full stack trace of the errors, re-run Maven with the -e switch.
[ERROR] Re-run Maven using the -X switch to enable full debug logging.
[ERROR] 
[ERROR] For more information about the errors and possible solutions, please read the following articles:
[ERROR] [Help 1] http://cwiki.apache.org/confluence/display/MAVEN/MojoExecutionException
[INFO] Build failures were ignored.
