WARNING: An illegal reflective access operation has occurred
WARNING: Illegal reflective access by com.google.inject.internal.cglib.core.$ReflectUtils$1 (file:/usr/share/maven/lib/guice.jar) to method java.lang.ClassLoader.defineClass(java.lang.String,byte[],int,int,java.security.ProtectionDomain)
WARNING: Please consider reporting this to the maintainers of com.google.inject.internal.cglib.core.$ReflectUtils$1
WARNING: Use --illegal-access=warn to enable warnings of further illegal reflective access operations
WARNING: All illegal access operations will be denied in a future release
[INFO] Scanning for projects...
[INFO] 
[INFO] --< com.kaleidosoftlabs:spring-angularjs-java-webapp-template-project >--
[INFO] Building spring-angularjs-java-webapp-template-project 1.0-SNAPSHOT
[INFO] --------------------------------[ war ]---------------------------------
[INFO] 
[INFO] >>> spotbugs-maven-plugin:4.2.3-SNAPSHOT:check (default-cli) > :spotbugs @ spring-angularjs-java-webapp-template-project >>>
[INFO] 
[INFO] --- spotbugs-maven-plugin:4.2.3-SNAPSHOT:spotbugs (spotbugs) @ spring-angularjs-java-webapp-template-project ---
[INFO] Fork Value is true
[INFO] Done SpotBugs Analysis....
[INFO] 
[INFO] <<< spotbugs-maven-plugin:4.2.3-SNAPSHOT:check (default-cli) < :spotbugs @ spring-angularjs-java-webapp-template-project <<<
[INFO] 
[INFO] 
[INFO] --- spotbugs-maven-plugin:4.2.3-SNAPSHOT:check (default-cli) @ spring-angularjs-java-webapp-template-project ---
[INFO] BugInstance size is 47
[INFO] Error size is 0
[INFO] Total bugs: 47
[ERROR] Low: Unchecked/unconfirmed cast from javax.servlet.ServletResponse to javax.servlet.http.HttpServletResponse in yourwebproject2.auth.CORSFilter.doFilter(ServletRequest, ServletResponse, FilterChain) [yourwebproject2.auth.CORSFilter] At CORSFilter.java:[line 23] BC_UNCONFIRMED_CAST
[ERROR] Low: Comparison of String objects using == or != in yourwebproject2.auth.CORSFilter.doFilter(ServletRequest, ServletResponse, FilterChain) [yourwebproject2.auth.CORSFilter] At CORSFilter.java:[line 28] ES_COMPARING_STRINGS_WITH_EQ
[ERROR] High: Suspicious comparison of Integer references in yourwebproject2.controller.CategoryController.createCategory(CategoryDTO) [yourwebproject2.controller.CategoryController] At CategoryController.java:[line 57] RC_REF_COMPARISON
[ERROR] Medium: Private method yourwebproject2.controller.UserController.base64(byte[]) is never called [yourwebproject2.controller.UserController] At UserController.java:[line 153] UPM_UNCALLED_PRIVATE_METHOD
[ERROR] Medium: Private method yourwebproject2.controller.UserController.hex(byte[]) is never called [yourwebproject2.controller.UserController] At UserController.java:[line 161] UPM_UNCALLED_PRIVATE_METHOD
[ERROR] Medium: yourwebproject2.core.AbstractJobSchedulingWorker.processResults(Map, JobService, Logger) makes inefficient use of keySet iterator instead of entrySet iterator [yourwebproject2.core.AbstractJobSchedulingWorker] At AbstractJobSchedulingWorker.java:[line 22] WMI_WRONG_MAP_ITERATOR
[ERROR] Medium: Invocation of toString on org.springframework.context.ApplicationContext.getBeanDefinitionNames() in yourwebproject2.core.YourWebProjectJobCoreDaemon.main(String[]) [yourwebproject2.core.YourWebProjectJobCoreDaemon] At YourWebProjectJobCoreDaemon.java:[line 21] DMI_INVOKING_TOSTRING_ON_ARRAY
[ERROR] Medium: Invocation of toString on org.springframework.context.ApplicationContext.getBeanDefinitionNames() in yourwebproject2.core.tool.AdminUserTool.main(String[]) [yourwebproject2.core.tool.AdminUserTool] At AdminUserTool.java:[line 19] DMI_INVOKING_TOSTRING_ON_ARRAY
[ERROR] Medium: Invocation of toString on org.springframework.context.ApplicationContext.getBeanDefinitionNames() in yourwebproject2.core.tool.CategoryTool.main(String[]) [yourwebproject2.core.tool.CategoryTool] At CategoryTool.java:[line 65] DMI_INVOKING_TOSTRING_ON_ARRAY
[ERROR] Low: Use of non-localized String.toUpperCase() or String.toLowerCase() in yourwebproject2.core.tool.CategoryTool.main(String[]) [yourwebproject2.core.tool.CategoryTool] At CategoryTool.java:[line 31] DM_CONVERT_CASE
[ERROR] Low: yourwebproject2.core.tool.CategoryTool.printUsage() invokes System.exit(...), which shuts down the entire virtual machine [yourwebproject2.core.tool.CategoryTool] At CategoryTool.java:[line 106] DM_EXIT
[ERROR] Low: Redundant nullcheck of p, which is known to be non-null in yourwebproject2.core.tool.CategoryTool.main(String[]) [yourwebproject2.core.tool.CategoryTool] Redundant null check at CategoryTool.java:[line 27] RCN_REDUNDANT_NULLCHECK_OF_NONNULL_VALUE
[ERROR] High: Suspicious comparison of Integer references in yourwebproject2.core.tool.CategoryTool.main(String[]) [yourwebproject2.core.tool.CategoryTool] At CategoryTool.java:[line 80] RC_REF_COMPARISON
[ERROR] Medium: Switch statement found in yourwebproject2.core.tool.CategoryTool.main(String[]) where default case is missing [yourwebproject2.core.tool.CategoryTool] At CategoryTool.java:[lines 31-39] SF_SWITCH_NO_DEFAULT
[ERROR] High: Found reliance on default encoding in yourwebproject2.framework.controller.BaseController.decorateUserDTOWithCredsFromAuthHeader(String, UserDTO): new String(byte[]) [yourwebproject2.framework.controller.BaseController] At BaseController.java:[line 40] DM_DEFAULT_ENCODING
[ERROR] High: Found reliance on default encoding in yourwebproject2.framework.controller.BaseController.decorateUserDTOWithCredsFromAuthHeader(String, UserDTO): String.getBytes() [yourwebproject2.framework.controller.BaseController, yourwebproject2.framework.controller.BaseController] At BaseController.java:[line 38]Another occurrence at BaseController.java:[line 40] DM_DEFAULT_ENCODING
[ERROR] Medium: Unread public/protected field: yourwebproject2.framework.data.BaseJPAServiceImpl.entityClass [yourwebproject2.service.impl.MailJobServiceImpl] At MailJobServiceImpl.java:[line 31] URF_UNREAD_PUBLIC_OR_PROTECTED_FIELD
[ERROR] Medium: yourwebproject2.framework.data.JPAEntity.getCreatedAt() may expose internal representation by returning JPAEntity.createdAt [yourwebproject2.framework.data.JPAEntity] At JPAEntity.java:[line 58] EI_EXPOSE_REP
[ERROR] Medium: yourwebproject2.framework.data.JPAEntity.getUpdatedAt() may expose internal representation by returning JPAEntity.updatedAt [yourwebproject2.framework.data.JPAEntity] At JPAEntity.java:[line 69] EI_EXPOSE_REP
[ERROR] Medium: yourwebproject2.framework.data.JPAEntity.setCreatedAt(Date) may expose internal representation by storing an externally mutable object into JPAEntity.createdAt [yourwebproject2.framework.data.JPAEntity] At JPAEntity.java:[line 63] EI_EXPOSE_REP2
[ERROR] Medium: yourwebproject2.framework.data.JPAEntity.setUpdatedAt(Date) may expose internal representation by storing an externally mutable object into JPAEntity.updatedAt [yourwebproject2.framework.data.JPAEntity] At JPAEntity.java:[line 74] EI_EXPOSE_REP2
[ERROR] Low: Confusing to have methods yourwebproject2.model.dto.JobDTO.getCallbackURL() and yourwebproject2.model.entity.Job.getCallbackUrl() [yourwebproject2.model.dto.JobDTO] At JobDTO.java:[line 39] NM_CONFUSING
[ERROR] Low: Confusing to have methods yourwebproject2.model.dto.JobDTO.setCallbackURL(String) and yourwebproject2.model.entity.Job.setCallbackUrl(String) [yourwebproject2.model.dto.JobDTO] At JobDTO.java:[lines 43-44] NM_CONFUSING
[ERROR] Medium: yourwebproject2.model.entity.Job.getCompletionTime() may expose internal representation by returning Job.completionTime [yourwebproject2.model.entity.Job] At Job.java:[line 102] EI_EXPOSE_REP
[ERROR] Medium: yourwebproject2.model.entity.Job.getScheduledTime() may expose internal representation by returning Job.scheduledTime [yourwebproject2.model.entity.Job] At Job.java:[line 93] EI_EXPOSE_REP
[ERROR] Medium: yourwebproject2.model.entity.Job.getSubmitTime() may expose internal representation by returning Job.submitTime [yourwebproject2.model.entity.Job] At Job.java:[line 65] EI_EXPOSE_REP
[ERROR] Medium: yourwebproject2.model.entity.Job.setCompletionTime(Date) may expose internal representation by storing an externally mutable object into Job.completionTime [yourwebproject2.model.entity.Job] At Job.java:[line 106] EI_EXPOSE_REP2
[ERROR] Medium: yourwebproject2.model.entity.Job.setScheduledTime(Date) may expose internal representation by storing an externally mutable object into Job.scheduledTime [yourwebproject2.model.entity.Job] At Job.java:[line 97] EI_EXPOSE_REP2
[ERROR] Medium: yourwebproject2.model.entity.Job.setSubmitTime(Date) may expose internal representation by storing an externally mutable object into Job.submitTime [yourwebproject2.model.entity.Job] At Job.java:[line 69] EI_EXPOSE_REP2
[ERROR] Medium: yourwebproject2.model.entity.User.getCurrentLoginAt() may expose internal representation by returning User.currentLoginAt [yourwebproject2.model.entity.User] At User.java:[line 98] EI_EXPOSE_REP
[ERROR] Medium: yourwebproject2.model.entity.User.getLastLoginAt() may expose internal representation by returning User.lastLoginAt [yourwebproject2.model.entity.User] At User.java:[line 107] EI_EXPOSE_REP
[ERROR] Medium: yourwebproject2.model.entity.User.setCurrentLoginAt(Date) may expose internal representation by storing an externally mutable object into User.currentLoginAt [yourwebproject2.model.entity.User] At User.java:[line 102] EI_EXPOSE_REP2
[ERROR] Medium: yourwebproject2.model.entity.User.setLastLoginAt(Date) may expose internal representation by storing an externally mutable object into User.lastLoginAt [yourwebproject2.model.entity.User] At User.java:[line 111] EI_EXPOSE_REP2
[ERROR] Low: yourwebproject2.model.entity.User is Serializable; consider declaring a serialVersionUID [yourwebproject2.model.entity.User] At User.java:[lines 22-149] SE_NO_SERIALVERSIONID
[ERROR] Medium: yourwebproject2.model.entity.helper.CategoryPriorityComparator implements Comparator but not Serializable [yourwebproject2.model.entity.helper.CategoryPriorityComparator] At CategoryPriorityComparator.java:[lines 10-28] SE_COMPARATOR_SHOULD_BE_SERIALIZABLE
[ERROR] Low: yourwebproject2.servlet.YourWebAppDispatcherServlet is Serializable; consider declaring a serialVersionUID [yourwebproject2.servlet.YourWebAppDispatcherServlet] At YourWebAppDispatcherServlet.java:[line 10] SE_NO_SERIALVERSIONID
[ERROR] Medium: The class name yourwebproject2.unusedspringsecurity.UserDetailsService shadows the simple name of implemented interface org.springframework.security.core.userdetails.UserDetailsService [yourwebproject2.unusedspringsecurity.UserDetailsService] In UserDetailsService.java NM_SAME_SIMPLE_NAME_AS_INTERFACE
[ERROR] Low: The class yourwebproject2.unusedspringsecurity.UserDetailsServiceImpl$1 could be refactored into a named _static_ inner class [yourwebproject2.unusedspringsecurity.UserDetailsServiceImpl] At UserDetailsServiceImpl.java:[line 40] SIC_INNER_SHOULD_BE_STATIC_ANON
[ERROR] Low: Private method yourwebproject2.unusedspringsecurity.UserDetailsServiceImpl.buildUserAuthority(Set) is never called [yourwebproject2.unusedspringsecurity.UserDetailsServiceImpl] At UserDetailsServiceImpl.java:[lines 87-96] UPM_UNCALLED_PRIVATE_METHOD
[ERROR] Low: Private method yourwebproject2.unusedspringsecurity.UserDetailsServiceImpl.buildUserForAuthentication(User, List) is never called [yourwebproject2.unusedspringsecurity.UserDetailsServiceImpl] At UserDetailsServiceImpl.java:[line 82] UPM_UNCALLED_PRIVATE_METHOD
[ERROR] Low: yourwebproject2.unusedspringsecurity.UserRole is Serializable; consider declaring a serialVersionUID [yourwebproject2.unusedspringsecurity.UserRole] At UserRole.java:[lines 13-47] SE_NO_SERIALVERSIONID
[ERROR] Low: StatelessAuthenticationFilter.authenticationService not initialized in constructor and dereferenced in yourwebproject2.unusedspringsecurity.token.StatelessAuthenticationFilter.doFilter(ServletRequest, ServletResponse, FilterChain) [yourwebproject2.unusedspringsecurity.token.StatelessAuthenticationFilter] At StatelessAuthenticationFilter.java:[line 27] UWF_FIELD_NOT_INITIALIZED_IN_CONSTRUCTOR
[ERROR] Low: Redundant nullcheck of user, which is known to be non-null in yourwebproject2.unusedspringsecurity.token.TokenAuthenticationService.getAuthentication(HttpServletRequest) [yourwebproject2.unusedspringsecurity.token.TokenAuthenticationService] Redundant null check at TokenAuthenticationService.java:[line 28] RCN_REDUNDANT_NULLCHECK_OF_NONNULL_VALUE
[ERROR] Low: TokenAuthenticationService.tokenHandler not initialized in constructor and dereferenced in yourwebproject2.unusedspringsecurity.token.TokenAuthenticationService.addAuthentication(HttpServletResponse, TokenUserAuthentication) [yourwebproject2.unusedspringsecurity.token.TokenAuthenticationService] At TokenAuthenticationService.java:[line 21] UWF_FIELD_NOT_INITIALIZED_IN_CONSTRUCTOR
[ERROR] Low: TokenAuthenticationService.tokenHandler not initialized in constructor and dereferenced in yourwebproject2.unusedspringsecurity.token.TokenAuthenticationService.getAuthentication(HttpServletRequest) [yourwebproject2.unusedspringsecurity.token.TokenAuthenticationService] At TokenAuthenticationService.java:[line 27] UWF_FIELD_NOT_INITIALIZED_IN_CONSTRUCTOR
[ERROR] Low: TokenHandler.tokenUserService not initialized in constructor and dereferenced in yourwebproject2.unusedspringsecurity.token.TokenHandler.parseUserFromToken(String) [yourwebproject2.unusedspringsecurity.token.TokenHandler] At TokenHandler.java:[line 29] UWF_FIELD_NOT_INITIALIZED_IN_CONSTRUCTOR
[ERROR] Low: yourwebproject2.unusedspringsecurity.token.TokenUserAuthentication is Serializable; consider declaring a serialVersionUID [yourwebproject2.unusedspringsecurity.token.TokenUserAuthentication] At TokenUserAuthentication.java:[lines 9-51] SE_NO_SERIALVERSIONID
[INFO] 


To see bug detail using the Spotbugs GUI, use the following command "mvn spotbugs:gui"



[INFO] ------------------------------------------------------------------------
[INFO] BUILD FAILURE
[INFO] ------------------------------------------------------------------------
[INFO] Total time:  6.447 s
[INFO] Finished at: 2021-04-08T23:21:34+08:00
[INFO] ------------------------------------------------------------------------
[ERROR] Failed to execute goal com.github.spotbugs:spotbugs-maven-plugin:4.2.3-SNAPSHOT:check (default-cli) on project spring-angularjs-java-webapp-template-project: failed with 47 bugs and 0 errors -> [Help 1]
[ERROR] 
[ERROR] To see the full stack trace of the errors, re-run Maven with the -e switch.
[ERROR] Re-run Maven using the -X switch to enable full debug logging.
[ERROR] 
[ERROR] For more information about the errors and possible solutions, please read the following articles:
[ERROR] [Help 1] http://cwiki.apache.org/confluence/display/MAVEN/MojoExecutionException
[INFO] Build failures were ignored.
