WARNING: An illegal reflective access operation has occurred
WARNING: Illegal reflective access by com.google.inject.internal.cglib.core.$ReflectUtils$1 (file:/usr/share/maven/lib/guice.jar) to method java.lang.ClassLoader.defineClass(java.lang.String,byte[],int,int,java.security.ProtectionDomain)
WARNING: Please consider reporting this to the maintainers of com.google.inject.internal.cglib.core.$ReflectUtils$1
WARNING: Use --illegal-access=warn to enable warnings of further illegal reflective access operations
WARNING: All illegal access operations will be denied in a future release
[INFO] Scanning for projects...
[INFO] 
[INFO] ---------< com.jeroenreijn:spring-comparing-template-engines >----------
[INFO] Building template-engines 0.7.0-SNAPSHOT
[INFO] --------------------------------[ war ]---------------------------------
[INFO] 
[INFO] >>> spotbugs-maven-plugin:4.2.3-SNAPSHOT:check (default-cli) > :spotbugs @ spring-comparing-template-engines >>>
[INFO] Downloading from central: https://repo.maven.apache.org/maven2/com/x5dev/chunk-templates/maven-metadata.xml
[INFO] Downloading from sonatype-nexus-snapshots: https://oss.sonatype.org/content/repositories/snapshots/com/x5dev/chunk-templates/maven-metadata.xml
[INFO] Downloaded from central: https://repo.maven.apache.org/maven2/com/x5dev/chunk-templates/maven-metadata.xml (1.3 kB at 897 B/s)
[INFO] 
[INFO] --- spotbugs-maven-plugin:4.2.3-SNAPSHOT:spotbugs (spotbugs) @ spring-comparing-template-engines ---
[INFO] Fork Value is true
[INFO] Done SpotBugs Analysis....
[INFO] 
[INFO] <<< spotbugs-maven-plugin:4.2.3-SNAPSHOT:check (default-cli) < :spotbugs @ spring-comparing-template-engines <<<
[INFO] 
[INFO] 
[INFO] --- spotbugs-maven-plugin:4.2.3-SNAPSHOT:check (default-cli) @ spring-comparing-template-engines ---
[INFO] BugInstance size is 12
[INFO] Error size is 0
[INFO] Total bugs: 12
[ERROR] Medium: The class name base doesn't start with an upper case letter [base] At base.java:[lines 15-79] NM_CLASS_NAMING_CONVENTION
[ERROR] Medium: com.jeroenreijn.examples.model.Presentation.getEndTime() may expose internal representation by returning Presentation.endTime [com.jeroenreijn.examples.model.Presentation] At Presentation.java:[line 71] EI_EXPOSE_REP
[ERROR] Medium: com.jeroenreijn.examples.model.Presentation.getStartTime() may expose internal representation by returning Presentation.startTime [com.jeroenreijn.examples.model.Presentation] At Presentation.java:[line 63] EI_EXPOSE_REP
[ERROR] Medium: com.jeroenreijn.examples.model.Presentation.setEndTime(Date) may expose internal representation by storing an externally mutable object into Presentation.endTime [com.jeroenreijn.examples.model.Presentation] At Presentation.java:[line 75] EI_EXPOSE_REP2
[ERROR] Medium: com.jeroenreijn.examples.model.Presentation.setStartTime(Date) may expose internal representation by storing an externally mutable object into Presentation.startTime [com.jeroenreijn.examples.model.Presentation] At Presentation.java:[line 67] EI_EXPOSE_REP2
[ERROR] Medium: The class name com.jeroenreijn.examples.model.i18nLayout doesn't start with an upper case letter [com.jeroenreijn.examples.model.i18nLayout] At i18nLayout.java:[lines 19-37] NM_CLASS_NAMING_CONVENTION
[ERROR] Medium: Possible null pointer dereference in com.jeroenreijn.examples.view.LiqpView.checkResource(Locale) due to return value of called method [com.jeroenreijn.examples.view.LiqpView, com.jeroenreijn.examples.view.LiqpView] Dereferenced at LiqpView.java:[line 40]Known null at LiqpView.java:[line 40] NP_NULL_ON_SOME_PATH_FROM_RETURN_VALUE
[ERROR] Medium: Possible null pointer dereference in com.jeroenreijn.examples.view.LiqpView.renderMergedTemplateModel(Map, HttpServletRequest, HttpServletResponse) due to return value of called method [com.jeroenreijn.examples.view.LiqpView, com.jeroenreijn.examples.view.LiqpView] Method invoked at LiqpView.java:[line 21]Known null at LiqpView.java:[line 20] NP_NULL_ON_SOME_PATH_FROM_RETURN_VALUE
[ERROR] Low: The class com.jeroenreijn.examples.view.LiqpViewResolver$1 could be refactored into a named _static_ inner class [com.jeroenreijn.examples.view.LiqpViewResolver] At LiqpViewResolver.java:[line 13] SIC_INNER_SHOULD_BE_STATIC_ANON
[ERROR] High: Found reliance on default encoding in com.jeroenreijn.examples.view.TrimouSpringResourceTemplateLocator.locate(String): new java.io.InputStreamReader(InputStream) [com.jeroenreijn.examples.view.TrimouSpringResourceTemplateLocator] At TrimouSpringResourceTemplateLocator.java:[line 38] DM_DEFAULT_ENCODING
[ERROR] Medium: Possible null pointer dereference in com.jeroenreijn.examples.view.TrimouViewResolver.loadView(String, Locale) due to return value of called method [com.jeroenreijn.examples.view.TrimouViewResolver, com.jeroenreijn.examples.view.TrimouViewResolver] Dereferenced at TrimouViewResolver.java:[line 49]Known null at TrimouViewResolver.java:[line 48] NP_NULL_ON_SOME_PATH_FROM_RETURN_VALUE
[ERROR] Medium: The class name index doesn't start with an upper case letter [index] At index.java:[lines 21-62] NM_CLASS_NAMING_CONVENTION
[INFO] 


To see bug detail using the Spotbugs GUI, use the following command "mvn spotbugs:gui"



[INFO] ------------------------------------------------------------------------
[INFO] BUILD FAILURE
[INFO] ------------------------------------------------------------------------
[INFO] Total time:  10.446 s
[INFO] Finished at: 2021-04-08T23:03:25+08:00
[INFO] ------------------------------------------------------------------------
[ERROR] Failed to execute goal com.github.spotbugs:spotbugs-maven-plugin:4.2.3-SNAPSHOT:check (default-cli) on project spring-comparing-template-engines: failed with 12 bugs and 0 errors -> [Help 1]
[ERROR] 
[ERROR] To see the full stack trace of the errors, re-run Maven with the -e switch.
[ERROR] Re-run Maven using the -X switch to enable full debug logging.
[ERROR] 
[ERROR] For more information about the errors and possible solutions, please read the following articles:
[ERROR] [Help 1] http://cwiki.apache.org/confluence/display/MAVEN/MojoExecutionException
[INFO] Build failures were ignored.
