WARNING: An illegal reflective access operation has occurred
WARNING: Illegal reflective access by com.google.inject.internal.cglib.core.$ReflectUtils$1 (file:/usr/share/maven/lib/guice.jar) to method java.lang.ClassLoader.defineClass(java.lang.String,byte[],int,int,java.security.ProtectionDomain)
WARNING: Please consider reporting this to the maintainers of com.google.inject.internal.cglib.core.$ReflectUtils$1
WARNING: Use --illegal-access=warn to enable warnings of further illegal reflective access operations
WARNING: All illegal access operations will be denied in a future release
[INFO] Scanning for projects...
[INFO] 
[INFO] -----------------------< org.apdplat:superword >------------------------
[INFO] Building superword 1.0
[INFO] --------------------------------[ war ]---------------------------------
[INFO] 
[INFO] >>> spotbugs-maven-plugin:4.2.3-SNAPSHOT:check (default-cli) > :spotbugs @ superword >>>
[INFO] 
[INFO] --- spotbugs-maven-plugin:4.2.3-SNAPSHOT:spotbugs (spotbugs) @ superword ---
[INFO] Fork Value is true
[INFO] Done SpotBugs Analysis....
[INFO] 
[INFO] <<< spotbugs-maven-plugin:4.2.3-SNAPSHOT:check (default-cli) < :spotbugs @ superword <<<
[INFO] 
[INFO] 
[INFO] --- spotbugs-maven-plugin:4.2.3-SNAPSHOT:check (default-cli) @ superword ---
[INFO] BugInstance size is 230
[INFO] Error size is 0
[INFO] Total bugs: 230
[ERROR] Medium: Dead store to third in org.apdplat.superword.extract.ChineseSynonymAntonymExtractor.getRandomIp() [org.apdplat.superword.extract.ChineseSynonymAntonymExtractor] At ChineseSynonymAntonymExtractor.java:[line 321] DLS_DEAD_LOCAL_STORE
[ERROR] Medium: org.apdplat.superword.extract.ChineseSynonymAntonymExtractor.lambda$main$7(String, String) invokes inefficient new Integer(int) constructor; use Integer.valueOf(int) instead [org.apdplat.superword.extract.ChineseSynonymAntonymExtractor] At ChineseSynonymAntonymExtractor.java:[line 360] DM_NUMBER_CTOR
[ERROR] Medium: Possible null pointer dereference of ANTONYM_LIST in org.apdplat.superword.extract.ChineseSynonymAntonymExtractor.save() on exception path [org.apdplat.superword.extract.ChineseSynonymAntonymExtractor, org.apdplat.superword.extract.ChineseSynonymAntonymExtractor, org.apdplat.superword.extract.ChineseSynonymAntonymExtractor] Dereferenced at ChineseSynonymAntonymExtractor.java:[line 254]Null value at ChineseSynonymAntonymExtractor.java:[line 216]Known null at ChineseSynonymAntonymExtractor.java:[line 218] NP_NULL_ON_SOME_PATH_EXCEPTION
[ERROR] Medium: Possible null pointer dereference of SYNONYM_LIST in org.apdplat.superword.extract.ChineseSynonymAntonymExtractor.save() on exception path [org.apdplat.superword.extract.ChineseSynonymAntonymExtractor, org.apdplat.superword.extract.ChineseSynonymAntonymExtractor, org.apdplat.superword.extract.ChineseSynonymAntonymExtractor] Dereferenced at ChineseSynonymAntonymExtractor.java:[line 253]Null value at ChineseSynonymAntonymExtractor.java:[line 215]Known null at ChineseSynonymAntonymExtractor.java:[line 218] NP_NULL_ON_SOME_PATH_EXCEPTION
[ERROR] Low: Exception is caught when Exception is not thrown in org.apdplat.superword.extract.ChineseSynonymAntonymExtractor.parseSynonymAntonym(String) [org.apdplat.superword.extract.ChineseSynonymAntonymExtractor] At ChineseSynonymAntonymExtractor.java:[line 299] REC_CATCH_EXCEPTION
[ERROR] Low: Exception is caught when Exception is not thrown in org.apdplat.superword.extract.ChineseSynonymAntonymExtractor.parseSynonymAntonym(String, String) [org.apdplat.superword.extract.ChineseSynonymAntonymExtractor] At ChineseSynonymAntonymExtractor.java:[line 133] REC_CATCH_EXCEPTION
[ERROR] Low: Exception is caught when Exception is not thrown in org.apdplat.superword.extract.ChineseSynonymAntonymExtractor.save() [org.apdplat.superword.extract.ChineseSynonymAntonymExtractor] At ChineseSynonymAntonymExtractor.java:[line 252] REC_CATCH_EXCEPTION
[ERROR] Medium: Exceptional return value of java.io.File.createNewFile() ignored in org.apdplat.superword.extract.ChineseSynonymAntonymExtractor.parseSynonymAntonym(List) [org.apdplat.superword.extract.ChineseSynonymAntonymExtractor] At ChineseSynonymAntonymExtractor.java:[line 144] RV_RETURN_VALUE_IGNORED_BAD_PRACTICE
[ERROR] Medium: Exceptional return value of java.util.concurrent.ExecutorService.submit(Callable) ignored in org.apdplat.superword.extract.ChineseSynonymAntonymExtractor.parseSynonymAntonym(List) [org.apdplat.superword.extract.ChineseSynonymAntonymExtractor] At ChineseSynonymAntonymExtractor.java:[line 155] RV_RETURN_VALUE_IGNORED_BAD_PRACTICE
[ERROR] Medium: Exceptional return value of java.io.File.createNewFile() ignored in org.apdplat.superword.extract.ChineseSynonymAntonymExtractor.save() [org.apdplat.superword.extract.ChineseSynonymAntonymExtractor, org.apdplat.superword.extract.ChineseSynonymAntonymExtractor] At ChineseSynonymAntonymExtractor.java:[line 219]Another occurrence at ChineseSynonymAntonymExtractor.java:[line 222] RV_RETURN_VALUE_IGNORED_BAD_PRACTICE
[ERROR] Medium: Hard coded reference to an absolute pathname in org.apdplat.superword.extract.DefinitionExtractor.parseWord() [org.apdplat.superword.extract.DefinitionExtractor] At DefinitionExtractor.java:[line 167] DMI_HARDCODED_ABSOLUTE_FILENAME
[ERROR] High: Found reliance on default encoding in org.apdplat.superword.extract.DefinitionExtractor.parseFile(String): new java.io.InputStreamReader(InputStream) [org.apdplat.superword.extract.DefinitionExtractor] At DefinitionExtractor.java:[line 112] DM_DEFAULT_ENCODING
[ERROR] Low: Redundant nullcheck of attr, which is known to be non-null in org.apdplat.superword.extract.DefinitionExtractor.parseFile(String) [org.apdplat.superword.extract.DefinitionExtractor] Redundant null check at DefinitionExtractor.java:[line 120] RCN_REDUNDANT_NULLCHECK_OF_NONNULL_VALUE
[ERROR] Low: Redundant nullcheck of fs, which is known to be non-null in org.apdplat.superword.extract.DefinitionExtractor.parseZip(String) [org.apdplat.superword.extract.DefinitionExtractor] Redundant null check at DefinitionExtractor.java:[line 86] RCN_REDUNDANT_NULLCHECK_OF_NONNULL_VALUE
[ERROR] Low: Exception is caught when Exception is not thrown in org.apdplat.superword.extract.DefinitionExtractor.parseWord() [org.apdplat.superword.extract.DefinitionExtractor] At DefinitionExtractor.java:[line 176] REC_CATCH_EXCEPTION
[ERROR] Low: Exception is caught when Exception is not thrown in org.apdplat.superword.extract.DefinitionExtractor.parseWord(String) [org.apdplat.superword.extract.DefinitionExtractor] At DefinitionExtractor.java:[line 196] REC_CATCH_EXCEPTION
[ERROR] Low: Exception is caught when Exception is not thrown in org.apdplat.superword.extract.DefinitionExtractor.parseZip(String) [org.apdplat.superword.extract.DefinitionExtractor] At DefinitionExtractor.java:[line 103] REC_CATCH_EXCEPTION
[ERROR] Medium: Hard coded reference to an absolute pathname in org.apdplat.superword.extract.HyphenExtractor.extract(String, String, String, boolean) [org.apdplat.superword.extract.HyphenExtractor] At HyphenExtractor.java:[line 234] DMI_HARDCODED_ABSOLUTE_FILENAME
[ERROR] Medium: Hard coded reference to an absolute pathname in org.apdplat.superword.extract.HyphenExtractor.extract(String, String, String, boolean) [org.apdplat.superword.extract.HyphenExtractor] At HyphenExtractor.java:[line 228] DMI_HARDCODED_ABSOLUTE_FILENAME
[ERROR] Low: Use of non-localized String.toUpperCase() or String.toLowerCase() in org.apdplat.superword.extract.HyphenExtractor.parseFile(String) [org.apdplat.superword.extract.HyphenExtractor] At HyphenExtractor.java:[line 143] DM_CONVERT_CASE
[ERROR] Low: Use of non-localized String.toUpperCase() or String.toLowerCase() in org.apdplat.superword.extract.HyphenExtractor.parseWord(String, String) [org.apdplat.superword.extract.HyphenExtractor] At HyphenExtractor.java:[line 168] DM_CONVERT_CASE
[ERROR] High: Found reliance on default encoding in org.apdplat.superword.extract.HyphenExtractor.parseFile(String): new java.io.InputStreamReader(InputStream) [org.apdplat.superword.extract.HyphenExtractor] At HyphenExtractor.java:[line 126] DM_DEFAULT_ENCODING
[ERROR] Low: Redundant nullcheck of fs, which is known to be non-null in org.apdplat.superword.extract.HyphenExtractor.parseZip(String) [org.apdplat.superword.extract.HyphenExtractor] Redundant null check at HyphenExtractor.java:[line 96] RCN_REDUNDANT_NULLCHECK_OF_NONNULL_VALUE
[ERROR] Low: Exception is caught when Exception is not thrown in org.apdplat.superword.extract.HyphenExtractor.extract(String, String, String, boolean) [org.apdplat.superword.extract.HyphenExtractor] At HyphenExtractor.java:[line 270] REC_CATCH_EXCEPTION
[ERROR] Low: Exception is caught when Exception is not thrown in org.apdplat.superword.extract.HyphenExtractor.parseZip(String) [org.apdplat.superword.extract.HyphenExtractor] At HyphenExtractor.java:[line 117] REC_CATCH_EXCEPTION
[ERROR] Medium: Hard coded reference to an absolute pathname in org.apdplat.superword.extract.PartOfSpeechExtractor.parseWord() [org.apdplat.superword.extract.PartOfSpeechExtractor] At PartOfSpeechExtractor.java:[line 206] DMI_HARDCODED_ABSOLUTE_FILENAME
[ERROR] High: Found reliance on default encoding in org.apdplat.superword.extract.PartOfSpeechExtractor.parseFile(String): new java.io.InputStreamReader(InputStream) [org.apdplat.superword.extract.PartOfSpeechExtractor] At PartOfSpeechExtractor.java:[line 116] DM_DEFAULT_ENCODING
[ERROR] Low: Redundant nullcheck of attr, which is known to be non-null in org.apdplat.superword.extract.PartOfSpeechExtractor.parseFile(String) [org.apdplat.superword.extract.PartOfSpeechExtractor] Redundant null check at PartOfSpeechExtractor.java:[line 124] RCN_REDUNDANT_NULLCHECK_OF_NONNULL_VALUE
[ERROR] Low: Redundant nullcheck of w, which is known to be non-null in org.apdplat.superword.extract.PartOfSpeechExtractor.parseFile(String) [org.apdplat.superword.extract.PartOfSpeechExtractor] Redundant null check at PartOfSpeechExtractor.java:[line 131] RCN_REDUNDANT_NULLCHECK_OF_NONNULL_VALUE
[ERROR] Low: Redundant nullcheck of fs, which is known to be non-null in org.apdplat.superword.extract.PartOfSpeechExtractor.parseZip(String) [org.apdplat.superword.extract.PartOfSpeechExtractor] Redundant null check at PartOfSpeechExtractor.java:[line 90] RCN_REDUNDANT_NULLCHECK_OF_NONNULL_VALUE
[ERROR] Low: Exception is caught when Exception is not thrown in org.apdplat.superword.extract.PartOfSpeechExtractor.parseWord() [org.apdplat.superword.extract.PartOfSpeechExtractor] At PartOfSpeechExtractor.java:[line 219] REC_CATCH_EXCEPTION
[ERROR] Low: Exception is caught when Exception is not thrown in org.apdplat.superword.extract.PartOfSpeechExtractor.parseWord(String) [org.apdplat.superword.extract.PartOfSpeechExtractor] At PartOfSpeechExtractor.java:[line 276] REC_CATCH_EXCEPTION
[ERROR] Low: Exception is caught when Exception is not thrown in org.apdplat.superword.extract.PartOfSpeechExtractor.parseWord(String, String) [org.apdplat.superword.extract.PartOfSpeechExtractor] At PartOfSpeechExtractor.java:[line 192] REC_CATCH_EXCEPTION
[ERROR] Low: Exception is caught when Exception is not thrown in org.apdplat.superword.extract.PartOfSpeechExtractor.parseZip(String) [org.apdplat.superword.extract.PartOfSpeechExtractor] At PartOfSpeechExtractor.java:[line 107] REC_CATCH_EXCEPTION
[ERROR] Medium: Hard coded reference to an absolute pathname in org.apdplat.superword.extract.PhraseExtractor.parsePhrase() [org.apdplat.superword.extract.PhraseExtractor] At PhraseExtractor.java:[line 178] DMI_HARDCODED_ABSOLUTE_FILENAME
[ERROR] High: Found reliance on default encoding in org.apdplat.superword.extract.PhraseExtractor.parseFile(String): new java.io.InputStreamReader(InputStream) [org.apdplat.superword.extract.PhraseExtractor] At PhraseExtractor.java:[line 111] DM_DEFAULT_ENCODING
[ERROR] Low: Redundant nullcheck of attr, which is known to be non-null in org.apdplat.superword.extract.PhraseExtractor.parseFile(String) [org.apdplat.superword.extract.PhraseExtractor] Redundant null check at PhraseExtractor.java:[line 119] RCN_REDUNDANT_NULLCHECK_OF_NONNULL_VALUE
[ERROR] Low: Redundant nullcheck of attrs, which is known to be non-null in org.apdplat.superword.extract.PhraseExtractor.parsePhrase(String, String) [org.apdplat.superword.extract.PhraseExtractor] Redundant null check at PhraseExtractor.java:[line 155] RCN_REDUNDANT_NULLCHECK_OF_NONNULL_VALUE
[ERROR] Low: Redundant nullcheck of fs, which is known to be non-null in org.apdplat.superword.extract.PhraseExtractor.parseZip(String) [org.apdplat.superword.extract.PhraseExtractor] Redundant null check at PhraseExtractor.java:[line 85] RCN_REDUNDANT_NULLCHECK_OF_NONNULL_VALUE
[ERROR] Low: Exception is caught when Exception is not thrown in org.apdplat.superword.extract.PhraseExtractor.parsePhrase(String) [org.apdplat.superword.extract.PhraseExtractor] At PhraseExtractor.java:[line 195] REC_CATCH_EXCEPTION
[ERROR] Low: Exception is caught when Exception is not thrown in org.apdplat.superword.extract.PhraseExtractor.parsePhrase(String, String) [org.apdplat.superword.extract.PhraseExtractor] At PhraseExtractor.java:[line 171] REC_CATCH_EXCEPTION
[ERROR] Low: Exception is caught when Exception is not thrown in org.apdplat.superword.extract.PhraseExtractor.parseZip(String) [org.apdplat.superword.extract.PhraseExtractor] At PhraseExtractor.java:[line 102] REC_CATCH_EXCEPTION
[ERROR] Medium: Dead store to data in org.apdplat.superword.extract.RootAffixExtractor.parseFile(String) [org.apdplat.superword.extract.RootAffixExtractor] At RootAffixExtractor.java:[line 120] DLS_DEAD_LOCAL_STORE
[ERROR] Medium: Hard coded reference to an absolute pathname in org.apdplat.superword.extract.RootAffixExtractor.parseRootAffixes() [org.apdplat.superword.extract.RootAffixExtractor] At RootAffixExtractor.java:[line 176] DMI_HARDCODED_ABSOLUTE_FILENAME
[ERROR] High: Found reliance on default encoding in org.apdplat.superword.extract.RootAffixExtractor.parseFile(String): new java.io.InputStreamReader(InputStream) [org.apdplat.superword.extract.RootAffixExtractor] At RootAffixExtractor.java:[line 116] DM_DEFAULT_ENCODING
[ERROR] Low: Redundant nullcheck of attr, which is known to be non-null in org.apdplat.superword.extract.RootAffixExtractor.parseFile(String) [org.apdplat.superword.extract.RootAffixExtractor] Redundant null check at RootAffixExtractor.java:[line 125] RCN_REDUNDANT_NULLCHECK_OF_NONNULL_VALUE
[ERROR] Low: Redundant nullcheck of fs, which is known to be non-null in org.apdplat.superword.extract.RootAffixExtractor.parseZip(String) [org.apdplat.superword.extract.RootAffixExtractor] Redundant null check at RootAffixExtractor.java:[line 86] RCN_REDUNDANT_NULLCHECK_OF_NONNULL_VALUE
[ERROR] Low: Exception is caught when Exception is not thrown in org.apdplat.superword.extract.RootAffixExtractor.parseRootAffixes() [org.apdplat.superword.extract.RootAffixExtractor] At RootAffixExtractor.java:[line 204] REC_CATCH_EXCEPTION
[ERROR] Low: Exception is caught when Exception is not thrown in org.apdplat.superword.extract.RootAffixExtractor.parseZip(String) [org.apdplat.superword.extract.RootAffixExtractor] At RootAffixExtractor.java:[line 107] REC_CATCH_EXCEPTION
[ERROR] Medium: org.apdplat.superword.extract.RootAffixExtractor.parseFile(String) makes inefficient use of keySet iterator instead of entrySet iterator [org.apdplat.superword.extract.RootAffixExtractor] At RootAffixExtractor.java:[line 136] WMI_WRONG_MAP_ITERATOR
[ERROR] Medium: org.apdplat.superword.extract.RootAffixExtractor$1.visitFile(Path, BasicFileAttributes) makes inefficient use of keySet iterator instead of entrySet iterator [org.apdplat.superword.extract.RootAffixExtractor$1] At RootAffixExtractor.java:[line 71] WMI_WRONG_MAP_ITERATOR
[ERROR] Medium: org.apdplat.superword.extract.RootAffixExtractor$2.visitFile(Path, BasicFileAttributes) makes inefficient use of keySet iterator instead of entrySet iterator [org.apdplat.superword.extract.RootAffixExtractor$2] At RootAffixExtractor.java:[line 100] WMI_WRONG_MAP_ITERATOR
[ERROR] Low: org.apdplat.superword.extract.SentenceExtractor.main(String[]) invokes toString() method on a String [org.apdplat.superword.extract.SentenceExtractor, org.apdplat.superword.extract.SentenceExtractor, org.apdplat.superword.extract.SentenceExtractor] At SentenceExtractor.java:[line 246]Another occurrence at SentenceExtractor.java:[line 251]Another occurrence at SentenceExtractor.java:[line 256] DM_STRING_TOSTRING
[ERROR] Low: Exception is caught when Exception is not thrown in org.apdplat.superword.extract.SentenceExtractor.getContent2(String) [org.apdplat.superword.extract.SentenceExtractor] At SentenceExtractor.java:[line 142] REC_CATCH_EXCEPTION
[ERROR] Medium: Hard coded reference to an absolute pathname in org.apdplat.superword.extract.SynonymAntonymExtractor.parseAntonym() [org.apdplat.superword.extract.SynonymAntonymExtractor] At SynonymAntonymExtractor.java:[line 192] DMI_HARDCODED_ABSOLUTE_FILENAME
[ERROR] Medium: Hard coded reference to an absolute pathname in org.apdplat.superword.extract.SynonymAntonymExtractor.parseSynonymAntonym() [org.apdplat.superword.extract.SynonymAntonymExtractor] At SynonymAntonymExtractor.java:[line 181] DMI_HARDCODED_ABSOLUTE_FILENAME
[ERROR] High: Found reliance on default encoding in org.apdplat.superword.extract.SynonymAntonymExtractor.parseFile(String): new java.io.InputStreamReader(InputStream) [org.apdplat.superword.extract.SynonymAntonymExtractor] At SynonymAntonymExtractor.java:[line 113] DM_DEFAULT_ENCODING
[ERROR] Low: Redundant nullcheck of attr, which is known to be non-null in org.apdplat.superword.extract.SynonymAntonymExtractor.parseFile(String) [org.apdplat.superword.extract.SynonymAntonymExtractor] Redundant null check at SynonymAntonymExtractor.java:[line 121] RCN_REDUNDANT_NULLCHECK_OF_NONNULL_VALUE
[ERROR] Low: Redundant nullcheck of fs, which is known to be non-null in org.apdplat.superword.extract.SynonymAntonymExtractor.parseZip(String) [org.apdplat.superword.extract.SynonymAntonymExtractor] Redundant null check at SynonymAntonymExtractor.java:[line 87] RCN_REDUNDANT_NULLCHECK_OF_NONNULL_VALUE
[ERROR] Low: Exception is caught when Exception is not thrown in org.apdplat.superword.extract.SynonymAntonymExtractor.parseAntonym() [org.apdplat.superword.extract.SynonymAntonymExtractor] At SynonymAntonymExtractor.java:[line 198] REC_CATCH_EXCEPTION
[ERROR] Low: Exception is caught when Exception is not thrown in org.apdplat.superword.extract.SynonymAntonymExtractor.parseSynonymAntonym() [org.apdplat.superword.extract.SynonymAntonymExtractor] At SynonymAntonymExtractor.java:[line 187] REC_CATCH_EXCEPTION
[ERROR] Low: Exception is caught when Exception is not thrown in org.apdplat.superword.extract.SynonymAntonymExtractor.parseSynonymAntonym(String) [org.apdplat.superword.extract.SynonymAntonymExtractor] At SynonymAntonymExtractor.java:[line 206] REC_CATCH_EXCEPTION
[ERROR] Low: Exception is caught when Exception is not thrown in org.apdplat.superword.extract.SynonymAntonymExtractor.parseSynonymAntonym(String, String) [org.apdplat.superword.extract.SynonymAntonymExtractor] At SynonymAntonymExtractor.java:[line 167] REC_CATCH_EXCEPTION
[ERROR] Low: Exception is caught when Exception is not thrown in org.apdplat.superword.extract.SynonymAntonymExtractor.parseZip(String) [org.apdplat.superword.extract.SynonymAntonymExtractor] At SynonymAntonymExtractor.java:[line 104] REC_CATCH_EXCEPTION
[ERROR] Medium: Private method org.apdplat.superword.extract.SynonymAntonymExtractor.parseSynonymAntonym() is never called [org.apdplat.superword.extract.SynonymAntonymExtractor] At SynonymAntonymExtractor.java:[lines 181-190] UPM_UNCALLED_PRIVATE_METHOD
[ERROR] Medium: Hard coded reference to an absolute pathname in org.apdplat.superword.extract.SynonymDiscriminationExtractor.parseSynonymDiscrimination() [org.apdplat.superword.extract.SynonymDiscriminationExtractor] At SynonymDiscriminationExtractor.java:[line 171] DMI_HARDCODED_ABSOLUTE_FILENAME
[ERROR] High: Found reliance on default encoding in org.apdplat.superword.extract.SynonymDiscriminationExtractor.parseFile(String): new java.io.InputStreamReader(InputStream) [org.apdplat.superword.extract.SynonymDiscriminationExtractor] At SynonymDiscriminationExtractor.java:[line 110] DM_DEFAULT_ENCODING
[ERROR] Low: Redundant nullcheck of attr, which is known to be non-null in org.apdplat.superword.extract.SynonymDiscriminationExtractor.parseFile(String) [org.apdplat.superword.extract.SynonymDiscriminationExtractor] Redundant null check at SynonymDiscriminationExtractor.java:[line 118] RCN_REDUNDANT_NULLCHECK_OF_NONNULL_VALUE
[ERROR] Low: Redundant nullcheck of attr, which is known to be non-null in org.apdplat.superword.extract.SynonymDiscriminationExtractor.parseSynonymDiscrimination(String) [org.apdplat.superword.extract.SynonymDiscriminationExtractor] Redundant null check at SynonymDiscriminationExtractor.java:[line 156] RCN_REDUNDANT_NULLCHECK_OF_NONNULL_VALUE
[ERROR] Low: Redundant nullcheck of fs, which is known to be non-null in org.apdplat.superword.extract.SynonymDiscriminationExtractor.parseZip(String) [org.apdplat.superword.extract.SynonymDiscriminationExtractor] Redundant null check at SynonymDiscriminationExtractor.java:[line 84] RCN_REDUNDANT_NULLCHECK_OF_NONNULL_VALUE
[ERROR] Low: Exception is caught when Exception is not thrown in org.apdplat.superword.extract.SynonymDiscriminationExtractor.parseSynonymDiscrimination(String) [org.apdplat.superword.extract.SynonymDiscriminationExtractor] At SynonymDiscriminationExtractor.java:[line 165] REC_CATCH_EXCEPTION
[ERROR] Low: Exception is caught when Exception is not thrown in org.apdplat.superword.extract.SynonymDiscriminationExtractor.parseZip(String) [org.apdplat.superword.extract.SynonymDiscriminationExtractor] At SynonymDiscriminationExtractor.java:[line 101] REC_CATCH_EXCEPTION
[ERROR] Low: Use of non-localized String.toUpperCase() or String.toLowerCase() in org.apdplat.superword.model.ComplexPrefix.simplify() [org.apdplat.superword.model.ComplexPrefix] At ComplexPrefix.java:[line 46] DM_CONVERT_CASE
[ERROR] Low: Use of non-localized String.toUpperCase() or String.toLowerCase() in org.apdplat.superword.model.ComplexSuffix.simplify() [org.apdplat.superword.model.ComplexSuffix] At ComplexSuffix.java:[line 46] DM_CONVERT_CASE
[ERROR] Medium: org.apdplat.superword.model.HistoryRecord.getDateTime() may expose internal representation by returning HistoryRecord.dateTime [org.apdplat.superword.model.HistoryRecord] At HistoryRecord.java:[line 40] EI_EXPOSE_REP
[ERROR] Medium: org.apdplat.superword.model.HistoryRecord.setDateTime(Date) may expose internal representation by storing an externally mutable object into HistoryRecord.dateTime [org.apdplat.superword.model.HistoryRecord] At HistoryRecord.java:[line 44] EI_EXPOSE_REP2
[ERROR] High: org.apdplat.superword.model.HistoryRecord.simpleDateFormat isn't final but should be [org.apdplat.superword.model.HistoryRecord] At HistoryRecord.java:[line 29] MS_SHOULD_BE_FINAL
[ERROR] Medium: Call to method of static java.text.DateFormat in org.apdplat.superword.model.HistoryRecord.getDateTimeString() [org.apdplat.superword.model.HistoryRecord] At HistoryRecord.java:[line 36] STCAL_INVOKE_ON_STATIC_DATE_FORMAT_INSTANCE
[ERROR] Medium: org.apdplat.superword.model.HistoryRecord.simpleDateFormat is a static field of type java.text.DateFormat, which isn't thread safe [org.apdplat.superword.model.HistoryRecord] In HistoryRecord.java STCAL_STATIC_SIMPLE_DATE_FORMAT_INSTANCE
[ERROR] Medium: Call to method of static java.text.DateFormat in org.apdplat.superword.model.MyNewWord.toString() [org.apdplat.superword.model.MyNewWord] At MyNewWord.java:[line 41] STCAL_INVOKE_ON_STATIC_DATE_FORMAT_INSTANCE
[ERROR] Medium: Call to method of static java.text.DateFormat in org.apdplat.superword.model.QQUser.toString() [org.apdplat.superword.model.QQUser] At QQUser.java:[line 95] STCAL_INVOKE_ON_STATIC_DATE_FORMAT_INSTANCE
[ERROR] Low: Redundant nullcheck of attrs, which is known to be non-null in org.apdplat.superword.model.QuizItem.getDefinition(String, WordLinker$Dictionary) [org.apdplat.superword.model.QuizItem] Redundant null check at QuizItem.java:[line 74] RCN_REDUNDANT_NULLCHECK_OF_NONNULL_VALUE
[ERROR] Low: SynonymAntonym.word not initialized in constructor and dereferenced in org.apdplat.superword.model.SynonymAntonym.toString() [org.apdplat.superword.model.SynonymAntonym] At SynonymAntonym.java:[line 114] UWF_FIELD_NOT_INITIALIZED_IN_CONSTRUCTOR
[ERROR] Medium: org.apdplat.superword.model.User.getDateTime() may expose internal representation by returning User.dateTime [org.apdplat.superword.model.User] At User.java:[line 61] EI_EXPOSE_REP
[ERROR] Medium: org.apdplat.superword.model.User.setDateTime(Date) may expose internal representation by storing an externally mutable object into User.dateTime [org.apdplat.superword.model.User] At User.java:[line 69] EI_EXPOSE_REP2
[ERROR] High: org.apdplat.superword.model.User.simpleDateFormat isn't final but should be [org.apdplat.superword.model.User] At User.java:[line 29] MS_SHOULD_BE_FINAL
[ERROR] Medium: Call to method of static java.text.DateFormat in org.apdplat.superword.model.User.getDateTimeString() [org.apdplat.superword.model.User] At User.java:[line 65] STCAL_INVOKE_ON_STATIC_DATE_FORMAT_INSTANCE
[ERROR] Medium: Call to method of static java.text.DateFormat in org.apdplat.superword.model.User.toString() [org.apdplat.superword.model.User] At User.java:[line 77] STCAL_INVOKE_ON_STATIC_DATE_FORMAT_INSTANCE
[ERROR] Medium: org.apdplat.superword.model.User.simpleDateFormat is a static field of type java.text.DateFormat, which isn't thread safe [org.apdplat.superword.model.User] In User.java STCAL_STATIC_SIMPLE_DATE_FORMAT_INSTANCE
[ERROR] Medium: Call to method of static java.text.DateFormat in org.apdplat.superword.model.UserBook.toString() [org.apdplat.superword.model.UserBook] At UserBook.java:[line 41] STCAL_INVOKE_ON_STATIC_DATE_FORMAT_INSTANCE
[ERROR] Medium: Call to method of static java.text.DateFormat in org.apdplat.superword.model.UserDynamicPrefix.toString() [org.apdplat.superword.model.UserDynamicPrefix] At UserDynamicPrefix.java:[line 41] STCAL_INVOKE_ON_STATIC_DATE_FORMAT_INSTANCE
[ERROR] Medium: Call to method of static java.text.DateFormat in org.apdplat.superword.model.UserDynamicSuffix.toString() [org.apdplat.superword.model.UserDynamicSuffix] At UserDynamicSuffix.java:[line 41] STCAL_INVOKE_ON_STATIC_DATE_FORMAT_INSTANCE
[ERROR] Medium: Call to method of static java.text.DateFormat in org.apdplat.superword.model.UserSimilarWord.toString() [org.apdplat.superword.model.UserSimilarWord] At UserSimilarWord.java:[line 41] STCAL_INVOKE_ON_STATIC_DATE_FORMAT_INSTANCE
[ERROR] Medium: Call to method of static java.text.DateFormat in org.apdplat.superword.model.UserText.toString() [org.apdplat.superword.model.UserText] At UserText.java:[line 41] STCAL_INVOKE_ON_STATIC_DATE_FORMAT_INSTANCE
[ERROR] Medium: Call to method of static java.text.DateFormat in org.apdplat.superword.model.UserUrl.toString() [org.apdplat.superword.model.UserUrl] At UserUrl.java:[line 41] STCAL_INVOKE_ON_STATIC_DATE_FORMAT_INSTANCE
[ERROR] Medium: Call to method of static java.text.DateFormat in org.apdplat.superword.model.UserWord.toString() [org.apdplat.superword.model.UserWord] At UserWord.java:[line 41] STCAL_INVOKE_ON_STATIC_DATE_FORMAT_INSTANCE
[ERROR] Low: Use of non-localized String.toUpperCase() or String.toLowerCase() in org.apdplat.superword.rule.DynamicPrefixRule.lambda$findByPrefix$0(List, Collection, Word) [org.apdplat.superword.rule.DynamicPrefixRule, org.apdplat.superword.rule.DynamicPrefixRule, org.apdplat.superword.rule.DynamicPrefixRule] At DynamicPrefixRule.java:[line 57]Another occurrence at DynamicPrefixRule.java:[line 60]Another occurrence at DynamicPrefixRule.java:[line 67] DM_CONVERT_CASE
[ERROR] Low: Use of non-localized String.toUpperCase() or String.toLowerCase() in org.apdplat.superword.rule.DynamicPrefixRule.lambda$toHtmlFragment$2(StringBuilder, String, WordLinker$Dictionary, Prefix) [org.apdplat.superword.rule.DynamicPrefixRule] At DynamicPrefixRule.java:[line 112] DM_CONVERT_CASE
[ERROR] Low: Use of non-localized String.toUpperCase() or String.toLowerCase() in org.apdplat.superword.rule.DynamicPrefixRule.lambda$toHtmlFragment$3(List, StringBuilder, AtomicInteger, WordLinker$Dictionary, Word) [org.apdplat.superword.rule.DynamicPrefixRule] At DynamicPrefixRule.java:[line 98] DM_CONVERT_CASE
[ERROR] Low: Use of non-localized String.toUpperCase() or String.toLowerCase() in org.apdplat.superword.rule.DynamicSuffixRule.lambda$findBySuffix$0(List, Collection, Word) [org.apdplat.superword.rule.DynamicSuffixRule, org.apdplat.superword.rule.DynamicSuffixRule, org.apdplat.superword.rule.DynamicSuffixRule] At DynamicSuffixRule.java:[line 58]Another occurrence at DynamicSuffixRule.java:[line 61]Another occurrence at DynamicSuffixRule.java:[line 68] DM_CONVERT_CASE
[ERROR] Low: Use of non-localized String.toUpperCase() or String.toLowerCase() in org.apdplat.superword.rule.DynamicSuffixRule.lambda$toHtmlFragment$2(StringBuilder, String, WordLinker$Dictionary, Suffix) [org.apdplat.superword.rule.DynamicSuffixRule] At DynamicSuffixRule.java:[line 121] DM_CONVERT_CASE
[ERROR] Low: Use of non-localized String.toUpperCase() or String.toLowerCase() in org.apdplat.superword.rule.DynamicSuffixRule.lambda$toHtmlFragment$3(List, StringBuilder, AtomicInteger, WordLinker$Dictionary, Word) [org.apdplat.superword.rule.DynamicSuffixRule] At DynamicSuffixRule.java:[line 107] DM_CONVERT_CASE
[ERROR] High: Found reliance on default encoding in org.apdplat.superword.rule.PartOfSpeech.<static initializer for PartOfSpeech>(): new java.io.InputStreamReader(InputStream) [org.apdplat.superword.rule.PartOfSpeech] At PartOfSpeech.java:[line 43] DM_DEFAULT_ENCODING
[ERROR] Low: Redundant nullcheck of attrs, which is known to be non-null in org.apdplat.superword.rule.PartOfSpeech.<static initializer for PartOfSpeech>() [org.apdplat.superword.rule.PartOfSpeech] Redundant null check at PartOfSpeech.java:[line 52] RCN_REDUNDANT_NULLCHECK_OF_NONNULL_VALUE
[ERROR] Low: Exception is caught when Exception is not thrown in org.apdplat.superword.rule.PartOfSpeech.<static initializer for PartOfSpeech>() [org.apdplat.superword.rule.PartOfSpeech] At PartOfSpeech.java:[line 58] REC_CATCH_EXCEPTION
[ERROR] Low: Use of non-localized String.toUpperCase() or String.toLowerCase() in org.apdplat.superword.rule.PrefixRule.lambda$findByPrefix$0(Prefix, boolean, Collection, Word) [org.apdplat.superword.rule.PrefixRule] At PrefixRule.java:[line 94] DM_CONVERT_CASE
[ERROR] High: Found reliance on default encoding in org.apdplat.superword.rule.PrefixRule.getAllPrefixes(): new java.io.InputStreamReader(InputStream) [org.apdplat.superword.rule.PrefixRule] At PrefixRule.java:[line 50] DM_DEFAULT_ENCODING
[ERROR] Low: Redundant nullcheck of attr, which is known to be non-null in org.apdplat.superword.rule.PrefixRule.getAllPrefixes() [org.apdplat.superword.rule.PrefixRule] Redundant null check at PrefixRule.java:[line 57] RCN_REDUNDANT_NULLCHECK_OF_NONNULL_VALUE
[ERROR] Low: Exception is caught when Exception is not thrown in org.apdplat.superword.rule.PrefixRule.getAllPrefixes() [org.apdplat.superword.rule.PrefixRule] At PrefixRule.java:[line 72] REC_CATCH_EXCEPTION
[ERROR] Low: Use of non-localized String.toUpperCase() or String.toLowerCase() in org.apdplat.superword.rule.RootRule.lambda$findByRoot$1(Word, Word) [org.apdplat.superword.rule.RootRule] At RootRule.java:[line 87] DM_CONVERT_CASE
[ERROR] High: Found reliance on default encoding in org.apdplat.superword.rule.RootRule.getAllRoots(): new java.io.InputStreamReader(InputStream) [org.apdplat.superword.rule.RootRule] At RootRule.java:[line 48] DM_DEFAULT_ENCODING
[ERROR] Low: Redundant nullcheck of attr, which is known to be non-null in org.apdplat.superword.rule.RootRule.getAllRoots() [org.apdplat.superword.rule.RootRule] Redundant null check at RootRule.java:[line 55] RCN_REDUNDANT_NULLCHECK_OF_NONNULL_VALUE
[ERROR] Low: Exception is caught when Exception is not thrown in org.apdplat.superword.rule.RootRule.getAllRoots() [org.apdplat.superword.rule.RootRule] At RootRule.java:[line 65] REC_CATCH_EXCEPTION
[ERROR] Medium: org.apdplat.superword.rule.SimilarWord.interact(String, List) invokes System.exit(...), which shuts down the entire virtual machine [org.apdplat.superword.rule.SimilarWord] At SimilarWord.java:[line 114] DM_EXIT
[ERROR] Low: Use of non-localized String.toUpperCase() or String.toLowerCase() in org.apdplat.superword.rule.SuffixRule.lambda$findBySuffix$0(Suffix, boolean, Collection, Word) [org.apdplat.superword.rule.SuffixRule] At SuffixRule.java:[line 94] DM_CONVERT_CASE
[ERROR] High: Found reliance on default encoding in org.apdplat.superword.rule.SuffixRule.getAllSuffixes(): new java.io.InputStreamReader(InputStream) [org.apdplat.superword.rule.SuffixRule] At SuffixRule.java:[line 50] DM_DEFAULT_ENCODING
[ERROR] Low: Redundant nullcheck of attr, which is known to be non-null in org.apdplat.superword.rule.SuffixRule.getAllSuffixes() [org.apdplat.superword.rule.SuffixRule] Redundant null check at SuffixRule.java:[line 57] RCN_REDUNDANT_NULLCHECK_OF_NONNULL_VALUE
[ERROR] Low: Exception is caught when Exception is not thrown in org.apdplat.superword.rule.SuffixRule.getAllSuffixes() [org.apdplat.superword.rule.SuffixRule] At SuffixRule.java:[line 72] REC_CATCH_EXCEPTION
[ERROR] Medium: org.apdplat.superword.rule.WordLengthStatistics.toHtmlFragment(Map, Boolean, Integer[]) makes inefficient use of keySet iterator instead of entrySet iterator [org.apdplat.superword.rule.WordLengthStatistics] At WordLengthStatistics.java:[line 56] WMI_WRONG_MAP_ITERATOR
[ERROR] Low: Use of non-localized String.toUpperCase() or String.toLowerCase() in org.apdplat.superword.rule.WordVector.of(String) [org.apdplat.superword.rule.WordVector] At WordVector.java:[line 44] DM_CONVERT_CASE
[ERROR] High: Primitive is boxed to call Float.compareTo(Float): use Float.compare(float, float) instead [org.apdplat.superword.rule.WordVector$Score] At WordVector.java:[line 151] DM_BOXED_PRIMITIVE_FOR_COMPARE
[ERROR] Medium: org.apdplat.superword.rule.WordVector$Score defines compareTo(Object) and uses Object.equals() [org.apdplat.superword.rule.WordVector$Score] At WordVector.java:[line 151] EQ_COMPARETO_USE_OBJECT_EQUALS
[ERROR] Low: Unchecked/unconfirmed cast from javax.servlet.ServletResponse to javax.servlet.http.HttpServletResponse in org.apdplat.superword.system.AntiRobotFilter.doFilter(ServletRequest, ServletResponse, FilterChain) [org.apdplat.superword.system.AntiRobotFilter] At AntiRobotFilter.java:[line 84] BC_UNCONFIRMED_CAST
[ERROR] Medium: Incorrect lazy initialization of static field org.apdplat.superword.system.AntiRobotFilter.servletContext in org.apdplat.superword.system.AntiRobotFilter.doFilter(ServletRequest, ServletResponse, FilterChain) [org.apdplat.superword.system.AntiRobotFilter] At AntiRobotFilter.java:[lines 80-81] LI_LAZY_INIT_STATIC
[ERROR] Low: Redundant nullcheck of attrs, which is known to be non-null in org.apdplat.superword.system.AntiRobotFilter.lambda$init$1(String) [org.apdplat.superword.system.AntiRobotFilter] Redundant null check at AntiRobotFilter.java:[line 225] RCN_REDUNDANT_NULLCHECK_OF_NONNULL_VALUE
[ERROR] Low: Exception is caught when Exception is not thrown in org.apdplat.superword.system.AntiRobotFilter.lambda$init$2() [org.apdplat.superword.system.AntiRobotFilter] At AntiRobotFilter.java:[line 234] REC_CATCH_EXCEPTION
[ERROR] Medium: Exceptional return value of java.io.File.mkdirs() ignored in org.apdplat.superword.system.AntiRobotFilter.lambda$init$2() [org.apdplat.superword.system.AntiRobotFilter] At AntiRobotFilter.java:[line 215] RV_RETURN_VALUE_IGNORED_BAD_PRACTICE
[ERROR] High: Call to method of static java.text.DateFormat in org.apdplat.superword.system.AntiRobotFilter.getKey(HttpServletRequest) [org.apdplat.superword.system.AntiRobotFilter] At AntiRobotFilter.java:[line 69] STCAL_INVOKE_ON_STATIC_DATE_FORMAT_INSTANCE
[ERROR] High: Call to method of static java.text.DateFormat in org.apdplat.superword.system.AntiRobotFilter.lambda$init$2() [org.apdplat.superword.system.AntiRobotFilter] At AntiRobotFilter.java:[line 203] STCAL_INVOKE_ON_STATIC_DATE_FORMAT_INSTANCE
[ERROR] Low: Call to method of static java.text.DateFormat in org.apdplat.superword.system.AntiRobotFilter.main(String[]) [org.apdplat.superword.system.AntiRobotFilter] At AntiRobotFilter.java:[line 259] STCAL_INVOKE_ON_STATIC_DATE_FORMAT_INSTANCE
[ERROR] Medium: Write to static field org.apdplat.superword.system.AntiRobotFilter.invalidCount from instance method org.apdplat.superword.system.AntiRobotFilter.doFilter(ServletRequest, ServletResponse, FilterChain) [org.apdplat.superword.system.AntiRobotFilter] At AntiRobotFilter.java:[line 96] ST_WRITE_TO_STATIC_FROM_INSTANCE_METHOD
[ERROR] Low: Unchecked/unconfirmed cast from javax.servlet.ServletResponse to javax.servlet.http.HttpServletResponse in org.apdplat.superword.system.HistoryFilter.doFilter(ServletRequest, ServletResponse, FilterChain) [org.apdplat.superword.system.HistoryFilter] At HistoryFilter.java:[line 41] BC_UNCONFIRMED_CAST
[ERROR] Low: Use of non-localized String.toUpperCase() or String.toLowerCase() in org.apdplat.superword.system.InstantTip.getWordsByPrefix(String) [org.apdplat.superword.system.InstantTip, org.apdplat.superword.system.InstantTip] At InstantTip.java:[line 50]Another occurrence at InstantTip.java:[line 55] DM_CONVERT_CASE
[ERROR] Medium: org.apdplat.superword.system.InstantTip.getWordsByPrefix(String) makes inefficient use of keySet iterator instead of entrySet iterator [org.apdplat.superword.system.InstantTip] At InstantTip.java:[line 56] WMI_WRONG_MAP_ITERATOR
[ERROR] Low: org.apdplat.superword.system.InstantTipServlet is Serializable; consider declaring a serialVersionUID [org.apdplat.superword.system.InstantTipServlet] At InstantTipServlet.java:[lines 34-50] SE_NO_SERIALVERSIONID
[ERROR] High: HTTP parameter directly written to HTTP header output in org.apdplat.superword.system.ViewWordServlet.doIt(HttpServletRequest, HttpServletResponse) [org.apdplat.superword.system.ViewWordServlet, org.apdplat.superword.system.ViewWordServlet] Value generated at ViewWordServlet.java:[line 46]At ViewWordServlet.java:[line 62] HRS_REQUEST_PARAMETER_TO_HTTP_HEADER
[ERROR] Low: org.apdplat.superword.system.ViewWordServlet is Serializable; consider declaring a serialVersionUID [org.apdplat.superword.system.ViewWordServlet] At ViewWordServlet.java:[lines 35-63] SE_NO_SERIALVERSIONID
[ERROR] Medium: Load of known null value in org.apdplat.superword.system.WordsFilter.doFilter(ServletRequest, ServletResponse, FilterChain) [org.apdplat.superword.system.WordsFilter] At WordsFilter.java:[line 50] NP_LOAD_OF_KNOWN_NULL_VALUE
[ERROR] Low: Redundant nullcheck of words which is known to be null in org.apdplat.superword.system.WordsFilter.doFilter(ServletRequest, ServletResponse, FilterChain) [org.apdplat.superword.system.WordsFilter] Redundant null check at WordsFilter.java:[line 50] RCN_REDUNDANT_NULLCHECK_OF_NULL_VALUE
[ERROR] High: Store of non serializable org.apdplat.superword.model.QQUser into HttpSession in org.apdplat.superword.system.qq.AfterLoginRedirectServlet.doPost(HttpServletRequest, HttpServletResponse) [org.apdplat.superword.system.qq.AfterLoginRedirectServlet, org.apdplat.superword.system.qq.AfterLoginRedirectServlet] At AfterLoginRedirectServlet.java:[line 110]Another occurrence at AfterLoginRedirectServlet.java:[line 65] J2EE_STORE_OF_NON_SERIALIZABLE_OBJECT_INTO_SESSION
[ERROR] Low: Exception is caught when Exception is not thrown in org.apdplat.superword.system.qq.AfterLoginRedirectServlet.doPost(HttpServletRequest, HttpServletResponse) [org.apdplat.superword.system.qq.AfterLoginRedirectServlet] At AfterLoginRedirectServlet.java:[line 113] REC_CATCH_EXCEPTION
[ERROR] Low: org.apdplat.superword.system.qq.AfterLoginRedirectServlet is Serializable; consider declaring a serialVersionUID [org.apdplat.superword.system.qq.AfterLoginRedirectServlet] At AfterLoginRedirectServlet.java:[lines 36-117] SE_NO_SERIALVERSIONID
[ERROR] Low: org.apdplat.superword.system.qq.IndexServlet is Serializable; consider declaring a serialVersionUID [org.apdplat.superword.system.qq.IndexServlet] At IndexServlet.java:[lines 29-41] SE_NO_SERIALVERSIONID
[ERROR] Low: Use of non-localized String.toUpperCase() or String.toLowerCase() in org.apdplat.superword.tools.AidReading.lambda$analyse$1(Set, Word) [org.apdplat.superword.tools.AidReading] At AidReading.java:[line 79] DM_CONVERT_CASE
[ERROR] Low: Use of non-localized String.toUpperCase() or String.toLowerCase() in org.apdplat.superword.tools.AidReading.lambda$analyse$4(Set, Map, boolean, String, List, WordLinker$Dictionary, Map$Entry) [org.apdplat.superword.tools.AidReading] At AidReading.java:[line 120] DM_CONVERT_CASE
[ERROR] Medium: Naked notify in org.apdplat.superword.tools.DynamicIp.toNewIp() [org.apdplat.superword.tools.DynamicIp] At DynamicIp.java:[line 119] NN_NAKED_NOTIFY
[ERROR] Medium: Wait not in loop in org.apdplat.superword.tools.DynamicIp.toNewIp() [org.apdplat.superword.tools.DynamicIp] At DynamicIp.java:[line 85] WA_NOT_IN_LOOP
[ERROR] Medium: org.apdplat.superword.tools.DynamicIp.execute(Map, String) makes inefficient use of keySet iterator instead of entrySet iterator [org.apdplat.superword.tools.DynamicIp] At DynamicIp.java:[line 157] WMI_WRONG_MAP_ITERATOR
[ERROR] High: Found reliance on default encoding in org.apdplat.superword.tools.FileUtils.readResource(String): new java.io.InputStreamReader(InputStream) [org.apdplat.superword.tools.FileUtils] At FileUtils.java:[line 36] DM_DEFAULT_ENCODING
[ERROR] Medium: org.apdplat.superword.tools.FileUtils.readResource(String) may fail to close stream [org.apdplat.superword.tools.FileUtils] At FileUtils.java:[line 36] OS_OPEN_STREAM
[ERROR] Low: Use of non-localized String.toUpperCase() or String.toLowerCase() in org.apdplat.superword.tools.HtmlFormatter.emphasize(Word, Word, WordLinker$Dictionary) [org.apdplat.superword.tools.HtmlFormatter] At HtmlFormatter.java:[line 504] DM_CONVERT_CASE
[ERROR] Low: Use of non-localized String.toUpperCase() or String.toLowerCase() in org.apdplat.superword.tools.HtmlFormatter.processSentence(String, Map, WordLinker$Dictionary) [org.apdplat.superword.tools.HtmlFormatter, org.apdplat.superword.tools.HtmlFormatter] At HtmlFormatter.java:[line 198]Another occurrence at HtmlFormatter.java:[line 207] DM_CONVERT_CASE
[ERROR] Medium: Private method org.apdplat.superword.tools.HtmlFormatter.processSentence(String, Map) is never called [org.apdplat.superword.tools.HtmlFormatter] At HtmlFormatter.java:[line 183] UPM_UNCALLED_PRIVATE_METHOD
[ERROR] Low: Redundant nullcheck of attrs, which is known to be non-null in org.apdplat.superword.tools.IPUtils.getIPLocation(String) [org.apdplat.superword.tools.IPUtils] Redundant null check at IPUtils.java:[line 49] RCN_REDUNDANT_NULLCHECK_OF_NONNULL_VALUE
[ERROR] Low: Exception is caught when Exception is not thrown in org.apdplat.superword.tools.IPUtils.getIPLocation(String) [org.apdplat.superword.tools.IPUtils] At IPUtils.java:[line 54] REC_CATCH_EXCEPTION
[ERROR] Medium: Hard coded reference to an absolute pathname in org.apdplat.superword.tools.JavaCodeAnalyzer.main(String[]) [org.apdplat.superword.tools.JavaCodeAnalyzer] At JavaCodeAnalyzer.java:[line 170] DMI_HARDCODED_ABSOLUTE_FILENAME
[ERROR] High: Found reliance on default encoding in org.apdplat.superword.tools.JavaCodeAnalyzer.parseFile(String): new java.io.InputStreamReader(InputStream) [org.apdplat.superword.tools.JavaCodeAnalyzer] At JavaCodeAnalyzer.java:[line 105] DM_DEFAULT_ENCODING
[ERROR] Low: Redundant nullcheck of fs, which is known to be non-null in org.apdplat.superword.tools.JavaCodeAnalyzer.parseZip(String) [org.apdplat.superword.tools.JavaCodeAnalyzer] Redundant null check at JavaCodeAnalyzer.java:[line 74] RCN_REDUNDANT_NULLCHECK_OF_NONNULL_VALUE
[ERROR] Low: Exception is caught when Exception is not thrown in org.apdplat.superword.tools.JavaCodeAnalyzer.parseZip(String) [org.apdplat.superword.tools.JavaCodeAnalyzer] At JavaCodeAnalyzer.java:[line 96] REC_CATCH_EXCEPTION
[ERROR] Low: Dead store of null to con in org.apdplat.superword.tools.MySQLUtils.close(Connection, Statement, ResultSet) [org.apdplat.superword.tools.MySQLUtils] At MySQLUtils.java:[line 1056] DLS_DEAD_LOCAL_STORE_OF_NULL
[ERROR] Low: Dead store of null to rs in org.apdplat.superword.tools.MySQLUtils.close(Connection, Statement, ResultSet) [org.apdplat.superword.tools.MySQLUtils] At MySQLUtils.java:[line 1048] DLS_DEAD_LOCAL_STORE_OF_NULL
[ERROR] Low: Dead store of null to st in org.apdplat.superword.tools.MySQLUtils.close(Connection, Statement, ResultSet) [org.apdplat.superword.tools.MySQLUtils] At MySQLUtils.java:[line 1052] DLS_DEAD_LOCAL_STORE_OF_NULL
[ERROR] High: Found reliance on default encoding in org.apdplat.superword.tools.MySQLUtils.MD5(String): String.getBytes() [org.apdplat.superword.tools.MySQLUtils] At MySQLUtils.java:[line 1073] DM_DEFAULT_ENCODING
[ERROR] Low: Redundant nullcheck of attrs, which is known to be non-null in org.apdplat.superword.tools.MySQLUtils.extractPurePronunciation(String) [org.apdplat.superword.tools.MySQLUtils] Redundant null check at MySQLUtils.java:[line 75] RCN_REDUNDANT_NULLCHECK_OF_NONNULL_VALUE
[ERROR] Low: Redundant nullcheck of items, which is known to be non-null in org.apdplat.superword.tools.MySQLUtils.extractPurePronunciation(String) [org.apdplat.superword.tools.MySQLUtils] Redundant null check at MySQLUtils.java:[line 86] RCN_REDUNDANT_NULLCHECK_OF_NONNULL_VALUE
[ERROR] Low: A prepared statement is generated from a nonconstant String in org.apdplat.superword.tools.MySQLUtils.existUser(User, String) [org.apdplat.superword.tools.MySQLUtils] At MySQLUtils.java:[line 361] SQL_PREPARED_STATEMENT_GENERATED_FROM_NONCONSTANT_STRING
[ERROR] Low: org.apdplat.superword.tools.PdfParser.processSentence(String) uses the same code for two switch clauses [org.apdplat.superword.tools.PdfParser, org.apdplat.superword.tools.PdfParser, org.apdplat.superword.tools.PdfParser] At PdfParser.java:[line 619]At PdfParser.java:[line 620]At PdfParser.java:[line 623] DB_DUPLICATE_SWITCH_CLAUSES
[ERROR] Low: org.apdplat.superword.tools.PdfParser.processSentence(String) uses the same code for two switch clauses [org.apdplat.superword.tools.PdfParser, org.apdplat.superword.tools.PdfParser, org.apdplat.superword.tools.PdfParser] At PdfParser.java:[line 621]At PdfParser.java:[line 622]At PdfParser.java:[line 624] DB_DUPLICATE_SWITCH_CLAUSES
[ERROR] Medium: Hard coded reference to an absolute pathname in org.apdplat.superword.tools.PdfParser.main(String[]) [org.apdplat.superword.tools.PdfParser] At PdfParser.java:[line 754] DMI_HARDCODED_ABSOLUTE_FILENAME
[ERROR] Low: Use of non-localized String.toUpperCase() or String.toLowerCase() in org.apdplat.superword.tools.PdfParser.processSentence(String) [org.apdplat.superword.tools.PdfParser] At PdfParser.java:[line 594] DM_CONVERT_CASE
[ERROR] Medium: Check for oddness that won't work for negative numbers in org.apdplat.superword.tools.PdfParser.processSentence(String) [org.apdplat.superword.tools.PdfParser] At PdfParser.java:[line 632] IM_BAD_CHECK_FOR_ODD
[ERROR] Medium: Possible null pointer dereference in org.apdplat.superword.tools.PdfParser.prepareTarget(Path) due to return value of called method [org.apdplat.superword.tools.PdfParser, org.apdplat.superword.tools.PdfParser] Dereferenced at PdfParser.java:[line 710]Known null at PdfParser.java:[line 710] NP_NULL_ON_SOME_PATH_FROM_RETURN_VALUE
[ERROR] Medium: Possible null pointer dereference in org.apdplat.superword.tools.PdfParser.prepareTarget(Path) due to return value of called method [org.apdplat.superword.tools.PdfParser, org.apdplat.superword.tools.PdfParser] Method invoked at PdfParser.java:[line 716]Known null at PdfParser.java:[line 716] NP_NULL_ON_SOME_PATH_FROM_RETURN_VALUE
[ERROR] Medium: Possible null pointer dereference in org.apdplat.superword.tools.PdfParser.prepareTarget(Path) due to return value of called method [org.apdplat.superword.tools.PdfParser, org.apdplat.superword.tools.PdfParser] Method invoked at PdfParser.java:[line 717]Known null at PdfParser.java:[line 717] NP_NULL_ON_SOME_PATH_FROM_RETURN_VALUE
[ERROR] Low: Redundant nullcheck of fs, which is known to be non-null in org.apdplat.superword.tools.PdfParser.parseZip(String) [org.apdplat.superword.tools.PdfParser] Redundant null check at PdfParser.java:[line 135] RCN_REDUNDANT_NULLCHECK_OF_NONNULL_VALUE
[ERROR] Low: Exception is caught when Exception is not thrown in org.apdplat.superword.tools.PdfParser.parsePdfFileToPlainText(String) [org.apdplat.superword.tools.PdfParser] At PdfParser.java:[line 100] REC_CATCH_EXCEPTION
[ERROR] Low: Exception is caught when Exception is not thrown in org.apdplat.superword.tools.PdfParser.parseZip(String) [org.apdplat.superword.tools.PdfParser] At PdfParser.java:[line 152] REC_CATCH_EXCEPTION
[ERROR] Medium: Switch statement found in org.apdplat.superword.tools.PdfParser.processSentence(String) where default case is missing [org.apdplat.superword.tools.PdfParser] At PdfParser.java:[lines 618-625] SF_SWITCH_NO_DEFAULT
[ERROR] Low: Use of non-localized String.toUpperCase() or String.toLowerCase() in org.apdplat.superword.tools.PrefixSuffixOptimizer.replace(Element) [org.apdplat.superword.tools.PrefixSuffixOptimizer] At PrefixSuffixOptimizer.java:[line 95] DM_CONVERT_CASE
[ERROR] High: Found reliance on default encoding in org.apdplat.superword.tools.ProxyIp.verify(String, int): new java.io.InputStreamReader(InputStream) [org.apdplat.superword.tools.ProxyIp] At ProxyIp.java:[line 290] DM_DEFAULT_ENCODING
[ERROR] Low: org.apdplat.superword.tools.ProxyIp.lambda$getProxyIpFour$6(List, Element) invokes toString() method on a String [org.apdplat.superword.tools.ProxyIp] At ProxyIp.java:[line 483] DM_STRING_TOSTRING
[ERROR] Low: org.apdplat.superword.tools.ProxyIp.lambda$getProxyIpThree$5(List, Element) invokes toString() method on a String [org.apdplat.superword.tools.ProxyIp] At ProxyIp.java:[line 424] DM_STRING_TOSTRING
[ERROR] Medium: Naked notify in org.apdplat.superword.tools.ProxyIp.toNewIp() [org.apdplat.superword.tools.ProxyIp] At ProxyIp.java:[line 250] NN_NAKED_NOTIFY
[ERROR] Medium: Possible null pointer dereference in org.apdplat.superword.tools.ProxyIp.<static initializer for ProxyIp>() due to return value of called method [org.apdplat.superword.tools.ProxyIp, org.apdplat.superword.tools.ProxyIp] Method invoked at ProxyIp.java:[line 92]Known null at ProxyIp.java:[line 92] NP_NULL_ON_SOME_PATH_FROM_RETURN_VALUE
[ERROR] Medium: Possible null pointer dereference in org.apdplat.superword.tools.ProxyIp.<static initializer for ProxyIp>() due to return value of called method [org.apdplat.superword.tools.ProxyIp, org.apdplat.superword.tools.ProxyIp] Dereferenced at ProxyIp.java:[line 93]Known null at ProxyIp.java:[line 93] NP_NULL_ON_SOME_PATH_FROM_RETURN_VALUE
[ERROR] Medium: org.apdplat.superword.tools.ProxyIp.verify(String, int) may fail to close stream [org.apdplat.superword.tools.ProxyIp] At ProxyIp.java:[line 290] OS_OPEN_STREAM
[ERROR] Low: Exception is caught when Exception is not thrown in org.apdplat.superword.tools.ProxyIp.getProxyIp(String, String) [org.apdplat.superword.tools.ProxyIp] At ProxyIp.java:[line 393] REC_CATCH_EXCEPTION
[ERROR] Low: Exception is caught when Exception is not thrown in org.apdplat.superword.tools.ProxyIp.getProxyIpFour(int) [org.apdplat.superword.tools.ProxyIp] At ProxyIp.java:[line 511] REC_CATCH_EXCEPTION
[ERROR] Low: Exception is caught when Exception is not thrown in org.apdplat.superword.tools.ProxyIp.getProxyIpThree(int) [org.apdplat.superword.tools.ProxyIp] At ProxyIp.java:[line 452] REC_CATCH_EXCEPTION
[ERROR] Low: Exception is caught when Exception is not thrown in org.apdplat.superword.tools.ProxyIp.lambda$getProxyIpFour$6(List, Element) [org.apdplat.superword.tools.ProxyIp, org.apdplat.superword.tools.ProxyIp] At ProxyIp.java:[line 494]Another occurrence at ProxyIp.java:[line 507] REC_CATCH_EXCEPTION
[ERROR] Low: Exception is caught when Exception is not thrown in org.apdplat.superword.tools.ProxyIp.lambda$getProxyIpThree$5(List, Element) [org.apdplat.superword.tools.ProxyIp, org.apdplat.superword.tools.ProxyIp] At ProxyIp.java:[line 435]Another occurrence at ProxyIp.java:[line 448] REC_CATCH_EXCEPTION
[ERROR] Low: Exception is caught when Exception is not thrown in org.apdplat.superword.tools.ProxyIp.save() [org.apdplat.superword.tools.ProxyIp] At ProxyIp.java:[line 178] REC_CATCH_EXCEPTION
[ERROR] Low: Exception is caught when Exception is not thrown in org.apdplat.superword.tools.ProxyIp.verify(String, int) [org.apdplat.superword.tools.ProxyIp] At ProxyIp.java:[line 301] REC_CATCH_EXCEPTION
[ERROR] Medium: Exceptional return value of java.io.File.createNewFile() ignored in org.apdplat.superword.tools.ProxyIp.<static initializer for ProxyIp>() [org.apdplat.superword.tools.ProxyIp, org.apdplat.superword.tools.ProxyIp, org.apdplat.superword.tools.ProxyIp, org.apdplat.superword.tools.ProxyIp] At ProxyIp.java:[line 96]Another occurrence at ProxyIp.java:[line 99]Another occurrence at ProxyIp.java:[line 102]Another occurrence at ProxyIp.java:[line 105] RV_RETURN_VALUE_IGNORED_BAD_PRACTICE
[ERROR] Medium: Exceptional return value of java.io.File.mkdirs() ignored in org.apdplat.superword.tools.ProxyIp.<static initializer for ProxyIp>() [org.apdplat.superword.tools.ProxyIp] At ProxyIp.java:[line 93] RV_RETURN_VALUE_IGNORED_BAD_PRACTICE
[ERROR] Medium: Wait not in loop in org.apdplat.superword.tools.ProxyIp.toNewIp() [org.apdplat.superword.tools.ProxyIp] At ProxyIp.java:[line 214] WA_NOT_IN_LOOP
[ERROR] High: Found reliance on default encoding in org.apdplat.superword.tools.SentenceScorer.score(String, int): new java.io.InputStreamReader(InputStream) [org.apdplat.superword.tools.SentenceScorer] At SentenceScorer.java:[line 58] DM_DEFAULT_ENCODING
[ERROR] High: Found reliance on default encoding in org.apdplat.superword.tools.SentenceScorer.toTextFile(TreeMap, String): new java.io.OutputStreamWriter(OutputStream) [org.apdplat.superword.tools.SentenceScorer] At SentenceScorer.java:[line 103] DM_DEFAULT_ENCODING
[ERROR] High: Dead store to i in org.apdplat.superword.tools.Summary.preciousWords(String, Set) [org.apdplat.superword.tools.Summary] At Summary.java:[line 83] DLS_DEAD_LOCAL_STORE
[ERROR] Low: Use of non-localized String.toUpperCase() or String.toLowerCase() in org.apdplat.superword.tools.Summary.lambda$preciousWords$1(Set, Map, Map, String) [org.apdplat.superword.tools.Summary] At Summary.java:[line 78] DM_CONVERT_CASE
[ERROR] Low: Use of non-localized String.toUpperCase() or String.toLowerCase() in org.apdplat.superword.tools.TextAnalyzer.lambda$seg$3(String) [org.apdplat.superword.tools.TextAnalyzer] At TextAnalyzer.java:[line 145] DM_CONVERT_CASE
[ERROR] Low: Use of non-localized String.toUpperCase() or String.toLowerCase() in org.apdplat.superword.tools.TextAnalyzer.seg(String) [org.apdplat.superword.tools.TextAnalyzer] At TextAnalyzer.java:[line 130] DM_CONVERT_CASE
[ERROR] High: Found reliance on default encoding in org.apdplat.superword.tools.TextAnalyzer.frequency(InputStream): new java.io.InputStreamReader(InputStream) [org.apdplat.superword.tools.TextAnalyzer] At TextAnalyzer.java:[line 81] DM_DEFAULT_ENCODING
[ERROR] High: Found reliance on default encoding in org.apdplat.superword.tools.TextAnalyzer.sentence(String, int, boolean): new java.io.InputStreamReader(InputStream) [org.apdplat.superword.tools.TextAnalyzer] At TextAnalyzer.java:[line 293] DM_DEFAULT_ENCODING
[ERROR] Medium: Hard coded reference to an absolute pathname in org.apdplat.superword.tools.WordClassifier.main(String[]) [org.apdplat.superword.tools.WordClassifier] At WordClassifier.java:[line 312] DMI_HARDCODED_ABSOLUTE_FILENAME
[ERROR] High: Found reliance on default encoding in org.apdplat.superword.tools.WordClassifier.parseFile(String): new java.io.InputStreamReader(InputStream) [org.apdplat.superword.tools.WordClassifier] At WordClassifier.java:[line 156] DM_DEFAULT_ENCODING
[ERROR] Low: Redundant nullcheck of attr, which is known to be non-null in org.apdplat.superword.tools.WordClassifier.lambda$save$2(Set, String) [org.apdplat.superword.tools.WordClassifier] Redundant null check at WordClassifier.java:[line 200] RCN_REDUNDANT_NULLCHECK_OF_NONNULL_VALUE
[ERROR] Low: Redundant nullcheck of attr, which is known to be non-null in org.apdplat.superword.tools.WordClassifier.parse(String, Map) [org.apdplat.superword.tools.WordClassifier] Redundant null check at WordClassifier.java:[line 173] RCN_REDUNDANT_NULLCHECK_OF_NONNULL_VALUE
[ERROR] Low: Redundant nullcheck of fs, which is known to be non-null in org.apdplat.superword.tools.WordClassifier.parseZip(String) [org.apdplat.superword.tools.WordClassifier] Redundant null check at WordClassifier.java:[line 132] RCN_REDUNDANT_NULLCHECK_OF_NONNULL_VALUE
[ERROR] Low: Exception is caught when Exception is not thrown in org.apdplat.superword.tools.WordClassifier.parseZip(String) [org.apdplat.superword.tools.WordClassifier] At WordClassifier.java:[line 149] REC_CATCH_EXCEPTION
[ERROR] Medium: Hard coded reference to an absolute pathname in org.apdplat.superword.tools.WordClassifierForOxford.main(String[]) [org.apdplat.superword.tools.WordClassifierForOxford] At WordClassifierForOxford.java:[line 247] DMI_HARDCODED_ABSOLUTE_FILENAME
[ERROR] High: Found reliance on default encoding in org.apdplat.superword.tools.WordClassifierForOxford.parseFile(String): new java.io.InputStreamReader(InputStream) [org.apdplat.superword.tools.WordClassifierForOxford] At WordClassifierForOxford.java:[line 144] DM_DEFAULT_ENCODING
[ERROR] Low: Redundant nullcheck of attr, which is known to be non-null in org.apdplat.superword.tools.WordClassifierForOxford.parseHtml(String) [org.apdplat.superword.tools.WordClassifierForOxford] Redundant null check at WordClassifierForOxford.java:[line 159] RCN_REDUNDANT_NULLCHECK_OF_NONNULL_VALUE
[ERROR] Low: Redundant nullcheck of fs, which is known to be non-null in org.apdplat.superword.tools.WordClassifierForOxford.parseZip(String) [org.apdplat.superword.tools.WordClassifierForOxford] Redundant null check at WordClassifierForOxford.java:[line 120] RCN_REDUNDANT_NULLCHECK_OF_NONNULL_VALUE
[ERROR] Low: Exception is caught when Exception is not thrown in org.apdplat.superword.tools.WordClassifierForOxford.parseZip(String) [org.apdplat.superword.tools.WordClassifierForOxford] At WordClassifierForOxford.java:[line 137] REC_CATCH_EXCEPTION
[ERROR] Medium: Hard coded reference to an absolute pathname in org.apdplat.superword.tools.WordClassifierForWebster.main(String[]) [org.apdplat.superword.tools.WordClassifierForWebster] At WordClassifierForWebster.java:[line 249] DMI_HARDCODED_ABSOLUTE_FILENAME
[ERROR] High: Found reliance on default encoding in org.apdplat.superword.tools.WordClassifierForWebster.parseFile(String): new java.io.InputStreamReader(InputStream) [org.apdplat.superword.tools.WordClassifierForWebster] At WordClassifierForWebster.java:[line 143] DM_DEFAULT_ENCODING
[ERROR] Low: Redundant nullcheck of attr, which is known to be non-null in org.apdplat.superword.tools.WordClassifierForWebster.parseHtml(String) [org.apdplat.superword.tools.WordClassifierForWebster] Redundant null check at WordClassifierForWebster.java:[line 158] RCN_REDUNDANT_NULLCHECK_OF_NONNULL_VALUE
[ERROR] Low: Redundant nullcheck of fs, which is known to be non-null in org.apdplat.superword.tools.WordClassifierForWebster.parseZip(String) [org.apdplat.superword.tools.WordClassifierForWebster] Redundant null check at WordClassifierForWebster.java:[line 119] RCN_REDUNDANT_NULLCHECK_OF_NONNULL_VALUE
[ERROR] Low: Exception is caught when Exception is not thrown in org.apdplat.superword.tools.WordClassifierForWebster.parseZip(String) [org.apdplat.superword.tools.WordClassifierForWebster] At WordClassifierForWebster.java:[line 136] REC_CATCH_EXCEPTION
[ERROR] Medium: Hard coded reference to an absolute pathname in org.apdplat.superword.tools.WordClassifierForYouDao.main(String[]) [org.apdplat.superword.tools.WordClassifierForYouDao] At WordClassifierForYouDao.java:[line 313] DMI_HARDCODED_ABSOLUTE_FILENAME
[ERROR] High: Found reliance on default encoding in org.apdplat.superword.tools.WordClassifierForYouDao.parseFile(String): new java.io.InputStreamReader(InputStream) [org.apdplat.superword.tools.WordClassifierForYouDao] At WordClassifierForYouDao.java:[line 155] DM_DEFAULT_ENCODING
[ERROR] Low: Redundant nullcheck of attr, which is known to be non-null in org.apdplat.superword.tools.WordClassifierForYouDao.lambda$save$2(Set, String) [org.apdplat.superword.tools.WordClassifierForYouDao] Redundant null check at WordClassifierForYouDao.java:[line 199] RCN_REDUNDANT_NULLCHECK_OF_NONNULL_VALUE
[ERROR] Low: Redundant nullcheck of attr, which is known to be non-null in org.apdplat.superword.tools.WordClassifierForYouDao.parse(String, Map) [org.apdplat.superword.tools.WordClassifierForYouDao] Redundant null check at WordClassifierForYouDao.java:[line 172] RCN_REDUNDANT_NULLCHECK_OF_NONNULL_VALUE
[ERROR] Low: Redundant nullcheck of fs, which is known to be non-null in org.apdplat.superword.tools.WordClassifierForYouDao.parseZip(String) [org.apdplat.superword.tools.WordClassifierForYouDao] Redundant null check at WordClassifierForYouDao.java:[line 131] RCN_REDUNDANT_NULLCHECK_OF_NONNULL_VALUE
[ERROR] Low: Exception is caught when Exception is not thrown in org.apdplat.superword.tools.WordClassifierForYouDao.parseZip(String) [org.apdplat.superword.tools.WordClassifierForYouDao] At WordClassifierForYouDao.java:[line 148] REC_CATCH_EXCEPTION
[ERROR] Medium: org.apdplat.superword.tools.WordLinker.jsDefinition isn't final and can't be protected from malicious code [org.apdplat.superword.tools.WordLinker] At WordLinker.java:[line 54] MS_CANNOT_BE_FINAL
[ERROR] Medium: org.apdplat.superword.tools.WordLinker.serverRedirect isn't final and can't be protected from malicious code [org.apdplat.superword.tools.WordLinker] At WordLinker.java:[line 53] MS_CANNOT_BE_FINAL
[ERROR] Low: Use of non-localized String.toUpperCase() or String.toLowerCase() in org.apdplat.superword.tools.WordSources.isEnglish(String) [org.apdplat.superword.tools.WordSources] At WordSources.java:[line 159] DM_CONVERT_CASE
[ERROR] Low: Exception is caught when Exception is not thrown in org.apdplat.superword.tools.WordSources.getExistWords(URL) [org.apdplat.superword.tools.WordSources] At WordSources.java:[line 256] REC_CATCH_EXCEPTION
[INFO] 


To see bug detail using the Spotbugs GUI, use the following command "mvn spotbugs:gui"



[INFO] ------------------------------------------------------------------------
[INFO] BUILD FAILURE
[INFO] ------------------------------------------------------------------------
[INFO] Total time:  11.322 s
[INFO] Finished at: 2021-04-08T23:19:13+08:00
[INFO] ------------------------------------------------------------------------
[ERROR] Failed to execute goal com.github.spotbugs:spotbugs-maven-plugin:4.2.3-SNAPSHOT:check (default-cli) on project superword: failed with 230 bugs and 0 errors -> [Help 1]
[ERROR] 
[ERROR] To see the full stack trace of the errors, re-run Maven with the -e switch.
[ERROR] Re-run Maven using the -X switch to enable full debug logging.
[ERROR] 
[ERROR] For more information about the errors and possible solutions, please read the following articles:
[ERROR] [Help 1] http://cwiki.apache.org/confluence/display/MAVEN/MojoExecutionException
[INFO] Build failures were ignored.
