WARNING: An illegal reflective access operation has occurred
WARNING: Illegal reflective access by com.google.inject.internal.cglib.core.$ReflectUtils$1 (file:/usr/share/maven/lib/guice.jar) to method java.lang.ClassLoader.defineClass(java.lang.String,byte[],int,int,java.security.ProtectionDomain)
WARNING: Please consider reporting this to the maintainers of com.google.inject.internal.cglib.core.$ReflectUtils$1
WARNING: Use --illegal-access=warn to enable warnings of further illegal reflective access operations
WARNING: All illegal access operations will be denied in a future release
[INFO] Scanning for projects...
[INFO] 
[INFO] --------------< io.github.mariazevedo88:travels-java-api >--------------
[INFO] Building travels-java-api 5.0.1-SNAPSHOT
[INFO] --------------------------------[ jar ]---------------------------------
[INFO] 
[INFO] >>> spotbugs-maven-plugin:4.2.3-SNAPSHOT:check (default-cli) > :spotbugs @ travels-java-api >>>
[INFO] 
[INFO] --- spotbugs-maven-plugin:4.2.3-SNAPSHOT:spotbugs (spotbugs) @ travels-java-api ---
[INFO] Fork Value is true
[INFO] Done SpotBugs Analysis....
[INFO] 
[INFO] <<< spotbugs-maven-plugin:4.2.3-SNAPSHOT:check (default-cli) < :spotbugs @ travels-java-api <<<
[INFO] 
[INFO] 
[INFO] --- spotbugs-maven-plugin:4.2.3-SNAPSHOT:check (default-cli) @ travels-java-api ---
[INFO] BugInstance size is 3
[INFO] Error size is 0
[INFO] Total bugs: 3
[ERROR] Medium: Possible null pointer dereference of accountFound in io.github.mariazevedo88.travelsjavaapi.controller.v1.account.AccountController.findById(String, String, Long) [io.github.mariazevedo88.travelsjavaapi.controller.v1.account.AccountController, io.github.mariazevedo88.travelsjavaapi.controller.v1.account.AccountController, io.github.mariazevedo88.travelsjavaapi.controller.v1.account.AccountController] Dereferenced at AccountController.java:[line 191]Null value at AccountController.java:[line 186]Known null at AccountController.java:[line 187] NP_NULL_ON_SOME_PATH
[ERROR] Low: Unchecked/unconfirmed cast from io.github.bucket4j.AbstractBucketBuilder to io.github.bucket4j.local.LocalBucketBuilder of return value in io.github.mariazevedo88.travelsjavaapi.service.ratelimiting.impl.APIUsagePlansServiceImpl.bucket(Bandwidth) [io.github.mariazevedo88.travelsjavaapi.service.ratelimiting.impl.APIUsagePlansServiceImpl] At APIUsagePlansServiceImpl.java:[line 47] BC_UNCONFIRMED_CAST_OF_RETURN_VALUE
[ERROR] Low: The class io.github.mariazevedo88.travelsjavaapi.util.config.CacheConfiguration$1 could be refactored into a named _static_ inner class [io.github.mariazevedo88.travelsjavaapi.util.config.CacheConfiguration] At CacheConfiguration.java:[line 29] SIC_INNER_SHOULD_BE_STATIC_ANON
[INFO] 


To see bug detail using the Spotbugs GUI, use the following command "mvn spotbugs:gui"



[INFO] ------------------------------------------------------------------------
[INFO] BUILD FAILURE
[INFO] ------------------------------------------------------------------------
[INFO] Total time:  9.492 s
[INFO] Finished at: 2021-04-08T23:06:01+08:00
[INFO] ------------------------------------------------------------------------
[ERROR] Failed to execute goal com.github.spotbugs:spotbugs-maven-plugin:4.2.3-SNAPSHOT:check (default-cli) on project travels-java-api: failed with 3 bugs and 0 errors -> [Help 1]
[ERROR] 
[ERROR] To see the full stack trace of the errors, re-run Maven with the -e switch.
[ERROR] Re-run Maven using the -X switch to enable full debug logging.
[ERROR] 
[ERROR] For more information about the errors and possible solutions, please read the following articles:
[ERROR] [Help 1] http://cwiki.apache.org/confluence/display/MAVEN/MojoExecutionException
[INFO] Build failures were ignored.
