WARNING: An illegal reflective access operation has occurred
WARNING: Illegal reflective access by com.google.inject.internal.cglib.core.$ReflectUtils$1 (file:/usr/share/maven/lib/guice.jar) to method java.lang.ClassLoader.defineClass(java.lang.String,byte[],int,int,java.security.ProtectionDomain)
WARNING: Please consider reporting this to the maintainers of com.google.inject.internal.cglib.core.$ReflectUtils$1
WARNING: Use --illegal-access=warn to enable warnings of further illegal reflective access operations
WARNING: All illegal access operations will be denied in a future release
[INFO] Scanning for projects...
[INFO] Inspecting build with total of 1 modules...
[INFO] Installing Nexus Staging features:
[INFO]   ... total of 1 executions of maven-deploy-plugin replaced with nexus-staging-maven-plugin
[INFO] 
[INFO] --------------------< de.struller-baumann:visualee >--------------------
[INFO] Building visualee 0.29-SNAPSHOT
[INFO] ----------------------------[ maven-plugin ]----------------------------
[INFO] 
[INFO] >>> spotbugs-maven-plugin:4.2.3-SNAPSHOT:check (default-cli) > :spotbugs @ visualee >>>
[INFO] 
[INFO] --- spotbugs-maven-plugin:4.2.3-SNAPSHOT:spotbugs (spotbugs) @ visualee ---
[INFO] Fork Value is true
[INFO] Done SpotBugs Analysis....
[INFO] 
[INFO] <<< spotbugs-maven-plugin:4.2.3-SNAPSHOT:check (default-cli) < :spotbugs @ visualee <<<
[INFO] 
[INFO] 
[INFO] --- spotbugs-maven-plugin:4.2.3-SNAPSHOT:check (default-cli) @ visualee ---
[INFO] BugInstance size is 24
[INFO] Error size is 0
[INFO] Total bugs: 24
[ERROR] Low: Redundant nullcheck of scanner, which is known to be non-null in de.strullerbaumann.visualee.examiner.Examiner.examine(JavaSource) [de.strullerbaumann.visualee.examiner.Examiner] Redundant null check at Examiner.java:[line 61] RCN_REDUNDANT_NULLCHECK_OF_NONNULL_VALUE
[ERROR] Medium: Switch statement found in de.strullerbaumann.visualee.examiner.Examiner.cleanPrimitives(String) where default case is missing [de.strullerbaumann.visualee.examiner.Examiner] At Examiner.java:[lines 187-210] SF_SWITCH_NO_DEFAULT
[ERROR] Low: Use of non-localized String.toUpperCase() or String.toLowerCase() in de.strullerbaumann.visualee.filter.entity.ClassFilter.isOk(JavaSource) [de.strullerbaumann.visualee.filter.entity.ClassFilter] At ClassFilter.java:[line 47] DM_CONVERT_CASE
[ERROR] Low: Use of non-localized String.toUpperCase() or String.toLowerCase() in de.strullerbaumann.visualee.filter.entity.PackageFilter.isOk(JavaSource) [de.strullerbaumann.visualee.filter.entity.PackageFilter] At PackageFilter.java:[line 53] DM_CONVERT_CASE
[ERROR] Low: Use of non-localized String.toUpperCase() or String.toLowerCase() in de.strullerbaumann.visualee.filter.entity.SourcecodeFilter.isOk(JavaSource) [de.strullerbaumann.visualee.filter.entity.SourcecodeFilter] At SourcecodeFilter.java:[line 48] DM_CONVERT_CASE
[ERROR] High: Write to static field de.strullerbaumann.visualee.logging.LogProvider.log from instance method de.strullerbaumann.visualee.logging.LogProvider.setLog(Log) [de.strullerbaumann.visualee.logging.LogProvider] At LogProvider.java:[line 48] ST_WRITE_TO_STATIC_FROM_INSTANCE_METHOD
[ERROR] Medium: Exceptional return value of java.io.File.mkdirs() ignored in de.strullerbaumann.visualee.maven.VisualEEMojo.checkCreateDirs(File) [de.strullerbaumann.visualee.maven.VisualEEMojo] At VisualEEMojo.java:[line 166] RV_RETURN_VALUE_IGNORED_BAD_PRACTICE
[ERROR] Medium: Exceptional return value of java.io.File.mkdir() ignored in de.strullerbaumann.visualee.resources.FileManager.export(String, String, File) [de.strullerbaumann.visualee.resources.FileManager, de.strullerbaumann.visualee.resources.FileManager] At FileManager.java:[line 81]Another occurrence at FileManager.java:[line 85] RV_RETURN_VALUE_IGNORED_BAD_PRACTICE
[ERROR] Low: Use of non-localized String.toUpperCase() or String.toLowerCase() in de.strullerbaumann.visualee.resources.FileManager$1.visitFile(Path, BasicFileAttributes) [de.strullerbaumann.visualee.resources.FileManager$1] At FileManager.java:[line 60] DM_CONVERT_CASE
[ERROR] Medium: Possible null pointer dereference in de.strullerbaumann.visualee.resources.FileManager$1.visitFile(Path, BasicFileAttributes) due to return value of called method [de.strullerbaumann.visualee.resources.FileManager$1, de.strullerbaumann.visualee.resources.FileManager$1] Dereferenced at FileManager.java:[line 60]Known null at FileManager.java:[line 60] NP_NULL_ON_SOME_PATH_FROM_RETURN_VALUE
[ERROR] Medium: Possible null pointer dereference in new de.strullerbaumann.visualee.source.entity.JavaSource(Path) due to return value of called method [de.strullerbaumann.visualee.source.entity.JavaSource, de.strullerbaumann.visualee.source.entity.JavaSource] Dereferenced at JavaSource.java:[line 52]Known null at JavaSource.java:[line 52] NP_NULL_ON_SOME_PATH_FROM_RETURN_VALUE
[ERROR] High: Found reliance on default encoding in de.strullerbaumann.visualee.ui.graph.boundary.GraphCreator.generateGraph(String, String, DependencyFilter, File): new java.io.PrintStream(File) [de.strullerbaumann.visualee.ui.graph.boundary.GraphCreator] At GraphCreator.java:[line 185] DM_DEFAULT_ENCODING
[ERROR] Medium: Exceptional return value of java.io.File.mkdir() ignored in de.strullerbaumann.visualee.ui.graph.boundary.GraphCreator.generateGraphs(File, File, String) [de.strullerbaumann.visualee.ui.graph.boundary.GraphCreator] At GraphCreator.java:[line 195] RV_RETURN_VALUE_IGNORED_BAD_PRACTICE
[ERROR] Medium: de.strullerbaumann.visualee.ui.graph.boundary.GraphCreator.generateGraphs(File, File, String) makes inefficient use of keySet iterator instead of entrySet iterator [de.strullerbaumann.visualee.ui.graph.boundary.GraphCreator] At GraphCreator.java:[line 203] WMI_WRONG_MAP_ITERATOR
[ERROR] Medium: de.strullerbaumann.visualee.ui.graph.control.Description.generateDescription(JavaSource) makes inefficient use of keySet iterator instead of entrySet iterator [de.strullerbaumann.visualee.ui.graph.control.Description] At Description.java:[line 105] WMI_WRONG_MAP_ITERATOR
[ERROR] High: Found reliance on default encoding in de.strullerbaumann.visualee.ui.graph.control.HTMLManager.generateHTML(Graph, String): new java.io.PrintStream(File) [de.strullerbaumann.visualee.ui.graph.control.HTMLManager] At HTMLManager.java:[line 105] DM_DEFAULT_ENCODING
[ERROR] High: Found reliance on default encoding in de.strullerbaumann.visualee.ui.graph.control.HTMLManager.generateIndexHTML(File, String, String): new java.io.PrintStream(File) [de.strullerbaumann.visualee.ui.graph.control.HTMLManager] At HTMLManager.java:[line 86] DM_DEFAULT_ENCODING
[ERROR] High: Found reliance on default encoding in de.strullerbaumann.visualee.ui.graph.control.HTMLManager.loadHTMLTemplate(String): new java.io.InputStreamReader(InputStream) [de.strullerbaumann.visualee.ui.graph.control.HTMLManager] At HTMLManager.java:[line 49] DM_DEFAULT_ENCODING
[ERROR] Low: Confusing to have methods de.strullerbaumann.visualee.ui.graph.entity.Graph.getGraphHeight() and de.strullerbaumann.visualee.ui.graph.entity.GraphConfig.getGraphheight() [de.strullerbaumann.visualee.ui.graph.entity.Graph] At Graph.java:[line 79] NM_CONFUSING
[ERROR] Low: Confusing to have methods de.strullerbaumann.visualee.ui.graph.entity.Graph.getGraphHeightString() and de.strullerbaumann.visualee.ui.graph.entity.GraphConfig.getGraphheightString() [de.strullerbaumann.visualee.ui.graph.entity.Graph] At Graph.java:[line 83] NM_CONFUSING
[ERROR] Low: Confusing to have methods de.strullerbaumann.visualee.ui.graph.entity.Graph.getGraphWidth() and de.strullerbaumann.visualee.ui.graph.entity.GraphConfig.getGraphwidth() [de.strullerbaumann.visualee.ui.graph.entity.Graph] At Graph.java:[line 67] NM_CONFUSING
[ERROR] Low: Confusing to have methods de.strullerbaumann.visualee.ui.graph.entity.Graph.getGraphWidthString() and de.strullerbaumann.visualee.ui.graph.entity.GraphConfig.getGraphwidthString() [de.strullerbaumann.visualee.ui.graph.entity.Graph] At Graph.java:[line 71] NM_CONFUSING
[ERROR] Low: Confusing to have methods de.strullerbaumann.visualee.ui.graph.entity.Graph.setGraphHeight(int) and de.strullerbaumann.visualee.ui.graph.entity.GraphConfig.setGraphheight(int) [de.strullerbaumann.visualee.ui.graph.entity.Graph] At Graph.java:[lines 87-88] NM_CONFUSING
[ERROR] Low: Confusing to have methods de.strullerbaumann.visualee.ui.graph.entity.Graph.setGraphWidth(int) and de.strullerbaumann.visualee.ui.graph.entity.GraphConfig.setGraphwidth(int) [de.strullerbaumann.visualee.ui.graph.entity.Graph] At Graph.java:[lines 75-76] NM_CONFUSING
[INFO] 


To see bug detail using the Spotbugs GUI, use the following command "mvn spotbugs:gui"



[INFO] ------------------------------------------------------------------------
[INFO] BUILD FAILURE
[INFO] ------------------------------------------------------------------------
[INFO] Total time:  6.059 s
[INFO] Finished at: 2021-04-08T23:06:30+08:00
[INFO] ------------------------------------------------------------------------
[ERROR] Failed to execute goal com.github.spotbugs:spotbugs-maven-plugin:4.2.3-SNAPSHOT:check (default-cli) on project visualee: failed with 24 bugs and 0 errors -> [Help 1]
[ERROR] 
[ERROR] To see the full stack trace of the errors, re-run Maven with the -e switch.
[ERROR] Re-run Maven using the -X switch to enable full debug logging.
[ERROR] 
[ERROR] For more information about the errors and possible solutions, please read the following articles:
[ERROR] [Help 1] http://cwiki.apache.org/confluence/display/MAVEN/MojoExecutionException
[INFO] Build failures were ignored.
